nohup: ignoring input
2024-06-02-12:05:12
åˆ›å»ºæ¨¡å‹å®ä¾‹
æ¨¡å‹å®ä¾‹åˆ›å»ºå®Œæˆ
Epoch [1/100], Loss: 87.7577
train_Accuracy: [91m0.6214[0m
train_Precision: [4;34m0.6094[0m,               train_Recall: [4;33m0.5937[0m,                 train_F1 Score: [4;35m0.5781[0m
æ ‡ç­¾é‡Œ1çš„ä¸ªæ•°:  2150
æ ‡ç­¾é‡Œ0çš„ä¸ªæ•°:  2150
æ€»æ•°:  4300
æ­£ç¡®çš„ä¸ªæ•°:  2672
æœ€åä¸€ä¸ªæ‰¹æ¬¡çš„è¾“å‡º, ä¸æ»¡batchsizeæ˜¯æ­£å¸¸çš„:
 tensor([[0.8322],
        [0.8584],
        [0.5675],
        [0.8255],
        [0.1585],
        [0.8440],
        [0.5282],
        [0.8367],
        [0.6832],
        [0.7769],
        [0.3839],
        [0.2718]], device='cuda:0', grad_fn=<SigmoidBackward0>)
Epoch [1/100], Loss: 16.5108
val_Accuracy: [92m0.6884[0m
val_Precision: [4;34m0.7992[0m,               val_Recall: [4;33m0.5093[0m,                 val_F1 Score: [4;35m0.6103[0m
æ ‡ç­¾é‡Œ1çš„ä¸ªæ•°:  430
æ ‡ç­¾é‡Œ0çš„ä¸ªæ•°:  430
æ€»æ•°:  860
æ­£ç¡®çš„ä¸ªæ•°:  592
Epoch [2/100], Loss: 78.7947
train_Accuracy: [91m0.7009[0m
train_Precision: [4;34m0.7400[0m,               train_Recall: [4;33m0.6392[0m,                 train_F1 Score: [4;35m0.6749[0m
æ ‡ç­¾é‡Œ1çš„ä¸ªæ•°:  2150
æ ‡ç­¾é‡Œ0çš„ä¸ªæ•°:  2150
æ€»æ•°:  4300
æ­£ç¡®çš„ä¸ªæ•°:  3014
æœ€åä¸€ä¸ªæ‰¹æ¬¡çš„è¾“å‡º, ä¸æ»¡batchsizeæ˜¯æ­£å¸¸çš„:
 tensor([[0.9538],
        [0.2733],
        [0.7659],
        [0.6629],
        [0.4971],
        [0.8473],
        [0.1895],
        [0.9293],
        [0.8303],
        [0.6237],
        [0.4343],
        [0.2686]], device='cuda:0', grad_fn=<SigmoidBackward0>)
Epoch [2/100], Loss: 16.1752
val_Accuracy: [92m0.6977[0m
val_Precision: [4;34m0.7276[0m,               val_Recall: [4;33m0.6425[0m,                 val_F1 Score: [4;35m0.6749[0m
æ ‡ç­¾é‡Œ1çš„ä¸ªæ•°:  430
æ ‡ç­¾é‡Œ0çš„ä¸ªæ•°:  430
æ€»æ•°:  860
æ­£ç¡®çš„ä¸ªæ•°:  600
Epoch [3/100], Loss: 77.1376
train_Accuracy: [91m0.7095[0m
train_Precision: [4;34m0.7465[0m,               train_Recall: [4;33m0.6454[0m,                 train_F1 Score: [4;35m0.6843[0m
æ ‡ç­¾é‡Œ1çš„ä¸ªæ•°:  2150
æ ‡ç­¾é‡Œ0çš„ä¸ªæ•°:  2150
æ€»æ•°:  4300
æ­£ç¡®çš„ä¸ªæ•°:  3051
æœ€åä¸€ä¸ªæ‰¹æ¬¡çš„è¾“å‡º, ä¸æ»¡batchsizeæ˜¯æ­£å¸¸çš„:
 tensor([[0.5597],
        [0.1360],
        [0.2638],
        [0.3695],
        [0.7941],
        [0.2639],
        [0.4743],
        [0.9034],
        [0.4235],
        [0.8071],
        [0.6258],
        [0.9616]], device='cuda:0', grad_fn=<SigmoidBackward0>)
Epoch [3/100], Loss: 16.1402
val_Accuracy: [92m0.6837[0m
val_Precision: [4;34m0.7004[0m,               val_Recall: [4;33m0.6610[0m,                 val_F1 Score: [4;35m0.6739[0m
æ ‡ç­¾é‡Œ1çš„ä¸ªæ•°:  430
æ ‡ç­¾é‡Œ0çš„ä¸ªæ•°:  430
æ€»æ•°:  860
æ­£ç¡®çš„ä¸ªæ•°:  588
Epoch [4/100], Loss: 76.6252
train_Accuracy: [91m0.7170[0m
train_Precision: [4;34m0.7567[0m,               train_Recall: [4;33m0.6614[0m,                 train_F1 Score: [4;35m0.6947[0m
æ ‡ç­¾é‡Œ1çš„ä¸ªæ•°:  2150
æ ‡ç­¾é‡Œ0çš„ä¸ªæ•°:  2150
æ€»æ•°:  4300
æ­£ç¡®çš„ä¸ªæ•°:  3083
æœ€åä¸€ä¸ªæ‰¹æ¬¡çš„è¾“å‡º, ä¸æ»¡batchsizeæ˜¯æ­£å¸¸çš„:
 tensor([[0.5581],
        [0.8679],
        [0.5532],
        [0.3493],
        [0.4940],
        [0.9696],
        [0.8043],
        [0.3503],
        [0.9043],
        [0.1444],
        [0.4332],
        [0.4366]], device='cuda:0', grad_fn=<SigmoidBackward0>)
Epoch [4/100], Loss: 16.1588
val_Accuracy: [92m0.6942[0m
val_Precision: [4;34m0.7135[0m,               val_Recall: [4;33m0.6700[0m,                 val_F1 Score: [4;35m0.6838[0m
æ ‡ç­¾é‡Œ1çš„ä¸ªæ•°:  430
æ ‡ç­¾é‡Œ0çš„ä¸ªæ•°:  430
æ€»æ•°:  860
æ­£ç¡®çš„ä¸ªæ•°:  597
Epoch [5/100], Loss: 74.5603
train_Accuracy: [91m0.7270[0m
train_Precision: [4;34m0.7630[0m,               train_Recall: [4;33m0.6756[0m,                 train_F1 Score: [4;35m0.7088[0m
æ ‡ç­¾é‡Œ1çš„ä¸ªæ•°:  2150
æ ‡ç­¾é‡Œ0çš„ä¸ªæ•°:  2150
æ€»æ•°:  4300
æ­£ç¡®çš„ä¸ªæ•°:  3126
æœ€åä¸€ä¸ªæ‰¹æ¬¡çš„è¾“å‡º, ä¸æ»¡batchsizeæ˜¯æ­£å¸¸çš„:
 tensor([[0.6388],
        [0.6844],
        [0.8361],
        [0.2544],
        [0.4238],
        [0.9852],
        [0.8907],
        [0.5906],
        [0.1561],
        [0.2918],
        [0.6434],
        [0.6240]], device='cuda:0', grad_fn=<SigmoidBackward0>)
Epoch [5/100], Loss: 16.1036
val_Accuracy: [92m0.6779[0m
val_Precision: [4;34m0.6932[0m,               val_Recall: [4;33m0.6561[0m,                 val_F1 Score: [4;35m0.6681[0m
æ ‡ç­¾é‡Œ1çš„ä¸ªæ•°:  430
æ ‡ç­¾é‡Œ0çš„ä¸ªæ•°:  430
æ€»æ•°:  860
æ­£ç¡®çš„ä¸ªæ•°:  583
Epoch [6/100], Loss: 75.0242
train_Accuracy: [91m0.7249[0m
train_Precision: [4;34m0.7623[0m,               train_Recall: [4;33m0.6668[0m,                 train_F1 Score: [4;35m0.7033[0m
æ ‡ç­¾é‡Œ1çš„ä¸ªæ•°:  2150
æ ‡ç­¾é‡Œ0çš„ä¸ªæ•°:  2150
æ€»æ•°:  4300
æ­£ç¡®çš„ä¸ªæ•°:  3117
æœ€åä¸€ä¸ªæ‰¹æ¬¡çš„è¾“å‡º, ä¸æ»¡batchsizeæ˜¯æ­£å¸¸çš„:
 tensor([[0.8883],
        [0.9156],
        [0.3454],
        [0.5908],
        [0.6831],
        [0.1078],
        [0.2002],
        [0.9601],
        [0.9642],
        [0.6701],
        [0.3611],
        [0.8170]], device='cuda:0', grad_fn=<SigmoidBackward0>)
Epoch [6/100], Loss: 16.1928
val_Accuracy: [92m0.6860[0m
val_Precision: [4;34m0.7023[0m,               val_Recall: [4;33m0.6706[0m,                 val_F1 Score: [4;35m0.6779[0m
æ ‡ç­¾é‡Œ1çš„ä¸ªæ•°:  430
æ ‡ç­¾é‡Œ0çš„ä¸ªæ•°:  430
æ€»æ•°:  860
æ­£ç¡®çš„ä¸ªæ•°:  590
Epoch [7/100], Loss: 74.2273
train_Accuracy: [91m0.7312[0m
train_Precision: [4;34m0.7664[0m,               train_Recall: [4;33m0.6849[0m,                 train_F1 Score: [4;35m0.7141[0m
æ ‡ç­¾é‡Œ1çš„ä¸ªæ•°:  2150
æ ‡ç­¾é‡Œ0çš„ä¸ªæ•°:  2150
æ€»æ•°:  4300
æ­£ç¡®çš„ä¸ªæ•°:  3144
æœ€åä¸€ä¸ªæ‰¹æ¬¡çš„è¾“å‡º, ä¸æ»¡batchsizeæ˜¯æ­£å¸¸çš„:
 tensor([[0.3310],
        [0.8271],
        [0.6637],
        [0.9502],
        [0.6094],
        [0.1799],
        [0.5968],
        [0.8631],
        [0.2033],
        [0.7848],
        [0.9789],
        [0.2714]], device='cuda:0', grad_fn=<SigmoidBackward0>)
Epoch [7/100], Loss: 16.2694
val_Accuracy: [92m0.6733[0m
val_Precision: [4;34m0.6786[0m,               val_Recall: [4;33m0.6815[0m,                 val_F1 Score: [4;35m0.6739[0m
æ ‡ç­¾é‡Œ1çš„ä¸ªæ•°:  430
æ ‡ç­¾é‡Œ0çš„ä¸ªæ•°:  430
æ€»æ•°:  860
æ­£ç¡®çš„ä¸ªæ•°:  579
Epoch [8/100], Loss: 73.5415
train_Accuracy: [91m0.7353[0m
train_Precision: [4;34m0.7737[0m,               train_Recall: [4;33m0.6821[0m,                 train_F1 Score: [4;35m0.7173[0m
æ ‡ç­¾é‡Œ1çš„ä¸ªæ•°:  2150
æ ‡ç­¾é‡Œ0çš„ä¸ªæ•°:  2150
æ€»æ•°:  4300
æ­£ç¡®çš„ä¸ªæ•°:  3162
æœ€åä¸€ä¸ªæ‰¹æ¬¡çš„è¾“å‡º, ä¸æ»¡batchsizeæ˜¯æ­£å¸¸çš„:
 tensor([[0.3973],
        [0.2713],
        [0.8604],
        [0.9609],
        [0.6310],
        [0.7095],
        [0.8798],
        [0.1108],
        [0.9381],
        [0.2396],
        [0.9352],
        [0.7224]], device='cuda:0', grad_fn=<SigmoidBackward0>)
Epoch [8/100], Loss: 16.4596
val_Accuracy: [92m0.6791[0m
val_Precision: [4;34m0.6728[0m,               val_Recall: [4;33m0.7146[0m,                 val_F1 Score: [4;35m0.6871[0m
æ ‡ç­¾é‡Œ1çš„ä¸ªæ•°:  430
æ ‡ç­¾é‡Œ0çš„ä¸ªæ•°:  430
æ€»æ•°:  860
æ­£ç¡®çš„ä¸ªæ•°:  584
Epoch [9/100], Loss: 73.4341
train_Accuracy: [91m0.7347[0m
train_Precision: [4;34m0.7704[0m,               train_Recall: [4;33m0.6886[0m,                 train_F1 Score: [4;35m0.7182[0m
æ ‡ç­¾é‡Œ1çš„ä¸ªæ•°:  2150
æ ‡ç­¾é‡Œ0çš„ä¸ªæ•°:  2150
æ€»æ•°:  4300
æ­£ç¡®çš„ä¸ªæ•°:  3159
æœ€åä¸€ä¸ªæ‰¹æ¬¡çš„è¾“å‡º, ä¸æ»¡batchsizeæ˜¯æ­£å¸¸çš„:
 tensor([[0.8018],
        [0.1049],
        [0.8455],
        [0.7572],
        [0.3902],
        [0.3696],
        [0.9659],
        [0.9468],
        [0.9451],
        [0.6679],
        [0.3259],
        [0.6132]], device='cuda:0', grad_fn=<SigmoidBackward0>)
Epoch [9/100], Loss: 16.7888
val_Accuracy: [92m0.6523[0m
val_Precision: [4;34m0.6287[0m,               val_Recall: [4;33m0.7447[0m,                 val_F1 Score: [4;35m0.6789[0m
æ ‡ç­¾é‡Œ1çš„ä¸ªæ•°:  430
æ ‡ç­¾é‡Œ0çš„ä¸ªæ•°:  430
æ€»æ•°:  860
æ­£ç¡®çš„ä¸ªæ•°:  561
Epoch [10/100], Loss: 72.9319
train_Accuracy: [91m0.7398[0m
train_Precision: [4;34m0.7802[0m,               train_Recall: [4;33m0.6946[0m,                 train_F1 Score: [4;35m0.7237[0m
æ ‡ç­¾é‡Œ1çš„ä¸ªæ•°:  2150
æ ‡ç­¾é‡Œ0çš„ä¸ªæ•°:  2150
æ€»æ•°:  4300
æ­£ç¡®çš„ä¸ªæ•°:  3181
æœ€åä¸€ä¸ªæ‰¹æ¬¡çš„è¾“å‡º, ä¸æ»¡batchsizeæ˜¯æ­£å¸¸çš„:
 tensor([[0.1985],
        [0.2063],
        [0.6063],
        [0.5568],
        [0.4328],
        [0.3390],
        [0.8969],
        [0.7782],
        [0.6780],
        [0.9621],
        [0.9536],
        [0.2942]], device='cuda:0', grad_fn=<SigmoidBackward0>)
Epoch [10/100], Loss: 16.5355
val_Accuracy: [92m0.6605[0m
val_Precision: [4;34m0.6389[0m,               val_Recall: [4;33m0.7401[0m,                 val_F1 Score: [4;35m0.6829[0m
æ ‡ç­¾é‡Œ1çš„ä¸ªæ•°:  430
æ ‡ç­¾é‡Œ0çš„ä¸ªæ•°:  430
æ€»æ•°:  860
æ­£ç¡®çš„ä¸ªæ•°:  568
Epoch [11/100], Loss: 72.4437
train_Accuracy: [91m0.7395[0m
train_Precision: [4;34m0.7804[0m,               train_Recall: [4;33m0.6923[0m,                 train_F1 Score: [4;35m0.7229[0m
æ ‡ç­¾é‡Œ1çš„ä¸ªæ•°:  2150
æ ‡ç­¾é‡Œ0çš„ä¸ªæ•°:  2150
æ€»æ•°:  4300
æ­£ç¡®çš„ä¸ªæ•°:  3180
æœ€åä¸€ä¸ªæ‰¹æ¬¡çš„è¾“å‡º, ä¸æ»¡batchsizeæ˜¯æ­£å¸¸çš„:
 tensor([[0.9589],
        [0.5768],
        [0.8667],
        [0.4870],
        [0.7509],
        [0.2579],
        [0.1878],
        [0.9530],
        [0.3527],
        [0.1527],
        [0.0757],
        [0.5848]], device='cuda:0', grad_fn=<SigmoidBackward0>)
Epoch [11/100], Loss: 16.2059
val_Accuracy: [92m0.6756[0m
val_Precision: [4;34m0.6769[0m,               val_Recall: [4;33m0.6961[0m,                 val_F1 Score: [4;35m0.6806[0m
æ ‡ç­¾é‡Œ1çš„ä¸ªæ•°:  430
æ ‡ç­¾é‡Œ0çš„ä¸ªæ•°:  430
æ€»æ•°:  860
æ­£ç¡®çš„ä¸ªæ•°:  581
Epoch [12/100], Loss: 72.1777
train_Accuracy: [91m0.7435[0m
train_Precision: [4;34m0.7863[0m,               train_Recall: [4;33m0.6934[0m,                 train_F1 Score: [4;35m0.7265[0m
æ ‡ç­¾é‡Œ1çš„ä¸ªæ•°:  2150
æ ‡ç­¾é‡Œ0çš„ä¸ªæ•°:  2150
æ€»æ•°:  4300
æ­£ç¡®çš„ä¸ªæ•°:  3197
æœ€åä¸€ä¸ªæ‰¹æ¬¡çš„è¾“å‡º, ä¸æ»¡batchsizeæ˜¯æ­£å¸¸çš„:
 tensor([[0.1384],
        [0.2741],
        [0.1232],
        [0.8745],
        [0.9215],
        [0.3064],
        [0.9566],
        [0.4296],
        [0.3948],
        [0.0927],
        [0.5000],
        [0.6522]], device='cuda:0', grad_fn=<SigmoidBackward0>)
Epoch [12/100], Loss: 16.0798
val_Accuracy: [92m0.6826[0m
val_Precision: [4;34m0.7081[0m,               val_Recall: [4;33m0.6429[0m,                 val_F1 Score: [4;35m0.6667[0m
æ ‡ç­¾é‡Œ1çš„ä¸ªæ•°:  430
æ ‡ç­¾é‡Œ0çš„ä¸ªæ•°:  430
æ€»æ•°:  860
æ­£ç¡®çš„ä¸ªæ•°:  587
Epoch [13/100], Loss: 71.1693
train_Accuracy: [91m0.7456[0m
train_Precision: [4;34m0.7841[0m,               train_Recall: [4;33m0.6969[0m,                 train_F1 Score: [4;35m0.7296[0m
æ ‡ç­¾é‡Œ1çš„ä¸ªæ•°:  2150
æ ‡ç­¾é‡Œ0çš„ä¸ªæ•°:  2150
æ€»æ•°:  4300
æ­£ç¡®çš„ä¸ªæ•°:  3206
æœ€åä¸€ä¸ªæ‰¹æ¬¡çš„è¾“å‡º, ä¸æ»¡batchsizeæ˜¯æ­£å¸¸çš„:
 tensor([[0.2173],
        [0.1759],
        [0.9725],
        [0.5487],
        [0.4283],
        [0.5068],
        [0.1129],
        [0.5621],
        [0.9297],
        [0.0467],
        [0.3931],
        [0.8069]], device='cuda:0', grad_fn=<SigmoidBackward0>)
Epoch [13/100], Loss: 16.2570
val_Accuracy: [92m0.7035[0m
val_Precision: [4;34m0.7639[0m,               val_Recall: [4;33m0.6055[0m,                 val_F1 Score: [4;35m0.6646[0m
æ ‡ç­¾é‡Œ1çš„ä¸ªæ•°:  430
æ ‡ç­¾é‡Œ0çš„ä¸ªæ•°:  430
æ€»æ•°:  860
æ­£ç¡®çš„ä¸ªæ•°:  605
Epoch [14/100], Loss: 71.1507
train_Accuracy: [91m0.7472[0m
train_Precision: [4;34m0.7848[0m,               train_Recall: [4;33m0.7003[0m,                 train_F1 Score: [4;35m0.7320[0m
æ ‡ç­¾é‡Œ1çš„ä¸ªæ•°:  2150
æ ‡ç­¾é‡Œ0çš„ä¸ªæ•°:  2150
æ€»æ•°:  4300
æ­£ç¡®çš„ä¸ªæ•°:  3213
æœ€åä¸€ä¸ªæ‰¹æ¬¡çš„è¾“å‡º, ä¸æ»¡batchsizeæ˜¯æ­£å¸¸çš„:
 tensor([[0.1822],
        [0.5268],
        [0.6538],
        [0.9522],
        [0.0417],
        [0.2217],
        [0.1728],
        [0.8393],
        [0.9607],
        [0.4929],
        [0.5061],
        [0.5521]], device='cuda:0', grad_fn=<SigmoidBackward0>)
Epoch [14/100], Loss: 16.1598
val_Accuracy: [92m0.7000[0m
val_Precision: [4;34m0.7513[0m,               val_Recall: [4;33m0.6098[0m,                 val_F1 Score: [4;35m0.6652[0m
æ ‡ç­¾é‡Œ1çš„ä¸ªæ•°:  430
æ ‡ç­¾é‡Œ0çš„ä¸ªæ•°:  430
æ€»æ•°:  860
æ­£ç¡®çš„ä¸ªæ•°:  602
Epoch [15/100], Loss: 70.0839
train_Accuracy: [91m0.7500[0m
train_Precision: [4;34m0.7877[0m,               train_Recall: [4;33m0.7006[0m,                 train_F1 Score: [4;35m0.7342[0m
æ ‡ç­¾é‡Œ1çš„ä¸ªæ•°:  2150
æ ‡ç­¾é‡Œ0çš„ä¸ªæ•°:  2150
æ€»æ•°:  4300
æ­£ç¡®çš„ä¸ªæ•°:  3225
æœ€åä¸€ä¸ªæ‰¹æ¬¡çš„è¾“å‡º, ä¸æ»¡batchsizeæ˜¯æ­£å¸¸çš„:
 tensor([[0.3860],
        [0.6666],
        [0.2297],
        [0.5815],
        [0.2205],
        [0.3864],
        [0.8625],
        [0.1246],
        [0.9288],
        [0.5724],
        [0.0555],
        [0.9710]], device='cuda:0', grad_fn=<SigmoidBackward0>)
Epoch [15/100], Loss: 16.1996
val_Accuracy: [92m0.7000[0m
val_Precision: [4;34m0.7369[0m,               val_Recall: [4;33m0.6379[0m,                 val_F1 Score: [4;35m0.6771[0m
æ ‡ç­¾é‡Œ1çš„ä¸ªæ•°:  430
æ ‡ç­¾é‡Œ0çš„ä¸ªæ•°:  430
æ€»æ•°:  860
æ­£ç¡®çš„ä¸ªæ•°:  602
Epoch [16/100], Loss: 70.3486
train_Accuracy: [91m0.7551[0m
train_Precision: [4;34m0.7920[0m,               train_Recall: [4;33m0.7059[0m,                 train_F1 Score: [4;35m0.7383[0m
æ ‡ç­¾é‡Œ1çš„ä¸ªæ•°:  2150
æ ‡ç­¾é‡Œ0çš„ä¸ªæ•°:  2150
æ€»æ•°:  4300
æ­£ç¡®çš„ä¸ªæ•°:  3247
æœ€åä¸€ä¸ªæ‰¹æ¬¡çš„è¾“å‡º, ä¸æ»¡batchsizeæ˜¯æ­£å¸¸çš„:
 tensor([[0.7559],
        [0.2250],
        [0.5297],
        [0.0497],
        [0.8730],
        [0.9069],
        [0.1637],
        [0.1913],
        [0.4168],
        [0.6445],
        [0.9713],
        [0.4893]], device='cuda:0', grad_fn=<SigmoidBackward0>)
Epoch [16/100], Loss: 16.3207
val_Accuracy: [92m0.6849[0m
val_Precision: [4;34m0.7267[0m,               val_Recall: [4;33m0.6167[0m,                 val_F1 Score: [4;35m0.6580[0m
æ ‡ç­¾é‡Œ1çš„ä¸ªæ•°:  430
æ ‡ç­¾é‡Œ0çš„ä¸ªæ•°:  430
æ€»æ•°:  860
æ­£ç¡®çš„ä¸ªæ•°:  589
Epoch [17/100], Loss: 70.1304
train_Accuracy: [91m0.7549[0m
train_Precision: [4;34m0.7876[0m,               train_Recall: [4;33m0.7117[0m,                 train_F1 Score: [4;35m0.7404[0m
æ ‡ç­¾é‡Œ1çš„ä¸ªæ•°:  2150
æ ‡ç­¾é‡Œ0çš„ä¸ªæ•°:  2150
æ€»æ•°:  4300
æ­£ç¡®çš„ä¸ªæ•°:  3246
æœ€åä¸€ä¸ªæ‰¹æ¬¡çš„è¾“å‡º, ä¸æ»¡batchsizeæ˜¯æ­£å¸¸çš„:
 tensor([[0.0903],
        [0.5427],
        [0.4435],
        [0.5251],
        [0.8891],
        [0.7881],
        [0.2329],
        [0.0417],
        [0.6272],
        [0.4165],
        [0.9535],
        [0.1681]], device='cuda:0', grad_fn=<SigmoidBackward0>)
Epoch [17/100], Loss: 16.0570
val_Accuracy: [92m0.7081[0m
val_Precision: [4;34m0.7570[0m,               val_Recall: [4;33m0.6310[0m,                 val_F1 Score: [4;35m0.6800[0m
æ ‡ç­¾é‡Œ1çš„ä¸ªæ•°:  430
æ ‡ç­¾é‡Œ0çš„ä¸ªæ•°:  430
æ€»æ•°:  860
æ­£ç¡®çš„ä¸ªæ•°:  609
Epoch [18/100], Loss: 68.5701
train_Accuracy: [91m0.7605[0m
train_Precision: [4;34m0.7939[0m,               train_Recall: [4;33m0.7201[0m,                 train_F1 Score: [4;35m0.7466[0m
æ ‡ç­¾é‡Œ1çš„ä¸ªæ•°:  2150
æ ‡ç­¾é‡Œ0çš„ä¸ªæ•°:  2150
æ€»æ•°:  4300
æ­£ç¡®çš„ä¸ªæ•°:  3270
æœ€åä¸€ä¸ªæ‰¹æ¬¡çš„è¾“å‡º, ä¸æ»¡batchsizeæ˜¯æ­£å¸¸çš„:
 tensor([[0.9026],
        [0.9402],
        [0.0810],
        [0.5193],
        [0.3093],
        [0.6319],
        [0.5906],
        [0.9693],
        [0.1956],
        [0.2406],
        [0.7271],
        [0.8465]], device='cuda:0', grad_fn=<SigmoidBackward0>)
Epoch [18/100], Loss: 16.5650
val_Accuracy: [92m0.6709[0m
val_Precision: [4;34m0.6492[0m,               val_Recall: [4;33m0.7497[0m,                 val_F1 Score: [4;35m0.6928[0m
æ ‡ç­¾é‡Œ1çš„ä¸ªæ•°:  430
æ ‡ç­¾é‡Œ0çš„ä¸ªæ•°:  430
æ€»æ•°:  860
æ­£ç¡®çš„ä¸ªæ•°:  577
Epoch [19/100], Loss: 67.4902
train_Accuracy: [91m0.7670[0m
train_Precision: [4;34m0.7967[0m,               train_Recall: [4;33m0.7298[0m,                 train_F1 Score: [4;35m0.7556[0m
æ ‡ç­¾é‡Œ1çš„ä¸ªæ•°:  2150
æ ‡ç­¾é‡Œ0çš„ä¸ªæ•°:  2150
æ€»æ•°:  4300
æ­£ç¡®çš„ä¸ªæ•°:  3298
æœ€åä¸€ä¸ªæ‰¹æ¬¡çš„è¾“å‡º, ä¸æ»¡batchsizeæ˜¯æ­£å¸¸çš„:
 tensor([[0.5214],
        [0.4236],
        [0.9756],
        [0.8996],
        [0.1048],
        [0.1590],
        [0.2094],
        [0.6901],
        [0.5074],
        [0.8920],
        [0.2422],
        [0.3624]], device='cuda:0', grad_fn=<SigmoidBackward0>)
Epoch [19/100], Loss: 16.5819
val_Accuracy: [92m0.6826[0m
val_Precision: [4;34m0.6799[0m,               val_Recall: [4;33m0.7007[0m,                 val_F1 Score: [4;35m0.6867[0m
æ ‡ç­¾é‡Œ1çš„ä¸ªæ•°:  430
æ ‡ç­¾é‡Œ0çš„ä¸ªæ•°:  430
æ€»æ•°:  860
æ­£ç¡®çš„ä¸ªæ•°:  587
Epoch [20/100], Loss: 65.7589
train_Accuracy: [91m0.7714[0m
train_Precision: [4;34m0.8116[0m,               train_Recall: [4;33m0.7248[0m,                 train_F1 Score: [4;35m0.7570[0m
æ ‡ç­¾é‡Œ1çš„ä¸ªæ•°:  2150
æ ‡ç­¾é‡Œ0çš„ä¸ªæ•°:  2150
æ€»æ•°:  4300
æ­£ç¡®çš„ä¸ªæ•°:  3317
æœ€åä¸€ä¸ªæ‰¹æ¬¡çš„è¾“å‡º, ä¸æ»¡batchsizeæ˜¯æ­£å¸¸çš„:
 tensor([[0.4104],
        [0.3634],
        [0.9104],
        [0.0853],
        [0.1793],
        [0.9061],
        [0.0861],
        [0.9419],
        [0.0651],
        [0.7443],
        [0.2596],
        [0.3582]], device='cuda:0', grad_fn=<SigmoidBackward0>)
Epoch [20/100], Loss: 16.7064
val_Accuracy: [92m0.6907[0m
val_Precision: [4;34m0.7017[0m,               val_Recall: [4;33m0.6792[0m,                 val_F1 Score: [4;35m0.6860[0m
æ ‡ç­¾é‡Œ1çš„ä¸ªæ•°:  430
æ ‡ç­¾é‡Œ0çš„ä¸ªæ•°:  430
æ€»æ•°:  860
æ­£ç¡®çš„ä¸ªæ•°:  594
Epoch [21/100], Loss: 63.8675
train_Accuracy: [91m0.7781[0m
train_Precision: [4;34m0.8130[0m,               train_Recall: [4;33m0.7409[0m,                 train_F1 Score: [4;35m0.7683[0m
æ ‡ç­¾é‡Œ1çš„ä¸ªæ•°:  2150
æ ‡ç­¾é‡Œ0çš„ä¸ªæ•°:  2150
æ€»æ•°:  4300
æ­£ç¡®çš„ä¸ªæ•°:  3346
æœ€åä¸€ä¸ªæ‰¹æ¬¡çš„è¾“å‡º, ä¸æ»¡batchsizeæ˜¯æ­£å¸¸çš„:
 tensor([[0.4257],
        [0.9229],
        [0.7617],
        [0.1779],
        [0.1733],
        [0.0934],
        [0.9554],
        [0.1515],
        [0.9393],
        [0.6885],
        [0.0914],
        [0.4597]], device='cuda:0', grad_fn=<SigmoidBackward0>)
Epoch [21/100], Loss: 16.9593
val_Accuracy: [92m0.6826[0m
val_Precision: [4;34m0.6860[0m,               val_Recall: [4;33m0.6958[0m,                 val_F1 Score: [4;35m0.6857[0m
æ ‡ç­¾é‡Œ1çš„ä¸ªæ•°:  430
æ ‡ç­¾é‡Œ0çš„ä¸ªæ•°:  430
æ€»æ•°:  860
æ­£ç¡®çš„ä¸ªæ•°:  587
Epoch [22/100], Loss: 61.5910
train_Accuracy: [91m0.7956[0m
train_Precision: [4;34m0.8299[0m,               train_Recall: [4;33m0.7613[0m,                 train_F1 Score: [4;35m0.7880[0m
æ ‡ç­¾é‡Œ1çš„ä¸ªæ•°:  2150
æ ‡ç­¾é‡Œ0çš„ä¸ªæ•°:  2150
æ€»æ•°:  4300
æ­£ç¡®çš„ä¸ªæ•°:  3421
æœ€åä¸€ä¸ªæ‰¹æ¬¡çš„è¾“å‡º, ä¸æ»¡batchsizeæ˜¯æ­£å¸¸çš„:
 tensor([[0.2330],
        [0.6519],
        [0.9891],
        [0.8522],
        [0.1338],
        [0.9667],
        [0.3844],
        [0.1692],
        [0.3008],
        [0.8950],
        [0.0555],
        [0.2317]], device='cuda:0', grad_fn=<SigmoidBackward0>)
Epoch [22/100], Loss: 17.3050
val_Accuracy: [92m0.6733[0m
val_Precision: [4;34m0.6716[0m,               val_Recall: [4;33m0.6938[0m,                 val_F1 Score: [4;35m0.6775[0m
æ ‡ç­¾é‡Œ1çš„ä¸ªæ•°:  430
æ ‡ç­¾é‡Œ0çš„ä¸ªæ•°:  430
æ€»æ•°:  860
æ­£ç¡®çš„ä¸ªæ•°:  579
Epoch [23/100], Loss: 60.4382
train_Accuracy: [91m0.7912[0m
train_Precision: [4;34m0.8244[0m,               train_Recall: [4;33m0.7585[0m,                 train_F1 Score: [4;35m0.7820[0m
æ ‡ç­¾é‡Œ1çš„ä¸ªæ•°:  2150
æ ‡ç­¾é‡Œ0çš„ä¸ªæ•°:  2150
æ€»æ•°:  4300
æ­£ç¡®çš„ä¸ªæ•°:  3402
æœ€åä¸€ä¸ªæ‰¹æ¬¡çš„è¾“å‡º, ä¸æ»¡batchsizeæ˜¯æ­£å¸¸çš„:
 tensor([[0.1515],
        [0.8367],
        [0.1566],
        [0.9187],
        [0.0488],
        [0.7530],
        [0.7265],
        [0.0560],
        [0.3316],
        [0.9588],
        [0.1275],
        [0.9890]], device='cuda:0', grad_fn=<SigmoidBackward0>)
Epoch [23/100], Loss: 17.6601
val_Accuracy: [92m0.6884[0m
val_Precision: [4;34m0.7041[0m,               val_Recall: [4;33m0.6584[0m,                 val_F1 Score: [4;35m0.6743[0m
æ ‡ç­¾é‡Œ1çš„ä¸ªæ•°:  430
æ ‡ç­¾é‡Œ0çš„ä¸ªæ•°:  430
æ€»æ•°:  860
æ­£ç¡®çš„ä¸ªæ•°:  592
Epoch [24/100], Loss: 60.0459
train_Accuracy: [91m0.7930[0m
train_Precision: [4;34m0.8250[0m,               train_Recall: [4;33m0.7691[0m,                 train_F1 Score: [4;35m0.7852[0m
æ ‡ç­¾é‡Œ1çš„ä¸ªæ•°:  2150
æ ‡ç­¾é‡Œ0çš„ä¸ªæ•°:  2150
æ€»æ•°:  4300
æ­£ç¡®çš„ä¸ªæ•°:  3410
æœ€åä¸€ä¸ªæ‰¹æ¬¡çš„è¾“å‡º, ä¸æ»¡batchsizeæ˜¯æ­£å¸¸çš„:
 tensor([[0.3875],
        [0.3141],
        [0.8318],
        [0.3692],
        [0.9724],
        [0.8618],
        [0.3828],
        [0.9638],
        [0.2178],
        [0.9067],
        [0.1922],
        [0.1719]], device='cuda:0', grad_fn=<SigmoidBackward0>)
Epoch [24/100], Loss: 17.6389
val_Accuracy: [92m0.6767[0m
val_Precision: [4;34m0.6675[0m,               val_Recall: [4;33m0.7143[0m,                 val_F1 Score: [4;35m0.6852[0m
æ ‡ç­¾é‡Œ1çš„ä¸ªæ•°:  430
æ ‡ç­¾é‡Œ0çš„ä¸ªæ•°:  430
æ€»æ•°:  860
æ­£ç¡®çš„ä¸ªæ•°:  582
Epoch [25/100], Loss: 57.5336
train_Accuracy: [91m0.8044[0m
train_Precision: [4;34m0.8324[0m,               train_Recall: [4;33m0.7835[0m,                 train_F1 Score: [4;35m0.7988[0m
æ ‡ç­¾é‡Œ1çš„ä¸ªæ•°:  2150
æ ‡ç­¾é‡Œ0çš„ä¸ªæ•°:  2150
æ€»æ•°:  4300
æ­£ç¡®çš„ä¸ªæ•°:  3459
æœ€åä¸€ä¸ªæ‰¹æ¬¡çš„è¾“å‡º, ä¸æ»¡batchsizeæ˜¯æ­£å¸¸çš„:
 tensor([[0.9542],
        [0.7420],
        [0.1932],
        [0.0130],
        [0.0352],
        [0.0811],
        [0.8045],
        [0.3394],
        [0.3713],
        [0.9558],
        [0.2698],
        [0.6605]], device='cuda:0', grad_fn=<SigmoidBackward0>)
Epoch [25/100], Loss: 18.0873
val_Accuracy: [92m0.6733[0m
val_Precision: [4;34m0.6645[0m,               val_Recall: [4;33m0.7123[0m,                 val_F1 Score: [4;35m0.6826[0m
æ ‡ç­¾é‡Œ1çš„ä¸ªæ•°:  430
æ ‡ç­¾é‡Œ0çš„ä¸ªæ•°:  430
æ€»æ•°:  860
æ­£ç¡®çš„ä¸ªæ•°:  579
Epoch [26/100], Loss: 55.2943
train_Accuracy: [91m0.8126[0m
train_Precision: [4;34m0.8367[0m,               train_Recall: [4;33m0.7988[0m,                 train_F1 Score: [4;35m0.8079[0m
æ ‡ç­¾é‡Œ1çš„ä¸ªæ•°:  2150
æ ‡ç­¾é‡Œ0çš„ä¸ªæ•°:  2150
æ€»æ•°:  4300
æ­£ç¡®çš„ä¸ªæ•°:  3494
æœ€åä¸€ä¸ªæ‰¹æ¬¡çš„è¾“å‡º, ä¸æ»¡batchsizeæ˜¯æ­£å¸¸çš„:
 tensor([[0.5086],
        [0.0349],
        [0.9496],
        [0.1462],
        [0.6258],
        [0.9589],
        [0.3674],
        [0.2426],
        [0.0061],
        [0.7124],
        [0.2434],
        [0.9248]], device='cuda:0', grad_fn=<SigmoidBackward0>)
Epoch [26/100], Loss: 18.6476
val_Accuracy: [92m0.6709[0m
val_Precision: [4;34m0.6810[0m,               val_Recall: [4;33m0.6564[0m,                 val_F1 Score: [4;35m0.6622[0m
æ ‡ç­¾é‡Œ1çš„ä¸ªæ•°:  430
æ ‡ç­¾é‡Œ0çš„ä¸ªæ•°:  430
æ€»æ•°:  860
æ­£ç¡®çš„ä¸ªæ•°:  577
Epoch [27/100], Loss: 55.9146
train_Accuracy: [91m0.8037[0m
train_Precision: [4;34m0.8370[0m,               train_Recall: [4;33m0.7869[0m,                 train_F1 Score: [4;35m0.7968[0m
æ ‡ç­¾é‡Œ1çš„ä¸ªæ•°:  2150
æ ‡ç­¾é‡Œ0çš„ä¸ªæ•°:  2150
æ€»æ•°:  4300
æ­£ç¡®çš„ä¸ªæ•°:  3456
æœ€åä¸€ä¸ªæ‰¹æ¬¡çš„è¾“å‡º, ä¸æ»¡batchsizeæ˜¯æ­£å¸¸çš„:
 tensor([[0.0656],
        [0.0361],
        [0.9902],
        [0.0036],
        [0.0754],
        [0.9411],
        [0.4593],
        [0.1606],
        [0.0450],
        [0.7405],
        [0.3152],
        [0.6497]], device='cuda:0', grad_fn=<SigmoidBackward0>)
Epoch [27/100], Loss: 21.4825
val_Accuracy: [92m0.6663[0m
val_Precision: [4;34m0.8099[0m,               val_Recall: [4;33m0.4537[0m,                 val_F1 Score: [4;35m0.5669[0m
æ ‡ç­¾é‡Œ1çš„ä¸ªæ•°:  430
æ ‡ç­¾é‡Œ0çš„ä¸ªæ•°:  430
æ€»æ•°:  860
æ­£ç¡®çš„ä¸ªæ•°:  573
Epoch [28/100], Loss: 55.8983
train_Accuracy: [91m0.8151[0m
train_Precision: [4;34m0.8520[0m,               train_Recall: [4;33m0.7974[0m,                 train_F1 Score: [4;35m0.8087[0m
æ ‡ç­¾é‡Œ1çš„ä¸ªæ•°:  2150
æ ‡ç­¾é‡Œ0çš„ä¸ªæ•°:  2150
æ€»æ•°:  4300
æ­£ç¡®çš„ä¸ªæ•°:  3505
æœ€åä¸€ä¸ªæ‰¹æ¬¡çš„è¾“å‡º, ä¸æ»¡batchsizeæ˜¯æ­£å¸¸çš„:
 tensor([[0.0959],
        [0.0048],
        [0.9833],
        [0.1726],
        [0.8452],
        [0.8383],
        [0.0486],
        [0.0763],
        [0.7838],
        [0.0672],
        [0.9279],
        [0.0763]], device='cuda:0', grad_fn=<SigmoidBackward0>)
Epoch [28/100], Loss: 18.5647
val_Accuracy: [92m0.6919[0m
val_Precision: [4;34m0.7057[0m,               val_Recall: [4;33m0.6772[0m,                 val_F1 Score: [4;35m0.6845[0m
æ ‡ç­¾é‡Œ1çš„ä¸ªæ•°:  430
æ ‡ç­¾é‡Œ0çš„ä¸ªæ•°:  430
æ€»æ•°:  860
æ­£ç¡®çš„ä¸ªæ•°:  595
Epoch [29/100], Loss: 52.2380
train_Accuracy: [91m0.8295[0m
train_Precision: [4;34m0.8612[0m,               train_Recall: [4;33m0.8150[0m,                 train_F1 Score: [4;35m0.8241[0m
æ ‡ç­¾é‡Œ1çš„ä¸ªæ•°:  2150
æ ‡ç­¾é‡Œ0çš„ä¸ªæ•°:  2150
æ€»æ•°:  4300
æ­£ç¡®çš„ä¸ªæ•°:  3567
æœ€åä¸€ä¸ªæ‰¹æ¬¡çš„è¾“å‡º, ä¸æ»¡batchsizeæ˜¯æ­£å¸¸çš„:
 tensor([[0.9808],
        [0.0955],
        [0.0063],
        [0.3520],
        [0.9564],
        [0.9772],
        [0.3798],
        [0.1801],
        [0.1196],
        [0.9605],
        [0.9117],
        [0.2333]], device='cuda:0', grad_fn=<SigmoidBackward0>)
Epoch [29/100], Loss: 19.0006
val_Accuracy: [92m0.6802[0m
val_Precision: [4;34m0.6949[0m,               val_Recall: [4;33m0.6538[0m,                 val_F1 Score: [4;35m0.6667[0m
æ ‡ç­¾é‡Œ1çš„ä¸ªæ•°:  430
æ ‡ç­¾é‡Œ0çš„ä¸ªæ•°:  430
æ€»æ•°:  860
æ­£ç¡®çš„ä¸ªæ•°:  585
Epoch [30/100], Loss: 52.6415
train_Accuracy: [91m0.8235[0m
train_Precision: [4;34m0.8546[0m,               train_Recall: [4;33m0.8057[0m,                 train_F1 Score: [4;35m0.8156[0m
æ ‡ç­¾é‡Œ1çš„ä¸ªæ•°:  2150
æ ‡ç­¾é‡Œ0çš„ä¸ªæ•°:  2150
æ€»æ•°:  4300
æ­£ç¡®çš„ä¸ªæ•°:  3541
æœ€åä¸€ä¸ªæ‰¹æ¬¡çš„è¾“å‡º, ä¸æ»¡batchsizeæ˜¯æ­£å¸¸çš„:
 tensor([[0.0019],
        [0.8714],
        [0.2027],
        [0.3272],
        [0.0931],
        [0.0603],
        [0.0428],
        [0.9772],
        [0.8541],
        [0.5190],
        [0.8446],
        [0.9838]], device='cuda:0', grad_fn=<SigmoidBackward0>)
Epoch [30/100], Loss: 19.2617
val_Accuracy: [92m0.6791[0m
val_Precision: [4;34m0.6930[0m,               val_Recall: [4;33m0.6491[0m,                 val_F1 Score: [4;35m0.6636[0m
æ ‡ç­¾é‡Œ1çš„ä¸ªæ•°:  430
æ ‡ç­¾é‡Œ0çš„ä¸ªæ•°:  430
æ€»æ•°:  860
æ­£ç¡®çš„ä¸ªæ•°:  584
Epoch [31/100], Loss: 47.3708
train_Accuracy: [91m0.8484[0m
train_Precision: [4;34m0.8708[0m,               train_Recall: [4;33m0.8352[0m,                 train_F1 Score: [4;35m0.8436[0m
æ ‡ç­¾é‡Œ1çš„ä¸ªæ•°:  2150
æ ‡ç­¾é‡Œ0çš„ä¸ªæ•°:  2150
æ€»æ•°:  4300
æ­£ç¡®çš„ä¸ªæ•°:  3648
æœ€åä¸€ä¸ªæ‰¹æ¬¡çš„è¾“å‡º, ä¸æ»¡batchsizeæ˜¯æ­£å¸¸çš„:
 tensor([[3.2256e-01],
        [9.5111e-01],
        [9.6625e-01],
        [3.0683e-02],
        [4.8147e-04],
        [8.2011e-01],
        [9.4991e-01],
        [4.9627e-02],
        [9.0770e-01],
        [4.7596e-02],
        [7.3196e-02],
        [7.1573e-01]], device='cuda:0', grad_fn=<SigmoidBackward0>)
Epoch [31/100], Loss: 19.9929
val_Accuracy: [92m0.6744[0m
val_Precision: [4;34m0.7020[0m,               val_Recall: [4;33m0.6187[0m,                 val_F1 Score: [4;35m0.6514[0m
æ ‡ç­¾é‡Œ1çš„ä¸ªæ•°:  430
æ ‡ç­¾é‡Œ0çš„ä¸ªæ•°:  430
æ€»æ•°:  860
æ­£ç¡®çš„ä¸ªæ•°:  580
Epoch [32/100], Loss: 43.4557
train_Accuracy: [91m0.8544[0m
train_Precision: [4;34m0.8747[0m,               train_Recall: [4;33m0.8426[0m,                 train_F1 Score: [4;35m0.8521[0m
æ ‡ç­¾é‡Œ1çš„ä¸ªæ•°:  2150
æ ‡ç­¾é‡Œ0çš„ä¸ªæ•°:  2150
æ€»æ•°:  4300
æ­£ç¡®çš„ä¸ªæ•°:  3674
æœ€åä¸€ä¸ªæ‰¹æ¬¡çš„è¾“å‡º, ä¸æ»¡batchsizeæ˜¯æ­£å¸¸çš„:
 tensor([[9.7716e-01],
        [1.6289e-02],
        [2.1907e-01],
        [8.5928e-01],
        [7.9330e-01],
        [3.8930e-02],
        [8.8435e-02],
        [9.5315e-04],
        [9.1683e-01],
        [7.8190e-01],
        [9.9066e-01],
        [2.1902e-02]], device='cuda:0', grad_fn=<SigmoidBackward0>)
Epoch [32/100], Loss: 21.5932
val_Accuracy: [92m0.6721[0m
val_Precision: [4;34m0.6808[0m,               val_Recall: [4;33m0.6558[0m,                 val_F1 Score: [4;35m0.6644[0m
æ ‡ç­¾é‡Œ1çš„ä¸ªæ•°:  430
æ ‡ç­¾é‡Œ0çš„ä¸ªæ•°:  430
æ€»æ•°:  860
æ­£ç¡®çš„ä¸ªæ•°:  578
Epoch [33/100], Loss: 47.9770
train_Accuracy: [91m0.8388[0m
train_Precision: [4;34m0.8636[0m,               train_Recall: [4;33m0.8265[0m,                 train_F1 Score: [4;35m0.8334[0m
æ ‡ç­¾é‡Œ1çš„ä¸ªæ•°:  2150
æ ‡ç­¾é‡Œ0çš„ä¸ªæ•°:  2150
æ€»æ•°:  4300
æ­£ç¡®çš„ä¸ªæ•°:  3607
æœ€åä¸€ä¸ªæ‰¹æ¬¡çš„è¾“å‡º, ä¸æ»¡batchsizeæ˜¯æ­£å¸¸çš„:
 tensor([[7.0776e-01],
        [6.6506e-03],
        [7.6471e-01],
        [2.3217e-04],
        [1.6814e-02],
        [5.3883e-02],
        [7.0122e-03],
        [9.7566e-01],
        [9.8409e-01],
        [3.1272e-01],
        [6.8331e-01],
        [5.6680e-02]], device='cuda:0', grad_fn=<SigmoidBackward0>)
Epoch [33/100], Loss: 24.7200
val_Accuracy: [92m0.6535[0m
val_Precision: [4;34m0.7737[0m,               val_Recall: [4;33m0.4421[0m,                 val_F1 Score: [4;35m0.5512[0m
æ ‡ç­¾é‡Œ1çš„ä¸ªæ•°:  430
æ ‡ç­¾é‡Œ0çš„ä¸ªæ•°:  430
æ€»æ•°:  860
æ­£ç¡®çš„ä¸ªæ•°:  562
Epoch [34/100], Loss: 45.7095
train_Accuracy: [91m0.8484[0m
train_Precision: [4;34m0.8702[0m,               train_Recall: [4;33m0.8444[0m,                 train_F1 Score: [4;35m0.8458[0m
æ ‡ç­¾é‡Œ1çš„ä¸ªæ•°:  2150
æ ‡ç­¾é‡Œ0çš„ä¸ªæ•°:  2150
æ€»æ•°:  4300
æ­£ç¡®çš„ä¸ªæ•°:  3648
æœ€åä¸€ä¸ªæ‰¹æ¬¡çš„è¾“å‡º, ä¸æ»¡batchsizeæ˜¯æ­£å¸¸çš„:
 tensor([[0.0606],
        [0.9334],
        [0.9752],
        [0.8733],
        [0.0137],
        [0.8778],
        [0.0024],
        [0.8813],
        [0.3658],
        [0.4894],
        [0.1177],
        [0.9926]], device='cuda:0', grad_fn=<SigmoidBackward0>)
Epoch [34/100], Loss: 21.4837
val_Accuracy: [92m0.6709[0m
val_Precision: [4;34m0.7141[0m,               val_Recall: [4;33m0.5840[0m,                 val_F1 Score: [4;35m0.6348[0m
æ ‡ç­¾é‡Œ1çš„ä¸ªæ•°:  430
æ ‡ç­¾é‡Œ0çš„ä¸ªæ•°:  430
æ€»æ•°:  860
æ­£ç¡®çš„ä¸ªæ•°:  577
Epoch [35/100], Loss: 43.0534
train_Accuracy: [91m0.8553[0m
train_Precision: [4;34m0.8742[0m,               train_Recall: [4;33m0.8454[0m,                 train_F1 Score: [4;35m0.8508[0m
æ ‡ç­¾é‡Œ1çš„ä¸ªæ•°:  2150
æ ‡ç­¾é‡Œ0çš„ä¸ªæ•°:  2150
æ€»æ•°:  4300
æ­£ç¡®çš„ä¸ªæ•°:  3678
æœ€åä¸€ä¸ªæ‰¹æ¬¡çš„è¾“å‡º, ä¸æ»¡batchsizeæ˜¯æ­£å¸¸çš„:
 tensor([[9.2054e-01],
        [6.4376e-04],
        [9.9459e-01],
        [5.4349e-01],
        [3.4589e-02],
        [7.6790e-01],
        [8.5367e-03],
        [1.0977e-02],
        [7.4852e-02],
        [9.4741e-01],
        [8.1616e-01],
        [6.9407e-01]], device='cuda:0', grad_fn=<SigmoidBackward0>)
Epoch [35/100], Loss: 21.9810
val_Accuracy: [92m0.6767[0m
val_Precision: [4;34m0.6974[0m,               val_Recall: [4;33m0.6372[0m,                 val_F1 Score: [4;35m0.6595[0m
æ ‡ç­¾é‡Œ1çš„ä¸ªæ•°:  430
æ ‡ç­¾é‡Œ0çš„ä¸ªæ•°:  430
æ€»æ•°:  860
æ­£ç¡®çš„ä¸ªæ•°:  582
[4mLearning rate [91mincreased[4m to 0.001050[0m
Epoch [36/100], Loss: 40.2616
train_Accuracy: [91m0.8730[0m
train_Precision: [4;34m0.8891[0m,               train_Recall: [4;33m0.8648[0m,                 train_F1 Score: [4;35m0.8717[0m
æ ‡ç­¾é‡Œ1çš„ä¸ªæ•°:  2150
æ ‡ç­¾é‡Œ0çš„ä¸ªæ•°:  2150
æ€»æ•°:  4300
æ­£ç¡®çš„ä¸ªæ•°:  3754
æœ€åä¸€ä¸ªæ‰¹æ¬¡çš„è¾“å‡º, ä¸æ»¡batchsizeæ˜¯æ­£å¸¸çš„:
 tensor([[9.8119e-01],
        [8.6495e-04],
        [9.7567e-01],
        [9.5941e-01],
        [1.5102e-02],
        [7.0130e-03],
        [1.7429e-01],
        [2.2360e-01],
        [7.8796e-01],
        [9.4836e-01],
        [8.5998e-01],
        [3.4586e-02]], device='cuda:0', grad_fn=<SigmoidBackward0>)
Epoch [36/100], Loss: 23.4877
val_Accuracy: [92m0.6686[0m
val_Precision: [4;34m0.7117[0m,               val_Recall: [4;33m0.5840[0m,                 val_F1 Score: [4;35m0.6350[0m
æ ‡ç­¾é‡Œ1çš„ä¸ªæ•°:  430
æ ‡ç­¾é‡Œ0çš„ä¸ªæ•°:  430
æ€»æ•°:  860
æ­£ç¡®çš„ä¸ªæ•°:  575
Epoch [37/100], Loss: 40.6242
train_Accuracy: [91m0.8700[0m
train_Precision: [4;34m0.8847[0m,               train_Recall: [4;33m0.8671[0m,                 train_F1 Score: [4;35m0.8689[0m
æ ‡ç­¾é‡Œ1çš„ä¸ªæ•°:  2150
æ ‡ç­¾é‡Œ0çš„ä¸ªæ•°:  2150
æ€»æ•°:  4300
æ­£ç¡®çš„ä¸ªæ•°:  3741
æœ€åä¸€ä¸ªæ‰¹æ¬¡çš„è¾“å‡º, ä¸æ»¡batchsizeæ˜¯æ­£å¸¸çš„:
 tensor([[0.2385],
        [0.0302],
        [0.7377],
        [0.0852],
        [0.9871],
        [0.0014],
        [0.9277],
        [0.0110],
        [0.9585],
        [0.9953],
        [0.0130],
        [0.9326]], device='cuda:0', grad_fn=<SigmoidBackward0>)
Epoch [37/100], Loss: 23.9098
val_Accuracy: [92m0.6698[0m
val_Precision: [4;34m0.7252[0m,               val_Recall: [4;33m0.5655[0m,                 val_F1 Score: [4;35m0.6268[0m
æ ‡ç­¾é‡Œ1çš„ä¸ªæ•°:  430
æ ‡ç­¾é‡Œ0çš„ä¸ªæ•°:  430
æ€»æ•°:  860
æ­£ç¡®çš„ä¸ªæ•°:  576
Epoch [38/100], Loss: 43.3367
train_Accuracy: [91m0.8651[0m
train_Precision: [4;34m0.8853[0m,               train_Recall: [4;33m0.8574[0m,                 train_F1 Score: [4;35m0.8622[0m
æ ‡ç­¾é‡Œ1çš„ä¸ªæ•°:  2150
æ ‡ç­¾é‡Œ0çš„ä¸ªæ•°:  2150
æ€»æ•°:  4300
æ­£ç¡®çš„ä¸ªæ•°:  3720
æœ€åä¸€ä¸ªæ‰¹æ¬¡çš„è¾“å‡º, ä¸æ»¡batchsizeæ˜¯æ­£å¸¸çš„:
 tensor([[0.0936],
        [0.9678],
        [0.9810],
        [0.0934],
        [0.0922],
        [0.8764],
        [0.1338],
        [0.9916],
        [0.9968],
        [0.2086],
        [0.9907],
        [0.0060]], device='cuda:0', grad_fn=<SigmoidBackward0>)
Epoch [38/100], Loss: 22.6266
val_Accuracy: [92m0.6651[0m
val_Precision: [4;34m0.7084[0m,               val_Recall: [4;33m0.5794[0m,                 val_F1 Score: [4;35m0.6308[0m
æ ‡ç­¾é‡Œ1çš„ä¸ªæ•°:  430
æ ‡ç­¾é‡Œ0çš„ä¸ªæ•°:  430
æ€»æ•°:  860
æ­£ç¡®çš„ä¸ªæ•°:  572
[4mLearning rate [91mincreased[4m to 0.001103[0m
Epoch [39/100], Loss: 41.9566
train_Accuracy: [91m0.8644[0m
train_Precision: [4;34m0.8843[0m,               train_Recall: [4;33m0.8571[0m,                 train_F1 Score: [4;35m0.8613[0m
æ ‡ç­¾é‡Œ1çš„ä¸ªæ•°:  2150
æ ‡ç­¾é‡Œ0çš„ä¸ªæ•°:  2150
æ€»æ•°:  4300
æ­£ç¡®çš„ä¸ªæ•°:  3717
æœ€åä¸€ä¸ªæ‰¹æ¬¡çš„è¾“å‡º, ä¸æ»¡batchsizeæ˜¯æ­£å¸¸çš„:
 tensor([[0.0088],
        [0.9476],
        [0.2567],
        [0.9912],
        [0.9456],
        [0.1579],
        [0.9323],
        [0.0052],
        [0.0474],
        [0.0259],
        [0.7245],
        [0.0017]], device='cuda:0', grad_fn=<SigmoidBackward0>)
Epoch [39/100], Loss: 22.6098
val_Accuracy: [92m0.6733[0m
val_Precision: [4;34m0.7232[0m,               val_Recall: [4;33m0.5724[0m,                 val_F1 Score: [4;35m0.6319[0m
æ ‡ç­¾é‡Œ1çš„ä¸ªæ•°:  430
æ ‡ç­¾é‡Œ0çš„ä¸ªæ•°:  430
æ€»æ•°:  860
æ­£ç¡®çš„ä¸ªæ•°:  579
Epoch [40/100], Loss: 37.7523
train_Accuracy: [91m0.8793[0m
train_Precision: [4;34m0.8958[0m,               train_Recall: [4;33m0.8759[0m,                 train_F1 Score: [4;35m0.8781[0m
æ ‡ç­¾é‡Œ1çš„ä¸ªæ•°:  2150
æ ‡ç­¾é‡Œ0çš„ä¸ªæ•°:  2150
æ€»æ•°:  4300
æ­£ç¡®çš„ä¸ªæ•°:  3781
æœ€åä¸€ä¸ªæ‰¹æ¬¡çš„è¾“å‡º, ä¸æ»¡batchsizeæ˜¯æ­£å¸¸çš„:
 tensor([[0.0615],
        [0.0014],
        [0.0112],
        [0.0269],
        [0.9225],
        [0.9193],
        [0.0113],
        [0.9836],
        [0.9313],
        [0.8951],
        [0.9063],
        [0.0043]], device='cuda:0', grad_fn=<SigmoidBackward0>)
Epoch [40/100], Loss: 26.0132
val_Accuracy: [92m0.6651[0m
val_Precision: [4;34m0.7384[0m,               val_Recall: [4;33m0.5261[0m,                 val_F1 Score: [4;35m0.6033[0m
æ ‡ç­¾é‡Œ1çš„ä¸ªæ•°:  430
æ ‡ç­¾é‡Œ0çš„ä¸ªæ•°:  430
æ€»æ•°:  860
æ­£ç¡®çš„ä¸ªæ•°:  572
Epoch [41/100], Loss: 40.8653
train_Accuracy: [91m0.8672[0m
train_Precision: [4;34m0.8879[0m,               train_Recall: [4;33m0.8611[0m,                 train_F1 Score: [4;35m0.8651[0m
æ ‡ç­¾é‡Œ1çš„ä¸ªæ•°:  2150
æ ‡ç­¾é‡Œ0çš„ä¸ªæ•°:  2150
æ€»æ•°:  4300
æ­£ç¡®çš„ä¸ªæ•°:  3729
æœ€åä¸€ä¸ªæ‰¹æ¬¡çš„è¾“å‡º, ä¸æ»¡batchsizeæ˜¯æ­£å¸¸çš„:
 tensor([[0.9399],
        [0.0139],
        [0.0032],
        [0.0192],
        [0.9873],
        [0.9941],
        [0.0236],
        [0.9400],
        [0.0208],
        [0.0061],
        [0.9750],
        [0.6148]], device='cuda:0', grad_fn=<SigmoidBackward0>)
Epoch [41/100], Loss: 23.0886
val_Accuracy: [92m0.6640[0m
val_Precision: [4;34m0.6792[0m,               val_Recall: [4;33m0.6349[0m,                 val_F1 Score: [4;35m0.6514[0m
æ ‡ç­¾é‡Œ1çš„ä¸ªæ•°:  430
æ ‡ç­¾é‡Œ0çš„ä¸ªæ•°:  430
æ€»æ•°:  860
æ­£ç¡®çš„ä¸ªæ•°:  571
Epoch [42/100], Loss: 40.3899
train_Accuracy: [91m0.8709[0m
train_Precision: [4;34m0.8955[0m,               train_Recall: [4;33m0.8634[0m,                 train_F1 Score: [4;35m0.8672[0m
æ ‡ç­¾é‡Œ1çš„ä¸ªæ•°:  2150
æ ‡ç­¾é‡Œ0çš„ä¸ªæ•°:  2150
æ€»æ•°:  4300
æ­£ç¡®çš„ä¸ªæ•°:  3745
æœ€åä¸€ä¸ªæ‰¹æ¬¡çš„è¾“å‡º, ä¸æ»¡batchsizeæ˜¯æ­£å¸¸çš„:
 tensor([[9.4929e-01],
        [9.9549e-01],
        [7.9217e-04],
        [9.1930e-01],
        [1.5744e-01],
        [9.8733e-01],
        [1.4497e-02],
        [1.4641e-01],
        [9.3639e-01],
        [1.8171e-01],
        [8.0426e-02],
        [8.7387e-01]], device='cuda:0', grad_fn=<SigmoidBackward0>)
Epoch [42/100], Loss: 22.5571
val_Accuracy: [92m0.6814[0m
val_Precision: [4;34m0.6997[0m,               val_Recall: [4;33m0.6462[0m,                 val_F1 Score: [4;35m0.6672[0m
æ ‡ç­¾é‡Œ1çš„ä¸ªæ•°:  430
æ ‡ç­¾é‡Œ0çš„ä¸ªæ•°:  430
æ€»æ•°:  860
æ­£ç¡®çš„ä¸ªæ•°:  586
Epoch [43/100], Loss: 43.8018
train_Accuracy: [91m0.8600[0m
train_Precision: [4;34m0.8900[0m,               train_Recall: [4;33m0.8519[0m,                 train_F1 Score: [4;35m0.8554[0m
æ ‡ç­¾é‡Œ1çš„ä¸ªæ•°:  2150
æ ‡ç­¾é‡Œ0çš„ä¸ªæ•°:  2150
æ€»æ•°:  4300
æ­£ç¡®çš„ä¸ªæ•°:  3698
æœ€åä¸€ä¸ªæ‰¹æ¬¡çš„è¾“å‡º, ä¸æ»¡batchsizeæ˜¯æ­£å¸¸çš„:
 tensor([[0.1535],
        [0.7503],
        [0.0846],
        [0.0077],
        [0.1522],
        [0.9402],
        [0.9936],
        [0.0096],
        [0.9878],
        [0.9316],
        [0.1527],
        [0.8589]], device='cuda:0', grad_fn=<SigmoidBackward0>)
Epoch [43/100], Loss: 21.8089
val_Accuracy: [92m0.6581[0m
val_Precision: [4;34m0.6487[0m,               val_Recall: [4;33m0.7040[0m,                 val_F1 Score: [4;35m0.6722[0m
æ ‡ç­¾é‡Œ1çš„ä¸ªæ•°:  430
æ ‡ç­¾é‡Œ0çš„ä¸ªæ•°:  430
æ€»æ•°:  860
æ­£ç¡®çš„ä¸ªæ•°:  566
Epoch [44/100], Loss: 43.7126
train_Accuracy: [91m0.8563[0m
train_Precision: [4;34m0.8865[0m,               train_Recall: [4;33m0.8511[0m,                 train_F1 Score: [4;35m0.8529[0m
æ ‡ç­¾é‡Œ1çš„ä¸ªæ•°:  2150
æ ‡ç­¾é‡Œ0çš„ä¸ªæ•°:  2150
æ€»æ•°:  4300
æ­£ç¡®çš„ä¸ªæ•°:  3682
æœ€åä¸€ä¸ªæ‰¹æ¬¡çš„è¾“å‡º, ä¸æ»¡batchsizeæ˜¯æ­£å¸¸çš„:
 tensor([[4.2002e-01],
        [2.8615e-03],
        [3.6035e-01],
        [9.4508e-01],
        [9.8621e-01],
        [5.3436e-04],
        [8.9018e-01],
        [5.2038e-02],
        [7.6316e-01],
        [1.6651e-02],
        [8.4860e-01],
        [6.9003e-03]], device='cuda:0', grad_fn=<SigmoidBackward0>)
Epoch [44/100], Loss: 21.6136
val_Accuracy: [92m0.6826[0m
val_Precision: [4;34m0.7225[0m,               val_Recall: [4;33m0.5999[0m,                 val_F1 Score: [4;35m0.6497[0m
æ ‡ç­¾é‡Œ1çš„ä¸ªæ•°:  430
æ ‡ç­¾é‡Œ0çš„ä¸ªæ•°:  430
æ€»æ•°:  860
æ­£ç¡®çš„ä¸ªæ•°:  587
Epoch [45/100], Loss: 48.2408
train_Accuracy: [91m0.8414[0m
train_Precision: [4;34m0.8783[0m,               train_Recall: [4;33m0.8390[0m,                 train_F1 Score: [4;35m0.8386[0m
æ ‡ç­¾é‡Œ1çš„ä¸ªæ•°:  2150
æ ‡ç­¾é‡Œ0çš„ä¸ªæ•°:  2150
æ€»æ•°:  4300
æ­£ç¡®çš„ä¸ªæ•°:  3618
æœ€åä¸€ä¸ªæ‰¹æ¬¡çš„è¾“å‡º, ä¸æ»¡batchsizeæ˜¯æ­£å¸¸çš„:
 tensor([[0.0151],
        [0.9064],
        [0.0442],
        [0.5643],
        [0.5224],
        [0.0676],
        [0.0532],
        [0.0106],
        [0.0018],
        [0.4359],
        [0.9387],
        [0.6173]], device='cuda:0', grad_fn=<SigmoidBackward0>)
Epoch [45/100], Loss: 24.6968
val_Accuracy: [92m0.6512[0m
val_Precision: [4;34m0.7824[0m,               val_Recall: [4;33m0.4325[0m,                 val_F1 Score: [4;35m0.5421[0m
æ ‡ç­¾é‡Œ1çš„ä¸ªæ•°:  430
æ ‡ç­¾é‡Œ0çš„ä¸ªæ•°:  430
æ€»æ•°:  860
æ­£ç¡®çš„ä¸ªæ•°:  560
[4mLearning rate [91mincreased[4m to 0.001158[0m
Epoch [46/100], Loss: 45.5917
train_Accuracy: [91m0.8530[0m
train_Precision: [4;34m0.8847[0m,               train_Recall: [4;33m0.8435[0m,                 train_F1 Score: [4;35m0.8461[0m
æ ‡ç­¾é‡Œ1çš„ä¸ªæ•°:  2150
æ ‡ç­¾é‡Œ0çš„ä¸ªæ•°:  2150
æ€»æ•°:  4300
æ­£ç¡®çš„ä¸ªæ•°:  3668
æœ€åä¸€ä¸ªæ‰¹æ¬¡çš„è¾“å‡º, ä¸æ»¡batchsizeæ˜¯æ­£å¸¸çš„:
 tensor([[4.3275e-01],
        [8.5754e-01],
        [1.4670e-01],
        [3.8404e-01],
        [8.7586e-01],
        [3.9300e-02],
        [4.3672e-04],
        [2.1013e-02],
        [3.0157e-01],
        [3.3451e-03],
        [9.6003e-01],
        [5.7082e-03]], device='cuda:0', grad_fn=<SigmoidBackward0>)
Epoch [46/100], Loss: 25.7515
val_Accuracy: [92m0.6547[0m
val_Precision: [4;34m0.7819[0m,               val_Recall: [4;33m0.4421[0m,                 val_F1 Score: [4;35m0.5501[0m
æ ‡ç­¾é‡Œ1çš„ä¸ªæ•°:  430
æ ‡ç­¾é‡Œ0çš„ä¸ªæ•°:  430
æ€»æ•°:  860
æ­£ç¡®çš„ä¸ªæ•°:  563
[4mLearning rate [91mincreased[4m to 0.001216[0m
Epoch [47/100], Loss: 44.5594
train_Accuracy: [91m0.8537[0m
train_Precision: [4;34m0.8838[0m,               train_Recall: [4;33m0.8468[0m,                 train_F1 Score: [4;35m0.8504[0m
æ ‡ç­¾é‡Œ1çš„ä¸ªæ•°:  2150
æ ‡ç­¾é‡Œ0çš„ä¸ªæ•°:  2150
æ€»æ•°:  4300
æ­£ç¡®çš„ä¸ªæ•°:  3671
æœ€åä¸€ä¸ªæ‰¹æ¬¡çš„è¾“å‡º, ä¸æ»¡batchsizeæ˜¯æ­£å¸¸çš„:
 tensor([[0.0122],
        [0.8869],
        [0.6759],
        [0.8843],
        [0.0032],
        [0.1365],
        [0.9648],
        [0.0789],
        [0.6855],
        [0.8699],
        [0.8593],
        [0.0211]], device='cuda:0', grad_fn=<SigmoidBackward0>)
Epoch [47/100], Loss: 24.0532
val_Accuracy: [92m0.6570[0m
val_Precision: [4;34m0.7532[0m,               val_Recall: [4;33m0.4772[0m,                 val_F1 Score: [4;35m0.5719[0m
æ ‡ç­¾é‡Œ1çš„ä¸ªæ•°:  430
æ ‡ç­¾é‡Œ0çš„ä¸ªæ•°:  430
æ€»æ•°:  860
æ­£ç¡®çš„ä¸ªæ•°:  565
[4mLearning rate [91mincreased[4m to 0.001276[0m
Epoch [48/100], Loss: 40.2356
train_Accuracy: [91m0.8698[0m
train_Precision: [4;34m0.8911[0m,               train_Recall: [4;33m0.8662[0m,                 train_F1 Score: [4;35m0.8676[0m
æ ‡ç­¾é‡Œ1çš„ä¸ªæ•°:  2150
æ ‡ç­¾é‡Œ0çš„ä¸ªæ•°:  2150
æ€»æ•°:  4300
æ­£ç¡®çš„ä¸ªæ•°:  3740
æœ€åä¸€ä¸ªæ‰¹æ¬¡çš„è¾“å‡º, ä¸æ»¡batchsizeæ˜¯æ­£å¸¸çš„:
 tensor([[0.9920],
        [0.1102],
        [0.9241],
        [0.8768],
        [0.0011],
        [0.0142],
        [0.9586],
        [0.0014],
        [0.9655],
        [0.9624],
        [0.0154],
        [0.0412]], device='cuda:0', grad_fn=<SigmoidBackward0>)
Epoch [48/100], Loss: 22.7848
val_Accuracy: [92m0.6721[0m
val_Precision: [4;34m0.7130[0m,               val_Recall: [4;33m0.5860[0m,                 val_F1 Score: [4;35m0.6352[0m
æ ‡ç­¾é‡Œ1çš„ä¸ªæ•°:  430
æ ‡ç­¾é‡Œ0çš„ä¸ªæ•°:  430
æ€»æ•°:  860
æ­£ç¡®çš„ä¸ªæ•°:  578
Epoch [49/100], Loss: 40.9827
train_Accuracy: [91m0.8656[0m
train_Precision: [4;34m0.8900[0m,               train_Recall: [4;33m0.8585[0m,                 train_F1 Score: [4;35m0.8617[0m
æ ‡ç­¾é‡Œ1çš„ä¸ªæ•°:  2150
æ ‡ç­¾é‡Œ0çš„ä¸ªæ•°:  2150
æ€»æ•°:  4300
æ­£ç¡®çš„ä¸ªæ•°:  3722
æœ€åä¸€ä¸ªæ‰¹æ¬¡çš„è¾“å‡º, ä¸æ»¡batchsizeæ˜¯æ­£å¸¸çš„:
 tensor([[1.6745e-02],
        [9.5847e-01],
        [8.1441e-01],
        [9.6136e-01],
        [2.5837e-02],
        [4.2861e-03],
        [4.7407e-02],
        [3.9460e-02],
        [9.1664e-01],
        [4.6726e-04],
        [7.9009e-01],
        [3.3227e-01]], device='cuda:0', grad_fn=<SigmoidBackward0>)
Epoch [49/100], Loss: 23.0572
val_Accuracy: [92m0.6767[0m
val_Precision: [4;34m0.7489[0m,               val_Recall: [4;33m0.5443[0m,                 val_F1 Score: [4;35m0.6226[0m
æ ‡ç­¾é‡Œ1çš„ä¸ªæ•°:  430
æ ‡ç­¾é‡Œ0çš„ä¸ªæ•°:  430
æ€»æ•°:  860
æ­£ç¡®çš„ä¸ªæ•°:  582
Epoch [50/100], Loss: 35.7959
train_Accuracy: [91m0.8867[0m
train_Precision: [4;34m0.8999[0m,               train_Recall: [4;33m0.8861[0m,                 train_F1 Score: [4;35m0.8858[0m
æ ‡ç­¾é‡Œ1çš„ä¸ªæ•°:  2150
æ ‡ç­¾é‡Œ0çš„ä¸ªæ•°:  2150
æ€»æ•°:  4300
æ­£ç¡®çš„ä¸ªæ•°:  3813
æœ€åä¸€ä¸ªæ‰¹æ¬¡çš„è¾“å‡º, ä¸æ»¡batchsizeæ˜¯æ­£å¸¸çš„:
 tensor([[0.9487],
        [0.0468],
        [0.9321],
        [0.0030],
        [0.9158],
        [0.9844],
        [0.0706],
        [0.8876],
        [0.0061],
        [0.0322],
        [0.8511],
        [0.0041]], device='cuda:0', grad_fn=<SigmoidBackward0>)
Epoch [50/100], Loss: 25.4770
val_Accuracy: [92m0.6686[0m
val_Precision: [4;34m0.7469[0m,               val_Recall: [4;33m0.5258[0m,                 val_F1 Score: [4;35m0.6074[0m
æ ‡ç­¾é‡Œ1çš„ä¸ªæ•°:  430
æ ‡ç­¾é‡Œ0çš„ä¸ªæ•°:  430
æ€»æ•°:  860
æ­£ç¡®çš„ä¸ªæ•°:  575
Epoch [51/100], Loss: 44.2118
train_Accuracy: [91m0.8544[0m
train_Precision: [4;34m0.8835[0m,               train_Recall: [4;33m0.8508[0m,                 train_F1 Score: [4;35m0.8500[0m
æ ‡ç­¾é‡Œ1çš„ä¸ªæ•°:  2150
æ ‡ç­¾é‡Œ0çš„ä¸ªæ•°:  2150
æ€»æ•°:  4300
æ­£ç¡®çš„ä¸ªæ•°:  3674
æœ€åä¸€ä¸ªæ‰¹æ¬¡çš„è¾“å‡º, ä¸æ»¡batchsizeæ˜¯æ­£å¸¸çš„:
 tensor([[0.9167],
        [0.8215],
        [0.8538],
        [0.0059],
        [0.4151],
        [0.0337],
        [0.1583],
        [0.0129],
        [0.0012],
        [0.8373],
        [0.0047],
        [0.0228]], device='cuda:0', grad_fn=<SigmoidBackward0>)
Epoch [51/100], Loss: 29.1922
val_Accuracy: [92m0.6442[0m
val_Precision: [4;34m0.8038[0m,               val_Recall: [4;33m0.3935[0m,                 val_F1 Score: [4;35m0.5133[0m
æ ‡ç­¾é‡Œ1çš„ä¸ªæ•°:  430
æ ‡ç­¾é‡Œ0çš„ä¸ªæ•°:  430
æ€»æ•°:  860
æ­£ç¡®çš„ä¸ªæ•°:  554
[4mLearning rate [91mincreased[4m to 0.001340[0m
Epoch [52/100], Loss: 48.7820
train_Accuracy: [91m0.8374[0m
train_Precision: [4;34m0.8740[0m,               train_Recall: [4;33m0.8421[0m,                 train_F1 Score: [4;35m0.8332[0m
æ ‡ç­¾é‡Œ1çš„ä¸ªæ•°:  2150
æ ‡ç­¾é‡Œ0çš„ä¸ªæ•°:  2150
æ€»æ•°:  4300
æ­£ç¡®çš„ä¸ªæ•°:  3601
æœ€åä¸€ä¸ªæ‰¹æ¬¡çš„è¾“å‡º, ä¸æ»¡batchsizeæ˜¯æ­£å¸¸çš„:
 tensor([[0.1138],
        [0.9182],
        [0.9686],
        [0.0495],
        [0.2422],
        [0.9543],
        [0.9642],
        [0.8311],
        [0.4993],
        [0.7496],
        [0.7151],
        [0.1275]], device='cuda:0', grad_fn=<SigmoidBackward0>)
Epoch [52/100], Loss: 20.6857
val_Accuracy: [92m0.6802[0m
val_Precision: [4;34m0.7507[0m,               val_Recall: [4;33m0.5443[0m,                 val_F1 Score: [4;35m0.6208[0m
æ ‡ç­¾é‡Œ1çš„ä¸ªæ•°:  430
æ ‡ç­¾é‡Œ0çš„ä¸ªæ•°:  430
æ€»æ•°:  860
æ­£ç¡®çš„ä¸ªæ•°:  585
Epoch [53/100], Loss: 45.6426
train_Accuracy: [91m0.8542[0m
train_Precision: [4;34m0.8854[0m,               train_Recall: [4;33m0.8477[0m,                 train_F1 Score: [4;35m0.8474[0m
æ ‡ç­¾é‡Œ1çš„ä¸ªæ•°:  2150
æ ‡ç­¾é‡Œ0çš„ä¸ªæ•°:  2150
æ€»æ•°:  4300
æ­£ç¡®çš„ä¸ªæ•°:  3673
æœ€åä¸€ä¸ªæ‰¹æ¬¡çš„è¾“å‡º, ä¸æ»¡batchsizeæ˜¯æ­£å¸¸çš„:
 tensor([[0.9803],
        [0.1598],
        [0.1499],
        [0.9818],
        [0.9336],
        [0.0477],
        [0.9199],
        [0.9621],
        [0.0377],
        [0.9578],
        [0.1395],
        [0.2843]], device='cuda:0', grad_fn=<SigmoidBackward0>)
Epoch [53/100], Loss: 21.2225
val_Accuracy: [92m0.6698[0m
val_Precision: [4;34m0.7315[0m,               val_Recall: [4;33m0.5489[0m,                 val_F1 Score: [4;35m0.6167[0m
æ ‡ç­¾é‡Œ1çš„ä¸ªæ•°:  430
æ ‡ç­¾é‡Œ0çš„ä¸ªæ•°:  430
æ€»æ•°:  860
æ­£ç¡®çš„ä¸ªæ•°:  576
Epoch [54/100], Loss: 41.7019
train_Accuracy: [91m0.8626[0m
train_Precision: [4;34m0.8883[0m,               train_Recall: [4;33m0.8563[0m,                 train_F1 Score: [4;35m0.8585[0m
æ ‡ç­¾é‡Œ1çš„ä¸ªæ•°:  2150
æ ‡ç­¾é‡Œ0çš„ä¸ªæ•°:  2150
æ€»æ•°:  4300
æ­£ç¡®çš„ä¸ªæ•°:  3709
æœ€åä¸€ä¸ªæ‰¹æ¬¡çš„è¾“å‡º, ä¸æ»¡batchsizeæ˜¯æ­£å¸¸çš„:
 tensor([[0.9591],
        [0.1563],
        [0.0128],
        [0.0115],
        [0.7508],
        [0.9202],
        [0.9536],
        [0.0250],
        [0.0207],
        [0.0849],
        [0.0025],
        [0.3995]], device='cuda:0', grad_fn=<SigmoidBackward0>)
Epoch [54/100], Loss: 25.8980
val_Accuracy: [92m0.6581[0m
val_Precision: [4;34m0.7739[0m,               val_Recall: [4;33m0.4610[0m,                 val_F1 Score: [4;35m0.5632[0m
æ ‡ç­¾é‡Œ1çš„ä¸ªæ•°:  430
æ ‡ç­¾é‡Œ0çš„ä¸ªæ•°:  430
æ€»æ•°:  860
æ­£ç¡®çš„ä¸ªæ•°:  566
Epoch [55/100], Loss: 41.0328
train_Accuracy: [91m0.8684[0m
train_Precision: [4;34m0.8946[0m,               train_Recall: [4;33m0.8617[0m,                 train_F1 Score: [4;35m0.8645[0m
æ ‡ç­¾é‡Œ1çš„ä¸ªæ•°:  2150
æ ‡ç­¾é‡Œ0çš„ä¸ªæ•°:  2150
æ€»æ•°:  4300
æ­£ç¡®çš„ä¸ªæ•°:  3734
æœ€åä¸€ä¸ªæ‰¹æ¬¡çš„è¾“å‡º, ä¸æ»¡batchsizeæ˜¯æ­£å¸¸çš„:
 tensor([[0.1777],
        [0.9861],
        [0.7571],
        [0.0300],
        [0.7798],
        [0.0830],
        [0.0026],
        [0.9641],
        [0.0036],
        [0.0435],
        [0.1911],
        [0.5239]], device='cuda:0', grad_fn=<SigmoidBackward0>)
Epoch [55/100], Loss: 25.5450
val_Accuracy: [92m0.6663[0m
val_Precision: [4;34m0.7656[0m,               val_Recall: [4;33m0.4888[0m,                 val_F1 Score: [4;35m0.5834[0m
æ ‡ç­¾é‡Œ1çš„ä¸ªæ•°:  430
æ ‡ç­¾é‡Œ0çš„ä¸ªæ•°:  430
æ€»æ•°:  860
æ­£ç¡®çš„ä¸ªæ•°:  573
Epoch [56/100], Loss: 39.5117
train_Accuracy: [91m0.8737[0m
train_Precision: [4;34m0.8979[0m,               train_Recall: [4;33m0.8677[0m,                 train_F1 Score: [4;35m0.8705[0m
æ ‡ç­¾é‡Œ1çš„ä¸ªæ•°:  2150
æ ‡ç­¾é‡Œ0çš„ä¸ªæ•°:  2150
æ€»æ•°:  4300
æ­£ç¡®çš„ä¸ªæ•°:  3757
æœ€åä¸€ä¸ªæ‰¹æ¬¡çš„è¾“å‡º, ä¸æ»¡batchsizeæ˜¯æ­£å¸¸çš„:
 tensor([[9.0633e-03],
        [2.6292e-01],
        [8.7503e-01],
        [9.7930e-04],
        [5.3768e-03],
        [4.3381e-02],
        [9.2523e-04],
        [8.2263e-01],
        [6.2973e-02],
        [9.3157e-01],
        [7.0714e-01],
        [8.0255e-01]], device='cuda:0', grad_fn=<SigmoidBackward0>)
Epoch [56/100], Loss: 28.8116
val_Accuracy: [92m0.6547[0m
val_Precision: [4;34m0.8070[0m,               val_Recall: [4;33m0.4216[0m,                 val_F1 Score: [4;35m0.5396[0m
æ ‡ç­¾é‡Œ1çš„ä¸ªæ•°:  430
æ ‡ç­¾é‡Œ0çš„ä¸ªæ•°:  430
æ€»æ•°:  860
æ­£ç¡®çš„ä¸ªæ•°:  563
Epoch [57/100], Loss: 37.1484
train_Accuracy: [91m0.8874[0m
train_Precision: [4;34m0.9025[0m,               train_Recall: [4;33m0.8886[0m,                 train_F1 Score: [4;35m0.8870[0m
æ ‡ç­¾é‡Œ1çš„ä¸ªæ•°:  2150
æ ‡ç­¾é‡Œ0çš„ä¸ªæ•°:  2150
æ€»æ•°:  4300
æ­£ç¡®çš„ä¸ªæ•°:  3816
æœ€åä¸€ä¸ªæ‰¹æ¬¡çš„è¾“å‡º, ä¸æ»¡batchsizeæ˜¯æ­£å¸¸çš„:
 tensor([[8.6380e-04],
        [3.0285e-04],
        [7.7875e-01],
        [4.9277e-02],
        [9.3764e-01],
        [9.5385e-03],
        [7.5151e-01],
        [1.2318e-03],
        [2.1296e-02],
        [9.5359e-01],
        [1.1753e-01],
        [8.9689e-01]], device='cuda:0', grad_fn=<SigmoidBackward0>)
Epoch [57/100], Loss: 32.7528
val_Accuracy: [92m0.6407[0m
val_Precision: [4;34m0.8251[0m,               val_Recall: [4;33m0.3750[0m,                 val_F1 Score: [4;35m0.4999[0m
æ ‡ç­¾é‡Œ1çš„ä¸ªæ•°:  430
æ ‡ç­¾é‡Œ0çš„ä¸ªæ•°:  430
æ€»æ•°:  860
æ­£ç¡®çš„ä¸ªæ•°:  551
Epoch [58/100], Loss: 31.8148
train_Accuracy: [91m0.8981[0m
train_Precision: [4;34m0.9038[0m,               train_Recall: [4;33m0.9014[0m,                 train_F1 Score: [4;35m0.8982[0m
æ ‡ç­¾é‡Œ1çš„ä¸ªæ•°:  2150
æ ‡ç­¾é‡Œ0çš„ä¸ªæ•°:  2150
æ€»æ•°:  4300
æ­£ç¡®çš„ä¸ªæ•°:  3862
æœ€åä¸€ä¸ªæ‰¹æ¬¡çš„è¾“å‡º, ä¸æ»¡batchsizeæ˜¯æ­£å¸¸çš„:
 tensor([[2.4830e-04],
        [9.3594e-01],
        [2.1080e-03],
        [9.9019e-01],
        [2.1023e-03],
        [7.8505e-01],
        [5.1301e-02],
        [3.2673e-02],
        [5.0296e-04],
        [9.8298e-01],
        [9.8817e-01],
        [9.0694e-01]], device='cuda:0', grad_fn=<SigmoidBackward0>)
Epoch [58/100], Loss: 31.4767
val_Accuracy: [92m0.6547[0m
val_Precision: [4;34m0.7799[0m,               val_Recall: [4;33m0.4425[0m,                 val_F1 Score: [4;35m0.5503[0m
æ ‡ç­¾é‡Œ1çš„ä¸ªæ•°:  430
æ ‡ç­¾é‡Œ0çš„ä¸ªæ•°:  430
æ€»æ•°:  860
æ­£ç¡®çš„ä¸ªæ•°:  563
Epoch [59/100], Loss: 33.3654
train_Accuracy: [91m0.8977[0m
train_Precision: [4;34m0.9080[0m,               train_Recall: [4;33m0.8981[0m,                 train_F1 Score: [4;35m0.8974[0m
æ ‡ç­¾é‡Œ1çš„ä¸ªæ•°:  2150
æ ‡ç­¾é‡Œ0çš„ä¸ªæ•°:  2150
æ€»æ•°:  4300
æ­£ç¡®çš„ä¸ªæ•°:  3860
æœ€åä¸€ä¸ªæ‰¹æ¬¡çš„è¾“å‡º, ä¸æ»¡batchsizeæ˜¯æ­£å¸¸çš„:
 tensor([[4.5345e-04],
        [3.2452e-02],
        [1.3650e-02],
        [9.3313e-01],
        [7.5083e-03],
        [9.8416e-01],
        [8.6993e-04],
        [9.9143e-01],
        [5.7682e-02],
        [9.2386e-01],
        [9.5877e-01],
        [6.7328e-01]], device='cuda:0', grad_fn=<SigmoidBackward0>)
Epoch [59/100], Loss: 28.6157
val_Accuracy: [92m0.6465[0m
val_Precision: [4;34m0.7194[0m,               val_Recall: [4;33m0.4888[0m,                 val_F1 Score: [4;35m0.5757[0m
æ ‡ç­¾é‡Œ1çš„ä¸ªæ•°:  430
æ ‡ç­¾é‡Œ0çš„ä¸ªæ•°:  430
æ€»æ•°:  860
æ­£ç¡®çš„ä¸ªæ•°:  556
Epoch [60/100], Loss: 33.5887
train_Accuracy: [91m0.8979[0m
train_Precision: [4;34m0.9069[0m,               train_Recall: [4;33m0.8986[0m,                 train_F1 Score: [4;35m0.8971[0m
æ ‡ç­¾é‡Œ1çš„ä¸ªæ•°:  2150
æ ‡ç­¾é‡Œ0çš„ä¸ªæ•°:  2150
æ€»æ•°:  4300
æ­£ç¡®çš„ä¸ªæ•°:  3861
æœ€åä¸€ä¸ªæ‰¹æ¬¡çš„è¾“å‡º, ä¸æ»¡batchsizeæ˜¯æ­£å¸¸çš„:
 tensor([[0.0273],
        [0.6947],
        [0.9839],
        [0.0024],
        [0.9973],
        [0.9848],
        [0.0459],
        [0.0089],
        [0.0146],
        [0.9908],
        [0.1342],
        [0.9954]], device='cuda:0', grad_fn=<SigmoidBackward0>)
Epoch [60/100], Loss: 25.6358
val_Accuracy: [92m0.6593[0m
val_Precision: [4;34m0.6500[0m,               val_Recall: [4;33m0.6885[0m,                 val_F1 Score: [4;35m0.6642[0m
æ ‡ç­¾é‡Œ1çš„ä¸ªæ•°:  430
æ ‡ç­¾é‡Œ0çš„ä¸ªæ•°:  430
æ€»æ•°:  860
æ­£ç¡®çš„ä¸ªæ•°:  567
Epoch [61/100], Loss: 34.4056
train_Accuracy: [91m0.8942[0m
train_Precision: [4;34m0.9096[0m,               train_Recall: [4;33m0.8907[0m,                 train_F1 Score: [4;35m0.8936[0m
æ ‡ç­¾é‡Œ1çš„ä¸ªæ•°:  2150
æ ‡ç­¾é‡Œ0çš„ä¸ªæ•°:  2150
æ€»æ•°:  4300
æ­£ç¡®çš„ä¸ªæ•°:  3845
æœ€åä¸€ä¸ªæ‰¹æ¬¡çš„è¾“å‡º, ä¸æ»¡batchsizeæ˜¯æ­£å¸¸çš„:
 tensor([[0.0120],
        [0.0036],
        [0.9985],
        [0.9495],
        [0.9251],
        [0.0538],
        [0.1544],
        [0.0013],
        [0.8862],
        [0.9587],
        [0.0239],
        [0.9717]], device='cuda:0', grad_fn=<SigmoidBackward0>)
Epoch [61/100], Loss: 27.1583
val_Accuracy: [92m0.6465[0m
val_Precision: [4;34m0.7054[0m,               val_Recall: [4;33m0.5165[0m,                 val_F1 Score: [4;35m0.5887[0m
æ ‡ç­¾é‡Œ1çš„ä¸ªæ•°:  430
æ ‡ç­¾é‡Œ0çš„ä¸ªæ•°:  430
æ€»æ•°:  860
æ­£ç¡®çš„ä¸ªæ•°:  556
Epoch [62/100], Loss: 29.9440
train_Accuracy: [91m0.9116[0m
train_Precision: [4;34m0.9222[0m,               train_Recall: [4;33m0.9093[0m,                 train_F1 Score: [4;35m0.9115[0m
æ ‡ç­¾é‡Œ1çš„ä¸ªæ•°:  2150
æ ‡ç­¾é‡Œ0çš„ä¸ªæ•°:  2150
æ€»æ•°:  4300
æ­£ç¡®çš„ä¸ªæ•°:  3920
æœ€åä¸€ä¸ªæ‰¹æ¬¡çš„è¾“å‡º, ä¸æ»¡batchsizeæ˜¯æ­£å¸¸çš„:
 tensor([[0.0021],
        [0.0011],
        [0.9834],
        [0.1072],
        [0.8718],
        [0.0700],
        [0.9490],
        [0.1217],
        [0.0291],
        [0.9859],
        [0.9713],
        [0.9903]], device='cuda:0', grad_fn=<SigmoidBackward0>)
Epoch [62/100], Loss: 30.9888
val_Accuracy: [92m0.6407[0m
val_Precision: [4;34m0.7223[0m,               val_Recall: [4;33m0.4699[0m,                 val_F1 Score: [4;35m0.5589[0m
æ ‡ç­¾é‡Œ1çš„ä¸ªæ•°:  430
æ ‡ç­¾é‡Œ0çš„ä¸ªæ•°:  430
æ€»æ•°:  860
æ­£ç¡®çš„ä¸ªæ•°:  551
Epoch [63/100], Loss: 30.9644
train_Accuracy: [91m0.9023[0m
train_Precision: [4;34m0.9131[0m,               train_Recall: [4;33m0.9014[0m,                 train_F1 Score: [4;35m0.9018[0m
æ ‡ç­¾é‡Œ1çš„ä¸ªæ•°:  2150
æ ‡ç­¾é‡Œ0çš„ä¸ªæ•°:  2150
æ€»æ•°:  4300
æ­£ç¡®çš„ä¸ªæ•°:  3880
æœ€åä¸€ä¸ªæ‰¹æ¬¡çš„è¾“å‡º, ä¸æ»¡batchsizeæ˜¯æ­£å¸¸çš„:
 tensor([[9.8305e-01],
        [8.3288e-03],
        [1.5660e-04],
        [9.7869e-01],
        [9.9394e-01],
        [1.6148e-01],
        [8.2044e-01],
        [7.0109e-03],
        [5.1413e-02],
        [8.4166e-01],
        [9.2329e-01],
        [9.5401e-04]], device='cuda:0', grad_fn=<SigmoidBackward0>)
Epoch [63/100], Loss: 29.3904
val_Accuracy: [92m0.6651[0m
val_Precision: [4;34m0.7230[0m,               val_Recall: [4;33m0.5374[0m,                 val_F1 Score: [4;35m0.6095[0m
æ ‡ç­¾é‡Œ1çš„ä¸ªæ•°:  430
æ ‡ç­¾é‡Œ0çš„ä¸ªæ•°:  430
æ€»æ•°:  860
æ­£ç¡®çš„ä¸ªæ•°:  572
Epoch [64/100], Loss: 30.5930
train_Accuracy: [91m0.9072[0m
train_Precision: [4;34m0.9162[0m,               train_Recall: [4;33m0.9079[0m,                 train_F1 Score: [4;35m0.9066[0m
æ ‡ç­¾é‡Œ1çš„ä¸ªæ•°:  2150
æ ‡ç­¾é‡Œ0çš„ä¸ªæ•°:  2150
æ€»æ•°:  4300
æ­£ç¡®çš„ä¸ªæ•°:  3901
æœ€åä¸€ä¸ªæ‰¹æ¬¡çš„è¾“å‡º, ä¸æ»¡batchsizeæ˜¯æ­£å¸¸çš„:
 tensor([[0.9945],
        [0.9696],
        [0.9862],
        [0.0058],
        [0.0117],
        [0.0017],
        [0.3611],
        [0.0013],
        [0.9700],
        [0.9925],
        [0.9206],
        [0.2332]], device='cuda:0', grad_fn=<SigmoidBackward0>)
Epoch [64/100], Loss: 29.1689
val_Accuracy: [92m0.6744[0m
val_Precision: [4;34m0.7285[0m,               val_Recall: [4;33m0.5625[0m,                 val_F1 Score: [4;35m0.6295[0m
æ ‡ç­¾é‡Œ1çš„ä¸ªæ•°:  430
æ ‡ç­¾é‡Œ0çš„ä¸ªæ•°:  430
æ€»æ•°:  860
æ­£ç¡®çš„ä¸ªæ•°:  580
Epoch [65/100], Loss: 31.7464
train_Accuracy: [91m0.8981[0m
train_Precision: [4;34m0.9095[0m,               train_Recall: [4;33m0.8980[0m,                 train_F1 Score: [4;35m0.8971[0m
æ ‡ç­¾é‡Œ1çš„ä¸ªæ•°:  2150
æ ‡ç­¾é‡Œ0çš„ä¸ªæ•°:  2150
æ€»æ•°:  4300
æ­£ç¡®çš„ä¸ªæ•°:  3862
æœ€åä¸€ä¸ªæ‰¹æ¬¡çš„è¾“å‡º, ä¸æ»¡batchsizeæ˜¯æ­£å¸¸çš„:
 tensor([[2.0849e-04],
        [1.1962e-01],
        [2.0352e-03],
        [1.3306e-03],
        [8.6852e-01],
        [1.7997e-03],
        [9.0021e-01],
        [1.0606e-01],
        [2.2478e-04],
        [9.7596e-01],
        [9.9144e-01],
        [8.2186e-03]], device='cuda:0', grad_fn=<SigmoidBackward0>)
Epoch [65/100], Loss: 30.2932
val_Accuracy: [92m0.6535[0m
val_Precision: [4;34m0.7306[0m,               val_Recall: [4;33m0.5046[0m,                 val_F1 Score: [4;35m0.5894[0m
æ ‡ç­¾é‡Œ1çš„ä¸ªæ•°:  430
æ ‡ç­¾é‡Œ0çš„ä¸ªæ•°:  430
æ€»æ•°:  860
æ­£ç¡®çš„ä¸ªæ•°:  562
Epoch [66/100], Loss: 31.0705
train_Accuracy: [91m0.9030[0m
train_Precision: [4;34m0.9134[0m,               train_Recall: [4;33m0.9037[0m,                 train_F1 Score: [4;35m0.9020[0m
æ ‡ç­¾é‡Œ1çš„ä¸ªæ•°:  2150
æ ‡ç­¾é‡Œ0çš„ä¸ªæ•°:  2150
æ€»æ•°:  4300
æ­£ç¡®çš„ä¸ªæ•°:  3883
æœ€åä¸€ä¸ªæ‰¹æ¬¡çš„è¾“å‡º, ä¸æ»¡batchsizeæ˜¯æ­£å¸¸çš„:
 tensor([[0.0033],
        [0.0146],
        [0.9783],
        [0.0029],
        [0.8111],
        [0.0955],
        [0.0035],
        [0.9687],
        [0.0236],
        [0.9784],
        [0.9576],
        [0.5537]], device='cuda:0', grad_fn=<SigmoidBackward0>)
Epoch [66/100], Loss: 34.9034
val_Accuracy: [92m0.6512[0m
val_Precision: [4;34m0.7880[0m,               val_Recall: [4;33m0.4187[0m,                 val_F1 Score: [4;35m0.5317[0m
æ ‡ç­¾é‡Œ1çš„ä¸ªæ•°:  430
æ ‡ç­¾é‡Œ0çš„ä¸ªæ•°:  430
æ€»æ•°:  860
æ­£ç¡®çš„ä¸ªæ•°:  560
[4mLearning rate [91mincreased[4m to 0.001407[0m
Epoch [67/100], Loss: 32.2938
train_Accuracy: [91m0.8956[0m
train_Precision: [4;34m0.9075[0m,               train_Recall: [4;33m0.8963[0m,                 train_F1 Score: [4;35m0.8946[0m
æ ‡ç­¾é‡Œ1çš„ä¸ªæ•°:  2150
æ ‡ç­¾é‡Œ0çš„ä¸ªæ•°:  2150
æ€»æ•°:  4300
æ­£ç¡®çš„ä¸ªæ•°:  3851
æœ€åä¸€ä¸ªæ‰¹æ¬¡çš„è¾“å‡º, ä¸æ»¡batchsizeæ˜¯æ­£å¸¸çš„:
 tensor([[9.9693e-02],
        [7.2714e-04],
        [9.8968e-01],
        [7.0542e-01],
        [9.9765e-01],
        [9.5872e-01],
        [6.3570e-01],
        [7.9962e-01],
        [8.2084e-04],
        [3.9740e-02],
        [3.2816e-02],
        [9.7548e-03]], device='cuda:0', grad_fn=<SigmoidBackward0>)
Epoch [67/100], Loss: 30.1722
val_Accuracy: [92m0.6512[0m
val_Precision: [4;34m0.7303[0m,               val_Recall: [4;33m0.4864[0m,                 val_F1 Score: [4;35m0.5733[0m
æ ‡ç­¾é‡Œ1çš„ä¸ªæ•°:  430
æ ‡ç­¾é‡Œ0çš„ä¸ªæ•°:  430
æ€»æ•°:  860
æ­£ç¡®çš„ä¸ªæ•°:  560
[4mLearning rate [91mincreased[4m to 0.001477[0m
Epoch [68/100], Loss: 31.2727
train_Accuracy: [91m0.9051[0m
train_Precision: [4;34m0.9183[0m,               train_Recall: [4;33m0.9032[0m,                 train_F1 Score: [4;35m0.9043[0m
æ ‡ç­¾é‡Œ1çš„ä¸ªæ•°:  2150
æ ‡ç­¾é‡Œ0çš„ä¸ªæ•°:  2150
æ€»æ•°:  4300
æ­£ç¡®çš„ä¸ªæ•°:  3892
æœ€åä¸€ä¸ªæ‰¹æ¬¡çš„è¾“å‡º, ä¸æ»¡batchsizeæ˜¯æ­£å¸¸çš„:
 tensor([[1.7691e-03],
        [2.5033e-03],
        [8.7145e-01],
        [6.8153e-01],
        [8.1905e-04],
        [7.9410e-01],
        [2.1095e-02],
        [5.1726e-03],
        [8.4459e-01],
        [7.2724e-03],
        [9.7469e-01],
        [8.7720e-01]], device='cuda:0', grad_fn=<SigmoidBackward0>)
Epoch [68/100], Loss: 36.4889
val_Accuracy: [92m0.6233[0m
val_Precision: [4;34m0.7704[0m,               val_Recall: [4;33m0.3631[0m,                 val_F1 Score: [4;35m0.4826[0m
æ ‡ç­¾é‡Œ1çš„ä¸ªæ•°:  430
æ ‡ç­¾é‡Œ0çš„ä¸ªæ•°:  430
æ€»æ•°:  860
æ­£ç¡®çš„ä¸ªæ•°:  536
Epoch [69/100], Loss: 28.2250
train_Accuracy: [91m0.9160[0m
train_Precision: [4;34m0.9237[0m,               train_Recall: [4;33m0.9176[0m,                 train_F1 Score: [4;35m0.9162[0m
æ ‡ç­¾é‡Œ1çš„ä¸ªæ•°:  2150
æ ‡ç­¾é‡Œ0çš„ä¸ªæ•°:  2150
æ€»æ•°:  4300
æ­£ç¡®çš„ä¸ªæ•°:  3939
æœ€åä¸€ä¸ªæ‰¹æ¬¡çš„è¾“å‡º, ä¸æ»¡batchsizeæ˜¯æ­£å¸¸çš„:
 tensor([[2.3542e-02],
        [2.8289e-03],
        [7.4958e-03],
        [1.5694e-03],
        [9.3639e-01],
        [8.3323e-01],
        [5.7418e-04],
        [8.9317e-01],
        [9.9460e-01],
        [1.7970e-03],
        [9.6511e-01],
        [8.4211e-01]], device='cuda:0', grad_fn=<SigmoidBackward0>)
Epoch [69/100], Loss: 34.3681
val_Accuracy: [92m0.6581[0m
val_Precision: [4;34m0.7843[0m,               val_Recall: [4;33m0.4487[0m,                 val_F1 Score: [4;35m0.5623[0m
æ ‡ç­¾é‡Œ1çš„ä¸ªæ•°:  430
æ ‡ç­¾é‡Œ0çš„ä¸ªæ•°:  430
æ€»æ•°:  860
æ­£ç¡®çš„ä¸ªæ•°:  566
Epoch [70/100], Loss: 32.6064
train_Accuracy: [91m0.9007[0m
train_Precision: [4;34m0.9149[0m,               train_Recall: [4;33m0.9009[0m,                 train_F1 Score: [4;35m0.8998[0m
æ ‡ç­¾é‡Œ1çš„ä¸ªæ•°:  2150
æ ‡ç­¾é‡Œ0çš„ä¸ªæ•°:  2150
æ€»æ•°:  4300
æ­£ç¡®çš„ä¸ªæ•°:  3873
æœ€åä¸€ä¸ªæ‰¹æ¬¡çš„è¾“å‡º, ä¸æ»¡batchsizeæ˜¯æ­£å¸¸çš„:
 tensor([[5.7314e-03],
        [5.6277e-04],
        [2.5369e-01],
        [3.5983e-02],
        [9.7066e-01],
        [9.3740e-01],
        [9.8117e-01],
        [9.9848e-01],
        [3.4056e-01],
        [3.1816e-02],
        [6.9582e-01],
        [9.9112e-01]], device='cuda:0', grad_fn=<SigmoidBackward0>)
Epoch [70/100], Loss: 31.5015
val_Accuracy: [92m0.6558[0m
val_Precision: [4;34m0.7553[0m,               val_Recall: [4;33m0.4769[0m,                 val_F1 Score: [4;35m0.5774[0m
æ ‡ç­¾é‡Œ1çš„ä¸ªæ•°:  430
æ ‡ç­¾é‡Œ0çš„ä¸ªæ•°:  430
æ€»æ•°:  860
æ­£ç¡®çš„ä¸ªæ•°:  564
[4mLearning rate [91mincreased[4m to 0.001551[0m
Epoch [71/100], Loss: 38.8719
train_Accuracy: [91m0.8740[0m
train_Precision: [4;34m0.8973[0m,               train_Recall: [4;33m0.8696[0m,                 train_F1 Score: [4;35m0.8696[0m
æ ‡ç­¾é‡Œ1çš„ä¸ªæ•°:  2150
æ ‡ç­¾é‡Œ0çš„ä¸ªæ•°:  2150
æ€»æ•°:  4300
æ­£ç¡®çš„ä¸ªæ•°:  3758
æœ€åä¸€ä¸ªæ‰¹æ¬¡çš„è¾“å‡º, ä¸æ»¡batchsizeæ˜¯æ­£å¸¸çš„:
 tensor([[4.4748e-01],
        [5.5183e-02],
        [9.8545e-01],
        [1.0360e-03],
        [8.2602e-01],
        [2.1888e-04],
        [1.9322e-03],
        [3.7337e-03],
        [9.8346e-01],
        [2.8391e-01],
        [9.2029e-01],
        [9.9319e-01]], device='cuda:0', grad_fn=<SigmoidBackward0>)
Epoch [71/100], Loss: 27.9276
val_Accuracy: [92m0.6616[0m
val_Precision: [4;34m0.7448[0m,               val_Recall: [4;33m0.5046[0m,                 val_F1 Score: [4;35m0.5945[0m
æ ‡ç­¾é‡Œ1çš„ä¸ªæ•°:  430
æ ‡ç­¾é‡Œ0çš„ä¸ªæ•°:  430
æ€»æ•°:  860
æ­£ç¡®çš„ä¸ªæ•°:  569
Epoch [72/100], Loss: 42.1188
train_Accuracy: [91m0.8591[0m
train_Precision: [4;34m0.8895[0m,               train_Recall: [4;33m0.8574[0m,                 train_F1 Score: [4;35m0.8537[0m
æ ‡ç­¾é‡Œ1çš„ä¸ªæ•°:  2150
æ ‡ç­¾é‡Œ0çš„ä¸ªæ•°:  2150
æ€»æ•°:  4300
æ­£ç¡®çš„ä¸ªæ•°:  3694
æœ€åä¸€ä¸ªæ‰¹æ¬¡çš„è¾“å‡º, ä¸æ»¡batchsizeæ˜¯æ­£å¸¸çš„:
 tensor([[3.1749e-02],
        [1.3965e-03],
        [9.0506e-01],
        [2.2247e-04],
        [6.5355e-01],
        [2.0796e-01],
        [3.9957e-01],
        [9.5553e-03],
        [1.4441e-01],
        [9.4124e-01],
        [9.6149e-03],
        [1.4558e-01]], device='cuda:0', grad_fn=<SigmoidBackward0>)
Epoch [72/100], Loss: 31.9999
val_Accuracy: [92m0.6407[0m
val_Precision: [4;34m0.8172[0m,               val_Recall: [4;33m0.3747[0m,                 val_F1 Score: [4;35m0.4987[0m
æ ‡ç­¾é‡Œ1çš„ä¸ªæ•°:  430
æ ‡ç­¾é‡Œ0çš„ä¸ªæ•°:  430
æ€»æ•°:  860
æ­£ç¡®çš„ä¸ªæ•°:  551
Epoch [73/100], Loss: 42.5841
train_Accuracy: [91m0.8567[0m
train_Precision: [4;34m0.8904[0m,               train_Recall: [4;33m0.8551[0m,                 train_F1 Score: [4;35m0.8516[0m
æ ‡ç­¾é‡Œ1çš„ä¸ªæ•°:  2150
æ ‡ç­¾é‡Œ0çš„ä¸ªæ•°:  2150
æ€»æ•°:  4300
æ­£ç¡®çš„ä¸ªæ•°:  3684
æœ€åä¸€ä¸ªæ‰¹æ¬¡çš„è¾“å‡º, ä¸æ»¡batchsizeæ˜¯æ­£å¸¸çš„:
 tensor([[0.1745],
        [0.9755],
        [0.9792],
        [0.9842],
        [0.9903],
        [0.9939],
        [0.3898],
        [0.9377],
        [0.0861],
        [0.4151],
        [0.0176],
        [0.0586]], device='cuda:0', grad_fn=<SigmoidBackward0>)
Epoch [73/100], Loss: 22.7696
val_Accuracy: [92m0.6663[0m
val_Precision: [4;34m0.7346[0m,               val_Recall: [4;33m0.5374[0m,                 val_F1 Score: [4;35m0.6137[0m
æ ‡ç­¾é‡Œ1çš„ä¸ªæ•°:  430
æ ‡ç­¾é‡Œ0çš„ä¸ªæ•°:  430
æ€»æ•°:  860
æ­£ç¡®çš„ä¸ªæ•°:  573
Epoch [74/100], Loss: 37.5780
train_Accuracy: [91m0.8702[0m
train_Precision: [4;34m0.8970[0m,               train_Recall: [4;33m0.8662[0m,                 train_F1 Score: [4;35m0.8657[0m
æ ‡ç­¾é‡Œ1çš„ä¸ªæ•°:  2150
æ ‡ç­¾é‡Œ0çš„ä¸ªæ•°:  2150
æ€»æ•°:  4300
æ­£ç¡®çš„ä¸ªæ•°:  3742
æœ€åä¸€ä¸ªæ‰¹æ¬¡çš„è¾“å‡º, ä¸æ»¡batchsizeæ˜¯æ­£å¸¸çš„:
 tensor([[0.0162],
        [0.0015],
        [0.9518],
        [0.9286],
        [0.9881],
        [0.0019],
        [0.0029],
        [0.9582],
        [0.1308],
        [0.0577],
        [0.9617],
        [0.9094]], device='cuda:0', grad_fn=<SigmoidBackward0>)
Epoch [74/100], Loss: 27.6135
val_Accuracy: [92m0.6605[0m
val_Precision: [4;34m0.7786[0m,               val_Recall: [4;33m0.4679[0m,                 val_F1 Score: [4;35m0.5738[0m
æ ‡ç­¾é‡Œ1çš„ä¸ªæ•°:  430
æ ‡ç­¾é‡Œ0çš„ä¸ªæ•°:  430
æ€»æ•°:  860
æ­£ç¡®çš„ä¸ªæ•°:  568
Epoch [75/100], Loss: 29.6061
train_Accuracy: [91m0.9081[0m
train_Precision: [4;34m0.9181[0m,               train_Recall: [4;33m0.9088[0m,                 train_F1 Score: [4;35m0.9069[0m
æ ‡ç­¾é‡Œ1çš„ä¸ªæ•°:  2150
æ ‡ç­¾é‡Œ0çš„ä¸ªæ•°:  2150
æ€»æ•°:  4300
æ­£ç¡®çš„ä¸ªæ•°:  3905
æœ€åä¸€ä¸ªæ‰¹æ¬¡çš„è¾“å‡º, ä¸æ»¡batchsizeæ˜¯æ­£å¸¸çš„:
 tensor([[9.8529e-01],
        [3.1923e-04],
        [9.9871e-01],
        [9.2669e-01],
        [9.5930e-01],
        [4.1449e-02],
        [4.5584e-02],
        [9.9850e-01],
        [1.3503e-02],
        [3.0110e-04],
        [7.2503e-01],
        [2.2081e-02]], device='cuda:0', grad_fn=<SigmoidBackward0>)
Epoch [75/100], Loss: 28.3352
val_Accuracy: [92m0.6744[0m
val_Precision: [4;34m0.7481[0m,               val_Recall: [4;33m0.5466[0m,                 val_F1 Score: [4;35m0.6230[0m
æ ‡ç­¾é‡Œ1çš„ä¸ªæ•°:  430
æ ‡ç­¾é‡Œ0çš„ä¸ªæ•°:  430
æ€»æ•°:  860
æ­£ç¡®çš„ä¸ªæ•°:  580
Epoch [76/100], Loss: 28.5874
train_Accuracy: [91m0.9093[0m
train_Precision: [4;34m0.9218[0m,               train_Recall: [4;33m0.9069[0m,                 train_F1 Score: [4;35m0.9084[0m
æ ‡ç­¾é‡Œ1çš„ä¸ªæ•°:  2150
æ ‡ç­¾é‡Œ0çš„ä¸ªæ•°:  2150
æ€»æ•°:  4300
æ­£ç¡®çš„ä¸ªæ•°:  3910
æœ€åä¸€ä¸ªæ‰¹æ¬¡çš„è¾“å‡º, ä¸æ»¡batchsizeæ˜¯æ­£å¸¸çš„:
 tensor([[0.9965],
        [0.0030],
        [0.0168],
        [0.0123],
        [0.0033],
        [0.0039],
        [0.0552],
        [0.9776],
        [0.9911],
        [0.9930],
        [0.9888],
        [0.9867]], device='cuda:0', grad_fn=<SigmoidBackward0>)
Epoch [76/100], Loss: 26.8672
val_Accuracy: [92m0.6663[0m
val_Precision: [4;34m0.6844[0m,               val_Recall: [4;33m0.6372[0m,                 val_F1 Score: [4;35m0.6540[0m
æ ‡ç­¾é‡Œ1çš„ä¸ªæ•°:  430
æ ‡ç­¾é‡Œ0çš„ä¸ªæ•°:  430
æ€»æ•°:  860
æ­£ç¡®çš„ä¸ªæ•°:  573
Epoch [77/100], Loss: 28.0626
train_Accuracy: [91m0.9160[0m
train_Precision: [4;34m0.9258[0m,               train_Recall: [4;33m0.9145[0m,                 train_F1 Score: [4;35m0.9152[0m
æ ‡ç­¾é‡Œ1çš„ä¸ªæ•°:  2150
æ ‡ç­¾é‡Œ0çš„ä¸ªæ•°:  2150
æ€»æ•°:  4300
æ­£ç¡®çš„ä¸ªæ•°:  3939
æœ€åä¸€ä¸ªæ‰¹æ¬¡çš„è¾“å‡º, ä¸æ»¡batchsizeæ˜¯æ­£å¸¸çš„:
 tensor([[9.9685e-01],
        [1.0132e-03],
        [3.3842e-02],
        [1.6121e-02],
        [9.8066e-01],
        [7.0663e-01],
        [9.6989e-01],
        [3.5985e-03],
        [2.9535e-01],
        [5.4639e-04],
        [1.2436e-02],
        [9.0877e-01]], device='cuda:0', grad_fn=<SigmoidBackward0>)
Epoch [77/100], Loss: 29.0962
val_Accuracy: [92m0.6605[0m
val_Precision: [4;34m0.7221[0m,               val_Recall: [4;33m0.5347[0m,                 val_F1 Score: [4;35m0.6074[0m
æ ‡ç­¾é‡Œ1çš„ä¸ªæ•°:  430
æ ‡ç­¾é‡Œ0çš„ä¸ªæ•°:  430
æ€»æ•°:  860
æ­£ç¡®çš„ä¸ªæ•°:  568
Epoch [78/100], Loss: 34.8915
train_Accuracy: [91m0.8881[0m
train_Precision: [4;34m0.9056[0m,               train_Recall: [4;33m0.8898[0m,                 train_F1 Score: [4;35m0.8872[0m
æ ‡ç­¾é‡Œ1çš„ä¸ªæ•°:  2150
æ ‡ç­¾é‡Œ0çš„ä¸ªæ•°:  2150
æ€»æ•°:  4300
æ­£ç¡®çš„ä¸ªæ•°:  3819
æœ€åä¸€ä¸ªæ‰¹æ¬¡çš„è¾“å‡º, ä¸æ»¡batchsizeæ˜¯æ­£å¸¸çš„:
 tensor([[7.8928e-01],
        [4.1175e-03],
        [7.3905e-01],
        [6.7213e-01],
        [9.7851e-01],
        [5.8079e-01],
        [1.6818e-02],
        [1.0819e-01],
        [1.6173e-03],
        [9.9546e-01],
        [6.0878e-05],
        [1.9122e-02]], device='cuda:0', grad_fn=<SigmoidBackward0>)
Epoch [78/100], Loss: 34.2513
val_Accuracy: [92m0.6512[0m
val_Precision: [4;34m0.7906[0m,               val_Recall: [4;33m0.4187[0m,                 val_F1 Score: [4;35m0.5380[0m
æ ‡ç­¾é‡Œ1çš„ä¸ªæ•°:  430
æ ‡ç­¾é‡Œ0çš„ä¸ªæ•°:  430
æ€»æ•°:  860
æ­£ç¡®çš„ä¸ªæ•°:  560
[4mLearning rate [91mincreased[4m to 0.001629[0m
Epoch [79/100], Loss: 38.2920
train_Accuracy: [91m0.8767[0m
train_Precision: [4;34m0.8956[0m,               train_Recall: [4;33m0.8829[0m,                 train_F1 Score: [4;35m0.8763[0m
æ ‡ç­¾é‡Œ1çš„ä¸ªæ•°:  2150
æ ‡ç­¾é‡Œ0çš„ä¸ªæ•°:  2150
æ€»æ•°:  4300
æ­£ç¡®çš„ä¸ªæ•°:  3770
æœ€åä¸€ä¸ªæ‰¹æ¬¡çš„è¾“å‡º, ä¸æ»¡batchsizeæ˜¯æ­£å¸¸çš„:
 tensor([[0.0177],
        [0.9861],
        [0.0747],
        [0.8269],
        [0.0166],
        [0.8119],
        [0.5810],
        [0.9123],
        [0.9769],
        [0.0054],
        [0.0041],
        [0.0010]], device='cuda:0', grad_fn=<SigmoidBackward0>)
Epoch [79/100], Loss: 31.5403
val_Accuracy: [92m0.6512[0m
val_Precision: [4;34m0.8144[0m,               val_Recall: [4;33m0.4071[0m,                 val_F1 Score: [4;35m0.5256[0m
æ ‡ç­¾é‡Œ1çš„ä¸ªæ•°:  430
æ ‡ç­¾é‡Œ0çš„ä¸ªæ•°:  430
æ€»æ•°:  860
æ­£ç¡®çš„ä¸ªæ•°:  560
[4mLearning rate [91mincreased[4m to 0.001710[0m
Epoch [80/100], Loss: 41.2258
train_Accuracy: [91m0.8605[0m
train_Precision: [4;34m0.8885[0m,               train_Recall: [4;33m0.8648[0m,                 train_F1 Score: [4;35m0.8578[0m
æ ‡ç­¾é‡Œ1çš„ä¸ªæ•°:  2150
æ ‡ç­¾é‡Œ0çš„ä¸ªæ•°:  2150
æ€»æ•°:  4300
æ­£ç¡®çš„ä¸ªæ•°:  3700
æœ€åä¸€ä¸ªæ‰¹æ¬¡çš„è¾“å‡º, ä¸æ»¡batchsizeæ˜¯æ­£å¸¸çš„:
 tensor([[0.9609],
        [0.9725],
        [0.1025],
        [0.0760],
        [0.9563],
        [0.1685],
        [0.9797],
        [0.0889],
        [0.9875],
        [0.9589],
        [0.1271],
        [0.5854]], device='cuda:0', grad_fn=<SigmoidBackward0>)
Epoch [80/100], Loss: 23.8582
val_Accuracy: [92m0.6628[0m
val_Precision: [4;34m0.7610[0m,               val_Recall: [4;33m0.4864[0m,                 val_F1 Score: [4;35m0.5818[0m
æ ‡ç­¾é‡Œ1çš„ä¸ªæ•°:  430
æ ‡ç­¾é‡Œ0çš„ä¸ªæ•°:  430
æ€»æ•°:  860
æ­£ç¡®çš„ä¸ªæ•°:  570
Epoch [81/100], Loss: 36.2379
train_Accuracy: [91m0.8847[0m
train_Precision: [4;34m0.9017[0m,               train_Recall: [4;33m0.8861[0m,                 train_F1 Score: [4;35m0.8812[0m
æ ‡ç­¾é‡Œ1çš„ä¸ªæ•°:  2150
æ ‡ç­¾é‡Œ0çš„ä¸ªæ•°:  2150
æ€»æ•°:  4300
æ­£ç¡®çš„ä¸ªæ•°:  3804
æœ€åä¸€ä¸ªæ‰¹æ¬¡çš„è¾“å‡º, ä¸æ»¡batchsizeæ˜¯æ­£å¸¸çš„:
 tensor([[9.2570e-01],
        [9.4083e-01],
        [1.7084e-03],
        [5.3693e-04],
        [9.8151e-01],
        [5.3651e-03],
        [6.6705e-01],
        [9.6665e-01],
        [4.7347e-02],
        [9.9033e-01],
        [9.5264e-01],
        [7.2483e-02]], device='cuda:0', grad_fn=<SigmoidBackward0>)
Epoch [81/100], Loss: 28.2894
val_Accuracy: [92m0.6558[0m
val_Precision: [4;34m0.7753[0m,               val_Recall: [4;33m0.4464[0m,                 val_F1 Score: [4;35m0.5573[0m
æ ‡ç­¾é‡Œ1çš„ä¸ªæ•°:  430
æ ‡ç­¾é‡Œ0çš„ä¸ªæ•°:  430
æ€»æ•°:  860
æ­£ç¡®çš„ä¸ªæ•°:  564
Epoch [82/100], Loss: 29.5303
train_Accuracy: [91m0.9126[0m
train_Precision: [4;34m0.9210[0m,               train_Recall: [4;33m0.9148[0m,                 train_F1 Score: [4;35m0.9125[0m
æ ‡ç­¾é‡Œ1çš„ä¸ªæ•°:  2150
æ ‡ç­¾é‡Œ0çš„ä¸ªæ•°:  2150
æ€»æ•°:  4300
æ­£ç¡®çš„ä¸ªæ•°:  3924
æœ€åä¸€ä¸ªæ‰¹æ¬¡çš„è¾“å‡º, ä¸æ»¡batchsizeæ˜¯æ­£å¸¸çš„:
 tensor([[0.1674],
        [0.2584],
        [0.8447],
        [0.0010],
        [0.9952],
        [0.0010],
        [0.0040],
        [0.9754],
        [0.8434],
        [0.9928],
        [0.0018],
        [0.9774]], device='cuda:0', grad_fn=<SigmoidBackward0>)
Epoch [82/100], Loss: 36.1985
val_Accuracy: [92m0.6465[0m
val_Precision: [4;34m0.8284[0m,               val_Recall: [4;33m0.3859[0m,                 val_F1 Score: [4;35m0.5152[0m
æ ‡ç­¾é‡Œ1çš„ä¸ªæ•°:  430
æ ‡ç­¾é‡Œ0çš„ä¸ªæ•°:  430
æ€»æ•°:  860
æ­£ç¡®çš„ä¸ªæ•°:  556
Epoch [83/100], Loss: 28.5907
train_Accuracy: [91m0.9160[0m
train_Precision: [4;34m0.9243[0m,               train_Recall: [4;33m0.9162[0m,                 train_F1 Score: [4;35m0.9156[0m
æ ‡ç­¾é‡Œ1çš„ä¸ªæ•°:  2150
æ ‡ç­¾é‡Œ0çš„ä¸ªæ•°:  2150
æ€»æ•°:  4300
æ­£ç¡®çš„ä¸ªæ•°:  3939
æœ€åä¸€ä¸ªæ‰¹æ¬¡çš„è¾“å‡º, ä¸æ»¡batchsizeæ˜¯æ­£å¸¸çš„:
 tensor([[8.8905e-02],
        [9.4973e-01],
        [3.9313e-03],
        [3.1677e-04],
        [8.5698e-02],
        [9.5964e-01],
        [3.7322e-04],
        [9.7942e-01],
        [7.4215e-01],
        [6.3718e-03],
        [9.8546e-01],
        [9.9852e-01]], device='cuda:0', grad_fn=<SigmoidBackward0>)
Epoch [83/100], Loss: 36.0935
val_Accuracy: [92m0.6477[0m
val_Precision: [4;34m0.7852[0m,               val_Recall: [4;33m0.4210[0m,                 val_F1 Score: [4;35m0.5377[0m
æ ‡ç­¾é‡Œ1çš„ä¸ªæ•°:  430
æ ‡ç­¾é‡Œ0çš„ä¸ªæ•°:  430
æ€»æ•°:  860
æ­£ç¡®çš„ä¸ªæ•°:  557
Epoch [84/100], Loss: 28.7808
train_Accuracy: [91m0.9091[0m
train_Precision: [4;34m0.9204[0m,               train_Recall: [4;33m0.9088[0m,                 train_F1 Score: [4;35m0.9093[0m
æ ‡ç­¾é‡Œ1çš„ä¸ªæ•°:  2150
æ ‡ç­¾é‡Œ0çš„ä¸ªæ•°:  2150
æ€»æ•°:  4300
æ­£ç¡®çš„ä¸ªæ•°:  3909
æœ€åä¸€ä¸ªæ‰¹æ¬¡çš„è¾“å‡º, ä¸æ»¡batchsizeæ˜¯æ­£å¸¸çš„:
 tensor([[9.9674e-01],
        [3.0256e-04],
        [9.9770e-01],
        [9.6800e-01],
        [2.3796e-02],
        [8.5544e-02],
        [9.5155e-01],
        [9.8242e-01],
        [1.1445e-03],
        [1.6900e-03],
        [8.6047e-01],
        [5.3025e-04]], device='cuda:0', grad_fn=<SigmoidBackward0>)
Epoch [84/100], Loss: 37.0446
val_Accuracy: [92m0.6372[0m
val_Precision: [4;34m0.7873[0m,               val_Recall: [4;33m0.3952[0m,                 val_F1 Score: [4;35m0.5133[0m
æ ‡ç­¾é‡Œ1çš„ä¸ªæ•°:  430
æ ‡ç­¾é‡Œ0çš„ä¸ªæ•°:  430
æ€»æ•°:  860
æ­£ç¡®çš„ä¸ªæ•°:  548
Epoch [85/100], Loss: 30.1262
train_Accuracy: [91m0.9051[0m
train_Precision: [4;34m0.9168[0m,               train_Recall: [4;33m0.9065[0m,                 train_F1 Score: [4;35m0.9048[0m
æ ‡ç­¾é‡Œ1çš„ä¸ªæ•°:  2150
æ ‡ç­¾é‡Œ0çš„ä¸ªæ•°:  2150
æ€»æ•°:  4300
æ­£ç¡®çš„ä¸ªæ•°:  3892
æœ€åä¸€ä¸ªæ‰¹æ¬¡çš„è¾“å‡º, ä¸æ»¡batchsizeæ˜¯æ­£å¸¸çš„:
 tensor([[3.7304e-02],
        [9.8795e-01],
        [1.2693e-02],
        [8.6127e-01],
        [1.2598e-01],
        [2.3777e-04],
        [3.9523e-03],
        [1.2924e-01],
        [9.7599e-01],
        [9.5835e-01],
        [9.9710e-01],
        [9.2631e-01]], device='cuda:0', grad_fn=<SigmoidBackward0>)
Epoch [85/100], Loss: 36.6049
val_Accuracy: [92m0.6360[0m
val_Precision: [4;34m0.7815[0m,               val_Recall: [4;33m0.3836[0m,                 val_F1 Score: [4;35m0.5033[0m
æ ‡ç­¾é‡Œ1çš„ä¸ªæ•°:  430
æ ‡ç­¾é‡Œ0çš„ä¸ªæ•°:  430
æ€»æ•°:  860
æ­£ç¡®çš„ä¸ªæ•°:  547
[4mLearning rate [91mincreased[4m to 0.001796[0m
Epoch [86/100], Loss: 29.6572
train_Accuracy: [91m0.9093[0m
train_Precision: [4;34m0.9196[0m,               train_Recall: [4;33m0.9079[0m,                 train_F1 Score: [4;35m0.9083[0m
æ ‡ç­¾é‡Œ1çš„ä¸ªæ•°:  2150
æ ‡ç­¾é‡Œ0çš„ä¸ªæ•°:  2150
æ€»æ•°:  4300
æ­£ç¡®çš„ä¸ªæ•°:  3910
æœ€åä¸€ä¸ªæ‰¹æ¬¡çš„è¾“å‡º, ä¸æ»¡batchsizeæ˜¯æ­£å¸¸çš„:
 tensor([[9.6395e-01],
        [1.9566e-03],
        [9.5007e-01],
        [4.1772e-03],
        [7.4222e-01],
        [9.8891e-01],
        [6.5792e-01],
        [9.8429e-01],
        [9.8761e-01],
        [1.4126e-02],
        [7.1682e-04],
        [1.6982e-03]], device='cuda:0', grad_fn=<SigmoidBackward0>)
Epoch [86/100], Loss: 39.9798
val_Accuracy: [92m0.6337[0m
val_Precision: [4;34m0.8195[0m,               val_Recall: [4;33m0.3489[0m,                 val_F1 Score: [4;35m0.4799[0m
æ ‡ç­¾é‡Œ1çš„ä¸ªæ•°:  430
æ ‡ç­¾é‡Œ0çš„ä¸ªæ•°:  430
æ€»æ•°:  860
æ­£ç¡®çš„ä¸ªæ•°:  545
[4mLearning rate [91mincreased[4m to 0.001886[0m
Epoch [87/100], Loss: 30.4778
train_Accuracy: [91m0.9056[0m
train_Precision: [4;34m0.9148[0m,               train_Recall: [4;33m0.9069[0m,                 train_F1 Score: [4;35m0.9056[0m
æ ‡ç­¾é‡Œ1çš„ä¸ªæ•°:  2150
æ ‡ç­¾é‡Œ0çš„ä¸ªæ•°:  2150
æ€»æ•°:  4300
æ­£ç¡®çš„ä¸ªæ•°:  3894
æœ€åä¸€ä¸ªæ‰¹æ¬¡çš„è¾“å‡º, ä¸æ»¡batchsizeæ˜¯æ­£å¸¸çš„:
 tensor([[1.5945e-03],
        [1.1834e-02],
        [9.9530e-01],
        [9.2216e-01],
        [2.3269e-02],
        [3.1812e-02],
        [9.5704e-01],
        [2.0223e-03],
        [9.7185e-01],
        [1.8442e-04],
        [8.6837e-01],
        [9.8149e-01]], device='cuda:0', grad_fn=<SigmoidBackward0>)
Epoch [87/100], Loss: 36.5618
val_Accuracy: [92m0.6384[0m
val_Precision: [4;34m0.7742[0m,               val_Recall: [4;33m0.3952[0m,                 val_F1 Score: [4;35m0.5170[0m
æ ‡ç­¾é‡Œ1çš„ä¸ªæ•°:  430
æ ‡ç­¾é‡Œ0çš„ä¸ªæ•°:  430
æ€»æ•°:  860
æ­£ç¡®çš„ä¸ªæ•°:  549
Epoch [88/100], Loss: 41.9804
train_Accuracy: [91m0.8684[0m
train_Precision: [4;34m0.8929[0m,               train_Recall: [4;33m0.8694[0m,                 train_F1 Score: [4;35m0.8636[0m
æ ‡ç­¾é‡Œ1çš„ä¸ªæ•°:  2150
æ ‡ç­¾é‡Œ0çš„ä¸ªæ•°:  2150
æ€»æ•°:  4300
æ­£ç¡®çš„ä¸ªæ•°:  3734
æœ€åä¸€ä¸ªæ‰¹æ¬¡çš„è¾“å‡º, ä¸æ»¡batchsizeæ˜¯æ­£å¸¸çš„:
 tensor([[9.6341e-01],
        [9.7430e-01],
        [8.3613e-01],
        [2.2067e-01],
        [9.4683e-03],
        [9.5950e-01],
        [6.3102e-03],
        [9.9587e-01],
        [9.0301e-04],
        [1.5662e-01],
        [9.8132e-01],
        [9.9254e-01]], device='cuda:0', grad_fn=<SigmoidBackward0>)
Epoch [88/100], Loss: 28.7318
val_Accuracy: [92m0.6547[0m
val_Precision: [4;34m0.7871[0m,               val_Recall: [4;33m0.4441[0m,                 val_F1 Score: [4;35m0.5570[0m
æ ‡ç­¾é‡Œ1çš„ä¸ªæ•°:  430
æ ‡ç­¾é‡Œ0çš„ä¸ªæ•°:  430
æ€»æ•°:  860
æ­£ç¡®çš„ä¸ªæ•°:  563
Epoch [89/100], Loss: 37.7837
train_Accuracy: [91m0.8753[0m
train_Precision: [4;34m0.8999[0m,               train_Recall: [4;33m0.8736[0m,                 train_F1 Score: [4;35m0.8725[0m
æ ‡ç­¾é‡Œ1çš„ä¸ªæ•°:  2150
æ ‡ç­¾é‡Œ0çš„ä¸ªæ•°:  2150
æ€»æ•°:  4300
æ­£ç¡®çš„ä¸ªæ•°:  3764
æœ€åä¸€ä¸ªæ‰¹æ¬¡çš„è¾“å‡º, ä¸æ»¡batchsizeæ˜¯æ­£å¸¸çš„:
 tensor([[0.7152],
        [0.0045],
        [0.9209],
        [0.0372],
        [0.9731],
        [0.0184],
        [0.9283],
        [0.8872],
        [0.9657],
        [0.0013],
        [0.9940],
        [0.1146]], device='cuda:0', grad_fn=<SigmoidBackward0>)
Epoch [89/100], Loss: 30.5086
val_Accuracy: [92m0.6372[0m
val_Precision: [4;34m0.8117[0m,               val_Recall: [4;33m0.3724[0m,                 val_F1 Score: [4;35m0.4990[0m
æ ‡ç­¾é‡Œ1çš„ä¸ªæ•°:  430
æ ‡ç­¾é‡Œ0çš„ä¸ªæ•°:  430
æ€»æ•°:  860
æ­£ç¡®çš„ä¸ªæ•°:  548
Epoch [90/100], Loss: 34.6185
train_Accuracy: [91m0.8849[0m
train_Precision: [4;34m0.9073[0m,               train_Recall: [4;33m0.8815[0m,                 train_F1 Score: [4;35m0.8820[0m
æ ‡ç­¾é‡Œ1çš„ä¸ªæ•°:  2150
æ ‡ç­¾é‡Œ0çš„ä¸ªæ•°:  2150
æ€»æ•°:  4300
æ­£ç¡®çš„ä¸ªæ•°:  3805
æœ€åä¸€ä¸ªæ‰¹æ¬¡çš„è¾“å‡º, ä¸æ»¡batchsizeæ˜¯æ­£å¸¸çš„:
 tensor([[1.0807e-02],
        [5.0440e-03],
        [9.8962e-01],
        [9.1806e-01],
        [1.1176e-01],
        [8.2149e-04],
        [3.9034e-02],
        [9.6741e-01],
        [8.3378e-01],
        [9.9060e-01],
        [6.6384e-02],
        [8.4890e-01]], device='cuda:0', grad_fn=<SigmoidBackward0>)
Epoch [90/100], Loss: 31.7027
val_Accuracy: [92m0.6477[0m
val_Precision: [4;34m0.7821[0m,               val_Recall: [4;33m0.4256[0m,                 val_F1 Score: [4;35m0.5424[0m
æ ‡ç­¾é‡Œ1çš„ä¸ªæ•°:  430
æ ‡ç­¾é‡Œ0çš„ä¸ªæ•°:  430
æ€»æ•°:  860
æ­£ç¡®çš„ä¸ªæ•°:  557
Epoch [91/100], Loss: 27.7559
train_Accuracy: [91m0.9165[0m
train_Precision: [4;34m0.9250[0m,               train_Recall: [4;33m0.9167[0m,                 train_F1 Score: [4;35m0.9160[0m
æ ‡ç­¾é‡Œ1çš„ä¸ªæ•°:  2150
æ ‡ç­¾é‡Œ0çš„ä¸ªæ•°:  2150
æ€»æ•°:  4300
æ­£ç¡®çš„ä¸ªæ•°:  3941
æœ€åä¸€ä¸ªæ‰¹æ¬¡çš„è¾“å‡º, ä¸æ»¡batchsizeæ˜¯æ­£å¸¸çš„:
 tensor([[0.9767],
        [0.9931],
        [0.1043],
        [0.0377],
        [0.0133],
        [0.0121],
        [0.9631],
        [0.9979],
        [0.0248],
        [0.9863],
        [0.9954],
        [0.6683]], device='cuda:0', grad_fn=<SigmoidBackward0>)
Epoch [91/100], Loss: 28.9894
val_Accuracy: [92m0.6523[0m
val_Precision: [4;34m0.7124[0m,               val_Recall: [4;33m0.5274[0m,                 val_F1 Score: [4;35m0.6013[0m
æ ‡ç­¾é‡Œ1çš„ä¸ªæ•°:  430
æ ‡ç­¾é‡Œ0çš„ä¸ªæ•°:  430
æ€»æ•°:  860
æ­£ç¡®çš„ä¸ªæ•°:  561
Epoch [92/100], Loss: 30.4555
train_Accuracy: [91m0.9060[0m
train_Precision: [4;34m0.9181[0m,               train_Recall: [4;33m0.9060[0m,                 train_F1 Score: [4;35m0.9057[0m
æ ‡ç­¾é‡Œ1çš„ä¸ªæ•°:  2150
æ ‡ç­¾é‡Œ0çš„ä¸ªæ•°:  2150
æ€»æ•°:  4300
æ­£ç¡®çš„ä¸ªæ•°:  3896
æœ€åä¸€ä¸ªæ‰¹æ¬¡çš„è¾“å‡º, ä¸æ»¡batchsizeæ˜¯æ­£å¸¸çš„:
 tensor([[8.2199e-01],
        [6.2323e-01],
        [9.6802e-01],
        [9.6053e-01],
        [1.0106e-03],
        [3.9700e-03],
        [9.9737e-01],
        [9.2930e-04],
        [1.6741e-02],
        [2.0098e-02],
        [1.8310e-02],
        [9.4809e-01]], device='cuda:0', grad_fn=<SigmoidBackward0>)
Epoch [92/100], Loss: 43.8773
val_Accuracy: [92m0.6198[0m
val_Precision: [4;34m0.8049[0m,               val_Recall: [4;33m0.3188[0m,                 val_F1 Score: [4;35m0.4463[0m
æ ‡ç­¾é‡Œ1çš„ä¸ªæ•°:  430
æ ‡ç­¾é‡Œ0çš„ä¸ªæ•°:  430
æ€»æ•°:  860
æ­£ç¡®çš„ä¸ªæ•°:  533
Epoch [93/100], Loss: 32.4119
train_Accuracy: [91m0.9019[0m
train_Precision: [4;34m0.9114[0m,               train_Recall: [4;33m0.9032[0m,                 train_F1 Score: [4;35m0.9011[0m
æ ‡ç­¾é‡Œ1çš„ä¸ªæ•°:  2150
æ ‡ç­¾é‡Œ0çš„ä¸ªæ•°:  2150
æ€»æ•°:  4300
æ­£ç¡®çš„ä¸ªæ•°:  3878
æœ€åä¸€ä¸ªæ‰¹æ¬¡çš„è¾“å‡º, ä¸æ»¡batchsizeæ˜¯æ­£å¸¸çš„:
 tensor([[9.3270e-03],
        [8.8863e-01],
        [1.1172e-04],
        [4.5753e-02],
        [5.6474e-01],
        [6.0198e-04],
        [6.9852e-01],
        [1.1234e-04],
        [8.8625e-01],
        [3.7350e-05],
        [9.9903e-01],
        [9.0744e-01]], device='cuda:0', grad_fn=<SigmoidBackward0>)
Epoch [93/100], Loss: 46.0498
val_Accuracy: [92m0.6081[0m
val_Precision: [4;34m0.8397[0m,               val_Recall: [4;33m0.2748[0m,                 val_F1 Score: [4;35m0.4036[0m
æ ‡ç­¾é‡Œ1çš„ä¸ªæ•°:  430
æ ‡ç­¾é‡Œ0çš„ä¸ªæ•°:  430
æ€»æ•°:  860
æ­£ç¡®çš„ä¸ªæ•°:  523
Epoch [94/100], Loss: 30.4561
train_Accuracy: [91m0.9033[0m
train_Precision: [4;34m0.9138[0m,               train_Recall: [4;33m0.9042[0m,                 train_F1 Score: [4;35m0.9018[0m
æ ‡ç­¾é‡Œ1çš„ä¸ªæ•°:  2150
æ ‡ç­¾é‡Œ0çš„ä¸ªæ•°:  2150
æ€»æ•°:  4300
æ­£ç¡®çš„ä¸ªæ•°:  3884
æœ€åä¸€ä¸ªæ‰¹æ¬¡çš„è¾“å‡º, ä¸æ»¡batchsizeæ˜¯æ­£å¸¸çš„:
 tensor([[7.5790e-01],
        [9.9368e-01],
        [3.4990e-01],
        [9.9034e-01],
        [7.8966e-04],
        [1.6000e-01],
        [9.9806e-01],
        [9.6672e-01],
        [1.4494e-03],
        [3.8688e-04],
        [9.9866e-01],
        [1.8501e-02]], device='cuda:0', grad_fn=<SigmoidBackward0>)
Epoch [94/100], Loss: 35.6314
val_Accuracy: [92m0.6326[0m
val_Precision: [4;34m0.7678[0m,               val_Recall: [4;33m0.3793[0m,                 val_F1 Score: [4;35m0.4978[0m
æ ‡ç­¾é‡Œ1çš„ä¸ªæ•°:  430
æ ‡ç­¾é‡Œ0çš„ä¸ªæ•°:  430
æ€»æ•°:  860
æ­£ç¡®çš„ä¸ªæ•°:  544
[4mLearning rate [91mincreased[4m to 0.001980[0m
Epoch [95/100], Loss: 29.4406
train_Accuracy: [91m0.9070[0m
train_Precision: [4;34m0.9183[0m,               train_Recall: [4;33m0.9069[0m,                 train_F1 Score: [4;35m0.9066[0m
æ ‡ç­¾é‡Œ1çš„ä¸ªæ•°:  2150
æ ‡ç­¾é‡Œ0çš„ä¸ªæ•°:  2150
æ€»æ•°:  4300
æ­£ç¡®çš„ä¸ªæ•°:  3900
æœ€åä¸€ä¸ªæ‰¹æ¬¡çš„è¾“å‡º, ä¸æ»¡batchsizeæ˜¯æ­£å¸¸çš„:
 tensor([[9.8322e-01],
        [9.9392e-01],
        [9.6136e-01],
        [1.3219e-03],
        [6.6300e-03],
        [9.9114e-01],
        [9.7516e-01],
        [5.2400e-04],
        [3.4392e-03],
        [9.9961e-01],
        [6.1289e-04],
        [3.1690e-02]], device='cuda:0', grad_fn=<SigmoidBackward0>)
Epoch [95/100], Loss: 40.9794
val_Accuracy: [92m0.6221[0m
val_Precision: [4;34m0.7997[0m,               val_Recall: [4;33m0.3284[0m,                 val_F1 Score: [4;35m0.4557[0m
æ ‡ç­¾é‡Œ1çš„ä¸ªæ•°:  430
æ ‡ç­¾é‡Œ0çš„ä¸ªæ•°:  430
æ€»æ•°:  860
æ­£ç¡®çš„ä¸ªæ•°:  535
Epoch [96/100], Loss: 31.4932
train_Accuracy: [91m0.8960[0m
train_Precision: [4;34m0.9150[0m,               train_Recall: [4;33m0.8912[0m,                 train_F1 Score: [4;35m0.8936[0m
æ ‡ç­¾é‡Œ1çš„ä¸ªæ•°:  2150
æ ‡ç­¾é‡Œ0çš„ä¸ªæ•°:  2150
æ€»æ•°:  4300
æ­£ç¡®çš„ä¸ªæ•°:  3853
æœ€åä¸€ä¸ªæ‰¹æ¬¡çš„è¾“å‡º, ä¸æ»¡batchsizeæ˜¯æ­£å¸¸çš„:
 tensor([[0.9758],
        [0.0144],
        [0.0253],
        [0.9347],
        [0.0213],
        [0.1183],
        [0.9975],
        [0.9977],
        [0.9986],
        [0.9948],
        [0.0328],
        [0.1180]], device='cuda:0', grad_fn=<SigmoidBackward0>)
Epoch [96/100], Loss: 29.9195
val_Accuracy: [92m0.6570[0m
val_Precision: [4;34m0.7332[0m,               val_Recall: [4;33m0.5050[0m,                 val_F1 Score: [4;35m0.5913[0m
æ ‡ç­¾é‡Œ1çš„ä¸ªæ•°:  430
æ ‡ç­¾é‡Œ0çš„ä¸ªæ•°:  430
æ€»æ•°:  860
æ­£ç¡®çš„ä¸ªæ•°:  565
Epoch [97/100], Loss: 37.9340
train_Accuracy: [91m0.8823[0m
train_Precision: [4;34m0.9015[0m,               train_Recall: [4;33m0.8833[0m,                 train_F1 Score: [4;35m0.8801[0m
æ ‡ç­¾é‡Œ1çš„ä¸ªæ•°:  2150
æ ‡ç­¾é‡Œ0çš„ä¸ªæ•°:  2150
æ€»æ•°:  4300
æ­£ç¡®çš„ä¸ªæ•°:  3794
æœ€åä¸€ä¸ªæ‰¹æ¬¡çš„è¾“å‡º, ä¸æ»¡batchsizeæ˜¯æ­£å¸¸çš„:
 tensor([[0.4317],
        [0.4409],
        [0.9940],
        [0.9972],
        [0.9936],
        [0.9967],
        [0.0050],
        [0.2510],
        [0.3866],
        [0.9974],
        [0.9990],
        [0.9640]], device='cuda:0', grad_fn=<SigmoidBackward0>)
Epoch [97/100], Loss: 30.0145
val_Accuracy: [92m0.6616[0m
val_Precision: [4;34m0.7802[0m,               val_Recall: [4;33m0.4630[0m,                 val_F1 Score: [4;35m0.5735[0m
æ ‡ç­¾é‡Œ1çš„ä¸ªæ•°:  430
æ ‡ç­¾é‡Œ0çš„ä¸ªæ•°:  430
æ€»æ•°:  860
æ­£ç¡®çš„ä¸ªæ•°:  569
Epoch [98/100], Loss: 41.5264
train_Accuracy: [91m0.8714[0m
train_Precision: [4;34m0.9010[0m,               train_Recall: [4;33m0.8667[0m,                 train_F1 Score: [4;35m0.8678[0m
æ ‡ç­¾é‡Œ1çš„ä¸ªæ•°:  2150
æ ‡ç­¾é‡Œ0çš„ä¸ªæ•°:  2150
æ€»æ•°:  4300
æ­£ç¡®çš„ä¸ªæ•°:  3747
æœ€åä¸€ä¸ªæ‰¹æ¬¡çš„è¾“å‡º, ä¸æ»¡batchsizeæ˜¯æ­£å¸¸çš„:
 tensor([[0.0886],
        [0.9907],
        [0.0261],
        [0.8178],
        [0.9972],
        [0.0223],
        [0.7065],
        [0.8865],
        [0.0287],
        [0.9934],
        [0.0083],
        [0.9948]], device='cuda:0', grad_fn=<SigmoidBackward0>)
Epoch [98/100], Loss: 27.9140
val_Accuracy: [92m0.6570[0m
val_Precision: [4;34m0.7362[0m,               val_Recall: [4;33m0.5026[0m,                 val_F1 Score: [4;35m0.5898[0m
æ ‡ç­¾é‡Œ1çš„ä¸ªæ•°:  430
æ ‡ç­¾é‡Œ0çš„ä¸ªæ•°:  430
æ€»æ•°:  860
æ­£ç¡®çš„ä¸ªæ•°:  565
Epoch [99/100], Loss: 43.5232
train_Accuracy: [91m0.8533[0m
train_Precision: [4;34m0.8881[0m,               train_Recall: [4;33m0.8500[0m,                 train_F1 Score: [4;35m0.8476[0m
æ ‡ç­¾é‡Œ1çš„ä¸ªæ•°:  2150
æ ‡ç­¾é‡Œ0çš„ä¸ªæ•°:  2150
æ€»æ•°:  4300
æ­£ç¡®çš„ä¸ªæ•°:  3669
æœ€åä¸€ä¸ªæ‰¹æ¬¡çš„è¾“å‡º, ä¸æ»¡batchsizeæ˜¯æ­£å¸¸çš„:
 tensor([[0.9580],
        [0.4275],
        [0.7123],
        [0.4624],
        [0.4804],
        [0.9443],
        [0.9981],
        [0.9961],
        [0.0114],
        [0.4154],
        [0.9988],
        [0.9966]], device='cuda:0', grad_fn=<SigmoidBackward0>)
Epoch [99/100], Loss: 23.8594
val_Accuracy: [92m0.6372[0m
val_Precision: [4;34m0.6207[0m,               val_Recall: [4;33m0.7252[0m,                 val_F1 Score: [4;35m0.6651[0m
æ ‡ç­¾é‡Œ1çš„ä¸ªæ•°:  430
æ ‡ç­¾é‡Œ0çš„ä¸ªæ•°:  430
æ€»æ•°:  860
æ­£ç¡®çš„ä¸ªæ•°:  548
Epoch [100/100], Loss: 39.8250
train_Accuracy: [91m0.8714[0m
train_Precision: [4;34m0.9008[0m,               train_Recall: [4;33m0.8699[0m,                 train_F1 Score: [4;35m0.8652[0m
æ ‡ç­¾é‡Œ1çš„ä¸ªæ•°:  2150
æ ‡ç­¾é‡Œ0çš„ä¸ªæ•°:  2150
æ€»æ•°:  4300
æ­£ç¡®çš„ä¸ªæ•°:  3747
æœ€åä¸€ä¸ªæ‰¹æ¬¡çš„è¾“å‡º, ä¸æ»¡batchsizeæ˜¯æ­£å¸¸çš„:
 tensor([[0.0235],
        [0.9855],
        [0.9988],
        [0.9975],
        [0.3513],
        [0.6342],
        [0.9915],
        [0.9836],
        [0.0039],
        [0.9934],
        [0.0396],
        [0.2042]], device='cuda:0', grad_fn=<SigmoidBackward0>)
Epoch [100/100], Loss: 24.5563
val_Accuracy: [92m0.6477[0m
val_Precision: [4;34m0.6310[0m,               val_Recall: [4;33m0.7159[0m,                 val_F1 Score: [4;35m0.6680[0m
æ ‡ç­¾é‡Œ1çš„ä¸ªæ•°:  430
æ ‡ç­¾é‡Œ0çš„ä¸ªæ•°:  430
æ€»æ•°:  860
æ­£ç¡®çš„ä¸ªæ•°:  557
