nohup: ignoring input
2024-06-03-11:17:26
åˆ›å»ºæ¨¡å‹å®ä¾‹
æ¨¡å‹å®ä¾‹åˆ›å»ºå®Œæˆ
Epoch [1/100], Loss: 6455.4309
train_Accuracy: [91m0.5000[0m
train_Precision: [4;34m0.0037[0m,               train_Recall: [4;33m0.0074[0m,                 train_F1 Score: [4;35m0.0049[0m
æ ‡ç­¾é‡Œ1çš„ä¸ªæ•°:  2150
æ ‡ç­¾é‡Œ0çš„ä¸ªæ•°:  2150
æ€»æ•°:  4300
æ­£ç¡®çš„ä¸ªæ•°:  2150
æœ€åä¸€ä¸ªæ‰¹æ¬¡çš„è¾“å‡º, ä¸æ»¡batchsizeæ˜¯æ­£å¸¸çš„:
 tensor([[0.],
        [0.],
        [0.],
        [0.],
        [0.],
        [0.],
        [0.],
        [0.],
        [0.],
        [0.],
        [0.],
        [0.]], device='cuda:0', grad_fn=<SigmoidBackward0>)
Epoch [1/100], Loss: 1239.5433
val_Accuracy: [92m0.5000[0m
val_Precision: [4;34m0.0000[0m,               val_Recall: [4;33m0.0000[0m,                 val_F1 Score: [4;35m0.0000[0m
æ ‡ç­¾é‡Œ1çš„ä¸ªæ•°:  430
æ ‡ç­¾é‡Œ0çš„ä¸ªæ•°:  430
æ€»æ•°:  860
æ­£ç¡®çš„ä¸ªæ•°:  430
Epoch [2/100], Loss: 6666.2437
train_Accuracy: [91m0.5000[0m
train_Precision: [4;34m0.0000[0m,               train_Recall: [4;33m0.0000[0m,                 train_F1 Score: [4;35m0.0000[0m
æ ‡ç­¾é‡Œ1çš„ä¸ªæ•°:  2150
æ ‡ç­¾é‡Œ0çš„ä¸ªæ•°:  2150
æ€»æ•°:  4300
æ­£ç¡®çš„ä¸ªæ•°:  2150
æœ€åä¸€ä¸ªæ‰¹æ¬¡çš„è¾“å‡º, ä¸æ»¡batchsizeæ˜¯æ­£å¸¸çš„:
 tensor([[0.],
        [0.],
        [0.],
        [0.],
        [0.],
        [0.],
        [0.],
        [0.],
        [0.],
        [0.],
        [0.],
        [0.]], device='cuda:0', grad_fn=<SigmoidBackward0>)
Epoch [2/100], Loss: 1222.8118
val_Accuracy: [92m0.5000[0m
val_Precision: [4;34m0.0000[0m,               val_Recall: [4;33m0.0000[0m,                 val_F1 Score: [4;35m0.0000[0m
æ ‡ç­¾é‡Œ1çš„ä¸ªæ•°:  430
æ ‡ç­¾é‡Œ0çš„ä¸ªæ•°:  430
æ€»æ•°:  860
æ­£ç¡®çš„ä¸ªæ•°:  430
Epoch [3/100], Loss: 6651.8110
train_Accuracy: [91m0.5000[0m
train_Precision: [4;34m0.0000[0m,               train_Recall: [4;33m0.0000[0m,                 train_F1 Score: [4;35m0.0000[0m
æ ‡ç­¾é‡Œ1çš„ä¸ªæ•°:  2150
æ ‡ç­¾é‡Œ0çš„ä¸ªæ•°:  2150
æ€»æ•°:  4300
æ­£ç¡®çš„ä¸ªæ•°:  2150
æœ€åä¸€ä¸ªæ‰¹æ¬¡çš„è¾“å‡º, ä¸æ»¡batchsizeæ˜¯æ­£å¸¸çš„:
 tensor([[0.],
        [0.],
        [0.],
        [0.],
        [0.],
        [0.],
        [0.],
        [0.],
        [0.],
        [0.],
        [0.],
        [0.]], device='cuda:0', grad_fn=<SigmoidBackward0>)
Epoch [3/100], Loss: 1207.6257
val_Accuracy: [92m0.5000[0m
val_Precision: [4;34m0.0000[0m,               val_Recall: [4;33m0.0000[0m,                 val_F1 Score: [4;35m0.0000[0m
æ ‡ç­¾é‡Œ1çš„ä¸ªæ•°:  430
æ ‡ç­¾é‡Œ0çš„ä¸ªæ•°:  430
æ€»æ•°:  860
æ­£ç¡®çš„ä¸ªæ•°:  430
Epoch [4/100], Loss: 6635.5028
train_Accuracy: [91m0.5000[0m
train_Precision: [4;34m0.0000[0m,               train_Recall: [4;33m0.0000[0m,                 train_F1 Score: [4;35m0.0000[0m
æ ‡ç­¾é‡Œ1çš„ä¸ªæ•°:  2150
æ ‡ç­¾é‡Œ0çš„ä¸ªæ•°:  2150
æ€»æ•°:  4300
æ­£ç¡®çš„ä¸ªæ•°:  2150
æœ€åä¸€ä¸ªæ‰¹æ¬¡çš„è¾“å‡º, ä¸æ»¡batchsizeæ˜¯æ­£å¸¸çš„:
 tensor([[0.],
        [0.],
        [0.],
        [0.],
        [0.],
        [0.],
        [0.],
        [0.],
        [0.],
        [0.],
        [0.],
        [0.]], device='cuda:0', grad_fn=<SigmoidBackward0>)
Epoch [4/100], Loss: 1192.1628
val_Accuracy: [92m0.5000[0m
val_Precision: [4;34m0.0000[0m,               val_Recall: [4;33m0.0000[0m,                 val_F1 Score: [4;35m0.0000[0m
æ ‡ç­¾é‡Œ1çš„ä¸ªæ•°:  430
æ ‡ç­¾é‡Œ0çš„ä¸ªæ•°:  430
æ€»æ•°:  860
æ­£ç¡®çš„ä¸ªæ•°:  430
Epoch [5/100], Loss: 6619.6014
train_Accuracy: [91m0.5000[0m
train_Precision: [4;34m0.0000[0m,               train_Recall: [4;33m0.0000[0m,                 train_F1 Score: [4;35m0.0000[0m
æ ‡ç­¾é‡Œ1çš„ä¸ªæ•°:  2150
æ ‡ç­¾é‡Œ0çš„ä¸ªæ•°:  2150
æ€»æ•°:  4300
æ­£ç¡®çš„ä¸ªæ•°:  2150
æœ€åä¸€ä¸ªæ‰¹æ¬¡çš„è¾“å‡º, ä¸æ»¡batchsizeæ˜¯æ­£å¸¸çš„:
 tensor([[0.],
        [0.],
        [0.],
        [0.],
        [0.],
        [0.],
        [0.],
        [0.],
        [0.],
        [0.],
        [0.],
        [0.]], device='cuda:0', grad_fn=<SigmoidBackward0>)
Epoch [5/100], Loss: 1179.0729
val_Accuracy: [92m0.5000[0m
val_Precision: [4;34m0.0000[0m,               val_Recall: [4;33m0.0000[0m,                 val_F1 Score: [4;35m0.0000[0m
æ ‡ç­¾é‡Œ1çš„ä¸ªæ•°:  430
æ ‡ç­¾é‡Œ0çš„ä¸ªæ•°:  430
æ€»æ•°:  860
æ­£ç¡®çš„ä¸ªæ•°:  430
Epoch [6/100], Loss: 6592.1503
train_Accuracy: [91m0.5000[0m
train_Precision: [4;34m0.0000[0m,               train_Recall: [4;33m0.0000[0m,                 train_F1 Score: [4;35m0.0000[0m
æ ‡ç­¾é‡Œ1çš„ä¸ªæ•°:  2150
æ ‡ç­¾é‡Œ0çš„ä¸ªæ•°:  2150
æ€»æ•°:  4300
æ­£ç¡®çš„ä¸ªæ•°:  2150
æœ€åä¸€ä¸ªæ‰¹æ¬¡çš„è¾“å‡º, ä¸æ»¡batchsizeæ˜¯æ­£å¸¸çš„:
 tensor([[0.],
        [0.],
        [0.],
        [0.],
        [0.],
        [0.],
        [0.],
        [0.],
        [0.],
        [0.],
        [0.],
        [0.]], device='cuda:0', grad_fn=<SigmoidBackward0>)
Epoch [6/100], Loss: 1156.6443
val_Accuracy: [92m0.5000[0m
val_Precision: [4;34m0.0000[0m,               val_Recall: [4;33m0.0000[0m,                 val_F1 Score: [4;35m0.0000[0m
æ ‡ç­¾é‡Œ1çš„ä¸ªæ•°:  430
æ ‡ç­¾é‡Œ0çš„ä¸ªæ•°:  430
æ€»æ•°:  860
æ­£ç¡®çš„ä¸ªæ•°:  430
Epoch [7/100], Loss: 6562.6853
train_Accuracy: [91m0.5000[0m
train_Precision: [4;34m0.0000[0m,               train_Recall: [4;33m0.0000[0m,                 train_F1 Score: [4;35m0.0000[0m
æ ‡ç­¾é‡Œ1çš„ä¸ªæ•°:  2150
æ ‡ç­¾é‡Œ0çš„ä¸ªæ•°:  2150
æ€»æ•°:  4300
æ­£ç¡®çš„ä¸ªæ•°:  2150
æœ€åä¸€ä¸ªæ‰¹æ¬¡çš„è¾“å‡º, ä¸æ»¡batchsizeæ˜¯æ­£å¸¸çš„:
 tensor([[0.],
        [0.],
        [0.],
        [0.],
        [0.],
        [0.],
        [0.],
        [0.],
        [0.],
        [0.],
        [0.],
        [0.]], device='cuda:0', grad_fn=<SigmoidBackward0>)
Epoch [7/100], Loss: 1129.9124
val_Accuracy: [92m0.5000[0m
val_Precision: [4;34m0.0000[0m,               val_Recall: [4;33m0.0000[0m,                 val_F1 Score: [4;35m0.0000[0m
æ ‡ç­¾é‡Œ1çš„ä¸ªæ•°:  430
æ ‡ç­¾é‡Œ0çš„ä¸ªæ•°:  430
æ€»æ•°:  860
æ­£ç¡®çš„ä¸ªæ•°:  430
Epoch [8/100], Loss: 6524.0142
train_Accuracy: [91m0.5000[0m
train_Precision: [4;34m0.0000[0m,               train_Recall: [4;33m0.0000[0m,                 train_F1 Score: [4;35m0.0000[0m
æ ‡ç­¾é‡Œ1çš„ä¸ªæ•°:  2150
æ ‡ç­¾é‡Œ0çš„ä¸ªæ•°:  2150
æ€»æ•°:  4300
æ­£ç¡®çš„ä¸ªæ•°:  2150
æœ€åä¸€ä¸ªæ‰¹æ¬¡çš„è¾“å‡º, ä¸æ»¡batchsizeæ˜¯æ­£å¸¸çš„:
 tensor([[0.],
        [0.],
        [0.],
        [0.],
        [0.],
        [0.],
        [0.],
        [0.],
        [0.],
        [0.],
        [0.],
        [0.]], device='cuda:0', grad_fn=<SigmoidBackward0>)
Epoch [8/100], Loss: 1106.7443
val_Accuracy: [92m0.5000[0m
val_Precision: [4;34m0.0000[0m,               val_Recall: [4;33m0.0000[0m,                 val_F1 Score: [4;35m0.0000[0m
æ ‡ç­¾é‡Œ1çš„ä¸ªæ•°:  430
æ ‡ç­¾é‡Œ0çš„ä¸ªæ•°:  430
æ€»æ•°:  860
æ­£ç¡®çš„ä¸ªæ•°:  430
Epoch [9/100], Loss: 6481.3068
train_Accuracy: [91m0.5000[0m
train_Precision: [4;34m0.0000[0m,               train_Recall: [4;33m0.0000[0m,                 train_F1 Score: [4;35m0.0000[0m
æ ‡ç­¾é‡Œ1çš„ä¸ªæ•°:  2150
æ ‡ç­¾é‡Œ0çš„ä¸ªæ•°:  2150
æ€»æ•°:  4300
æ­£ç¡®çš„ä¸ªæ•°:  2150
æœ€åä¸€ä¸ªæ‰¹æ¬¡çš„è¾“å‡º, ä¸æ»¡batchsizeæ˜¯æ­£å¸¸çš„:
 tensor([[0.],
        [0.],
        [0.],
        [0.],
        [0.],
        [0.],
        [0.],
        [0.],
        [0.],
        [0.],
        [0.],
        [0.]], device='cuda:0', grad_fn=<SigmoidBackward0>)
Epoch [9/100], Loss: 1079.4620
val_Accuracy: [92m0.5000[0m
val_Precision: [4;34m0.0000[0m,               val_Recall: [4;33m0.0000[0m,                 val_F1 Score: [4;35m0.0000[0m
æ ‡ç­¾é‡Œ1çš„ä¸ªæ•°:  430
æ ‡ç­¾é‡Œ0çš„ä¸ªæ•°:  430
æ€»æ•°:  860
æ­£ç¡®çš„ä¸ªæ•°:  430
Epoch [10/100], Loss: 6417.7744
train_Accuracy: [91m0.5000[0m
train_Precision: [4;34m0.0000[0m,               train_Recall: [4;33m0.0000[0m,                 train_F1 Score: [4;35m0.0000[0m
æ ‡ç­¾é‡Œ1çš„ä¸ªæ•°:  2150
æ ‡ç­¾é‡Œ0çš„ä¸ªæ•°:  2150
æ€»æ•°:  4300
æ­£ç¡®çš„ä¸ªæ•°:  2150
æœ€åä¸€ä¸ªæ‰¹æ¬¡çš„è¾“å‡º, ä¸æ»¡batchsizeæ˜¯æ­£å¸¸çš„:
 tensor([[0.0000e+00],
        [0.0000e+00],
        [0.0000e+00],
        [0.0000e+00],
        [0.0000e+00],
        [0.0000e+00],
        [3.0133e-39],
        [0.0000e+00],
        [0.0000e+00],
        [0.0000e+00],
        [0.0000e+00],
        [0.0000e+00]], device='cuda:0', grad_fn=<SigmoidBackward0>)
Epoch [10/100], Loss: 1049.6669
val_Accuracy: [92m0.5000[0m
val_Precision: [4;34m0.0000[0m,               val_Recall: [4;33m0.0000[0m,                 val_F1 Score: [4;35m0.0000[0m
æ ‡ç­¾é‡Œ1çš„ä¸ªæ•°:  430
æ ‡ç­¾é‡Œ0çš„ä¸ªæ•°:  430
æ€»æ•°:  860
æ­£ç¡®çš„ä¸ªæ•°:  430
[4mLearning rate [92mdecreased[4m to 0.000900[0m
Epoch [11/100], Loss: 6341.4656
train_Accuracy: [91m0.5000[0m
train_Precision: [4;34m0.0000[0m,               train_Recall: [4;33m0.0000[0m,                 train_F1 Score: [4;35m0.0000[0m
æ ‡ç­¾é‡Œ1çš„ä¸ªæ•°:  2150
æ ‡ç­¾é‡Œ0çš„ä¸ªæ•°:  2150
æ€»æ•°:  4300
æ­£ç¡®çš„ä¸ªæ•°:  2150
æœ€åä¸€ä¸ªæ‰¹æ¬¡çš„è¾“å‡º, ä¸æ»¡batchsizeæ˜¯æ­£å¸¸çš„:
 tensor([[0.],
        [0.],
        [0.],
        [0.],
        [0.],
        [0.],
        [0.],
        [0.],
        [0.],
        [0.],
        [0.],
        [0.]], device='cuda:0', grad_fn=<SigmoidBackward0>)
Epoch [11/100], Loss: 1026.0191
val_Accuracy: [92m0.5000[0m
val_Precision: [4;34m0.0000[0m,               val_Recall: [4;33m0.0000[0m,                 val_F1 Score: [4;35m0.0000[0m
æ ‡ç­¾é‡Œ1çš„ä¸ªæ•°:  430
æ ‡ç­¾é‡Œ0çš„ä¸ªæ•°:  430
æ€»æ•°:  860
æ­£ç¡®çš„ä¸ªæ•°:  430
Epoch [12/100], Loss: 6255.5436
train_Accuracy: [91m0.5000[0m
train_Precision: [4;34m0.0000[0m,               train_Recall: [4;33m0.0000[0m,                 train_F1 Score: [4;35m0.0000[0m
æ ‡ç­¾é‡Œ1çš„ä¸ªæ•°:  2150
æ ‡ç­¾é‡Œ0çš„ä¸ªæ•°:  2150
æ€»æ•°:  4300
æ­£ç¡®çš„ä¸ªæ•°:  2150
æœ€åä¸€ä¸ªæ‰¹æ¬¡çš„è¾“å‡º, ä¸æ»¡batchsizeæ˜¯æ­£å¸¸çš„:
 tensor([[5.1040e-38],
        [0.0000e+00],
        [0.0000e+00],
        [0.0000e+00],
        [0.0000e+00],
        [0.0000e+00],
        [3.6177e-39],
        [0.0000e+00],
        [0.0000e+00],
        [0.0000e+00],
        [0.0000e+00],
        [0.0000e+00]], device='cuda:0', grad_fn=<SigmoidBackward0>)
Epoch [12/100], Loss: 1003.4084
val_Accuracy: [92m0.5000[0m
val_Precision: [4;34m0.0000[0m,               val_Recall: [4;33m0.0000[0m,                 val_F1 Score: [4;35m0.0000[0m
æ ‡ç­¾é‡Œ1çš„ä¸ªæ•°:  430
æ ‡ç­¾é‡Œ0çš„ä¸ªæ•°:  430
æ€»æ•°:  860
æ­£ç¡®çš„ä¸ªæ•°:  430
Epoch [13/100], Loss: 6161.2334
train_Accuracy: [91m0.5000[0m
train_Precision: [4;34m0.0000[0m,               train_Recall: [4;33m0.0000[0m,                 train_F1 Score: [4;35m0.0000[0m
æ ‡ç­¾é‡Œ1çš„ä¸ªæ•°:  2150
æ ‡ç­¾é‡Œ0çš„ä¸ªæ•°:  2150
æ€»æ•°:  4300
æ­£ç¡®çš„ä¸ªæ•°:  2150
æœ€åä¸€ä¸ªæ‰¹æ¬¡çš„è¾“å‡º, ä¸æ»¡batchsizeæ˜¯æ­£å¸¸çš„:
 tensor([[0.0000e+00],
        [0.0000e+00],
        [0.0000e+00],
        [0.0000e+00],
        [0.0000e+00],
        [0.0000e+00],
        [0.0000e+00],
        [2.0984e-38],
        [0.0000e+00],
        [0.0000e+00],
        [1.2499e-37],
        [0.0000e+00]], device='cuda:0', grad_fn=<SigmoidBackward0>)
Epoch [13/100], Loss: 981.2706
val_Accuracy: [92m0.5000[0m
val_Precision: [4;34m0.0000[0m,               val_Recall: [4;33m0.0000[0m,                 val_F1 Score: [4;35m0.0000[0m
æ ‡ç­¾é‡Œ1çš„ä¸ªæ•°:  430
æ ‡ç­¾é‡Œ0çš„ä¸ªæ•°:  430
æ€»æ•°:  860
æ­£ç¡®çš„ä¸ªæ•°:  430
Epoch [14/100], Loss: 6033.8693
train_Accuracy: [91m0.5000[0m
train_Precision: [4;34m0.0000[0m,               train_Recall: [4;33m0.0000[0m,                 train_F1 Score: [4;35m0.0000[0m
æ ‡ç­¾é‡Œ1çš„ä¸ªæ•°:  2150
æ ‡ç­¾é‡Œ0çš„ä¸ªæ•°:  2150
æ€»æ•°:  4300
æ­£ç¡®çš„ä¸ªæ•°:  2150
æœ€åä¸€ä¸ªæ‰¹æ¬¡çš„è¾“å‡º, ä¸æ»¡batchsizeæ˜¯æ­£å¸¸çš„:
 tensor([[0.0000e+00],
        [0.0000e+00],
        [0.0000e+00],
        [1.0571e-35],
        [0.0000e+00],
        [0.0000e+00],
        [2.6851e-36],
        [0.0000e+00],
        [4.3537e-37],
        [0.0000e+00],
        [0.0000e+00],
        [0.0000e+00]], device='cuda:0', grad_fn=<SigmoidBackward0>)
Epoch [14/100], Loss: 958.2765
val_Accuracy: [92m0.5000[0m
val_Precision: [4;34m0.0000[0m,               val_Recall: [4;33m0.0000[0m,                 val_F1 Score: [4;35m0.0000[0m
æ ‡ç­¾é‡Œ1çš„ä¸ªæ•°:  430
æ ‡ç­¾é‡Œ0çš„ä¸ªæ•°:  430
æ€»æ•°:  860
æ­£ç¡®çš„ä¸ªæ•°:  430
Epoch [15/100], Loss: 5894.8081
train_Accuracy: [91m0.5000[0m
train_Precision: [4;34m0.0000[0m,               train_Recall: [4;33m0.0000[0m,                 train_F1 Score: [4;35m0.0000[0m
æ ‡ç­¾é‡Œ1çš„ä¸ªæ•°:  2150
æ ‡ç­¾é‡Œ0çš„ä¸ªæ•°:  2150
æ€»æ•°:  4300
æ­£ç¡®çš„ä¸ªæ•°:  2150
æœ€åä¸€ä¸ªæ‰¹æ¬¡çš„è¾“å‡º, ä¸æ»¡batchsizeæ˜¯æ­£å¸¸çš„:
 tensor([[0.0000e+00],
        [9.5383e-35],
        [5.4510e-39],
        [1.7771e-35],
        [2.9769e-39],
        [0.0000e+00],
        [0.0000e+00],
        [2.1866e-37],
        [0.0000e+00],
        [4.0738e-37],
        [0.0000e+00],
        [0.0000e+00]], device='cuda:0', grad_fn=<SigmoidBackward0>)
Epoch [15/100], Loss: 934.4548
val_Accuracy: [92m0.5000[0m
val_Precision: [4;34m0.0000[0m,               val_Recall: [4;33m0.0000[0m,                 val_F1 Score: [4;35m0.0000[0m
æ ‡ç­¾é‡Œ1çš„ä¸ªæ•°:  430
æ ‡ç­¾é‡Œ0çš„ä¸ªæ•°:  430
æ€»æ•°:  860
æ­£ç¡®çš„ä¸ªæ•°:  430
Epoch [16/100], Loss: 5738.3319
train_Accuracy: [91m0.5000[0m
train_Precision: [4;34m0.0000[0m,               train_Recall: [4;33m0.0000[0m,                 train_F1 Score: [4;35m0.0000[0m
æ ‡ç­¾é‡Œ1çš„ä¸ªæ•°:  2150
æ ‡ç­¾é‡Œ0çš„ä¸ªæ•°:  2150
æ€»æ•°:  4300
æ­£ç¡®çš„ä¸ªæ•°:  2150
æœ€åä¸€ä¸ªæ‰¹æ¬¡çš„è¾“å‡º, ä¸æ»¡batchsizeæ˜¯æ­£å¸¸çš„:
 tensor([[1.6382e-37],
        [0.0000e+00],
        [1.1833e-36],
        [0.0000e+00],
        [8.3404e-36],
        [0.0000e+00],
        [0.0000e+00],
        [3.7281e-38],
        [0.0000e+00],
        [0.0000e+00],
        [5.2310e-39],
        [7.5268e-36]], device='cuda:0', grad_fn=<SigmoidBackward0>)
Epoch [16/100], Loss: 909.8475
val_Accuracy: [92m0.5000[0m
val_Precision: [4;34m0.0000[0m,               val_Recall: [4;33m0.0000[0m,                 val_F1 Score: [4;35m0.0000[0m
æ ‡ç­¾é‡Œ1çš„ä¸ªæ•°:  430
æ ‡ç­¾é‡Œ0çš„ä¸ªæ•°:  430
æ€»æ•°:  860
æ­£ç¡®çš„ä¸ªæ•°:  430
Epoch [17/100], Loss: 5562.5163
train_Accuracy: [91m0.5000[0m
train_Precision: [4;34m0.0000[0m,               train_Recall: [4;33m0.0000[0m,                 train_F1 Score: [4;35m0.0000[0m
æ ‡ç­¾é‡Œ1çš„ä¸ªæ•°:  2150
æ ‡ç­¾é‡Œ0çš„ä¸ªæ•°:  2150
æ€»æ•°:  4300
æ­£ç¡®çš„ä¸ªæ•°:  2150
æœ€åä¸€ä¸ªæ‰¹æ¬¡çš„è¾“å‡º, ä¸æ»¡batchsizeæ˜¯æ­£å¸¸çš„:
 tensor([[0.0000e+00],
        [6.0121e-39],
        [5.9801e-35],
        [9.4080e-36],
        [0.0000e+00],
        [4.1048e-38],
        [1.7346e-33],
        [3.8439e-33],
        [2.1272e-36],
        [1.9231e-37],
        [0.0000e+00],
        [1.9656e-38]], device='cuda:0', grad_fn=<SigmoidBackward0>)
Epoch [17/100], Loss: 884.4752
val_Accuracy: [92m0.5000[0m
val_Precision: [4;34m0.0000[0m,               val_Recall: [4;33m0.0000[0m,                 val_F1 Score: [4;35m0.0000[0m
æ ‡ç­¾é‡Œ1çš„ä¸ªæ•°:  430
æ ‡ç­¾é‡Œ0çš„ä¸ªæ•°:  430
æ€»æ•°:  860
æ­£ç¡®çš„ä¸ªæ•°:  430
Epoch [18/100], Loss: 5384.2439
train_Accuracy: [91m0.5000[0m
train_Precision: [4;34m0.0000[0m,               train_Recall: [4;33m0.0000[0m,                 train_F1 Score: [4;35m0.0000[0m
æ ‡ç­¾é‡Œ1çš„ä¸ªæ•°:  2150
æ ‡ç­¾é‡Œ0çš„ä¸ªæ•°:  2150
æ€»æ•°:  4300
æ­£ç¡®çš„ä¸ªæ•°:  2150
æœ€åä¸€ä¸ªæ‰¹æ¬¡çš„è¾“å‡º, ä¸æ»¡batchsizeæ˜¯æ­£å¸¸çš„:
 tensor([[1.7056e-32],
        [0.0000e+00],
        [0.0000e+00],
        [1.9173e-34],
        [2.8108e-37],
        [7.7798e-38],
        [1.8508e-34],
        [3.4399e-36],
        [7.6990e-32],
        [1.5645e-38],
        [0.0000e+00],
        [3.0064e-36]], device='cuda:0', grad_fn=<SigmoidBackward0>)
Epoch [18/100], Loss: 858.3840
val_Accuracy: [92m0.5000[0m
val_Precision: [4;34m0.0000[0m,               val_Recall: [4;33m0.0000[0m,                 val_F1 Score: [4;35m0.0000[0m
æ ‡ç­¾é‡Œ1çš„ä¸ªæ•°:  430
æ ‡ç­¾é‡Œ0çš„ä¸ªæ•°:  430
æ€»æ•°:  860
æ­£ç¡®çš„ä¸ªæ•°:  430
Epoch [19/100], Loss: 5194.7145
train_Accuracy: [91m0.5000[0m
train_Precision: [4;34m0.0000[0m,               train_Recall: [4;33m0.0000[0m,                 train_F1 Score: [4;35m0.0000[0m
æ ‡ç­¾é‡Œ1çš„ä¸ªæ•°:  2150
æ ‡ç­¾é‡Œ0çš„ä¸ªæ•°:  2150
æ€»æ•°:  4300
æ­£ç¡®çš„ä¸ªæ•°:  2150
æœ€åä¸€ä¸ªæ‰¹æ¬¡çš„è¾“å‡º, ä¸æ»¡batchsizeæ˜¯æ­£å¸¸çš„:
 tensor([[0.0000e+00],
        [1.9092e-35],
        [0.0000e+00],
        [9.4324e-36],
        [1.1686e-32],
        [2.9058e-36],
        [3.6013e-37],
        [5.6909e-38],
        [1.7128e-33],
        [1.1944e-32],
        [5.9995e-36],
        [1.3515e-32]], device='cuda:0', grad_fn=<SigmoidBackward0>)
Epoch [19/100], Loss: 831.6104
val_Accuracy: [92m0.5000[0m
val_Precision: [4;34m0.0000[0m,               val_Recall: [4;33m0.0000[0m,                 val_F1 Score: [4;35m0.0000[0m
æ ‡ç­¾é‡Œ1çš„ä¸ªæ•°:  430
æ ‡ç­¾é‡Œ0çš„ä¸ªæ•°:  430
æ€»æ•°:  860
æ­£ç¡®çš„ä¸ªæ•°:  430
Epoch [20/100], Loss: 5002.5216
train_Accuracy: [91m0.5000[0m
train_Precision: [4;34m0.0000[0m,               train_Recall: [4;33m0.0000[0m,                 train_F1 Score: [4;35m0.0000[0m
æ ‡ç­¾é‡Œ1çš„ä¸ªæ•°:  2150
æ ‡ç­¾é‡Œ0çš„ä¸ªæ•°:  2150
æ€»æ•°:  4300
æ­£ç¡®çš„ä¸ªæ•°:  2150
æœ€åä¸€ä¸ªæ‰¹æ¬¡çš„è¾“å‡º, ä¸æ»¡batchsizeæ˜¯æ­£å¸¸çš„:
 tensor([[3.0677e-37],
        [2.0489e-34],
        [8.1756e-35],
        [1.1525e-34],
        [3.3355e-36],
        [1.2461e-30],
        [7.7795e-37],
        [1.4806e-31],
        [7.1670e-32],
        [0.0000e+00],
        [1.2571e-30],
        [9.9414e-38]], device='cuda:0', grad_fn=<SigmoidBackward0>)
Epoch [20/100], Loss: 804.2261
val_Accuracy: [92m0.5000[0m
val_Precision: [4;34m0.0000[0m,               val_Recall: [4;33m0.0000[0m,                 val_F1 Score: [4;35m0.0000[0m
æ ‡ç­¾é‡Œ1çš„ä¸ªæ•°:  430
æ ‡ç­¾é‡Œ0çš„ä¸ªæ•°:  430
æ€»æ•°:  860
æ­£ç¡®çš„ä¸ªæ•°:  430
[4mLearning rate [92mdecreased[4m to 0.000810[0m
Epoch [21/100], Loss: 4826.7069
train_Accuracy: [91m0.5000[0m
train_Precision: [4;34m0.0000[0m,               train_Recall: [4;33m0.0000[0m,                 train_F1 Score: [4;35m0.0000[0m
æ ‡ç­¾é‡Œ1çš„ä¸ªæ•°:  2150
æ ‡ç­¾é‡Œ0çš„ä¸ªæ•°:  2150
æ€»æ•°:  4300
æ­£ç¡®çš„ä¸ªæ•°:  2150
æœ€åä¸€ä¸ªæ‰¹æ¬¡çš„è¾“å‡º, ä¸æ»¡batchsizeæ˜¯æ­£å¸¸çš„:
 tensor([[1.7278e-31],
        [2.0673e-30],
        [1.4001e-36],
        [2.6009e-31],
        [5.6498e-30],
        [2.3985e-37],
        [1.2496e-36],
        [1.0055e-34],
        [1.7082e-36],
        [1.0375e-34],
        [1.1398e-33],
        [7.5792e-34]], device='cuda:0', grad_fn=<SigmoidBackward0>)
Epoch [21/100], Loss: 779.5520
val_Accuracy: [92m0.5000[0m
val_Precision: [4;34m0.0000[0m,               val_Recall: [4;33m0.0000[0m,                 val_F1 Score: [4;35m0.0000[0m
æ ‡ç­¾é‡Œ1çš„ä¸ªæ•°:  430
æ ‡ç­¾é‡Œ0çš„ä¸ªæ•°:  430
æ€»æ•°:  860
æ­£ç¡®çš„ä¸ªæ•°:  430
Epoch [22/100], Loss: 4668.9028
train_Accuracy: [91m0.5000[0m
train_Precision: [4;34m0.0000[0m,               train_Recall: [4;33m0.0000[0m,                 train_F1 Score: [4;35m0.0000[0m
æ ‡ç­¾é‡Œ1çš„ä¸ªæ•°:  2150
æ ‡ç­¾é‡Œ0çš„ä¸ªæ•°:  2150
æ€»æ•°:  4300
æ­£ç¡®çš„ä¸ªæ•°:  2150
æœ€åä¸€ä¸ªæ‰¹æ¬¡çš„è¾“å‡º, ä¸æ»¡batchsizeæ˜¯æ­£å¸¸çš„:
 tensor([[3.3027e-33],
        [1.2465e-28],
        [4.4322e-30],
        [8.5829e-33],
        [1.5001e-34],
        [6.4752e-38],
        [4.1757e-32],
        [1.3009e-29],
        [1.5625e-33],
        [3.4532e-29],
        [1.1653e-36],
        [9.7696e-33]], device='cuda:0', grad_fn=<SigmoidBackward0>)
Epoch [22/100], Loss: 753.7434
val_Accuracy: [92m0.5000[0m
val_Precision: [4;34m0.0000[0m,               val_Recall: [4;33m0.0000[0m,                 val_F1 Score: [4;35m0.0000[0m
æ ‡ç­¾é‡Œ1çš„ä¸ªæ•°:  430
æ ‡ç­¾é‡Œ0çš„ä¸ªæ•°:  430
æ€»æ•°:  860
æ­£ç¡®çš„ä¸ªæ•°:  430
Epoch [23/100], Loss: 4507.2594
train_Accuracy: [91m0.5000[0m
train_Precision: [4;34m0.0000[0m,               train_Recall: [4;33m0.0000[0m,                 train_F1 Score: [4;35m0.0000[0m
æ ‡ç­¾é‡Œ1çš„ä¸ªæ•°:  2150
æ ‡ç­¾é‡Œ0çš„ä¸ªæ•°:  2150
æ€»æ•°:  4300
æ­£ç¡®çš„ä¸ªæ•°:  2150
æœ€åä¸€ä¸ªæ‰¹æ¬¡çš„è¾“å‡º, ä¸æ»¡batchsizeæ˜¯æ­£å¸¸çš„:
 tensor([[3.9415e-32],
        [2.5573e-31],
        [3.5782e-28],
        [1.1154e-28],
        [5.4754e-28],
        [2.1178e-33],
        [2.7499e-35],
        [2.7415e-28],
        [5.6324e-34],
        [6.6221e-31],
        [6.7916e-37],
        [3.1774e-32]], device='cuda:0', grad_fn=<SigmoidBackward0>)
Epoch [23/100], Loss: 727.3352
val_Accuracy: [92m0.5000[0m
val_Precision: [4;34m0.0000[0m,               val_Recall: [4;33m0.0000[0m,                 val_F1 Score: [4;35m0.0000[0m
æ ‡ç­¾é‡Œ1çš„ä¸ªæ•°:  430
æ ‡ç­¾é‡Œ0çš„ä¸ªæ•°:  430
æ€»æ•°:  860
æ­£ç¡®çš„ä¸ªæ•°:  430
Epoch [24/100], Loss: 4345.3188
train_Accuracy: [91m0.5000[0m
train_Precision: [4;34m0.0000[0m,               train_Recall: [4;33m0.0000[0m,                 train_F1 Score: [4;35m0.0000[0m
æ ‡ç­¾é‡Œ1çš„ä¸ªæ•°:  2150
æ ‡ç­¾é‡Œ0çš„ä¸ªæ•°:  2150
æ€»æ•°:  4300
æ­£ç¡®çš„ä¸ªæ•°:  2150
æœ€åä¸€ä¸ªæ‰¹æ¬¡çš„è¾“å‡º, ä¸æ»¡batchsizeæ˜¯æ­£å¸¸çš„:
 tensor([[2.9019e-31],
        [1.0077e-26],
        [2.2290e-34],
        [8.6926e-30],
        [2.3520e-30],
        [1.2714e-32],
        [3.2917e-30],
        [8.5431e-27],
        [2.8889e-27],
        [6.8288e-34],
        [2.9606e-32],
        [3.6902e-28]], device='cuda:0', grad_fn=<SigmoidBackward0>)
Epoch [24/100], Loss: 700.3638
val_Accuracy: [92m0.5000[0m
val_Precision: [4;34m0.0000[0m,               val_Recall: [4;33m0.0000[0m,                 val_F1 Score: [4;35m0.0000[0m
æ ‡ç­¾é‡Œ1çš„ä¸ªæ•°:  430
æ ‡ç­¾é‡Œ0çš„ä¸ªæ•°:  430
æ€»æ•°:  860
æ­£ç¡®çš„ä¸ªæ•°:  430
Epoch [25/100], Loss: 4174.9707
train_Accuracy: [91m0.5000[0m
train_Precision: [4;34m0.0000[0m,               train_Recall: [4;33m0.0000[0m,                 train_F1 Score: [4;35m0.0000[0m
æ ‡ç­¾é‡Œ1çš„ä¸ªæ•°:  2150
æ ‡ç­¾é‡Œ0çš„ä¸ªæ•°:  2150
æ€»æ•°:  4300
æ­£ç¡®çš„ä¸ªæ•°:  2150
æœ€åä¸€ä¸ªæ‰¹æ¬¡çš„è¾“å‡º, ä¸æ»¡batchsizeæ˜¯æ­£å¸¸çš„:
 tensor([[1.6171e-29],
        [8.9250e-26],
        [1.6478e-28],
        [3.3992e-30],
        [6.0350e-29],
        [1.0467e-30],
        [2.1612e-27],
        [2.7959e-32],
        [1.1717e-26],
        [1.5348e-30],
        [1.2601e-34],
        [2.2787e-27]], device='cuda:0', grad_fn=<SigmoidBackward0>)
Epoch [25/100], Loss: 672.7297
val_Accuracy: [92m0.5000[0m
val_Precision: [4;34m0.0000[0m,               val_Recall: [4;33m0.0000[0m,                 val_F1 Score: [4;35m0.0000[0m
æ ‡ç­¾é‡Œ1çš„ä¸ªæ•°:  430
æ ‡ç­¾é‡Œ0çš„ä¸ªæ•°:  430
æ€»æ•°:  860
æ­£ç¡®çš„ä¸ªæ•°:  430
Epoch [26/100], Loss: 3968.6643
train_Accuracy: [91m0.5000[0m
train_Precision: [4;34m0.0000[0m,               train_Recall: [4;33m0.0000[0m,                 train_F1 Score: [4;35m0.0000[0m
æ ‡ç­¾é‡Œ1çš„ä¸ªæ•°:  2150
æ ‡ç­¾é‡Œ0çš„ä¸ªæ•°:  2150
æ€»æ•°:  4300
æ­£ç¡®çš„ä¸ªæ•°:  2150
æœ€åä¸€ä¸ªæ‰¹æ¬¡çš„è¾“å‡º, ä¸æ»¡batchsizeæ˜¯æ­£å¸¸çš„:
 tensor([[6.2404e-25],
        [3.0307e-27],
        [7.9288e-32],
        [1.2899e-25],
        [5.3936e-32],
        [1.3209e-29],
        [2.6824e-29],
        [3.5464e-29],
        [3.1762e-28],
        [2.3861e-25],
        [5.9064e-25],
        [7.5486e-27]], device='cuda:0', grad_fn=<SigmoidBackward0>)
Epoch [26/100], Loss: 636.7525
val_Accuracy: [92m0.5000[0m
val_Precision: [4;34m0.0000[0m,               val_Recall: [4;33m0.0000[0m,                 val_F1 Score: [4;35m0.0000[0m
æ ‡ç­¾é‡Œ1çš„ä¸ªæ•°:  430
æ ‡ç­¾é‡Œ0çš„ä¸ªæ•°:  430
æ€»æ•°:  860
æ­£ç¡®çš„ä¸ªæ•°:  430
Epoch [27/100], Loss: 5048.4542
train_Accuracy: [91m0.4998[0m
train_Precision: [4;34m0.2185[0m,               train_Recall: [4;33m0.4370[0m,                 train_F1 Score: [4;35m0.2914[0m
æ ‡ç­¾é‡Œ1çš„ä¸ªæ•°:  2150
æ ‡ç­¾é‡Œ0çš„ä¸ªæ•°:  2150
æ€»æ•°:  4300
æ­£ç¡®çš„ä¸ªæ•°:  2149
æœ€åä¸€ä¸ªæ‰¹æ¬¡çš„è¾“å‡º, ä¸æ»¡batchsizeæ˜¯æ­£å¸¸çš„:
 tensor([[1.],
        [1.],
        [1.],
        [1.],
        [1.],
        [1.],
        [1.],
        [1.],
        [1.],
        [1.],
        [1.],
        [1.]], device='cuda:0', grad_fn=<SigmoidBackward0>)
Epoch [27/100], Loss: 1350.0000
val_Accuracy: [92m0.5000[0m
val_Precision: [4;34m0.5000[0m,               val_Recall: [4;33m1.0000[0m,                 val_F1 Score: [4;35m0.6667[0m
æ ‡ç­¾é‡Œ1çš„ä¸ªæ•°:  430
æ ‡ç­¾é‡Œ0çš„ä¸ªæ•°:  430
æ€»æ•°:  860
æ­£ç¡®çš„ä¸ªæ•°:  430
[4mLearning rate [91mincreased[4m to 0.000851[0m
Epoch [28/100], Loss: 6750.0000
train_Accuracy: [91m0.5000[0m
train_Precision: [4;34m0.5000[0m,               train_Recall: [4;33m1.0000[0m,                 train_F1 Score: [4;35m0.6667[0m
æ ‡ç­¾é‡Œ1çš„ä¸ªæ•°:  2150
æ ‡ç­¾é‡Œ0çš„ä¸ªæ•°:  2150
æ€»æ•°:  4300
æ­£ç¡®çš„ä¸ªæ•°:  2150
æœ€åä¸€ä¸ªæ‰¹æ¬¡çš„è¾“å‡º, ä¸æ»¡batchsizeæ˜¯æ­£å¸¸çš„:
 tensor([[1.],
        [1.],
        [1.],
        [1.],
        [1.],
        [1.],
        [1.],
        [1.],
        [1.],
        [1.],
        [1.],
        [1.]], device='cuda:0', grad_fn=<SigmoidBackward0>)
Epoch [28/100], Loss: 1350.0000
val_Accuracy: [92m0.5000[0m
val_Precision: [4;34m0.5000[0m,               val_Recall: [4;33m1.0000[0m,                 val_F1 Score: [4;35m0.6667[0m
æ ‡ç­¾é‡Œ1çš„ä¸ªæ•°:  430
æ ‡ç­¾é‡Œ0çš„ä¸ªæ•°:  430
æ€»æ•°:  860
æ­£ç¡®çš„ä¸ªæ•°:  430
[4mLearning rate [91mincreased[4m to 0.000893[0m
Epoch [29/100], Loss: 6750.0000
train_Accuracy: [91m0.5000[0m
train_Precision: [4;34m0.5000[0m,               train_Recall: [4;33m1.0000[0m,                 train_F1 Score: [4;35m0.6667[0m
æ ‡ç­¾é‡Œ1çš„ä¸ªæ•°:  2150
æ ‡ç­¾é‡Œ0çš„ä¸ªæ•°:  2150
æ€»æ•°:  4300
æ­£ç¡®çš„ä¸ªæ•°:  2150
æœ€åä¸€ä¸ªæ‰¹æ¬¡çš„è¾“å‡º, ä¸æ»¡batchsizeæ˜¯æ­£å¸¸çš„:
 tensor([[1.],
        [1.],
        [1.],
        [1.],
        [1.],
        [1.],
        [1.],
        [1.],
        [1.],
        [1.],
        [1.],
        [1.]], device='cuda:0', grad_fn=<SigmoidBackward0>)
Epoch [29/100], Loss: 1350.0000
val_Accuracy: [92m0.5000[0m
val_Precision: [4;34m0.5000[0m,               val_Recall: [4;33m1.0000[0m,                 val_F1 Score: [4;35m0.6667[0m
æ ‡ç­¾é‡Œ1çš„ä¸ªæ•°:  430
æ ‡ç­¾é‡Œ0çš„ä¸ªæ•°:  430
æ€»æ•°:  860
æ­£ç¡®çš„ä¸ªæ•°:  430
[4mLearning rate [91mincreased[4m to 0.000938[0m
Epoch [30/100], Loss: 6750.0000
train_Accuracy: [91m0.5000[0m
train_Precision: [4;34m0.5000[0m,               train_Recall: [4;33m1.0000[0m,                 train_F1 Score: [4;35m0.6667[0m
æ ‡ç­¾é‡Œ1çš„ä¸ªæ•°:  2150
æ ‡ç­¾é‡Œ0çš„ä¸ªæ•°:  2150
æ€»æ•°:  4300
æ­£ç¡®çš„ä¸ªæ•°:  2150
æœ€åä¸€ä¸ªæ‰¹æ¬¡çš„è¾“å‡º, ä¸æ»¡batchsizeæ˜¯æ­£å¸¸çš„:
 tensor([[1.],
        [1.],
        [1.],
        [1.],
        [1.],
        [1.],
        [1.],
        [1.],
        [1.],
        [1.],
        [1.],
        [1.]], device='cuda:0', grad_fn=<SigmoidBackward0>)
Epoch [30/100], Loss: 1350.0000
val_Accuracy: [92m0.5000[0m
val_Precision: [4;34m0.5000[0m,               val_Recall: [4;33m1.0000[0m,                 val_F1 Score: [4;35m0.6667[0m
æ ‡ç­¾é‡Œ1çš„ä¸ªæ•°:  430
æ ‡ç­¾é‡Œ0çš„ä¸ªæ•°:  430
æ€»æ•°:  860
æ­£ç¡®çš„ä¸ªæ•°:  430
[4mLearning rate [91mincreased[4m to 0.000985[0m
[4mLearning rate [92mdecreased[4m to 0.000886[0m
Epoch [31/100], Loss: 6750.0000
train_Accuracy: [91m0.5000[0m
train_Precision: [4;34m0.5000[0m,               train_Recall: [4;33m1.0000[0m,                 train_F1 Score: [4;35m0.6667[0m
æ ‡ç­¾é‡Œ1çš„ä¸ªæ•°:  2150
æ ‡ç­¾é‡Œ0çš„ä¸ªæ•°:  2150
æ€»æ•°:  4300
æ­£ç¡®çš„ä¸ªæ•°:  2150
æœ€åä¸€ä¸ªæ‰¹æ¬¡çš„è¾“å‡º, ä¸æ»¡batchsizeæ˜¯æ­£å¸¸çš„:
 tensor([[1.],
        [1.],
        [1.],
        [1.],
        [1.],
        [1.],
        [1.],
        [1.],
        [1.],
        [1.],
        [1.],
        [1.]], device='cuda:0', grad_fn=<SigmoidBackward0>)
Epoch [31/100], Loss: 1350.0000
val_Accuracy: [92m0.5000[0m
val_Precision: [4;34m0.5000[0m,               val_Recall: [4;33m1.0000[0m,                 val_F1 Score: [4;35m0.6667[0m
æ ‡ç­¾é‡Œ1çš„ä¸ªæ•°:  430
æ ‡ç­¾é‡Œ0çš„ä¸ªæ•°:  430
æ€»æ•°:  860
æ­£ç¡®çš„ä¸ªæ•°:  430
[4mLearning rate [91mincreased[4m to 0.000930[0m
Epoch [32/100], Loss: 6750.0000
train_Accuracy: [91m0.5000[0m
train_Precision: [4;34m0.5000[0m,               train_Recall: [4;33m1.0000[0m,                 train_F1 Score: [4;35m0.6667[0m
æ ‡ç­¾é‡Œ1çš„ä¸ªæ•°:  2150
æ ‡ç­¾é‡Œ0çš„ä¸ªæ•°:  2150
æ€»æ•°:  4300
æ­£ç¡®çš„ä¸ªæ•°:  2150
æœ€åä¸€ä¸ªæ‰¹æ¬¡çš„è¾“å‡º, ä¸æ»¡batchsizeæ˜¯æ­£å¸¸çš„:
 tensor([[1.],
        [1.],
        [1.],
        [1.],
        [1.],
        [1.],
        [1.],
        [1.],
        [1.],
        [1.],
        [1.],
        [1.]], device='cuda:0', grad_fn=<SigmoidBackward0>)
Epoch [32/100], Loss: 1350.0000
val_Accuracy: [92m0.5000[0m
val_Precision: [4;34m0.5000[0m,               val_Recall: [4;33m1.0000[0m,                 val_F1 Score: [4;35m0.6667[0m
æ ‡ç­¾é‡Œ1çš„ä¸ªæ•°:  430
æ ‡ç­¾é‡Œ0çš„ä¸ªæ•°:  430
æ€»æ•°:  860
æ­£ç¡®çš„ä¸ªæ•°:  430
[4mLearning rate [91mincreased[4m to 0.000977[0m
Epoch [33/100], Loss: 6750.0000
train_Accuracy: [91m0.5000[0m
train_Precision: [4;34m0.5000[0m,               train_Recall: [4;33m1.0000[0m,                 train_F1 Score: [4;35m0.6667[0m
æ ‡ç­¾é‡Œ1çš„ä¸ªæ•°:  2150
æ ‡ç­¾é‡Œ0çš„ä¸ªæ•°:  2150
æ€»æ•°:  4300
æ­£ç¡®çš„ä¸ªæ•°:  2150
æœ€åä¸€ä¸ªæ‰¹æ¬¡çš„è¾“å‡º, ä¸æ»¡batchsizeæ˜¯æ­£å¸¸çš„:
 tensor([[1.],
        [1.],
        [1.],
        [1.],
        [1.],
        [1.],
        [1.],
        [1.],
        [1.],
        [1.],
        [1.],
        [1.]], device='cuda:0', grad_fn=<SigmoidBackward0>)
Epoch [33/100], Loss: 1350.0000
val_Accuracy: [92m0.5000[0m
val_Precision: [4;34m0.5000[0m,               val_Recall: [4;33m1.0000[0m,                 val_F1 Score: [4;35m0.6667[0m
æ ‡ç­¾é‡Œ1çš„ä¸ªæ•°:  430
æ ‡ç­¾é‡Œ0çš„ä¸ªæ•°:  430
æ€»æ•°:  860
æ­£ç¡®çš„ä¸ªæ•°:  430
[4mLearning rate [91mincreased[4m to 0.001026[0m
Epoch [34/100], Loss: 6750.0000
train_Accuracy: [91m0.5000[0m
train_Precision: [4;34m0.5000[0m,               train_Recall: [4;33m1.0000[0m,                 train_F1 Score: [4;35m0.6667[0m
æ ‡ç­¾é‡Œ1çš„ä¸ªæ•°:  2150
æ ‡ç­¾é‡Œ0çš„ä¸ªæ•°:  2150
æ€»æ•°:  4300
æ­£ç¡®çš„ä¸ªæ•°:  2150
æœ€åä¸€ä¸ªæ‰¹æ¬¡çš„è¾“å‡º, ä¸æ»¡batchsizeæ˜¯æ­£å¸¸çš„:
 tensor([[1.],
        [1.],
        [1.],
        [1.],
        [1.],
        [1.],
        [1.],
        [1.],
        [1.],
        [1.],
        [1.],
        [1.]], device='cuda:0', grad_fn=<SigmoidBackward0>)
Epoch [34/100], Loss: 1350.0000
val_Accuracy: [92m0.5000[0m
val_Precision: [4;34m0.5000[0m,               val_Recall: [4;33m1.0000[0m,                 val_F1 Score: [4;35m0.6667[0m
æ ‡ç­¾é‡Œ1çš„ä¸ªæ•°:  430
æ ‡ç­¾é‡Œ0çš„ä¸ªæ•°:  430
æ€»æ•°:  860
æ­£ç¡®çš„ä¸ªæ•°:  430
[4mLearning rate [91mincreased[4m to 0.001077[0m
Epoch [35/100], Loss: 6750.0000
train_Accuracy: [91m0.5000[0m
train_Precision: [4;34m0.5000[0m,               train_Recall: [4;33m1.0000[0m,                 train_F1 Score: [4;35m0.6667[0m
æ ‡ç­¾é‡Œ1çš„ä¸ªæ•°:  2150
æ ‡ç­¾é‡Œ0çš„ä¸ªæ•°:  2150
æ€»æ•°:  4300
æ­£ç¡®çš„ä¸ªæ•°:  2150
æœ€åä¸€ä¸ªæ‰¹æ¬¡çš„è¾“å‡º, ä¸æ»¡batchsizeæ˜¯æ­£å¸¸çš„:
 tensor([[1.],
        [1.],
        [1.],
        [1.],
        [1.],
        [1.],
        [1.],
        [1.],
        [1.],
        [1.],
        [1.],
        [1.]], device='cuda:0', grad_fn=<SigmoidBackward0>)
Epoch [35/100], Loss: 1350.0000
val_Accuracy: [92m0.5000[0m
val_Precision: [4;34m0.5000[0m,               val_Recall: [4;33m1.0000[0m,                 val_F1 Score: [4;35m0.6667[0m
æ ‡ç­¾é‡Œ1çš„ä¸ªæ•°:  430
æ ‡ç­¾é‡Œ0çš„ä¸ªæ•°:  430
æ€»æ•°:  860
æ­£ç¡®çš„ä¸ªæ•°:  430
[4mLearning rate [91mincreased[4m to 0.001131[0m
Epoch [36/100], Loss: 6750.0000
train_Accuracy: [91m0.5000[0m
train_Precision: [4;34m0.5000[0m,               train_Recall: [4;33m1.0000[0m,                 train_F1 Score: [4;35m0.6667[0m
æ ‡ç­¾é‡Œ1çš„ä¸ªæ•°:  2150
æ ‡ç­¾é‡Œ0çš„ä¸ªæ•°:  2150
æ€»æ•°:  4300
æ­£ç¡®çš„ä¸ªæ•°:  2150
æœ€åä¸€ä¸ªæ‰¹æ¬¡çš„è¾“å‡º, ä¸æ»¡batchsizeæ˜¯æ­£å¸¸çš„:
 tensor([[1.],
        [1.],
        [1.],
        [1.],
        [1.],
        [1.],
        [1.],
        [1.],
        [1.],
        [1.],
        [1.],
        [1.]], device='cuda:0', grad_fn=<SigmoidBackward0>)
Epoch [36/100], Loss: 1350.0000
val_Accuracy: [92m0.5000[0m
val_Precision: [4;34m0.5000[0m,               val_Recall: [4;33m1.0000[0m,                 val_F1 Score: [4;35m0.6667[0m
æ ‡ç­¾é‡Œ1çš„ä¸ªæ•°:  430
æ ‡ç­¾é‡Œ0çš„ä¸ªæ•°:  430
æ€»æ•°:  860
æ­£ç¡®çš„ä¸ªæ•°:  430
[4mLearning rate [91mincreased[4m to 0.001187[0m
Epoch [37/100], Loss: 6750.0000
train_Accuracy: [91m0.5000[0m
train_Precision: [4;34m0.5000[0m,               train_Recall: [4;33m1.0000[0m,                 train_F1 Score: [4;35m0.6667[0m
æ ‡ç­¾é‡Œ1çš„ä¸ªæ•°:  2150
æ ‡ç­¾é‡Œ0çš„ä¸ªæ•°:  2150
æ€»æ•°:  4300
æ­£ç¡®çš„ä¸ªæ•°:  2150
æœ€åä¸€ä¸ªæ‰¹æ¬¡çš„è¾“å‡º, ä¸æ»¡batchsizeæ˜¯æ­£å¸¸çš„:
 tensor([[1.],
        [1.],
        [1.],
        [1.],
        [1.],
        [1.],
        [1.],
        [1.],
        [1.],
        [1.],
        [1.],
        [1.]], device='cuda:0', grad_fn=<SigmoidBackward0>)
Epoch [37/100], Loss: 1350.0000
val_Accuracy: [92m0.5000[0m
val_Precision: [4;34m0.5000[0m,               val_Recall: [4;33m1.0000[0m,                 val_F1 Score: [4;35m0.6667[0m
æ ‡ç­¾é‡Œ1çš„ä¸ªæ•°:  430
æ ‡ç­¾é‡Œ0çš„ä¸ªæ•°:  430
æ€»æ•°:  860
æ­£ç¡®çš„ä¸ªæ•°:  430
[4mLearning rate [91mincreased[4m to 0.001247[0m
Epoch [38/100], Loss: 6750.0000
train_Accuracy: [91m0.5000[0m
train_Precision: [4;34m0.5000[0m,               train_Recall: [4;33m1.0000[0m,                 train_F1 Score: [4;35m0.6667[0m
æ ‡ç­¾é‡Œ1çš„ä¸ªæ•°:  2150
æ ‡ç­¾é‡Œ0çš„ä¸ªæ•°:  2150
æ€»æ•°:  4300
æ­£ç¡®çš„ä¸ªæ•°:  2150
æœ€åä¸€ä¸ªæ‰¹æ¬¡çš„è¾“å‡º, ä¸æ»¡batchsizeæ˜¯æ­£å¸¸çš„:
 tensor([[1.],
        [1.],
        [1.],
        [1.],
        [1.],
        [1.],
        [1.],
        [1.],
        [1.],
        [1.],
        [1.],
        [1.]], device='cuda:0', grad_fn=<SigmoidBackward0>)
Epoch [38/100], Loss: 1350.0000
val_Accuracy: [92m0.5000[0m
val_Precision: [4;34m0.5000[0m,               val_Recall: [4;33m1.0000[0m,                 val_F1 Score: [4;35m0.6667[0m
æ ‡ç­¾é‡Œ1çš„ä¸ªæ•°:  430
æ ‡ç­¾é‡Œ0çš„ä¸ªæ•°:  430
æ€»æ•°:  860
æ­£ç¡®çš„ä¸ªæ•°:  430
[4mLearning rate [91mincreased[4m to 0.001309[0m
Epoch [39/100], Loss: 6750.0000
train_Accuracy: [91m0.5000[0m
train_Precision: [4;34m0.5000[0m,               train_Recall: [4;33m1.0000[0m,                 train_F1 Score: [4;35m0.6667[0m
æ ‡ç­¾é‡Œ1çš„ä¸ªæ•°:  2150
æ ‡ç­¾é‡Œ0çš„ä¸ªæ•°:  2150
æ€»æ•°:  4300
æ­£ç¡®çš„ä¸ªæ•°:  2150
æœ€åä¸€ä¸ªæ‰¹æ¬¡çš„è¾“å‡º, ä¸æ»¡batchsizeæ˜¯æ­£å¸¸çš„:
 tensor([[1.],
        [1.],
        [1.],
        [1.],
        [1.],
        [1.],
        [1.],
        [1.],
        [1.],
        [1.],
        [1.],
        [1.]], device='cuda:0', grad_fn=<SigmoidBackward0>)
Epoch [39/100], Loss: 1350.0000
val_Accuracy: [92m0.5000[0m
val_Precision: [4;34m0.5000[0m,               val_Recall: [4;33m1.0000[0m,                 val_F1 Score: [4;35m0.6667[0m
æ ‡ç­¾é‡Œ1çš„ä¸ªæ•°:  430
æ ‡ç­¾é‡Œ0çš„ä¸ªæ•°:  430
æ€»æ•°:  860
æ­£ç¡®çš„ä¸ªæ•°:  430
[4mLearning rate [91mincreased[4m to 0.001375[0m
Epoch [40/100], Loss: 6750.0000
train_Accuracy: [91m0.5000[0m
train_Precision: [4;34m0.5000[0m,               train_Recall: [4;33m1.0000[0m,                 train_F1 Score: [4;35m0.6667[0m
æ ‡ç­¾é‡Œ1çš„ä¸ªæ•°:  2150
æ ‡ç­¾é‡Œ0çš„ä¸ªæ•°:  2150
æ€»æ•°:  4300
æ­£ç¡®çš„ä¸ªæ•°:  2150
æœ€åä¸€ä¸ªæ‰¹æ¬¡çš„è¾“å‡º, ä¸æ»¡batchsizeæ˜¯æ­£å¸¸çš„:
 tensor([[1.],
        [1.],
        [1.],
        [1.],
        [1.],
        [1.],
        [1.],
        [1.],
        [1.],
        [1.],
        [1.],
        [1.]], device='cuda:0', grad_fn=<SigmoidBackward0>)
Epoch [40/100], Loss: 1350.0000
val_Accuracy: [92m0.5000[0m
val_Precision: [4;34m0.5000[0m,               val_Recall: [4;33m1.0000[0m,                 val_F1 Score: [4;35m0.6667[0m
æ ‡ç­¾é‡Œ1çš„ä¸ªæ•°:  430
æ ‡ç­¾é‡Œ0çš„ä¸ªæ•°:  430
æ€»æ•°:  860
æ­£ç¡®çš„ä¸ªæ•°:  430
[4mLearning rate [91mincreased[4m to 0.001443[0m
[4mLearning rate [92mdecreased[4m to 0.001299[0m
Epoch [41/100], Loss: 6750.0000
train_Accuracy: [91m0.5000[0m
train_Precision: [4;34m0.5000[0m,               train_Recall: [4;33m1.0000[0m,                 train_F1 Score: [4;35m0.6667[0m
æ ‡ç­¾é‡Œ1çš„ä¸ªæ•°:  2150
æ ‡ç­¾é‡Œ0çš„ä¸ªæ•°:  2150
æ€»æ•°:  4300
æ­£ç¡®çš„ä¸ªæ•°:  2150
æœ€åä¸€ä¸ªæ‰¹æ¬¡çš„è¾“å‡º, ä¸æ»¡batchsizeæ˜¯æ­£å¸¸çš„:
 tensor([[1.],
        [1.],
        [1.],
        [1.],
        [1.],
        [1.],
        [1.],
        [1.],
        [1.],
        [1.],
        [1.],
        [1.]], device='cuda:0', grad_fn=<SigmoidBackward0>)
Epoch [41/100], Loss: 1350.0000
val_Accuracy: [92m0.5000[0m
val_Precision: [4;34m0.5000[0m,               val_Recall: [4;33m1.0000[0m,                 val_F1 Score: [4;35m0.6667[0m
æ ‡ç­¾é‡Œ1çš„ä¸ªæ•°:  430
æ ‡ç­¾é‡Œ0çš„ä¸ªæ•°:  430
æ€»æ•°:  860
æ­£ç¡®çš„ä¸ªæ•°:  430
[4mLearning rate [91mincreased[4m to 0.001364[0m
Epoch [42/100], Loss: 6750.0000
train_Accuracy: [91m0.5000[0m
train_Precision: [4;34m0.5000[0m,               train_Recall: [4;33m1.0000[0m,                 train_F1 Score: [4;35m0.6667[0m
æ ‡ç­¾é‡Œ1çš„ä¸ªæ•°:  2150
æ ‡ç­¾é‡Œ0çš„ä¸ªæ•°:  2150
æ€»æ•°:  4300
æ­£ç¡®çš„ä¸ªæ•°:  2150
æœ€åä¸€ä¸ªæ‰¹æ¬¡çš„è¾“å‡º, ä¸æ»¡batchsizeæ˜¯æ­£å¸¸çš„:
 tensor([[1.],
        [1.],
        [1.],
        [1.],
        [1.],
        [1.],
        [1.],
        [1.],
        [1.],
        [1.],
        [1.],
        [1.]], device='cuda:0', grad_fn=<SigmoidBackward0>)
Epoch [42/100], Loss: 1350.0000
val_Accuracy: [92m0.5000[0m
val_Precision: [4;34m0.5000[0m,               val_Recall: [4;33m1.0000[0m,                 val_F1 Score: [4;35m0.6667[0m
æ ‡ç­¾é‡Œ1çš„ä¸ªæ•°:  430
æ ‡ç­¾é‡Œ0çš„ä¸ªæ•°:  430
æ€»æ•°:  860
æ­£ç¡®çš„ä¸ªæ•°:  430
[4mLearning rate [91mincreased[4m to 0.001432[0m
Epoch [43/100], Loss: 6750.0000
train_Accuracy: [91m0.5000[0m
train_Precision: [4;34m0.5000[0m,               train_Recall: [4;33m1.0000[0m,                 train_F1 Score: [4;35m0.6667[0m
æ ‡ç­¾é‡Œ1çš„ä¸ªæ•°:  2150
æ ‡ç­¾é‡Œ0çš„ä¸ªæ•°:  2150
æ€»æ•°:  4300
æ­£ç¡®çš„ä¸ªæ•°:  2150
æœ€åä¸€ä¸ªæ‰¹æ¬¡çš„è¾“å‡º, ä¸æ»¡batchsizeæ˜¯æ­£å¸¸çš„:
 tensor([[1.],
        [1.],
        [1.],
        [1.],
        [1.],
        [1.],
        [1.],
        [1.],
        [1.],
        [1.],
        [1.],
        [1.]], device='cuda:0', grad_fn=<SigmoidBackward0>)
Epoch [43/100], Loss: 1350.0000
val_Accuracy: [92m0.5000[0m
val_Precision: [4;34m0.5000[0m,               val_Recall: [4;33m1.0000[0m,                 val_F1 Score: [4;35m0.6667[0m
æ ‡ç­¾é‡Œ1çš„ä¸ªæ•°:  430
æ ‡ç­¾é‡Œ0çš„ä¸ªæ•°:  430
æ€»æ•°:  860
æ­£ç¡®çš„ä¸ªæ•°:  430
[4mLearning rate [91mincreased[4m to 0.001504[0m
Epoch [44/100], Loss: 6750.0000
train_Accuracy: [91m0.5000[0m
train_Precision: [4;34m0.5000[0m,               train_Recall: [4;33m1.0000[0m,                 train_F1 Score: [4;35m0.6667[0m
æ ‡ç­¾é‡Œ1çš„ä¸ªæ•°:  2150
æ ‡ç­¾é‡Œ0çš„ä¸ªæ•°:  2150
æ€»æ•°:  4300
æ­£ç¡®çš„ä¸ªæ•°:  2150
æœ€åä¸€ä¸ªæ‰¹æ¬¡çš„è¾“å‡º, ä¸æ»¡batchsizeæ˜¯æ­£å¸¸çš„:
 tensor([[1.],
        [1.],
        [1.],
        [1.],
        [1.],
        [1.],
        [1.],
        [1.],
        [1.],
        [1.],
        [1.],
        [1.]], device='cuda:0', grad_fn=<SigmoidBackward0>)
Epoch [44/100], Loss: 1350.0000
val_Accuracy: [92m0.5000[0m
val_Precision: [4;34m0.5000[0m,               val_Recall: [4;33m1.0000[0m,                 val_F1 Score: [4;35m0.6667[0m
æ ‡ç­¾é‡Œ1çš„ä¸ªæ•°:  430
æ ‡ç­¾é‡Œ0çš„ä¸ªæ•°:  430
æ€»æ•°:  860
æ­£ç¡®çš„ä¸ªæ•°:  430
[4mLearning rate [91mincreased[4m to 0.001579[0m
Epoch [45/100], Loss: 6750.0000
train_Accuracy: [91m0.5000[0m
train_Precision: [4;34m0.5000[0m,               train_Recall: [4;33m1.0000[0m,                 train_F1 Score: [4;35m0.6667[0m
æ ‡ç­¾é‡Œ1çš„ä¸ªæ•°:  2150
æ ‡ç­¾é‡Œ0çš„ä¸ªæ•°:  2150
æ€»æ•°:  4300
æ­£ç¡®çš„ä¸ªæ•°:  2150
æœ€åä¸€ä¸ªæ‰¹æ¬¡çš„è¾“å‡º, ä¸æ»¡batchsizeæ˜¯æ­£å¸¸çš„:
 tensor([[1.],
        [1.],
        [1.],
        [1.],
        [1.],
        [1.],
        [1.],
        [1.],
        [1.],
        [1.],
        [1.],
        [1.]], device='cuda:0', grad_fn=<SigmoidBackward0>)
Epoch [45/100], Loss: 1350.0000
val_Accuracy: [92m0.5000[0m
val_Precision: [4;34m0.5000[0m,               val_Recall: [4;33m1.0000[0m,                 val_F1 Score: [4;35m0.6667[0m
æ ‡ç­¾é‡Œ1çš„ä¸ªæ•°:  430
æ ‡ç­¾é‡Œ0çš„ä¸ªæ•°:  430
æ€»æ•°:  860
æ­£ç¡®çš„ä¸ªæ•°:  430
[4mLearning rate [91mincreased[4m to 0.001658[0m
Epoch [46/100], Loss: 6750.0000
train_Accuracy: [91m0.5000[0m
train_Precision: [4;34m0.5000[0m,               train_Recall: [4;33m1.0000[0m,                 train_F1 Score: [4;35m0.6667[0m
æ ‡ç­¾é‡Œ1çš„ä¸ªæ•°:  2150
æ ‡ç­¾é‡Œ0çš„ä¸ªæ•°:  2150
æ€»æ•°:  4300
æ­£ç¡®çš„ä¸ªæ•°:  2150
æœ€åä¸€ä¸ªæ‰¹æ¬¡çš„è¾“å‡º, ä¸æ»¡batchsizeæ˜¯æ­£å¸¸çš„:
 tensor([[1.],
        [1.],
        [1.],
        [1.],
        [1.],
        [1.],
        [1.],
        [1.],
        [1.],
        [1.],
        [1.],
        [1.]], device='cuda:0', grad_fn=<SigmoidBackward0>)
Epoch [46/100], Loss: 1350.0000
val_Accuracy: [92m0.5000[0m
val_Precision: [4;34m0.5000[0m,               val_Recall: [4;33m1.0000[0m,                 val_F1 Score: [4;35m0.6667[0m
æ ‡ç­¾é‡Œ1çš„ä¸ªæ•°:  430
æ ‡ç­¾é‡Œ0çš„ä¸ªæ•°:  430
æ€»æ•°:  860
æ­£ç¡®çš„ä¸ªæ•°:  430
[4mLearning rate [91mincreased[4m to 0.001741[0m
Epoch [47/100], Loss: 6750.0000
train_Accuracy: [91m0.5000[0m
train_Precision: [4;34m0.5000[0m,               train_Recall: [4;33m1.0000[0m,                 train_F1 Score: [4;35m0.6667[0m
æ ‡ç­¾é‡Œ1çš„ä¸ªæ•°:  2150
æ ‡ç­¾é‡Œ0çš„ä¸ªæ•°:  2150
æ€»æ•°:  4300
æ­£ç¡®çš„ä¸ªæ•°:  2150
æœ€åä¸€ä¸ªæ‰¹æ¬¡çš„è¾“å‡º, ä¸æ»¡batchsizeæ˜¯æ­£å¸¸çš„:
 tensor([[1.],
        [1.],
        [1.],
        [1.],
        [1.],
        [1.],
        [1.],
        [1.],
        [1.],
        [1.],
        [1.],
        [1.]], device='cuda:0', grad_fn=<SigmoidBackward0>)
Epoch [47/100], Loss: 1350.0000
val_Accuracy: [92m0.5000[0m
val_Precision: [4;34m0.5000[0m,               val_Recall: [4;33m1.0000[0m,                 val_F1 Score: [4;35m0.6667[0m
æ ‡ç­¾é‡Œ1çš„ä¸ªæ•°:  430
æ ‡ç­¾é‡Œ0çš„ä¸ªæ•°:  430
æ€»æ•°:  860
æ­£ç¡®çš„ä¸ªæ•°:  430
[4mLearning rate [91mincreased[4m to 0.001828[0m
Epoch [48/100], Loss: 6750.0000
train_Accuracy: [91m0.5000[0m
train_Precision: [4;34m0.5000[0m,               train_Recall: [4;33m1.0000[0m,                 train_F1 Score: [4;35m0.6667[0m
æ ‡ç­¾é‡Œ1çš„ä¸ªæ•°:  2150
æ ‡ç­¾é‡Œ0çš„ä¸ªæ•°:  2150
æ€»æ•°:  4300
æ­£ç¡®çš„ä¸ªæ•°:  2150
æœ€åä¸€ä¸ªæ‰¹æ¬¡çš„è¾“å‡º, ä¸æ»¡batchsizeæ˜¯æ­£å¸¸çš„:
 tensor([[1.],
        [1.],
        [1.],
        [1.],
        [1.],
        [1.],
        [1.],
        [1.],
        [1.],
        [1.],
        [1.],
        [1.]], device='cuda:0', grad_fn=<SigmoidBackward0>)
Epoch [48/100], Loss: 1350.0000
val_Accuracy: [92m0.5000[0m
val_Precision: [4;34m0.5000[0m,               val_Recall: [4;33m1.0000[0m,                 val_F1 Score: [4;35m0.6667[0m
æ ‡ç­¾é‡Œ1çš„ä¸ªæ•°:  430
æ ‡ç­¾é‡Œ0çš„ä¸ªæ•°:  430
æ€»æ•°:  860
æ­£ç¡®çš„ä¸ªæ•°:  430
[4mLearning rate [91mincreased[4m to 0.001919[0m
Epoch [49/100], Loss: 6750.0000
train_Accuracy: [91m0.5000[0m
train_Precision: [4;34m0.5000[0m,               train_Recall: [4;33m1.0000[0m,                 train_F1 Score: [4;35m0.6667[0m
æ ‡ç­¾é‡Œ1çš„ä¸ªæ•°:  2150
æ ‡ç­¾é‡Œ0çš„ä¸ªæ•°:  2150
æ€»æ•°:  4300
æ­£ç¡®çš„ä¸ªæ•°:  2150
æœ€åä¸€ä¸ªæ‰¹æ¬¡çš„è¾“å‡º, ä¸æ»¡batchsizeæ˜¯æ­£å¸¸çš„:
 tensor([[1.],
        [1.],
        [1.],
        [1.],
        [1.],
        [1.],
        [1.],
        [1.],
        [1.],
        [1.],
        [1.],
        [1.]], device='cuda:0', grad_fn=<SigmoidBackward0>)
Epoch [49/100], Loss: 1350.0000
val_Accuracy: [92m0.5000[0m
val_Precision: [4;34m0.5000[0m,               val_Recall: [4;33m1.0000[0m,                 val_F1 Score: [4;35m0.6667[0m
æ ‡ç­¾é‡Œ1çš„ä¸ªæ•°:  430
æ ‡ç­¾é‡Œ0çš„ä¸ªæ•°:  430
æ€»æ•°:  860
æ­£ç¡®çš„ä¸ªæ•°:  430
[4mLearning rate [91mincreased[4m to 0.002015[0m
Epoch [50/100], Loss: 6750.0000
train_Accuracy: [91m0.5000[0m
train_Precision: [4;34m0.5000[0m,               train_Recall: [4;33m1.0000[0m,                 train_F1 Score: [4;35m0.6667[0m
æ ‡ç­¾é‡Œ1çš„ä¸ªæ•°:  2150
æ ‡ç­¾é‡Œ0çš„ä¸ªæ•°:  2150
æ€»æ•°:  4300
æ­£ç¡®çš„ä¸ªæ•°:  2150
æœ€åä¸€ä¸ªæ‰¹æ¬¡çš„è¾“å‡º, ä¸æ»¡batchsizeæ˜¯æ­£å¸¸çš„:
 tensor([[1.],
        [1.],
        [1.],
        [1.],
        [1.],
        [1.],
        [1.],
        [1.],
        [1.],
        [1.],
        [1.],
        [1.]], device='cuda:0', grad_fn=<SigmoidBackward0>)
Epoch [50/100], Loss: 1350.0000
val_Accuracy: [92m0.5000[0m
val_Precision: [4;34m0.5000[0m,               val_Recall: [4;33m1.0000[0m,                 val_F1 Score: [4;35m0.6667[0m
æ ‡ç­¾é‡Œ1çš„ä¸ªæ•°:  430
æ ‡ç­¾é‡Œ0çš„ä¸ªæ•°:  430
æ€»æ•°:  860
æ­£ç¡®çš„ä¸ªæ•°:  430
[4mLearning rate [91mincreased[4m to 0.002116[0m
[4mLearning rate [92mdecreased[4m to 0.001904[0m
Epoch [51/100], Loss: 6750.0000
train_Accuracy: [91m0.5000[0m
train_Precision: [4;34m0.5000[0m,               train_Recall: [4;33m1.0000[0m,                 train_F1 Score: [4;35m0.6667[0m
æ ‡ç­¾é‡Œ1çš„ä¸ªæ•°:  2150
æ ‡ç­¾é‡Œ0çš„ä¸ªæ•°:  2150
æ€»æ•°:  4300
æ­£ç¡®çš„ä¸ªæ•°:  2150
æœ€åä¸€ä¸ªæ‰¹æ¬¡çš„è¾“å‡º, ä¸æ»¡batchsizeæ˜¯æ­£å¸¸çš„:
 tensor([[1.],
        [1.],
        [1.],
        [1.],
        [1.],
        [1.],
        [1.],
        [1.],
        [1.],
        [1.],
        [1.],
        [1.]], device='cuda:0', grad_fn=<SigmoidBackward0>)
Epoch [51/100], Loss: 1350.0000
val_Accuracy: [92m0.5000[0m
val_Precision: [4;34m0.5000[0m,               val_Recall: [4;33m1.0000[0m,                 val_F1 Score: [4;35m0.6667[0m
æ ‡ç­¾é‡Œ1çš„ä¸ªæ•°:  430
æ ‡ç­¾é‡Œ0çš„ä¸ªæ•°:  430
æ€»æ•°:  860
æ­£ç¡®çš„ä¸ªæ•°:  430
[4mLearning rate [91mincreased[4m to 0.002000[0m
Epoch [52/100], Loss: 6750.0000
train_Accuracy: [91m0.5000[0m
train_Precision: [4;34m0.5000[0m,               train_Recall: [4;33m1.0000[0m,                 train_F1 Score: [4;35m0.6667[0m
æ ‡ç­¾é‡Œ1çš„ä¸ªæ•°:  2150
æ ‡ç­¾é‡Œ0çš„ä¸ªæ•°:  2150
æ€»æ•°:  4300
æ­£ç¡®çš„ä¸ªæ•°:  2150
æœ€åä¸€ä¸ªæ‰¹æ¬¡çš„è¾“å‡º, ä¸æ»¡batchsizeæ˜¯æ­£å¸¸çš„:
 tensor([[1.],
        [1.],
        [1.],
        [1.],
        [1.],
        [1.],
        [1.],
        [1.],
        [1.],
        [1.],
        [1.],
        [1.]], device='cuda:0', grad_fn=<SigmoidBackward0>)
Epoch [52/100], Loss: 1350.0000
val_Accuracy: [92m0.5000[0m
val_Precision: [4;34m0.5000[0m,               val_Recall: [4;33m1.0000[0m,                 val_F1 Score: [4;35m0.6667[0m
æ ‡ç­¾é‡Œ1çš„ä¸ªæ•°:  430
æ ‡ç­¾é‡Œ0çš„ä¸ªæ•°:  430
æ€»æ•°:  860
æ­£ç¡®çš„ä¸ªæ•°:  430
[4mLearning rate [91mincreased[4m to 0.002100[0m
Epoch [53/100], Loss: 6750.0000
train_Accuracy: [91m0.5000[0m
train_Precision: [4;34m0.5000[0m,               train_Recall: [4;33m1.0000[0m,                 train_F1 Score: [4;35m0.6667[0m
æ ‡ç­¾é‡Œ1çš„ä¸ªæ•°:  2150
æ ‡ç­¾é‡Œ0çš„ä¸ªæ•°:  2150
æ€»æ•°:  4300
æ­£ç¡®çš„ä¸ªæ•°:  2150
æœ€åä¸€ä¸ªæ‰¹æ¬¡çš„è¾“å‡º, ä¸æ»¡batchsizeæ˜¯æ­£å¸¸çš„:
 tensor([[1.],
        [1.],
        [1.],
        [1.],
        [1.],
        [1.],
        [1.],
        [1.],
        [1.],
        [1.],
        [1.],
        [1.]], device='cuda:0', grad_fn=<SigmoidBackward0>)
Epoch [53/100], Loss: 1350.0000
val_Accuracy: [92m0.5000[0m
val_Precision: [4;34m0.5000[0m,               val_Recall: [4;33m1.0000[0m,                 val_F1 Score: [4;35m0.6667[0m
æ ‡ç­¾é‡Œ1çš„ä¸ªæ•°:  430
æ ‡ç­¾é‡Œ0çš„ä¸ªæ•°:  430
æ€»æ•°:  860
æ­£ç¡®çš„ä¸ªæ•°:  430
[4mLearning rate [91mincreased[4m to 0.002205[0m
Epoch [54/100], Loss: 6750.0000
train_Accuracy: [91m0.5000[0m
train_Precision: [4;34m0.5000[0m,               train_Recall: [4;33m1.0000[0m,                 train_F1 Score: [4;35m0.6667[0m
æ ‡ç­¾é‡Œ1çš„ä¸ªæ•°:  2150
æ ‡ç­¾é‡Œ0çš„ä¸ªæ•°:  2150
æ€»æ•°:  4300
æ­£ç¡®çš„ä¸ªæ•°:  2150
æœ€åä¸€ä¸ªæ‰¹æ¬¡çš„è¾“å‡º, ä¸æ»¡batchsizeæ˜¯æ­£å¸¸çš„:
 tensor([[1.],
        [1.],
        [1.],
        [1.],
        [1.],
        [1.],
        [1.],
        [1.],
        [1.],
        [1.],
        [1.],
        [1.]], device='cuda:0', grad_fn=<SigmoidBackward0>)
Epoch [54/100], Loss: 1350.0000
val_Accuracy: [92m0.5000[0m
val_Precision: [4;34m0.5000[0m,               val_Recall: [4;33m1.0000[0m,                 val_F1 Score: [4;35m0.6667[0m
æ ‡ç­¾é‡Œ1çš„ä¸ªæ•°:  430
æ ‡ç­¾é‡Œ0çš„ä¸ªæ•°:  430
æ€»æ•°:  860
æ­£ç¡®çš„ä¸ªæ•°:  430
[4mLearning rate [91mincreased[4m to 0.002315[0m
Epoch [55/100], Loss: 6750.0000
train_Accuracy: [91m0.5000[0m
train_Precision: [4;34m0.5000[0m,               train_Recall: [4;33m1.0000[0m,                 train_F1 Score: [4;35m0.6667[0m
æ ‡ç­¾é‡Œ1çš„ä¸ªæ•°:  2150
æ ‡ç­¾é‡Œ0çš„ä¸ªæ•°:  2150
æ€»æ•°:  4300
æ­£ç¡®çš„ä¸ªæ•°:  2150
æœ€åä¸€ä¸ªæ‰¹æ¬¡çš„è¾“å‡º, ä¸æ»¡batchsizeæ˜¯æ­£å¸¸çš„:
 tensor([[1.],
        [1.],
        [1.],
        [1.],
        [1.],
        [1.],
        [1.],
        [1.],
        [1.],
        [1.],
        [1.],
        [1.]], device='cuda:0', grad_fn=<SigmoidBackward0>)
Epoch [55/100], Loss: 1336.7299
val_Accuracy: [92m0.5000[0m
val_Precision: [4;34m0.5000[0m,               val_Recall: [4;33m1.0000[0m,                 val_F1 Score: [4;35m0.6667[0m
æ ‡ç­¾é‡Œ1çš„ä¸ªæ•°:  430
æ ‡ç­¾é‡Œ0çš„ä¸ªæ•°:  430
æ€»æ•°:  860
æ­£ç¡®çš„ä¸ªæ•°:  430
[4mLearning rate [91mincreased[4m to 0.002431[0m
Epoch [56/100], Loss: 6652.6995
train_Accuracy: [91m0.5000[0m
train_Precision: [4;34m0.1519[0m,               train_Recall: [4;33m0.3037[0m,                 train_F1 Score: [4;35m0.2025[0m
æ ‡ç­¾é‡Œ1çš„ä¸ªæ•°:  2150
æ ‡ç­¾é‡Œ0çš„ä¸ªæ•°:  2150
æ€»æ•°:  4300
æ­£ç¡®çš„ä¸ªæ•°:  2150
æœ€åä¸€ä¸ªæ‰¹æ¬¡çš„è¾“å‡º, ä¸æ»¡batchsizeæ˜¯æ­£å¸¸çš„:
 tensor([[0.],
        [0.],
        [0.],
        [0.],
        [0.],
        [0.],
        [0.],
        [0.],
        [0.],
        [0.],
        [0.],
        [0.]], device='cuda:0', grad_fn=<SigmoidBackward0>)
Epoch [56/100], Loss: 1350.0000
val_Accuracy: [92m0.5000[0m
val_Precision: [4;34m0.0000[0m,               val_Recall: [4;33m0.0000[0m,                 val_F1 Score: [4;35m0.0000[0m
æ ‡ç­¾é‡Œ1çš„ä¸ªæ•°:  430
æ ‡ç­¾é‡Œ0çš„ä¸ªæ•°:  430
æ€»æ•°:  860
æ­£ç¡®çš„ä¸ªæ•°:  430
Epoch [57/100], Loss: 6750.0000
train_Accuracy: [91m0.5000[0m
train_Precision: [4;34m0.0000[0m,               train_Recall: [4;33m0.0000[0m,                 train_F1 Score: [4;35m0.0000[0m
æ ‡ç­¾é‡Œ1çš„ä¸ªæ•°:  2150
æ ‡ç­¾é‡Œ0çš„ä¸ªæ•°:  2150
æ€»æ•°:  4300
æ­£ç¡®çš„ä¸ªæ•°:  2150
æœ€åä¸€ä¸ªæ‰¹æ¬¡çš„è¾“å‡º, ä¸æ»¡batchsizeæ˜¯æ­£å¸¸çš„:
 tensor([[0.],
        [0.],
        [0.],
        [0.],
        [0.],
        [0.],
        [0.],
        [0.],
        [0.],
        [0.],
        [0.],
        [0.]], device='cuda:0', grad_fn=<SigmoidBackward0>)
Epoch [57/100], Loss: 1350.0000
val_Accuracy: [92m0.5000[0m
val_Precision: [4;34m0.0000[0m,               val_Recall: [4;33m0.0000[0m,                 val_F1 Score: [4;35m0.0000[0m
æ ‡ç­¾é‡Œ1çš„ä¸ªæ•°:  430
æ ‡ç­¾é‡Œ0çš„ä¸ªæ•°:  430
æ€»æ•°:  860
æ­£ç¡®çš„ä¸ªæ•°:  430
[4mLearning rate [91mincreased[4m to 0.002552[0m
Epoch [58/100], Loss: 6750.0000
train_Accuracy: [91m0.5000[0m
train_Precision: [4;34m0.0000[0m,               train_Recall: [4;33m0.0000[0m,                 train_F1 Score: [4;35m0.0000[0m
æ ‡ç­¾é‡Œ1çš„ä¸ªæ•°:  2150
æ ‡ç­¾é‡Œ0çš„ä¸ªæ•°:  2150
æ€»æ•°:  4300
æ­£ç¡®çš„ä¸ªæ•°:  2150
æœ€åä¸€ä¸ªæ‰¹æ¬¡çš„è¾“å‡º, ä¸æ»¡batchsizeæ˜¯æ­£å¸¸çš„:
 tensor([[0.],
        [0.],
        [0.],
        [0.],
        [0.],
        [0.],
        [0.],
        [0.],
        [0.],
        [0.],
        [0.],
        [0.]], device='cuda:0', grad_fn=<SigmoidBackward0>)
Epoch [58/100], Loss: 1350.0000
val_Accuracy: [92m0.5000[0m
val_Precision: [4;34m0.0000[0m,               val_Recall: [4;33m0.0000[0m,                 val_F1 Score: [4;35m0.0000[0m
æ ‡ç­¾é‡Œ1çš„ä¸ªæ•°:  430
æ ‡ç­¾é‡Œ0çš„ä¸ªæ•°:  430
æ€»æ•°:  860
æ­£ç¡®çš„ä¸ªæ•°:  430
[4mLearning rate [91mincreased[4m to 0.002680[0m
Epoch [59/100], Loss: 6750.0000
train_Accuracy: [91m0.5000[0m
train_Precision: [4;34m0.0000[0m,               train_Recall: [4;33m0.0000[0m,                 train_F1 Score: [4;35m0.0000[0m
æ ‡ç­¾é‡Œ1çš„ä¸ªæ•°:  2150
æ ‡ç­¾é‡Œ0çš„ä¸ªæ•°:  2150
æ€»æ•°:  4300
æ­£ç¡®çš„ä¸ªæ•°:  2150
æœ€åä¸€ä¸ªæ‰¹æ¬¡çš„è¾“å‡º, ä¸æ»¡batchsizeæ˜¯æ­£å¸¸çš„:
 tensor([[0.],
        [0.],
        [0.],
        [0.],
        [0.],
        [0.],
        [0.],
        [0.],
        [0.],
        [0.],
        [0.],
        [0.]], device='cuda:0', grad_fn=<SigmoidBackward0>)
Epoch [59/100], Loss: 1350.0000
val_Accuracy: [92m0.5000[0m
val_Precision: [4;34m0.0000[0m,               val_Recall: [4;33m0.0000[0m,                 val_F1 Score: [4;35m0.0000[0m
æ ‡ç­¾é‡Œ1çš„ä¸ªæ•°:  430
æ ‡ç­¾é‡Œ0çš„ä¸ªæ•°:  430
æ€»æ•°:  860
æ­£ç¡®çš„ä¸ªæ•°:  430
[4mLearning rate [91mincreased[4m to 0.002814[0m
Epoch [60/100], Loss: 6750.0000
train_Accuracy: [91m0.5000[0m
train_Precision: [4;34m0.0000[0m,               train_Recall: [4;33m0.0000[0m,                 train_F1 Score: [4;35m0.0000[0m
æ ‡ç­¾é‡Œ1çš„ä¸ªæ•°:  2150
æ ‡ç­¾é‡Œ0çš„ä¸ªæ•°:  2150
æ€»æ•°:  4300
æ­£ç¡®çš„ä¸ªæ•°:  2150
æœ€åä¸€ä¸ªæ‰¹æ¬¡çš„è¾“å‡º, ä¸æ»¡batchsizeæ˜¯æ­£å¸¸çš„:
 tensor([[0.],
        [0.],
        [0.],
        [0.],
        [0.],
        [0.],
        [0.],
        [0.],
        [0.],
        [0.],
        [0.],
        [0.]], device='cuda:0', grad_fn=<SigmoidBackward0>)
Epoch [60/100], Loss: 1350.0000
val_Accuracy: [92m0.5000[0m
val_Precision: [4;34m0.0000[0m,               val_Recall: [4;33m0.0000[0m,                 val_F1 Score: [4;35m0.0000[0m
æ ‡ç­¾é‡Œ1çš„ä¸ªæ•°:  430
æ ‡ç­¾é‡Œ0çš„ä¸ªæ•°:  430
æ€»æ•°:  860
æ­£ç¡®çš„ä¸ªæ•°:  430
[4mLearning rate [91mincreased[4m to 0.002954[0m
[4mLearning rate [92mdecreased[4m to 0.002659[0m
Epoch [61/100], Loss: 6750.0000
train_Accuracy: [91m0.5000[0m
train_Precision: [4;34m0.0000[0m,               train_Recall: [4;33m0.0000[0m,                 train_F1 Score: [4;35m0.0000[0m
æ ‡ç­¾é‡Œ1çš„ä¸ªæ•°:  2150
æ ‡ç­¾é‡Œ0çš„ä¸ªæ•°:  2150
æ€»æ•°:  4300
æ­£ç¡®çš„ä¸ªæ•°:  2150
æœ€åä¸€ä¸ªæ‰¹æ¬¡çš„è¾“å‡º, ä¸æ»¡batchsizeæ˜¯æ­£å¸¸çš„:
 tensor([[0.],
        [0.],
        [0.],
        [0.],
        [0.],
        [0.],
        [0.],
        [0.],
        [0.],
        [0.],
        [0.],
        [0.]], device='cuda:0', grad_fn=<SigmoidBackward0>)
Epoch [61/100], Loss: 1350.0000
val_Accuracy: [92m0.5000[0m
val_Precision: [4;34m0.0000[0m,               val_Recall: [4;33m0.0000[0m,                 val_F1 Score: [4;35m0.0000[0m
æ ‡ç­¾é‡Œ1çš„ä¸ªæ•°:  430
æ ‡ç­¾é‡Œ0çš„ä¸ªæ•°:  430
æ€»æ•°:  860
æ­£ç¡®çš„ä¸ªæ•°:  430
[4mLearning rate [91mincreased[4m to 0.002792[0m
Epoch [62/100], Loss: 6750.0000
train_Accuracy: [91m0.5000[0m
train_Precision: [4;34m0.0000[0m,               train_Recall: [4;33m0.0000[0m,                 train_F1 Score: [4;35m0.0000[0m
æ ‡ç­¾é‡Œ1çš„ä¸ªæ•°:  2150
æ ‡ç­¾é‡Œ0çš„ä¸ªæ•°:  2150
æ€»æ•°:  4300
æ­£ç¡®çš„ä¸ªæ•°:  2150
æœ€åä¸€ä¸ªæ‰¹æ¬¡çš„è¾“å‡º, ä¸æ»¡batchsizeæ˜¯æ­£å¸¸çš„:
 tensor([[0.],
        [0.],
        [0.],
        [0.],
        [0.],
        [0.],
        [0.],
        [0.],
        [0.],
        [0.],
        [0.],
        [0.]], device='cuda:0', grad_fn=<SigmoidBackward0>)
Epoch [62/100], Loss: 1350.0000
val_Accuracy: [92m0.5000[0m
val_Precision: [4;34m0.0000[0m,               val_Recall: [4;33m0.0000[0m,                 val_F1 Score: [4;35m0.0000[0m
æ ‡ç­¾é‡Œ1çš„ä¸ªæ•°:  430
æ ‡ç­¾é‡Œ0çš„ä¸ªæ•°:  430
æ€»æ•°:  860
æ­£ç¡®çš„ä¸ªæ•°:  430
[4mLearning rate [91mincreased[4m to 0.002931[0m
Epoch [63/100], Loss: 6750.0000
train_Accuracy: [91m0.5000[0m
train_Precision: [4;34m0.0000[0m,               train_Recall: [4;33m0.0000[0m,                 train_F1 Score: [4;35m0.0000[0m
æ ‡ç­¾é‡Œ1çš„ä¸ªæ•°:  2150
æ ‡ç­¾é‡Œ0çš„ä¸ªæ•°:  2150
æ€»æ•°:  4300
æ­£ç¡®çš„ä¸ªæ•°:  2150
æœ€åä¸€ä¸ªæ‰¹æ¬¡çš„è¾“å‡º, ä¸æ»¡batchsizeæ˜¯æ­£å¸¸çš„:
 tensor([[0.],
        [0.],
        [0.],
        [0.],
        [0.],
        [0.],
        [0.],
        [0.],
        [0.],
        [0.],
        [0.],
        [0.]], device='cuda:0', grad_fn=<SigmoidBackward0>)
Epoch [63/100], Loss: 1350.0000
val_Accuracy: [92m0.5000[0m
val_Precision: [4;34m0.0000[0m,               val_Recall: [4;33m0.0000[0m,                 val_F1 Score: [4;35m0.0000[0m
æ ‡ç­¾é‡Œ1çš„ä¸ªæ•°:  430
æ ‡ç­¾é‡Œ0çš„ä¸ªæ•°:  430
æ€»æ•°:  860
æ­£ç¡®çš„ä¸ªæ•°:  430
[4mLearning rate [91mincreased[4m to 0.003078[0m
Epoch [64/100], Loss: 6750.0000
train_Accuracy: [91m0.5000[0m
train_Precision: [4;34m0.0000[0m,               train_Recall: [4;33m0.0000[0m,                 train_F1 Score: [4;35m0.0000[0m
æ ‡ç­¾é‡Œ1çš„ä¸ªæ•°:  2150
æ ‡ç­¾é‡Œ0çš„ä¸ªæ•°:  2150
æ€»æ•°:  4300
æ­£ç¡®çš„ä¸ªæ•°:  2150
æœ€åä¸€ä¸ªæ‰¹æ¬¡çš„è¾“å‡º, ä¸æ»¡batchsizeæ˜¯æ­£å¸¸çš„:
 tensor([[0.],
        [0.],
        [0.],
        [0.],
        [0.],
        [0.],
        [0.],
        [0.],
        [0.],
        [0.],
        [0.],
        [0.]], device='cuda:0', grad_fn=<SigmoidBackward0>)
Epoch [64/100], Loss: 1350.0000
val_Accuracy: [92m0.5000[0m
val_Precision: [4;34m0.0000[0m,               val_Recall: [4;33m0.0000[0m,                 val_F1 Score: [4;35m0.0000[0m
æ ‡ç­¾é‡Œ1çš„ä¸ªæ•°:  430
æ ‡ç­¾é‡Œ0çš„ä¸ªæ•°:  430
æ€»æ•°:  860
æ­£ç¡®çš„ä¸ªæ•°:  430
[4mLearning rate [91mincreased[4m to 0.003232[0m
Epoch [65/100], Loss: 6750.0000
train_Accuracy: [91m0.5000[0m
train_Precision: [4;34m0.0000[0m,               train_Recall: [4;33m0.0000[0m,                 train_F1 Score: [4;35m0.0000[0m
æ ‡ç­¾é‡Œ1çš„ä¸ªæ•°:  2150
æ ‡ç­¾é‡Œ0çš„ä¸ªæ•°:  2150
æ€»æ•°:  4300
æ­£ç¡®çš„ä¸ªæ•°:  2150
æœ€åä¸€ä¸ªæ‰¹æ¬¡çš„è¾“å‡º, ä¸æ»¡batchsizeæ˜¯æ­£å¸¸çš„:
 tensor([[0.],
        [0.],
        [0.],
        [0.],
        [0.],
        [0.],
        [0.],
        [0.],
        [0.],
        [0.],
        [0.],
        [0.]], device='cuda:0', grad_fn=<SigmoidBackward0>)
Epoch [65/100], Loss: 1350.0000
val_Accuracy: [92m0.5000[0m
val_Precision: [4;34m0.0000[0m,               val_Recall: [4;33m0.0000[0m,                 val_F1 Score: [4;35m0.0000[0m
æ ‡ç­¾é‡Œ1çš„ä¸ªæ•°:  430
æ ‡ç­¾é‡Œ0çš„ä¸ªæ•°:  430
æ€»æ•°:  860
æ­£ç¡®çš„ä¸ªæ•°:  430
[4mLearning rate [91mincreased[4m to 0.003394[0m
Epoch [66/100], Loss: 6750.0000
train_Accuracy: [91m0.5000[0m
train_Precision: [4;34m0.0000[0m,               train_Recall: [4;33m0.0000[0m,                 train_F1 Score: [4;35m0.0000[0m
æ ‡ç­¾é‡Œ1çš„ä¸ªæ•°:  2150
æ ‡ç­¾é‡Œ0çš„ä¸ªæ•°:  2150
æ€»æ•°:  4300
æ­£ç¡®çš„ä¸ªæ•°:  2150
æœ€åä¸€ä¸ªæ‰¹æ¬¡çš„è¾“å‡º, ä¸æ»¡batchsizeæ˜¯æ­£å¸¸çš„:
 tensor([[0.],
        [0.],
        [0.],
        [0.],
        [0.],
        [0.],
        [0.],
        [0.],
        [0.],
        [0.],
        [0.],
        [0.]], device='cuda:0', grad_fn=<SigmoidBackward0>)
Epoch [66/100], Loss: 1350.0000
val_Accuracy: [92m0.5000[0m
val_Precision: [4;34m0.0000[0m,               val_Recall: [4;33m0.0000[0m,                 val_F1 Score: [4;35m0.0000[0m
æ ‡ç­¾é‡Œ1çš„ä¸ªæ•°:  430
æ ‡ç­¾é‡Œ0çš„ä¸ªæ•°:  430
æ€»æ•°:  860
æ­£ç¡®çš„ä¸ªæ•°:  430
[4mLearning rate [91mincreased[4m to 0.003563[0m
Epoch [67/100], Loss: 6750.0000
train_Accuracy: [91m0.5000[0m
train_Precision: [4;34m0.0000[0m,               train_Recall: [4;33m0.0000[0m,                 train_F1 Score: [4;35m0.0000[0m
æ ‡ç­¾é‡Œ1çš„ä¸ªæ•°:  2150
æ ‡ç­¾é‡Œ0çš„ä¸ªæ•°:  2150
æ€»æ•°:  4300
æ­£ç¡®çš„ä¸ªæ•°:  2150
æœ€åä¸€ä¸ªæ‰¹æ¬¡çš„è¾“å‡º, ä¸æ»¡batchsizeæ˜¯æ­£å¸¸çš„:
 tensor([[0.],
        [0.],
        [0.],
        [0.],
        [0.],
        [0.],
        [0.],
        [0.],
        [0.],
        [0.],
        [0.],
        [0.]], device='cuda:0', grad_fn=<SigmoidBackward0>)
Epoch [67/100], Loss: 1349.5965
val_Accuracy: [92m0.5000[0m
val_Precision: [4;34m0.0000[0m,               val_Recall: [4;33m0.0000[0m,                 val_F1 Score: [4;35m0.0000[0m
æ ‡ç­¾é‡Œ1çš„ä¸ªæ•°:  430
æ ‡ç­¾é‡Œ0çš„ä¸ªæ•°:  430
æ€»æ•°:  860
æ­£ç¡®çš„ä¸ªæ•°:  430
[4mLearning rate [91mincreased[4m to 0.003741[0m
Epoch [68/100], Loss: 6750.0000
train_Accuracy: [91m0.5000[0m
train_Precision: [4;34m0.0000[0m,               train_Recall: [4;33m0.0000[0m,                 train_F1 Score: [4;35m0.0000[0m
æ ‡ç­¾é‡Œ1çš„ä¸ªæ•°:  2150
æ ‡ç­¾é‡Œ0çš„ä¸ªæ•°:  2150
æ€»æ•°:  4300
æ­£ç¡®çš„ä¸ªæ•°:  2150
æœ€åä¸€ä¸ªæ‰¹æ¬¡çš„è¾“å‡º, ä¸æ»¡batchsizeæ˜¯æ­£å¸¸çš„:
 tensor([[0.],
        [0.],
        [0.],
        [0.],
        [0.],
        [0.],
        [0.],
        [0.],
        [0.],
        [0.],
        [0.],
        [0.]], device='cuda:0', grad_fn=<SigmoidBackward0>)
Epoch [68/100], Loss: 1348.3190
val_Accuracy: [92m0.5000[0m
val_Precision: [4;34m0.0000[0m,               val_Recall: [4;33m0.0000[0m,                 val_F1 Score: [4;35m0.0000[0m
æ ‡ç­¾é‡Œ1çš„ä¸ªæ•°:  430
æ ‡ç­¾é‡Œ0çš„ä¸ªæ•°:  430
æ€»æ•°:  860
æ­£ç¡®çš„ä¸ªæ•°:  430
[4mLearning rate [91mincreased[4m to 0.003928[0m
Epoch [69/100], Loss: 6748.5793
train_Accuracy: [91m0.5000[0m
train_Precision: [4;34m0.0000[0m,               train_Recall: [4;33m0.0000[0m,                 train_F1 Score: [4;35m0.0000[0m
æ ‡ç­¾é‡Œ1çš„ä¸ªæ•°:  2150
æ ‡ç­¾é‡Œ0çš„ä¸ªæ•°:  2150
æ€»æ•°:  4300
æ­£ç¡®çš„ä¸ªæ•°:  2150
æœ€åä¸€ä¸ªæ‰¹æ¬¡çš„è¾“å‡º, ä¸æ»¡batchsizeæ˜¯æ­£å¸¸çš„:
 tensor([[0.],
        [0.],
        [0.],
        [0.],
        [0.],
        [0.],
        [0.],
        [0.],
        [0.],
        [0.],
        [0.],
        [0.]], device='cuda:0', grad_fn=<SigmoidBackward0>)
Epoch [69/100], Loss: 1342.9167
val_Accuracy: [92m0.5000[0m
val_Precision: [4;34m0.0000[0m,               val_Recall: [4;33m0.0000[0m,                 val_F1 Score: [4;35m0.0000[0m
æ ‡ç­¾é‡Œ1çš„ä¸ªæ•°:  430
æ ‡ç­¾é‡Œ0çš„ä¸ªæ•°:  430
æ€»æ•°:  860
æ­£ç¡®çš„ä¸ªæ•°:  430
[4mLearning rate [91mincreased[4m to 0.004125[0m
Epoch [70/100], Loss: 6741.6310
train_Accuracy: [91m0.5000[0m
train_Precision: [4;34m0.0000[0m,               train_Recall: [4;33m0.0000[0m,                 train_F1 Score: [4;35m0.0000[0m
æ ‡ç­¾é‡Œ1çš„ä¸ªæ•°:  2150
æ ‡ç­¾é‡Œ0çš„ä¸ªæ•°:  2150
æ€»æ•°:  4300
æ­£ç¡®çš„ä¸ªæ•°:  2150
æœ€åä¸€ä¸ªæ‰¹æ¬¡çš„è¾“å‡º, ä¸æ»¡batchsizeæ˜¯æ­£å¸¸çš„:
 tensor([[0.],
        [0.],
        [0.],
        [0.],
        [0.],
        [0.],
        [0.],
        [0.],
        [0.],
        [0.],
        [0.],
        [0.]], device='cuda:0', grad_fn=<SigmoidBackward0>)
Epoch [70/100], Loss: 1330.8186
val_Accuracy: [92m0.5000[0m
val_Precision: [4;34m0.0000[0m,               val_Recall: [4;33m0.0000[0m,                 val_F1 Score: [4;35m0.0000[0m
æ ‡ç­¾é‡Œ1çš„ä¸ªæ•°:  430
æ ‡ç­¾é‡Œ0çš„ä¸ªæ•°:  430
æ€»æ•°:  860
æ­£ç¡®çš„ä¸ªæ•°:  430
[4mLearning rate [92mdecreased[4m to 0.003712[0m
Epoch [71/100], Loss: 6717.1810
train_Accuracy: [91m0.5000[0m
train_Precision: [4;34m0.0000[0m,               train_Recall: [4;33m0.0000[0m,                 train_F1 Score: [4;35m0.0000[0m
æ ‡ç­¾é‡Œ1çš„ä¸ªæ•°:  2150
æ ‡ç­¾é‡Œ0çš„ä¸ªæ•°:  2150
æ€»æ•°:  4300
æ­£ç¡®çš„ä¸ªæ•°:  2150
æœ€åä¸€ä¸ªæ‰¹æ¬¡çš„è¾“å‡º, ä¸æ»¡batchsizeæ˜¯æ­£å¸¸çš„:
 tensor([[0.],
        [0.],
        [0.],
        [0.],
        [0.],
        [0.],
        [0.],
        [0.],
        [0.],
        [0.],
        [0.],
        [0.]], device='cuda:0', grad_fn=<SigmoidBackward0>)
Epoch [71/100], Loss: 1289.5481
val_Accuracy: [92m0.5000[0m
val_Precision: [4;34m0.0000[0m,               val_Recall: [4;33m0.0000[0m,                 val_F1 Score: [4;35m0.0000[0m
æ ‡ç­¾é‡Œ1çš„ä¸ªæ•°:  430
æ ‡ç­¾é‡Œ0çš„ä¸ªæ•°:  430
æ€»æ•°:  860
æ­£ç¡®çš„ä¸ªæ•°:  430
Epoch [72/100], Loss: 6644.8991
train_Accuracy: [91m0.5000[0m
train_Precision: [4;34m0.0000[0m,               train_Recall: [4;33m0.0000[0m,                 train_F1 Score: [4;35m0.0000[0m
æ ‡ç­¾é‡Œ1çš„ä¸ªæ•°:  2150
æ ‡ç­¾é‡Œ0çš„ä¸ªæ•°:  2150
æ€»æ•°:  4300
æ­£ç¡®çš„ä¸ªæ•°:  2150
æœ€åä¸€ä¸ªæ‰¹æ¬¡çš„è¾“å‡º, ä¸æ»¡batchsizeæ˜¯æ­£å¸¸çš„:
 tensor([[0.],
        [0.],
        [0.],
        [0.],
        [0.],
        [0.],
        [0.],
        [0.],
        [0.],
        [0.],
        [0.],
        [0.]], device='cuda:0', grad_fn=<SigmoidBackward0>)
Epoch [72/100], Loss: 1200.4172
val_Accuracy: [92m0.5000[0m
val_Precision: [4;34m0.0000[0m,               val_Recall: [4;33m0.0000[0m,                 val_F1 Score: [4;35m0.0000[0m
æ ‡ç­¾é‡Œ1çš„ä¸ªæ•°:  430
æ ‡ç­¾é‡Œ0çš„ä¸ªæ•°:  430
æ€»æ•°:  860
æ­£ç¡®çš„ä¸ªæ•°:  430
Epoch [73/100], Loss: 6469.0058
train_Accuracy: [91m0.5000[0m
train_Precision: [4;34m0.0000[0m,               train_Recall: [4;33m0.0000[0m,                 train_F1 Score: [4;35m0.0000[0m
æ ‡ç­¾é‡Œ1çš„ä¸ªæ•°:  2150
æ ‡ç­¾é‡Œ0çš„ä¸ªæ•°:  2150
æ€»æ•°:  4300
æ­£ç¡®çš„ä¸ªæ•°:  2150
æœ€åä¸€ä¸ªæ‰¹æ¬¡çš„è¾“å‡º, ä¸æ»¡batchsizeæ˜¯æ­£å¸¸çš„:
 tensor([[1.1362e-38],
        [0.0000e+00],
        [0.0000e+00],
        [0.0000e+00],
        [0.0000e+00],
        [0.0000e+00],
        [1.6773e-36],
        [0.0000e+00],
        [0.0000e+00],
        [0.0000e+00],
        [2.9951e-39],
        [0.0000e+00]], device='cuda:0', grad_fn=<SigmoidBackward0>)
Epoch [73/100], Loss: 1057.8286
val_Accuracy: [92m0.5000[0m
val_Precision: [4;34m0.0000[0m,               val_Recall: [4;33m0.0000[0m,                 val_F1 Score: [4;35m0.0000[0m
æ ‡ç­¾é‡Œ1çš„ä¸ªæ•°:  430
æ ‡ç­¾é‡Œ0çš„ä¸ªæ•°:  430
æ€»æ•°:  860
æ­£ç¡®çš„ä¸ªæ•°:  430
Epoch [74/100], Loss: 6052.6348
train_Accuracy: [91m0.5000[0m
train_Precision: [4;34m0.0000[0m,               train_Recall: [4;33m0.0000[0m,                 train_F1 Score: [4;35m0.0000[0m
æ ‡ç­¾é‡Œ1çš„ä¸ªæ•°:  2150
æ ‡ç­¾é‡Œ0çš„ä¸ªæ•°:  2150
æ€»æ•°:  4300
æ­£ç¡®çš„ä¸ªæ•°:  2150
æœ€åä¸€ä¸ªæ‰¹æ¬¡çš„è¾“å‡º, ä¸æ»¡batchsizeæ˜¯æ­£å¸¸çš„:
 tensor([[1.1921e-31],
        [2.7899e-37],
        [0.0000e+00],
        [6.1937e-33],
        [0.0000e+00],
        [3.2587e-38],
        [0.0000e+00],
        [0.0000e+00],
        [1.3250e-34],
        [0.0000e+00],
        [0.0000e+00],
        [0.0000e+00]], device='cuda:0', grad_fn=<SigmoidBackward0>)
Epoch [74/100], Loss: 903.1945
val_Accuracy: [92m0.5000[0m
val_Precision: [4;34m0.0000[0m,               val_Recall: [4;33m0.0000[0m,                 val_F1 Score: [4;35m0.0000[0m
æ ‡ç­¾é‡Œ1çš„ä¸ªæ•°:  430
æ ‡ç­¾é‡Œ0çš„ä¸ªæ•°:  430
æ€»æ•°:  860
æ­£ç¡®çš„ä¸ªæ•°:  430
Epoch [75/100], Loss: 5320.9881
train_Accuracy: [91m0.5000[0m
train_Precision: [4;34m0.0000[0m,               train_Recall: [4;33m0.0000[0m,                 train_F1 Score: [4;35m0.0000[0m
æ ‡ç­¾é‡Œ1çš„ä¸ªæ•°:  2150
æ ‡ç­¾é‡Œ0çš„ä¸ªæ•°:  2150
æ€»æ•°:  4300
æ­£ç¡®çš„ä¸ªæ•°:  2150
æœ€åä¸€ä¸ªæ‰¹æ¬¡çš„è¾“å‡º, ä¸æ»¡batchsizeæ˜¯æ­£å¸¸çš„:
 tensor([[1.6664e-36],
        [1.3000e-33],
        [0.0000e+00],
        [1.4031e-38],
        [2.2429e-35],
        [9.2426e-38],
        [4.7299e-36],
        [8.0946e-34],
        [8.1266e-38],
        [2.1033e-29],
        [1.8357e-29],
        [1.4677e-27]], device='cuda:0', grad_fn=<SigmoidBackward0>)
Epoch [75/100], Loss: 763.0468
val_Accuracy: [92m0.5000[0m
val_Precision: [4;34m0.0000[0m,               val_Recall: [4;33m0.0000[0m,                 val_F1 Score: [4;35m0.0000[0m
æ ‡ç­¾é‡Œ1çš„ä¸ªæ•°:  430
æ ‡ç­¾é‡Œ0çš„ä¸ªæ•°:  430
æ€»æ•°:  860
æ­£ç¡®çš„ä¸ªæ•°:  430
Epoch [76/100], Loss: 5595.7631
train_Accuracy: [91m0.5000[0m
train_Precision: [4;34m0.2333[0m,               train_Recall: [4;33m0.4667[0m,                 train_F1 Score: [4;35m0.3111[0m
æ ‡ç­¾é‡Œ1çš„ä¸ªæ•°:  2150
æ ‡ç­¾é‡Œ0çš„ä¸ªæ•°:  2150
æ€»æ•°:  4300
æ­£ç¡®çš„ä¸ªæ•°:  2150
æœ€åä¸€ä¸ªæ‰¹æ¬¡çš„è¾“å‡º, ä¸æ»¡batchsizeæ˜¯æ­£å¸¸çš„:
 tensor([[1.],
        [1.],
        [1.],
        [1.],
        [1.],
        [1.],
        [1.],
        [1.],
        [1.],
        [1.],
        [1.],
        [1.]], device='cuda:0', grad_fn=<SigmoidBackward0>)
Epoch [76/100], Loss: 1350.0000
val_Accuracy: [92m0.5000[0m
val_Precision: [4;34m0.5000[0m,               val_Recall: [4;33m1.0000[0m,                 val_F1 Score: [4;35m0.6667[0m
æ ‡ç­¾é‡Œ1çš„ä¸ªæ•°:  430
æ ‡ç­¾é‡Œ0çš„ä¸ªæ•°:  430
æ€»æ•°:  860
æ­£ç¡®çš„ä¸ªæ•°:  430
Epoch [77/100], Loss: 6750.0000
train_Accuracy: [91m0.5000[0m
train_Precision: [4;34m0.5000[0m,               train_Recall: [4;33m1.0000[0m,                 train_F1 Score: [4;35m0.6667[0m
æ ‡ç­¾é‡Œ1çš„ä¸ªæ•°:  2150
æ ‡ç­¾é‡Œ0çš„ä¸ªæ•°:  2150
æ€»æ•°:  4300
æ­£ç¡®çš„ä¸ªæ•°:  2150
æœ€åä¸€ä¸ªæ‰¹æ¬¡çš„è¾“å‡º, ä¸æ»¡batchsizeæ˜¯æ­£å¸¸çš„:
 tensor([[1.],
        [1.],
        [1.],
        [1.],
        [1.],
        [1.],
        [1.],
        [1.],
        [1.],
        [1.],
        [1.],
        [1.]], device='cuda:0', grad_fn=<SigmoidBackward0>)
Epoch [77/100], Loss: 1350.0000
val_Accuracy: [92m0.5000[0m
val_Precision: [4;34m0.5000[0m,               val_Recall: [4;33m1.0000[0m,                 val_F1 Score: [4;35m0.6667[0m
æ ‡ç­¾é‡Œ1çš„ä¸ªæ•°:  430
æ ‡ç­¾é‡Œ0çš„ä¸ªæ•°:  430
æ€»æ•°:  860
æ­£ç¡®çš„ä¸ªæ•°:  430
[4mLearning rate [91mincreased[4m to 0.003898[0m
Epoch [78/100], Loss: 6750.0000
train_Accuracy: [91m0.5000[0m
train_Precision: [4;34m0.5000[0m,               train_Recall: [4;33m1.0000[0m,                 train_F1 Score: [4;35m0.6667[0m
æ ‡ç­¾é‡Œ1çš„ä¸ªæ•°:  2150
æ ‡ç­¾é‡Œ0çš„ä¸ªæ•°:  2150
æ€»æ•°:  4300
æ­£ç¡®çš„ä¸ªæ•°:  2150
æœ€åä¸€ä¸ªæ‰¹æ¬¡çš„è¾“å‡º, ä¸æ»¡batchsizeæ˜¯æ­£å¸¸çš„:
 tensor([[1.],
        [1.],
        [1.],
        [1.],
        [1.],
        [1.],
        [1.],
        [1.],
        [1.],
        [1.],
        [1.],
        [1.]], device='cuda:0', grad_fn=<SigmoidBackward0>)
Epoch [78/100], Loss: 1350.0000
val_Accuracy: [92m0.5000[0m
val_Precision: [4;34m0.5000[0m,               val_Recall: [4;33m1.0000[0m,                 val_F1 Score: [4;35m0.6667[0m
æ ‡ç­¾é‡Œ1çš„ä¸ªæ•°:  430
æ ‡ç­¾é‡Œ0çš„ä¸ªæ•°:  430
æ€»æ•°:  860
æ­£ç¡®çš„ä¸ªæ•°:  430
[4mLearning rate [91mincreased[4m to 0.004093[0m
Epoch [79/100], Loss: 6750.0000
train_Accuracy: [91m0.5000[0m
train_Precision: [4;34m0.5000[0m,               train_Recall: [4;33m1.0000[0m,                 train_F1 Score: [4;35m0.6667[0m
æ ‡ç­¾é‡Œ1çš„ä¸ªæ•°:  2150
æ ‡ç­¾é‡Œ0çš„ä¸ªæ•°:  2150
æ€»æ•°:  4300
æ­£ç¡®çš„ä¸ªæ•°:  2150
æœ€åä¸€ä¸ªæ‰¹æ¬¡çš„è¾“å‡º, ä¸æ»¡batchsizeæ˜¯æ­£å¸¸çš„:
 tensor([[1.],
        [1.],
        [1.],
        [1.],
        [1.],
        [1.],
        [1.],
        [1.],
        [1.],
        [1.],
        [1.],
        [1.]], device='cuda:0', grad_fn=<SigmoidBackward0>)
Epoch [79/100], Loss: 1350.0000
val_Accuracy: [92m0.5000[0m
val_Precision: [4;34m0.5000[0m,               val_Recall: [4;33m1.0000[0m,                 val_F1 Score: [4;35m0.6667[0m
æ ‡ç­¾é‡Œ1çš„ä¸ªæ•°:  430
æ ‡ç­¾é‡Œ0çš„ä¸ªæ•°:  430
æ€»æ•°:  860
æ­£ç¡®çš„ä¸ªæ•°:  430
[4mLearning rate [91mincreased[4m to 0.004298[0m
Epoch [80/100], Loss: 6750.0000
train_Accuracy: [91m0.5000[0m
train_Precision: [4;34m0.5000[0m,               train_Recall: [4;33m1.0000[0m,                 train_F1 Score: [4;35m0.6667[0m
æ ‡ç­¾é‡Œ1çš„ä¸ªæ•°:  2150
æ ‡ç­¾é‡Œ0çš„ä¸ªæ•°:  2150
æ€»æ•°:  4300
æ­£ç¡®çš„ä¸ªæ•°:  2150
æœ€åä¸€ä¸ªæ‰¹æ¬¡çš„è¾“å‡º, ä¸æ»¡batchsizeæ˜¯æ­£å¸¸çš„:
 tensor([[1.],
        [1.],
        [1.],
        [1.],
        [1.],
        [1.],
        [1.],
        [1.],
        [1.],
        [1.],
        [1.],
        [1.]], device='cuda:0', grad_fn=<SigmoidBackward0>)
Epoch [80/100], Loss: 1350.0000
val_Accuracy: [92m0.5000[0m
val_Precision: [4;34m0.5000[0m,               val_Recall: [4;33m1.0000[0m,                 val_F1 Score: [4;35m0.6667[0m
æ ‡ç­¾é‡Œ1çš„ä¸ªæ•°:  430
æ ‡ç­¾é‡Œ0çš„ä¸ªæ•°:  430
æ€»æ•°:  860
æ­£ç¡®çš„ä¸ªæ•°:  430
[4mLearning rate [91mincreased[4m to 0.004512[0m
[4mLearning rate [92mdecreased[4m to 0.004061[0m
Epoch [81/100], Loss: 6750.0000
train_Accuracy: [91m0.5000[0m
train_Precision: [4;34m0.5000[0m,               train_Recall: [4;33m1.0000[0m,                 train_F1 Score: [4;35m0.6667[0m
æ ‡ç­¾é‡Œ1çš„ä¸ªæ•°:  2150
æ ‡ç­¾é‡Œ0çš„ä¸ªæ•°:  2150
æ€»æ•°:  4300
æ­£ç¡®çš„ä¸ªæ•°:  2150
æœ€åä¸€ä¸ªæ‰¹æ¬¡çš„è¾“å‡º, ä¸æ»¡batchsizeæ˜¯æ­£å¸¸çš„:
 tensor([[1.],
        [1.],
        [1.],
        [1.],
        [1.],
        [1.],
        [1.],
        [1.],
        [1.],
        [1.],
        [1.],
        [1.]], device='cuda:0', grad_fn=<SigmoidBackward0>)
Epoch [81/100], Loss: 1350.0000
val_Accuracy: [92m0.5000[0m
val_Precision: [4;34m0.5000[0m,               val_Recall: [4;33m1.0000[0m,                 val_F1 Score: [4;35m0.6667[0m
æ ‡ç­¾é‡Œ1çš„ä¸ªæ•°:  430
æ ‡ç­¾é‡Œ0çš„ä¸ªæ•°:  430
æ€»æ•°:  860
æ­£ç¡®çš„ä¸ªæ•°:  430
[4mLearning rate [91mincreased[4m to 0.004264[0m
Epoch [82/100], Loss: 6750.0000
train_Accuracy: [91m0.5000[0m
train_Precision: [4;34m0.5000[0m,               train_Recall: [4;33m1.0000[0m,                 train_F1 Score: [4;35m0.6667[0m
æ ‡ç­¾é‡Œ1çš„ä¸ªæ•°:  2150
æ ‡ç­¾é‡Œ0çš„ä¸ªæ•°:  2150
æ€»æ•°:  4300
æ­£ç¡®çš„ä¸ªæ•°:  2150
æœ€åä¸€ä¸ªæ‰¹æ¬¡çš„è¾“å‡º, ä¸æ»¡batchsizeæ˜¯æ­£å¸¸çš„:
 tensor([[1.],
        [1.],
        [1.],
        [1.],
        [1.],
        [1.],
        [1.],
        [1.],
        [1.],
        [1.],
        [1.],
        [1.]], device='cuda:0', grad_fn=<SigmoidBackward0>)
Epoch [82/100], Loss: 1350.0000
val_Accuracy: [92m0.5000[0m
val_Precision: [4;34m0.5000[0m,               val_Recall: [4;33m1.0000[0m,                 val_F1 Score: [4;35m0.6667[0m
æ ‡ç­¾é‡Œ1çš„ä¸ªæ•°:  430
æ ‡ç­¾é‡Œ0çš„ä¸ªæ•°:  430
æ€»æ•°:  860
æ­£ç¡®çš„ä¸ªæ•°:  430
[4mLearning rate [91mincreased[4m to 0.004477[0m
Epoch [83/100], Loss: 6750.0000
train_Accuracy: [91m0.5000[0m
train_Precision: [4;34m0.5000[0m,               train_Recall: [4;33m1.0000[0m,                 train_F1 Score: [4;35m0.6667[0m
æ ‡ç­¾é‡Œ1çš„ä¸ªæ•°:  2150
æ ‡ç­¾é‡Œ0çš„ä¸ªæ•°:  2150
æ€»æ•°:  4300
æ­£ç¡®çš„ä¸ªæ•°:  2150
æœ€åä¸€ä¸ªæ‰¹æ¬¡çš„è¾“å‡º, ä¸æ»¡batchsizeæ˜¯æ­£å¸¸çš„:
 tensor([[1.],
        [1.],
        [1.],
        [1.],
        [1.],
        [1.],
        [1.],
        [1.],
        [1.],
        [1.],
        [1.],
        [1.]], device='cuda:0', grad_fn=<SigmoidBackward0>)
Epoch [83/100], Loss: 1350.0000
val_Accuracy: [92m0.5000[0m
val_Precision: [4;34m0.5000[0m,               val_Recall: [4;33m1.0000[0m,                 val_F1 Score: [4;35m0.6667[0m
æ ‡ç­¾é‡Œ1çš„ä¸ªæ•°:  430
æ ‡ç­¾é‡Œ0çš„ä¸ªæ•°:  430
æ€»æ•°:  860
æ­£ç¡®çš„ä¸ªæ•°:  430
[4mLearning rate [91mincreased[4m to 0.004701[0m
Epoch [84/100], Loss: 6750.0000
train_Accuracy: [91m0.5000[0m
train_Precision: [4;34m0.5000[0m,               train_Recall: [4;33m1.0000[0m,                 train_F1 Score: [4;35m0.6667[0m
æ ‡ç­¾é‡Œ1çš„ä¸ªæ•°:  2150
æ ‡ç­¾é‡Œ0çš„ä¸ªæ•°:  2150
æ€»æ•°:  4300
æ­£ç¡®çš„ä¸ªæ•°:  2150
æœ€åä¸€ä¸ªæ‰¹æ¬¡çš„è¾“å‡º, ä¸æ»¡batchsizeæ˜¯æ­£å¸¸çš„:
 tensor([[1.],
        [1.],
        [1.],
        [1.],
        [1.],
        [1.],
        [1.],
        [1.],
        [1.],
        [1.],
        [1.],
        [1.]], device='cuda:0', grad_fn=<SigmoidBackward0>)
Epoch [84/100], Loss: 1350.0000
val_Accuracy: [92m0.5000[0m
val_Precision: [4;34m0.5000[0m,               val_Recall: [4;33m1.0000[0m,                 val_F1 Score: [4;35m0.6667[0m
æ ‡ç­¾é‡Œ1çš„ä¸ªæ•°:  430
æ ‡ç­¾é‡Œ0çš„ä¸ªæ•°:  430
æ€»æ•°:  860
æ­£ç¡®çš„ä¸ªæ•°:  430
[4mLearning rate [91mincreased[4m to 0.004936[0m
Epoch [85/100], Loss: 6750.0000
train_Accuracy: [91m0.5000[0m
train_Precision: [4;34m0.5000[0m,               train_Recall: [4;33m1.0000[0m,                 train_F1 Score: [4;35m0.6667[0m
æ ‡ç­¾é‡Œ1çš„ä¸ªæ•°:  2150
æ ‡ç­¾é‡Œ0çš„ä¸ªæ•°:  2150
æ€»æ•°:  4300
æ­£ç¡®çš„ä¸ªæ•°:  2150
æœ€åä¸€ä¸ªæ‰¹æ¬¡çš„è¾“å‡º, ä¸æ»¡batchsizeæ˜¯æ­£å¸¸çš„:
 tensor([[1.],
        [1.],
        [1.],
        [1.],
        [1.],
        [1.],
        [1.],
        [1.],
        [1.],
        [1.],
        [1.],
        [1.]], device='cuda:0', grad_fn=<SigmoidBackward0>)
Epoch [85/100], Loss: 1350.0000
val_Accuracy: [92m0.5000[0m
val_Precision: [4;34m0.5000[0m,               val_Recall: [4;33m1.0000[0m,                 val_F1 Score: [4;35m0.6667[0m
æ ‡ç­¾é‡Œ1çš„ä¸ªæ•°:  430
æ ‡ç­¾é‡Œ0çš„ä¸ªæ•°:  430
æ€»æ•°:  860
æ­£ç¡®çš„ä¸ªæ•°:  430
[4mLearning rate [91mincreased[4m to 0.005183[0m
Epoch [86/100], Loss: 6750.0000
train_Accuracy: [91m0.5000[0m
train_Precision: [4;34m0.5000[0m,               train_Recall: [4;33m1.0000[0m,                 train_F1 Score: [4;35m0.6667[0m
æ ‡ç­¾é‡Œ1çš„ä¸ªæ•°:  2150
æ ‡ç­¾é‡Œ0çš„ä¸ªæ•°:  2150
æ€»æ•°:  4300
æ­£ç¡®çš„ä¸ªæ•°:  2150
æœ€åä¸€ä¸ªæ‰¹æ¬¡çš„è¾“å‡º, ä¸æ»¡batchsizeæ˜¯æ­£å¸¸çš„:
 tensor([[1.],
        [1.],
        [1.],
        [1.],
        [1.],
        [1.],
        [1.],
        [1.],
        [1.],
        [1.],
        [1.],
        [1.]], device='cuda:0', grad_fn=<SigmoidBackward0>)
Epoch [86/100], Loss: 1350.0000
val_Accuracy: [92m0.5000[0m
val_Precision: [4;34m0.5000[0m,               val_Recall: [4;33m1.0000[0m,                 val_F1 Score: [4;35m0.6667[0m
æ ‡ç­¾é‡Œ1çš„ä¸ªæ•°:  430
æ ‡ç­¾é‡Œ0çš„ä¸ªæ•°:  430
æ€»æ•°:  860
æ­£ç¡®çš„ä¸ªæ•°:  430
[4mLearning rate [91mincreased[4m to 0.005442[0m
Epoch [87/100], Loss: 6750.0000
train_Accuracy: [91m0.5000[0m
train_Precision: [4;34m0.5000[0m,               train_Recall: [4;33m1.0000[0m,                 train_F1 Score: [4;35m0.6667[0m
æ ‡ç­¾é‡Œ1çš„ä¸ªæ•°:  2150
æ ‡ç­¾é‡Œ0çš„ä¸ªæ•°:  2150
æ€»æ•°:  4300
æ­£ç¡®çš„ä¸ªæ•°:  2150
æœ€åä¸€ä¸ªæ‰¹æ¬¡çš„è¾“å‡º, ä¸æ»¡batchsizeæ˜¯æ­£å¸¸çš„:
 tensor([[1.],
        [1.],
        [1.],
        [1.],
        [1.],
        [1.],
        [1.],
        [1.],
        [1.],
        [1.],
        [1.],
        [1.]], device='cuda:0', grad_fn=<SigmoidBackward0>)
Epoch [87/100], Loss: 1350.0000
val_Accuracy: [92m0.5000[0m
val_Precision: [4;34m0.5000[0m,               val_Recall: [4;33m1.0000[0m,                 val_F1 Score: [4;35m0.6667[0m
æ ‡ç­¾é‡Œ1çš„ä¸ªæ•°:  430
æ ‡ç­¾é‡Œ0çš„ä¸ªæ•°:  430
æ€»æ•°:  860
æ­£ç¡®çš„ä¸ªæ•°:  430
[4mLearning rate [91mincreased[4m to 0.005714[0m
Epoch [88/100], Loss: 6750.0000
train_Accuracy: [91m0.5000[0m
train_Precision: [4;34m0.5000[0m,               train_Recall: [4;33m1.0000[0m,                 train_F1 Score: [4;35m0.6667[0m
æ ‡ç­¾é‡Œ1çš„ä¸ªæ•°:  2150
æ ‡ç­¾é‡Œ0çš„ä¸ªæ•°:  2150
æ€»æ•°:  4300
æ­£ç¡®çš„ä¸ªæ•°:  2150
æœ€åä¸€ä¸ªæ‰¹æ¬¡çš„è¾“å‡º, ä¸æ»¡batchsizeæ˜¯æ­£å¸¸çš„:
 tensor([[1.],
        [1.],
        [1.],
        [1.],
        [1.],
        [1.],
        [1.],
        [1.],
        [1.],
        [1.],
        [1.],
        [1.]], device='cuda:0', grad_fn=<SigmoidBackward0>)
Epoch [88/100], Loss: 1350.0000
val_Accuracy: [92m0.5000[0m
val_Precision: [4;34m0.5000[0m,               val_Recall: [4;33m1.0000[0m,                 val_F1 Score: [4;35m0.6667[0m
æ ‡ç­¾é‡Œ1çš„ä¸ªæ•°:  430
æ ‡ç­¾é‡Œ0çš„ä¸ªæ•°:  430
æ€»æ•°:  860
æ­£ç¡®çš„ä¸ªæ•°:  430
[4mLearning rate [91mincreased[4m to 0.006000[0m
Epoch [89/100], Loss: 6750.0000
train_Accuracy: [91m0.5000[0m
train_Precision: [4;34m0.5000[0m,               train_Recall: [4;33m1.0000[0m,                 train_F1 Score: [4;35m0.6667[0m
æ ‡ç­¾é‡Œ1çš„ä¸ªæ•°:  2150
æ ‡ç­¾é‡Œ0çš„ä¸ªæ•°:  2150
æ€»æ•°:  4300
æ­£ç¡®çš„ä¸ªæ•°:  2150
æœ€åä¸€ä¸ªæ‰¹æ¬¡çš„è¾“å‡º, ä¸æ»¡batchsizeæ˜¯æ­£å¸¸çš„:
 tensor([[1.],
        [1.],
        [1.],
        [1.],
        [1.],
        [1.],
        [1.],
        [1.],
        [1.],
        [1.],
        [1.],
        [1.]], device='cuda:0', grad_fn=<SigmoidBackward0>)
Epoch [89/100], Loss: 1350.0000
val_Accuracy: [92m0.5000[0m
val_Precision: [4;34m0.5000[0m,               val_Recall: [4;33m1.0000[0m,                 val_F1 Score: [4;35m0.6667[0m
æ ‡ç­¾é‡Œ1çš„ä¸ªæ•°:  430
æ ‡ç­¾é‡Œ0çš„ä¸ªæ•°:  430
æ€»æ•°:  860
æ­£ç¡®çš„ä¸ªæ•°:  430
[4mLearning rate [91mincreased[4m to 0.006300[0m
Epoch [90/100], Loss: 6750.0000
train_Accuracy: [91m0.5000[0m
train_Precision: [4;34m0.5000[0m,               train_Recall: [4;33m1.0000[0m,                 train_F1 Score: [4;35m0.6667[0m
æ ‡ç­¾é‡Œ1çš„ä¸ªæ•°:  2150
æ ‡ç­¾é‡Œ0çš„ä¸ªæ•°:  2150
æ€»æ•°:  4300
æ­£ç¡®çš„ä¸ªæ•°:  2150
æœ€åä¸€ä¸ªæ‰¹æ¬¡çš„è¾“å‡º, ä¸æ»¡batchsizeæ˜¯æ­£å¸¸çš„:
 tensor([[1.],
        [1.],
        [1.],
        [1.],
        [1.],
        [1.],
        [1.],
        [1.],
        [1.],
        [1.],
        [1.],
        [1.]], device='cuda:0', grad_fn=<SigmoidBackward0>)
Epoch [90/100], Loss: 1350.0000
val_Accuracy: [92m0.5000[0m
val_Precision: [4;34m0.5000[0m,               val_Recall: [4;33m1.0000[0m,                 val_F1 Score: [4;35m0.6667[0m
æ ‡ç­¾é‡Œ1çš„ä¸ªæ•°:  430
æ ‡ç­¾é‡Œ0çš„ä¸ªæ•°:  430
æ€»æ•°:  860
æ­£ç¡®çš„ä¸ªæ•°:  430
[4mLearning rate [91mincreased[4m to 0.006615[0m
[4mLearning rate [92mdecreased[4m to 0.005954[0m
Epoch [91/100], Loss: 6750.0000
train_Accuracy: [91m0.5000[0m
train_Precision: [4;34m0.5000[0m,               train_Recall: [4;33m1.0000[0m,                 train_F1 Score: [4;35m0.6667[0m
æ ‡ç­¾é‡Œ1çš„ä¸ªæ•°:  2150
æ ‡ç­¾é‡Œ0çš„ä¸ªæ•°:  2150
æ€»æ•°:  4300
æ­£ç¡®çš„ä¸ªæ•°:  2150
æœ€åä¸€ä¸ªæ‰¹æ¬¡çš„è¾“å‡º, ä¸æ»¡batchsizeæ˜¯æ­£å¸¸çš„:
 tensor([[1.],
        [1.],
        [1.],
        [1.],
        [1.],
        [1.],
        [1.],
        [1.],
        [1.],
        [1.],
        [1.],
        [1.]], device='cuda:0', grad_fn=<SigmoidBackward0>)
Epoch [91/100], Loss: 1350.0000
val_Accuracy: [92m0.5000[0m
val_Precision: [4;34m0.5000[0m,               val_Recall: [4;33m1.0000[0m,                 val_F1 Score: [4;35m0.6667[0m
æ ‡ç­¾é‡Œ1çš„ä¸ªæ•°:  430
æ ‡ç­¾é‡Œ0çš„ä¸ªæ•°:  430
æ€»æ•°:  860
æ­£ç¡®çš„ä¸ªæ•°:  430
[4mLearning rate [91mincreased[4m to 0.006251[0m
Epoch [92/100], Loss: 6750.0000
train_Accuracy: [91m0.5000[0m
train_Precision: [4;34m0.5000[0m,               train_Recall: [4;33m1.0000[0m,                 train_F1 Score: [4;35m0.6667[0m
æ ‡ç­¾é‡Œ1çš„ä¸ªæ•°:  2150
æ ‡ç­¾é‡Œ0çš„ä¸ªæ•°:  2150
æ€»æ•°:  4300
æ­£ç¡®çš„ä¸ªæ•°:  2150
æœ€åä¸€ä¸ªæ‰¹æ¬¡çš„è¾“å‡º, ä¸æ»¡batchsizeæ˜¯æ­£å¸¸çš„:
 tensor([[1.],
        [1.],
        [1.],
        [1.],
        [1.],
        [1.],
        [1.],
        [1.],
        [1.],
        [1.],
        [1.],
        [1.]], device='cuda:0', grad_fn=<SigmoidBackward0>)
Epoch [92/100], Loss: 1350.0000
val_Accuracy: [92m0.5000[0m
val_Precision: [4;34m0.5000[0m,               val_Recall: [4;33m1.0000[0m,                 val_F1 Score: [4;35m0.6667[0m
æ ‡ç­¾é‡Œ1çš„ä¸ªæ•°:  430
æ ‡ç­¾é‡Œ0çš„ä¸ªæ•°:  430
æ€»æ•°:  860
æ­£ç¡®çš„ä¸ªæ•°:  430
[4mLearning rate [91mincreased[4m to 0.006564[0m
Epoch [93/100], Loss: 6750.0000
train_Accuracy: [91m0.5000[0m
train_Precision: [4;34m0.5000[0m,               train_Recall: [4;33m1.0000[0m,                 train_F1 Score: [4;35m0.6667[0m
æ ‡ç­¾é‡Œ1çš„ä¸ªæ•°:  2150
æ ‡ç­¾é‡Œ0çš„ä¸ªæ•°:  2150
æ€»æ•°:  4300
æ­£ç¡®çš„ä¸ªæ•°:  2150
æœ€åä¸€ä¸ªæ‰¹æ¬¡çš„è¾“å‡º, ä¸æ»¡batchsizeæ˜¯æ­£å¸¸çš„:
 tensor([[1.],
        [1.],
        [1.],
        [1.],
        [1.],
        [1.],
        [1.],
        [1.],
        [1.],
        [1.],
        [1.],
        [1.]], device='cuda:0', grad_fn=<SigmoidBackward0>)
Epoch [93/100], Loss: 1350.0000
val_Accuracy: [92m0.5000[0m
val_Precision: [4;34m0.5000[0m,               val_Recall: [4;33m1.0000[0m,                 val_F1 Score: [4;35m0.6667[0m
æ ‡ç­¾é‡Œ1çš„ä¸ªæ•°:  430
æ ‡ç­¾é‡Œ0çš„ä¸ªæ•°:  430
æ€»æ•°:  860
æ­£ç¡®çš„ä¸ªæ•°:  430
[4mLearning rate [91mincreased[4m to 0.006892[0m
Epoch [94/100], Loss: 6750.0000
train_Accuracy: [91m0.5000[0m
train_Precision: [4;34m0.5000[0m,               train_Recall: [4;33m1.0000[0m,                 train_F1 Score: [4;35m0.6667[0m
æ ‡ç­¾é‡Œ1çš„ä¸ªæ•°:  2150
æ ‡ç­¾é‡Œ0çš„ä¸ªæ•°:  2150
æ€»æ•°:  4300
æ­£ç¡®çš„ä¸ªæ•°:  2150
æœ€åä¸€ä¸ªæ‰¹æ¬¡çš„è¾“å‡º, ä¸æ»¡batchsizeæ˜¯æ­£å¸¸çš„:
 tensor([[1.],
        [1.],
        [1.],
        [1.],
        [1.],
        [1.],
        [1.],
        [1.],
        [1.],
        [1.],
        [1.],
        [1.]], device='cuda:0', grad_fn=<SigmoidBackward0>)
Epoch [94/100], Loss: 1350.0000
val_Accuracy: [92m0.5000[0m
val_Precision: [4;34m0.5000[0m,               val_Recall: [4;33m1.0000[0m,                 val_F1 Score: [4;35m0.6667[0m
æ ‡ç­¾é‡Œ1çš„ä¸ªæ•°:  430
æ ‡ç­¾é‡Œ0çš„ä¸ªæ•°:  430
æ€»æ•°:  860
æ­£ç¡®çš„ä¸ªæ•°:  430
[4mLearning rate [91mincreased[4m to 0.007237[0m
Epoch [95/100], Loss: 6750.0000
train_Accuracy: [91m0.5000[0m
train_Precision: [4;34m0.5000[0m,               train_Recall: [4;33m1.0000[0m,                 train_F1 Score: [4;35m0.6667[0m
æ ‡ç­¾é‡Œ1çš„ä¸ªæ•°:  2150
æ ‡ç­¾é‡Œ0çš„ä¸ªæ•°:  2150
æ€»æ•°:  4300
æ­£ç¡®çš„ä¸ªæ•°:  2150
æœ€åä¸€ä¸ªæ‰¹æ¬¡çš„è¾“å‡º, ä¸æ»¡batchsizeæ˜¯æ­£å¸¸çš„:
 tensor([[1.],
        [1.],
        [1.],
        [1.],
        [1.],
        [1.],
        [1.],
        [1.],
        [1.],
        [1.],
        [1.],
        [1.]], device='cuda:0', grad_fn=<SigmoidBackward0>)
Epoch [95/100], Loss: 1350.0000
val_Accuracy: [92m0.5000[0m
val_Precision: [4;34m0.5000[0m,               val_Recall: [4;33m1.0000[0m,                 val_F1 Score: [4;35m0.6667[0m
æ ‡ç­¾é‡Œ1çš„ä¸ªæ•°:  430
æ ‡ç­¾é‡Œ0çš„ä¸ªæ•°:  430
æ€»æ•°:  860
æ­£ç¡®çš„ä¸ªæ•°:  430
[4mLearning rate [91mincreased[4m to 0.007599[0m
Epoch [96/100], Loss: 6750.0000
train_Accuracy: [91m0.5000[0m
train_Precision: [4;34m0.5000[0m,               train_Recall: [4;33m1.0000[0m,                 train_F1 Score: [4;35m0.6667[0m
æ ‡ç­¾é‡Œ1çš„ä¸ªæ•°:  2150
æ ‡ç­¾é‡Œ0çš„ä¸ªæ•°:  2150
æ€»æ•°:  4300
æ­£ç¡®çš„ä¸ªæ•°:  2150
æœ€åä¸€ä¸ªæ‰¹æ¬¡çš„è¾“å‡º, ä¸æ»¡batchsizeæ˜¯æ­£å¸¸çš„:
 tensor([[1.],
        [1.],
        [1.],
        [1.],
        [1.],
        [1.],
        [1.],
        [1.],
        [1.],
        [1.],
        [1.],
        [1.]], device='cuda:0', grad_fn=<SigmoidBackward0>)
Epoch [96/100], Loss: 1350.0000
val_Accuracy: [92m0.5000[0m
val_Precision: [4;34m0.5000[0m,               val_Recall: [4;33m1.0000[0m,                 val_F1 Score: [4;35m0.6667[0m
æ ‡ç­¾é‡Œ1çš„ä¸ªæ•°:  430
æ ‡ç­¾é‡Œ0çš„ä¸ªæ•°:  430
æ€»æ•°:  860
æ­£ç¡®çš„ä¸ªæ•°:  430
[4mLearning rate [91mincreased[4m to 0.007978[0m
Epoch [97/100], Loss: 6750.0000
train_Accuracy: [91m0.5000[0m
train_Precision: [4;34m0.5000[0m,               train_Recall: [4;33m1.0000[0m,                 train_F1 Score: [4;35m0.6667[0m
æ ‡ç­¾é‡Œ1çš„ä¸ªæ•°:  2150
æ ‡ç­¾é‡Œ0çš„ä¸ªæ•°:  2150
æ€»æ•°:  4300
æ­£ç¡®çš„ä¸ªæ•°:  2150
æœ€åä¸€ä¸ªæ‰¹æ¬¡çš„è¾“å‡º, ä¸æ»¡batchsizeæ˜¯æ­£å¸¸çš„:
 tensor([[1.],
        [1.],
        [1.],
        [1.],
        [1.],
        [1.],
        [1.],
        [1.],
        [1.],
        [1.],
        [1.],
        [1.]], device='cuda:0', grad_fn=<SigmoidBackward0>)
Epoch [97/100], Loss: 1347.3389
val_Accuracy: [92m0.5000[0m
val_Precision: [4;34m0.5000[0m,               val_Recall: [4;33m1.0000[0m,                 val_F1 Score: [4;35m0.6667[0m
æ ‡ç­¾é‡Œ1çš„ä¸ªæ•°:  430
æ ‡ç­¾é‡Œ0çš„ä¸ªæ•°:  430
æ€»æ•°:  860
æ­£ç¡®çš„ä¸ªæ•°:  430
[4mLearning rate [91mincreased[4m to 0.008377[0m
Epoch [98/100], Loss: 6734.8277
train_Accuracy: [91m0.5000[0m
train_Precision: [4;34m0.1259[0m,               train_Recall: [4;33m0.2519[0m,                 train_F1 Score: [4;35m0.1679[0m
æ ‡ç­¾é‡Œ1çš„ä¸ªæ•°:  2150
æ ‡ç­¾é‡Œ0çš„ä¸ªæ•°:  2150
æ€»æ•°:  4300
æ­£ç¡®çš„ä¸ªæ•°:  2150
æœ€åä¸€ä¸ªæ‰¹æ¬¡çš„è¾“å‡º, ä¸æ»¡batchsizeæ˜¯æ­£å¸¸çš„:
 tensor([[0.],
        [0.],
        [0.],
        [0.],
        [0.],
        [0.],
        [0.],
        [0.],
        [0.],
        [0.],
        [0.],
        [0.]], device='cuda:0', grad_fn=<SigmoidBackward0>)
Epoch [98/100], Loss: 1350.0000
val_Accuracy: [92m0.5000[0m
val_Precision: [4;34m0.0000[0m,               val_Recall: [4;33m0.0000[0m,                 val_F1 Score: [4;35m0.0000[0m
æ ‡ç­¾é‡Œ1çš„ä¸ªæ•°:  430
æ ‡ç­¾é‡Œ0çš„ä¸ªæ•°:  430
æ€»æ•°:  860
æ­£ç¡®çš„ä¸ªæ•°:  430
[4mLearning rate [91mincreased[4m to 0.008796[0m
Epoch [99/100], Loss: 6750.0000
train_Accuracy: [91m0.5000[0m
train_Precision: [4;34m0.0000[0m,               train_Recall: [4;33m0.0000[0m,                 train_F1 Score: [4;35m0.0000[0m
æ ‡ç­¾é‡Œ1çš„ä¸ªæ•°:  2150
æ ‡ç­¾é‡Œ0çš„ä¸ªæ•°:  2150
æ€»æ•°:  4300
æ­£ç¡®çš„ä¸ªæ•°:  2150
æœ€åä¸€ä¸ªæ‰¹æ¬¡çš„è¾“å‡º, ä¸æ»¡batchsizeæ˜¯æ­£å¸¸çš„:
 tensor([[0.],
        [0.],
        [0.],
        [0.],
        [0.],
        [0.],
        [0.],
        [0.],
        [0.],
        [0.],
        [0.],
        [0.]], device='cuda:0', grad_fn=<SigmoidBackward0>)
Epoch [99/100], Loss: 1350.0000
val_Accuracy: [92m0.5000[0m
val_Precision: [4;34m0.0000[0m,               val_Recall: [4;33m0.0000[0m,                 val_F1 Score: [4;35m0.0000[0m
æ ‡ç­¾é‡Œ1çš„ä¸ªæ•°:  430
æ ‡ç­¾é‡Œ0çš„ä¸ªæ•°:  430
æ€»æ•°:  860
æ­£ç¡®çš„ä¸ªæ•°:  430
[4mLearning rate [91mincreased[4m to 0.009236[0m
Epoch [100/100], Loss: 6737.5422
train_Accuracy: [91m0.5000[0m
train_Precision: [4;34m0.0000[0m,               train_Recall: [4;33m0.0000[0m,                 train_F1 Score: [4;35m0.0000[0m
æ ‡ç­¾é‡Œ1çš„ä¸ªæ•°:  2150
æ ‡ç­¾é‡Œ0çš„ä¸ªæ•°:  2150
æ€»æ•°:  4300
æ­£ç¡®çš„ä¸ªæ•°:  2150
æœ€åä¸€ä¸ªæ‰¹æ¬¡çš„è¾“å‡º, ä¸æ»¡batchsizeæ˜¯æ­£å¸¸çš„:
 tensor([[0.],
        [0.],
        [0.],
        [0.],
        [0.],
        [0.],
        [0.],
        [0.],
        [0.],
        [0.],
        [0.],
        [0.]], device='cuda:0', grad_fn=<SigmoidBackward0>)
Epoch [100/100], Loss: 1295.0852
val_Accuracy: [92m0.5000[0m
val_Precision: [4;34m0.0000[0m,               val_Recall: [4;33m0.0000[0m,                 val_F1 Score: [4;35m0.0000[0m
æ ‡ç­¾é‡Œ1çš„ä¸ªæ•°:  430
æ ‡ç­¾é‡Œ0çš„ä¸ªæ•°:  430
æ€»æ•°:  860
æ­£ç¡®çš„ä¸ªæ•°:  430
[4mLearning rate [92mdecreased[4m to 0.008312[0m
