nohup: ignoring input
2024-07-22-22:18:21
çŸ­0æ’åº128-0.4
åˆ›å»ºæ¨¡å‹å®ä¾‹
æ¨¡å‹å®ä¾‹åˆ›å»ºå®Œæˆ
åŠ è½½é¢„è®­ç»ƒå‚æ•°
é¢„è®­ç»ƒå‚æ•°åŠ è½½å®Œæˆ
Epoch [1/100], Loss: 67.5618
train_Accuracy: [91m0.4775[0m
train_Precision: [4;34m0.3486[0m,               train_Recall: [4;33m0.6451[0m,                 train_F1 Score: [4;35m0.4438[0m
æ ‡ç­¾é‡Œ1çš„ä¸ªæ•°:  1069
æ ‡ç­¾é‡Œ0çš„ä¸ªæ•°:  2131
æ€»æ•°:  3200
æ­£ç¡®çš„ä¸ªæ•°:  1528
æœ€åä¸€ä¸ªæ‰¹æ¬¡çš„è¾“å‡º, ä¸æ»¡batchsizeæ˜¯æ­£å¸¸çš„:
 tensor([[0.5531],
        [0.3700],
        [0.3912],
        [0.4987],
        [0.4769],
        [0.3499],
        [0.4539],
        [0.3697],
        [0.4641],
        [0.2629],
        [0.3137],
        [0.4042],
        [0.2510],
        [0.4301],
        [0.3796],
        [0.4372],
        [0.4761],
        [0.3347],
        [0.3723],
        [0.4474],
        [0.4437],
        [0.2986],
        [0.6051],
        [0.4032],
        [0.3440],
        [0.4351],
        [0.3461],
        [0.2757],
        [0.5711],
        [0.3750],
        [0.4747],
        [0.3223]], grad_fn=<ToCopyBackward0>)
Epoch [1/100], T_AUC: [4m0.5202[0m
Epoch [1/100], Loss: 20.6446
val_Accuracy: [92m0.4406[0m
val_Precision: [4;34m0.3577[0m,               val_Recall: [4;33m0.7238[0m,                 val_F1 Score: [4;35m0.4675[0m
æ ‡ç­¾é‡Œ1çš„ä¸ªæ•°:  334
æ ‡ç­¾é‡Œ0çš„ä¸ªæ•°:  626
æ€»æ•°:  960
æ­£ç¡®çš„ä¸ªæ•°:  423
Epoch [1/100], V_AUC: [4m0.5065[0m
Epoch [2/100], Loss: 62.7190
train_Accuracy: [91m0.5938[0m
train_Precision: [4;34m0.4083[0m,               train_Recall: [4;33m0.4824[0m,                 train_F1 Score: [4;35m0.4312[0m
æ ‡ç­¾é‡Œ1çš„ä¸ªæ•°:  1069
æ ‡ç­¾é‡Œ0çš„ä¸ªæ•°:  2131
æ€»æ•°:  3200
æ­£ç¡®çš„ä¸ªæ•°:  1900
æœ€åä¸€ä¸ªæ‰¹æ¬¡çš„è¾“å‡º, ä¸æ»¡batchsizeæ˜¯æ­£å¸¸çš„:
 tensor([[0.3324],
        [0.1947],
        [0.1264],
        [0.4534],
        [0.2967],
        [0.5825],
        [0.4330],
        [0.2594],
        [0.6390],
        [0.1919],
        [0.3825],
        [0.7526],
        [0.1259],
        [0.2666],
        [0.8386],
        [0.1954],
        [0.2728],
        [0.3186],
        [0.3746],
        [0.5762],
        [0.1996],
        [0.2974],
        [0.7718],
        [0.5071],
        [0.1348],
        [0.1807],
        [0.2396],
        [0.2329],
        [0.5501],
        [0.2212],
        [0.2254],
        [0.7044]], grad_fn=<ToCopyBackward0>)
Epoch [2/100], T_AUC: [4m0.5668[0m
Epoch [2/100], Loss: 16.1231
val_Accuracy: [92m0.7490[0m
val_Precision: [4;34m0.6801[0m,               val_Recall: [4;33m0.5359[0m,                 val_F1 Score: [4;35m0.5858[0m
æ ‡ç­¾é‡Œ1çš„ä¸ªæ•°:  334
æ ‡ç­¾é‡Œ0çš„ä¸ªæ•°:  626
æ€»æ•°:  960
æ­£ç¡®çš„ä¸ªæ•°:  719
Epoch [2/100], V_AUC: [4m0.7006[0m
Epoch [3/100], Loss: 51.5343
train_Accuracy: [91m0.7444[0m
train_Precision: [4;34m0.6188[0m,               train_Recall: [4;33m0.6597[0m,                 train_F1 Score: [4;35m0.6232[0m
æ ‡ç­¾é‡Œ1çš„ä¸ªæ•°:  1069
æ ‡ç­¾é‡Œ0çš„ä¸ªæ•°:  2131
æ€»æ•°:  3200
æ­£ç¡®çš„ä¸ªæ•°:  2382
æœ€åä¸€ä¸ªæ‰¹æ¬¡çš„è¾“å‡º, ä¸æ»¡batchsizeæ˜¯æ­£å¸¸çš„:
 tensor([[0.3783],
        [0.2297],
        [0.1409],
        [0.4136],
        [0.1871],
        [0.5783],
        [0.4754],
        [0.3628],
        [0.6825],
        [0.2315],
        [0.4108],
        [0.7392],
        [0.0618],
        [0.3246],
        [0.7324],
        [0.2294],
        [0.2666],
        [0.3972],
        [0.4032],
        [0.6376],
        [0.1265],
        [0.2586],
        [0.7039],
        [0.4734],
        [0.0437],
        [0.2091],
        [0.1709],
        [0.1140],
        [0.6418],
        [0.2206],
        [0.2365],
        [0.1657]], grad_fn=<ToCopyBackward0>)
Epoch [3/100], T_AUC: [4m0.7261[0m
Epoch [3/100], Loss: 19.4675
val_Accuracy: [92m0.6188[0m
val_Precision: [4;34m0.4744[0m,               val_Recall: [4;33m0.8278[0m,                 val_F1 Score: [4;35m0.5913[0m
æ ‡ç­¾é‡Œ1çš„ä¸ªæ•°:  334
æ ‡ç­¾é‡Œ0çš„ä¸ªæ•°:  626
æ€»æ•°:  960
æ­£ç¡®çš„ä¸ªæ•°:  594
Epoch [3/100], V_AUC: [4m0.6690[0m
Epoch [4/100], Loss: 49.8435
train_Accuracy: [91m0.7653[0m
train_Precision: [4;34m0.6526[0m,               train_Recall: [4;33m0.6348[0m,                 train_F1 Score: [4;35m0.6339[0m
æ ‡ç­¾é‡Œ1çš„ä¸ªæ•°:  1069
æ ‡ç­¾é‡Œ0çš„ä¸ªæ•°:  2131
æ€»æ•°:  3200
æ­£ç¡®çš„ä¸ªæ•°:  2449
æœ€åä¸€ä¸ªæ‰¹æ¬¡çš„è¾“å‡º, ä¸æ»¡batchsizeæ˜¯æ­£å¸¸çš„:
 tensor([[0.2842],
        [0.1811],
        [0.0957],
        [0.3863],
        [0.1564],
        [0.4718],
        [0.3827],
        [0.3547],
        [0.7208],
        [0.2036],
        [0.5231],
        [0.7870],
        [0.0514],
        [0.2032],
        [0.8764],
        [0.1714],
        [0.2293],
        [0.5027],
        [0.3644],
        [0.5688],
        [0.1724],
        [0.2687],
        [0.6128],
        [0.3200],
        [0.0443],
        [0.2464],
        [0.2122],
        [0.1284],
        [0.5554],
        [0.1524],
        [0.1771],
        [0.5198]], grad_fn=<ToCopyBackward0>)
Epoch [4/100], T_AUC: [4m0.7350[0m
Epoch [4/100], Loss: 15.5608
val_Accuracy: [92m0.7604[0m
val_Precision: [4;34m0.6586[0m,               val_Recall: [4;33m0.6429[0m,                 val_F1 Score: [4;35m0.6402[0m
æ ‡ç­¾é‡Œ1çš„ä¸ªæ•°:  334
æ ‡ç­¾é‡Œ0çš„ä¸ªæ•°:  626
æ€»æ•°:  960
æ­£ç¡®çš„ä¸ªæ•°:  730
Epoch [4/100], V_AUC: [4m0.7323[0m
Epoch [5/100], Loss: 48.9178
train_Accuracy: [91m0.7741[0m
train_Precision: [4;34m0.6622[0m,               train_Recall: [4;33m0.6603[0m,                 train_F1 Score: [4;35m0.6511[0m
æ ‡ç­¾é‡Œ1çš„ä¸ªæ•°:  1069
æ ‡ç­¾é‡Œ0çš„ä¸ªæ•°:  2131
æ€»æ•°:  3200
æ­£ç¡®çš„ä¸ªæ•°:  2477
æœ€åä¸€ä¸ªæ‰¹æ¬¡çš„è¾“å‡º, ä¸æ»¡batchsizeæ˜¯æ­£å¸¸çš„:
 tensor([[0.3027],
        [0.1667],
        [0.0954],
        [0.1973],
        [0.2164],
        [0.4476],
        [0.3586],
        [0.4262],
        [0.7168],
        [0.2244],
        [0.4364],
        [0.8400],
        [0.0527],
        [0.2550],
        [0.8505],
        [0.1389],
        [0.2363],
        [0.4546],
        [0.3467],
        [0.6309],
        [0.1453],
        [0.2082],
        [0.6712],
        [0.3164],
        [0.0354],
        [0.3062],
        [0.2071],
        [0.1414],
        [0.6209],
        [0.1395],
        [0.1525],
        [0.3625]], grad_fn=<ToCopyBackward0>)
Epoch [5/100], T_AUC: [4m0.7477[0m
Epoch [5/100], Loss: 16.1465
val_Accuracy: [92m0.7354[0m
val_Precision: [4;34m0.6012[0m,               val_Recall: [4;33m0.6861[0m,                 val_F1 Score: [4;35m0.6303[0m
æ ‡ç­¾é‡Œ1çš„ä¸ªæ•°:  334
æ ‡ç­¾é‡Œ0çš„ä¸ªæ•°:  626
æ€»æ•°:  960
æ­£ç¡®çš„ä¸ªæ•°:  706
Epoch [5/100], V_AUC: [4m0.7221[0m
Epoch [6/100], Loss: 48.3655
train_Accuracy: [91m0.7728[0m
train_Precision: [4;34m0.6615[0m,               train_Recall: [4;33m0.6663[0m,                 train_F1 Score: [4;35m0.6529[0m
æ ‡ç­¾é‡Œ1çš„ä¸ªæ•°:  1069
æ ‡ç­¾é‡Œ0çš„ä¸ªæ•°:  2131
æ€»æ•°:  3200
æ­£ç¡®çš„ä¸ªæ•°:  2473
æœ€åä¸€ä¸ªæ‰¹æ¬¡çš„è¾“å‡º, ä¸æ»¡batchsizeæ˜¯æ­£å¸¸çš„:
 tensor([[0.5160],
        [0.1446],
        [0.0751],
        [0.2674],
        [0.3005],
        [0.4162],
        [0.3825],
        [0.4379],
        [0.6714],
        [0.2460],
        [0.4641],
        [0.8000],
        [0.0767],
        [0.2673],
        [0.5861],
        [0.1141],
        [0.2074],
        [0.4678],
        [0.3968],
        [0.7532],
        [0.1430],
        [0.1157],
        [0.7974],
        [0.2571],
        [0.0219],
        [0.3512],
        [0.1779],
        [0.0995],
        [0.6950],
        [0.1281],
        [0.1594],
        [0.3070]], grad_fn=<ToCopyBackward0>)
Epoch [6/100], T_AUC: [4m0.7496[0m
Epoch [6/100], Loss: 22.8452
val_Accuracy: [92m0.5354[0m
val_Precision: [4;34m0.4248[0m,               val_Recall: [4;33m0.9272[0m,                 val_F1 Score: [4;35m0.5713[0m
æ ‡ç­¾é‡Œ1çš„ä¸ªæ•°:  334
æ ‡ç­¾é‡Œ0çš„ä¸ªæ•°:  626
æ€»æ•°:  960
æ­£ç¡®çš„ä¸ªæ•°:  514
Epoch [6/100], V_AUC: [4m0.6285[0m
Epoch [7/100], Loss: 47.1795
train_Accuracy: [91m0.7853[0m
train_Precision: [4;34m0.6897[0m,               train_Recall: [4;33m0.6642[0m,                 train_F1 Score: [4;35m0.6653[0m
æ ‡ç­¾é‡Œ1çš„ä¸ªæ•°:  1069
æ ‡ç­¾é‡Œ0çš„ä¸ªæ•°:  2131
æ€»æ•°:  3200
æ­£ç¡®çš„ä¸ªæ•°:  2513
æœ€åä¸€ä¸ªæ‰¹æ¬¡çš„è¾“å‡º, ä¸æ»¡batchsizeæ˜¯æ­£å¸¸çš„:
 tensor([[0.4986],
        [0.1433],
        [0.0756],
        [0.2102],
        [0.3809],
        [0.3763],
        [0.3924],
        [0.4657],
        [0.7124],
        [0.2346],
        [0.4422],
        [0.7101],
        [0.0797],
        [0.2360],
        [0.6014],
        [0.0613],
        [0.2856],
        [0.2684],
        [0.4071],
        [0.7896],
        [0.0909],
        [0.0728],
        [0.8940],
        [0.2267],
        [0.0255],
        [0.4301],
        [0.2061],
        [0.0974],
        [0.6639],
        [0.1388],
        [0.1680],
        [0.4683]], grad_fn=<ToCopyBackward0>)
Epoch [7/100], T_AUC: [4m0.7584[0m
Epoch [7/100], Loss: 17.8895
val_Accuracy: [92m0.6458[0m
val_Precision: [4;34m0.4968[0m,               val_Recall: [4;33m0.7077[0m,                 val_F1 Score: [4;35m0.5713[0m
æ ‡ç­¾é‡Œ1çš„ä¸ªæ•°:  334
æ ‡ç­¾é‡Œ0çš„ä¸ªæ•°:  626
æ€»æ•°:  960
æ­£ç¡®çš„ä¸ªæ•°:  620
Epoch [7/100], V_AUC: [4m0.6590[0m
Epoch [8/100], Loss: 46.5358
train_Accuracy: [91m0.7937[0m
train_Precision: [4;34m0.6982[0m,               train_Recall: [4;33m0.6766[0m,                 train_F1 Score: [4;35m0.6772[0m
æ ‡ç­¾é‡Œ1çš„ä¸ªæ•°:  1069
æ ‡ç­¾é‡Œ0çš„ä¸ªæ•°:  2131
æ€»æ•°:  3200
æ­£ç¡®çš„ä¸ªæ•°:  2540
æœ€åä¸€ä¸ªæ‰¹æ¬¡çš„è¾“å‡º, ä¸æ»¡batchsizeæ˜¯æ­£å¸¸çš„:
 tensor([[0.5185],
        [0.1594],
        [0.0705],
        [0.2198],
        [0.3055],
        [0.3862],
        [0.3384],
        [0.5888],
        [0.6580],
        [0.1525],
        [0.4871],
        [0.7914],
        [0.0615],
        [0.2031],
        [0.6887],
        [0.0993],
        [0.2684],
        [0.4320],
        [0.3285],
        [0.6521],
        [0.1290],
        [0.0684],
        [0.7036],
        [0.2957],
        [0.0189],
        [0.3922],
        [0.2361],
        [0.1116],
        [0.7209],
        [0.1882],
        [0.1426],
        [0.4313]], grad_fn=<ToCopyBackward0>)
Epoch [8/100], T_AUC: [4m0.7672[0m
Epoch [8/100], Loss: 17.3046
val_Accuracy: [92m0.6771[0m
val_Precision: [4;34m0.5289[0m,               val_Recall: [4;33m0.7057[0m,                 val_F1 Score: [4;35m0.5918[0m
æ ‡ç­¾é‡Œ1çš„ä¸ªæ•°:  334
æ ‡ç­¾é‡Œ0çš„ä¸ªæ•°:  626
æ€»æ•°:  960
æ­£ç¡®çš„ä¸ªæ•°:  650
Epoch [8/100], V_AUC: [4m0.6817[0m
Epoch [9/100], Loss: 46.5676
train_Accuracy: [91m0.7863[0m
train_Precision: [4;34m0.6869[0m,               train_Recall: [4;33m0.6774[0m,                 train_F1 Score: [4;35m0.6703[0m
æ ‡ç­¾é‡Œ1çš„ä¸ªæ•°:  1069
æ ‡ç­¾é‡Œ0çš„ä¸ªæ•°:  2131
æ€»æ•°:  3200
æ­£ç¡®çš„ä¸ªæ•°:  2516
æœ€åä¸€ä¸ªæ‰¹æ¬¡çš„è¾“å‡º, ä¸æ»¡batchsizeæ˜¯æ­£å¸¸çš„:
 tensor([[0.6188],
        [0.1391],
        [0.0802],
        [0.3759],
        [0.3508],
        [0.3951],
        [0.3341],
        [0.4984],
        [0.6979],
        [0.1655],
        [0.4564],
        [0.6683],
        [0.0397],
        [0.2301],
        [0.4860],
        [0.0939],
        [0.2228],
        [0.3397],
        [0.3065],
        [0.8468],
        [0.0860],
        [0.1045],
        [0.8563],
        [0.1899],
        [0.0168],
        [0.4447],
        [0.2808],
        [0.0866],
        [0.7282],
        [0.1468],
        [0.1706],
        [0.3682]], grad_fn=<ToCopyBackward0>)
Epoch [9/100], T_AUC: [4m0.7629[0m
Epoch [9/100], Loss: 16.8883
val_Accuracy: [92m0.7073[0m
val_Precision: [4;34m0.5716[0m,               val_Recall: [4;33m0.5950[0m,                 val_F1 Score: [4;35m0.5724[0m
æ ‡ç­¾é‡Œ1çš„ä¸ªæ•°:  334
æ ‡ç­¾é‡Œ0çš„ä¸ªæ•°:  626
æ€»æ•°:  960
æ­£ç¡®çš„ä¸ªæ•°:  679
Epoch [9/100], V_AUC: [4m0.6776[0m
Epoch [10/100], Loss: 45.2875
train_Accuracy: [91m0.7934[0m
train_Precision: [4;34m0.6968[0m,               train_Recall: [4;33m0.6748[0m,                 train_F1 Score: [4;35m0.6757[0m
æ ‡ç­¾é‡Œ1çš„ä¸ªæ•°:  1069
æ ‡ç­¾é‡Œ0çš„ä¸ªæ•°:  2131
æ€»æ•°:  3200
æ­£ç¡®çš„ä¸ªæ•°:  2539
æœ€åä¸€ä¸ªæ‰¹æ¬¡çš„è¾“å‡º, ä¸æ»¡batchsizeæ˜¯æ­£å¸¸çš„:
 tensor([[0.4798],
        [0.0946],
        [0.0642],
        [0.2446],
        [0.4233],
        [0.3344],
        [0.4049],
        [0.3584],
        [0.7750],
        [0.2554],
        [0.5884],
        [0.7223],
        [0.0403],
        [0.1583],
        [0.6065],
        [0.0810],
        [0.1879],
        [0.4040],
        [0.2526],
        [0.7735],
        [0.1057],
        [0.0946],
        [0.8182],
        [0.2358],
        [0.0184],
        [0.4418],
        [0.2021],
        [0.1336],
        [0.5958],
        [0.1228],
        [0.1383],
        [0.7407]], grad_fn=<ToCopyBackward0>)
Epoch [10/100], T_AUC: [4m0.7666[0m
Epoch [10/100], Loss: 16.2635
val_Accuracy: [92m0.7510[0m
val_Precision: [4;34m0.6517[0m,               val_Recall: [4;33m0.5681[0m,                 val_F1 Score: [4;35m0.5957[0m
æ ‡ç­¾é‡Œ1çš„ä¸ªæ•°:  334
æ ‡ç­¾é‡Œ0çš„ä¸ªæ•°:  626
æ€»æ•°:  960
æ­£ç¡®çš„ä¸ªæ•°:  721
Epoch [10/100], V_AUC: [4m0.7045[0m
Epoch [11/100], Loss: 44.7956
train_Accuracy: [91m0.7944[0m
train_Precision: [4;34m0.6942[0m,               train_Recall: [4;33m0.6883[0m,                 train_F1 Score: [4;35m0.6804[0m
æ ‡ç­¾é‡Œ1çš„ä¸ªæ•°:  1069
æ ‡ç­¾é‡Œ0çš„ä¸ªæ•°:  2131
æ€»æ•°:  3200
æ­£ç¡®çš„ä¸ªæ•°:  2542
æœ€åä¸€ä¸ªæ‰¹æ¬¡çš„è¾“å‡º, ä¸æ»¡batchsizeæ˜¯æ­£å¸¸çš„:
 tensor([[0.2261],
        [0.1258],
        [0.0515],
        [0.3944],
        [0.3633],
        [0.4159],
        [0.3996],
        [0.5076],
        [0.6535],
        [0.1419],
        [0.7139],
        [0.8350],
        [0.1005],
        [0.1128],
        [0.7211],
        [0.0728],
        [0.2666],
        [0.5400],
        [0.2715],
        [0.6672],
        [0.0614],
        [0.1347],
        [0.7307],
        [0.2421],
        [0.0175],
        [0.3143],
        [0.2010],
        [0.1093],
        [0.5949],
        [0.1122],
        [0.1498],
        [0.5944]], grad_fn=<ToCopyBackward0>)
Epoch [11/100], T_AUC: [4m0.7713[0m
Epoch [11/100], Loss: 16.9575
val_Accuracy: [92m0.6781[0m
val_Precision: [4;34m0.5280[0m,               val_Recall: [4;33m0.8067[0m,                 val_F1 Score: [4;35m0.6248[0m
æ ‡ç­¾é‡Œ1çš„ä¸ªæ•°:  334
æ ‡ç­¾é‡Œ0çš„ä¸ªæ•°:  626
æ€»æ•°:  960
æ­£ç¡®çš„ä¸ªæ•°:  651
Epoch [11/100], V_AUC: [4m0.7106[0m
Epoch [12/100], Loss: 44.6163
train_Accuracy: [91m0.7981[0m
train_Precision: [4;34m0.7017[0m,               train_Recall: [4;33m0.7011[0m,                 train_F1 Score: [4;35m0.6899[0m
æ ‡ç­¾é‡Œ1çš„ä¸ªæ•°:  1069
æ ‡ç­¾é‡Œ0çš„ä¸ªæ•°:  2131
æ€»æ•°:  3200
æ­£ç¡®çš„ä¸ªæ•°:  2554
æœ€åä¸€ä¸ªæ‰¹æ¬¡çš„è¾“å‡º, ä¸æ»¡batchsizeæ˜¯æ­£å¸¸çš„:
 tensor([[0.2584],
        [0.1019],
        [0.0510],
        [0.4974],
        [0.5042],
        [0.3215],
        [0.3996],
        [0.3482],
        [0.7699],
        [0.1484],
        [0.5613],
        [0.8782],
        [0.0412],
        [0.0877],
        [0.6232],
        [0.0648],
        [0.1893],
        [0.4622],
        [0.2463],
        [0.5810],
        [0.1371],
        [0.0430],
        [0.7394],
        [0.2572],
        [0.0196],
        [0.4029],
        [0.2437],
        [0.1402],
        [0.5177],
        [0.2227],
        [0.1270],
        [0.8867]], grad_fn=<ToCopyBackward0>)
Epoch [12/100], T_AUC: [4m0.7775[0m
Epoch [12/100], Loss: 16.2921
val_Accuracy: [92m0.7271[0m
val_Precision: [4;34m0.6158[0m,               val_Recall: [4;33m0.6062[0m,                 val_F1 Score: [4;35m0.5956[0m
æ ‡ç­¾é‡Œ1çš„ä¸ªæ•°:  334
æ ‡ç­¾é‡Œ0çš„ä¸ªæ•°:  626
æ€»æ•°:  960
æ­£ç¡®çš„ä¸ªæ•°:  698
Epoch [12/100], V_AUC: [4m0.6966[0m
Epoch [13/100], Loss: 43.4535
train_Accuracy: [91m0.8019[0m
train_Precision: [4;34m0.7053[0m,               train_Recall: [4;33m0.7050[0m,                 train_F1 Score: [4;35m0.6937[0m
æ ‡ç­¾é‡Œ1çš„ä¸ªæ•°:  1069
æ ‡ç­¾é‡Œ0çš„ä¸ªæ•°:  2131
æ€»æ•°:  3200
æ­£ç¡®çš„ä¸ªæ•°:  2566
æœ€åä¸€ä¸ªæ‰¹æ¬¡çš„è¾“å‡º, ä¸æ»¡batchsizeæ˜¯æ­£å¸¸çš„:
 tensor([[0.2244],
        [0.1166],
        [0.0686],
        [0.3945],
        [0.3676],
        [0.4325],
        [0.4290],
        [0.3586],
        [0.6814],
        [0.1949],
        [0.6210],
        [0.8602],
        [0.0829],
        [0.0960],
        [0.6362],
        [0.0754],
        [0.1286],
        [0.3809],
        [0.2825],
        [0.7111],
        [0.1479],
        [0.0840],
        [0.7815],
        [0.1636],
        [0.0136],
        [0.4197],
        [0.1555],
        [0.0794],
        [0.4751],
        [0.1711],
        [0.1202],
        [0.8705]], grad_fn=<ToCopyBackward0>)
Epoch [13/100], T_AUC: [4m0.7815[0m
Epoch [13/100], Loss: 17.0156
val_Accuracy: [92m0.7010[0m
val_Precision: [4;34m0.5523[0m,               val_Recall: [4;33m0.7383[0m,                 val_F1 Score: [4;35m0.6192[0m
æ ‡ç­¾é‡Œ1çš„ä¸ªæ•°:  334
æ ‡ç­¾é‡Œ0çš„ä¸ªæ•°:  626
æ€»æ•°:  960
æ­£ç¡®çš„ä¸ªæ•°:  673
Epoch [13/100], V_AUC: [4m0.7093[0m
Epoch [14/100], Loss: 44.7603
train_Accuracy: [91m0.7950[0m
train_Precision: [4;34m0.6934[0m,               train_Recall: [4;33m0.6909[0m,                 train_F1 Score: [4;35m0.6814[0m
æ ‡ç­¾é‡Œ1çš„ä¸ªæ•°:  1069
æ ‡ç­¾é‡Œ0çš„ä¸ªæ•°:  2131
æ€»æ•°:  3200
æ­£ç¡®çš„ä¸ªæ•°:  2544
æœ€åä¸€ä¸ªæ‰¹æ¬¡çš„è¾“å‡º, ä¸æ»¡batchsizeæ˜¯æ­£å¸¸çš„:
 tensor([[0.1992],
        [0.1234],
        [0.0724],
        [0.5428],
        [0.4215],
        [0.4777],
        [0.4516],
        [0.3865],
        [0.7985],
        [0.1137],
        [0.7635],
        [0.8749],
        [0.0279],
        [0.1418],
        [0.6025],
        [0.0504],
        [0.2402],
        [0.3122],
        [0.2591],
        [0.6443],
        [0.1431],
        [0.0774],
        [0.7375],
        [0.2125],
        [0.0209],
        [0.3999],
        [0.1233],
        [0.0615],
        [0.4113],
        [0.1065],
        [0.1327],
        [0.9233]], grad_fn=<ToCopyBackward0>)
Epoch [14/100], T_AUC: [4m0.7713[0m
Epoch [14/100], Loss: 16.9655
val_Accuracy: [92m0.7135[0m
val_Precision: [4;34m0.5722[0m,               val_Recall: [4;33m0.7262[0m,                 val_F1 Score: [4;35m0.6268[0m
æ ‡ç­¾é‡Œ1çš„ä¸ªæ•°:  334
æ ‡ç­¾é‡Œ0çš„ä¸ªæ•°:  626
æ€»æ•°:  960
æ­£ç¡®çš„ä¸ªæ•°:  685
Epoch [14/100], V_AUC: [4m0.7185[0m
Epoch [15/100], Loss: 44.4170
train_Accuracy: [91m0.8000[0m
train_Precision: [4;34m0.6976[0m,               train_Recall: [4;33m0.7106[0m,                 train_F1 Score: [4;35m0.6930[0m
æ ‡ç­¾é‡Œ1çš„ä¸ªæ•°:  1069
æ ‡ç­¾é‡Œ0çš„ä¸ªæ•°:  2131
æ€»æ•°:  3200
æ­£ç¡®çš„ä¸ªæ•°:  2560
æœ€åä¸€ä¸ªæ‰¹æ¬¡çš„è¾“å‡º, ä¸æ»¡batchsizeæ˜¯æ­£å¸¸çš„:
 tensor([[0.4560],
        [0.1626],
        [0.0854],
        [0.6384],
        [0.2673],
        [0.2667],
        [0.5234],
        [0.3689],
        [0.6144],
        [0.0451],
        [0.5448],
        [0.8906],
        [0.0247],
        [0.2212],
        [0.6581],
        [0.0870],
        [0.1260],
        [0.4726],
        [0.3608],
        [0.5953],
        [0.1032],
        [0.1373],
        [0.7018],
        [0.1933],
        [0.0217],
        [0.3580],
        [0.1234],
        [0.0730],
        [0.8368],
        [0.1875],
        [0.1162],
        [0.5930]], grad_fn=<ToCopyBackward0>)
Epoch [15/100], T_AUC: [4m0.7809[0m
Epoch [15/100], Loss: 16.4973
val_Accuracy: [92m0.7552[0m
val_Precision: [4;34m0.6792[0m,               val_Recall: [4;33m0.5582[0m,                 val_F1 Score: [4;35m0.5981[0m
æ ‡ç­¾é‡Œ1çš„ä¸ªæ•°:  334
æ ‡ç­¾é‡Œ0çš„ä¸ªæ•°:  626
æ€»æ•°:  960
æ­£ç¡®çš„ä¸ªæ•°:  725
Epoch [15/100], V_AUC: [4m0.7086[0m
Epoch [16/100], Loss: 43.5270
train_Accuracy: [91m0.8019[0m
train_Precision: [4;34m0.6970[0m,               train_Recall: [4;33m0.7228[0m,                 train_F1 Score: [4;35m0.6984[0m
æ ‡ç­¾é‡Œ1çš„ä¸ªæ•°:  1069
æ ‡ç­¾é‡Œ0çš„ä¸ªæ•°:  2131
æ€»æ•°:  3200
æ­£ç¡®çš„ä¸ªæ•°:  2566
æœ€åä¸€ä¸ªæ‰¹æ¬¡çš„è¾“å‡º, ä¸æ»¡batchsizeæ˜¯æ­£å¸¸çš„:
 tensor([[0.3544],
        [0.1212],
        [0.0308],
        [0.4122],
        [0.1843],
        [0.3781],
        [0.4424],
        [0.6179],
        [0.6382],
        [0.2994],
        [0.6858],
        [0.8913],
        [0.0606],
        [0.1044],
        [0.7181],
        [0.0814],
        [0.1217],
        [0.4512],
        [0.2655],
        [0.7535],
        [0.1355],
        [0.0933],
        [0.8748],
        [0.1544],
        [0.0195],
        [0.2542],
        [0.1403],
        [0.0294],
        [0.5649],
        [0.1219],
        [0.0818],
        [0.7565]], grad_fn=<ToCopyBackward0>)
Epoch [16/100], T_AUC: [4m0.7861[0m
Epoch [16/100], Loss: 18.3684
val_Accuracy: [92m0.7479[0m
val_Precision: [4;34m0.6904[0m,               val_Recall: [4;33m0.4822[0m,                 val_F1 Score: [4;35m0.5529[0m
æ ‡ç­¾é‡Œ1çš„ä¸ªæ•°:  334
æ ‡ç­¾é‡Œ0çš„ä¸ªæ•°:  626
æ€»æ•°:  960
æ­£ç¡®çš„ä¸ªæ•°:  718
Epoch [16/100], V_AUC: [4m0.6840[0m
Epoch [17/100], Loss: 41.5430
train_Accuracy: [91m0.8119[0m
train_Precision: [4;34m0.7126[0m,               train_Recall: [4;33m0.7383[0m,                 train_F1 Score: [4;35m0.7150[0m
æ ‡ç­¾é‡Œ1çš„ä¸ªæ•°:  1069
æ ‡ç­¾é‡Œ0çš„ä¸ªæ•°:  2131
æ€»æ•°:  3200
æ­£ç¡®çš„ä¸ªæ•°:  2598
æœ€åä¸€ä¸ªæ‰¹æ¬¡çš„è¾“å‡º, ä¸æ»¡batchsizeæ˜¯æ­£å¸¸çš„:
 tensor([[0.2631],
        [0.1625],
        [0.0243],
        [0.4788],
        [0.3475],
        [0.3662],
        [0.6163],
        [0.5292],
        [0.6547],
        [0.2199],
        [0.5478],
        [0.9173],
        [0.0256],
        [0.1180],
        [0.6180],
        [0.1180],
        [0.1253],
        [0.4292],
        [0.3255],
        [0.6609],
        [0.0509],
        [0.0714],
        [0.7763],
        [0.1822],
        [0.0080],
        [0.4548],
        [0.2926],
        [0.0169],
        [0.5823],
        [0.1766],
        [0.0515],
        [0.8603]], grad_fn=<ToCopyBackward0>)
Epoch [17/100], T_AUC: [4m0.7973[0m
Epoch [17/100], Loss: 17.5130
val_Accuracy: [92m0.7646[0m
val_Precision: [4;34m0.7053[0m,               val_Recall: [4;33m0.5514[0m,                 val_F1 Score: [4;35m0.6058[0m
æ ‡ç­¾é‡Œ1çš„ä¸ªæ•°:  334
æ ‡ç­¾é‡Œ0çš„ä¸ªæ•°:  626
æ€»æ•°:  960
æ­£ç¡®çš„ä¸ªæ•°:  734
Epoch [17/100], V_AUC: [4m0.7149[0m
Epoch [18/100], Loss: 39.5429
train_Accuracy: [91m0.8203[0m
train_Precision: [4;34m0.7227[0m,               train_Recall: [4;33m0.7577[0m,                 train_F1 Score: [4;35m0.7287[0m
æ ‡ç­¾é‡Œ1çš„ä¸ªæ•°:  1069
æ ‡ç­¾é‡Œ0çš„ä¸ªæ•°:  2131
æ€»æ•°:  3200
æ­£ç¡®çš„ä¸ªæ•°:  2625
æœ€åä¸€ä¸ªæ‰¹æ¬¡çš„è¾“å‡º, ä¸æ»¡batchsizeæ˜¯æ­£å¸¸çš„:
 tensor([[0.2858],
        [0.1584],
        [0.0150],
        [0.4447],
        [0.2529],
        [0.4252],
        [0.5478],
        [0.5144],
        [0.5848],
        [0.1465],
        [0.6631],
        [0.9394],
        [0.0228],
        [0.0995],
        [0.4992],
        [0.0715],
        [0.2439],
        [0.2338],
        [0.3984],
        [0.7125],
        [0.0608],
        [0.0836],
        [0.7737],
        [0.1122],
        [0.0105],
        [0.4611],
        [0.4326],
        [0.0058],
        [0.6251],
        [0.2449],
        [0.0913],
        [0.7759]], grad_fn=<ToCopyBackward0>)
Epoch [18/100], T_AUC: [4m0.8089[0m
Epoch [18/100], Loss: 17.4088
val_Accuracy: [92m0.7260[0m
val_Precision: [4;34m0.5918[0m,               val_Recall: [4;33m0.6851[0m,                 val_F1 Score: [4;35m0.6221[0m
æ ‡ç­¾é‡Œ1çš„ä¸ªæ•°:  334
æ ‡ç­¾é‡Œ0çš„ä¸ªæ•°:  626
æ€»æ•°:  960
æ­£ç¡®çš„ä¸ªæ•°:  697
Epoch [18/100], V_AUC: [4m0.7178[0m
Epoch [19/100], Loss: 37.7628
train_Accuracy: [91m0.8309[0m
train_Precision: [4;34m0.7343[0m,               train_Recall: [4;33m0.7784[0m,                 train_F1 Score: [4;35m0.7452[0m
æ ‡ç­¾é‡Œ1çš„ä¸ªæ•°:  1069
æ ‡ç­¾é‡Œ0çš„ä¸ªæ•°:  2131
æ€»æ•°:  3200
æ­£ç¡®çš„ä¸ªæ•°:  2659
æœ€åä¸€ä¸ªæ‰¹æ¬¡çš„è¾“å‡º, ä¸æ»¡batchsizeæ˜¯æ­£å¸¸çš„:
 tensor([[0.2551],
        [0.2667],
        [0.0035],
        [0.5022],
        [0.2724],
        [0.3650],
        [0.6437],
        [0.4793],
        [0.7962],
        [0.1599],
        [0.5626],
        [0.9011],
        [0.0206],
        [0.0588],
        [0.1763],
        [0.0567],
        [0.5564],
        [0.3363],
        [0.4418],
        [0.4275],
        [0.0658],
        [0.0714],
        [0.9086],
        [0.0858],
        [0.0049],
        [0.5760],
        [0.4550],
        [0.0121],
        [0.5330],
        [0.1466],
        [0.0900],
        [0.7589]], grad_fn=<ToCopyBackward0>)
Epoch [19/100], T_AUC: [4m0.8220[0m
Epoch [19/100], Loss: 18.7255
val_Accuracy: [92m0.6604[0m
val_Precision: [4;34m0.5093[0m,               val_Recall: [4;33m0.7708[0m,                 val_F1 Score: [4;35m0.5999[0m
æ ‡ç­¾é‡Œ1çš„ä¸ªæ•°:  334
æ ‡ç­¾é‡Œ0çš„ä¸ªæ•°:  626
æ€»æ•°:  960
æ­£ç¡®çš„ä¸ªæ•°:  634
Epoch [19/100], V_AUC: [4m0.6852[0m
Epoch [20/100], Loss: 36.9962
train_Accuracy: [91m0.8416[0m
train_Precision: [4;34m0.7434[0m,               train_Recall: [4;33m0.8043[0m,                 train_F1 Score: [4;35m0.7634[0m
æ ‡ç­¾é‡Œ1çš„ä¸ªæ•°:  1069
æ ‡ç­¾é‡Œ0çš„ä¸ªæ•°:  2131
æ€»æ•°:  3200
æ­£ç¡®çš„ä¸ªæ•°:  2693
æœ€åä¸€ä¸ªæ‰¹æ¬¡çš„è¾“å‡º, ä¸æ»¡batchsizeæ˜¯æ­£å¸¸çš„:
 tensor([[0.2630],
        [0.1922],
        [0.0068],
        [0.4035],
        [0.2232],
        [0.2734],
        [0.4042],
        [0.8548],
        [0.6743],
        [0.0706],
        [0.6117],
        [0.8863],
        [0.0147],
        [0.0501],
        [0.2288],
        [0.0991],
        [0.3019],
        [0.1209],
        [0.6462],
        [0.1178],
        [0.1106],
        [0.1412],
        [0.9015],
        [0.1021],
        [0.0051],
        [0.4992],
        [0.4869],
        [0.0101],
        [0.6016],
        [0.2680],
        [0.1039],
        [0.8602]], grad_fn=<ToCopyBackward0>)
Epoch [20/100], T_AUC: [4m0.8358[0m
Epoch [20/100], Loss: 18.4281
val_Accuracy: [92m0.6625[0m
val_Precision: [4;34m0.5112[0m,               val_Recall: [4;33m0.7276[0m,                 val_F1 Score: [4;35m0.5912[0m
æ ‡ç­¾é‡Œ1çš„ä¸ªæ•°:  334
æ ‡ç­¾é‡Œ0çš„ä¸ªæ•°:  626
æ€»æ•°:  960
æ­£ç¡®çš„ä¸ªæ•°:  636
Epoch [20/100], V_AUC: [4m0.6732[0m
Epoch [21/100], Loss: 38.0483
train_Accuracy: [91m0.8256[0m
train_Precision: [4;34m0.7265[0m,               train_Recall: [4;33m0.7765[0m,                 train_F1 Score: [4;35m0.7388[0m
æ ‡ç­¾é‡Œ1çš„ä¸ªæ•°:  1069
æ ‡ç­¾é‡Œ0çš„ä¸ªæ•°:  2131
æ€»æ•°:  3200
æ­£ç¡®çš„ä¸ªæ•°:  2642
æœ€åä¸€ä¸ªæ‰¹æ¬¡çš„è¾“å‡º, ä¸æ»¡batchsizeæ˜¯æ­£å¸¸çš„:
 tensor([[0.3269],
        [0.0706],
        [0.0128],
        [0.4065],
        [0.0810],
        [0.3455],
        [0.5953],
        [0.6650],
        [0.6406],
        [0.0163],
        [0.5362],
        [0.9533],
        [0.0555],
        [0.2983],
        [0.7221],
        [0.2608],
        [0.0420],
        [0.6693],
        [0.6850],
        [0.1428],
        [0.0212],
        [0.3991],
        [0.9076],
        [0.0838],
        [0.0104],
        [0.2187],
        [0.2964],
        [0.0050],
        [0.4901],
        [0.0451],
        [0.0339],
        [0.9367]], grad_fn=<ToCopyBackward0>)
Epoch [21/100], T_AUC: [4m0.8175[0m
Epoch [21/100], Loss: 18.4753
val_Accuracy: [92m0.7635[0m
val_Precision: [4;34m0.6758[0m,               val_Recall: [4;33m0.6105[0m,                 val_F1 Score: [4;35m0.6292[0m
æ ‡ç­¾é‡Œ1çš„ä¸ªæ•°:  334
æ ‡ç­¾é‡Œ0çš„ä¸ªæ•°:  626
æ€»æ•°:  960
æ­£ç¡®çš„ä¸ªæ•°:  733
Epoch [21/100], V_AUC: [4m0.7254[0m
Epoch [22/100], Loss: 36.8005
train_Accuracy: [91m0.8353[0m
train_Precision: [4;34m0.7418[0m,               train_Recall: [4;33m0.7868[0m,                 train_F1 Score: [4;35m0.7523[0m
æ ‡ç­¾é‡Œ1çš„ä¸ªæ•°:  1069
æ ‡ç­¾é‡Œ0çš„ä¸ªæ•°:  2131
æ€»æ•°:  3200
æ­£ç¡®çš„ä¸ªæ•°:  2673
æœ€åä¸€ä¸ªæ‰¹æ¬¡çš„è¾“å‡º, ä¸æ»¡batchsizeæ˜¯æ­£å¸¸çš„:
 tensor([[0.3207],
        [0.1948],
        [0.0073],
        [0.2966],
        [0.0653],
        [0.3020],
        [0.5151],
        [0.6732],
        [0.6360],
        [0.1766],
        [0.4678],
        [0.8975],
        [0.0512],
        [0.0635],
        [0.7434],
        [0.2993],
        [0.0963],
        [0.6461],
        [0.6984],
        [0.2775],
        [0.0268],
        [0.3882],
        [0.9620],
        [0.0445],
        [0.0056],
        [0.2928],
        [0.3652],
        [0.0074],
        [0.4415],
        [0.0405],
        [0.0094],
        [0.8427]], grad_fn=<ToCopyBackward0>)
Epoch [22/100], T_AUC: [4m0.8276[0m
Epoch [22/100], Loss: 17.9577
val_Accuracy: [92m0.7292[0m
val_Precision: [4;34m0.5878[0m,               val_Recall: [4;33m0.6935[0m,                 val_F1 Score: [4;35m0.6233[0m
æ ‡ç­¾é‡Œ1çš„ä¸ªæ•°:  334
æ ‡ç­¾é‡Œ0çš„ä¸ªæ•°:  626
æ€»æ•°:  960
æ­£ç¡®çš„ä¸ªæ•°:  700
Epoch [22/100], V_AUC: [4m0.7214[0m
Epoch [23/100], Loss: 35.8618
train_Accuracy: [91m0.8438[0m
train_Precision: [4;34m0.7510[0m,               train_Recall: [4;33m0.8032[0m,                 train_F1 Score: [4;35m0.7661[0m
æ ‡ç­¾é‡Œ1çš„ä¸ªæ•°:  1069
æ ‡ç­¾é‡Œ0çš„ä¸ªæ•°:  2131
æ€»æ•°:  3200
æ­£ç¡®çš„ä¸ªæ•°:  2700
æœ€åä¸€ä¸ªæ‰¹æ¬¡çš„è¾“å‡º, ä¸æ»¡batchsizeæ˜¯æ­£å¸¸çš„:
 tensor([[0.2238],
        [0.0967],
        [0.0101],
        [0.2523],
        [0.0196],
        [0.1173],
        [0.6396],
        [0.4518],
        [0.7771],
        [0.0541],
        [0.3437],
        [0.8625],
        [0.0234],
        [0.0725],
        [0.6440],
        [0.3118],
        [0.0685],
        [0.5824],
        [0.6872],
        [0.2246],
        [0.1077],
        [0.2177],
        [0.9420],
        [0.1504],
        [0.0102],
        [0.1527],
        [0.3677],
        [0.0047],
        [0.8242],
        [0.0543],
        [0.0518],
        [0.9518]], grad_fn=<ToCopyBackward0>)
Epoch [23/100], T_AUC: [4m0.8372[0m
Epoch [23/100], Loss: 22.6002
val_Accuracy: [92m0.7521[0m
val_Precision: [4;34m0.7310[0m,               val_Recall: [4;33m0.4604[0m,                 val_F1 Score: [4;35m0.5441[0m
æ ‡ç­¾é‡Œ1çš„ä¸ªæ•°:  334
æ ‡ç­¾é‡Œ0çš„ä¸ªæ•°:  626
æ€»æ•°:  960
æ­£ç¡®çš„ä¸ªæ•°:  722
Epoch [23/100], V_AUC: [4m0.6838[0m
Epoch [24/100], Loss: 37.9339
train_Accuracy: [91m0.8322[0m
train_Precision: [4;34m0.7334[0m,               train_Recall: [4;33m0.7853[0m,                 train_F1 Score: [4;35m0.7483[0m
æ ‡ç­¾é‡Œ1çš„ä¸ªæ•°:  1069
æ ‡ç­¾é‡Œ0çš„ä¸ªæ•°:  2131
æ€»æ•°:  3200
æ­£ç¡®çš„ä¸ªæ•°:  2663
æœ€åä¸€ä¸ªæ‰¹æ¬¡çš„è¾“å‡º, ä¸æ»¡batchsizeæ˜¯æ­£å¸¸çš„:
 tensor([[1.2320e-01],
        [1.3697e-01],
        [2.5354e-02],
        [1.6659e-01],
        [2.3865e-01],
        [1.8559e-01],
        [6.9398e-01],
        [6.6766e-01],
        [8.7915e-01],
        [3.2076e-01],
        [1.6986e-01],
        [8.9518e-01],
        [2.0447e-02],
        [1.7859e-01],
        [6.5083e-01],
        [4.5164e-02],
        [3.1411e-02],
        [5.8658e-01],
        [6.3720e-01],
        [5.6291e-02],
        [5.6922e-02],
        [8.4634e-01],
        [8.0156e-01],
        [1.9187e-01],
        [7.9958e-04],
        [3.4009e-01],
        [1.7620e-01],
        [3.5137e-02],
        [7.0471e-01],
        [4.5529e-02],
        [4.7452e-02],
        [7.1159e-01]], grad_fn=<ToCopyBackward0>)
Epoch [24/100], T_AUC: [4m0.8243[0m
Epoch [24/100], Loss: 21.2108
val_Accuracy: [92m0.7542[0m
val_Precision: [4;34m0.6681[0m,               val_Recall: [4;33m0.5375[0m,                 val_F1 Score: [4;35m0.5854[0m
æ ‡ç­¾é‡Œ1çš„ä¸ªæ•°:  334
æ ‡ç­¾é‡Œ0çš„ä¸ªæ•°:  626
æ€»æ•°:  960
æ­£ç¡®çš„ä¸ªæ•°:  724
Epoch [24/100], V_AUC: [4m0.7000[0m
Epoch [25/100], Loss: 33.8518
train_Accuracy: [91m0.8472[0m
train_Precision: [4;34m0.7507[0m,               train_Recall: [4;33m0.8169[0m,                 train_F1 Score: [4;35m0.7720[0m
æ ‡ç­¾é‡Œ1çš„ä¸ªæ•°:  1069
æ ‡ç­¾é‡Œ0çš„ä¸ªæ•°:  2131
æ€»æ•°:  3200
æ­£ç¡®çš„ä¸ªæ•°:  2711
æœ€åä¸€ä¸ªæ‰¹æ¬¡çš„è¾“å‡º, ä¸æ»¡batchsizeæ˜¯æ­£å¸¸çš„:
 tensor([[1.6159e-01],
        [6.8185e-02],
        [1.3908e-02],
        [4.6920e-01],
        [1.0788e-01],
        [7.3232e-02],
        [7.3939e-01],
        [5.7236e-01],
        [9.1664e-01],
        [2.6772e-01],
        [1.1051e-01],
        [7.5080e-01],
        [2.5664e-02],
        [1.7106e-01],
        [5.7430e-01],
        [7.5155e-02],
        [4.1718e-02],
        [8.4496e-02],
        [6.6410e-01],
        [2.6792e-01],
        [1.3144e-01],
        [7.9045e-01],
        [8.5313e-01],
        [1.2826e-01],
        [3.1219e-04],
        [4.8253e-01],
        [2.1391e-01],
        [9.6201e-02],
        [4.0696e-01],
        [6.3958e-03],
        [1.7144e-02],
        [9.8820e-01]], grad_fn=<ToCopyBackward0>)
Epoch [25/100], T_AUC: [4m0.8435[0m
Epoch [25/100], Loss: 20.5259
val_Accuracy: [92m0.7312[0m
val_Precision: [4;34m0.6104[0m,               val_Recall: [4;33m0.5959[0m,                 val_F1 Score: [4;35m0.5888[0m
æ ‡ç­¾é‡Œ1çš„ä¸ªæ•°:  334
æ ‡ç­¾é‡Œ0çš„ä¸ªæ•°:  626
æ€»æ•°:  960
æ­£ç¡®çš„ä¸ªæ•°:  702
Epoch [25/100], V_AUC: [4m0.7007[0m
Epoch [26/100], Loss: 30.4680
train_Accuracy: [91m0.8650[0m
train_Precision: [4;34m0.7774[0m,               train_Recall: [4;33m0.8426[0m,                 train_F1 Score: [4;35m0.7979[0m
æ ‡ç­¾é‡Œ1çš„ä¸ªæ•°:  1069
æ ‡ç­¾é‡Œ0çš„ä¸ªæ•°:  2131
æ€»æ•°:  3200
æ­£ç¡®çš„ä¸ªæ•°:  2768
æœ€åä¸€ä¸ªæ‰¹æ¬¡çš„è¾“å‡º, ä¸æ»¡batchsizeæ˜¯æ­£å¸¸çš„:
 tensor([[0.3864],
        [0.0811],
        [0.0083],
        [0.0905],
        [0.0183],
        [0.0882],
        [0.8667],
        [0.5365],
        [0.9690],
        [0.0342],
        [0.2089],
        [0.7328],
        [0.0025],
        [0.0703],
        [0.4739],
        [0.0410],
        [0.0076],
        [0.6945],
        [0.8369],
        [0.1149],
        [0.0383],
        [0.9195],
        [0.8848],
        [0.6663],
        [0.0018],
        [0.7110],
        [0.1273],
        [0.1286],
        [0.2059],
        [0.0170],
        [0.0206],
        [0.9322]], grad_fn=<ToCopyBackward0>)
Epoch [26/100], T_AUC: [4m0.8640[0m
Epoch [26/100], Loss: 22.2421
val_Accuracy: [92m0.7250[0m
val_Precision: [4;34m0.6285[0m,               val_Recall: [4;33m0.5218[0m,                 val_F1 Score: [4;35m0.5552[0m
æ ‡ç­¾é‡Œ1çš„ä¸ªæ•°:  334
æ ‡ç­¾é‡Œ0çš„ä¸ªæ•°:  626
æ€»æ•°:  960
æ­£ç¡®çš„ä¸ªæ•°:  696
Epoch [26/100], V_AUC: [4m0.6764[0m
Epoch [27/100], Loss: 27.5509
train_Accuracy: [91m0.8809[0m
train_Precision: [4;34m0.7975[0m,               train_Recall: [4;33m0.8674[0m,                 train_F1 Score: [4;35m0.8223[0m
æ ‡ç­¾é‡Œ1çš„ä¸ªæ•°:  1069
æ ‡ç­¾é‡Œ0çš„ä¸ªæ•°:  2131
æ€»æ•°:  3200
æ­£ç¡®çš„ä¸ªæ•°:  2819
æœ€åä¸€ä¸ªæ‰¹æ¬¡çš„è¾“å‡º, ä¸æ»¡batchsizeæ˜¯æ­£å¸¸çš„:
 tensor([[7.2719e-01],
        [3.8116e-02],
        [3.5978e-03],
        [6.0458e-01],
        [6.8385e-02],
        [2.1165e-01],
        [9.6508e-01],
        [6.2764e-01],
        [7.9488e-01],
        [1.0383e-02],
        [2.2564e-01],
        [7.3184e-01],
        [1.3854e-03],
        [1.7393e-01],
        [2.3658e-01],
        [6.5368e-02],
        [1.2980e-01],
        [7.1950e-01],
        [8.2156e-01],
        [3.7118e-02],
        [1.3512e-02],
        [6.7604e-01],
        [8.0877e-01],
        [6.3565e-01],
        [4.3400e-04],
        [7.1532e-01],
        [3.7331e-02],
        [6.4721e-03],
        [6.7019e-01],
        [5.2547e-03],
        [2.6917e-02],
        [8.7811e-01]], grad_fn=<ToCopyBackward0>)
Epoch [27/100], T_AUC: [4m0.8812[0m
Epoch [27/100], Loss: 24.0827
val_Accuracy: [92m0.6927[0m
val_Precision: [4;34m0.5534[0m,               val_Recall: [4;33m0.5986[0m,                 val_F1 Score: [4;35m0.5613[0m
æ ‡ç­¾é‡Œ1çš„ä¸ªæ•°:  334
æ ‡ç­¾é‡Œ0çš„ä¸ªæ•°:  626
æ€»æ•°:  960
æ­£ç¡®çš„ä¸ªæ•°:  665
Epoch [27/100], V_AUC: [4m0.6700[0m
Epoch [28/100], Loss: 26.2758
train_Accuracy: [91m0.8888[0m
train_Precision: [4;34m0.8177[0m,               train_Recall: [4;33m0.8704[0m,                 train_F1 Score: [4;35m0.8337[0m
æ ‡ç­¾é‡Œ1çš„ä¸ªæ•°:  1069
æ ‡ç­¾é‡Œ0çš„ä¸ªæ•°:  2131
æ€»æ•°:  3200
æ­£ç¡®çš„ä¸ªæ•°:  2844
æœ€åä¸€ä¸ªæ‰¹æ¬¡çš„è¾“å‡º, ä¸æ»¡batchsizeæ˜¯æ­£å¸¸çš„:
 tensor([[8.6621e-01],
        [2.9463e-01],
        [2.5346e-04],
        [1.7092e-01],
        [1.1805e-01],
        [8.5708e-02],
        [7.4433e-01],
        [4.7380e-01],
        [5.2820e-01],
        [2.0195e-03],
        [2.9943e-01],
        [7.3495e-01],
        [2.7463e-03],
        [3.8803e-02],
        [2.2601e-01],
        [2.9719e-01],
        [6.1545e-02],
        [4.1170e-01],
        [8.8361e-01],
        [3.2898e-01],
        [1.1295e-02],
        [8.7551e-01],
        [9.7237e-01],
        [6.6655e-01],
        [2.1001e-05],
        [4.9491e-01],
        [5.2804e-02],
        [5.5391e-03],
        [3.8920e-02],
        [8.2393e-01],
        [2.7684e-01],
        [5.9546e-01]], grad_fn=<ToCopyBackward0>)
Epoch [28/100], T_AUC: [4m0.8889[0m
Epoch [28/100], Loss: 26.6012
val_Accuracy: [92m0.6625[0m
val_Precision: [4;34m0.5116[0m,               val_Recall: [4;33m0.6333[0m,                 val_F1 Score: [4;35m0.5491[0m
æ ‡ç­¾é‡Œ1çš„ä¸ªæ•°:  334
æ ‡ç­¾é‡Œ0çš„ä¸ªæ•°:  626
æ€»æ•°:  960
æ­£ç¡®çš„ä¸ªæ•°:  636
Epoch [28/100], V_AUC: [4m0.6584[0m
Epoch [29/100], Loss: 28.2676
train_Accuracy: [91m0.8678[0m
train_Precision: [4;34m0.7773[0m,               train_Recall: [4;33m0.8453[0m,                 train_F1 Score: [4;35m0.8003[0m
æ ‡ç­¾é‡Œ1çš„ä¸ªæ•°:  1069
æ ‡ç­¾é‡Œ0çš„ä¸ªæ•°:  2131
æ€»æ•°:  3200
æ­£ç¡®çš„ä¸ªæ•°:  2777
æœ€åä¸€ä¸ªæ‰¹æ¬¡çš„è¾“å‡º, ä¸æ»¡batchsizeæ˜¯æ­£å¸¸çš„:
 tensor([[8.7156e-01],
        [1.5794e-01],
        [9.4564e-03],
        [6.5090e-02],
        [2.0108e-01],
        [7.6730e-03],
        [9.7115e-01],
        [7.1640e-01],
        [9.7871e-01],
        [3.0558e-02],
        [3.7361e-01],
        [7.0738e-01],
        [1.6270e-03],
        [2.1562e-01],
        [7.9813e-01],
        [8.0211e-02],
        [6.8901e-03],
        [1.6247e-01],
        [8.9465e-01],
        [2.6583e-01],
        [5.8273e-02],
        [5.6676e-01],
        [9.9620e-01],
        [8.8834e-02],
        [3.9643e-05],
        [4.2993e-01],
        [6.4503e-02],
        [1.0479e-02],
        [3.1851e-02],
        [1.9538e-03],
        [5.7766e-03],
        [9.6472e-01]], grad_fn=<ToCopyBackward0>)
Epoch [29/100], T_AUC: [4m0.8665[0m
Epoch [29/100], Loss: 25.0931
val_Accuracy: [92m0.6979[0m
val_Precision: [4;34m0.5634[0m,               val_Recall: [4;33m0.5974[0m,                 val_F1 Score: [4;35m0.5641[0m
æ ‡ç­¾é‡Œ1çš„ä¸ªæ•°:  334
æ ‡ç­¾é‡Œ0çš„ä¸ªæ•°:  626
æ€»æ•°:  960
æ­£ç¡®çš„ä¸ªæ•°:  670
Epoch [29/100], V_AUC: [4m0.6768[0m
Epoch [30/100], Loss: 22.1248
train_Accuracy: [91m0.9047[0m
train_Precision: [4;34m0.8294[0m,               train_Recall: [4;33m0.9006[0m,                 train_F1 Score: [4;35m0.8549[0m
æ ‡ç­¾é‡Œ1çš„ä¸ªæ•°:  1069
æ ‡ç­¾é‡Œ0çš„ä¸ªæ•°:  2131
æ€»æ•°:  3200
æ­£ç¡®çš„ä¸ªæ•°:  2895
æœ€åä¸€ä¸ªæ‰¹æ¬¡çš„è¾“å‡º, ä¸æ»¡batchsizeæ˜¯æ­£å¸¸çš„:
 tensor([[7.4334e-01],
        [5.6603e-02],
        [1.4069e-03],
        [2.5486e-01],
        [3.3163e-02],
        [2.7316e-02],
        [8.4096e-01],
        [6.7499e-01],
        [7.1055e-01],
        [6.8449e-05],
        [4.0497e-01],
        [9.7291e-01],
        [1.0732e-04],
        [6.3615e-03],
        [7.0139e-01],
        [1.1564e-02],
        [1.9701e-02],
        [6.7067e-01],
        [7.9329e-01],
        [8.6554e-02],
        [8.5476e-03],
        [9.9438e-01],
        [9.6276e-01],
        [4.7985e-01],
        [1.7722e-04],
        [8.2624e-01],
        [7.4238e-03],
        [1.3692e-03],
        [1.8053e-01],
        [1.3021e-02],
        [6.0340e-01],
        [9.9841e-01]], grad_fn=<ToCopyBackward0>)
Epoch [30/100], T_AUC: [4m0.9076[0m
Epoch [30/100], Loss: 26.5498
val_Accuracy: [92m0.6948[0m
val_Precision: [4;34m0.5540[0m,               val_Recall: [4;33m0.5628[0m,                 val_F1 Score: [4;35m0.5468[0m
æ ‡ç­¾é‡Œ1çš„ä¸ªæ•°:  334
æ ‡ç­¾é‡Œ0çš„ä¸ªæ•°:  626
æ€»æ•°:  960
æ­£ç¡®çš„ä¸ªæ•°:  667
Epoch [30/100], V_AUC: [4m0.6639[0m
Epoch [31/100], Loss: 19.0439
train_Accuracy: [91m0.9169[0m
train_Precision: [4;34m0.8538[0m,               train_Recall: [4;33m0.9108[0m,                 train_F1 Score: [4;35m0.8736[0m
æ ‡ç­¾é‡Œ1çš„ä¸ªæ•°:  1069
æ ‡ç­¾é‡Œ0çš„ä¸ªæ•°:  2131
æ€»æ•°:  3200
æ­£ç¡®çš„ä¸ªæ•°:  2934
æœ€åä¸€ä¸ªæ‰¹æ¬¡çš„è¾“å‡º, ä¸æ»¡batchsizeæ˜¯æ­£å¸¸çš„:
 tensor([[2.5446e-01],
        [3.6858e-02],
        [2.8464e-03],
        [1.6736e-02],
        [4.0047e-03],
        [1.1330e-01],
        [9.9280e-01],
        [4.2219e-01],
        [3.6837e-01],
        [4.2759e-04],
        [1.4831e-01],
        [9.2899e-01],
        [5.4259e-05],
        [2.9191e-03],
        [5.4736e-01],
        [6.6012e-02],
        [4.7321e-02],
        [9.4039e-01],
        [7.2152e-01],
        [4.0498e-02],
        [2.7779e-02],
        [8.4426e-01],
        [9.8988e-01],
        [1.8770e-01],
        [7.2084e-03],
        [9.5353e-01],
        [7.2398e-03],
        [2.7495e-03],
        [2.1838e-02],
        [7.8427e-03],
        [3.3029e-02],
        [9.9993e-01]], grad_fn=<ToCopyBackward0>)
Epoch [31/100], T_AUC: [4m0.9189[0m
Epoch [31/100], Loss: 27.1247
val_Accuracy: [92m0.7063[0m
val_Precision: [4;34m0.5891[0m,               val_Recall: [4;33m0.4985[0m,                 val_F1 Score: [4;35m0.5230[0m
æ ‡ç­¾é‡Œ1çš„ä¸ªæ•°:  334
æ ‡ç­¾é‡Œ0çš„ä¸ªæ•°:  626
æ€»æ•°:  960
æ­£ç¡®çš„ä¸ªæ•°:  678
Epoch [31/100], V_AUC: [4m0.6577[0m
Epoch [32/100], Loss: 18.2485
train_Accuracy: [91m0.9213[0m
train_Precision: [4;34m0.8588[0m,               train_Recall: [4;33m0.9128[0m,                 train_F1 Score: [4;35m0.8795[0m
æ ‡ç­¾é‡Œ1çš„ä¸ªæ•°:  1069
æ ‡ç­¾é‡Œ0çš„ä¸ªæ•°:  2131
æ€»æ•°:  3200
æ­£ç¡®çš„ä¸ªæ•°:  2948
æœ€åä¸€ä¸ªæ‰¹æ¬¡çš„è¾“å‡º, ä¸æ»¡batchsizeæ˜¯æ­£å¸¸çš„:
 tensor([[8.8379e-01],
        [3.4626e-03],
        [8.1776e-04],
        [3.6590e-03],
        [2.8236e-04],
        [9.6468e-03],
        [9.9209e-01],
        [3.4635e-01],
        [8.0589e-01],
        [7.4639e-05],
        [6.7938e-02],
        [9.9043e-01],
        [8.0440e-05],
        [1.2606e-03],
        [3.2478e-01],
        [1.9869e-01],
        [2.1109e-01],
        [3.7931e-01],
        [9.7712e-01],
        [1.4572e-02],
        [5.3330e-01],
        [2.8568e-01],
        [9.8855e-01],
        [6.2689e-02],
        [2.9480e-03],
        [9.5684e-01],
        [3.0590e-03],
        [1.3770e-02],
        [3.8927e-02],
        [1.4363e-02],
        [2.7805e-01],
        [9.9985e-01]], grad_fn=<ToCopyBackward0>)
Epoch [32/100], T_AUC: [4m0.9216[0m
Epoch [32/100], Loss: 29.7792
val_Accuracy: [92m0.7135[0m
val_Precision: [4;34m0.6028[0m,               val_Recall: [4;33m0.5057[0m,                 val_F1 Score: [4;35m0.5375[0m
æ ‡ç­¾é‡Œ1çš„ä¸ªæ•°:  334
æ ‡ç­¾é‡Œ0çš„ä¸ªæ•°:  626
æ€»æ•°:  960
æ­£ç¡®çš„ä¸ªæ•°:  685
Epoch [32/100], V_AUC: [4m0.6638[0m
Epoch [33/100], Loss: 15.3473
train_Accuracy: [91m0.9391[0m
train_Precision: [4;34m0.8818[0m,               train_Recall: [4;33m0.9393[0m,                 train_F1 Score: [4;35m0.9043[0m
æ ‡ç­¾é‡Œ1çš„ä¸ªæ•°:  1069
æ ‡ç­¾é‡Œ0çš„ä¸ªæ•°:  2131
æ€»æ•°:  3200
æ­£ç¡®çš„ä¸ªæ•°:  3005
æœ€åä¸€ä¸ªæ‰¹æ¬¡çš„è¾“å‡º, ä¸æ»¡batchsizeæ˜¯æ­£å¸¸çš„:
 tensor([[8.5972e-01],
        [2.6407e-01],
        [7.2705e-05],
        [1.0073e-01],
        [6.6262e-01],
        [4.5063e-03],
        [9.9935e-01],
        [6.6589e-01],
        [4.3067e-01],
        [7.6229e-04],
        [6.1475e-02],
        [9.6728e-01],
        [2.1109e-05],
        [1.6148e-03],
        [1.2067e-02],
        [2.1811e-02],
        [4.7828e-02],
        [8.4085e-01],
        [8.3415e-01],
        [3.8359e-02],
        [4.4551e-05],
        [9.9693e-01],
        [9.8001e-01],
        [8.0345e-01],
        [2.8643e-05],
        [9.6947e-01],
        [1.9165e-03],
        [2.1474e-04],
        [5.4383e-01],
        [2.6649e-02],
        [1.3939e-02],
        [9.9009e-01]], grad_fn=<ToCopyBackward0>)
Epoch [33/100], T_AUC: [4m0.9415[0m
Epoch [33/100], Loss: 30.4180
val_Accuracy: [92m0.6240[0m
val_Precision: [4;34m0.4661[0m,               val_Recall: [4;33m0.7314[0m,                 val_F1 Score: [4;35m0.5579[0m
æ ‡ç­¾é‡Œ1çš„ä¸ªæ•°:  334
æ ‡ç­¾é‡Œ0çš„ä¸ªæ•°:  626
æ€»æ•°:  960
æ­£ç¡®çš„ä¸ªæ•°:  599
Epoch [33/100], V_AUC: [4m0.6469[0m
Epoch [34/100], Loss: 15.1794
train_Accuracy: [91m0.9375[0m
train_Precision: [4;34m0.8795[0m,               train_Recall: [4;33m0.9363[0m,                 train_F1 Score: [4;35m0.9014[0m
æ ‡ç­¾é‡Œ1çš„ä¸ªæ•°:  1069
æ ‡ç­¾é‡Œ0çš„ä¸ªæ•°:  2131
æ€»æ•°:  3200
æ­£ç¡®çš„ä¸ªæ•°:  3000
æœ€åä¸€ä¸ªæ‰¹æ¬¡çš„è¾“å‡º, ä¸æ»¡batchsizeæ˜¯æ­£å¸¸çš„:
 tensor([[9.4697e-01],
        [2.7025e-03],
        [9.8916e-05],
        [1.9629e-01],
        [5.0221e-03],
        [1.0622e-02],
        [9.9919e-01],
        [9.2191e-01],
        [7.6306e-01],
        [7.6893e-06],
        [1.5972e-01],
        [8.5805e-01],
        [4.7897e-05],
        [1.4234e-03],
        [1.4988e-01],
        [2.0390e-02],
        [2.7532e-01],
        [9.0638e-01],
        [8.4473e-01],
        [1.2942e-01],
        [6.7323e-06],
        [9.9883e-01],
        [8.9168e-01],
        [1.8015e-03],
        [1.0497e-03],
        [3.6402e-01],
        [1.8122e-02],
        [5.1545e-03],
        [2.3234e-01],
        [9.3074e-02],
        [1.1283e-01],
        [9.9837e-01]], grad_fn=<ToCopyBackward0>)
Epoch [34/100], T_AUC: [4m0.9390[0m
Epoch [34/100], Loss: 26.9492
val_Accuracy: [92m0.6781[0m
val_Precision: [4;34m0.5200[0m,               val_Recall: [4;33m0.6975[0m,                 val_F1 Score: [4;35m0.5849[0m
æ ‡ç­¾é‡Œ1çš„ä¸ªæ•°:  334
æ ‡ç­¾é‡Œ0çš„ä¸ªæ•°:  626
æ€»æ•°:  960
æ­£ç¡®çš„ä¸ªæ•°:  651
Epoch [34/100], V_AUC: [4m0.6805[0m
Epoch [35/100], Loss: 12.9129
train_Accuracy: [91m0.9509[0m
train_Precision: [4;34m0.9148[0m,               train_Recall: [4;33m0.9423[0m,                 train_F1 Score: [4;35m0.9241[0m
æ ‡ç­¾é‡Œ1çš„ä¸ªæ•°:  1069
æ ‡ç­¾é‡Œ0çš„ä¸ªæ•°:  2131
æ€»æ•°:  3200
æ­£ç¡®çš„ä¸ªæ•°:  3043
æœ€åä¸€ä¸ªæ‰¹æ¬¡çš„è¾“å‡º, ä¸æ»¡batchsizeæ˜¯æ­£å¸¸çš„:
 tensor([[9.4589e-01],
        [4.6429e-02],
        [1.8796e-04],
        [3.2549e-02],
        [9.1037e-02],
        [1.0296e-01],
        [8.5774e-01],
        [3.7862e-01],
        [9.3120e-01],
        [5.1330e-04],
        [3.4626e-01],
        [9.8389e-01],
        [1.7686e-04],
        [2.1893e-03],
        [5.0576e-02],
        [7.9205e-04],
        [4.0144e-04],
        [9.9697e-01],
        [9.7258e-01],
        [4.8858e-03],
        [5.7984e-06],
        [9.9959e-01],
        [9.4087e-01],
        [1.3195e-02],
        [2.9778e-05],
        [9.4478e-01],
        [3.5450e-02],
        [3.6009e-04],
        [2.3487e-01],
        [1.8167e-02],
        [3.9904e-02],
        [9.9962e-01]], grad_fn=<ToCopyBackward0>)
Epoch [35/100], T_AUC: [4m0.9515[0m
Epoch [35/100], Loss: 28.3801
val_Accuracy: [92m0.7188[0m
val_Precision: [4;34m0.5754[0m,               val_Recall: [4;33m0.7087[0m,                 val_F1 Score: [4;35m0.6246[0m
æ ‡ç­¾é‡Œ1çš„ä¸ªæ•°:  334
æ ‡ç­¾é‡Œ0çš„ä¸ªæ•°:  626
æ€»æ•°:  960
æ­£ç¡®çš„ä¸ªæ•°:  690
Epoch [35/100], V_AUC: [4m0.7170[0m
Epoch [36/100], Loss: 10.3587
train_Accuracy: [91m0.9597[0m
train_Precision: [4;34m0.9232[0m,               train_Recall: [4;33m0.9570[0m,                 train_F1 Score: [4;35m0.9352[0m
æ ‡ç­¾é‡Œ1çš„ä¸ªæ•°:  1069
æ ‡ç­¾é‡Œ0çš„ä¸ªæ•°:  2131
æ€»æ•°:  3200
æ­£ç¡®çš„ä¸ªæ•°:  3071
æœ€åä¸€ä¸ªæ‰¹æ¬¡çš„è¾“å‡º, ä¸æ»¡batchsizeæ˜¯æ­£å¸¸çš„:
 tensor([[7.1075e-01],
        [2.3544e-01],
        [9.0805e-05],
        [5.9679e-03],
        [3.6762e-04],
        [1.1268e-02],
        [3.5309e-01],
        [7.6439e-01],
        [9.1313e-01],
        [6.3922e-05],
        [8.9095e-02],
        [9.9751e-01],
        [2.0001e-04],
        [1.8205e-04],
        [6.7000e-02],
        [2.6269e-02],
        [2.2957e-03],
        [9.9879e-01],
        [8.5606e-01],
        [1.0389e-02],
        [6.5190e-05],
        [9.9773e-01],
        [6.7914e-01],
        [7.2711e-01],
        [1.0784e-05],
        [9.8890e-01],
        [2.0125e-02],
        [6.2909e-04],
        [2.1959e-01],
        [1.0720e-01],
        [2.5071e-01],
        [9.9716e-01]], grad_fn=<ToCopyBackward0>)
Epoch [36/100], T_AUC: [4m0.9610[0m
Epoch [36/100], Loss: 33.0907
val_Accuracy: [92m0.6990[0m
val_Precision: [4;34m0.5589[0m,               val_Recall: [4;33m0.6198[0m,                 val_F1 Score: [4;35m0.5750[0m
æ ‡ç­¾é‡Œ1çš„ä¸ªæ•°:  334
æ ‡ç­¾é‡Œ0çš„ä¸ªæ•°:  626
æ€»æ•°:  960
æ­£ç¡®çš„ä¸ªæ•°:  671
Epoch [36/100], V_AUC: [4m0.6784[0m
Epoch [37/100], Loss: 8.0019
train_Accuracy: [91m0.9725[0m
train_Precision: [4;34m0.9455[0m,               train_Recall: [4;33m0.9727[0m,                 train_F1 Score: [4;35m0.9559[0m
æ ‡ç­¾é‡Œ1çš„ä¸ªæ•°:  1069
æ ‡ç­¾é‡Œ0çš„ä¸ªæ•°:  2131
æ€»æ•°:  3200
æ­£ç¡®çš„ä¸ªæ•°:  3112
æœ€åä¸€ä¸ªæ‰¹æ¬¡çš„è¾“å‡º, ä¸æ»¡batchsizeæ˜¯æ­£å¸¸çš„:
 tensor([[9.9544e-01],
        [4.6591e-03],
        [3.3815e-04],
        [2.4316e-02],
        [5.8523e-04],
        [4.3806e-03],
        [9.9997e-01],
        [8.9929e-01],
        [9.9921e-01],
        [2.4137e-03],
        [1.5139e-01],
        [9.8326e-01],
        [8.9345e-06],
        [4.9384e-03],
        [1.2244e-01],
        [2.4420e-02],
        [3.0182e-03],
        [9.4855e-01],
        [9.9932e-01],
        [2.9031e-02],
        [3.7512e-06],
        [9.7389e-01],
        [9.6200e-01],
        [7.3154e-03],
        [3.7977e-04],
        [9.9757e-01],
        [1.5467e-02],
        [4.3832e-04],
        [3.1671e-04],
        [5.0534e-05],
        [6.0629e-04],
        [9.6634e-01]], grad_fn=<ToCopyBackward0>)
Epoch [37/100], T_AUC: [4m0.9745[0m
Epoch [37/100], Loss: 31.9032
val_Accuracy: [92m0.7125[0m
val_Precision: [4;34m0.5854[0m,               val_Recall: [4;33m0.5855[0m,                 val_F1 Score: [4;35m0.5705[0m
æ ‡ç­¾é‡Œ1çš„ä¸ªæ•°:  334
æ ‡ç­¾é‡Œ0çš„ä¸ªæ•°:  626
æ€»æ•°:  960
æ­£ç¡®çš„ä¸ªæ•°:  684
Epoch [37/100], V_AUC: [4m0.6817[0m
Epoch [38/100], Loss: 4.7574
train_Accuracy: [91m0.9856[0m
train_Precision: [4;34m0.9666[0m,               train_Recall: [4;33m0.9869[0m,                 train_F1 Score: [4;35m0.9752[0m
æ ‡ç­¾é‡Œ1çš„ä¸ªæ•°:  1069
æ ‡ç­¾é‡Œ0çš„ä¸ªæ•°:  2131
æ€»æ•°:  3200
æ­£ç¡®çš„ä¸ªæ•°:  3154
æœ€åä¸€ä¸ªæ‰¹æ¬¡çš„è¾“å‡º, ä¸æ»¡batchsizeæ˜¯æ­£å¸¸çš„:
 tensor([[9.4529e-01],
        [9.8555e-03],
        [2.3518e-05],
        [3.4588e-02],
        [8.4048e-04],
        [4.4261e-03],
        [9.9997e-01],
        [9.8636e-01],
        [9.9911e-01],
        [1.4969e-03],
        [6.4279e-02],
        [8.8687e-01],
        [7.4912e-05],
        [4.8252e-04],
        [3.7555e-02],
        [1.0089e-02],
        [1.2504e-03],
        [9.9861e-01],
        [9.9900e-01],
        [9.3462e-05],
        [2.7248e-07],
        [9.9832e-01],
        [9.8052e-01],
        [4.9064e-03],
        [1.6937e-03],
        [9.8027e-01],
        [3.6634e-02],
        [1.9100e-04],
        [9.9368e-04],
        [2.4072e-03],
        [7.5431e-04],
        [9.8882e-01]], grad_fn=<ToCopyBackward0>)
Epoch [38/100], T_AUC: [4m0.9871[0m
Epoch [38/100], Loss: 31.9645
val_Accuracy: [92m0.7323[0m
val_Precision: [4;34m0.5965[0m,               val_Recall: [4;33m0.6380[0m,                 val_F1 Score: [4;35m0.6042[0m
æ ‡ç­¾é‡Œ1çš„ä¸ªæ•°:  334
æ ‡ç­¾é‡Œ0çš„ä¸ªæ•°:  626
æ€»æ•°:  960
æ­£ç¡®çš„ä¸ªæ•°:  703
Epoch [38/100], V_AUC: [4m0.7074[0m
Epoch [39/100], Loss: 4.0349
train_Accuracy: [91m0.9891[0m
train_Precision: [4;34m0.9761[0m,               train_Recall: [4;33m0.9906[0m,                 train_F1 Score: [4;35m0.9822[0m
æ ‡ç­¾é‡Œ1çš„ä¸ªæ•°:  1069
æ ‡ç­¾é‡Œ0çš„ä¸ªæ•°:  2131
æ€»æ•°:  3200
æ­£ç¡®çš„ä¸ªæ•°:  3165
æœ€åä¸€ä¸ªæ‰¹æ¬¡çš„è¾“å‡º, ä¸æ»¡batchsizeæ˜¯æ­£å¸¸çš„:
 tensor([[9.8648e-01],
        [1.2424e-01],
        [8.4422e-04],
        [3.4227e-04],
        [2.7495e-04],
        [1.4505e-03],
        [9.9990e-01],
        [9.8026e-01],
        [9.9880e-01],
        [3.0069e-01],
        [2.2867e-01],
        [9.9930e-01],
        [1.3847e-05],
        [7.7664e-04],
        [1.9695e-02],
        [4.7761e-04],
        [1.5983e-03],
        [9.9948e-01],
        [9.9722e-01],
        [1.6719e-03],
        [2.0845e-06],
        [9.9661e-01],
        [9.3886e-01],
        [3.7725e-03],
        [5.7965e-05],
        [9.7603e-01],
        [3.2848e-03],
        [2.0424e-04],
        [6.9427e-05],
        [1.0607e-05],
        [1.7996e-04],
        [9.9904e-01]], grad_fn=<ToCopyBackward0>)
Epoch [39/100], T_AUC: [4m0.9902[0m
Epoch [39/100], Loss: 38.1253
val_Accuracy: [92m0.6917[0m
val_Precision: [4;34m0.5488[0m,               val_Recall: [4;33m0.6250[0m,                 val_F1 Score: [4;35m0.5718[0m
æ ‡ç­¾é‡Œ1çš„ä¸ªæ•°:  334
æ ‡ç­¾é‡Œ0çš„ä¸ªæ•°:  626
æ€»æ•°:  960
æ­£ç¡®çš„ä¸ªæ•°:  664
Epoch [39/100], V_AUC: [4m0.6765[0m
Epoch [40/100], Loss: 3.5322
train_Accuracy: [91m0.9894[0m
train_Precision: [4;34m0.9805[0m,               train_Recall: [4;33m0.9888[0m,                 train_F1 Score: [4;35m0.9837[0m
æ ‡ç­¾é‡Œ1çš„ä¸ªæ•°:  1069
æ ‡ç­¾é‡Œ0çš„ä¸ªæ•°:  2131
æ€»æ•°:  3200
æ­£ç¡®çš„ä¸ªæ•°:  3166
æœ€åä¸€ä¸ªæ‰¹æ¬¡çš„è¾“å‡º, ä¸æ»¡batchsizeæ˜¯æ­£å¸¸çš„:
 tensor([[8.7129e-01],
        [2.0226e-04],
        [5.2775e-06],
        [1.7114e-02],
        [3.1539e-05],
        [9.8496e-02],
        [1.0000e+00],
        [9.9107e-01],
        [9.9570e-01],
        [1.3582e-04],
        [8.5967e-02],
        [9.9977e-01],
        [1.1265e-05],
        [9.4427e-04],
        [6.9857e-01],
        [5.8697e-03],
        [1.1417e-02],
        [9.9946e-01],
        [9.7380e-01],
        [1.7570e-04],
        [6.3495e-06],
        [9.9958e-01],
        [9.1911e-01],
        [8.9889e-04],
        [2.5139e-04],
        [9.6177e-01],
        [2.3362e-01],
        [4.4945e-05],
        [4.3746e-05],
        [8.6545e-06],
        [2.1362e-04],
        [9.9948e-01]], grad_fn=<ToCopyBackward0>)
Epoch [40/100], T_AUC: [4m0.9902[0m
Epoch [40/100], Loss: 40.8561
val_Accuracy: [92m0.7469[0m
val_Precision: [4;34m0.6417[0m,               val_Recall: [4;33m0.5859[0m,                 val_F1 Score: [4;35m0.6016[0m
æ ‡ç­¾é‡Œ1çš„ä¸ªæ•°:  334
æ ‡ç­¾é‡Œ0çš„ä¸ªæ•°:  626
æ€»æ•°:  960
æ­£ç¡®çš„ä¸ªæ•°:  717
Epoch [40/100], V_AUC: [4m0.7071[0m
Epoch [41/100], Loss: 3.8913
train_Accuracy: [91m0.9856[0m
train_Precision: [4;34m0.9710[0m,               train_Recall: [4;33m0.9841[0m,                 train_F1 Score: [4;35m0.9756[0m
æ ‡ç­¾é‡Œ1çš„ä¸ªæ•°:  1069
æ ‡ç­¾é‡Œ0çš„ä¸ªæ•°:  2131
æ€»æ•°:  3200
æ­£ç¡®çš„ä¸ªæ•°:  3154
æœ€åä¸€ä¸ªæ‰¹æ¬¡çš„è¾“å‡º, ä¸æ»¡batchsizeæ˜¯æ­£å¸¸çš„:
 tensor([[9.9459e-01],
        [1.7141e-05],
        [4.1546e-04],
        [3.6534e-04],
        [2.3918e-03],
        [1.7398e-01],
        [9.9992e-01],
        [9.7985e-01],
        [9.9757e-01],
        [1.5220e-02],
        [3.0904e-03],
        [9.9998e-01],
        [1.1906e-04],
        [4.5551e-05],
        [6.9542e-05],
        [3.5061e-02],
        [5.3775e-03],
        [9.9976e-01],
        [9.9978e-01],
        [1.5875e-04],
        [3.3123e-08],
        [9.7352e-01],
        [8.7226e-01],
        [5.5686e-03],
        [3.1799e-04],
        [9.8384e-01],
        [3.4087e-02],
        [7.0177e-03],
        [2.2224e-04],
        [1.1472e-05],
        [3.3451e-06],
        [9.9996e-01]], grad_fn=<ToCopyBackward0>)
Epoch [41/100], T_AUC: [4m0.9865[0m
Epoch [41/100], Loss: 40.3485
val_Accuracy: [92m0.7146[0m
val_Precision: [4;34m0.5866[0m,               val_Recall: [4;33m0.6462[0m,                 val_F1 Score: [4;35m0.6014[0m
æ ‡ç­¾é‡Œ1çš„ä¸ªæ•°:  334
æ ‡ç­¾é‡Œ0çš„ä¸ªæ•°:  626
æ€»æ•°:  960
æ­£ç¡®çš„ä¸ªæ•°:  686
Epoch [41/100], V_AUC: [4m0.6998[0m
Epoch [42/100], Loss: 3.5074
train_Accuracy: [91m0.9872[0m
train_Precision: [4;34m0.9667[0m,               train_Recall: [4;33m0.9922[0m,                 train_F1 Score: [4;35m0.9773[0m
æ ‡ç­¾é‡Œ1çš„ä¸ªæ•°:  1069
æ ‡ç­¾é‡Œ0çš„ä¸ªæ•°:  2131
æ€»æ•°:  3200
æ­£ç¡®çš„ä¸ªæ•°:  3159
æœ€åä¸€ä¸ªæ‰¹æ¬¡çš„è¾“å‡º, ä¸æ»¡batchsizeæ˜¯æ­£å¸¸çš„:
 tensor([[9.7715e-01],
        [8.5389e-06],
        [2.7181e-04],
        [1.3238e-02],
        [5.8271e-02],
        [2.3765e-05],
        [9.9999e-01],
        [9.9806e-01],
        [9.9958e-01],
        [4.0228e-05],
        [6.1741e-03],
        [9.9937e-01],
        [5.1139e-07],
        [1.0625e-05],
        [7.1234e-04],
        [3.5541e-03],
        [3.8705e-03],
        [9.9141e-01],
        [9.9976e-01],
        [4.0036e-02],
        [2.6463e-05],
        [9.9997e-01],
        [9.8036e-01],
        [7.7690e-04],
        [1.2236e-04],
        [2.7299e-01],
        [2.2084e-04],
        [1.8129e-06],
        [2.3757e-02],
        [8.1976e-02],
        [1.4313e-04],
        [9.9859e-01]], grad_fn=<ToCopyBackward0>)
Epoch [42/100], T_AUC: [4m0.9896[0m
Epoch [42/100], Loss: 40.7901
val_Accuracy: [92m0.6896[0m
val_Precision: [4;34m0.5430[0m,               val_Recall: [4;33m0.6534[0m,                 val_F1 Score: [4;35m0.5808[0m
æ ‡ç­¾é‡Œ1çš„ä¸ªæ•°:  334
æ ‡ç­¾é‡Œ0çš„ä¸ªæ•°:  626
æ€»æ•°:  960
æ­£ç¡®çš„ä¸ªæ•°:  662
Epoch [42/100], V_AUC: [4m0.6805[0m
Epoch [43/100], Loss: 4.1704
train_Accuracy: [91m0.9859[0m
train_Precision: [4;34m0.9731[0m,               train_Recall: [4;33m0.9843[0m,                 train_F1 Score: [4;35m0.9774[0m
æ ‡ç­¾é‡Œ1çš„ä¸ªæ•°:  1069
æ ‡ç­¾é‡Œ0çš„ä¸ªæ•°:  2131
æ€»æ•°:  3200
æ­£ç¡®çš„ä¸ªæ•°:  3155
æœ€åä¸€ä¸ªæ‰¹æ¬¡çš„è¾“å‡º, ä¸æ»¡batchsizeæ˜¯æ­£å¸¸çš„:
 tensor([[9.9088e-01],
        [2.8912e-05],
        [1.4425e-04],
        [3.4615e-02],
        [8.9901e-05],
        [9.9108e-05],
        [9.9992e-01],
        [9.9826e-01],
        [9.9980e-01],
        [6.1255e-07],
        [2.6888e-01],
        [9.8902e-01],
        [9.2434e-07],
        [1.8360e-06],
        [2.0633e-01],
        [1.6382e-01],
        [4.5417e-05],
        [9.9930e-01],
        [9.7920e-01],
        [8.3291e-01],
        [2.3048e-07],
        [9.9998e-01],
        [9.5882e-01],
        [1.7561e-02],
        [1.0367e-04],
        [9.9999e-01],
        [1.0526e-03],
        [7.6526e-06],
        [3.1541e-05],
        [4.1542e-06],
        [1.6146e-03],
        [9.9718e-01]], grad_fn=<ToCopyBackward0>)
Epoch [43/100], T_AUC: [4m0.9867[0m
Epoch [43/100], Loss: 37.1763
val_Accuracy: [92m0.7146[0m
val_Precision: [4;34m0.5907[0m,               val_Recall: [4;33m0.5691[0m,                 val_F1 Score: [4;35m0.5644[0m
æ ‡ç­¾é‡Œ1çš„ä¸ªæ•°:  334
æ ‡ç­¾é‡Œ0çš„ä¸ªæ•°:  626
æ€»æ•°:  960
æ­£ç¡®çš„ä¸ªæ•°:  686
Epoch [43/100], V_AUC: [4m0.6806[0m
Epoch [44/100], Loss: 4.6189
train_Accuracy: [91m0.9819[0m
train_Precision: [4;34m0.9605[0m,               train_Recall: [4;33m0.9851[0m,                 train_F1 Score: [4;35m0.9709[0m
æ ‡ç­¾é‡Œ1çš„ä¸ªæ•°:  1069
æ ‡ç­¾é‡Œ0çš„ä¸ªæ•°:  2131
æ€»æ•°:  3200
æ­£ç¡®çš„ä¸ªæ•°:  3142
æœ€åä¸€ä¸ªæ‰¹æ¬¡çš„è¾“å‡º, ä¸æ»¡batchsizeæ˜¯æ­£å¸¸çš„:
 tensor([[7.5317e-02],
        [7.4405e-07],
        [3.0575e-03],
        [1.0625e-03],
        [2.0116e-01],
        [6.1505e-04],
        [9.9947e-01],
        [9.9544e-01],
        [9.9696e-01],
        [2.7276e-05],
        [4.2697e-03],
        [9.9687e-01],
        [1.6725e-06],
        [8.9675e-06],
        [2.6804e-02],
        [2.0853e-01],
        [3.4696e-05],
        [9.9103e-01],
        [9.9987e-01],
        [9.0306e-05],
        [6.2385e-07],
        [9.9713e-01],
        [9.9726e-01],
        [2.6735e-01],
        [3.9582e-03],
        [1.0000e+00],
        [4.4589e-03],
        [6.1286e-06],
        [3.7943e-04],
        [5.8859e-06],
        [3.2143e-05],
        [9.9996e-01]], grad_fn=<ToCopyBackward0>)
Epoch [44/100], T_AUC: [4m0.9839[0m
Epoch [44/100], Loss: 39.5820
val_Accuracy: [92m0.7156[0m
val_Precision: [4;34m0.5900[0m,               val_Recall: [4;33m0.5686[0m,                 val_F1 Score: [4;35m0.5644[0m
æ ‡ç­¾é‡Œ1çš„ä¸ªæ•°:  334
æ ‡ç­¾é‡Œ0çš„ä¸ªæ•°:  626
æ€»æ•°:  960
æ­£ç¡®çš„ä¸ªæ•°:  687
Epoch [44/100], V_AUC: [4m0.6816[0m
Epoch [45/100], Loss: 4.1569
train_Accuracy: [91m0.9844[0m
train_Precision: [4;34m0.9678[0m,               train_Recall: [4;33m0.9851[0m,                 train_F1 Score: [4;35m0.9747[0m
æ ‡ç­¾é‡Œ1çš„ä¸ªæ•°:  1069
æ ‡ç­¾é‡Œ0çš„ä¸ªæ•°:  2131
æ€»æ•°:  3200
æ­£ç¡®çš„ä¸ªæ•°:  3150
æœ€åä¸€ä¸ªæ‰¹æ¬¡çš„è¾“å‡º, ä¸æ»¡batchsizeæ˜¯æ­£å¸¸çš„:
 tensor([[9.9948e-01],
        [3.8884e-05],
        [1.6105e-04],
        [1.5657e-03],
        [6.9901e-04],
        [2.7442e-04],
        [9.9999e-01],
        [9.9683e-01],
        [9.9470e-01],
        [2.6781e-06],
        [1.0078e-01],
        [9.9768e-01],
        [1.6577e-05],
        [1.0720e-06],
        [8.5129e-03],
        [6.1068e-04],
        [6.7462e-05],
        [9.7723e-01],
        [9.9951e-01],
        [1.6657e-04],
        [5.2575e-05],
        [9.9951e-01],
        [9.9506e-01],
        [2.9459e-06],
        [1.4189e-02],
        [9.9903e-01],
        [1.2393e-02],
        [1.0361e-05],
        [1.2068e-05],
        [1.5248e-05],
        [1.7860e-04],
        [1.0000e+00]], grad_fn=<ToCopyBackward0>)
Epoch [45/100], T_AUC: [4m0.9854[0m
Epoch [45/100], Loss: 41.2827
val_Accuracy: [92m0.7354[0m
val_Precision: [4;34m0.6463[0m,               val_Recall: [4;33m0.5311[0m,                 val_F1 Score: [4;35m0.5673[0m
æ ‡ç­¾é‡Œ1çš„ä¸ªæ•°:  334
æ ‡ç­¾é‡Œ0çš„ä¸ªæ•°:  626
æ€»æ•°:  960
æ­£ç¡®çš„ä¸ªæ•°:  706
Epoch [45/100], V_AUC: [4m0.6905[0m
Epoch [46/100], Loss: 1.9327
train_Accuracy: [91m0.9950[0m
train_Precision: [4;34m0.9889[0m,               train_Recall: [4;33m0.9959[0m,                 train_F1 Score: [4;35m0.9919[0m
æ ‡ç­¾é‡Œ1çš„ä¸ªæ•°:  1069
æ ‡ç­¾é‡Œ0çš„ä¸ªæ•°:  2131
æ€»æ•°:  3200
æ­£ç¡®çš„ä¸ªæ•°:  3184
æœ€åä¸€ä¸ªæ‰¹æ¬¡çš„è¾“å‡º, ä¸æ»¡batchsizeæ˜¯æ­£å¸¸çš„:
 tensor([[9.9948e-01],
        [1.3914e-04],
        [7.3180e-05],
        [3.4205e-03],
        [9.4475e-04],
        [6.1712e-05],
        [9.9986e-01],
        [9.9348e-01],
        [9.9973e-01],
        [2.7272e-05],
        [1.0352e-01],
        [9.9798e-01],
        [1.0668e-06],
        [2.3658e-06],
        [3.1567e-02],
        [5.3815e-04],
        [1.0520e-04],
        [9.8301e-01],
        [9.9980e-01],
        [1.0925e-02],
        [9.0228e-08],
        [9.9785e-01],
        [9.9775e-01],
        [5.5382e-05],
        [1.8229e-04],
        [9.9465e-01],
        [3.2205e-03],
        [2.9971e-05],
        [2.1907e-02],
        [5.3591e-06],
        [3.6096e-06],
        [1.0000e+00]], grad_fn=<ToCopyBackward0>)
Epoch [46/100], T_AUC: [4m0.9958[0m
Epoch [46/100], Loss: 41.7275
val_Accuracy: [92m0.7438[0m
val_Precision: [4;34m0.6610[0m,               val_Recall: [4;33m0.5676[0m,                 val_F1 Score: [4;35m0.5968[0m
æ ‡ç­¾é‡Œ1çš„ä¸ªæ•°:  334
æ ‡ç­¾é‡Œ0çš„ä¸ªæ•°:  626
æ€»æ•°:  960
æ­£ç¡®çš„ä¸ªæ•°:  714
Epoch [46/100], V_AUC: [4m0.7016[0m
Epoch [47/100], Loss: 1.8793
train_Accuracy: [91m0.9938[0m
train_Precision: [4;34m0.9868[0m,               train_Recall: [4;33m0.9937[0m,                 train_F1 Score: [4;35m0.9897[0m
æ ‡ç­¾é‡Œ1çš„ä¸ªæ•°:  1069
æ ‡ç­¾é‡Œ0çš„ä¸ªæ•°:  2131
æ€»æ•°:  3200
æ­£ç¡®çš„ä¸ªæ•°:  3180
æœ€åä¸€ä¸ªæ‰¹æ¬¡çš„è¾“å‡º, ä¸æ»¡batchsizeæ˜¯æ­£å¸¸çš„:
 tensor([[9.9980e-01],
        [7.6467e-05],
        [4.3161e-05],
        [6.2406e-04],
        [4.7961e-03],
        [9.9592e-05],
        [9.9962e-01],
        [9.8015e-01],
        [9.9987e-01],
        [1.1394e-06],
        [4.6161e-03],
        [9.9987e-01],
        [1.5559e-07],
        [4.6443e-06],
        [1.4007e-01],
        [3.0494e-05],
        [2.9837e-05],
        [9.8467e-01],
        [9.9340e-01],
        [3.4852e-03],
        [4.0321e-06],
        [9.8900e-01],
        [9.9854e-01],
        [1.8738e-05],
        [2.5825e-03],
        [9.9979e-01],
        [7.5097e-04],
        [2.4568e-05],
        [2.8404e-04],
        [6.4406e-06],
        [2.3304e-02],
        [1.0000e+00]], grad_fn=<ToCopyBackward0>)
Epoch [47/100], T_AUC: [4m0.9943[0m
Epoch [47/100], Loss: 43.4207
val_Accuracy: [92m0.7198[0m
val_Precision: [4;34m0.5962[0m,               val_Recall: [4;33m0.5821[0m,                 val_F1 Score: [4;35m0.5757[0m
æ ‡ç­¾é‡Œ1çš„ä¸ªæ•°:  334
æ ‡ç­¾é‡Œ0çš„ä¸ªæ•°:  626
æ€»æ•°:  960
æ­£ç¡®çš„ä¸ªæ•°:  691
Epoch [47/100], V_AUC: [4m0.6878[0m
Epoch [48/100], Loss: 2.6611
train_Accuracy: [91m0.9916[0m
train_Precision: [4;34m0.9796[0m,               train_Recall: [4;33m0.9940[0m,                 train_F1 Score: [4;35m0.9860[0m
æ ‡ç­¾é‡Œ1çš„ä¸ªæ•°:  1069
æ ‡ç­¾é‡Œ0çš„ä¸ªæ•°:  2131
æ€»æ•°:  3200
æ­£ç¡®çš„ä¸ªæ•°:  3173
æœ€åä¸€ä¸ªæ‰¹æ¬¡çš„è¾“å‡º, ä¸æ»¡batchsizeæ˜¯æ­£å¸¸çš„:
 tensor([[9.9862e-01],
        [5.2065e-05],
        [6.9615e-06],
        [1.2110e-03],
        [8.8410e-03],
        [9.7458e-07],
        [1.0000e+00],
        [9.8966e-01],
        [9.7643e-01],
        [1.7097e-05],
        [8.5270e-03],
        [9.9986e-01],
        [2.9011e-07],
        [1.2848e-07],
        [1.8472e-02],
        [4.9172e-06],
        [4.2337e-04],
        [9.4084e-01],
        [9.9977e-01],
        [1.5349e-02],
        [2.9279e-07],
        [9.9801e-01],
        [9.9899e-01],
        [2.0088e-03],
        [8.5586e-05],
        [9.9964e-01],
        [3.1546e-04],
        [2.7756e-05],
        [2.1011e-04],
        [2.4155e-05],
        [7.2753e-03],
        [1.0000e+00]], grad_fn=<ToCopyBackward0>)
Epoch [48/100], T_AUC: [4m0.9927[0m
Epoch [48/100], Loss: 47.5434
val_Accuracy: [92m0.7406[0m
val_Precision: [4;34m0.6478[0m,               val_Recall: [4;33m0.5408[0m,                 val_F1 Score: [4;35m0.5758[0m
æ ‡ç­¾é‡Œ1çš„ä¸ªæ•°:  334
æ ‡ç­¾é‡Œ0çš„ä¸ªæ•°:  626
æ€»æ•°:  960
æ­£ç¡®çš„ä¸ªæ•°:  711
Epoch [48/100], V_AUC: [4m0.6929[0m
Epoch [49/100], Loss: 2.2216
train_Accuracy: [91m0.9938[0m
train_Precision: [4;34m0.9875[0m,               train_Recall: [4;33m0.9931[0m,                 train_F1 Score: [4;35m0.9898[0m
æ ‡ç­¾é‡Œ1çš„ä¸ªæ•°:  1069
æ ‡ç­¾é‡Œ0çš„ä¸ªæ•°:  2131
æ€»æ•°:  3200
æ­£ç¡®çš„ä¸ªæ•°:  3180
æœ€åä¸€ä¸ªæ‰¹æ¬¡çš„è¾“å‡º, ä¸æ»¡batchsizeæ˜¯æ­£å¸¸çš„:
 tensor([[9.7795e-01],
        [8.2635e-06],
        [1.7184e-06],
        [1.3297e-03],
        [5.9043e-02],
        [4.1243e-05],
        [1.0000e+00],
        [9.9697e-01],
        [8.4975e-01],
        [1.0495e-04],
        [3.5264e-03],
        [9.9999e-01],
        [1.3209e-07],
        [6.9819e-07],
        [5.3317e-02],
        [2.2760e-06],
        [2.7529e-05],
        [9.9600e-01],
        [9.9998e-01],
        [9.0991e-04],
        [2.7032e-04],
        [9.9705e-01],
        [9.9911e-01],
        [3.3796e-04],
        [3.5787e-04],
        [9.2677e-01],
        [5.4035e-05],
        [1.5584e-07],
        [1.2067e-01],
        [2.2815e-06],
        [1.0637e-03],
        [9.9999e-01]], grad_fn=<ToCopyBackward0>)
Epoch [49/100], T_AUC: [4m0.9942[0m
Epoch [49/100], Loss: 47.2383
val_Accuracy: [92m0.7354[0m
val_Precision: [4;34m0.6285[0m,               val_Recall: [4;33m0.5797[0m,                 val_F1 Score: [4;35m0.5891[0m
æ ‡ç­¾é‡Œ1çš„ä¸ªæ•°:  334
æ ‡ç­¾é‡Œ0çš„ä¸ªæ•°:  626
æ€»æ•°:  960
æ­£ç¡®çš„ä¸ªæ•°:  706
Epoch [49/100], V_AUC: [4m0.6980[0m
Epoch [50/100], Loss: 3.0165
train_Accuracy: [91m0.9884[0m
train_Precision: [4;34m0.9726[0m,               train_Recall: [4;33m0.9899[0m,                 train_F1 Score: [4;35m0.9799[0m
æ ‡ç­¾é‡Œ1çš„ä¸ªæ•°:  1069
æ ‡ç­¾é‡Œ0çš„ä¸ªæ•°:  2131
æ€»æ•°:  3200
æ­£ç¡®çš„ä¸ªæ•°:  3163
æœ€åä¸€ä¸ªæ‰¹æ¬¡çš„è¾“å‡º, ä¸æ»¡batchsizeæ˜¯æ­£å¸¸çš„:
 tensor([[9.5344e-01],
        [8.3358e-06],
        [2.7119e-05],
        [6.3109e-02],
        [1.7952e-03],
        [1.5993e-04],
        [1.0000e+00],
        [9.1736e-01],
        [9.9988e-01],
        [1.0918e-07],
        [4.3374e-01],
        [9.9999e-01],
        [1.3283e-07],
        [1.5303e-05],
        [6.7088e-03],
        [3.3066e-06],
        [5.3959e-05],
        [9.9772e-01],
        [9.8100e-01],
        [3.9015e-04],
        [2.8804e-05],
        [9.8108e-01],
        [9.3742e-01],
        [5.3822e-04],
        [6.8044e-05],
        [9.4901e-01],
        [4.6343e-05],
        [4.0381e-05],
        [2.1460e-03],
        [2.2841e-07],
        [2.3519e-01],
        [1.0000e+00]], grad_fn=<ToCopyBackward0>)
Epoch [50/100], T_AUC: [4m0.9894[0m
Epoch [50/100], Loss: 47.8479
val_Accuracy: [92m0.7135[0m
val_Precision: [4;34m0.5971[0m,               val_Recall: [4;33m0.5777[0m,                 val_F1 Score: [4;35m0.5694[0m
æ ‡ç­¾é‡Œ1çš„ä¸ªæ•°:  334
æ ‡ç­¾é‡Œ0çš„ä¸ªæ•°:  626
æ€»æ•°:  960
æ­£ç¡®çš„ä¸ªæ•°:  685
Epoch [50/100], V_AUC: [4m0.6852[0m
Epoch [51/100], Loss: 2.4425
train_Accuracy: [91m0.9906[0m
train_Precision: [4;34m0.9797[0m,               train_Recall: [4;33m0.9914[0m,                 train_F1 Score: [4;35m0.9847[0m
æ ‡ç­¾é‡Œ1çš„ä¸ªæ•°:  1069
æ ‡ç­¾é‡Œ0çš„ä¸ªæ•°:  2131
æ€»æ•°:  3200
æ­£ç¡®çš„ä¸ªæ•°:  3170
æœ€åä¸€ä¸ªæ‰¹æ¬¡çš„è¾“å‡º, ä¸æ»¡batchsizeæ˜¯æ­£å¸¸çš„:
 tensor([[9.9668e-01],
        [1.1974e-04],
        [1.2779e-04],
        [6.4885e-01],
        [1.0751e-04],
        [7.2872e-04],
        [1.0000e+00],
        [9.9538e-01],
        [9.9841e-01],
        [2.4916e-08],
        [2.2334e-03],
        [9.9993e-01],
        [1.4371e-06],
        [6.1025e-07],
        [4.3427e-04],
        [5.5743e-06],
        [8.4607e-03],
        [6.6012e-01],
        [9.9994e-01],
        [1.0160e-04],
        [7.4061e-08],
        [9.6467e-01],
        [9.9931e-01],
        [3.5885e-03],
        [3.5438e-04],
        [9.9580e-01],
        [1.1957e-03],
        [1.0421e-02],
        [8.2170e-04],
        [1.1885e-06],
        [1.8071e-07],
        [1.0000e+00]], grad_fn=<ToCopyBackward0>)
Epoch [51/100], T_AUC: [4m0.9916[0m
Epoch [51/100], Loss: 50.5431
val_Accuracy: [92m0.7427[0m
val_Precision: [4;34m0.6436[0m,               val_Recall: [4;33m0.5967[0m,                 val_F1 Score: [4;35m0.6015[0m
æ ‡ç­¾é‡Œ1çš„ä¸ªæ•°:  334
æ ‡ç­¾é‡Œ0çš„ä¸ªæ•°:  626
æ€»æ•°:  960
æ­£ç¡®çš„ä¸ªæ•°:  713
Epoch [51/100], V_AUC: [4m0.7097[0m
Epoch [52/100], Loss: 2.0998
train_Accuracy: [91m0.9944[0m
train_Precision: [4;34m0.9852[0m,               train_Recall: [4;33m0.9948[0m,                 train_F1 Score: [4;35m0.9892[0m
æ ‡ç­¾é‡Œ1çš„ä¸ªæ•°:  1069
æ ‡ç­¾é‡Œ0çš„ä¸ªæ•°:  2131
æ€»æ•°:  3200
æ­£ç¡®çš„ä¸ªæ•°:  3182
æœ€åä¸€ä¸ªæ‰¹æ¬¡çš„è¾“å‡º, ä¸æ»¡batchsizeæ˜¯æ­£å¸¸çš„:
 tensor([[9.9946e-01],
        [1.4869e-04],
        [1.1302e-05],
        [2.7872e-07],
        [7.9436e-04],
        [6.8894e-05],
        [1.0000e+00],
        [8.7274e-01],
        [9.9925e-01],
        [1.0265e-07],
        [1.7103e-02],
        [1.0000e+00],
        [6.3343e-08],
        [9.2349e-07],
        [2.8182e-02],
        [6.4126e-06],
        [9.5058e-03],
        [9.9994e-01],
        [9.9650e-01],
        [2.1794e-02],
        [6.0543e-05],
        [9.9034e-01],
        [9.9998e-01],
        [4.9101e-06],
        [8.1208e-03],
        [9.7794e-01],
        [7.4454e-05],
        [9.1912e-06],
        [6.2631e-03],
        [7.6144e-07],
        [6.9183e-09],
        [1.0000e+00]], grad_fn=<ToCopyBackward0>)
Epoch [52/100], T_AUC: [4m0.9950[0m
Epoch [52/100], Loss: 49.3717
val_Accuracy: [92m0.7479[0m
val_Precision: [4;34m0.6500[0m,               val_Recall: [4;33m0.6008[0m,                 val_F1 Score: [4;35m0.6110[0m
æ ‡ç­¾é‡Œ1çš„ä¸ªæ•°:  334
æ ‡ç­¾é‡Œ0çš„ä¸ªæ•°:  626
æ€»æ•°:  960
æ­£ç¡®çš„ä¸ªæ•°:  718
Epoch [52/100], V_AUC: [4m0.7131[0m
Epoch [53/100], Loss: 1.5960
train_Accuracy: [91m0.9944[0m
train_Precision: [4;34m0.9898[0m,               train_Recall: [4;33m0.9936[0m,                 train_F1 Score: [4;35m0.9912[0m
æ ‡ç­¾é‡Œ1çš„ä¸ªæ•°:  1069
æ ‡ç­¾é‡Œ0çš„ä¸ªæ•°:  2131
æ€»æ•°:  3200
æ­£ç¡®çš„ä¸ªæ•°:  3182
æœ€åä¸€ä¸ªæ‰¹æ¬¡çš„è¾“å‡º, ä¸æ»¡batchsizeæ˜¯æ­£å¸¸çš„:
 tensor([[9.9992e-01],
        [3.2213e-04],
        [1.0772e-07],
        [8.2607e-10],
        [1.2165e-02],
        [3.9663e-04],
        [9.9805e-01],
        [9.7433e-01],
        [9.9979e-01],
        [1.1716e-05],
        [8.1477e-04],
        [9.9999e-01],
        [6.0229e-08],
        [7.6206e-07],
        [1.0825e-01],
        [9.8720e-06],
        [7.7416e-04],
        [9.9901e-01],
        [9.9858e-01],
        [8.0130e-03],
        [2.2134e-06],
        [9.9331e-01],
        [9.9997e-01],
        [4.3553e-02],
        [1.7846e-04],
        [9.9883e-01],
        [3.0132e-04],
        [4.2348e-07],
        [1.5040e-03],
        [1.1718e-06],
        [8.8113e-07],
        [1.0000e+00]], grad_fn=<ToCopyBackward0>)
Epoch [53/100], T_AUC: [4m0.9946[0m
Epoch [53/100], Loss: 51.0775
val_Accuracy: [92m0.7344[0m
val_Precision: [4;34m0.6546[0m,               val_Recall: [4;33m0.5276[0m,                 val_F1 Score: [4;35m0.5652[0m
æ ‡ç­¾é‡Œ1çš„ä¸ªæ•°:  334
æ ‡ç­¾é‡Œ0çš„ä¸ªæ•°:  626
æ€»æ•°:  960
æ­£ç¡®çš„ä¸ªæ•°:  705
Epoch [53/100], V_AUC: [4m0.6845[0m
Epoch [54/100], Loss: 0.9532
train_Accuracy: [91m0.9978[0m
train_Precision: [4;34m0.9944[0m,               train_Recall: [4;33m0.9985[0m,                 train_F1 Score: [4;35m0.9962[0m
æ ‡ç­¾é‡Œ1çš„ä¸ªæ•°:  1069
æ ‡ç­¾é‡Œ0çš„ä¸ªæ•°:  2131
æ€»æ•°:  3200
æ­£ç¡®çš„ä¸ªæ•°:  3193
æœ€åä¸€ä¸ªæ‰¹æ¬¡çš„è¾“å‡º, ä¸æ»¡batchsizeæ˜¯æ­£å¸¸çš„:
 tensor([[9.9661e-01],
        [2.8944e-05],
        [7.0976e-08],
        [5.0940e-09],
        [5.5915e-02],
        [1.1351e-04],
        [9.9936e-01],
        [9.6897e-01],
        [9.9984e-01],
        [5.8590e-08],
        [7.0192e-03],
        [9.9980e-01],
        [8.2863e-08],
        [8.8067e-08],
        [3.7193e-02],
        [3.7870e-05],
        [1.9554e-04],
        [9.9992e-01],
        [9.9686e-01],
        [3.7018e-02],
        [5.3750e-06],
        [1.0000e+00],
        [9.9993e-01],
        [7.4759e-04],
        [3.0890e-04],
        [9.9891e-01],
        [6.9165e-04],
        [3.7628e-06],
        [1.8181e-04],
        [7.4612e-07],
        [2.4834e-07],
        [1.0000e+00]], grad_fn=<ToCopyBackward0>)
Epoch [54/100], T_AUC: [4m0.9982[0m
Epoch [54/100], Loss: 56.1552
val_Accuracy: [92m0.7531[0m
val_Precision: [4;34m0.6673[0m,               val_Recall: [4;33m0.5862[0m,                 val_F1 Score: [4;35m0.6079[0m
æ ‡ç­¾é‡Œ1çš„ä¸ªæ•°:  334
æ ‡ç­¾é‡Œ0çš„ä¸ªæ•°:  626
æ€»æ•°:  960
æ­£ç¡®çš„ä¸ªæ•°:  723
Epoch [54/100], V_AUC: [4m0.7140[0m
Epoch [55/100], Loss: 0.3529
train_Accuracy: [91m0.9991[0m
train_Precision: [4;34m0.9982[0m,               train_Recall: [4;33m0.9992[0m,                 train_F1 Score: [4;35m0.9986[0m
æ ‡ç­¾é‡Œ1çš„ä¸ªæ•°:  1069
æ ‡ç­¾é‡Œ0çš„ä¸ªæ•°:  2131
æ€»æ•°:  3200
æ­£ç¡®çš„ä¸ªæ•°:  3197
æœ€åä¸€ä¸ªæ‰¹æ¬¡çš„è¾“å‡º, ä¸æ»¡batchsizeæ˜¯æ­£å¸¸çš„:
 tensor([[9.9945e-01],
        [1.5177e-04],
        [4.0486e-07],
        [9.3439e-09],
        [4.6121e-03],
        [6.8256e-06],
        [9.9995e-01],
        [9.9497e-01],
        [9.9992e-01],
        [2.3835e-06],
        [3.0468e-02],
        [9.9991e-01],
        [4.9380e-08],
        [9.2416e-07],
        [1.5022e-03],
        [2.1884e-04],
        [5.3823e-05],
        [9.9996e-01],
        [9.4183e-01],
        [6.6617e-03],
        [1.1960e-06],
        [1.0000e+00],
        [9.9999e-01],
        [3.0394e-04],
        [1.9372e-04],
        [9.9976e-01],
        [7.6237e-07],
        [9.9002e-07],
        [6.6672e-04],
        [2.5115e-06],
        [1.3759e-08],
        [1.0000e+00]], grad_fn=<ToCopyBackward0>)
Epoch [55/100], T_AUC: [4m0.9991[0m
Epoch [55/100], Loss: 56.8629
val_Accuracy: [92m0.7500[0m
val_Precision: [4;34m0.6640[0m,               val_Recall: [4;33m0.5896[0m,                 val_F1 Score: [4;35m0.6049[0m
æ ‡ç­¾é‡Œ1çš„ä¸ªæ•°:  334
æ ‡ç­¾é‡Œ0çš„ä¸ªæ•°:  626
æ€»æ•°:  960
æ­£ç¡®çš„ä¸ªæ•°:  720
Epoch [55/100], V_AUC: [4m0.7138[0m
Epoch [56/100], Loss: 0.2157
train_Accuracy: [91m1.0000[0m
train_Precision: [4;34m1.0000[0m,               train_Recall: [4;33m1.0000[0m,                 train_F1 Score: [4;35m1.0000[0m
æ ‡ç­¾é‡Œ1çš„ä¸ªæ•°:  1069
æ ‡ç­¾é‡Œ0çš„ä¸ªæ•°:  2131
æ€»æ•°:  3200
æ­£ç¡®çš„ä¸ªæ•°:  3200
æœ€åä¸€ä¸ªæ‰¹æ¬¡çš„è¾“å‡º, ä¸æ»¡batchsizeæ˜¯æ­£å¸¸çš„:
 tensor([[9.9540e-01],
        [1.9209e-04],
        [2.8077e-07],
        [4.4272e-09],
        [1.7569e-04],
        [3.8651e-05],
        [9.9995e-01],
        [9.9645e-01],
        [9.9990e-01],
        [3.9232e-06],
        [1.9682e-03],
        [9.9991e-01],
        [3.9995e-08],
        [2.2205e-07],
        [7.9312e-03],
        [1.3285e-05],
        [1.0405e-04],
        [9.9995e-01],
        [9.9990e-01],
        [2.7998e-03],
        [9.3358e-07],
        [1.0000e+00],
        [1.0000e+00],
        [3.8156e-04],
        [3.0848e-04],
        [9.9936e-01],
        [5.5385e-06],
        [3.8553e-06],
        [2.3178e-04],
        [1.9754e-06],
        [2.1475e-08],
        [1.0000e+00]], grad_fn=<ToCopyBackward0>)
Epoch [56/100], T_AUC: [4m1.0000[0m
Epoch [56/100], Loss: 53.1182
val_Accuracy: [92m0.7521[0m
val_Precision: [4;34m0.6549[0m,               val_Recall: [4;33m0.6010[0m,                 val_F1 Score: [4;35m0.6095[0m
æ ‡ç­¾é‡Œ1çš„ä¸ªæ•°:  334
æ ‡ç­¾é‡Œ0çš„ä¸ªæ•°:  626
æ€»æ•°:  960
æ­£ç¡®çš„ä¸ªæ•°:  722
Epoch [56/100], V_AUC: [4m0.7173[0m
Epoch [57/100], Loss: 0.0765
train_Accuracy: [91m1.0000[0m
train_Precision: [4;34m1.0000[0m,               train_Recall: [4;33m1.0000[0m,                 train_F1 Score: [4;35m1.0000[0m
æ ‡ç­¾é‡Œ1çš„ä¸ªæ•°:  1069
æ ‡ç­¾é‡Œ0çš„ä¸ªæ•°:  2131
æ€»æ•°:  3200
æ­£ç¡®çš„ä¸ªæ•°:  3200
æœ€åä¸€ä¸ªæ‰¹æ¬¡çš„è¾“å‡º, ä¸æ»¡batchsizeæ˜¯æ­£å¸¸çš„:
 tensor([[9.9767e-01],
        [1.6850e-04],
        [5.4233e-07],
        [4.9445e-09],
        [9.9113e-05],
        [1.8552e-05],
        [9.9996e-01],
        [9.9503e-01],
        [9.9993e-01],
        [4.5627e-06],
        [1.6304e-03],
        [9.9994e-01],
        [4.7306e-08],
        [2.0688e-07],
        [3.6289e-03],
        [6.8550e-06],
        [1.1461e-04],
        [9.9996e-01],
        [9.9989e-01],
        [1.6001e-03],
        [1.0532e-06],
        [1.0000e+00],
        [9.9999e-01],
        [2.7453e-04],
        [1.4886e-04],
        [9.9957e-01],
        [6.9732e-06],
        [5.6577e-06],
        [1.6899e-04],
        [3.0308e-06],
        [1.5442e-08],
        [1.0000e+00]], grad_fn=<ToCopyBackward0>)
Epoch [57/100], T_AUC: [4m1.0000[0m
Epoch [57/100], Loss: 53.5050
val_Accuracy: [92m0.7490[0m
val_Precision: [4;34m0.6504[0m,               val_Recall: [4;33m0.5919[0m,                 val_F1 Score: [4;35m0.6024[0m
æ ‡ç­¾é‡Œ1çš„ä¸ªæ•°:  334
æ ‡ç­¾é‡Œ0çš„ä¸ªæ•°:  626
æ€»æ•°:  960
æ­£ç¡®çš„ä¸ªæ•°:  719
Epoch [57/100], V_AUC: [4m0.7123[0m
Epoch [58/100], Loss: 0.0496
train_Accuracy: [91m1.0000[0m
train_Precision: [4;34m1.0000[0m,               train_Recall: [4;33m1.0000[0m,                 train_F1 Score: [4;35m1.0000[0m
æ ‡ç­¾é‡Œ1çš„ä¸ªæ•°:  1069
æ ‡ç­¾é‡Œ0çš„ä¸ªæ•°:  2131
æ€»æ•°:  3200
æ­£ç¡®çš„ä¸ªæ•°:  3200
æœ€åä¸€ä¸ªæ‰¹æ¬¡çš„è¾“å‡º, ä¸æ»¡batchsizeæ˜¯æ­£å¸¸çš„:
 tensor([[9.9826e-01],
        [1.5660e-04],
        [5.5550e-07],
        [4.5130e-09],
        [8.2763e-05],
        [1.2861e-05],
        [9.9997e-01],
        [9.9575e-01],
        [9.9995e-01],
        [4.2090e-06],
        [1.4086e-03],
        [9.9994e-01],
        [4.0770e-08],
        [1.7598e-07],
        [2.8210e-03],
        [7.7727e-06],
        [1.1815e-04],
        [9.9997e-01],
        [9.9990e-01],
        [1.2453e-03],
        [1.0746e-06],
        [1.0000e+00],
        [9.9999e-01],
        [2.8650e-04],
        [1.3833e-04],
        [9.9964e-01],
        [7.9308e-06],
        [5.0471e-06],
        [1.3769e-04],
        [2.7297e-06],
        [1.5164e-08],
        [1.0000e+00]], grad_fn=<ToCopyBackward0>)
Epoch [58/100], T_AUC: [4m1.0000[0m
Epoch [58/100], Loss: 53.7318
val_Accuracy: [92m0.7500[0m
val_Precision: [4;34m0.6532[0m,               val_Recall: [4;33m0.5919[0m,                 val_F1 Score: [4;35m0.6036[0m
æ ‡ç­¾é‡Œ1çš„ä¸ªæ•°:  334
æ ‡ç­¾é‡Œ0çš„ä¸ªæ•°:  626
æ€»æ•°:  960
æ­£ç¡®çš„ä¸ªæ•°:  720
Epoch [58/100], V_AUC: [4m0.7130[0m
Epoch [59/100], Loss: 0.0423
train_Accuracy: [91m1.0000[0m
train_Precision: [4;34m1.0000[0m,               train_Recall: [4;33m1.0000[0m,                 train_F1 Score: [4;35m1.0000[0m
æ ‡ç­¾é‡Œ1çš„ä¸ªæ•°:  1069
æ ‡ç­¾é‡Œ0çš„ä¸ªæ•°:  2131
æ€»æ•°:  3200
æ­£ç¡®çš„ä¸ªæ•°:  3200
æœ€åä¸€ä¸ªæ‰¹æ¬¡çš„è¾“å‡º, ä¸æ»¡batchsizeæ˜¯æ­£å¸¸çš„:
 tensor([[9.9861e-01],
        [1.4782e-04],
        [5.7555e-07],
        [4.3198e-09],
        [6.9101e-05],
        [9.4964e-06],
        [9.9997e-01],
        [9.9627e-01],
        [9.9996e-01],
        [4.1105e-06],
        [1.2342e-03],
        [9.9994e-01],
        [3.5351e-08],
        [1.5440e-07],
        [2.3866e-03],
        [8.0886e-06],
        [1.1527e-04],
        [9.9998e-01],
        [9.9991e-01],
        [1.0313e-03],
        [1.0672e-06],
        [1.0000e+00],
        [9.9999e-01],
        [2.9636e-04],
        [1.2138e-04],
        [9.9969e-01],
        [8.0509e-06],
        [4.7175e-06],
        [1.1052e-04],
        [2.5641e-06],
        [1.5152e-08],
        [1.0000e+00]], grad_fn=<ToCopyBackward0>)
Epoch [59/100], T_AUC: [4m1.0000[0m
Epoch [59/100], Loss: 59.2092
val_Accuracy: [92m0.7510[0m
val_Precision: [4;34m0.6568[0m,               val_Recall: [4;33m0.5919[0m,                 val_F1 Score: [4;35m0.6049[0m
æ ‡ç­¾é‡Œ1çš„ä¸ªæ•°:  334
æ ‡ç­¾é‡Œ0çš„ä¸ªæ•°:  626
æ€»æ•°:  960
æ­£ç¡®çš„ä¸ªæ•°:  721
Epoch [59/100], V_AUC: [4m0.7138[0m
Epoch [60/100], Loss: 0.0373
train_Accuracy: [91m1.0000[0m
train_Precision: [4;34m1.0000[0m,               train_Recall: [4;33m1.0000[0m,                 train_F1 Score: [4;35m1.0000[0m
æ ‡ç­¾é‡Œ1çš„ä¸ªæ•°:  1069
æ ‡ç­¾é‡Œ0çš„ä¸ªæ•°:  2131
æ€»æ•°:  3200
æ­£ç¡®çš„ä¸ªæ•°:  3200
æœ€åä¸€ä¸ªæ‰¹æ¬¡çš„è¾“å‡º, ä¸æ»¡batchsizeæ˜¯æ­£å¸¸çš„:
 tensor([[9.9886e-01],
        [1.4026e-04],
        [5.9005e-07],
        [4.2045e-09],
        [5.8641e-05],
        [7.3860e-06],
        [9.9997e-01],
        [9.9670e-01],
        [9.9997e-01],
        [4.0269e-06],
        [1.0916e-03],
        [9.9995e-01],
        [3.1152e-08],
        [1.3618e-07],
        [2.0924e-03],
        [8.2105e-06],
        [1.1045e-04],
        [9.9998e-01],
        [9.9991e-01],
        [8.9011e-04],
        [1.0428e-06],
        [1.0000e+00],
        [1.0000e+00],
        [3.0340e-04],
        [1.0548e-04],
        [9.9973e-01],
        [7.9727e-06],
        [4.4049e-06],
        [8.9622e-05],
        [2.4501e-06],
        [1.5328e-08],
        [1.0000e+00]], grad_fn=<ToCopyBackward0>)
Epoch [60/100], T_AUC: [4m1.0000[0m
Epoch [60/100], Loss: 59.4368
val_Accuracy: [92m0.7510[0m
val_Precision: [4;34m0.6580[0m,               val_Recall: [4;33m0.5936[0m,                 val_F1 Score: [4;35m0.6061[0m
æ ‡ç­¾é‡Œ1çš„ä¸ªæ•°:  334
æ ‡ç­¾é‡Œ0çš„ä¸ªæ•°:  626
æ€»æ•°:  960
æ­£ç¡®çš„ä¸ªæ•°:  721
Epoch [60/100], V_AUC: [4m0.7146[0m
Epoch [61/100], Loss: 0.0335
train_Accuracy: [91m1.0000[0m
train_Precision: [4;34m1.0000[0m,               train_Recall: [4;33m1.0000[0m,                 train_F1 Score: [4;35m1.0000[0m
æ ‡ç­¾é‡Œ1çš„ä¸ªæ•°:  1069
æ ‡ç­¾é‡Œ0çš„ä¸ªæ•°:  2131
æ€»æ•°:  3200
æ­£ç¡®çš„ä¸ªæ•°:  3200
æœ€åä¸€ä¸ªæ‰¹æ¬¡çš„è¾“å‡º, ä¸æ»¡batchsizeæ˜¯æ­£å¸¸çš„:
 tensor([[9.9902e-01],
        [1.3351e-04],
        [6.0465e-07],
        [4.0917e-09],
        [5.0960e-05],
        [5.9744e-06],
        [9.9998e-01],
        [9.9703e-01],
        [9.9997e-01],
        [3.9662e-06],
        [9.8119e-04],
        [9.9995e-01],
        [2.7733e-08],
        [1.2117e-07],
        [1.8875e-03],
        [8.1963e-06],
        [1.0562e-04],
        [9.9998e-01],
        [9.9992e-01],
        [7.8312e-04],
        [1.0019e-06],
        [1.0000e+00],
        [1.0000e+00],
        [3.1179e-04],
        [9.2962e-05],
        [9.9976e-01],
        [7.7416e-06],
        [4.0732e-06],
        [7.3382e-05],
        [2.3400e-06],
        [1.5585e-08],
        [1.0000e+00]], grad_fn=<ToCopyBackward0>)
Epoch [61/100], T_AUC: [4m1.0000[0m
Epoch [61/100], Loss: 59.6384
val_Accuracy: [92m0.7521[0m
val_Precision: [4;34m0.6593[0m,               val_Recall: [4;33m0.5963[0m,                 val_F1 Score: [4;35m0.6075[0m
æ ‡ç­¾é‡Œ1çš„ä¸ªæ•°:  334
æ ‡ç­¾é‡Œ0çš„ä¸ªæ•°:  626
æ€»æ•°:  960
æ­£ç¡®çš„ä¸ªæ•°:  722
Epoch [61/100], V_AUC: [4m0.7161[0m
Epoch [62/100], Loss: 0.0304
train_Accuracy: [91m1.0000[0m
train_Precision: [4;34m1.0000[0m,               train_Recall: [4;33m1.0000[0m,                 train_F1 Score: [4;35m1.0000[0m
æ ‡ç­¾é‡Œ1çš„ä¸ªæ•°:  1069
æ ‡ç­¾é‡Œ0çš„ä¸ªæ•°:  2131
æ€»æ•°:  3200
æ­£ç¡®çš„ä¸ªæ•°:  3200
æœ€åä¸€ä¸ªæ‰¹æ¬¡çš„è¾“å‡º, ä¸æ»¡batchsizeæ˜¯æ­£å¸¸çš„:
 tensor([[9.9913e-01],
        [1.2942e-04],
        [6.2066e-07],
        [3.9429e-09],
        [4.4307e-05],
        [4.9007e-06],
        [9.9998e-01],
        [9.9731e-01],
        [9.9998e-01],
        [3.8966e-06],
        [8.8547e-04],
        [9.9995e-01],
        [2.4863e-08],
        [1.0856e-07],
        [1.7342e-03],
        [8.1246e-06],
        [1.0065e-04],
        [9.9999e-01],
        [9.9992e-01],
        [6.9647e-04],
        [9.5974e-07],
        [1.0000e+00],
        [1.0000e+00],
        [3.2118e-04],
        [8.1614e-05],
        [9.9979e-01],
        [7.4105e-06],
        [3.7785e-06],
        [6.0024e-05],
        [2.2702e-06],
        [1.5835e-08],
        [1.0000e+00]], grad_fn=<ToCopyBackward0>)
Epoch [62/100], T_AUC: [4m1.0000[0m
Epoch [62/100], Loss: 59.8508
val_Accuracy: [92m0.7521[0m
val_Precision: [4;34m0.6593[0m,               val_Recall: [4;33m0.5963[0m,                 val_F1 Score: [4;35m0.6075[0m
æ ‡ç­¾é‡Œ1çš„ä¸ªæ•°:  334
æ ‡ç­¾é‡Œ0çš„ä¸ªæ•°:  626
æ€»æ•°:  960
æ­£ç¡®çš„ä¸ªæ•°:  722
Epoch [62/100], V_AUC: [4m0.7161[0m
Epoch [63/100], Loss: 0.0279
train_Accuracy: [91m1.0000[0m
train_Precision: [4;34m1.0000[0m,               train_Recall: [4;33m1.0000[0m,                 train_F1 Score: [4;35m1.0000[0m
æ ‡ç­¾é‡Œ1çš„ä¸ªæ•°:  1069
æ ‡ç­¾é‡Œ0çš„ä¸ªæ•°:  2131
æ€»æ•°:  3200
æ­£ç¡®çš„ä¸ªæ•°:  3200
æœ€åä¸€ä¸ªæ‰¹æ¬¡çš„è¾“å‡º, ä¸æ»¡batchsizeæ˜¯æ­£å¸¸çš„:
 tensor([[9.9921e-01],
        [1.2525e-04],
        [6.4020e-07],
        [3.8113e-09],
        [3.8928e-05],
        [4.0756e-06],
        [9.9998e-01],
        [9.9759e-01],
        [9.9998e-01],
        [3.8685e-06],
        [8.0650e-04],
        [9.9996e-01],
        [2.2392e-08],
        [9.7873e-08],
        [1.6157e-03],
        [8.0367e-06],
        [9.6035e-05],
        [9.9999e-01],
        [9.9992e-01],
        [6.1850e-04],
        [9.1131e-07],
        [1.0000e+00],
        [1.0000e+00],
        [3.2809e-04],
        [7.2258e-05],
        [9.9981e-01],
        [7.0163e-06],
        [3.4958e-06],
        [4.9259e-05],
        [2.2188e-06],
        [1.6147e-08],
        [1.0000e+00]], grad_fn=<ToCopyBackward0>)
Epoch [63/100], T_AUC: [4m1.0000[0m
Epoch [63/100], Loss: 60.0513
val_Accuracy: [92m0.7510[0m
val_Precision: [4;34m0.6560[0m,               val_Recall: [4;33m0.5963[0m,                 val_F1 Score: [4;35m0.6062[0m
æ ‡ç­¾é‡Œ1çš„ä¸ªæ•°:  334
æ ‡ç­¾é‡Œ0çš„ä¸ªæ•°:  626
æ€»æ•°:  960
æ­£ç¡®çš„ä¸ªæ•°:  721
Epoch [63/100], V_AUC: [4m0.7154[0m
Epoch [64/100], Loss: 0.0257
train_Accuracy: [91m1.0000[0m
train_Precision: [4;34m1.0000[0m,               train_Recall: [4;33m1.0000[0m,                 train_F1 Score: [4;35m1.0000[0m
æ ‡ç­¾é‡Œ1çš„ä¸ªæ•°:  1069
æ ‡ç­¾é‡Œ0çš„ä¸ªæ•°:  2131
æ€»æ•°:  3200
æ­£ç¡®çš„ä¸ªæ•°:  3200
æœ€åä¸€ä¸ªæ‰¹æ¬¡çš„è¾“å‡º, ä¸æ»¡batchsizeæ˜¯æ­£å¸¸çš„:
 tensor([[9.9929e-01],
        [1.2131e-04],
        [6.6501e-07],
        [3.6881e-09],
        [3.4363e-05],
        [3.3787e-06],
        [9.9998e-01],
        [9.9782e-01],
        [9.9998e-01],
        [3.8350e-06],
        [7.3638e-04],
        [9.9996e-01],
        [2.0305e-08],
        [8.8207e-08],
        [1.5098e-03],
        [7.9186e-06],
        [9.1705e-05],
        [9.9999e-01],
        [9.9993e-01],
        [5.5238e-04],
        [8.5645e-07],
        [1.0000e+00],
        [1.0000e+00],
        [3.3870e-04],
        [6.3797e-05],
        [9.9983e-01],
        [6.6743e-06],
        [3.1928e-06],
        [4.0415e-05],
        [2.1664e-06],
        [1.6558e-08],
        [1.0000e+00]], grad_fn=<ToCopyBackward0>)
Epoch [64/100], T_AUC: [4m1.0000[0m
Epoch [64/100], Loss: 62.8738
val_Accuracy: [92m0.7510[0m
val_Precision: [4;34m0.6560[0m,               val_Recall: [4;33m0.5963[0m,                 val_F1 Score: [4;35m0.6062[0m
æ ‡ç­¾é‡Œ1çš„ä¸ªæ•°:  334
æ ‡ç­¾é‡Œ0çš„ä¸ªæ•°:  626
æ€»æ•°:  960
æ­£ç¡®çš„ä¸ªæ•°:  721
Epoch [64/100], V_AUC: [4m0.7154[0m
Epoch [65/100], Loss: 0.0239
train_Accuracy: [91m1.0000[0m
train_Precision: [4;34m1.0000[0m,               train_Recall: [4;33m1.0000[0m,                 train_F1 Score: [4;35m1.0000[0m
æ ‡ç­¾é‡Œ1çš„ä¸ªæ•°:  1069
æ ‡ç­¾é‡Œ0çš„ä¸ªæ•°:  2131
æ€»æ•°:  3200
æ­£ç¡®çš„ä¸ªæ•°:  3200
æœ€åä¸€ä¸ªæ‰¹æ¬¡çš„è¾“å‡º, ä¸æ»¡batchsizeæ˜¯æ­£å¸¸çš„:
 tensor([[9.9934e-01],
        [1.1782e-04],
        [6.8511e-07],
        [3.5532e-09],
        [3.0502e-05],
        [2.8254e-06],
        [9.9999e-01],
        [9.9801e-01],
        [9.9999e-01],
        [3.8328e-06],
        [6.7694e-04],
        [9.9996e-01],
        [1.8475e-08],
        [7.9694e-08],
        [1.4267e-03],
        [7.8065e-06],
        [8.8466e-05],
        [9.9999e-01],
        [9.9993e-01],
        [4.9986e-04],
        [8.1103e-07],
        [1.0000e+00],
        [1.0000e+00],
        [3.5049e-04],
        [5.7485e-05],
        [9.9984e-01],
        [6.2497e-06],
        [2.8835e-06],
        [3.3025e-05],
        [2.1222e-06],
        [1.6939e-08],
        [1.0000e+00]], grad_fn=<ToCopyBackward0>)
Epoch [65/100], T_AUC: [4m1.0000[0m
Epoch [65/100], Loss: 63.0749
val_Accuracy: [92m0.7510[0m
val_Precision: [4;34m0.6571[0m,               val_Recall: [4;33m0.5945[0m,                 val_F1 Score: [4;35m0.6057[0m
æ ‡ç­¾é‡Œ1çš„ä¸ªæ•°:  334
æ ‡ç­¾é‡Œ0çš„ä¸ªæ•°:  626
æ€»æ•°:  960
æ­£ç¡®çš„ä¸ªæ•°:  721
Epoch [65/100], V_AUC: [4m0.7152[0m
Epoch [66/100], Loss: 0.0222
train_Accuracy: [91m1.0000[0m
train_Precision: [4;34m1.0000[0m,               train_Recall: [4;33m1.0000[0m,                 train_F1 Score: [4;35m1.0000[0m
æ ‡ç­¾é‡Œ1çš„ä¸ªæ•°:  1069
æ ‡ç­¾é‡Œ0çš„ä¸ªæ•°:  2131
æ€»æ•°:  3200
æ­£ç¡®çš„ä¸ªæ•°:  3200
æœ€åä¸€ä¸ªæ‰¹æ¬¡çš„è¾“å‡º, ä¸æ»¡batchsizeæ˜¯æ­£å¸¸çš„:
 tensor([[9.9939e-01],
        [1.1550e-04],
        [7.0102e-07],
        [3.4310e-09],
        [2.7072e-05],
        [2.3932e-06],
        [9.9999e-01],
        [9.9812e-01],
        [9.9999e-01],
        [3.8455e-06],
        [6.1281e-04],
        [9.9997e-01],
        [1.6730e-08],
        [7.2299e-08],
        [1.3529e-03],
        [7.7162e-06],
        [8.5075e-05],
        [9.9999e-01],
        [9.9993e-01],
        [4.5740e-04],
        [7.6228e-07],
        [1.0000e+00],
        [1.0000e+00],
        [3.6247e-04],
        [5.1284e-05],
        [9.9986e-01],
        [5.7535e-06],
        [2.6444e-06],
        [2.7400e-05],
        [2.1173e-06],
        [1.7512e-08],
        [1.0000e+00]], grad_fn=<ToCopyBackward0>)
Epoch [66/100], T_AUC: [4m1.0000[0m
Epoch [66/100], Loss: 65.9024
val_Accuracy: [92m0.7521[0m
val_Precision: [4;34m0.6576[0m,               val_Recall: [4;33m0.5969[0m,                 val_F1 Score: [4;35m0.6077[0m
æ ‡ç­¾é‡Œ1çš„ä¸ªæ•°:  334
æ ‡ç­¾é‡Œ0çš„ä¸ªæ•°:  626
æ€»æ•°:  960
æ­£ç¡®çš„ä¸ªæ•°:  722
Epoch [66/100], V_AUC: [4m0.7164[0m
Epoch [67/100], Loss: 0.0208
train_Accuracy: [91m1.0000[0m
train_Precision: [4;34m1.0000[0m,               train_Recall: [4;33m1.0000[0m,                 train_F1 Score: [4;35m1.0000[0m
æ ‡ç­¾é‡Œ1çš„ä¸ªæ•°:  1069
æ ‡ç­¾é‡Œ0çš„ä¸ªæ•°:  2131
æ€»æ•°:  3200
æ­£ç¡®çš„ä¸ªæ•°:  3200
æœ€åä¸€ä¸ªæ‰¹æ¬¡çš„è¾“å‡º, ä¸æ»¡batchsizeæ˜¯æ­£å¸¸çš„:
 tensor([[9.9943e-01],
        [1.1366e-04],
        [7.1266e-07],
        [3.2915e-09],
        [2.4024e-05],
        [2.0830e-06],
        [9.9999e-01],
        [9.9823e-01],
        [9.9999e-01],
        [3.8733e-06],
        [5.5726e-04],
        [9.9997e-01],
        [1.5165e-08],
        [6.5449e-08],
        [1.2874e-03],
        [7.5972e-06],
        [8.2691e-05],
        [1.0000e+00],
        [9.9994e-01],
        [4.2306e-04],
        [7.2052e-07],
        [1.0000e+00],
        [1.0000e+00],
        [3.7401e-04],
        [4.5839e-05],
        [9.9987e-01],
        [5.3280e-06],
        [2.4195e-06],
        [2.2914e-05],
        [2.1038e-06],
        [1.7950e-08],
        [1.0000e+00]], grad_fn=<ToCopyBackward0>)
Epoch [67/100], T_AUC: [4m1.0000[0m
Epoch [67/100], Loss: 66.1099
val_Accuracy: [92m0.7521[0m
val_Precision: [4;34m0.6594[0m,               val_Recall: [4;33m0.5935[0m,                 val_F1 Score: [4;35m0.6067[0m
æ ‡ç­¾é‡Œ1çš„ä¸ªæ•°:  334
æ ‡ç­¾é‡Œ0çš„ä¸ªæ•°:  626
æ€»æ•°:  960
æ­£ç¡®çš„ä¸ªæ•°:  722
Epoch [67/100], V_AUC: [4m0.7157[0m
Epoch [68/100], Loss: 0.0196
train_Accuracy: [91m1.0000[0m
train_Precision: [4;34m1.0000[0m,               train_Recall: [4;33m1.0000[0m,                 train_F1 Score: [4;35m1.0000[0m
æ ‡ç­¾é‡Œ1çš„ä¸ªæ•°:  1069
æ ‡ç­¾é‡Œ0çš„ä¸ªæ•°:  2131
æ€»æ•°:  3200
æ­£ç¡®çš„ä¸ªæ•°:  3200
æœ€åä¸€ä¸ªæ‰¹æ¬¡çš„è¾“å‡º, ä¸æ»¡batchsizeæ˜¯æ­£å¸¸çš„:
 tensor([[9.9948e-01],
        [1.1167e-04],
        [7.2840e-07],
        [3.1393e-09],
        [2.1210e-05],
        [1.8784e-06],
        [9.9999e-01],
        [9.9831e-01],
        [9.9999e-01],
        [3.8748e-06],
        [5.0430e-04],
        [9.9997e-01],
        [1.3541e-08],
        [5.9248e-08],
        [1.2222e-03],
        [7.4154e-06],
        [8.0310e-05],
        [1.0000e+00],
        [9.9994e-01],
        [3.9507e-04],
        [6.8382e-07],
        [1.0000e+00],
        [1.0000e+00],
        [3.8221e-04],
        [4.0034e-05],
        [9.9988e-01],
        [4.9324e-06],
        [2.2851e-06],
        [1.9155e-05],
        [2.1262e-06],
        [1.8543e-08],
        [1.0000e+00]], grad_fn=<ToCopyBackward0>)
Epoch [68/100], T_AUC: [4m1.0000[0m
Epoch [68/100], Loss: 66.3202
val_Accuracy: [92m0.7510[0m
val_Precision: [4;34m0.6559[0m,               val_Recall: [4;33m0.5935[0m,                 val_F1 Score: [4;35m0.6053[0m
æ ‡ç­¾é‡Œ1çš„ä¸ªæ•°:  334
æ ‡ç­¾é‡Œ0çš„ä¸ªæ•°:  626
æ€»æ•°:  960
æ­£ç¡®çš„ä¸ªæ•°:  721
Epoch [68/100], V_AUC: [4m0.7149[0m
Epoch [69/100], Loss: 0.0184
train_Accuracy: [91m1.0000[0m
train_Precision: [4;34m1.0000[0m,               train_Recall: [4;33m1.0000[0m,                 train_F1 Score: [4;35m1.0000[0m
æ ‡ç­¾é‡Œ1çš„ä¸ªæ•°:  1069
æ ‡ç­¾é‡Œ0çš„ä¸ªæ•°:  2131
æ€»æ•°:  3200
æ­£ç¡®çš„ä¸ªæ•°:  3200
æœ€åä¸€ä¸ªæ‰¹æ¬¡çš„è¾“å‡º, ä¸æ»¡batchsizeæ˜¯æ­£å¸¸çš„:
 tensor([[9.9951e-01],
        [1.1009e-04],
        [7.3997e-07],
        [2.9887e-09],
        [1.8587e-05],
        [1.6904e-06],
        [9.9999e-01],
        [9.9839e-01],
        [9.9999e-01],
        [3.8854e-06],
        [4.5641e-04],
        [9.9997e-01],
        [1.2178e-08],
        [5.3976e-08],
        [1.1741e-03],
        [7.3014e-06],
        [7.7985e-05],
        [1.0000e+00],
        [9.9994e-01],
        [3.6327e-04],
        [6.4503e-07],
        [1.0000e+00],
        [1.0000e+00],
        [3.9063e-04],
        [3.5245e-05],
        [9.9989e-01],
        [4.5529e-06],
        [2.1283e-06],
        [1.6193e-05],
        [2.1384e-06],
        [1.9105e-08],
        [1.0000e+00]], grad_fn=<ToCopyBackward0>)
Epoch [69/100], T_AUC: [4m1.0000[0m
Epoch [69/100], Loss: 66.5277
val_Accuracy: [92m0.7521[0m
val_Precision: [4;34m0.6566[0m,               val_Recall: [4;33m0.5969[0m,                 val_F1 Score: [4;35m0.6072[0m
æ ‡ç­¾é‡Œ1çš„ä¸ªæ•°:  334
æ ‡ç­¾é‡Œ0çš„ä¸ªæ•°:  626
æ€»æ•°:  960
æ­£ç¡®çš„ä¸ªæ•°:  722
