2024-06-25-14:14:33
1æ’åº128-0.5
åˆ›å»ºæ¨¡å‹å®ä¾‹
æ¨¡å‹å®ä¾‹åˆ›å»ºå®Œæˆ
åŠ è½½é¢„è®­ç»ƒå‚æ•°
é¢„è®­ç»ƒå‚æ•°åŠ è½½å®Œæˆ
Epoch [1/100], Loss: 60.1767
train_Accuracy: [91m0.8063[0m
train_Precision: [4;34m0.8294[0m,               train_Recall: [4;33m0.7794[0m,                 train_F1 Score: [4;35m0.7982[0m
æ ‡ç­¾é‡Œ1çš„ä¸ªæ•°:  2150
æ ‡ç­¾é‡Œ0çš„ä¸ªæ•°:  2150
æ€»æ•°:  4300
æ­£ç¡®çš„ä¸ªæ•°:  3467
æœ€åä¸€ä¸ªæ‰¹æ¬¡çš„è¾“å‡º, ä¸æ»¡batchsizeæ˜¯æ­£å¸¸çš„:
 tensor([[0.9329],
        [0.8580],
        [0.9748],
        [0.1575],
        [0.7596],
        [0.1621],
        [0.5859],
        [0.2985],
        [0.4335],
        [0.9193],
        [0.0274],
        [0.0498]], device='cuda:0', grad_fn=<SigmoidBackward0>)
Epoch [1/100], T_AUC: [4m0.8115[0m
Epoch [1/100], Loss: 13.8108
val_Accuracy: [92m0.8012[0m
val_Precision: [4;34m0.8318[0m,               val_Recall: [4;33m0.7482[0m,                 val_F1 Score: [4;35m0.7832[0m
æ ‡ç­¾é‡Œ1çš„ä¸ªæ•°:  430
æ ‡ç­¾é‡Œ0çš„ä¸ªæ•°:  430
æ€»æ•°:  860
æ­£ç¡®çš„ä¸ªæ•°:  689
Epoch [1/100], V_AUC: [4m0.7981[0m
Epoch [2/100], Loss: 58.8727
train_Accuracy: [91m0.8107[0m
train_Precision: [4;34m0.8366[0m,               train_Recall: [4;33m0.7818[0m,                 train_F1 Score: [4;35m0.8030[0m
æ ‡ç­¾é‡Œ1çš„ä¸ªæ•°:  2150
æ ‡ç­¾é‡Œ0çš„ä¸ªæ•°:  2150
æ€»æ•°:  4300
æ­£ç¡®çš„ä¸ªæ•°:  3486
æœ€åä¸€ä¸ªæ‰¹æ¬¡çš„è¾“å‡º, ä¸æ»¡batchsizeæ˜¯æ­£å¸¸çš„:
 tensor([[0.9266],
        [0.8656],
        [0.9757],
        [0.1592],
        [0.7342],
        [0.1581],
        [0.5833],
        [0.3134],
        [0.4761],
        [0.9040],
        [0.0276],
        [0.0557]], device='cuda:0', grad_fn=<SigmoidBackward0>)
Epoch [2/100], T_AUC: [4m0.8167[0m
Epoch [2/100], Loss: 13.7592
val_Accuracy: [92m0.7977[0m
val_Precision: [4;34m0.8229[0m,               val_Recall: [4;33m0.7502[0m,                 val_F1 Score: [4;35m0.7804[0m
æ ‡ç­¾é‡Œ1çš„ä¸ªæ•°:  430
æ ‡ç­¾é‡Œ0çš„ä¸ªæ•°:  430
æ€»æ•°:  860
æ­£ç¡®çš„ä¸ªæ•°:  686
Epoch [2/100], V_AUC: [4m0.7950[0m
Epoch [3/100], Loss: 58.6145
train_Accuracy: [91m0.8102[0m
train_Precision: [4;34m0.8358[0m,               train_Recall: [4;33m0.7842[0m,                 train_F1 Score: [4;35m0.8036[0m
æ ‡ç­¾é‡Œ1çš„ä¸ªæ•°:  2150
æ ‡ç­¾é‡Œ0çš„ä¸ªæ•°:  2150
æ€»æ•°:  4300
æ­£ç¡®çš„ä¸ªæ•°:  3484
æœ€åä¸€ä¸ªæ‰¹æ¬¡çš„è¾“å‡º, ä¸æ»¡batchsizeæ˜¯æ­£å¸¸çš„:
 tensor([[0.9170],
        [0.8512],
        [0.9780],
        [0.1564],
        [0.7423],
        [0.1538],
        [0.5339],
        [0.3540],
        [0.5322],
        [0.8920],
        [0.0295],
        [0.0641]], device='cuda:0', grad_fn=<SigmoidBackward0>)
Epoch [3/100], T_AUC: [4m0.8168[0m
Epoch [3/100], Loss: 13.7070
val_Accuracy: [92m0.8023[0m
val_Precision: [4;34m0.8352[0m,               val_Recall: [4;33m0.7455[0m,                 val_F1 Score: [4;35m0.7838[0m
æ ‡ç­¾é‡Œ1çš„ä¸ªæ•°:  430
æ ‡ç­¾é‡Œ0çš„ä¸ªæ•°:  430
æ€»æ•°:  860
æ­£ç¡®çš„ä¸ªæ•°:  690
Epoch [3/100], V_AUC: [4m0.7988[0m
Epoch [4/100], Loss: 58.4082
train_Accuracy: [91m0.8112[0m
train_Precision: [4;34m0.8367[0m,               train_Recall: [4;33m0.7835[0m,                 train_F1 Score: [4;35m0.8038[0m
æ ‡ç­¾é‡Œ1çš„ä¸ªæ•°:  2150
æ ‡ç­¾é‡Œ0çš„ä¸ªæ•°:  2150
æ€»æ•°:  4300
æ­£ç¡®çš„ä¸ªæ•°:  3488
æœ€åä¸€ä¸ªæ‰¹æ¬¡çš„è¾“å‡º, ä¸æ»¡batchsizeæ˜¯æ­£å¸¸çš„:
 tensor([[0.9283],
        [0.8645],
        [0.9698],
        [0.1602],
        [0.7774],
        [0.1580],
        [0.5452],
        [0.3137],
        [0.4841],
        [0.9148],
        [0.0282],
        [0.0613]], device='cuda:0', grad_fn=<SigmoidBackward0>)
Epoch [4/100], T_AUC: [4m0.8174[0m
Epoch [4/100], Loss: 13.6370
val_Accuracy: [92m0.8058[0m
val_Precision: [4;34m0.8388[0m,               val_Recall: [4;33m0.7501[0m,                 val_F1 Score: [4;35m0.7872[0m
æ ‡ç­¾é‡Œ1çš„ä¸ªæ•°:  430
æ ‡ç­¾é‡Œ0çš„ä¸ªæ•°:  430
æ€»æ•°:  860
æ­£ç¡®çš„ä¸ªæ•°:  693
Epoch [4/100], V_AUC: [4m0.8028[0m
Epoch [5/100], Loss: 58.2053
train_Accuracy: [91m0.8112[0m
train_Precision: [4;34m0.8355[0m,               train_Recall: [4;33m0.7856[0m,                 train_F1 Score: [4;35m0.8044[0m
æ ‡ç­¾é‡Œ1çš„ä¸ªæ•°:  2150
æ ‡ç­¾é‡Œ0çš„ä¸ªæ•°:  2150
æ€»æ•°:  4300
æ­£ç¡®çš„ä¸ªæ•°:  3488
æœ€åä¸€ä¸ªæ‰¹æ¬¡çš„è¾“å‡º, ä¸æ»¡batchsizeæ˜¯æ­£å¸¸çš„:
 tensor([[0.9165],
        [0.8490],
        [0.9726],
        [0.1537],
        [0.7698],
        [0.1468],
        [0.5132],
        [0.3529],
        [0.5398],
        [0.9072],
        [0.0301],
        [0.0652]], device='cuda:0', grad_fn=<SigmoidBackward0>)
Epoch [5/100], T_AUC: [4m0.8177[0m
Epoch [5/100], Loss: 13.7145
val_Accuracy: [92m0.8023[0m
val_Precision: [4;34m0.8353[0m,               val_Recall: [4;33m0.7459[0m,                 val_F1 Score: [4;35m0.7833[0m
æ ‡ç­¾é‡Œ1çš„ä¸ªæ•°:  430
æ ‡ç­¾é‡Œ0çš„ä¸ªæ•°:  430
æ€»æ•°:  860
æ­£ç¡®çš„ä¸ªæ•°:  690
Epoch [5/100], V_AUC: [4m0.7992[0m
Epoch [6/100], Loss: 57.9764
train_Accuracy: [91m0.8128[0m
train_Precision: [4;34m0.8371[0m,               train_Recall: [4;33m0.7887[0m,                 train_F1 Score: [4;35m0.8067[0m
æ ‡ç­¾é‡Œ1çš„ä¸ªæ•°:  2150
æ ‡ç­¾é‡Œ0çš„ä¸ªæ•°:  2150
æ€»æ•°:  4300
æ­£ç¡®çš„ä¸ªæ•°:  3495
æœ€åä¸€ä¸ªæ‰¹æ¬¡çš„è¾“å‡º, ä¸æ»¡batchsizeæ˜¯æ­£å¸¸çš„:
 tensor([[0.9165],
        [0.8493],
        [0.9749],
        [0.1466],
        [0.7688],
        [0.1381],
        [0.4941],
        [0.3535],
        [0.5347],
        [0.9064],
        [0.0334],
        [0.0684]], device='cuda:0', grad_fn=<SigmoidBackward0>)
Epoch [6/100], T_AUC: [4m0.8198[0m
Epoch [6/100], Loss: 13.8700
val_Accuracy: [92m0.7977[0m
val_Precision: [4;34m0.8344[0m,               val_Recall: [4;33m0.7334[0m,                 val_F1 Score: [4;35m0.7761[0m
æ ‡ç­¾é‡Œ1çš„ä¸ªæ•°:  430
æ ‡ç­¾é‡Œ0çš„ä¸ªæ•°:  430
æ€»æ•°:  860
æ­£ç¡®çš„ä¸ªæ•°:  686
Epoch [6/100], V_AUC: [4m0.7941[0m
Epoch [7/100], Loss: 57.7856
train_Accuracy: [91m0.8121[0m
train_Precision: [4;34m0.8365[0m,               train_Recall: [4;33m0.7884[0m,                 train_F1 Score: [4;35m0.8061[0m
æ ‡ç­¾é‡Œ1çš„ä¸ªæ•°:  2150
æ ‡ç­¾é‡Œ0çš„ä¸ªæ•°:  2150
æ€»æ•°:  4300
æ­£ç¡®çš„ä¸ªæ•°:  3492
æœ€åä¸€ä¸ªæ‰¹æ¬¡çš„è¾“å‡º, ä¸æ»¡batchsizeæ˜¯æ­£å¸¸çš„:
 tensor([[0.9088],
        [0.8428],
        [0.9758],
        [0.1404],
        [0.7812],
        [0.1329],
        [0.4840],
        [0.3923],
        [0.5549],
        [0.8971],
        [0.0334],
        [0.0706]], device='cuda:0', grad_fn=<SigmoidBackward0>)
Epoch [7/100], T_AUC: [4m0.8193[0m
Epoch [7/100], Loss: 13.8133
val_Accuracy: [92m0.8012[0m
val_Precision: [4;34m0.8324[0m,               val_Recall: [4;33m0.7452[0m,                 val_F1 Score: [4;35m0.7815[0m
æ ‡ç­¾é‡Œ1çš„ä¸ªæ•°:  430
æ ‡ç­¾é‡Œ0çš„ä¸ªæ•°:  430
æ€»æ•°:  860
æ­£ç¡®çš„ä¸ªæ•°:  689
Epoch [7/100], V_AUC: [4m0.7979[0m
Epoch [8/100], Loss: 57.6259
train_Accuracy: [91m0.8151[0m
train_Precision: [4;34m0.8386[0m,               train_Recall: [4;33m0.7926[0m,                 train_F1 Score: [4;35m0.8094[0m
æ ‡ç­¾é‡Œ1çš„ä¸ªæ•°:  2150
æ ‡ç­¾é‡Œ0çš„ä¸ªæ•°:  2150
æ€»æ•°:  4300
æ­£ç¡®çš„ä¸ªæ•°:  3505
æœ€åä¸€ä¸ªæ‰¹æ¬¡çš„è¾“å‡º, ä¸æ»¡batchsizeæ˜¯æ­£å¸¸çš„:
 tensor([[0.9039],
        [0.8411],
        [0.9790],
        [0.1440],
        [0.7811],
        [0.1381],
        [0.4929],
        [0.3254],
        [0.5633],
        [0.8921],
        [0.0378],
        [0.0743]], device='cuda:0', grad_fn=<SigmoidBackward0>)
Epoch [8/100], T_AUC: [4m0.8223[0m
Epoch [8/100], Loss: 13.9779
val_Accuracy: [92m0.7965[0m
val_Precision: [4;34m0.8335[0m,               val_Recall: [4;33m0.7308[0m,                 val_F1 Score: [4;35m0.7738[0m
æ ‡ç­¾é‡Œ1çš„ä¸ªæ•°:  430
æ ‡ç­¾é‡Œ0çš„ä¸ªæ•°:  430
æ€»æ•°:  860
æ­£ç¡®çš„ä¸ªæ•°:  685
Epoch [8/100], V_AUC: [4m0.7928[0m
Epoch [9/100], Loss: 57.3208
train_Accuracy: [91m0.8167[0m
train_Precision: [4;34m0.8398[0m,               train_Recall: [4;33m0.7945[0m,                 train_F1 Score: [4;35m0.8112[0m
æ ‡ç­¾é‡Œ1çš„ä¸ªæ•°:  2150
æ ‡ç­¾é‡Œ0çš„ä¸ªæ•°:  2150
æ€»æ•°:  4300
æ­£ç¡®çš„ä¸ªæ•°:  3512
æœ€åä¸€ä¸ªæ‰¹æ¬¡çš„è¾“å‡º, ä¸æ»¡batchsizeæ˜¯æ­£å¸¸çš„:
 tensor([[0.9044],
        [0.8410],
        [0.9769],
        [0.1295],
        [0.7796],
        [0.1289],
        [0.4949],
        [0.3585],
        [0.5936],
        [0.8966],
        [0.0358],
        [0.0736]], device='cuda:0', grad_fn=<SigmoidBackward0>)
Epoch [9/100], T_AUC: [4m0.8237[0m
Epoch [9/100], Loss: 14.0431
val_Accuracy: [92m0.7965[0m
val_Precision: [4;34m0.8319[0m,               val_Recall: [4;33m0.7334[0m,                 val_F1 Score: [4;35m0.7748[0m
æ ‡ç­¾é‡Œ1çš„ä¸ªæ•°:  430
æ ‡ç­¾é‡Œ0çš„ä¸ªæ•°:  430
æ€»æ•°:  860
æ­£ç¡®çš„ä¸ªæ•°:  685
Epoch [9/100], V_AUC: [4m0.7931[0m
Epoch [10/100], Loss: 57.3197
train_Accuracy: [91m0.8181[0m
train_Precision: [4;34m0.8406[0m,               train_Recall: [4;33m0.7952[0m,                 train_F1 Score: [4;35m0.8120[0m
æ ‡ç­¾é‡Œ1çš„ä¸ªæ•°:  2150
æ ‡ç­¾é‡Œ0çš„ä¸ªæ•°:  2150
æ€»æ•°:  4300
æ­£ç¡®çš„ä¸ªæ•°:  3518
æœ€åä¸€ä¸ªæ‰¹æ¬¡çš„è¾“å‡º, ä¸æ»¡batchsizeæ˜¯æ­£å¸¸çš„:
 tensor([[0.9031],
        [0.8377],
        [0.9804],
        [0.1281],
        [0.7901],
        [0.1273],
        [0.5168],
        [0.4161],
        [0.5767],
        [0.8702],
        [0.0351],
        [0.0697]], device='cuda:0', grad_fn=<SigmoidBackward0>)
Epoch [10/100], T_AUC: [4m0.8241[0m
Epoch [10/100], Loss: 14.1394
val_Accuracy: [92m0.7988[0m
val_Precision: [4;34m0.8247[0m,               val_Recall: [4;33m0.7460[0m,                 val_F1 Score: [4;35m0.7787[0m
æ ‡ç­¾é‡Œ1çš„ä¸ªæ•°:  430
æ ‡ç­¾é‡Œ0çš„ä¸ªæ•°:  430
æ€»æ•°:  860
æ­£ç¡®çš„ä¸ªæ•°:  687
Epoch [10/100], V_AUC: [4m0.7953[0m
Epoch [11/100], Loss: 57.0195
train_Accuracy: [91m0.8172[0m
train_Precision: [4;34m0.8407[0m,               train_Recall: [4;33m0.7939[0m,                 train_F1 Score: [4;35m0.8114[0m
æ ‡ç­¾é‡Œ1çš„ä¸ªæ•°:  2150
æ ‡ç­¾é‡Œ0çš„ä¸ªæ•°:  2150
æ€»æ•°:  4300
æ­£ç¡®çš„ä¸ªæ•°:  3514
æœ€åä¸€ä¸ªæ‰¹æ¬¡çš„è¾“å‡º, ä¸æ»¡batchsizeæ˜¯æ­£å¸¸çš„:
 tensor([[0.9133],
        [0.8458],
        [0.9818],
        [0.1134],
        [0.8142],
        [0.1158],
        [0.4601],
        [0.3961],
        [0.5514],
        [0.8918],
        [0.0356],
        [0.0666]], device='cuda:0', grad_fn=<SigmoidBackward0>)
Epoch [11/100], T_AUC: [4m0.8240[0m
Epoch [11/100], Loss: 14.2634
val_Accuracy: [92m0.7988[0m
val_Precision: [4;34m0.8281[0m,               val_Recall: [4;33m0.7458[0m,                 val_F1 Score: [4;35m0.7797[0m
æ ‡ç­¾é‡Œ1çš„ä¸ªæ•°:  430
æ ‡ç­¾é‡Œ0çš„ä¸ªæ•°:  430
æ€»æ•°:  860
æ­£ç¡®çš„ä¸ªæ•°:  687
Epoch [11/100], V_AUC: [4m0.7964[0m
Epoch [12/100], Loss: 56.8076
train_Accuracy: [91m0.8212[0m
train_Precision: [4;34m0.8418[0m,               train_Recall: [4;33m0.8013[0m,                 train_F1 Score: [4;35m0.8159[0m
æ ‡ç­¾é‡Œ1çš„ä¸ªæ•°:  2150
æ ‡ç­¾é‡Œ0çš„ä¸ªæ•°:  2150
æ€»æ•°:  4300
æ­£ç¡®çš„ä¸ªæ•°:  3531
æœ€åä¸€ä¸ªæ‰¹æ¬¡çš„è¾“å‡º, ä¸æ»¡batchsizeæ˜¯æ­£å¸¸çš„:
 tensor([[0.9089],
        [0.8435],
        [0.9874],
        [0.1229],
        [0.7666],
        [0.1158],
        [0.4760],
        [0.3985],
        [0.5862],
        [0.8916],
        [0.0367],
        [0.0602]], device='cuda:0', grad_fn=<SigmoidBackward0>)
Epoch [12/100], T_AUC: [4m0.8275[0m
Epoch [12/100], Loss: 14.5760
val_Accuracy: [92m0.7965[0m
val_Precision: [4;34m0.8273[0m,               val_Recall: [4;33m0.7406[0m,                 val_F1 Score: [4;35m0.7763[0m
æ ‡ç­¾é‡Œ1çš„ä¸ªæ•°:  430
æ ‡ç­¾é‡Œ0çš„ä¸ªæ•°:  430
æ€»æ•°:  860
æ­£ç¡®çš„ä¸ªæ•°:  685
Epoch [12/100], V_AUC: [4m0.7936[0m
Epoch [13/100], Loss: 56.5568
train_Accuracy: [91m0.8221[0m
train_Precision: [4;34m0.8415[0m,               train_Recall: [4;33m0.8048[0m,                 train_F1 Score: [4;35m0.8175[0m
æ ‡ç­¾é‡Œ1çš„ä¸ªæ•°:  2150
æ ‡ç­¾é‡Œ0çš„ä¸ªæ•°:  2150
æ€»æ•°:  4300
æ­£ç¡®çš„ä¸ªæ•°:  3535
æœ€åä¸€ä¸ªæ‰¹æ¬¡çš„è¾“å‡º, ä¸æ»¡batchsizeæ˜¯æ­£å¸¸çš„:
 tensor([[0.8859],
        [0.8195],
        [0.9885],
        [0.1139],
        [0.7806],
        [0.1123],
        [0.4869],
        [0.4137],
        [0.5925],
        [0.8925],
        [0.0399],
        [0.0628]], device='cuda:0', grad_fn=<SigmoidBackward0>)
Epoch [13/100], T_AUC: [4m0.8285[0m
Epoch [13/100], Loss: 14.7331
val_Accuracy: [92m0.7907[0m
val_Precision: [4;34m0.8225[0m,               val_Recall: [4;33m0.7308[0m,                 val_F1 Score: [4;35m0.7688[0m
æ ‡ç­¾é‡Œ1çš„ä¸ªæ•°:  430
æ ‡ç­¾é‡Œ0çš„ä¸ªæ•°:  430
æ€»æ•°:  860
æ­£ç¡®çš„ä¸ªæ•°:  680
Epoch [13/100], V_AUC: [4m0.7877[0m
Epoch [14/100], Loss: 56.3065
train_Accuracy: [91m0.8235[0m
train_Precision: [4;34m0.8419[0m,               train_Recall: [4;33m0.8068[0m,                 train_F1 Score: [4;35m0.8189[0m
æ ‡ç­¾é‡Œ1çš„ä¸ªæ•°:  2150
æ ‡ç­¾é‡Œ0çš„ä¸ªæ•°:  2150
æ€»æ•°:  4300
æ­£ç¡®çš„ä¸ªæ•°:  3541
æœ€åä¸€ä¸ªæ‰¹æ¬¡çš„è¾“å‡º, ä¸æ»¡batchsizeæ˜¯æ­£å¸¸çš„:
 tensor([[0.8991],
        [0.8381],
        [0.9919],
        [0.1366],
        [0.7227],
        [0.1182],
        [0.4081],
        [0.3828],
        [0.5519],
        [0.8688],
        [0.0458],
        [0.0685]], device='cuda:0', grad_fn=<SigmoidBackward0>)
Epoch [14/100], T_AUC: [4m0.8298[0m
Epoch [14/100], Loss: 14.8147
val_Accuracy: [92m0.7965[0m
val_Precision: [4;34m0.8286[0m,               val_Recall: [4;33m0.7374[0m,                 val_F1 Score: [4;35m0.7757[0m
æ ‡ç­¾é‡Œ1çš„ä¸ªæ•°:  430
æ ‡ç­¾é‡Œ0çš„ä¸ªæ•°:  430
æ€»æ•°:  860
æ­£ç¡®çš„ä¸ªæ•°:  685
Epoch [14/100], V_AUC: [4m0.7933[0m
Epoch [15/100], Loss: 56.3170
train_Accuracy: [91m0.8228[0m
train_Precision: [4;34m0.8445[0m,               train_Recall: [4;33m0.8010[0m,                 train_F1 Score: [4;35m0.8171[0m
æ ‡ç­¾é‡Œ1çš„ä¸ªæ•°:  2150
æ ‡ç­¾é‡Œ0çš„ä¸ªæ•°:  2150
æ€»æ•°:  4300
æ­£ç¡®çš„ä¸ªæ•°:  3538
æœ€åä¸€ä¸ªæ‰¹æ¬¡çš„è¾“å‡º, ä¸æ»¡batchsizeæ˜¯æ­£å¸¸çš„:
 tensor([[0.8392],
        [0.7895],
        [0.9913],
        [0.1325],
        [0.8596],
        [0.0999],
        [0.3932],
        [0.4062],
        [0.6335],
        [0.8850],
        [0.0419],
        [0.0583]], device='cuda:0', grad_fn=<SigmoidBackward0>)
Epoch [15/100], T_AUC: [4m0.8290[0m
Epoch [15/100], Loss: 14.4495
val_Accuracy: [92m0.7930[0m
val_Precision: [4;34m0.8243[0m,               val_Recall: [4;33m0.7365[0m,                 val_F1 Score: [4;35m0.7733[0m
æ ‡ç­¾é‡Œ1çš„ä¸ªæ•°:  430
æ ‡ç­¾é‡Œ0çš„ä¸ªæ•°:  430
æ€»æ•°:  860
æ­£ç¡®çš„ä¸ªæ•°:  682
Epoch [15/100], V_AUC: [4m0.7901[0m
Epoch [16/100], Loss: 55.9572
train_Accuracy: [91m0.8237[0m
train_Precision: [4;34m0.8429[0m,               train_Recall: [4;33m0.8062[0m,                 train_F1 Score: [4;35m0.8189[0m
æ ‡ç­¾é‡Œ1çš„ä¸ªæ•°:  2150
æ ‡ç­¾é‡Œ0çš„ä¸ªæ•°:  2150
æ€»æ•°:  4300
æ­£ç¡®çš„ä¸ªæ•°:  3542
æœ€åä¸€ä¸ªæ‰¹æ¬¡çš„è¾“å‡º, ä¸æ»¡batchsizeæ˜¯æ­£å¸¸çš„:
 tensor([[0.8769],
        [0.8264],
        [0.9931],
        [0.1424],
        [0.7700],
        [0.1146],
        [0.3822],
        [0.3905],
        [0.5914],
        [0.8138],
        [0.0584],
        [0.0672]], device='cuda:0', grad_fn=<SigmoidBackward0>)
Epoch [16/100], T_AUC: [4m0.8298[0m
Epoch [16/100], Loss: 14.6502
val_Accuracy: [92m0.7942[0m
val_Precision: [4;34m0.8283[0m,               val_Recall: [4;33m0.7351[0m,                 val_F1 Score: [4;35m0.7740[0m
æ ‡ç­¾é‡Œ1çš„ä¸ªæ•°:  430
æ ‡ç­¾é‡Œ0çš„ä¸ªæ•°:  430
æ€»æ•°:  860
æ­£ç¡®çš„ä¸ªæ•°:  683
Epoch [16/100], V_AUC: [4m0.7916[0m
Epoch [17/100], Loss: 55.7669
train_Accuracy: [91m0.8223[0m
train_Precision: [4;34m0.8412[0m,               train_Recall: [4;33m0.8054[0m,                 train_F1 Score: [4;35m0.8174[0m
æ ‡ç­¾é‡Œ1çš„ä¸ªæ•°:  2150
æ ‡ç­¾é‡Œ0çš„ä¸ªæ•°:  2150
æ€»æ•°:  4300
æ­£ç¡®çš„ä¸ªæ•°:  3536
æœ€åä¸€ä¸ªæ‰¹æ¬¡çš„è¾“å‡º, ä¸æ»¡batchsizeæ˜¯æ­£å¸¸çš„:
 tensor([[0.8943],
        [0.8528],
        [0.9909],
        [0.1154],
        [0.8367],
        [0.0930],
        [0.4055],
        [0.3391],
        [0.6016],
        [0.8469],
        [0.0518],
        [0.0590]], device='cuda:0', grad_fn=<SigmoidBackward0>)
Epoch [17/100], T_AUC: [4m0.8289[0m
Epoch [17/100], Loss: 14.8726
val_Accuracy: [92m0.7930[0m
val_Precision: [4;34m0.8304[0m,               val_Recall: [4;33m0.7282[0m,                 val_F1 Score: [4;35m0.7716[0m
æ ‡ç­¾é‡Œ1çš„ä¸ªæ•°:  430
æ ‡ç­¾é‡Œ0çš„ä¸ªæ•°:  430
æ€»æ•°:  860
æ­£ç¡®çš„ä¸ªæ•°:  682
Epoch [17/100], V_AUC: [4m0.7911[0m
Epoch [18/100], Loss: 55.2695
train_Accuracy: [91m0.8277[0m
train_Precision: [4;34m0.8463[0m,               train_Recall: [4;33m0.8094[0m,                 train_F1 Score: [4;35m0.8223[0m
æ ‡ç­¾é‡Œ1çš„ä¸ªæ•°:  2150
æ ‡ç­¾é‡Œ0çš„ä¸ªæ•°:  2150
æ€»æ•°:  4300
æ­£ç¡®çš„ä¸ªæ•°:  3559
æœ€åä¸€ä¸ªæ‰¹æ¬¡çš„è¾“å‡º, ä¸æ»¡batchsizeæ˜¯æ­£å¸¸çš„:
 tensor([[0.8815],
        [0.8271],
        [0.9932],
        [0.1611],
        [0.8317],
        [0.1139],
        [0.3892],
        [0.3437],
        [0.6302],
        [0.7706],
        [0.0438],
        [0.0615]], device='cuda:0', grad_fn=<SigmoidBackward0>)
Epoch [18/100], T_AUC: [4m0.8336[0m
Epoch [18/100], Loss: 14.6221
val_Accuracy: [92m0.7872[0m
val_Precision: [4;34m0.8210[0m,               val_Recall: [4;33m0.7278[0m,                 val_F1 Score: [4;35m0.7667[0m
æ ‡ç­¾é‡Œ1çš„ä¸ªæ•°:  430
æ ‡ç­¾é‡Œ0çš„ä¸ªæ•°:  430
æ€»æ•°:  860
æ­£ç¡®çš„ä¸ªæ•°:  677
Epoch [18/100], V_AUC: [4m0.7836[0m
Epoch [19/100], Loss: 55.2574
train_Accuracy: [91m0.8286[0m
train_Precision: [4;34m0.8479[0m,               train_Recall: [4;33m0.8101[0m,                 train_F1 Score: [4;35m0.8234[0m
æ ‡ç­¾é‡Œ1çš„ä¸ªæ•°:  2150
æ ‡ç­¾é‡Œ0çš„ä¸ªæ•°:  2150
æ€»æ•°:  4300
æ­£ç¡®çš„ä¸ªæ•°:  3563
æœ€åä¸€ä¸ªæ‰¹æ¬¡çš„è¾“å‡º, ä¸æ»¡batchsizeæ˜¯æ­£å¸¸çš„:
 tensor([[0.8923],
        [0.8604],
        [0.9925],
        [0.1272],
        [0.8372],
        [0.0967],
        [0.3918],
        [0.3783],
        [0.6270],
        [0.7918],
        [0.0394],
        [0.0596]], device='cuda:0', grad_fn=<SigmoidBackward0>)
Epoch [19/100], T_AUC: [4m0.8343[0m
Epoch [19/100], Loss: 14.7299
val_Accuracy: [92m0.7872[0m
val_Precision: [4;34m0.8211[0m,               val_Recall: [4;33m0.7266[0m,                 val_F1 Score: [4;35m0.7653[0m
æ ‡ç­¾é‡Œ1çš„ä¸ªæ•°:  430
æ ‡ç­¾é‡Œ0çš„ä¸ªæ•°:  430
æ€»æ•°:  860
æ­£ç¡®çš„ä¸ªæ•°:  677
Epoch [19/100], V_AUC: [4m0.7831[0m
Epoch [20/100], Loss: 54.7719
train_Accuracy: [91m0.8319[0m
train_Precision: [4;34m0.8507[0m,               train_Recall: [4;33m0.8141[0m,                 train_F1 Score: [4;35m0.8270[0m
æ ‡ç­¾é‡Œ1çš„ä¸ªæ•°:  2150
æ ‡ç­¾é‡Œ0çš„ä¸ªæ•°:  2150
æ€»æ•°:  4300
æ­£ç¡®çš„ä¸ªæ•°:  3577
æœ€åä¸€ä¸ªæ‰¹æ¬¡çš„è¾“å‡º, ä¸æ»¡batchsizeæ˜¯æ­£å¸¸çš„:
 tensor([[0.8616],
        [0.8509],
        [0.9890],
        [0.1226],
        [0.8912],
        [0.0730],
        [0.3484],
        [0.3678],
        [0.6345],
        [0.8475],
        [0.0542],
        [0.0568]], device='cuda:0', grad_fn=<SigmoidBackward0>)
Epoch [20/100], T_AUC: [4m0.8376[0m
Epoch [20/100], Loss: 14.2922
val_Accuracy: [92m0.7860[0m
val_Precision: [4;34m0.8164[0m,               val_Recall: [4;33m0.7294[0m,                 val_F1 Score: [4;35m0.7657[0m
æ ‡ç­¾é‡Œ1çš„ä¸ªæ•°:  430
æ ‡ç­¾é‡Œ0çš„ä¸ªæ•°:  430
æ€»æ•°:  860
æ­£ç¡®çš„ä¸ªæ•°:  676
Epoch [20/100], V_AUC: [4m0.7814[0m
Epoch [21/100], Loss: 54.6738
train_Accuracy: [91m0.8293[0m
train_Precision: [4;34m0.8482[0m,               train_Recall: [4;33m0.8121[0m,                 train_F1 Score: [4;35m0.8247[0m
æ ‡ç­¾é‡Œ1çš„ä¸ªæ•°:  2150
æ ‡ç­¾é‡Œ0çš„ä¸ªæ•°:  2150
æ€»æ•°:  4300
æ­£ç¡®çš„ä¸ªæ•°:  3566
æœ€åä¸€ä¸ªæ‰¹æ¬¡çš„è¾“å‡º, ä¸æ»¡batchsizeæ˜¯æ­£å¸¸çš„:
 tensor([[0.8907],
        [0.8935],
        [0.9880],
        [0.1296],
        [0.8628],
        [0.0707],
        [0.4527],
        [0.4019],
        [0.6547],
        [0.8283],
        [0.0456],
        [0.0335]], device='cuda:0', grad_fn=<SigmoidBackward0>)
Epoch [21/100], T_AUC: [4m0.8349[0m
Epoch [21/100], Loss: 14.5165
val_Accuracy: [92m0.7860[0m
val_Precision: [4;34m0.8140[0m,               val_Recall: [4;33m0.7310[0m,                 val_F1 Score: [4;35m0.7659[0m
æ ‡ç­¾é‡Œ1çš„ä¸ªæ•°:  430
æ ‡ç­¾é‡Œ0çš„ä¸ªæ•°:  430
æ€»æ•°:  860
æ­£ç¡®çš„ä¸ªæ•°:  676
Epoch [21/100], V_AUC: [4m0.7826[0m
Epoch [22/100], Loss: 54.3735
train_Accuracy: [91m0.8295[0m
train_Precision: [4;34m0.8523[0m,               train_Recall: [4;33m0.8069[0m,                 train_F1 Score: [4;35m0.8243[0m
æ ‡ç­¾é‡Œ1çš„ä¸ªæ•°:  2150
æ ‡ç­¾é‡Œ0çš„ä¸ªæ•°:  2150
æ€»æ•°:  4300
æ­£ç¡®çš„ä¸ªæ•°:  3567
æœ€åä¸€ä¸ªæ‰¹æ¬¡çš„è¾“å‡º, ä¸æ»¡batchsizeæ˜¯æ­£å¸¸çš„:
 tensor([[0.9034],
        [0.8952],
        [0.9872],
        [0.1094],
        [0.8733],
        [0.1036],
        [0.4270],
        [0.2969],
        [0.6653],
        [0.8460],
        [0.0381],
        [0.0478]], device='cuda:0', grad_fn=<SigmoidBackward0>)
Epoch [22/100], T_AUC: [4m0.8346[0m
Epoch [22/100], Loss: 14.9266
val_Accuracy: [92m0.7814[0m
val_Precision: [4;34m0.8174[0m,               val_Recall: [4;33m0.7164[0m,                 val_F1 Score: [4;35m0.7587[0m
æ ‡ç­¾é‡Œ1çš„ä¸ªæ•°:  430
æ ‡ç­¾é‡Œ0çš„ä¸ªæ•°:  430
æ€»æ•°:  860
æ­£ç¡®çš„ä¸ªæ•°:  672
Epoch [22/100], V_AUC: [4m0.7791[0m
Epoch [23/100], Loss: 54.4952
train_Accuracy: [91m0.8298[0m
train_Precision: [4;34m0.8516[0m,               train_Recall: [4;33m0.8103[0m,                 train_F1 Score: [4;35m0.8250[0m
æ ‡ç­¾é‡Œ1çš„ä¸ªæ•°:  2150
æ ‡ç­¾é‡Œ0çš„ä¸ªæ•°:  2150
æ€»æ•°:  4300
æ­£ç¡®çš„ä¸ªæ•°:  3568
æœ€åä¸€ä¸ªæ‰¹æ¬¡çš„è¾“å‡º, ä¸æ»¡batchsizeæ˜¯æ­£å¸¸çš„:
 tensor([[0.9045],
        [0.8750],
        [0.9842],
        [0.1145],
        [0.8624],
        [0.0983],
        [0.4049],
        [0.3999],
        [0.6971],
        [0.8693],
        [0.0301],
        [0.0405]], device='cuda:0', grad_fn=<SigmoidBackward0>)
Epoch [23/100], T_AUC: [4m0.8358[0m
Epoch [23/100], Loss: 14.2844
val_Accuracy: [92m0.7919[0m
val_Precision: [4;34m0.8123[0m,               val_Recall: [4;33m0.7463[0m,                 val_F1 Score: [4;35m0.7723[0m
æ ‡ç­¾é‡Œ1çš„ä¸ªæ•°:  430
æ ‡ç­¾é‡Œ0çš„ä¸ªæ•°:  430
æ€»æ•°:  860
æ­£ç¡®çš„ä¸ªæ•°:  681
Epoch [23/100], V_AUC: [4m0.7883[0m
Epoch [24/100], Loss: 53.8405
train_Accuracy: [91m0.8316[0m
train_Precision: [4;34m0.8488[0m,               train_Recall: [4;33m0.8149[0m,                 train_F1 Score: [4;35m0.8264[0m
æ ‡ç­¾é‡Œ1çš„ä¸ªæ•°:  2150
æ ‡ç­¾é‡Œ0çš„ä¸ªæ•°:  2150
æ€»æ•°:  4300
æ­£ç¡®çš„ä¸ªæ•°:  3576
æœ€åä¸€ä¸ªæ‰¹æ¬¡çš„è¾“å‡º, ä¸æ»¡batchsizeæ˜¯æ­£å¸¸çš„:
 tensor([[0.9280],
        [0.8698],
        [0.9887],
        [0.1113],
        [0.8827],
        [0.0873],
        [0.3284],
        [0.3712],
        [0.6784],
        [0.8676],
        [0.0353],
        [0.0413]], device='cuda:0', grad_fn=<SigmoidBackward0>)
Epoch [24/100], T_AUC: [4m0.8371[0m
Epoch [24/100], Loss: 14.6908
val_Accuracy: [92m0.7895[0m
val_Precision: [4;34m0.8193[0m,               val_Recall: [4;33m0.7338[0m,                 val_F1 Score: [4;35m0.7693[0m
æ ‡ç­¾é‡Œ1çš„ä¸ªæ•°:  430
æ ‡ç­¾é‡Œ0çš„ä¸ªæ•°:  430
æ€»æ•°:  860
æ­£ç¡®çš„ä¸ªæ•°:  679
Epoch [24/100], V_AUC: [4m0.7866[0m
Epoch [25/100], Loss: 52.8263
train_Accuracy: [91m0.8330[0m
train_Precision: [4;34m0.8496[0m,               train_Recall: [4;33m0.8186[0m,                 train_F1 Score: [4;35m0.8288[0m
æ ‡ç­¾é‡Œ1çš„ä¸ªæ•°:  2150
æ ‡ç­¾é‡Œ0çš„ä¸ªæ•°:  2150
æ€»æ•°:  4300
æ­£ç¡®çš„ä¸ªæ•°:  3582
æœ€åä¸€ä¸ªæ‰¹æ¬¡çš„è¾“å‡º, ä¸æ»¡batchsizeæ˜¯æ­£å¸¸çš„:
 tensor([[0.9147],
        [0.9033],
        [0.9756],
        [0.0781],
        [0.9353],
        [0.0921],
        [0.2592],
        [0.3962],
        [0.8345],
        [0.8508],
        [0.0283],
        [0.0340]], device='cuda:0', grad_fn=<SigmoidBackward0>)
Epoch [25/100], T_AUC: [4m0.8388[0m
Epoch [25/100], Loss: 14.9602
val_Accuracy: [92m0.7837[0m
val_Precision: [4;34m0.8114[0m,               val_Recall: [4;33m0.7298[0m,                 val_F1 Score: [4;35m0.7641[0m
æ ‡ç­¾é‡Œ1çš„ä¸ªæ•°:  430
æ ‡ç­¾é‡Œ0çš„ä¸ªæ•°:  430
æ€»æ•°:  860
æ­£ç¡®çš„ä¸ªæ•°:  674
Epoch [25/100], V_AUC: [4m0.7802[0m
Epoch [26/100], Loss: 52.2934
train_Accuracy: [91m0.8363[0m
train_Precision: [4;34m0.8568[0m,               train_Recall: [4;33m0.8153[0m,                 train_F1 Score: [4;35m0.8307[0m
æ ‡ç­¾é‡Œ1çš„ä¸ªæ•°:  2150
æ ‡ç­¾é‡Œ0çš„ä¸ªæ•°:  2150
æ€»æ•°:  4300
æ­£ç¡®çš„ä¸ªæ•°:  3596
æœ€åä¸€ä¸ªæ‰¹æ¬¡çš„è¾“å‡º, ä¸æ»¡batchsizeæ˜¯æ­£å¸¸çš„:
 tensor([[0.9546],
        [0.8687],
        [0.9886],
        [0.1139],
        [0.9057],
        [0.1064],
        [0.3002],
        [0.3558],
        [0.6712],
        [0.8494],
        [0.0361],
        [0.0159]], device='cuda:0', grad_fn=<SigmoidBackward0>)
Epoch [26/100], T_AUC: [4m0.8417[0m
Epoch [26/100], Loss: 15.5772
val_Accuracy: [92m0.7860[0m
val_Precision: [4;34m0.8197[0m,               val_Recall: [4;33m0.7274[0m,                 val_F1 Score: [4;35m0.7648[0m
æ ‡ç­¾é‡Œ1çš„ä¸ªæ•°:  430
æ ‡ç­¾é‡Œ0çš„ä¸ªæ•°:  430
æ€»æ•°:  860
æ­£ç¡®çš„ä¸ªæ•°:  676
Epoch [26/100], V_AUC: [4m0.7829[0m
Epoch [27/100], Loss: 51.9753
train_Accuracy: [91m0.8347[0m
train_Precision: [4;34m0.8520[0m,               train_Recall: [4;33m0.8194[0m,                 train_F1 Score: [4;35m0.8300[0m
æ ‡ç­¾é‡Œ1çš„ä¸ªæ•°:  2150
æ ‡ç­¾é‡Œ0çš„ä¸ªæ•°:  2150
æ€»æ•°:  4300
æ­£ç¡®çš„ä¸ªæ•°:  3589
æœ€åä¸€ä¸ªæ‰¹æ¬¡çš„è¾“å‡º, ä¸æ»¡batchsizeæ˜¯æ­£å¸¸çš„:
 tensor([[0.9214],
        [0.9276],
        [0.9873],
        [0.0871],
        [0.9031],
        [0.0995],
        [0.3420],
        [0.2844],
        [0.7425],
        [0.8260],
        [0.0363],
        [0.0153]], device='cuda:0', grad_fn=<SigmoidBackward0>)
Epoch [27/100], T_AUC: [4m0.8405[0m
Epoch [27/100], Loss: 15.4797
val_Accuracy: [92m0.7895[0m
val_Precision: [4;34m0.8261[0m,               val_Recall: [4;33m0.7251[0m,                 val_F1 Score: [4;35m0.7670[0m
æ ‡ç­¾é‡Œ1çš„ä¸ªæ•°:  430
æ ‡ç­¾é‡Œ0çš„ä¸ªæ•°:  430
æ€»æ•°:  860
æ­£ç¡®çš„ä¸ªæ•°:  679
Epoch [27/100], V_AUC: [4m0.7869[0m
Epoch [28/100], Loss: 51.5744
train_Accuracy: [91m0.8398[0m
train_Precision: [4;34m0.8576[0m,               train_Recall: [4;33m0.8246[0m,                 train_F1 Score: [4;35m0.8358[0m
æ ‡ç­¾é‡Œ1çš„ä¸ªæ•°:  2150
æ ‡ç­¾é‡Œ0çš„ä¸ªæ•°:  2150
æ€»æ•°:  4300
æ­£ç¡®çš„ä¸ªæ•°:  3611
æœ€åä¸€ä¸ªæ‰¹æ¬¡çš„è¾“å‡º, ä¸æ»¡batchsizeæ˜¯æ­£å¸¸çš„:
 tensor([[0.9551],
        [0.9350],
        [0.9827],
        [0.0820],
        [0.9247],
        [0.0951],
        [0.2534],
        [0.3670],
        [0.6959],
        [0.7889],
        [0.0278],
        [0.0129]], device='cuda:0', grad_fn=<SigmoidBackward0>)
Epoch [28/100], T_AUC: [4m0.8456[0m
Epoch [28/100], Loss: 15.8323
val_Accuracy: [92m0.7919[0m
val_Precision: [4;34m0.8349[0m,               val_Recall: [4;33m0.7212[0m,                 val_F1 Score: [4;35m0.7694[0m
æ ‡ç­¾é‡Œ1çš„ä¸ªæ•°:  430
æ ‡ç­¾é‡Œ0çš„ä¸ªæ•°:  430
æ€»æ•°:  860
æ­£ç¡®çš„ä¸ªæ•°:  681
Epoch [28/100], V_AUC: [4m0.7890[0m
Epoch [29/100], Loss: 50.9018
train_Accuracy: [91m0.8433[0m
train_Precision: [4;34m0.8607[0m,               train_Recall: [4;33m0.8282[0m,                 train_F1 Score: [4;35m0.8393[0m
æ ‡ç­¾é‡Œ1çš„ä¸ªæ•°:  2150
æ ‡ç­¾é‡Œ0çš„ä¸ªæ•°:  2150
æ€»æ•°:  4300
æ­£ç¡®çš„ä¸ªæ•°:  3626
æœ€åä¸€ä¸ªæ‰¹æ¬¡çš„è¾“å‡º, ä¸æ»¡batchsizeæ˜¯æ­£å¸¸çš„:
 tensor([[0.9381],
        [0.9442],
        [0.9854],
        [0.0983],
        [0.9138],
        [0.0879],
        [0.3494],
        [0.3685],
        [0.7755],
        [0.7743],
        [0.0234],
        [0.0099]], device='cuda:0', grad_fn=<SigmoidBackward0>)
Epoch [29/100], T_AUC: [4m0.8488[0m
Epoch [29/100], Loss: 16.2886
val_Accuracy: [92m0.7942[0m
val_Precision: [4;34m0.8302[0m,               val_Recall: [4;33m0.7320[0m,                 val_F1 Score: [4;35m0.7731[0m
æ ‡ç­¾é‡Œ1çš„ä¸ªæ•°:  430
æ ‡ç­¾é‡Œ0çš„ä¸ªæ•°:  430
æ€»æ•°:  860
æ­£ç¡®çš„ä¸ªæ•°:  683
Epoch [29/100], V_AUC: [4m0.7912[0m
Epoch [30/100], Loss: 50.2430
train_Accuracy: [91m0.8437[0m
train_Precision: [4;34m0.8630[0m,               train_Recall: [4;33m0.8269[0m,                 train_F1 Score: [4;35m0.8398[0m
æ ‡ç­¾é‡Œ1çš„ä¸ªæ•°:  2150
æ ‡ç­¾é‡Œ0çš„ä¸ªæ•°:  2150
æ€»æ•°:  4300
æ­£ç¡®çš„ä¸ªæ•°:  3628
æœ€åä¸€ä¸ªæ‰¹æ¬¡çš„è¾“å‡º, ä¸æ»¡batchsizeæ˜¯æ­£å¸¸çš„:
 tensor([[0.9704],
        [0.9315],
        [0.9848],
        [0.0860],
        [0.8971],
        [0.0797],
        [0.3308],
        [0.2495],
        [0.7091],
        [0.7545],
        [0.0189],
        [0.0412]], device='cuda:0', grad_fn=<SigmoidBackward0>)
Epoch [30/100], T_AUC: [4m0.8489[0m
Epoch [30/100], Loss: 15.6737
val_Accuracy: [92m0.7907[0m
val_Precision: [4;34m0.8340[0m,               val_Recall: [4;33m0.7179[0m,                 val_F1 Score: [4;35m0.7650[0m
æ ‡ç­¾é‡Œ1çš„ä¸ªæ•°:  430
æ ‡ç­¾é‡Œ0çš„ä¸ªæ•°:  430
æ€»æ•°:  860
æ­£ç¡®çš„ä¸ªæ•°:  680
Epoch [30/100], V_AUC: [4m0.7870[0m
Epoch [31/100], Loss: 50.2261
train_Accuracy: [91m0.8472[0m
train_Precision: [4;34m0.8637[0m,               train_Recall: [4;33m0.8333[0m,                 train_F1 Score: [4;35m0.8434[0m
æ ‡ç­¾é‡Œ1çš„ä¸ªæ•°:  2150
æ ‡ç­¾é‡Œ0çš„ä¸ªæ•°:  2150
æ€»æ•°:  4300
æ­£ç¡®çš„ä¸ªæ•°:  3643
æœ€åä¸€ä¸ªæ‰¹æ¬¡çš„è¾“å‡º, ä¸æ»¡batchsizeæ˜¯æ­£å¸¸çš„:
 tensor([[0.9434],
        [0.9399],
        [0.9821],
        [0.1088],
        [0.9318],
        [0.0775],
        [0.3116],
        [0.2839],
        [0.7598],
        [0.8192],
        [0.0284],
        [0.0088]], device='cuda:0', grad_fn=<SigmoidBackward0>)
Epoch [31/100], T_AUC: [4m0.8529[0m
Epoch [31/100], Loss: 16.7324
val_Accuracy: [92m0.7826[0m
val_Precision: [4;34m0.8254[0m,               val_Recall: [4;33m0.7118[0m,                 val_F1 Score: [4;35m0.7584[0m
æ ‡ç­¾é‡Œ1çš„ä¸ªæ•°:  430
æ ‡ç­¾é‡Œ0çš„ä¸ªæ•°:  430
æ€»æ•°:  860
æ­£ç¡®çš„ä¸ªæ•°:  673
Epoch [31/100], V_AUC: [4m0.7799[0m
Epoch [32/100], Loss: 49.9690
train_Accuracy: [91m0.8458[0m
train_Precision: [4;34m0.8619[0m,               train_Recall: [4;33m0.8334[0m,                 train_F1 Score: [4;35m0.8421[0m
æ ‡ç­¾é‡Œ1çš„ä¸ªæ•°:  2150
æ ‡ç­¾é‡Œ0çš„ä¸ªæ•°:  2150
æ€»æ•°:  4300
æ­£ç¡®çš„ä¸ªæ•°:  3637
æœ€åä¸€ä¸ªæ‰¹æ¬¡çš„è¾“å‡º, ä¸æ»¡batchsizeæ˜¯æ­£å¸¸çš„:
 tensor([[0.9412],
        [0.9578],
        [0.9903],
        [0.0898],
        [0.9587],
        [0.0838],
        [0.3777],
        [0.3264],
        [0.7630],
        [0.7963],
        [0.0090],
        [0.0057]], device='cuda:0', grad_fn=<SigmoidBackward0>)
Epoch [32/100], T_AUC: [4m0.8520[0m
Epoch [32/100], Loss: 17.0838
val_Accuracy: [92m0.7860[0m
val_Precision: [4;34m0.8270[0m,               val_Recall: [4;33m0.7180[0m,                 val_F1 Score: [4;35m0.7628[0m
æ ‡ç­¾é‡Œ1çš„ä¸ªæ•°:  430
æ ‡ç­¾é‡Œ0çš„ä¸ªæ•°:  430
æ€»æ•°:  860
æ­£ç¡®çš„ä¸ªæ•°:  676
Epoch [32/100], V_AUC: [4m0.7829[0m
Epoch [33/100], Loss: 49.3246
train_Accuracy: [91m0.8474[0m
train_Precision: [4;34m0.8662[0m,               train_Recall: [4;33m0.8316[0m,                 train_F1 Score: [4;35m0.8433[0m
æ ‡ç­¾é‡Œ1çš„ä¸ªæ•°:  2150
æ ‡ç­¾é‡Œ0çš„ä¸ªæ•°:  2150
æ€»æ•°:  4300
æ­£ç¡®çš„ä¸ªæ•°:  3644
æœ€åä¸€ä¸ªæ‰¹æ¬¡çš„è¾“å‡º, ä¸æ»¡batchsizeæ˜¯æ­£å¸¸çš„:
 tensor([[0.9735],
        [0.9651],
        [0.9868],
        [0.0926],
        [0.9400],
        [0.0776],
        [0.2807],
        [0.2657],
        [0.7431],
        [0.8077],
        [0.0211],
        [0.0042]], device='cuda:0', grad_fn=<SigmoidBackward0>)
Epoch [33/100], T_AUC: [4m0.8529[0m
Epoch [33/100], Loss: 17.1365
val_Accuracy: [92m0.7779[0m
val_Precision: [4;34m0.8145[0m,               val_Recall: [4;33m0.7144[0m,                 val_F1 Score: [4;35m0.7560[0m
æ ‡ç­¾é‡Œ1çš„ä¸ªæ•°:  430
æ ‡ç­¾é‡Œ0çš„ä¸ªæ•°:  430
æ€»æ•°:  860
æ­£ç¡®çš„ä¸ªæ•°:  669
Epoch [33/100], V_AUC: [4m0.7751[0m
Epoch [34/100], Loss: 49.3287
train_Accuracy: [91m0.8481[0m
train_Precision: [4;34m0.8647[0m,               train_Recall: [4;33m0.8348[0m,                 train_F1 Score: [4;35m0.8447[0m
æ ‡ç­¾é‡Œ1çš„ä¸ªæ•°:  2150
æ ‡ç­¾é‡Œ0çš„ä¸ªæ•°:  2150
æ€»æ•°:  4300
æ­£ç¡®çš„ä¸ªæ•°:  3647
æœ€åä¸€ä¸ªæ‰¹æ¬¡çš„è¾“å‡º, ä¸æ»¡batchsizeæ˜¯æ­£å¸¸çš„:
 tensor([[0.9640],
        [0.9584],
        [0.9893],
        [0.0831],
        [0.9050],
        [0.0622],
        [0.4297],
        [0.3541],
        [0.7243],
        [0.7949],
        [0.0059],
        [0.0219]], device='cuda:0', grad_fn=<SigmoidBackward0>)
Epoch [34/100], T_AUC: [4m0.8530[0m
Epoch [34/100], Loss: 18.0339
val_Accuracy: [92m0.7826[0m
val_Precision: [4;34m0.8159[0m,               val_Recall: [4;33m0.7260[0m,                 val_F1 Score: [4;35m0.7622[0m
æ ‡ç­¾é‡Œ1çš„ä¸ªæ•°:  430
æ ‡ç­¾é‡Œ0çš„ä¸ªæ•°:  430
æ€»æ•°:  860
æ­£ç¡®çš„ä¸ªæ•°:  673
Epoch [34/100], V_AUC: [4m0.7801[0m
Epoch [35/100], Loss: 49.9496
train_Accuracy: [91m0.8442[0m
train_Precision: [4;34m0.8622[0m,               train_Recall: [4;33m0.8288[0m,                 train_F1 Score: [4;35m0.8401[0m
æ ‡ç­¾é‡Œ1çš„ä¸ªæ•°:  2150
æ ‡ç­¾é‡Œ0çš„ä¸ªæ•°:  2150
æ€»æ•°:  4300
æ­£ç¡®çš„ä¸ªæ•°:  3630
æœ€åä¸€ä¸ªæ‰¹æ¬¡çš„è¾“å‡º, ä¸æ»¡batchsizeæ˜¯æ­£å¸¸çš„:
 tensor([[0.9593],
        [0.9677],
        [0.9812],
        [0.0623],
        [0.9756],
        [0.0508],
        [0.4090],
        [0.2848],
        [0.6057],
        [0.8064],
        [0.0035],
        [0.0550]], device='cuda:0', grad_fn=<SigmoidBackward0>)
Epoch [35/100], T_AUC: [4m0.8497[0m
Epoch [35/100], Loss: 17.0949
val_Accuracy: [92m0.7733[0m
val_Precision: [4;34m0.8115[0m,               val_Recall: [4;33m0.7065[0m,                 val_F1 Score: [4;35m0.7476[0m
æ ‡ç­¾é‡Œ1çš„ä¸ªæ•°:  430
æ ‡ç­¾é‡Œ0çš„ä¸ªæ•°:  430
æ€»æ•°:  860
æ­£ç¡®çš„ä¸ªæ•°:  665
Epoch [35/100], V_AUC: [4m0.7710[0m
Epoch [36/100], Loss: 48.8115
train_Accuracy: [91m0.8488[0m
train_Precision: [4;34m0.8667[0m,               train_Recall: [4;33m0.8335[0m,                 train_F1 Score: [4;35m0.8448[0m
æ ‡ç­¾é‡Œ1çš„ä¸ªæ•°:  2150
æ ‡ç­¾é‡Œ0çš„ä¸ªæ•°:  2150
æ€»æ•°:  4300
æ­£ç¡®çš„ä¸ªæ•°:  3650
æœ€åä¸€ä¸ªæ‰¹æ¬¡çš„è¾“å‡º, ä¸æ»¡batchsizeæ˜¯æ­£å¸¸çš„:
 tensor([[0.9645],
        [0.9821],
        [0.9885],
        [0.0848],
        [0.9612],
        [0.0345],
        [0.3790],
        [0.4205],
        [0.7128],
        [0.7652],
        [0.0039],
        [0.0083]], device='cuda:0', grad_fn=<SigmoidBackward0>)
Epoch [36/100], T_AUC: [4m0.8542[0m
Epoch [36/100], Loss: 17.4999
val_Accuracy: [92m0.7826[0m
val_Precision: [4;34m0.8167[0m,               val_Recall: [4;33m0.7262[0m,                 val_F1 Score: [4;35m0.7612[0m
æ ‡ç­¾é‡Œ1çš„ä¸ªæ•°:  430
æ ‡ç­¾é‡Œ0çš„ä¸ªæ•°:  430
æ€»æ•°:  860
æ­£ç¡®çš„ä¸ªæ•°:  673
Epoch [36/100], V_AUC: [4m0.7801[0m
Epoch [37/100], Loss: 47.4624
train_Accuracy: [91m0.8516[0m
train_Precision: [4;34m0.8707[0m,               train_Recall: [4;33m0.8354[0m,                 train_F1 Score: [4;35m0.8473[0m
æ ‡ç­¾é‡Œ1çš„ä¸ªæ•°:  2150
æ ‡ç­¾é‡Œ0çš„ä¸ªæ•°:  2150
æ€»æ•°:  4300
æ­£ç¡®çš„ä¸ªæ•°:  3662
æœ€åä¸€ä¸ªæ‰¹æ¬¡çš„è¾“å‡º, ä¸æ»¡batchsizeæ˜¯æ­£å¸¸çš„:
 tensor([[0.9680],
        [0.9627],
        [0.9931],
        [0.0766],
        [0.9654],
        [0.0415],
        [0.3850],
        [0.2710],
        [0.7350],
        [0.7215],
        [0.0113],
        [0.0093]], device='cuda:0', grad_fn=<SigmoidBackward0>)
Epoch [37/100], T_AUC: [4m0.8574[0m
Epoch [37/100], Loss: 17.1668
val_Accuracy: [92m0.7744[0m
val_Precision: [4;34m0.8129[0m,               val_Recall: [4;33m0.7098[0m,                 val_F1 Score: [4;35m0.7495[0m
æ ‡ç­¾é‡Œ1çš„ä¸ªæ•°:  430
æ ‡ç­¾é‡Œ0çš„ä¸ªæ•°:  430
æ€»æ•°:  860
æ­£ç¡®çš„ä¸ªæ•°:  666
Epoch [37/100], V_AUC: [4m0.7723[0m
Epoch [38/100], Loss: 46.7154
train_Accuracy: [91m0.8549[0m
train_Precision: [4;34m0.8746[0m,               train_Recall: [4;33m0.8376[0m,                 train_F1 Score: [4;35m0.8510[0m
æ ‡ç­¾é‡Œ1çš„ä¸ªæ•°:  2150
æ ‡ç­¾é‡Œ0çš„ä¸ªæ•°:  2150
æ€»æ•°:  4300
æ­£ç¡®çš„ä¸ªæ•°:  3676
æœ€åä¸€ä¸ªæ‰¹æ¬¡çš„è¾“å‡º, ä¸æ»¡batchsizeæ˜¯æ­£å¸¸çš„:
 tensor([[0.9654],
        [0.9770],
        [0.9944],
        [0.0841],
        [0.9688],
        [0.0357],
        [0.3364],
        [0.1824],
        [0.7768],
        [0.7890],
        [0.0090],
        [0.0053]], device='cuda:0', grad_fn=<SigmoidBackward0>)
Epoch [38/100], T_AUC: [4m0.8598[0m
Epoch [38/100], Loss: 18.6400
val_Accuracy: [92m0.7733[0m
val_Precision: [4;34m0.8018[0m,               val_Recall: [4;33m0.7192[0m,                 val_F1 Score: [4;35m0.7518[0m
æ ‡ç­¾é‡Œ1çš„ä¸ªæ•°:  430
æ ‡ç­¾é‡Œ0çš„ä¸ªæ•°:  430
æ€»æ•°:  860
æ­£ç¡®çš„ä¸ªæ•°:  665
Epoch [38/100], V_AUC: [4m0.7702[0m
Epoch [39/100], Loss: 46.1094
train_Accuracy: [91m0.8612[0m
train_Precision: [4;34m0.8777[0m,               train_Recall: [4;33m0.8477[0m,                 train_F1 Score: [4;35m0.8579[0m
æ ‡ç­¾é‡Œ1çš„ä¸ªæ•°:  2150
æ ‡ç­¾é‡Œ0çš„ä¸ªæ•°:  2150
æ€»æ•°:  4300
æ­£ç¡®çš„ä¸ªæ•°:  3703
æœ€åä¸€ä¸ªæ‰¹æ¬¡çš„è¾“å‡º, ä¸æ»¡batchsizeæ˜¯æ­£å¸¸çš„:
 tensor([[0.9686],
        [0.9792],
        [0.9965],
        [0.0663],
        [0.9598],
        [0.0059],
        [0.2690],
        [0.2150],
        [0.7312],
        [0.8075],
        [0.0050],
        [0.0482]], device='cuda:0', grad_fn=<SigmoidBackward0>)
Epoch [39/100], T_AUC: [4m0.8665[0m
Epoch [39/100], Loss: 18.6032
val_Accuracy: [92m0.7779[0m
val_Precision: [4;34m0.8164[0m,               val_Recall: [4;33m0.7158[0m,                 val_F1 Score: [4;35m0.7546[0m
æ ‡ç­¾é‡Œ1çš„ä¸ªæ•°:  430
æ ‡ç­¾é‡Œ0çš„ä¸ªæ•°:  430
æ€»æ•°:  860
æ­£ç¡®çš„ä¸ªæ•°:  669
Epoch [39/100], V_AUC: [4m0.7765[0m
Epoch [40/100], Loss: 46.1217
train_Accuracy: [91m0.8626[0m
train_Precision: [4;34m0.8812[0m,               train_Recall: [4;33m0.8464[0m,                 train_F1 Score: [4;35m0.8592[0m
æ ‡ç­¾é‡Œ1çš„ä¸ªæ•°:  2150
æ ‡ç­¾é‡Œ0çš„ä¸ªæ•°:  2150
æ€»æ•°:  4300
æ­£ç¡®çš„ä¸ªæ•°:  3709
æœ€åä¸€ä¸ªæ‰¹æ¬¡çš„è¾“å‡º, ä¸æ»¡batchsizeæ˜¯æ­£å¸¸çš„:
 tensor([[0.9687],
        [0.9796],
        [0.9960],
        [0.0649],
        [0.9606],
        [0.0065],
        [0.3548],
        [0.2217],
        [0.7800],
        [0.7899],
        [0.0027],
        [0.0485]], device='cuda:0', grad_fn=<SigmoidBackward0>)
Epoch [40/100], T_AUC: [4m0.8676[0m
Epoch [40/100], Loss: 19.0042
val_Accuracy: [92m0.7663[0m
val_Precision: [4;34m0.8033[0m,               val_Recall: [4;33m0.6990[0m,                 val_F1 Score: [4;35m0.7410[0m
æ ‡ç­¾é‡Œ1çš„ä¸ªæ•°:  430
æ ‡ç­¾é‡Œ0çš„ä¸ªæ•°:  430
æ€»æ•°:  860
æ­£ç¡®çš„ä¸ªæ•°:  659
Epoch [40/100], V_AUC: [4m0.7645[0m
Epoch [41/100], Loss: 45.4611
train_Accuracy: [91m0.8605[0m
train_Precision: [4;34m0.8743[0m,               train_Recall: [4;33m0.8481[0m,                 train_F1 Score: [4;35m0.8565[0m
æ ‡ç­¾é‡Œ1çš„ä¸ªæ•°:  2150
æ ‡ç­¾é‡Œ0çš„ä¸ªæ•°:  2150
æ€»æ•°:  4300
æ­£ç¡®çš„ä¸ªæ•°:  3700
æœ€åä¸€ä¸ªæ‰¹æ¬¡çš„è¾“å‡º, ä¸æ»¡batchsizeæ˜¯æ­£å¸¸çš„:
 tensor([[9.7451e-01],
        [9.6188e-01],
        [9.9584e-01],
        [8.2453e-02],
        [9.7495e-01],
        [6.2208e-03],
        [3.2205e-01],
        [2.7852e-01],
        [8.1153e-01],
        [8.6519e-01],
        [9.4277e-04],
        [5.7904e-02]], device='cuda:0', grad_fn=<SigmoidBackward0>)
Epoch [41/100], T_AUC: [4m0.8654[0m
Epoch [41/100], Loss: 19.1346
val_Accuracy: [92m0.7709[0m
val_Precision: [4;34m0.8050[0m,               val_Recall: [4;33m0.7096[0m,                 val_F1 Score: [4;35m0.7465[0m
æ ‡ç­¾é‡Œ1çš„ä¸ªæ•°:  430
æ ‡ç­¾é‡Œ0çš„ä¸ªæ•°:  430
æ€»æ•°:  860
æ­£ç¡®çš„ä¸ªæ•°:  663
Epoch [41/100], V_AUC: [4m0.7685[0m
Epoch [42/100], Loss: 46.5262
train_Accuracy: [91m0.8572[0m
train_Precision: [4;34m0.8752[0m,               train_Recall: [4;33m0.8410[0m,                 train_F1 Score: [4;35m0.8530[0m
æ ‡ç­¾é‡Œ1çš„ä¸ªæ•°:  2150
æ ‡ç­¾é‡Œ0çš„ä¸ªæ•°:  2150
æ€»æ•°:  4300
æ­£ç¡®çš„ä¸ªæ•°:  3686
æœ€åä¸€ä¸ªæ‰¹æ¬¡çš„è¾“å‡º, ä¸æ»¡batchsizeæ˜¯æ­£å¸¸çš„:
 tensor([[0.9663],
        [0.9805],
        [0.9908],
        [0.0687],
        [0.9695],
        [0.1246],
        [0.2854],
        [0.1982],
        [0.8231],
        [0.7172],
        [0.0014],
        [0.0350]], device='cuda:0', grad_fn=<SigmoidBackward0>)
Epoch [42/100], T_AUC: [4m0.8623[0m
Epoch [42/100], Loss: 18.8428
val_Accuracy: [92m0.7779[0m
val_Precision: [4;34m0.8029[0m,               val_Recall: [4;33m0.7278[0m,                 val_F1 Score: [4;35m0.7569[0m
æ ‡ç­¾é‡Œ1çš„ä¸ªæ•°:  430
æ ‡ç­¾é‡Œ0çš„ä¸ªæ•°:  430
æ€»æ•°:  860
æ­£ç¡®çš„ä¸ªæ•°:  669
Epoch [42/100], V_AUC: [4m0.7763[0m
Epoch [43/100], Loss: 46.8250
train_Accuracy: [91m0.8563[0m
train_Precision: [4;34m0.8771[0m,               train_Recall: [4;33m0.8380[0m,                 train_F1 Score: [4;35m0.8525[0m
æ ‡ç­¾é‡Œ1çš„ä¸ªæ•°:  2150
æ ‡ç­¾é‡Œ0çš„ä¸ªæ•°:  2150
æ€»æ•°:  4300
æ­£ç¡®çš„ä¸ªæ•°:  3682
æœ€åä¸€ä¸ªæ‰¹æ¬¡çš„è¾“å‡º, ä¸æ»¡batchsizeæ˜¯æ­£å¸¸çš„:
 tensor([[0.9793],
        [0.9793],
        [0.9927],
        [0.1044],
        [0.9684],
        [0.0137],
        [0.3448],
        [0.1954],
        [0.8515],
        [0.8309],
        [0.0012],
        [0.0411]], device='cuda:0', grad_fn=<SigmoidBackward0>)
Epoch [43/100], T_AUC: [4m0.8611[0m
Epoch [43/100], Loss: 17.9803
val_Accuracy: [92m0.7686[0m
val_Precision: [4;34m0.8002[0m,               val_Recall: [4;33m0.7092[0m,                 val_F1 Score: [4;35m0.7447[0m
æ ‡ç­¾é‡Œ1çš„ä¸ªæ•°:  430
æ ‡ç­¾é‡Œ0çš„ä¸ªæ•°:  430
æ€»æ•°:  860
æ­£ç¡®çš„ä¸ªæ•°:  661
Epoch [43/100], V_AUC: [4m0.7679[0m
Epoch [44/100], Loss: 45.3092
train_Accuracy: [91m0.8600[0m
train_Precision: [4;34m0.8803[0m,               train_Recall: [4;33m0.8433[0m,                 train_F1 Score: [4;35m0.8560[0m
æ ‡ç­¾é‡Œ1çš„ä¸ªæ•°:  2150
æ ‡ç­¾é‡Œ0çš„ä¸ªæ•°:  2150
æ€»æ•°:  4300
æ­£ç¡®çš„ä¸ªæ•°:  3698
æœ€åä¸€ä¸ªæ‰¹æ¬¡çš„è¾“å‡º, ä¸æ»¡batchsizeæ˜¯æ­£å¸¸çš„:
 tensor([[0.9811],
        [0.9778],
        [0.9957],
        [0.0999],
        [0.9712],
        [0.0082],
        [0.2853],
        [0.2133],
        [0.8759],
        [0.8048],
        [0.0014],
        [0.0429]], device='cuda:0', grad_fn=<SigmoidBackward0>)
Epoch [44/100], T_AUC: [4m0.8654[0m
Epoch [44/100], Loss: 18.8519
val_Accuracy: [92m0.7698[0m
val_Precision: [4;34m0.7964[0m,               val_Recall: [4;33m0.7144[0m,                 val_F1 Score: [4;35m0.7473[0m
æ ‡ç­¾é‡Œ1çš„ä¸ªæ•°:  430
æ ‡ç­¾é‡Œ0çš„ä¸ªæ•°:  430
æ€»æ•°:  860
æ­£ç¡®çš„ä¸ªæ•°:  662
Epoch [44/100], V_AUC: [4m0.7674[0m
Epoch [45/100], Loss: 44.4204
train_Accuracy: [91m0.8635[0m
train_Precision: [4;34m0.8803[0m,               train_Recall: [4;33m0.8489[0m,                 train_F1 Score: [4;35m0.8598[0m
æ ‡ç­¾é‡Œ1çš„ä¸ªæ•°:  2150
æ ‡ç­¾é‡Œ0çš„ä¸ªæ•°:  2150
æ€»æ•°:  4300
æ­£ç¡®çš„ä¸ªæ•°:  3713
æœ€åä¸€ä¸ªæ‰¹æ¬¡çš„è¾“å‡º, ä¸æ»¡batchsizeæ˜¯æ­£å¸¸çš„:
 tensor([[9.7011e-01],
        [9.6634e-01],
        [9.9809e-01],
        [8.6373e-02],
        [9.6462e-01],
        [9.0687e-03],
        [2.7205e-01],
        [2.6104e-01],
        [8.7701e-01],
        [8.1441e-01],
        [9.5958e-04],
        [3.8117e-02]], device='cuda:0', grad_fn=<SigmoidBackward0>)
Epoch [45/100], T_AUC: [4m0.8685[0m
Epoch [45/100], Loss: 18.9640
val_Accuracy: [92m0.7698[0m
val_Precision: [4;34m0.7922[0m,               val_Recall: [4;33m0.7262[0m,                 val_F1 Score: [4;35m0.7518[0m
æ ‡ç­¾é‡Œ1çš„ä¸ªæ•°:  430
æ ‡ç­¾é‡Œ0çš„ä¸ªæ•°:  430
æ€»æ•°:  860
æ­£ç¡®çš„ä¸ªæ•°:  662
Epoch [45/100], V_AUC: [4m0.7678[0m
Epoch [46/100], Loss: 43.7626
train_Accuracy: [91m0.8640[0m
train_Precision: [4;34m0.8845[0m,               train_Recall: [4;33m0.8460[0m,                 train_F1 Score: [4;35m0.8601[0m
æ ‡ç­¾é‡Œ1çš„ä¸ªæ•°:  2150
æ ‡ç­¾é‡Œ0çš„ä¸ªæ•°:  2150
æ€»æ•°:  4300
æ­£ç¡®çš„ä¸ªæ•°:  3715
æœ€åä¸€ä¸ªæ‰¹æ¬¡çš„è¾“å‡º, ä¸æ»¡batchsizeæ˜¯æ­£å¸¸çš„:
 tensor([[9.7611e-01],
        [9.8174e-01],
        [9.9833e-01],
        [6.1215e-02],
        [9.5044e-01],
        [4.9312e-02],
        [1.7852e-01],
        [2.0568e-01],
        [8.0774e-01],
        [7.8760e-01],
        [5.0996e-04],
        [4.7375e-02]], device='cuda:0', grad_fn=<SigmoidBackward0>)
Epoch [46/100], T_AUC: [4m0.8691[0m
Epoch [46/100], Loss: 19.6301
val_Accuracy: [92m0.7791[0m
val_Precision: [4;34m0.8200[0m,               val_Recall: [4;33m0.7078[0m,                 val_F1 Score: [4;35m0.7531[0m
æ ‡ç­¾é‡Œ1çš„ä¸ªæ•°:  430
æ ‡ç­¾é‡Œ0çš„ä¸ªæ•°:  430
æ€»æ•°:  860
æ­£ç¡®çš„ä¸ªæ•°:  670
Epoch [46/100], V_AUC: [4m0.7769[0m
Epoch [47/100], Loss: 43.9373
train_Accuracy: [91m0.8640[0m
train_Precision: [4;34m0.8810[0m,               train_Recall: [4;33m0.8489[0m,                 train_F1 Score: [4;35m0.8598[0m
æ ‡ç­¾é‡Œ1çš„ä¸ªæ•°:  2150
æ ‡ç­¾é‡Œ0çš„ä¸ªæ•°:  2150
æ€»æ•°:  4300
æ­£ç¡®çš„ä¸ªæ•°:  3715
æœ€åä¸€ä¸ªæ‰¹æ¬¡çš„è¾“å‡º, ä¸æ»¡batchsizeæ˜¯æ­£å¸¸çš„:
 tensor([[9.8736e-01],
        [9.8365e-01],
        [9.9309e-01],
        [1.3378e-01],
        [9.6177e-01],
        [4.0431e-03],
        [2.6186e-01],
        [2.5622e-01],
        [9.3554e-01],
        [8.4210e-01],
        [6.4386e-04],
        [2.7902e-02]], device='cuda:0', grad_fn=<SigmoidBackward0>)
Epoch [47/100], T_AUC: [4m0.8686[0m
Epoch [47/100], Loss: 19.4480
val_Accuracy: [92m0.7779[0m
val_Precision: [4;34m0.8034[0m,               val_Recall: [4;33m0.7253[0m,                 val_F1 Score: [4;35m0.7561[0m
æ ‡ç­¾é‡Œ1çš„ä¸ªæ•°:  430
æ ‡ç­¾é‡Œ0çš„ä¸ªæ•°:  430
æ€»æ•°:  860
æ­£ç¡®çš„ä¸ªæ•°:  669
Epoch [47/100], V_AUC: [4m0.7758[0m
Epoch [48/100], Loss: 43.3158
train_Accuracy: [91m0.8663[0m
train_Precision: [4;34m0.8827[0m,               train_Recall: [4;33m0.8521[0m,                 train_F1 Score: [4;35m0.8624[0m
æ ‡ç­¾é‡Œ1çš„ä¸ªæ•°:  2150
æ ‡ç­¾é‡Œ0çš„ä¸ªæ•°:  2150
æ€»æ•°:  4300
æ­£ç¡®çš„ä¸ªæ•°:  3725
æœ€åä¸€ä¸ªæ‰¹æ¬¡çš„è¾“å‡º, ä¸æ»¡batchsizeæ˜¯æ­£å¸¸çš„:
 tensor([[9.9390e-01],
        [9.8477e-01],
        [9.9705e-01],
        [9.6611e-02],
        [9.8013e-01],
        [3.2188e-03],
        [1.0425e-01],
        [2.9340e-01],
        [9.1331e-01],
        [8.6811e-01],
        [7.2002e-04],
        [1.6724e-02]], device='cuda:0', grad_fn=<SigmoidBackward0>)
Epoch [48/100], T_AUC: [4m0.8716[0m
Epoch [48/100], Loss: 19.8092
val_Accuracy: [92m0.7733[0m
val_Precision: [4;34m0.8062[0m,               val_Recall: [4;33m0.7099[0m,                 val_F1 Score: [4;35m0.7489[0m
æ ‡ç­¾é‡Œ1çš„ä¸ªæ•°:  430
æ ‡ç­¾é‡Œ0çš„ä¸ªæ•°:  430
æ€»æ•°:  860
æ­£ç¡®çš„ä¸ªæ•°:  665
Epoch [48/100], V_AUC: [4m0.7718[0m
Epoch [49/100], Loss: 46.2611
train_Accuracy: [91m0.8593[0m
train_Precision: [4;34m0.8789[0m,               train_Recall: [4;33m0.8403[0m,                 train_F1 Score: [4;35m0.8554[0m
æ ‡ç­¾é‡Œ1çš„ä¸ªæ•°:  2150
æ ‡ç­¾é‡Œ0çš„ä¸ªæ•°:  2150
æ€»æ•°:  4300
æ­£ç¡®çš„ä¸ªæ•°:  3695
æœ€åä¸€ä¸ªæ‰¹æ¬¡çš„è¾“å‡º, ä¸æ»¡batchsizeæ˜¯æ­£å¸¸çš„:
 tensor([[9.8851e-01],
        [9.7290e-01],
        [9.9689e-01],
        [6.6421e-02],
        [9.7550e-01],
        [8.7595e-02],
        [2.4820e-01],
        [1.2655e-01],
        [8.6684e-01],
        [8.1640e-01],
        [3.4264e-04],
        [3.4385e-02]], device='cuda:0', grad_fn=<SigmoidBackward0>)
Epoch [49/100], T_AUC: [4m0.8640[0m
Epoch [49/100], Loss: 18.8114
val_Accuracy: [92m0.7698[0m
val_Precision: [4;34m0.7963[0m,               val_Recall: [4;33m0.7166[0m,                 val_F1 Score: [4;35m0.7481[0m
æ ‡ç­¾é‡Œ1çš„ä¸ªæ•°:  430
æ ‡ç­¾é‡Œ0çš„ä¸ªæ•°:  430
æ€»æ•°:  860
æ­£ç¡®çš„ä¸ªæ•°:  662
Epoch [49/100], V_AUC: [4m0.7673[0m
Epoch [50/100], Loss: 44.1433
train_Accuracy: [91m0.8674[0m
train_Precision: [4;34m0.8893[0m,               train_Recall: [4;33m0.8475[0m,                 train_F1 Score: [4;35m0.8634[0m
æ ‡ç­¾é‡Œ1çš„ä¸ªæ•°:  2150
æ ‡ç­¾é‡Œ0çš„ä¸ªæ•°:  2150
æ€»æ•°:  4300
æ­£ç¡®çš„ä¸ªæ•°:  3730
æœ€åä¸€ä¸ªæ‰¹æ¬¡çš„è¾“å‡º, ä¸æ»¡batchsizeæ˜¯æ­£å¸¸çš„:
 tensor([[9.8967e-01],
        [9.7350e-01],
        [9.9568e-01],
        [7.8715e-02],
        [9.7136e-01],
        [5.6288e-02],
        [2.1270e-01],
        [1.5290e-01],
        [9.4837e-01],
        [7.3260e-01],
        [3.2283e-04],
        [4.2784e-02]], device='cuda:0', grad_fn=<SigmoidBackward0>)
Epoch [50/100], T_AUC: [4m0.8718[0m
Epoch [50/100], Loss: 19.2408
val_Accuracy: [92m0.7535[0m
val_Precision: [4;34m0.7604[0m,               val_Recall: [4;33m0.7297[0m,                 val_F1 Score: [4;35m0.7382[0m
æ ‡ç­¾é‡Œ1çš„ä¸ªæ•°:  430
æ ‡ç­¾é‡Œ0çš„ä¸ªæ•°:  430
æ€»æ•°:  860
æ­£ç¡®çš„ä¸ªæ•°:  648
Epoch [50/100], V_AUC: [4m0.7505[0m
Epoch [51/100], Loss: 42.6355
train_Accuracy: [91m0.8684[0m
train_Precision: [4;34m0.8861[0m,               train_Recall: [4;33m0.8523[0m,                 train_F1 Score: [4;35m0.8647[0m
æ ‡ç­¾é‡Œ1çš„ä¸ªæ•°:  2150
æ ‡ç­¾é‡Œ0çš„ä¸ªæ•°:  2150
æ€»æ•°:  4300
æ­£ç¡®çš„ä¸ªæ•°:  3734
æœ€åä¸€ä¸ªæ‰¹æ¬¡çš„è¾“å‡º, ä¸æ»¡batchsizeæ˜¯æ­£å¸¸çš„:
 tensor([[9.8638e-01],
        [9.7622e-01],
        [9.9894e-01],
        [6.8015e-02],
        [9.5993e-01],
        [7.0779e-02],
        [1.8654e-01],
        [1.3918e-01],
        [8.8710e-01],
        [8.3379e-01],
        [1.8542e-04],
        [4.4253e-02]], device='cuda:0', grad_fn=<SigmoidBackward0>)
Epoch [51/100], T_AUC: [4m0.8724[0m
Epoch [51/100], Loss: 20.4285
val_Accuracy: [92m0.7616[0m
val_Precision: [4;34m0.7833[0m,               val_Recall: [4;33m0.7145[0m,                 val_F1 Score: [4;35m0.7409[0m
æ ‡ç­¾é‡Œ1çš„ä¸ªæ•°:  430
æ ‡ç­¾é‡Œ0çš„ä¸ªæ•°:  430
æ€»æ•°:  860
æ­£ç¡®çš„ä¸ªæ•°:  655
Epoch [51/100], V_AUC: [4m0.7591[0m
Epoch [52/100], Loss: 42.7653
train_Accuracy: [91m0.8702[0m
train_Precision: [4;34m0.8862[0m,               train_Recall: [4;33m0.8563[0m,                 train_F1 Score: [4;35m0.8669[0m
æ ‡ç­¾é‡Œ1çš„ä¸ªæ•°:  2150
æ ‡ç­¾é‡Œ0çš„ä¸ªæ•°:  2150
æ€»æ•°:  4300
æ­£ç¡®çš„ä¸ªæ•°:  3742
æœ€åä¸€ä¸ªæ‰¹æ¬¡çš„è¾“å‡º, ä¸æ»¡batchsizeæ˜¯æ­£å¸¸çš„:
 tensor([[9.7995e-01],
        [9.5438e-01],
        [9.9975e-01],
        [1.1696e-01],
        [9.7910e-01],
        [5.4536e-02],
        [1.7044e-01],
        [1.9618e-01],
        [9.0645e-01],
        [7.8426e-01],
        [3.8600e-04],
        [6.5863e-03]], device='cuda:0', grad_fn=<SigmoidBackward0>)
Epoch [52/100], T_AUC: [4m0.8745[0m
Epoch [52/100], Loss: 20.3907
val_Accuracy: [92m0.7628[0m
val_Precision: [4;34m0.7822[0m,               val_Recall: [4;33m0.7186[0m,                 val_F1 Score: [4;35m0.7432[0m
æ ‡ç­¾é‡Œ1çš„ä¸ªæ•°:  430
æ ‡ç­¾é‡Œ0çš„ä¸ªæ•°:  430
æ€»æ•°:  860
æ­£ç¡®çš„ä¸ªæ•°:  656
Epoch [52/100], V_AUC: [4m0.7594[0m
Epoch [53/100], Loss: 41.8465
train_Accuracy: [91m0.8719[0m
train_Precision: [4;34m0.8913[0m,               train_Recall: [4;33m0.8541[0m,                 train_F1 Score: [4;35m0.8679[0m
æ ‡ç­¾é‡Œ1çš„ä¸ªæ•°:  2150
æ ‡ç­¾é‡Œ0çš„ä¸ªæ•°:  2150
æ€»æ•°:  4300
æ­£ç¡®çš„ä¸ªæ•°:  3749
æœ€åä¸€ä¸ªæ‰¹æ¬¡çš„è¾“å‡º, ä¸æ»¡batchsizeæ˜¯æ­£å¸¸çš„:
 tensor([[9.8524e-01],
        [9.6374e-01],
        [9.9970e-01],
        [8.2938e-02],
        [9.5964e-01],
        [6.5506e-02],
        [3.4511e-01],
        [1.4787e-01],
        [8.9499e-01],
        [8.7714e-01],
        [2.0606e-04],
        [5.4343e-03]], device='cuda:0', grad_fn=<SigmoidBackward0>)
Epoch [53/100], T_AUC: [4m0.8764[0m
Epoch [53/100], Loss: 20.2125
val_Accuracy: [92m0.7593[0m
val_Precision: [4;34m0.7689[0m,               val_Recall: [4;33m0.7318[0m,                 val_F1 Score: [4;35m0.7438[0m
æ ‡ç­¾é‡Œ1çš„ä¸ªæ•°:  430
æ ‡ç­¾é‡Œ0çš„ä¸ªæ•°:  430
æ€»æ•°:  860
æ­£ç¡®çš„ä¸ªæ•°:  653
Epoch [53/100], V_AUC: [4m0.7559[0m
Epoch [54/100], Loss: 41.5108
train_Accuracy: [91m0.8744[0m
train_Precision: [4;34m0.8905[0m,               train_Recall: [4;33m0.8607[0m,                 train_F1 Score: [4;35m0.8709[0m
æ ‡ç­¾é‡Œ1çš„ä¸ªæ•°:  2150
æ ‡ç­¾é‡Œ0çš„ä¸ªæ•°:  2150
æ€»æ•°:  4300
æ­£ç¡®çš„ä¸ªæ•°:  3760
æœ€åä¸€ä¸ªæ‰¹æ¬¡çš„è¾“å‡º, ä¸æ»¡batchsizeæ˜¯æ­£å¸¸çš„:
 tensor([[9.8463e-01],
        [9.5092e-01],
        [9.9691e-01],
        [9.5672e-02],
        [9.8814e-01],
        [4.7288e-02],
        [3.6242e-01],
        [1.8871e-01],
        [9.5437e-01],
        [9.0677e-01],
        [1.5833e-04],
        [5.2353e-03]], device='cuda:0', grad_fn=<SigmoidBackward0>)
Epoch [54/100], T_AUC: [4m0.8789[0m
Epoch [54/100], Loss: 21.4949
val_Accuracy: [92m0.7593[0m
val_Precision: [4;34m0.7547[0m,               val_Recall: [4;33m0.7608[0m,                 val_F1 Score: [4;35m0.7523[0m
æ ‡ç­¾é‡Œ1çš„ä¸ªæ•°:  430
æ ‡ç­¾é‡Œ0çš„ä¸ªæ•°:  430
æ€»æ•°:  860
æ­£ç¡®çš„ä¸ªæ•°:  653
Epoch [54/100], V_AUC: [4m0.7558[0m
Epoch [55/100], Loss: 40.6431
train_Accuracy: [91m0.8770[0m
train_Precision: [4;34m0.8929[0m,               train_Recall: [4;33m0.8619[0m,                 train_F1 Score: [4;35m0.8730[0m
æ ‡ç­¾é‡Œ1çš„ä¸ªæ•°:  2150
æ ‡ç­¾é‡Œ0çš„ä¸ªæ•°:  2150
æ€»æ•°:  4300
æ­£ç¡®çš„ä¸ªæ•°:  3771
æœ€åä¸€ä¸ªæ‰¹æ¬¡çš„è¾“å‡º, ä¸æ»¡batchsizeæ˜¯æ­£å¸¸çš„:
 tensor([[9.8874e-01],
        [9.5507e-01],
        [9.9959e-01],
        [1.5401e-02],
        [9.8940e-01],
        [2.2883e-02],
        [3.3347e-01],
        [1.6815e-01],
        [9.2999e-01],
        [8.8400e-01],
        [8.4416e-05],
        [2.1235e-02]], device='cuda:0', grad_fn=<SigmoidBackward0>)
Epoch [55/100], T_AUC: [4m0.8811[0m
Epoch [55/100], Loss: 22.0889
val_Accuracy: [92m0.7558[0m
val_Precision: [4;34m0.7694[0m,               val_Recall: [4;33m0.7230[0m,                 val_F1 Score: [4;35m0.7394[0m
æ ‡ç­¾é‡Œ1çš„ä¸ªæ•°:  430
æ ‡ç­¾é‡Œ0çš„ä¸ªæ•°:  430
æ€»æ•°:  860
æ­£ç¡®çš„ä¸ªæ•°:  650
Epoch [55/100], V_AUC: [4m0.7535[0m
Epoch [56/100], Loss: 39.5683
train_Accuracy: [91m0.8786[0m
train_Precision: [4;34m0.8965[0m,               train_Recall: [4;33m0.8632[0m,                 train_F1 Score: [4;35m0.8755[0m
æ ‡ç­¾é‡Œ1çš„ä¸ªæ•°:  2150
æ ‡ç­¾é‡Œ0çš„ä¸ªæ•°:  2150
æ€»æ•°:  4300
æ­£ç¡®çš„ä¸ªæ•°:  3778
æœ€åä¸€ä¸ªæ‰¹æ¬¡çš„è¾“å‡º, ä¸æ»¡batchsizeæ˜¯æ­£å¸¸çš„:
 tensor([[9.9222e-01],
        [9.8085e-01],
        [9.9980e-01],
        [2.2084e-01],
        [9.6915e-01],
        [1.7900e-02],
        [1.0500e-01],
        [1.3140e-01],
        [9.2067e-01],
        [8.8993e-01],
        [2.4044e-04],
        [4.0856e-03]], device='cuda:0', grad_fn=<SigmoidBackward0>)
Epoch [56/100], T_AUC: [4m0.8826[0m
Epoch [56/100], Loss: 21.7406
val_Accuracy: [92m0.7523[0m
val_Precision: [4;34m0.7604[0m,               val_Recall: [4;33m0.7338[0m,                 val_F1 Score: [4;35m0.7393[0m
æ ‡ç­¾é‡Œ1çš„ä¸ªæ•°:  430
æ ‡ç­¾é‡Œ0çš„ä¸ªæ•°:  430
æ€»æ•°:  860
æ­£ç¡®çš„ä¸ªæ•°:  647
Epoch [56/100], V_AUC: [4m0.7504[0m
Epoch [57/100], Loss: 40.4605
train_Accuracy: [91m0.8760[0m
train_Precision: [4;34m0.8913[0m,               train_Recall: [4;33m0.8607[0m,                 train_F1 Score: [4;35m0.8715[0m
æ ‡ç­¾é‡Œ1çš„ä¸ªæ•°:  2150
æ ‡ç­¾é‡Œ0çš„ä¸ªæ•°:  2150
æ€»æ•°:  4300
æ­£ç¡®çš„ä¸ªæ•°:  3767
æœ€åä¸€ä¸ªæ‰¹æ¬¡çš„è¾“å‡º, ä¸æ»¡batchsizeæ˜¯æ­£å¸¸çš„:
 tensor([[9.8317e-01],
        [9.9203e-01],
        [9.9810e-01],
        [9.0824e-02],
        [9.9164e-01],
        [1.6848e-02],
        [5.0714e-01],
        [1.3056e-01],
        [9.3451e-01],
        [8.4907e-01],
        [8.2283e-05],
        [3.9103e-03]], device='cuda:0', grad_fn=<SigmoidBackward0>)
Epoch [57/100], T_AUC: [4m0.8801[0m
Epoch [57/100], Loss: 21.6704
val_Accuracy: [92m0.7558[0m
val_Precision: [4;34m0.7703[0m,               val_Recall: [4;33m0.7221[0m,                 val_F1 Score: [4;35m0.7385[0m
æ ‡ç­¾é‡Œ1çš„ä¸ªæ•°:  430
æ ‡ç­¾é‡Œ0çš„ä¸ªæ•°:  430
æ€»æ•°:  860
æ­£ç¡®çš„ä¸ªæ•°:  650
Epoch [57/100], V_AUC: [4m0.7548[0m
Epoch [58/100], Loss: 38.2111
train_Accuracy: [91m0.8826[0m
train_Precision: [4;34m0.8993[0m,               train_Recall: [4;33m0.8679[0m,                 train_F1 Score: [4;35m0.8790[0m
æ ‡ç­¾é‡Œ1çš„ä¸ªæ•°:  2150
æ ‡ç­¾é‡Œ0çš„ä¸ªæ•°:  2150
æ€»æ•°:  4300
æ­£ç¡®çš„ä¸ªæ•°:  3795
æœ€åä¸€ä¸ªæ‰¹æ¬¡çš„è¾“å‡º, ä¸æ»¡batchsizeæ˜¯æ­£å¸¸çš„:
 tensor([[9.8876e-01],
        [9.9463e-01],
        [9.9890e-01],
        [1.1596e-01],
        [9.9350e-01],
        [2.1446e-02],
        [8.2767e-02],
        [1.6366e-01],
        [9.7110e-01],
        [8.2728e-01],
        [6.8533e-05],
        [3.2613e-03]], device='cuda:0', grad_fn=<SigmoidBackward0>)
Epoch [58/100], T_AUC: [4m0.8869[0m
Epoch [58/100], Loss: 21.7718
val_Accuracy: [92m0.7488[0m
val_Precision: [4;34m0.7672[0m,               val_Recall: [4;33m0.7101[0m,                 val_F1 Score: [4;35m0.7300[0m
æ ‡ç­¾é‡Œ1çš„ä¸ªæ•°:  430
æ ‡ç­¾é‡Œ0çš„ä¸ªæ•°:  430
æ€»æ•°:  860
æ­£ç¡®çš„ä¸ªæ•°:  644
Epoch [58/100], V_AUC: [4m0.7471[0m
Epoch [59/100], Loss: 37.8755
train_Accuracy: [91m0.8828[0m
train_Precision: [4;34m0.9017[0m,               train_Recall: [4;33m0.8652[0m,                 train_F1 Score: [4;35m0.8791[0m
æ ‡ç­¾é‡Œ1çš„ä¸ªæ•°:  2150
æ ‡ç­¾é‡Œ0çš„ä¸ªæ•°:  2150
æ€»æ•°:  4300
æ­£ç¡®çš„ä¸ªæ•°:  3796
æœ€åä¸€ä¸ªæ‰¹æ¬¡çš„è¾“å‡º, ä¸æ»¡batchsizeæ˜¯æ­£å¸¸çš„:
 tensor([[9.9084e-01],
        [9.9036e-01],
        [9.9929e-01],
        [1.4495e-01],
        [9.9515e-01],
        [2.1007e-02],
        [3.5338e-02],
        [2.5265e-01],
        [9.5460e-01],
        [9.2280e-01],
        [2.1561e-04],
        [8.1985e-04]], device='cuda:0', grad_fn=<SigmoidBackward0>)
Epoch [59/100], T_AUC: [4m0.8865[0m
Epoch [59/100], Loss: 23.1310
val_Accuracy: [92m0.7547[0m
val_Precision: [4;34m0.7603[0m,               val_Recall: [4;33m0.7341[0m,                 val_F1 Score: [4;35m0.7396[0m
æ ‡ç­¾é‡Œ1çš„ä¸ªæ•°:  430
æ ‡ç­¾é‡Œ0çš„ä¸ªæ•°:  430
æ€»æ•°:  860
æ­£ç¡®çš„ä¸ªæ•°:  649
Epoch [59/100], V_AUC: [4m0.7523[0m
Epoch [60/100], Loss: 37.2638
train_Accuracy: [91m0.8867[0m
train_Precision: [4;34m0.9064[0m,               train_Recall: [4;33m0.8680[0m,                 train_F1 Score: [4;35m0.8832[0m
æ ‡ç­¾é‡Œ1çš„ä¸ªæ•°:  2150
æ ‡ç­¾é‡Œ0çš„ä¸ªæ•°:  2150
æ€»æ•°:  4300
æ­£ç¡®çš„ä¸ªæ•°:  3813
æœ€åä¸€ä¸ªæ‰¹æ¬¡çš„è¾“å‡º, ä¸æ»¡batchsizeæ˜¯æ­£å¸¸çš„:
 tensor([[9.8755e-01],
        [9.8280e-01],
        [9.9968e-01],
        [1.4967e-01],
        [9.8988e-01],
        [2.5232e-02],
        [1.3229e-01],
        [1.5585e-01],
        [9.7660e-01],
        [8.0917e-01],
        [2.9449e-05],
        [3.2902e-03]], device='cuda:0', grad_fn=<SigmoidBackward0>)
Epoch [60/100], T_AUC: [4m0.8905[0m
Epoch [60/100], Loss: 22.1184
val_Accuracy: [92m0.7419[0m
val_Precision: [4;34m0.7558[0m,               val_Recall: [4;33m0.7033[0m,                 val_F1 Score: [4;35m0.7220[0m
æ ‡ç­¾é‡Œ1çš„ä¸ªæ•°:  430
æ ‡ç­¾é‡Œ0çš„ä¸ªæ•°:  430
æ€»æ•°:  860
æ­£ç¡®çš„ä¸ªæ•°:  638
Epoch [60/100], V_AUC: [4m0.7386[0m
Epoch [61/100], Loss: 36.9703
train_Accuracy: [91m0.8863[0m
train_Precision: [4;34m0.9025[0m,               train_Recall: [4;33m0.8728[0m,                 train_F1 Score: [4;35m0.8835[0m
æ ‡ç­¾é‡Œ1çš„ä¸ªæ•°:  2150
æ ‡ç­¾é‡Œ0çš„ä¸ªæ•°:  2150
æ€»æ•°:  4300
æ­£ç¡®çš„ä¸ªæ•°:  3811
æœ€åä¸€ä¸ªæ‰¹æ¬¡çš„è¾“å‡º, ä¸æ»¡batchsizeæ˜¯æ­£å¸¸çš„:
 tensor([[9.8475e-01],
        [9.9285e-01],
        [9.9949e-01],
        [9.9654e-02],
        [9.9258e-01],
        [6.7327e-02],
        [9.7204e-02],
        [1.4555e-01],
        [9.4461e-01],
        [9.2265e-01],
        [2.0247e-05],
        [3.1149e-03]], device='cuda:0', grad_fn=<SigmoidBackward0>)
Epoch [61/100], T_AUC: [4m0.8896[0m
Epoch [61/100], Loss: 23.2422
val_Accuracy: [92m0.7442[0m
val_Precision: [4;34m0.7526[0m,               val_Recall: [4;33m0.7183[0m,                 val_F1 Score: [4;35m0.7285[0m
æ ‡ç­¾é‡Œ1çš„ä¸ªæ•°:  430
æ ‡ç­¾é‡Œ0çš„ä¸ªæ•°:  430
æ€»æ•°:  860
æ­£ç¡®çš„ä¸ªæ•°:  640
Epoch [61/100], V_AUC: [4m0.7428[0m
Epoch [62/100], Loss: 36.5119
train_Accuracy: [91m0.8912[0m
train_Precision: [4;34m0.9090[0m,               train_Recall: [4;33m0.8766[0m,                 train_F1 Score: [4;35m0.8881[0m
æ ‡ç­¾é‡Œ1çš„ä¸ªæ•°:  2150
æ ‡ç­¾é‡Œ0çš„ä¸ªæ•°:  2150
æ€»æ•°:  4300
æ­£ç¡®çš„ä¸ªæ•°:  3832
æœ€åä¸€ä¸ªæ‰¹æ¬¡çš„è¾“å‡º, ä¸æ»¡batchsizeæ˜¯æ­£å¸¸çš„:
 tensor([[9.7983e-01],
        [9.6651e-01],
        [9.9991e-01],
        [9.5098e-02],
        [9.9460e-01],
        [2.8940e-02],
        [4.5454e-01],
        [2.1425e-01],
        [9.2590e-01],
        [8.6249e-01],
        [5.4566e-05],
        [9.4104e-04]], device='cuda:0', grad_fn=<SigmoidBackward0>)
Epoch [62/100], T_AUC: [4m0.8959[0m
Epoch [62/100], Loss: 23.1148
val_Accuracy: [92m0.7419[0m
val_Precision: [4;34m0.7534[0m,               val_Recall: [4;33m0.7120[0m,                 val_F1 Score: [4;35m0.7240[0m
æ ‡ç­¾é‡Œ1çš„ä¸ªæ•°:  430
æ ‡ç­¾é‡Œ0çš„ä¸ªæ•°:  430
æ€»æ•°:  860
æ­£ç¡®çš„ä¸ªæ•°:  638
Epoch [62/100], V_AUC: [4m0.7410[0m
Epoch [63/100], Loss: 36.0800
train_Accuracy: [91m0.8884[0m
train_Precision: [4;34m0.9099[0m,               train_Recall: [4;33m0.8684[0m,                 train_F1 Score: [4;35m0.8845[0m
æ ‡ç­¾é‡Œ1çš„ä¸ªæ•°:  2150
æ ‡ç­¾é‡Œ0çš„ä¸ªæ•°:  2150
æ€»æ•°:  4300
æ­£ç¡®çš„ä¸ªæ•°:  3820
æœ€åä¸€ä¸ªæ‰¹æ¬¡çš„è¾“å‡º, ä¸æ»¡batchsizeæ˜¯æ­£å¸¸çš„:
 tensor([[9.5084e-01],
        [9.9266e-01],
        [9.9997e-01],
        [1.5978e-01],
        [9.9592e-01],
        [1.6430e-02],
        [1.6034e-02],
        [1.5280e-01],
        [9.8839e-01],
        [7.2484e-01],
        [6.0417e-05],
        [3.5937e-03]], device='cuda:0', grad_fn=<SigmoidBackward0>)
Epoch [63/100], T_AUC: [4m0.8926[0m
Epoch [63/100], Loss: 23.8639
val_Accuracy: [92m0.7430[0m
val_Precision: [4;34m0.7581[0m,               val_Recall: [4;33m0.7104[0m,                 val_F1 Score: [4;35m0.7266[0m
æ ‡ç­¾é‡Œ1çš„ä¸ªæ•°:  430
æ ‡ç­¾é‡Œ0çš„ä¸ªæ•°:  430
æ€»æ•°:  860
æ­£ç¡®çš„ä¸ªæ•°:  639
Epoch [63/100], V_AUC: [4m0.7418[0m
Epoch [64/100], Loss: 36.6150
train_Accuracy: [91m0.8888[0m
train_Precision: [4;34m0.9080[0m,               train_Recall: [4;33m0.8718[0m,                 train_F1 Score: [4;35m0.8851[0m
æ ‡ç­¾é‡Œ1çš„ä¸ªæ•°:  2150
æ ‡ç­¾é‡Œ0çš„ä¸ªæ•°:  2150
æ€»æ•°:  4300
æ­£ç¡®çš„ä¸ªæ•°:  3822
æœ€åä¸€ä¸ªæ‰¹æ¬¡çš„è¾“å‡º, ä¸æ»¡batchsizeæ˜¯æ­£å¸¸çš„:
 tensor([[9.6821e-01],
        [9.7985e-01],
        [9.9993e-01],
        [1.0426e-01],
        [9.9704e-01],
        [2.9123e-03],
        [4.2819e-01],
        [4.4218e-01],
        [9.8594e-01],
        [7.2220e-01],
        [1.6938e-05],
        [1.2165e-03]], device='cuda:0', grad_fn=<SigmoidBackward0>)
Epoch [64/100], T_AUC: [4m0.8934[0m
Epoch [64/100], Loss: 23.6009
val_Accuracy: [92m0.7593[0m
val_Precision: [4;34m0.7709[0m,               val_Recall: [4;33m0.7350[0m,                 val_F1 Score: [4;35m0.7455[0m
æ ‡ç­¾é‡Œ1çš„ä¸ªæ•°:  430
æ ‡ç­¾é‡Œ0çš„ä¸ªæ•°:  430
æ€»æ•°:  860
æ­£ç¡®çš„ä¸ªæ•°:  653
Epoch [64/100], V_AUC: [4m0.7581[0m
Epoch [65/100], Loss: 36.4148
train_Accuracy: [91m0.8916[0m
train_Precision: [4;34m0.9084[0m,               train_Recall: [4;33m0.8767[0m,                 train_F1 Score: [4;35m0.8881[0m
æ ‡ç­¾é‡Œ1çš„ä¸ªæ•°:  2150
æ ‡ç­¾é‡Œ0çš„ä¸ªæ•°:  2150
æ€»æ•°:  4300
æ­£ç¡®çš„ä¸ªæ•°:  3834
æœ€åä¸€ä¸ªæ‰¹æ¬¡çš„è¾“å‡º, ä¸æ»¡batchsizeæ˜¯æ­£å¸¸çš„:
 tensor([[9.8098e-01],
        [9.7589e-01],
        [9.9989e-01],
        [3.1142e-01],
        [9.9828e-01],
        [1.2623e-02],
        [5.5779e-02],
        [1.0063e-01],
        [9.7868e-01],
        [8.4636e-01],
        [1.3745e-05],
        [2.7374e-03]], device='cuda:0', grad_fn=<SigmoidBackward0>)
Epoch [65/100], T_AUC: [4m0.8961[0m
Epoch [65/100], Loss: 24.0870
val_Accuracy: [92m0.7535[0m
val_Precision: [4;34m0.7666[0m,               val_Recall: [4;33m0.7201[0m,                 val_F1 Score: [4;35m0.7361[0m
æ ‡ç­¾é‡Œ1çš„ä¸ªæ•°:  430
æ ‡ç­¾é‡Œ0çš„ä¸ªæ•°:  430
æ€»æ•°:  860
æ­£ç¡®çš„ä¸ªæ•°:  648
Epoch [65/100], V_AUC: [4m0.7519[0m
Epoch [66/100], Loss: 35.1776
train_Accuracy: [91m0.8928[0m
train_Precision: [4;34m0.9108[0m,               train_Recall: [4;33m0.8783[0m,                 train_F1 Score: [4;35m0.8899[0m
æ ‡ç­¾é‡Œ1çš„ä¸ªæ•°:  2150
æ ‡ç­¾é‡Œ0çš„ä¸ªæ•°:  2150
æ€»æ•°:  4300
æ­£ç¡®çš„ä¸ªæ•°:  3839
æœ€åä¸€ä¸ªæ‰¹æ¬¡çš„è¾“å‡º, ä¸æ»¡batchsizeæ˜¯æ­£å¸¸çš„:
 tensor([[9.5885e-01],
        [9.7438e-01],
        [9.9997e-01],
        [2.8998e-01],
        [9.9612e-01],
        [1.2204e-02],
        [7.9281e-02],
        [1.2974e-01],
        [9.6587e-01],
        [8.9688e-01],
        [7.4481e-06],
        [3.6420e-03]], device='cuda:0', grad_fn=<SigmoidBackward0>)
Epoch [66/100], T_AUC: [4m0.8972[0m
Epoch [66/100], Loss: 24.2482
val_Accuracy: [92m0.7453[0m
val_Precision: [4;34m0.7572[0m,               val_Recall: [4;33m0.7132[0m,                 val_F1 Score: [4;35m0.7284[0m
æ ‡ç­¾é‡Œ1çš„ä¸ªæ•°:  430
æ ‡ç­¾é‡Œ0çš„ä¸ªæ•°:  430
æ€»æ•°:  860
æ­£ç¡®çš„ä¸ªæ•°:  641
Epoch [66/100], V_AUC: [4m0.7434[0m
Epoch [67/100], Loss: 34.7279
train_Accuracy: [91m0.8963[0m
train_Precision: [4;34m0.9147[0m,               train_Recall: [4;33m0.8785[0m,                 train_F1 Score: [4;35m0.8921[0m
æ ‡ç­¾é‡Œ1çš„ä¸ªæ•°:  2150
æ ‡ç­¾é‡Œ0çš„ä¸ªæ•°:  2150
æ€»æ•°:  4300
æ­£ç¡®çš„ä¸ªæ•°:  3854
æœ€åä¸€ä¸ªæ‰¹æ¬¡çš„è¾“å‡º, ä¸æ»¡batchsizeæ˜¯æ­£å¸¸çš„:
 tensor([[9.4141e-01],
        [9.5173e-01],
        [9.9999e-01],
        [1.4417e-01],
        [9.9565e-01],
        [1.5568e-02],
        [1.2934e-01],
        [1.7781e-01],
        [9.4621e-01],
        [8.2954e-01],
        [6.8497e-06],
        [5.8004e-03]], device='cuda:0', grad_fn=<SigmoidBackward0>)
Epoch [67/100], T_AUC: [4m0.9002[0m
Epoch [67/100], Loss: 24.8646
val_Accuracy: [92m0.7616[0m
val_Precision: [4;34m0.7915[0m,               val_Recall: [4;33m0.7017[0m,                 val_F1 Score: [4;35m0.7366[0m
æ ‡ç­¾é‡Œ1çš„ä¸ªæ•°:  430
æ ‡ç­¾é‡Œ0çš„ä¸ªæ•°:  430
æ€»æ•°:  860
æ­£ç¡®çš„ä¸ªæ•°:  655
Epoch [67/100], V_AUC: [4m0.7589[0m
Epoch [68/100], Loss: 33.6595
train_Accuracy: [91m0.8998[0m
train_Precision: [4;34m0.9139[0m,               train_Recall: [4;33m0.8884[0m,                 train_F1 Score: [4;35m0.8973[0m
æ ‡ç­¾é‡Œ1çš„ä¸ªæ•°:  2150
æ ‡ç­¾é‡Œ0çš„ä¸ªæ•°:  2150
æ€»æ•°:  4300
æ­£ç¡®çš„ä¸ªæ•°:  3869
æœ€åä¸€ä¸ªæ‰¹æ¬¡çš„è¾“å‡º, ä¸æ»¡batchsizeæ˜¯æ­£å¸¸çš„:
 tensor([[9.6891e-01],
        [9.6935e-01],
        [9.9983e-01],
        [3.9284e-01],
        [9.9923e-01],
        [1.1578e-02],
        [1.3305e-01],
        [2.4217e-01],
        [9.5092e-01],
        [8.2240e-01],
        [2.3148e-06],
        [1.9606e-03]], device='cuda:0', grad_fn=<SigmoidBackward0>)
Epoch [68/100], T_AUC: [4m0.9035[0m
Epoch [68/100], Loss: 28.9614
val_Accuracy: [92m0.7570[0m
val_Precision: [4;34m0.7889[0m,               val_Recall: [4;33m0.6934[0m,                 val_F1 Score: [4;35m0.7305[0m
æ ‡ç­¾é‡Œ1çš„ä¸ªæ•°:  430
æ ‡ç­¾é‡Œ0çš„ä¸ªæ•°:  430
æ€»æ•°:  860
æ­£ç¡®çš„ä¸ªæ•°:  651
Epoch [68/100], V_AUC: [4m0.7556[0m
Epoch [69/100], Loss: 35.0275
train_Accuracy: [91m0.8956[0m
train_Precision: [4;34m0.9097[0m,               train_Recall: [4;33m0.8830[0m,                 train_F1 Score: [4;35m0.8925[0m
æ ‡ç­¾é‡Œ1çš„ä¸ªæ•°:  2150
æ ‡ç­¾é‡Œ0çš„ä¸ªæ•°:  2150
æ€»æ•°:  4300
æ­£ç¡®çš„ä¸ªæ•°:  3851
æœ€åä¸€ä¸ªæ‰¹æ¬¡çš„è¾“å‡º, ä¸æ»¡batchsizeæ˜¯æ­£å¸¸çš„:
 tensor([[9.8410e-01],
        [9.1853e-01],
        [9.9998e-01],
        [3.0918e-01],
        [9.9673e-01],
        [1.3464e-02],
        [1.1925e-01],
        [1.0820e-01],
        [9.5869e-01],
        [9.2205e-01],
        [1.8739e-06],
        [3.7594e-03]], device='cuda:0', grad_fn=<SigmoidBackward0>)
Epoch [69/100], T_AUC: [4m0.8992[0m
Epoch [69/100], Loss: 24.4477
val_Accuracy: [92m0.7616[0m
val_Precision: [4;34m0.7762[0m,               val_Recall: [4;33m0.7283[0m,                 val_F1 Score: [4;35m0.7452[0m
æ ‡ç­¾é‡Œ1çš„ä¸ªæ•°:  430
æ ‡ç­¾é‡Œ0çš„ä¸ªæ•°:  430
æ€»æ•°:  860
æ­£ç¡®çš„ä¸ªæ•°:  655
Epoch [69/100], V_AUC: [4m0.7594[0m
Epoch [70/100], Loss: 32.3853
train_Accuracy: [91m0.9044[0m
train_Precision: [4;34m0.9162[0m,               train_Recall: [4;33m0.8947[0m,                 train_F1 Score: [4;35m0.9015[0m
æ ‡ç­¾é‡Œ1çš„ä¸ªæ•°:  2150
æ ‡ç­¾é‡Œ0çš„ä¸ªæ•°:  2150
æ€»æ•°:  4300
æ­£ç¡®çš„ä¸ªæ•°:  3889
æœ€åä¸€ä¸ªæ‰¹æ¬¡çš„è¾“å‡º, ä¸æ»¡batchsizeæ˜¯æ­£å¸¸çš„:
 tensor([[9.7186e-01],
        [9.8295e-01],
        [9.9989e-01],
        [6.1875e-01],
        [9.9613e-01],
        [1.3429e-02],
        [7.9202e-02],
        [1.1910e-01],
        [9.7747e-01],
        [9.0534e-01],
        [2.8748e-06],
        [2.3438e-03]], device='cuda:0', grad_fn=<SigmoidBackward0>)
Epoch [70/100], T_AUC: [4m0.9084[0m
Epoch [70/100], Loss: 28.6798
val_Accuracy: [92m0.7523[0m
val_Precision: [4;34m0.7652[0m,               val_Recall: [4;33m0.7141[0m,                 val_F1 Score: [4;35m0.7319[0m
æ ‡ç­¾é‡Œ1çš„ä¸ªæ•°:  430
æ ‡ç­¾é‡Œ0çš„ä¸ªæ•°:  430
æ€»æ•°:  860
æ­£ç¡®çš„ä¸ªæ•°:  647
Epoch [70/100], V_AUC: [4m0.7482[0m
Epoch [71/100], Loss: 31.5719
train_Accuracy: [91m0.9072[0m
train_Precision: [4;34m0.9216[0m,               train_Recall: [4;33m0.8946[0m,                 train_F1 Score: [4;35m0.9043[0m
æ ‡ç­¾é‡Œ1çš„ä¸ªæ•°:  2150
æ ‡ç­¾é‡Œ0çš„ä¸ªæ•°:  2150
æ€»æ•°:  4300
æ­£ç¡®çš„ä¸ªæ•°:  3901
æœ€åä¸€ä¸ªæ‰¹æ¬¡çš„è¾“å‡º, ä¸æ»¡batchsizeæ˜¯æ­£å¸¸çš„:
 tensor([[9.6668e-01],
        [9.8096e-01],
        [9.9989e-01],
        [3.6305e-01],
        [9.9902e-01],
        [6.9191e-03],
        [1.0547e-01],
        [1.4152e-01],
        [9.7511e-01],
        [9.0342e-01],
        [1.0448e-06],
        [2.9998e-03]], device='cuda:0', grad_fn=<SigmoidBackward0>)
Epoch [71/100], T_AUC: [4m0.9105[0m
Epoch [71/100], Loss: 33.6021
val_Accuracy: [92m0.7593[0m
val_Precision: [4;34m0.7674[0m,               val_Recall: [4;33m0.7318[0m,                 val_F1 Score: [4;35m0.7430[0m
æ ‡ç­¾é‡Œ1çš„ä¸ªæ•°:  430
æ ‡ç­¾é‡Œ0çš„ä¸ªæ•°:  430
æ€»æ•°:  860
æ­£ç¡®çš„ä¸ªæ•°:  653
Epoch [71/100], V_AUC: [4m0.7562[0m
Epoch [72/100], Loss: 31.7146
train_Accuracy: [91m0.9028[0m
train_Precision: [4;34m0.9135[0m,               train_Recall: [4;33m0.8948[0m,                 train_F1 Score: [4;35m0.9000[0m
æ ‡ç­¾é‡Œ1çš„ä¸ªæ•°:  2150
æ ‡ç­¾é‡Œ0çš„ä¸ªæ•°:  2150
æ€»æ•°:  4300
æ­£ç¡®çš„ä¸ªæ•°:  3882
æœ€åä¸€ä¸ªæ‰¹æ¬¡çš„è¾“å‡º, ä¸æ»¡batchsizeæ˜¯æ­£å¸¸çš„:
 tensor([[9.6250e-01],
        [9.9272e-01],
        [9.9992e-01],
        [3.7480e-01],
        [9.9935e-01],
        [1.4468e-02],
        [8.5005e-02],
        [1.3016e-01],
        [9.4597e-01],
        [9.2528e-01],
        [1.4842e-06],
        [9.0033e-04]], device='cuda:0', grad_fn=<SigmoidBackward0>)
Epoch [72/100], T_AUC: [4m0.9068[0m
Epoch [72/100], Loss: 32.8072
val_Accuracy: [92m0.7523[0m
val_Precision: [4;34m0.7695[0m,               val_Recall: [4;33m0.7120[0m,                 val_F1 Score: [4;35m0.7316[0m
æ ‡ç­¾é‡Œ1çš„ä¸ªæ•°:  430
æ ‡ç­¾é‡Œ0çš„ä¸ªæ•°:  430
æ€»æ•°:  860
æ­£ç¡®çš„ä¸ªæ•°:  647
Epoch [72/100], V_AUC: [4m0.7501[0m
Epoch [73/100], Loss: 32.9078
train_Accuracy: [91m0.9021[0m
train_Precision: [4;34m0.9147[0m,               train_Recall: [4;33m0.8932[0m,                 train_F1 Score: [4;35m0.9002[0m
æ ‡ç­¾é‡Œ1çš„ä¸ªæ•°:  2150
æ ‡ç­¾é‡Œ0çš„ä¸ªæ•°:  2150
æ€»æ•°:  4300
æ­£ç¡®çš„ä¸ªæ•°:  3879
æœ€åä¸€ä¸ªæ‰¹æ¬¡çš„è¾“å‡º, ä¸æ»¡batchsizeæ˜¯æ­£å¸¸çš„:
 tensor([[9.0122e-01],
        [9.5652e-01],
        [9.9998e-01],
        [4.5865e-01],
        [9.9927e-01],
        [1.8329e-02],
        [4.2982e-02],
        [1.6373e-01],
        [9.9113e-01],
        [9.2025e-01],
        [2.4402e-06],
        [1.3223e-03]], device='cuda:0', grad_fn=<SigmoidBackward0>)
Epoch [73/100], T_AUC: [4m0.9058[0m
Epoch [73/100], Loss: 28.6744
val_Accuracy: [92m0.7581[0m
val_Precision: [4;34m0.7761[0m,               val_Recall: [4;33m0.7184[0m,                 val_F1 Score: [4;35m0.7379[0m
æ ‡ç­¾é‡Œ1çš„ä¸ªæ•°:  430
æ ‡ç­¾é‡Œ0çš„ä¸ªæ•°:  430
æ€»æ•°:  860
æ­£ç¡®çš„ä¸ªæ•°:  652
Epoch [73/100], V_AUC: [4m0.7560[0m
Epoch [74/100], Loss: 31.1245
train_Accuracy: [91m0.9058[0m
train_Precision: [4;34m0.9202[0m,               train_Recall: [4;33m0.8931[0m,                 train_F1 Score: [4;35m0.9028[0m
æ ‡ç­¾é‡Œ1çš„ä¸ªæ•°:  2150
æ ‡ç­¾é‡Œ0çš„ä¸ªæ•°:  2150
æ€»æ•°:  4300
æ­£ç¡®çš„ä¸ªæ•°:  3895
æœ€åä¸€ä¸ªæ‰¹æ¬¡çš„è¾“å‡º, ä¸æ»¡batchsizeæ˜¯æ­£å¸¸çš„:
 tensor([[9.6639e-01],
        [9.9509e-01],
        [9.9994e-01],
        [1.4468e-01],
        [9.9915e-01],
        [1.6426e-02],
        [2.9394e-01],
        [1.0982e-01],
        [9.3151e-01],
        [9.6741e-01],
        [6.1138e-07],
        [1.4275e-03]], device='cuda:0', grad_fn=<SigmoidBackward0>)
Epoch [74/100], T_AUC: [4m0.9100[0m
Epoch [74/100], Loss: 37.2973
val_Accuracy: [92m0.7512[0m
val_Precision: [4;34m0.7479[0m,               val_Recall: [4;33m0.7553[0m,                 val_F1 Score: [4;35m0.7452[0m
æ ‡ç­¾é‡Œ1çš„ä¸ªæ•°:  430
æ ‡ç­¾é‡Œ0çš„ä¸ªæ•°:  430
æ€»æ•°:  860
æ­£ç¡®çš„ä¸ªæ•°:  646
Epoch [74/100], V_AUC: [4m0.7493[0m
Epoch [75/100], Loss: 31.0247
train_Accuracy: [91m0.9051[0m
train_Precision: [4;34m0.9161[0m,               train_Recall: [4;33m0.8958[0m,                 train_F1 Score: [4;35m0.9020[0m
æ ‡ç­¾é‡Œ1çš„ä¸ªæ•°:  2150
æ ‡ç­¾é‡Œ0çš„ä¸ªæ•°:  2150
æ€»æ•°:  4300
æ­£ç¡®çš„ä¸ªæ•°:  3892
æœ€åä¸€ä¸ªæ‰¹æ¬¡çš„è¾“å‡º, ä¸æ»¡batchsizeæ˜¯æ­£å¸¸çš„:
 tensor([[8.2653e-01],
        [9.6309e-01],
        [9.9998e-01],
        [4.6538e-01],
        [9.9944e-01],
        [7.4212e-03],
        [2.1042e-01],
        [1.3941e-01],
        [9.8807e-01],
        [8.7821e-01],
        [1.0082e-06],
        [1.1957e-03]], device='cuda:0', grad_fn=<SigmoidBackward0>)
Epoch [75/100], T_AUC: [4m0.9080[0m
Epoch [75/100], Loss: 30.9455
val_Accuracy: [92m0.7535[0m
val_Precision: [4;34m0.7685[0m,               val_Recall: [4;33m0.7244[0m,                 val_F1 Score: [4;35m0.7381[0m
æ ‡ç­¾é‡Œ1çš„ä¸ªæ•°:  430
æ ‡ç­¾é‡Œ0çš„ä¸ªæ•°:  430
æ€»æ•°:  860
æ­£ç¡®çš„ä¸ªæ•°:  648
Epoch [75/100], V_AUC: [4m0.7528[0m
Epoch [76/100], Loss: 30.1364
train_Accuracy: [91m0.9091[0m
train_Precision: [4;34m0.9231[0m,               train_Recall: [4;33m0.8971[0m,                 train_F1 Score: [4;35m0.9064[0m
æ ‡ç­¾é‡Œ1çš„ä¸ªæ•°:  2150
æ ‡ç­¾é‡Œ0çš„ä¸ªæ•°:  2150
æ€»æ•°:  4300
æ­£ç¡®çš„ä¸ªæ•°:  3909
æœ€åä¸€ä¸ªæ‰¹æ¬¡çš„è¾“å‡º, ä¸æ»¡batchsizeæ˜¯æ­£å¸¸çš„:
 tensor([[8.7555e-01],
        [9.8358e-01],
        [9.9996e-01],
        [3.1271e-01],
        [9.9982e-01],
        [1.1214e-02],
        [4.3936e-01],
        [1.2196e-01],
        [9.8002e-01],
        [8.3530e-01],
        [6.2602e-07],
        [9.2779e-04]], device='cuda:0', grad_fn=<SigmoidBackward0>)
Epoch [76/100], T_AUC: [4m0.9131[0m
Epoch [76/100], Loss: 25.9472
val_Accuracy: [92m0.7360[0m
val_Precision: [4;34m0.7470[0m,               val_Recall: [4;33m0.7033[0m,                 val_F1 Score: [4;35m0.7169[0m
æ ‡ç­¾é‡Œ1çš„ä¸ªæ•°:  430
æ ‡ç­¾é‡Œ0çš„ä¸ªæ•°:  430
æ€»æ•°:  860
æ­£ç¡®çš„ä¸ªæ•°:  633
Epoch [76/100], V_AUC: [4m0.7350[0m
Epoch [77/100], Loss: 27.9855
train_Accuracy: [91m0.9123[0m
train_Precision: [4;34m0.9222[0m,               train_Recall: [4;33m0.9049[0m,                 train_F1 Score: [4;35m0.9104[0m
æ ‡ç­¾é‡Œ1çš„ä¸ªæ•°:  2150
æ ‡ç­¾é‡Œ0çš„ä¸ªæ•°:  2150
æ€»æ•°:  4300
æ­£ç¡®çš„ä¸ªæ•°:  3923
æœ€åä¸€ä¸ªæ‰¹æ¬¡çš„è¾“å‡º, ä¸æ»¡batchsizeæ˜¯æ­£å¸¸çš„:
 tensor([[8.4531e-01],
        [9.6086e-01],
        [1.0000e+00],
        [5.7235e-01],
        [9.9516e-01],
        [9.7765e-03],
        [8.5563e-02],
        [1.8423e-01],
        [9.5920e-01],
        [7.8901e-01],
        [1.2319e-07],
        [5.8224e-04]], device='cuda:0', grad_fn=<SigmoidBackward0>)
Epoch [77/100], T_AUC: [4m0.9147[0m
Epoch [77/100], Loss: 29.5860
val_Accuracy: [92m0.7430[0m
val_Precision: [4;34m0.7504[0m,               val_Recall: [4;33m0.7155[0m,                 val_F1 Score: [4;35m0.7258[0m
æ ‡ç­¾é‡Œ1çš„ä¸ªæ•°:  430
æ ‡ç­¾é‡Œ0çš„ä¸ªæ•°:  430
æ€»æ•°:  860
æ­£ç¡®çš„ä¸ªæ•°:  639
Epoch [77/100], V_AUC: [4m0.7407[0m
Epoch [78/100], Loss: 31.4860
train_Accuracy: [91m0.8981[0m
train_Precision: [4;34m0.9148[0m,               train_Recall: [4;33m0.8856[0m,                 train_F1 Score: [4;35m0.8958[0m
æ ‡ç­¾é‡Œ1çš„ä¸ªæ•°:  2150
æ ‡ç­¾é‡Œ0çš„ä¸ªæ•°:  2150
æ€»æ•°:  4300
æ­£ç¡®çš„ä¸ªæ•°:  3862
æœ€åä¸€ä¸ªæ‰¹æ¬¡çš„è¾“å‡º, ä¸æ»¡batchsizeæ˜¯æ­£å¸¸çš„:
 tensor([[9.5661e-01],
        [9.9476e-01],
        [1.0000e+00],
        [5.8693e-03],
        [9.9958e-01],
        [5.8323e-03],
        [7.6913e-02],
        [1.1716e-01],
        [9.8161e-01],
        [9.2173e-01],
        [4.0797e-07],
        [1.1062e-02]], device='cuda:0', grad_fn=<SigmoidBackward0>)
Epoch [78/100], T_AUC: [4m0.9020[0m
Epoch [78/100], Loss: 39.1306
val_Accuracy: [92m0.7523[0m
val_Precision: [4;34m0.7392[0m,               val_Recall: [4;33m0.7660[0m,                 val_F1 Score: [4;35m0.7465[0m
æ ‡ç­¾é‡Œ1çš„ä¸ªæ•°:  430
æ ‡ç­¾é‡Œ0çš„ä¸ªæ•°:  430
æ€»æ•°:  860
æ­£ç¡®çš„ä¸ªæ•°:  647
Epoch [78/100], V_AUC: [4m0.7491[0m
Epoch [79/100], Loss: 29.7829
train_Accuracy: [91m0.9100[0m
train_Precision: [4;34m0.9195[0m,               train_Recall: [4;33m0.9034[0m,                 train_F1 Score: [4;35m0.9078[0m
æ ‡ç­¾é‡Œ1çš„ä¸ªæ•°:  2150
æ ‡ç­¾é‡Œ0çš„ä¸ªæ•°:  2150
æ€»æ•°:  4300
æ­£ç¡®çš„ä¸ªæ•°:  3913
æœ€åä¸€ä¸ªæ‰¹æ¬¡çš„è¾“å‡º, ä¸æ»¡batchsizeæ˜¯æ­£å¸¸çš„:
 tensor([[8.4489e-01],
        [9.9202e-01],
        [1.0000e+00],
        [1.8705e-01],
        [9.9010e-01],
        [2.1666e-02],
        [2.9443e-01],
        [1.4942e-01],
        [9.6508e-01],
        [4.2159e-01],
        [3.3383e-07],
        [4.2291e-04]], device='cuda:0', grad_fn=<SigmoidBackward0>)
Epoch [79/100], T_AUC: [4m0.9130[0m
Epoch [79/100], Loss: 29.3077
val_Accuracy: [92m0.7488[0m
val_Precision: [4;34m0.7859[0m,               val_Recall: [4;33m0.6805[0m,                 val_F1 Score: [4;35m0.7212[0m
æ ‡ç­¾é‡Œ1çš„ä¸ªæ•°:  430
æ ‡ç­¾é‡Œ0çš„ä¸ªæ•°:  430
æ€»æ•°:  860
æ­£ç¡®çš„ä¸ªæ•°:  644
Epoch [79/100], V_AUC: [4m0.7476[0m
Epoch [80/100], Loss: 27.5976
train_Accuracy: [91m0.9147[0m
train_Precision: [4;34m0.9277[0m,               train_Recall: [4;33m0.9027[0m,                 train_F1 Score: [4;35m0.9117[0m
æ ‡ç­¾é‡Œ1çš„ä¸ªæ•°:  2150
æ ‡ç­¾é‡Œ0çš„ä¸ªæ•°:  2150
æ€»æ•°:  4300
æ­£ç¡®çš„ä¸ªæ•°:  3933
æœ€åä¸€ä¸ªæ‰¹æ¬¡çš„è¾“å‡º, ä¸æ»¡batchsizeæ˜¯æ­£å¸¸çš„:
 tensor([[7.4375e-01],
        [9.7549e-01],
        [1.0000e+00],
        [1.0589e-01],
        [9.9835e-01],
        [2.3130e-02],
        [5.6885e-01],
        [1.0786e-01],
        [9.9533e-01],
        [8.2705e-01],
        [8.5114e-08],
        [3.8903e-04]], device='cuda:0', grad_fn=<SigmoidBackward0>)
Epoch [80/100], T_AUC: [4m0.9175[0m
Epoch [80/100], Loss: 30.4197
val_Accuracy: [92m0.7547[0m
val_Precision: [4;34m0.7742[0m,               val_Recall: [4;33m0.7136[0m,                 val_F1 Score: [4;35m0.7351[0m
æ ‡ç­¾é‡Œ1çš„ä¸ªæ•°:  430
æ ‡ç­¾é‡Œ0çš„ä¸ªæ•°:  430
æ€»æ•°:  860
æ­£ç¡®çš„ä¸ªæ•°:  649
Epoch [80/100], V_AUC: [4m0.7519[0m
Epoch [81/100], Loss: 30.1991
train_Accuracy: [91m0.9058[0m
train_Precision: [4;34m0.9216[0m,               train_Recall: [4;33m0.8945[0m,                 train_F1 Score: [4;35m0.9041[0m
æ ‡ç­¾é‡Œ1çš„ä¸ªæ•°:  2150
æ ‡ç­¾é‡Œ0çš„ä¸ªæ•°:  2150
æ€»æ•°:  4300
æ­£ç¡®çš„ä¸ªæ•°:  3895
æœ€åä¸€ä¸ªæ‰¹æ¬¡çš„è¾“å‡º, ä¸æ»¡batchsizeæ˜¯æ­£å¸¸çš„:
 tensor([[9.5144e-01],
        [9.7686e-01],
        [1.0000e+00],
        [7.1889e-01],
        [9.9874e-01],
        [2.5930e-03],
        [6.3771e-02],
        [2.0633e-01],
        [9.8474e-01],
        [7.5038e-01],
        [3.8458e-07],
        [3.2018e-04]], device='cuda:0', grad_fn=<SigmoidBackward0>)
Epoch [81/100], T_AUC: [4m0.9095[0m
Epoch [81/100], Loss: 33.2077
val_Accuracy: [92m0.7488[0m
val_Precision: [4;34m0.7551[0m,               val_Recall: [4;33m0.7196[0m,                 val_F1 Score: [4;35m0.7317[0m
æ ‡ç­¾é‡Œ1çš„ä¸ªæ•°:  430
æ ‡ç­¾é‡Œ0çš„ä¸ªæ•°:  430
æ€»æ•°:  860
æ­£ç¡®çš„ä¸ªæ•°:  644
Epoch [81/100], V_AUC: [4m0.7457[0m
Epoch [82/100], Loss: 31.5306
train_Accuracy: [91m0.9042[0m
train_Precision: [4;34m0.9155[0m,               train_Recall: [4;33m0.8951[0m,                 train_F1 Score: [4;35m0.9019[0m
æ ‡ç­¾é‡Œ1çš„ä¸ªæ•°:  2150
æ ‡ç­¾é‡Œ0çš„ä¸ªæ•°:  2150
æ€»æ•°:  4300
æ­£ç¡®çš„ä¸ªæ•°:  3888
æœ€åä¸€ä¸ªæ‰¹æ¬¡çš„è¾“å‡º, ä¸æ»¡batchsizeæ˜¯æ­£å¸¸çš„:
 tensor([[9.6373e-01],
        [9.8285e-01],
        [1.0000e+00],
        [1.3036e-02],
        [9.9380e-01],
        [1.1222e-02],
        [5.9879e-01],
        [1.3021e-01],
        [9.8398e-01],
        [9.4613e-01],
        [1.6370e-07],
        [1.5346e-03]], device='cuda:0', grad_fn=<SigmoidBackward0>)
Epoch [82/100], T_AUC: [4m0.9071[0m
Epoch [82/100], Loss: 28.0841
val_Accuracy: [92m0.7384[0m
val_Precision: [4;34m0.7421[0m,               val_Recall: [4;33m0.7239[0m,                 val_F1 Score: [4;35m0.7269[0m
æ ‡ç­¾é‡Œ1çš„ä¸ªæ•°:  430
æ ‡ç­¾é‡Œ0çš„ä¸ªæ•°:  430
æ€»æ•°:  860
æ­£ç¡®çš„ä¸ªæ•°:  635
Epoch [82/100], V_AUC: [4m0.7373[0m
Epoch [83/100], Loss: 27.4836
train_Accuracy: [91m0.9174[0m
train_Precision: [4;34m0.9257[0m,               train_Recall: [4;33m0.9123[0m,                 train_F1 Score: [4;35m0.9163[0m
æ ‡ç­¾é‡Œ1çš„ä¸ªæ•°:  2150
æ ‡ç­¾é‡Œ0çš„ä¸ªæ•°:  2150
æ€»æ•°:  4300
æ­£ç¡®çš„ä¸ªæ•°:  3945
æœ€åä¸€ä¸ªæ‰¹æ¬¡çš„è¾“å‡º, ä¸æ»¡batchsizeæ˜¯æ­£å¸¸çš„:
 tensor([[9.5248e-01],
        [9.9854e-01],
        [1.0000e+00],
        [9.2946e-04],
        [9.9796e-01],
        [9.2206e-05],
        [4.2733e-02],
        [2.1535e-01],
        [9.9138e-01],
        [9.7473e-01],
        [4.6928e-07],
        [2.6841e-03]], device='cuda:0', grad_fn=<SigmoidBackward0>)
Epoch [83/100], T_AUC: [4m0.9203[0m
Epoch [83/100], Loss: 37.0014
val_Accuracy: [92m0.7477[0m
val_Precision: [4;34m0.7568[0m,               val_Recall: [4;33m0.7152[0m,                 val_F1 Score: [4;35m0.7298[0m
æ ‡ç­¾é‡Œ1çš„ä¸ªæ•°:  430
æ ‡ç­¾é‡Œ0çš„ä¸ªæ•°:  430
æ€»æ•°:  860
æ­£ç¡®çš„ä¸ªæ•°:  643
Epoch [83/100], V_AUC: [4m0.7454[0m
Epoch [84/100], Loss: 25.7778
train_Accuracy: [91m0.9244[0m
train_Precision: [4;34m0.9382[0m,               train_Recall: [4;33m0.9138[0m,                 train_F1 Score: [4;35m0.9236[0m
æ ‡ç­¾é‡Œ1çš„ä¸ªæ•°:  2150
æ ‡ç­¾é‡Œ0çš„ä¸ªæ•°:  2150
æ€»æ•°:  4300
æ­£ç¡®çš„ä¸ªæ•°:  3975
æœ€åä¸€ä¸ªæ‰¹æ¬¡çš„è¾“å‡º, ä¸æ»¡batchsizeæ˜¯æ­£å¸¸çš„:
 tensor([[9.4689e-01],
        [9.9875e-01],
        [1.0000e+00],
        [5.9640e-03],
        [9.9976e-01],
        [5.8213e-03],
        [1.5505e-01],
        [1.4455e-01],
        [9.9201e-01],
        [9.3720e-01],
        [1.0617e-07],
        [5.6607e-04]], device='cuda:0', grad_fn=<SigmoidBackward0>)
Epoch [84/100], T_AUC: [4m0.9267[0m
Epoch [84/100], Loss: 31.3197
val_Accuracy: [92m0.7349[0m
val_Precision: [4;34m0.7531[0m,               val_Recall: [4;33m0.6887[0m,                 val_F1 Score: [4;35m0.7133[0m
æ ‡ç­¾é‡Œ1çš„ä¸ªæ•°:  430
æ ‡ç­¾é‡Œ0çš„ä¸ªæ•°:  430
æ€»æ•°:  860
æ­£ç¡®çš„ä¸ªæ•°:  632
Epoch [84/100], V_AUC: [4m0.7344[0m
Epoch [85/100], Loss: 26.2001
train_Accuracy: [91m0.9195[0m
train_Precision: [4;34m0.9300[0m,               train_Recall: [4;33m0.9134[0m,                 train_F1 Score: [4;35m0.9185[0m
æ ‡ç­¾é‡Œ1çš„ä¸ªæ•°:  2150
æ ‡ç­¾é‡Œ0çš„ä¸ªæ•°:  2150
æ€»æ•°:  4300
æ­£ç¡®çš„ä¸ªæ•°:  3954
æœ€åä¸€ä¸ªæ‰¹æ¬¡çš„è¾“å‡º, ä¸æ»¡batchsizeæ˜¯æ­£å¸¸çš„:
 tensor([[9.7802e-01],
        [9.9984e-01],
        [1.0000e+00],
        [5.5575e-03],
        [9.9936e-01],
        [1.3574e-03],
        [4.6698e-03],
        [1.5218e-01],
        [9.6485e-01],
        [9.3288e-01],
        [4.6790e-08],
        [1.5913e-03]], device='cuda:0', grad_fn=<SigmoidBackward0>)
Epoch [85/100], T_AUC: [4m0.9230[0m
Epoch [85/100], Loss: 43.3368
val_Accuracy: [92m0.7442[0m
val_Precision: [4;34m0.7489[0m,               val_Recall: [4;33m0.7199[0m,                 val_F1 Score: [4;35m0.7290[0m
æ ‡ç­¾é‡Œ1çš„ä¸ªæ•°:  430
æ ‡ç­¾é‡Œ0çš„ä¸ªæ•°:  430
æ€»æ•°:  860
æ­£ç¡®çš„ä¸ªæ•°:  640
Epoch [85/100], V_AUC: [4m0.7410[0m
Epoch [86/100], Loss: 28.5396
train_Accuracy: [91m0.9135[0m
train_Precision: [4;34m0.9305[0m,               train_Recall: [4;33m0.8996[0m,                 train_F1 Score: [4;35m0.9110[0m
æ ‡ç­¾é‡Œ1çš„ä¸ªæ•°:  2150
æ ‡ç­¾é‡Œ0çš„ä¸ªæ•°:  2150
æ€»æ•°:  4300
æ­£ç¡®çš„ä¸ªæ•°:  3928
æœ€åä¸€ä¸ªæ‰¹æ¬¡çš„è¾“å‡º, ä¸æ»¡batchsizeæ˜¯æ­£å¸¸çš„:
 tensor([[9.3986e-01],
        [9.8806e-01],
        [1.0000e+00],
        [4.0121e-02],
        [9.9959e-01],
        [2.5108e-03],
        [7.4814e-01],
        [1.6415e-01],
        [9.8815e-01],
        [7.6147e-01],
        [1.8790e-07],
        [6.4615e-04]], device='cuda:0', grad_fn=<SigmoidBackward0>)
Epoch [86/100], T_AUC: [4m0.9169[0m
Epoch [86/100], Loss: 31.3742
val_Accuracy: [92m0.7326[0m
val_Precision: [4;34m0.7220[0m,               val_Recall: [4;33m0.7539[0m,                 val_F1 Score: [4;35m0.7312[0m
æ ‡ç­¾é‡Œ1çš„ä¸ªæ•°:  430
æ ‡ç­¾é‡Œ0çš„ä¸ªæ•°:  430
æ€»æ•°:  860
æ­£ç¡®çš„ä¸ªæ•°:  630
Epoch [86/100], V_AUC: [4m0.7330[0m
Epoch [87/100], Loss: 28.2629
train_Accuracy: [91m0.9135[0m
train_Precision: [4;34m0.9223[0m,               train_Recall: [4;33m0.9071[0m,                 train_F1 Score: [4;35m0.9119[0m
æ ‡ç­¾é‡Œ1çš„ä¸ªæ•°:  2150
æ ‡ç­¾é‡Œ0çš„ä¸ªæ•°:  2150
æ€»æ•°:  4300
æ­£ç¡®çš„ä¸ªæ•°:  3928
æœ€åä¸€ä¸ªæ‰¹æ¬¡çš„è¾“å‡º, ä¸æ»¡batchsizeæ˜¯æ­£å¸¸çš„:
 tensor([[9.8679e-01],
        [9.8686e-01],
        [1.0000e+00],
        [4.6846e-02],
        [9.9039e-01],
        [1.8479e-02],
        [4.0830e-02],
        [1.2363e-01],
        [9.8156e-01],
        [9.4095e-01],
        [3.0840e-08],
        [3.8358e-04]], device='cuda:0', grad_fn=<SigmoidBackward0>)
Epoch [87/100], T_AUC: [4m0.9160[0m
Epoch [87/100], Loss: 33.1056
val_Accuracy: [92m0.7395[0m
val_Precision: [4;34m0.7591[0m,               val_Recall: [4;33m0.6982[0m,                 val_F1 Score: [4;35m0.7205[0m
æ ‡ç­¾é‡Œ1çš„ä¸ªæ•°:  430
æ ‡ç­¾é‡Œ0çš„ä¸ªæ•°:  430
æ€»æ•°:  860
æ­£ç¡®çš„ä¸ªæ•°:  636
Epoch [87/100], V_AUC: [4m0.7400[0m
Epoch [88/100], Loss: 26.5072
train_Accuracy: [91m0.9202[0m
train_Precision: [4;34m0.9261[0m,               train_Recall: [4;33m0.9173[0m,                 train_F1 Score: [4;35m0.9188[0m
æ ‡ç­¾é‡Œ1çš„ä¸ªæ•°:  2150
æ ‡ç­¾é‡Œ0çš„ä¸ªæ•°:  2150
æ€»æ•°:  4300
æ­£ç¡®çš„ä¸ªæ•°:  3957
æœ€åä¸€ä¸ªæ‰¹æ¬¡çš„è¾“å‡º, ä¸æ»¡batchsizeæ˜¯æ­£å¸¸çš„:
 tensor([[9.6112e-01],
        [9.9597e-01],
        [1.0000e+00],
        [1.5833e-01],
        [9.9864e-01],
        [5.4415e-03],
        [1.0196e-01],
        [1.2457e-01],
        [9.9265e-01],
        [7.0886e-01],
        [3.7683e-09],
        [3.8532e-04]], device='cuda:0', grad_fn=<SigmoidBackward0>)
Epoch [88/100], T_AUC: [4m0.9234[0m
Epoch [88/100], Loss: 37.8800
val_Accuracy: [92m0.7605[0m
val_Precision: [4;34m0.7656[0m,               val_Recall: [4;33m0.7413[0m,                 val_F1 Score: [4;35m0.7471[0m
æ ‡ç­¾é‡Œ1çš„ä¸ªæ•°:  430
æ ‡ç­¾é‡Œ0çš„ä¸ªæ•°:  430
æ€»æ•°:  860
æ­£ç¡®çš„ä¸ªæ•°:  654
Epoch [88/100], V_AUC: [4m0.7578[0m
Epoch [89/100], Loss: 25.4032
train_Accuracy: [91m0.9226[0m
train_Precision: [4;34m0.9314[0m,               train_Recall: [4;33m0.9168[0m,                 train_F1 Score: [4;35m0.9212[0m
æ ‡ç­¾é‡Œ1çš„ä¸ªæ•°:  2150
æ ‡ç­¾é‡Œ0çš„ä¸ªæ•°:  2150
æ€»æ•°:  4300
æ­£ç¡®çš„ä¸ªæ•°:  3967
æœ€åä¸€ä¸ªæ‰¹æ¬¡çš„è¾“å‡º, ä¸æ»¡batchsizeæ˜¯æ­£å¸¸çš„:
 tensor([[9.5988e-01],
        [9.9762e-01],
        [1.0000e+00],
        [3.3604e-02],
        [9.9894e-01],
        [5.6280e-03],
        [5.7140e-02],
        [1.3218e-02],
        [9.9699e-01],
        [9.3547e-01],
        [2.1102e-09],
        [1.8283e-03]], device='cuda:0', grad_fn=<SigmoidBackward0>)
Epoch [89/100], T_AUC: [4m0.9257[0m
Epoch [89/100], Loss: 45.5780
val_Accuracy: [92m0.7581[0m
val_Precision: [4;34m0.7581[0m,               val_Recall: [4;33m0.7478[0m,                 val_F1 Score: [4;35m0.7463[0m
æ ‡ç­¾é‡Œ1çš„ä¸ªæ•°:  430
æ ‡ç­¾é‡Œ0çš„ä¸ªæ•°:  430
æ€»æ•°:  860
æ­£ç¡®çš„ä¸ªæ•°:  652
Epoch [89/100], V_AUC: [4m0.7565[0m
Epoch [90/100], Loss: 25.0898
train_Accuracy: [91m0.9242[0m
train_Precision: [4;34m0.9363[0m,               train_Recall: [4;33m0.9159[0m,                 train_F1 Score: [4;35m0.9233[0m
æ ‡ç­¾é‡Œ1çš„ä¸ªæ•°:  2150
æ ‡ç­¾é‡Œ0çš„ä¸ªæ•°:  2150
æ€»æ•°:  4300
æ­£ç¡®çš„ä¸ªæ•°:  3974
æœ€åä¸€ä¸ªæ‰¹æ¬¡çš„è¾“å‡º, ä¸æ»¡batchsizeæ˜¯æ­£å¸¸çš„:
 tensor([[9.8298e-01],
        [9.9904e-01],
        [1.0000e+00],
        [2.0290e-02],
        [9.9957e-01],
        [1.7539e-03],
        [1.2822e-01],
        [1.2020e-01],
        [9.9123e-01],
        [8.9608e-01],
        [9.9355e-09],
        [2.8851e-04]], device='cuda:0', grad_fn=<SigmoidBackward0>)
Epoch [90/100], T_AUC: [4m0.9273[0m
Epoch [90/100], Loss: 41.4286
val_Accuracy: [92m0.7384[0m
val_Precision: [4;34m0.7469[0m,               val_Recall: [4;33m0.7124[0m,                 val_F1 Score: [4;35m0.7218[0m
æ ‡ç­¾é‡Œ1çš„ä¸ªæ•°:  430
æ ‡ç­¾é‡Œ0çš„ä¸ªæ•°:  430
æ€»æ•°:  860
æ­£ç¡®çš„ä¸ªæ•°:  635
Epoch [90/100], V_AUC: [4m0.7367[0m
Epoch [91/100], Loss: 27.7478
train_Accuracy: [91m0.9160[0m
train_Precision: [4;34m0.9248[0m,               train_Recall: [4;33m0.9116[0m,                 train_F1 Score: [4;35m0.9150[0m
æ ‡ç­¾é‡Œ1çš„ä¸ªæ•°:  2150
æ ‡ç­¾é‡Œ0çš„ä¸ªæ•°:  2150
æ€»æ•°:  4300
æ­£ç¡®çš„ä¸ªæ•°:  3939
æœ€åä¸€ä¸ªæ‰¹æ¬¡çš„è¾“å‡º, ä¸æ»¡batchsizeæ˜¯æ­£å¸¸çš„:
 tensor([[8.9778e-01],
        [9.7821e-01],
        [1.0000e+00],
        [4.2728e-02],
        [9.9922e-01],
        [8.4399e-03],
        [9.1832e-02],
        [1.6831e-01],
        [9.9470e-01],
        [7.4731e-01],
        [1.5770e-09],
        [2.8338e-04]], device='cuda:0', grad_fn=<SigmoidBackward0>)
Epoch [91/100], T_AUC: [4m0.9189[0m
Epoch [91/100], Loss: 51.5639
val_Accuracy: [92m0.7419[0m
val_Precision: [4;34m0.7544[0m,               val_Recall: [4;33m0.7059[0m,                 val_F1 Score: [4;35m0.7241[0m
æ ‡ç­¾é‡Œ1çš„ä¸ªæ•°:  430
æ ‡ç­¾é‡Œ0çš„ä¸ªæ•°:  430
æ€»æ•°:  860
æ­£ç¡®çš„ä¸ªæ•°:  638
Epoch [91/100], V_AUC: [4m0.7396[0m
Epoch [92/100], Loss: 28.0108
train_Accuracy: [91m0.9202[0m
train_Precision: [4;34m0.9318[0m,               train_Recall: [4;33m0.9123[0m,                 train_F1 Score: [4;35m0.9195[0m
æ ‡ç­¾é‡Œ1çš„ä¸ªæ•°:  2150
æ ‡ç­¾é‡Œ0çš„ä¸ªæ•°:  2150
æ€»æ•°:  4300
æ­£ç¡®çš„ä¸ªæ•°:  3957
æœ€åä¸€ä¸ªæ‰¹æ¬¡çš„è¾“å‡º, ä¸æ»¡batchsizeæ˜¯æ­£å¸¸çš„:
 tensor([[9.5555e-01],
        [9.9867e-01],
        [1.0000e+00],
        [2.3258e-01],
        [9.9410e-01],
        [4.9678e-03],
        [2.9241e-02],
        [7.3654e-02],
        [9.8968e-01],
        [9.8391e-01],
        [9.0475e-09],
        [1.3630e-04]], device='cuda:0', grad_fn=<SigmoidBackward0>)
Epoch [92/100], T_AUC: [4m0.9229[0m
Epoch [92/100], Loss: 42.5672
val_Accuracy: [92m0.7535[0m
val_Precision: [4;34m0.7523[0m,               val_Recall: [4;33m0.7419[0m,                 val_F1 Score: [4;35m0.7422[0m
æ ‡ç­¾é‡Œ1çš„ä¸ªæ•°:  430
æ ‡ç­¾é‡Œ0çš„ä¸ªæ•°:  430
æ€»æ•°:  860
æ­£ç¡®çš„ä¸ªæ•°:  648
Epoch [92/100], V_AUC: [4m0.7509[0m
Epoch [93/100], Loss: 25.2010
train_Accuracy: [91m0.9230[0m
train_Precision: [4;34m0.9328[0m,               train_Recall: [4;33m0.9159[0m,                 train_F1 Score: [4;35m0.9214[0m
æ ‡ç­¾é‡Œ1çš„ä¸ªæ•°:  2150
æ ‡ç­¾é‡Œ0çš„ä¸ªæ•°:  2150
æ€»æ•°:  4300
æ­£ç¡®çš„ä¸ªæ•°:  3969
æœ€åä¸€ä¸ªæ‰¹æ¬¡çš„è¾“å‡º, ä¸æ»¡batchsizeæ˜¯æ­£å¸¸çš„:
 tensor([[8.7287e-01],
        [9.9245e-01],
        [1.0000e+00],
        [2.6327e-01],
        [9.9432e-01],
        [5.1833e-03],
        [2.9817e-01],
        [9.6197e-03],
        [9.9188e-01],
        [9.0308e-01],
        [1.6761e-08],
        [1.9427e-04]], device='cuda:0', grad_fn=<SigmoidBackward0>)
Epoch [93/100], T_AUC: [4m0.9260[0m
Epoch [93/100], Loss: 44.8718
val_Accuracy: [92m0.7430[0m
val_Precision: [4;34m0.7584[0m,               val_Recall: [4;33m0.7011[0m,                 val_F1 Score: [4;35m0.7236[0m
æ ‡ç­¾é‡Œ1çš„ä¸ªæ•°:  430
æ ‡ç­¾é‡Œ0çš„ä¸ªæ•°:  430
æ€»æ•°:  860
æ­£ç¡®çš„ä¸ªæ•°:  639
Epoch [93/100], V_AUC: [4m0.7403[0m
Epoch [94/100], Loss: 27.5882
train_Accuracy: [91m0.9151[0m
train_Precision: [4;34m0.9252[0m,               train_Recall: [4;33m0.9085[0m,                 train_F1 Score: [4;35m0.9139[0m
æ ‡ç­¾é‡Œ1çš„ä¸ªæ•°:  2150
æ ‡ç­¾é‡Œ0çš„ä¸ªæ•°:  2150
æ€»æ•°:  4300
æ­£ç¡®çš„ä¸ªæ•°:  3935
æœ€åä¸€ä¸ªæ‰¹æ¬¡çš„è¾“å‡º, ä¸æ»¡batchsizeæ˜¯æ­£å¸¸çš„:
 tensor([[9.7147e-01],
        [9.9876e-01],
        [1.0000e+00],
        [4.2263e-03],
        [9.9958e-01],
        [1.5425e-03],
        [2.4947e-01],
        [1.5680e-01],
        [9.9888e-01],
        [9.8689e-01],
        [3.6749e-09],
        [4.0124e-04]], device='cuda:0', grad_fn=<SigmoidBackward0>)
Epoch [94/100], T_AUC: [4m0.9186[0m
Epoch [94/100], Loss: 38.2539
val_Accuracy: [92m0.7488[0m
val_Precision: [4;34m0.7667[0m,               val_Recall: [4;33m0.7046[0m,                 val_F1 Score: [4;35m0.7284[0m
æ ‡ç­¾é‡Œ1çš„ä¸ªæ•°:  430
æ ‡ç­¾é‡Œ0çš„ä¸ªæ•°:  430
æ€»æ•°:  860
æ­£ç¡®çš„ä¸ªæ•°:  644
Epoch [94/100], V_AUC: [4m0.7469[0m
Epoch [95/100], Loss: 27.0686
train_Accuracy: [91m0.9167[0m
train_Precision: [4;34m0.9286[0m,               train_Recall: [4;33m0.9085[0m,                 train_F1 Score: [4;35m0.9155[0m
æ ‡ç­¾é‡Œ1çš„ä¸ªæ•°:  2150
æ ‡ç­¾é‡Œ0çš„ä¸ªæ•°:  2150
æ€»æ•°:  4300
æ­£ç¡®çš„ä¸ªæ•°:  3942
æœ€åä¸€ä¸ªæ‰¹æ¬¡çš„è¾“å‡º, ä¸æ»¡batchsizeæ˜¯æ­£å¸¸çš„:
 tensor([[9.4509e-01],
        [9.9979e-01],
        [1.0000e+00],
        [3.6922e-02],
        [9.9281e-01],
        [4.2790e-05],
        [3.0293e-01],
        [2.8218e-02],
        [9.9255e-01],
        [9.4746e-01],
        [2.6149e-07],
        [6.6488e-05]], device='cuda:0', grad_fn=<SigmoidBackward0>)
Epoch [95/100], T_AUC: [4m0.9200[0m
Epoch [95/100], Loss: 42.9892
val_Accuracy: [92m0.7465[0m
val_Precision: [4;34m0.7549[0m,               val_Recall: [4;33m0.7203[0m,                 val_F1 Score: [4;35m0.7315[0m
æ ‡ç­¾é‡Œ1çš„ä¸ªæ•°:  430
æ ‡ç­¾é‡Œ0çš„ä¸ªæ•°:  430
æ€»æ•°:  860
æ­£ç¡®çš„ä¸ªæ•°:  642
Epoch [95/100], V_AUC: [4m0.7444[0m
Epoch [96/100], Loss: 23.3847
train_Accuracy: [91m0.9286[0m
train_Precision: [4;34m0.9392[0m,               train_Recall: [4;33m0.9205[0m,                 train_F1 Score: [4;35m0.9276[0m
æ ‡ç­¾é‡Œ1çš„ä¸ªæ•°:  2150
æ ‡ç­¾é‡Œ0çš„ä¸ªæ•°:  2150
æ€»æ•°:  4300
æ­£ç¡®çš„ä¸ªæ•°:  3993
æœ€åä¸€ä¸ªæ‰¹æ¬¡çš„è¾“å‡º, ä¸æ»¡batchsizeæ˜¯æ­£å¸¸çš„:
 tensor([[9.7098e-01],
        [9.9852e-01],
        [1.0000e+00],
        [2.4978e-01],
        [9.9976e-01],
        [9.9254e-05],
        [2.5397e-01],
        [3.6480e-04],
        [9.9626e-01],
        [9.6127e-01],
        [4.5520e-07],
        [1.0309e-04]], device='cuda:0', grad_fn=<SigmoidBackward0>)
Epoch [96/100], T_AUC: [4m0.9304[0m
Epoch [96/100], Loss: 47.5344
val_Accuracy: [92m0.7360[0m
val_Precision: [4;34m0.7514[0m,               val_Recall: [4;33m0.6957[0m,                 val_F1 Score: [4;35m0.7161[0m
æ ‡ç­¾é‡Œ1çš„ä¸ªæ•°:  430
æ ‡ç­¾é‡Œ0çš„ä¸ªæ•°:  430
æ€»æ•°:  860
æ­£ç¡®çš„ä¸ªæ•°:  633
Epoch [96/100], V_AUC: [4m0.7347[0m
Epoch [97/100], Loss: 25.0735
train_Accuracy: [91m0.9207[0m
train_Precision: [4;34m0.9286[0m,               train_Recall: [4;33m0.9176[0m,                 train_F1 Score: [4;35m0.9198[0m
æ ‡ç­¾é‡Œ1çš„ä¸ªæ•°:  2150
æ ‡ç­¾é‡Œ0çš„ä¸ªæ•°:  2150
æ€»æ•°:  4300
æ­£ç¡®çš„ä¸ªæ•°:  3959
æœ€åä¸€ä¸ªæ‰¹æ¬¡çš„è¾“å‡º, ä¸æ»¡batchsizeæ˜¯æ­£å¸¸çš„:
 tensor([[9.8059e-01],
        [9.9693e-01],
        [1.0000e+00],
        [1.2124e-02],
        [9.9806e-01],
        [4.8705e-04],
        [1.0484e-01],
        [3.2216e-01],
        [9.9599e-01],
        [9.6034e-01],
        [3.2009e-08],
        [8.0810e-05]], device='cuda:0', grad_fn=<SigmoidBackward0>)
Epoch [97/100], T_AUC: [4m0.9240[0m
Epoch [97/100], Loss: 43.9900
val_Accuracy: [92m0.7372[0m
val_Precision: [4;34m0.7600[0m,               val_Recall: [4;33m0.6840[0m,                 val_F1 Score: [4;35m0.7141[0m
æ ‡ç­¾é‡Œ1çš„ä¸ªæ•°:  430
æ ‡ç­¾é‡Œ0çš„ä¸ªæ•°:  430
æ€»æ•°:  860
æ­£ç¡®çš„ä¸ªæ•°:  634
Epoch [97/100], V_AUC: [4m0.7363[0m
Epoch [98/100], Loss: 25.0226
train_Accuracy: [91m0.9214[0m
train_Precision: [4;34m0.9315[0m,               train_Recall: [4;33m0.9139[0m,                 train_F1 Score: [4;35m0.9196[0m
æ ‡ç­¾é‡Œ1çš„ä¸ªæ•°:  2150
æ ‡ç­¾é‡Œ0çš„ä¸ªæ•°:  2150
æ€»æ•°:  4300
æ­£ç¡®çš„ä¸ªæ•°:  3962
æœ€åä¸€ä¸ªæ‰¹æ¬¡çš„è¾“å‡º, ä¸æ»¡batchsizeæ˜¯æ­£å¸¸çš„:
 tensor([[9.8842e-01],
        [9.9919e-01],
        [1.0000e+00],
        [7.2505e-03],
        [9.9547e-01],
        [1.1133e-03],
        [8.3409e-02],
        [5.7716e-02],
        [9.9384e-01],
        [9.9027e-01],
        [3.4192e-09],
        [2.4518e-04]], device='cuda:0', grad_fn=<SigmoidBackward0>)
Epoch [98/100], T_AUC: [4m0.9247[0m
Epoch [98/100], Loss: 57.9410
val_Accuracy: [92m0.7500[0m
val_Precision: [4;34m0.7518[0m,               val_Recall: [4;33m0.7358[0m,                 val_F1 Score: [4;35m0.7383[0m
æ ‡ç­¾é‡Œ1çš„ä¸ªæ•°:  430
æ ‡ç­¾é‡Œ0çš„ä¸ªæ•°:  430
æ€»æ•°:  860
æ­£ç¡®çš„ä¸ªæ•°:  645
Epoch [98/100], V_AUC: [4m0.7483[0m
Epoch [99/100], Loss: 22.8307
train_Accuracy: [91m0.9319[0m
train_Precision: [4;34m0.9421[0m,               train_Recall: [4;33m0.9245[0m,                 train_F1 Score: [4;35m0.9307[0m
æ ‡ç­¾é‡Œ1çš„ä¸ªæ•°:  2150
æ ‡ç­¾é‡Œ0çš„ä¸ªæ•°:  2150
æ€»æ•°:  4300
æ­£ç¡®çš„ä¸ªæ•°:  4007
æœ€åä¸€ä¸ªæ‰¹æ¬¡çš„è¾“å‡º, ä¸æ»¡batchsizeæ˜¯æ­£å¸¸çš„:
 tensor([[9.5656e-01],
        [9.9963e-01],
        [1.0000e+00],
        [7.9883e-02],
        [9.9979e-01],
        [1.2112e-03],
        [1.2718e-02],
        [6.6309e-02],
        [9.9906e-01],
        [9.9790e-01],
        [5.5846e-10],
        [5.0520e-05]], device='cuda:0', grad_fn=<SigmoidBackward0>)
Epoch [99/100], T_AUC: [4m0.9352[0m
Epoch [99/100], Loss: 51.7227
val_Accuracy: [92m0.7372[0m
val_Precision: [4;34m0.7404[0m,               val_Recall: [4;33m0.7069[0m,                 val_F1 Score: [4;35m0.7165[0m
æ ‡ç­¾é‡Œ1çš„ä¸ªæ•°:  430
æ ‡ç­¾é‡Œ0çš„ä¸ªæ•°:  430
æ€»æ•°:  860
æ­£ç¡®çš„ä¸ªæ•°:  634
Epoch [99/100], V_AUC: [4m0.7318[0m
Epoch [100/100], Loss: 24.3251
train_Accuracy: [91m0.9237[0m
train_Precision: [4;34m0.9310[0m,               train_Recall: [4;33m0.9173[0m,                 train_F1 Score: [4;35m0.9215[0m
æ ‡ç­¾é‡Œ1çš„ä¸ªæ•°:  2150
æ ‡ç­¾é‡Œ0çš„ä¸ªæ•°:  2150
æ€»æ•°:  4300
æ­£ç¡®çš„ä¸ªæ•°:  3972
æœ€åä¸€ä¸ªæ‰¹æ¬¡çš„è¾“å‡º, ä¸æ»¡batchsizeæ˜¯æ­£å¸¸çš„:
 tensor([[9.2123e-01],
        [9.9995e-01],
        [1.0000e+00],
        [7.5576e-04],
        [9.9849e-01],
        [2.2712e-04],
        [7.6824e-01],
        [7.1439e-02],
        [9.8564e-01],
        [9.9735e-01],
        [3.6503e-10],
        [5.1462e-04]], device='cuda:0', grad_fn=<SigmoidBackward0>)
Epoch [100/100], T_AUC: [4m0.9259[0m
Epoch [100/100], Loss: 39.2183
val_Accuracy: [92m0.7256[0m
val_Precision: [4;34m0.7339[0m,               val_Recall: [4;33m0.6879[0m,                 val_F1 Score: [4;35m0.7055[0m
æ ‡ç­¾é‡Œ1çš„ä¸ªæ•°:  430
æ ‡ç­¾é‡Œ0çš„ä¸ªæ•°:  430
æ€»æ•°:  860
æ­£ç¡®çš„ä¸ªæ•°:  624
Epoch [100/100], V_AUC: [4m0.7222[0m
ç¬¬0æ‰¹ç¬¬2ä¸ª, 100
ç¬¬0æ‰¹ç¬¬15ä¸ª, 100
ç¬¬1æ‰¹ç¬¬0ä¸ª, 100
ç¬¬1æ‰¹ç¬¬6ä¸ª, 100
ç¬¬1æ‰¹ç¬¬29ä¸ª, 100
send email successfully
