2024-06-26-03:20:18
1æ’åº128-0.5
åˆ›å»ºæ¨¡å‹å®ä¾‹
æ¨¡å‹å®ä¾‹åˆ›å»ºå®Œæˆ
åŠ è½½é¢„è®­ç»ƒå‚æ•°
é¢„è®­ç»ƒå‚æ•°åŠ è½½å®Œæˆ
Epoch [1/100], Loss: 59.8882
train_Accuracy: [91m0.8067[0m
train_Precision: [4;34m0.8321[0m,               train_Recall: [4;33m0.7781[0m,                 train_F1 Score: [4;35m0.7990[0m
æ ‡ç­¾é‡Œ1çš„ä¸ªæ•°:  2150
æ ‡ç­¾é‡Œ0çš„ä¸ªæ•°:  2150
æ€»æ•°:  4300
æ­£ç¡®çš„ä¸ªæ•°:  3469
æœ€åä¸€ä¸ªæ‰¹æ¬¡çš„è¾“å‡º, ä¸æ»¡batchsizeæ˜¯æ­£å¸¸çš„:
 tensor([[0.9269],
        [0.8567],
        [0.9740],
        [0.1542],
        [0.7486],
        [0.1560],
        [0.5900],
        [0.3096],
        [0.4235],
        [0.9039],
        [0.0316],
        [0.0549]], device='cuda:0', grad_fn=<SigmoidBackward0>)
Epoch [1/100], T_AUC: [4m0.8120[0m
Epoch [1/100], Loss: 13.6558
val_Accuracy: [92m0.7965[0m
val_Precision: [4;34m0.8282[0m,               val_Recall: [4;33m0.7416[0m,                 val_F1 Score: [4;35m0.7776[0m
æ ‡ç­¾é‡Œ1çš„ä¸ªæ•°:  430
æ ‡ç­¾é‡Œ0çš„ä¸ªæ•°:  430
æ€»æ•°:  860
æ­£ç¡®çš„ä¸ªæ•°:  685
Epoch [1/100], V_AUC: [4m0.7935[0m
Epoch [2/100], Loss: 59.1110
train_Accuracy: [91m0.8112[0m
train_Precision: [4;34m0.8359[0m,               train_Recall: [4;33m0.7839[0m,                 train_F1 Score: [4;35m0.8039[0m
æ ‡ç­¾é‡Œ1çš„ä¸ªæ•°:  2150
æ ‡ç­¾é‡Œ0çš„ä¸ªæ•°:  2150
æ€»æ•°:  4300
æ­£ç¡®çš„ä¸ªæ•°:  3488
æœ€åä¸€ä¸ªæ‰¹æ¬¡çš„è¾“å‡º, ä¸æ»¡batchsizeæ˜¯æ­£å¸¸çš„:
 tensor([[0.9206],
        [0.8459],
        [0.9667],
        [0.1630],
        [0.7345],
        [0.1516],
        [0.5636],
        [0.3327],
        [0.4707],
        [0.8964],
        [0.0398],
        [0.0693]], device='cuda:0', grad_fn=<SigmoidBackward0>)
Epoch [2/100], T_AUC: [4m0.8171[0m
Epoch [2/100], Loss: 13.5963
val_Accuracy: [92m0.7942[0m
val_Precision: [4;34m0.8263[0m,               val_Recall: [4;33m0.7361[0m,                 val_F1 Score: [4;35m0.7740[0m
æ ‡ç­¾é‡Œ1çš„ä¸ªæ•°:  430
æ ‡ç­¾é‡Œ0çš„ä¸ªæ•°:  430
æ€»æ•°:  860
æ­£ç¡®çš„ä¸ªæ•°:  683
Epoch [2/100], V_AUC: [4m0.7909[0m
Epoch [3/100], Loss: 59.0818
train_Accuracy: [91m0.8098[0m
train_Precision: [4;34m0.8304[0m,               train_Recall: [4;33m0.7864[0m,                 train_F1 Score: [4;35m0.8029[0m
æ ‡ç­¾é‡Œ1çš„ä¸ªæ•°:  2150
æ ‡ç­¾é‡Œ0çš„ä¸ªæ•°:  2150
æ€»æ•°:  4300
æ­£ç¡®çš„ä¸ªæ•°:  3482
æœ€åä¸€ä¸ªæ‰¹æ¬¡çš„è¾“å‡º, ä¸æ»¡batchsizeæ˜¯æ­£å¸¸çš„:
 tensor([[0.9160],
        [0.8546],
        [0.9631],
        [0.1619],
        [0.7616],
        [0.1435],
        [0.5613],
        [0.3216],
        [0.4892],
        [0.8978],
        [0.0405],
        [0.0715]], device='cuda:0', grad_fn=<SigmoidBackward0>)
Epoch [3/100], T_AUC: [4m0.8153[0m
Epoch [3/100], Loss: 13.8181
val_Accuracy: [92m0.7953[0m
val_Precision: [4;34m0.8307[0m,               val_Recall: [4;33m0.7341[0m,                 val_F1 Score: [4;35m0.7747[0m
æ ‡ç­¾é‡Œ1çš„ä¸ªæ•°:  430
æ ‡ç­¾é‡Œ0çš„ä¸ªæ•°:  430
æ€»æ•°:  860
æ­£ç¡®çš„ä¸ªæ•°:  684
Epoch [3/100], V_AUC: [4m0.7926[0m
Epoch [4/100], Loss: 59.0241
train_Accuracy: [91m0.8123[0m
train_Precision: [4;34m0.8318[0m,               train_Recall: [4;33m0.7919[0m,                 train_F1 Score: [4;35m0.8062[0m
æ ‡ç­¾é‡Œ1çš„ä¸ªæ•°:  2150
æ ‡ç­¾é‡Œ0çš„ä¸ªæ•°:  2150
æ€»æ•°:  4300
æ­£ç¡®çš„ä¸ªæ•°:  3493
æœ€åä¸€ä¸ªæ‰¹æ¬¡çš„è¾“å‡º, ä¸æ»¡batchsizeæ˜¯æ­£å¸¸çš„:
 tensor([[0.9111],
        [0.8466],
        [0.9532],
        [0.1436],
        [0.7831],
        [0.1271],
        [0.5519],
        [0.3596],
        [0.5078],
        [0.8963],
        [0.0458],
        [0.0729]], device='cuda:0', grad_fn=<SigmoidBackward0>)
Epoch [4/100], T_AUC: [4m0.8184[0m
Epoch [4/100], Loss: 13.7065
val_Accuracy: [92m0.7965[0m
val_Precision: [4;34m0.8271[0m,               val_Recall: [4;33m0.7409[0m,                 val_F1 Score: [4;35m0.7770[0m
æ ‡ç­¾é‡Œ1çš„ä¸ªæ•°:  430
æ ‡ç­¾é‡Œ0çš„ä¸ªæ•°:  430
æ€»æ•°:  860
æ­£ç¡®çš„ä¸ªæ•°:  685
Epoch [4/100], V_AUC: [4m0.7937[0m
Epoch [5/100], Loss: 58.9340
train_Accuracy: [91m0.8126[0m
train_Precision: [4;34m0.8317[0m,               train_Recall: [4;33m0.7921[0m,                 train_F1 Score: [4;35m0.8066[0m
æ ‡ç­¾é‡Œ1çš„ä¸ªæ•°:  2150
æ ‡ç­¾é‡Œ0çš„ä¸ªæ•°:  2150
æ€»æ•°:  4300
æ­£ç¡®çš„ä¸ªæ•°:  3494
æœ€åä¸€ä¸ªæ‰¹æ¬¡çš„è¾“å‡º, ä¸æ»¡batchsizeæ˜¯æ­£å¸¸çš„:
 tensor([[0.9045],
        [0.8425],
        [0.9530],
        [0.1488],
        [0.7854],
        [0.1242],
        [0.5516],
        [0.3722],
        [0.5114],
        [0.8920],
        [0.0494],
        [0.0714]], device='cuda:0', grad_fn=<SigmoidBackward0>)
Epoch [5/100], T_AUC: [4m0.8183[0m
Epoch [5/100], Loss: 13.6814
val_Accuracy: [92m0.7953[0m
val_Precision: [4;34m0.8354[0m,               val_Recall: [4;33m0.7297[0m,                 val_F1 Score: [4;35m0.7743[0m
æ ‡ç­¾é‡Œ1çš„ä¸ªæ•°:  430
æ ‡ç­¾é‡Œ0çš„ä¸ªæ•°:  430
æ€»æ•°:  860
æ­£ç¡®çš„ä¸ªæ•°:  684
Epoch [5/100], V_AUC: [4m0.7925[0m
Epoch [6/100], Loss: 58.6889
train_Accuracy: [91m0.8112[0m
train_Precision: [4;34m0.8302[0m,               train_Recall: [4;33m0.7908[0m,                 train_F1 Score: [4;35m0.8048[0m
æ ‡ç­¾é‡Œ1çš„ä¸ªæ•°:  2150
æ ‡ç­¾é‡Œ0çš„ä¸ªæ•°:  2150
æ€»æ•°:  4300
æ­£ç¡®çš„ä¸ªæ•°:  3488
æœ€åä¸€ä¸ªæ‰¹æ¬¡çš„è¾“å‡º, ä¸æ»¡batchsizeæ˜¯æ­£å¸¸çš„:
 tensor([[0.9025],
        [0.8315],
        [0.9572],
        [0.1550],
        [0.7752],
        [0.1203],
        [0.5255],
        [0.3861],
        [0.4977],
        [0.8897],
        [0.0524],
        [0.0706]], device='cuda:0', grad_fn=<SigmoidBackward0>)
Epoch [6/100], T_AUC: [4m0.8169[0m
Epoch [6/100], Loss: 13.5849
val_Accuracy: [92m0.7942[0m
val_Precision: [4;34m0.8295[0m,               val_Recall: [4;33m0.7342[0m,                 val_F1 Score: [4;35m0.7743[0m
æ ‡ç­¾é‡Œ1çš„ä¸ªæ•°:  430
æ ‡ç­¾é‡Œ0çš„ä¸ªæ•°:  430
æ€»æ•°:  860
æ­£ç¡®çš„ä¸ªæ•°:  683
Epoch [6/100], V_AUC: [4m0.7915[0m
Epoch [7/100], Loss: 58.5536
train_Accuracy: [91m0.8119[0m
train_Precision: [4;34m0.8302[0m,               train_Recall: [4;33m0.7940[0m,                 train_F1 Score: [4;35m0.8064[0m
æ ‡ç­¾é‡Œ1çš„ä¸ªæ•°:  2150
æ ‡ç­¾é‡Œ0çš„ä¸ªæ•°:  2150
æ€»æ•°:  4300
æ­£ç¡®çš„ä¸ªæ•°:  3491
æœ€åä¸€ä¸ªæ‰¹æ¬¡çš„è¾“å‡º, ä¸æ»¡batchsizeæ˜¯æ­£å¸¸çš„:
 tensor([[0.9030],
        [0.8418],
        [0.9516],
        [0.1360],
        [0.7792],
        [0.1124],
        [0.5315],
        [0.3862],
        [0.5084],
        [0.8883],
        [0.0549],
        [0.0790]], device='cuda:0', grad_fn=<SigmoidBackward0>)
Epoch [7/100], T_AUC: [4m0.8180[0m
Epoch [7/100], Loss: 13.6754
val_Accuracy: [92m0.7953[0m
val_Precision: [4;34m0.8401[0m,               val_Recall: [4;33m0.7238[0m,                 val_F1 Score: [4;35m0.7717[0m
æ ‡ç­¾é‡Œ1çš„ä¸ªæ•°:  430
æ ‡ç­¾é‡Œ0çš„ä¸ªæ•°:  430
æ€»æ•°:  860
æ­£ç¡®çš„ä¸ªæ•°:  684
Epoch [7/100], V_AUC: [4m0.7910[0m
Epoch [8/100], Loss: 58.3895
train_Accuracy: [91m0.8128[0m
train_Precision: [4;34m0.8277[0m,               train_Recall: [4;33m0.7999[0m,                 train_F1 Score: [4;35m0.8085[0m
æ ‡ç­¾é‡Œ1çš„ä¸ªæ•°:  2150
æ ‡ç­¾é‡Œ0çš„ä¸ªæ•°:  2150
æ€»æ•°:  4300
æ­£ç¡®çš„ä¸ªæ•°:  3495
æœ€åä¸€ä¸ªæ‰¹æ¬¡çš„è¾“å‡º, ä¸æ»¡batchsizeæ˜¯æ­£å¸¸çš„:
 tensor([[0.9003],
        [0.8282],
        [0.9547],
        [0.1300],
        [0.7695],
        [0.1065],
        [0.5313],
        [0.4310],
        [0.5136],
        [0.8835],
        [0.0482],
        [0.0880]], device='cuda:0', grad_fn=<SigmoidBackward0>)
Epoch [8/100], T_AUC: [4m0.8187[0m
Epoch [8/100], Loss: 13.5941
val_Accuracy: [92m0.7977[0m
val_Precision: [4;34m0.8322[0m,               val_Recall: [4;33m0.7350[0m,                 val_F1 Score: [4;35m0.7756[0m
æ ‡ç­¾é‡Œ1çš„ä¸ªæ•°:  430
æ ‡ç­¾é‡Œ0çš„ä¸ªæ•°:  430
æ€»æ•°:  860
æ­£ç¡®çš„ä¸ªæ•°:  686
Epoch [8/100], V_AUC: [4m0.7941[0m
Epoch [9/100], Loss: 58.2674
train_Accuracy: [91m0.8123[0m
train_Precision: [4;34m0.8314[0m,               train_Recall: [4;33m0.7940[0m,                 train_F1 Score: [4;35m0.8070[0m
æ ‡ç­¾é‡Œ1çš„ä¸ªæ•°:  2150
æ ‡ç­¾é‡Œ0çš„ä¸ªæ•°:  2150
æ€»æ•°:  4300
æ­£ç¡®çš„ä¸ªæ•°:  3493
æœ€åä¸€ä¸ªæ‰¹æ¬¡çš„è¾“å‡º, ä¸æ»¡batchsizeæ˜¯æ­£å¸¸çš„:
 tensor([[0.9012],
        [0.8146],
        [0.9588],
        [0.1328],
        [0.7703],
        [0.1066],
        [0.5284],
        [0.3930],
        [0.5569],
        [0.8865],
        [0.0452],
        [0.0907]], device='cuda:0', grad_fn=<SigmoidBackward0>)
Epoch [9/100], T_AUC: [4m0.8182[0m
Epoch [9/100], Loss: 13.7775
val_Accuracy: [92m0.7965[0m
val_Precision: [4;34m0.8331[0m,               val_Recall: [4;33m0.7333[0m,                 val_F1 Score: [4;35m0.7752[0m
æ ‡ç­¾é‡Œ1çš„ä¸ªæ•°:  430
æ ‡ç­¾é‡Œ0çš„ä¸ªæ•°:  430
æ€»æ•°:  860
æ­£ç¡®çš„ä¸ªæ•°:  685
Epoch [9/100], V_AUC: [4m0.7928[0m
Epoch [10/100], Loss: 58.0479
train_Accuracy: [91m0.8144[0m
train_Precision: [4;34m0.8329[0m,               train_Recall: [4;33m0.7953[0m,                 train_F1 Score: [4;35m0.8087[0m
æ ‡ç­¾é‡Œ1çš„ä¸ªæ•°:  2150
æ ‡ç­¾é‡Œ0çš„ä¸ªæ•°:  2150
æ€»æ•°:  4300
æ­£ç¡®çš„ä¸ªæ•°:  3502
æœ€åä¸€ä¸ªæ‰¹æ¬¡çš„è¾“å‡º, ä¸æ»¡batchsizeæ˜¯æ­£å¸¸çš„:
 tensor([[0.9000],
        [0.8235],
        [0.9642],
        [0.1234],
        [0.7725],
        [0.0874],
        [0.5199],
        [0.3852],
        [0.5425],
        [0.8965],
        [0.0503],
        [0.0950]], device='cuda:0', grad_fn=<SigmoidBackward0>)
Epoch [10/100], T_AUC: [4m0.8200[0m
Epoch [10/100], Loss: 13.8206
val_Accuracy: [92m0.7953[0m
val_Precision: [4;34m0.8365[0m,               val_Recall: [4;33m0.7261[0m,                 val_F1 Score: [4;35m0.7726[0m
æ ‡ç­¾é‡Œ1çš„ä¸ªæ•°:  430
æ ‡ç­¾é‡Œ0çš„ä¸ªæ•°:  430
æ€»æ•°:  860
æ­£ç¡®çš„ä¸ªæ•°:  684
Epoch [10/100], V_AUC: [4m0.7917[0m
Epoch [11/100], Loss: 57.9667
train_Accuracy: [91m0.8184[0m
train_Precision: [4;34m0.8378[0m,               train_Recall: [4;33m0.7999[0m,                 train_F1 Score: [4;35m0.8133[0m
æ ‡ç­¾é‡Œ1çš„ä¸ªæ•°:  2150
æ ‡ç­¾é‡Œ0çš„ä¸ªæ•°:  2150
æ€»æ•°:  4300
æ­£ç¡®çš„ä¸ªæ•°:  3519
æœ€åä¸€ä¸ªæ‰¹æ¬¡çš„è¾“å‡º, ä¸æ»¡batchsizeæ˜¯æ­£å¸¸çš„:
 tensor([[0.9000],
        [0.8224],
        [0.9663],
        [0.1232],
        [0.7857],
        [0.0873],
        [0.5052],
        [0.3633],
        [0.5241],
        [0.8946],
        [0.0469],
        [0.1089]], device='cuda:0', grad_fn=<SigmoidBackward0>)
Epoch [11/100], T_AUC: [4m0.8240[0m
Epoch [11/100], Loss: 13.8624
val_Accuracy: [92m0.7942[0m
val_Precision: [4;34m0.8333[0m,               val_Recall: [4;33m0.7260[0m,                 val_F1 Score: [4;35m0.7712[0m
æ ‡ç­¾é‡Œ1çš„ä¸ªæ•°:  430
æ ‡ç­¾é‡Œ0çš„ä¸ªæ•°:  430
æ€»æ•°:  860
æ­£ç¡®çš„ä¸ªæ•°:  683
Epoch [11/100], V_AUC: [4m0.7907[0m
Epoch [12/100], Loss: 57.7315
train_Accuracy: [91m0.8163[0m
train_Precision: [4;34m0.8347[0m,               train_Recall: [4;33m0.7985[0m,                 train_F1 Score: [4;35m0.8111[0m
æ ‡ç­¾é‡Œ1çš„ä¸ªæ•°:  2150
æ ‡ç­¾é‡Œ0çš„ä¸ªæ•°:  2150
æ€»æ•°:  4300
æ­£ç¡®çš„ä¸ªæ•°:  3510
æœ€åä¸€ä¸ªæ‰¹æ¬¡çš„è¾“å‡º, ä¸æ»¡batchsizeæ˜¯æ­£å¸¸çš„:
 tensor([[0.8975],
        [0.8111],
        [0.9684],
        [0.1379],
        [0.7846],
        [0.0895],
        [0.5101],
        [0.3601],
        [0.5374],
        [0.8954],
        [0.0441],
        [0.0960]], device='cuda:0', grad_fn=<SigmoidBackward0>)
Epoch [12/100], T_AUC: [4m0.8220[0m
Epoch [12/100], Loss: 13.7872
val_Accuracy: [92m0.7907[0m
val_Precision: [4;34m0.8329[0m,               val_Recall: [4;33m0.7194[0m,                 val_F1 Score: [4;35m0.7671[0m
æ ‡ç­¾é‡Œ1çš„ä¸ªæ•°:  430
æ ‡ç­¾é‡Œ0çš„ä¸ªæ•°:  430
æ€»æ•°:  860
æ­£ç¡®çš„ä¸ªæ•°:  680
Epoch [12/100], V_AUC: [4m0.7870[0m
Epoch [13/100], Loss: 57.7349
train_Accuracy: [91m0.8163[0m
train_Precision: [4;34m0.8362[0m,               train_Recall: [4;33m0.7963[0m,                 train_F1 Score: [4;35m0.8104[0m
æ ‡ç­¾é‡Œ1çš„ä¸ªæ•°:  2150
æ ‡ç­¾é‡Œ0çš„ä¸ªæ•°:  2150
æ€»æ•°:  4300
æ­£ç¡®çš„ä¸ªæ•°:  3510
æœ€åä¸€ä¸ªæ‰¹æ¬¡çš„è¾“å‡º, ä¸æ»¡batchsizeæ˜¯æ­£å¸¸çš„:
 tensor([[0.8989],
        [0.8249],
        [0.9616],
        [0.1401],
        [0.7844],
        [0.0757],
        [0.5247],
        [0.3969],
        [0.5407],
        [0.8910],
        [0.0476],
        [0.0904]], device='cuda:0', grad_fn=<SigmoidBackward0>)
Epoch [13/100], T_AUC: [4m0.8221[0m
Epoch [13/100], Loss: 13.7855
val_Accuracy: [92m0.7965[0m
val_Precision: [4;34m0.8402[0m,               val_Recall: [4;33m0.7238[0m,                 val_F1 Score: [4;35m0.7730[0m
æ ‡ç­¾é‡Œ1çš„ä¸ªæ•°:  430
æ ‡ç­¾é‡Œ0çš„ä¸ªæ•°:  430
æ€»æ•°:  860
æ­£ç¡®çš„ä¸ªæ•°:  685
Epoch [13/100], V_AUC: [4m0.7928[0m
Epoch [14/100], Loss: 57.5226
train_Accuracy: [91m0.8186[0m
train_Precision: [4;34m0.8384[0m,               train_Recall: [4;33m0.7977[0m,                 train_F1 Score: [4;35m0.8126[0m
æ ‡ç­¾é‡Œ1çš„ä¸ªæ•°:  2150
æ ‡ç­¾é‡Œ0çš„ä¸ªæ•°:  2150
æ€»æ•°:  4300
æ­£ç¡®çš„ä¸ªæ•°:  3520
æœ€åä¸€ä¸ªæ‰¹æ¬¡çš„è¾“å‡º, ä¸æ»¡batchsizeæ˜¯æ­£å¸¸çš„:
 tensor([[0.9046],
        [0.8335],
        [0.9645],
        [0.1617],
        [0.7960],
        [0.0927],
        [0.5149],
        [0.3752],
        [0.5152],
        [0.8859],
        [0.0335],
        [0.0989]], device='cuda:0', grad_fn=<SigmoidBackward0>)
Epoch [14/100], T_AUC: [4m0.8240[0m
Epoch [14/100], Loss: 13.7012
val_Accuracy: [92m0.7988[0m
val_Precision: [4;34m0.8337[0m,               val_Recall: [4;33m0.7373[0m,                 val_F1 Score: [4;35m0.7775[0m
æ ‡ç­¾é‡Œ1çš„ä¸ªæ•°:  430
æ ‡ç­¾é‡Œ0çš„ä¸ªæ•°:  430
æ€»æ•°:  860
æ­£ç¡®çš„ä¸ªæ•°:  687
Epoch [14/100], V_AUC: [4m0.7954[0m
Epoch [15/100], Loss: 57.5115
train_Accuracy: [91m0.8181[0m
train_Precision: [4;34m0.8390[0m,               train_Recall: [4;33m0.7974[0m,                 train_F1 Score: [4;35m0.8126[0m
æ ‡ç­¾é‡Œ1çš„ä¸ªæ•°:  2150
æ ‡ç­¾é‡Œ0çš„ä¸ªæ•°:  2150
æ€»æ•°:  4300
æ­£ç¡®çš„ä¸ªæ•°:  3518
æœ€åä¸€ä¸ªæ‰¹æ¬¡çš„è¾“å‡º, ä¸æ»¡batchsizeæ˜¯æ­£å¸¸çš„:
 tensor([[0.8919],
        [0.8215],
        [0.9719],
        [0.1551],
        [0.7946],
        [0.0899],
        [0.4788],
        [0.3747],
        [0.5196],
        [0.8704],
        [0.0371],
        [0.1097]], device='cuda:0', grad_fn=<SigmoidBackward0>)
Epoch [15/100], T_AUC: [4m0.8241[0m
Epoch [15/100], Loss: 13.7499
val_Accuracy: [92m0.7977[0m
val_Precision: [4;34m0.8365[0m,               val_Recall: [4;33m0.7307[0m,                 val_F1 Score: [4;35m0.7749[0m
æ ‡ç­¾é‡Œ1çš„ä¸ªæ•°:  430
æ ‡ç­¾é‡Œ0çš„ä¸ªæ•°:  430
æ€»æ•°:  860
æ­£ç¡®çš„ä¸ªæ•°:  686
Epoch [15/100], V_AUC: [4m0.7943[0m
Epoch [16/100], Loss: 57.3063
train_Accuracy: [91m0.8186[0m
train_Precision: [4;34m0.8398[0m,               train_Recall: [4;33m0.7971[0m,                 train_F1 Score: [4;35m0.8128[0m
æ ‡ç­¾é‡Œ1çš„ä¸ªæ•°:  2150
æ ‡ç­¾é‡Œ0çš„ä¸ªæ•°:  2150
æ€»æ•°:  4300
æ­£ç¡®çš„ä¸ªæ•°:  3520
æœ€åä¸€ä¸ªæ‰¹æ¬¡çš„è¾“å‡º, ä¸æ»¡batchsizeæ˜¯æ­£å¸¸çš„:
 tensor([[0.9099],
        [0.8291],
        [0.9687],
        [0.1593],
        [0.7880],
        [0.0900],
        [0.4952],
        [0.3652],
        [0.5105],
        [0.8854],
        [0.0379],
        [0.1035]], device='cuda:0', grad_fn=<SigmoidBackward0>)
Epoch [16/100], T_AUC: [4m0.8247[0m
Epoch [16/100], Loss: 13.6893
val_Accuracy: [92m0.8012[0m
val_Precision: [4;34m0.8380[0m,               val_Recall: [4;33m0.7377[0m,                 val_F1 Score: [4;35m0.7796[0m
æ ‡ç­¾é‡Œ1çš„ä¸ªæ•°:  430
æ ‡ç­¾é‡Œ0çš„ä¸ªæ•°:  430
æ€»æ•°:  860
æ­£ç¡®çš„ä¸ªæ•°:  689
Epoch [16/100], V_AUC: [4m0.7978[0m
Epoch [17/100], Loss: 57.1722
train_Accuracy: [91m0.8198[0m
train_Precision: [4;34m0.8409[0m,               train_Recall: [4;33m0.7977[0m,                 train_F1 Score: [4;35m0.8139[0m
æ ‡ç­¾é‡Œ1çš„ä¸ªæ•°:  2150
æ ‡ç­¾é‡Œ0çš„ä¸ªæ•°:  2150
æ€»æ•°:  4300
æ­£ç¡®çš„ä¸ªæ•°:  3525
æœ€åä¸€ä¸ªæ‰¹æ¬¡çš„è¾“å‡º, ä¸æ»¡batchsizeæ˜¯æ­£å¸¸çš„:
 tensor([[0.9046],
        [0.8126],
        [0.9772],
        [0.1552],
        [0.8065],
        [0.0853],
        [0.4819],
        [0.3412],
        [0.5034],
        [0.8777],
        [0.0361],
        [0.1335]], device='cuda:0', grad_fn=<SigmoidBackward0>)
Epoch [17/100], T_AUC: [4m0.8254[0m
Epoch [17/100], Loss: 13.6939
val_Accuracy: [92m0.7988[0m
val_Precision: [4;34m0.8355[0m,               val_Recall: [4;33m0.7363[0m,                 val_F1 Score: [4;35m0.7776[0m
æ ‡ç­¾é‡Œ1çš„ä¸ªæ•°:  430
æ ‡ç­¾é‡Œ0çš„ä¸ªæ•°:  430
æ€»æ•°:  860
æ­£ç¡®çš„ä¸ªæ•°:  687
Epoch [17/100], V_AUC: [4m0.7960[0m
Epoch [18/100], Loss: 57.0909
train_Accuracy: [91m0.8191[0m
train_Precision: [4;34m0.8388[0m,               train_Recall: [4;33m0.7980[0m,                 train_F1 Score: [4;35m0.8132[0m
æ ‡ç­¾é‡Œ1çš„ä¸ªæ•°:  2150
æ ‡ç­¾é‡Œ0çš„ä¸ªæ•°:  2150
æ€»æ•°:  4300
æ­£ç¡®çš„ä¸ªæ•°:  3522
æœ€åä¸€ä¸ªæ‰¹æ¬¡çš„è¾“å‡º, ä¸æ»¡batchsizeæ˜¯æ­£å¸¸çš„:
 tensor([[0.8957],
        [0.8108],
        [0.9747],
        [0.1626],
        [0.8070],
        [0.1102],
        [0.4555],
        [0.3738],
        [0.5292],
        [0.8824],
        [0.0352],
        [0.0925]], device='cuda:0', grad_fn=<SigmoidBackward0>)
Epoch [18/100], T_AUC: [4m0.8244[0m
Epoch [18/100], Loss: 13.8142
val_Accuracy: [92m0.7977[0m
val_Precision: [4;34m0.8334[0m,               val_Recall: [4;33m0.7355[0m,                 val_F1 Score: [4;35m0.7762[0m
æ ‡ç­¾é‡Œ1çš„ä¸ªæ•°:  430
æ ‡ç­¾é‡Œ0çš„ä¸ªæ•°:  430
æ€»æ•°:  860
æ­£ç¡®çš„ä¸ªæ•°:  686
Epoch [18/100], V_AUC: [4m0.7946[0m
Epoch [19/100], Loss: 56.9229
train_Accuracy: [91m0.8200[0m
train_Precision: [4;34m0.8409[0m,               train_Recall: [4;33m0.7975[0m,                 train_F1 Score: [4;35m0.8139[0m
æ ‡ç­¾é‡Œ1çš„ä¸ªæ•°:  2150
æ ‡ç­¾é‡Œ0çš„ä¸ªæ•°:  2150
æ€»æ•°:  4300
æ­£ç¡®çš„ä¸ªæ•°:  3526
æœ€åä¸€ä¸ªæ‰¹æ¬¡çš„è¾“å‡º, ä¸æ»¡batchsizeæ˜¯æ­£å¸¸çš„:
 tensor([[0.9103],
        [0.8219],
        [0.9729],
        [0.1609],
        [0.7947],
        [0.0832],
        [0.4960],
        [0.3820],
        [0.5084],
        [0.8734],
        [0.0328],
        [0.1228]], device='cuda:0', grad_fn=<SigmoidBackward0>)
Epoch [19/100], T_AUC: [4m0.8256[0m
Epoch [19/100], Loss: 13.6867
val_Accuracy: [92m0.8035[0m
val_Precision: [4;34m0.8403[0m,               val_Recall: [4;33m0.7401[0m,                 val_F1 Score: [4;35m0.7822[0m
æ ‡ç­¾é‡Œ1çš„ä¸ªæ•°:  430
æ ‡ç­¾é‡Œ0çš„ä¸ªæ•°:  430
æ€»æ•°:  860
æ­£ç¡®çš„ä¸ªæ•°:  691
Epoch [19/100], V_AUC: [4m0.8000[0m
Epoch [20/100], Loss: 56.8213
train_Accuracy: [91m0.8233[0m
train_Precision: [4;34m0.8436[0m,               train_Recall: [4;33m0.8018[0m,                 train_F1 Score: [4;35m0.8175[0m
æ ‡ç­¾é‡Œ1çš„ä¸ªæ•°:  2150
æ ‡ç­¾é‡Œ0çš„ä¸ªæ•°:  2150
æ€»æ•°:  4300
æ­£ç¡®çš„ä¸ªæ•°:  3540
æœ€åä¸€ä¸ªæ‰¹æ¬¡çš„è¾“å‡º, ä¸æ»¡batchsizeæ˜¯æ­£å¸¸çš„:
 tensor([[0.8998],
        [0.8248],
        [0.9705],
        [0.1698],
        [0.8169],
        [0.0895],
        [0.4935],
        [0.3807],
        [0.5130],
        [0.8736],
        [0.0330],
        [0.1065]], device='cuda:0', grad_fn=<SigmoidBackward0>)
Epoch [20/100], T_AUC: [4m0.8287[0m
Epoch [20/100], Loss: 13.6599
val_Accuracy: [92m0.8012[0m
val_Precision: [4;34m0.8346[0m,               val_Recall: [4;33m0.7422[0m,                 val_F1 Score: [4;35m0.7805[0m
æ ‡ç­¾é‡Œ1çš„ä¸ªæ•°:  430
æ ‡ç­¾é‡Œ0çš„ä¸ªæ•°:  430
æ€»æ•°:  860
æ­£ç¡®çš„ä¸ªæ•°:  689
Epoch [20/100], V_AUC: [4m0.7977[0m
Epoch [21/100], Loss: 56.8723
train_Accuracy: [91m0.8205[0m
train_Precision: [4;34m0.8416[0m,               train_Recall: [4;33m0.7978[0m,                 train_F1 Score: [4;35m0.8143[0m
æ ‡ç­¾é‡Œ1çš„ä¸ªæ•°:  2150
æ ‡ç­¾é‡Œ0çš„ä¸ªæ•°:  2150
æ€»æ•°:  4300
æ­£ç¡®çš„ä¸ªæ•°:  3528
æœ€åä¸€ä¸ªæ‰¹æ¬¡çš„è¾“å‡º, ä¸æ»¡batchsizeæ˜¯æ­£å¸¸çš„:
 tensor([[0.8931],
        [0.8208],
        [0.9785],
        [0.1479],
        [0.8076],
        [0.0805],
        [0.4883],
        [0.3659],
        [0.5517],
        [0.8672],
        [0.0337],
        [0.1121]], device='cuda:0', grad_fn=<SigmoidBackward0>)
Epoch [21/100], T_AUC: [4m0.8260[0m
Epoch [21/100], Loss: 13.9844
val_Accuracy: [92m0.8000[0m
val_Precision: [4;34m0.8440[0m,               val_Recall: [4;33m0.7274[0m,                 val_F1 Score: [4;35m0.7765[0m
æ ‡ç­¾é‡Œ1çš„ä¸ªæ•°:  430
æ ‡ç­¾é‡Œ0çš„ä¸ªæ•°:  430
æ€»æ•°:  860
æ­£ç¡®çš„ä¸ªæ•°:  688
Epoch [21/100], V_AUC: [4m0.7970[0m
Epoch [22/100], Loss: 56.6181
train_Accuracy: [91m0.8202[0m
train_Precision: [4;34m0.8417[0m,               train_Recall: [4;33m0.7972[0m,                 train_F1 Score: [4;35m0.8141[0m
æ ‡ç­¾é‡Œ1çš„ä¸ªæ•°:  2150
æ ‡ç­¾é‡Œ0çš„ä¸ªæ•°:  2150
æ€»æ•°:  4300
æ­£ç¡®çš„ä¸ªæ•°:  3527
æœ€åä¸€ä¸ªæ‰¹æ¬¡çš„è¾“å‡º, ä¸æ»¡batchsizeæ˜¯æ­£å¸¸çš„:
 tensor([[0.8942],
        [0.8237],
        [0.9783],
        [0.1572],
        [0.8270],
        [0.0914],
        [0.4800],
        [0.3554],
        [0.5213],
        [0.8680],
        [0.0342],
        [0.1053]], device='cuda:0', grad_fn=<SigmoidBackward0>)
Epoch [22/100], T_AUC: [4m0.8257[0m
Epoch [22/100], Loss: 13.7344
val_Accuracy: [92m0.8000[0m
val_Precision: [4;34m0.8373[0m,               val_Recall: [4;33m0.7357[0m,                 val_F1 Score: [4;35m0.7780[0m
æ ‡ç­¾é‡Œ1çš„ä¸ªæ•°:  430
æ ‡ç­¾é‡Œ0çš„ä¸ªæ•°:  430
æ€»æ•°:  860
æ­£ç¡®çš„ä¸ªæ•°:  688
Epoch [22/100], V_AUC: [4m0.7967[0m
Epoch [23/100], Loss: 56.5348
train_Accuracy: [91m0.8209[0m
train_Precision: [4;34m0.8420[0m,               train_Recall: [4;33m0.7975[0m,                 train_F1 Score: [4;35m0.8145[0m
æ ‡ç­¾é‡Œ1çš„ä¸ªæ•°:  2150
æ ‡ç­¾é‡Œ0çš„ä¸ªæ•°:  2150
æ€»æ•°:  4300
æ­£ç¡®çš„ä¸ªæ•°:  3530
æœ€åä¸€ä¸ªæ‰¹æ¬¡çš„è¾“å‡º, ä¸æ»¡batchsizeæ˜¯æ­£å¸¸çš„:
 tensor([[0.8926],
        [0.8236],
        [0.9800],
        [0.1516],
        [0.8254],
        [0.0738],
        [0.4608],
        [0.3675],
        [0.5166],
        [0.8601],
        [0.0399],
        [0.1243]], device='cuda:0', grad_fn=<SigmoidBackward0>)
Epoch [23/100], T_AUC: [4m0.8261[0m
Epoch [23/100], Loss: 13.6376
val_Accuracy: [92m0.8000[0m
val_Precision: [4;34m0.8386[0m,               val_Recall: [4;33m0.7334[0m,                 val_F1 Score: [4;35m0.7776[0m
æ ‡ç­¾é‡Œ1çš„ä¸ªæ•°:  430
æ ‡ç­¾é‡Œ0çš„ä¸ªæ•°:  430
æ€»æ•°:  860
æ­£ç¡®çš„ä¸ªæ•°:  688
Epoch [23/100], V_AUC: [4m0.7967[0m
Epoch [24/100], Loss: 56.3956
train_Accuracy: [91m0.8223[0m
train_Precision: [4;34m0.8403[0m,               train_Recall: [4;33m0.8038[0m,                 train_F1 Score: [4;35m0.8169[0m
æ ‡ç­¾é‡Œ1çš„ä¸ªæ•°:  2150
æ ‡ç­¾é‡Œ0çš„ä¸ªæ•°:  2150
æ€»æ•°:  4300
æ­£ç¡®çš„ä¸ªæ•°:  3536
æœ€åä¸€ä¸ªæ‰¹æ¬¡çš„è¾“å‡º, ä¸æ»¡batchsizeæ˜¯æ­£å¸¸çš„:
 tensor([[0.8953],
        [0.8205],
        [0.9803],
        [0.1530],
        [0.8271],
        [0.0858],
        [0.4776],
        [0.3605],
        [0.5278],
        [0.8502],
        [0.0311],
        [0.1153]], device='cuda:0', grad_fn=<SigmoidBackward0>)
Epoch [24/100], T_AUC: [4m0.8276[0m
Epoch [24/100], Loss: 13.7708
val_Accuracy: [92m0.8012[0m
val_Precision: [4;34m0.8391[0m,               val_Recall: [4;33m0.7367[0m,                 val_F1 Score: [4;35m0.7797[0m
æ ‡ç­¾é‡Œ1çš„ä¸ªæ•°:  430
æ ‡ç­¾é‡Œ0çš„ä¸ªæ•°:  430
æ€»æ•°:  860
æ­£ç¡®çš„ä¸ªæ•°:  689
Epoch [24/100], V_AUC: [4m0.7984[0m
Epoch [25/100], Loss: 56.5684
train_Accuracy: [91m0.8228[0m
train_Precision: [4;34m0.8431[0m,               train_Recall: [4;33m0.7998[0m,                 train_F1 Score: [4;35m0.8163[0m
æ ‡ç­¾é‡Œ1çš„ä¸ªæ•°:  2150
æ ‡ç­¾é‡Œ0çš„ä¸ªæ•°:  2150
æ€»æ•°:  4300
æ­£ç¡®çš„ä¸ªæ•°:  3538
æœ€åä¸€ä¸ªæ‰¹æ¬¡çš„è¾“å‡º, ä¸æ»¡batchsizeæ˜¯æ­£å¸¸çš„:
 tensor([[0.8936],
        [0.8145],
        [0.9776],
        [0.1634],
        [0.8342],
        [0.1047],
        [0.5021],
        [0.3356],
        [0.5441],
        [0.8646],
        [0.0438],
        [0.0710]], device='cuda:0', grad_fn=<SigmoidBackward0>)
Epoch [25/100], T_AUC: [4m0.8276[0m
Epoch [25/100], Loss: 13.7567
val_Accuracy: [92m0.7965[0m
val_Precision: [4;34m0.8310[0m,               val_Recall: [4;33m0.7339[0m,                 val_F1 Score: [4;35m0.7748[0m
æ ‡ç­¾é‡Œ1çš„ä¸ªæ•°:  430
æ ‡ç­¾é‡Œ0çš„ä¸ªæ•°:  430
æ€»æ•°:  860
æ­£ç¡®çš„ä¸ªæ•°:  685
Epoch [25/100], V_AUC: [4m0.7935[0m
Epoch [26/100], Loss: 56.4653
train_Accuracy: [91m0.8226[0m
train_Precision: [4;34m0.8419[0m,               train_Recall: [4;33m0.8021[0m,                 train_F1 Score: [4;35m0.8168[0m
æ ‡ç­¾é‡Œ1çš„ä¸ªæ•°:  2150
æ ‡ç­¾é‡Œ0çš„ä¸ªæ•°:  2150
æ€»æ•°:  4300
æ­£ç¡®çš„ä¸ªæ•°:  3537
æœ€åä¸€ä¸ªæ‰¹æ¬¡çš„è¾“å‡º, ä¸æ»¡batchsizeæ˜¯æ­£å¸¸çš„:
 tensor([[0.8964],
        [0.7950],
        [0.9804],
        [0.1519],
        [0.8304],
        [0.0845],
        [0.4832],
        [0.3679],
        [0.5503],
        [0.8552],
        [0.0328],
        [0.1095]], device='cuda:0', grad_fn=<SigmoidBackward0>)
Epoch [26/100], T_AUC: [4m0.8279[0m
Epoch [26/100], Loss: 13.9581
val_Accuracy: [92m0.8012[0m
val_Precision: [4;34m0.8425[0m,               val_Recall: [4;33m0.7316[0m,                 val_F1 Score: [4;35m0.7784[0m
æ ‡ç­¾é‡Œ1çš„ä¸ªæ•°:  430
æ ‡ç­¾é‡Œ0çš„ä¸ªæ•°:  430
æ€»æ•°:  860
æ­£ç¡®çš„ä¸ªæ•°:  689
Epoch [26/100], V_AUC: [4m0.7983[0m
Epoch [27/100], Loss: 56.3236
train_Accuracy: [91m0.8207[0m
train_Precision: [4;34m0.8412[0m,               train_Recall: [4;33m0.7984[0m,                 train_F1 Score: [4;35m0.8145[0m
æ ‡ç­¾é‡Œ1çš„ä¸ªæ•°:  2150
æ ‡ç­¾é‡Œ0çš„ä¸ªæ•°:  2150
æ€»æ•°:  4300
æ­£ç¡®çš„ä¸ªæ•°:  3529
æœ€åä¸€ä¸ªæ‰¹æ¬¡çš„è¾“å‡º, ä¸æ»¡batchsizeæ˜¯æ­£å¸¸çš„:
 tensor([[0.8827],
        [0.8019],
        [0.9809],
        [0.1579],
        [0.8405],
        [0.0803],
        [0.4743],
        [0.3503],
        [0.5315],
        [0.8493],
        [0.0372],
        [0.1149]], device='cuda:0', grad_fn=<SigmoidBackward0>)
Epoch [27/100], T_AUC: [4m0.8262[0m
Epoch [27/100], Loss: 13.6995
val_Accuracy: [92m0.7919[0m
val_Precision: [4;34m0.8250[0m,               val_Recall: [4;33m0.7320[0m,                 val_F1 Score: [4;35m0.7702[0m
æ ‡ç­¾é‡Œ1çš„ä¸ªæ•°:  430
æ ‡ç­¾é‡Œ0çš„ä¸ªæ•°:  430
æ€»æ•°:  860
æ­£ç¡®çš„ä¸ªæ•°:  681
Epoch [27/100], V_AUC: [4m0.7893[0m
Epoch [28/100], Loss: 56.2427
train_Accuracy: [91m0.8235[0m
train_Precision: [4;34m0.8444[0m,               train_Recall: [4;33m0.8005[0m,                 train_F1 Score: [4;35m0.8173[0m
æ ‡ç­¾é‡Œ1çš„ä¸ªæ•°:  2150
æ ‡ç­¾é‡Œ0çš„ä¸ªæ•°:  2150
æ€»æ•°:  4300
æ­£ç¡®çš„ä¸ªæ•°:  3541
æœ€åä¸€ä¸ªæ‰¹æ¬¡çš„è¾“å‡º, ä¸æ»¡batchsizeæ˜¯æ­£å¸¸çš„:
 tensor([[0.8918],
        [0.8029],
        [0.9815],
        [0.1672],
        [0.8469],
        [0.0842],
        [0.4740],
        [0.3605],
        [0.5338],
        [0.8500],
        [0.0390],
        [0.1020]], device='cuda:0', grad_fn=<SigmoidBackward0>)
Epoch [28/100], T_AUC: [4m0.8288[0m
Epoch [28/100], Loss: 13.7173
val_Accuracy: [92m0.7942[0m
val_Precision: [4;34m0.8290[0m,               val_Recall: [4;33m0.7320[0m,                 val_F1 Score: [4;35m0.7722[0m
æ ‡ç­¾é‡Œ1çš„ä¸ªæ•°:  430
æ ‡ç­¾é‡Œ0çš„ä¸ªæ•°:  430
æ€»æ•°:  860
æ­£ç¡®çš„ä¸ªæ•°:  683
Epoch [28/100], V_AUC: [4m0.7915[0m
Epoch [29/100], Loss: 56.2439
train_Accuracy: [91m0.8228[0m
train_Precision: [4;34m0.8424[0m,               train_Recall: [4;33m0.8018[0m,                 train_F1 Score: [4;35m0.8169[0m
æ ‡ç­¾é‡Œ1çš„ä¸ªæ•°:  2150
æ ‡ç­¾é‡Œ0çš„ä¸ªæ•°:  2150
æ€»æ•°:  4300
æ­£ç¡®çš„ä¸ªæ•°:  3538
æœ€åä¸€ä¸ªæ‰¹æ¬¡çš„è¾“å‡º, ä¸æ»¡batchsizeæ˜¯æ­£å¸¸çš„:
 tensor([[0.8942],
        [0.8129],
        [0.9804],
        [0.1738],
        [0.8348],
        [0.0961],
        [0.4715],
        [0.3665],
        [0.5327],
        [0.8511],
        [0.0344],
        [0.0974]], device='cuda:0', grad_fn=<SigmoidBackward0>)
Epoch [29/100], T_AUC: [4m0.8280[0m
Epoch [29/100], Loss: 13.7062
val_Accuracy: [92m0.7953[0m
val_Precision: [4;34m0.8292[0m,               val_Recall: [4;33m0.7331[0m,                 val_F1 Score: [4;35m0.7728[0m
æ ‡ç­¾é‡Œ1çš„ä¸ªæ•°:  430
æ ‡ç­¾é‡Œ0çš„ä¸ªæ•°:  430
æ€»æ•°:  860
æ­£ç¡®çš„ä¸ªæ•°:  684
Epoch [29/100], V_AUC: [4m0.7920[0m
Epoch [30/100], Loss: 56.1301
train_Accuracy: [91m0.8253[0m
train_Precision: [4;34m0.8474[0m,               train_Recall: [4;33m0.8013[0m,                 train_F1 Score: [4;35m0.8190[0m
æ ‡ç­¾é‡Œ1çš„ä¸ªæ•°:  2150
æ ‡ç­¾é‡Œ0çš„ä¸ªæ•°:  2150
æ€»æ•°:  4300
æ­£ç¡®çš„ä¸ªæ•°:  3549
æœ€åä¸€ä¸ªæ‰¹æ¬¡çš„è¾“å‡º, ä¸æ»¡batchsizeæ˜¯æ­£å¸¸çš„:
 tensor([[0.9008],
        [0.8315],
        [0.9748],
        [0.1604],
        [0.8378],
        [0.0799],
        [0.4765],
        [0.3899],
        [0.5265],
        [0.8628],
        [0.0376],
        [0.0941]], device='cuda:0', grad_fn=<SigmoidBackward0>)
Epoch [30/100], T_AUC: [4m0.8306[0m
Epoch [30/100], Loss: 13.6276
val_Accuracy: [92m0.7953[0m
val_Precision: [4;34m0.8274[0m,               val_Recall: [4;33m0.7356[0m,                 val_F1 Score: [4;35m0.7742[0m
æ ‡ç­¾é‡Œ1çš„ä¸ªæ•°:  430
æ ‡ç­¾é‡Œ0çš„ä¸ªæ•°:  430
æ€»æ•°:  860
æ­£ç¡®çš„ä¸ªæ•°:  684
Epoch [30/100], V_AUC: [4m0.7921[0m
Epoch [31/100], Loss: 56.1551
train_Accuracy: [91m0.8247[0m
train_Precision: [4;34m0.8450[0m,               train_Recall: [4;33m0.8028[0m,                 train_F1 Score: [4;35m0.8187[0m
æ ‡ç­¾é‡Œ1çš„ä¸ªæ•°:  2150
æ ‡ç­¾é‡Œ0çš„ä¸ªæ•°:  2150
æ€»æ•°:  4300
æ­£ç¡®çš„ä¸ªæ•°:  3546
æœ€åä¸€ä¸ªæ‰¹æ¬¡çš„è¾“å‡º, ä¸æ»¡batchsizeæ˜¯æ­£å¸¸çš„:
 tensor([[0.8993],
        [0.8300],
        [0.9761],
        [0.1638],
        [0.8365],
        [0.0926],
        [0.4830],
        [0.3836],
        [0.5357],
        [0.8591],
        [0.0397],
        [0.0804]], device='cuda:0', grad_fn=<SigmoidBackward0>)
Epoch [31/100], T_AUC: [4m0.8299[0m
Epoch [31/100], Loss: 13.6363
val_Accuracy: [92m0.7930[0m
val_Precision: [4;34m0.8210[0m,               val_Recall: [4;33m0.7380[0m,                 val_F1 Score: [4;35m0.7728[0m
æ ‡ç­¾é‡Œ1çš„ä¸ªæ•°:  430
æ ‡ç­¾é‡Œ0çš„ä¸ªæ•°:  430
æ€»æ•°:  860
æ­£ç¡®çš„ä¸ªæ•°:  682
Epoch [31/100], V_AUC: [4m0.7900[0m
Epoch [32/100], Loss: 55.9852
train_Accuracy: [91m0.8237[0m
train_Precision: [4;34m0.8446[0m,               train_Recall: [4;33m0.8015[0m,                 train_F1 Score: [4;35m0.8178[0m
æ ‡ç­¾é‡Œ1çš„ä¸ªæ•°:  2150
æ ‡ç­¾é‡Œ0çš„ä¸ªæ•°:  2150
æ€»æ•°:  4300
æ­£ç¡®çš„ä¸ªæ•°:  3542
æœ€åä¸€ä¸ªæ‰¹æ¬¡çš„è¾“å‡º, ä¸æ»¡batchsizeæ˜¯æ­£å¸¸çš„:
 tensor([[0.8965],
        [0.8170],
        [0.9808],
        [0.1692],
        [0.8291],
        [0.0988],
        [0.4961],
        [0.3548],
        [0.5356],
        [0.8530],
        [0.0410],
        [0.0780]], device='cuda:0', grad_fn=<SigmoidBackward0>)
Epoch [32/100], T_AUC: [4m0.8289[0m
Epoch [32/100], Loss: 13.7029
val_Accuracy: [92m0.7907[0m
val_Precision: [4;34m0.8213[0m,               val_Recall: [4;33m0.7305[0m,                 val_F1 Score: [4;35m0.7681[0m
æ ‡ç­¾é‡Œ1çš„ä¸ªæ•°:  430
æ ‡ç­¾é‡Œ0çš„ä¸ªæ•°:  430
æ€»æ•°:  860
æ­£ç¡®çš„ä¸ªæ•°:  680
Epoch [32/100], V_AUC: [4m0.7871[0m
Epoch [33/100], Loss: 55.9060
train_Accuracy: [91m0.8240[0m
train_Precision: [4;34m0.8443[0m,               train_Recall: [4;33m0.8010[0m,                 train_F1 Score: [4;35m0.8176[0m
æ ‡ç­¾é‡Œ1çš„ä¸ªæ•°:  2150
æ ‡ç­¾é‡Œ0çš„ä¸ªæ•°:  2150
æ€»æ•°:  4300
æ­£ç¡®çš„ä¸ªæ•°:  3543
æœ€åä¸€ä¸ªæ‰¹æ¬¡çš„è¾“å‡º, ä¸æ»¡batchsizeæ˜¯æ­£å¸¸çš„:
 tensor([[0.8983],
        [0.8104],
        [0.9831],
        [0.1774],
        [0.8312],
        [0.1161],
        [0.4777],
        [0.3326],
        [0.5392],
        [0.8372],
        [0.0302],
        [0.0854]], device='cuda:0', grad_fn=<SigmoidBackward0>)
Epoch [33/100], T_AUC: [4m0.8287[0m
Epoch [33/100], Loss: 13.7757
val_Accuracy: [92m0.7988[0m
val_Precision: [4;34m0.8367[0m,               val_Recall: [4;33m0.7344[0m,                 val_F1 Score: [4;35m0.7768[0m
æ ‡ç­¾é‡Œ1çš„ä¸ªæ•°:  430
æ ‡ç­¾é‡Œ0çš„ä¸ªæ•°:  430
æ€»æ•°:  860
æ­£ç¡®çš„ä¸ªæ•°:  687
Epoch [33/100], V_AUC: [4m0.7959[0m
Epoch [34/100], Loss: 55.9253
train_Accuracy: [91m0.8235[0m
train_Precision: [4;34m0.8426[0m,               train_Recall: [4;33m0.8019[0m,                 train_F1 Score: [4;35m0.8172[0m
æ ‡ç­¾é‡Œ1çš„ä¸ªæ•°:  2150
æ ‡ç­¾é‡Œ0çš„ä¸ªæ•°:  2150
æ€»æ•°:  4300
æ­£ç¡®çš„ä¸ªæ•°:  3541
æœ€åä¸€ä¸ªæ‰¹æ¬¡çš„è¾“å‡º, ä¸æ»¡batchsizeæ˜¯æ­£å¸¸çš„:
 tensor([[0.8938],
        [0.8231],
        [0.9794],
        [0.1781],
        [0.8330],
        [0.1117],
        [0.4938],
        [0.3571],
        [0.5588],
        [0.8443],
        [0.0267],
        [0.0850]], device='cuda:0', grad_fn=<SigmoidBackward0>)
Epoch [34/100], T_AUC: [4m0.8280[0m
Epoch [34/100], Loss: 13.6736
val_Accuracy: [92m0.7953[0m
val_Precision: [4;34m0.8273[0m,               val_Recall: [4;33m0.7364[0m,                 val_F1 Score: [4;35m0.7739[0m
æ ‡ç­¾é‡Œ1çš„ä¸ªæ•°:  430
æ ‡ç­¾é‡Œ0çš„ä¸ªæ•°:  430
æ€»æ•°:  860
æ­£ç¡®çš„ä¸ªæ•°:  684
Epoch [34/100], V_AUC: [4m0.7925[0m
Epoch [35/100], Loss: 55.8597
train_Accuracy: [91m0.8240[0m
train_Precision: [4;34m0.8443[0m,               train_Recall: [4;33m0.8019[0m,                 train_F1 Score: [4;35m0.8177[0m
æ ‡ç­¾é‡Œ1çš„ä¸ªæ•°:  2150
æ ‡ç­¾é‡Œ0çš„ä¸ªæ•°:  2150
æ€»æ•°:  4300
æ­£ç¡®çš„ä¸ªæ•°:  3543
æœ€åä¸€ä¸ªæ‰¹æ¬¡çš„è¾“å‡º, ä¸æ»¡batchsizeæ˜¯æ­£å¸¸çš„:
 tensor([[0.8985],
        [0.8503],
        [0.9785],
        [0.1615],
        [0.8317],
        [0.0926],
        [0.4702],
        [0.3449],
        [0.5366],
        [0.8443],
        [0.0332],
        [0.1001]], device='cuda:0', grad_fn=<SigmoidBackward0>)
Epoch [35/100], T_AUC: [4m0.8294[0m
Epoch [35/100], Loss: 13.6924
val_Accuracy: [92m0.7965[0m
val_Precision: [4;34m0.8291[0m,               val_Recall: [4;33m0.7355[0m,                 val_F1 Score: [4;35m0.7741[0m
æ ‡ç­¾é‡Œ1çš„ä¸ªæ•°:  430
æ ‡ç­¾é‡Œ0çš„ä¸ªæ•°:  430
æ€»æ•°:  860
æ­£ç¡®çš„ä¸ªæ•°:  685
Epoch [35/100], V_AUC: [4m0.7930[0m
Epoch [36/100], Loss: 55.7732
train_Accuracy: [91m0.8233[0m
train_Precision: [4;34m0.8414[0m,               train_Recall: [4;33m0.8038[0m,                 train_F1 Score: [4;35m0.8174[0m
æ ‡ç­¾é‡Œ1çš„ä¸ªæ•°:  2150
æ ‡ç­¾é‡Œ0çš„ä¸ªæ•°:  2150
æ€»æ•°:  4300
æ­£ç¡®çš„ä¸ªæ•°:  3540
æœ€åä¸€ä¸ªæ‰¹æ¬¡çš„è¾“å‡º, ä¸æ»¡batchsizeæ˜¯æ­£å¸¸çš„:
 tensor([[0.8860],
        [0.8628],
        [0.9807],
        [0.1443],
        [0.8428],
        [0.0902],
        [0.4670],
        [0.3191],
        [0.5011],
        [0.8415],
        [0.0323],
        [0.1378]], device='cuda:0', grad_fn=<SigmoidBackward0>)
Epoch [36/100], T_AUC: [4m0.8284[0m
Epoch [36/100], Loss: 13.7608
val_Accuracy: [92m0.8023[0m
val_Precision: [4;34m0.8402[0m,               val_Recall: [4;33m0.7383[0m,                 val_F1 Score: [4;35m0.7805[0m
æ ‡ç­¾é‡Œ1çš„ä¸ªæ•°:  430
æ ‡ç­¾é‡Œ0çš„ä¸ªæ•°:  430
æ€»æ•°:  860
æ­£ç¡®çš„ä¸ªæ•°:  690
Epoch [36/100], V_AUC: [4m0.7989[0m
Epoch [37/100], Loss: 55.7209
train_Accuracy: [91m0.8242[0m
train_Precision: [4;34m0.8440[0m,               train_Recall: [4;33m0.8024[0m,                 train_F1 Score: [4;35m0.8178[0m
æ ‡ç­¾é‡Œ1çš„ä¸ªæ•°:  2150
æ ‡ç­¾é‡Œ0çš„ä¸ªæ•°:  2150
æ€»æ•°:  4300
æ­£ç¡®çš„ä¸ªæ•°:  3544
æœ€åä¸€ä¸ªæ‰¹æ¬¡çš„è¾“å‡º, ä¸æ»¡batchsizeæ˜¯æ­£å¸¸çš„:
 tensor([[0.8965],
        [0.8539],
        [0.9755],
        [0.1586],
        [0.8366],
        [0.1269],
        [0.4739],
        [0.3336],
        [0.5438],
        [0.8473],
        [0.0265],
        [0.0985]], device='cuda:0', grad_fn=<SigmoidBackward0>)
Epoch [37/100], T_AUC: [4m0.8292[0m
Epoch [37/100], Loss: 13.5749
val_Accuracy: [92m0.7988[0m
val_Precision: [4;34m0.8267[0m,               val_Recall: [4;33m0.7446[0m,                 val_F1 Score: [4;35m0.7781[0m
æ ‡ç­¾é‡Œ1çš„ä¸ªæ•°:  430
æ ‡ç­¾é‡Œ0çš„ä¸ªæ•°:  430
æ€»æ•°:  860
æ­£ç¡®çš„ä¸ªæ•°:  687
Epoch [37/100], V_AUC: [4m0.7953[0m
Epoch [38/100], Loss: 55.5906
train_Accuracy: [91m0.8260[0m
train_Precision: [4;34m0.8443[0m,               train_Recall: [4;33m0.8056[0m,                 train_F1 Score: [4;35m0.8199[0m
æ ‡ç­¾é‡Œ1çš„ä¸ªæ•°:  2150
æ ‡ç­¾é‡Œ0çš„ä¸ªæ•°:  2150
æ€»æ•°:  4300
æ­£ç¡®çš„ä¸ªæ•°:  3552
æœ€åä¸€ä¸ªæ‰¹æ¬¡çš„è¾“å‡º, ä¸æ»¡batchsizeæ˜¯æ­£å¸¸çš„:
 tensor([[0.9150],
        [0.8541],
        [0.9747],
        [0.1539],
        [0.8403],
        [0.1020],
        [0.4692],
        [0.3121],
        [0.5336],
        [0.8520],
        [0.0307],
        [0.0992]], device='cuda:0', grad_fn=<SigmoidBackward0>)
Epoch [38/100], T_AUC: [4m0.8305[0m
Epoch [38/100], Loss: 13.6842
val_Accuracy: [92m0.7977[0m
val_Precision: [4;34m0.8259[0m,               val_Recall: [4;33m0.7418[0m,                 val_F1 Score: [4;35m0.7763[0m
æ ‡ç­¾é‡Œ1çš„ä¸ªæ•°:  430
æ ‡ç­¾é‡Œ0çš„ä¸ªæ•°:  430
æ€»æ•°:  860
æ­£ç¡®çš„ä¸ªæ•°:  686
Epoch [38/100], V_AUC: [4m0.7942[0m
Epoch [39/100], Loss: 55.6877
train_Accuracy: [91m0.8247[0m
train_Precision: [4;34m0.8432[0m,               train_Recall: [4;33m0.8036[0m,                 train_F1 Score: [4;35m0.8183[0m
æ ‡ç­¾é‡Œ1çš„ä¸ªæ•°:  2150
æ ‡ç­¾é‡Œ0çš„ä¸ªæ•°:  2150
æ€»æ•°:  4300
æ­£ç¡®çš„ä¸ªæ•°:  3546
æœ€åä¸€ä¸ªæ‰¹æ¬¡çš„è¾“å‡º, ä¸æ»¡batchsizeæ˜¯æ­£å¸¸çš„:
 tensor([[0.9324],
        [0.8864],
        [0.9771],
        [0.1310],
        [0.6699],
        [0.1226],
        [0.4674],
        [0.3261],
        [0.5376],
        [0.8905],
        [0.0627],
        [0.0639]], device='cuda:0', grad_fn=<SigmoidBackward0>)
Epoch [39/100], T_AUC: [4m0.8293[0m
Epoch [39/100], Loss: 13.7093
val_Accuracy: [92m0.7988[0m
val_Precision: [4;34m0.8352[0m,               val_Recall: [4;33m0.7337[0m,                 val_F1 Score: [4;35m0.7759[0m
æ ‡ç­¾é‡Œ1çš„ä¸ªæ•°:  430
æ ‡ç­¾é‡Œ0çš„ä¸ªæ•°:  430
æ€»æ•°:  860
æ­£ç¡®çš„ä¸ªæ•°:  687
Epoch [39/100], V_AUC: [4m0.7963[0m
Epoch [40/100], Loss: 55.8369
train_Accuracy: [91m0.8226[0m
train_Precision: [4;34m0.8420[0m,               train_Recall: [4;33m0.8012[0m,                 train_F1 Score: [4;35m0.8162[0m
æ ‡ç­¾é‡Œ1çš„ä¸ªæ•°:  2150
æ ‡ç­¾é‡Œ0çš„ä¸ªæ•°:  2150
æ€»æ•°:  4300
æ­£ç¡®çš„ä¸ªæ•°:  3537
æœ€åä¸€ä¸ªæ‰¹æ¬¡çš„è¾“å‡º, ä¸æ»¡batchsizeæ˜¯æ­£å¸¸çš„:
 tensor([[0.9345],
        [0.8636],
        [0.9667],
        [0.1464],
        [0.8076],
        [0.0708],
        [0.4725],
        [0.3497],
        [0.5191],
        [0.8647],
        [0.0328],
        [0.1620]], device='cuda:0', grad_fn=<SigmoidBackward0>)
Epoch [40/100], T_AUC: [4m0.8280[0m
Epoch [40/100], Loss: 13.6335
val_Accuracy: [92m0.7953[0m
val_Precision: [4;34m0.8305[0m,               val_Recall: [4;33m0.7304[0m,                 val_F1 Score: [4;35m0.7720[0m
æ ‡ç­¾é‡Œ1çš„ä¸ªæ•°:  430
æ ‡ç­¾é‡Œ0çš„ä¸ªæ•°:  430
æ€»æ•°:  860
æ­£ç¡®çš„ä¸ªæ•°:  684
Epoch [40/100], V_AUC: [4m0.7921[0m
Epoch [41/100], Loss: 55.7588
train_Accuracy: [91m0.8242[0m
train_Precision: [4;34m0.8441[0m,               train_Recall: [4;33m0.8023[0m,                 train_F1 Score: [4;35m0.8179[0m
æ ‡ç­¾é‡Œ1çš„ä¸ªæ•°:  2150
æ ‡ç­¾é‡Œ0çš„ä¸ªæ•°:  2150
æ€»æ•°:  4300
æ­£ç¡®çš„ä¸ªæ•°:  3544
æœ€åä¸€ä¸ªæ‰¹æ¬¡çš„è¾“å‡º, ä¸æ»¡batchsizeæ˜¯æ­£å¸¸çš„:
 tensor([[0.9187],
        [0.8639],
        [0.9668],
        [0.1436],
        [0.8371],
        [0.0845],
        [0.4893],
        [0.3761],
        [0.5311],
        [0.8545],
        [0.0283],
        [0.1276]], device='cuda:0', grad_fn=<SigmoidBackward0>)
Epoch [41/100], T_AUC: [4m0.8293[0m
Epoch [41/100], Loss: 13.5969
val_Accuracy: [92m0.7977[0m
val_Precision: [4;34m0.8226[0m,               val_Recall: [4;33m0.7462[0m,                 val_F1 Score: [4;35m0.7778[0m
æ ‡ç­¾é‡Œ1çš„ä¸ªæ•°:  430
æ ‡ç­¾é‡Œ0çš„ä¸ªæ•°:  430
æ€»æ•°:  860
æ­£ç¡®çš„ä¸ªæ•°:  686
Epoch [41/100], V_AUC: [4m0.7941[0m
Epoch [42/100], Loss: 55.7179
train_Accuracy: [91m0.8235[0m
train_Precision: [4;34m0.8435[0m,               train_Recall: [4;33m0.8011[0m,                 train_F1 Score: [4;35m0.8171[0m
æ ‡ç­¾é‡Œ1çš„ä¸ªæ•°:  2150
æ ‡ç­¾é‡Œ0çš„ä¸ªæ•°:  2150
æ€»æ•°:  4300
æ­£ç¡®çš„ä¸ªæ•°:  3541
æœ€åä¸€ä¸ªæ‰¹æ¬¡çš„è¾“å‡º, ä¸æ»¡batchsizeæ˜¯æ­£å¸¸çš„:
 tensor([[0.9324],
        [0.9043],
        [0.9793],
        [0.0974],
        [0.7667],
        [0.0803],
        [0.4495],
        [0.2799],
        [0.4688],
        [0.8156],
        [0.0773],
        [0.1222]], device='cuda:0', grad_fn=<SigmoidBackward0>)
Epoch [42/100], T_AUC: [4m0.8277[0m
Epoch [42/100], Loss: 13.5088
val_Accuracy: [92m0.8000[0m
val_Precision: [4;34m0.8407[0m,               val_Recall: [4;33m0.7321[0m,                 val_F1 Score: [4;35m0.7772[0m
æ ‡ç­¾é‡Œ1çš„ä¸ªæ•°:  430
æ ‡ç­¾é‡Œ0çš„ä¸ªæ•°:  430
æ€»æ•°:  860
æ­£ç¡®çš„ä¸ªæ•°:  688
Epoch [42/100], V_AUC: [4m0.7974[0m
Epoch [43/100], Loss: 56.2822
train_Accuracy: [91m0.8244[0m
train_Precision: [4;34m0.8481[0m,               train_Recall: [4;33m0.7990[0m,                 train_F1 Score: [4;35m0.8179[0m
æ ‡ç­¾é‡Œ1çš„ä¸ªæ•°:  2150
æ ‡ç­¾é‡Œ0çš„ä¸ªæ•°:  2150
æ€»æ•°:  4300
æ­£ç¡®çš„ä¸ªæ•°:  3545
æœ€åä¸€ä¸ªæ‰¹æ¬¡çš„è¾“å‡º, ä¸æ»¡batchsizeæ˜¯æ­£å¸¸çš„:
 tensor([[0.9194],
        [0.8570],
        [0.9748],
        [0.1048],
        [0.8207],
        [0.0898],
        [0.4928],
        [0.2843],
        [0.5595],
        [0.8710],
        [0.0802],
        [0.0978]], device='cuda:0', grad_fn=<SigmoidBackward0>)
Epoch [43/100], T_AUC: [4m0.8298[0m
Epoch [43/100], Loss: 13.7342
val_Accuracy: [92m0.7919[0m
val_Precision: [4;34m0.8375[0m,               val_Recall: [4;33m0.7188[0m,                 val_F1 Score: [4;35m0.7681[0m
æ ‡ç­¾é‡Œ1çš„ä¸ªæ•°:  430
æ ‡ç­¾é‡Œ0çš„ä¸ªæ•°:  430
æ€»æ•°:  860
æ­£ç¡®çš„ä¸ªæ•°:  681
Epoch [43/100], V_AUC: [4m0.7891[0m
Epoch [44/100], Loss: 56.2140
train_Accuracy: [91m0.8235[0m
train_Precision: [4;34m0.8443[0m,               train_Recall: [4;33m0.8006[0m,                 train_F1 Score: [4;35m0.8166[0m
æ ‡ç­¾é‡Œ1çš„ä¸ªæ•°:  2150
æ ‡ç­¾é‡Œ0çš„ä¸ªæ•°:  2150
æ€»æ•°:  4300
æ­£ç¡®çš„ä¸ªæ•°:  3541
æœ€åä¸€ä¸ªæ‰¹æ¬¡çš„è¾“å‡º, ä¸æ»¡batchsizeæ˜¯æ­£å¸¸çš„:
 tensor([[0.9297],
        [0.8317],
        [0.9771],
        [0.1196],
        [0.8159],
        [0.1029],
        [0.5057],
        [0.2470],
        [0.5664],
        [0.8469],
        [0.0743],
        [0.0921]], device='cuda:0', grad_fn=<SigmoidBackward0>)
Epoch [44/100], T_AUC: [4m0.8287[0m
Epoch [44/100], Loss: 13.7930
val_Accuracy: [92m0.7860[0m
val_Precision: [4;34m0.8253[0m,               val_Recall: [4;33m0.7160[0m,                 val_F1 Score: [4;35m0.7618[0m
æ ‡ç­¾é‡Œ1çš„ä¸ªæ•°:  430
æ ‡ç­¾é‡Œ0çš„ä¸ªæ•°:  430
æ€»æ•°:  860
æ­£ç¡®çš„ä¸ªæ•°:  676
Epoch [44/100], V_AUC: [4m0.7834[0m
Epoch [45/100], Loss: 56.0605
train_Accuracy: [91m0.8230[0m
train_Precision: [4;34m0.8437[0m,               train_Recall: [4;33m0.8009[0m,                 train_F1 Score: [4;35m0.8164[0m
æ ‡ç­¾é‡Œ1çš„ä¸ªæ•°:  2150
æ ‡ç­¾é‡Œ0çš„ä¸ªæ•°:  2150
æ€»æ•°:  4300
æ­£ç¡®çš„ä¸ªæ•°:  3539
æœ€åä¸€ä¸ªæ‰¹æ¬¡çš„è¾“å‡º, ä¸æ»¡batchsizeæ˜¯æ­£å¸¸çš„:
 tensor([[0.9234],
        [0.8365],
        [0.9761],
        [0.1107],
        [0.8262],
        [0.0969],
        [0.5116],
        [0.2795],
        [0.5710],
        [0.8570],
        [0.0680],
        [0.0887]], device='cuda:0', grad_fn=<SigmoidBackward0>)
Epoch [45/100], T_AUC: [4m0.8280[0m
Epoch [45/100], Loss: 13.7079
val_Accuracy: [92m0.7942[0m
val_Precision: [4;34m0.8342[0m,               val_Recall: [4;33m0.7277[0m,                 val_F1 Score: [4;35m0.7717[0m
æ ‡ç­¾é‡Œ1çš„ä¸ªæ•°:  430
æ ‡ç­¾é‡Œ0çš„ä¸ªæ•°:  430
æ€»æ•°:  860
æ­£ç¡®çš„ä¸ªæ•°:  683
Epoch [45/100], V_AUC: [4m0.7910[0m
Epoch [46/100], Loss: 55.9102
train_Accuracy: [91m0.8235[0m
train_Precision: [4;34m0.8440[0m,               train_Recall: [4;33m0.8021[0m,                 train_F1 Score: [4;35m0.8170[0m
æ ‡ç­¾é‡Œ1çš„ä¸ªæ•°:  2150
æ ‡ç­¾é‡Œ0çš„ä¸ªæ•°:  2150
æ€»æ•°:  4300
æ­£ç¡®çš„ä¸ªæ•°:  3541
æœ€åä¸€ä¸ªæ‰¹æ¬¡çš„è¾“å‡º, ä¸æ»¡batchsizeæ˜¯æ­£å¸¸çš„:
 tensor([[0.9306],
        [0.8517],
        [0.9734],
        [0.1179],
        [0.8335],
        [0.0986],
        [0.5201],
        [0.2673],
        [0.5859],
        [0.8488],
        [0.0614],
        [0.0749]], device='cuda:0', grad_fn=<SigmoidBackward0>)
Epoch [46/100], T_AUC: [4m0.8291[0m
Epoch [46/100], Loss: 13.8569
val_Accuracy: [92m0.7907[0m
val_Precision: [4;34m0.8337[0m,               val_Recall: [4;33m0.7201[0m,                 val_F1 Score: [4;35m0.7666[0m
æ ‡ç­¾é‡Œ1çš„ä¸ªæ•°:  430
æ ‡ç­¾é‡Œ0çš„ä¸ªæ•°:  430
æ€»æ•°:  860
æ­£ç¡®çš„ä¸ªæ•°:  680
Epoch [46/100], V_AUC: [4m0.7868[0m
Epoch [47/100], Loss: 55.7721
train_Accuracy: [91m0.8251[0m
train_Precision: [4;34m0.8444[0m,               train_Recall: [4;33m0.8055[0m,                 train_F1 Score: [4;35m0.8194[0m
æ ‡ç­¾é‡Œ1çš„ä¸ªæ•°:  2150
æ ‡ç­¾é‡Œ0çš„ä¸ªæ•°:  2150
æ€»æ•°:  4300
æ­£ç¡®çš„ä¸ªæ•°:  3548
æœ€åä¸€ä¸ªæ‰¹æ¬¡çš„è¾“å‡º, ä¸æ»¡batchsizeæ˜¯æ­£å¸¸çš„:
 tensor([[0.9323],
        [0.8570],
        [0.9764],
        [0.1138],
        [0.8275],
        [0.0945],
        [0.5192],
        [0.2551],
        [0.5814],
        [0.8512],
        [0.0634],
        [0.0709]], device='cuda:0', grad_fn=<SigmoidBackward0>)
Epoch [47/100], T_AUC: [4m0.8304[0m
Epoch [47/100], Loss: 13.9435
val_Accuracy: [92m0.7942[0m
val_Precision: [4;34m0.8380[0m,               val_Recall: [4;33m0.7229[0m,                 val_F1 Score: [4;35m0.7704[0m
æ ‡ç­¾é‡Œ1çš„ä¸ªæ•°:  430
æ ‡ç­¾é‡Œ0çš„ä¸ªæ•°:  430
æ€»æ•°:  860
æ­£ç¡®çš„ä¸ªæ•°:  683
Epoch [47/100], V_AUC: [4m0.7901[0m
Epoch [48/100], Loss: 55.6198
train_Accuracy: [91m0.8274[0m
train_Precision: [4;34m0.8492[0m,               train_Recall: [4;33m0.8034[0m,                 train_F1 Score: [4;35m0.8206[0m
æ ‡ç­¾é‡Œ1çš„ä¸ªæ•°:  2150
æ ‡ç­¾é‡Œ0çš„ä¸ªæ•°:  2150
æ€»æ•°:  4300
æ­£ç¡®çš„ä¸ªæ•°:  3558
æœ€åä¸€ä¸ªæ‰¹æ¬¡çš„è¾“å‡º, ä¸æ»¡batchsizeæ˜¯æ­£å¸¸çš„:
 tensor([[0.9196],
        [0.8706],
        [0.9722],
        [0.1187],
        [0.8394],
        [0.0991],
        [0.5446],
        [0.2800],
        [0.5891],
        [0.8473],
        [0.0597],
        [0.0716]], device='cuda:0', grad_fn=<SigmoidBackward0>)
Epoch [48/100], T_AUC: [4m0.8325[0m
Epoch [48/100], Loss: 13.8245
val_Accuracy: [92m0.7965[0m
val_Precision: [4;34m0.8350[0m,               val_Recall: [4;33m0.7333[0m,                 val_F1 Score: [4;35m0.7755[0m
æ ‡ç­¾é‡Œ1çš„ä¸ªæ•°:  430
æ ‡ç­¾é‡Œ0çš„ä¸ªæ•°:  430
æ€»æ•°:  860
æ­£ç¡®çš„ä¸ªæ•°:  685
Epoch [48/100], V_AUC: [4m0.7932[0m
Epoch [49/100], Loss: 55.6086
train_Accuracy: [91m0.8247[0m
train_Precision: [4;34m0.8450[0m,               train_Recall: [4;33m0.8026[0m,                 train_F1 Score: [4;35m0.8183[0m
æ ‡ç­¾é‡Œ1çš„ä¸ªæ•°:  2150
æ ‡ç­¾é‡Œ0çš„ä¸ªæ•°:  2150
æ€»æ•°:  4300
æ­£ç¡®çš„ä¸ªæ•°:  3546
æœ€åä¸€ä¸ªæ‰¹æ¬¡çš„è¾“å‡º, ä¸æ»¡batchsizeæ˜¯æ­£å¸¸çš„:
 tensor([[0.9261],
        [0.8797],
        [0.9653],
        [0.1186],
        [0.8261],
        [0.0934],
        [0.5678],
        [0.2757],
        [0.5750],
        [0.8547],
        [0.0583],
        [0.0744]], device='cuda:0', grad_fn=<SigmoidBackward0>)
Epoch [49/100], T_AUC: [4m0.8293[0m
Epoch [49/100], Loss: 13.7935
val_Accuracy: [92m0.7988[0m
val_Precision: [4;34m0.8376[0m,               val_Recall: [4;33m0.7344[0m,                 val_F1 Score: [4;35m0.7778[0m
æ ‡ç­¾é‡Œ1çš„ä¸ªæ•°:  430
æ ‡ç­¾é‡Œ0çš„ä¸ªæ•°:  430
æ€»æ•°:  860
æ­£ç¡®çš„ä¸ªæ•°:  687
Epoch [49/100], V_AUC: [4m0.7949[0m
Epoch [50/100], Loss: 55.5348
train_Accuracy: [91m0.8270[0m
train_Precision: [4;34m0.8477[0m,               train_Recall: [4;33m0.8043[0m,                 train_F1 Score: [4;35m0.8203[0m
æ ‡ç­¾é‡Œ1çš„ä¸ªæ•°:  2150
æ ‡ç­¾é‡Œ0çš„ä¸ªæ•°:  2150
æ€»æ•°:  4300
æ­£ç¡®çš„ä¸ªæ•°:  3556
æœ€åä¸€ä¸ªæ‰¹æ¬¡çš„è¾“å‡º, ä¸æ»¡batchsizeæ˜¯æ­£å¸¸çš„:
 tensor([[0.9203],
        [0.8735],
        [0.9711],
        [0.1259],
        [0.8367],
        [0.0933],
        [0.5555],
        [0.2716],
        [0.5906],
        [0.8441],
        [0.0580],
        [0.0705]], device='cuda:0', grad_fn=<SigmoidBackward0>)
Epoch [50/100], T_AUC: [4m0.8319[0m
Epoch [50/100], Loss: 13.8225
val_Accuracy: [92m0.7953[0m
val_Precision: [4;34m0.8315[0m,               val_Recall: [4;33m0.7320[0m,                 val_F1 Score: [4;35m0.7743[0m
æ ‡ç­¾é‡Œ1çš„ä¸ªæ•°:  430
æ ‡ç­¾é‡Œ0çš„ä¸ªæ•°:  430
æ€»æ•°:  860
æ­£ç¡®çš„ä¸ªæ•°:  684
Epoch [50/100], V_AUC: [4m0.7917[0m
Epoch [51/100], Loss: 55.5844
train_Accuracy: [91m0.8249[0m
train_Precision: [4;34m0.8480[0m,               train_Recall: [4;33m0.8003[0m,                 train_F1 Score: [4;35m0.8182[0m
æ ‡ç­¾é‡Œ1çš„ä¸ªæ•°:  2150
æ ‡ç­¾é‡Œ0çš„ä¸ªæ•°:  2150
æ€»æ•°:  4300
æ­£ç¡®çš„ä¸ªæ•°:  3547
æœ€åä¸€ä¸ªæ‰¹æ¬¡çš„è¾“å‡º, ä¸æ»¡batchsizeæ˜¯æ­£å¸¸çš„:
 tensor([[0.8757],
        [0.8624],
        [0.9829],
        [0.1292],
        [0.8389],
        [0.1197],
        [0.5418],
        [0.3246],
        [0.6872],
        [0.7803],
        [0.0318],
        [0.0933]], device='cuda:0', grad_fn=<SigmoidBackward0>)
Epoch [51/100], T_AUC: [4m0.8301[0m
Epoch [51/100], Loss: 14.3371
val_Accuracy: [92m0.7907[0m
val_Precision: [4;34m0.8411[0m,               val_Recall: [4;33m0.7091[0m,                 val_F1 Score: [4;35m0.7642[0m
æ ‡ç­¾é‡Œ1çš„ä¸ªæ•°:  430
æ ‡ç­¾é‡Œ0çš„ä¸ªæ•°:  430
æ€»æ•°:  860
æ­£ç¡®çš„ä¸ªæ•°:  680
Epoch [51/100], V_AUC: [4m0.7875[0m
Epoch [52/100], Loss: 55.9228
train_Accuracy: [91m0.8221[0m
train_Precision: [4;34m0.8404[0m,               train_Recall: [4;33m0.8028[0m,                 train_F1 Score: [4;35m0.8160[0m
æ ‡ç­¾é‡Œ1çš„ä¸ªæ•°:  2150
æ ‡ç­¾é‡Œ0çš„ä¸ªæ•°:  2150
æ€»æ•°:  4300
æ­£ç¡®çš„ä¸ªæ•°:  3535
æœ€åä¸€ä¸ªæ‰¹æ¬¡çš„è¾“å‡º, ä¸æ»¡batchsizeæ˜¯æ­£å¸¸çš„:
 tensor([[0.9005],
        [0.8429],
        [0.9803],
        [0.1247],
        [0.8423],
        [0.1155],
        [0.5347],
        [0.2986],
        [0.6355],
        [0.8231],
        [0.0379],
        [0.0875]], device='cuda:0', grad_fn=<SigmoidBackward0>)
Epoch [52/100], T_AUC: [4m0.8271[0m
Epoch [52/100], Loss: 14.1888
val_Accuracy: [92m0.7953[0m
val_Precision: [4;34m0.8399[0m,               val_Recall: [4;33m0.7229[0m,                 val_F1 Score: [4;35m0.7724[0m
æ ‡ç­¾é‡Œ1çš„ä¸ªæ•°:  430
æ ‡ç­¾é‡Œ0çš„ä¸ªæ•°:  430
æ€»æ•°:  860
æ­£ç¡®çš„ä¸ªæ•°:  684
Epoch [52/100], V_AUC: [4m0.7917[0m
Epoch [53/100], Loss: 55.5993
train_Accuracy: [91m0.8274[0m
train_Precision: [4;34m0.8463[0m,               train_Recall: [4;33m0.8065[0m,                 train_F1 Score: [4;35m0.8213[0m
æ ‡ç­¾é‡Œ1çš„ä¸ªæ•°:  2150
æ ‡ç­¾é‡Œ0çš„ä¸ªæ•°:  2150
æ€»æ•°:  4300
æ­£ç¡®çš„ä¸ªæ•°:  3558
æœ€åä¸€ä¸ªæ‰¹æ¬¡çš„è¾“å‡º, ä¸æ»¡batchsizeæ˜¯æ­£å¸¸çš„:
 tensor([[0.9072],
        [0.8499],
        [0.9787],
        [0.1128],
        [0.8351],
        [0.1406],
        [0.5238],
        [0.2942],
        [0.6150],
        [0.8279],
        [0.0431],
        [0.0708]], device='cuda:0', grad_fn=<SigmoidBackward0>)
Epoch [53/100], T_AUC: [4m0.8318[0m
Epoch [53/100], Loss: 13.9483
val_Accuracy: [92m0.7919[0m
val_Precision: [4;34m0.8334[0m,               val_Recall: [4;33m0.7229[0m,                 val_F1 Score: [4;35m0.7688[0m
æ ‡ç­¾é‡Œ1çš„ä¸ªæ•°:  430
æ ‡ç­¾é‡Œ0çš„ä¸ªæ•°:  430
æ€»æ•°:  860
æ­£ç¡®çš„ä¸ªæ•°:  681
Epoch [53/100], V_AUC: [4m0.7884[0m
Epoch [54/100], Loss: 55.3526
train_Accuracy: [91m0.8302[0m
train_Precision: [4;34m0.8508[0m,               train_Recall: [4;33m0.8070[0m,                 train_F1 Score: [4;35m0.8234[0m
æ ‡ç­¾é‡Œ1çš„ä¸ªæ•°:  2150
æ ‡ç­¾é‡Œ0çš„ä¸ªæ•°:  2150
æ€»æ•°:  4300
æ­£ç¡®çš„ä¸ªæ•°:  3570
æœ€åä¸€ä¸ªæ‰¹æ¬¡çš„è¾“å‡º, ä¸æ»¡batchsizeæ˜¯æ­£å¸¸çš„:
 tensor([[0.9187],
        [0.8588],
        [0.9702],
        [0.1075],
        [0.8623],
        [0.1051],
        [0.5460],
        [0.2997],
        [0.6202],
        [0.8523],
        [0.0523],
        [0.0804]], device='cuda:0', grad_fn=<SigmoidBackward0>)
Epoch [54/100], T_AUC: [4m0.8352[0m
Epoch [54/100], Loss: 13.8370
val_Accuracy: [92m0.7942[0m
val_Precision: [4;34m0.8315[0m,               val_Recall: [4;33m0.7295[0m,                 val_F1 Score: [4;35m0.7723[0m
æ ‡ç­¾é‡Œ1çš„ä¸ªæ•°:  430
æ ‡ç­¾é‡Œ0çš„ä¸ªæ•°:  430
æ€»æ•°:  860
æ­£ç¡®çš„ä¸ªæ•°:  683
Epoch [54/100], V_AUC: [4m0.7907[0m
Epoch [55/100], Loss: 55.2437
train_Accuracy: [91m0.8281[0m
train_Precision: [4;34m0.8470[0m,               train_Recall: [4;33m0.8074[0m,                 train_F1 Score: [4;35m0.8218[0m
æ ‡ç­¾é‡Œ1çš„ä¸ªæ•°:  2150
æ ‡ç­¾é‡Œ0çš„ä¸ªæ•°:  2150
æ€»æ•°:  4300
æ­£ç¡®çš„ä¸ªæ•°:  3561
æœ€åä¸€ä¸ªæ‰¹æ¬¡çš„è¾“å‡º, ä¸æ»¡batchsizeæ˜¯æ­£å¸¸çš„:
 tensor([[0.9209],
        [0.8672],
        [0.9693],
        [0.1184],
        [0.8644],
        [0.1029],
        [0.5514],
        [0.2881],
        [0.6198],
        [0.8471],
        [0.0482],
        [0.0676]], device='cuda:0', grad_fn=<SigmoidBackward0>)
Epoch [55/100], T_AUC: [4m0.8331[0m
Epoch [55/100], Loss: 13.8262
val_Accuracy: [92m0.7953[0m
val_Precision: [4;34m0.8308[0m,               val_Recall: [4;33m0.7342[0m,                 val_F1 Score: [4;35m0.7745[0m
æ ‡ç­¾é‡Œ1çš„ä¸ªæ•°:  430
æ ‡ç­¾é‡Œ0çš„ä¸ªæ•°:  430
æ€»æ•°:  860
æ­£ç¡®çš„ä¸ªæ•°:  684
Epoch [55/100], V_AUC: [4m0.7917[0m
Epoch [56/100], Loss: 55.0994
train_Accuracy: [91m0.8284[0m
train_Precision: [4;34m0.8469[0m,               train_Recall: [4;33m0.8092[0m,                 train_F1 Score: [4;35m0.8225[0m
æ ‡ç­¾é‡Œ1çš„ä¸ªæ•°:  2150
æ ‡ç­¾é‡Œ0çš„ä¸ªæ•°:  2150
æ€»æ•°:  4300
æ­£ç¡®çš„ä¸ªæ•°:  3562
æœ€åä¸€ä¸ªæ‰¹æ¬¡çš„è¾“å‡º, ä¸æ»¡batchsizeæ˜¯æ­£å¸¸çš„:
 tensor([[0.9289],
        [0.8778],
        [0.9701],
        [0.1238],
        [0.8578],
        [0.1156],
        [0.5558],
        [0.2829],
        [0.6065],
        [0.8552],
        [0.0444],
        [0.0584]], device='cuda:0', grad_fn=<SigmoidBackward0>)
Epoch [56/100], T_AUC: [4m0.8337[0m
Epoch [56/100], Loss: 14.1180
val_Accuracy: [92m0.7930[0m
val_Precision: [4;34m0.8317[0m,               val_Recall: [4;33m0.7271[0m,                 val_F1 Score: [4;35m0.7706[0m
æ ‡ç­¾é‡Œ1çš„ä¸ªæ•°:  430
æ ‡ç­¾é‡Œ0çš„ä¸ªæ•°:  430
æ€»æ•°:  860
æ­£ç¡®çš„ä¸ªæ•°:  682
Epoch [56/100], V_AUC: [4m0.7895[0m
Epoch [57/100], Loss: 55.1976
train_Accuracy: [91m0.8258[0m
train_Precision: [4;34m0.8465[0m,               train_Recall: [4;33m0.8038[0m,                 train_F1 Score: [4;35m0.8195[0m
æ ‡ç­¾é‡Œ1çš„ä¸ªæ•°:  2150
æ ‡ç­¾é‡Œ0çš„ä¸ªæ•°:  2150
æ€»æ•°:  4300
æ­£ç¡®çš„ä¸ªæ•°:  3551
æœ€åä¸€ä¸ªæ‰¹æ¬¡çš„è¾“å‡º, ä¸æ»¡batchsizeæ˜¯æ­£å¸¸çš„:
 tensor([[0.9455],
        [0.8757],
        [0.9651],
        [0.1210],
        [0.8588],
        [0.1129],
        [0.5674],
        [0.2467],
        [0.6137],
        [0.8550],
        [0.0413],
        [0.0674]], device='cuda:0', grad_fn=<SigmoidBackward0>)
Epoch [57/100], T_AUC: [4m0.8311[0m
Epoch [57/100], Loss: 14.0923
val_Accuracy: [92m0.7884[0m
val_Precision: [4;34m0.8337[0m,               val_Recall: [4;33m0.7135[0m,                 val_F1 Score: [4;35m0.7637[0m
æ ‡ç­¾é‡Œ1çš„ä¸ªæ•°:  430
æ ‡ç­¾é‡Œ0çš„ä¸ªæ•°:  430
æ€»æ•°:  860
æ­£ç¡®çš„ä¸ªæ•°:  678
Epoch [57/100], V_AUC: [4m0.7850[0m
Epoch [58/100], Loss: 55.1210
train_Accuracy: [91m0.8302[0m
train_Precision: [4;34m0.8511[0m,               train_Recall: [4;33m0.8072[0m,                 train_F1 Score: [4;35m0.8237[0m
æ ‡ç­¾é‡Œ1çš„ä¸ªæ•°:  2150
æ ‡ç­¾é‡Œ0çš„ä¸ªæ•°:  2150
æ€»æ•°:  4300
æ­£ç¡®çš„ä¸ªæ•°:  3570
æœ€åä¸€ä¸ªæ‰¹æ¬¡çš„è¾“å‡º, ä¸æ»¡batchsizeæ˜¯æ­£å¸¸çš„:
 tensor([[0.9424],
        [0.8850],
        [0.9714],
        [0.1088],
        [0.8438],
        [0.0973],
        [0.5197],
        [0.2497],
        [0.5885],
        [0.8552],
        [0.0639],
        [0.0750]], device='cuda:0', grad_fn=<SigmoidBackward0>)
Epoch [58/100], T_AUC: [4m0.8352[0m
Epoch [58/100], Loss: 13.8042
val_Accuracy: [92m0.7907[0m
val_Precision: [4;34m0.8247[0m,               val_Recall: [4;33m0.7291[0m,                 val_F1 Score: [4;35m0.7687[0m
æ ‡ç­¾é‡Œ1çš„ä¸ªæ•°:  430
æ ‡ç­¾é‡Œ0çš„ä¸ªæ•°:  430
æ€»æ•°:  860
æ­£ç¡®çš„ä¸ªæ•°:  680
Epoch [58/100], V_AUC: [4m0.7876[0m
Epoch [59/100], Loss: 55.1744
train_Accuracy: [91m0.8281[0m
train_Precision: [4;34m0.8476[0m,               train_Recall: [4;33m0.8079[0m,                 train_F1 Score: [4;35m0.8222[0m
æ ‡ç­¾é‡Œ1çš„ä¸ªæ•°:  2150
æ ‡ç­¾é‡Œ0çš„ä¸ªæ•°:  2150
æ€»æ•°:  4300
æ­£ç¡®çš„ä¸ªæ•°:  3561
æœ€åä¸€ä¸ªæ‰¹æ¬¡çš„è¾“å‡º, ä¸æ»¡batchsizeæ˜¯æ­£å¸¸çš„:
 tensor([[0.9301],
        [0.8785],
        [0.9690],
        [0.1203],
        [0.8573],
        [0.1023],
        [0.5359],
        [0.3269],
        [0.6378],
        [0.8493],
        [0.0319],
        [0.0828]], device='cuda:0', grad_fn=<SigmoidBackward0>)
Epoch [59/100], T_AUC: [4m0.8330[0m
Epoch [59/100], Loss: 14.0497
val_Accuracy: [92m0.7884[0m
val_Precision: [4;34m0.8269[0m,               val_Recall: [4;33m0.7233[0m,                 val_F1 Score: [4;35m0.7659[0m
æ ‡ç­¾é‡Œ1çš„ä¸ªæ•°:  430
æ ‡ç­¾é‡Œ0çš„ä¸ªæ•°:  430
æ€»æ•°:  860
æ­£ç¡®çš„ä¸ªæ•°:  678
Epoch [59/100], V_AUC: [4m0.7855[0m
Epoch [60/100], Loss: 55.0440
train_Accuracy: [91m0.8291[0m
train_Precision: [4;34m0.8483[0m,               train_Recall: [4;33m0.8080[0m,                 train_F1 Score: [4;35m0.8228[0m
æ ‡ç­¾é‡Œ1çš„ä¸ªæ•°:  2150
æ ‡ç­¾é‡Œ0çš„ä¸ªæ•°:  2150
æ€»æ•°:  4300
æ­£ç¡®çš„ä¸ªæ•°:  3565
æœ€åä¸€ä¸ªæ‰¹æ¬¡çš„è¾“å‡º, ä¸æ»¡batchsizeæ˜¯æ­£å¸¸çš„:
 tensor([[0.9368],
        [0.8999],
        [0.9656],
        [0.1130],
        [0.8502],
        [0.1023],
        [0.5226],
        [0.2735],
        [0.6058],
        [0.8641],
        [0.0442],
        [0.0660]], device='cuda:0', grad_fn=<SigmoidBackward0>)
Epoch [60/100], T_AUC: [4m0.8339[0m
Epoch [60/100], Loss: 14.0268
val_Accuracy: [92m0.7930[0m
val_Precision: [4;34m0.8249[0m,               val_Recall: [4;33m0.7334[0m,                 val_F1 Score: [4;35m0.7724[0m
æ ‡ç­¾é‡Œ1çš„ä¸ªæ•°:  430
æ ‡ç­¾é‡Œ0çš„ä¸ªæ•°:  430
æ€»æ•°:  860
æ­£ç¡®çš„ä¸ªæ•°:  682
Epoch [60/100], V_AUC: [4m0.7896[0m
Epoch [61/100], Loss: 54.9448
train_Accuracy: [91m0.8288[0m
train_Precision: [4;34m0.8484[0m,               train_Recall: [4;33m0.8076[0m,                 train_F1 Score: [4;35m0.8228[0m
æ ‡ç­¾é‡Œ1çš„ä¸ªæ•°:  2150
æ ‡ç­¾é‡Œ0çš„ä¸ªæ•°:  2150
æ€»æ•°:  4300
æ­£ç¡®çš„ä¸ªæ•°:  3564
æœ€åä¸€ä¸ªæ‰¹æ¬¡çš„è¾“å‡º, ä¸æ»¡batchsizeæ˜¯æ­£å¸¸çš„:
 tensor([[0.9456],
        [0.8638],
        [0.9665],
        [0.1066],
        [0.8579],
        [0.0865],
        [0.5286],
        [0.2623],
        [0.6368],
        [0.8725],
        [0.0527],
        [0.0589]], device='cuda:0', grad_fn=<SigmoidBackward0>)
Epoch [61/100], T_AUC: [4m0.8337[0m
Epoch [61/100], Loss: 14.0782
val_Accuracy: [92m0.7930[0m
val_Precision: [4;34m0.8319[0m,               val_Recall: [4;33m0.7275[0m,                 val_F1 Score: [4;35m0.7706[0m
æ ‡ç­¾é‡Œ1çš„ä¸ªæ•°:  430
æ ‡ç­¾é‡Œ0çš„ä¸ªæ•°:  430
æ€»æ•°:  860
æ­£ç¡®çš„ä¸ªæ•°:  682
Epoch [61/100], V_AUC: [4m0.7897[0m
Epoch [62/100], Loss: 55.0459
train_Accuracy: [91m0.8265[0m
train_Precision: [4;34m0.8445[0m,               train_Recall: [4;33m0.8071[0m,                 train_F1 Score: [4;35m0.8204[0m
æ ‡ç­¾é‡Œ1çš„ä¸ªæ•°:  2150
æ ‡ç­¾é‡Œ0çš„ä¸ªæ•°:  2150
æ€»æ•°:  4300
æ­£ç¡®çš„ä¸ªæ•°:  3554
æœ€åä¸€ä¸ªæ‰¹æ¬¡çš„è¾“å‡º, ä¸æ»¡batchsizeæ˜¯æ­£å¸¸çš„:
 tensor([[0.9342],
        [0.8853],
        [0.9724],
        [0.1121],
        [0.8725],
        [0.1117],
        [0.5195],
        [0.2548],
        [0.6068],
        [0.8496],
        [0.0451],
        [0.0764]], device='cuda:0', grad_fn=<SigmoidBackward0>)
Epoch [62/100], T_AUC: [4m0.8313[0m
Epoch [62/100], Loss: 13.9171
val_Accuracy: [92m0.7895[0m
val_Precision: [4;34m0.8257[0m,               val_Recall: [4;33m0.7250[0m,                 val_F1 Score: [4;35m0.7671[0m
æ ‡ç­¾é‡Œ1çš„ä¸ªæ•°:  430
æ ‡ç­¾é‡Œ0çš„ä¸ªæ•°:  430
æ€»æ•°:  860
æ­£ç¡®çš„ä¸ªæ•°:  679
Epoch [62/100], V_AUC: [4m0.7866[0m
Epoch [63/100], Loss: 54.8902
train_Accuracy: [91m0.8274[0m
train_Precision: [4;34m0.8450[0m,               train_Recall: [4;33m0.8085[0m,                 train_F1 Score: [4;35m0.8213[0m
æ ‡ç­¾é‡Œ1çš„ä¸ªæ•°:  2150
æ ‡ç­¾é‡Œ0çš„ä¸ªæ•°:  2150
æ€»æ•°:  4300
æ­£ç¡®çš„ä¸ªæ•°:  3558
æœ€åä¸€ä¸ªæ‰¹æ¬¡çš„è¾“å‡º, ä¸æ»¡batchsizeæ˜¯æ­£å¸¸çš„:
 tensor([[0.9342],
        [0.8814],
        [0.9737],
        [0.1047],
        [0.8804],
        [0.1055],
        [0.5148],
        [0.2561],
        [0.6255],
        [0.8613],
        [0.0435],
        [0.0793]], device='cuda:0', grad_fn=<SigmoidBackward0>)
Epoch [63/100], T_AUC: [4m0.8326[0m
Epoch [63/100], Loss: 14.2062
val_Accuracy: [92m0.7860[0m
val_Precision: [4;34m0.8320[0m,               val_Recall: [4;33m0.7087[0m,                 val_F1 Score: [4;35m0.7601[0m
æ ‡ç­¾é‡Œ1çš„ä¸ªæ•°:  430
æ ‡ç­¾é‡Œ0çš„ä¸ªæ•°:  430
æ€»æ•°:  860
æ­£ç¡®çš„ä¸ªæ•°:  676
Epoch [63/100], V_AUC: [4m0.7825[0m
Epoch [64/100], Loss: 54.8040
train_Accuracy: [91m0.8277[0m
train_Precision: [4;34m0.8477[0m,               train_Recall: [4;33m0.8066[0m,                 train_F1 Score: [4;35m0.8219[0m
æ ‡ç­¾é‡Œ1çš„ä¸ªæ•°:  2150
æ ‡ç­¾é‡Œ0çš„ä¸ªæ•°:  2150
æ€»æ•°:  4300
æ­£ç¡®çš„ä¸ªæ•°:  3559
æœ€åä¸€ä¸ªæ‰¹æ¬¡çš„è¾“å‡º, ä¸æ»¡batchsizeæ˜¯æ­£å¸¸çš„:
 tensor([[0.9124],
        [0.8787],
        [0.9820],
        [0.1193],
        [0.8783],
        [0.0990],
        [0.4956],
        [0.2714],
        [0.6176],
        [0.8386],
        [0.0393],
        [0.0934]], device='cuda:0', grad_fn=<SigmoidBackward0>)
Epoch [64/100], T_AUC: [4m0.8327[0m
Epoch [64/100], Loss: 14.5782
val_Accuracy: [92m0.7919[0m
val_Precision: [4;34m0.8212[0m,               val_Recall: [4;33m0.7356[0m,                 val_F1 Score: [4;35m0.7722[0m
æ ‡ç­¾é‡Œ1çš„ä¸ªæ•°:  430
æ ‡ç­¾é‡Œ0çš„ä¸ªæ•°:  430
æ€»æ•°:  860
æ­£ç¡®çš„ä¸ªæ•°:  681
Epoch [64/100], V_AUC: [4m0.7892[0m
Epoch [65/100], Loss: 55.0291
train_Accuracy: [91m0.8272[0m
train_Precision: [4;34m0.8464[0m,               train_Recall: [4;33m0.8079[0m,                 train_F1 Score: [4;35m0.8216[0m
æ ‡ç­¾é‡Œ1çš„ä¸ªæ•°:  2150
æ ‡ç­¾é‡Œ0çš„ä¸ªæ•°:  2150
æ€»æ•°:  4300
æ­£ç¡®çš„ä¸ªæ•°:  3557
æœ€åä¸€ä¸ªæ‰¹æ¬¡çš„è¾“å‡º, ä¸æ»¡batchsizeæ˜¯æ­£å¸¸çš„:
 tensor([[0.9168],
        [0.8761],
        [0.9779],
        [0.1102],
        [0.9009],
        [0.1093],
        [0.4956],
        [0.2358],
        [0.6384],
        [0.8432],
        [0.0336],
        [0.1034]], device='cuda:0', grad_fn=<SigmoidBackward0>)
Epoch [65/100], T_AUC: [4m0.8323[0m
Epoch [65/100], Loss: 14.3712
val_Accuracy: [92m0.7872[0m
val_Precision: [4;34m0.8293[0m,               val_Recall: [4;33m0.7134[0m,                 val_F1 Score: [4;35m0.7627[0m
æ ‡ç­¾é‡Œ1çš„ä¸ªæ•°:  430
æ ‡ç­¾é‡Œ0çš„ä¸ªæ•°:  430
æ€»æ•°:  860
æ­£ç¡®çš„ä¸ªæ•°:  677
Epoch [65/100], V_AUC: [4m0.7842[0m
Epoch [66/100], Loss: 54.7906
train_Accuracy: [91m0.8291[0m
train_Precision: [4;34m0.8485[0m,               train_Recall: [4;33m0.8083[0m,                 train_F1 Score: [4;35m0.8234[0m
æ ‡ç­¾é‡Œ1çš„ä¸ªæ•°:  2150
æ ‡ç­¾é‡Œ0çš„ä¸ªæ•°:  2150
æ€»æ•°:  4300
æ­£ç¡®çš„ä¸ªæ•°:  3565
æœ€åä¸€ä¸ªæ‰¹æ¬¡çš„è¾“å‡º, ä¸æ»¡batchsizeæ˜¯æ­£å¸¸çš„:
 tensor([[0.9102],
        [0.8805],
        [0.9802],
        [0.1335],
        [0.9015],
        [0.1127],
        [0.4802],
        [0.2460],
        [0.6023],
        [0.8355],
        [0.0399],
        [0.0747]], device='cuda:0', grad_fn=<SigmoidBackward0>)
Epoch [66/100], T_AUC: [4m0.8338[0m
Epoch [66/100], Loss: 15.0164
val_Accuracy: [92m0.7919[0m
val_Precision: [4;34m0.8416[0m,               val_Recall: [4;33m0.7110[0m,                 val_F1 Score: [4;35m0.7669[0m
æ ‡ç­¾é‡Œ1çš„ä¸ªæ•°:  430
æ ‡ç­¾é‡Œ0çš„ä¸ªæ•°:  430
æ€»æ•°:  860
æ­£ç¡®çš„ä¸ªæ•°:  681
Epoch [66/100], V_AUC: [4m0.7884[0m
Epoch [67/100], Loss: 54.9895
train_Accuracy: [91m0.8256[0m
train_Precision: [4;34m0.8448[0m,               train_Recall: [4;33m0.8059[0m,                 train_F1 Score: [4;35m0.8200[0m
æ ‡ç­¾é‡Œ1çš„ä¸ªæ•°:  2150
æ ‡ç­¾é‡Œ0çš„ä¸ªæ•°:  2150
æ€»æ•°:  4300
æ­£ç¡®çš„ä¸ªæ•°:  3550
æœ€åä¸€ä¸ªæ‰¹æ¬¡çš„è¾“å‡º, ä¸æ»¡batchsizeæ˜¯æ­£å¸¸çš„:
 tensor([[0.9297],
        [0.8754],
        [0.9752],
        [0.1169],
        [0.8956],
        [0.1388],
        [0.4676],
        [0.2839],
        [0.6352],
        [0.8216],
        [0.0263],
        [0.1022]], device='cuda:0', grad_fn=<SigmoidBackward0>)
Epoch [67/100], T_AUC: [4m0.8306[0m
Epoch [67/100], Loss: 14.8179
val_Accuracy: [92m0.7849[0m
val_Precision: [4;34m0.8272[0m,               val_Recall: [4;33m0.7112[0m,                 val_F1 Score: [4;35m0.7600[0m
æ ‡ç­¾é‡Œ1çš„ä¸ªæ•°:  430
æ ‡ç­¾é‡Œ0çš„ä¸ªæ•°:  430
æ€»æ•°:  860
æ­£ç¡®çš„ä¸ªæ•°:  675
Epoch [67/100], V_AUC: [4m0.7822[0m
Epoch [68/100], Loss: 54.8835
train_Accuracy: [91m0.8291[0m
train_Precision: [4;34m0.8496[0m,               train_Recall: [4;33m0.8072[0m,                 train_F1 Score: [4;35m0.8229[0m
æ ‡ç­¾é‡Œ1çš„ä¸ªæ•°:  2150
æ ‡ç­¾é‡Œ0çš„ä¸ªæ•°:  2150
æ€»æ•°:  4300
æ­£ç¡®çš„ä¸ªæ•°:  3565
æœ€åä¸€ä¸ªæ‰¹æ¬¡çš„è¾“å‡º, ä¸æ»¡batchsizeæ˜¯æ­£å¸¸çš„:
 tensor([[0.9197],
        [0.8609],
        [0.9769],
        [0.1373],
        [0.8945],
        [0.1144],
        [0.4678],
        [0.3142],
        [0.6601],
        [0.8206],
        [0.0328],
        [0.0852]], device='cuda:0', grad_fn=<SigmoidBackward0>)
Epoch [68/100], T_AUC: [4m0.8343[0m
Epoch [68/100], Loss: 13.8377
val_Accuracy: [92m0.7884[0m
val_Precision: [4;34m0.8239[0m,               val_Recall: [4;33m0.7221[0m,                 val_F1 Score: [4;35m0.7645[0m
æ ‡ç­¾é‡Œ1çš„ä¸ªæ•°:  430
æ ‡ç­¾é‡Œ0çš„ä¸ªæ•°:  430
æ€»æ•°:  860
æ­£ç¡®çš„ä¸ªæ•°:  678
Epoch [68/100], V_AUC: [4m0.7852[0m
Epoch [69/100], Loss: 54.7531
train_Accuracy: [91m0.8286[0m
train_Precision: [4;34m0.8490[0m,               train_Recall: [4;33m0.8086[0m,                 train_F1 Score: [4;35m0.8234[0m
æ ‡ç­¾é‡Œ1çš„ä¸ªæ•°:  2150
æ ‡ç­¾é‡Œ0çš„ä¸ªæ•°:  2150
æ€»æ•°:  4300
æ­£ç¡®çš„ä¸ªæ•°:  3563
æœ€åä¸€ä¸ªæ‰¹æ¬¡çš„è¾“å‡º, ä¸æ»¡batchsizeæ˜¯æ­£å¸¸çš„:
 tensor([[0.9177],
        [0.8840],
        [0.9785],
        [0.1297],
        [0.8962],
        [0.1095],
        [0.4699],
        [0.2647],
        [0.6291],
        [0.8329],
        [0.0393],
        [0.0760]], device='cuda:0', grad_fn=<SigmoidBackward0>)
Epoch [69/100], T_AUC: [4m0.8340[0m
Epoch [69/100], Loss: 14.7782
val_Accuracy: [92m0.7907[0m
val_Precision: [4;34m0.8338[0m,               val_Recall: [4;33m0.7155[0m,                 val_F1 Score: [4;35m0.7662[0m
æ ‡ç­¾é‡Œ1çš„ä¸ªæ•°:  430
æ ‡ç­¾é‡Œ0çš„ä¸ªæ•°:  430
æ€»æ•°:  860
æ­£ç¡®çš„ä¸ªæ•°:  680
Epoch [69/100], V_AUC: [4m0.7875[0m
Epoch [70/100], Loss: 54.5807
train_Accuracy: [91m0.8305[0m
train_Precision: [4;34m0.8486[0m,               train_Recall: [4;33m0.8115[0m,                 train_F1 Score: [4;35m0.8252[0m
æ ‡ç­¾é‡Œ1çš„ä¸ªæ•°:  2150
æ ‡ç­¾é‡Œ0çš„ä¸ªæ•°:  2150
æ€»æ•°:  4300
æ­£ç¡®çš„ä¸ªæ•°:  3571
æœ€åä¸€ä¸ªæ‰¹æ¬¡çš„è¾“å‡º, ä¸æ»¡batchsizeæ˜¯æ­£å¸¸çš„:
 tensor([[0.9106],
        [0.8702],
        [0.9812],
        [0.1454],
        [0.9009],
        [0.1050],
        [0.4455],
        [0.2858],
        [0.6345],
        [0.8172],
        [0.0278],
        [0.1165]], device='cuda:0', grad_fn=<SigmoidBackward0>)
Epoch [70/100], T_AUC: [4m0.8352[0m
Epoch [70/100], Loss: 14.1401
val_Accuracy: [92m0.7872[0m
val_Precision: [4;34m0.8200[0m,               val_Recall: [4;33m0.7242[0m,                 val_F1 Score: [4;35m0.7646[0m
æ ‡ç­¾é‡Œ1çš„ä¸ªæ•°:  430
æ ‡ç­¾é‡Œ0çš„ä¸ªæ•°:  430
æ€»æ•°:  860
æ­£ç¡®çš„ä¸ªæ•°:  677
Epoch [70/100], V_AUC: [4m0.7841[0m
Epoch [71/100], Loss: 54.6121
train_Accuracy: [91m0.8279[0m
train_Precision: [4;34m0.8462[0m,               train_Recall: [4;33m0.8094[0m,                 train_F1 Score: [4;35m0.8224[0m
æ ‡ç­¾é‡Œ1çš„ä¸ªæ•°:  2150
æ ‡ç­¾é‡Œ0çš„ä¸ªæ•°:  2150
æ€»æ•°:  4300
æ­£ç¡®çš„ä¸ªæ•°:  3560
æœ€åä¸€ä¸ªæ‰¹æ¬¡çš„è¾“å‡º, ä¸æ»¡batchsizeæ˜¯æ­£å¸¸çš„:
 tensor([[0.9120],
        [0.8818],
        [0.9774],
        [0.1414],
        [0.9002],
        [0.0897],
        [0.4463],
        [0.2910],
        [0.6207],
        [0.8205],
        [0.0385],
        [0.0952]], device='cuda:0', grad_fn=<SigmoidBackward0>)
Epoch [71/100], T_AUC: [4m0.8330[0m
Epoch [71/100], Loss: 14.1919
val_Accuracy: [92m0.7860[0m
val_Precision: [4;34m0.8285[0m,               val_Recall: [4;33m0.7106[0m,                 val_F1 Score: [4;35m0.7611[0m
æ ‡ç­¾é‡Œ1çš„ä¸ªæ•°:  430
æ ‡ç­¾é‡Œ0çš„ä¸ªæ•°:  430
æ€»æ•°:  860
æ­£ç¡®çš„ä¸ªæ•°:  676
Epoch [71/100], V_AUC: [4m0.7838[0m
Epoch [72/100], Loss: 54.6420
train_Accuracy: [91m0.8298[0m
train_Precision: [4;34m0.8488[0m,               train_Recall: [4;33m0.8098[0m,                 train_F1 Score: [4;35m0.8240[0m
æ ‡ç­¾é‡Œ1çš„ä¸ªæ•°:  2150
æ ‡ç­¾é‡Œ0çš„ä¸ªæ•°:  2150
æ€»æ•°:  4300
æ­£ç¡®çš„ä¸ªæ•°:  3568
æœ€åä¸€ä¸ªæ‰¹æ¬¡çš„è¾“å‡º, ä¸æ»¡batchsizeæ˜¯æ­£å¸¸çš„:
 tensor([[0.9272],
        [0.8474],
        [0.9753],
        [0.1326],
        [0.9038],
        [0.1114],
        [0.4341],
        [0.2904],
        [0.6216],
        [0.8285],
        [0.0350],
        [0.0844]], device='cuda:0', grad_fn=<SigmoidBackward0>)
Epoch [72/100], T_AUC: [4m0.8348[0m
Epoch [72/100], Loss: 14.1367
val_Accuracy: [92m0.7895[0m
val_Precision: [4;34m0.8249[0m,               val_Recall: [4;33m0.7238[0m,                 val_F1 Score: [4;35m0.7669[0m
æ ‡ç­¾é‡Œ1çš„ä¸ªæ•°:  430
æ ‡ç­¾é‡Œ0çš„ä¸ªæ•°:  430
æ€»æ•°:  860
æ­£ç¡®çš„ä¸ªæ•°:  679
Epoch [72/100], V_AUC: [4m0.7870[0m
Epoch [73/100], Loss: 54.4961
train_Accuracy: [91m0.8267[0m
train_Precision: [4;34m0.8466[0m,               train_Recall: [4;33m0.8056[0m,                 train_F1 Score: [4;35m0.8210[0m
æ ‡ç­¾é‡Œ1çš„ä¸ªæ•°:  2150
æ ‡ç­¾é‡Œ0çš„ä¸ªæ•°:  2150
æ€»æ•°:  4300
æ­£ç¡®çš„ä¸ªæ•°:  3555
æœ€åä¸€ä¸ªæ‰¹æ¬¡çš„è¾“å‡º, ä¸æ»¡batchsizeæ˜¯æ­£å¸¸çš„:
 tensor([[0.9228],
        [0.8585],
        [0.9791],
        [0.1388],
        [0.9013],
        [0.1117],
        [0.4419],
        [0.2838],
        [0.6291],
        [0.8323],
        [0.0336],
        [0.0817]], device='cuda:0', grad_fn=<SigmoidBackward0>)
Epoch [73/100], T_AUC: [4m0.8314[0m
Epoch [73/100], Loss: 14.1831
val_Accuracy: [92m0.7884[0m
val_Precision: [4;34m0.8244[0m,               val_Recall: [4;33m0.7216[0m,                 val_F1 Score: [4;35m0.7648[0m
æ ‡ç­¾é‡Œ1çš„ä¸ªæ•°:  430
æ ‡ç­¾é‡Œ0çš„ä¸ªæ•°:  430
æ€»æ•°:  860
æ­£ç¡®çš„ä¸ªæ•°:  678
Epoch [73/100], V_AUC: [4m0.7856[0m
Epoch [74/100], Loss: 54.4963
train_Accuracy: [91m0.8288[0m
train_Precision: [4;34m0.8496[0m,               train_Recall: [4;33m0.8070[0m,                 train_F1 Score: [4;35m0.8230[0m
æ ‡ç­¾é‡Œ1çš„ä¸ªæ•°:  2150
æ ‡ç­¾é‡Œ0çš„ä¸ªæ•°:  2150
æ€»æ•°:  4300
æ­£ç¡®çš„ä¸ªæ•°:  3564
æœ€åä¸€ä¸ªæ‰¹æ¬¡çš„è¾“å‡º, ä¸æ»¡batchsizeæ˜¯æ­£å¸¸çš„:
 tensor([[0.9084],
        [0.8721],
        [0.9784],
        [0.1540],
        [0.9091],
        [0.1053],
        [0.4490],
        [0.2700],
        [0.6270],
        [0.8332],
        [0.0310],
        [0.0894]], device='cuda:0', grad_fn=<SigmoidBackward0>)
Epoch [74/100], T_AUC: [4m0.8340[0m
Epoch [74/100], Loss: 14.1864
val_Accuracy: [92m0.7919[0m
val_Precision: [4;34m0.8291[0m,               val_Recall: [4;33m0.7238[0m,                 val_F1 Score: [4;35m0.7682[0m
æ ‡ç­¾é‡Œ1çš„ä¸ªæ•°:  430
æ ‡ç­¾é‡Œ0çš„ä¸ªæ•°:  430
æ€»æ•°:  860
æ­£ç¡®çš„ä¸ªæ•°:  681
Epoch [74/100], V_AUC: [4m0.7890[0m
Epoch [75/100], Loss: 54.3929
train_Accuracy: [91m0.8302[0m
train_Precision: [4;34m0.8509[0m,               train_Recall: [4;33m0.8081[0m,                 train_F1 Score: [4;35m0.8241[0m
æ ‡ç­¾é‡Œ1çš„ä¸ªæ•°:  2150
æ ‡ç­¾é‡Œ0çš„ä¸ªæ•°:  2150
æ€»æ•°:  4300
æ­£ç¡®çš„ä¸ªæ•°:  3570
æœ€åä¸€ä¸ªæ‰¹æ¬¡çš„è¾“å‡º, ä¸æ»¡batchsizeæ˜¯æ­£å¸¸çš„:
 tensor([[0.9104],
        [0.8767],
        [0.9787],
        [0.1427],
        [0.9196],
        [0.0973],
        [0.4216],
        [0.2526],
        [0.5792],
        [0.8438],
        [0.0356],
        [0.0992]], device='cuda:0', grad_fn=<SigmoidBackward0>)
Epoch [75/100], T_AUC: [4m0.8354[0m
Epoch [75/100], Loss: 14.5518
val_Accuracy: [92m0.7907[0m
val_Precision: [4;34m0.8319[0m,               val_Recall: [4;33m0.7172[0m,                 val_F1 Score: [4;35m0.7666[0m
æ ‡ç­¾é‡Œ1çš„ä¸ªæ•°:  430
æ ‡ç­¾é‡Œ0çš„ä¸ªæ•°:  430
æ€»æ•°:  860
æ­£ç¡®çš„ä¸ªæ•°:  680
Epoch [75/100], V_AUC: [4m0.7879[0m
Epoch [76/100], Loss: 54.6319
train_Accuracy: [91m0.8307[0m
train_Precision: [4;34m0.8535[0m,               train_Recall: [4;33m0.8047[0m,                 train_F1 Score: [4;35m0.8238[0m
æ ‡ç­¾é‡Œ1çš„ä¸ªæ•°:  2150
æ ‡ç­¾é‡Œ0çš„ä¸ªæ•°:  2150
æ€»æ•°:  4300
æ­£ç¡®çš„ä¸ªæ•°:  3572
æœ€åä¸€ä¸ªæ‰¹æ¬¡çš„è¾“å‡º, ä¸æ»¡batchsizeæ˜¯æ­£å¸¸çš„:
 tensor([[0.9214],
        [0.8634],
        [0.9801],
        [0.1348],
        [0.9089],
        [0.1154],
        [0.4209],
        [0.2801],
        [0.6072],
        [0.8442],
        [0.0574],
        [0.0799]], device='cuda:0', grad_fn=<SigmoidBackward0>)
Epoch [76/100], T_AUC: [4m0.8358[0m
Epoch [76/100], Loss: 13.9035
val_Accuracy: [92m0.7826[0m
val_Precision: [4;34m0.8297[0m,               val_Recall: [4;33m0.7022[0m,                 val_F1 Score: [4;35m0.7560[0m
æ ‡ç­¾é‡Œ1çš„ä¸ªæ•°:  430
æ ‡ç­¾é‡Œ0çš„ä¸ªæ•°:  430
æ€»æ•°:  860
æ­£ç¡®çš„ä¸ªæ•°:  673
Epoch [76/100], V_AUC: [4m0.7803[0m
Epoch [77/100], Loss: 54.9683
train_Accuracy: [91m0.8284[0m
train_Precision: [4;34m0.8514[0m,               train_Recall: [4;33m0.8026[0m,                 train_F1 Score: [4;35m0.8218[0m
æ ‡ç­¾é‡Œ1çš„ä¸ªæ•°:  2150
æ ‡ç­¾é‡Œ0çš„ä¸ªæ•°:  2150
æ€»æ•°:  4300
æ­£ç¡®çš„ä¸ªæ•°:  3562
æœ€åä¸€ä¸ªæ‰¹æ¬¡çš„è¾“å‡º, ä¸æ»¡batchsizeæ˜¯æ­£å¸¸çš„:
 tensor([[0.9184],
        [0.8396],
        [0.9820],
        [0.1075],
        [0.9082],
        [0.1082],
        [0.4019],
        [0.2671],
        [0.5812],
        [0.8514],
        [0.0717],
        [0.0814]], device='cuda:0', grad_fn=<SigmoidBackward0>)
Epoch [77/100], T_AUC: [4m0.8333[0m
Epoch [77/100], Loss: 14.0885
val_Accuracy: [92m0.7930[0m
val_Precision: [4;34m0.8295[0m,               val_Recall: [4;33m0.7256[0m,                 val_F1 Score: [4;35m0.7693[0m
æ ‡ç­¾é‡Œ1çš„ä¸ªæ•°:  430
æ ‡ç­¾é‡Œ0çš„ä¸ªæ•°:  430
æ€»æ•°:  860
æ­£ç¡®çš„ä¸ªæ•°:  682
Epoch [77/100], V_AUC: [4m0.7899[0m
Epoch [78/100], Loss: 54.7418
train_Accuracy: [91m0.8253[0m
train_Precision: [4;34m0.8468[0m,               train_Recall: [4;33m0.8028[0m,                 train_F1 Score: [4;35m0.8195[0m
æ ‡ç­¾é‡Œ1çš„ä¸ªæ•°:  2150
æ ‡ç­¾é‡Œ0çš„ä¸ªæ•°:  2150
æ€»æ•°:  4300
æ­£ç¡®çš„ä¸ªæ•°:  3549
æœ€åä¸€ä¸ªæ‰¹æ¬¡çš„è¾“å‡º, ä¸æ»¡batchsizeæ˜¯æ­£å¸¸çš„:
 tensor([[0.9258],
        [0.8606],
        [0.9755],
        [0.1095],
        [0.9135],
        [0.1374],
        [0.4213],
        [0.2781],
        [0.6207],
        [0.8642],
        [0.0576],
        [0.0710]], device='cuda:0', grad_fn=<SigmoidBackward0>)
Epoch [78/100], T_AUC: [4m0.8305[0m
Epoch [78/100], Loss: 13.8929
val_Accuracy: [92m0.7942[0m
val_Precision: [4;34m0.8382[0m,               val_Recall: [4;33m0.7190[0m,                 val_F1 Score: [4;35m0.7694[0m
æ ‡ç­¾é‡Œ1çš„ä¸ªæ•°:  430
æ ‡ç­¾é‡Œ0çš„ä¸ªæ•°:  430
æ€»æ•°:  860
æ­£ç¡®çš„ä¸ªæ•°:  683
Epoch [78/100], V_AUC: [4m0.7911[0m
Epoch [79/100], Loss: 54.5221
train_Accuracy: [91m0.8263[0m
train_Precision: [4;34m0.8462[0m,               train_Recall: [4;33m0.8039[0m,                 train_F1 Score: [4;35m0.8200[0m
æ ‡ç­¾é‡Œ1çš„ä¸ªæ•°:  2150
æ ‡ç­¾é‡Œ0çš„ä¸ªæ•°:  2150
æ€»æ•°:  4300
æ­£ç¡®çš„ä¸ªæ•°:  3553
æœ€åä¸€ä¸ªæ‰¹æ¬¡çš„è¾“å‡º, ä¸æ»¡batchsizeæ˜¯æ­£å¸¸çš„:
 tensor([[0.9422],
        [0.8722],
        [0.9707],
        [0.1361],
        [0.9037],
        [0.1428],
        [0.4186],
        [0.2832],
        [0.5853],
        [0.8539],
        [0.0432],
        [0.0677]], device='cuda:0', grad_fn=<SigmoidBackward0>)
Epoch [79/100], T_AUC: [4m0.8310[0m
Epoch [79/100], Loss: 13.9511
val_Accuracy: [92m0.7919[0m
val_Precision: [4;34m0.8296[0m,               val_Recall: [4;33m0.7243[0m,                 val_F1 Score: [4;35m0.7686[0m
æ ‡ç­¾é‡Œ1çš„ä¸ªæ•°:  430
æ ‡ç­¾é‡Œ0çš„ä¸ªæ•°:  430
æ€»æ•°:  860
æ­£ç¡®çš„ä¸ªæ•°:  681
Epoch [79/100], V_AUC: [4m0.7893[0m
Epoch [80/100], Loss: 54.5430
train_Accuracy: [91m0.8265[0m
train_Precision: [4;34m0.8464[0m,               train_Recall: [4;33m0.8052[0m,                 train_F1 Score: [4;35m0.8204[0m
æ ‡ç­¾é‡Œ1çš„ä¸ªæ•°:  2150
æ ‡ç­¾é‡Œ0çš„ä¸ªæ•°:  2150
æ€»æ•°:  4300
æ­£ç¡®çš„ä¸ªæ•°:  3554
æœ€åä¸€ä¸ªæ‰¹æ¬¡çš„è¾“å‡º, ä¸æ»¡batchsizeæ˜¯æ­£å¸¸çš„:
 tensor([[0.9315],
        [0.8932],
        [0.9752],
        [0.1420],
        [0.8976],
        [0.1458],
        [0.4411],
        [0.3059],
        [0.5644],
        [0.8218],
        [0.0386],
        [0.0734]], device='cuda:0', grad_fn=<SigmoidBackward0>)
Epoch [80/100], T_AUC: [4m0.8317[0m
Epoch [80/100], Loss: 14.0386
val_Accuracy: [92m0.7977[0m
val_Precision: [4;34m0.8276[0m,               val_Recall: [4;33m0.7399[0m,                 val_F1 Score: [4;35m0.7767[0m
æ ‡ç­¾é‡Œ1çš„ä¸ªæ•°:  430
æ ‡ç­¾é‡Œ0çš„ä¸ªæ•°:  430
æ€»æ•°:  860
æ­£ç¡®çš„ä¸ªæ•°:  686
Epoch [80/100], V_AUC: [4m0.7945[0m
Epoch [81/100], Loss: 54.3857
train_Accuracy: [91m0.8270[0m
train_Precision: [4;34m0.8472[0m,               train_Recall: [4;33m0.8054[0m,                 train_F1 Score: [4;35m0.8207[0m
æ ‡ç­¾é‡Œ1çš„ä¸ªæ•°:  2150
æ ‡ç­¾é‡Œ0çš„ä¸ªæ•°:  2150
æ€»æ•°:  4300
æ­£ç¡®çš„ä¸ªæ•°:  3556
æœ€åä¸€ä¸ªæ‰¹æ¬¡çš„è¾“å‡º, ä¸æ»¡batchsizeæ˜¯æ­£å¸¸çš„:
 tensor([[0.9379],
        [0.8946],
        [0.9737],
        [0.1466],
        [0.9017],
        [0.1149],
        [0.4540],
        [0.2901],
        [0.5757],
        [0.8299],
        [0.0496],
        [0.0612]], device='cuda:0', grad_fn=<SigmoidBackward0>)
Epoch [81/100], T_AUC: [4m0.8322[0m
Epoch [81/100], Loss: 14.1033
val_Accuracy: [92m0.7965[0m
val_Precision: [4;34m0.8324[0m,               val_Recall: [4;33m0.7303[0m,                 val_F1 Score: [4;35m0.7734[0m
æ ‡ç­¾é‡Œ1çš„ä¸ªæ•°:  430
æ ‡ç­¾é‡Œ0çš„ä¸ªæ•°:  430
æ€»æ•°:  860
æ­£ç¡®çš„ä¸ªæ•°:  685
Epoch [81/100], V_AUC: [4m0.7936[0m
Epoch [82/100], Loss: 54.3638
train_Accuracy: [91m0.8277[0m
train_Precision: [4;34m0.8463[0m,               train_Recall: [4;33m0.8093[0m,                 train_F1 Score: [4;35m0.8221[0m
æ ‡ç­¾é‡Œ1çš„ä¸ªæ•°:  2150
æ ‡ç­¾é‡Œ0çš„ä¸ªæ•°:  2150
æ€»æ•°:  4300
æ­£ç¡®çš„ä¸ªæ•°:  3559
æœ€åä¸€ä¸ªæ‰¹æ¬¡çš„è¾“å‡º, ä¸æ»¡batchsizeæ˜¯æ­£å¸¸çš„:
 tensor([[0.9301],
        [0.9019],
        [0.9726],
        [0.1340],
        [0.8933],
        [0.0917],
        [0.4689],
        [0.2667],
        [0.5886],
        [0.8488],
        [0.0466],
        [0.0772]], device='cuda:0', grad_fn=<SigmoidBackward0>)
Epoch [82/100], T_AUC: [4m0.8334[0m
Epoch [82/100], Loss: 14.2522
val_Accuracy: [92m0.7953[0m
val_Precision: [4;34m0.8330[0m,               val_Recall: [4;33m0.7258[0m,                 val_F1 Score: [4;35m0.7715[0m
æ ‡ç­¾é‡Œ1çš„ä¸ªæ•°:  430
æ ‡ç­¾é‡Œ0çš„ä¸ªæ•°:  430
æ€»æ•°:  860
æ­£ç¡®çš„ä¸ªæ•°:  684
Epoch [82/100], V_AUC: [4m0.7925[0m
Epoch [83/100], Loss: 54.5687
train_Accuracy: [91m0.8284[0m
train_Precision: [4;34m0.8498[0m,               train_Recall: [4;33m0.8067[0m,                 train_F1 Score: [4;35m0.8226[0m
æ ‡ç­¾é‡Œ1çš„ä¸ªæ•°:  2150
æ ‡ç­¾é‡Œ0çš„ä¸ªæ•°:  2150
æ€»æ•°:  4300
æ­£ç¡®çš„ä¸ªæ•°:  3562
æœ€åä¸€ä¸ªæ‰¹æ¬¡çš„è¾“å‡º, ä¸æ»¡batchsizeæ˜¯æ­£å¸¸çš„:
 tensor([[0.9484],
        [0.9099],
        [0.9789],
        [0.1431],
        [0.8903],
        [0.1009],
        [0.4573],
        [0.2024],
        [0.5887],
        [0.8001],
        [0.0530],
        [0.0865]], device='cuda:0', grad_fn=<SigmoidBackward0>)
Epoch [83/100], T_AUC: [4m0.8337[0m
Epoch [83/100], Loss: 14.2442
val_Accuracy: [92m0.7895[0m
val_Precision: [4;34m0.8230[0m,               val_Recall: [4;33m0.7260[0m,                 val_F1 Score: [4;35m0.7668[0m
æ ‡ç­¾é‡Œ1çš„ä¸ªæ•°:  430
æ ‡ç­¾é‡Œ0çš„ä¸ªæ•°:  430
æ€»æ•°:  860
æ­£ç¡®çš„ä¸ªæ•°:  679
Epoch [83/100], V_AUC: [4m0.7864[0m
Epoch [84/100], Loss: 54.7644
train_Accuracy: [91m0.8293[0m
train_Precision: [4;34m0.8505[0m,               train_Recall: [4;33m0.8073[0m,                 train_F1 Score: [4;35m0.8232[0m
æ ‡ç­¾é‡Œ1çš„ä¸ªæ•°:  2150
æ ‡ç­¾é‡Œ0çš„ä¸ªæ•°:  2150
æ€»æ•°:  4300
æ­£ç¡®çš„ä¸ªæ•°:  3566
æœ€åä¸€ä¸ªæ‰¹æ¬¡çš„è¾“å‡º, ä¸æ»¡batchsizeæ˜¯æ­£å¸¸çš„:
 tensor([[0.9499],
        [0.8775],
        [0.9747],
        [0.0974],
        [0.8997],
        [0.1186],
        [0.4030],
        [0.2811],
        [0.5142],
        [0.8531],
        [0.0487],
        [0.1084]], device='cuda:0', grad_fn=<SigmoidBackward0>)
Epoch [84/100], T_AUC: [4m0.8350[0m
Epoch [84/100], Loss: 14.1263
val_Accuracy: [92m0.7988[0m
val_Precision: [4;34m0.8321[0m,               val_Recall: [4;33m0.7412[0m,                 val_F1 Score: [4;35m0.7795[0m
æ ‡ç­¾é‡Œ1çš„ä¸ªæ•°:  430
æ ‡ç­¾é‡Œ0çš„ä¸ªæ•°:  430
æ€»æ•°:  860
æ­£ç¡®çš„ä¸ªæ•°:  687
Epoch [84/100], V_AUC: [4m0.7967[0m
Epoch [85/100], Loss: 54.3952
train_Accuracy: [91m0.8281[0m
train_Precision: [4;34m0.8509[0m,               train_Recall: [4;33m0.8050[0m,                 train_F1 Score: [4;35m0.8222[0m
æ ‡ç­¾é‡Œ1çš„ä¸ªæ•°:  2150
æ ‡ç­¾é‡Œ0çš„ä¸ªæ•°:  2150
æ€»æ•°:  4300
æ­£ç¡®çš„ä¸ªæ•°:  3561
æœ€åä¸€ä¸ªæ‰¹æ¬¡çš„è¾“å‡º, ä¸æ»¡batchsizeæ˜¯æ­£å¸¸çš„:
 tensor([[0.9460],
        [0.9080],
        [0.9796],
        [0.1106],
        [0.8768],
        [0.1436],
        [0.4176],
        [0.2430],
        [0.5538],
        [0.8102],
        [0.0514],
        [0.0848]], device='cuda:0', grad_fn=<SigmoidBackward0>)
Epoch [85/100], T_AUC: [4m0.8337[0m
Epoch [85/100], Loss: 13.9619
val_Accuracy: [92m0.7884[0m
val_Precision: [4;34m0.8258[0m,               val_Recall: [4;33m0.7202[0m,                 val_F1 Score: [4;35m0.7648[0m
æ ‡ç­¾é‡Œ1çš„ä¸ªæ•°:  430
æ ‡ç­¾é‡Œ0çš„ä¸ªæ•°:  430
æ€»æ•°:  860
æ­£ç¡®çš„ä¸ªæ•°:  678
Epoch [85/100], V_AUC: [4m0.7858[0m
Epoch [86/100], Loss: 54.3431
train_Accuracy: [91m0.8288[0m
train_Precision: [4;34m0.8515[0m,               train_Recall: [4;33m0.8048[0m,                 train_F1 Score: [4;35m0.8226[0m
æ ‡ç­¾é‡Œ1çš„ä¸ªæ•°:  2150
æ ‡ç­¾é‡Œ0çš„ä¸ªæ•°:  2150
æ€»æ•°:  4300
æ­£ç¡®çš„ä¸ªæ•°:  3564
æœ€åä¸€ä¸ªæ‰¹æ¬¡çš„è¾“å‡º, ä¸æ»¡batchsizeæ˜¯æ­£å¸¸çš„:
 tensor([[0.9510],
        [0.9133],
        [0.9746],
        [0.1140],
        [0.8670],
        [0.1543],
        [0.4406],
        [0.2538],
        [0.5893],
        [0.8246],
        [0.0393],
        [0.0876]], device='cuda:0', grad_fn=<SigmoidBackward0>)
Epoch [86/100], T_AUC: [4m0.8341[0m
Epoch [86/100], Loss: 14.1003
val_Accuracy: [92m0.7988[0m
val_Precision: [4;34m0.8379[0m,               val_Recall: [4;33m0.7301[0m,                 val_F1 Score: [4;35m0.7750[0m
æ ‡ç­¾é‡Œ1çš„ä¸ªæ•°:  430
æ ‡ç­¾é‡Œ0çš„ä¸ªæ•°:  430
æ€»æ•°:  860
æ­£ç¡®çš„ä¸ªæ•°:  687
Epoch [86/100], V_AUC: [4m0.7953[0m
Epoch [87/100], Loss: 54.2411
train_Accuracy: [91m0.8312[0m
train_Precision: [4;34m0.8546[0m,               train_Recall: [4;33m0.8052[0m,                 train_F1 Score: [4;35m0.8245[0m
æ ‡ç­¾é‡Œ1çš„ä¸ªæ•°:  2150
æ ‡ç­¾é‡Œ0çš„ä¸ªæ•°:  2150
æ€»æ•°:  4300
æ­£ç¡®çš„ä¸ªæ•°:  3574
æœ€åä¸€ä¸ªæ‰¹æ¬¡çš„è¾“å‡º, ä¸æ»¡batchsizeæ˜¯æ­£å¸¸çš„:
 tensor([[0.9559],
        [0.9207],
        [0.9823],
        [0.1105],
        [0.8464],
        [0.1389],
        [0.3750],
        [0.2466],
        [0.5347],
        [0.8123],
        [0.0802],
        [0.0912]], device='cuda:0', grad_fn=<SigmoidBackward0>)
Epoch [87/100], T_AUC: [4m0.8359[0m
Epoch [87/100], Loss: 13.8800
val_Accuracy: [92m0.7907[0m
val_Precision: [4;34m0.8259[0m,               val_Recall: [4;33m0.7268[0m,                 val_F1 Score: [4;35m0.7679[0m
æ ‡ç­¾é‡Œ1çš„ä¸ªæ•°:  430
æ ‡ç­¾é‡Œ0çš„ä¸ªæ•°:  430
æ€»æ•°:  860
æ­£ç¡®çš„ä¸ªæ•°:  680
Epoch [87/100], V_AUC: [4m0.7884[0m
Epoch [88/100], Loss: 54.3438
train_Accuracy: [91m0.8349[0m
train_Precision: [4;34m0.8553[0m,               train_Recall: [4;33m0.8129[0m,                 train_F1 Score: [4;35m0.8291[0m
æ ‡ç­¾é‡Œ1çš„ä¸ªæ•°:  2150
æ ‡ç­¾é‡Œ0çš„ä¸ªæ•°:  2150
æ€»æ•°:  4300
æ­£ç¡®çš„ä¸ªæ•°:  3590
æœ€åä¸€ä¸ªæ‰¹æ¬¡çš„è¾“å‡º, ä¸æ»¡batchsizeæ˜¯æ­£å¸¸çš„:
 tensor([[0.9584],
        [0.9079],
        [0.9768],
        [0.1184],
        [0.8737],
        [0.1146],
        [0.3761],
        [0.2357],
        [0.5264],
        [0.8505],
        [0.0731],
        [0.0872]], device='cuda:0', grad_fn=<SigmoidBackward0>)
Epoch [88/100], T_AUC: [4m0.8399[0m
Epoch [88/100], Loss: 13.9879
val_Accuracy: [92m0.7872[0m
val_Precision: [4;34m0.8221[0m,               val_Recall: [4;33m0.7219[0m,                 val_F1 Score: [4;35m0.7642[0m
æ ‡ç­¾é‡Œ1çš„ä¸ªæ•°:  430
æ ‡ç­¾é‡Œ0çš„ä¸ªæ•°:  430
æ€»æ•°:  860
æ­£ç¡®çš„ä¸ªæ•°:  677
Epoch [88/100], V_AUC: [4m0.7848[0m
Epoch [89/100], Loss: 54.1817
train_Accuracy: [91m0.8351[0m
train_Precision: [4;34m0.8568[0m,               train_Recall: [4;33m0.8117[0m,                 train_F1 Score: [4;35m0.8290[0m
æ ‡ç­¾é‡Œ1çš„ä¸ªæ•°:  2150
æ ‡ç­¾é‡Œ0çš„ä¸ªæ•°:  2150
æ€»æ•°:  4300
æ­£ç¡®çš„ä¸ªæ•°:  3591
æœ€åä¸€ä¸ªæ‰¹æ¬¡çš„è¾“å‡º, ä¸æ»¡batchsizeæ˜¯æ­£å¸¸çš„:
 tensor([[0.9529],
        [0.9112],
        [0.9779],
        [0.1155],
        [0.8741],
        [0.1195],
        [0.3844],
        [0.1908],
        [0.5499],
        [0.8563],
        [0.0806],
        [0.0707]], device='cuda:0', grad_fn=<SigmoidBackward0>)
Epoch [89/100], T_AUC: [4m0.8402[0m
Epoch [89/100], Loss: 14.3271
val_Accuracy: [92m0.7895[0m
val_Precision: [4;34m0.8289[0m,               val_Recall: [4;33m0.7198[0m,                 val_F1 Score: [4;35m0.7654[0m
æ ‡ç­¾é‡Œ1çš„ä¸ªæ•°:  430
æ ‡ç­¾é‡Œ0çš„ä¸ªæ•°:  430
æ€»æ•°:  860
æ­£ç¡®çš„ä¸ªæ•°:  679
Epoch [89/100], V_AUC: [4m0.7870[0m
Epoch [90/100], Loss: 54.4492
train_Accuracy: [91m0.8321[0m
train_Precision: [4;34m0.8518[0m,               train_Recall: [4;33m0.8113[0m,                 train_F1 Score: [4;35m0.8264[0m
æ ‡ç­¾é‡Œ1çš„ä¸ªæ•°:  2150
æ ‡ç­¾é‡Œ0çš„ä¸ªæ•°:  2150
æ€»æ•°:  4300
æ­£ç¡®çš„ä¸ªæ•°:  3578
æœ€åä¸€ä¸ªæ‰¹æ¬¡çš„è¾“å‡º, ä¸æ»¡batchsizeæ˜¯æ­£å¸¸çš„:
 tensor([[0.9379],
        [0.9055],
        [0.9809],
        [0.1258],
        [0.8689],
        [0.1157],
        [0.3849],
        [0.2353],
        [0.5219],
        [0.8392],
        [0.0774],
        [0.0687]], device='cuda:0', grad_fn=<SigmoidBackward0>)
Epoch [90/100], T_AUC: [4m0.8372[0m
Epoch [90/100], Loss: 14.3815
val_Accuracy: [92m0.7837[0m
val_Precision: [4;34m0.7847[0m,               val_Recall: [4;33m0.7703[0m,                 val_F1 Score: [4;35m0.7723[0m
æ ‡ç­¾é‡Œ1çš„ä¸ªæ•°:  430
æ ‡ç­¾é‡Œ0çš„ä¸ªæ•°:  430
æ€»æ•°:  860
æ­£ç¡®çš„ä¸ªæ•°:  674
Epoch [90/100], V_AUC: [4m0.7807[0m
Epoch [91/100], Loss: 54.1652
train_Accuracy: [91m0.8305[0m
train_Precision: [4;34m0.8506[0m,               train_Recall: [4;33m0.8099[0m,                 train_F1 Score: [4;35m0.8251[0m
æ ‡ç­¾é‡Œ1çš„ä¸ªæ•°:  2150
æ ‡ç­¾é‡Œ0çš„ä¸ªæ•°:  2150
æ€»æ•°:  4300
æ­£ç¡®çš„ä¸ªæ•°:  3571
æœ€åä¸€ä¸ªæ‰¹æ¬¡çš„è¾“å‡º, ä¸æ»¡batchsizeæ˜¯æ­£å¸¸çš„:
 tensor([[0.9370],
        [0.9276],
        [0.9856],
        [0.1035],
        [0.8530],
        [0.1406],
        [0.3919],
        [0.2208],
        [0.5177],
        [0.8263],
        [0.0720],
        [0.0878]], device='cuda:0', grad_fn=<SigmoidBackward0>)
Epoch [91/100], T_AUC: [4m0.8357[0m
Epoch [91/100], Loss: 14.3934
val_Accuracy: [92m0.7895[0m
val_Precision: [4;34m0.8103[0m,               val_Recall: [4;33m0.7438[0m,                 val_F1 Score: [4;35m0.7714[0m
æ ‡ç­¾é‡Œ1çš„ä¸ªæ•°:  430
æ ‡ç­¾é‡Œ0çš„ä¸ªæ•°:  430
æ€»æ•°:  860
æ­£ç¡®çš„ä¸ªæ•°:  679
Epoch [91/100], V_AUC: [4m0.7855[0m
Epoch [92/100], Loss: 54.3496
train_Accuracy: [91m0.8316[0m
train_Precision: [4;34m0.8524[0m,               train_Recall: [4;33m0.8103[0m,                 train_F1 Score: [4;35m0.8263[0m
æ ‡ç­¾é‡Œ1çš„ä¸ªæ•°:  2150
æ ‡ç­¾é‡Œ0çš„ä¸ªæ•°:  2150
æ€»æ•°:  4300
æ­£ç¡®çš„ä¸ªæ•°:  3576
æœ€åä¸€ä¸ªæ‰¹æ¬¡çš„è¾“å‡º, ä¸æ»¡batchsizeæ˜¯æ­£å¸¸çš„:
 tensor([[0.9469],
        [0.9252],
        [0.9785],
        [0.1166],
        [0.8727],
        [0.1121],
        [0.4031],
        [0.2038],
        [0.5562],
        [0.8261],
        [0.0792],
        [0.0746]], device='cuda:0', grad_fn=<SigmoidBackward0>)
Epoch [92/100], T_AUC: [4m0.8369[0m
Epoch [92/100], Loss: 14.1658
val_Accuracy: [92m0.7953[0m
val_Precision: [4;34m0.8218[0m,               val_Recall: [4;33m0.7413[0m,                 val_F1 Score: [4;35m0.7757[0m
æ ‡ç­¾é‡Œ1çš„ä¸ªæ•°:  430
æ ‡ç­¾é‡Œ0çš„ä¸ªæ•°:  430
æ€»æ•°:  860
æ­£ç¡®çš„ä¸ªæ•°:  684
Epoch [92/100], V_AUC: [4m0.7912[0m
Epoch [93/100], Loss: 54.2799
train_Accuracy: [91m0.8300[0m
train_Precision: [4;34m0.8507[0m,               train_Recall: [4;33m0.8099[0m,                 train_F1 Score: [4;35m0.8246[0m
æ ‡ç­¾é‡Œ1çš„ä¸ªæ•°:  2150
æ ‡ç­¾é‡Œ0çš„ä¸ªæ•°:  2150
æ€»æ•°:  4300
æ­£ç¡®çš„ä¸ªæ•°:  3569
æœ€åä¸€ä¸ªæ‰¹æ¬¡çš„è¾“å‡º, ä¸æ»¡batchsizeæ˜¯æ­£å¸¸çš„:
 tensor([[0.9447],
        [0.9269],
        [0.9778],
        [0.1095],
        [0.8570],
        [0.1155],
        [0.4079],
        [0.2037],
        [0.5913],
        [0.8380],
        [0.0663],
        [0.0735]], device='cuda:0', grad_fn=<SigmoidBackward0>)
Epoch [93/100], T_AUC: [4m0.8356[0m
Epoch [93/100], Loss: 14.4282
val_Accuracy: [92m0.7919[0m
val_Precision: [4;34m0.8287[0m,               val_Recall: [4;33m0.7240[0m,                 val_F1 Score: [4;35m0.7680[0m
æ ‡ç­¾é‡Œ1çš„ä¸ªæ•°:  430
æ ‡ç­¾é‡Œ0çš„ä¸ªæ•°:  430
æ€»æ•°:  860
æ­£ç¡®çš„ä¸ªæ•°:  681
Epoch [93/100], V_AUC: [4m0.7886[0m
Epoch [94/100], Loss: 53.9693
train_Accuracy: [91m0.8323[0m
train_Precision: [4;34m0.8524[0m,               train_Recall: [4;33m0.8111[0m,                 train_F1 Score: [4;35m0.8267[0m
æ ‡ç­¾é‡Œ1çš„ä¸ªæ•°:  2150
æ ‡ç­¾é‡Œ0çš„ä¸ªæ•°:  2150
æ€»æ•°:  4300
æ­£ç¡®çš„ä¸ªæ•°:  3579
æœ€åä¸€ä¸ªæ‰¹æ¬¡çš„è¾“å‡º, ä¸æ»¡batchsizeæ˜¯æ­£å¸¸çš„:
 tensor([[0.9479],
        [0.9286],
        [0.9830],
        [0.1148],
        [0.8538],
        [0.1162],
        [0.3834],
        [0.1790],
        [0.5514],
        [0.8108],
        [0.0787],
        [0.0758]], device='cuda:0', grad_fn=<SigmoidBackward0>)
Epoch [94/100], T_AUC: [4m0.8374[0m
Epoch [94/100], Loss: 14.4231
val_Accuracy: [92m0.7884[0m
val_Precision: [4;34m0.8194[0m,               val_Recall: [4;33m0.7285[0m,                 val_F1 Score: [4;35m0.7664[0m
æ ‡ç­¾é‡Œ1çš„ä¸ªæ•°:  430
æ ‡ç­¾é‡Œ0çš„ä¸ªæ•°:  430
æ€»æ•°:  860
æ­£ç¡®çš„ä¸ªæ•°:  678
Epoch [94/100], V_AUC: [4m0.7842[0m
Epoch [95/100], Loss: 53.9666
train_Accuracy: [91m0.8349[0m
train_Precision: [4;34m0.8537[0m,               train_Recall: [4;33m0.8164[0m,                 train_F1 Score: [4;35m0.8300[0m
æ ‡ç­¾é‡Œ1çš„ä¸ªæ•°:  2150
æ ‡ç­¾é‡Œ0çš„ä¸ªæ•°:  2150
æ€»æ•°:  4300
æ­£ç¡®çš„ä¸ªæ•°:  3590
æœ€åä¸€ä¸ªæ‰¹æ¬¡çš„è¾“å‡º, ä¸æ»¡batchsizeæ˜¯æ­£å¸¸çš„:
 tensor([[0.9492],
        [0.9249],
        [0.9805],
        [0.1093],
        [0.8819],
        [0.0933],
        [0.3991],
        [0.1931],
        [0.5278],
        [0.8291],
        [0.0739],
        [0.0927]], device='cuda:0', grad_fn=<SigmoidBackward0>)
Epoch [95/100], T_AUC: [4m0.8400[0m
Epoch [95/100], Loss: 14.4685
val_Accuracy: [92m0.7907[0m
val_Precision: [4;34m0.8197[0m,               val_Recall: [4;33m0.7325[0m,                 val_F1 Score: [4;35m0.7694[0m
æ ‡ç­¾é‡Œ1çš„ä¸ªæ•°:  430
æ ‡ç­¾é‡Œ0çš„ä¸ªæ•°:  430
æ€»æ•°:  860
æ­£ç¡®çš„ä¸ªæ•°:  680
Epoch [95/100], V_AUC: [4m0.7871[0m
Epoch [96/100], Loss: 54.0421
train_Accuracy: [91m0.8291[0m
train_Precision: [4;34m0.8494[0m,               train_Recall: [4;33m0.8093[0m,                 train_F1 Score: [4;35m0.8240[0m
æ ‡ç­¾é‡Œ1çš„ä¸ªæ•°:  2150
æ ‡ç­¾é‡Œ0çš„ä¸ªæ•°:  2150
æ€»æ•°:  4300
æ­£ç¡®çš„ä¸ªæ•°:  3565
æœ€åä¸€ä¸ªæ‰¹æ¬¡çš„è¾“å‡º, ä¸æ»¡batchsizeæ˜¯æ­£å¸¸çš„:
 tensor([[0.9270],
        [0.9344],
        [0.9827],
        [0.1137],
        [0.8802],
        [0.1214],
        [0.4368],
        [0.1990],
        [0.6029],
        [0.7480],
        [0.0616],
        [0.0676]], device='cuda:0', grad_fn=<SigmoidBackward0>)
Epoch [96/100], T_AUC: [4m0.8341[0m
Epoch [96/100], Loss: 14.1464
val_Accuracy: [92m0.7884[0m
val_Precision: [4;34m0.8170[0m,               val_Recall: [4;33m0.7309[0m,                 val_F1 Score: [4;35m0.7672[0m
æ ‡ç­¾é‡Œ1çš„ä¸ªæ•°:  430
æ ‡ç­¾é‡Œ0çš„ä¸ªæ•°:  430
æ€»æ•°:  860
æ­£ç¡®çš„ä¸ªæ•°:  678
Epoch [96/100], V_AUC: [4m0.7850[0m
Epoch [97/100], Loss: 54.0284
train_Accuracy: [91m0.8337[0m
train_Precision: [4;34m0.8532[0m,               train_Recall: [4;33m0.8141[0m,                 train_F1 Score: [4;35m0.8283[0m
æ ‡ç­¾é‡Œ1çš„ä¸ªæ•°:  2150
æ ‡ç­¾é‡Œ0çš„ä¸ªæ•°:  2150
æ€»æ•°:  4300
æ­£ç¡®çš„ä¸ªæ•°:  3585
æœ€åä¸€ä¸ªæ‰¹æ¬¡çš„è¾“å‡º, ä¸æ»¡batchsizeæ˜¯æ­£å¸¸çš„:
 tensor([[0.9329],
        [0.9334],
        [0.9819],
        [0.1019],
        [0.8734],
        [0.1176],
        [0.4231],
        [0.2180],
        [0.5993],
        [0.7809],
        [0.0578],
        [0.0831]], device='cuda:0', grad_fn=<SigmoidBackward0>)
Epoch [97/100], T_AUC: [4m0.8391[0m
Epoch [97/100], Loss: 14.4275
val_Accuracy: [92m0.7907[0m
val_Precision: [4;34m0.8214[0m,               val_Recall: [4;33m0.7302[0m,                 val_F1 Score: [4;35m0.7689[0m
æ ‡ç­¾é‡Œ1çš„ä¸ªæ•°:  430
æ ‡ç­¾é‡Œ0çš„ä¸ªæ•°:  430
æ€»æ•°:  860
æ­£ç¡®çš„ä¸ªæ•°:  680
Epoch [97/100], V_AUC: [4m0.7863[0m
Epoch [98/100], Loss: 54.0097
train_Accuracy: [91m0.8307[0m
train_Precision: [4;34m0.8500[0m,               train_Recall: [4;33m0.8120[0m,                 train_F1 Score: [4;35m0.8255[0m
æ ‡ç­¾é‡Œ1çš„ä¸ªæ•°:  2150
æ ‡ç­¾é‡Œ0çš„ä¸ªæ•°:  2150
æ€»æ•°:  4300
æ­£ç¡®çš„ä¸ªæ•°:  3572
æœ€åä¸€ä¸ªæ‰¹æ¬¡çš„è¾“å‡º, ä¸æ»¡batchsizeæ˜¯æ­£å¸¸çš„:
 tensor([[0.9380],
        [0.9357],
        [0.9786],
        [0.1042],
        [0.8876],
        [0.0943],
        [0.4456],
        [0.1937],
        [0.6138],
        [0.7887],
        [0.0666],
        [0.0908]], device='cuda:0', grad_fn=<SigmoidBackward0>)
Epoch [98/100], T_AUC: [4m0.8363[0m
Epoch [98/100], Loss: 14.4922
val_Accuracy: [92m0.7919[0m
val_Precision: [4;34m0.8253[0m,               val_Recall: [4;33m0.7280[0m,                 val_F1 Score: [4;35m0.7694[0m
æ ‡ç­¾é‡Œ1çš„ä¸ªæ•°:  430
æ ‡ç­¾é‡Œ0çš„ä¸ªæ•°:  430
æ€»æ•°:  860
æ­£ç¡®çš„ä¸ªæ•°:  681
Epoch [98/100], V_AUC: [4m0.7876[0m
Epoch [99/100], Loss: 53.7656
train_Accuracy: [91m0.8333[0m
train_Precision: [4;34m0.8516[0m,               train_Recall: [4;33m0.8147[0m,                 train_F1 Score: [4;35m0.8280[0m
æ ‡ç­¾é‡Œ1çš„ä¸ªæ•°:  2150
æ ‡ç­¾é‡Œ0çš„ä¸ªæ•°:  2150
æ€»æ•°:  4300
æ­£ç¡®çš„ä¸ªæ•°:  3583
æœ€åä¸€ä¸ªæ‰¹æ¬¡çš„è¾“å‡º, ä¸æ»¡batchsizeæ˜¯æ­£å¸¸çš„:
 tensor([[0.9386],
        [0.9378],
        [0.9821],
        [0.1064],
        [0.8795],
        [0.0917],
        [0.4423],
        [0.2225],
        [0.6135],
        [0.7573],
        [0.0688],
        [0.0752]], device='cuda:0', grad_fn=<SigmoidBackward0>)
Epoch [99/100], T_AUC: [4m0.8387[0m
Epoch [99/100], Loss: 14.5981
val_Accuracy: [92m0.7919[0m
val_Precision: [4;34m0.8212[0m,               val_Recall: [4;33m0.7322[0m,                 val_F1 Score: [4;35m0.7700[0m
æ ‡ç­¾é‡Œ1çš„ä¸ªæ•°:  430
æ ‡ç­¾é‡Œ0çš„ä¸ªæ•°:  430
æ€»æ•°:  860
æ­£ç¡®çš„ä¸ªæ•°:  681
Epoch [99/100], V_AUC: [4m0.7876[0m
Epoch [100/100], Loss: 53.9507
train_Accuracy: [91m0.8326[0m
train_Precision: [4;34m0.8519[0m,               train_Recall: [4;33m0.8130[0m,                 train_F1 Score: [4;35m0.8272[0m
æ ‡ç­¾é‡Œ1çš„ä¸ªæ•°:  2150
æ ‡ç­¾é‡Œ0çš„ä¸ªæ•°:  2150
æ€»æ•°:  4300
æ­£ç¡®çš„ä¸ªæ•°:  3580
æœ€åä¸€ä¸ªæ‰¹æ¬¡çš„è¾“å‡º, ä¸æ»¡batchsizeæ˜¯æ­£å¸¸çš„:
 tensor([[0.9495],
        [0.9339],
        [0.9777],
        [0.1063],
        [0.8606],
        [0.1114],
        [0.4534],
        [0.2164],
        [0.6272],
        [0.7634],
        [0.0531],
        [0.0789]], device='cuda:0', grad_fn=<SigmoidBackward0>)
Epoch [100/100], T_AUC: [4m0.8378[0m
Epoch [100/100], Loss: 14.2133
val_Accuracy: [92m0.7895[0m
val_Precision: [4;34m0.8166[0m,               val_Recall: [4;33m0.7324[0m,                 val_F1 Score: [4;35m0.7684[0m
æ ‡ç­¾é‡Œ1çš„ä¸ªæ•°:  430
æ ‡ç­¾é‡Œ0çš„ä¸ªæ•°:  430
æ€»æ•°:  860
æ­£ç¡®çš„ä¸ªæ•°:  679
Epoch [100/100], V_AUC: [4m0.7854[0m
ç¬¬0æ‰¹ç¬¬2ä¸ª, 100
ç¬¬0æ‰¹ç¬¬15ä¸ª, 100
ç¬¬1æ‰¹ç¬¬0ä¸ª, 100
ç¬¬1æ‰¹ç¬¬6ä¸ª, 100
ç¬¬1æ‰¹ç¬¬13ä¸ª, 100
send email successfully
