2024-06-24-03:56:09
1æ’åº128-0.4
åˆ›å»ºæ¨¡å‹å®ä¾‹
æ¨¡å‹å®ä¾‹åˆ›å»ºå®Œæˆ
åŠ è½½é¢„è®­ç»ƒå‚æ•°
é¢„è®­ç»ƒå‚æ•°åŠ è½½å®Œæˆ
Epoch [1/100], Loss: 60.2585
train_Accuracy: [91m0.8014[0m
train_Precision: [4;34m0.7935[0m,               train_Recall: [4;33m0.8261[0m,                 train_F1 Score: [4;35m0.8037[0m
æ ‡ç­¾é‡Œ1çš„ä¸ªæ•°:  2150
æ ‡ç­¾é‡Œ0çš„ä¸ªæ•°:  2150
æ€»æ•°:  4300
æ­£ç¡®çš„ä¸ªæ•°:  3446
æœ€åä¸€ä¸ªæ‰¹æ¬¡çš„è¾“å‡º, ä¸æ»¡batchsizeæ˜¯æ­£å¸¸çš„:
 tensor([[0.9045],
        [0.8371],
        [0.9675],
        [0.1509],
        [0.7519],
        [0.1616],
        [0.5125],
        [0.3162],
        [0.5071],
        [0.9038],
        [0.0503],
        [0.0427]], device='cuda:0', grad_fn=<SigmoidBackward0>)
Epoch [1/100], T_AUC: [4m0.8075[0m
Epoch [1/100], Loss: 13.5880
val_Accuracy: [92m0.7907[0m
val_Precision: [4;34m0.7858[0m,               val_Recall: [4;33m0.7891[0m,                 val_F1 Score: [4;35m0.7826[0m
æ ‡ç­¾é‡Œ1çš„ä¸ªæ•°:  430
æ ‡ç­¾é‡Œ0çš„ä¸ªæ•°:  430
æ€»æ•°:  860
æ­£ç¡®çš„ä¸ªæ•°:  680
Epoch [1/100], V_AUC: [4m0.7877[0m
Epoch [2/100], Loss: 57.9019
train_Accuracy: [91m0.8114[0m
train_Precision: [4;34m0.8009[0m,               train_Recall: [4;33m0.8356[0m,                 train_F1 Score: [4;35m0.8130[0m
æ ‡ç­¾é‡Œ1çš„ä¸ªæ•°:  2150
æ ‡ç­¾é‡Œ0çš„ä¸ªæ•°:  2150
æ€»æ•°:  4300
æ­£ç¡®çš„ä¸ªæ•°:  3489
æœ€åä¸€ä¸ªæ‰¹æ¬¡çš„è¾“å‡º, ä¸æ»¡batchsizeæ˜¯æ­£å¸¸çš„:
 tensor([[0.8994],
        [0.8576],
        [0.9777],
        [0.1516],
        [0.7912],
        [0.1396],
        [0.4571],
        [0.3370],
        [0.5547],
        [0.9103],
        [0.0390],
        [0.0407]], device='cuda:0', grad_fn=<SigmoidBackward0>)
Epoch [2/100], T_AUC: [4m0.8167[0m
Epoch [2/100], Loss: 13.7158
val_Accuracy: [92m0.7884[0m
val_Precision: [4;34m0.7822[0m,               val_Recall: [4;33m0.7890[0m,                 val_F1 Score: [4;35m0.7811[0m
æ ‡ç­¾é‡Œ1çš„ä¸ªæ•°:  430
æ ‡ç­¾é‡Œ0çš„ä¸ªæ•°:  430
æ€»æ•°:  860
æ­£ç¡®çš„ä¸ªæ•°:  678
Epoch [2/100], V_AUC: [4m0.7851[0m
Epoch [3/100], Loss: 57.0070
train_Accuracy: [91m0.8137[0m
train_Precision: [4;34m0.8038[0m,               train_Recall: [4;33m0.8386[0m,                 train_F1 Score: [4;35m0.8157[0m
æ ‡ç­¾é‡Œ1çš„ä¸ªæ•°:  2150
æ ‡ç­¾é‡Œ0çš„ä¸ªæ•°:  2150
æ€»æ•°:  4300
æ­£ç¡®çš„ä¸ªæ•°:  3499
æœ€åä¸€ä¸ªæ‰¹æ¬¡çš„è¾“å‡º, ä¸æ»¡batchsizeæ˜¯æ­£å¸¸çš„:
 tensor([[0.8835],
        [0.8442],
        [0.9786],
        [0.1360],
        [0.8335],
        [0.1283],
        [0.4517],
        [0.3172],
        [0.5877],
        [0.9147],
        [0.0481],
        [0.0444]], device='cuda:0', grad_fn=<SigmoidBackward0>)
Epoch [3/100], T_AUC: [4m0.8192[0m
Epoch [3/100], Loss: 13.8098
val_Accuracy: [92m0.7895[0m
val_Precision: [4;34m0.7822[0m,               val_Recall: [4;33m0.7910[0m,                 val_F1 Score: [4;35m0.7824[0m
æ ‡ç­¾é‡Œ1çš„ä¸ªæ•°:  430
æ ‡ç­¾é‡Œ0çš„ä¸ªæ•°:  430
æ€»æ•°:  860
æ­£ç¡®çš„ä¸ªæ•°:  679
Epoch [3/100], V_AUC: [4m0.7860[0m
Epoch [4/100], Loss: 56.5008
train_Accuracy: [91m0.8198[0m
train_Precision: [4;34m0.8091[0m,               train_Recall: [4;33m0.8431[0m,                 train_F1 Score: [4;35m0.8211[0m
æ ‡ç­¾é‡Œ1çš„ä¸ªæ•°:  2150
æ ‡ç­¾é‡Œ0çš„ä¸ªæ•°:  2150
æ€»æ•°:  4300
æ­£ç¡®çš„ä¸ªæ•°:  3525
æœ€åä¸€ä¸ªæ‰¹æ¬¡çš„è¾“å‡º, ä¸æ»¡batchsizeæ˜¯æ­£å¸¸çš„:
 tensor([[0.8998],
        [0.8597],
        [0.9819],
        [0.1284],
        [0.8443],
        [0.1046],
        [0.4021],
        [0.3099],
        [0.5703],
        [0.9253],
        [0.0565],
        [0.0415]], device='cuda:0', grad_fn=<SigmoidBackward0>)
Epoch [4/100], T_AUC: [4m0.8245[0m
Epoch [4/100], Loss: 14.0465
val_Accuracy: [92m0.7919[0m
val_Precision: [4;34m0.7954[0m,               val_Recall: [4;33m0.7773[0m,                 val_F1 Score: [4;35m0.7812[0m
æ ‡ç­¾é‡Œ1çš„ä¸ªæ•°:  430
æ ‡ç­¾é‡Œ0çš„ä¸ªæ•°:  430
æ€»æ•°:  860
æ­£ç¡®çš„ä¸ªæ•°:  681
Epoch [4/100], V_AUC: [4m0.7881[0m
Epoch [5/100], Loss: 55.8340
train_Accuracy: [91m0.8205[0m
train_Precision: [4;34m0.8082[0m,               train_Recall: [4;33m0.8482[0m,                 train_F1 Score: [4;35m0.8229[0m
æ ‡ç­¾é‡Œ1çš„ä¸ªæ•°:  2150
æ ‡ç­¾é‡Œ0çš„ä¸ªæ•°:  2150
æ€»æ•°:  4300
æ­£ç¡®çš„ä¸ªæ•°:  3528
æœ€åä¸€ä¸ªæ‰¹æ¬¡çš„è¾“å‡º, ä¸æ»¡batchsizeæ˜¯æ­£å¸¸çš„:
 tensor([[0.8764],
        [0.8651],
        [0.9843],
        [0.1376],
        [0.8533],
        [0.1002],
        [0.3614],
        [0.3976],
        [0.6530],
        [0.9108],
        [0.0431],
        [0.0396]], device='cuda:0', grad_fn=<SigmoidBackward0>)
Epoch [5/100], T_AUC: [4m0.8257[0m
Epoch [5/100], Loss: 14.1859
val_Accuracy: [92m0.7884[0m
val_Precision: [4;34m0.7866[0m,               val_Recall: [4;33m0.7812[0m,                 val_F1 Score: [4;35m0.7789[0m
æ ‡ç­¾é‡Œ1çš„ä¸ªæ•°:  430
æ ‡ç­¾é‡Œ0çš„ä¸ªæ•°:  430
æ€»æ•°:  860
æ­£ç¡®çš„ä¸ªæ•°:  678
Epoch [5/100], V_AUC: [4m0.7844[0m
Epoch [6/100], Loss: 55.1432
train_Accuracy: [91m0.8193[0m
train_Precision: [4;34m0.8075[0m,               train_Recall: [4;33m0.8469[0m,                 train_F1 Score: [4;35m0.8215[0m
æ ‡ç­¾é‡Œ1çš„ä¸ªæ•°:  2150
æ ‡ç­¾é‡Œ0çš„ä¸ªæ•°:  2150
æ€»æ•°:  4300
æ­£ç¡®çš„ä¸ªæ•°:  3523
æœ€åä¸€ä¸ªæ‰¹æ¬¡çš„è¾“å‡º, ä¸æ»¡batchsizeæ˜¯æ­£å¸¸çš„:
 tensor([[0.9068],
        [0.8468],
        [0.9780],
        [0.1080],
        [0.8203],
        [0.1040],
        [0.3164],
        [0.4920],
        [0.6867],
        [0.8898],
        [0.0602],
        [0.0494]], device='cuda:0', grad_fn=<SigmoidBackward0>)
Epoch [6/100], T_AUC: [4m0.8246[0m
Epoch [6/100], Loss: 14.3145
val_Accuracy: [92m0.7802[0m
val_Precision: [4;34m0.7702[0m,               val_Recall: [4;33m0.7855[0m,                 val_F1 Score: [4;35m0.7733[0m
æ ‡ç­¾é‡Œ1çš„ä¸ªæ•°:  430
æ ‡ç­¾é‡Œ0çš„ä¸ªæ•°:  430
æ€»æ•°:  860
æ­£ç¡®çš„ä¸ªæ•°:  671
Epoch [6/100], V_AUC: [4m0.7764[0m
Epoch [7/100], Loss: 54.7395
train_Accuracy: [91m0.8256[0m
train_Precision: [4;34m0.8146[0m,               train_Recall: [4;33m0.8524[0m,                 train_F1 Score: [4;35m0.8279[0m
æ ‡ç­¾é‡Œ1çš„ä¸ªæ•°:  2150
æ ‡ç­¾é‡Œ0çš„ä¸ªæ•°:  2150
æ€»æ•°:  4300
æ­£ç¡®çš„ä¸ªæ•°:  3550
æœ€åä¸€ä¸ªæ‰¹æ¬¡çš„è¾“å‡º, ä¸æ»¡batchsizeæ˜¯æ­£å¸¸çš„:
 tensor([[0.8878],
        [0.8679],
        [0.9866],
        [0.1141],
        [0.8416],
        [0.0978],
        [0.3292],
        [0.3659],
        [0.7160],
        [0.8856],
        [0.0748],
        [0.0335]], device='cuda:0', grad_fn=<SigmoidBackward0>)
Epoch [7/100], T_AUC: [4m0.8313[0m
Epoch [7/100], Loss: 14.7042
val_Accuracy: [92m0.7791[0m
val_Precision: [4;34m0.7749[0m,               val_Recall: [4;33m0.7729[0m,                 val_F1 Score: [4;35m0.7689[0m
æ ‡ç­¾é‡Œ1çš„ä¸ªæ•°:  430
æ ‡ç­¾é‡Œ0çš„ä¸ªæ•°:  430
æ€»æ•°:  860
æ­£ç¡®çš„ä¸ªæ•°:  670
Epoch [7/100], V_AUC: [4m0.7746[0m
Epoch [8/100], Loss: 53.7336
train_Accuracy: [91m0.8281[0m
train_Precision: [4;34m0.8173[0m,               train_Recall: [4;33m0.8559[0m,                 train_F1 Score: [4;35m0.8310[0m
æ ‡ç­¾é‡Œ1çš„ä¸ªæ•°:  2150
æ ‡ç­¾é‡Œ0çš„ä¸ªæ•°:  2150
æ€»æ•°:  4300
æ­£ç¡®çš„ä¸ªæ•°:  3561
æœ€åä¸€ä¸ªæ‰¹æ¬¡çš„è¾“å‡º, ä¸æ»¡batchsizeæ˜¯æ­£å¸¸çš„:
 tensor([[0.8839],
        [0.8349],
        [0.9890],
        [0.1499],
        [0.8538],
        [0.0521],
        [0.3702],
        [0.3966],
        [0.7224],
        [0.8746],
        [0.0424],
        [0.0747]], device='cuda:0', grad_fn=<SigmoidBackward0>)
Epoch [8/100], T_AUC: [4m0.8340[0m
Epoch [8/100], Loss: 14.7123
val_Accuracy: [92m0.7872[0m
val_Precision: [4;34m0.7831[0m,               val_Recall: [4;33m0.7864[0m,                 val_F1 Score: [4;35m0.7798[0m
æ ‡ç­¾é‡Œ1çš„ä¸ªæ•°:  430
æ ‡ç­¾é‡Œ0çš„ä¸ªæ•°:  430
æ€»æ•°:  860
æ­£ç¡®çš„ä¸ªæ•°:  677
Epoch [8/100], V_AUC: [4m0.7832[0m
Epoch [9/100], Loss: 53.1296
train_Accuracy: [91m0.8323[0m
train_Precision: [4;34m0.8195[0m,               train_Recall: [4;33m0.8604[0m,                 train_F1 Score: [4;35m0.8343[0m
æ ‡ç­¾é‡Œ1çš„ä¸ªæ•°:  2150
æ ‡ç­¾é‡Œ0çš„ä¸ªæ•°:  2150
æ€»æ•°:  4300
æ­£ç¡®çš„ä¸ªæ•°:  3579
æœ€åä¸€ä¸ªæ‰¹æ¬¡çš„è¾“å‡º, ä¸æ»¡batchsizeæ˜¯æ­£å¸¸çš„:
 tensor([[0.8245],
        [0.8386],
        [0.9897],
        [0.0894],
        [0.8551],
        [0.0695],
        [0.3621],
        [0.4552],
        [0.7855],
        [0.8991],
        [0.0527],
        [0.0470]], device='cuda:0', grad_fn=<SigmoidBackward0>)
Epoch [9/100], T_AUC: [4m0.8375[0m
Epoch [9/100], Loss: 15.1206
val_Accuracy: [92m0.7814[0m
val_Precision: [4;34m0.7784[0m,               val_Recall: [4;33m0.7702[0m,                 val_F1 Score: [4;35m0.7697[0m
æ ‡ç­¾é‡Œ1çš„ä¸ªæ•°:  430
æ ‡ç­¾é‡Œ0çš„ä¸ªæ•°:  430
æ€»æ•°:  860
æ­£ç¡®çš„ä¸ªæ•°:  672
Epoch [9/100], V_AUC: [4m0.7768[0m
Epoch [10/100], Loss: 51.7525
train_Accuracy: [91m0.8326[0m
train_Precision: [4;34m0.8208[0m,               train_Recall: [4;33m0.8598[0m,                 train_F1 Score: [4;35m0.8348[0m
æ ‡ç­¾é‡Œ1çš„ä¸ªæ•°:  2150
æ ‡ç­¾é‡Œ0çš„ä¸ªæ•°:  2150
æ€»æ•°:  4300
æ­£ç¡®çš„ä¸ªæ•°:  3580
æœ€åä¸€ä¸ªæ‰¹æ¬¡çš„è¾“å‡º, ä¸æ»¡batchsizeæ˜¯æ­£å¸¸çš„:
 tensor([[0.8465],
        [0.8700],
        [0.9901],
        [0.0747],
        [0.9179],
        [0.0752],
        [0.3020],
        [0.4927],
        [0.7960],
        [0.8700],
        [0.0398],
        [0.0342]], device='cuda:0', grad_fn=<SigmoidBackward0>)
Epoch [10/100], T_AUC: [4m0.8375[0m
Epoch [10/100], Loss: 15.4847
val_Accuracy: [92m0.7756[0m
val_Precision: [4;34m0.7714[0m,               val_Recall: [4;33m0.7713[0m,                 val_F1 Score: [4;35m0.7669[0m
æ ‡ç­¾é‡Œ1çš„ä¸ªæ•°:  430
æ ‡ç­¾é‡Œ0çš„ä¸ªæ•°:  430
æ€»æ•°:  860
æ­£ç¡®çš„ä¸ªæ•°:  667
Epoch [10/100], V_AUC: [4m0.7727[0m
Epoch [11/100], Loss: 50.8828
train_Accuracy: [91m0.8391[0m
train_Precision: [4;34m0.8278[0m,               train_Recall: [4;33m0.8664[0m,                 train_F1 Score: [4;35m0.8416[0m
æ ‡ç­¾é‡Œ1çš„ä¸ªæ•°:  2150
æ ‡ç­¾é‡Œ0çš„ä¸ªæ•°:  2150
æ€»æ•°:  4300
æ­£ç¡®çš„ä¸ªæ•°:  3608
æœ€åä¸€ä¸ªæ‰¹æ¬¡çš„è¾“å‡º, ä¸æ»¡batchsizeæ˜¯æ­£å¸¸çš„:
 tensor([[0.8861],
        [0.8895],
        [0.9907],
        [0.0504],
        [0.9182],
        [0.0654],
        [0.2590],
        [0.2196],
        [0.8694],
        [0.8745],
        [0.0740],
        [0.0452]], device='cuda:0', grad_fn=<SigmoidBackward0>)
Epoch [11/100], T_AUC: [4m0.8445[0m
Epoch [11/100], Loss: 15.5903
val_Accuracy: [92m0.7791[0m
val_Precision: [4;34m0.7787[0m,               val_Recall: [4;33m0.7662[0m,                 val_F1 Score: [4;35m0.7679[0m
æ ‡ç­¾é‡Œ1çš„ä¸ªæ•°:  430
æ ‡ç­¾é‡Œ0çš„ä¸ªæ•°:  430
æ€»æ•°:  860
æ­£ç¡®çš„ä¸ªæ•°:  670
Epoch [11/100], V_AUC: [4m0.7758[0m
Epoch [12/100], Loss: 50.5811
train_Accuracy: [91m0.8416[0m
train_Precision: [4;34m0.8318[0m,               train_Recall: [4;33m0.8653[0m,                 train_F1 Score: [4;35m0.8435[0m
æ ‡ç­¾é‡Œ1çš„ä¸ªæ•°:  2150
æ ‡ç­¾é‡Œ0çš„ä¸ªæ•°:  2150
æ€»æ•°:  4300
æ­£ç¡®çš„ä¸ªæ•°:  3619
æœ€åä¸€ä¸ªæ‰¹æ¬¡çš„è¾“å‡º, ä¸æ»¡batchsizeæ˜¯æ­£å¸¸çš„:
 tensor([[0.8671],
        [0.9224],
        [0.9906],
        [0.0941],
        [0.9118],
        [0.0934],
        [0.1477],
        [0.2614],
        [0.8705],
        [0.8949],
        [0.0674],
        [0.0197]], device='cuda:0', grad_fn=<SigmoidBackward0>)
Epoch [12/100], T_AUC: [4m0.8466[0m
Epoch [12/100], Loss: 15.7029
val_Accuracy: [92m0.7756[0m
val_Precision: [4;34m0.7772[0m,               val_Recall: [4;33m0.7675[0m,                 val_F1 Score: [4;35m0.7672[0m
æ ‡ç­¾é‡Œ1çš„ä¸ªæ•°:  430
æ ‡ç­¾é‡Œ0çš„ä¸ªæ•°:  430
æ€»æ•°:  860
æ­£ç¡®çš„ä¸ªæ•°:  667
Epoch [12/100], V_AUC: [4m0.7722[0m
Epoch [13/100], Loss: 49.5815
train_Accuracy: [91m0.8426[0m
train_Precision: [4;34m0.8287[0m,               train_Recall: [4;33m0.8728[0m,                 train_F1 Score: [4;35m0.8453[0m
æ ‡ç­¾é‡Œ1çš„ä¸ªæ•°:  2150
æ ‡ç­¾é‡Œ0çš„ä¸ªæ•°:  2150
æ€»æ•°:  4300
æ­£ç¡®çš„ä¸ªæ•°:  3623
æœ€åä¸€ä¸ªæ‰¹æ¬¡çš„è¾“å‡º, ä¸æ»¡batchsizeæ˜¯æ­£å¸¸çš„:
 tensor([[0.8986],
        [0.9188],
        [0.9931],
        [0.1153],
        [0.9426],
        [0.0471],
        [0.2419],
        [0.1015],
        [0.7891],
        [0.8875],
        [0.0554],
        [0.0419]], device='cuda:0', grad_fn=<SigmoidBackward0>)
Epoch [13/100], T_AUC: [4m0.8477[0m
Epoch [13/100], Loss: 16.0838
val_Accuracy: [92m0.7756[0m
val_Precision: [4;34m0.7739[0m,               val_Recall: [4;33m0.7696[0m,                 val_F1 Score: [4;35m0.7670[0m
æ ‡ç­¾é‡Œ1çš„ä¸ªæ•°:  430
æ ‡ç­¾é‡Œ0çš„ä¸ªæ•°:  430
æ€»æ•°:  860
æ­£ç¡®çš„ä¸ªæ•°:  667
Epoch [13/100], V_AUC: [4m0.7713[0m
Epoch [14/100], Loss: 48.2858
train_Accuracy: [91m0.8500[0m
train_Precision: [4;34m0.8407[0m,               train_Recall: [4;33m0.8720[0m,                 train_F1 Score: [4;35m0.8513[0m
æ ‡ç­¾é‡Œ1çš„ä¸ªæ•°:  2150
æ ‡ç­¾é‡Œ0çš„ä¸ªæ•°:  2150
æ€»æ•°:  4300
æ­£ç¡®çš„ä¸ªæ•°:  3655
æœ€åä¸€ä¸ªæ‰¹æ¬¡çš„è¾“å‡º, ä¸æ»¡batchsizeæ˜¯æ­£å¸¸çš„:
 tensor([[0.9108],
        [0.9276],
        [0.9791],
        [0.0803],
        [0.9523],
        [0.0550],
        [0.0783],
        [0.4457],
        [0.9065],
        [0.9096],
        [0.0478],
        [0.0243]], device='cuda:0', grad_fn=<SigmoidBackward0>)
Epoch [14/100], T_AUC: [4m0.8547[0m
Epoch [14/100], Loss: 15.5381
val_Accuracy: [92m0.7721[0m
val_Precision: [4;34m0.7669[0m,               val_Recall: [4;33m0.7668[0m,                 val_F1 Score: [4;35m0.7628[0m
æ ‡ç­¾é‡Œ1çš„ä¸ªæ•°:  430
æ ‡ç­¾é‡Œ0çš„ä¸ªæ•°:  430
æ€»æ•°:  860
æ­£ç¡®çš„ä¸ªæ•°:  664
Epoch [14/100], V_AUC: [4m0.7670[0m
Epoch [15/100], Loss: 47.5720
train_Accuracy: [91m0.8486[0m
train_Precision: [4;34m0.8372[0m,               train_Recall: [4;33m0.8744[0m,                 train_F1 Score: [4;35m0.8508[0m
æ ‡ç­¾é‡Œ1çš„ä¸ªæ•°:  2150
æ ‡ç­¾é‡Œ0çš„ä¸ªæ•°:  2150
æ€»æ•°:  4300
æ­£ç¡®çš„ä¸ªæ•°:  3649
æœ€åä¸€ä¸ªæ‰¹æ¬¡çš„è¾“å‡º, ä¸æ»¡batchsizeæ˜¯æ­£å¸¸çš„:
 tensor([[0.9377],
        [0.9054],
        [0.9885],
        [0.0528],
        [0.9600],
        [0.0335],
        [0.1032],
        [0.1887],
        [0.8335],
        [0.9066],
        [0.0914],
        [0.0557]], device='cuda:0', grad_fn=<SigmoidBackward0>)
Epoch [15/100], T_AUC: [4m0.8534[0m
Epoch [15/100], Loss: 16.5476
val_Accuracy: [92m0.7744[0m
val_Precision: [4;34m0.7735[0m,               val_Recall: [4;33m0.7676[0m,                 val_F1 Score: [4;35m0.7666[0m
æ ‡ç­¾é‡Œ1çš„ä¸ªæ•°:  430
æ ‡ç­¾é‡Œ0çš„ä¸ªæ•°:  430
æ€»æ•°:  860
æ­£ç¡®çš„ä¸ªæ•°:  666
Epoch [15/100], V_AUC: [4m0.7708[0m
Epoch [16/100], Loss: 46.2740
train_Accuracy: [91m0.8570[0m
train_Precision: [4;34m0.8470[0m,               train_Recall: [4;33m0.8782[0m,                 train_F1 Score: [4;35m0.8581[0m
æ ‡ç­¾é‡Œ1çš„ä¸ªæ•°:  2150
æ ‡ç­¾é‡Œ0çš„ä¸ªæ•°:  2150
æ€»æ•°:  4300
æ­£ç¡®çš„ä¸ªæ•°:  3685
æœ€åä¸€ä¸ªæ‰¹æ¬¡çš„è¾“å‡º, ä¸æ»¡batchsizeæ˜¯æ­£å¸¸çš„:
 tensor([[0.9562],
        [0.8952],
        [0.9920],
        [0.0586],
        [0.9641],
        [0.0375],
        [0.1268],
        [0.1399],
        [0.9303],
        [0.9247],
        [0.0525],
        [0.0162]], device='cuda:0', grad_fn=<SigmoidBackward0>)
Epoch [16/100], T_AUC: [4m0.8619[0m
Epoch [16/100], Loss: 16.7464
val_Accuracy: [92m0.7767[0m
val_Precision: [4;34m0.7763[0m,               val_Recall: [4;33m0.7684[0m,                 val_F1 Score: [4;35m0.7678[0m
æ ‡ç­¾é‡Œ1çš„ä¸ªæ•°:  430
æ ‡ç­¾é‡Œ0çš„ä¸ªæ•°:  430
æ€»æ•°:  860
æ­£ç¡®çš„ä¸ªæ•°:  668
Epoch [16/100], V_AUC: [4m0.7741[0m
Epoch [17/100], Loss: 44.5434
train_Accuracy: [91m0.8619[0m
train_Precision: [4;34m0.8504[0m,               train_Recall: [4;33m0.8841[0m,                 train_F1 Score: [4;35m0.8628[0m
æ ‡ç­¾é‡Œ1çš„ä¸ªæ•°:  2150
æ ‡ç­¾é‡Œ0çš„ä¸ªæ•°:  2150
æ€»æ•°:  4300
æ­£ç¡®çš„ä¸ªæ•°:  3706
æœ€åä¸€ä¸ªæ‰¹æ¬¡çš„è¾“å‡º, ä¸æ»¡batchsizeæ˜¯æ­£å¸¸çš„:
 tensor([[0.9441],
        [0.8689],
        [0.9925],
        [0.0435],
        [0.9667],
        [0.0468],
        [0.0532],
        [0.1539],
        [0.9678],
        [0.9341],
        [0.0832],
        [0.0143]], device='cuda:0', grad_fn=<SigmoidBackward0>)
Epoch [17/100], T_AUC: [4m0.8665[0m
Epoch [17/100], Loss: 17.5707
val_Accuracy: [92m0.7744[0m
val_Precision: [4;34m0.7751[0m,               val_Recall: [4;33m0.7654[0m,                 val_F1 Score: [4;35m0.7654[0m
æ ‡ç­¾é‡Œ1çš„ä¸ªæ•°:  430
æ ‡ç­¾é‡Œ0çš„ä¸ªæ•°:  430
æ€»æ•°:  860
æ­£ç¡®çš„ä¸ªæ•°:  666
Epoch [17/100], V_AUC: [4m0.7721[0m
Epoch [18/100], Loss: 44.3645
train_Accuracy: [91m0.8665[0m
train_Precision: [4;34m0.8549[0m,               train_Recall: [4;33m0.8907[0m,                 train_F1 Score: [4;35m0.8679[0m
æ ‡ç­¾é‡Œ1çš„ä¸ªæ•°:  2150
æ ‡ç­¾é‡Œ0çš„ä¸ªæ•°:  2150
æ€»æ•°:  4300
æ­£ç¡®çš„ä¸ªæ•°:  3726
æœ€åä¸€ä¸ªæ‰¹æ¬¡çš„è¾“å‡º, ä¸æ»¡batchsizeæ˜¯æ­£å¸¸çš„:
 tensor([[0.9369],
        [0.9744],
        [0.9961],
        [0.0664],
        [0.9225],
        [0.0259],
        [0.1433],
        [0.1287],
        [0.9696],
        [0.9414],
        [0.0370],
        [0.0033]], device='cuda:0', grad_fn=<SigmoidBackward0>)
Epoch [18/100], T_AUC: [4m0.8718[0m
Epoch [18/100], Loss: 18.6038
val_Accuracy: [92m0.7837[0m
val_Precision: [4;34m0.7929[0m,               val_Recall: [4;33m0.7581[0m,                 val_F1 Score: [4;35m0.7710[0m
æ ‡ç­¾é‡Œ1çš„ä¸ªæ•°:  430
æ ‡ç­¾é‡Œ0çš„ä¸ªæ•°:  430
æ€»æ•°:  860
æ­£ç¡®çš„ä¸ªæ•°:  674
Epoch [18/100], V_AUC: [4m0.7802[0m
Epoch [19/100], Loss: 42.1433
train_Accuracy: [91m0.8723[0m
train_Precision: [4;34m0.8610[0m,               train_Recall: [4;33m0.8939[0m,                 train_F1 Score: [4;35m0.8730[0m
æ ‡ç­¾é‡Œ1çš„ä¸ªæ•°:  2150
æ ‡ç­¾é‡Œ0çš„ä¸ªæ•°:  2150
æ€»æ•°:  4300
æ­£ç¡®çš„ä¸ªæ•°:  3751
æœ€åä¸€ä¸ªæ‰¹æ¬¡çš„è¾“å‡º, ä¸æ»¡batchsizeæ˜¯æ­£å¸¸çš„:
 tensor([[0.9094],
        [0.9250],
        [0.9924],
        [0.0421],
        [0.9905],
        [0.0152],
        [0.1458],
        [0.2229],
        [0.9846],
        [0.8416],
        [0.0374],
        [0.0083]], device='cuda:0', grad_fn=<SigmoidBackward0>)
Epoch [19/100], T_AUC: [4m0.8771[0m
Epoch [19/100], Loss: 18.8748
val_Accuracy: [92m0.7826[0m
val_Precision: [4;34m0.7875[0m,               val_Recall: [4;33m0.7677[0m,                 val_F1 Score: [4;35m0.7732[0m
æ ‡ç­¾é‡Œ1çš„ä¸ªæ•°:  430
æ ‡ç­¾é‡Œ0çš„ä¸ªæ•°:  430
æ€»æ•°:  860
æ­£ç¡®çš„ä¸ªæ•°:  673
Epoch [19/100], V_AUC: [4m0.7785[0m
Epoch [20/100], Loss: 41.8516
train_Accuracy: [91m0.8714[0m
train_Precision: [4;34m0.8619[0m,               train_Recall: [4;33m0.8921[0m,                 train_F1 Score: [4;35m0.8723[0m
æ ‡ç­¾é‡Œ1çš„ä¸ªæ•°:  2150
æ ‡ç­¾é‡Œ0çš„ä¸ªæ•°:  2150
æ€»æ•°:  4300
æ­£ç¡®çš„ä¸ªæ•°:  3747
æœ€åä¸€ä¸ªæ‰¹æ¬¡çš„è¾“å‡º, ä¸æ»¡batchsizeæ˜¯æ­£å¸¸çš„:
 tensor([[0.9785],
        [0.9311],
        [0.9810],
        [0.0337],
        [0.9820],
        [0.0233],
        [0.1213],
        [0.0561],
        [0.9927],
        [0.9212],
        [0.0271],
        [0.0145]], device='cuda:0', grad_fn=<SigmoidBackward0>)
Epoch [20/100], T_AUC: [4m0.8769[0m
Epoch [20/100], Loss: 18.0844
val_Accuracy: [92m0.7756[0m
val_Precision: [4;34m0.7839[0m,               val_Recall: [4;33m0.7482[0m,                 val_F1 Score: [4;35m0.7610[0m
æ ‡ç­¾é‡Œ1çš„ä¸ªæ•°:  430
æ ‡ç­¾é‡Œ0çš„ä¸ªæ•°:  430
æ€»æ•°:  860
æ­£ç¡®çš„ä¸ªæ•°:  667
Epoch [20/100], V_AUC: [4m0.7721[0m
Epoch [21/100], Loss: 42.9781
train_Accuracy: [91m0.8670[0m
train_Precision: [4;34m0.8535[0m,               train_Recall: [4;33m0.8937[0m,                 train_F1 Score: [4;35m0.8685[0m
æ ‡ç­¾é‡Œ1çš„ä¸ªæ•°:  2150
æ ‡ç­¾é‡Œ0çš„ä¸ªæ•°:  2150
æ€»æ•°:  4300
æ­£ç¡®çš„ä¸ªæ•°:  3728
æœ€åä¸€ä¸ªæ‰¹æ¬¡çš„è¾“å‡º, ä¸æ»¡batchsizeæ˜¯æ­£å¸¸çš„:
 tensor([[0.9556],
        [0.9259],
        [0.9840],
        [0.0587],
        [0.9818],
        [0.0365],
        [0.0698],
        [0.3784],
        [0.9794],
        [0.9617],
        [0.0137],
        [0.0049]], device='cuda:0', grad_fn=<SigmoidBackward0>)
Epoch [21/100], T_AUC: [4m0.8726[0m
Epoch [21/100], Loss: 18.4319
val_Accuracy: [92m0.7674[0m
val_Precision: [4;34m0.7697[0m,               val_Recall: [4;33m0.7550[0m,                 val_F1 Score: [4;35m0.7583[0m
æ ‡ç­¾é‡Œ1çš„ä¸ªæ•°:  430
æ ‡ç­¾é‡Œ0çš„ä¸ªæ•°:  430
æ€»æ•°:  860
æ­£ç¡®çš„ä¸ªæ•°:  660
Epoch [21/100], V_AUC: [4m0.7634[0m
Epoch [22/100], Loss: 40.7508
train_Accuracy: [91m0.8751[0m
train_Precision: [4;34m0.8635[0m,               train_Recall: [4;33m0.8982[0m,                 train_F1 Score: [4;35m0.8757[0m
æ ‡ç­¾é‡Œ1çš„ä¸ªæ•°:  2150
æ ‡ç­¾é‡Œ0çš„ä¸ªæ•°:  2150
æ€»æ•°:  4300
æ­£ç¡®çš„ä¸ªæ•°:  3763
æœ€åä¸€ä¸ªæ‰¹æ¬¡çš„è¾“å‡º, ä¸æ»¡batchsizeæ˜¯æ­£å¸¸çš„:
 tensor([[0.9684],
        [0.9041],
        [0.9897],
        [0.0500],
        [0.9952],
        [0.0294],
        [0.1341],
        [0.0248],
        [0.9858],
        [0.9257],
        [0.0161],
        [0.0140]], device='cuda:0', grad_fn=<SigmoidBackward0>)
Epoch [22/100], T_AUC: [4m0.8804[0m
Epoch [22/100], Loss: 19.8997
val_Accuracy: [92m0.7674[0m
val_Precision: [4;34m0.7652[0m,               val_Recall: [4;33m0.7586[0m,                 val_F1 Score: [4;35m0.7576[0m
æ ‡ç­¾é‡Œ1çš„ä¸ªæ•°:  430
æ ‡ç­¾é‡Œ0çš„ä¸ªæ•°:  430
æ€»æ•°:  860
æ­£ç¡®çš„ä¸ªæ•°:  660
Epoch [22/100], V_AUC: [4m0.7629[0m
Epoch [23/100], Loss: 39.3826
train_Accuracy: [91m0.8840[0m
train_Precision: [4;34m0.8722[0m,               train_Recall: [4;33m0.9048[0m,                 train_F1 Score: [4;35m0.8843[0m
æ ‡ç­¾é‡Œ1çš„ä¸ªæ•°:  2150
æ ‡ç­¾é‡Œ0çš„ä¸ªæ•°:  2150
æ€»æ•°:  4300
æ­£ç¡®çš„ä¸ªæ•°:  3801
æœ€åä¸€ä¸ªæ‰¹æ¬¡çš„è¾“å‡º, ä¸æ»¡batchsizeæ˜¯æ­£å¸¸çš„:
 tensor([[0.9910],
        [0.8388],
        [0.9900],
        [0.0508],
        [0.9958],
        [0.0043],
        [0.1145],
        [0.0555],
        [0.9777],
        [0.9491],
        [0.0715],
        [0.0049]], device='cuda:0', grad_fn=<SigmoidBackward0>)
Epoch [23/100], T_AUC: [4m0.8888[0m
Epoch [23/100], Loss: 19.4972
val_Accuracy: [92m0.7709[0m
val_Precision: [4;34m0.7680[0m,               val_Recall: [4;33m0.7661[0m,                 val_F1 Score: [4;35m0.7629[0m
æ ‡ç­¾é‡Œ1çš„ä¸ªæ•°:  430
æ ‡ç­¾é‡Œ0çš„ä¸ªæ•°:  430
æ€»æ•°:  860
æ­£ç¡®çš„ä¸ªæ•°:  663
Epoch [23/100], V_AUC: [4m0.7672[0m
Epoch [24/100], Loss: 36.1206
train_Accuracy: [91m0.8953[0m
train_Precision: [4;34m0.8841[0m,               train_Recall: [4;33m0.9146[0m,                 train_F1 Score: [4;35m0.8957[0m
æ ‡ç­¾é‡Œ1çš„ä¸ªæ•°:  2150
æ ‡ç­¾é‡Œ0çš„ä¸ªæ•°:  2150
æ€»æ•°:  4300
æ­£ç¡®çš„ä¸ªæ•°:  3850
æœ€åä¸€ä¸ªæ‰¹æ¬¡çš„è¾“å‡º, ä¸æ»¡batchsizeæ˜¯æ­£å¸¸çš„:
 tensor([[0.9974],
        [0.8811],
        [0.9844],
        [0.0394],
        [0.9988],
        [0.0053],
        [0.1368],
        [0.0126],
        [0.9680],
        [0.9829],
        [0.0091],
        [0.0071]], device='cuda:0', grad_fn=<SigmoidBackward0>)
Epoch [24/100], T_AUC: [4m0.8996[0m
Epoch [24/100], Loss: 21.1304
val_Accuracy: [92m0.7767[0m
val_Precision: [4;34m0.7865[0m,               val_Recall: [4;33m0.7495[0m,                 val_F1 Score: [4;35m0.7637[0m
æ ‡ç­¾é‡Œ1çš„ä¸ªæ•°:  430
æ ‡ç­¾é‡Œ0çš„ä¸ªæ•°:  430
æ€»æ•°:  860
æ­£ç¡®çš„ä¸ªæ•°:  668
Epoch [24/100], V_AUC: [4m0.7730[0m
Epoch [25/100], Loss: 33.9663
train_Accuracy: [91m0.9007[0m
train_Precision: [4;34m0.8860[0m,               train_Recall: [4;33m0.9233[0m,                 train_F1 Score: [4;35m0.9010[0m
æ ‡ç­¾é‡Œ1çš„ä¸ªæ•°:  2150
æ ‡ç­¾é‡Œ0çš„ä¸ªæ•°:  2150
æ€»æ•°:  4300
æ­£ç¡®çš„ä¸ªæ•°:  3873
æœ€åä¸€ä¸ªæ‰¹æ¬¡çš„è¾“å‡º, ä¸æ»¡batchsizeæ˜¯æ­£å¸¸çš„:
 tensor([[0.9940],
        [0.8868],
        [0.9944],
        [0.0205],
        [0.9984],
        [0.0034],
        [0.0904],
        [0.0338],
        [0.9760],
        [0.9691],
        [0.0187],
        [0.0104]], device='cuda:0', grad_fn=<SigmoidBackward0>)
Epoch [25/100], T_AUC: [4m0.9048[0m
Epoch [25/100], Loss: 22.2306
val_Accuracy: [92m0.7756[0m
val_Precision: [4;34m0.7717[0m,               val_Recall: [4;33m0.7692[0m,                 val_F1 Score: [4;35m0.7673[0m
æ ‡ç­¾é‡Œ1çš„ä¸ªæ•°:  430
æ ‡ç­¾é‡Œ0çš„ä¸ªæ•°:  430
æ€»æ•°:  860
æ­£ç¡®çš„ä¸ªæ•°:  667
Epoch [25/100], V_AUC: [4m0.7719[0m
Epoch [26/100], Loss: 34.3650
train_Accuracy: [91m0.8984[0m
train_Precision: [4;34m0.8886[0m,               train_Recall: [4;33m0.9140[0m,                 train_F1 Score: [4;35m0.8980[0m
æ ‡ç­¾é‡Œ1çš„ä¸ªæ•°:  2150
æ ‡ç­¾é‡Œ0çš„ä¸ªæ•°:  2150
æ€»æ•°:  4300
æ­£ç¡®çš„ä¸ªæ•°:  3863
æœ€åä¸€ä¸ªæ‰¹æ¬¡çš„è¾“å‡º, ä¸æ»¡batchsizeæ˜¯æ­£å¸¸çš„:
 tensor([[0.9960],
        [0.8953],
        [0.9090],
        [0.0338],
        [0.9911],
        [0.0048],
        [0.0334],
        [0.0588],
        [0.9977],
        [0.9946],
        [0.0228],
        [0.0101]], device='cuda:0', grad_fn=<SigmoidBackward0>)
Epoch [26/100], T_AUC: [4m0.9024[0m
Epoch [26/100], Loss: 20.2681
val_Accuracy: [92m0.7663[0m
val_Precision: [4;34m0.7701[0m,               val_Recall: [4;33m0.7444[0m,                 val_F1 Score: [4;35m0.7524[0m
æ ‡ç­¾é‡Œ1çš„ä¸ªæ•°:  430
æ ‡ç­¾é‡Œ0çš„ä¸ªæ•°:  430
æ€»æ•°:  860
æ­£ç¡®çš„ä¸ªæ•°:  659
Epoch [26/100], V_AUC: [4m0.7634[0m
Epoch [27/100], Loss: 38.6959
train_Accuracy: [91m0.8856[0m
train_Precision: [4;34m0.8734[0m,               train_Recall: [4;33m0.9072[0m,                 train_F1 Score: [4;35m0.8861[0m
æ ‡ç­¾é‡Œ1çš„ä¸ªæ•°:  2150
æ ‡ç­¾é‡Œ0çš„ä¸ªæ•°:  2150
æ€»æ•°:  4300
æ­£ç¡®çš„ä¸ªæ•°:  3808
æœ€åä¸€ä¸ªæ‰¹æ¬¡çš„è¾“å‡º, ä¸æ»¡batchsizeæ˜¯æ­£å¸¸çš„:
 tensor([[0.9736],
        [0.9281],
        [0.9969],
        [0.0454],
        [0.9778],
        [0.0037],
        [0.1582],
        [0.1579],
        [0.9844],
        [0.9939],
        [0.0365],
        [0.0016]], device='cuda:0', grad_fn=<SigmoidBackward0>)
Epoch [27/100], T_AUC: [4m0.8897[0m
Epoch [27/100], Loss: 22.1503
val_Accuracy: [92m0.7512[0m
val_Precision: [4;34m0.7453[0m,               val_Recall: [4;33m0.7498[0m,                 val_F1 Score: [4;35m0.7431[0m
æ ‡ç­¾é‡Œ1çš„ä¸ªæ•°:  430
æ ‡ç­¾é‡Œ0çš„ä¸ªæ•°:  430
æ€»æ•°:  860
æ­£ç¡®çš„ä¸ªæ•°:  646
Epoch [27/100], V_AUC: [4m0.7478[0m
Epoch [28/100], Loss: 36.1419
train_Accuracy: [91m0.8879[0m
train_Precision: [4;34m0.8729[0m,               train_Recall: [4;33m0.9132[0m,                 train_F1 Score: [4;35m0.8888[0m
æ ‡ç­¾é‡Œ1çš„ä¸ªæ•°:  2150
æ ‡ç­¾é‡Œ0çš„ä¸ªæ•°:  2150
æ€»æ•°:  4300
æ­£ç¡®çš„ä¸ªæ•°:  3818
æœ€åä¸€ä¸ªæ‰¹æ¬¡çš„è¾“å‡º, ä¸æ»¡batchsizeæ˜¯æ­£å¸¸çš„:
 tensor([[0.9946],
        [0.8788],
        [0.9972],
        [0.0399],
        [0.9978],
        [0.0014],
        [0.3555],
        [0.0025],
        [0.9498],
        [0.9974],
        [0.0080],
        [0.0122]], device='cuda:0', grad_fn=<SigmoidBackward0>)
Epoch [28/100], T_AUC: [4m0.8929[0m
Epoch [28/100], Loss: 21.0219
val_Accuracy: [92m0.7651[0m
val_Precision: [4;34m0.7559[0m,               val_Recall: [4;33m0.7735[0m,                 val_F1 Score: [4;35m0.7596[0m
æ ‡ç­¾é‡Œ1çš„ä¸ªæ•°:  430
æ ‡ç­¾é‡Œ0çš„ä¸ªæ•°:  430
æ€»æ•°:  860
æ­£ç¡®çš„ä¸ªæ•°:  658
Epoch [28/100], V_AUC: [4m0.7618[0m
Epoch [29/100], Loss: 32.0470
train_Accuracy: [91m0.9063[0m
train_Precision: [4;34m0.8913[0m,               train_Recall: [4;33m0.9286[0m,                 train_F1 Score: [4;35m0.9065[0m
æ ‡ç­¾é‡Œ1çš„ä¸ªæ•°:  2150
æ ‡ç­¾é‡Œ0çš„ä¸ªæ•°:  2150
æ€»æ•°:  4300
æ­£ç¡®çš„ä¸ªæ•°:  3897
æœ€åä¸€ä¸ªæ‰¹æ¬¡çš„è¾“å‡º, ä¸æ»¡batchsizeæ˜¯æ­£å¸¸çš„:
 tensor([[9.9677e-01],
        [8.8658e-01],
        [9.9647e-01],
        [2.0043e-02],
        [9.9893e-01],
        [2.7025e-04],
        [4.3213e-01],
        [4.9733e-03],
        [9.7910e-01],
        [9.8438e-01],
        [2.7702e-02],
        [1.3852e-02]], device='cuda:0', grad_fn=<SigmoidBackward0>)
Epoch [29/100], T_AUC: [4m0.9093[0m
Epoch [29/100], Loss: 22.1549
val_Accuracy: [92m0.7756[0m
val_Precision: [4;34m0.7807[0m,               val_Recall: [4;33m0.7522[0m,                 val_F1 Score: [4;35m0.7599[0m
æ ‡ç­¾é‡Œ1çš„ä¸ªæ•°:  430
æ ‡ç­¾é‡Œ0çš„ä¸ªæ•°:  430
æ€»æ•°:  860
æ­£ç¡®çš„ä¸ªæ•°:  667
Epoch [29/100], V_AUC: [4m0.7715[0m
Epoch [30/100], Loss: 31.7444
train_Accuracy: [91m0.9060[0m
train_Precision: [4;34m0.8897[0m,               train_Recall: [4;33m0.9308[0m,                 train_F1 Score: [4;35m0.9061[0m
æ ‡ç­¾é‡Œ1çš„ä¸ªæ•°:  2150
æ ‡ç­¾é‡Œ0çš„ä¸ªæ•°:  2150
æ€»æ•°:  4300
æ­£ç¡®çš„ä¸ªæ•°:  3896
æœ€åä¸€ä¸ªæ‰¹æ¬¡çš„è¾“å‡º, ä¸æ»¡batchsizeæ˜¯æ­£å¸¸çš„:
 tensor([[9.9173e-01],
        [9.6319e-01],
        [9.9583e-01],
        [2.0181e-02],
        [9.9967e-01],
        [1.6997e-04],
        [2.7612e-02],
        [4.6813e-02],
        [9.7862e-01],
        [9.9127e-01],
        [5.3505e-02],
        [3.0891e-03]], device='cuda:0', grad_fn=<SigmoidBackward0>)
Epoch [30/100], T_AUC: [4m0.9109[0m
Epoch [30/100], Loss: 21.6137
val_Accuracy: [92m0.7756[0m
val_Precision: [4;34m0.7812[0m,               val_Recall: [4;33m0.7533[0m,                 val_F1 Score: [4;35m0.7625[0m
æ ‡ç­¾é‡Œ1çš„ä¸ªæ•°:  430
æ ‡ç­¾é‡Œ0çš„ä¸ªæ•°:  430
æ€»æ•°:  860
æ­£ç¡®çš„ä¸ªæ•°:  667
Epoch [30/100], V_AUC: [4m0.7717[0m
Epoch [31/100], Loss: 30.4299
train_Accuracy: [91m0.9091[0m
train_Precision: [4;34m0.8956[0m,               train_Recall: [4;33m0.9286[0m,                 train_F1 Score: [4;35m0.9085[0m
æ ‡ç­¾é‡Œ1çš„ä¸ªæ•°:  2150
æ ‡ç­¾é‡Œ0çš„ä¸ªæ•°:  2150
æ€»æ•°:  4300
æ­£ç¡®çš„ä¸ªæ•°:  3909
æœ€åä¸€ä¸ªæ‰¹æ¬¡çš„è¾“å‡º, ä¸æ»¡batchsizeæ˜¯æ­£å¸¸çš„:
 tensor([[9.9537e-01],
        [9.1212e-01],
        [9.9759e-01],
        [3.4363e-02],
        [9.9785e-01],
        [3.2683e-04],
        [1.2205e-02],
        [1.5409e-02],
        [9.9720e-01],
        [9.9661e-01],
        [3.8008e-02],
        [3.8028e-03]], device='cuda:0', grad_fn=<SigmoidBackward0>)
Epoch [31/100], T_AUC: [4m0.9129[0m
Epoch [31/100], Loss: 21.7961
val_Accuracy: [92m0.7581[0m
val_Precision: [4;34m0.7609[0m,               val_Recall: [4;33m0.7384[0m,                 val_F1 Score: [4;35m0.7448[0m
æ ‡ç­¾é‡Œ1çš„ä¸ªæ•°:  430
æ ‡ç­¾é‡Œ0çš„ä¸ªæ•°:  430
æ€»æ•°:  860
æ­£ç¡®çš„ä¸ªæ•°:  652
Epoch [31/100], V_AUC: [4m0.7532[0m
Epoch [32/100], Loss: 26.9408
train_Accuracy: [91m0.9240[0m
train_Precision: [4;34m0.9141[0m,               train_Recall: [4;33m0.9387[0m,                 train_F1 Score: [4;35m0.9234[0m
æ ‡ç­¾é‡Œ1çš„ä¸ªæ•°:  2150
æ ‡ç­¾é‡Œ0çš„ä¸ªæ•°:  2150
æ€»æ•°:  4300
æ­£ç¡®çš„ä¸ªæ•°:  3973
æœ€åä¸€ä¸ªæ‰¹æ¬¡çš„è¾“å‡º, ä¸æ»¡batchsizeæ˜¯æ­£å¸¸çš„:
 tensor([[9.9762e-01],
        [9.5738e-01],
        [9.9642e-01],
        [2.0707e-02],
        [9.9818e-01],
        [1.9954e-04],
        [2.2787e-02],
        [3.3068e-03],
        [9.9731e-01],
        [9.9760e-01],
        [7.6890e-03],
        [4.4633e-02]], device='cuda:0', grad_fn=<SigmoidBackward0>)
Epoch [32/100], T_AUC: [4m0.9275[0m
Epoch [32/100], Loss: 24.3237
val_Accuracy: [92m0.7616[0m
val_Precision: [4;34m0.7610[0m,               val_Recall: [4;33m0.7552[0m,                 val_F1 Score: [4;35m0.7535[0m
æ ‡ç­¾é‡Œ1çš„ä¸ªæ•°:  430
æ ‡ç­¾é‡Œ0çš„ä¸ªæ•°:  430
æ€»æ•°:  860
æ­£ç¡®çš„ä¸ªæ•°:  655
Epoch [32/100], V_AUC: [4m0.7571[0m
Epoch [33/100], Loss: 25.1383
train_Accuracy: [91m0.9295[0m
train_Precision: [4;34m0.9199[0m,               train_Recall: [4;33m0.9440[0m,                 train_F1 Score: [4;35m0.9292[0m
æ ‡ç­¾é‡Œ1çš„ä¸ªæ•°:  2150
æ ‡ç­¾é‡Œ0çš„ä¸ªæ•°:  2150
æ€»æ•°:  4300
æ­£ç¡®çš„ä¸ªæ•°:  3997
æœ€åä¸€ä¸ªæ‰¹æ¬¡çš„è¾“å‡º, ä¸æ»¡batchsizeæ˜¯æ­£å¸¸çš„:
 tensor([[9.9977e-01],
        [9.1447e-01],
        [9.9488e-01],
        [3.4694e-02],
        [9.9927e-01],
        [6.7701e-05],
        [2.6181e-02],
        [5.4890e-03],
        [9.9734e-01],
        [9.9931e-01],
        [3.0186e-03],
        [5.3969e-03]], device='cuda:0', grad_fn=<SigmoidBackward0>)
Epoch [33/100], T_AUC: [4m0.9328[0m
Epoch [33/100], Loss: 24.6799
val_Accuracy: [92m0.7570[0m
val_Precision: [4;34m0.7462[0m,               val_Recall: [4;33m0.7639[0m,                 val_F1 Score: [4;35m0.7498[0m
æ ‡ç­¾é‡Œ1çš„ä¸ªæ•°:  430
æ ‡ç­¾é‡Œ0çš„ä¸ªæ•°:  430
æ€»æ•°:  860
æ­£ç¡®çš„ä¸ªæ•°:  651
Epoch [33/100], V_AUC: [4m0.7528[0m
Epoch [34/100], Loss: 23.6674
train_Accuracy: [91m0.9328[0m
train_Precision: [4;34m0.9247[0m,               train_Recall: [4;33m0.9441[0m,                 train_F1 Score: [4;35m0.9320[0m
æ ‡ç­¾é‡Œ1çš„ä¸ªæ•°:  2150
æ ‡ç­¾é‡Œ0çš„ä¸ªæ•°:  2150
æ€»æ•°:  4300
æ­£ç¡®çš„ä¸ªæ•°:  4011
æœ€åä¸€ä¸ªæ‰¹æ¬¡çš„è¾“å‡º, ä¸æ»¡batchsizeæ˜¯æ­£å¸¸çš„:
 tensor([[9.9990e-01],
        [9.1916e-01],
        [9.9808e-01],
        [3.6812e-02],
        [9.9941e-01],
        [1.0482e-04],
        [1.7713e-02],
        [4.7074e-03],
        [9.9766e-01],
        [9.9738e-01],
        [1.8041e-03],
        [6.9157e-03]], device='cuda:0', grad_fn=<SigmoidBackward0>)
Epoch [34/100], T_AUC: [4m0.9361[0m
Epoch [34/100], Loss: 25.4222
val_Accuracy: [92m0.7616[0m
val_Precision: [4;34m0.7563[0m,               val_Recall: [4;33m0.7613[0m,                 val_F1 Score: [4;35m0.7534[0m
æ ‡ç­¾é‡Œ1çš„ä¸ªæ•°:  430
æ ‡ç­¾é‡Œ0çš„ä¸ªæ•°:  430
æ€»æ•°:  860
æ­£ç¡®çš„ä¸ªæ•°:  655
Epoch [34/100], V_AUC: [4m0.7573[0m
Epoch [35/100], Loss: 24.4372
train_Accuracy: [91m0.9267[0m
train_Precision: [4;34m0.9150[0m,               train_Recall: [4;33m0.9443[0m,                 train_F1 Score: [4;35m0.9268[0m
æ ‡ç­¾é‡Œ1çš„ä¸ªæ•°:  2150
æ ‡ç­¾é‡Œ0çš„ä¸ªæ•°:  2150
æ€»æ•°:  4300
æ­£ç¡®çš„ä¸ªæ•°:  3985
æœ€åä¸€ä¸ªæ‰¹æ¬¡çš„è¾“å‡º, ä¸æ»¡batchsizeæ˜¯æ­£å¸¸çš„:
 tensor([[9.9988e-01],
        [9.7223e-01],
        [9.9722e-01],
        [2.0627e-02],
        [9.9985e-01],
        [5.7129e-05],
        [4.2643e-03],
        [1.2202e-02],
        [9.9429e-01],
        [9.9934e-01],
        [5.6209e-03],
        [1.4412e-03]], device='cuda:0', grad_fn=<SigmoidBackward0>)
Epoch [35/100], T_AUC: [4m0.9298[0m
Epoch [35/100], Loss: 25.7244
val_Accuracy: [92m0.7663[0m
val_Precision: [4;34m0.7670[0m,               val_Recall: [4;33m0.7574[0m,                 val_F1 Score: [4;35m0.7574[0m
æ ‡ç­¾é‡Œ1çš„ä¸ªæ•°:  430
æ ‡ç­¾é‡Œ0çš„ä¸ªæ•°:  430
æ€»æ•°:  860
æ­£ç¡®çš„ä¸ªæ•°:  659
Epoch [35/100], V_AUC: [4m0.7642[0m
Epoch [36/100], Loss: 25.0833
train_Accuracy: [91m0.9249[0m
train_Precision: [4;34m0.9104[0m,               train_Recall: [4;33m0.9449[0m,                 train_F1 Score: [4;35m0.9246[0m
æ ‡ç­¾é‡Œ1çš„ä¸ªæ•°:  2150
æ ‡ç­¾é‡Œ0çš„ä¸ªæ•°:  2150
æ€»æ•°:  4300
æ­£ç¡®çš„ä¸ªæ•°:  3977
æœ€åä¸€ä¸ªæ‰¹æ¬¡çš„è¾“å‡º, ä¸æ»¡batchsizeæ˜¯æ­£å¸¸çš„:
 tensor([[9.9872e-01],
        [9.7193e-01],
        [9.9605e-01],
        [2.7241e-02],
        [9.9905e-01],
        [2.0921e-04],
        [9.7658e-02],
        [3.3248e-03],
        [9.9402e-01],
        [9.9915e-01],
        [1.3206e-03],
        [1.2291e-02]], device='cuda:0', grad_fn=<SigmoidBackward0>)
Epoch [36/100], T_AUC: [4m0.9283[0m
Epoch [36/100], Loss: 31.1805
val_Accuracy: [92m0.7605[0m
val_Precision: [4;34m0.7494[0m,               val_Recall: [4;33m0.7775[0m,                 val_F1 Score: [4;35m0.7583[0m
æ ‡ç­¾é‡Œ1çš„ä¸ªæ•°:  430
æ ‡ç­¾é‡Œ0çš„ä¸ªæ•°:  430
æ€»æ•°:  860
æ­£ç¡®çš„ä¸ªæ•°:  654
Epoch [36/100], V_AUC: [4m0.7569[0m
Epoch [37/100], Loss: 24.1678
train_Accuracy: [91m0.9314[0m
train_Precision: [4;34m0.9191[0m,               train_Recall: [4;33m0.9479[0m,                 train_F1 Score: [4;35m0.9305[0m
æ ‡ç­¾é‡Œ1çš„ä¸ªæ•°:  2150
æ ‡ç­¾é‡Œ0çš„ä¸ªæ•°:  2150
æ€»æ•°:  4300
æ­£ç¡®çš„ä¸ªæ•°:  4005
æœ€åä¸€ä¸ªæ‰¹æ¬¡çš„è¾“å‡º, ä¸æ»¡batchsizeæ˜¯æ­£å¸¸çš„:
 tensor([[9.9967e-01],
        [9.9185e-01],
        [9.9981e-01],
        [3.4067e-02],
        [9.9943e-01],
        [1.4204e-05],
        [8.5458e-03],
        [1.4353e-02],
        [9.9547e-01],
        [9.9703e-01],
        [1.6102e-03],
        [1.4428e-03]], device='cuda:0', grad_fn=<SigmoidBackward0>)
Epoch [37/100], T_AUC: [4m0.9338[0m
Epoch [37/100], Loss: 27.3846
val_Accuracy: [92m0.7651[0m
val_Precision: [4;34m0.7584[0m,               val_Recall: [4;33m0.7645[0m,                 val_F1 Score: [4;35m0.7570[0m
æ ‡ç­¾é‡Œ1çš„ä¸ªæ•°:  430
æ ‡ç­¾é‡Œ0çš„ä¸ªæ•°:  430
æ€»æ•°:  860
æ­£ç¡®çš„ä¸ªæ•°:  658
Epoch [37/100], V_AUC: [4m0.7608[0m
Epoch [38/100], Loss: 21.6107
train_Accuracy: [91m0.9419[0m
train_Precision: [4;34m0.9321[0m,               train_Recall: [4;33m0.9552[0m,                 train_F1 Score: [4;35m0.9415[0m
æ ‡ç­¾é‡Œ1çš„ä¸ªæ•°:  2150
æ ‡ç­¾é‡Œ0çš„ä¸ªæ•°:  2150
æ€»æ•°:  4300
æ­£ç¡®çš„ä¸ªæ•°:  4050
æœ€åä¸€ä¸ªæ‰¹æ¬¡çš„è¾“å‡º, ä¸æ»¡batchsizeæ˜¯æ­£å¸¸çš„:
 tensor([[9.9948e-01],
        [8.8322e-01],
        [9.9923e-01],
        [2.3599e-02],
        [9.9946e-01],
        [1.3043e-05],
        [4.1407e-03],
        [5.8135e-02],
        [9.9941e-01],
        [9.9817e-01],
        [6.0250e-03],
        [4.3527e-03]], device='cuda:0', grad_fn=<SigmoidBackward0>)
Epoch [38/100], T_AUC: [4m0.9438[0m
Epoch [38/100], Loss: 27.5593
val_Accuracy: [92m0.7558[0m
val_Precision: [4;34m0.7399[0m,               val_Recall: [4;33m0.7820[0m,                 val_F1 Score: [4;35m0.7560[0m
æ ‡ç­¾é‡Œ1çš„ä¸ªæ•°:  430
æ ‡ç­¾é‡Œ0çš„ä¸ªæ•°:  430
æ€»æ•°:  860
æ­£ç¡®çš„ä¸ªæ•°:  650
Epoch [38/100], V_AUC: [4m0.7542[0m
Epoch [39/100], Loss: 19.5049
train_Accuracy: [91m0.9467[0m
train_Precision: [4;34m0.9370[0m,               train_Recall: [4;33m0.9600[0m,                 train_F1 Score: [4;35m0.9461[0m
æ ‡ç­¾é‡Œ1çš„ä¸ªæ•°:  2150
æ ‡ç­¾é‡Œ0çš„ä¸ªæ•°:  2150
æ€»æ•°:  4300
æ­£ç¡®çš„ä¸ªæ•°:  4071
æœ€åä¸€ä¸ªæ‰¹æ¬¡çš„è¾“å‡º, ä¸æ»¡batchsizeæ˜¯æ­£å¸¸çš„:
 tensor([[9.9990e-01],
        [9.8193e-01],
        [9.9952e-01],
        [8.4689e-03],
        [9.9981e-01],
        [3.5620e-05],
        [2.6428e-03],
        [6.3882e-03],
        [9.9985e-01],
        [9.9852e-01],
        [1.4984e-04],
        [1.7814e-03]], device='cuda:0', grad_fn=<SigmoidBackward0>)
Epoch [39/100], T_AUC: [4m0.9500[0m
Epoch [39/100], Loss: 32.0216
val_Accuracy: [92m0.7558[0m
val_Precision: [4;34m0.7467[0m,               val_Recall: [4;33m0.7631[0m,                 val_F1 Score: [4;35m0.7499[0m
æ ‡ç­¾é‡Œ1çš„ä¸ªæ•°:  430
æ ‡ç­¾é‡Œ0çš„ä¸ªæ•°:  430
æ€»æ•°:  860
æ­£ç¡®çš„ä¸ªæ•°:  650
Epoch [39/100], V_AUC: [4m0.7527[0m
Epoch [40/100], Loss: 18.2999
train_Accuracy: [91m0.9495[0m
train_Precision: [4;34m0.9396[0m,               train_Recall: [4;33m0.9613[0m,                 train_F1 Score: [4;35m0.9484[0m
æ ‡ç­¾é‡Œ1çš„ä¸ªæ•°:  2150
æ ‡ç­¾é‡Œ0çš„ä¸ªæ•°:  2150
æ€»æ•°:  4300
æ­£ç¡®çš„ä¸ªæ•°:  4083
æœ€åä¸€ä¸ªæ‰¹æ¬¡çš„è¾“å‡º, ä¸æ»¡batchsizeæ˜¯æ­£å¸¸çš„:
 tensor([[9.9971e-01],
        [9.8131e-01],
        [9.9908e-01],
        [4.9994e-03],
        [9.9994e-01],
        [1.9507e-05],
        [6.3791e-03],
        [1.6204e-02],
        [9.9988e-01],
        [9.9832e-01],
        [1.7160e-04],
        [3.3379e-03]], device='cuda:0', grad_fn=<SigmoidBackward0>)
Epoch [40/100], T_AUC: [4m0.9521[0m
Epoch [40/100], Loss: 29.3528
val_Accuracy: [92m0.7721[0m
val_Precision: [4;34m0.7736[0m,               val_Recall: [4;33m0.7574[0m,                 val_F1 Score: [4;35m0.7616[0m
æ ‡ç­¾é‡Œ1çš„ä¸ªæ•°:  430
æ ‡ç­¾é‡Œ0çš„ä¸ªæ•°:  430
æ€»æ•°:  860
æ­£ç¡®çš„ä¸ªæ•°:  664
Epoch [40/100], V_AUC: [4m0.7673[0m
Epoch [41/100], Loss: 18.2069
train_Accuracy: [91m0.9507[0m
train_Precision: [4;34m0.9408[0m,               train_Recall: [4;33m0.9637[0m,                 train_F1 Score: [4;35m0.9498[0m
æ ‡ç­¾é‡Œ1çš„ä¸ªæ•°:  2150
æ ‡ç­¾é‡Œ0çš„ä¸ªæ•°:  2150
æ€»æ•°:  4300
æ­£ç¡®çš„ä¸ªæ•°:  4088
æœ€åä¸€ä¸ªæ‰¹æ¬¡çš„è¾“å‡º, ä¸æ»¡batchsizeæ˜¯æ­£å¸¸çš„:
 tensor([[9.9970e-01],
        [9.9694e-01],
        [9.9974e-01],
        [5.5982e-03],
        [9.9993e-01],
        [8.3577e-06],
        [4.0902e-04],
        [1.2880e-02],
        [9.9932e-01],
        [9.9951e-01],
        [3.1788e-05],
        [9.8247e-02]], device='cuda:0', grad_fn=<SigmoidBackward0>)
Epoch [41/100], T_AUC: [4m0.9535[0m
Epoch [41/100], Loss: 36.8007
val_Accuracy: [92m0.7709[0m
val_Precision: [4;34m0.7718[0m,               val_Recall: [4;33m0.7608[0m,                 val_F1 Score: [4;35m0.7615[0m
æ ‡ç­¾é‡Œ1çš„ä¸ªæ•°:  430
æ ‡ç­¾é‡Œ0çš„ä¸ªæ•°:  430
æ€»æ•°:  860
æ­£ç¡®çš„ä¸ªæ•°:  663
Epoch [41/100], V_AUC: [4m0.7682[0m
Epoch [42/100], Loss: 17.6545
train_Accuracy: [91m0.9514[0m
train_Precision: [4;34m0.9404[0m,               train_Recall: [4;33m0.9645[0m,                 train_F1 Score: [4;35m0.9503[0m
æ ‡ç­¾é‡Œ1çš„ä¸ªæ•°:  2150
æ ‡ç­¾é‡Œ0çš„ä¸ªæ•°:  2150
æ€»æ•°:  4300
æ­£ç¡®çš„ä¸ªæ•°:  4091
æœ€åä¸€ä¸ªæ‰¹æ¬¡çš„è¾“å‡º, ä¸æ»¡batchsizeæ˜¯æ­£å¸¸çš„:
 tensor([[9.9993e-01],
        [9.6772e-01],
        [9.9688e-01],
        [8.2915e-03],
        [1.0000e+00],
        [2.6022e-06],
        [5.8394e-04],
        [4.2012e-02],
        [9.9990e-01],
        [9.9854e-01],
        [1.7252e-05],
        [6.5100e-02]], device='cuda:0', grad_fn=<SigmoidBackward0>)
Epoch [42/100], T_AUC: [4m0.9536[0m
Epoch [42/100], Loss: 32.3048
val_Accuracy: [92m0.7256[0m
val_Precision: [4;34m0.7206[0m,               val_Recall: [4;33m0.7216[0m,                 val_F1 Score: [4;35m0.7159[0m
æ ‡ç­¾é‡Œ1çš„ä¸ªæ•°:  430
æ ‡ç­¾é‡Œ0çš„ä¸ªæ•°:  430
æ€»æ•°:  860
æ­£ç¡®çš„ä¸ªæ•°:  624
Epoch [42/100], V_AUC: [4m0.7236[0m
Epoch [43/100], Loss: 18.5644
train_Accuracy: [91m0.9498[0m
train_Precision: [4;34m0.9391[0m,               train_Recall: [4;33m0.9629[0m,                 train_F1 Score: [4;35m0.9487[0m
æ ‡ç­¾é‡Œ1çš„ä¸ªæ•°:  2150
æ ‡ç­¾é‡Œ0çš„ä¸ªæ•°:  2150
æ€»æ•°:  4300
æ­£ç¡®çš„ä¸ªæ•°:  4084
æœ€åä¸€ä¸ªæ‰¹æ¬¡çš„è¾“å‡º, ä¸æ»¡batchsizeæ˜¯æ­£å¸¸çš„:
 tensor([[9.9910e-01],
        [9.9451e-01],
        [9.9984e-01],
        [9.7980e-03],
        [9.9998e-01],
        [1.0618e-05],
        [1.7028e-03],
        [6.8317e-03],
        [9.9916e-01],
        [9.9917e-01],
        [8.5489e-05],
        [3.3142e-02]], device='cuda:0', grad_fn=<SigmoidBackward0>)
Epoch [43/100], T_AUC: [4m0.9522[0m
Epoch [43/100], Loss: 35.1945
val_Accuracy: [92m0.7384[0m
val_Precision: [4;34m0.7235[0m,               val_Recall: [4;33m0.7574[0m,                 val_F1 Score: [4;35m0.7355[0m
æ ‡ç­¾é‡Œ1çš„ä¸ªæ•°:  430
æ ‡ç­¾é‡Œ0çš„ä¸ªæ•°:  430
æ€»æ•°:  860
æ­£ç¡®çš„ä¸ªæ•°:  635
Epoch [43/100], V_AUC: [4m0.7341[0m
Epoch [44/100], Loss: 20.1693
train_Accuracy: [91m0.9405[0m
train_Precision: [4;34m0.9314[0m,               train_Recall: [4;33m0.9549[0m,                 train_F1 Score: [4;35m0.9404[0m
æ ‡ç­¾é‡Œ1çš„ä¸ªæ•°:  2150
æ ‡ç­¾é‡Œ0çš„ä¸ªæ•°:  2150
æ€»æ•°:  4300
æ­£ç¡®çš„ä¸ªæ•°:  4044
æœ€åä¸€ä¸ªæ‰¹æ¬¡çš„è¾“å‡º, ä¸æ»¡batchsizeæ˜¯æ­£å¸¸çš„:
 tensor([[9.9993e-01],
        [9.7771e-01],
        [9.9870e-01],
        [3.7802e-03],
        [9.9998e-01],
        [3.5559e-05],
        [7.8344e-03],
        [2.1188e-03],
        [9.9994e-01],
        [9.9968e-01],
        [2.2430e-04],
        [1.4873e-04]], device='cuda:0', grad_fn=<SigmoidBackward0>)
Epoch [44/100], T_AUC: [4m0.9433[0m
Epoch [44/100], Loss: 34.3291
val_Accuracy: [92m0.7547[0m
val_Precision: [4;34m0.7412[0m,               val_Recall: [4;33m0.7818[0m,                 val_F1 Score: [4;35m0.7555[0m
æ ‡ç­¾é‡Œ1çš„ä¸ªæ•°:  430
æ ‡ç­¾é‡Œ0çš„ä¸ªæ•°:  430
æ€»æ•°:  860
æ­£ç¡®çš„ä¸ªæ•°:  649
Epoch [44/100], V_AUC: [4m0.7534[0m
Epoch [45/100], Loss: 19.9506
train_Accuracy: [91m0.9460[0m
train_Precision: [4;34m0.9335[0m,               train_Recall: [4;33m0.9624[0m,                 train_F1 Score: [4;35m0.9456[0m
æ ‡ç­¾é‡Œ1çš„ä¸ªæ•°:  2150
æ ‡ç­¾é‡Œ0çš„ä¸ªæ•°:  2150
æ€»æ•°:  4300
æ­£ç¡®çš„ä¸ªæ•°:  4068
æœ€åä¸€ä¸ªæ‰¹æ¬¡çš„è¾“å‡º, ä¸æ»¡batchsizeæ˜¯æ­£å¸¸çš„:
 tensor([[9.9758e-01],
        [9.9053e-01],
        [9.9936e-01],
        [4.0422e-02],
        [9.9983e-01],
        [1.4942e-04],
        [1.0173e-03],
        [1.3454e-02],
        [9.9987e-01],
        [9.9985e-01],
        [1.6646e-05],
        [4.1426e-03]], device='cuda:0', grad_fn=<SigmoidBackward0>)
Epoch [45/100], T_AUC: [4m0.9484[0m
Epoch [45/100], Loss: 35.4461
val_Accuracy: [92m0.7535[0m
val_Precision: [4;34m0.7496[0m,               val_Recall: [4;33m0.7513[0m,                 val_F1 Score: [4;35m0.7456[0m
æ ‡ç­¾é‡Œ1çš„ä¸ªæ•°:  430
æ ‡ç­¾é‡Œ0çš„ä¸ªæ•°:  430
æ€»æ•°:  860
æ­£ç¡®çš„ä¸ªæ•°:  648
Epoch [45/100], V_AUC: [4m0.7512[0m
Epoch [46/100], Loss: 16.2460
train_Accuracy: [91m0.9553[0m
train_Precision: [4;34m0.9467[0m,               train_Recall: [4;33m0.9661[0m,                 train_F1 Score: [4;35m0.9543[0m
æ ‡ç­¾é‡Œ1çš„ä¸ªæ•°:  2150
æ ‡ç­¾é‡Œ0çš„ä¸ªæ•°:  2150
æ€»æ•°:  4300
æ­£ç¡®çš„ä¸ªæ•°:  4108
æœ€åä¸€ä¸ªæ‰¹æ¬¡çš„è¾“å‡º, ä¸æ»¡batchsizeæ˜¯æ­£å¸¸çš„:
 tensor([[9.9978e-01],
        [9.8535e-01],
        [9.9705e-01],
        [1.4794e-02],
        [9.9999e-01],
        [1.0224e-05],
        [3.5520e-03],
        [3.6397e-02],
        [9.9990e-01],
        [9.9989e-01],
        [1.1207e-05],
        [3.4307e-03]], device='cuda:0', grad_fn=<SigmoidBackward0>)
Epoch [46/100], T_AUC: [4m0.9577[0m
Epoch [46/100], Loss: 33.8366
val_Accuracy: [92m0.7488[0m
val_Precision: [4;34m0.7392[0m,               val_Recall: [4;33m0.7613[0m,                 val_F1 Score: [4;35m0.7444[0m
æ ‡ç­¾é‡Œ1çš„ä¸ªæ•°:  430
æ ‡ç­¾é‡Œ0çš„ä¸ªæ•°:  430
æ€»æ•°:  860
æ­£ç¡®çš„ä¸ªæ•°:  644
Epoch [46/100], V_AUC: [4m0.7461[0m
Epoch [47/100], Loss: 13.6458
train_Accuracy: [91m0.9656[0m
train_Precision: [4;34m0.9579[0m,               train_Recall: [4;33m0.9750[0m,                 train_F1 Score: [4;35m0.9651[0m
æ ‡ç­¾é‡Œ1çš„ä¸ªæ•°:  2150
æ ‡ç­¾é‡Œ0çš„ä¸ªæ•°:  2150
æ€»æ•°:  4300
æ­£ç¡®çš„ä¸ªæ•°:  4152
æœ€åä¸€ä¸ªæ‰¹æ¬¡çš„è¾“å‡º, ä¸æ»¡batchsizeæ˜¯æ­£å¸¸çš„:
 tensor([[9.9957e-01],
        [9.6971e-01],
        [9.9557e-01],
        [3.2294e-02],
        [9.9999e-01],
        [1.1854e-06],
        [4.7333e-04],
        [2.8994e-02],
        [9.9998e-01],
        [9.9991e-01],
        [9.5537e-06],
        [6.1152e-02]], device='cuda:0', grad_fn=<SigmoidBackward0>)
Epoch [47/100], T_AUC: [4m0.9670[0m
Epoch [47/100], Loss: 37.1347
val_Accuracy: [92m0.7372[0m
val_Precision: [4;34m0.7331[0m,               val_Recall: [4;33m0.7467[0m,                 val_F1 Score: [4;35m0.7346[0m
æ ‡ç­¾é‡Œ1çš„ä¸ªæ•°:  430
æ ‡ç­¾é‡Œ0çš„ä¸ªæ•°:  430
æ€»æ•°:  860
æ­£ç¡®çš„ä¸ªæ•°:  634
Epoch [47/100], V_AUC: [4m0.7371[0m
Epoch [48/100], Loss: 12.7166
train_Accuracy: [91m0.9670[0m
train_Precision: [4;34m0.9591[0m,               train_Recall: [4;33m0.9765[0m,                 train_F1 Score: [4;35m0.9662[0m
æ ‡ç­¾é‡Œ1çš„ä¸ªæ•°:  2150
æ ‡ç­¾é‡Œ0çš„ä¸ªæ•°:  2150
æ€»æ•°:  4300
æ­£ç¡®çš„ä¸ªæ•°:  4158
æœ€åä¸€ä¸ªæ‰¹æ¬¡çš„è¾“å‡º, ä¸æ»¡batchsizeæ˜¯æ­£å¸¸çš„:
 tensor([[9.9972e-01],
        [9.9841e-01],
        [9.9470e-01],
        [2.7052e-03],
        [1.0000e+00],
        [5.4317e-07],
        [1.6878e-02],
        [2.9681e-04],
        [9.9915e-01],
        [9.9998e-01],
        [3.8197e-05],
        [5.4445e-02]], device='cuda:0', grad_fn=<SigmoidBackward0>)
Epoch [48/100], T_AUC: [4m0.9690[0m
Epoch [48/100], Loss: 35.0443
val_Accuracy: [92m0.7326[0m
val_Precision: [4;34m0.7260[0m,               val_Recall: [4;33m0.7361[0m,                 val_F1 Score: [4;35m0.7257[0m
æ ‡ç­¾é‡Œ1çš„ä¸ªæ•°:  430
æ ‡ç­¾é‡Œ0çš„ä¸ªæ•°:  430
æ€»æ•°:  860
æ­£ç¡®çš„ä¸ªæ•°:  630
Epoch [48/100], V_AUC: [4m0.7308[0m
Epoch [49/100], Loss: 12.4101
train_Accuracy: [91m0.9677[0m
train_Precision: [4;34m0.9600[0m,               train_Recall: [4;33m0.9761[0m,                 train_F1 Score: [4;35m0.9667[0m
æ ‡ç­¾é‡Œ1çš„ä¸ªæ•°:  2150
æ ‡ç­¾é‡Œ0çš„ä¸ªæ•°:  2150
æ€»æ•°:  4300
æ­£ç¡®çš„ä¸ªæ•°:  4161
æœ€åä¸€ä¸ªæ‰¹æ¬¡çš„è¾“å‡º, ä¸æ»¡batchsizeæ˜¯æ­£å¸¸çš„:
 tensor([[9.9996e-01],
        [9.9526e-01],
        [9.9866e-01],
        [1.1466e-03],
        [1.0000e+00],
        [2.0924e-07],
        [1.7675e-04],
        [1.3099e-03],
        [9.9907e-01],
        [1.0000e+00],
        [4.1161e-04],
        [8.8635e-03]], device='cuda:0', grad_fn=<SigmoidBackward0>)
Epoch [49/100], T_AUC: [4m0.9692[0m
Epoch [49/100], Loss: 52.7293
val_Accuracy: [92m0.7593[0m
val_Precision: [4;34m0.7569[0m,               val_Recall: [4;33m0.7530[0m,                 val_F1 Score: [4;35m0.7502[0m
æ ‡ç­¾é‡Œ1çš„ä¸ªæ•°:  430
æ ‡ç­¾é‡Œ0çš„ä¸ªæ•°:  430
æ€»æ•°:  860
æ­£ç¡®çš„ä¸ªæ•°:  653
Epoch [49/100], V_AUC: [4m0.7555[0m
Epoch [50/100], Loss: 14.1118
train_Accuracy: [91m0.9591[0m
train_Precision: [4;34m0.9482[0m,               train_Recall: [4;33m0.9719[0m,                 train_F1 Score: [4;35m0.9584[0m
æ ‡ç­¾é‡Œ1çš„ä¸ªæ•°:  2150
æ ‡ç­¾é‡Œ0çš„ä¸ªæ•°:  2150
æ€»æ•°:  4300
æ­£ç¡®çš„ä¸ªæ•°:  4124
æœ€åä¸€ä¸ªæ‰¹æ¬¡çš„è¾“å‡º, ä¸æ»¡batchsizeæ˜¯æ­£å¸¸çš„:
 tensor([[9.9978e-01],
        [9.9473e-01],
        [9.9317e-01],
        [1.2991e-03],
        [1.0000e+00],
        [2.5127e-07],
        [7.3023e-03],
        [2.5107e-03],
        [9.9840e-01],
        [1.0000e+00],
        [1.6146e-04],
        [2.9813e-03]], device='cuda:0', grad_fn=<SigmoidBackward0>)
Epoch [50/100], T_AUC: [4m0.9607[0m
Epoch [50/100], Loss: 40.6676
val_Accuracy: [92m0.7512[0m
val_Precision: [4;34m0.7448[0m,               val_Recall: [4;33m0.7422[0m,                 val_F1 Score: [4;35m0.7391[0m
æ ‡ç­¾é‡Œ1çš„ä¸ªæ•°:  430
æ ‡ç­¾é‡Œ0çš„ä¸ªæ•°:  430
æ€»æ•°:  860
æ­£ç¡®çš„ä¸ªæ•°:  646
Epoch [50/100], V_AUC: [4m0.7465[0m
Epoch [51/100], Loss: 14.0694
train_Accuracy: [91m0.9626[0m
train_Precision: [4;34m0.9537[0m,               train_Recall: [4;33m0.9744[0m,                 train_F1 Score: [4;35m0.9626[0m
æ ‡ç­¾é‡Œ1çš„ä¸ªæ•°:  2150
æ ‡ç­¾é‡Œ0çš„ä¸ªæ•°:  2150
æ€»æ•°:  4300
æ­£ç¡®çš„ä¸ªæ•°:  4139
æœ€åä¸€ä¸ªæ‰¹æ¬¡çš„è¾“å‡º, ä¸æ»¡batchsizeæ˜¯æ­£å¸¸çš„:
 tensor([[9.9996e-01],
        [9.9590e-01],
        [9.9944e-01],
        [4.3506e-03],
        [9.9999e-01],
        [3.7511e-06],
        [3.2133e-04],
        [6.8208e-04],
        [9.9981e-01],
        [9.9995e-01],
        [3.7556e-04],
        [1.0865e-03]], device='cuda:0', grad_fn=<SigmoidBackward0>)
Epoch [51/100], T_AUC: [4m0.9642[0m
Epoch [51/100], Loss: 44.6472
val_Accuracy: [92m0.7523[0m
val_Precision: [4;34m0.7376[0m,               val_Recall: [4;33m0.7826[0m,                 val_F1 Score: [4;35m0.7543[0m
æ ‡ç­¾é‡Œ1çš„ä¸ªæ•°:  430
æ ‡ç­¾é‡Œ0çš„ä¸ªæ•°:  430
æ€»æ•°:  860
æ­£ç¡®çš„ä¸ªæ•°:  647
Epoch [51/100], V_AUC: [4m0.7504[0m
Epoch [52/100], Loss: 12.0291
train_Accuracy: [91m0.9658[0m
train_Precision: [4;34m0.9581[0m,               train_Recall: [4;33m0.9743[0m,                 train_F1 Score: [4;35m0.9649[0m
æ ‡ç­¾é‡Œ1çš„ä¸ªæ•°:  2150
æ ‡ç­¾é‡Œ0çš„ä¸ªæ•°:  2150
æ€»æ•°:  4300
æ­£ç¡®çš„ä¸ªæ•°:  4153
æœ€åä¸€ä¸ªæ‰¹æ¬¡çš„è¾“å‡º, ä¸æ»¡batchsizeæ˜¯æ­£å¸¸çš„:
 tensor([[9.9936e-01],
        [9.9320e-01],
        [9.9972e-01],
        [1.0936e-03],
        [1.0000e+00],
        [1.8388e-06],
        [2.0406e-04],
        [2.4597e-01],
        [9.9965e-01],
        [9.9988e-01],
        [2.5795e-06],
        [8.1943e-03]], device='cuda:0', grad_fn=<SigmoidBackward0>)
Epoch [52/100], T_AUC: [4m0.9674[0m
Epoch [52/100], Loss: 42.9235
val_Accuracy: [92m0.7419[0m
val_Precision: [4;34m0.7401[0m,               val_Recall: [4;33m0.7284[0m,                 val_F1 Score: [4;35m0.7287[0m
æ ‡ç­¾é‡Œ1çš„ä¸ªæ•°:  430
æ ‡ç­¾é‡Œ0çš„ä¸ªæ•°:  430
æ€»æ•°:  860
æ­£ç¡®çš„ä¸ªæ•°:  638
Epoch [52/100], V_AUC: [4m0.7387[0m
Epoch [53/100], Loss: 12.9833
train_Accuracy: [91m0.9614[0m
train_Precision: [4;34m0.9523[0m,               train_Recall: [4;33m0.9719[0m,                 train_F1 Score: [4;35m0.9605[0m
æ ‡ç­¾é‡Œ1çš„ä¸ªæ•°:  2150
æ ‡ç­¾é‡Œ0çš„ä¸ªæ•°:  2150
æ€»æ•°:  4300
æ­£ç¡®çš„ä¸ªæ•°:  4134
æœ€åä¸€ä¸ªæ‰¹æ¬¡çš„è¾“å‡º, ä¸æ»¡batchsizeæ˜¯æ­£å¸¸çš„:
 tensor([[9.9996e-01],
        [9.9936e-01],
        [9.9988e-01],
        [1.3339e-02],
        [1.0000e+00],
        [1.3432e-06],
        [1.2312e-05],
        [9.3717e-04],
        [9.9944e-01],
        [1.0000e+00],
        [1.0120e-05],
        [3.9900e-03]], device='cuda:0', grad_fn=<SigmoidBackward0>)
Epoch [53/100], T_AUC: [4m0.9629[0m
Epoch [53/100], Loss: 44.6978
val_Accuracy: [92m0.7570[0m
val_Precision: [4;34m0.7582[0m,               val_Recall: [4;33m0.7398[0m,                 val_F1 Score: [4;35m0.7451[0m
æ ‡ç­¾é‡Œ1çš„ä¸ªæ•°:  430
æ ‡ç­¾é‡Œ0çš„ä¸ªæ•°:  430
æ€»æ•°:  860
æ­£ç¡®çš„ä¸ªæ•°:  651
Epoch [53/100], V_AUC: [4m0.7533[0m
Epoch [54/100], Loss: 10.5955
train_Accuracy: [91m0.9760[0m
train_Precision: [4;34m0.9711[0m,               train_Recall: [4;33m0.9808[0m,                 train_F1 Score: [4;35m0.9748[0m
æ ‡ç­¾é‡Œ1çš„ä¸ªæ•°:  2150
æ ‡ç­¾é‡Œ0çš„ä¸ªæ•°:  2150
æ€»æ•°:  4300
æ­£ç¡®çš„ä¸ªæ•°:  4197
æœ€åä¸€ä¸ªæ‰¹æ¬¡çš„è¾“å‡º, ä¸æ»¡batchsizeæ˜¯æ­£å¸¸çš„:
 tensor([[9.9999e-01],
        [9.9808e-01],
        [1.0000e+00],
        [9.5829e-03],
        [9.9992e-01],
        [3.0837e-06],
        [7.3843e-06],
        [1.1496e-04],
        [9.9937e-01],
        [9.9995e-01],
        [1.1134e-04],
        [3.1039e-02]], device='cuda:0', grad_fn=<SigmoidBackward0>)
Epoch [54/100], T_AUC: [4m0.9778[0m
Epoch [54/100], Loss: 42.2854
val_Accuracy: [92m0.7477[0m
val_Precision: [4;34m0.7501[0m,               val_Recall: [4;33m0.7316[0m,                 val_F1 Score: [4;35m0.7352[0m
æ ‡ç­¾é‡Œ1çš„ä¸ªæ•°:  430
æ ‡ç­¾é‡Œ0çš„ä¸ªæ•°:  430
æ€»æ•°:  860
æ­£ç¡®çš„ä¸ªæ•°:  643
Epoch [54/100], V_AUC: [4m0.7443[0m
Epoch [55/100], Loss: 9.8802
train_Accuracy: [91m0.9765[0m
train_Precision: [4;34m0.9685[0m,               train_Recall: [4;33m0.9856[0m,                 train_F1 Score: [4;35m0.9761[0m
æ ‡ç­¾é‡Œ1çš„ä¸ªæ•°:  2150
æ ‡ç­¾é‡Œ0çš„ä¸ªæ•°:  2150
æ€»æ•°:  4300
æ­£ç¡®çš„ä¸ªæ•°:  4199
æœ€åä¸€ä¸ªæ‰¹æ¬¡çš„è¾“å‡º, ä¸æ»¡batchsizeæ˜¯æ­£å¸¸çš„:
 tensor([[9.9991e-01],
        [9.9933e-01],
        [1.0000e+00],
        [5.2118e-03],
        [1.0000e+00],
        [3.1529e-06],
        [9.4265e-04],
        [1.8476e-04],
        [9.9848e-01],
        [9.9996e-01],
        [2.7699e-05],
        [8.6334e-04]], device='cuda:0', grad_fn=<SigmoidBackward0>)
Epoch [55/100], T_AUC: [4m0.9780[0m
Epoch [55/100], Loss: 49.6209
val_Accuracy: [92m0.7430[0m
val_Precision: [4;34m0.7350[0m,               val_Recall: [4;33m0.7546[0m,                 val_F1 Score: [4;35m0.7395[0m
æ ‡ç­¾é‡Œ1çš„ä¸ªæ•°:  430
æ ‡ç­¾é‡Œ0çš„ä¸ªæ•°:  430
æ€»æ•°:  860
æ­£ç¡®çš„ä¸ªæ•°:  639
Epoch [55/100], V_AUC: [4m0.7418[0m
Epoch [56/100], Loss: 10.0227
train_Accuracy: [91m0.9726[0m
train_Precision: [4;34m0.9647[0m,               train_Recall: [4;33m0.9824[0m,                 train_F1 Score: [4;35m0.9723[0m
æ ‡ç­¾é‡Œ1çš„ä¸ªæ•°:  2150
æ ‡ç­¾é‡Œ0çš„ä¸ªæ•°:  2150
æ€»æ•°:  4300
æ­£ç¡®çš„ä¸ªæ•°:  4182
æœ€åä¸€ä¸ªæ‰¹æ¬¡çš„è¾“å‡º, ä¸æ»¡batchsizeæ˜¯æ­£å¸¸çš„:
 tensor([[9.9998e-01],
        [9.9867e-01],
        [9.9999e-01],
        [2.6065e-03],
        [1.0000e+00],
        [2.6500e-05],
        [1.3933e-05],
        [5.7858e-03],
        [9.5977e-01],
        [9.9996e-01],
        [2.0715e-05],
        [8.7066e-04]], device='cuda:0', grad_fn=<SigmoidBackward0>)
Epoch [56/100], T_AUC: [4m0.9743[0m
Epoch [56/100], Loss: 43.4860
val_Accuracy: [92m0.7453[0m
val_Precision: [4;34m0.7473[0m,               val_Recall: [4;33m0.7360[0m,                 val_F1 Score: [4;35m0.7367[0m
æ ‡ç­¾é‡Œ1çš„ä¸ªæ•°:  430
æ ‡ç­¾é‡Œ0çš„ä¸ªæ•°:  430
æ€»æ•°:  860
æ­£ç¡®çš„ä¸ªæ•°:  641
Epoch [56/100], V_AUC: [4m0.7433[0m
Epoch [57/100], Loss: 9.8269
train_Accuracy: [91m0.9728[0m
train_Precision: [4;34m0.9638[0m,               train_Recall: [4;33m0.9819[0m,                 train_F1 Score: [4;35m0.9716[0m
æ ‡ç­¾é‡Œ1çš„ä¸ªæ•°:  2150
æ ‡ç­¾é‡Œ0çš„ä¸ªæ•°:  2150
æ€»æ•°:  4300
æ­£ç¡®çš„ä¸ªæ•°:  4183
æœ€åä¸€ä¸ªæ‰¹æ¬¡çš„è¾“å‡º, ä¸æ»¡batchsizeæ˜¯æ­£å¸¸çš„:
 tensor([[9.9995e-01],
        [9.9919e-01],
        [9.9998e-01],
        [4.3209e-04],
        [9.9999e-01],
        [1.6981e-04],
        [3.0282e-03],
        [3.8768e-04],
        [9.9892e-01],
        [9.9989e-01],
        [3.1529e-04],
        [5.4711e-05]], device='cuda:0', grad_fn=<SigmoidBackward0>)
Epoch [57/100], T_AUC: [4m0.9749[0m
Epoch [57/100], Loss: 56.4541
val_Accuracy: [92m0.7477[0m
val_Precision: [4;34m0.7431[0m,               val_Recall: [4;33m0.7509[0m,                 val_F1 Score: [4;35m0.7413[0m
æ ‡ç­¾é‡Œ1çš„ä¸ªæ•°:  430
æ ‡ç­¾é‡Œ0çš„ä¸ªæ•°:  430
æ€»æ•°:  860
æ­£ç¡®çš„ä¸ªæ•°:  643
Epoch [57/100], V_AUC: [4m0.7440[0m
Epoch [58/100], Loss: 13.9124
train_Accuracy: [91m0.9595[0m
train_Precision: [4;34m0.9525[0m,               train_Recall: [4;33m0.9694[0m,                 train_F1 Score: [4;35m0.9594[0m
æ ‡ç­¾é‡Œ1çš„ä¸ªæ•°:  2150
æ ‡ç­¾é‡Œ0çš„ä¸ªæ•°:  2150
æ€»æ•°:  4300
æ­£ç¡®çš„ä¸ªæ•°:  4126
æœ€åä¸€ä¸ªæ‰¹æ¬¡çš„è¾“å‡º, ä¸æ»¡batchsizeæ˜¯æ­£å¸¸çš„:
 tensor([[1.0000e+00],
        [9.9906e-01],
        [1.0000e+00],
        [3.0319e-03],
        [1.0000e+00],
        [1.4614e-03],
        [2.1763e-03],
        [2.2083e-06],
        [9.1515e-01],
        [9.9847e-01],
        [3.6766e-04],
        [1.1536e-05]], device='cuda:0', grad_fn=<SigmoidBackward0>)
Epoch [58/100], T_AUC: [4m0.9621[0m
Epoch [58/100], Loss: 63.5929
val_Accuracy: [92m0.7570[0m
val_Precision: [4;34m0.7559[0m,               val_Recall: [4;33m0.7501[0m,                 val_F1 Score: [4;35m0.7479[0m
æ ‡ç­¾é‡Œ1çš„ä¸ªæ•°:  430
æ ‡ç­¾é‡Œ0çš„ä¸ªæ•°:  430
æ€»æ•°:  860
æ­£ç¡®çš„ä¸ªæ•°:  651
Epoch [58/100], V_AUC: [4m0.7542[0m
Epoch [59/100], Loss: 13.4766
train_Accuracy: [91m0.9595[0m
train_Precision: [4;34m0.9503[0m,               train_Recall: [4;33m0.9718[0m,                 train_F1 Score: [4;35m0.9592[0m
æ ‡ç­¾é‡Œ1çš„ä¸ªæ•°:  2150
æ ‡ç­¾é‡Œ0çš„ä¸ªæ•°:  2150
æ€»æ•°:  4300
æ­£ç¡®çš„ä¸ªæ•°:  4126
æœ€åä¸€ä¸ªæ‰¹æ¬¡çš„è¾“å‡º, ä¸æ»¡batchsizeæ˜¯æ­£å¸¸çš„:
 tensor([[9.9997e-01],
        [9.9779e-01],
        [9.9999e-01],
        [9.8007e-04],
        [1.0000e+00],
        [4.3716e-07],
        [2.1728e-03],
        [9.9470e-07],
        [9.9856e-01],
        [9.9999e-01],
        [6.0917e-04],
        [3.5607e-04]], device='cuda:0', grad_fn=<SigmoidBackward0>)
Epoch [59/100], T_AUC: [4m0.9615[0m
Epoch [59/100], Loss: 49.5950
val_Accuracy: [92m0.7500[0m
val_Precision: [4;34m0.7464[0m,               val_Recall: [4;33m0.7511[0m,                 val_F1 Score: [4;35m0.7433[0m
æ ‡ç­¾é‡Œ1çš„ä¸ªæ•°:  430
æ ‡ç­¾é‡Œ0çš„ä¸ªæ•°:  430
æ€»æ•°:  860
æ­£ç¡®çš„ä¸ªæ•°:  645
Epoch [59/100], V_AUC: [4m0.7479[0m
Epoch [60/100], Loss: 8.5740
train_Accuracy: [91m0.9795[0m
train_Precision: [4;34m0.9749[0m,               train_Recall: [4;33m0.9837[0m,                 train_F1 Score: [4;35m0.9784[0m
æ ‡ç­¾é‡Œ1çš„ä¸ªæ•°:  2150
æ ‡ç­¾é‡Œ0çš„ä¸ªæ•°:  2150
æ€»æ•°:  4300
æ­£ç¡®çš„ä¸ªæ•°:  4212
æœ€åä¸€ä¸ªæ‰¹æ¬¡çš„è¾“å‡º, ä¸æ»¡batchsizeæ˜¯æ­£å¸¸çš„:
 tensor([[9.9999e-01],
        [9.9972e-01],
        [9.9992e-01],
        [3.3022e-03],
        [1.0000e+00],
        [7.7617e-05],
        [1.8760e-04],
        [8.0272e-07],
        [9.9026e-01],
        [9.9990e-01],
        [7.0614e-06],
        [2.9300e-03]], device='cuda:0', grad_fn=<SigmoidBackward0>)
Epoch [60/100], T_AUC: [4m0.9810[0m
Epoch [60/100], Loss: 60.7892
val_Accuracy: [92m0.7593[0m
val_Precision: [4;34m0.7671[0m,               val_Recall: [4;33m0.7397[0m,                 val_F1 Score: [4;35m0.7475[0m
æ ‡ç­¾é‡Œ1çš„ä¸ªæ•°:  430
æ ‡ç­¾é‡Œ0çš„ä¸ªæ•°:  430
æ€»æ•°:  860
æ­£ç¡®çš„ä¸ªæ•°:  653
Epoch [60/100], V_AUC: [4m0.7559[0m
Epoch [61/100], Loss: 9.9152
train_Accuracy: [91m0.9770[0m
train_Precision: [4;34m0.9671[0m,               train_Recall: [4;33m0.9869[0m,                 train_F1 Score: [4;35m0.9761[0m
æ ‡ç­¾é‡Œ1çš„ä¸ªæ•°:  2150
æ ‡ç­¾é‡Œ0çš„ä¸ªæ•°:  2150
æ€»æ•°:  4300
æ­£ç¡®çš„ä¸ªæ•°:  4201
æœ€åä¸€ä¸ªæ‰¹æ¬¡çš„è¾“å‡º, ä¸æ»¡batchsizeæ˜¯æ­£å¸¸çš„:
 tensor([[9.9969e-01],
        [9.8925e-01],
        [9.9983e-01],
        [1.3680e-03],
        [1.0000e+00],
        [1.7246e-06],
        [1.4907e-04],
        [4.5626e-04],
        [9.9999e-01],
        [9.9996e-01],
        [1.1537e-04],
        [7.0132e-05]], device='cuda:0', grad_fn=<SigmoidBackward0>)
Epoch [61/100], T_AUC: [4m0.9779[0m
Epoch [61/100], Loss: 56.2087
val_Accuracy: [92m0.7360[0m
val_Precision: [4;34m0.7383[0m,               val_Recall: [4;33m0.7331[0m,                 val_F1 Score: [4;35m0.7288[0m
æ ‡ç­¾é‡Œ1çš„ä¸ªæ•°:  430
æ ‡ç­¾é‡Œ0çš„ä¸ªæ•°:  430
æ€»æ•°:  860
æ­£ç¡®çš„ä¸ªæ•°:  633
Epoch [61/100], V_AUC: [4m0.7336[0m
Epoch [62/100], Loss: 9.2501
train_Accuracy: [91m0.9774[0m
train_Precision: [4;34m0.9721[0m,               train_Recall: [4;33m0.9835[0m,                 train_F1 Score: [4;35m0.9767[0m
æ ‡ç­¾é‡Œ1çš„ä¸ªæ•°:  2150
æ ‡ç­¾é‡Œ0çš„ä¸ªæ•°:  2150
æ€»æ•°:  4300
æ­£ç¡®çš„ä¸ªæ•°:  4203
æœ€åä¸€ä¸ªæ‰¹æ¬¡çš„è¾“å‡º, ä¸æ»¡batchsizeæ˜¯æ­£å¸¸çš„:
 tensor([[1.0000e+00],
        [9.8459e-01],
        [9.9971e-01],
        [1.1115e-03],
        [1.0000e+00],
        [2.5250e-06],
        [6.6094e-03],
        [2.5817e-05],
        [9.5706e-01],
        [9.9999e-01],
        [5.8430e-06],
        [1.3668e-03]], device='cuda:0', grad_fn=<SigmoidBackward0>)
Epoch [62/100], T_AUC: [4m0.9788[0m
Epoch [62/100], Loss: 62.8482
val_Accuracy: [92m0.7593[0m
val_Precision: [4;34m0.7594[0m,               val_Recall: [4;33m0.7546[0m,                 val_F1 Score: [4;35m0.7519[0m
æ ‡ç­¾é‡Œ1çš„ä¸ªæ•°:  430
æ ‡ç­¾é‡Œ0çš„ä¸ªæ•°:  430
æ€»æ•°:  860
æ­£ç¡®çš„ä¸ªæ•°:  653
Epoch [62/100], V_AUC: [4m0.7572[0m
Epoch [63/100], Loss: 5.6924
train_Accuracy: [91m0.9891[0m
train_Precision: [4;34m0.9854[0m,               train_Recall: [4;33m0.9924[0m,                 train_F1 Score: [4;35m0.9885[0m
æ ‡ç­¾é‡Œ1çš„ä¸ªæ•°:  2150
æ ‡ç­¾é‡Œ0çš„ä¸ªæ•°:  2150
æ€»æ•°:  4300
æ­£ç¡®çš„ä¸ªæ•°:  4253
æœ€åä¸€ä¸ªæ‰¹æ¬¡çš„è¾“å‡º, ä¸æ»¡batchsizeæ˜¯æ­£å¸¸çš„:
 tensor([[9.9999e-01],
        [9.9672e-01],
        [9.9999e-01],
        [4.6055e-03],
        [1.0000e+00],
        [4.0508e-07],
        [1.4256e-03],
        [1.2048e-05],
        [9.9980e-01],
        [9.9994e-01],
        [1.6065e-06],
        [1.2357e-02]], device='cuda:0', grad_fn=<SigmoidBackward0>)
Epoch [63/100], T_AUC: [4m0.9896[0m
Epoch [63/100], Loss: 57.6466
val_Accuracy: [92m0.7570[0m
val_Precision: [4;34m0.7570[0m,               val_Recall: [4;33m0.7455[0m,                 val_F1 Score: [4;35m0.7464[0m
æ ‡ç­¾é‡Œ1çš„ä¸ªæ•°:  430
æ ‡ç­¾é‡Œ0çš„ä¸ªæ•°:  430
æ€»æ•°:  860
æ­£ç¡®çš„ä¸ªæ•°:  651
Epoch [63/100], V_AUC: [4m0.7542[0m
Epoch [64/100], Loss: 5.2289
train_Accuracy: [91m0.9881[0m
train_Precision: [4;34m0.9826[0m,               train_Recall: [4;33m0.9926[0m,                 train_F1 Score: [4;35m0.9871[0m
æ ‡ç­¾é‡Œ1çš„ä¸ªæ•°:  2150
æ ‡ç­¾é‡Œ0çš„ä¸ªæ•°:  2150
æ€»æ•°:  4300
æ­£ç¡®çš„ä¸ªæ•°:  4249
æœ€åä¸€ä¸ªæ‰¹æ¬¡çš„è¾“å‡º, ä¸æ»¡batchsizeæ˜¯æ­£å¸¸çš„:
 tensor([[1.0000e+00],
        [9.9596e-01],
        [9.9999e-01],
        [2.2956e-03],
        [1.0000e+00],
        [7.7366e-07],
        [2.6733e-04],
        [1.2870e-06],
        [9.9991e-01],
        [1.0000e+00],
        [1.1095e-06],
        [2.7965e-03]], device='cuda:0', grad_fn=<SigmoidBackward0>)
Epoch [64/100], T_AUC: [4m0.9886[0m
Epoch [64/100], Loss: 67.6191
val_Accuracy: [92m0.7628[0m
val_Precision: [4;34m0.7704[0m,               val_Recall: [4;33m0.7400[0m,                 val_F1 Score: [4;35m0.7506[0m
æ ‡ç­¾é‡Œ1çš„ä¸ªæ•°:  430
æ ‡ç­¾é‡Œ0çš„ä¸ªæ•°:  430
æ€»æ•°:  860
æ­£ç¡®çš„ä¸ªæ•°:  656
Epoch [64/100], V_AUC: [4m0.7595[0m
Epoch [65/100], Loss: 4.6462
train_Accuracy: [91m0.9930[0m
train_Precision: [4;34m0.9897[0m,               train_Recall: [4;33m0.9960[0m,                 train_F1 Score: [4;35m0.9926[0m
æ ‡ç­¾é‡Œ1çš„ä¸ªæ•°:  2150
æ ‡ç­¾é‡Œ0çš„ä¸ªæ•°:  2150
æ€»æ•°:  4300
æ­£ç¡®çš„ä¸ªæ•°:  4270
æœ€åä¸€ä¸ªæ‰¹æ¬¡çš„è¾“å‡º, ä¸æ»¡batchsizeæ˜¯æ­£å¸¸çš„:
 tensor([[1.0000e+00],
        [9.9658e-01],
        [1.0000e+00],
        [9.6511e-04],
        [1.0000e+00],
        [2.5735e-07],
        [7.8305e-04],
        [2.5495e-07],
        [9.9968e-01],
        [9.9947e-01],
        [3.4010e-05],
        [1.2682e-03]], device='cuda:0', grad_fn=<SigmoidBackward0>)
Epoch [65/100], T_AUC: [4m0.9933[0m
Epoch [65/100], Loss: 75.9004
val_Accuracy: [92m0.7570[0m
val_Precision: [4;34m0.7582[0m,               val_Recall: [4;33m0.7385[0m,                 val_F1 Score: [4;35m0.7435[0m
æ ‡ç­¾é‡Œ1çš„ä¸ªæ•°:  430
æ ‡ç­¾é‡Œ0çš„ä¸ªæ•°:  430
æ€»æ•°:  860
æ­£ç¡®çš„ä¸ªæ•°:  651
Epoch [65/100], V_AUC: [4m0.7535[0m
Epoch [66/100], Loss: 4.6363
train_Accuracy: [91m0.9914[0m
train_Precision: [4;34m0.9871[0m,               train_Recall: [4;33m0.9957[0m,                 train_F1 Score: [4;35m0.9911[0m
æ ‡ç­¾é‡Œ1çš„ä¸ªæ•°:  2150
æ ‡ç­¾é‡Œ0çš„ä¸ªæ•°:  2150
æ€»æ•°:  4300
æ­£ç¡®çš„ä¸ªæ•°:  4263
æœ€åä¸€ä¸ªæ‰¹æ¬¡çš„è¾“å‡º, ä¸æ»¡batchsizeæ˜¯æ­£å¸¸çš„:
 tensor([[1.0000e+00],
        [9.9484e-01],
        [1.0000e+00],
        [3.2345e-04],
        [1.0000e+00],
        [3.4906e-06],
        [1.9327e-04],
        [1.0061e-06],
        [9.9990e-01],
        [9.9942e-01],
        [8.9862e-06],
        [2.2934e-03]], device='cuda:0', grad_fn=<SigmoidBackward0>)
Epoch [66/100], T_AUC: [4m0.9917[0m
Epoch [66/100], Loss: 69.5372
val_Accuracy: [92m0.7593[0m
val_Precision: [4;34m0.7662[0m,               val_Recall: [4;33m0.7405[0m,                 val_F1 Score: [4;35m0.7477[0m
æ ‡ç­¾é‡Œ1çš„ä¸ªæ•°:  430
æ ‡ç­¾é‡Œ0çš„ä¸ªæ•°:  430
æ€»æ•°:  860
æ­£ç¡®çš„ä¸ªæ•°:  653
Epoch [66/100], V_AUC: [4m0.7564[0m
Epoch [67/100], Loss: 4.6062
train_Accuracy: [91m0.9891[0m
train_Precision: [4;34m0.9842[0m,               train_Recall: [4;33m0.9943[0m,                 train_F1 Score: [4;35m0.9888[0m
æ ‡ç­¾é‡Œ1çš„ä¸ªæ•°:  2150
æ ‡ç­¾é‡Œ0çš„ä¸ªæ•°:  2150
æ€»æ•°:  4300
æ­£ç¡®çš„ä¸ªæ•°:  4253
æœ€åä¸€ä¸ªæ‰¹æ¬¡çš„è¾“å‡º, ä¸æ»¡batchsizeæ˜¯æ­£å¸¸çš„:
 tensor([[1.0000e+00],
        [9.9616e-01],
        [1.0000e+00],
        [1.0865e-03],
        [1.0000e+00],
        [2.3226e-08],
        [1.1913e-04],
        [4.9791e-08],
        [9.9997e-01],
        [9.9979e-01],
        [1.4819e-06],
        [5.3415e-02]], device='cuda:0', grad_fn=<SigmoidBackward0>)
Epoch [67/100], T_AUC: [4m0.9898[0m
Epoch [67/100], Loss: 76.0985
val_Accuracy: [92m0.7581[0m
val_Precision: [4;34m0.7643[0m,               val_Recall: [4;33m0.7343[0m,                 val_F1 Score: [4;35m0.7434[0m
æ ‡ç­¾é‡Œ1çš„ä¸ªæ•°:  430
æ ‡ç­¾é‡Œ0çš„ä¸ªæ•°:  430
æ€»æ•°:  860
æ­£ç¡®çš„ä¸ªæ•°:  652
Epoch [67/100], V_AUC: [4m0.7517[0m
Epoch [68/100], Loss: 4.2959
train_Accuracy: [91m0.9933[0m
train_Precision: [4;34m0.9906[0m,               train_Recall: [4;33m0.9949[0m,                 train_F1 Score: [4;35m0.9925[0m
æ ‡ç­¾é‡Œ1çš„ä¸ªæ•°:  2150
æ ‡ç­¾é‡Œ0çš„ä¸ªæ•°:  2150
æ€»æ•°:  4300
æ­£ç¡®çš„ä¸ªæ•°:  4271
æœ€åä¸€ä¸ªæ‰¹æ¬¡çš„è¾“å‡º, ä¸æ»¡batchsizeæ˜¯æ­£å¸¸çš„:
 tensor([[1.0000e+00],
        [9.7425e-01],
        [1.0000e+00],
        [1.2548e-04],
        [1.0000e+00],
        [1.0637e-07],
        [3.9656e-06],
        [1.9647e-07],
        [9.9995e-01],
        [9.9998e-01],
        [1.6076e-05],
        [4.8164e-03]], device='cuda:0', grad_fn=<SigmoidBackward0>)
Epoch [68/100], T_AUC: [4m0.9933[0m
Epoch [68/100], Loss: 60.7271
val_Accuracy: [92m0.7512[0m
val_Precision: [4;34m0.7685[0m,               val_Recall: [4;33m0.7116[0m,                 val_F1 Score: [4;35m0.7328[0m
æ ‡ç­¾é‡Œ1çš„ä¸ªæ•°:  430
æ ‡ç­¾é‡Œ0çš„ä¸ªæ•°:  430
æ€»æ•°:  860
æ­£ç¡®çš„ä¸ªæ•°:  646
Epoch [68/100], V_AUC: [4m0.7475[0m
Epoch [69/100], Loss: 10.7637
train_Accuracy: [91m0.9684[0m
train_Precision: [4;34m0.9598[0m,               train_Recall: [4;33m0.9780[0m,                 train_F1 Score: [4;35m0.9677[0m
æ ‡ç­¾é‡Œ1çš„ä¸ªæ•°:  2150
æ ‡ç­¾é‡Œ0çš„ä¸ªæ•°:  2150
æ€»æ•°:  4300
æ­£ç¡®çš„ä¸ªæ•°:  4164
æœ€åä¸€ä¸ªæ‰¹æ¬¡çš„è¾“å‡º, ä¸æ»¡batchsizeæ˜¯æ­£å¸¸çš„:
 tensor([[9.9998e-01],
        [9.9611e-01],
        [1.0000e+00],
        [8.6547e-03],
        [1.0000e+00],
        [3.9301e-09],
        [4.1150e-06],
        [1.1988e-06],
        [9.9997e-01],
        [1.0000e+00],
        [3.2147e-06],
        [2.9057e-04]], device='cuda:0', grad_fn=<SigmoidBackward0>)
Epoch [69/100], T_AUC: [4m0.9696[0m
Epoch [69/100], Loss: 85.5011
val_Accuracy: [92m0.7698[0m
val_Precision: [4;34m0.7588[0m,               val_Recall: [4;33m0.7898[0m,                 val_F1 Score: [4;35m0.7693[0m
æ ‡ç­¾é‡Œ1çš„ä¸ªæ•°:  430
æ ‡ç­¾é‡Œ0çš„ä¸ªæ•°:  430
æ€»æ•°:  860
æ­£ç¡®çš„ä¸ªæ•°:  662
Epoch [69/100], V_AUC: [4m0.7668[0m
Epoch [70/100], Loss: 14.4164
train_Accuracy: [91m0.9572[0m
train_Precision: [4;34m0.9472[0m,               train_Recall: [4;33m0.9688[0m,                 train_F1 Score: [4;35m0.9561[0m
æ ‡ç­¾é‡Œ1çš„ä¸ªæ•°:  2150
æ ‡ç­¾é‡Œ0çš„ä¸ªæ•°:  2150
æ€»æ•°:  4300
æ­£ç¡®çš„ä¸ªæ•°:  4116
æœ€åä¸€ä¸ªæ‰¹æ¬¡çš„è¾“å‡º, ä¸æ»¡batchsizeæ˜¯æ­£å¸¸çš„:
 tensor([[9.4851e-01],
        [9.9997e-01],
        [9.9999e-01],
        [2.0353e-02],
        [1.0000e+00],
        [5.8086e-06],
        [5.0535e-06],
        [2.0963e-02],
        [9.9575e-01],
        [9.9867e-01],
        [2.5391e-04],
        [4.5787e-05]], device='cuda:0', grad_fn=<SigmoidBackward0>)
Epoch [70/100], T_AUC: [4m0.9593[0m
Epoch [70/100], Loss: 60.1516
val_Accuracy: [92m0.7233[0m
val_Precision: [4;34m0.7308[0m,               val_Recall: [4;33m0.6949[0m,                 val_F1 Score: [4;35m0.7069[0m
æ ‡ç­¾é‡Œ1çš„ä¸ªæ•°:  430
æ ‡ç­¾é‡Œ0çš„ä¸ªæ•°:  430
æ€»æ•°:  860
æ­£ç¡®çš„ä¸ªæ•°:  622
Epoch [70/100], V_AUC: [4m0.7194[0m
Epoch [71/100], Loss: 21.4378
train_Accuracy: [91m0.9402[0m
train_Precision: [4;34m0.9300[0m,               train_Recall: [4;33m0.9544[0m,                 train_F1 Score: [4;35m0.9398[0m
æ ‡ç­¾é‡Œ1çš„ä¸ªæ•°:  2150
æ ‡ç­¾é‡Œ0çš„ä¸ªæ•°:  2150
æ€»æ•°:  4300
æ­£ç¡®çš„ä¸ªæ•°:  4043
æœ€åä¸€ä¸ªæ‰¹æ¬¡çš„è¾“å‡º, ä¸æ»¡batchsizeæ˜¯æ­£å¸¸çš„:
 tensor([[9.9999e-01],
        [9.9964e-01],
        [1.0000e+00],
        [1.6887e-02],
        [9.9993e-01],
        [2.6951e-06],
        [1.0275e-05],
        [4.2009e-06],
        [9.8000e-01],
        [1.0000e+00],
        [2.0353e-04],
        [5.6552e-02]], device='cuda:0', grad_fn=<SigmoidBackward0>)
Epoch [71/100], T_AUC: [4m0.9431[0m
Epoch [71/100], Loss: 60.2877
val_Accuracy: [92m0.7593[0m
val_Precision: [4;34m0.7599[0m,               val_Recall: [4;33m0.7397[0m,                 val_F1 Score: [4;35m0.7449[0m
æ ‡ç­¾é‡Œ1çš„ä¸ªæ•°:  430
æ ‡ç­¾é‡Œ0çš„ä¸ªæ•°:  430
æ€»æ•°:  860
æ­£ç¡®çš„ä¸ªæ•°:  653
Epoch [71/100], V_AUC: [4m0.7548[0m
Epoch [72/100], Loss: 13.2942
train_Accuracy: [91m0.9649[0m
train_Precision: [4;34m0.9567[0m,               train_Recall: [4;33m0.9749[0m,                 train_F1 Score: [4;35m0.9643[0m
æ ‡ç­¾é‡Œ1çš„ä¸ªæ•°:  2150
æ ‡ç­¾é‡Œ0çš„ä¸ªæ•°:  2150
æ€»æ•°:  4300
æ­£ç¡®çš„ä¸ªæ•°:  4149
æœ€åä¸€ä¸ªæ‰¹æ¬¡çš„è¾“å‡º, ä¸æ»¡batchsizeæ˜¯æ­£å¸¸çš„:
 tensor([[9.5394e-01],
        [9.9527e-01],
        [1.0000e+00],
        [2.8596e-03],
        [1.0000e+00],
        [1.3351e-06],
        [7.6982e-06],
        [4.7818e-03],
        [1.0000e+00],
        [9.8091e-01],
        [4.1478e-05],
        [1.5462e-04]], device='cuda:0', grad_fn=<SigmoidBackward0>)
Epoch [72/100], T_AUC: [4m0.9670[0m
Epoch [72/100], Loss: 57.1418
val_Accuracy: [92m0.7384[0m
val_Precision: [4;34m0.7466[0m,               val_Recall: [4;33m0.7190[0m,                 val_F1 Score: [4;35m0.7260[0m
æ ‡ç­¾é‡Œ1çš„ä¸ªæ•°:  430
æ ‡ç­¾é‡Œ0çš„ä¸ªæ•°:  430
æ€»æ•°:  860
æ­£ç¡®çš„ä¸ªæ•°:  635
Epoch [72/100], V_AUC: [4m0.7365[0m
Epoch [73/100], Loss: 8.4188
train_Accuracy: [91m0.9779[0m
train_Precision: [4;34m0.9704[0m,               train_Recall: [4;33m0.9850[0m,                 train_F1 Score: [4;35m0.9766[0m
æ ‡ç­¾é‡Œ1çš„ä¸ªæ•°:  2150
æ ‡ç­¾é‡Œ0çš„ä¸ªæ•°:  2150
æ€»æ•°:  4300
æ­£ç¡®çš„ä¸ªæ•°:  4205
æœ€åä¸€ä¸ªæ‰¹æ¬¡çš„è¾“å‡º, ä¸æ»¡batchsizeæ˜¯æ­£å¸¸çš„:
 tensor([[9.9999e-01],
        [9.9063e-01],
        [1.0000e+00],
        [5.5789e-03],
        [1.0000e+00],
        [1.6803e-05],
        [2.8129e-05],
        [2.8208e-06],
        [9.9999e-01],
        [9.9911e-01],
        [2.7240e-05],
        [3.1562e-04]], device='cuda:0', grad_fn=<SigmoidBackward0>)
Epoch [73/100], T_AUC: [4m0.9798[0m
Epoch [73/100], Loss: 68.5379
val_Accuracy: [92m0.7523[0m
val_Precision: [4;34m0.7508[0m,               val_Recall: [4;33m0.7460[0m,                 val_F1 Score: [4;35m0.7437[0m
æ ‡ç­¾é‡Œ1çš„ä¸ªæ•°:  430
æ ‡ç­¾é‡Œ0çš„ä¸ªæ•°:  430
æ€»æ•°:  860
æ­£ç¡®çš„ä¸ªæ•°:  647
Epoch [73/100], V_AUC: [4m0.7483[0m
Epoch [74/100], Loss: 5.0841
train_Accuracy: [91m0.9886[0m
train_Precision: [4;34m0.9836[0m,               train_Recall: [4;33m0.9928[0m,                 train_F1 Score: [4;35m0.9878[0m
æ ‡ç­¾é‡Œ1çš„ä¸ªæ•°:  2150
æ ‡ç­¾é‡Œ0çš„ä¸ªæ•°:  2150
æ€»æ•°:  4300
æ­£ç¡®çš„ä¸ªæ•°:  4251
æœ€åä¸€ä¸ªæ‰¹æ¬¡çš„è¾“å‡º, ä¸æ»¡batchsizeæ˜¯æ­£å¸¸çš„:
 tensor([[9.9999e-01],
        [9.9642e-01],
        [1.0000e+00],
        [1.0253e-03],
        [1.0000e+00],
        [3.8460e-07],
        [2.6001e-06],
        [5.9740e-07],
        [9.9955e-01],
        [9.9999e-01],
        [8.4607e-05],
        [5.3285e-02]], device='cuda:0', grad_fn=<SigmoidBackward0>)
Epoch [74/100], T_AUC: [4m0.9893[0m
Epoch [74/100], Loss: 71.0070
val_Accuracy: [92m0.7547[0m
val_Precision: [4;34m0.7472[0m,               val_Recall: [4;33m0.7572[0m,                 val_F1 Score: [4;35m0.7481[0m
æ ‡ç­¾é‡Œ1çš„ä¸ªæ•°:  430
æ ‡ç­¾é‡Œ0çš„ä¸ªæ•°:  430
æ€»æ•°:  860
æ­£ç¡®çš„ä¸ªæ•°:  649
Epoch [74/100], V_AUC: [4m0.7499[0m
Epoch [75/100], Loss: 3.3889
train_Accuracy: [91m0.9940[0m
train_Precision: [4;34m0.9900[0m,               train_Recall: [4;33m0.9972[0m,                 train_F1 Score: [4;35m0.9933[0m
æ ‡ç­¾é‡Œ1çš„ä¸ªæ•°:  2150
æ ‡ç­¾é‡Œ0çš„ä¸ªæ•°:  2150
æ€»æ•°:  4300
æ­£ç¡®çš„ä¸ªæ•°:  4274
æœ€åä¸€ä¸ªæ‰¹æ¬¡çš„è¾“å‡º, ä¸æ»¡batchsizeæ˜¯æ­£å¸¸çš„:
 tensor([[9.9998e-01],
        [9.9642e-01],
        [1.0000e+00],
        [1.7170e-04],
        [1.0000e+00],
        [6.5967e-07],
        [1.4593e-06],
        [3.7525e-07],
        [9.9991e-01],
        [9.9991e-01],
        [4.1969e-05],
        [6.6242e-02]], device='cuda:0', grad_fn=<SigmoidBackward0>)
Epoch [75/100], T_AUC: [4m0.9943[0m
Epoch [75/100], Loss: 74.9234
val_Accuracy: [92m0.7581[0m
val_Precision: [4;34m0.7555[0m,               val_Recall: [4;33m0.7509[0m,                 val_F1 Score: [4;35m0.7484[0m
æ ‡ç­¾é‡Œ1çš„ä¸ªæ•°:  430
æ ‡ç­¾é‡Œ0çš„ä¸ªæ•°:  430
æ€»æ•°:  860
æ­£ç¡®çš„ä¸ªæ•°:  652
Epoch [75/100], V_AUC: [4m0.7549[0m
Epoch [76/100], Loss: 2.6297
train_Accuracy: [91m0.9956[0m
train_Precision: [4;34m0.9929[0m,               train_Recall: [4;33m0.9980[0m,                 train_F1 Score: [4;35m0.9953[0m
æ ‡ç­¾é‡Œ1çš„ä¸ªæ•°:  2150
æ ‡ç­¾é‡Œ0çš„ä¸ªæ•°:  2150
æ€»æ•°:  4300
æ­£ç¡®çš„ä¸ªæ•°:  4281
æœ€åä¸€ä¸ªæ‰¹æ¬¡çš„è¾“å‡º, ä¸æ»¡batchsizeæ˜¯æ­£å¸¸çš„:
 tensor([[9.9990e-01],
        [9.9559e-01],
        [1.0000e+00],
        [3.8671e-04],
        [1.0000e+00],
        [1.8934e-04],
        [8.6673e-07],
        [7.9599e-07],
        [1.0000e+00],
        [9.9857e-01],
        [7.1150e-05],
        [4.8192e-03]], device='cuda:0', grad_fn=<SigmoidBackward0>)
Epoch [76/100], T_AUC: [4m0.9956[0m
Epoch [76/100], Loss: 70.9456
val_Accuracy: [92m0.7384[0m
val_Precision: [4;34m0.7324[0m,               val_Recall: [4;33m0.7364[0m,                 val_F1 Score: [4;35m0.7299[0m
æ ‡ç­¾é‡Œ1çš„ä¸ªæ•°:  430
æ ‡ç­¾é‡Œ0çš„ä¸ªæ•°:  430
æ€»æ•°:  860
æ­£ç¡®çš„ä¸ªæ•°:  635
Epoch [76/100], V_AUC: [4m0.7348[0m
Epoch [77/100], Loss: 1.9164
train_Accuracy: [91m0.9981[0m
train_Precision: [4;34m0.9974[0m,               train_Recall: [4;33m0.9989[0m,                 train_F1 Score: [4;35m0.9981[0m
æ ‡ç­¾é‡Œ1çš„ä¸ªæ•°:  2150
æ ‡ç­¾é‡Œ0çš„ä¸ªæ•°:  2150
æ€»æ•°:  4300
æ­£ç¡®çš„ä¸ªæ•°:  4292
æœ€åä¸€ä¸ªæ‰¹æ¬¡çš„è¾“å‡º, ä¸æ»¡batchsizeæ˜¯æ­£å¸¸çš„:
 tensor([[9.9987e-01],
        [9.9924e-01],
        [1.0000e+00],
        [4.4280e-04],
        [1.0000e+00],
        [1.5293e-04],
        [2.2898e-06],
        [3.7779e-08],
        [9.9999e-01],
        [9.9839e-01],
        [3.3203e-05],
        [6.0755e-03]], device='cuda:0', grad_fn=<SigmoidBackward0>)
Epoch [77/100], T_AUC: [4m0.9980[0m
Epoch [77/100], Loss: 74.4294
val_Accuracy: [92m0.7384[0m
val_Precision: [4;34m0.7410[0m,               val_Recall: [4;33m0.7248[0m,                 val_F1 Score: [4;35m0.7281[0m
æ ‡ç­¾é‡Œ1çš„ä¸ªæ•°:  430
æ ‡ç­¾é‡Œ0çš„ä¸ªæ•°:  430
æ€»æ•°:  860
æ­£ç¡®çš„ä¸ªæ•°:  635
Epoch [77/100], V_AUC: [4m0.7356[0m
Epoch [78/100], Loss: 1.5439
train_Accuracy: [91m0.9986[0m
train_Precision: [4;34m0.9974[0m,               train_Recall: [4;33m1.0000[0m,                 train_F1 Score: [4;35m0.9986[0m
æ ‡ç­¾é‡Œ1çš„ä¸ªæ•°:  2150
æ ‡ç­¾é‡Œ0çš„ä¸ªæ•°:  2150
æ€»æ•°:  4300
æ­£ç¡®çš„ä¸ªæ•°:  4294
æœ€åä¸€ä¸ªæ‰¹æ¬¡çš„è¾“å‡º, ä¸æ»¡batchsizeæ˜¯æ­£å¸¸çš„:
 tensor([[9.9997e-01],
        [9.9883e-01],
        [1.0000e+00],
        [4.9858e-04],
        [1.0000e+00],
        [7.2828e-05],
        [2.7614e-07],
        [3.4834e-06],
        [9.9999e-01],
        [9.9980e-01],
        [3.7224e-06],
        [7.9406e-03]], device='cuda:0', grad_fn=<SigmoidBackward0>)
Epoch [78/100], T_AUC: [4m0.9986[0m
Epoch [78/100], Loss: 71.9196
val_Accuracy: [92m0.7384[0m
val_Precision: [4;34m0.7335[0m,               val_Recall: [4;33m0.7330[0m,                 val_F1 Score: [4;35m0.7284[0m
æ ‡ç­¾é‡Œ1çš„ä¸ªæ•°:  430
æ ‡ç­¾é‡Œ0çš„ä¸ªæ•°:  430
æ€»æ•°:  860
æ­£ç¡®çš„ä¸ªæ•°:  635
Epoch [78/100], V_AUC: [4m0.7352[0m
Epoch [79/100], Loss: 1.5931
train_Accuracy: [91m0.9979[0m
train_Precision: [4;34m0.9960[0m,               train_Recall: [4;33m1.0000[0m,                 train_F1 Score: [4;35m0.9980[0m
æ ‡ç­¾é‡Œ1çš„ä¸ªæ•°:  2150
æ ‡ç­¾é‡Œ0çš„ä¸ªæ•°:  2150
æ€»æ•°:  4300
æ­£ç¡®çš„ä¸ªæ•°:  4291
æœ€åä¸€ä¸ªæ‰¹æ¬¡çš„è¾“å‡º, ä¸æ»¡batchsizeæ˜¯æ­£å¸¸çš„:
 tensor([[9.9988e-01],
        [9.9933e-01],
        [1.0000e+00],
        [7.8491e-04],
        [1.0000e+00],
        [3.2463e-06],
        [8.4387e-08],
        [1.9680e-06],
        [9.9999e-01],
        [9.9995e-01],
        [1.3852e-06],
        [1.3253e-01]], device='cuda:0', grad_fn=<SigmoidBackward0>)
Epoch [79/100], T_AUC: [4m0.9979[0m
Epoch [79/100], Loss: 76.0371
val_Accuracy: [92m0.7488[0m
val_Precision: [4;34m0.7464[0m,               val_Recall: [4;33m0.7388[0m,                 val_F1 Score: [4;35m0.7376[0m
æ ‡ç­¾é‡Œ1çš„ä¸ªæ•°:  430
æ ‡ç­¾é‡Œ0çš„ä¸ªæ•°:  430
æ€»æ•°:  860
æ­£ç¡®çš„ä¸ªæ•°:  644
Epoch [79/100], V_AUC: [4m0.7458[0m
Epoch [80/100], Loss: 1.5070
train_Accuracy: [91m0.9981[0m
train_Precision: [4;34m0.9963[0m,               train_Recall: [4;33m0.9996[0m,                 train_F1 Score: [4;35m0.9979[0m
æ ‡ç­¾é‡Œ1çš„ä¸ªæ•°:  2150
æ ‡ç­¾é‡Œ0çš„ä¸ªæ•°:  2150
æ€»æ•°:  4300
æ­£ç¡®çš„ä¸ªæ•°:  4292
æœ€åä¸€ä¸ªæ‰¹æ¬¡çš„è¾“å‡º, ä¸æ»¡batchsizeæ˜¯æ­£å¸¸çš„:
 tensor([[9.9992e-01],
        [9.9903e-01],
        [1.0000e+00],
        [1.2512e-04],
        [1.0000e+00],
        [1.1596e-06],
        [1.7096e-07],
        [5.1793e-06],
        [9.9999e-01],
        [9.9999e-01],
        [3.4529e-05],
        [1.1879e-04]], device='cuda:0', grad_fn=<SigmoidBackward0>)
Epoch [80/100], T_AUC: [4m0.9983[0m
Epoch [80/100], Loss: 73.9227
val_Accuracy: [92m0.7605[0m
val_Precision: [4;34m0.7678[0m,               val_Recall: [4;33m0.7421[0m,                 val_F1 Score: [4;35m0.7492[0m
æ ‡ç­¾é‡Œ1çš„ä¸ªæ•°:  430
æ ‡ç­¾é‡Œ0çš„ä¸ªæ•°:  430
æ€»æ•°:  860
æ­£ç¡®çš„ä¸ªæ•°:  654
Epoch [80/100], V_AUC: [4m0.7566[0m
Epoch [81/100], Loss: 7.7853
train_Accuracy: [91m0.9786[0m
train_Precision: [4;34m0.9742[0m,               train_Recall: [4;33m0.9835[0m,                 train_F1 Score: [4;35m0.9780[0m
æ ‡ç­¾é‡Œ1çš„ä¸ªæ•°:  2150
æ ‡ç­¾é‡Œ0çš„ä¸ªæ•°:  2150
æ€»æ•°:  4300
æ­£ç¡®çš„ä¸ªæ•°:  4208
æœ€åä¸€ä¸ªæ‰¹æ¬¡çš„è¾“å‡º, ä¸æ»¡batchsizeæ˜¯æ­£å¸¸çš„:
 tensor([[9.9999e-01],
        [9.9480e-01],
        [1.0000e+00],
        [2.2753e-03],
        [1.0000e+00],
        [6.2718e-05],
        [5.1330e-06],
        [4.2270e-07],
        [9.9993e-01],
        [1.0000e+00],
        [1.5897e-06],
        [2.9616e-03]], device='cuda:0', grad_fn=<SigmoidBackward0>)
Epoch [81/100], T_AUC: [4m0.9798[0m
Epoch [81/100], Loss: 82.4173
val_Accuracy: [92m0.7523[0m
val_Precision: [4;34m0.7366[0m,               val_Recall: [4;33m0.7754[0m,                 val_F1 Score: [4;35m0.7510[0m
æ ‡ç­¾é‡Œ1çš„ä¸ªæ•°:  430
æ ‡ç­¾é‡Œ0çš„ä¸ªæ•°:  430
æ€»æ•°:  860
æ­£ç¡®çš„ä¸ªæ•°:  647
Epoch [81/100], V_AUC: [4m0.7494[0m
Epoch [82/100], Loss: 12.1941
train_Accuracy: [91m0.9637[0m
train_Precision: [4;34m0.9542[0m,               train_Recall: [4;33m0.9733[0m,                 train_F1 Score: [4;35m0.9623[0m
æ ‡ç­¾é‡Œ1çš„ä¸ªæ•°:  2150
æ ‡ç­¾é‡Œ0çš„ä¸ªæ•°:  2150
æ€»æ•°:  4300
æ­£ç¡®çš„ä¸ªæ•°:  4144
æœ€åä¸€ä¸ªæ‰¹æ¬¡çš„è¾“å‡º, ä¸æ»¡batchsizeæ˜¯æ­£å¸¸çš„:
 tensor([[9.7348e-01],
        [9.9366e-01],
        [1.0000e+00],
        [2.5910e-03],
        [1.0000e+00],
        [1.5930e-07],
        [9.7025e-05],
        [4.2321e-06],
        [9.4101e-01],
        [1.0000e+00],
        [1.4828e-04],
        [1.7613e-03]], device='cuda:0', grad_fn=<SigmoidBackward0>)
Epoch [82/100], T_AUC: [4m0.9654[0m
Epoch [82/100], Loss: 76.3171
val_Accuracy: [92m0.7477[0m
val_Precision: [4;34m0.7413[0m,               val_Recall: [4;33m0.7534[0m,                 val_F1 Score: [4;35m0.7421[0m
æ ‡ç­¾é‡Œ1çš„ä¸ªæ•°:  430
æ ‡ç­¾é‡Œ0çš„ä¸ªæ•°:  430
æ€»æ•°:  860
æ­£ç¡®çš„ä¸ªæ•°:  643
Epoch [82/100], V_AUC: [4m0.7457[0m
Epoch [83/100], Loss: 14.2204
train_Accuracy: [91m0.9588[0m
train_Precision: [4;34m0.9472[0m,               train_Recall: [4;33m0.9715[0m,                 train_F1 Score: [4;35m0.9579[0m
æ ‡ç­¾é‡Œ1çš„ä¸ªæ•°:  2150
æ ‡ç­¾é‡Œ0çš„ä¸ªæ•°:  2150
æ€»æ•°:  4300
æ­£ç¡®çš„ä¸ªæ•°:  4123
æœ€åä¸€ä¸ªæ‰¹æ¬¡çš„è¾“å‡º, ä¸æ»¡batchsizeæ˜¯æ­£å¸¸çš„:
 tensor([[9.9936e-01],
        [9.7800e-01],
        [9.9984e-01],
        [3.9276e-02],
        [1.0000e+00],
        [3.5656e-05],
        [1.0716e-05],
        [1.5985e-05],
        [9.9999e-01],
        [9.9692e-01],
        [5.4244e-06],
        [1.2080e-03]], device='cuda:0', grad_fn=<SigmoidBackward0>)
Epoch [83/100], T_AUC: [4m0.9611[0m
Epoch [83/100], Loss: 77.1426
val_Accuracy: [92m0.7267[0m
val_Precision: [4;34m0.7161[0m,               val_Recall: [4;33m0.7511[0m,                 val_F1 Score: [4;35m0.7279[0m
æ ‡ç­¾é‡Œ1çš„ä¸ªæ•°:  430
æ ‡ç­¾é‡Œ0çš„ä¸ªæ•°:  430
æ€»æ•°:  860
æ­£ç¡®çš„ä¸ªæ•°:  625
Epoch [83/100], V_AUC: [4m0.7242[0m
Epoch [84/100], Loss: 14.6186
train_Accuracy: [91m0.9574[0m
train_Precision: [4;34m0.9495[0m,               train_Recall: [4;33m0.9675[0m,                 train_F1 Score: [4;35m0.9570[0m
æ ‡ç­¾é‡Œ1çš„ä¸ªæ•°:  2150
æ ‡ç­¾é‡Œ0çš„ä¸ªæ•°:  2150
æ€»æ•°:  4300
æ­£ç¡®çš„ä¸ªæ•°:  4117
æœ€åä¸€ä¸ªæ‰¹æ¬¡çš„è¾“å‡º, ä¸æ»¡batchsizeæ˜¯æ­£å¸¸çš„:
 tensor([[1.0000e+00],
        [9.9660e-01],
        [1.0000e+00],
        [9.8374e-03],
        [1.0000e+00],
        [6.0157e-06],
        [9.5567e-06],
        [2.8164e-02],
        [9.2413e-01],
        [9.9982e-01],
        [2.9268e-06],
        [6.1544e-05]], device='cuda:0', grad_fn=<SigmoidBackward0>)
Epoch [84/100], T_AUC: [4m0.9594[0m
Epoch [84/100], Loss: 56.6020
val_Accuracy: [92m0.7407[0m
val_Precision: [4;34m0.7438[0m,               val_Recall: [4;33m0.7277[0m,                 val_F1 Score: [4;35m0.7288[0m
æ ‡ç­¾é‡Œ1çš„ä¸ªæ•°:  430
æ ‡ç­¾é‡Œ0çš„ä¸ªæ•°:  430
æ€»æ•°:  860
æ­£ç¡®çš„ä¸ªæ•°:  637
Epoch [84/100], V_AUC: [4m0.7378[0m
Epoch [85/100], Loss: 9.1575
train_Accuracy: [91m0.9740[0m
train_Precision: [4;34m0.9659[0m,               train_Recall: [4;33m0.9832[0m,                 train_F1 Score: [4;35m0.9737[0m
æ ‡ç­¾é‡Œ1çš„ä¸ªæ•°:  2150
æ ‡ç­¾é‡Œ0çš„ä¸ªæ•°:  2150
æ€»æ•°:  4300
æ­£ç¡®çš„ä¸ªæ•°:  4188
æœ€åä¸€ä¸ªæ‰¹æ¬¡çš„è¾“å‡º, ä¸æ»¡batchsizeæ˜¯æ­£å¸¸çš„:
 tensor([[9.9999e-01],
        [9.9613e-01],
        [1.0000e+00],
        [1.2120e-04],
        [1.0000e+00],
        [2.5533e-05],
        [1.6939e-06],
        [4.6475e-06],
        [9.9906e-01],
        [1.0000e+00],
        [2.4268e-05],
        [6.9005e-03]], device='cuda:0', grad_fn=<SigmoidBackward0>)
Epoch [85/100], T_AUC: [4m0.9749[0m
Epoch [85/100], Loss: 69.8948
val_Accuracy: [92m0.7326[0m
val_Precision: [4;34m0.7371[0m,               val_Recall: [4;33m0.7146[0m,                 val_F1 Score: [4;35m0.7192[0m
æ ‡ç­¾é‡Œ1çš„ä¸ªæ•°:  430
æ ‡ç­¾é‡Œ0çš„ä¸ªæ•°:  430
æ€»æ•°:  860
æ­£ç¡®çš„ä¸ªæ•°:  630
Epoch [85/100], V_AUC: [4m0.7291[0m
Epoch [86/100], Loss: 5.0797
train_Accuracy: [91m0.9879[0m
train_Precision: [4;34m0.9819[0m,               train_Recall: [4;33m0.9941[0m,                 train_F1 Score: [4;35m0.9875[0m
æ ‡ç­¾é‡Œ1çš„ä¸ªæ•°:  2150
æ ‡ç­¾é‡Œ0çš„ä¸ªæ•°:  2150
æ€»æ•°:  4300
æ­£ç¡®çš„ä¸ªæ•°:  4248
æœ€åä¸€ä¸ªæ‰¹æ¬¡çš„è¾“å‡º, ä¸æ»¡batchsizeæ˜¯æ­£å¸¸çš„:
 tensor([[1.0000e+00],
        [9.9521e-01],
        [1.0000e+00],
        [2.2905e-04],
        [1.0000e+00],
        [2.8134e-05],
        [3.9483e-06],
        [1.0147e-06],
        [9.3441e-01],
        [9.9954e-01],
        [1.8621e-06],
        [2.1005e-02]], device='cuda:0', grad_fn=<SigmoidBackward0>)
Epoch [86/100], T_AUC: [4m0.9884[0m
Epoch [86/100], Loss: 73.2512
val_Accuracy: [92m0.7407[0m
val_Precision: [4;34m0.7416[0m,               val_Recall: [4;33m0.7250[0m,                 val_F1 Score: [4;35m0.7281[0m
æ ‡ç­¾é‡Œ1çš„ä¸ªæ•°:  430
æ ‡ç­¾é‡Œ0çš„ä¸ªæ•°:  430
æ€»æ•°:  860
æ­£ç¡®çš„ä¸ªæ•°:  637
Epoch [86/100], V_AUC: [4m0.7374[0m
Epoch [87/100], Loss: 3.0407
train_Accuracy: [91m0.9953[0m
train_Precision: [4;34m0.9931[0m,               train_Recall: [4;33m0.9971[0m,                 train_F1 Score: [4;35m0.9949[0m
æ ‡ç­¾é‡Œ1çš„ä¸ªæ•°:  2150
æ ‡ç­¾é‡Œ0çš„ä¸ªæ•°:  2150
æ€»æ•°:  4300
æ­£ç¡®çš„ä¸ªæ•°:  4280
æœ€åä¸€ä¸ªæ‰¹æ¬¡çš„è¾“å‡º, ä¸æ»¡batchsizeæ˜¯æ­£å¸¸çš„:
 tensor([[1.0000e+00],
        [9.5794e-01],
        [9.9996e-01],
        [2.8853e-04],
        [1.0000e+00],
        [1.9385e-04],
        [1.1398e-06],
        [1.1540e-07],
        [9.9961e-01],
        [1.0000e+00],
        [1.8372e-06],
        [2.4587e-02]], device='cuda:0', grad_fn=<SigmoidBackward0>)
Epoch [87/100], T_AUC: [4m0.9959[0m
Epoch [87/100], Loss: 74.4349
val_Accuracy: [92m0.7384[0m
val_Precision: [4;34m0.7377[0m,               val_Recall: [4;33m0.7240[0m,                 val_F1 Score: [4;35m0.7255[0m
æ ‡ç­¾é‡Œ1çš„ä¸ªæ•°:  430
æ ‡ç­¾é‡Œ0çš„ä¸ªæ•°:  430
æ€»æ•°:  860
æ­£ç¡®çš„ä¸ªæ•°:  635
Epoch [87/100], V_AUC: [4m0.7343[0m
Epoch [88/100], Loss: 1.7996
train_Accuracy: [91m0.9981[0m
train_Precision: [4;34m0.9965[0m,               train_Recall: [4;33m0.9996[0m,                 train_F1 Score: [4;35m0.9980[0m
æ ‡ç­¾é‡Œ1çš„ä¸ªæ•°:  2150
æ ‡ç­¾é‡Œ0çš„ä¸ªæ•°:  2150
æ€»æ•°:  4300
æ­£ç¡®çš„ä¸ªæ•°:  4292
æœ€åä¸€ä¸ªæ‰¹æ¬¡çš„è¾“å‡º, ä¸æ»¡batchsizeæ˜¯æ­£å¸¸çš„:
 tensor([[1.0000e+00],
        [9.9356e-01],
        [1.0000e+00],
        [6.7764e-04],
        [1.0000e+00],
        [1.0206e-05],
        [2.3391e-06],
        [9.9639e-08],
        [9.9630e-01],
        [9.9998e-01],
        [3.3554e-07],
        [1.8765e-02]], device='cuda:0', grad_fn=<SigmoidBackward0>)
Epoch [88/100], T_AUC: [4m0.9983[0m
Epoch [88/100], Loss: 79.1505
val_Accuracy: [92m0.7407[0m
val_Precision: [4;34m0.7426[0m,               val_Recall: [4;33m0.7215[0m,                 val_F1 Score: [4;35m0.7268[0m
æ ‡ç­¾é‡Œ1çš„ä¸ªæ•°:  430
æ ‡ç­¾é‡Œ0çš„ä¸ªæ•°:  430
æ€»æ•°:  860
æ­£ç¡®çš„ä¸ªæ•°:  637
Epoch [88/100], V_AUC: [4m0.7367[0m
Epoch [89/100], Loss: 2.0524
train_Accuracy: [91m0.9965[0m
train_Precision: [4;34m0.9953[0m,               train_Recall: [4;33m0.9981[0m,                 train_F1 Score: [4;35m0.9966[0m
æ ‡ç­¾é‡Œ1çš„ä¸ªæ•°:  2150
æ ‡ç­¾é‡Œ0çš„ä¸ªæ•°:  2150
æ€»æ•°:  4300
æ­£ç¡®çš„ä¸ªæ•°:  4285
æœ€åä¸€ä¸ªæ‰¹æ¬¡çš„è¾“å‡º, ä¸æ»¡batchsizeæ˜¯æ­£å¸¸çš„:
 tensor([[1.0000e+00],
        [9.6771e-01],
        [1.0000e+00],
        [2.0749e-04],
        [1.0000e+00],
        [3.0089e-05],
        [1.2401e-06],
        [1.0923e-07],
        [9.9967e-01],
        [9.9983e-01],
        [2.1279e-06],
        [1.0066e-02]], device='cuda:0', grad_fn=<SigmoidBackward0>)
Epoch [89/100], T_AUC: [4m0.9964[0m
Epoch [89/100], Loss: 70.9380
val_Accuracy: [92m0.7407[0m
val_Precision: [4;34m0.7383[0m,               val_Recall: [4;33m0.7331[0m,                 val_F1 Score: [4;35m0.7315[0m
æ ‡ç­¾é‡Œ1çš„ä¸ªæ•°:  430
æ ‡ç­¾é‡Œ0çš„ä¸ªæ•°:  430
æ€»æ•°:  860
æ­£ç¡®çš„ä¸ªæ•°:  637
Epoch [89/100], V_AUC: [4m0.7364[0m
Epoch [90/100], Loss: 1.2530
train_Accuracy: [91m0.9991[0m
train_Precision: [4;34m0.9980[0m,               train_Recall: [4;33m1.0000[0m,                 train_F1 Score: [4;35m0.9990[0m
æ ‡ç­¾é‡Œ1çš„ä¸ªæ•°:  2150
æ ‡ç­¾é‡Œ0çš„ä¸ªæ•°:  2150
æ€»æ•°:  4300
æ­£ç¡®çš„ä¸ªæ•°:  4296
æœ€åä¸€ä¸ªæ‰¹æ¬¡çš„è¾“å‡º, ä¸æ»¡batchsizeæ˜¯æ­£å¸¸çš„:
 tensor([[1.0000e+00],
        [9.7934e-01],
        [1.0000e+00],
        [4.4365e-04],
        [1.0000e+00],
        [2.3801e-05],
        [5.7476e-07],
        [7.3506e-08],
        [9.9983e-01],
        [9.9995e-01],
        [2.4880e-07],
        [5.4495e-04]], device='cuda:0', grad_fn=<SigmoidBackward0>)
Epoch [90/100], T_AUC: [4m0.9992[0m
Epoch [90/100], Loss: 80.8630
val_Accuracy: [92m0.7395[0m
val_Precision: [4;34m0.7300[0m,               val_Recall: [4;33m0.7439[0m,                 val_F1 Score: [4;35m0.7336[0m
æ ‡ç­¾é‡Œ1çš„ä¸ªæ•°:  430
æ ‡ç­¾é‡Œ0çš„ä¸ªæ•°:  430
æ€»æ•°:  860
æ­£ç¡®çš„ä¸ªæ•°:  636
Epoch [90/100], V_AUC: [4m0.7344[0m
Epoch [91/100], Loss: 1.1852
train_Accuracy: [91m0.9988[0m
train_Precision: [4;34m0.9977[0m,               train_Recall: [4;33m0.9996[0m,                 train_F1 Score: [4;35m0.9986[0m
æ ‡ç­¾é‡Œ1çš„ä¸ªæ•°:  2150
æ ‡ç­¾é‡Œ0çš„ä¸ªæ•°:  2150
æ€»æ•°:  4300
æ­£ç¡®çš„ä¸ªæ•°:  4295
æœ€åä¸€ä¸ªæ‰¹æ¬¡çš„è¾“å‡º, ä¸æ»¡batchsizeæ˜¯æ­£å¸¸çš„:
 tensor([[1.0000e+00],
        [9.9779e-01],
        [1.0000e+00],
        [3.4264e-04],
        [1.0000e+00],
        [1.1438e-05],
        [4.8575e-07],
        [5.0285e-08],
        [9.9858e-01],
        [9.9996e-01],
        [1.6198e-06],
        [4.1918e-03]], device='cuda:0', grad_fn=<SigmoidBackward0>)
Epoch [91/100], T_AUC: [4m0.9990[0m
Epoch [91/100], Loss: 83.3802
val_Accuracy: [92m0.7465[0m
val_Precision: [4;34m0.7402[0m,               val_Recall: [4;33m0.7419[0m,                 val_F1 Score: [4;35m0.7375[0m
æ ‡ç­¾é‡Œ1çš„ä¸ªæ•°:  430
æ ‡ç­¾é‡Œ0çš„ä¸ªæ•°:  430
æ€»æ•°:  860
æ­£ç¡®çš„ä¸ªæ•°:  642
Epoch [91/100], V_AUC: [4m0.7423[0m
Epoch [92/100], Loss: 1.2433
train_Accuracy: [91m0.9984[0m
train_Precision: [4;34m0.9974[0m,               train_Recall: [4;33m0.9990[0m,                 train_F1 Score: [4;35m0.9982[0m
æ ‡ç­¾é‡Œ1çš„ä¸ªæ•°:  2150
æ ‡ç­¾é‡Œ0çš„ä¸ªæ•°:  2150
æ€»æ•°:  4300
æ­£ç¡®çš„ä¸ªæ•°:  4293
æœ€åä¸€ä¸ªæ‰¹æ¬¡çš„è¾“å‡º, ä¸æ»¡batchsizeæ˜¯æ­£å¸¸çš„:
 tensor([[1.0000e+00],
        [9.9158e-01],
        [1.0000e+00],
        [2.4310e-04],
        [1.0000e+00],
        [1.8875e-06],
        [3.2583e-07],
        [2.6179e-06],
        [9.9950e-01],
        [9.9994e-01],
        [1.4603e-07],
        [1.1964e-02]], device='cuda:0', grad_fn=<SigmoidBackward0>)
Epoch [92/100], T_AUC: [4m0.9984[0m
Epoch [92/100], Loss: 71.2405
val_Accuracy: [92m0.7477[0m
val_Precision: [4;34m0.7436[0m,               val_Recall: [4;33m0.7453[0m,                 val_F1 Score: [4;35m0.7403[0m
æ ‡ç­¾é‡Œ1çš„ä¸ªæ•°:  430
æ ‡ç­¾é‡Œ0çš„ä¸ªæ•°:  430
æ€»æ•°:  860
æ­£ç¡®çš„ä¸ªæ•°:  643
Epoch [92/100], V_AUC: [4m0.7451[0m
Epoch [93/100], Loss: 0.9505
train_Accuracy: [91m0.9991[0m
train_Precision: [4;34m0.9979[0m,               train_Recall: [4;33m1.0000[0m,                 train_F1 Score: [4;35m0.9989[0m
æ ‡ç­¾é‡Œ1çš„ä¸ªæ•°:  2150
æ ‡ç­¾é‡Œ0çš„ä¸ªæ•°:  2150
æ€»æ•°:  4300
æ­£ç¡®çš„ä¸ªæ•°:  4296
æœ€åä¸€ä¸ªæ‰¹æ¬¡çš„è¾“å‡º, ä¸æ»¡batchsizeæ˜¯æ­£å¸¸çš„:
 tensor([[1.0000e+00],
        [9.7437e-01],
        [1.0000e+00],
        [1.1738e-03],
        [1.0000e+00],
        [6.0704e-06],
        [3.3381e-06],
        [3.9214e-07],
        [9.9907e-01],
        [9.9977e-01],
        [2.5028e-07],
        [7.7885e-03]], device='cuda:0', grad_fn=<SigmoidBackward0>)
Epoch [93/100], T_AUC: [4m0.9991[0m
Epoch [93/100], Loss: 77.9727
val_Accuracy: [92m0.7384[0m
val_Precision: [4;34m0.7290[0m,               val_Recall: [4;33m0.7457[0m,                 val_F1 Score: [4;35m0.7338[0m
æ ‡ç­¾é‡Œ1çš„ä¸ªæ•°:  430
æ ‡ç­¾é‡Œ0çš„ä¸ªæ•°:  430
æ€»æ•°:  860
æ­£ç¡®çš„ä¸ªæ•°:  635
Epoch [93/100], V_AUC: [4m0.7355[0m
Epoch [94/100], Loss: 0.6685
train_Accuracy: [91m0.9995[0m
train_Precision: [4;34m0.9992[0m,               train_Recall: [4;33m1.0000[0m,                 train_F1 Score: [4;35m0.9996[0m
æ ‡ç­¾é‡Œ1çš„ä¸ªæ•°:  2150
æ ‡ç­¾é‡Œ0çš„ä¸ªæ•°:  2150
æ€»æ•°:  4300
æ­£ç¡®çš„ä¸ªæ•°:  4298
æœ€åä¸€ä¸ªæ‰¹æ¬¡çš„è¾“å‡º, ä¸æ»¡batchsizeæ˜¯æ­£å¸¸çš„:
 tensor([[1.0000e+00],
        [9.9490e-01],
        [1.0000e+00],
        [8.0561e-04],
        [1.0000e+00],
        [4.1318e-06],
        [6.5313e-07],
        [6.3512e-07],
        [9.9934e-01],
        [9.9989e-01],
        [2.9452e-07],
        [5.2329e-03]], device='cuda:0', grad_fn=<SigmoidBackward0>)
Epoch [94/100], T_AUC: [4m0.9995[0m
Epoch [94/100], Loss: 77.8891
val_Accuracy: [92m0.7488[0m
val_Precision: [4;34m0.7388[0m,               val_Recall: [4;33m0.7504[0m,                 val_F1 Score: [4;35m0.7415[0m
æ ‡ç­¾é‡Œ1çš„ä¸ªæ•°:  430
æ ‡ç­¾é‡Œ0çš„ä¸ªæ•°:  430
æ€»æ•°:  860
æ­£ç¡®çš„ä¸ªæ•°:  644
Epoch [94/100], V_AUC: [4m0.7452[0m
Epoch [95/100], Loss: 0.6084
train_Accuracy: [91m1.0000[0m
train_Precision: [4;34m1.0000[0m,               train_Recall: [4;33m1.0000[0m,                 train_F1 Score: [4;35m1.0000[0m
æ ‡ç­¾é‡Œ1çš„ä¸ªæ•°:  2150
æ ‡ç­¾é‡Œ0çš„ä¸ªæ•°:  2150
æ€»æ•°:  4300
æ­£ç¡®çš„ä¸ªæ•°:  4300
æœ€åä¸€ä¸ªæ‰¹æ¬¡çš„è¾“å‡º, ä¸æ»¡batchsizeæ˜¯æ­£å¸¸çš„:
 tensor([[1.0000e+00],
        [9.9255e-01],
        [1.0000e+00],
        [6.9097e-04],
        [1.0000e+00],
        [7.5677e-06],
        [1.2432e-06],
        [1.9403e-07],
        [9.9996e-01],
        [9.9998e-01],
        [1.0497e-07],
        [4.6071e-03]], device='cuda:0', grad_fn=<SigmoidBackward0>)
Epoch [95/100], T_AUC: [4m1.0000[0m
Epoch [95/100], Loss: 78.3728
val_Accuracy: [92m0.7372[0m
val_Precision: [4;34m0.7269[0m,               val_Recall: [4;33m0.7433[0m,                 val_F1 Score: [4;35m0.7313[0m
æ ‡ç­¾é‡Œ1çš„ä¸ªæ•°:  430
æ ‡ç­¾é‡Œ0çš„ä¸ªæ•°:  430
æ€»æ•°:  860
æ­£ç¡®çš„ä¸ªæ•°:  634
Epoch [95/100], V_AUC: [4m0.7327[0m
Epoch [96/100], Loss: 0.4819
train_Accuracy: [91m1.0000[0m
train_Precision: [4;34m1.0000[0m,               train_Recall: [4;33m1.0000[0m,                 train_F1 Score: [4;35m1.0000[0m
æ ‡ç­¾é‡Œ1çš„ä¸ªæ•°:  2150
æ ‡ç­¾é‡Œ0çš„ä¸ªæ•°:  2150
æ€»æ•°:  4300
æ­£ç¡®çš„ä¸ªæ•°:  4300
æœ€åä¸€ä¸ªæ‰¹æ¬¡çš„è¾“å‡º, ä¸æ»¡batchsizeæ˜¯æ­£å¸¸çš„:
 tensor([[1.0000e+00],
        [9.9188e-01],
        [1.0000e+00],
        [4.1188e-04],
        [1.0000e+00],
        [3.8306e-06],
        [5.3721e-07],
        [3.3860e-07],
        [9.9947e-01],
        [9.9995e-01],
        [5.3746e-07],
        [2.7588e-03]], device='cuda:0', grad_fn=<SigmoidBackward0>)
Epoch [96/100], T_AUC: [4m1.0000[0m
Epoch [96/100], Loss: 81.0061
val_Accuracy: [92m0.7372[0m
val_Precision: [4;34m0.7296[0m,               val_Recall: [4;33m0.7363[0m,                 val_F1 Score: [4;35m0.7295[0m
æ ‡ç­¾é‡Œ1çš„ä¸ªæ•°:  430
æ ‡ç­¾é‡Œ0çš„ä¸ªæ•°:  430
æ€»æ•°:  860
æ­£ç¡®çš„ä¸ªæ•°:  634
Epoch [96/100], V_AUC: [4m0.7334[0m
Epoch [97/100], Loss: 0.4132
train_Accuracy: [91m1.0000[0m
train_Precision: [4;34m1.0000[0m,               train_Recall: [4;33m1.0000[0m,                 train_F1 Score: [4;35m1.0000[0m
æ ‡ç­¾é‡Œ1çš„ä¸ªæ•°:  2150
æ ‡ç­¾é‡Œ0çš„ä¸ªæ•°:  2150
æ€»æ•°:  4300
æ­£ç¡®çš„ä¸ªæ•°:  4300
æœ€åä¸€ä¸ªæ‰¹æ¬¡çš„è¾“å‡º, ä¸æ»¡batchsizeæ˜¯æ­£å¸¸çš„:
 tensor([[1.0000e+00],
        [9.9308e-01],
        [1.0000e+00],
        [3.9360e-04],
        [1.0000e+00],
        [3.4497e-06],
        [3.6933e-07],
        [3.1625e-07],
        [9.9991e-01],
        [9.9994e-01],
        [5.4759e-08],
        [2.6965e-03]], device='cuda:0', grad_fn=<SigmoidBackward0>)
Epoch [97/100], T_AUC: [4m1.0000[0m
Epoch [97/100], Loss: 76.6391
val_Accuracy: [92m0.7419[0m
val_Precision: [4;34m0.7335[0m,               val_Recall: [4;33m0.7408[0m,                 val_F1 Score: [4;35m0.7334[0m
æ ‡ç­¾é‡Œ1çš„ä¸ªæ•°:  430
æ ‡ç­¾é‡Œ0çš„ä¸ªæ•°:  430
æ€»æ•°:  860
æ­£ç¡®çš„ä¸ªæ•°:  638
Epoch [97/100], V_AUC: [4m0.7377[0m
Epoch [98/100], Loss: 0.5215
train_Accuracy: [91m0.9998[0m
train_Precision: [4;34m0.9996[0m,               train_Recall: [4;33m1.0000[0m,                 train_F1 Score: [4;35m0.9998[0m
æ ‡ç­¾é‡Œ1çš„ä¸ªæ•°:  2150
æ ‡ç­¾é‡Œ0çš„ä¸ªæ•°:  2150
æ€»æ•°:  4300
æ­£ç¡®çš„ä¸ªæ•°:  4299
æœ€åä¸€ä¸ªæ‰¹æ¬¡çš„è¾“å‡º, ä¸æ»¡batchsizeæ˜¯æ­£å¸¸çš„:
 tensor([[1.0000e+00],
        [9.9765e-01],
        [1.0000e+00],
        [3.8537e-04],
        [1.0000e+00],
        [1.0435e-05],
        [3.3938e-07],
        [3.4596e-08],
        [9.9957e-01],
        [9.9899e-01],
        [6.0027e-07],
        [3.1116e-03]], device='cuda:0', grad_fn=<SigmoidBackward0>)
Epoch [98/100], T_AUC: [4m0.9998[0m
Epoch [98/100], Loss: 91.4058
val_Accuracy: [92m0.7419[0m
val_Precision: [4;34m0.7365[0m,               val_Recall: [4;33m0.7371[0m,                 val_F1 Score: [4;35m0.7330[0m
æ ‡ç­¾é‡Œ1çš„ä¸ªæ•°:  430
æ ‡ç­¾é‡Œ0çš„ä¸ªæ•°:  430
æ€»æ•°:  860
æ­£ç¡®çš„ä¸ªæ•°:  638
Epoch [98/100], V_AUC: [4m0.7378[0m
Epoch [99/100], Loss: 1.0035
train_Accuracy: [91m0.9981[0m
train_Precision: [4;34m0.9976[0m,               train_Recall: [4;33m0.9986[0m,                 train_F1 Score: [4;35m0.9980[0m
æ ‡ç­¾é‡Œ1çš„ä¸ªæ•°:  2150
æ ‡ç­¾é‡Œ0çš„ä¸ªæ•°:  2150
æ€»æ•°:  4300
æ­£ç¡®çš„ä¸ªæ•°:  4292
æœ€åä¸€ä¸ªæ‰¹æ¬¡çš„è¾“å‡º, ä¸æ»¡batchsizeæ˜¯æ­£å¸¸çš„:
 tensor([[1.0000e+00],
        [9.9758e-01],
        [1.0000e+00],
        [1.1756e-03],
        [1.0000e+00],
        [1.1900e-07],
        [1.8013e-06],
        [2.7273e-07],
        [9.7412e-01],
        [9.9971e-01],
        [1.8668e-08],
        [1.4508e-01]], device='cuda:0', grad_fn=<SigmoidBackward0>)
Epoch [99/100], T_AUC: [4m0.9982[0m
Epoch [99/100], Loss: 112.1511
val_Accuracy: [92m0.7535[0m
val_Precision: [4;34m0.7516[0m,               val_Recall: [4;33m0.7508[0m,                 val_F1 Score: [4;35m0.7459[0m
æ ‡ç­¾é‡Œ1çš„ä¸ªæ•°:  430
æ ‡ç­¾é‡Œ0çš„ä¸ªæ•°:  430
æ€»æ•°:  860
æ­£ç¡®çš„ä¸ªæ•°:  648
Epoch [99/100], V_AUC: [4m0.7499[0m
Epoch [100/100], Loss: 41.3742
train_Accuracy: [91m0.9037[0m
train_Precision: [4;34m0.8951[0m,               train_Recall: [4;33m0.9207[0m,                 train_F1 Score: [4;35m0.9050[0m
æ ‡ç­¾é‡Œ1çš„ä¸ªæ•°:  2150
æ ‡ç­¾é‡Œ0çš„ä¸ªæ•°:  2150
æ€»æ•°:  4300
æ­£ç¡®çš„ä¸ªæ•°:  3886
æœ€åä¸€ä¸ªæ‰¹æ¬¡çš„è¾“å‡º, ä¸æ»¡batchsizeæ˜¯æ­£å¸¸çš„:
 tensor([[8.9746e-01],
        [7.4268e-01],
        [1.0000e+00],
        [2.0550e-04],
        [9.9993e-01],
        [2.9909e-04],
        [2.6104e-02],
        [1.4181e-01],
        [9.9910e-01],
        [1.0000e+00],
        [4.1682e-05],
        [5.4114e-03]], device='cuda:0', grad_fn=<SigmoidBackward0>)
Epoch [100/100], T_AUC: [4m0.9066[0m
Epoch [100/100], Loss: 69.9106
val_Accuracy: [92m0.7616[0m
val_Precision: [4;34m0.7597[0m,               val_Recall: [4;33m0.7613[0m,                 val_F1 Score: [4;35m0.7545[0m
æ ‡ç­¾é‡Œ1çš„ä¸ªæ•°:  430
æ ‡ç­¾é‡Œ0çš„ä¸ªæ•°:  430
æ€»æ•°:  860
æ­£ç¡®çš„ä¸ªæ•°:  655
Epoch [100/100], V_AUC: [4m0.7596[0m
ç¬¬0æ‰¹ç¬¬2ä¸ª, 100
ç¬¬0æ‰¹ç¬¬15ä¸ª, 100
ç¬¬1æ‰¹ç¬¬0ä¸ª, 100
ç¬¬1æ‰¹ç¬¬13ä¸ª, 100
ç¬¬1æ‰¹ç¬¬16ä¸ª, 100
send email successfully
