2024-06-25-22:32:45
1æ’åº128-0.4
åˆ›å»ºæ¨¡å‹å®ä¾‹
æ¨¡å‹å®ä¾‹åˆ›å»ºå®Œæˆ
åŠ è½½é¢„è®­ç»ƒå‚æ•°
é¢„è®­ç»ƒå‚æ•°åŠ è½½å®Œæˆ
Epoch [1/100], Loss: 60.3015
train_Accuracy: [91m0.8016[0m
train_Precision: [4;34m0.7953[0m,               train_Recall: [4;33m0.8226[0m,                 train_F1 Score: [4;35m0.8030[0m
æ ‡ç­¾é‡Œ1çš„ä¸ªæ•°:  2150
æ ‡ç­¾é‡Œ0çš„ä¸ªæ•°:  2150
æ€»æ•°:  4300
æ­£ç¡®çš„ä¸ªæ•°:  3447
æœ€åä¸€ä¸ªæ‰¹æ¬¡çš„è¾“å‡º, ä¸æ»¡batchsizeæ˜¯æ­£å¸¸çš„:
 tensor([[0.9303],
        [0.8691],
        [0.9795],
        [0.1518],
        [0.7678],
        [0.1487],
        [0.5242],
        [0.2971],
        [0.4042],
        [0.9167],
        [0.0300],
        [0.0442]], device='cuda:0', grad_fn=<SigmoidBackward0>)
Epoch [1/100], T_AUC: [4m0.8079[0m
Epoch [1/100], Loss: 13.7899
val_Accuracy: [92m0.7930[0m
val_Precision: [4;34m0.7962[0m,               val_Recall: [4;33m0.7783[0m,                 val_F1 Score: [4;35m0.7827[0m
æ ‡ç­¾é‡Œ1çš„ä¸ªæ•°:  430
æ ‡ç­¾é‡Œ0çš„ä¸ªæ•°:  430
æ€»æ•°:  860
æ­£ç¡®çš„ä¸ªæ•°:  682
Epoch [1/100], V_AUC: [4m0.7904[0m
Epoch [2/100], Loss: 59.2284
train_Accuracy: [91m0.8065[0m
train_Precision: [4;34m0.8008[0m,               train_Recall: [4;33m0.8268[0m,                 train_F1 Score: [4;35m0.8078[0m
æ ‡ç­¾é‡Œ1çš„ä¸ªæ•°:  2150
æ ‡ç­¾é‡Œ0çš„ä¸ªæ•°:  2150
æ€»æ•°:  4300
æ­£ç¡®çš„ä¸ªæ•°:  3468
æœ€åä¸€ä¸ªæ‰¹æ¬¡çš„è¾“å‡º, ä¸æ»¡batchsizeæ˜¯æ­£å¸¸çš„:
 tensor([[0.9282],
        [0.8549],
        [0.9754],
        [0.1469],
        [0.7418],
        [0.1324],
        [0.5207],
        [0.2967],
        [0.4639],
        [0.9199],
        [0.0349],
        [0.0569]], device='cuda:0', grad_fn=<SigmoidBackward0>)
Epoch [2/100], T_AUC: [4m0.8131[0m
Epoch [2/100], Loss: 13.6941
val_Accuracy: [92m0.7953[0m
val_Precision: [4;34m0.8060[0m,               val_Recall: [4;33m0.7687[0m,                 val_F1 Score: [4;35m0.7821[0m
æ ‡ç­¾é‡Œ1çš„ä¸ªæ•°:  430
æ ‡ç­¾é‡Œ0çš„ä¸ªæ•°:  430
æ€»æ•°:  860
æ­£ç¡®çš„ä¸ªæ•°:  684
Epoch [2/100], V_AUC: [4m0.7926[0m
Epoch [3/100], Loss: 59.1267
train_Accuracy: [91m0.8060[0m
train_Precision: [4;34m0.8024[0m,               train_Recall: [4;33m0.8223[0m,                 train_F1 Score: [4;35m0.8064[0m
æ ‡ç­¾é‡Œ1çš„ä¸ªæ•°:  2150
æ ‡ç­¾é‡Œ0çš„ä¸ªæ•°:  2150
æ€»æ•°:  4300
æ­£ç¡®çš„ä¸ªæ•°:  3466
æœ€åä¸€ä¸ªæ‰¹æ¬¡çš„è¾“å‡º, ä¸æ»¡batchsizeæ˜¯æ­£å¸¸çš„:
 tensor([[0.9204],
        [0.8558],
        [0.9640],
        [0.1655],
        [0.7658],
        [0.1456],
        [0.5311],
        [0.2798],
        [0.4493],
        [0.9085],
        [0.0425],
        [0.0630]], device='cuda:0', grad_fn=<SigmoidBackward0>)
Epoch [3/100], T_AUC: [4m0.8126[0m
Epoch [3/100], Loss: 13.7131
val_Accuracy: [92m0.7965[0m
val_Precision: [4;34m0.8100[0m,               val_Recall: [4;33m0.7665[0m,                 val_F1 Score: [4;35m0.7822[0m
æ ‡ç­¾é‡Œ1çš„ä¸ªæ•°:  430
æ ‡ç­¾é‡Œ0çš„ä¸ªæ•°:  430
æ€»æ•°:  860
æ­£ç¡®çš„ä¸ªæ•°:  685
Epoch [3/100], V_AUC: [4m0.7939[0m
Epoch [4/100], Loss: 59.0957
train_Accuracy: [91m0.8058[0m
train_Precision: [4;34m0.8011[0m,               train_Recall: [4;33m0.8233[0m,                 train_F1 Score: [4;35m0.8065[0m
æ ‡ç­¾é‡Œ1çš„ä¸ªæ•°:  2150
æ ‡ç­¾é‡Œ0çš„ä¸ªæ•°:  2150
æ€»æ•°:  4300
æ­£ç¡®çš„ä¸ªæ•°:  3465
æœ€åä¸€ä¸ªæ‰¹æ¬¡çš„è¾“å‡º, ä¸æ»¡batchsizeæ˜¯æ­£å¸¸çš„:
 tensor([[0.9072],
        [0.8586],
        [0.9579],
        [0.1639],
        [0.7648],
        [0.1396],
        [0.5344],
        [0.3368],
        [0.4841],
        [0.8923],
        [0.0460],
        [0.0650]], device='cuda:0', grad_fn=<SigmoidBackward0>)
Epoch [4/100], T_AUC: [4m0.8121[0m
Epoch [4/100], Loss: 13.6993
val_Accuracy: [92m0.7919[0m
val_Precision: [4;34m0.8041[0m,               val_Recall: [4;33m0.7637[0m,                 val_F1 Score: [4;35m0.7775[0m
æ ‡ç­¾é‡Œ1çš„ä¸ªæ•°:  430
æ ‡ç­¾é‡Œ0çš„ä¸ªæ•°:  430
æ€»æ•°:  860
æ­£ç¡®çš„ä¸ªæ•°:  681
Epoch [4/100], V_AUC: [4m0.7894[0m
Epoch [5/100], Loss: 58.9681
train_Accuracy: [91m0.8056[0m
train_Precision: [4;34m0.8000[0m,               train_Recall: [4;33m0.8253[0m,                 train_F1 Score: [4;35m0.8067[0m
æ ‡ç­¾é‡Œ1çš„ä¸ªæ•°:  2150
æ ‡ç­¾é‡Œ0çš„ä¸ªæ•°:  2150
æ€»æ•°:  4300
æ­£ç¡®çš„ä¸ªæ•°:  3464
æœ€åä¸€ä¸ªæ‰¹æ¬¡çš„è¾“å‡º, ä¸æ»¡batchsizeæ˜¯æ­£å¸¸çš„:
 tensor([[0.9092],
        [0.8462],
        [0.9546],
        [0.1557],
        [0.7839],
        [0.1282],
        [0.5254],
        [0.3471],
        [0.4796],
        [0.8886],
        [0.0534],
        [0.0684]], device='cuda:0', grad_fn=<SigmoidBackward0>)
Epoch [5/100], T_AUC: [4m0.8121[0m
Epoch [5/100], Loss: 13.6090
val_Accuracy: [92m0.7965[0m
val_Precision: [4;34m0.8072[0m,               val_Recall: [4;33m0.7706[0m,                 val_F1 Score: [4;35m0.7828[0m
æ ‡ç­¾é‡Œ1çš„ä¸ªæ•°:  430
æ ‡ç­¾é‡Œ0çš„ä¸ªæ•°:  430
æ€»æ•°:  860
æ­£ç¡®çš„ä¸ªæ•°:  685
Epoch [5/100], V_AUC: [4m0.7939[0m
Epoch [6/100], Loss: 58.8485
train_Accuracy: [91m0.8035[0m
train_Precision: [4;34m0.7981[0m,               train_Recall: [4;33m0.8224[0m,                 train_F1 Score: [4;35m0.8046[0m
æ ‡ç­¾é‡Œ1çš„ä¸ªæ•°:  2150
æ ‡ç­¾é‡Œ0çš„ä¸ªæ•°:  2150
æ€»æ•°:  4300
æ­£ç¡®çš„ä¸ªæ•°:  3455
æœ€åä¸€ä¸ªæ‰¹æ¬¡çš„è¾“å‡º, ä¸æ»¡batchsizeæ˜¯æ­£å¸¸çš„:
 tensor([[0.9041],
        [0.8470],
        [0.9489],
        [0.1574],
        [0.7938],
        [0.1279],
        [0.5195],
        [0.3603],
        [0.4769],
        [0.8813],
        [0.0511],
        [0.0723]], device='cuda:0', grad_fn=<SigmoidBackward0>)
Epoch [6/100], T_AUC: [4m0.8095[0m
Epoch [6/100], Loss: 13.6734
val_Accuracy: [92m0.7953[0m
val_Precision: [4;34m0.8076[0m,               val_Recall: [4;33m0.7658[0m,                 val_F1 Score: [4;35m0.7809[0m
æ ‡ç­¾é‡Œ1çš„ä¸ªæ•°:  430
æ ‡ç­¾é‡Œ0çš„ä¸ªæ•°:  430
æ€»æ•°:  860
æ­£ç¡®çš„ä¸ªæ•°:  684
Epoch [6/100], V_AUC: [4m0.7925[0m
Epoch [7/100], Loss: 58.6857
train_Accuracy: [91m0.8065[0m
train_Precision: [4;34m0.7993[0m,               train_Recall: [4;33m0.8275[0m,                 train_F1 Score: [4;35m0.8075[0m
æ ‡ç­¾é‡Œ1çš„ä¸ªæ•°:  2150
æ ‡ç­¾é‡Œ0çš„ä¸ªæ•°:  2150
æ€»æ•°:  4300
æ­£ç¡®çš„ä¸ªæ•°:  3468
æœ€åä¸€ä¸ªæ‰¹æ¬¡çš„è¾“å‡º, ä¸æ»¡batchsizeæ˜¯æ­£å¸¸çš„:
 tensor([[0.9074],
        [0.8540],
        [0.9478],
        [0.1516],
        [0.7913],
        [0.1213],
        [0.5124],
        [0.3766],
        [0.4854],
        [0.8797],
        [0.0485],
        [0.0755]], device='cuda:0', grad_fn=<SigmoidBackward0>)
Epoch [7/100], T_AUC: [4m0.8128[0m
Epoch [7/100], Loss: 13.5955
val_Accuracy: [92m0.7930[0m
val_Precision: [4;34m0.8036[0m,               val_Recall: [4;33m0.7658[0m,                 val_F1 Score: [4;35m0.7790[0m
æ ‡ç­¾é‡Œ1çš„ä¸ªæ•°:  430
æ ‡ç­¾é‡Œ0çš„ä¸ªæ•°:  430
æ€»æ•°:  860
æ­£ç¡®çš„ä¸ªæ•°:  682
Epoch [7/100], V_AUC: [4m0.7903[0m
Epoch [8/100], Loss: 58.5123
train_Accuracy: [91m0.8053[0m
train_Precision: [4;34m0.7994[0m,               train_Recall: [4;33m0.8268[0m,                 train_F1 Score: [4;35m0.8069[0m
æ ‡ç­¾é‡Œ1çš„ä¸ªæ•°:  2150
æ ‡ç­¾é‡Œ0çš„ä¸ªæ•°:  2150
æ€»æ•°:  4300
æ­£ç¡®çš„ä¸ªæ•°:  3463
æœ€åä¸€ä¸ªæ‰¹æ¬¡çš„è¾“å‡º, ä¸æ»¡batchsizeæ˜¯æ­£å¸¸çš„:
 tensor([[0.9035],
        [0.8597],
        [0.9480],
        [0.1402],
        [0.8013],
        [0.1151],
        [0.5031],
        [0.3653],
        [0.4694],
        [0.8839],
        [0.0557],
        [0.0783]], device='cuda:0', grad_fn=<SigmoidBackward0>)
Epoch [8/100], T_AUC: [4m0.8117[0m
Epoch [8/100], Loss: 13.5803
val_Accuracy: [92m0.7942[0m
val_Precision: [4;34m0.8048[0m,               val_Recall: [4;33m0.7687[0m,                 val_F1 Score: [4;35m0.7807[0m
æ ‡ç­¾é‡Œ1çš„ä¸ªæ•°:  430
æ ‡ç­¾é‡Œ0çš„ä¸ªæ•°:  430
æ€»æ•°:  860
æ­£ç¡®çš„ä¸ªæ•°:  683
Epoch [8/100], V_AUC: [4m0.7915[0m
Epoch [9/100], Loss: 58.5019
train_Accuracy: [91m0.8084[0m
train_Precision: [4;34m0.8005[0m,               train_Recall: [4;33m0.8329[0m,                 train_F1 Score: [4;35m0.8105[0m
æ ‡ç­¾é‡Œ1çš„ä¸ªæ•°:  2150
æ ‡ç­¾é‡Œ0çš„ä¸ªæ•°:  2150
æ€»æ•°:  4300
æ­£ç¡®çš„ä¸ªæ•°:  3476
æœ€åä¸€ä¸ªæ‰¹æ¬¡çš„è¾“å‡º, ä¸æ»¡batchsizeæ˜¯æ­£å¸¸çš„:
 tensor([[0.9019],
        [0.8559],
        [0.9509],
        [0.1324],
        [0.7924],
        [0.1033],
        [0.5234],
        [0.3740],
        [0.4787],
        [0.8809],
        [0.0557],
        [0.0815]], device='cuda:0', grad_fn=<SigmoidBackward0>)
Epoch [9/100], T_AUC: [4m0.8150[0m
Epoch [9/100], Loss: 13.5906
val_Accuracy: [92m0.7907[0m
val_Precision: [4;34m0.7999[0m,               val_Recall: [4;33m0.7658[0m,                 val_F1 Score: [4;35m0.7772[0m
æ ‡ç­¾é‡Œ1çš„ä¸ªæ•°:  430
æ ‡ç­¾é‡Œ0çš„ä¸ªæ•°:  430
æ€»æ•°:  860
æ­£ç¡®çš„ä¸ªæ•°:  680
Epoch [9/100], V_AUC: [4m0.7878[0m
Epoch [10/100], Loss: 58.4505
train_Accuracy: [91m0.8098[0m
train_Precision: [4;34m0.8016[0m,               train_Recall: [4;33m0.8326[0m,                 train_F1 Score: [4;35m0.8111[0m
æ ‡ç­¾é‡Œ1çš„ä¸ªæ•°:  2150
æ ‡ç­¾é‡Œ0çš„ä¸ªæ•°:  2150
æ€»æ•°:  4300
æ­£ç¡®çš„ä¸ªæ•°:  3482
æœ€åä¸€ä¸ªæ‰¹æ¬¡çš„è¾“å‡º, ä¸æ»¡batchsizeæ˜¯æ­£å¸¸çš„:
 tensor([[0.8969],
        [0.8496],
        [0.9445],
        [0.1448],
        [0.7931],
        [0.0993],
        [0.5291],
        [0.4204],
        [0.4826],
        [0.8774],
        [0.0471],
        [0.0821]], device='cuda:0', grad_fn=<SigmoidBackward0>)
Epoch [10/100], T_AUC: [4m0.8155[0m
Epoch [10/100], Loss: 13.5170
val_Accuracy: [92m0.7872[0m
val_Precision: [4;34m0.7936[0m,               val_Recall: [4;33m0.7678[0m,                 val_F1 Score: [4;35m0.7748[0m
æ ‡ç­¾é‡Œ1çš„ä¸ªæ•°:  430
æ ‡ç­¾é‡Œ0çš„ä¸ªæ•°:  430
æ€»æ•°:  860
æ­£ç¡®çš„ä¸ªæ•°:  677
Epoch [10/100], V_AUC: [4m0.7842[0m
Epoch [11/100], Loss: 58.4786
train_Accuracy: [91m0.8065[0m
train_Precision: [4;34m0.7997[0m,               train_Recall: [4;33m0.8292[0m,                 train_F1 Score: [4;35m0.8083[0m
æ ‡ç­¾é‡Œ1çš„ä¸ªæ•°:  2150
æ ‡ç­¾é‡Œ0çš„ä¸ªæ•°:  2150
æ€»æ•°:  4300
æ­£ç¡®çš„ä¸ªæ•°:  3468
æœ€åä¸€ä¸ªæ‰¹æ¬¡çš„è¾“å‡º, ä¸æ»¡batchsizeæ˜¯æ­£å¸¸çš„:
 tensor([[0.9043],
        [0.8384],
        [0.9483],
        [0.1480],
        [0.8120],
        [0.1049],
        [0.5548],
        [0.3398],
        [0.5413],
        [0.8889],
        [0.0529],
        [0.0704]], device='cuda:0', grad_fn=<SigmoidBackward0>)
Epoch [11/100], T_AUC: [4m0.8129[0m
Epoch [11/100], Loss: 13.6716
val_Accuracy: [92m0.7849[0m
val_Precision: [4;34m0.7895[0m,               val_Recall: [4;33m0.7680[0m,                 val_F1 Score: [4;35m0.7729[0m
æ ‡ç­¾é‡Œ1çš„ä¸ªæ•°:  430
æ ‡ç­¾é‡Œ0çš„ä¸ªæ•°:  430
æ€»æ•°:  860
æ­£ç¡®çš„ä¸ªæ•°:  675
Epoch [11/100], V_AUC: [4m0.7820[0m
Epoch [12/100], Loss: 58.2951
train_Accuracy: [91m0.8081[0m
train_Precision: [4;34m0.8014[0m,               train_Recall: [4;33m0.8296[0m,                 train_F1 Score: [4;35m0.8097[0m
æ ‡ç­¾é‡Œ1çš„ä¸ªæ•°:  2150
æ ‡ç­¾é‡Œ0çš„ä¸ªæ•°:  2150
æ€»æ•°:  4300
æ­£ç¡®çš„ä¸ªæ•°:  3475
æœ€åä¸€ä¸ªæ‰¹æ¬¡çš„è¾“å‡º, ä¸æ»¡batchsizeæ˜¯æ­£å¸¸çš„:
 tensor([[0.9023],
        [0.8334],
        [0.9529],
        [0.1414],
        [0.8039],
        [0.1175],
        [0.5408],
        [0.3851],
        [0.5444],
        [0.8862],
        [0.0424],
        [0.0734]], device='cuda:0', grad_fn=<SigmoidBackward0>)
Epoch [12/100], T_AUC: [4m0.8136[0m
Epoch [12/100], Loss: 13.6694
val_Accuracy: [92m0.7849[0m
val_Precision: [4;34m0.7852[0m,               val_Recall: [4;33m0.7757[0m,                 val_F1 Score: [4;35m0.7746[0m
æ ‡ç­¾é‡Œ1çš„ä¸ªæ•°:  430
æ ‡ç­¾é‡Œ0çš„ä¸ªæ•°:  430
æ€»æ•°:  860
æ­£ç¡®çš„ä¸ªæ•°:  675
Epoch [12/100], V_AUC: [4m0.7828[0m
Epoch [13/100], Loss: 58.1205
train_Accuracy: [91m0.8112[0m
train_Precision: [4;34m0.8035[0m,               train_Recall: [4;33m0.8328[0m,                 train_F1 Score: [4;35m0.8124[0m
æ ‡ç­¾é‡Œ1çš„ä¸ªæ•°:  2150
æ ‡ç­¾é‡Œ0çš„ä¸ªæ•°:  2150
æ€»æ•°:  4300
æ­£ç¡®çš„ä¸ªæ•°:  3488
æœ€åä¸€ä¸ªæ‰¹æ¬¡çš„è¾“å‡º, ä¸æ»¡batchsizeæ˜¯æ­£å¸¸çš„:
 tensor([[0.9048],
        [0.8386],
        [0.9531],
        [0.1310],
        [0.8004],
        [0.1033],
        [0.5537],
        [0.4003],
        [0.5606],
        [0.8856],
        [0.0441],
        [0.0789]], device='cuda:0', grad_fn=<SigmoidBackward0>)
Epoch [13/100], T_AUC: [4m0.8164[0m
Epoch [13/100], Loss: 13.6404
val_Accuracy: [92m0.7884[0m
val_Precision: [4;34m0.7953[0m,               val_Recall: [4;33m0.7680[0m,                 val_F1 Score: [4;35m0.7758[0m
æ ‡ç­¾é‡Œ1çš„ä¸ªæ•°:  430
æ ‡ç­¾é‡Œ0çš„ä¸ªæ•°:  430
æ€»æ•°:  860
æ­£ç¡®çš„ä¸ªæ•°:  678
Epoch [13/100], V_AUC: [4m0.7854[0m
Epoch [14/100], Loss: 57.9854
train_Accuracy: [91m0.8079[0m
train_Precision: [4;34m0.8007[0m,               train_Recall: [4;33m0.8300[0m,                 train_F1 Score: [4;35m0.8096[0m
æ ‡ç­¾é‡Œ1çš„ä¸ªæ•°:  2150
æ ‡ç­¾é‡Œ0çš„ä¸ªæ•°:  2150
æ€»æ•°:  4300
æ­£ç¡®çš„ä¸ªæ•°:  3474
æœ€åä¸€ä¸ªæ‰¹æ¬¡çš„è¾“å‡º, ä¸æ»¡batchsizeæ˜¯æ­£å¸¸çš„:
 tensor([[0.8935],
        [0.8306],
        [0.9609],
        [0.1263],
        [0.8057],
        [0.1010],
        [0.5247],
        [0.3930],
        [0.5757],
        [0.8888],
        [0.0415],
        [0.0966]], device='cuda:0', grad_fn=<SigmoidBackward0>)
Epoch [14/100], T_AUC: [4m0.8132[0m
Epoch [14/100], Loss: 13.7777
val_Accuracy: [92m0.7872[0m
val_Precision: [4;34m0.7878[0m,               val_Recall: [4;33m0.7759[0m,                 val_F1 Score: [4;35m0.7757[0m
æ ‡ç­¾é‡Œ1çš„ä¸ªæ•°:  430
æ ‡ç­¾é‡Œ0çš„ä¸ªæ•°:  430
æ€»æ•°:  860
æ­£ç¡®çš„ä¸ªæ•°:  677
Epoch [14/100], V_AUC: [4m0.7837[0m
Epoch [15/100], Loss: 57.8264
train_Accuracy: [91m0.8121[0m
train_Precision: [4;34m0.8040[0m,               train_Recall: [4;33m0.8348[0m,                 train_F1 Score: [4;35m0.8137[0m
æ ‡ç­¾é‡Œ1çš„ä¸ªæ•°:  2150
æ ‡ç­¾é‡Œ0çš„ä¸ªæ•°:  2150
æ€»æ•°:  4300
æ­£ç¡®çš„ä¸ªæ•°:  3492
æœ€åä¸€ä¸ªæ‰¹æ¬¡çš„è¾“å‡º, ä¸æ»¡batchsizeæ˜¯æ­£å¸¸çš„:
 tensor([[0.9041],
        [0.8352],
        [0.9626],
        [0.1191],
        [0.7996],
        [0.0880],
        [0.5297],
        [0.3754],
        [0.5446],
        [0.8837],
        [0.0440],
        [0.1161]], device='cuda:0', grad_fn=<SigmoidBackward0>)
Epoch [15/100], T_AUC: [4m0.8174[0m
Epoch [15/100], Loss: 13.6449
val_Accuracy: [92m0.7953[0m
val_Precision: [4;34m0.8041[0m,               val_Recall: [4;33m0.7687[0m,                 val_F1 Score: [4;35m0.7815[0m
æ ‡ç­¾é‡Œ1çš„ä¸ªæ•°:  430
æ ‡ç­¾é‡Œ0çš„ä¸ªæ•°:  430
æ€»æ•°:  860
æ­£ç¡®çš„ä¸ªæ•°:  684
Epoch [15/100], V_AUC: [4m0.7915[0m
Epoch [16/100], Loss: 57.6825
train_Accuracy: [91m0.8098[0m
train_Precision: [4;34m0.8013[0m,               train_Recall: [4;33m0.8338[0m,                 train_F1 Score: [4;35m0.8118[0m
æ ‡ç­¾é‡Œ1çš„ä¸ªæ•°:  2150
æ ‡ç­¾é‡Œ0çš„ä¸ªæ•°:  2150
æ€»æ•°:  4300
æ­£ç¡®çš„ä¸ªæ•°:  3482
æœ€åä¸€ä¸ªæ‰¹æ¬¡çš„è¾“å‡º, ä¸æ»¡batchsizeæ˜¯æ­£å¸¸çš„:
 tensor([[0.9051],
        [0.8376],
        [0.9631],
        [0.1352],
        [0.7923],
        [0.0889],
        [0.5283],
        [0.3524],
        [0.5527],
        [0.8836],
        [0.0422],
        [0.1048]], device='cuda:0', grad_fn=<SigmoidBackward0>)
Epoch [16/100], T_AUC: [4m0.8150[0m
Epoch [16/100], Loss: 13.7152
val_Accuracy: [92m0.7953[0m
val_Precision: [4;34m0.8050[0m,               val_Recall: [4;33m0.7692[0m,                 val_F1 Score: [4;35m0.7815[0m
æ ‡ç­¾é‡Œ1çš„ä¸ªæ•°:  430
æ ‡ç­¾é‡Œ0çš„ä¸ªæ•°:  430
æ€»æ•°:  860
æ­£ç¡®çš„ä¸ªæ•°:  684
Epoch [16/100], V_AUC: [4m0.7913[0m
Epoch [17/100], Loss: 57.5951
train_Accuracy: [91m0.8098[0m
train_Precision: [4;34m0.8003[0m,               train_Recall: [4;33m0.8348[0m,                 train_F1 Score: [4;35m0.8116[0m
æ ‡ç­¾é‡Œ1çš„ä¸ªæ•°:  2150
æ ‡ç­¾é‡Œ0çš„ä¸ªæ•°:  2150
æ€»æ•°:  4300
æ­£ç¡®çš„ä¸ªæ•°:  3482
æœ€åä¸€ä¸ªæ‰¹æ¬¡çš„è¾“å‡º, ä¸æ»¡batchsizeæ˜¯æ­£å¸¸çš„:
 tensor([[0.9142],
        [0.8488],
        [0.9581],
        [0.1366],
        [0.7939],
        [0.0814],
        [0.5398],
        [0.3288],
        [0.5464],
        [0.8914],
        [0.0479],
        [0.0862]], device='cuda:0', grad_fn=<SigmoidBackward0>)
Epoch [17/100], T_AUC: [4m0.8150[0m
Epoch [17/100], Loss: 13.7847
val_Accuracy: [92m0.7930[0m
val_Precision: [4;34m0.8061[0m,               val_Recall: [4;33m0.7605[0m,                 val_F1 Score: [4;35m0.7781[0m
æ ‡ç­¾é‡Œ1çš„ä¸ªæ•°:  430
æ ‡ç­¾é‡Œ0çš„ä¸ªæ•°:  430
æ€»æ•°:  860
æ­£ç¡®çš„ä¸ªæ•°:  682
Epoch [17/100], V_AUC: [4m0.7896[0m
Epoch [18/100], Loss: 57.5083
train_Accuracy: [91m0.8093[0m
train_Precision: [4;34m0.8020[0m,               train_Recall: [4;33m0.8315[0m,                 train_F1 Score: [4;35m0.8110[0m
æ ‡ç­¾é‡Œ1çš„ä¸ªæ•°:  2150
æ ‡ç­¾é‡Œ0çš„ä¸ªæ•°:  2150
æ€»æ•°:  4300
æ­£ç¡®çš„ä¸ªæ•°:  3480
æœ€åä¸€ä¸ªæ‰¹æ¬¡çš„è¾“å‡º, ä¸æ»¡batchsizeæ˜¯æ­£å¸¸çš„:
 tensor([[0.9160],
        [0.8528],
        [0.9503],
        [0.1304],
        [0.7997],
        [0.0851],
        [0.5711],
        [0.3832],
        [0.5633],
        [0.8939],
        [0.0391],
        [0.0932]], device='cuda:0', grad_fn=<SigmoidBackward0>)
Epoch [18/100], T_AUC: [4m0.8141[0m
Epoch [18/100], Loss: 13.5231
val_Accuracy: [92m0.7872[0m
val_Precision: [4;34m0.7861[0m,               val_Recall: [4;33m0.7788[0m,                 val_F1 Score: [4;35m0.7772[0m
æ ‡ç­¾é‡Œ1çš„ä¸ªæ•°:  430
æ ‡ç­¾é‡Œ0çš„ä¸ªæ•°:  430
æ€»æ•°:  860
æ­£ç¡®çš„ä¸ªæ•°:  677
Epoch [18/100], V_AUC: [4m0.7837[0m
Epoch [19/100], Loss: 57.3323
train_Accuracy: [91m0.8102[0m
train_Precision: [4;34m0.8011[0m,               train_Recall: [4;33m0.8355[0m,                 train_F1 Score: [4;35m0.8124[0m
æ ‡ç­¾é‡Œ1çš„ä¸ªæ•°:  2150
æ ‡ç­¾é‡Œ0çš„ä¸ªæ•°:  2150
æ€»æ•°:  4300
æ­£ç¡®çš„ä¸ªæ•°:  3484
æœ€åä¸€ä¸ªæ‰¹æ¬¡çš„è¾“å‡º, ä¸æ»¡batchsizeæ˜¯æ­£å¸¸çš„:
 tensor([[0.9141],
        [0.8521],
        [0.9510],
        [0.1313],
        [0.7996],
        [0.0857],
        [0.5618],
        [0.3553],
        [0.5648],
        [0.8922],
        [0.0416],
        [0.0934]], device='cuda:0', grad_fn=<SigmoidBackward0>)
Epoch [19/100], T_AUC: [4m0.8152[0m
Epoch [19/100], Loss: 13.6375
val_Accuracy: [92m0.7953[0m
val_Precision: [4;34m0.7963[0m,               val_Recall: [4;33m0.7805[0m,                 val_F1 Score: [4;35m0.7837[0m
æ ‡ç­¾é‡Œ1çš„ä¸ªæ•°:  430
æ ‡ç­¾é‡Œ0çš„ä¸ªæ•°:  430
æ€»æ•°:  860
æ­£ç¡®çš„ä¸ªæ•°:  684
Epoch [19/100], V_AUC: [4m0.7921[0m
Epoch [20/100], Loss: 57.2509
train_Accuracy: [91m0.8109[0m
train_Precision: [4;34m0.8017[0m,               train_Recall: [4;33m0.8355[0m,                 train_F1 Score: [4;35m0.8130[0m
æ ‡ç­¾é‡Œ1çš„ä¸ªæ•°:  2150
æ ‡ç­¾é‡Œ0çš„ä¸ªæ•°:  2150
æ€»æ•°:  4300
æ­£ç¡®çš„ä¸ªæ•°:  3487
æœ€åä¸€ä¸ªæ‰¹æ¬¡çš„è¾“å‡º, ä¸æ»¡batchsizeæ˜¯æ­£å¸¸çš„:
 tensor([[0.9173],
        [0.8636],
        [0.9577],
        [0.1386],
        [0.7841],
        [0.0820],
        [0.5486],
        [0.3174],
        [0.5627],
        [0.8946],
        [0.0400],
        [0.0968]], device='cuda:0', grad_fn=<SigmoidBackward0>)
Epoch [20/100], T_AUC: [4m0.8158[0m
Epoch [20/100], Loss: 13.8400
val_Accuracy: [92m0.7930[0m
val_Precision: [4;34m0.7997[0m,               val_Recall: [4;33m0.7691[0m,                 val_F1 Score: [4;35m0.7797[0m
æ ‡ç­¾é‡Œ1çš„ä¸ªæ•°:  430
æ ‡ç­¾é‡Œ0çš„ä¸ªæ•°:  430
æ€»æ•°:  860
æ­£ç¡®çš„ä¸ªæ•°:  682
Epoch [20/100], V_AUC: [4m0.7897[0m
Epoch [21/100], Loss: 57.1549
train_Accuracy: [91m0.8126[0m
train_Precision: [4;34m0.8038[0m,               train_Recall: [4;33m0.8365[0m,                 train_F1 Score: [4;35m0.8145[0m
æ ‡ç­¾é‡Œ1çš„ä¸ªæ•°:  2150
æ ‡ç­¾é‡Œ0çš„ä¸ªæ•°:  2150
æ€»æ•°:  4300
æ­£ç¡®çš„ä¸ªæ•°:  3494
æœ€åä¸€ä¸ªæ‰¹æ¬¡çš„è¾“å‡º, ä¸æ»¡batchsizeæ˜¯æ­£å¸¸çš„:
 tensor([[0.9176],
        [0.8646],
        [0.9552],
        [0.1470],
        [0.7971],
        [0.0889],
        [0.5697],
        [0.3174],
        [0.5743],
        [0.8872],
        [0.0373],
        [0.0909]], device='cuda:0', grad_fn=<SigmoidBackward0>)
Epoch [21/100], T_AUC: [4m0.8174[0m
Epoch [21/100], Loss: 13.6572
val_Accuracy: [92m0.7919[0m
val_Precision: [4;34m0.7922[0m,               val_Recall: [4;33m0.7805[0m,                 val_F1 Score: [4;35m0.7811[0m
æ ‡ç­¾é‡Œ1çš„ä¸ªæ•°:  430
æ ‡ç­¾é‡Œ0çš„ä¸ªæ•°:  430
æ€»æ•°:  860
æ­£ç¡®çš„ä¸ªæ•°:  681
Epoch [21/100], V_AUC: [4m0.7889[0m
Epoch [22/100], Loss: 57.1417
train_Accuracy: [91m0.8105[0m
train_Precision: [4;34m0.7989[0m,               train_Recall: [4;33m0.8391[0m,                 train_F1 Score: [4;35m0.8132[0m
æ ‡ç­¾é‡Œ1çš„ä¸ªæ•°:  2150
æ ‡ç­¾é‡Œ0çš„ä¸ªæ•°:  2150
æ€»æ•°:  4300
æ­£ç¡®çš„ä¸ªæ•°:  3485
æœ€åä¸€ä¸ªæ‰¹æ¬¡çš„è¾“å‡º, ä¸æ»¡batchsizeæ˜¯æ­£å¸¸çš„:
 tensor([[0.9240],
        [0.8630],
        [0.9517],
        [0.1273],
        [0.8077],
        [0.0745],
        [0.6017],
        [0.2709],
        [0.5739],
        [0.8901],
        [0.0419],
        [0.0837]], device='cuda:0', grad_fn=<SigmoidBackward0>)
Epoch [22/100], T_AUC: [4m0.8150[0m
Epoch [22/100], Loss: 14.0101
val_Accuracy: [92m0.7988[0m
val_Precision: [4;34m0.8116[0m,               val_Recall: [4;33m0.7643[0m,                 val_F1 Score: [4;35m0.7836[0m
æ ‡ç­¾é‡Œ1çš„ä¸ªæ•°:  430
æ ‡ç­¾é‡Œ0çš„ä¸ªæ•°:  430
æ€»æ•°:  860
æ­£ç¡®çš„ä¸ªæ•°:  687
Epoch [22/100], V_AUC: [4m0.7947[0m
Epoch [23/100], Loss: 56.9725
train_Accuracy: [91m0.8128[0m
train_Precision: [4;34m0.8032[0m,               train_Recall: [4;33m0.8390[0m,                 train_F1 Score: [4;35m0.8152[0m
æ ‡ç­¾é‡Œ1çš„ä¸ªæ•°:  2150
æ ‡ç­¾é‡Œ0çš„ä¸ªæ•°:  2150
æ€»æ•°:  4300
æ­£ç¡®çš„ä¸ªæ•°:  3495
æœ€åä¸€ä¸ªæ‰¹æ¬¡çš„è¾“å‡º, ä¸æ»¡batchsizeæ˜¯æ­£å¸¸çš„:
 tensor([[0.9216],
        [0.8329],
        [0.9494],
        [0.1459],
        [0.8156],
        [0.0942],
        [0.5576],
        [0.3372],
        [0.5827],
        [0.8869],
        [0.0386],
        [0.0870]], device='cuda:0', grad_fn=<SigmoidBackward0>)
Epoch [23/100], T_AUC: [4m0.8178[0m
Epoch [23/100], Loss: 13.8565
val_Accuracy: [92m0.7930[0m
val_Precision: [4;34m0.8095[0m,               val_Recall: [4;33m0.7564[0m,                 val_F1 Score: [4;35m0.7772[0m
æ ‡ç­¾é‡Œ1çš„ä¸ªæ•°:  430
æ ‡ç­¾é‡Œ0çš„ä¸ªæ•°:  430
æ€»æ•°:  860
æ­£ç¡®çš„ä¸ªæ•°:  682
Epoch [23/100], V_AUC: [4m0.7894[0m
Epoch [24/100], Loss: 57.0078
train_Accuracy: [91m0.8149[0m
train_Precision: [4;34m0.8049[0m,               train_Recall: [4;33m0.8410[0m,                 train_F1 Score: [4;35m0.8170[0m
æ ‡ç­¾é‡Œ1çš„ä¸ªæ•°:  2150
æ ‡ç­¾é‡Œ0çš„ä¸ªæ•°:  2150
æ€»æ•°:  4300
æ­£ç¡®çš„ä¸ªæ•°:  3504
æœ€åä¸€ä¸ªæ‰¹æ¬¡çš„è¾“å‡º, ä¸æ»¡batchsizeæ˜¯æ­£å¸¸çš„:
 tensor([[0.9196],
        [0.8396],
        [0.9526],
        [0.1492],
        [0.8104],
        [0.0918],
        [0.5652],
        [0.3630],
        [0.5943],
        [0.8790],
        [0.0364],
        [0.0808]], device='cuda:0', grad_fn=<SigmoidBackward0>)
Epoch [24/100], T_AUC: [4m0.8202[0m
Epoch [24/100], Loss: 13.7569
val_Accuracy: [92m0.7860[0m
val_Precision: [4;34m0.7860[0m,               val_Recall: [4;33m0.7744[0m,                 val_F1 Score: [4;35m0.7755[0m
æ ‡ç­¾é‡Œ1çš„ä¸ªæ•°:  430
æ ‡ç­¾é‡Œ0çš„ä¸ªæ•°:  430
æ€»æ•°:  860
æ­£ç¡®çš„ä¸ªæ•°:  676
Epoch [24/100], V_AUC: [4m0.7826[0m
Epoch [25/100], Loss: 56.7933
train_Accuracy: [91m0.8140[0m
train_Precision: [4;34m0.8032[0m,               train_Recall: [4;33m0.8413[0m,                 train_F1 Score: [4;35m0.8165[0m
æ ‡ç­¾é‡Œ1çš„ä¸ªæ•°:  2150
æ ‡ç­¾é‡Œ0çš„ä¸ªæ•°:  2150
æ€»æ•°:  4300
æ­£ç¡®çš„ä¸ªæ•°:  3500
æœ€åä¸€ä¸ªæ‰¹æ¬¡çš„è¾“å‡º, ä¸æ»¡batchsizeæ˜¯æ­£å¸¸çš„:
 tensor([[0.9100],
        [0.8323],
        [0.9536],
        [0.1490],
        [0.8114],
        [0.0957],
        [0.5895],
        [0.3504],
        [0.6220],
        [0.8741],
        [0.0359],
        [0.0774]], device='cuda:0', grad_fn=<SigmoidBackward0>)
Epoch [25/100], T_AUC: [4m0.8195[0m
Epoch [25/100], Loss: 13.6343
val_Accuracy: [92m0.7837[0m
val_Precision: [4;34m0.7787[0m,               val_Recall: [4;33m0.7787[0m,                 val_F1 Score: [4;35m0.7740[0m
æ ‡ç­¾é‡Œ1çš„ä¸ªæ•°:  430
æ ‡ç­¾é‡Œ0çš„ä¸ªæ•°:  430
æ€»æ•°:  860
æ­£ç¡®çš„ä¸ªæ•°:  674
Epoch [25/100], V_AUC: [4m0.7803[0m
Epoch [26/100], Loss: 56.6247
train_Accuracy: [91m0.8135[0m
train_Precision: [4;34m0.8028[0m,               train_Recall: [4;33m0.8409[0m,                 train_F1 Score: [4;35m0.8160[0m
æ ‡ç­¾é‡Œ1çš„ä¸ªæ•°:  2150
æ ‡ç­¾é‡Œ0çš„ä¸ªæ•°:  2150
æ€»æ•°:  4300
æ­£ç¡®çš„ä¸ªæ•°:  3498
æœ€åä¸€ä¸ªæ‰¹æ¬¡çš„è¾“å‡º, ä¸æ»¡batchsizeæ˜¯æ­£å¸¸çš„:
 tensor([[0.9077],
        [0.8393],
        [0.9582],
        [0.1252],
        [0.8139],
        [0.0873],
        [0.5796],
        [0.3051],
        [0.6167],
        [0.8772],
        [0.0451],
        [0.0899]], device='cuda:0', grad_fn=<SigmoidBackward0>)
Epoch [26/100], T_AUC: [4m0.8187[0m
Epoch [26/100], Loss: 13.6628
val_Accuracy: [92m0.7849[0m
val_Precision: [4;34m0.7885[0m,               val_Recall: [4;33m0.7700[0m,                 val_F1 Score: [4;35m0.7737[0m
æ ‡ç­¾é‡Œ1çš„ä¸ªæ•°:  430
æ ‡ç­¾é‡Œ0çš„ä¸ªæ•°:  430
æ€»æ•°:  860
æ­£ç¡®çš„ä¸ªæ•°:  675
Epoch [26/100], V_AUC: [4m0.7817[0m
Epoch [27/100], Loss: 56.5888
train_Accuracy: [91m0.8167[0m
train_Precision: [4;34m0.8053[0m,               train_Recall: [4;33m0.8450[0m,                 train_F1 Score: [4;35m0.8194[0m
æ ‡ç­¾é‡Œ1çš„ä¸ªæ•°:  2150
æ ‡ç­¾é‡Œ0çš„ä¸ªæ•°:  2150
æ€»æ•°:  4300
æ­£ç¡®çš„ä¸ªæ•°:  3512
æœ€åä¸€ä¸ªæ‰¹æ¬¡çš„è¾“å‡º, ä¸æ»¡batchsizeæ˜¯æ­£å¸¸çš„:
 tensor([[0.9062],
        [0.8369],
        [0.9530],
        [0.1427],
        [0.8270],
        [0.0965],
        [0.5520],
        [0.3414],
        [0.6115],
        [0.8782],
        [0.0357],
        [0.0857]], device='cuda:0', grad_fn=<SigmoidBackward0>)
Epoch [27/100], T_AUC: [4m0.8220[0m
Epoch [27/100], Loss: 13.5707
val_Accuracy: [92m0.7872[0m
val_Precision: [4;34m0.7893[0m,               val_Recall: [4;33m0.7751[0m,                 val_F1 Score: [4;35m0.7768[0m
æ ‡ç­¾é‡Œ1çš„ä¸ªæ•°:  430
æ ‡ç­¾é‡Œ0çš„ä¸ªæ•°:  430
æ€»æ•°:  860
æ­£ç¡®çš„ä¸ªæ•°:  677
Epoch [27/100], V_AUC: [4m0.7847[0m
Epoch [28/100], Loss: 56.4819
train_Accuracy: [91m0.8163[0m
train_Precision: [4;34m0.8046[0m,               train_Recall: [4;33m0.8453[0m,                 train_F1 Score: [4;35m0.8190[0m
æ ‡ç­¾é‡Œ1çš„ä¸ªæ•°:  2150
æ ‡ç­¾é‡Œ0çš„ä¸ªæ•°:  2150
æ€»æ•°:  4300
æ­£ç¡®çš„ä¸ªæ•°:  3510
æœ€åä¸€ä¸ªæ‰¹æ¬¡çš„è¾“å‡º, ä¸æ»¡batchsizeæ˜¯æ­£å¸¸çš„:
 tensor([[0.9037],
        [0.8392],
        [0.9576],
        [0.1307],
        [0.8059],
        [0.0792],
        [0.5780],
        [0.3031],
        [0.6192],
        [0.8729],
        [0.0464],
        [0.0927]], device='cuda:0', grad_fn=<SigmoidBackward0>)
Epoch [28/100], T_AUC: [4m0.8217[0m
Epoch [28/100], Loss: 13.7533
val_Accuracy: [92m0.7884[0m
val_Precision: [4;34m0.8029[0m,               val_Recall: [4;33m0.7586[0m,                 val_F1 Score: [4;35m0.7741[0m
æ ‡ç­¾é‡Œ1çš„ä¸ªæ•°:  430
æ ‡ç­¾é‡Œ0çš„ä¸ªæ•°:  430
æ€»æ•°:  860
æ­£ç¡®çš„ä¸ªæ•°:  678
Epoch [28/100], V_AUC: [4m0.7845[0m
Epoch [29/100], Loss: 56.4411
train_Accuracy: [91m0.8163[0m
train_Precision: [4;34m0.8037[0m,               train_Recall: [4;33m0.8466[0m,                 train_F1 Score: [4;35m0.8192[0m
æ ‡ç­¾é‡Œ1çš„ä¸ªæ•°:  2150
æ ‡ç­¾é‡Œ0çš„ä¸ªæ•°:  2150
æ€»æ•°:  4300
æ­£ç¡®çš„ä¸ªæ•°:  3510
æœ€åä¸€ä¸ªæ‰¹æ¬¡çš„è¾“å‡º, ä¸æ»¡batchsizeæ˜¯æ­£å¸¸çš„:
 tensor([[0.9047],
        [0.8368],
        [0.9514],
        [0.1331],
        [0.8134],
        [0.0865],
        [0.5634],
        [0.3671],
        [0.6417],
        [0.8731],
        [0.0381],
        [0.0783]], device='cuda:0', grad_fn=<SigmoidBackward0>)
Epoch [29/100], T_AUC: [4m0.8218[0m
Epoch [29/100], Loss: 13.6733
val_Accuracy: [92m0.7895[0m
val_Precision: [4;34m0.7936[0m,               val_Recall: [4;33m0.7723[0m,                 val_F1 Score: [4;35m0.7776[0m
æ ‡ç­¾é‡Œ1çš„ä¸ªæ•°:  430
æ ‡ç­¾é‡Œ0çš„ä¸ªæ•°:  430
æ€»æ•°:  860
æ­£ç¡®çš„ä¸ªæ•°:  679
Epoch [29/100], V_AUC: [4m0.7868[0m
Epoch [30/100], Loss: 56.4161
train_Accuracy: [91m0.8174[0m
train_Precision: [4;34m0.8038[0m,               train_Recall: [4;33m0.8491[0m,                 train_F1 Score: [4;35m0.8202[0m
æ ‡ç­¾é‡Œ1çš„ä¸ªæ•°:  2150
æ ‡ç­¾é‡Œ0çš„ä¸ªæ•°:  2150
æ€»æ•°:  4300
æ­£ç¡®çš„ä¸ªæ•°:  3515
æœ€åä¸€ä¸ªæ‰¹æ¬¡çš„è¾“å‡º, ä¸æ»¡batchsizeæ˜¯æ­£å¸¸çš„:
 tensor([[0.8715],
        [0.8259],
        [0.9613],
        [0.2235],
        [0.8213],
        [0.0868],
        [0.4810],
        [0.3349],
        [0.6563],
        [0.8462],
        [0.0187],
        [0.1548]], device='cuda:0', grad_fn=<SigmoidBackward0>)
Epoch [30/100], T_AUC: [4m0.8233[0m
Epoch [30/100], Loss: 14.0269
val_Accuracy: [92m0.7872[0m
val_Precision: [4;34m0.8078[0m,               val_Recall: [4;33m0.7431[0m,                 val_F1 Score: [4;35m0.7692[0m
æ ‡ç­¾é‡Œ1çš„ä¸ªæ•°:  430
æ ‡ç­¾é‡Œ0çš„ä¸ªæ•°:  430
æ€»æ•°:  860
æ­£ç¡®çš„ä¸ªæ•°:  677
Epoch [30/100], V_AUC: [4m0.7833[0m
Epoch [31/100], Loss: 56.5710
train_Accuracy: [91m0.8165[0m
train_Precision: [4;34m0.8040[0m,               train_Recall: [4;33m0.8467[0m,                 train_F1 Score: [4;35m0.8192[0m
æ ‡ç­¾é‡Œ1çš„ä¸ªæ•°:  2150
æ ‡ç­¾é‡Œ0çš„ä¸ªæ•°:  2150
æ€»æ•°:  4300
æ­£ç¡®çš„ä¸ªæ•°:  3511
æœ€åä¸€ä¸ªæ‰¹æ¬¡çš„è¾“å‡º, ä¸æ»¡batchsizeæ˜¯æ­£å¸¸çš„:
 tensor([[0.8976],
        [0.8408],
        [0.9511],
        [0.1184],
        [0.8256],
        [0.0751],
        [0.5621],
        [0.3770],
        [0.6449],
        [0.8743],
        [0.0423],
        [0.0900]], device='cuda:0', grad_fn=<SigmoidBackward0>)
Epoch [31/100], T_AUC: [4m0.8222[0m
Epoch [31/100], Loss: 13.6322
val_Accuracy: [92m0.7895[0m
val_Precision: [4;34m0.7932[0m,               val_Recall: [4;33m0.7720[0m,                 val_F1 Score: [4;35m0.7767[0m
æ ‡ç­¾é‡Œ1çš„ä¸ªæ•°:  430
æ ‡ç­¾é‡Œ0çš„ä¸ªæ•°:  430
æ€»æ•°:  860
æ­£ç¡®çš„ä¸ªæ•°:  679
Epoch [31/100], V_AUC: [4m0.7858[0m
Epoch [32/100], Loss: 56.3166
train_Accuracy: [91m0.8179[0m
train_Precision: [4;34m0.8045[0m,               train_Recall: [4;33m0.8483[0m,                 train_F1 Score: [4;35m0.8204[0m
æ ‡ç­¾é‡Œ1çš„ä¸ªæ•°:  2150
æ ‡ç­¾é‡Œ0çš„ä¸ªæ•°:  2150
æ€»æ•°:  4300
æ­£ç¡®çš„ä¸ªæ•°:  3517
æœ€åä¸€ä¸ªæ‰¹æ¬¡çš„è¾“å‡º, ä¸æ»¡batchsizeæ˜¯æ­£å¸¸çš„:
 tensor([[0.8916],
        [0.8259],
        [0.9575],
        [0.1168],
        [0.8212],
        [0.0710],
        [0.5641],
        [0.3031],
        [0.6486],
        [0.8744],
        [0.0436],
        [0.1176]], device='cuda:0', grad_fn=<SigmoidBackward0>)
Epoch [32/100], T_AUC: [4m0.8235[0m
Epoch [32/100], Loss: 13.6783
val_Accuracy: [92m0.7849[0m
val_Precision: [4;34m0.7857[0m,               val_Recall: [4;33m0.7700[0m,                 val_F1 Score: [4;35m0.7729[0m
æ ‡ç­¾é‡Œ1çš„ä¸ªæ•°:  430
æ ‡ç­¾é‡Œ0çš„ä¸ªæ•°:  430
æ€»æ•°:  860
æ­£ç¡®çš„ä¸ªæ•°:  675
Epoch [32/100], V_AUC: [4m0.7815[0m
Epoch [33/100], Loss: 56.5504
train_Accuracy: [91m0.8172[0m
train_Precision: [4;34m0.8070[0m,               train_Recall: [4;33m0.8436[0m,                 train_F1 Score: [4;35m0.8192[0m
æ ‡ç­¾é‡Œ1çš„ä¸ªæ•°:  2150
æ ‡ç­¾é‡Œ0çš„ä¸ªæ•°:  2150
æ€»æ•°:  4300
æ­£ç¡®çš„ä¸ªæ•°:  3514
æœ€åä¸€ä¸ªæ‰¹æ¬¡çš„è¾“å‡º, ä¸æ»¡batchsizeæ˜¯æ­£å¸¸çš„:
 tensor([[0.8851],
        [0.8222],
        [0.9571],
        [0.1246],
        [0.8111],
        [0.0915],
        [0.5624],
        [0.3702],
        [0.6469],
        [0.8689],
        [0.0377],
        [0.0986]], device='cuda:0', grad_fn=<SigmoidBackward0>)
Epoch [33/100], T_AUC: [4m0.8231[0m
Epoch [33/100], Loss: 13.5179
val_Accuracy: [92m0.7826[0m
val_Precision: [4;34m0.7751[0m,               val_Recall: [4;33m0.7839[0m,                 val_F1 Score: [4;35m0.7744[0m
æ ‡ç­¾é‡Œ1çš„ä¸ªæ•°:  430
æ ‡ç­¾é‡Œ0çš„ä¸ªæ•°:  430
æ€»æ•°:  860
æ­£ç¡®çš„ä¸ªæ•°:  673
Epoch [33/100], V_AUC: [4m0.7796[0m
Epoch [34/100], Loss: 56.3122
train_Accuracy: [91m0.8177[0m
train_Precision: [4;34m0.8057[0m,               train_Recall: [4;33m0.8469[0m,                 train_F1 Score: [4;35m0.8204[0m
æ ‡ç­¾é‡Œ1çš„ä¸ªæ•°:  2150
æ ‡ç­¾é‡Œ0çš„ä¸ªæ•°:  2150
æ€»æ•°:  4300
æ­£ç¡®çš„ä¸ªæ•°:  3516
æœ€åä¸€ä¸ªæ‰¹æ¬¡çš„è¾“å‡º, ä¸æ»¡batchsizeæ˜¯æ­£å¸¸çš„:
 tensor([[0.8914],
        [0.8232],
        [0.9587],
        [0.1082],
        [0.8053],
        [0.0736],
        [0.5866],
        [0.3908],
        [0.6471],
        [0.8688],
        [0.0401],
        [0.1098]], device='cuda:0', grad_fn=<SigmoidBackward0>)
Epoch [34/100], T_AUC: [4m0.8235[0m
Epoch [34/100], Loss: 13.6509
val_Accuracy: [92m0.7849[0m
val_Precision: [4;34m0.7833[0m,               val_Recall: [4;33m0.7764[0m,                 val_F1 Score: [4;35m0.7742[0m
æ ‡ç­¾é‡Œ1çš„ä¸ªæ•°:  430
æ ‡ç­¾é‡Œ0çš„ä¸ªæ•°:  430
æ€»æ•°:  860
æ­£ç¡®çš„ä¸ªæ•°:  675
Epoch [34/100], V_AUC: [4m0.7815[0m
Epoch [35/100], Loss: 56.0330
train_Accuracy: [91m0.8160[0m
train_Precision: [4;34m0.8027[0m,               train_Recall: [4;33m0.8465[0m,                 train_F1 Score: [4;35m0.8190[0m
æ ‡ç­¾é‡Œ1çš„ä¸ªæ•°:  2150
æ ‡ç­¾é‡Œ0çš„ä¸ªæ•°:  2150
æ€»æ•°:  4300
æ­£ç¡®çš„ä¸ªæ•°:  3509
æœ€åä¸€ä¸ªæ‰¹æ¬¡çš„è¾“å‡º, ä¸æ»¡batchsizeæ˜¯æ­£å¸¸çš„:
 tensor([[0.8957],
        [0.8239],
        [0.9586],
        [0.1238],
        [0.7976],
        [0.0757],
        [0.6516],
        [0.3144],
        [0.6647],
        [0.8637],
        [0.0345],
        [0.1109]], device='cuda:0', grad_fn=<SigmoidBackward0>)
Epoch [35/100], T_AUC: [4m0.8211[0m
Epoch [35/100], Loss: 13.9133
val_Accuracy: [92m0.7884[0m
val_Precision: [4;34m0.7909[0m,               val_Recall: [4;33m0.7718[0m,                 val_F1 Score: [4;35m0.7760[0m
æ ‡ç­¾é‡Œ1çš„ä¸ªæ•°:  430
æ ‡ç­¾é‡Œ0çš„ä¸ªæ•°:  430
æ€»æ•°:  860
æ­£ç¡®çš„ä¸ªæ•°:  678
Epoch [35/100], V_AUC: [4m0.7850[0m
Epoch [36/100], Loss: 56.0924
train_Accuracy: [91m0.8160[0m
train_Precision: [4;34m0.8030[0m,               train_Recall: [4;33m0.8477[0m,                 train_F1 Score: [4;35m0.8191[0m
æ ‡ç­¾é‡Œ1çš„ä¸ªæ•°:  2150
æ ‡ç­¾é‡Œ0çš„ä¸ªæ•°:  2150
æ€»æ•°:  4300
æ­£ç¡®çš„ä¸ªæ•°:  3509
æœ€åä¸€ä¸ªæ‰¹æ¬¡çš„è¾“å‡º, ä¸æ»¡batchsizeæ˜¯æ­£å¸¸çš„:
 tensor([[0.8763],
        [0.8076],
        [0.9645],
        [0.1454],
        [0.7972],
        [0.0616],
        [0.6274],
        [0.3546],
        [0.6740],
        [0.8618],
        [0.0330],
        [0.1021]], device='cuda:0', grad_fn=<SigmoidBackward0>)
Epoch [36/100], T_AUC: [4m0.8218[0m
Epoch [36/100], Loss: 13.9132
val_Accuracy: [92m0.7849[0m
val_Precision: [4;34m0.7907[0m,               val_Recall: [4;33m0.7623[0m,                 val_F1 Score: [4;35m0.7705[0m
æ ‡ç­¾é‡Œ1çš„ä¸ªæ•°:  430
æ ‡ç­¾é‡Œ0çš„ä¸ªæ•°:  430
æ€»æ•°:  860
æ­£ç¡®çš„ä¸ªæ•°:  675
Epoch [36/100], V_AUC: [4m0.7807[0m
Epoch [37/100], Loss: 56.0381
train_Accuracy: [91m0.8191[0m
train_Precision: [4;34m0.8054[0m,               train_Recall: [4;33m0.8488[0m,                 train_F1 Score: [4;35m0.8214[0m
æ ‡ç­¾é‡Œ1çš„ä¸ªæ•°:  2150
æ ‡ç­¾é‡Œ0çš„ä¸ªæ•°:  2150
æ€»æ•°:  4300
æ­£ç¡®çš„ä¸ªæ•°:  3522
æœ€åä¸€ä¸ªæ‰¹æ¬¡çš„è¾“å‡º, ä¸æ»¡batchsizeæ˜¯æ­£å¸¸çš„:
 tensor([[0.8828],
        [0.8142],
        [0.9629],
        [0.1156],
        [0.8063],
        [0.0722],
        [0.6061],
        [0.3286],
        [0.6895],
        [0.8725],
        [0.0346],
        [0.1150]], device='cuda:0', grad_fn=<SigmoidBackward0>)
Epoch [37/100], T_AUC: [4m0.8239[0m
Epoch [37/100], Loss: 13.8118
val_Accuracy: [92m0.7814[0m
val_Precision: [4;34m0.7819[0m,               val_Recall: [4;33m0.7719[0m,                 val_F1 Score: [4;35m0.7700[0m
æ ‡ç­¾é‡Œ1çš„ä¸ªæ•°:  430
æ ‡ç­¾é‡Œ0çš„ä¸ªæ•°:  430
æ€»æ•°:  860
æ­£ç¡®çš„ä¸ªæ•°:  672
Epoch [37/100], V_AUC: [4m0.7785[0m
Epoch [38/100], Loss: 56.0113
train_Accuracy: [91m0.8195[0m
train_Precision: [4;34m0.8058[0m,               train_Recall: [4;33m0.8505[0m,                 train_F1 Score: [4;35m0.8221[0m
æ ‡ç­¾é‡Œ1çš„ä¸ªæ•°:  2150
æ ‡ç­¾é‡Œ0çš„ä¸ªæ•°:  2150
æ€»æ•°:  4300
æ­£ç¡®çš„ä¸ªæ•°:  3524
æœ€åä¸€ä¸ªæ‰¹æ¬¡çš„è¾“å‡º, ä¸æ»¡batchsizeæ˜¯æ­£å¸¸çš„:
 tensor([[0.8872],
        [0.8063],
        [0.9596],
        [0.1026],
        [0.8079],
        [0.0759],
        [0.6167],
        [0.3513],
        [0.6861],
        [0.8724],
        [0.0340],
        [0.1182]], device='cuda:0', grad_fn=<SigmoidBackward0>)
Epoch [38/100], T_AUC: [4m0.8250[0m
Epoch [38/100], Loss: 13.7214
val_Accuracy: [92m0.7860[0m
val_Precision: [4;34m0.7885[0m,               val_Recall: [4;33m0.7757[0m,                 val_F1 Score: [4;35m0.7760[0m
æ ‡ç­¾é‡Œ1çš„ä¸ªæ•°:  430
æ ‡ç­¾é‡Œ0çš„ä¸ªæ•°:  430
æ€»æ•°:  860
æ­£ç¡®çš„ä¸ªæ•°:  676
Epoch [38/100], V_AUC: [4m0.7835[0m
Epoch [39/100], Loss: 56.1629
train_Accuracy: [91m0.8174[0m
train_Precision: [4;34m0.8036[0m,               train_Recall: [4;33m0.8484[0m,                 train_F1 Score: [4;35m0.8200[0m
æ ‡ç­¾é‡Œ1çš„ä¸ªæ•°:  2150
æ ‡ç­¾é‡Œ0çš„ä¸ªæ•°:  2150
æ€»æ•°:  4300
æ­£ç¡®çš„ä¸ªæ•°:  3515
æœ€åä¸€ä¸ªæ‰¹æ¬¡çš„è¾“å‡º, ä¸æ»¡batchsizeæ˜¯æ­£å¸¸çš„:
 tensor([[0.8796],
        [0.8025],
        [0.9641],
        [0.1176],
        [0.8151],
        [0.0844],
        [0.6234],
        [0.3640],
        [0.6968],
        [0.8740],
        [0.0288],
        [0.0948]], device='cuda:0', grad_fn=<SigmoidBackward0>)
Epoch [39/100], T_AUC: [4m0.8229[0m
Epoch [39/100], Loss: 13.8499
val_Accuracy: [92m0.7814[0m
val_Precision: [4;34m0.7803[0m,               val_Recall: [4;33m0.7759[0m,                 val_F1 Score: [4;35m0.7726[0m
æ ‡ç­¾é‡Œ1çš„ä¸ªæ•°:  430
æ ‡ç­¾é‡Œ0çš„ä¸ªæ•°:  430
æ€»æ•°:  860
æ­£ç¡®çš„ä¸ªæ•°:  672
Epoch [39/100], V_AUC: [4m0.7790[0m
Epoch [40/100], Loss: 56.1002
train_Accuracy: [91m0.8165[0m
train_Precision: [4;34m0.8006[0m,               train_Recall: [4;33m0.8498[0m,                 train_F1 Score: [4;35m0.8193[0m
æ ‡ç­¾é‡Œ1çš„ä¸ªæ•°:  2150
æ ‡ç­¾é‡Œ0çš„ä¸ªæ•°:  2150
æ€»æ•°:  4300
æ­£ç¡®çš„ä¸ªæ•°:  3511
æœ€åä¸€ä¸ªæ‰¹æ¬¡çš„è¾“å‡º, ä¸æ»¡batchsizeæ˜¯æ­£å¸¸çš„:
 tensor([[0.8823],
        [0.7748],
        [0.9612],
        [0.1178],
        [0.8093],
        [0.0786],
        [0.6397],
        [0.4088],
        [0.7184],
        [0.8814],
        [0.0275],
        [0.0956]], device='cuda:0', grad_fn=<SigmoidBackward0>)
Epoch [40/100], T_AUC: [4m0.8217[0m
Epoch [40/100], Loss: 13.7158
val_Accuracy: [92m0.7826[0m
val_Precision: [4;34m0.7761[0m,               val_Recall: [4;33m0.7850[0m,                 val_F1 Score: [4;35m0.7761[0m
æ ‡ç­¾é‡Œ1çš„ä¸ªæ•°:  430
æ ‡ç­¾é‡Œ0çš„ä¸ªæ•°:  430
æ€»æ•°:  860
æ­£ç¡®çš„ä¸ªæ•°:  673
Epoch [40/100], V_AUC: [4m0.7798[0m
Epoch [41/100], Loss: 56.0659
train_Accuracy: [91m0.8149[0m
train_Precision: [4;34m0.8013[0m,               train_Recall: [4;33m0.8463[0m,                 train_F1 Score: [4;35m0.8181[0m
æ ‡ç­¾é‡Œ1çš„ä¸ªæ•°:  2150
æ ‡ç­¾é‡Œ0çš„ä¸ªæ•°:  2150
æ€»æ•°:  4300
æ­£ç¡®çš„ä¸ªæ•°:  3504
æœ€åä¸€ä¸ªæ‰¹æ¬¡çš„è¾“å‡º, ä¸æ»¡batchsizeæ˜¯æ­£å¸¸çš„:
 tensor([[0.8887],
        [0.8383],
        [0.9677],
        [0.1077],
        [0.7903],
        [0.0798],
        [0.6317],
        [0.3956],
        [0.6229],
        [0.8789],
        [0.0341],
        [0.0896]], device='cuda:0', grad_fn=<SigmoidBackward0>)
Epoch [41/100], T_AUC: [4m0.8201[0m
Epoch [41/100], Loss: 13.6542
val_Accuracy: [92m0.7814[0m
val_Precision: [4;34m0.7816[0m,               val_Recall: [4;33m0.7706[0m,                 val_F1 Score: [4;35m0.7720[0m
æ ‡ç­¾é‡Œ1çš„ä¸ªæ•°:  430
æ ‡ç­¾é‡Œ0çš„ä¸ªæ•°:  430
æ€»æ•°:  860
æ­£ç¡®çš„ä¸ªæ•°:  672
Epoch [41/100], V_AUC: [4m0.7779[0m
Epoch [42/100], Loss: 55.9725
train_Accuracy: [91m0.8140[0m
train_Precision: [4;34m0.8006[0m,               train_Recall: [4;33m0.8446[0m,                 train_F1 Score: [4;35m0.8168[0m
æ ‡ç­¾é‡Œ1çš„ä¸ªæ•°:  2150
æ ‡ç­¾é‡Œ0çš„ä¸ªæ•°:  2150
æ€»æ•°:  4300
æ­£ç¡®çš„ä¸ªæ•°:  3500
æœ€åä¸€ä¸ªæ‰¹æ¬¡çš„è¾“å‡º, ä¸æ»¡batchsizeæ˜¯æ­£å¸¸çš„:
 tensor([[0.8907],
        [0.8399],
        [0.9573],
        [0.1332],
        [0.8001],
        [0.0784],
        [0.5948],
        [0.3489],
        [0.6619],
        [0.8829],
        [0.0282],
        [0.0982]], device='cuda:0', grad_fn=<SigmoidBackward0>)
Epoch [42/100], T_AUC: [4m0.8189[0m
Epoch [42/100], Loss: 13.6479
val_Accuracy: [92m0.7860[0m
val_Precision: [4;34m0.7905[0m,               val_Recall: [4;33m0.7716[0m,                 val_F1 Score: [4;35m0.7759[0m
æ ‡ç­¾é‡Œ1çš„ä¸ªæ•°:  430
æ ‡ç­¾é‡Œ0çš„ä¸ªæ•°:  430
æ€»æ•°:  860
æ­£ç¡®çš„ä¸ªæ•°:  676
Epoch [42/100], V_AUC: [4m0.7839[0m
Epoch [43/100], Loss: 56.0739
train_Accuracy: [91m0.8149[0m
train_Precision: [4;34m0.8010[0m,               train_Recall: [4;33m0.8461[0m,                 train_F1 Score: [4;35m0.8181[0m
æ ‡ç­¾é‡Œ1çš„ä¸ªæ•°:  2150
æ ‡ç­¾é‡Œ0çš„ä¸ªæ•°:  2150
æ€»æ•°:  4300
æ­£ç¡®çš„ä¸ªæ•°:  3504
æœ€åä¸€ä¸ªæ‰¹æ¬¡çš„è¾“å‡º, ä¸æ»¡batchsizeæ˜¯æ­£å¸¸çš„:
 tensor([[0.8892],
        [0.8540],
        [0.9595],
        [0.1326],
        [0.7952],
        [0.0975],
        [0.5941],
        [0.2649],
        [0.6918],
        [0.8863],
        [0.0330],
        [0.0760]], device='cuda:0', grad_fn=<SigmoidBackward0>)
Epoch [43/100], T_AUC: [4m0.8197[0m
Epoch [43/100], Loss: 13.8348
val_Accuracy: [92m0.7872[0m
val_Precision: [4;34m0.7943[0m,               val_Recall: [4;33m0.7633[0m,                 val_F1 Score: [4;35m0.7739[0m
æ ‡ç­¾é‡Œ1çš„ä¸ªæ•°:  430
æ ‡ç­¾é‡Œ0çš„ä¸ªæ•°:  430
æ€»æ•°:  860
æ­£ç¡®çš„ä¸ªæ•°:  677
Epoch [43/100], V_AUC: [4m0.7838[0m
Epoch [44/100], Loss: 55.8687
train_Accuracy: [91m0.8144[0m
train_Precision: [4;34m0.8009[0m,               train_Recall: [4;33m0.8462[0m,                 train_F1 Score: [4;35m0.8176[0m
æ ‡ç­¾é‡Œ1çš„ä¸ªæ•°:  2150
æ ‡ç­¾é‡Œ0çš„ä¸ªæ•°:  2150
æ€»æ•°:  4300
æ­£ç¡®çš„ä¸ªæ•°:  3502
æœ€åä¸€ä¸ªæ‰¹æ¬¡çš„è¾“å‡º, ä¸æ»¡batchsizeæ˜¯æ­£å¸¸çš„:
 tensor([[0.8866],
        [0.8585],
        [0.9573],
        [0.1335],
        [0.7889],
        [0.0863],
        [0.6128],
        [0.2842],
        [0.6568],
        [0.8805],
        [0.0284],
        [0.1012]], device='cuda:0', grad_fn=<SigmoidBackward0>)
Epoch [44/100], T_AUC: [4m0.8197[0m
Epoch [44/100], Loss: 13.6733
val_Accuracy: [92m0.7860[0m
val_Precision: [4;34m0.7832[0m,               val_Recall: [4;33m0.7794[0m,                 val_F1 Score: [4;35m0.7761[0m
æ ‡ç­¾é‡Œ1çš„ä¸ªæ•°:  430
æ ‡ç­¾é‡Œ0çš„ä¸ªæ•°:  430
æ€»æ•°:  860
æ­£ç¡®çš„ä¸ªæ•°:  676
Epoch [44/100], V_AUC: [4m0.7819[0m
Epoch [45/100], Loss: 55.7965
train_Accuracy: [91m0.8158[0m
train_Precision: [4;34m0.8015[0m,               train_Recall: [4;33m0.8496[0m,                 train_F1 Score: [4;35m0.8192[0m
æ ‡ç­¾é‡Œ1çš„ä¸ªæ•°:  2150
æ ‡ç­¾é‡Œ0çš„ä¸ªæ•°:  2150
æ€»æ•°:  4300
æ­£ç¡®çš„ä¸ªæ•°:  3508
æœ€åä¸€ä¸ªæ‰¹æ¬¡çš„è¾“å‡º, ä¸æ»¡batchsizeæ˜¯æ­£å¸¸çš„:
 tensor([[0.8931],
        [0.8638],
        [0.9541],
        [0.1290],
        [0.7975],
        [0.1027],
        [0.5716],
        [0.2299],
        [0.6712],
        [0.8866],
        [0.0369],
        [0.0727]], device='cuda:0', grad_fn=<SigmoidBackward0>)
Epoch [45/100], T_AUC: [4m0.8213[0m
Epoch [45/100], Loss: 13.9185
val_Accuracy: [92m0.7837[0m
val_Precision: [4;34m0.7925[0m,               val_Recall: [4;33m0.7582[0m,                 val_F1 Score: [4;35m0.7699[0m
æ ‡ç­¾é‡Œ1çš„ä¸ªæ•°:  430
æ ‡ç­¾é‡Œ0çš„ä¸ªæ•°:  430
æ€»æ•°:  860
æ­£ç¡®çš„ä¸ªæ•°:  674
Epoch [45/100], V_AUC: [4m0.7791[0m
Epoch [46/100], Loss: 56.0743
train_Accuracy: [91m0.8135[0m
train_Precision: [4;34m0.8012[0m,               train_Recall: [4;33m0.8412[0m,                 train_F1 Score: [4;35m0.8157[0m
æ ‡ç­¾é‡Œ1çš„ä¸ªæ•°:  2150
æ ‡ç­¾é‡Œ0çš„ä¸ªæ•°:  2150
æ€»æ•°:  4300
æ­£ç¡®çš„ä¸ªæ•°:  3498
æœ€åä¸€ä¸ªæ‰¹æ¬¡çš„è¾“å‡º, ä¸æ»¡batchsizeæ˜¯æ­£å¸¸çš„:
 tensor([[0.8996],
        [0.8517],
        [0.9548],
        [0.1269],
        [0.8006],
        [0.1255],
        [0.5975],
        [0.2547],
        [0.6692],
        [0.8831],
        [0.0284],
        [0.0853]], device='cuda:0', grad_fn=<SigmoidBackward0>)
Epoch [46/100], T_AUC: [4m0.8184[0m
Epoch [46/100], Loss: 13.7635
val_Accuracy: [92m0.7802[0m
val_Precision: [4;34m0.7816[0m,               val_Recall: [4;33m0.7630[0m,                 val_F1 Score: [4;35m0.7672[0m
æ ‡ç­¾é‡Œ1çš„ä¸ªæ•°:  430
æ ‡ç­¾é‡Œ0çš„ä¸ªæ•°:  430
æ€»æ•°:  860
æ­£ç¡®çš„ä¸ªæ•°:  671
Epoch [46/100], V_AUC: [4m0.7766[0m
Epoch [47/100], Loss: 55.7741
train_Accuracy: [91m0.8144[0m
train_Precision: [4;34m0.8007[0m,               train_Recall: [4;33m0.8461[0m,                 train_F1 Score: [4;35m0.8175[0m
æ ‡ç­¾é‡Œ1çš„ä¸ªæ•°:  2150
æ ‡ç­¾é‡Œ0çš„ä¸ªæ•°:  2150
æ€»æ•°:  4300
æ­£ç¡®çš„ä¸ªæ•°:  3502
æœ€åä¸€ä¸ªæ‰¹æ¬¡çš„è¾“å‡º, ä¸æ»¡batchsizeæ˜¯æ­£å¸¸çš„:
 tensor([[0.9000],
        [0.8642],
        [0.9576],
        [0.1375],
        [0.7751],
        [0.1309],
        [0.5335],
        [0.3461],
        [0.6113],
        [0.8869],
        [0.0266],
        [0.0604]], device='cuda:0', grad_fn=<SigmoidBackward0>)
Epoch [47/100], T_AUC: [4m0.8199[0m
Epoch [47/100], Loss: 13.7978
val_Accuracy: [92m0.7884[0m
val_Precision: [4;34m0.7910[0m,               val_Recall: [4;33m0.7758[0m,                 val_F1 Score: [4;35m0.7788[0m
æ ‡ç­¾é‡Œ1çš„ä¸ªæ•°:  430
æ ‡ç­¾é‡Œ0çš„ä¸ªæ•°:  430
æ€»æ•°:  860
æ­£ç¡®çš„ä¸ªæ•°:  678
Epoch [47/100], V_AUC: [4m0.7852[0m
Epoch [48/100], Loss: 55.7068
train_Accuracy: [91m0.8158[0m
train_Precision: [4;34m0.8014[0m,               train_Recall: [4;33m0.8499[0m,                 train_F1 Score: [4;35m0.8195[0m
æ ‡ç­¾é‡Œ1çš„ä¸ªæ•°:  2150
æ ‡ç­¾é‡Œ0çš„ä¸ªæ•°:  2150
æ€»æ•°:  4300
æ­£ç¡®çš„ä¸ªæ•°:  3508
æœ€åä¸€ä¸ªæ‰¹æ¬¡çš„è¾“å‡º, ä¸æ»¡batchsizeæ˜¯æ­£å¸¸çš„:
 tensor([[0.8948],
        [0.8601],
        [0.9570],
        [0.1415],
        [0.7860],
        [0.1195],
        [0.5505],
        [0.3350],
        [0.6454],
        [0.8961],
        [0.0243],
        [0.0653]], device='cuda:0', grad_fn=<SigmoidBackward0>)
Epoch [48/100], T_AUC: [4m0.8208[0m
Epoch [48/100], Loss: 14.0076
val_Accuracy: [92m0.7872[0m
val_Precision: [4;34m0.7969[0m,               val_Recall: [4;33m0.7653[0m,                 val_F1 Score: [4;35m0.7753[0m
æ ‡ç­¾é‡Œ1çš„ä¸ªæ•°:  430
æ ‡ç­¾é‡Œ0çš„ä¸ªæ•°:  430
æ€»æ•°:  860
æ­£ç¡®çš„ä¸ªæ•°:  677
Epoch [48/100], V_AUC: [4m0.7847[0m
Epoch [49/100], Loss: 55.5568
train_Accuracy: [91m0.8172[0m
train_Precision: [4;34m0.8023[0m,               train_Recall: [4;33m0.8507[0m,                 train_F1 Score: [4;35m0.8205[0m
æ ‡ç­¾é‡Œ1çš„ä¸ªæ•°:  2150
æ ‡ç­¾é‡Œ0çš„ä¸ªæ•°:  2150
æ€»æ•°:  4300
æ­£ç¡®çš„ä¸ªæ•°:  3514
æœ€åä¸€ä¸ªæ‰¹æ¬¡çš„è¾“å‡º, ä¸æ»¡batchsizeæ˜¯æ­£å¸¸çš„:
 tensor([[0.8939],
        [0.8621],
        [0.9640],
        [0.1350],
        [0.7907],
        [0.0975],
        [0.5610],
        [0.3872],
        [0.6183],
        [0.8856],
        [0.0276],
        [0.0537]], device='cuda:0', grad_fn=<SigmoidBackward0>)
Epoch [49/100], T_AUC: [4m0.8224[0m
Epoch [49/100], Loss: 13.8461
val_Accuracy: [92m0.7895[0m
val_Precision: [4;34m0.7928[0m,               val_Recall: [4;33m0.7785[0m,                 val_F1 Score: [4;35m0.7805[0m
æ ‡ç­¾é‡Œ1çš„ä¸ªæ•°:  430
æ ‡ç­¾é‡Œ0çš„ä¸ªæ•°:  430
æ€»æ•°:  860
æ­£ç¡®çš„ä¸ªæ•°:  679
Epoch [49/100], V_AUC: [4m0.7863[0m
Epoch [50/100], Loss: 55.7562
train_Accuracy: [91m0.8186[0m
train_Precision: [4;34m0.8060[0m,               train_Recall: [4;33m0.8451[0m,                 train_F1 Score: [4;35m0.8205[0m
æ ‡ç­¾é‡Œ1çš„ä¸ªæ•°:  2150
æ ‡ç­¾é‡Œ0çš„ä¸ªæ•°:  2150
æ€»æ•°:  4300
æ­£ç¡®çš„ä¸ªæ•°:  3520
æœ€åä¸€ä¸ªæ‰¹æ¬¡çš„è¾“å‡º, ä¸æ»¡batchsizeæ˜¯æ­£å¸¸çš„:
 tensor([[0.8900],
        [0.8740],
        [0.9564],
        [0.1432],
        [0.7848],
        [0.0980],
        [0.5519],
        [0.3636],
        [0.6407],
        [0.8943],
        [0.0224],
        [0.0806]], device='cuda:0', grad_fn=<SigmoidBackward0>)
Epoch [50/100], T_AUC: [4m0.8232[0m
Epoch [50/100], Loss: 13.7592
val_Accuracy: [92m0.7872[0m
val_Precision: [4;34m0.7897[0m,               val_Recall: [4;33m0.7761[0m,                 val_F1 Score: [4;35m0.7778[0m
æ ‡ç­¾é‡Œ1çš„ä¸ªæ•°:  430
æ ‡ç­¾é‡Œ0çš„ä¸ªæ•°:  430
æ€»æ•°:  860
æ­£ç¡®çš„ä¸ªæ•°:  677
Epoch [50/100], V_AUC: [4m0.7844[0m
Epoch [51/100], Loss: 55.5281
train_Accuracy: [91m0.8195[0m
train_Precision: [4;34m0.8045[0m,               train_Recall: [4;33m0.8519[0m,                 train_F1 Score: [4;35m0.8223[0m
æ ‡ç­¾é‡Œ1çš„ä¸ªæ•°:  2150
æ ‡ç­¾é‡Œ0çš„ä¸ªæ•°:  2150
æ€»æ•°:  4300
æ­£ç¡®çš„ä¸ªæ•°:  3524
æœ€åä¸€ä¸ªæ‰¹æ¬¡çš„è¾“å‡º, ä¸æ»¡batchsizeæ˜¯æ­£å¸¸çš„:
 tensor([[0.8964],
        [0.8597],
        [0.9587],
        [0.1441],
        [0.7992],
        [0.0760],
        [0.5899],
        [0.2865],
        [0.6916],
        [0.8928],
        [0.0338],
        [0.0634]], device='cuda:0', grad_fn=<SigmoidBackward0>)
Epoch [51/100], T_AUC: [4m0.8248[0m
Epoch [51/100], Loss: 13.9416
val_Accuracy: [92m0.7826[0m
val_Precision: [4;34m0.7879[0m,               val_Recall: [4;33m0.7650[0m,                 val_F1 Score: [4;35m0.7721[0m
æ ‡ç­¾é‡Œ1çš„ä¸ªæ•°:  430
æ ‡ç­¾é‡Œ0çš„ä¸ªæ•°:  430
æ€»æ•°:  860
æ­£ç¡®çš„ä¸ªæ•°:  673
Epoch [51/100], V_AUC: [4m0.7796[0m
Epoch [52/100], Loss: 55.4682
train_Accuracy: [91m0.8179[0m
train_Precision: [4;34m0.8054[0m,               train_Recall: [4;33m0.8486[0m,                 train_F1 Score: [4;35m0.8208[0m
æ ‡ç­¾é‡Œ1çš„ä¸ªæ•°:  2150
æ ‡ç­¾é‡Œ0çš„ä¸ªæ•°:  2150
æ€»æ•°:  4300
æ­£ç¡®çš„ä¸ªæ•°:  3517
æœ€åä¸€ä¸ªæ‰¹æ¬¡çš„è¾“å‡º, ä¸æ»¡batchsizeæ˜¯æ­£å¸¸çš„:
 tensor([[0.8890],
        [0.8851],
        [0.9566],
        [0.1317],
        [0.7978],
        [0.0861],
        [0.5931],
        [0.3475],
        [0.6505],
        [0.8909],
        [0.0228],
        [0.0646]], device='cuda:0', grad_fn=<SigmoidBackward0>)
Epoch [52/100], T_AUC: [4m0.8237[0m
Epoch [52/100], Loss: 14.2893
val_Accuracy: [92m0.7849[0m
val_Precision: [4;34m0.7865[0m,               val_Recall: [4;33m0.7735[0m,                 val_F1 Score: [4;35m0.7752[0m
æ ‡ç­¾é‡Œ1çš„ä¸ªæ•°:  430
æ ‡ç­¾é‡Œ0çš„ä¸ªæ•°:  430
æ€»æ•°:  860
æ­£ç¡®çš„ä¸ªæ•°:  675
Epoch [52/100], V_AUC: [4m0.7815[0m
Epoch [53/100], Loss: 55.4473
train_Accuracy: [91m0.8177[0m
train_Precision: [4;34m0.8027[0m,               train_Recall: [4;33m0.8513[0m,                 train_F1 Score: [4;35m0.8210[0m
æ ‡ç­¾é‡Œ1çš„ä¸ªæ•°:  2150
æ ‡ç­¾é‡Œ0çš„ä¸ªæ•°:  2150
æ€»æ•°:  4300
æ­£ç¡®çš„ä¸ªæ•°:  3516
æœ€åä¸€ä¸ªæ‰¹æ¬¡çš„è¾“å‡º, ä¸æ»¡batchsizeæ˜¯æ­£å¸¸çš„:
 tensor([[0.8922],
        [0.8700],
        [0.9547],
        [0.1652],
        [0.8055],
        [0.0779],
        [0.5984],
        [0.3230],
        [0.6934],
        [0.8999],
        [0.0250],
        [0.0526]], device='cuda:0', grad_fn=<SigmoidBackward0>)
Epoch [53/100], T_AUC: [4m0.8230[0m
Epoch [53/100], Loss: 14.0123
val_Accuracy: [92m0.7826[0m
val_Precision: [4;34m0.7868[0m,               val_Recall: [4;33m0.7667[0m,                 val_F1 Score: [4;35m0.7720[0m
æ ‡ç­¾é‡Œ1çš„ä¸ªæ•°:  430
æ ‡ç­¾é‡Œ0çš„ä¸ªæ•°:  430
æ€»æ•°:  860
æ­£ç¡®çš„ä¸ªæ•°:  673
Epoch [53/100], V_AUC: [4m0.7794[0m
Epoch [54/100], Loss: 55.4054
train_Accuracy: [91m0.8195[0m
train_Precision: [4;34m0.8074[0m,               train_Recall: [4;33m0.8484[0m,                 train_F1 Score: [4;35m0.8219[0m
æ ‡ç­¾é‡Œ1çš„ä¸ªæ•°:  2150
æ ‡ç­¾é‡Œ0çš„ä¸ªæ•°:  2150
æ€»æ•°:  4300
æ­£ç¡®çš„ä¸ªæ•°:  3524
æœ€åä¸€ä¸ªæ‰¹æ¬¡çš„è¾“å‡º, ä¸æ»¡batchsizeæ˜¯æ­£å¸¸çš„:
 tensor([[0.9009],
        [0.8728],
        [0.9524],
        [0.1476],
        [0.8089],
        [0.1048],
        [0.5642],
        [0.2979],
        [0.6480],
        [0.8946],
        [0.0232],
        [0.0625]], device='cuda:0', grad_fn=<SigmoidBackward0>)
Epoch [54/100], T_AUC: [4m0.8244[0m
Epoch [54/100], Loss: 13.9963
val_Accuracy: [92m0.7895[0m
val_Precision: [4;34m0.7966[0m,               val_Recall: [4;33m0.7694[0m,                 val_F1 Score: [4;35m0.7778[0m
æ ‡ç­¾é‡Œ1çš„ä¸ªæ•°:  430
æ ‡ç­¾é‡Œ0çš„ä¸ªæ•°:  430
æ€»æ•°:  860
æ­£ç¡®çš„ä¸ªæ•°:  679
Epoch [54/100], V_AUC: [4m0.7876[0m
Epoch [55/100], Loss: 55.3966
train_Accuracy: [91m0.8198[0m
train_Precision: [4;34m0.8059[0m,               train_Recall: [4;33m0.8509[0m,                 train_F1 Score: [4;35m0.8227[0m
æ ‡ç­¾é‡Œ1çš„ä¸ªæ•°:  2150
æ ‡ç­¾é‡Œ0çš„ä¸ªæ•°:  2150
æ€»æ•°:  4300
æ­£ç¡®çš„ä¸ªæ•°:  3525
æœ€åä¸€ä¸ªæ‰¹æ¬¡çš„è¾“å‡º, ä¸æ»¡batchsizeæ˜¯æ­£å¸¸çš„:
 tensor([[0.8806],
        [0.8840],
        [0.9613],
        [0.2107],
        [0.8042],
        [0.0912],
        [0.5326],
        [0.2666],
        [0.6897],
        [0.8828],
        [0.0271],
        [0.0465]], device='cuda:0', grad_fn=<SigmoidBackward0>)
Epoch [55/100], T_AUC: [4m0.8248[0m
Epoch [55/100], Loss: 14.3016
val_Accuracy: [92m0.7919[0m
val_Precision: [4;34m0.8089[0m,               val_Recall: [4;33m0.7581[0m,                 val_F1 Score: [4;35m0.7780[0m
æ ‡ç­¾é‡Œ1çš„ä¸ªæ•°:  430
æ ‡ç­¾é‡Œ0çš„ä¸ªæ•°:  430
æ€»æ•°:  860
æ­£ç¡®çš„ä¸ªæ•°:  681
Epoch [55/100], V_AUC: [4m0.7883[0m
Epoch [56/100], Loss: 55.3250
train_Accuracy: [91m0.8195[0m
train_Precision: [4;34m0.8082[0m,               train_Recall: [4;33m0.8460[0m,                 train_F1 Score: [4;35m0.8215[0m
æ ‡ç­¾é‡Œ1çš„ä¸ªæ•°:  2150
æ ‡ç­¾é‡Œ0çš„ä¸ªæ•°:  2150
æ€»æ•°:  4300
æ­£ç¡®çš„ä¸ªæ•°:  3524
æœ€åä¸€ä¸ªæ‰¹æ¬¡çš„è¾“å‡º, ä¸æ»¡batchsizeæ˜¯æ­£å¸¸çš„:
 tensor([[0.8858],
        [0.8808],
        [0.9563],
        [0.1787],
        [0.7953],
        [0.1049],
        [0.5533],
        [0.2940],
        [0.6649],
        [0.8745],
        [0.0230],
        [0.0611]], device='cuda:0', grad_fn=<SigmoidBackward0>)
Epoch [56/100], T_AUC: [4m0.8246[0m
Epoch [56/100], Loss: 13.7954
val_Accuracy: [92m0.7884[0m
val_Precision: [4;34m0.7934[0m,               val_Recall: [4;33m0.7721[0m,                 val_F1 Score: [4;35m0.7779[0m
æ ‡ç­¾é‡Œ1çš„ä¸ªæ•°:  430
æ ‡ç­¾é‡Œ0çš„ä¸ªæ•°:  430
æ€»æ•°:  860
æ­£ç¡®çš„ä¸ªæ•°:  678
Epoch [56/100], V_AUC: [4m0.7860[0m
Epoch [57/100], Loss: 55.2335
train_Accuracy: [91m0.8200[0m
train_Precision: [4;34m0.8068[0m,               train_Recall: [4;33m0.8507[0m,                 train_F1 Score: [4;35m0.8227[0m
æ ‡ç­¾é‡Œ1çš„ä¸ªæ•°:  2150
æ ‡ç­¾é‡Œ0çš„ä¸ªæ•°:  2150
æ€»æ•°:  4300
æ­£ç¡®çš„ä¸ªæ•°:  3526
æœ€åä¸€ä¸ªæ‰¹æ¬¡çš„è¾“å‡º, ä¸æ»¡batchsizeæ˜¯æ­£å¸¸çš„:
 tensor([[0.8927],
        [0.8846],
        [0.9502],
        [0.1812],
        [0.7950],
        [0.0945],
        [0.5551],
        [0.2777],
        [0.6883],
        [0.8907],
        [0.0305],
        [0.0432]], device='cuda:0', grad_fn=<SigmoidBackward0>)
Epoch [57/100], T_AUC: [4m0.8254[0m
Epoch [57/100], Loss: 13.9193
val_Accuracy: [92m0.7837[0m
val_Precision: [4;34m0.7826[0m,               val_Recall: [4;33m0.7763[0m,                 val_F1 Score: [4;35m0.7750[0m
æ ‡ç­¾é‡Œ1çš„ä¸ªæ•°:  430
æ ‡ç­¾é‡Œ0çš„ä¸ªæ•°:  430
æ€»æ•°:  860
æ­£ç¡®çš„ä¸ªæ•°:  674
Epoch [57/100], V_AUC: [4m0.7807[0m
Epoch [58/100], Loss: 55.2511
train_Accuracy: [91m0.8212[0m
train_Precision: [4;34m0.8080[0m,               train_Recall: [4;33m0.8493[0m,                 train_F1 Score: [4;35m0.8232[0m
æ ‡ç­¾é‡Œ1çš„ä¸ªæ•°:  2150
æ ‡ç­¾é‡Œ0çš„ä¸ªæ•°:  2150
æ€»æ•°:  4300
æ­£ç¡®çš„ä¸ªæ•°:  3531
æœ€åä¸€ä¸ªæ‰¹æ¬¡çš„è¾“å‡º, ä¸æ»¡batchsizeæ˜¯æ­£å¸¸çš„:
 tensor([[0.8882],
        [0.8910],
        [0.9567],
        [0.1555],
        [0.8026],
        [0.1202],
        [0.5634],
        [0.2514],
        [0.6868],
        [0.8864],
        [0.0291],
        [0.0569]], device='cuda:0', grad_fn=<SigmoidBackward0>)
Epoch [58/100], T_AUC: [4m0.8261[0m
Epoch [58/100], Loss: 13.8194
val_Accuracy: [92m0.7849[0m
val_Precision: [4;34m0.7893[0m,               val_Recall: [4;33m0.7720[0m,                 val_F1 Score: [4;35m0.7752[0m
æ ‡ç­¾é‡Œ1çš„ä¸ªæ•°:  430
æ ‡ç­¾é‡Œ0çš„ä¸ªæ•°:  430
æ€»æ•°:  860
æ­£ç¡®çš„ä¸ªæ•°:  675
Epoch [58/100], V_AUC: [4m0.7818[0m
Epoch [59/100], Loss: 55.2621
train_Accuracy: [91m0.8181[0m
train_Precision: [4;34m0.8044[0m,               train_Recall: [4;33m0.8486[0m,                 train_F1 Score: [4;35m0.8208[0m
æ ‡ç­¾é‡Œ1çš„ä¸ªæ•°:  2150
æ ‡ç­¾é‡Œ0çš„ä¸ªæ•°:  2150
æ€»æ•°:  4300
æ­£ç¡®çš„ä¸ªæ•°:  3518
æœ€åä¸€ä¸ªæ‰¹æ¬¡çš„è¾“å‡º, ä¸æ»¡batchsizeæ˜¯æ­£å¸¸çš„:
 tensor([[0.8899],
        [0.8825],
        [0.9513],
        [0.1654],
        [0.7970],
        [0.1355],
        [0.5633],
        [0.2020],
        [0.6908],
        [0.8966],
        [0.0254],
        [0.0655]], device='cuda:0', grad_fn=<SigmoidBackward0>)
Epoch [59/100], T_AUC: [4m0.8236[0m
Epoch [59/100], Loss: 13.9857
val_Accuracy: [92m0.7791[0m
val_Precision: [4;34m0.7893[0m,               val_Recall: [4;33m0.7531[0m,                 val_F1 Score: [4;35m0.7658[0m
æ ‡ç­¾é‡Œ1çš„ä¸ªæ•°:  430
æ ‡ç­¾é‡Œ0çš„ä¸ªæ•°:  430
æ€»æ•°:  860
æ­£ç¡®çš„ä¸ªæ•°:  670
Epoch [59/100], V_AUC: [4m0.7754[0m
Epoch [60/100], Loss: 55.3550
train_Accuracy: [91m0.8153[0m
train_Precision: [4;34m0.8033[0m,               train_Recall: [4;33m0.8445[0m,                 train_F1 Score: [4;35m0.8181[0m
æ ‡ç­¾é‡Œ1çš„ä¸ªæ•°:  2150
æ ‡ç­¾é‡Œ0çš„ä¸ªæ•°:  2150
æ€»æ•°:  4300
æ­£ç¡®çš„ä¸ªæ•°:  3506
æœ€åä¸€ä¸ªæ‰¹æ¬¡çš„è¾“å‡º, ä¸æ»¡batchsizeæ˜¯æ­£å¸¸çš„:
 tensor([[0.8931],
        [0.8819],
        [0.9473],
        [0.1677],
        [0.8000],
        [0.1233],
        [0.5946],
        [0.2923],
        [0.6750],
        [0.8962],
        [0.0216],
        [0.0433]], device='cuda:0', grad_fn=<SigmoidBackward0>)
Epoch [60/100], T_AUC: [4m0.8208[0m
Epoch [60/100], Loss: 13.8415
val_Accuracy: [92m0.7837[0m
val_Precision: [4;34m0.7898[0m,               val_Recall: [4;33m0.7656[0m,                 val_F1 Score: [4;35m0.7730[0m
æ ‡ç­¾é‡Œ1çš„ä¸ªæ•°:  430
æ ‡ç­¾é‡Œ0çš„ä¸ªæ•°:  430
æ€»æ•°:  860
æ­£ç¡®çš„ä¸ªæ•°:  674
Epoch [60/100], V_AUC: [4m0.7813[0m
Epoch [61/100], Loss: 55.1050
train_Accuracy: [91m0.8233[0m
train_Precision: [4;34m0.8118[0m,               train_Recall: [4;33m0.8492[0m,                 train_F1 Score: [4;35m0.8254[0m
æ ‡ç­¾é‡Œ1çš„ä¸ªæ•°:  2150
æ ‡ç­¾é‡Œ0çš„ä¸ªæ•°:  2150
æ€»æ•°:  4300
æ­£ç¡®çš„ä¸ªæ•°:  3540
æœ€åä¸€ä¸ªæ‰¹æ¬¡çš„è¾“å‡º, ä¸æ»¡batchsizeæ˜¯æ­£å¸¸çš„:
 tensor([[0.8863],
        [0.8843],
        [0.9507],
        [0.1538],
        [0.8082],
        [0.1412],
        [0.5852],
        [0.2121],
        [0.6952],
        [0.8925],
        [0.0235],
        [0.0536]], device='cuda:0', grad_fn=<SigmoidBackward0>)
Epoch [61/100], T_AUC: [4m0.8282[0m
Epoch [61/100], Loss: 13.9273
val_Accuracy: [92m0.7826[0m
val_Precision: [4;34m0.7894[0m,               val_Recall: [4;33m0.7618[0m,                 val_F1 Score: [4;35m0.7700[0m
æ ‡ç­¾é‡Œ1çš„ä¸ªæ•°:  430
æ ‡ç­¾é‡Œ0çš„ä¸ªæ•°:  430
æ€»æ•°:  860
æ­£ç¡®çš„ä¸ªæ•°:  673
Epoch [61/100], V_AUC: [4m0.7787[0m
Epoch [62/100], Loss: 54.9133
train_Accuracy: [91m0.8219[0m
train_Precision: [4;34m0.8092[0m,               train_Recall: [4;33m0.8496[0m,                 train_F1 Score: [4;35m0.8239[0m
æ ‡ç­¾é‡Œ1çš„ä¸ªæ•°:  2150
æ ‡ç­¾é‡Œ0çš„ä¸ªæ•°:  2150
æ€»æ•°:  4300
æ­£ç¡®çš„ä¸ªæ•°:  3534
æœ€åä¸€ä¸ªæ‰¹æ¬¡çš„è¾“å‡º, ä¸æ»¡batchsizeæ˜¯æ­£å¸¸çš„:
 tensor([[0.9025],
        [0.8806],
        [0.9519],
        [0.1386],
        [0.8183],
        [0.1051],
        [0.5877],
        [0.2222],
        [0.6990],
        [0.8992],
        [0.0234],
        [0.0535]], device='cuda:0', grad_fn=<SigmoidBackward0>)
Epoch [62/100], T_AUC: [4m0.8271[0m
Epoch [62/100], Loss: 14.4078
val_Accuracy: [92m0.7849[0m
val_Precision: [4;34m0.7926[0m,               val_Recall: [4;33m0.7639[0m,                 val_F1 Score: [4;35m0.7726[0m
æ ‡ç­¾é‡Œ1çš„ä¸ªæ•°:  430
æ ‡ç­¾é‡Œ0çš„ä¸ªæ•°:  430
æ€»æ•°:  860
æ­£ç¡®çš„ä¸ªæ•°:  675
Epoch [62/100], V_AUC: [4m0.7807[0m
Epoch [63/100], Loss: 54.9061
train_Accuracy: [91m0.8240[0m
train_Precision: [4;34m0.8127[0m,               train_Recall: [4;33m0.8514[0m,                 train_F1 Score: [4;35m0.8262[0m
æ ‡ç­¾é‡Œ1çš„ä¸ªæ•°:  2150
æ ‡ç­¾é‡Œ0çš„ä¸ªæ•°:  2150
æ€»æ•°:  4300
æ­£ç¡®çš„ä¸ªæ•°:  3543
æœ€åä¸€ä¸ªæ‰¹æ¬¡çš„è¾“å‡º, ä¸æ»¡batchsizeæ˜¯æ­£å¸¸çš„:
 tensor([[0.8907],
        [0.8843],
        [0.9521],
        [0.1507],
        [0.8125],
        [0.1727],
        [0.5329],
        [0.2370],
        [0.6224],
        [0.8986],
        [0.0287],
        [0.0486]], device='cuda:0', grad_fn=<SigmoidBackward0>)
Epoch [63/100], T_AUC: [4m0.8296[0m
Epoch [63/100], Loss: 13.8686
val_Accuracy: [92m0.7826[0m
val_Precision: [4;34m0.7918[0m,               val_Recall: [4;33m0.7574[0m,                 val_F1 Score: [4;35m0.7691[0m
æ ‡ç­¾é‡Œ1çš„ä¸ªæ•°:  430
æ ‡ç­¾é‡Œ0çš„ä¸ªæ•°:  430
æ€»æ•°:  860
æ­£ç¡®çš„ä¸ªæ•°:  673
Epoch [63/100], V_AUC: [4m0.7795[0m
Epoch [64/100], Loss: 55.0966
train_Accuracy: [91m0.8200[0m
train_Precision: [4;34m0.8063[0m,               train_Recall: [4;33m0.8499[0m,                 train_F1 Score: [4;35m0.8225[0m
æ ‡ç­¾é‡Œ1çš„ä¸ªæ•°:  2150
æ ‡ç­¾é‡Œ0çš„ä¸ªæ•°:  2150
æ€»æ•°:  4300
æ­£ç¡®çš„ä¸ªæ•°:  3526
æœ€åä¸€ä¸ªæ‰¹æ¬¡çš„è¾“å‡º, ä¸æ»¡batchsizeæ˜¯æ­£å¸¸çš„:
 tensor([[0.8956],
        [0.8767],
        [0.9494],
        [0.1202],
        [0.8147],
        [0.1492],
        [0.5780],
        [0.2597],
        [0.6976],
        [0.9085],
        [0.0260],
        [0.0447]], device='cuda:0', grad_fn=<SigmoidBackward0>)
Epoch [64/100], T_AUC: [4m0.8252[0m
Epoch [64/100], Loss: 14.2575
val_Accuracy: [92m0.7837[0m
val_Precision: [4;34m0.7895[0m,               val_Recall: [4;33m0.7607[0m,                 val_F1 Score: [4;35m0.7700[0m
æ ‡ç­¾é‡Œ1çš„ä¸ªæ•°:  430
æ ‡ç­¾é‡Œ0çš„ä¸ªæ•°:  430
æ€»æ•°:  860
æ­£ç¡®çš„ä¸ªæ•°:  674
Epoch [64/100], V_AUC: [4m0.7810[0m
Epoch [65/100], Loss: 55.4407
train_Accuracy: [91m0.8184[0m
train_Precision: [4;34m0.8092[0m,               train_Recall: [4;33m0.8414[0m,                 train_F1 Score: [4;35m0.8197[0m
æ ‡ç­¾é‡Œ1çš„ä¸ªæ•°:  2150
æ ‡ç­¾é‡Œ0çš„ä¸ªæ•°:  2150
æ€»æ•°:  4300
æ­£ç¡®çš„ä¸ªæ•°:  3519
æœ€åä¸€ä¸ªæ‰¹æ¬¡çš„è¾“å‡º, ä¸æ»¡batchsizeæ˜¯æ­£å¸¸çš„:
 tensor([[0.9053],
        [0.8948],
        [0.9474],
        [0.1227],
        [0.8250],
        [0.1324],
        [0.5677],
        [0.2680],
        [0.7118],
        [0.8993],
        [0.0292],
        [0.0439]], device='cuda:0', grad_fn=<SigmoidBackward0>)
Epoch [65/100], T_AUC: [4m0.8236[0m
Epoch [65/100], Loss: 14.0847
val_Accuracy: [92m0.7884[0m
val_Precision: [4;34m0.7956[0m,               val_Recall: [4;33m0.7602[0m,                 val_F1 Score: [4;35m0.7734[0m
æ ‡ç­¾é‡Œ1çš„ä¸ªæ•°:  430
æ ‡ç­¾é‡Œ0çš„ä¸ªæ•°:  430
æ€»æ•°:  860
æ­£ç¡®çš„ä¸ªæ•°:  678
Epoch [65/100], V_AUC: [4m0.7842[0m
Epoch [66/100], Loss: 55.0135
train_Accuracy: [91m0.8221[0m
train_Precision: [4;34m0.8099[0m,               train_Recall: [4;33m0.8507[0m,                 train_F1 Score: [4;35m0.8243[0m
æ ‡ç­¾é‡Œ1çš„ä¸ªæ•°:  2150
æ ‡ç­¾é‡Œ0çš„ä¸ªæ•°:  2150
æ€»æ•°:  4300
æ­£ç¡®çš„ä¸ªæ•°:  3535
æœ€åä¸€ä¸ªæ‰¹æ¬¡çš„è¾“å‡º, ä¸æ»¡batchsizeæ˜¯æ­£å¸¸çš„:
 tensor([[0.9064],
        [0.8833],
        [0.9569],
        [0.1332],
        [0.8244],
        [0.1335],
        [0.5215],
        [0.2689],
        [0.7183],
        [0.9034],
        [0.0277],
        [0.0423]], device='cuda:0', grad_fn=<SigmoidBackward0>)
Epoch [66/100], T_AUC: [4m0.8273[0m
Epoch [66/100], Loss: 14.1774
val_Accuracy: [92m0.7872[0m
val_Precision: [4;34m0.7945[0m,               val_Recall: [4;33m0.7624[0m,                 val_F1 Score: [4;35m0.7731[0m
æ ‡ç­¾é‡Œ1çš„ä¸ªæ•°:  430
æ ‡ç­¾é‡Œ0çš„ä¸ªæ•°:  430
æ€»æ•°:  860
æ­£ç¡®çš„ä¸ªæ•°:  677
Epoch [66/100], V_AUC: [4m0.7830[0m
Epoch [67/100], Loss: 55.0981
train_Accuracy: [91m0.8226[0m
train_Precision: [4;34m0.8103[0m,               train_Recall: [4;33m0.8501[0m,                 train_F1 Score: [4;35m0.8245[0m
æ ‡ç­¾é‡Œ1çš„ä¸ªæ•°:  2150
æ ‡ç­¾é‡Œ0çš„ä¸ªæ•°:  2150
æ€»æ•°:  4300
æ­£ç¡®çš„ä¸ªæ•°:  3537
æœ€åä¸€ä¸ªæ‰¹æ¬¡çš„è¾“å‡º, ä¸æ»¡batchsizeæ˜¯æ­£å¸¸çš„:
 tensor([[0.9037],
        [0.8780],
        [0.9539],
        [0.1546],
        [0.8237],
        [0.1467],
        [0.5724],
        [0.2852],
        [0.7142],
        [0.8898],
        [0.0214],
        [0.0406]], device='cuda:0', grad_fn=<SigmoidBackward0>)
Epoch [67/100], T_AUC: [4m0.8282[0m
Epoch [67/100], Loss: 14.3283
val_Accuracy: [92m0.7930[0m
val_Precision: [4;34m0.8092[0m,               val_Recall: [4;33m0.7570[0m,                 val_F1 Score: [4;35m0.7772[0m
æ ‡ç­¾é‡Œ1çš„ä¸ªæ•°:  430
æ ‡ç­¾é‡Œ0çš„ä¸ªæ•°:  430
æ€»æ•°:  860
æ­£ç¡®çš„ä¸ªæ•°:  682
Epoch [67/100], V_AUC: [4m0.7899[0m
Epoch [68/100], Loss: 55.1887
train_Accuracy: [91m0.8202[0m
train_Precision: [4;34m0.8101[0m,               train_Recall: [4;33m0.8468[0m,                 train_F1 Score: [4;35m0.8220[0m
æ ‡ç­¾é‡Œ1çš„ä¸ªæ•°:  2150
æ ‡ç­¾é‡Œ0çš„ä¸ªæ•°:  2150
æ€»æ•°:  4300
æ­£ç¡®çš„ä¸ªæ•°:  3527
æœ€åä¸€ä¸ªæ‰¹æ¬¡çš„è¾“å‡º, ä¸æ»¡batchsizeæ˜¯æ­£å¸¸çš„:
 tensor([[0.8835],
        [0.8917],
        [0.9619],
        [0.1629],
        [0.8071],
        [0.1634],
        [0.5936],
        [0.2528],
        [0.6966],
        [0.8809],
        [0.0220],
        [0.0424]], device='cuda:0', grad_fn=<SigmoidBackward0>)
Epoch [68/100], T_AUC: [4m0.8266[0m
Epoch [68/100], Loss: 14.0177
val_Accuracy: [92m0.7872[0m
val_Precision: [4;34m0.7932[0m,               val_Recall: [4;33m0.7654[0m,                 val_F1 Score: [4;35m0.7746[0m
æ ‡ç­¾é‡Œ1çš„ä¸ªæ•°:  430
æ ‡ç­¾é‡Œ0çš„ä¸ªæ•°:  430
æ€»æ•°:  860
æ­£ç¡®çš„ä¸ªæ•°:  677
Epoch [68/100], V_AUC: [4m0.7837[0m
Epoch [69/100], Loss: 54.7756
train_Accuracy: [91m0.8219[0m
train_Precision: [4;34m0.8108[0m,               train_Recall: [4;33m0.8468[0m,                 train_F1 Score: [4;35m0.8236[0m
æ ‡ç­¾é‡Œ1çš„ä¸ªæ•°:  2150
æ ‡ç­¾é‡Œ0çš„ä¸ªæ•°:  2150
æ€»æ•°:  4300
æ­£ç¡®çš„ä¸ªæ•°:  3534
æœ€åä¸€ä¸ªæ‰¹æ¬¡çš„è¾“å‡º, ä¸æ»¡batchsizeæ˜¯æ­£å¸¸çš„:
 tensor([[0.9050],
        [0.8974],
        [0.9579],
        [0.1603],
        [0.8328],
        [0.1662],
        [0.5718],
        [0.2185],
        [0.7008],
        [0.9016],
        [0.0226],
        [0.0449]], device='cuda:0', grad_fn=<SigmoidBackward0>)
Epoch [69/100], T_AUC: [4m0.8270[0m
Epoch [69/100], Loss: 14.0812
val_Accuracy: [92m0.7837[0m
val_Precision: [4;34m0.7909[0m,               val_Recall: [4;33m0.7596[0m,                 val_F1 Score: [4;35m0.7711[0m
æ ‡ç­¾é‡Œ1çš„ä¸ªæ•°:  430
æ ‡ç­¾é‡Œ0çš„ä¸ªæ•°:  430
æ€»æ•°:  860
æ­£ç¡®çš„ä¸ªæ•°:  674
Epoch [69/100], V_AUC: [4m0.7799[0m
Epoch [70/100], Loss: 54.5901
train_Accuracy: [91m0.8219[0m
train_Precision: [4;34m0.8099[0m,               train_Recall: [4;33m0.8476[0m,                 train_F1 Score: [4;35m0.8232[0m
æ ‡ç­¾é‡Œ1çš„ä¸ªæ•°:  2150
æ ‡ç­¾é‡Œ0çš„ä¸ªæ•°:  2150
æ€»æ•°:  4300
æ­£ç¡®çš„ä¸ªæ•°:  3534
æœ€åä¸€ä¸ªæ‰¹æ¬¡çš„è¾“å‡º, ä¸æ»¡batchsizeæ˜¯æ­£å¸¸çš„:
 tensor([[0.8891],
        [0.9077],
        [0.9557],
        [0.1496],
        [0.8131],
        [0.1595],
        [0.5041],
        [0.3034],
        [0.6620],
        [0.9015],
        [0.0193],
        [0.0444]], device='cuda:0', grad_fn=<SigmoidBackward0>)
Epoch [70/100], T_AUC: [4m0.8273[0m
Epoch [70/100], Loss: 14.1685
val_Accuracy: [92m0.7814[0m
val_Precision: [4;34m0.7845[0m,               val_Recall: [4;33m0.7621[0m,                 val_F1 Score: [4;35m0.7694[0m
æ ‡ç­¾é‡Œ1çš„ä¸ªæ•°:  430
æ ‡ç­¾é‡Œ0çš„ä¸ªæ•°:  430
æ€»æ•°:  860
æ­£ç¡®çš„ä¸ªæ•°:  672
Epoch [70/100], V_AUC: [4m0.7783[0m
Epoch [71/100], Loss: 55.0416
train_Accuracy: [91m0.8195[0m
train_Precision: [4;34m0.8072[0m,               train_Recall: [4;33m0.8470[0m,                 train_F1 Score: [4;35m0.8216[0m
æ ‡ç­¾é‡Œ1çš„ä¸ªæ•°:  2150
æ ‡ç­¾é‡Œ0çš„ä¸ªæ•°:  2150
æ€»æ•°:  4300
æ­£ç¡®çš„ä¸ªæ•°:  3524
æœ€åä¸€ä¸ªæ‰¹æ¬¡çš„è¾“å‡º, ä¸æ»¡batchsizeæ˜¯æ­£å¸¸çš„:
 tensor([[0.9102],
        [0.8965],
        [0.9602],
        [0.1586],
        [0.8195],
        [0.1454],
        [0.5504],
        [0.2696],
        [0.6615],
        [0.8884],
        [0.0204],
        [0.0438]], device='cuda:0', grad_fn=<SigmoidBackward0>)
Epoch [71/100], T_AUC: [4m0.8247[0m
Epoch [71/100], Loss: 14.1036
val_Accuracy: [92m0.7895[0m
val_Precision: [4;34m0.7974[0m,               val_Recall: [4;33m0.7611[0m,                 val_F1 Score: [4;35m0.7749[0m
æ ‡ç­¾é‡Œ1çš„ä¸ªæ•°:  430
æ ‡ç­¾é‡Œ0çš„ä¸ªæ•°:  430
æ€»æ•°:  860
æ­£ç¡®çš„ä¸ªæ•°:  679
Epoch [71/100], V_AUC: [4m0.7863[0m
Epoch [72/100], Loss: 54.6828
train_Accuracy: [91m0.8244[0m
train_Precision: [4;34m0.8124[0m,               train_Recall: [4;33m0.8504[0m,                 train_F1 Score: [4;35m0.8258[0m
æ ‡ç­¾é‡Œ1çš„ä¸ªæ•°:  2150
æ ‡ç­¾é‡Œ0çš„ä¸ªæ•°:  2150
æ€»æ•°:  4300
æ­£ç¡®çš„ä¸ªæ•°:  3545
æœ€åä¸€ä¸ªæ‰¹æ¬¡çš„è¾“å‡º, ä¸æ»¡batchsizeæ˜¯æ­£å¸¸çš„:
 tensor([[0.9157],
        [0.9115],
        [0.9594],
        [0.1067],
        [0.8507],
        [0.0820],
        [0.5188],
        [0.2194],
        [0.6438],
        [0.9122],
        [0.0199],
        [0.1022]], device='cuda:0', grad_fn=<SigmoidBackward0>)
Epoch [72/100], T_AUC: [4m0.8301[0m
Epoch [72/100], Loss: 14.4753
val_Accuracy: [92m0.7849[0m
val_Precision: [4;34m0.7947[0m,               val_Recall: [4;33m0.7595[0m,                 val_F1 Score: [4;35m0.7721[0m
æ ‡ç­¾é‡Œ1çš„ä¸ªæ•°:  430
æ ‡ç­¾é‡Œ0çš„ä¸ªæ•°:  430
æ€»æ•°:  860
æ­£ç¡®çš„ä¸ªæ•°:  675
Epoch [72/100], V_AUC: [4m0.7821[0m
Epoch [73/100], Loss: 54.6647
train_Accuracy: [91m0.8212[0m
train_Precision: [4;34m0.8095[0m,               train_Recall: [4;33m0.8475[0m,                 train_F1 Score: [4;35m0.8232[0m
æ ‡ç­¾é‡Œ1çš„ä¸ªæ•°:  2150
æ ‡ç­¾é‡Œ0çš„ä¸ªæ•°:  2150
æ€»æ•°:  4300
æ­£ç¡®çš„ä¸ªæ•°:  3531
æœ€åä¸€ä¸ªæ‰¹æ¬¡çš„è¾“å‡º, ä¸æ»¡batchsizeæ˜¯æ­£å¸¸çš„:
 tensor([[0.9199],
        [0.8942],
        [0.9605],
        [0.1369],
        [0.8437],
        [0.1102],
        [0.5173],
        [0.1633],
        [0.6326],
        [0.8988],
        [0.0200],
        [0.0931]], device='cuda:0', grad_fn=<SigmoidBackward0>)
Epoch [73/100], T_AUC: [4m0.8265[0m
Epoch [73/100], Loss: 14.1184
val_Accuracy: [92m0.7942[0m
val_Precision: [4;34m0.8185[0m,               val_Recall: [4;33m0.7482[0m,                 val_F1 Score: [4;35m0.7772[0m
æ ‡ç­¾é‡Œ1çš„ä¸ªæ•°:  430
æ ‡ç­¾é‡Œ0çš„ä¸ªæ•°:  430
æ€»æ•°:  860
æ­£ç¡®çš„ä¸ªæ•°:  683
Epoch [73/100], V_AUC: [4m0.7896[0m
Epoch [74/100], Loss: 54.3770
train_Accuracy: [91m0.8247[0m
train_Precision: [4;34m0.8124[0m,               train_Recall: [4;33m0.8520[0m,                 train_F1 Score: [4;35m0.8266[0m
æ ‡ç­¾é‡Œ1çš„ä¸ªæ•°:  2150
æ ‡ç­¾é‡Œ0çš„ä¸ªæ•°:  2150
æ€»æ•°:  4300
æ­£ç¡®çš„ä¸ªæ•°:  3546
æœ€åä¸€ä¸ªæ‰¹æ¬¡çš„è¾“å‡º, ä¸æ»¡batchsizeæ˜¯æ­£å¸¸çš„:
 tensor([[0.9190],
        [0.9003],
        [0.9547],
        [0.1404],
        [0.8443],
        [0.1181],
        [0.6112],
        [0.2095],
        [0.6703],
        [0.8968],
        [0.0182],
        [0.0574]], device='cuda:0', grad_fn=<SigmoidBackward0>)
Epoch [74/100], T_AUC: [4m0.8302[0m
Epoch [74/100], Loss: 14.3161
val_Accuracy: [92m0.7767[0m
val_Precision: [4;34m0.7603[0m,               val_Recall: [4;33m0.7905[0m,                 val_F1 Score: [4;35m0.7713[0m
æ ‡ç­¾é‡Œ1çš„ä¸ªæ•°:  430
æ ‡ç­¾é‡Œ0çš„ä¸ªæ•°:  430
æ€»æ•°:  860
æ­£ç¡®çš„ä¸ªæ•°:  668
Epoch [74/100], V_AUC: [4m0.7723[0m
Epoch [75/100], Loss: 54.2016
train_Accuracy: [91m0.8216[0m
train_Precision: [4;34m0.8095[0m,               train_Recall: [4;33m0.8504[0m,                 train_F1 Score: [4;35m0.8239[0m
æ ‡ç­¾é‡Œ1çš„ä¸ªæ•°:  2150
æ ‡ç­¾é‡Œ0çš„ä¸ªæ•°:  2150
æ€»æ•°:  4300
æ­£ç¡®çš„ä¸ªæ•°:  3533
æœ€åä¸€ä¸ªæ‰¹æ¬¡çš„è¾“å‡º, ä¸æ»¡batchsizeæ˜¯æ­£å¸¸çš„:
 tensor([[0.9152],
        [0.8972],
        [0.9626],
        [0.1380],
        [0.8384],
        [0.1104],
        [0.5780],
        [0.2510],
        [0.6891],
        [0.8950],
        [0.0148],
        [0.0507]], device='cuda:0', grad_fn=<SigmoidBackward0>)
Epoch [75/100], T_AUC: [4m0.8278[0m
Epoch [75/100], Loss: 14.2652
val_Accuracy: [92m0.7860[0m
val_Precision: [4;34m0.7925[0m,               val_Recall: [4;33m0.7613[0m,                 val_F1 Score: [4;35m0.7720[0m
æ ‡ç­¾é‡Œ1çš„ä¸ªæ•°:  430
æ ‡ç­¾é‡Œ0çš„ä¸ªæ•°:  430
æ€»æ•°:  860
æ­£ç¡®çš„ä¸ªæ•°:  676
Epoch [75/100], V_AUC: [4m0.7825[0m
Epoch [76/100], Loss: 54.1148
train_Accuracy: [91m0.8230[0m
train_Precision: [4;34m0.8118[0m,               train_Recall: [4;33m0.8503[0m,                 train_F1 Score: [4;35m0.8251[0m
æ ‡ç­¾é‡Œ1çš„ä¸ªæ•°:  2150
æ ‡ç­¾é‡Œ0çš„ä¸ªæ•°:  2150
æ€»æ•°:  4300
æ­£ç¡®çš„ä¸ªæ•°:  3539
æœ€åä¸€ä¸ªæ‰¹æ¬¡çš„è¾“å‡º, ä¸æ»¡batchsizeæ˜¯æ­£å¸¸çš„:
 tensor([[0.9248],
        [0.9044],
        [0.9503],
        [0.1351],
        [0.8509],
        [0.0990],
        [0.5835],
        [0.2558],
        [0.7220],
        [0.9069],
        [0.0166],
        [0.0383]], device='cuda:0', grad_fn=<SigmoidBackward0>)
Epoch [76/100], T_AUC: [4m0.8282[0m
Epoch [76/100], Loss: 14.2462
val_Accuracy: [92m0.7837[0m
val_Precision: [4;34m0.7853[0m,               val_Recall: [4;33m0.7680[0m,                 val_F1 Score: [4;35m0.7719[0m
æ ‡ç­¾é‡Œ1çš„ä¸ªæ•°:  430
æ ‡ç­¾é‡Œ0çš„ä¸ªæ•°:  430
æ€»æ•°:  860
æ­£ç¡®çš„ä¸ªæ•°:  674
Epoch [76/100], V_AUC: [4m0.7794[0m
Epoch [77/100], Loss: 54.6203
train_Accuracy: [91m0.8188[0m
train_Precision: [4;34m0.8069[0m,               train_Recall: [4;33m0.8474[0m,                 train_F1 Score: [4;35m0.8210[0m
æ ‡ç­¾é‡Œ1çš„ä¸ªæ•°:  2150
æ ‡ç­¾é‡Œ0çš„ä¸ªæ•°:  2150
æ€»æ•°:  4300
æ­£ç¡®çš„ä¸ªæ•°:  3521
æœ€åä¸€ä¸ªæ‰¹æ¬¡çš„è¾“å‡º, ä¸æ»¡batchsizeæ˜¯æ­£å¸¸çš„:
 tensor([[0.9338],
        [0.8950],
        [0.9497],
        [0.1122],
        [0.8406],
        [0.1402],
        [0.5497],
        [0.2363],
        [0.6904],
        [0.9134],
        [0.0165],
        [0.0530]], device='cuda:0', grad_fn=<SigmoidBackward0>)
Epoch [77/100], T_AUC: [4m0.8245[0m
Epoch [77/100], Loss: 14.5278
val_Accuracy: [92m0.7977[0m
val_Precision: [4;34m0.8305[0m,               val_Recall: [4;33m0.7405[0m,                 val_F1 Score: [4;35m0.7774[0m
æ ‡ç­¾é‡Œ1çš„ä¸ªæ•°:  430
æ ‡ç­¾é‡Œ0çš„ä¸ªæ•°:  430
æ€»æ•°:  860
æ­£ç¡®çš„ä¸ªæ•°:  686
Epoch [77/100], V_AUC: [4m0.7942[0m
Epoch [78/100], Loss: 54.3881
train_Accuracy: [91m0.8221[0m
train_Precision: [4;34m0.8109[0m,               train_Recall: [4;33m0.8484[0m,                 train_F1 Score: [4;35m0.8240[0m
æ ‡ç­¾é‡Œ1çš„ä¸ªæ•°:  2150
æ ‡ç­¾é‡Œ0çš„ä¸ªæ•°:  2150
æ€»æ•°:  4300
æ­£ç¡®çš„ä¸ªæ•°:  3535
æœ€åä¸€ä¸ªæ‰¹æ¬¡çš„è¾“å‡º, ä¸æ»¡batchsizeæ˜¯æ­£å¸¸çš„:
 tensor([[0.9193],
        [0.8892],
        [0.9591],
        [0.1302],
        [0.8315],
        [0.1492],
        [0.5808],
        [0.2526],
        [0.6930],
        [0.9055],
        [0.0176],
        [0.0383]], device='cuda:0', grad_fn=<SigmoidBackward0>)
Epoch [78/100], T_AUC: [4m0.8278[0m
Epoch [78/100], Loss: 13.9904
val_Accuracy: [92m0.7872[0m
val_Precision: [4;34m0.7927[0m,               val_Recall: [4;33m0.7630[0m,                 val_F1 Score: [4;35m0.7734[0m
æ ‡ç­¾é‡Œ1çš„ä¸ªæ•°:  430
æ ‡ç­¾é‡Œ0çš„ä¸ªæ•°:  430
æ€»æ•°:  860
æ­£ç¡®çš„ä¸ªæ•°:  677
Epoch [78/100], V_AUC: [4m0.7829[0m
Epoch [79/100], Loss: 54.2329
train_Accuracy: [91m0.8240[0m
train_Precision: [4;34m0.8130[0m,               train_Recall: [4;33m0.8511[0m,                 train_F1 Score: [4;35m0.8260[0m
æ ‡ç­¾é‡Œ1çš„ä¸ªæ•°:  2150
æ ‡ç­¾é‡Œ0çš„ä¸ªæ•°:  2150
æ€»æ•°:  4300
æ­£ç¡®çš„ä¸ªæ•°:  3543
æœ€åä¸€ä¸ªæ‰¹æ¬¡çš„è¾“å‡º, ä¸æ»¡batchsizeæ˜¯æ­£å¸¸çš„:
 tensor([[0.9404],
        [0.9139],
        [0.9392],
        [0.1250],
        [0.8555],
        [0.1434],
        [0.5527],
        [0.2083],
        [0.6805],
        [0.9199],
        [0.0191],
        [0.0426]], device='cuda:0', grad_fn=<SigmoidBackward0>)
Epoch [79/100], T_AUC: [4m0.8299[0m
Epoch [79/100], Loss: 14.3958
val_Accuracy: [92m0.7826[0m
val_Precision: [4;34m0.7958[0m,               val_Recall: [4;33m0.7526[0m,                 val_F1 Score: [4;35m0.7684[0m
æ ‡ç­¾é‡Œ1çš„ä¸ªæ•°:  430
æ ‡ç­¾é‡Œ0çš„ä¸ªæ•°:  430
æ€»æ•°:  860
æ­£ç¡®çš„ä¸ªæ•°:  673
Epoch [79/100], V_AUC: [4m0.7786[0m
Epoch [80/100], Loss: 54.5454
train_Accuracy: [91m0.8223[0m
train_Precision: [4;34m0.8142[0m,               train_Recall: [4;33m0.8454[0m,                 train_F1 Score: [4;35m0.8235[0m
æ ‡ç­¾é‡Œ1çš„ä¸ªæ•°:  2150
æ ‡ç­¾é‡Œ0çš„ä¸ªæ•°:  2150
æ€»æ•°:  4300
æ­£ç¡®çš„ä¸ªæ•°:  3536
æœ€åä¸€ä¸ªæ‰¹æ¬¡çš„è¾“å‡º, ä¸æ»¡batchsizeæ˜¯æ­£å¸¸çš„:
 tensor([[0.9316],
        [0.9042],
        [0.9573],
        [0.1062],
        [0.8492],
        [0.1203],
        [0.5060],
        [0.2286],
        [0.6674],
        [0.8961],
        [0.0165],
        [0.0957]], device='cuda:0', grad_fn=<SigmoidBackward0>)
Epoch [80/100], T_AUC: [4m0.8284[0m
Epoch [80/100], Loss: 13.9655
val_Accuracy: [92m0.7860[0m
val_Precision: [4;34m0.7917[0m,               val_Recall: [4;33m0.7694[0m,                 val_F1 Score: [4;35m0.7763[0m
æ ‡ç­¾é‡Œ1çš„ä¸ªæ•°:  430
æ ‡ç­¾é‡Œ0çš„ä¸ªæ•°:  430
æ€»æ•°:  860
æ­£ç¡®çš„ä¸ªæ•°:  676
Epoch [80/100], V_AUC: [4m0.7809[0m
Epoch [81/100], Loss: 54.0834
train_Accuracy: [91m0.8288[0m
train_Precision: [4;34m0.8175[0m,               train_Recall: [4;33m0.8544[0m,                 train_F1 Score: [4;35m0.8307[0m
æ ‡ç­¾é‡Œ1çš„ä¸ªæ•°:  2150
æ ‡ç­¾é‡Œ0çš„ä¸ªæ•°:  2150
æ€»æ•°:  4300
æ­£ç¡®çš„ä¸ªæ•°:  3564
æœ€åä¸€ä¸ªæ‰¹æ¬¡çš„è¾“å‡º, ä¸æ»¡batchsizeæ˜¯æ­£å¸¸çš„:
 tensor([[0.9212],
        [0.9007],
        [0.9646],
        [0.1363],
        [0.8315],
        [0.1356],
        [0.5470],
        [0.1934],
        [0.6796],
        [0.9041],
        [0.0199],
        [0.0526]], device='cuda:0', grad_fn=<SigmoidBackward0>)
Epoch [81/100], T_AUC: [4m0.8341[0m
Epoch [81/100], Loss: 14.3392
val_Accuracy: [92m0.7884[0m
val_Precision: [4;34m0.8028[0m,               val_Recall: [4;33m0.7548[0m,                 val_F1 Score: [4;35m0.7733[0m
æ ‡ç­¾é‡Œ1çš„ä¸ªæ•°:  430
æ ‡ç­¾é‡Œ0çš„ä¸ªæ•°:  430
æ€»æ•°:  860
æ­£ç¡®çš„ä¸ªæ•°:  678
Epoch [81/100], V_AUC: [4m0.7844[0m
Epoch [82/100], Loss: 53.7901
train_Accuracy: [91m0.8237[0m
train_Precision: [4;34m0.8124[0m,               train_Recall: [4;33m0.8503[0m,                 train_F1 Score: [4;35m0.8253[0m
æ ‡ç­¾é‡Œ1çš„ä¸ªæ•°:  2150
æ ‡ç­¾é‡Œ0çš„ä¸ªæ•°:  2150
æ€»æ•°:  4300
æ­£ç¡®çš„ä¸ªæ•°:  3542
æœ€åä¸€ä¸ªæ‰¹æ¬¡çš„è¾“å‡º, ä¸æ»¡batchsizeæ˜¯æ­£å¸¸çš„:
 tensor([[0.9216],
        [0.9055],
        [0.9664],
        [0.1245],
        [0.8474],
        [0.1221],
        [0.4978],
        [0.2273],
        [0.6779],
        [0.8756],
        [0.0134],
        [0.0970]], device='cuda:0', grad_fn=<SigmoidBackward0>)
Epoch [82/100], T_AUC: [4m0.8297[0m
Epoch [82/100], Loss: 14.0410
val_Accuracy: [92m0.7826[0m
val_Precision: [4;34m0.7868[0m,               val_Recall: [4;33m0.7643[0m,                 val_F1 Score: [4;35m0.7710[0m
æ ‡ç­¾é‡Œ1çš„ä¸ªæ•°:  430
æ ‡ç­¾é‡Œ0çš„ä¸ªæ•°:  430
æ€»æ•°:  860
æ­£ç¡®çš„ä¸ªæ•°:  673
Epoch [82/100], V_AUC: [4m0.7786[0m
Epoch [83/100], Loss: 54.0132
train_Accuracy: [91m0.8249[0m
train_Precision: [4;34m0.8141[0m,               train_Recall: [4;33m0.8512[0m,                 train_F1 Score: [4;35m0.8269[0m
æ ‡ç­¾é‡Œ1çš„ä¸ªæ•°:  2150
æ ‡ç­¾é‡Œ0çš„ä¸ªæ•°:  2150
æ€»æ•°:  4300
æ­£ç¡®çš„ä¸ªæ•°:  3547
æœ€åä¸€ä¸ªæ‰¹æ¬¡çš„è¾“å‡º, ä¸æ»¡batchsizeæ˜¯æ­£å¸¸çš„:
 tensor([[0.9325],
        [0.9222],
        [0.9652],
        [0.1111],
        [0.8458],
        [0.1110],
        [0.4762],
        [0.2436],
        [0.6651],
        [0.8810],
        [0.0145],
        [0.0860]], device='cuda:0', grad_fn=<SigmoidBackward0>)
Epoch [83/100], T_AUC: [4m0.8311[0m
Epoch [83/100], Loss: 14.2583
val_Accuracy: [92m0.7884[0m
val_Precision: [4;34m0.8032[0m,               val_Recall: [4;33m0.7554[0m,                 val_F1 Score: [4;35m0.7735[0m
æ ‡ç­¾é‡Œ1çš„ä¸ªæ•°:  430
æ ‡ç­¾é‡Œ0çš„ä¸ªæ•°:  430
æ€»æ•°:  860
æ­£ç¡®çš„ä¸ªæ•°:  678
Epoch [83/100], V_AUC: [4m0.7851[0m
Epoch [84/100], Loss: 53.7484
train_Accuracy: [91m0.8267[0m
train_Precision: [4;34m0.8170[0m,               train_Recall: [4;33m0.8507[0m,                 train_F1 Score: [4;35m0.8284[0m
æ ‡ç­¾é‡Œ1çš„ä¸ªæ•°:  2150
æ ‡ç­¾é‡Œ0çš„ä¸ªæ•°:  2150
æ€»æ•°:  4300
æ­£ç¡®çš„ä¸ªæ•°:  3555
æœ€åä¸€ä¸ªæ‰¹æ¬¡çš„è¾“å‡º, ä¸æ»¡batchsizeæ˜¯æ­£å¸¸çš„:
 tensor([[0.9333],
        [0.9013],
        [0.9721],
        [0.1404],
        [0.8606],
        [0.0904],
        [0.5191],
        [0.1521],
        [0.6544],
        [0.9062],
        [0.0166],
        [0.1047]], device='cuda:0', grad_fn=<SigmoidBackward0>)
Epoch [84/100], T_AUC: [4m0.8323[0m
Epoch [84/100], Loss: 13.9197
val_Accuracy: [92m0.7860[0m
val_Precision: [4;34m0.7975[0m,               val_Recall: [4;33m0.7668[0m,                 val_F1 Score: [4;35m0.7769[0m
æ ‡ç­¾é‡Œ1çš„ä¸ªæ•°:  430
æ ‡ç­¾é‡Œ0çš„ä¸ªæ•°:  430
æ€»æ•°:  860
æ­£ç¡®çš„ä¸ªæ•°:  676
Epoch [84/100], V_AUC: [4m0.7834[0m
Epoch [85/100], Loss: 53.8214
train_Accuracy: [91m0.8256[0m
train_Precision: [4;34m0.8162[0m,               train_Recall: [4;33m0.8505[0m,                 train_F1 Score: [4;35m0.8273[0m
æ ‡ç­¾é‡Œ1çš„ä¸ªæ•°:  2150
æ ‡ç­¾é‡Œ0çš„ä¸ªæ•°:  2150
æ€»æ•°:  4300
æ­£ç¡®çš„ä¸ªæ•°:  3550
æœ€åä¸€ä¸ªæ‰¹æ¬¡çš„è¾“å‡º, ä¸æ»¡batchsizeæ˜¯æ­£å¸¸çš„:
 tensor([[0.9270],
        [0.9047],
        [0.9649],
        [0.1102],
        [0.8542],
        [0.1004],
        [0.4797],
        [0.1652],
        [0.6522],
        [0.9093],
        [0.0229],
        [0.0814]], device='cuda:0', grad_fn=<SigmoidBackward0>)
Epoch [85/100], T_AUC: [4m0.8315[0m
Epoch [85/100], Loss: 14.0062
val_Accuracy: [92m0.7826[0m
val_Precision: [4;34m0.7942[0m,               val_Recall: [4;33m0.7645[0m,                 val_F1 Score: [4;35m0.7742[0m
æ ‡ç­¾é‡Œ1çš„ä¸ªæ•°:  430
æ ‡ç­¾é‡Œ0çš„ä¸ªæ•°:  430
æ€»æ•°:  860
æ­£ç¡®çš„ä¸ªæ•°:  673
Epoch [85/100], V_AUC: [4m0.7805[0m
Epoch [86/100], Loss: 53.7154
train_Accuracy: [91m0.8251[0m
train_Precision: [4;34m0.8153[0m,               train_Recall: [4;33m0.8501[0m,                 train_F1 Score: [4;35m0.8270[0m
æ ‡ç­¾é‡Œ1çš„ä¸ªæ•°:  2150
æ ‡ç­¾é‡Œ0çš„ä¸ªæ•°:  2150
æ€»æ•°:  4300
æ­£ç¡®çš„ä¸ªæ•°:  3548
æœ€åä¸€ä¸ªæ‰¹æ¬¡çš„è¾“å‡º, ä¸æ»¡batchsizeæ˜¯æ­£å¸¸çš„:
 tensor([[0.9273],
        [0.9164],
        [0.9683],
        [0.0863],
        [0.8560],
        [0.0992],
        [0.5232],
        [0.1817],
        [0.6496],
        [0.9109],
        [0.0156],
        [0.1171]], device='cuda:0', grad_fn=<SigmoidBackward0>)
Epoch [86/100], T_AUC: [4m0.8307[0m
Epoch [86/100], Loss: 14.0068
val_Accuracy: [92m0.7977[0m
val_Precision: [4;34m0.8149[0m,               val_Recall: [4;33m0.7605[0m,                 val_F1 Score: [4;35m0.7824[0m
æ ‡ç­¾é‡Œ1çš„ä¸ªæ•°:  430
æ ‡ç­¾é‡Œ0çš„ä¸ªæ•°:  430
æ€»æ•°:  860
æ­£ç¡®çš„ä¸ªæ•°:  686
Epoch [86/100], V_AUC: [4m0.7950[0m
Epoch [87/100], Loss: 53.9588
train_Accuracy: [91m0.8244[0m
train_Precision: [4;34m0.8126[0m,               train_Recall: [4;33m0.8513[0m,                 train_F1 Score: [4;35m0.8264[0m
æ ‡ç­¾é‡Œ1çš„ä¸ªæ•°:  2150
æ ‡ç­¾é‡Œ0çš„ä¸ªæ•°:  2150
æ€»æ•°:  4300
æ­£ç¡®çš„ä¸ªæ•°:  3545
æœ€åä¸€ä¸ªæ‰¹æ¬¡çš„è¾“å‡º, ä¸æ»¡batchsizeæ˜¯æ­£å¸¸çš„:
 tensor([[0.9360],
        [0.9034],
        [0.9726],
        [0.1172],
        [0.8585],
        [0.0919],
        [0.5353],
        [0.1724],
        [0.6674],
        [0.8792],
        [0.0162],
        [0.1124]], device='cuda:0', grad_fn=<SigmoidBackward0>)
Epoch [87/100], T_AUC: [4m0.8295[0m
Epoch [87/100], Loss: 14.0380
val_Accuracy: [92m0.7849[0m
val_Precision: [4;34m0.7920[0m,               val_Recall: [4;33m0.7673[0m,                 val_F1 Score: [4;35m0.7750[0m
æ ‡ç­¾é‡Œ1çš„ä¸ªæ•°:  430
æ ‡ç­¾é‡Œ0çš„ä¸ªæ•°:  430
æ€»æ•°:  860
æ­£ç¡®çš„ä¸ªæ•°:  675
Epoch [87/100], V_AUC: [4m0.7819[0m
Epoch [88/100], Loss: 53.7454
train_Accuracy: [91m0.8249[0m
train_Precision: [4;34m0.8133[0m,               train_Recall: [4;33m0.8522[0m,                 train_F1 Score: [4;35m0.8271[0m
æ ‡ç­¾é‡Œ1çš„ä¸ªæ•°:  2150
æ ‡ç­¾é‡Œ0çš„ä¸ªæ•°:  2150
æ€»æ•°:  4300
æ­£ç¡®çš„ä¸ªæ•°:  3547
æœ€åä¸€ä¸ªæ‰¹æ¬¡çš„è¾“å‡º, ä¸æ»¡batchsizeæ˜¯æ­£å¸¸çš„:
 tensor([[0.9275],
        [0.9170],
        [0.9762],
        [0.1139],
        [0.8358],
        [0.0834],
        [0.4763],
        [0.1257],
        [0.6794],
        [0.9037],
        [0.0210],
        [0.1035]], device='cuda:0', grad_fn=<SigmoidBackward0>)
Epoch [88/100], T_AUC: [4m0.8300[0m
Epoch [88/100], Loss: 14.3250
val_Accuracy: [92m0.7988[0m
val_Precision: [4;34m0.8195[0m,               val_Recall: [4;33m0.7571[0m,                 val_F1 Score: [4;35m0.7822[0m
æ ‡ç­¾é‡Œ1çš„ä¸ªæ•°:  430
æ ‡ç­¾é‡Œ0çš„ä¸ªæ•°:  430
æ€»æ•°:  860
æ­£ç¡®çš„ä¸ªæ•°:  687
Epoch [88/100], V_AUC: [4m0.7950[0m
Epoch [89/100], Loss: 53.8060
train_Accuracy: [91m0.8207[0m
train_Precision: [4;34m0.8099[0m,               train_Recall: [4;33m0.8473[0m,                 train_F1 Score: [4;35m0.8230[0m
æ ‡ç­¾é‡Œ1çš„ä¸ªæ•°:  2150
æ ‡ç­¾é‡Œ0çš„ä¸ªæ•°:  2150
æ€»æ•°:  4300
æ­£ç¡®çš„ä¸ªæ•°:  3529
æœ€åä¸€ä¸ªæ‰¹æ¬¡çš„è¾“å‡º, ä¸æ»¡batchsizeæ˜¯æ­£å¸¸çš„:
 tensor([[0.9368],
        [0.9166],
        [0.9740],
        [0.1469],
        [0.8673],
        [0.0870],
        [0.5198],
        [0.1681],
        [0.6082],
        [0.8594],
        [0.0152],
        [0.1027]], device='cuda:0', grad_fn=<SigmoidBackward0>)
Epoch [89/100], T_AUC: [4m0.8258[0m
Epoch [89/100], Loss: 14.1863
val_Accuracy: [92m0.7953[0m
val_Precision: [4;34m0.8130[0m,               val_Recall: [4;33m0.7630[0m,                 val_F1 Score: [4;35m0.7823[0m
æ ‡ç­¾é‡Œ1çš„ä¸ªæ•°:  430
æ ‡ç­¾é‡Œ0çš„ä¸ªæ•°:  430
æ€»æ•°:  860
æ­£ç¡®çš„ä¸ªæ•°:  684
Epoch [89/100], V_AUC: [4m0.7920[0m
Epoch [90/100], Loss: 53.7734
train_Accuracy: [91m0.8235[0m
train_Precision: [4;34m0.8131[0m,               train_Recall: [4;33m0.8488[0m,                 train_F1 Score: [4;35m0.8254[0m
æ ‡ç­¾é‡Œ1çš„ä¸ªæ•°:  2150
æ ‡ç­¾é‡Œ0çš„ä¸ªæ•°:  2150
æ€»æ•°:  4300
æ­£ç¡®çš„ä¸ªæ•°:  3541
æœ€åä¸€ä¸ªæ‰¹æ¬¡çš„è¾“å‡º, ä¸æ»¡batchsizeæ˜¯æ­£å¸¸çš„:
 tensor([[0.9272],
        [0.9170],
        [0.9790],
        [0.1228],
        [0.8413],
        [0.0706],
        [0.5629],
        [0.1960],
        [0.5917],
        [0.8818],
        [0.0156],
        [0.0947]], device='cuda:0', grad_fn=<SigmoidBackward0>)
Epoch [90/100], T_AUC: [4m0.8286[0m
Epoch [90/100], Loss: 14.0163
val_Accuracy: [92m0.7942[0m
val_Precision: [4;34m0.8095[0m,               val_Recall: [4;33m0.7679[0m,                 val_F1 Score: [4;35m0.7834[0m
æ ‡ç­¾é‡Œ1çš„ä¸ªæ•°:  430
æ ‡ç­¾é‡Œ0çš„ä¸ªæ•°:  430
æ€»æ•°:  860
æ­£ç¡®çš„ä¸ªæ•°:  683
Epoch [90/100], V_AUC: [4m0.7916[0m
Epoch [91/100], Loss: 53.4633
train_Accuracy: [91m0.8230[0m
train_Precision: [4;34m0.8119[0m,               train_Recall: [4;33m0.8495[0m,                 train_F1 Score: [4;35m0.8249[0m
æ ‡ç­¾é‡Œ1çš„ä¸ªæ•°:  2150
æ ‡ç­¾é‡Œ0çš„ä¸ªæ•°:  2150
æ€»æ•°:  4300
æ­£ç¡®çš„ä¸ªæ•°:  3539
æœ€åä¸€ä¸ªæ‰¹æ¬¡çš„è¾“å‡º, ä¸æ»¡batchsizeæ˜¯æ­£å¸¸çš„:
 tensor([[0.9405],
        [0.9180],
        [0.9705],
        [0.1156],
        [0.8633],
        [0.0560],
        [0.6118],
        [0.1260],
        [0.6602],
        [0.9016],
        [0.0220],
        [0.0955]], device='cuda:0', grad_fn=<SigmoidBackward0>)
Epoch [91/100], T_AUC: [4m0.8280[0m
Epoch [91/100], Loss: 14.2118
val_Accuracy: [92m0.7849[0m
val_Precision: [4;34m0.7980[0m,               val_Recall: [4;33m0.7614[0m,                 val_F1 Score: [4;35m0.7743[0m
æ ‡ç­¾é‡Œ1çš„ä¸ªæ•°:  430
æ ‡ç­¾é‡Œ0çš„ä¸ªæ•°:  430
æ€»æ•°:  860
æ­£ç¡®çš„ä¸ªæ•°:  675
Epoch [91/100], V_AUC: [4m0.7822[0m
Epoch [92/100], Loss: 53.7043
train_Accuracy: [91m0.8223[0m
train_Precision: [4;34m0.8148[0m,               train_Recall: [4;33m0.8437[0m,                 train_F1 Score: [4;35m0.8239[0m
æ ‡ç­¾é‡Œ1çš„ä¸ªæ•°:  2150
æ ‡ç­¾é‡Œ0çš„ä¸ªæ•°:  2150
æ€»æ•°:  4300
æ­£ç¡®çš„ä¸ªæ•°:  3536
æœ€åä¸€ä¸ªæ‰¹æ¬¡çš„è¾“å‡º, ä¸æ»¡batchsizeæ˜¯æ­£å¸¸çš„:
 tensor([[0.9399],
        [0.9151],
        [0.9727],
        [0.1138],
        [0.8666],
        [0.0727],
        [0.5423],
        [0.1804],
        [0.6335],
        [0.9121],
        [0.0138],
        [0.0993]], device='cuda:0', grad_fn=<SigmoidBackward0>)
Epoch [92/100], T_AUC: [4m0.8276[0m
Epoch [92/100], Loss: 14.3326
val_Accuracy: [92m0.7907[0m
val_Precision: [4;34m0.8068[0m,               val_Recall: [4;33m0.7585[0m,                 val_F1 Score: [4;35m0.7779[0m
æ ‡ç­¾é‡Œ1çš„ä¸ªæ•°:  430
æ ‡ç­¾é‡Œ0çš„ä¸ªæ•°:  430
æ€»æ•°:  860
æ­£ç¡®çš„ä¸ªæ•°:  680
Epoch [92/100], V_AUC: [4m0.7873[0m
Epoch [93/100], Loss: 53.6038
train_Accuracy: [91m0.8256[0m
train_Precision: [4;34m0.8154[0m,               train_Recall: [4;33m0.8508[0m,                 train_F1 Score: [4;35m0.8275[0m
æ ‡ç­¾é‡Œ1çš„ä¸ªæ•°:  2150
æ ‡ç­¾é‡Œ0çš„ä¸ªæ•°:  2150
æ€»æ•°:  4300
æ­£ç¡®çš„ä¸ªæ•°:  3550
æœ€åä¸€ä¸ªæ‰¹æ¬¡çš„è¾“å‡º, ä¸æ»¡batchsizeæ˜¯æ­£å¸¸çš„:
 tensor([[0.9384],
        [0.9268],
        [0.9811],
        [0.1086],
        [0.8647],
        [0.0579],
        [0.5553],
        [0.1910],
        [0.6437],
        [0.8421],
        [0.0159],
        [0.0863]], device='cuda:0', grad_fn=<SigmoidBackward0>)
Epoch [93/100], T_AUC: [4m0.8309[0m
Epoch [93/100], Loss: 14.1254
val_Accuracy: [92m0.7953[0m
val_Precision: [4;34m0.8118[0m,               val_Recall: [4;33m0.7657[0m,                 val_F1 Score: [4;35m0.7835[0m
æ ‡ç­¾é‡Œ1çš„ä¸ªæ•°:  430
æ ‡ç­¾é‡Œ0çš„ä¸ªæ•°:  430
æ€»æ•°:  860
æ­£ç¡®çš„ä¸ªæ•°:  684
Epoch [93/100], V_AUC: [4m0.7926[0m
Epoch [94/100], Loss: 53.1234
train_Accuracy: [91m0.8277[0m
train_Precision: [4;34m0.8203[0m,               train_Recall: [4;33m0.8489[0m,                 train_F1 Score: [4;35m0.8291[0m
æ ‡ç­¾é‡Œ1çš„ä¸ªæ•°:  2150
æ ‡ç­¾é‡Œ0çš„ä¸ªæ•°:  2150
æ€»æ•°:  4300
æ­£ç¡®çš„ä¸ªæ•°:  3559
æœ€åä¸€ä¸ªæ‰¹æ¬¡çš„è¾“å‡º, ä¸æ»¡batchsizeæ˜¯æ­£å¸¸çš„:
 tensor([[0.9389],
        [0.8975],
        [0.9815],
        [0.1347],
        [0.8610],
        [0.0786],
        [0.5008],
        [0.1447],
        [0.6517],
        [0.9110],
        [0.0140],
        [0.0999]], device='cuda:0', grad_fn=<SigmoidBackward0>)
Epoch [94/100], T_AUC: [4m0.8328[0m
Epoch [94/100], Loss: 14.2914
val_Accuracy: [92m0.7907[0m
val_Precision: [4;34m0.8098[0m,               val_Recall: [4;33m0.7573[0m,                 val_F1 Score: [4;35m0.7786[0m
æ ‡ç­¾é‡Œ1çš„ä¸ªæ•°:  430
æ ‡ç­¾é‡Œ0çš„ä¸ªæ•°:  430
æ€»æ•°:  860
æ­£ç¡®çš„ä¸ªæ•°:  680
Epoch [94/100], V_AUC: [4m0.7882[0m
Epoch [95/100], Loss: 53.0329
train_Accuracy: [91m0.8223[0m
train_Precision: [4;34m0.8108[0m,               train_Recall: [4;33m0.8481[0m,                 train_F1 Score: [4;35m0.8242[0m
æ ‡ç­¾é‡Œ1çš„ä¸ªæ•°:  2150
æ ‡ç­¾é‡Œ0çš„ä¸ªæ•°:  2150
æ€»æ•°:  4300
æ­£ç¡®çš„ä¸ªæ•°:  3536
æœ€åä¸€ä¸ªæ‰¹æ¬¡çš„è¾“å‡º, ä¸æ»¡batchsizeæ˜¯æ­£å¸¸çš„:
 tensor([[0.9304],
        [0.8986],
        [0.9879],
        [0.1087],
        [0.8320],
        [0.1198],
        [0.4777],
        [0.1369],
        [0.6635],
        [0.8925],
        [0.0124],
        [0.0805]], device='cuda:0', grad_fn=<SigmoidBackward0>)
Epoch [95/100], T_AUC: [4m0.8272[0m
Epoch [95/100], Loss: 14.3968
val_Accuracy: [92m0.8070[0m
val_Precision: [4;34m0.8332[0m,               val_Recall: [4;33m0.7655[0m,                 val_F1 Score: [4;35m0.7935[0m
æ ‡ç­¾é‡Œ1çš„ä¸ªæ•°:  430
æ ‡ç­¾é‡Œ0çš„ä¸ªæ•°:  430
æ€»æ•°:  860
æ­£ç¡®çš„ä¸ªæ•°:  694
Epoch [95/100], V_AUC: [4m0.8038[0m
Epoch [96/100], Loss: 54.1397
train_Accuracy: [91m0.8226[0m
train_Precision: [4;34m0.8156[0m,               train_Recall: [4;33m0.8453[0m,                 train_F1 Score: [4;35m0.8246[0m
æ ‡ç­¾é‡Œ1çš„ä¸ªæ•°:  2150
æ ‡ç­¾é‡Œ0çš„ä¸ªæ•°:  2150
æ€»æ•°:  4300
æ­£ç¡®çš„ä¸ªæ•°:  3537
æœ€åä¸€ä¸ªæ‰¹æ¬¡çš„è¾“å‡º, ä¸æ»¡batchsizeæ˜¯æ­£å¸¸çš„:
 tensor([[0.9136],
        [0.8895],
        [0.9855],
        [0.1047],
        [0.8402],
        [0.1219],
        [0.5002],
        [0.1999],
        [0.6237],
        [0.8979],
        [0.0169],
        [0.0861]], device='cuda:0', grad_fn=<SigmoidBackward0>)
Epoch [96/100], T_AUC: [4m0.8282[0m
Epoch [96/100], Loss: 14.2352
val_Accuracy: [92m0.7977[0m
val_Precision: [4;34m0.8195[0m,               val_Recall: [4;33m0.7617[0m,                 val_F1 Score: [4;35m0.7849[0m
æ ‡ç­¾é‡Œ1çš„ä¸ªæ•°:  430
æ ‡ç­¾é‡Œ0çš„ä¸ªæ•°:  430
æ€»æ•°:  860
æ­£ç¡®çš„ä¸ªæ•°:  686
Epoch [96/100], V_AUC: [4m0.7949[0m
Epoch [97/100], Loss: 53.6346
train_Accuracy: [91m0.8253[0m
train_Precision: [4;34m0.8186[0m,               train_Recall: [4;33m0.8469[0m,                 train_F1 Score: [4;35m0.8274[0m
æ ‡ç­¾é‡Œ1çš„ä¸ªæ•°:  2150
æ ‡ç­¾é‡Œ0çš„ä¸ªæ•°:  2150
æ€»æ•°:  4300
æ­£ç¡®çš„ä¸ªæ•°:  3549
æœ€åä¸€ä¸ªæ‰¹æ¬¡çš„è¾“å‡º, ä¸æ»¡batchsizeæ˜¯æ­£å¸¸çš„:
 tensor([[0.9184],
        [0.9014],
        [0.9792],
        [0.1061],
        [0.8466],
        [0.1181],
        [0.4984],
        [0.1020],
        [0.6443],
        [0.9090],
        [0.0359],
        [0.0843]], device='cuda:0', grad_fn=<SigmoidBackward0>)
Epoch [97/100], T_AUC: [4m0.8304[0m
Epoch [97/100], Loss: 14.5135
val_Accuracy: [92m0.7977[0m
val_Precision: [4;34m0.8173[0m,               val_Recall: [4;33m0.7603[0m,                 val_F1 Score: [4;35m0.7834[0m
æ ‡ç­¾é‡Œ1çš„ä¸ªæ•°:  430
æ ‡ç­¾é‡Œ0çš„ä¸ªæ•°:  430
æ€»æ•°:  860
æ­£ç¡®çš„ä¸ªæ•°:  686
Epoch [97/100], V_AUC: [4m0.7942[0m
Epoch [98/100], Loss: 53.3247
train_Accuracy: [91m0.8247[0m
train_Precision: [4;34m0.8151[0m,               train_Recall: [4;33m0.8508[0m,                 train_F1 Score: [4;35m0.8271[0m
æ ‡ç­¾é‡Œ1çš„ä¸ªæ•°:  2150
æ ‡ç­¾é‡Œ0çš„ä¸ªæ•°:  2150
æ€»æ•°:  4300
æ­£ç¡®çš„ä¸ªæ•°:  3546
æœ€åä¸€ä¸ªæ‰¹æ¬¡çš„è¾“å‡º, ä¸æ»¡batchsizeæ˜¯æ­£å¸¸çš„:
 tensor([[0.9218],
        [0.9092],
        [0.9870],
        [0.1135],
        [0.8271],
        [0.0807],
        [0.4912],
        [0.2205],
        [0.6339],
        [0.8888],
        [0.0102],
        [0.0910]], device='cuda:0', grad_fn=<SigmoidBackward0>)
Epoch [98/100], T_AUC: [4m0.8300[0m
Epoch [98/100], Loss: 14.1173
val_Accuracy: [92m0.7977[0m
val_Precision: [4;34m0.8115[0m,               val_Recall: [4;33m0.7718[0m,                 val_F1 Score: [4;35m0.7869[0m
æ ‡ç­¾é‡Œ1çš„ä¸ªæ•°:  430
æ ‡ç­¾é‡Œ0çš„ä¸ªæ•°:  430
æ€»æ•°:  860
æ­£ç¡®çš„ä¸ªæ•°:  686
Epoch [98/100], V_AUC: [4m0.7943[0m
Epoch [99/100], Loss: 53.1318
train_Accuracy: [91m0.8249[0m
train_Precision: [4;34m0.8160[0m,               train_Recall: [4;33m0.8468[0m,                 train_F1 Score: [4;35m0.8258[0m
æ ‡ç­¾é‡Œ1çš„ä¸ªæ•°:  2150
æ ‡ç­¾é‡Œ0çš„ä¸ªæ•°:  2150
æ€»æ•°:  4300
æ­£ç¡®çš„ä¸ªæ•°:  3547
æœ€åä¸€ä¸ªæ‰¹æ¬¡çš„è¾“å‡º, ä¸æ»¡batchsizeæ˜¯æ­£å¸¸çš„:
 tensor([[0.9347],
        [0.9036],
        [0.9813],
        [0.1337],
        [0.8565],
        [0.0684],
        [0.5106],
        [0.1788],
        [0.6294],
        [0.9298],
        [0.0124],
        [0.1057]], device='cuda:0', grad_fn=<SigmoidBackward0>)
Epoch [99/100], T_AUC: [4m0.8302[0m
Epoch [99/100], Loss: 14.3058
val_Accuracy: [92m0.7884[0m
val_Precision: [4;34m0.7983[0m,               val_Recall: [4;33m0.7677[0m,                 val_F1 Score: [4;35m0.7783[0m
æ ‡ç­¾é‡Œ1çš„ä¸ªæ•°:  430
æ ‡ç­¾é‡Œ0çš„ä¸ªæ•°:  430
æ€»æ•°:  860
æ­£ç¡®çš„ä¸ªæ•°:  678
Epoch [99/100], V_AUC: [4m0.7858[0m
Epoch [100/100], Loss: 53.4305
train_Accuracy: [91m0.8237[0m
train_Precision: [4;34m0.8138[0m,               train_Recall: [4;33m0.8497[0m,                 train_F1 Score: [4;35m0.8259[0m
æ ‡ç­¾é‡Œ1çš„ä¸ªæ•°:  2150
æ ‡ç­¾é‡Œ0çš„ä¸ªæ•°:  2150
æ€»æ•°:  4300
æ­£ç¡®çš„ä¸ªæ•°:  3542
æœ€åä¸€ä¸ªæ‰¹æ¬¡çš„è¾“å‡º, ä¸æ»¡batchsizeæ˜¯æ­£å¸¸çš„:
 tensor([[0.9085],
        [0.9016],
        [0.9847],
        [0.1117],
        [0.8119],
        [0.1132],
        [0.5546],
        [0.1684],
        [0.5942],
        [0.9176],
        [0.0144],
        [0.0911]], device='cuda:0', grad_fn=<SigmoidBackward0>)
Epoch [100/100], T_AUC: [4m0.8293[0m
Epoch [100/100], Loss: 14.0023
val_Accuracy: [92m0.7919[0m
val_Precision: [4;34m0.8108[0m,               val_Recall: [4;33m0.7558[0m,                 val_F1 Score: [4;35m0.7777[0m
æ ‡ç­¾é‡Œ1çš„ä¸ªæ•°:  430
æ ‡ç­¾é‡Œ0çš„ä¸ªæ•°:  430
æ€»æ•°:  860
æ­£ç¡®çš„ä¸ªæ•°:  681
Epoch [100/100], V_AUC: [4m0.7888[0m
ç¬¬0æ‰¹ç¬¬2ä¸ª, 100
ç¬¬0æ‰¹ç¬¬15ä¸ª, 100
ç¬¬1æ‰¹ç¬¬0ä¸ª, 100
ç¬¬1æ‰¹ç¬¬16ä¸ª, 100
ç¬¬1æ‰¹ç¬¬29ä¸ª, 100
send email successfully
