2024-06-25-02:52:59
1æ’åº128-0.5
åˆ›å»ºæ¨¡å‹å®ä¾‹
æ¨¡å‹å®ä¾‹åˆ›å»ºå®Œæˆ
åŠ è½½é¢„è®­ç»ƒå‚æ•°
é¢„è®­ç»ƒå‚æ•°åŠ è½½å®Œæˆ
Epoch [1/100], Loss: 60.7934
train_Accuracy: [91m0.8042[0m
train_Precision: [4;34m0.8253[0m,               train_Recall: [4;33m0.7846[0m,                 train_F1 Score: [4;35m0.7987[0m
æ ‡ç­¾é‡Œ1çš„ä¸ªæ•°:  2150
æ ‡ç­¾é‡Œ0çš„ä¸ªæ•°:  2150
æ€»æ•°:  4300
æ­£ç¡®çš„ä¸ªæ•°:  3458
æœ€åä¸€ä¸ªæ‰¹æ¬¡çš„è¾“å‡º, ä¸æ»¡batchsizeæ˜¯æ­£å¸¸çš„:
 tensor([[0.9293],
        [0.8233],
        [0.9775],
        [0.1670],
        [0.7483],
        [0.1829],
        [0.5970],
        [0.3224],
        [0.5231],
        [0.8584],
        [0.0371],
        [0.0406]], device='cuda:0', grad_fn=<SigmoidBackward0>)
Epoch [1/100], T_AUC: [4m0.8104[0m
Epoch [1/100], Loss: 13.7659
val_Accuracy: [92m0.7977[0m
val_Precision: [4;34m0.8167[0m,               val_Recall: [4;33m0.7603[0m,                 val_F1 Score: [4;35m0.7828[0m
æ ‡ç­¾é‡Œ1çš„ä¸ªæ•°:  430
æ ‡ç­¾é‡Œ0çš„ä¸ªæ•°:  430
æ€»æ•°:  860
æ­£ç¡®çš„ä¸ªæ•°:  686
Epoch [1/100], V_AUC: [4m0.7954[0m
Epoch [2/100], Loss: 58.1084
train_Accuracy: [91m0.8121[0m
train_Precision: [4;34m0.8351[0m,               train_Recall: [4;33m0.7891[0m,                 train_F1 Score: [4;35m0.8061[0m
æ ‡ç­¾é‡Œ1çš„ä¸ªæ•°:  2150
æ ‡ç­¾é‡Œ0çš„ä¸ªæ•°:  2150
æ€»æ•°:  4300
æ­£ç¡®çš„ä¸ªæ•°:  3492
æœ€åä¸€ä¸ªæ‰¹æ¬¡çš„è¾“å‡º, ä¸æ»¡batchsizeæ˜¯æ­£å¸¸çš„:
 tensor([[0.9229],
        [0.8345],
        [0.9767],
        [0.1792],
        [0.7780],
        [0.1570],
        [0.4956],
        [0.3079],
        [0.5502],
        [0.8961],
        [0.0404],
        [0.0427]], device='cuda:0', grad_fn=<SigmoidBackward0>)
Epoch [2/100], T_AUC: [4m0.8188[0m
Epoch [2/100], Loss: 13.8196
val_Accuracy: [92m0.7953[0m
val_Precision: [4;34m0.8215[0m,               val_Recall: [4;33m0.7459[0m,                 val_F1 Score: [4;35m0.7769[0m
æ ‡ç­¾é‡Œ1çš„ä¸ªæ•°:  430
æ ‡ç­¾é‡Œ0çš„ä¸ªæ•°:  430
æ€»æ•°:  860
æ­£ç¡®çš„ä¸ªæ•°:  684
Epoch [2/100], V_AUC: [4m0.7925[0m
Epoch [3/100], Loss: 57.4030
train_Accuracy: [91m0.8126[0m
train_Precision: [4;34m0.8363[0m,               train_Recall: [4;33m0.7887[0m,                 train_F1 Score: [4;35m0.8066[0m
æ ‡ç­¾é‡Œ1çš„ä¸ªæ•°:  2150
æ ‡ç­¾é‡Œ0çš„ä¸ªæ•°:  2150
æ€»æ•°:  4300
æ­£ç¡®çš„ä¸ªæ•°:  3494
æœ€åä¸€ä¸ªæ‰¹æ¬¡çš„è¾“å‡º, ä¸æ»¡batchsizeæ˜¯æ­£å¸¸çš„:
 tensor([[0.9121],
        [0.8515],
        [0.9822],
        [0.1534],
        [0.7989],
        [0.1475],
        [0.3962],
        [0.2871],
        [0.6220],
        [0.8928],
        [0.0464],
        [0.0472]], device='cuda:0', grad_fn=<SigmoidBackward0>)
Epoch [3/100], T_AUC: [4m0.8192[0m
Epoch [3/100], Loss: 14.0702
val_Accuracy: [92m0.7930[0m
val_Precision: [4;34m0.8249[0m,               val_Recall: [4;33m0.7370[0m,                 val_F1 Score: [4;35m0.7734[0m
æ ‡ç­¾é‡Œ1çš„ä¸ªæ•°:  430
æ ‡ç­¾é‡Œ0çš„ä¸ªæ•°:  430
æ€»æ•°:  860
æ­£ç¡®çš„ä¸ªæ•°:  682
Epoch [3/100], V_AUC: [4m0.7904[0m
Epoch [4/100], Loss: 56.9801
train_Accuracy: [91m0.8172[0m
train_Precision: [4;34m0.8378[0m,               train_Recall: [4;33m0.7973[0m,                 train_F1 Score: [4;35m0.8119[0m
æ ‡ç­¾é‡Œ1çš„ä¸ªæ•°:  2150
æ ‡ç­¾é‡Œ0çš„ä¸ªæ•°:  2150
æ€»æ•°:  4300
æ­£ç¡®çš„ä¸ªæ•°:  3514
æœ€åä¸€ä¸ªæ‰¹æ¬¡çš„è¾“å‡º, ä¸æ»¡batchsizeæ˜¯æ­£å¸¸çš„:
 tensor([[0.9104],
        [0.8287],
        [0.9783],
        [0.1393],
        [0.8157],
        [0.1366],
        [0.3889],
        [0.3267],
        [0.6572],
        [0.8983],
        [0.0477],
        [0.0525]], device='cuda:0', grad_fn=<SigmoidBackward0>)
Epoch [4/100], T_AUC: [4m0.8239[0m
Epoch [4/100], Loss: 13.8995
val_Accuracy: [92m0.7965[0m
val_Precision: [4;34m0.8223[0m,               val_Recall: [4;33m0.7477[0m,                 val_F1 Score: [4;35m0.7781[0m
æ ‡ç­¾é‡Œ1çš„ä¸ªæ•°:  430
æ ‡ç­¾é‡Œ0çš„ä¸ªæ•°:  430
æ€»æ•°:  860
æ­£ç¡®çš„ä¸ªæ•°:  685
Epoch [4/100], V_AUC: [4m0.7934[0m
Epoch [5/100], Loss: 56.3365
train_Accuracy: [91m0.8200[0m
train_Precision: [4;34m0.8408[0m,               train_Recall: [4;33m0.8005[0m,                 train_F1 Score: [4;35m0.8151[0m
æ ‡ç­¾é‡Œ1çš„ä¸ªæ•°:  2150
æ ‡ç­¾é‡Œ0çš„ä¸ªæ•°:  2150
æ€»æ•°:  4300
æ­£ç¡®çš„ä¸ªæ•°:  3526
æœ€åä¸€ä¸ªæ‰¹æ¬¡çš„è¾“å‡º, ä¸æ»¡batchsizeæ˜¯æ­£å¸¸çš„:
 tensor([[0.9050],
        [0.8157],
        [0.9784],
        [0.1259],
        [0.7998],
        [0.1403],
        [0.4164],
        [0.3786],
        [0.7067],
        [0.8892],
        [0.0478],
        [0.0465]], device='cuda:0', grad_fn=<SigmoidBackward0>)
Epoch [5/100], T_AUC: [4m0.8263[0m
Epoch [5/100], Loss: 14.1627
val_Accuracy: [92m0.7884[0m
val_Precision: [4;34m0.8039[0m,               val_Recall: [4;33m0.7517[0m,                 val_F1 Score: [4;35m0.7719[0m
æ ‡ç­¾é‡Œ1çš„ä¸ªæ•°:  430
æ ‡ç­¾é‡Œ0çš„ä¸ªæ•°:  430
æ€»æ•°:  860
æ­£ç¡®çš„ä¸ªæ•°:  678
Epoch [5/100], V_AUC: [4m0.7861[0m
Epoch [6/100], Loss: 56.1129
train_Accuracy: [91m0.8191[0m
train_Precision: [4;34m0.8398[0m,               train_Recall: [4;33m0.7992[0m,                 train_F1 Score: [4;35m0.8140[0m
æ ‡ç­¾é‡Œ1çš„ä¸ªæ•°:  2150
æ ‡ç­¾é‡Œ0çš„ä¸ªæ•°:  2150
æ€»æ•°:  4300
æ­£ç¡®çš„ä¸ªæ•°:  3522
æœ€åä¸€ä¸ªæ‰¹æ¬¡çš„è¾“å‡º, ä¸æ»¡batchsizeæ˜¯æ­£å¸¸çš„:
 tensor([[0.9035],
        [0.8326],
        [0.9695],
        [0.1119],
        [0.8574],
        [0.1163],
        [0.3967],
        [0.4924],
        [0.6891],
        [0.8892],
        [0.0354],
        [0.0575]], device='cuda:0', grad_fn=<SigmoidBackward0>)
Epoch [6/100], T_AUC: [4m0.8254[0m
Epoch [6/100], Loss: 14.2397
val_Accuracy: [92m0.7895[0m
val_Precision: [4;34m0.8130[0m,               val_Recall: [4;33m0.7433[0m,                 val_F1 Score: [4;35m0.7715[0m
æ ‡ç­¾é‡Œ1çš„ä¸ªæ•°:  430
æ ‡ç­¾é‡Œ0çš„ä¸ªæ•°:  430
æ€»æ•°:  860
æ­£ç¡®çš„ä¸ªæ•°:  679
Epoch [6/100], V_AUC: [4m0.7872[0m
Epoch [7/100], Loss: 55.6738
train_Accuracy: [91m0.8219[0m
train_Precision: [4;34m0.8379[0m,               train_Recall: [4;33m0.8080[0m,                 train_F1 Score: [4;35m0.8176[0m
æ ‡ç­¾é‡Œ1çš„ä¸ªæ•°:  2150
æ ‡ç­¾é‡Œ0çš„ä¸ªæ•°:  2150
æ€»æ•°:  4300
æ­£ç¡®çš„ä¸ªæ•°:  3534
æœ€åä¸€ä¸ªæ‰¹æ¬¡çš„è¾“å‡º, ä¸æ»¡batchsizeæ˜¯æ­£å¸¸çš„:
 tensor([[0.9052],
        [0.8669],
        [0.9769],
        [0.1045],
        [0.8447],
        [0.0956],
        [0.3688],
        [0.4028],
        [0.7272],
        [0.8603],
        [0.0485],
        [0.0556]], device='cuda:0', grad_fn=<SigmoidBackward0>)
Epoch [7/100], T_AUC: [4m0.8287[0m
Epoch [7/100], Loss: 14.1486
val_Accuracy: [92m0.7826[0m
val_Precision: [4;34m0.8005[0m,               val_Recall: [4;33m0.7425[0m,                 val_F1 Score: [4;35m0.7654[0m
æ ‡ç­¾é‡Œ1çš„ä¸ªæ•°:  430
æ ‡ç­¾é‡Œ0çš„ä¸ªæ•°:  430
æ€»æ•°:  860
æ­£ç¡®çš„ä¸ªæ•°:  673
Epoch [7/100], V_AUC: [4m0.7803[0m
Epoch [8/100], Loss: 55.0328
train_Accuracy: [91m0.8288[0m
train_Precision: [4;34m0.8468[0m,               train_Recall: [4;33m0.8120[0m,                 train_F1 Score: [4;35m0.8241[0m
æ ‡ç­¾é‡Œ1çš„ä¸ªæ•°:  2150
æ ‡ç­¾é‡Œ0çš„ä¸ªæ•°:  2150
æ€»æ•°:  4300
æ­£ç¡®çš„ä¸ªæ•°:  3564
æœ€åä¸€ä¸ªæ‰¹æ¬¡çš„è¾“å‡º, ä¸æ»¡batchsizeæ˜¯æ­£å¸¸çš„:
 tensor([[0.9177],
        [0.8309],
        [0.9802],
        [0.1354],
        [0.8522],
        [0.1061],
        [0.3727],
        [0.3772],
        [0.6862],
        [0.8327],
        [0.0391],
        [0.0675]], device='cuda:0', grad_fn=<SigmoidBackward0>)
Epoch [8/100], T_AUC: [4m0.8353[0m
Epoch [8/100], Loss: 14.5812
val_Accuracy: [92m0.7930[0m
val_Precision: [4;34m0.8122[0m,               val_Recall: [4;33m0.7521[0m,                 val_F1 Score: [4;35m0.7764[0m
æ ‡ç­¾é‡Œ1çš„ä¸ªæ•°:  430
æ ‡ç­¾é‡Œ0çš„ä¸ªæ•°:  430
æ€»æ•°:  860
æ­£ç¡®çš„ä¸ªæ•°:  682
Epoch [8/100], V_AUC: [4m0.7902[0m
Epoch [9/100], Loss: 54.4838
train_Accuracy: [91m0.8286[0m
train_Precision: [4;34m0.8476[0m,               train_Recall: [4;33m0.8114[0m,                 train_F1 Score: [4;35m0.8239[0m
æ ‡ç­¾é‡Œ1çš„ä¸ªæ•°:  2150
æ ‡ç­¾é‡Œ0çš„ä¸ªæ•°:  2150
æ€»æ•°:  4300
æ­£ç¡®çš„ä¸ªæ•°:  3563
æœ€åä¸€ä¸ªæ‰¹æ¬¡çš„è¾“å‡º, ä¸æ»¡batchsizeæ˜¯æ­£å¸¸çš„:
 tensor([[0.8803],
        [0.7666],
        [0.9746],
        [0.1079],
        [0.8508],
        [0.1194],
        [0.3606],
        [0.3795],
        [0.7911],
        [0.8948],
        [0.0447],
        [0.0734]], device='cuda:0', grad_fn=<SigmoidBackward0>)
Epoch [9/100], T_AUC: [4m0.8353[0m
Epoch [9/100], Loss: 14.3971
val_Accuracy: [92m0.7860[0m
val_Precision: [4;34m0.8118[0m,               val_Recall: [4;33m0.7367[0m,                 val_F1 Score: [4;35m0.7678[0m
æ ‡ç­¾é‡Œ1çš„ä¸ªæ•°:  430
æ ‡ç­¾é‡Œ0çš„ä¸ªæ•°:  430
æ€»æ•°:  860
æ­£ç¡®çš„ä¸ªæ•°:  676
Epoch [9/100], V_AUC: [4m0.7843[0m
Epoch [10/100], Loss: 54.5568
train_Accuracy: [91m0.8279[0m
train_Precision: [4;34m0.8489[0m,               train_Recall: [4;33m0.8082[0m,                 train_F1 Score: [4;35m0.8229[0m
æ ‡ç­¾é‡Œ1çš„ä¸ªæ•°:  2150
æ ‡ç­¾é‡Œ0çš„ä¸ªæ•°:  2150
æ€»æ•°:  4300
æ­£ç¡®çš„ä¸ªæ•°:  3560
æœ€åä¸€ä¸ªæ‰¹æ¬¡çš„è¾“å‡º, ä¸æ»¡batchsizeæ˜¯æ­£å¸¸çš„:
 tensor([[0.9127],
        [0.8357],
        [0.9809],
        [0.1052],
        [0.8653],
        [0.1110],
        [0.3578],
        [0.3967],
        [0.6629],
        [0.8697],
        [0.0480],
        [0.0515]], device='cuda:0', grad_fn=<SigmoidBackward0>)
Epoch [10/100], T_AUC: [4m0.8344[0m
Epoch [10/100], Loss: 14.1879
val_Accuracy: [92m0.7919[0m
val_Precision: [4;34m0.8153[0m,               val_Recall: [4;33m0.7417[0m,                 val_F1 Score: [4;35m0.7721[0m
æ ‡ç­¾é‡Œ1çš„ä¸ªæ•°:  430
æ ‡ç­¾é‡Œ0çš„ä¸ªæ•°:  430
æ€»æ•°:  860
æ­£ç¡®çš„ä¸ªæ•°:  681
Epoch [10/100], V_AUC: [4m0.7884[0m
Epoch [11/100], Loss: 54.2333
train_Accuracy: [91m0.8319[0m
train_Precision: [4;34m0.8502[0m,               train_Recall: [4;33m0.8157[0m,                 train_F1 Score: [4;35m0.8271[0m
æ ‡ç­¾é‡Œ1çš„ä¸ªæ•°:  2150
æ ‡ç­¾é‡Œ0çš„ä¸ªæ•°:  2150
æ€»æ•°:  4300
æ­£ç¡®çš„ä¸ªæ•°:  3577
æœ€åä¸€ä¸ªæ‰¹æ¬¡çš„è¾“å‡º, ä¸æ»¡batchsizeæ˜¯æ­£å¸¸çš„:
 tensor([[0.8941],
        [0.8555],
        [0.9757],
        [0.0820],
        [0.8533],
        [0.0971],
        [0.3464],
        [0.5334],
        [0.7493],
        [0.8696],
        [0.0530],
        [0.0474]], device='cuda:0', grad_fn=<SigmoidBackward0>)
Epoch [11/100], T_AUC: [4m0.8385[0m
Epoch [11/100], Loss: 14.2944
val_Accuracy: [92m0.7919[0m
val_Precision: [4;34m0.8207[0m,               val_Recall: [4;33m0.7359[0m,                 val_F1 Score: [4;35m0.7710[0m
æ ‡ç­¾é‡Œ1çš„ä¸ªæ•°:  430
æ ‡ç­¾é‡Œ0çš„ä¸ªæ•°:  430
æ€»æ•°:  860
æ­£ç¡®çš„ä¸ªæ•°:  681
Epoch [11/100], V_AUC: [4m0.7893[0m
Epoch [12/100], Loss: 53.3802
train_Accuracy: [91m0.8344[0m
train_Precision: [4;34m0.8524[0m,               train_Recall: [4;33m0.8183[0m,                 train_F1 Score: [4;35m0.8301[0m
æ ‡ç­¾é‡Œ1çš„ä¸ªæ•°:  2150
æ ‡ç­¾é‡Œ0çš„ä¸ªæ•°:  2150
æ€»æ•°:  4300
æ­£ç¡®çš„ä¸ªæ•°:  3588
æœ€åä¸€ä¸ªæ‰¹æ¬¡çš„è¾“å‡º, ä¸æ»¡batchsizeæ˜¯æ­£å¸¸çš„:
 tensor([[0.8652],
        [0.8298],
        [0.9767],
        [0.1031],
        [0.9106],
        [0.0958],
        [0.3031],
        [0.4806],
        [0.7553],
        [0.8307],
        [0.0617],
        [0.0546]], device='cuda:0', grad_fn=<SigmoidBackward0>)
Epoch [12/100], T_AUC: [4m0.8404[0m
Epoch [12/100], Loss: 14.2058
val_Accuracy: [92m0.7930[0m
val_Precision: [4;34m0.8180[0m,               val_Recall: [4;33m0.7422[0m,                 val_F1 Score: [4;35m0.7732[0m
æ ‡ç­¾é‡Œ1çš„ä¸ªæ•°:  430
æ ‡ç­¾é‡Œ0çš„ä¸ªæ•°:  430
æ€»æ•°:  860
æ­£ç¡®çš„ä¸ªæ•°:  682
Epoch [12/100], V_AUC: [4m0.7901[0m
Epoch [13/100], Loss: 52.4926
train_Accuracy: [91m0.8365[0m
train_Precision: [4;34m0.8551[0m,               train_Recall: [4;33m0.8193[0m,                 train_F1 Score: [4;35m0.8318[0m
æ ‡ç­¾é‡Œ1çš„ä¸ªæ•°:  2150
æ ‡ç­¾é‡Œ0çš„ä¸ªæ•°:  2150
æ€»æ•°:  4300
æ­£ç¡®çš„ä¸ªæ•°:  3597
æœ€åä¸€ä¸ªæ‰¹æ¬¡çš„è¾“å‡º, ä¸æ»¡batchsizeæ˜¯æ­£å¸¸çš„:
 tensor([[0.9097],
        [0.8122],
        [0.9823],
        [0.0901],
        [0.9018],
        [0.0881],
        [0.1975],
        [0.3818],
        [0.8120],
        [0.8630],
        [0.0569],
        [0.0661]], device='cuda:0', grad_fn=<SigmoidBackward0>)
Epoch [13/100], T_AUC: [4m0.8426[0m
Epoch [13/100], Loss: 14.5598
val_Accuracy: [92m0.7895[0m
val_Precision: [4;34m0.8198[0m,               val_Recall: [4;33m0.7312[0m,                 val_F1 Score: [4;35m0.7683[0m
æ ‡ç­¾é‡Œ1çš„ä¸ªæ•°:  430
æ ‡ç­¾é‡Œ0çš„ä¸ªæ•°:  430
æ€»æ•°:  860
æ­£ç¡®çš„ä¸ªæ•°:  679
Epoch [13/100], V_AUC: [4m0.7866[0m
Epoch [14/100], Loss: 51.4997
train_Accuracy: [91m0.8409[0m
train_Precision: [4;34m0.8616[0m,               train_Recall: [4;33m0.8222[0m,                 train_F1 Score: [4;35m0.8362[0m
æ ‡ç­¾é‡Œ1çš„ä¸ªæ•°:  2150
æ ‡ç­¾é‡Œ0çš„ä¸ªæ•°:  2150
æ€»æ•°:  4300
æ­£ç¡®çš„ä¸ªæ•°:  3616
æœ€åä¸€ä¸ªæ‰¹æ¬¡çš„è¾“å‡º, ä¸æ»¡batchsizeæ˜¯æ­£å¸¸çš„:
 tensor([[0.9233],
        [0.8083],
        [0.9756],
        [0.0723],
        [0.9546],
        [0.0503],
        [0.2081],
        [0.2999],
        [0.8334],
        [0.9023],
        [0.0517],
        [0.0792]], device='cuda:0', grad_fn=<SigmoidBackward0>)
Epoch [14/100], T_AUC: [4m0.8478[0m
Epoch [14/100], Loss: 15.0591
val_Accuracy: [92m0.7919[0m
val_Precision: [4;34m0.8139[0m,               val_Recall: [4;33m0.7438[0m,                 val_F1 Score: [4;35m0.7724[0m
æ ‡ç­¾é‡Œ1çš„ä¸ªæ•°:  430
æ ‡ç­¾é‡Œ0çš„ä¸ªæ•°:  430
æ€»æ•°:  860
æ­£ç¡®çš„ä¸ªæ•°:  681
Epoch [14/100], V_AUC: [4m0.7880[0m
Epoch [15/100], Loss: 51.1678
train_Accuracy: [91m0.8419[0m
train_Precision: [4;34m0.8627[0m,               train_Recall: [4;33m0.8222[0m,                 train_F1 Score: [4;35m0.8366[0m
æ ‡ç­¾é‡Œ1çš„ä¸ªæ•°:  2150
æ ‡ç­¾é‡Œ0çš„ä¸ªæ•°:  2150
æ€»æ•°:  4300
æ­£ç¡®çš„ä¸ªæ•°:  3620
æœ€åä¸€ä¸ªæ‰¹æ¬¡çš„è¾“å‡º, ä¸æ»¡batchsizeæ˜¯æ­£å¸¸çš„:
 tensor([[0.9426],
        [0.8595],
        [0.9769],
        [0.0686],
        [0.8604],
        [0.0696],
        [0.1948],
        [0.2709],
        [0.8839],
        [0.9265],
        [0.0648],
        [0.0469]], device='cuda:0', grad_fn=<SigmoidBackward0>)
Epoch [15/100], T_AUC: [4m0.8482[0m
Epoch [15/100], Loss: 14.9185
val_Accuracy: [92m0.7802[0m
val_Precision: [4;34m0.8103[0m,               val_Recall: [4;33m0.7227[0m,                 val_F1 Score: [4;35m0.7595[0m
æ ‡ç­¾é‡Œ1çš„ä¸ªæ•°:  430
æ ‡ç­¾é‡Œ0çš„ä¸ªæ•°:  430
æ€»æ•°:  860
æ­£ç¡®çš„ä¸ªæ•°:  671
Epoch [15/100], V_AUC: [4m0.7769[0m
Epoch [16/100], Loss: 49.7487
train_Accuracy: [91m0.8470[0m
train_Precision: [4;34m0.8672[0m,               train_Recall: [4;33m0.8294[0m,                 train_F1 Score: [4;35m0.8429[0m
æ ‡ç­¾é‡Œ1çš„ä¸ªæ•°:  2150
æ ‡ç­¾é‡Œ0çš„ä¸ªæ•°:  2150
æ€»æ•°:  4300
æ­£ç¡®çš„ä¸ªæ•°:  3642
æœ€åä¸€ä¸ªæ‰¹æ¬¡çš„è¾“å‡º, ä¸æ»¡batchsizeæ˜¯æ­£å¸¸çš„:
 tensor([[0.9126],
        [0.8575],
        [0.9821],
        [0.0704],
        [0.9393],
        [0.0623],
        [0.1940],
        [0.4308],
        [0.7788],
        [0.8033],
        [0.0793],
        [0.0636]], device='cuda:0', grad_fn=<SigmoidBackward0>)
Epoch [16/100], T_AUC: [4m0.8532[0m
Epoch [16/100], Loss: 14.8557
val_Accuracy: [92m0.7872[0m
val_Precision: [4;34m0.8205[0m,               val_Recall: [4;33m0.7250[0m,                 val_F1 Score: [4;35m0.7653[0m
æ ‡ç­¾é‡Œ1çš„ä¸ªæ•°:  430
æ ‡ç­¾é‡Œ0çš„ä¸ªæ•°:  430
æ€»æ•°:  860
æ­£ç¡®çš„ä¸ªæ•°:  677
Epoch [16/100], V_AUC: [4m0.7841[0m
Epoch [17/100], Loss: 48.9849
train_Accuracy: [91m0.8509[0m
train_Precision: [4;34m0.8734[0m,               train_Recall: [4;33m0.8280[0m,                 train_F1 Score: [4;35m0.8456[0m
æ ‡ç­¾é‡Œ1çš„ä¸ªæ•°:  2150
æ ‡ç­¾é‡Œ0çš„ä¸ªæ•°:  2150
æ€»æ•°:  4300
æ­£ç¡®çš„ä¸ªæ•°:  3659
æœ€åä¸€ä¸ªæ‰¹æ¬¡çš„è¾“å‡º, ä¸æ»¡batchsizeæ˜¯æ­£å¸¸çš„:
 tensor([[0.9452],
        [0.8275],
        [0.9802],
        [0.0685],
        [0.9567],
        [0.0488],
        [0.1851],
        [0.3143],
        [0.8655],
        [0.8075],
        [0.0836],
        [0.0585]], device='cuda:0', grad_fn=<SigmoidBackward0>)
Epoch [17/100], T_AUC: [4m0.8563[0m
Epoch [17/100], Loss: 14.9277
val_Accuracy: [92m0.7814[0m
val_Precision: [4;34m0.8013[0m,               val_Recall: [4;33m0.7344[0m,                 val_F1 Score: [4;35m0.7623[0m
æ ‡ç­¾é‡Œ1çš„ä¸ªæ•°:  430
æ ‡ç­¾é‡Œ0çš„ä¸ªæ•°:  430
æ€»æ•°:  860
æ­£ç¡®çš„ä¸ªæ•°:  672
Epoch [17/100], V_AUC: [4m0.7779[0m
Epoch [18/100], Loss: 48.8526
train_Accuracy: [91m0.8484[0m
train_Precision: [4;34m0.8641[0m,               train_Recall: [4;33m0.8355[0m,                 train_F1 Score: [4;35m0.8448[0m
æ ‡ç­¾é‡Œ1çš„ä¸ªæ•°:  2150
æ ‡ç­¾é‡Œ0çš„ä¸ªæ•°:  2150
æ€»æ•°:  4300
æ­£ç¡®çš„ä¸ªæ•°:  3648
æœ€åä¸€ä¸ªæ‰¹æ¬¡çš„è¾“å‡º, ä¸æ»¡batchsizeæ˜¯æ­£å¸¸çš„:
 tensor([[0.8859],
        [0.8280],
        [0.9811],
        [0.0977],
        [0.9886],
        [0.0295],
        [0.1374],
        [0.3414],
        [0.7041],
        [0.8516],
        [0.0881],
        [0.0601]], device='cuda:0', grad_fn=<SigmoidBackward0>)
Epoch [18/100], T_AUC: [4m0.8540[0m
Epoch [18/100], Loss: 15.5130
val_Accuracy: [92m0.7791[0m
val_Precision: [4;34m0.8020[0m,               val_Recall: [4;33m0.7322[0m,                 val_F1 Score: [4;35m0.7610[0m
æ ‡ç­¾é‡Œ1çš„ä¸ªæ•°:  430
æ ‡ç­¾é‡Œ0çš„ä¸ªæ•°:  430
æ€»æ•°:  860
æ­£ç¡®çš„ä¸ªæ•°:  670
Epoch [18/100], V_AUC: [4m0.7763[0m
Epoch [19/100], Loss: 47.8550
train_Accuracy: [91m0.8530[0m
train_Precision: [4;34m0.8719[0m,               train_Recall: [4;33m0.8354[0m,                 train_F1 Score: [4;35m0.8489[0m
æ ‡ç­¾é‡Œ1çš„ä¸ªæ•°:  2150
æ ‡ç­¾é‡Œ0çš„ä¸ªæ•°:  2150
æ€»æ•°:  4300
æ­£ç¡®çš„ä¸ªæ•°:  3668
æœ€åä¸€ä¸ªæ‰¹æ¬¡çš„è¾“å‡º, ä¸æ»¡batchsizeæ˜¯æ­£å¸¸çš„:
 tensor([[0.8965],
        [0.9172],
        [0.9828],
        [0.0561],
        [0.9810],
        [0.0233],
        [0.1023],
        [0.1864],
        [0.8551],
        [0.9071],
        [0.0869],
        [0.0825]], device='cuda:0', grad_fn=<SigmoidBackward0>)
Epoch [19/100], T_AUC: [4m0.8585[0m
Epoch [19/100], Loss: 16.1712
val_Accuracy: [92m0.7779[0m
val_Precision: [4;34m0.7999[0m,               val_Recall: [4;33m0.7319[0m,                 val_F1 Score: [4;35m0.7602[0m
æ ‡ç­¾é‡Œ1çš„ä¸ªæ•°:  430
æ ‡ç­¾é‡Œ0çš„ä¸ªæ•°:  430
æ€»æ•°:  860
æ­£ç¡®çš„ä¸ªæ•°:  669
Epoch [19/100], V_AUC: [4m0.7745[0m
Epoch [20/100], Loss: 46.9171
train_Accuracy: [91m0.8563[0m
train_Precision: [4;34m0.8763[0m,               train_Recall: [4;33m0.8372[0m,                 train_F1 Score: [4;35m0.8521[0m
æ ‡ç­¾é‡Œ1çš„ä¸ªæ•°:  2150
æ ‡ç­¾é‡Œ0çš„ä¸ªæ•°:  2150
æ€»æ•°:  4300
æ­£ç¡®çš„ä¸ªæ•°:  3682
æœ€åä¸€ä¸ªæ‰¹æ¬¡çš„è¾“å‡º, ä¸æ»¡batchsizeæ˜¯æ­£å¸¸çš„:
 tensor([[0.9031],
        [0.9259],
        [0.9760],
        [0.0400],
        [0.9761],
        [0.0163],
        [0.1836],
        [0.3195],
        [0.9351],
        [0.9004],
        [0.0551],
        [0.0658]], device='cuda:0', grad_fn=<SigmoidBackward0>)
Epoch [20/100], T_AUC: [4m0.8621[0m
Epoch [20/100], Loss: 16.3052
val_Accuracy: [92m0.7779[0m
val_Precision: [4;34m0.7961[0m,               val_Recall: [4;33m0.7358[0m,                 val_F1 Score: [4;35m0.7611[0m
æ ‡ç­¾é‡Œ1çš„ä¸ªæ•°:  430
æ ‡ç­¾é‡Œ0çš„ä¸ªæ•°:  430
æ€»æ•°:  860
æ­£ç¡®çš„ä¸ªæ•°:  669
Epoch [20/100], V_AUC: [4m0.7742[0m
Epoch [21/100], Loss: 45.8266
train_Accuracy: [91m0.8609[0m
train_Precision: [4;34m0.8811[0m,               train_Recall: [4;33m0.8418[0m,                 train_F1 Score: [4;35m0.8570[0m
æ ‡ç­¾é‡Œ1çš„ä¸ªæ•°:  2150
æ ‡ç­¾é‡Œ0çš„ä¸ªæ•°:  2150
æ€»æ•°:  4300
æ­£ç¡®çš„ä¸ªæ•°:  3702
æœ€åä¸€ä¸ªæ‰¹æ¬¡çš„è¾“å‡º, ä¸æ»¡batchsizeæ˜¯æ­£å¸¸çš„:
 tensor([[0.8917],
        [0.9608],
        [0.9858],
        [0.0420],
        [0.9844],
        [0.0184],
        [0.2308],
        [0.2741],
        [0.8237],
        [0.8480],
        [0.0731],
        [0.0328]], device='cuda:0', grad_fn=<SigmoidBackward0>)
Epoch [21/100], T_AUC: [4m0.8659[0m
Epoch [21/100], Loss: 16.9897
val_Accuracy: [92m0.7733[0m
val_Precision: [4;34m0.7941[0m,               val_Recall: [4;33m0.7287[0m,                 val_F1 Score: [4;35m0.7559[0m
æ ‡ç­¾é‡Œ1çš„ä¸ªæ•°:  430
æ ‡ç­¾é‡Œ0çš„ä¸ªæ•°:  430
æ€»æ•°:  860
æ­£ç¡®çš„ä¸ªæ•°:  665
Epoch [21/100], V_AUC: [4m0.7700[0m
Epoch [22/100], Loss: 44.9918
train_Accuracy: [91m0.8600[0m
train_Precision: [4;34m0.8787[0m,               train_Recall: [4;33m0.8423[0m,                 train_F1 Score: [4;35m0.8560[0m
æ ‡ç­¾é‡Œ1çš„ä¸ªæ•°:  2150
æ ‡ç­¾é‡Œ0çš„ä¸ªæ•°:  2150
æ€»æ•°:  4300
æ­£ç¡®çš„ä¸ªæ•°:  3698
æœ€åä¸€ä¸ªæ‰¹æ¬¡çš„è¾“å‡º, ä¸æ»¡batchsizeæ˜¯æ­£å¸¸çš„:
 tensor([[0.9588],
        [0.8787],
        [0.9892],
        [0.0514],
        [0.9851],
        [0.0162],
        [0.0576],
        [0.1835],
        [0.9093],
        [0.9294],
        [0.0469],
        [0.0787]], device='cuda:0', grad_fn=<SigmoidBackward0>)
Epoch [22/100], T_AUC: [4m0.8648[0m
Epoch [22/100], Loss: 17.3799
val_Accuracy: [92m0.7721[0m
val_Precision: [4;34m0.8012[0m,               val_Recall: [4;33m0.7106[0m,                 val_F1 Score: [4;35m0.7494[0m
æ ‡ç­¾é‡Œ1çš„ä¸ªæ•°:  430
æ ‡ç­¾é‡Œ0çš„ä¸ªæ•°:  430
æ€»æ•°:  860
æ­£ç¡®çš„ä¸ªæ•°:  664
Epoch [22/100], V_AUC: [4m0.7692[0m
Epoch [23/100], Loss: 43.0306
train_Accuracy: [91m0.8723[0m
train_Precision: [4;34m0.8911[0m,               train_Recall: [4;33m0.8534[0m,                 train_F1 Score: [4;35m0.8685[0m
æ ‡ç­¾é‡Œ1çš„ä¸ªæ•°:  2150
æ ‡ç­¾é‡Œ0çš„ä¸ªæ•°:  2150
æ€»æ•°:  4300
æ­£ç¡®çš„ä¸ªæ•°:  3751
æœ€åä¸€ä¸ªæ‰¹æ¬¡çš„è¾“å‡º, ä¸æ»¡batchsizeæ˜¯æ­£å¸¸çš„:
 tensor([[0.9614],
        [0.9155],
        [0.9632],
        [0.0620],
        [0.9865],
        [0.0140],
        [0.0407],
        [0.1881],
        [0.8967],
        [0.9819],
        [0.0479],
        [0.0719]], device='cuda:0', grad_fn=<SigmoidBackward0>)
Epoch [23/100], T_AUC: [4m0.8767[0m
Epoch [23/100], Loss: 16.7772
val_Accuracy: [92m0.7663[0m
val_Precision: [4;34m0.7849[0m,               val_Recall: [4;33m0.7209[0m,                 val_F1 Score: [4;35m0.7482[0m
æ ‡ç­¾é‡Œ1çš„ä¸ªæ•°:  430
æ ‡ç­¾é‡Œ0çš„ä¸ªæ•°:  430
æ€»æ•°:  860
æ­£ç¡®çš„ä¸ªæ•°:  659
Epoch [23/100], V_AUC: [4m0.7627[0m
Epoch [24/100], Loss: 42.3899
train_Accuracy: [91m0.8751[0m
train_Precision: [4;34m0.8953[0m,               train_Recall: [4;33m0.8558[0m,                 train_F1 Score: [4;35m0.8716[0m
æ ‡ç­¾é‡Œ1çš„ä¸ªæ•°:  2150
æ ‡ç­¾é‡Œ0çš„ä¸ªæ•°:  2150
æ€»æ•°:  4300
æ­£ç¡®çš„ä¸ªæ•°:  3763
æœ€åä¸€ä¸ªæ‰¹æ¬¡çš„è¾“å‡º, ä¸æ»¡batchsizeæ˜¯æ­£å¸¸çš„:
 tensor([[0.9384],
        [0.9437],
        [0.9792],
        [0.0411],
        [0.9952],
        [0.0222],
        [0.0859],
        [0.1459],
        [0.7058],
        [0.9369],
        [0.0492],
        [0.1036]], device='cuda:0', grad_fn=<SigmoidBackward0>)
Epoch [24/100], T_AUC: [4m0.8793[0m
Epoch [24/100], Loss: 17.0011
val_Accuracy: [92m0.7709[0m
val_Precision: [4;34m0.7960[0m,               val_Recall: [4;33m0.7161[0m,                 val_F1 Score: [4;35m0.7500[0m
æ ‡ç­¾é‡Œ1çš„ä¸ªæ•°:  430
æ ‡ç­¾é‡Œ0çš„ä¸ªæ•°:  430
æ€»æ•°:  860
æ­£ç¡®çš„ä¸ªæ•°:  663
Epoch [24/100], V_AUC: [4m0.7667[0m
Epoch [25/100], Loss: 42.6118
train_Accuracy: [91m0.8726[0m
train_Precision: [4;34m0.8908[0m,               train_Recall: [4;33m0.8557[0m,                 train_F1 Score: [4;35m0.8689[0m
æ ‡ç­¾é‡Œ1çš„ä¸ªæ•°:  2150
æ ‡ç­¾é‡Œ0çš„ä¸ªæ•°:  2150
æ€»æ•°:  4300
æ­£ç¡®çš„ä¸ªæ•°:  3752
æœ€åä¸€ä¸ªæ‰¹æ¬¡çš„è¾“å‡º, ä¸æ»¡batchsizeæ˜¯æ­£å¸¸çš„:
 tensor([[0.9460],
        [0.9625],
        [0.9596],
        [0.0462],
        [0.9956],
        [0.0087],
        [0.1401],
        [0.1504],
        [0.7660],
        [0.9470],
        [0.0633],
        [0.0690]], device='cuda:0', grad_fn=<SigmoidBackward0>)
Epoch [25/100], T_AUC: [4m0.8778[0m
Epoch [25/100], Loss: 17.7801
val_Accuracy: [92m0.7791[0m
val_Precision: [4;34m0.8030[0m,               val_Recall: [4;33m0.7346[0m,                 val_F1 Score: [4;35m0.7629[0m
æ ‡ç­¾é‡Œ1çš„ä¸ªæ•°:  430
æ ‡ç­¾é‡Œ0çš„ä¸ªæ•°:  430
æ€»æ•°:  860
æ­£ç¡®çš„ä¸ªæ•°:  670
Epoch [25/100], V_AUC: [4m0.7774[0m
Epoch [26/100], Loss: 40.6510
train_Accuracy: [91m0.8786[0m
train_Precision: [4;34m0.9005[0m,               train_Recall: [4;33m0.8584[0m,                 train_F1 Score: [4;35m0.8752[0m
æ ‡ç­¾é‡Œ1çš„ä¸ªæ•°:  2150
æ ‡ç­¾é‡Œ0çš„ä¸ªæ•°:  2150
æ€»æ•°:  4300
æ­£ç¡®çš„ä¸ªæ•°:  3778
æœ€åä¸€ä¸ªæ‰¹æ¬¡çš„è¾“å‡º, ä¸æ»¡batchsizeæ˜¯æ­£å¸¸çš„:
 tensor([[0.9379],
        [0.9338],
        [0.9616],
        [0.0330],
        [0.9992],
        [0.0037],
        [0.0438],
        [0.1128],
        [0.8363],
        [0.9857],
        [0.0579],
        [0.0710]], device='cuda:0', grad_fn=<SigmoidBackward0>)
Epoch [26/100], T_AUC: [4m0.8831[0m
Epoch [26/100], Loss: 17.9574
val_Accuracy: [92m0.7709[0m
val_Precision: [4;34m0.7966[0m,               val_Recall: [4;33m0.7162[0m,                 val_F1 Score: [4;35m0.7500[0m
æ ‡ç­¾é‡Œ1çš„ä¸ªæ•°:  430
æ ‡ç­¾é‡Œ0çš„ä¸ªæ•°:  430
æ€»æ•°:  860
æ­£ç¡®çš„ä¸ªæ•°:  663
Epoch [26/100], V_AUC: [4m0.7691[0m
Epoch [27/100], Loss: 39.9575
train_Accuracy: [91m0.8833[0m
train_Precision: [4;34m0.9024[0m,               train_Recall: [4;33m0.8647[0m,                 train_F1 Score: [4;35m0.8799[0m
æ ‡ç­¾é‡Œ1çš„ä¸ªæ•°:  2150
æ ‡ç­¾é‡Œ0çš„ä¸ªæ•°:  2150
æ€»æ•°:  4300
æ­£ç¡®çš„ä¸ªæ•°:  3798
æœ€åä¸€ä¸ªæ‰¹æ¬¡çš„è¾“å‡º, ä¸æ»¡batchsizeæ˜¯æ­£å¸¸çš„:
 tensor([[0.9597],
        [0.9104],
        [0.9430],
        [0.0191],
        [0.9993],
        [0.0035],
        [0.0201],
        [0.1314],
        [0.9354],
        [0.9912],
        [0.0407],
        [0.1298]], device='cuda:0', grad_fn=<SigmoidBackward0>)
Epoch [27/100], T_AUC: [4m0.8876[0m
Epoch [27/100], Loss: 18.5935
val_Accuracy: [92m0.7709[0m
val_Precision: [4;34m0.7831[0m,               val_Recall: [4;33m0.7362[0m,                 val_F1 Score: [4;35m0.7542[0m
æ ‡ç­¾é‡Œ1çš„ä¸ªæ•°:  430
æ ‡ç­¾é‡Œ0çš„ä¸ªæ•°:  430
æ€»æ•°:  860
æ­£ç¡®çš„ä¸ªæ•°:  663
Epoch [27/100], V_AUC: [4m0.7678[0m
Epoch [28/100], Loss: 38.8331
train_Accuracy: [91m0.8833[0m
train_Precision: [4;34m0.9019[0m,               train_Recall: [4;33m0.8660[0m,                 train_F1 Score: [4;35m0.8798[0m
æ ‡ç­¾é‡Œ1çš„ä¸ªæ•°:  2150
æ ‡ç­¾é‡Œ0çš„ä¸ªæ•°:  2150
æ€»æ•°:  4300
æ­£ç¡®çš„ä¸ªæ•°:  3798
æœ€åä¸€ä¸ªæ‰¹æ¬¡çš„è¾“å‡º, ä¸æ»¡batchsizeæ˜¯æ­£å¸¸çš„:
 tensor([[0.9861],
        [0.8609],
        [0.9665],
        [0.0139],
        [0.9998],
        [0.0049],
        [0.0331],
        [0.0852],
        [0.9241],
        [0.9550],
        [0.0243],
        [0.1193]], device='cuda:0', grad_fn=<SigmoidBackward0>)
Epoch [28/100], T_AUC: [4m0.8878[0m
Epoch [28/100], Loss: 18.1846
val_Accuracy: [92m0.7651[0m
val_Precision: [4;34m0.7758[0m,               val_Recall: [4;33m0.7353[0m,                 val_F1 Score: [4;35m0.7504[0m
æ ‡ç­¾é‡Œ1çš„ä¸ªæ•°:  430
æ ‡ç­¾é‡Œ0çš„ä¸ªæ•°:  430
æ€»æ•°:  860
æ­£ç¡®çš„ä¸ªæ•°:  658
Epoch [28/100], V_AUC: [4m0.7629[0m
Epoch [29/100], Loss: 37.3252
train_Accuracy: [91m0.8884[0m
train_Precision: [4;34m0.9053[0m,               train_Recall: [4;33m0.8725[0m,                 train_F1 Score: [4;35m0.8852[0m
æ ‡ç­¾é‡Œ1çš„ä¸ªæ•°:  2150
æ ‡ç­¾é‡Œ0çš„ä¸ªæ•°:  2150
æ€»æ•°:  4300
æ­£ç¡®çš„ä¸ªæ•°:  3820
æœ€åä¸€ä¸ªæ‰¹æ¬¡çš„è¾“å‡º, ä¸æ»¡batchsizeæ˜¯æ­£å¸¸çš„:
 tensor([[0.9801],
        [0.8680],
        [0.9660],
        [0.0177],
        [0.9997],
        [0.0015],
        [0.0128],
        [0.1193],
        [0.9495],
        [0.9841],
        [0.0296],
        [0.1489]], device='cuda:0', grad_fn=<SigmoidBackward0>)
Epoch [29/100], T_AUC: [4m0.8933[0m
Epoch [29/100], Loss: 18.9875
val_Accuracy: [92m0.7605[0m
val_Precision: [4;34m0.7680[0m,               val_Recall: [4;33m0.7364[0m,                 val_F1 Score: [4;35m0.7476[0m
æ ‡ç­¾é‡Œ1çš„ä¸ªæ•°:  430
æ ‡ç­¾é‡Œ0çš„ä¸ªæ•°:  430
æ€»æ•°:  860
æ­£ç¡®çš„ä¸ªæ•°:  654
Epoch [29/100], V_AUC: [4m0.7583[0m
Epoch [30/100], Loss: 37.0654
train_Accuracy: [91m0.8916[0m
train_Precision: [4;34m0.9113[0m,               train_Recall: [4;33m0.8733[0m,                 train_F1 Score: [4;35m0.8886[0m
æ ‡ç­¾é‡Œ1çš„ä¸ªæ•°:  2150
æ ‡ç­¾é‡Œ0çš„ä¸ªæ•°:  2150
æ€»æ•°:  4300
æ­£ç¡®çš„ä¸ªæ•°:  3834
æœ€åä¸€ä¸ªæ‰¹æ¬¡çš„è¾“å‡º, ä¸æ»¡batchsizeæ˜¯æ­£å¸¸çš„:
 tensor([[0.9937],
        [0.9202],
        [0.9497],
        [0.0169],
        [0.9999],
        [0.0016],
        [0.0478],
        [0.1052],
        [0.6903],
        [0.9773],
        [0.0209],
        [0.0625]], device='cuda:0', grad_fn=<SigmoidBackward0>)
Epoch [30/100], T_AUC: [4m0.8962[0m
Epoch [30/100], Loss: 20.4091
val_Accuracy: [92m0.7663[0m
val_Precision: [4;34m0.7776[0m,               val_Recall: [4;33m0.7337[0m,                 val_F1 Score: [4;35m0.7500[0m
æ ‡ç­¾é‡Œ1çš„ä¸ªæ•°:  430
æ ‡ç­¾é‡Œ0çš„ä¸ªæ•°:  430
æ€»æ•°:  860
æ­£ç¡®çš„ä¸ªæ•°:  659
Epoch [30/100], V_AUC: [4m0.7623[0m
Epoch [31/100], Loss: 37.3863
train_Accuracy: [91m0.8912[0m
train_Precision: [4;34m0.9071[0m,               train_Recall: [4;33m0.8766[0m,                 train_F1 Score: [4;35m0.8884[0m
æ ‡ç­¾é‡Œ1çš„ä¸ªæ•°:  2150
æ ‡ç­¾é‡Œ0çš„ä¸ªæ•°:  2150
æ€»æ•°:  4300
æ­£ç¡®çš„ä¸ªæ•°:  3832
æœ€åä¸€ä¸ªæ‰¹æ¬¡çš„è¾“å‡º, ä¸æ»¡batchsizeæ˜¯æ­£å¸¸çš„:
 tensor([[0.9798],
        [0.9430],
        [0.9731],
        [0.0211],
        [0.9996],
        [0.0110],
        [0.0228],
        [0.0551],
        [0.9098],
        [0.9945],
        [0.0045],
        [0.0529]], device='cuda:0', grad_fn=<SigmoidBackward0>)
Epoch [31/100], T_AUC: [4m0.8958[0m
Epoch [31/100], Loss: 19.8062
val_Accuracy: [92m0.7698[0m
val_Precision: [4;34m0.7877[0m,               val_Recall: [4;33m0.7304[0m,                 val_F1 Score: [4;35m0.7533[0m
æ ‡ç­¾é‡Œ1çš„ä¸ªæ•°:  430
æ ‡ç­¾é‡Œ0çš„ä¸ªæ•°:  430
æ€»æ•°:  860
æ­£ç¡®çš„ä¸ªæ•°:  662
Epoch [31/100], V_AUC: [4m0.7659[0m
Epoch [32/100], Loss: 35.9003
train_Accuracy: [91m0.8947[0m
train_Precision: [4;34m0.9170[0m,               train_Recall: [4;33m0.8749[0m,                 train_F1 Score: [4;35m0.8919[0m
æ ‡ç­¾é‡Œ1çš„ä¸ªæ•°:  2150
æ ‡ç­¾é‡Œ0çš„ä¸ªæ•°:  2150
æ€»æ•°:  4300
æ­£ç¡®çš„ä¸ªæ•°:  3847
æœ€åä¸€ä¸ªæ‰¹æ¬¡çš„è¾“å‡º, ä¸æ»¡batchsizeæ˜¯æ­£å¸¸çš„:
 tensor([[0.9649],
        [0.9463],
        [0.9508],
        [0.0056],
        [0.9998],
        [0.0065],
        [0.0266],
        [0.0642],
        [0.9818],
        [0.9863],
        [0.0174],
        [0.0570]], device='cuda:0', grad_fn=<SigmoidBackward0>)
Epoch [32/100], T_AUC: [4m0.8989[0m
Epoch [32/100], Loss: 19.8510
val_Accuracy: [92m0.7605[0m
val_Precision: [4;34m0.7749[0m,               val_Recall: [4;33m0.7231[0m,                 val_F1 Score: [4;35m0.7429[0m
æ ‡ç­¾é‡Œ1çš„ä¸ªæ•°:  430
æ ‡ç­¾é‡Œ0çš„ä¸ªæ•°:  430
æ€»æ•°:  860
æ­£ç¡®çš„ä¸ªæ•°:  654
Epoch [32/100], V_AUC: [4m0.7578[0m
Epoch [33/100], Loss: 34.8777
train_Accuracy: [91m0.8998[0m
train_Precision: [4;34m0.9193[0m,               train_Recall: [4;33m0.8823[0m,                 train_F1 Score: [4;35m0.8973[0m
æ ‡ç­¾é‡Œ1çš„ä¸ªæ•°:  2150
æ ‡ç­¾é‡Œ0çš„ä¸ªæ•°:  2150
æ€»æ•°:  4300
æ­£ç¡®çš„ä¸ªæ•°:  3869
æœ€åä¸€ä¸ªæ‰¹æ¬¡çš„è¾“å‡º, ä¸æ»¡batchsizeæ˜¯æ­£å¸¸çš„:
 tensor([[0.9876],
        [0.9269],
        [0.9328],
        [0.0036],
        [0.9999],
        [0.0018],
        [0.0199],
        [0.0790],
        [0.9884],
        [0.9879],
        [0.0317],
        [0.0533]], device='cuda:0', grad_fn=<SigmoidBackward0>)
Epoch [33/100], T_AUC: [4m0.9036[0m
Epoch [33/100], Loss: 20.4697
val_Accuracy: [92m0.7733[0m
val_Precision: [4;34m0.7937[0m,               val_Recall: [4;33m0.7262[0m,                 val_F1 Score: [4;35m0.7538[0m
æ ‡ç­¾é‡Œ1çš„ä¸ªæ•°:  430
æ ‡ç­¾é‡Œ0çš„ä¸ªæ•°:  430
æ€»æ•°:  860
æ­£ç¡®çš„ä¸ªæ•°:  665
Epoch [33/100], V_AUC: [4m0.7699[0m
Epoch [34/100], Loss: 33.4086
train_Accuracy: [91m0.9042[0m
train_Precision: [4;34m0.9212[0m,               train_Recall: [4;33m0.8884[0m,                 train_F1 Score: [4;35m0.9013[0m
æ ‡ç­¾é‡Œ1çš„ä¸ªæ•°:  2150
æ ‡ç­¾é‡Œ0çš„ä¸ªæ•°:  2150
æ€»æ•°:  4300
æ­£ç¡®çš„ä¸ªæ•°:  3888
æœ€åä¸€ä¸ªæ‰¹æ¬¡çš„è¾“å‡º, ä¸æ»¡batchsizeæ˜¯æ­£å¸¸çš„:
 tensor([[0.9519],
        [0.9142],
        [0.9501],
        [0.0070],
        [0.9999],
        [0.0040],
        [0.0065],
        [0.1201],
        [0.9874],
        [0.9891],
        [0.0197],
        [0.0739]], device='cuda:0', grad_fn=<SigmoidBackward0>)
Epoch [34/100], T_AUC: [4m0.9083[0m
Epoch [34/100], Loss: 20.9266
val_Accuracy: [92m0.7593[0m
val_Precision: [4;34m0.7814[0m,               val_Recall: [4;33m0.7143[0m,                 val_F1 Score: [4;35m0.7416[0m
æ ‡ç­¾é‡Œ1çš„ä¸ªæ•°:  430
æ ‡ç­¾é‡Œ0çš„ä¸ªæ•°:  430
æ€»æ•°:  860
æ­£ç¡®çš„ä¸ªæ•°:  653
Epoch [34/100], V_AUC: [4m0.7574[0m
Epoch [35/100], Loss: 32.7372
train_Accuracy: [91m0.9037[0m
train_Precision: [4;34m0.9164[0m,               train_Recall: [4;33m0.8924[0m,                 train_F1 Score: [4;35m0.9012[0m
æ ‡ç­¾é‡Œ1çš„ä¸ªæ•°:  2150
æ ‡ç­¾é‡Œ0çš„ä¸ªæ•°:  2150
æ€»æ•°:  4300
æ­£ç¡®çš„ä¸ªæ•°:  3886
æœ€åä¸€ä¸ªæ‰¹æ¬¡çš„è¾“å‡º, ä¸æ»¡batchsizeæ˜¯æ­£å¸¸çš„:
 tensor([[0.9818],
        [0.9311],
        [0.9733],
        [0.0042],
        [0.9999],
        [0.0027],
        [0.0078],
        [0.3106],
        [0.9349],
        [0.9911],
        [0.0121],
        [0.0976]], device='cuda:0', grad_fn=<SigmoidBackward0>)
Epoch [35/100], T_AUC: [4m0.9080[0m
Epoch [35/100], Loss: 20.3102
val_Accuracy: [92m0.7593[0m
val_Precision: [4;34m0.7796[0m,               val_Recall: [4;33m0.7192[0m,                 val_F1 Score: [4;35m0.7434[0m
æ ‡ç­¾é‡Œ1çš„ä¸ªæ•°:  430
æ ‡ç­¾é‡Œ0çš„ä¸ªæ•°:  430
æ€»æ•°:  860
æ­£ç¡®çš„ä¸ªæ•°:  653
Epoch [35/100], V_AUC: [4m0.7581[0m
Epoch [36/100], Loss: 32.7760
train_Accuracy: [91m0.9026[0m
train_Precision: [4;34m0.9173[0m,               train_Recall: [4;33m0.8905[0m,                 train_F1 Score: [4;35m0.9007[0m
æ ‡ç­¾é‡Œ1çš„ä¸ªæ•°:  2150
æ ‡ç­¾é‡Œ0çš„ä¸ªæ•°:  2150
æ€»æ•°:  4300
æ­£ç¡®çš„ä¸ªæ•°:  3881
æœ€åä¸€ä¸ªæ‰¹æ¬¡çš„è¾“å‡º, ä¸æ»¡batchsizeæ˜¯æ­£å¸¸çš„:
 tensor([[0.9823],
        [0.9559],
        [0.9406],
        [0.0058],
        [0.9999],
        [0.0012],
        [0.1730],
        [0.0219],
        [0.9696],
        [0.9859],
        [0.0122],
        [0.0407]], device='cuda:0', grad_fn=<SigmoidBackward0>)
Epoch [36/100], T_AUC: [4m0.9063[0m
Epoch [36/100], Loss: 21.3994
val_Accuracy: [92m0.7651[0m
val_Precision: [4;34m0.7973[0m,               val_Recall: [4;33m0.7036[0m,                 val_F1 Score: [4;35m0.7424[0m
æ ‡ç­¾é‡Œ1çš„ä¸ªæ•°:  430
æ ‡ç­¾é‡Œ0çš„ä¸ªæ•°:  430
æ€»æ•°:  860
æ­£ç¡®çš„ä¸ªæ•°:  658
Epoch [36/100], V_AUC: [4m0.7621[0m
Epoch [37/100], Loss: 31.2007
train_Accuracy: [91m0.9079[0m
train_Precision: [4;34m0.9251[0m,               train_Recall: [4;33m0.8936[0m,                 train_F1 Score: [4;35m0.9059[0m
æ ‡ç­¾é‡Œ1çš„ä¸ªæ•°:  2150
æ ‡ç­¾é‡Œ0çš„ä¸ªæ•°:  2150
æ€»æ•°:  4300
æ­£ç¡®çš„ä¸ªæ•°:  3904
æœ€åä¸€ä¸ªæ‰¹æ¬¡çš„è¾“å‡º, ä¸æ»¡batchsizeæ˜¯æ­£å¸¸çš„:
 tensor([[9.8142e-01],
        [9.8236e-01],
        [9.1036e-01],
        [6.2775e-03],
        [9.9998e-01],
        [8.1645e-04],
        [1.4573e-02],
        [1.5260e-02],
        [9.2576e-01],
        [9.9415e-01],
        [2.7871e-02],
        [1.1716e-01]], device='cuda:0', grad_fn=<SigmoidBackward0>)
Epoch [37/100], T_AUC: [4m0.9122[0m
Epoch [37/100], Loss: 20.6516
val_Accuracy: [92m0.7663[0m
val_Precision: [4;34m0.7842[0m,               val_Recall: [4;33m0.7240[0m,                 val_F1 Score: [4;35m0.7476[0m
æ ‡ç­¾é‡Œ1çš„ä¸ªæ•°:  430
æ ‡ç­¾é‡Œ0çš„ä¸ªæ•°:  430
æ€»æ•°:  860
æ­£ç¡®çš„ä¸ªæ•°:  659
Epoch [37/100], V_AUC: [4m0.7631[0m
Epoch [38/100], Loss: 31.5463
train_Accuracy: [91m0.9044[0m
train_Precision: [4;34m0.9178[0m,               train_Recall: [4;33m0.8934[0m,                 train_F1 Score: [4;35m0.9022[0m
æ ‡ç­¾é‡Œ1çš„ä¸ªæ•°:  2150
æ ‡ç­¾é‡Œ0çš„ä¸ªæ•°:  2150
æ€»æ•°:  4300
æ­£ç¡®çš„ä¸ªæ•°:  3889
æœ€åä¸€ä¸ªæ‰¹æ¬¡çš„è¾“å‡º, ä¸æ»¡batchsizeæ˜¯æ­£å¸¸çš„:
 tensor([[0.9516],
        [0.9194],
        [0.9760],
        [0.0020],
        [1.0000],
        [0.0016],
        [0.0328],
        [0.0457],
        [0.9715],
        [0.9897],
        [0.0041],
        [0.1263]], device='cuda:0', grad_fn=<SigmoidBackward0>)
Epoch [38/100], T_AUC: [4m0.9084[0m
Epoch [38/100], Loss: 21.6889
val_Accuracy: [92m0.7721[0m
val_Precision: [4;34m0.7812[0m,               val_Recall: [4;33m0.7469[0m,                 val_F1 Score: [4;35m0.7581[0m
æ ‡ç­¾é‡Œ1çš„ä¸ªæ•°:  430
æ ‡ç­¾é‡Œ0çš„ä¸ªæ•°:  430
æ€»æ•°:  860
æ­£ç¡®çš„ä¸ªæ•°:  664
Epoch [38/100], V_AUC: [4m0.7701[0m
Epoch [39/100], Loss: 31.2957
train_Accuracy: [91m0.9093[0m
train_Precision: [4;34m0.9205[0m,               train_Recall: [4;33m0.9008[0m,                 train_F1 Score: [4;35m0.9078[0m
æ ‡ç­¾é‡Œ1çš„ä¸ªæ•°:  2150
æ ‡ç­¾é‡Œ0çš„ä¸ªæ•°:  2150
æ€»æ•°:  4300
æ­£ç¡®çš„ä¸ªæ•°:  3910
æœ€åä¸€ä¸ªæ‰¹æ¬¡çš„è¾“å‡º, ä¸æ»¡batchsizeæ˜¯æ­£å¸¸çš„:
 tensor([[9.9127e-01],
        [9.5846e-01],
        [9.1904e-01],
        [1.6938e-03],
        [9.9992e-01],
        [7.4582e-04],
        [3.9108e-02],
        [3.1518e-02],
        [9.7101e-01],
        [9.9571e-01],
        [2.2987e-02],
        [1.4927e-01]], device='cuda:0', grad_fn=<SigmoidBackward0>)
Epoch [39/100], T_AUC: [4m0.9122[0m
Epoch [39/100], Loss: 22.1153
val_Accuracy: [92m0.7523[0m
val_Precision: [4;34m0.7539[0m,               val_Recall: [4;33m0.7447[0m,                 val_F1 Score: [4;35m0.7447[0m
æ ‡ç­¾é‡Œ1çš„ä¸ªæ•°:  430
æ ‡ç­¾é‡Œ0çš„ä¸ªæ•°:  430
æ€»æ•°:  860
æ­£ç¡®çš„ä¸ªæ•°:  647
Epoch [39/100], V_AUC: [4m0.7514[0m
Epoch [40/100], Loss: 29.4829
train_Accuracy: [91m0.9186[0m
train_Precision: [4;34m0.9311[0m,               train_Recall: [4;33m0.9068[0m,                 train_F1 Score: [4;35m0.9162[0m
æ ‡ç­¾é‡Œ1çš„ä¸ªæ•°:  2150
æ ‡ç­¾é‡Œ0çš„ä¸ªæ•°:  2150
æ€»æ•°:  4300
æ­£ç¡®çš„ä¸ªæ•°:  3950
æœ€åä¸€ä¸ªæ‰¹æ¬¡çš„è¾“å‡º, ä¸æ»¡batchsizeæ˜¯æ­£å¸¸çš„:
 tensor([[0.9887],
        [0.9409],
        [0.9039],
        [0.0032],
        [1.0000],
        [0.0012],
        [0.0202],
        [0.0125],
        [0.9934],
        [0.9914],
        [0.0062],
        [0.1526]], device='cuda:0', grad_fn=<SigmoidBackward0>)
Epoch [40/100], T_AUC: [4m0.9218[0m
Epoch [40/100], Loss: 23.3644
val_Accuracy: [92m0.7547[0m
val_Precision: [4;34m0.7664[0m,               val_Recall: [4;33m0.7206[0m,                 val_F1 Score: [4;35m0.7378[0m
æ ‡ç­¾é‡Œ1çš„ä¸ªæ•°:  430
æ ‡ç­¾é‡Œ0çš„ä¸ªæ•°:  430
æ€»æ•°:  860
æ­£ç¡®çš„ä¸ªæ•°:  649
Epoch [40/100], V_AUC: [4m0.7510[0m
Epoch [41/100], Loss: 29.3072
train_Accuracy: [91m0.9160[0m
train_Precision: [4;34m0.9251[0m,               train_Recall: [4;33m0.9081[0m,                 train_F1 Score: [4;35m0.9139[0m
æ ‡ç­¾é‡Œ1çš„ä¸ªæ•°:  2150
æ ‡ç­¾é‡Œ0çš„ä¸ªæ•°:  2150
æ€»æ•°:  4300
æ­£ç¡®çš„ä¸ªæ•°:  3939
æœ€åä¸€ä¸ªæ‰¹æ¬¡çš„è¾“å‡º, ä¸æ»¡batchsizeæ˜¯æ­£å¸¸çš„:
 tensor([[9.6951e-01],
        [9.4485e-01],
        [9.5959e-01],
        [3.8467e-03],
        [9.9998e-01],
        [6.7238e-04],
        [7.0086e-02],
        [2.8377e-02],
        [9.8901e-01],
        [9.8240e-01],
        [5.2111e-03],
        [8.6963e-02]], device='cuda:0', grad_fn=<SigmoidBackward0>)
Epoch [41/100], T_AUC: [4m0.9190[0m
Epoch [41/100], Loss: 22.7590
val_Accuracy: [92m0.7523[0m
val_Precision: [4;34m0.7515[0m,               val_Recall: [4;33m0.7483[0m,                 val_F1 Score: [4;35m0.7442[0m
æ ‡ç­¾é‡Œ1çš„ä¸ªæ•°:  430
æ ‡ç­¾é‡Œ0çš„ä¸ªæ•°:  430
æ€»æ•°:  860
æ­£ç¡®çš„ä¸ªæ•°:  647
Epoch [41/100], V_AUC: [4m0.7519[0m
Epoch [42/100], Loss: 28.8579
train_Accuracy: [91m0.9177[0m
train_Precision: [4;34m0.9277[0m,               train_Recall: [4;33m0.9091[0m,                 train_F1 Score: [4;35m0.9157[0m
æ ‡ç­¾é‡Œ1çš„ä¸ªæ•°:  2150
æ ‡ç­¾é‡Œ0çš„ä¸ªæ•°:  2150
æ€»æ•°:  4300
æ­£ç¡®çš„ä¸ªæ•°:  3946
æœ€åä¸€ä¸ªæ‰¹æ¬¡çš„è¾“å‡º, ä¸æ»¡batchsizeæ˜¯æ­£å¸¸çš„:
 tensor([[0.9881],
        [0.9910],
        [0.9469],
        [0.0014],
        [1.0000],
        [0.0018],
        [0.0262],
        [0.0117],
        [0.9746],
        [0.9926],
        [0.0021],
        [0.0311]], device='cuda:0', grad_fn=<SigmoidBackward0>)
Epoch [42/100], T_AUC: [4m0.9214[0m
Epoch [42/100], Loss: 23.2571
val_Accuracy: [92m0.7802[0m
val_Precision: [4;34m0.7886[0m,               val_Recall: [4;33m0.7495[0m,                 val_F1 Score: [4;35m0.7642[0m
æ ‡ç­¾é‡Œ1çš„ä¸ªæ•°:  430
æ ‡ç­¾é‡Œ0çš„ä¸ªæ•°:  430
æ€»æ•°:  860
æ­£ç¡®çš„ä¸ªæ•°:  671
Epoch [42/100], V_AUC: [4m0.7769[0m
Epoch [43/100], Loss: 26.6585
train_Accuracy: [91m0.9235[0m
train_Precision: [4;34m0.9373[0m,               train_Recall: [4;33m0.9120[0m,                 train_F1 Score: [4;35m0.9216[0m
æ ‡ç­¾é‡Œ1çš„ä¸ªæ•°:  2150
æ ‡ç­¾é‡Œ0çš„ä¸ªæ•°:  2150
æ€»æ•°:  4300
æ­£ç¡®çš„ä¸ªæ•°:  3971
æœ€åä¸€ä¸ªæ‰¹æ¬¡çš„è¾“å‡º, ä¸æ»¡batchsizeæ˜¯æ­£å¸¸çš„:
 tensor([[9.9825e-01],
        [9.5987e-01],
        [9.0144e-01],
        [3.3490e-03],
        [9.9999e-01],
        [3.1363e-04],
        [3.8242e-02],
        [1.0036e-02],
        [9.9042e-01],
        [9.9193e-01],
        [5.5826e-03],
        [2.3833e-02]], device='cuda:0', grad_fn=<SigmoidBackward0>)
Epoch [43/100], T_AUC: [4m0.9268[0m
Epoch [43/100], Loss: 24.3751
val_Accuracy: [92m0.7721[0m
val_Precision: [4;34m0.7958[0m,               val_Recall: [4;33m0.7199[0m,                 val_F1 Score: [4;35m0.7508[0m
æ ‡ç­¾é‡Œ1çš„ä¸ªæ•°:  430
æ ‡ç­¾é‡Œ0çš„ä¸ªæ•°:  430
æ€»æ•°:  860
æ­£ç¡®çš„ä¸ªæ•°:  664
Epoch [43/100], V_AUC: [4m0.7692[0m
Epoch [44/100], Loss: 24.6377
train_Accuracy: [91m0.9342[0m
train_Precision: [4;34m0.9447[0m,               train_Recall: [4;33m0.9260[0m,                 train_F1 Score: [4;35m0.9331[0m
æ ‡ç­¾é‡Œ1çš„ä¸ªæ•°:  2150
æ ‡ç­¾é‡Œ0çš„ä¸ªæ•°:  2150
æ€»æ•°:  4300
æ­£ç¡®çš„ä¸ªæ•°:  4017
æœ€åä¸€ä¸ªæ‰¹æ¬¡çš„è¾“å‡º, ä¸æ»¡batchsizeæ˜¯æ­£å¸¸çš„:
 tensor([[9.9781e-01],
        [9.9669e-01],
        [9.7428e-01],
        [8.0095e-04],
        [9.9995e-01],
        [6.0680e-04],
        [9.4448e-02],
        [4.2916e-03],
        [9.9343e-01],
        [9.9121e-01],
        [9.5813e-04],
        [3.6160e-02]], device='cuda:0', grad_fn=<SigmoidBackward0>)
Epoch [44/100], T_AUC: [4m0.9375[0m
Epoch [44/100], Loss: 26.4039
val_Accuracy: [92m0.7674[0m
val_Precision: [4;34m0.7779[0m,               val_Recall: [4;33m0.7388[0m,                 val_F1 Score: [4;35m0.7533[0m
æ ‡ç­¾é‡Œ1çš„ä¸ªæ•°:  430
æ ‡ç­¾é‡Œ0çš„ä¸ªæ•°:  430
æ€»æ•°:  860
æ­£ç¡®çš„ä¸ªæ•°:  660
Epoch [44/100], V_AUC: [4m0.7649[0m
Epoch [45/100], Loss: 23.3897
train_Accuracy: [91m0.9340[0m
train_Precision: [4;34m0.9436[0m,               train_Recall: [4;33m0.9265[0m,                 train_F1 Score: [4;35m0.9326[0m
æ ‡ç­¾é‡Œ1çš„ä¸ªæ•°:  2150
æ ‡ç­¾é‡Œ0çš„ä¸ªæ•°:  2150
æ€»æ•°:  4300
æ­£ç¡®çš„ä¸ªæ•°:  4016
æœ€åä¸€ä¸ªæ‰¹æ¬¡çš„è¾“å‡º, ä¸æ»¡batchsizeæ˜¯æ­£å¸¸çš„:
 tensor([[9.8857e-01],
        [9.9138e-01],
        [9.5607e-01],
        [8.2189e-04],
        [9.9999e-01],
        [1.7743e-04],
        [1.7681e-02],
        [1.4421e-02],
        [9.8674e-01],
        [9.9582e-01],
        [6.7799e-03],
        [6.6174e-02]], device='cuda:0', grad_fn=<SigmoidBackward0>)
Epoch [45/100], T_AUC: [4m0.9370[0m
Epoch [45/100], Loss: 25.7007
val_Accuracy: [92m0.7651[0m
val_Precision: [4;34m0.7698[0m,               val_Recall: [4;33m0.7378[0m,                 val_F1 Score: [4;35m0.7491[0m
æ ‡ç­¾é‡Œ1çš„ä¸ªæ•°:  430
æ ‡ç­¾é‡Œ0çš„ä¸ªæ•°:  430
æ€»æ•°:  860
æ­£ç¡®çš„ä¸ªæ•°:  658
Epoch [45/100], V_AUC: [4m0.7623[0m
Epoch [46/100], Loss: 23.9061
train_Accuracy: [91m0.9333[0m
train_Precision: [4;34m0.9431[0m,               train_Recall: [4;33m0.9249[0m,                 train_F1 Score: [4;35m0.9315[0m
æ ‡ç­¾é‡Œ1çš„ä¸ªæ•°:  2150
æ ‡ç­¾é‡Œ0çš„ä¸ªæ•°:  2150
æ€»æ•°:  4300
æ­£ç¡®çš„ä¸ªæ•°:  4013
æœ€åä¸€ä¸ªæ‰¹æ¬¡çš„è¾“å‡º, ä¸æ»¡batchsizeæ˜¯æ­£å¸¸çš„:
 tensor([[9.9966e-01],
        [9.9924e-01],
        [9.8620e-01],
        [5.6293e-04],
        [9.9991e-01],
        [8.0674e-05],
        [2.9317e-02],
        [6.5559e-03],
        [9.8720e-01],
        [9.7112e-01],
        [2.7106e-03],
        [8.2030e-02]], device='cuda:0', grad_fn=<SigmoidBackward0>)
Epoch [46/100], T_AUC: [4m0.9360[0m
Epoch [46/100], Loss: 25.0413
val_Accuracy: [92m0.7640[0m
val_Precision: [4;34m0.7778[0m,               val_Recall: [4;33m0.7226[0m,                 val_F1 Score: [4;35m0.7442[0m
æ ‡ç­¾é‡Œ1çš„ä¸ªæ•°:  430
æ ‡ç­¾é‡Œ0çš„ä¸ªæ•°:  430
æ€»æ•°:  860
æ­£ç¡®çš„ä¸ªæ•°:  657
Epoch [46/100], V_AUC: [4m0.7606[0m
Epoch [47/100], Loss: 24.2399
train_Accuracy: [91m0.9300[0m
train_Precision: [4;34m0.9398[0m,               train_Recall: [4;33m0.9217[0m,                 train_F1 Score: [4;35m0.9282[0m
æ ‡ç­¾é‡Œ1çš„ä¸ªæ•°:  2150
æ ‡ç­¾é‡Œ0çš„ä¸ªæ•°:  2150
æ€»æ•°:  4300
æ­£ç¡®çš„ä¸ªæ•°:  3999
æœ€åä¸€ä¸ªæ‰¹æ¬¡çš„è¾“å‡º, ä¸æ»¡batchsizeæ˜¯æ­£å¸¸çš„:
 tensor([[9.9979e-01],
        [9.9924e-01],
        [8.6830e-01],
        [8.4692e-04],
        [9.9991e-01],
        [3.3143e-04],
        [1.7228e-02],
        [1.5733e-02],
        [9.8645e-01],
        [9.9147e-01],
        [2.4722e-04],
        [1.2765e-01]], device='cuda:0', grad_fn=<SigmoidBackward0>)
Epoch [47/100], T_AUC: [4m0.9338[0m
Epoch [47/100], Loss: 26.2880
val_Accuracy: [92m0.7756[0m
val_Precision: [4;34m0.7834[0m,               val_Recall: [4;33m0.7487[0m,                 val_F1 Score: [4;35m0.7605[0m
æ ‡ç­¾é‡Œ1çš„ä¸ªæ•°:  430
æ ‡ç­¾é‡Œ0çš„ä¸ªæ•°:  430
æ€»æ•°:  860
æ­£ç¡®çš„ä¸ªæ•°:  667
Epoch [47/100], V_AUC: [4m0.7720[0m
Epoch [48/100], Loss: 22.4871
train_Accuracy: [91m0.9377[0m
train_Precision: [4;34m0.9479[0m,               train_Recall: [4;33m0.9300[0m,                 train_F1 Score: [4;35m0.9367[0m
æ ‡ç­¾é‡Œ1çš„ä¸ªæ•°:  2150
æ ‡ç­¾é‡Œ0çš„ä¸ªæ•°:  2150
æ€»æ•°:  4300
æ­£ç¡®çš„ä¸ªæ•°:  4032
æœ€åä¸€ä¸ªæ‰¹æ¬¡çš„è¾“å‡º, ä¸æ»¡batchsizeæ˜¯æ­£å¸¸çš„:
 tensor([[9.9970e-01],
        [9.9890e-01],
        [7.8862e-01],
        [3.9393e-04],
        [1.0000e+00],
        [1.0220e-04],
        [4.6488e-02],
        [1.0574e-02],
        [9.3759e-01],
        [9.9408e-01],
        [8.1291e-04],
        [6.1569e-02]], device='cuda:0', grad_fn=<SigmoidBackward0>)
Epoch [48/100], T_AUC: [4m0.9408[0m
Epoch [48/100], Loss: 26.1127
val_Accuracy: [92m0.7674[0m
val_Precision: [4;34m0.7775[0m,               val_Recall: [4;33m0.7386[0m,                 val_F1 Score: [4;35m0.7511[0m
æ ‡ç­¾é‡Œ1çš„ä¸ªæ•°:  430
æ ‡ç­¾é‡Œ0çš„ä¸ªæ•°:  430
æ€»æ•°:  860
æ­£ç¡®çš„ä¸ªæ•°:  660
Epoch [48/100], V_AUC: [4m0.7650[0m
Epoch [49/100], Loss: 21.7368
train_Accuracy: [91m0.9372[0m
train_Precision: [4;34m0.9462[0m,               train_Recall: [4;33m0.9296[0m,                 train_F1 Score: [4;35m0.9355[0m
æ ‡ç­¾é‡Œ1çš„ä¸ªæ•°:  2150
æ ‡ç­¾é‡Œ0çš„ä¸ªæ•°:  2150
æ€»æ•°:  4300
æ­£ç¡®çš„ä¸ªæ•°:  4030
æœ€åä¸€ä¸ªæ‰¹æ¬¡çš„è¾“å‡º, ä¸æ»¡batchsizeæ˜¯æ­£å¸¸çš„:
 tensor([[9.9916e-01],
        [9.9441e-01],
        [9.8452e-01],
        [1.8322e-03],
        [1.0000e+00],
        [4.6371e-04],
        [7.2349e-04],
        [4.7049e-02],
        [9.9217e-01],
        [9.8481e-01],
        [6.5545e-04],
        [1.2158e-02]], device='cuda:0', grad_fn=<SigmoidBackward0>)
Epoch [49/100], T_AUC: [4m0.9406[0m
Epoch [49/100], Loss: 27.8083
val_Accuracy: [92m0.7686[0m
val_Precision: [4;34m0.7859[0m,               val_Recall: [4;33m0.7269[0m,                 val_F1 Score: [4;35m0.7503[0m
æ ‡ç­¾é‡Œ1çš„ä¸ªæ•°:  430
æ ‡ç­¾é‡Œ0çš„ä¸ªæ•°:  430
æ€»æ•°:  860
æ­£ç¡®çš„ä¸ªæ•°:  661
Epoch [49/100], V_AUC: [4m0.7647[0m
Epoch [50/100], Loss: 25.6944
train_Accuracy: [91m0.9242[0m
train_Precision: [4;34m0.9337[0m,               train_Recall: [4;33m0.9170[0m,                 train_F1 Score: [4;35m0.9227[0m
æ ‡ç­¾é‡Œ1çš„ä¸ªæ•°:  2150
æ ‡ç­¾é‡Œ0çš„ä¸ªæ•°:  2150
æ€»æ•°:  4300
æ­£ç¡®çš„ä¸ªæ•°:  3974
æœ€åä¸€ä¸ªæ‰¹æ¬¡çš„è¾“å‡º, ä¸æ»¡batchsizeæ˜¯æ­£å¸¸çš„:
 tensor([[9.9132e-01],
        [9.8884e-01],
        [9.7487e-01],
        [1.2252e-03],
        [1.0000e+00],
        [2.2275e-04],
        [1.0974e-02],
        [3.8314e-02],
        [9.9816e-01],
        [9.9835e-01],
        [1.3621e-04],
        [2.6101e-03]], device='cuda:0', grad_fn=<SigmoidBackward0>)
Epoch [50/100], T_AUC: [4m0.9276[0m
Epoch [50/100], Loss: 27.2190
val_Accuracy: [92m0.7605[0m
val_Precision: [4;34m0.7726[0m,               val_Recall: [4;33m0.7189[0m,                 val_F1 Score: [4;35m0.7396[0m
æ ‡ç­¾é‡Œ1çš„ä¸ªæ•°:  430
æ ‡ç­¾é‡Œ0çš„ä¸ªæ•°:  430
æ€»æ•°:  860
æ­£ç¡®çš„ä¸ªæ•°:  654
Epoch [50/100], V_AUC: [4m0.7567[0m
Epoch [51/100], Loss: 28.6242
train_Accuracy: [91m0.9181[0m
train_Precision: [4;34m0.9248[0m,               train_Recall: [4;33m0.9142[0m,                 train_F1 Score: [4;35m0.9167[0m
æ ‡ç­¾é‡Œ1çš„ä¸ªæ•°:  2150
æ ‡ç­¾é‡Œ0çš„ä¸ªæ•°:  2150
æ€»æ•°:  4300
æ­£ç¡®çš„ä¸ªæ•°:  3948
æœ€åä¸€ä¸ªæ‰¹æ¬¡çš„è¾“å‡º, ä¸æ»¡batchsizeæ˜¯æ­£å¸¸çš„:
 tensor([[9.9643e-01],
        [9.8290e-01],
        [9.2633e-01],
        [1.7274e-02],
        [1.0000e+00],
        [1.8771e-05],
        [1.0427e-02],
        [3.3687e-03],
        [9.9561e-01],
        [9.9856e-01],
        [2.7173e-03],
        [3.9596e-02]], device='cuda:0', grad_fn=<SigmoidBackward0>)
Epoch [51/100], T_AUC: [4m0.9214[0m
Epoch [51/100], Loss: 27.0892
val_Accuracy: [92m0.7651[0m
val_Precision: [4;34m0.7725[0m,               val_Recall: [4;33m0.7398[0m,                 val_F1 Score: [4;35m0.7519[0m
æ ‡ç­¾é‡Œ1çš„ä¸ªæ•°:  430
æ ‡ç­¾é‡Œ0çš„ä¸ªæ•°:  430
æ€»æ•°:  860
æ­£ç¡®çš„ä¸ªæ•°:  658
Epoch [51/100], V_AUC: [4m0.7610[0m
Epoch [52/100], Loss: 24.4474
train_Accuracy: [91m0.9293[0m
train_Precision: [4;34m0.9365[0m,               train_Recall: [4;33m0.9239[0m,                 train_F1 Score: [4;35m0.9278[0m
æ ‡ç­¾é‡Œ1çš„ä¸ªæ•°:  2150
æ ‡ç­¾é‡Œ0çš„ä¸ªæ•°:  2150
æ€»æ•°:  4300
æ­£ç¡®çš„ä¸ªæ•°:  3996
æœ€åä¸€ä¸ªæ‰¹æ¬¡çš„è¾“å‡º, ä¸æ»¡batchsizeæ˜¯æ­£å¸¸çš„:
 tensor([[9.9747e-01],
        [9.9751e-01],
        [9.9708e-01],
        [1.4793e-03],
        [1.0000e+00],
        [4.2726e-05],
        [2.3113e-02],
        [1.2505e-03],
        [9.8949e-01],
        [9.9232e-01],
        [1.2305e-03],
        [1.8590e-02]], device='cuda:0', grad_fn=<SigmoidBackward0>)
Epoch [52/100], T_AUC: [4m0.9323[0m
Epoch [52/100], Loss: 26.6719
val_Accuracy: [92m0.7593[0m
val_Precision: [4;34m0.7585[0m,               val_Recall: [4;33m0.7458[0m,                 val_F1 Score: [4;35m0.7474[0m
æ ‡ç­¾é‡Œ1çš„ä¸ªæ•°:  430
æ ‡ç­¾é‡Œ0çš„ä¸ªæ•°:  430
æ€»æ•°:  860
æ­£ç¡®çš„ä¸ªæ•°:  653
Epoch [52/100], V_AUC: [4m0.7565[0m
Epoch [53/100], Loss: 20.3395
train_Accuracy: [91m0.9449[0m
train_Precision: [4;34m0.9542[0m,               train_Recall: [4;33m0.9377[0m,                 train_F1 Score: [4;35m0.9439[0m
æ ‡ç­¾é‡Œ1çš„ä¸ªæ•°:  2150
æ ‡ç­¾é‡Œ0çš„ä¸ªæ•°:  2150
æ€»æ•°:  4300
æ­£ç¡®çš„ä¸ªæ•°:  4063
æœ€åä¸€ä¸ªæ‰¹æ¬¡çš„è¾“å‡º, ä¸æ»¡batchsizeæ˜¯æ­£å¸¸çš„:
 tensor([[9.8473e-01],
        [9.9439e-01],
        [9.9334e-01],
        [3.8780e-04],
        [1.0000e+00],
        [8.4010e-04],
        [2.1882e-03],
        [6.1595e-03],
        [9.8753e-01],
        [9.9757e-01],
        [2.1781e-04],
        [6.3148e-03]], device='cuda:0', grad_fn=<SigmoidBackward0>)
Epoch [53/100], T_AUC: [4m0.9475[0m
Epoch [53/100], Loss: 27.6918
val_Accuracy: [92m0.7581[0m
val_Precision: [4;34m0.7540[0m,               val_Recall: [4;33m0.7517[0m,                 val_F1 Score: [4;35m0.7485[0m
æ ‡ç­¾é‡Œ1çš„ä¸ªæ•°:  430
æ ‡ç­¾é‡Œ0çš„ä¸ªæ•°:  430
æ€»æ•°:  860
æ­£ç¡®çš„ä¸ªæ•°:  652
Epoch [53/100], V_AUC: [4m0.7552[0m
Epoch [54/100], Loss: 18.9939
train_Accuracy: [91m0.9514[0m
train_Precision: [4;34m0.9606[0m,               train_Recall: [4;33m0.9452[0m,                 train_F1 Score: [4;35m0.9509[0m
æ ‡ç­¾é‡Œ1çš„ä¸ªæ•°:  2150
æ ‡ç­¾é‡Œ0çš„ä¸ªæ•°:  2150
æ€»æ•°:  4300
æ­£ç¡®çš„ä¸ªæ•°:  4091
æœ€åä¸€ä¸ªæ‰¹æ¬¡çš„è¾“å‡º, ä¸æ»¡batchsizeæ˜¯æ­£å¸¸çš„:
 tensor([[9.9565e-01],
        [9.9661e-01],
        [9.9506e-01],
        [1.0025e-03],
        [1.0000e+00],
        [1.2393e-03],
        [5.8637e-04],
        [4.6409e-03],
        [9.9472e-01],
        [9.9661e-01],
        [3.0985e-04],
        [8.3986e-03]], device='cuda:0', grad_fn=<SigmoidBackward0>)
Epoch [54/100], T_AUC: [4m0.9544[0m
Epoch [54/100], Loss: 31.2368
val_Accuracy: [92m0.7570[0m
val_Precision: [4;34m0.7687[0m,               val_Recall: [4;33m0.7235[0m,                 val_F1 Score: [4;35m0.7404[0m
æ ‡ç­¾é‡Œ1çš„ä¸ªæ•°:  430
æ ‡ç­¾é‡Œ0çš„ä¸ªæ•°:  430
æ€»æ•°:  860
æ­£ç¡®çš„ä¸ªæ•°:  651
Epoch [54/100], V_AUC: [4m0.7532[0m
Epoch [55/100], Loss: 19.2013
train_Accuracy: [91m0.9486[0m
train_Precision: [4;34m0.9551[0m,               train_Recall: [4;33m0.9445[0m,                 train_F1 Score: [4;35m0.9479[0m
æ ‡ç­¾é‡Œ1çš„ä¸ªæ•°:  2150
æ ‡ç­¾é‡Œ0çš„ä¸ªæ•°:  2150
æ€»æ•°:  4300
æ­£ç¡®çš„ä¸ªæ•°:  4079
æœ€åä¸€ä¸ªæ‰¹æ¬¡çš„è¾“å‡º, ä¸æ»¡batchsizeæ˜¯æ­£å¸¸çš„:
 tensor([[9.9986e-01],
        [9.9436e-01],
        [9.7860e-01],
        [3.6654e-03],
        [1.0000e+00],
        [2.2153e-05],
        [8.7844e-03],
        [2.6926e-03],
        [9.9890e-01],
        [9.9700e-01],
        [2.2300e-04],
        [5.9428e-03]], device='cuda:0', grad_fn=<SigmoidBackward0>)
Epoch [55/100], T_AUC: [4m0.9507[0m
Epoch [55/100], Loss: 29.0869
val_Accuracy: [92m0.7465[0m
val_Precision: [4;34m0.7434[0m,               val_Recall: [4;33m0.7375[0m,                 val_F1 Score: [4;35m0.7360[0m
æ ‡ç­¾é‡Œ1çš„ä¸ªæ•°:  430
æ ‡ç­¾é‡Œ0çš„ä¸ªæ•°:  430
æ€»æ•°:  860
æ­£ç¡®çš„ä¸ªæ•°:  642
Epoch [55/100], V_AUC: [4m0.7444[0m
Epoch [56/100], Loss: 17.5217
train_Accuracy: [91m0.9530[0m
train_Precision: [4;34m0.9547[0m,               train_Recall: [4;33m0.9522[0m,                 train_F1 Score: [4;35m0.9515[0m
æ ‡ç­¾é‡Œ1çš„ä¸ªæ•°:  2150
æ ‡ç­¾é‡Œ0çš„ä¸ªæ•°:  2150
æ€»æ•°:  4300
æ­£ç¡®çš„ä¸ªæ•°:  4098
æœ€åä¸€ä¸ªæ‰¹æ¬¡çš„è¾“å‡º, ä¸æ»¡batchsizeæ˜¯æ­£å¸¸çš„:
 tensor([[9.9997e-01],
        [9.9889e-01],
        [9.8064e-01],
        [3.8219e-04],
        [1.0000e+00],
        [5.9213e-05],
        [5.4382e-01],
        [1.7199e-04],
        [9.5391e-01],
        [9.9869e-01],
        [3.2634e-04],
        [2.0633e-03]], device='cuda:0', grad_fn=<SigmoidBackward0>)
Epoch [56/100], T_AUC: [4m0.9554[0m
Epoch [56/100], Loss: 33.7985
val_Accuracy: [92m0.7547[0m
val_Precision: [4;34m0.7522[0m,               val_Recall: [4;33m0.7430[0m,                 val_F1 Score: [4;35m0.7425[0m
æ ‡ç­¾é‡Œ1çš„ä¸ªæ•°:  430
æ ‡ç­¾é‡Œ0çš„ä¸ªæ•°:  430
æ€»æ•°:  860
æ­£ç¡®çš„ä¸ªæ•°:  649
Epoch [56/100], V_AUC: [4m0.7510[0m
Epoch [57/100], Loss: 20.0921
train_Accuracy: [91m0.9437[0m
train_Precision: [4;34m0.9522[0m,               train_Recall: [4;33m0.9370[0m,                 train_F1 Score: [4;35m0.9425[0m
æ ‡ç­¾é‡Œ1çš„ä¸ªæ•°:  2150
æ ‡ç­¾é‡Œ0çš„ä¸ªæ•°:  2150
æ€»æ•°:  4300
æ­£ç¡®çš„ä¸ªæ•°:  4058
æœ€åä¸€ä¸ªæ‰¹æ¬¡çš„è¾“å‡º, ä¸æ»¡batchsizeæ˜¯æ­£å¸¸çš„:
 tensor([[9.9994e-01],
        [9.9214e-01],
        [9.6070e-01],
        [5.0782e-04],
        [1.0000e+00],
        [2.5691e-04],
        [1.6150e-03],
        [4.5490e-03],
        [9.8331e-01],
        [9.9709e-01],
        [3.1226e-04],
        [2.9131e-03]], device='cuda:0', grad_fn=<SigmoidBackward0>)
Epoch [57/100], T_AUC: [4m0.9464[0m
Epoch [57/100], Loss: 30.1407
val_Accuracy: [92m0.7558[0m
val_Precision: [4;34m0.7631[0m,               val_Recall: [4;33m0.7316[0m,                 val_F1 Score: [4;35m0.7423[0m
æ ‡ç­¾é‡Œ1çš„ä¸ªæ•°:  430
æ ‡ç­¾é‡Œ0çš„ä¸ªæ•°:  430
æ€»æ•°:  860
æ­£ç¡®çš„ä¸ªæ•°:  650
Epoch [57/100], V_AUC: [4m0.7537[0m
Epoch [58/100], Loss: 18.7753
train_Accuracy: [91m0.9463[0m
train_Precision: [4;34m0.9540[0m,               train_Recall: [4;33m0.9421[0m,                 train_F1 Score: [4;35m0.9461[0m
æ ‡ç­¾é‡Œ1çš„ä¸ªæ•°:  2150
æ ‡ç­¾é‡Œ0çš„ä¸ªæ•°:  2150
æ€»æ•°:  4300
æ­£ç¡®çš„ä¸ªæ•°:  4069
æœ€åä¸€ä¸ªæ‰¹æ¬¡çš„è¾“å‡º, ä¸æ»¡batchsizeæ˜¯æ­£å¸¸çš„:
 tensor([[9.9847e-01],
        [9.9955e-01],
        [9.0524e-01],
        [3.5867e-04],
        [1.0000e+00],
        [5.4938e-04],
        [2.0136e-02],
        [2.6896e-03],
        [9.9800e-01],
        [9.7420e-01],
        [1.8458e-04],
        [9.9162e-03]], device='cuda:0', grad_fn=<SigmoidBackward0>)
Epoch [58/100], T_AUC: [4m0.9490[0m
Epoch [58/100], Loss: 28.9143
val_Accuracy: [92m0.7581[0m
val_Precision: [4;34m0.7603[0m,               val_Recall: [4;33m0.7341[0m,                 val_F1 Score: [4;35m0.7420[0m
æ ‡ç­¾é‡Œ1çš„ä¸ªæ•°:  430
æ ‡ç­¾é‡Œ0çš„ä¸ªæ•°:  430
æ€»æ•°:  860
æ­£ç¡®çš„ä¸ªæ•°:  652
Epoch [58/100], V_AUC: [4m0.7540[0m
Epoch [59/100], Loss: 15.8242
train_Accuracy: [91m0.9570[0m
train_Precision: [4;34m0.9626[0m,               train_Recall: [4;33m0.9542[0m,                 train_F1 Score: [4;35m0.9569[0m
æ ‡ç­¾é‡Œ1çš„ä¸ªæ•°:  2150
æ ‡ç­¾é‡Œ0çš„ä¸ªæ•°:  2150
æ€»æ•°:  4300
æ­£ç¡®çš„ä¸ªæ•°:  4115
æœ€åä¸€ä¸ªæ‰¹æ¬¡çš„è¾“å‡º, ä¸æ»¡batchsizeæ˜¯æ­£å¸¸çš„:
 tensor([[9.9994e-01],
        [9.9942e-01],
        [9.9472e-01],
        [9.9937e-05],
        [1.0000e+00],
        [9.6564e-05],
        [5.6450e-03],
        [6.3641e-03],
        [9.9501e-01],
        [9.9873e-01],
        [8.5381e-05],
        [2.6226e-03]], device='cuda:0', grad_fn=<SigmoidBackward0>)
Epoch [59/100], T_AUC: [4m0.9590[0m
Epoch [59/100], Loss: 30.8587
val_Accuracy: [92m0.7628[0m
val_Precision: [4;34m0.7686[0m,               val_Recall: [4;33m0.7328[0m,                 val_F1 Score: [4;35m0.7455[0m
æ ‡ç­¾é‡Œ1çš„ä¸ªæ•°:  430
æ ‡ç­¾é‡Œ0çš„ä¸ªæ•°:  430
æ€»æ•°:  860
æ­£ç¡®çš„ä¸ªæ•°:  656
Epoch [59/100], V_AUC: [4m0.7587[0m
Epoch [60/100], Loss: 14.8779
train_Accuracy: [91m0.9642[0m
train_Precision: [4;34m0.9698[0m,               train_Recall: [4;33m0.9591[0m,                 train_F1 Score: [4;35m0.9630[0m
æ ‡ç­¾é‡Œ1çš„ä¸ªæ•°:  2150
æ ‡ç­¾é‡Œ0çš„ä¸ªæ•°:  2150
æ€»æ•°:  4300
æ­£ç¡®çš„ä¸ªæ•°:  4146
æœ€åä¸€ä¸ªæ‰¹æ¬¡çš„è¾“å‡º, ä¸æ»¡batchsizeæ˜¯æ­£å¸¸çš„:
 tensor([[9.9997e-01],
        [9.9929e-01],
        [9.5705e-01],
        [8.3259e-05],
        [1.0000e+00],
        [2.7492e-05],
        [1.2611e-02],
        [1.0644e-02],
        [9.9306e-01],
        [9.9951e-01],
        [5.8372e-05],
        [6.9288e-03]], device='cuda:0', grad_fn=<SigmoidBackward0>)
Epoch [60/100], T_AUC: [4m0.9662[0m
Epoch [60/100], Loss: 30.1515
val_Accuracy: [92m0.7628[0m
val_Precision: [4;34m0.7637[0m,               val_Recall: [4;33m0.7431[0m,                 val_F1 Score: [4;35m0.7488[0m
æ ‡ç­¾é‡Œ1çš„ä¸ªæ•°:  430
æ ‡ç­¾é‡Œ0çš„ä¸ªæ•°:  430
æ€»æ•°:  860
æ­£ç¡®çš„ä¸ªæ•°:  656
Epoch [60/100], V_AUC: [4m0.7598[0m
Epoch [61/100], Loss: 14.9633
train_Accuracy: [91m0.9614[0m
train_Precision: [4;34m0.9634[0m,               train_Recall: [4;33m0.9604[0m,                 train_F1 Score: [4;35m0.9606[0m
æ ‡ç­¾é‡Œ1çš„ä¸ªæ•°:  2150
æ ‡ç­¾é‡Œ0çš„ä¸ªæ•°:  2150
æ€»æ•°:  4300
æ­£ç¡®çš„ä¸ªæ•°:  4134
æœ€åä¸€ä¸ªæ‰¹æ¬¡çš„è¾“å‡º, ä¸æ»¡batchsizeæ˜¯æ­£å¸¸çš„:
 tensor([[9.9979e-01],
        [9.7641e-01],
        [9.9130e-01],
        [2.2284e-03],
        [1.0000e+00],
        [4.4577e-04],
        [1.4081e-03],
        [1.8091e-03],
        [9.9667e-01],
        [9.9976e-01],
        [2.3850e-04],
        [1.4604e-03]], device='cuda:0', grad_fn=<SigmoidBackward0>)
Epoch [61/100], T_AUC: [4m0.9637[0m
Epoch [61/100], Loss: 33.1772
val_Accuracy: [92m0.7605[0m
val_Precision: [4;34m0.7723[0m,               val_Recall: [4;33m0.7179[0m,                 val_F1 Score: [4;35m0.7396[0m
æ ‡ç­¾é‡Œ1çš„ä¸ªæ•°:  430
æ ‡ç­¾é‡Œ0çš„ä¸ªæ•°:  430
æ€»æ•°:  860
æ­£ç¡®çš„ä¸ªæ•°:  654
Epoch [61/100], V_AUC: [4m0.7575[0m
Epoch [62/100], Loss: 13.1056
train_Accuracy: [91m0.9693[0m
train_Precision: [4;34m0.9702[0m,               train_Recall: [4;33m0.9695[0m,                 train_F1 Score: [4;35m0.9686[0m
æ ‡ç­¾é‡Œ1çš„ä¸ªæ•°:  2150
æ ‡ç­¾é‡Œ0çš„ä¸ªæ•°:  2150
æ€»æ•°:  4300
æ­£ç¡®çš„ä¸ªæ•°:  4168
æœ€åä¸€ä¸ªæ‰¹æ¬¡çš„è¾“å‡º, ä¸æ»¡batchsizeæ˜¯æ­£å¸¸çš„:
 tensor([[9.9969e-01],
        [9.9600e-01],
        [9.9894e-01],
        [2.0124e-04],
        [1.0000e+00],
        [1.2648e-05],
        [2.7715e-03],
        [3.6525e-03],
        [9.8266e-01],
        [9.9991e-01],
        [3.6503e-05],
        [6.1851e-03]], device='cuda:0', grad_fn=<SigmoidBackward0>)
Epoch [62/100], T_AUC: [4m0.9711[0m
Epoch [62/100], Loss: 36.8496
val_Accuracy: [92m0.7558[0m
val_Precision: [4;34m0.7514[0m,               val_Recall: [4;33m0.7489[0m,                 val_F1 Score: [4;35m0.7451[0m
æ ‡ç­¾é‡Œ1çš„ä¸ªæ•°:  430
æ ‡ç­¾é‡Œ0çš„ä¸ªæ•°:  430
æ€»æ•°:  860
æ­£ç¡®çš„ä¸ªæ•°:  650
Epoch [62/100], V_AUC: [4m0.7537[0m
Epoch [63/100], Loss: 13.6864
train_Accuracy: [91m0.9630[0m
train_Precision: [4;34m0.9667[0m,               train_Recall: [4;33m0.9599[0m,                 train_F1 Score: [4;35m0.9620[0m
æ ‡ç­¾é‡Œ1çš„ä¸ªæ•°:  2150
æ ‡ç­¾é‡Œ0çš„ä¸ªæ•°:  2150
æ€»æ•°:  4300
æ­£ç¡®çš„ä¸ªæ•°:  4141
æœ€åä¸€ä¸ªæ‰¹æ¬¡çš„è¾“å‡º, ä¸æ»¡batchsizeæ˜¯æ­£å¸¸çš„:
 tensor([[9.9978e-01],
        [9.9751e-01],
        [9.7513e-01],
        [1.2523e-04],
        [1.0000e+00],
        [2.2275e-05],
        [1.3984e-03],
        [2.8066e-03],
        [9.8979e-01],
        [9.9999e-01],
        [6.8966e-04],
        [2.7791e-02]], device='cuda:0', grad_fn=<SigmoidBackward0>)
Epoch [63/100], T_AUC: [4m0.9646[0m
Epoch [63/100], Loss: 35.4877
val_Accuracy: [92m0.7477[0m
val_Precision: [4;34m0.7644[0m,               val_Recall: [4;33m0.7138[0m,                 val_F1 Score: [4;35m0.7325[0m
æ ‡ç­¾é‡Œ1çš„ä¸ªæ•°:  430
æ ‡ç­¾é‡Œ0çš„ä¸ªæ•°:  430
æ€»æ•°:  860
æ­£ç¡®çš„ä¸ªæ•°:  643
Epoch [63/100], V_AUC: [4m0.7456[0m
Epoch [64/100], Loss: 24.3194
train_Accuracy: [91m0.9256[0m
train_Precision: [4;34m0.9330[0m,               train_Recall: [4;33m0.9220[0m,                 train_F1 Score: [4;35m0.9247[0m
æ ‡ç­¾é‡Œ1çš„ä¸ªæ•°:  2150
æ ‡ç­¾é‡Œ0çš„ä¸ªæ•°:  2150
æ€»æ•°:  4300
æ­£ç¡®çš„ä¸ªæ•°:  3980
æœ€åä¸€ä¸ªæ‰¹æ¬¡çš„è¾“å‡º, ä¸æ»¡batchsizeæ˜¯æ­£å¸¸çš„:
 tensor([[1.0000e+00],
        [9.7011e-01],
        [9.9349e-01],
        [4.9856e-05],
        [1.0000e+00],
        [2.9543e-03],
        [2.7351e-04],
        [1.6571e-03],
        [9.9492e-01],
        [9.9459e-01],
        [3.1209e-02],
        [3.1229e-04]], device='cuda:0', grad_fn=<SigmoidBackward0>)
Epoch [64/100], T_AUC: [4m0.9291[0m
Epoch [64/100], Loss: 32.8981
val_Accuracy: [92m0.7500[0m
val_Precision: [4;34m0.7482[0m,               val_Recall: [4;33m0.7312[0m,                 val_F1 Score: [4;35m0.7362[0m
æ ‡ç­¾é‡Œ1çš„ä¸ªæ•°:  430
æ ‡ç­¾é‡Œ0çš„ä¸ªæ•°:  430
æ€»æ•°:  860
æ­£ç¡®çš„ä¸ªæ•°:  645
Epoch [64/100], V_AUC: [4m0.7467[0m
Epoch [65/100], Loss: 21.7983
train_Accuracy: [91m0.9351[0m
train_Precision: [4;34m0.9381[0m,               train_Recall: [4;33m0.9344[0m,                 train_F1 Score: [4;35m0.9341[0m
æ ‡ç­¾é‡Œ1çš„ä¸ªæ•°:  2150
æ ‡ç­¾é‡Œ0çš„ä¸ªæ•°:  2150
æ€»æ•°:  4300
æ­£ç¡®çš„ä¸ªæ•°:  4021
æœ€åä¸€ä¸ªæ‰¹æ¬¡çš„è¾“å‡º, ä¸æ»¡batchsizeæ˜¯æ­£å¸¸çš„:
 tensor([[9.9979e-01],
        [9.8211e-01],
        [9.9580e-01],
        [2.8077e-04],
        [9.9999e-01],
        [1.2396e-02],
        [8.9517e-04],
        [1.7146e-02],
        [9.9980e-01],
        [9.9527e-01],
        [1.3543e-04],
        [4.5974e-04]], device='cuda:0', grad_fn=<SigmoidBackward0>)
Epoch [65/100], T_AUC: [4m0.9381[0m
Epoch [65/100], Loss: 32.1892
val_Accuracy: [92m0.7593[0m
val_Precision: [4;34m0.7544[0m,               val_Recall: [4;33m0.7486[0m,                 val_F1 Score: [4;35m0.7468[0m
æ ‡ç­¾é‡Œ1çš„ä¸ªæ•°:  430
æ ‡ç­¾é‡Œ0çš„ä¸ªæ•°:  430
æ€»æ•°:  860
æ­£ç¡®çš„ä¸ªæ•°:  653
Epoch [65/100], V_AUC: [4m0.7564[0m
Epoch [66/100], Loss: 15.6024
train_Accuracy: [91m0.9577[0m
train_Precision: [4;34m0.9620[0m,               train_Recall: [4;33m0.9561[0m,                 train_F1 Score: [4;35m0.9572[0m
æ ‡ç­¾é‡Œ1çš„ä¸ªæ•°:  2150
æ ‡ç­¾é‡Œ0çš„ä¸ªæ•°:  2150
æ€»æ•°:  4300
æ­£ç¡®çš„ä¸ªæ•°:  4118
æœ€åä¸€ä¸ªæ‰¹æ¬¡çš„è¾“å‡º, ä¸æ»¡batchsizeæ˜¯æ­£å¸¸çš„:
 tensor([[9.9998e-01],
        [9.9913e-01],
        [9.9117e-01],
        [1.1220e-04],
        [1.0000e+00],
        [4.1612e-04],
        [2.4838e-04],
        [1.2980e-02],
        [9.9784e-01],
        [9.9558e-01],
        [1.4498e-05],
        [1.6845e-03]], device='cuda:0', grad_fn=<SigmoidBackward0>)
Epoch [66/100], T_AUC: [4m0.9607[0m
Epoch [66/100], Loss: 35.9694
val_Accuracy: [92m0.7558[0m
val_Precision: [4;34m0.7500[0m,               val_Recall: [4;33m0.7520[0m,                 val_F1 Score: [4;35m0.7457[0m
æ ‡ç­¾é‡Œ1çš„ä¸ªæ•°:  430
æ ‡ç­¾é‡Œ0çš„ä¸ªæ•°:  430
æ€»æ•°:  860
æ­£ç¡®çš„ä¸ªæ•°:  650
Epoch [66/100], V_AUC: [4m0.7533[0m
Epoch [67/100], Loss: 12.5383
train_Accuracy: [91m0.9686[0m
train_Precision: [4;34m0.9702[0m,               train_Recall: [4;33m0.9681[0m,                 train_F1 Score: [4;35m0.9681[0m
æ ‡ç­¾é‡Œ1çš„ä¸ªæ•°:  2150
æ ‡ç­¾é‡Œ0çš„ä¸ªæ•°:  2150
æ€»æ•°:  4300
æ­£ç¡®çš„ä¸ªæ•°:  4165
æœ€åä¸€ä¸ªæ‰¹æ¬¡çš„è¾“å‡º, ä¸æ»¡batchsizeæ˜¯æ­£å¸¸çš„:
 tensor([[9.9995e-01],
        [9.9752e-01],
        [9.4541e-01],
        [3.4664e-05],
        [1.0000e+00],
        [7.8208e-05],
        [1.3680e-02],
        [4.1626e-03],
        [9.8942e-01],
        [9.9646e-01],
        [3.1530e-05],
        [7.0995e-02]], device='cuda:0', grad_fn=<SigmoidBackward0>)
Epoch [67/100], T_AUC: [4m0.9707[0m
Epoch [67/100], Loss: 34.1217
val_Accuracy: [92m0.7442[0m
val_Precision: [4;34m0.7454[0m,               val_Recall: [4;33m0.7281[0m,                 val_F1 Score: [4;35m0.7329[0m
æ ‡ç­¾é‡Œ1çš„ä¸ªæ•°:  430
æ ‡ç­¾é‡Œ0çš„ä¸ªæ•°:  430
æ€»æ•°:  860
æ­£ç¡®çš„ä¸ªæ•°:  640
Epoch [67/100], V_AUC: [4m0.7421[0m
Epoch [68/100], Loss: 11.7618
train_Accuracy: [91m0.9714[0m
train_Precision: [4;34m0.9754[0m,               train_Recall: [4;33m0.9691[0m,                 train_F1 Score: [4;35m0.9713[0m
æ ‡ç­¾é‡Œ1çš„ä¸ªæ•°:  2150
æ ‡ç­¾é‡Œ0çš„ä¸ªæ•°:  2150
æ€»æ•°:  4300
æ­£ç¡®çš„ä¸ªæ•°:  4177
æœ€åä¸€ä¸ªæ‰¹æ¬¡çš„è¾“å‡º, ä¸æ»¡batchsizeæ˜¯æ­£å¸¸çš„:
 tensor([[9.9992e-01],
        [9.9337e-01],
        [9.8241e-01],
        [3.3894e-04],
        [1.0000e+00],
        [1.4024e-05],
        [1.0901e-02],
        [6.5062e-02],
        [9.9804e-01],
        [9.8699e-01],
        [1.4200e-05],
        [5.8226e-04]], device='cuda:0', grad_fn=<SigmoidBackward0>)
Epoch [68/100], T_AUC: [4m0.9728[0m
Epoch [68/100], Loss: 35.7244
val_Accuracy: [92m0.7570[0m
val_Precision: [4;34m0.7553[0m,               val_Recall: [4;33m0.7462[0m,                 val_F1 Score: [4;35m0.7454[0m
æ ‡ç­¾é‡Œ1çš„ä¸ªæ•°:  430
æ ‡ç­¾é‡Œ0çš„ä¸ªæ•°:  430
æ€»æ•°:  860
æ­£ç¡®çš„ä¸ªæ•°:  651
Epoch [68/100], V_AUC: [4m0.7550[0m
Epoch [69/100], Loss: 11.4740
train_Accuracy: [91m0.9721[0m
train_Precision: [4;34m0.9738[0m,               train_Recall: [4;33m0.9710[0m,                 train_F1 Score: [4;35m0.9715[0m
æ ‡ç­¾é‡Œ1çš„ä¸ªæ•°:  2150
æ ‡ç­¾é‡Œ0çš„ä¸ªæ•°:  2150
æ€»æ•°:  4300
æ­£ç¡®çš„ä¸ªæ•°:  4180
æœ€åä¸€ä¸ªæ‰¹æ¬¡çš„è¾“å‡º, ä¸æ»¡batchsizeæ˜¯æ­£å¸¸çš„:
 tensor([[9.9995e-01],
        [9.9695e-01],
        [9.8857e-01],
        [1.5398e-04],
        [1.0000e+00],
        [1.0622e-05],
        [2.5348e-04],
        [1.0124e-02],
        [9.8748e-01],
        [9.9871e-01],
        [2.4589e-07],
        [4.5561e-01]], device='cuda:0', grad_fn=<SigmoidBackward0>)
Epoch [69/100], T_AUC: [4m0.9734[0m
Epoch [69/100], Loss: 42.0194
val_Accuracy: [92m0.7477[0m
val_Precision: [4;34m0.7378[0m,               val_Recall: [4;33m0.7478[0m,                 val_F1 Score: [4;35m0.7380[0m
æ ‡ç­¾é‡Œ1çš„ä¸ªæ•°:  430
æ ‡ç­¾é‡Œ0çš„ä¸ªæ•°:  430
æ€»æ•°:  860
æ­£ç¡®çš„ä¸ªæ•°:  643
Epoch [69/100], V_AUC: [4m0.7449[0m
Epoch [70/100], Loss: 16.1189
train_Accuracy: [91m0.9505[0m
train_Precision: [4;34m0.9566[0m,               train_Recall: [4;33m0.9469[0m,                 train_F1 Score: [4;35m0.9498[0m
æ ‡ç­¾é‡Œ1çš„ä¸ªæ•°:  2150
æ ‡ç­¾é‡Œ0çš„ä¸ªæ•°:  2150
æ€»æ•°:  4300
æ­£ç¡®çš„ä¸ªæ•°:  4087
æœ€åä¸€ä¸ªæ‰¹æ¬¡çš„è¾“å‡º, ä¸æ»¡batchsizeæ˜¯æ­£å¸¸çš„:
 tensor([[9.9948e-01],
        [7.6211e-01],
        [9.9843e-01],
        [7.6783e-05],
        [1.0000e+00],
        [1.2316e-03],
        [1.8328e-04],
        [7.5386e-03],
        [9.9978e-01],
        [9.7653e-01],
        [1.8750e-02],
        [1.4646e-03]], device='cuda:0', grad_fn=<SigmoidBackward0>)
Epoch [70/100], T_AUC: [4m0.9533[0m
Epoch [70/100], Loss: 42.9519
val_Accuracy: [92m0.7547[0m
val_Precision: [4;34m0.7515[0m,               val_Recall: [4;33m0.7436[0m,                 val_F1 Score: [4;35m0.7434[0m
æ ‡ç­¾é‡Œ1çš„ä¸ªæ•°:  430
æ ‡ç­¾é‡Œ0çš„ä¸ªæ•°:  430
æ€»æ•°:  860
æ­£ç¡®çš„ä¸ªæ•°:  649
Epoch [70/100], V_AUC: [4m0.7512[0m
Epoch [71/100], Loss: 14.2007
train_Accuracy: [91m0.9609[0m
train_Precision: [4;34m0.9653[0m,               train_Recall: [4;33m0.9584[0m,                 train_F1 Score: [4;35m0.9602[0m
æ ‡ç­¾é‡Œ1çš„ä¸ªæ•°:  2150
æ ‡ç­¾é‡Œ0çš„ä¸ªæ•°:  2150
æ€»æ•°:  4300
æ­£ç¡®çš„ä¸ªæ•°:  4132
æœ€åä¸€ä¸ªæ‰¹æ¬¡çš„è¾“å‡º, ä¸æ»¡batchsizeæ˜¯æ­£å¸¸çš„:
 tensor([[9.9953e-01],
        [9.9999e-01],
        [9.9127e-01],
        [2.9304e-04],
        [1.0000e+00],
        [6.3986e-06],
        [3.9557e-03],
        [5.7247e-04],
        [9.9861e-01],
        [9.9901e-01],
        [9.6107e-05],
        [4.4288e-04]], device='cuda:0', grad_fn=<SigmoidBackward0>)
Epoch [71/100], T_AUC: [4m0.9632[0m
Epoch [71/100], Loss: 42.2949
val_Accuracy: [92m0.7523[0m
val_Precision: [4;34m0.7594[0m,               val_Recall: [4;33m0.7260[0m,                 val_F1 Score: [4;35m0.7384[0m
æ ‡ç­¾é‡Œ1çš„ä¸ªæ•°:  430
æ ‡ç­¾é‡Œ0çš„ä¸ªæ•°:  430
æ€»æ•°:  860
æ­£ç¡®çš„ä¸ªæ•°:  647
Epoch [71/100], V_AUC: [4m0.7495[0m
Epoch [72/100], Loss: 11.6005
train_Accuracy: [91m0.9721[0m
train_Precision: [4;34m0.9743[0m,               train_Recall: [4;33m0.9703[0m,                 train_F1 Score: [4;35m0.9713[0m
æ ‡ç­¾é‡Œ1çš„ä¸ªæ•°:  2150
æ ‡ç­¾é‡Œ0çš„ä¸ªæ•°:  2150
æ€»æ•°:  4300
æ­£ç¡®çš„ä¸ªæ•°:  4180
æœ€åä¸€ä¸ªæ‰¹æ¬¡çš„è¾“å‡º, ä¸æ»¡batchsizeæ˜¯æ­£å¸¸çš„:
 tensor([[9.9999e-01],
        [8.5212e-01],
        [9.9863e-01],
        [8.0995e-04],
        [1.0000e+00],
        [1.7008e-04],
        [2.2115e-04],
        [3.7289e-03],
        [9.9915e-01],
        [9.9898e-01],
        [3.8965e-05],
        [1.6985e-03]], device='cuda:0', grad_fn=<SigmoidBackward0>)
Epoch [72/100], T_AUC: [4m0.9738[0m
Epoch [72/100], Loss: 38.6555
val_Accuracy: [92m0.7500[0m
val_Precision: [4;34m0.7577[0m,               val_Recall: [4;33m0.7207[0m,                 val_F1 Score: [4;35m0.7342[0m
æ ‡ç­¾é‡Œ1çš„ä¸ªæ•°:  430
æ ‡ç­¾é‡Œ0çš„ä¸ªæ•°:  430
æ€»æ•°:  860
æ­£ç¡®çš„ä¸ªæ•°:  645
Epoch [72/100], V_AUC: [4m0.7470[0m
Epoch [73/100], Loss: 9.8357
train_Accuracy: [91m0.9774[0m
train_Precision: [4;34m0.9776[0m,               train_Recall: [4;33m0.9772[0m,                 train_F1 Score: [4;35m0.9766[0m
æ ‡ç­¾é‡Œ1çš„ä¸ªæ•°:  2150
æ ‡ç­¾é‡Œ0çš„ä¸ªæ•°:  2150
æ€»æ•°:  4300
æ­£ç¡®çš„ä¸ªæ•°:  4203
æœ€åä¸€ä¸ªæ‰¹æ¬¡çš„è¾“å‡º, ä¸æ»¡batchsizeæ˜¯æ­£å¸¸çš„:
 tensor([[9.9993e-01],
        [9.9999e-01],
        [9.5716e-01],
        [1.0430e-04],
        [1.0000e+00],
        [4.0142e-06],
        [1.9670e-05],
        [3.3246e-03],
        [9.9969e-01],
        [9.9992e-01],
        [6.1056e-05],
        [8.3455e-04]], device='cuda:0', grad_fn=<SigmoidBackward0>)
Epoch [73/100], T_AUC: [4m0.9793[0m
Epoch [73/100], Loss: 43.4826
val_Accuracy: [92m0.7430[0m
val_Precision: [4;34m0.7464[0m,               val_Recall: [4;33m0.7239[0m,                 val_F1 Score: [4;35m0.7297[0m
æ ‡ç­¾é‡Œ1çš„ä¸ªæ•°:  430
æ ‡ç­¾é‡Œ0çš„ä¸ªæ•°:  430
æ€»æ•°:  860
æ­£ç¡®çš„ä¸ªæ•°:  639
Epoch [73/100], V_AUC: [4m0.7416[0m
Epoch [74/100], Loss: 8.1510
train_Accuracy: [91m0.9849[0m
train_Precision: [4;34m0.9855[0m,               train_Recall: [4;33m0.9841[0m,                 train_F1 Score: [4;35m0.9842[0m
æ ‡ç­¾é‡Œ1çš„ä¸ªæ•°:  2150
æ ‡ç­¾é‡Œ0çš„ä¸ªæ•°:  2150
æ€»æ•°:  4300
æ­£ç¡®çš„ä¸ªæ•°:  4235
æœ€åä¸€ä¸ªæ‰¹æ¬¡çš„è¾“å‡º, ä¸æ»¡batchsizeæ˜¯æ­£å¸¸çš„:
 tensor([[9.9998e-01],
        [9.9995e-01],
        [9.9806e-01],
        [1.2207e-04],
        [1.0000e+00],
        [1.7600e-05],
        [1.9131e-04],
        [7.7645e-05],
        [9.9964e-01],
        [9.9978e-01],
        [1.5787e-04],
        [1.2074e-03]], device='cuda:0', grad_fn=<SigmoidBackward0>)
Epoch [74/100], T_AUC: [4m0.9857[0m
Epoch [74/100], Loss: 43.2758
val_Accuracy: [92m0.7535[0m
val_Precision: [4;34m0.7627[0m,               val_Recall: [4;33m0.7239[0m,                 val_F1 Score: [4;35m0.7373[0m
æ ‡ç­¾é‡Œ1çš„ä¸ªæ•°:  430
æ ‡ç­¾é‡Œ0çš„ä¸ªæ•°:  430
æ€»æ•°:  860
æ­£ç¡®çš„ä¸ªæ•°:  648
Epoch [74/100], V_AUC: [4m0.7508[0m
Epoch [75/100], Loss: 8.9524
train_Accuracy: [91m0.9788[0m
train_Precision: [4;34m0.9811[0m,               train_Recall: [4;33m0.9771[0m,                 train_F1 Score: [4;35m0.9784[0m
æ ‡ç­¾é‡Œ1çš„ä¸ªæ•°:  2150
æ ‡ç­¾é‡Œ0çš„ä¸ªæ•°:  2150
æ€»æ•°:  4300
æ­£ç¡®çš„ä¸ªæ•°:  4209
æœ€åä¸€ä¸ªæ‰¹æ¬¡çš„è¾“å‡º, ä¸æ»¡batchsizeæ˜¯æ­£å¸¸çš„:
 tensor([[9.9999e-01],
        [9.9971e-01],
        [9.9943e-01],
        [5.7071e-04],
        [1.0000e+00],
        [2.1621e-06],
        [2.5650e-03],
        [3.7349e-05],
        [9.9764e-01],
        [9.9927e-01],
        [3.3023e-04],
        [2.2085e-04]], device='cuda:0', grad_fn=<SigmoidBackward0>)
Epoch [75/100], T_AUC: [4m0.9798[0m
Epoch [75/100], Loss: 53.5192
val_Accuracy: [92m0.7570[0m
val_Precision: [4;34m0.7521[0m,               val_Recall: [4;33m0.7496[0m,                 val_F1 Score: [4;35m0.7474[0m
æ ‡ç­¾é‡Œ1çš„ä¸ªæ•°:  430
æ ‡ç­¾é‡Œ0çš„ä¸ªæ•°:  430
æ€»æ•°:  860
æ­£ç¡®çš„ä¸ªæ•°:  651
Epoch [75/100], V_AUC: [4m0.7524[0m
Epoch [76/100], Loss: 11.4885
train_Accuracy: [91m0.9730[0m
train_Precision: [4;34m0.9755[0m,               train_Recall: [4;33m0.9712[0m,                 train_F1 Score: [4;35m0.9727[0m
æ ‡ç­¾é‡Œ1çš„ä¸ªæ•°:  2150
æ ‡ç­¾é‡Œ0çš„ä¸ªæ•°:  2150
æ€»æ•°:  4300
æ­£ç¡®çš„ä¸ªæ•°:  4184
æœ€åä¸€ä¸ªæ‰¹æ¬¡çš„è¾“å‡º, ä¸æ»¡batchsizeæ˜¯æ­£å¸¸çš„:
 tensor([[9.9999e-01],
        [9.9887e-01],
        [9.7932e-01],
        [2.7183e-04],
        [1.0000e+00],
        [1.2866e-06],
        [3.8450e-04],
        [5.0126e-03],
        [9.9999e-01],
        [9.9781e-01],
        [5.7556e-05],
        [3.4608e-02]], device='cuda:0', grad_fn=<SigmoidBackward0>)
Epoch [76/100], T_AUC: [4m0.9744[0m
Epoch [76/100], Loss: 38.5850
val_Accuracy: [92m0.7291[0m
val_Precision: [4;34m0.7334[0m,               val_Recall: [4;33m0.7242[0m,                 val_F1 Score: [4;35m0.7220[0m
æ ‡ç­¾é‡Œ1çš„ä¸ªæ•°:  430
æ ‡ç­¾é‡Œ0çš„ä¸ªæ•°:  430
æ€»æ•°:  860
æ­£ç¡®çš„ä¸ªæ•°:  627
Epoch [76/100], V_AUC: [4m0.7288[0m
Epoch [77/100], Loss: 16.5558
train_Accuracy: [91m0.9528[0m
train_Precision: [4;34m0.9526[0m,               train_Recall: [4;33m0.9553[0m,                 train_F1 Score: [4;35m0.9526[0m
æ ‡ç­¾é‡Œ1çš„ä¸ªæ•°:  2150
æ ‡ç­¾é‡Œ0çš„ä¸ªæ•°:  2150
æ€»æ•°:  4300
æ­£ç¡®çš„ä¸ªæ•°:  4097
æœ€åä¸€ä¸ªæ‰¹æ¬¡çš„è¾“å‡º, ä¸æ»¡batchsizeæ˜¯æ­£å¸¸çš„:
 tensor([[1.0000e+00],
        [9.9972e-01],
        [9.9977e-01],
        [9.6068e-05],
        [1.0000e+00],
        [4.3448e-07],
        [2.1424e-05],
        [1.4283e-03],
        [9.9980e-01],
        [9.9831e-01],
        [3.6323e-04],
        [3.2595e-03]], device='cuda:0', grad_fn=<SigmoidBackward0>)
Epoch [77/100], T_AUC: [4m0.9550[0m
Epoch [77/100], Loss: 58.9357
val_Accuracy: [92m0.7570[0m
val_Precision: [4;34m0.7541[0m,               val_Recall: [4;33m0.7429[0m,                 val_F1 Score: [4;35m0.7450[0m
æ ‡ç­¾é‡Œ1çš„ä¸ªæ•°:  430
æ ‡ç­¾é‡Œ0çš„ä¸ªæ•°:  430
æ€»æ•°:  860
æ­£ç¡®çš„ä¸ªæ•°:  651
Epoch [77/100], V_AUC: [4m0.7527[0m
Epoch [78/100], Loss: 18.2483
train_Accuracy: [91m0.9481[0m
train_Precision: [4;34m0.9477[0m,               train_Recall: [4;33m0.9497[0m,                 train_F1 Score: [4;35m0.9471[0m
æ ‡ç­¾é‡Œ1çš„ä¸ªæ•°:  2150
æ ‡ç­¾é‡Œ0çš„ä¸ªæ•°:  2150
æ€»æ•°:  4300
æ­£ç¡®çš„ä¸ªæ•°:  4077
æœ€åä¸€ä¸ªæ‰¹æ¬¡çš„è¾“å‡º, ä¸æ»¡batchsizeæ˜¯æ­£å¸¸çš„:
 tensor([[9.9999e-01],
        [9.6740e-01],
        [9.9997e-01],
        [1.3247e-03],
        [1.0000e+00],
        [5.0646e-06],
        [3.2382e-06],
        [1.7754e-01],
        [9.8508e-01],
        [9.9986e-01],
        [5.0686e-03],
        [6.2688e-04]], device='cuda:0', grad_fn=<SigmoidBackward0>)
Epoch [78/100], T_AUC: [4m0.9511[0m
Epoch [78/100], Loss: 37.2435
val_Accuracy: [92m0.7395[0m
val_Precision: [4;34m0.7389[0m,               val_Recall: [4;33m0.7261[0m,                 val_F1 Score: [4;35m0.7280[0m
æ ‡ç­¾é‡Œ1çš„ä¸ªæ•°:  430
æ ‡ç­¾é‡Œ0çš„ä¸ªæ•°:  430
æ€»æ•°:  860
æ­£ç¡®çš„ä¸ªæ•°:  636
Epoch [78/100], V_AUC: [4m0.7377[0m
Epoch [79/100], Loss: 14.9894
train_Accuracy: [91m0.9581[0m
train_Precision: [4;34m0.9622[0m,               train_Recall: [4;33m0.9561[0m,                 train_F1 Score: [4;35m0.9576[0m
æ ‡ç­¾é‡Œ1çš„ä¸ªæ•°:  2150
æ ‡ç­¾é‡Œ0çš„ä¸ªæ•°:  2150
æ€»æ•°:  4300
æ­£ç¡®çš„ä¸ªæ•°:  4120
æœ€åä¸€ä¸ªæ‰¹æ¬¡çš„è¾“å‡º, ä¸æ»¡batchsizeæ˜¯æ­£å¸¸çš„:
 tensor([[1.0000e+00],
        [9.8880e-01],
        [9.9961e-01],
        [2.3356e-04],
        [1.0000e+00],
        [3.7720e-07],
        [2.8494e-04],
        [3.2757e-02],
        [9.9985e-01],
        [9.9925e-01],
        [1.0472e-04],
        [1.3036e-03]], device='cuda:0', grad_fn=<SigmoidBackward0>)
Epoch [79/100], T_AUC: [4m0.9602[0m
Epoch [79/100], Loss: 35.5973
val_Accuracy: [92m0.7512[0m
val_Precision: [4;34m0.7508[0m,               val_Recall: [4;33m0.7424[0m,                 val_F1 Score: [4;35m0.7418[0m
æ ‡ç­¾é‡Œ1çš„ä¸ªæ•°:  430
æ ‡ç­¾é‡Œ0çš„ä¸ªæ•°:  430
æ€»æ•°:  860
æ­£ç¡®çš„ä¸ªæ•°:  646
Epoch [79/100], V_AUC: [4m0.7516[0m
Epoch [80/100], Loss: 11.3261
train_Accuracy: [91m0.9712[0m
train_Precision: [4;34m0.9735[0m,               train_Recall: [4;33m0.9703[0m,                 train_F1 Score: [4;35m0.9710[0m
æ ‡ç­¾é‡Œ1çš„ä¸ªæ•°:  2150
æ ‡ç­¾é‡Œ0çš„ä¸ªæ•°:  2150
æ€»æ•°:  4300
æ­£ç¡®çš„ä¸ªæ•°:  4176
æœ€åä¸€ä¸ªæ‰¹æ¬¡çš„è¾“å‡º, ä¸æ»¡batchsizeæ˜¯æ­£å¸¸çš„:
 tensor([[1.0000e+00],
        [9.5717e-01],
        [9.9992e-01],
        [1.3957e-04],
        [1.0000e+00],
        [4.7913e-06],
        [4.0573e-05],
        [1.8431e-04],
        [9.9986e-01],
        [9.9999e-01],
        [3.8595e-05],
        [2.8468e-03]], device='cuda:0', grad_fn=<SigmoidBackward0>)
Epoch [80/100], T_AUC: [4m0.9729[0m
Epoch [80/100], Loss: 38.9700
val_Accuracy: [92m0.7535[0m
val_Precision: [4;34m0.7598[0m,               val_Recall: [4;33m0.7283[0m,                 val_F1 Score: [4;35m0.7390[0m
æ ‡ç­¾é‡Œ1çš„ä¸ªæ•°:  430
æ ‡ç­¾é‡Œ0çš„ä¸ªæ•°:  430
æ€»æ•°:  860
æ­£ç¡®çš„ä¸ªæ•°:  648
Epoch [80/100], V_AUC: [4m0.7508[0m
Epoch [81/100], Loss: 8.8199
train_Accuracy: [91m0.9802[0m
train_Precision: [4;34m0.9793[0m,               train_Recall: [4;33m0.9821[0m,                 train_F1 Score: [4;35m0.9801[0m
æ ‡ç­¾é‡Œ1çš„ä¸ªæ•°:  2150
æ ‡ç­¾é‡Œ0çš„ä¸ªæ•°:  2150
æ€»æ•°:  4300
æ­£ç¡®çš„ä¸ªæ•°:  4215
æœ€åä¸€ä¸ªæ‰¹æ¬¡çš„è¾“å‡º, ä¸æ»¡batchsizeæ˜¯æ­£å¸¸çš„:
 tensor([[1.0000e+00],
        [9.9506e-01],
        [9.9946e-01],
        [4.6362e-04],
        [1.0000e+00],
        [4.2579e-06],
        [2.1836e-05],
        [1.9209e-03],
        [9.9863e-01],
        [9.9796e-01],
        [9.5583e-05],
        [4.3882e-04]], device='cuda:0', grad_fn=<SigmoidBackward0>)
Epoch [81/100], T_AUC: [4m0.9815[0m
Epoch [81/100], Loss: 43.0730
val_Accuracy: [92m0.7500[0m
val_Precision: [4;34m0.7614[0m,               val_Recall: [4;33m0.7142[0m,                 val_F1 Score: [4;35m0.7323[0m
æ ‡ç­¾é‡Œ1çš„ä¸ªæ•°:  430
æ ‡ç­¾é‡Œ0çš„ä¸ªæ•°:  430
æ€»æ•°:  860
æ­£ç¡®çš„ä¸ªæ•°:  645
Epoch [81/100], V_AUC: [4m0.7480[0m
Epoch [82/100], Loss: 6.6363
train_Accuracy: [91m0.9898[0m
train_Precision: [4;34m0.9912[0m,               train_Recall: [4;33m0.9891[0m,                 train_F1 Score: [4;35m0.9898[0m
æ ‡ç­¾é‡Œ1çš„ä¸ªæ•°:  2150
æ ‡ç­¾é‡Œ0çš„ä¸ªæ•°:  2150
æ€»æ•°:  4300
æ­£ç¡®çš„ä¸ªæ•°:  4256
æœ€åä¸€ä¸ªæ‰¹æ¬¡çš„è¾“å‡º, ä¸æ»¡batchsizeæ˜¯æ­£å¸¸çš„:
 tensor([[9.9999e-01],
        [9.9789e-01],
        [9.9902e-01],
        [3.3103e-04],
        [1.0000e+00],
        [1.0441e-04],
        [1.6033e-05],
        [8.9090e-05],
        [9.9904e-01],
        [9.9997e-01],
        [6.6617e-06],
        [3.2284e-04]], device='cuda:0', grad_fn=<SigmoidBackward0>)
Epoch [82/100], T_AUC: [4m0.9906[0m
Epoch [82/100], Loss: 38.2043
val_Accuracy: [92m0.7453[0m
val_Precision: [4;34m0.7485[0m,               val_Recall: [4;33m0.7269[0m,                 val_F1 Score: [4;35m0.7328[0m
æ ‡ç­¾é‡Œ1çš„ä¸ªæ•°:  430
æ ‡ç­¾é‡Œ0çš„ä¸ªæ•°:  430
æ€»æ•°:  860
æ­£ç¡®çš„ä¸ªæ•°:  641
Epoch [82/100], V_AUC: [4m0.7438[0m
Epoch [83/100], Loss: 6.4487
train_Accuracy: [91m0.9872[0m
train_Precision: [4;34m0.9880[0m,               train_Recall: [4;33m0.9875[0m,                 train_F1 Score: [4;35m0.9875[0m
æ ‡ç­¾é‡Œ1çš„ä¸ªæ•°:  2150
æ ‡ç­¾é‡Œ0çš„ä¸ªæ•°:  2150
æ€»æ•°:  4300
æ­£ç¡®çš„ä¸ªæ•°:  4245
æœ€åä¸€ä¸ªæ‰¹æ¬¡çš„è¾“å‡º, ä¸æ»¡batchsizeæ˜¯æ­£å¸¸çš„:
 tensor([[1.0000e+00],
        [9.9317e-01],
        [9.3431e-01],
        [6.2754e-05],
        [1.0000e+00],
        [7.8861e-07],
        [1.0635e-03],
        [3.9579e-04],
        [9.9105e-01],
        [9.9942e-01],
        [7.9578e-04],
        [9.2914e-03]], device='cuda:0', grad_fn=<SigmoidBackward0>)
Epoch [83/100], T_AUC: [4m0.9880[0m
Epoch [83/100], Loss: 41.6901
val_Accuracy: [92m0.7593[0m
val_Precision: [4;34m0.7801[0m,               val_Recall: [4;33m0.7074[0m,                 val_F1 Score: [4;35m0.7378[0m
æ ‡ç­¾é‡Œ1çš„ä¸ªæ•°:  430
æ ‡ç­¾é‡Œ0çš„ä¸ªæ•°:  430
æ€»æ•°:  860
æ­£ç¡®çš„ä¸ªæ•°:  653
Epoch [83/100], V_AUC: [4m0.7555[0m
Epoch [84/100], Loss: 5.7788
train_Accuracy: [91m0.9895[0m
train_Precision: [4;34m0.9919[0m,               train_Recall: [4;33m0.9879[0m,                 train_F1 Score: [4;35m0.9897[0m
æ ‡ç­¾é‡Œ1çš„ä¸ªæ•°:  2150
æ ‡ç­¾é‡Œ0çš„ä¸ªæ•°:  2150
æ€»æ•°:  4300
æ­£ç¡®çš„ä¸ªæ•°:  4255
æœ€åä¸€ä¸ªæ‰¹æ¬¡çš„è¾“å‡º, ä¸æ»¡batchsizeæ˜¯æ­£å¸¸çš„:
 tensor([[1.0000e+00],
        [9.7628e-01],
        [9.9740e-01],
        [1.7622e-04],
        [1.0000e+00],
        [3.4722e-06],
        [1.7364e-04],
        [5.4946e-04],
        [9.9858e-01],
        [9.9989e-01],
        [4.3552e-04],
        [3.0995e-03]], device='cuda:0', grad_fn=<SigmoidBackward0>)
Epoch [84/100], T_AUC: [4m0.9903[0m
Epoch [84/100], Loss: 43.8279
val_Accuracy: [92m0.7523[0m
val_Precision: [4;34m0.7649[0m,               val_Recall: [4;33m0.7142[0m,                 val_F1 Score: [4;35m0.7348[0m
æ ‡ç­¾é‡Œ1çš„ä¸ªæ•°:  430
æ ‡ç­¾é‡Œ0çš„ä¸ªæ•°:  430
æ€»æ•°:  860
æ­£ç¡®çš„ä¸ªæ•°:  647
Epoch [84/100], V_AUC: [4m0.7485[0m
Epoch [85/100], Loss: 4.3768
train_Accuracy: [91m0.9937[0m
train_Precision: [4;34m0.9939[0m,               train_Recall: [4;33m0.9941[0m,                 train_F1 Score: [4;35m0.9938[0m
æ ‡ç­¾é‡Œ1çš„ä¸ªæ•°:  2150
æ ‡ç­¾é‡Œ0çš„ä¸ªæ•°:  2150
æ€»æ•°:  4300
æ­£ç¡®çš„ä¸ªæ•°:  4273
æœ€åä¸€ä¸ªæ‰¹æ¬¡çš„è¾“å‡º, ä¸æ»¡batchsizeæ˜¯æ­£å¸¸çš„:
 tensor([[9.9998e-01],
        [9.9563e-01],
        [9.8249e-01],
        [1.4356e-04],
        [1.0000e+00],
        [1.2366e-06],
        [2.2935e-04],
        [4.3397e-04],
        [9.9925e-01],
        [9.9967e-01],
        [6.0011e-04],
        [5.2162e-03]], device='cuda:0', grad_fn=<SigmoidBackward0>)
Epoch [85/100], T_AUC: [4m0.9940[0m
Epoch [85/100], Loss: 43.3074
val_Accuracy: [92m0.7442[0m
val_Precision: [4;34m0.7618[0m,               val_Recall: [4;33m0.6992[0m,                 val_F1 Score: [4;35m0.7249[0m
æ ‡ç­¾é‡Œ1çš„ä¸ªæ•°:  430
æ ‡ç­¾é‡Œ0çš„ä¸ªæ•°:  430
æ€»æ•°:  860
æ­£ç¡®çš„ä¸ªæ•°:  640
Epoch [85/100], V_AUC: [4m0.7412[0m
Epoch [86/100], Loss: 3.6059
train_Accuracy: [91m0.9958[0m
train_Precision: [4;34m0.9975[0m,               train_Recall: [4;33m0.9948[0m,                 train_F1 Score: [4;35m0.9961[0m
æ ‡ç­¾é‡Œ1çš„ä¸ªæ•°:  2150
æ ‡ç­¾é‡Œ0çš„ä¸ªæ•°:  2150
æ€»æ•°:  4300
æ­£ç¡®çš„ä¸ªæ•°:  4282
æœ€åä¸€ä¸ªæ‰¹æ¬¡çš„è¾“å‡º, ä¸æ»¡batchsizeæ˜¯æ­£å¸¸çš„:
 tensor([[9.9999e-01],
        [9.9651e-01],
        [9.9913e-01],
        [7.0478e-05],
        [1.0000e+00],
        [8.4168e-07],
        [3.5412e-05],
        [5.3982e-04],
        [9.9832e-01],
        [9.9976e-01],
        [1.5947e-03],
        [3.1496e-02]], device='cuda:0', grad_fn=<SigmoidBackward0>)
Epoch [86/100], T_AUC: [4m0.9959[0m
Epoch [86/100], Loss: 43.5204
val_Accuracy: [92m0.7465[0m
val_Precision: [4;34m0.7570[0m,               val_Recall: [4;33m0.7107[0m,                 val_F1 Score: [4;35m0.7289[0m
æ ‡ç­¾é‡Œ1çš„ä¸ªæ•°:  430
æ ‡ç­¾é‡Œ0çš„ä¸ªæ•°:  430
æ€»æ•°:  860
æ­£ç¡®çš„ä¸ªæ•°:  642
Epoch [86/100], V_AUC: [4m0.7424[0m
Epoch [87/100], Loss: 4.9343
train_Accuracy: [91m0.9916[0m
train_Precision: [4;34m0.9926[0m,               train_Recall: [4;33m0.9909[0m,                 train_F1 Score: [4;35m0.9916[0m
æ ‡ç­¾é‡Œ1çš„ä¸ªæ•°:  2150
æ ‡ç­¾é‡Œ0çš„ä¸ªæ•°:  2150
æ€»æ•°:  4300
æ­£ç¡®çš„ä¸ªæ•°:  4264
æœ€åä¸€ä¸ªæ‰¹æ¬¡çš„è¾“å‡º, ä¸æ»¡batchsizeæ˜¯æ­£å¸¸çš„:
 tensor([[9.9991e-01],
        [9.6474e-01],
        [9.9962e-01],
        [1.4824e-03],
        [1.0000e+00],
        [2.7778e-04],
        [1.7654e-05],
        [8.8367e-06],
        [9.9983e-01],
        [9.9999e-01],
        [3.2935e-03],
        [8.3425e-04]], device='cuda:0', grad_fn=<SigmoidBackward0>)
Epoch [87/100], T_AUC: [4m0.9921[0m
Epoch [87/100], Loss: 45.2479
val_Accuracy: [92m0.7616[0m
val_Precision: [4;34m0.7750[0m,               val_Recall: [4;33m0.7242[0m,                 val_F1 Score: [4;35m0.7448[0m
æ ‡ç­¾é‡Œ1çš„ä¸ªæ•°:  430
æ ‡ç­¾é‡Œ0çš„ä¸ªæ•°:  430
æ€»æ•°:  860
æ­£ç¡®çš„ä¸ªæ•°:  655
Epoch [87/100], V_AUC: [4m0.7582[0m
Epoch [88/100], Loss: 14.9644
train_Accuracy: [91m0.9572[0m
train_Precision: [4;34m0.9586[0m,               train_Recall: [4;33m0.9565[0m,                 train_F1 Score: [4;35m0.9559[0m
æ ‡ç­¾é‡Œ1çš„ä¸ªæ•°:  2150
æ ‡ç­¾é‡Œ0çš„ä¸ªæ•°:  2150
æ€»æ•°:  4300
æ­£ç¡®çš„ä¸ªæ•°:  4116
æœ€åä¸€ä¸ªæ‰¹æ¬¡çš„è¾“å‡º, ä¸æ»¡batchsizeæ˜¯æ­£å¸¸çš„:
 tensor([[9.9996e-01],
        [9.6889e-01],
        [9.9977e-01],
        [5.9387e-04],
        [1.0000e+00],
        [3.2133e-06],
        [3.8998e-05],
        [2.3359e-04],
        [9.9988e-01],
        [9.9783e-01],
        [9.0922e-06],
        [3.9491e-04]], device='cuda:0', grad_fn=<SigmoidBackward0>)
Epoch [88/100], T_AUC: [4m0.9587[0m
Epoch [88/100], Loss: 48.7457
val_Accuracy: [92m0.7686[0m
val_Precision: [4;34m0.7913[0m,               val_Recall: [4;33m0.7196[0m,                 val_F1 Score: [4;35m0.7476[0m
æ ‡ç­¾é‡Œ1çš„ä¸ªæ•°:  430
æ ‡ç­¾é‡Œ0çš„ä¸ªæ•°:  430
æ€»æ•°:  860
æ­£ç¡®çš„ä¸ªæ•°:  661
Epoch [88/100], V_AUC: [4m0.7655[0m
Epoch [89/100], Loss: 28.0761
train_Accuracy: [91m0.9170[0m
train_Precision: [4;34m0.9223[0m,               train_Recall: [4;33m0.9132[0m,                 train_F1 Score: [4;35m0.9157[0m
æ ‡ç­¾é‡Œ1çš„ä¸ªæ•°:  2150
æ ‡ç­¾é‡Œ0çš„ä¸ªæ•°:  2150
æ€»æ•°:  4300
æ­£ç¡®çš„ä¸ªæ•°:  3943
æœ€åä¸€ä¸ªæ‰¹æ¬¡çš„è¾“å‡º, ä¸æ»¡batchsizeæ˜¯æ­£å¸¸çš„:
 tensor([[9.9990e-01],
        [9.7668e-01],
        [9.9313e-01],
        [1.1978e-04],
        [9.9998e-01],
        [1.9124e-04],
        [3.9554e-06],
        [7.3841e-04],
        [9.9972e-01],
        [9.9989e-01],
        [1.8021e-02],
        [5.9871e-02]], device='cuda:0', grad_fn=<SigmoidBackward0>)
Epoch [89/100], T_AUC: [4m0.9191[0m
Epoch [89/100], Loss: 36.1091
val_Accuracy: [92m0.7081[0m
val_Precision: [4;34m0.7162[0m,               val_Recall: [4;33m0.6853[0m,                 val_F1 Score: [4;35m0.6950[0m
æ ‡ç­¾é‡Œ1çš„ä¸ªæ•°:  430
æ ‡ç­¾é‡Œ0çš„ä¸ªæ•°:  430
æ€»æ•°:  860
æ­£ç¡®çš„ä¸ªæ•°:  609
Epoch [89/100], V_AUC: [4m0.7067[0m
Epoch [90/100], Loss: 17.7838
train_Accuracy: [91m0.9481[0m
train_Precision: [4;34m0.9526[0m,               train_Recall: [4;33m0.9451[0m,                 train_F1 Score: [4;35m0.9467[0m
æ ‡ç­¾é‡Œ1çš„ä¸ªæ•°:  2150
æ ‡ç­¾é‡Œ0çš„ä¸ªæ•°:  2150
æ€»æ•°:  4300
æ­£ç¡®çš„ä¸ªæ•°:  4077
æœ€åä¸€ä¸ªæ‰¹æ¬¡çš„è¾“å‡º, ä¸æ»¡batchsizeæ˜¯æ­£å¸¸çš„:
 tensor([[1.0000e+00],
        [7.9556e-01],
        [9.9889e-01],
        [2.1991e-04],
        [1.0000e+00],
        [1.1998e-06],
        [1.2282e-02],
        [6.6127e-03],
        [8.0835e-01],
        [9.9668e-01],
        [3.4238e-03],
        [3.2339e-02]], device='cuda:0', grad_fn=<SigmoidBackward0>)
Epoch [90/100], T_AUC: [4m0.9506[0m
Epoch [90/100], Loss: 36.3808
val_Accuracy: [92m0.7477[0m
val_Precision: [4;34m0.7682[0m,               val_Recall: [4;33m0.6942[0m,                 val_F1 Score: [4;35m0.7251[0m
æ ‡ç­¾é‡Œ1çš„ä¸ªæ•°:  430
æ ‡ç­¾é‡Œ0çš„ä¸ªæ•°:  430
æ€»æ•°:  860
æ­£ç¡®çš„ä¸ªæ•°:  643
Epoch [90/100], V_AUC: [4m0.7445[0m
Epoch [91/100], Loss: 10.7562
train_Accuracy: [91m0.9758[0m
train_Precision: [4;34m0.9779[0m,               train_Recall: [4;33m0.9750[0m,                 train_F1 Score: [4;35m0.9756[0m
æ ‡ç­¾é‡Œ1çš„ä¸ªæ•°:  2150
æ ‡ç­¾é‡Œ0çš„ä¸ªæ•°:  2150
æ€»æ•°:  4300
æ­£ç¡®çš„ä¸ªæ•°:  4196
æœ€åä¸€ä¸ªæ‰¹æ¬¡çš„è¾“å‡º, ä¸æ»¡batchsizeæ˜¯æ­£å¸¸çš„:
 tensor([[9.9999e-01],
        [9.9333e-01],
        [9.9912e-01],
        [4.8443e-04],
        [1.0000e+00],
        [7.2164e-05],
        [9.2972e-05],
        [7.7810e-04],
        [9.9746e-01],
        [9.9963e-01],
        [3.3001e-04],
        [3.6201e-02]], device='cuda:0', grad_fn=<SigmoidBackward0>)
Epoch [91/100], T_AUC: [4m0.9773[0m
Epoch [91/100], Loss: 41.9414
val_Accuracy: [92m0.7465[0m
val_Precision: [4;34m0.7539[0m,               val_Recall: [4;33m0.7142[0m,                 val_F1 Score: [4;35m0.7299[0m
æ ‡ç­¾é‡Œ1çš„ä¸ªæ•°:  430
æ ‡ç­¾é‡Œ0çš„ä¸ªæ•°:  430
æ€»æ•°:  860
æ­£ç¡®çš„ä¸ªæ•°:  642
Epoch [91/100], V_AUC: [4m0.7426[0m
Epoch [92/100], Loss: 9.0604
train_Accuracy: [91m0.9812[0m
train_Precision: [4;34m0.9836[0m,               train_Recall: [4;33m0.9795[0m,                 train_F1 Score: [4;35m0.9809[0m
æ ‡ç­¾é‡Œ1çš„ä¸ªæ•°:  2150
æ ‡ç­¾é‡Œ0çš„ä¸ªæ•°:  2150
æ€»æ•°:  4300
æ­£ç¡®çš„ä¸ªæ•°:  4219
æœ€åä¸€ä¸ªæ‰¹æ¬¡çš„è¾“å‡º, ä¸æ»¡batchsizeæ˜¯æ­£å¸¸çš„:
 tensor([[9.9998e-01],
        [9.6244e-01],
        [9.9910e-01],
        [6.2109e-06],
        [1.0000e+00],
        [6.8256e-06],
        [1.1429e-02],
        [4.0283e-03],
        [9.2707e-01],
        [9.9945e-01],
        [3.1614e-04],
        [1.4021e-02]], device='cuda:0', grad_fn=<SigmoidBackward0>)
Epoch [92/100], T_AUC: [4m0.9825[0m
Epoch [92/100], Loss: 44.2420
val_Accuracy: [92m0.7419[0m
val_Precision: [4;34m0.7474[0m,               val_Recall: [4;33m0.7139[0m,                 val_F1 Score: [4;35m0.7257[0m
æ ‡ç­¾é‡Œ1çš„ä¸ªæ•°:  430
æ ‡ç­¾é‡Œ0çš„ä¸ªæ•°:  430
æ€»æ•°:  860
æ­£ç¡®çš„ä¸ªæ•°:  638
Epoch [92/100], V_AUC: [4m0.7385[0m
Epoch [93/100], Loss: 6.5956
train_Accuracy: [91m0.9877[0m
train_Precision: [4;34m0.9886[0m,               train_Recall: [4;33m0.9870[0m,                 train_F1 Score: [4;35m0.9875[0m
æ ‡ç­¾é‡Œ1çš„ä¸ªæ•°:  2150
æ ‡ç­¾é‡Œ0çš„ä¸ªæ•°:  2150
æ€»æ•°:  4300
æ­£ç¡®çš„ä¸ªæ•°:  4247
æœ€åä¸€ä¸ªæ‰¹æ¬¡çš„è¾“å‡º, ä¸æ»¡batchsizeæ˜¯æ­£å¸¸çš„:
 tensor([[1.0000e+00],
        [9.6826e-01],
        [9.9725e-01],
        [6.3326e-06],
        [1.0000e+00],
        [2.9858e-06],
        [9.7643e-02],
        [1.9646e-03],
        [9.8720e-01],
        [9.9987e-01],
        [9.2819e-05],
        [1.3884e-03]], device='cuda:0', grad_fn=<SigmoidBackward0>)
Epoch [93/100], T_AUC: [4m0.9885[0m
Epoch [93/100], Loss: 43.5954
val_Accuracy: [92m0.7512[0m
val_Precision: [4;34m0.7546[0m,               val_Recall: [4;33m0.7256[0m,                 val_F1 Score: [4;35m0.7361[0m
æ ‡ç­¾é‡Œ1çš„ä¸ªæ•°:  430
æ ‡ç­¾é‡Œ0çš„ä¸ªæ•°:  430
æ€»æ•°:  860
æ­£ç¡®çš„ä¸ªæ•°:  646
Epoch [93/100], V_AUC: [4m0.7473[0m
Epoch [94/100], Loss: 4.9758
train_Accuracy: [91m0.9909[0m
train_Precision: [4;34m0.9930[0m,               train_Recall: [4;33m0.9895[0m,                 train_F1 Score: [4;35m0.9910[0m
æ ‡ç­¾é‡Œ1çš„ä¸ªæ•°:  2150
æ ‡ç­¾é‡Œ0çš„ä¸ªæ•°:  2150
æ€»æ•°:  4300
æ­£ç¡®çš„ä¸ªæ•°:  4261
æœ€åä¸€ä¸ªæ‰¹æ¬¡çš„è¾“å‡º, ä¸æ»¡batchsizeæ˜¯æ­£å¸¸çš„:
 tensor([[1.0000e+00],
        [9.9807e-01],
        [9.9136e-01],
        [2.5608e-04],
        [1.0000e+00],
        [5.5122e-06],
        [3.1273e-05],
        [2.3867e-03],
        [9.9861e-01],
        [9.9992e-01],
        [7.2583e-05],
        [4.8191e-04]], device='cuda:0', grad_fn=<SigmoidBackward0>)
Epoch [94/100], T_AUC: [4m0.9917[0m
Epoch [94/100], Loss: 42.7560
val_Accuracy: [92m0.7430[0m
val_Precision: [4;34m0.7538[0m,               val_Recall: [4;33m0.7101[0m,                 val_F1 Score: [4;35m0.7261[0m
æ ‡ç­¾é‡Œ1çš„ä¸ªæ•°:  430
æ ‡ç­¾é‡Œ0çš„ä¸ªæ•°:  430
æ€»æ•°:  860
æ­£ç¡®çš„ä¸ªæ•°:  639
Epoch [94/100], V_AUC: [4m0.7399[0m
Epoch [95/100], Loss: 5.3593
train_Accuracy: [91m0.9893[0m
train_Precision: [4;34m0.9911[0m,               train_Recall: [4;33m0.9886[0m,                 train_F1 Score: [4;35m0.9895[0m
æ ‡ç­¾é‡Œ1çš„ä¸ªæ•°:  2150
æ ‡ç­¾é‡Œ0çš„ä¸ªæ•°:  2150
æ€»æ•°:  4300
æ­£ç¡®çš„ä¸ªæ•°:  4254
æœ€åä¸€ä¸ªæ‰¹æ¬¡çš„è¾“å‡º, ä¸æ»¡batchsizeæ˜¯æ­£å¸¸çš„:
 tensor([[1.0000e+00],
        [9.8766e-01],
        [9.9835e-01],
        [5.6155e-05],
        [1.0000e+00],
        [1.0870e-06],
        [7.6578e-04],
        [2.1773e-03],
        [9.7755e-01],
        [9.9983e-01],
        [9.7415e-05],
        [1.5043e-02]], device='cuda:0', grad_fn=<SigmoidBackward0>)
Epoch [95/100], T_AUC: [4m0.9899[0m
Epoch [95/100], Loss: 46.5081
val_Accuracy: [92m0.7547[0m
val_Precision: [4;34m0.7570[0m,               val_Recall: [4;33m0.7288[0m,                 val_F1 Score: [4;35m0.7384[0m
æ ‡ç­¾é‡Œ1çš„ä¸ªæ•°:  430
æ ‡ç­¾é‡Œ0çš„ä¸ªæ•°:  430
æ€»æ•°:  860
æ­£ç¡®çš„ä¸ªæ•°:  649
Epoch [95/100], V_AUC: [4m0.7508[0m
Epoch [96/100], Loss: 4.9894
train_Accuracy: [91m0.9921[0m
train_Precision: [4;34m0.9938[0m,               train_Recall: [4;33m0.9911[0m,                 train_F1 Score: [4;35m0.9923[0m
æ ‡ç­¾é‡Œ1çš„ä¸ªæ•°:  2150
æ ‡ç­¾é‡Œ0çš„ä¸ªæ•°:  2150
æ€»æ•°:  4300
æ­£ç¡®çš„ä¸ªæ•°:  4266
æœ€åä¸€ä¸ªæ‰¹æ¬¡çš„è¾“å‡º, ä¸æ»¡batchsizeæ˜¯æ­£å¸¸çš„:
 tensor([[1.0000e+00],
        [9.8740e-01],
        [9.9837e-01],
        [9.5342e-05],
        [1.0000e+00],
        [2.7822e-06],
        [3.9279e-04],
        [2.2274e-03],
        [9.9907e-01],
        [9.9954e-01],
        [1.7058e-05],
        [1.0278e-02]], device='cuda:0', grad_fn=<SigmoidBackward0>)
Epoch [96/100], T_AUC: [4m0.9925[0m
Epoch [96/100], Loss: 43.1166
val_Accuracy: [92m0.7465[0m
val_Precision: [4;34m0.7509[0m,               val_Recall: [4;33m0.7222[0m,                 val_F1 Score: [4;35m0.7319[0m
æ ‡ç­¾é‡Œ1çš„ä¸ªæ•°:  430
æ ‡ç­¾é‡Œ0çš„ä¸ªæ•°:  430
æ€»æ•°:  860
æ­£ç¡®çš„ä¸ªæ•°:  642
Epoch [96/100], V_AUC: [4m0.7425[0m
Epoch [97/100], Loss: 3.4172
train_Accuracy: [91m0.9965[0m
train_Precision: [4;34m0.9976[0m,               train_Recall: [4;33m0.9960[0m,                 train_F1 Score: [4;35m0.9967[0m
æ ‡ç­¾é‡Œ1çš„ä¸ªæ•°:  2150
æ ‡ç­¾é‡Œ0çš„ä¸ªæ•°:  2150
æ€»æ•°:  4300
æ­£ç¡®çš„ä¸ªæ•°:  4285
æœ€åä¸€ä¸ªæ‰¹æ¬¡çš„è¾“å‡º, ä¸æ»¡batchsizeæ˜¯æ­£å¸¸çš„:
 tensor([[1.0000e+00],
        [9.5986e-01],
        [9.9753e-01],
        [1.8427e-05],
        [1.0000e+00],
        [2.1909e-06],
        [5.1738e-04],
        [1.5215e-03],
        [9.9739e-01],
        [9.9978e-01],
        [1.1212e-04],
        [3.7331e-02]], device='cuda:0', grad_fn=<SigmoidBackward0>)
Epoch [97/100], T_AUC: [4m0.9968[0m
Epoch [97/100], Loss: 43.5499
val_Accuracy: [92m0.7302[0m
val_Precision: [4;34m0.7376[0m,               val_Recall: [4;33m0.7001[0m,                 val_F1 Score: [4;35m0.7136[0m
æ ‡ç­¾é‡Œ1çš„ä¸ªæ•°:  430
æ ‡ç­¾é‡Œ0çš„ä¸ªæ•°:  430
æ€»æ•°:  860
æ­£ç¡®çš„ä¸ªæ•°:  628
Epoch [97/100], V_AUC: [4m0.7267[0m
Epoch [98/100], Loss: 2.8341
train_Accuracy: [91m0.9977[0m
train_Precision: [4;34m0.9978[0m,               train_Recall: [4;33m0.9976[0m,                 train_F1 Score: [4;35m0.9977[0m
æ ‡ç­¾é‡Œ1çš„ä¸ªæ•°:  2150
æ ‡ç­¾é‡Œ0çš„ä¸ªæ•°:  2150
æ€»æ•°:  4300
æ­£ç¡®çš„ä¸ªæ•°:  4290
æœ€åä¸€ä¸ªæ‰¹æ¬¡çš„è¾“å‡º, ä¸æ»¡batchsizeæ˜¯æ­£å¸¸çš„:
 tensor([[9.9999e-01],
        [9.9968e-01],
        [9.9911e-01],
        [4.8058e-07],
        [1.0000e+00],
        [3.5525e-06],
        [1.2441e-03],
        [8.9959e-04],
        [9.9663e-01],
        [9.9982e-01],
        [2.1741e-04],
        [4.0771e-02]], device='cuda:0', grad_fn=<SigmoidBackward0>)
Epoch [98/100], T_AUC: [4m0.9980[0m
Epoch [98/100], Loss: 43.9888
val_Accuracy: [92m0.7395[0m
val_Precision: [4;34m0.7473[0m,               val_Recall: [4;33m0.7027[0m,                 val_F1 Score: [4;35m0.7200[0m
æ ‡ç­¾é‡Œ1çš„ä¸ªæ•°:  430
æ ‡ç­¾é‡Œ0çš„ä¸ªæ•°:  430
æ€»æ•°:  860
æ­£ç¡®çš„ä¸ªæ•°:  636
Epoch [98/100], V_AUC: [4m0.7355[0m
Epoch [99/100], Loss: 2.4512
train_Accuracy: [91m0.9977[0m
train_Precision: [4;34m0.9983[0m,               train_Recall: [4;33m0.9976[0m,                 train_F1 Score: [4;35m0.9979[0m
æ ‡ç­¾é‡Œ1çš„ä¸ªæ•°:  2150
æ ‡ç­¾é‡Œ0çš„ä¸ªæ•°:  2150
æ€»æ•°:  4300
æ­£ç¡®çš„ä¸ªæ•°:  4290
æœ€åä¸€ä¸ªæ‰¹æ¬¡çš„è¾“å‡º, ä¸æ»¡batchsizeæ˜¯æ­£å¸¸çš„:
 tensor([[9.9999e-01],
        [9.9951e-01],
        [9.9852e-01],
        [4.7826e-07],
        [1.0000e+00],
        [4.7586e-06],
        [5.6996e-04],
        [1.3357e-03],
        [9.9892e-01],
        [9.9996e-01],
        [4.1681e-04],
        [9.4261e-03]], device='cuda:0', grad_fn=<SigmoidBackward0>)
Epoch [99/100], T_AUC: [4m0.9978[0m
Epoch [99/100], Loss: 44.3817
val_Accuracy: [92m0.7465[0m
val_Precision: [4;34m0.7523[0m,               val_Recall: [4;33m0.7160[0m,                 val_F1 Score: [4;35m0.7297[0m
æ ‡ç­¾é‡Œ1çš„ä¸ªæ•°:  430
æ ‡ç­¾é‡Œ0çš„ä¸ªæ•°:  430
æ€»æ•°:  860
æ­£ç¡®çš„ä¸ªæ•°:  642
Epoch [99/100], V_AUC: [4m0.7438[0m
Epoch [100/100], Loss: 2.1918
train_Accuracy: [91m0.9977[0m
train_Precision: [4;34m0.9972[0m,               train_Recall: [4;33m0.9984[0m,                 train_F1 Score: [4;35m0.9977[0m
æ ‡ç­¾é‡Œ1çš„ä¸ªæ•°:  2150
æ ‡ç­¾é‡Œ0çš„ä¸ªæ•°:  2150
æ€»æ•°:  4300
æ­£ç¡®çš„ä¸ªæ•°:  4290
æœ€åä¸€ä¸ªæ‰¹æ¬¡çš„è¾“å‡º, ä¸æ»¡batchsizeæ˜¯æ­£å¸¸çš„:
 tensor([[1.0000e+00],
        [9.9869e-01],
        [9.9858e-01],
        [5.1025e-07],
        [1.0000e+00],
        [3.3359e-06],
        [2.4927e-04],
        [1.2695e-03],
        [9.9780e-01],
        [9.9994e-01],
        [1.7579e-04],
        [2.7164e-02]], device='cuda:0', grad_fn=<SigmoidBackward0>)
Epoch [100/100], T_AUC: [4m0.9977[0m
Epoch [100/100], Loss: 47.7634
val_Accuracy: [92m0.7337[0m
val_Precision: [4;34m0.7443[0m,               val_Recall: [4;33m0.6952[0m,                 val_F1 Score: [4;35m0.7151[0m
æ ‡ç­¾é‡Œ1çš„ä¸ªæ•°:  430
æ ‡ç­¾é‡Œ0çš„ä¸ªæ•°:  430
æ€»æ•°:  860
æ­£ç¡®çš„ä¸ªæ•°:  631
Epoch [100/100], V_AUC: [4m0.7296[0m
ç¬¬0æ‰¹ç¬¬2ä¸ª, 100
ç¬¬0æ‰¹ç¬¬15ä¸ª, 100
ç¬¬1æ‰¹ç¬¬0ä¸ª, 100
ç¬¬1æ‰¹ç¬¬13ä¸ª, 100
ç¬¬1æ‰¹ç¬¬29ä¸ª, 100
send email successfully
