2024-06-24-21:05:25
1æ’åº128-0.5
åˆ›å»ºæ¨¡å‹å®ä¾‹
æ¨¡å‹å®ä¾‹åˆ›å»ºå®Œæˆ
åŠ è½½é¢„è®­ç»ƒå‚æ•°
é¢„è®­ç»ƒå‚æ•°åŠ è½½å®Œæˆ
Epoch [1/100], Loss: 60.2379
train_Accuracy: [91m0.8044[0m
train_Precision: [4;34m0.8299[0m,               train_Recall: [4;33m0.7744[0m,                 train_F1 Score: [4;35m0.7956[0m
æ ‡ç­¾é‡Œ1çš„ä¸ªæ•°:  2150
æ ‡ç­¾é‡Œ0çš„ä¸ªæ•°:  2150
æ€»æ•°:  4300
æ­£ç¡®çš„ä¸ªæ•°:  3459
æœ€åä¸€ä¸ªæ‰¹æ¬¡çš„è¾“å‡º, ä¸æ»¡batchsizeæ˜¯æ­£å¸¸çš„:
 tensor([[0.9010],
        [0.8340],
        [0.9598],
        [0.1609],
        [0.7638],
        [0.1798],
        [0.6066],
        [0.3509],
        [0.4074],
        [0.8862],
        [0.0345],
        [0.0601]], device='cuda:0', grad_fn=<SigmoidBackward0>)
Epoch [1/100], T_AUC: [4m0.8100[0m
Epoch [1/100], Loss: 13.4751
val_Accuracy: [92m0.7919[0m
val_Precision: [4;34m0.8124[0m,               val_Recall: [4;33m0.7500[0m,                 val_F1 Score: [4;35m0.7750[0m
æ ‡ç­¾é‡Œ1çš„ä¸ªæ•°:  430
æ ‡ç­¾é‡Œ0çš„ä¸ªæ•°:  430
æ€»æ•°:  860
æ­£ç¡®çš„ä¸ªæ•°:  681
Epoch [1/100], V_AUC: [4m0.7889[0m
Epoch [2/100], Loss: 58.0643
train_Accuracy: [91m0.8109[0m
train_Precision: [4;34m0.8329[0m,               train_Recall: [4;33m0.7882[0m,                 train_F1 Score: [4;35m0.8045[0m
æ ‡ç­¾é‡Œ1çš„ä¸ªæ•°:  2150
æ ‡ç­¾é‡Œ0çš„ä¸ªæ•°:  2150
æ€»æ•°:  4300
æ­£ç¡®çš„ä¸ªæ•°:  3487
æœ€åä¸€ä¸ªæ‰¹æ¬¡çš„è¾“å‡º, ä¸æ»¡batchsizeæ˜¯æ­£å¸¸çš„:
 tensor([[0.9016],
        [0.8385],
        [0.9677],
        [0.1640],
        [0.7403],
        [0.1474],
        [0.5570],
        [0.3903],
        [0.4859],
        [0.8990],
        [0.0431],
        [0.0549]], device='cuda:0', grad_fn=<SigmoidBackward0>)
Epoch [2/100], T_AUC: [4m0.8171[0m
Epoch [2/100], Loss: 13.5824
val_Accuracy: [92m0.7965[0m
val_Precision: [4;34m0.8092[0m,               val_Recall: [4;33m0.7633[0m,                 val_F1 Score: [4;35m0.7812[0m
æ ‡ç­¾é‡Œ1çš„ä¸ªæ•°:  430
æ ‡ç­¾é‡Œ0çš„ä¸ªæ•°:  430
æ€»æ•°:  860
æ­£ç¡®çš„ä¸ªæ•°:  685
Epoch [2/100], V_AUC: [4m0.7935[0m
Epoch [3/100], Loss: 57.2446
train_Accuracy: [91m0.8163[0m
train_Precision: [4;34m0.8408[0m,               train_Recall: [4;33m0.7915[0m,                 train_F1 Score: [4;35m0.8097[0m
æ ‡ç­¾é‡Œ1çš„ä¸ªæ•°:  2150
æ ‡ç­¾é‡Œ0çš„ä¸ªæ•°:  2150
æ€»æ•°:  4300
æ­£ç¡®çš„ä¸ªæ•°:  3510
æœ€åä¸€ä¸ªæ‰¹æ¬¡çš„è¾“å‡º, ä¸æ»¡batchsizeæ˜¯æ­£å¸¸çš„:
 tensor([[0.8846],
        [0.8317],
        [0.9789],
        [0.1776],
        [0.7588],
        [0.1257],
        [0.5260],
        [0.3356],
        [0.5497],
        [0.9123],
        [0.0413],
        [0.0573]], device='cuda:0', grad_fn=<SigmoidBackward0>)
Epoch [3/100], T_AUC: [4m0.8232[0m
Epoch [3/100], Loss: 13.6601
val_Accuracy: [92m0.7942[0m
val_Precision: [4;34m0.8067[0m,               val_Recall: [4;33m0.7664[0m,                 val_F1 Score: [4;35m0.7809[0m
æ ‡ç­¾é‡Œ1çš„ä¸ªæ•°:  430
æ ‡ç­¾é‡Œ0çš„ä¸ªæ•°:  430
æ€»æ•°:  860
æ­£ç¡®çš„ä¸ªæ•°:  683
Epoch [3/100], V_AUC: [4m0.7911[0m
Epoch [4/100], Loss: 56.9094
train_Accuracy: [91m0.8177[0m
train_Precision: [4;34m0.8423[0m,               train_Recall: [4;33m0.7920[0m,                 train_F1 Score: [4;35m0.8110[0m
æ ‡ç­¾é‡Œ1çš„ä¸ªæ•°:  2150
æ ‡ç­¾é‡Œ0çš„ä¸ªæ•°:  2150
æ€»æ•°:  4300
æ­£ç¡®çš„ä¸ªæ•°:  3516
æœ€åä¸€ä¸ªæ‰¹æ¬¡çš„è¾“å‡º, ä¸æ»¡batchsizeæ˜¯æ­£å¸¸çš„:
 tensor([[0.9067],
        [0.8487],
        [0.9702],
        [0.1378],
        [0.7998],
        [0.1375],
        [0.5640],
        [0.3377],
        [0.5690],
        [0.9192],
        [0.0347],
        [0.0566]], device='cuda:0', grad_fn=<SigmoidBackward0>)
Epoch [4/100], T_AUC: [4m0.8240[0m
Epoch [4/100], Loss: 13.6493
val_Accuracy: [92m0.7953[0m
val_Precision: [4;34m0.8093[0m,               val_Recall: [4;33m0.7612[0m,                 val_F1 Score: [4;35m0.7798[0m
æ ‡ç­¾é‡Œ1çš„ä¸ªæ•°:  430
æ ‡ç­¾é‡Œ0çš„ä¸ªæ•°:  430
æ€»æ•°:  860
æ­£ç¡®çš„ä¸ªæ•°:  684
Epoch [4/100], V_AUC: [4m0.7917[0m
Epoch [5/100], Loss: 56.2691
train_Accuracy: [91m0.8207[0m
train_Precision: [4;34m0.8429[0m,               train_Recall: [4;33m0.7999[0m,                 train_F1 Score: [4;35m0.8155[0m
æ ‡ç­¾é‡Œ1çš„ä¸ªæ•°:  2150
æ ‡ç­¾é‡Œ0çš„ä¸ªæ•°:  2150
æ€»æ•°:  4300
æ­£ç¡®çš„ä¸ªæ•°:  3529
æœ€åä¸€ä¸ªæ‰¹æ¬¡çš„è¾“å‡º, ä¸æ»¡batchsizeæ˜¯æ­£å¸¸çš„:
 tensor([[0.8720],
        [0.8383],
        [0.9809],
        [0.1581],
        [0.7819],
        [0.1106],
        [0.4741],
        [0.3483],
        [0.6345],
        [0.8838],
        [0.0577],
        [0.0610]], device='cuda:0', grad_fn=<SigmoidBackward0>)
Epoch [5/100], T_AUC: [4m0.8273[0m
Epoch [5/100], Loss: 13.8023
val_Accuracy: [92m0.7884[0m
val_Precision: [4;34m0.7996[0m,               val_Recall: [4;33m0.7591[0m,                 val_F1 Score: [4;35m0.7736[0m
æ ‡ç­¾é‡Œ1çš„ä¸ªæ•°:  430
æ ‡ç­¾é‡Œ0çš„ä¸ªæ•°:  430
æ€»æ•°:  860
æ­£ç¡®çš„ä¸ªæ•°:  678
Epoch [5/100], V_AUC: [4m0.7853[0m
Epoch [6/100], Loss: 55.6747
train_Accuracy: [91m0.8249[0m
train_Precision: [4;34m0.8452[0m,               train_Recall: [4;33m0.8051[0m,                 train_F1 Score: [4;35m0.8198[0m
æ ‡ç­¾é‡Œ1çš„ä¸ªæ•°:  2150
æ ‡ç­¾é‡Œ0çš„ä¸ªæ•°:  2150
æ€»æ•°:  4300
æ­£ç¡®çš„ä¸ªæ•°:  3547
æœ€åä¸€ä¸ªæ‰¹æ¬¡çš„è¾“å‡º, ä¸æ»¡batchsizeæ˜¯æ­£å¸¸çš„:
 tensor([[0.8887],
        [0.8259],
        [0.9819],
        [0.1179],
        [0.7856],
        [0.1253],
        [0.4432],
        [0.3715],
        [0.6713],
        [0.9003],
        [0.0547],
        [0.0532]], device='cuda:0', grad_fn=<SigmoidBackward0>)
Epoch [6/100], T_AUC: [4m0.8312[0m
Epoch [6/100], Loss: 14.2341
val_Accuracy: [92m0.7860[0m
val_Precision: [4;34m0.8022[0m,               val_Recall: [4;33m0.7501[0m,                 val_F1 Score: [4;35m0.7698[0m
æ ‡ç­¾é‡Œ1çš„ä¸ªæ•°:  430
æ ‡ç­¾é‡Œ0çš„ä¸ªæ•°:  430
æ€»æ•°:  860
æ­£ç¡®çš„ä¸ªæ•°:  676
Epoch [6/100], V_AUC: [4m0.7839[0m
Epoch [7/100], Loss: 55.4500
train_Accuracy: [91m0.8265[0m
train_Precision: [4;34m0.8484[0m,               train_Recall: [4;33m0.8038[0m,                 train_F1 Score: [4;35m0.8204[0m
æ ‡ç­¾é‡Œ1çš„ä¸ªæ•°:  2150
æ ‡ç­¾é‡Œ0çš„ä¸ªæ•°:  2150
æ€»æ•°:  4300
æ­£ç¡®çš„ä¸ªæ•°:  3554
æœ€åä¸€ä¸ªæ‰¹æ¬¡çš„è¾“å‡º, ä¸æ»¡batchsizeæ˜¯æ­£å¸¸çš„:
 tensor([[0.8477],
        [0.8354],
        [0.9826],
        [0.1265],
        [0.8275],
        [0.0994],
        [0.5082],
        [0.4008],
        [0.6438],
        [0.8807],
        [0.0472],
        [0.0662]], device='cuda:0', grad_fn=<SigmoidBackward0>)
Epoch [7/100], T_AUC: [4m0.8327[0m
Epoch [7/100], Loss: 13.9402
val_Accuracy: [92m0.7930[0m
val_Precision: [4;34m0.8037[0m,               val_Recall: [4;33m0.7627[0m,                 val_F1 Score: [4;35m0.7773[0m
æ ‡ç­¾é‡Œ1çš„ä¸ªæ•°:  430
æ ‡ç­¾é‡Œ0çš„ä¸ªæ•°:  430
æ€»æ•°:  860
æ­£ç¡®çš„ä¸ªæ•°:  682
Epoch [7/100], V_AUC: [4m0.7905[0m
Epoch [8/100], Loss: 54.8955
train_Accuracy: [91m0.8291[0m
train_Precision: [4;34m0.8504[0m,               train_Recall: [4;33m0.8094[0m,                 train_F1 Score: [4;35m0.8242[0m
æ ‡ç­¾é‡Œ1çš„ä¸ªæ•°:  2150
æ ‡ç­¾é‡Œ0çš„ä¸ªæ•°:  2150
æ€»æ•°:  4300
æ­£ç¡®çš„ä¸ªæ•°:  3565
æœ€åä¸€ä¸ªæ‰¹æ¬¡çš„è¾“å‡º, ä¸æ»¡batchsizeæ˜¯æ­£å¸¸çš„:
 tensor([[0.8543],
        [0.8860],
        [0.9660],
        [0.1511],
        [0.8647],
        [0.0935],
        [0.4761],
        [0.3485],
        [0.6715],
        [0.8926],
        [0.0435],
        [0.0664]], device='cuda:0', grad_fn=<SigmoidBackward0>)
Epoch [8/100], T_AUC: [4m0.8353[0m
Epoch [8/100], Loss: 14.2105
val_Accuracy: [92m0.7860[0m
val_Precision: [4;34m0.7944[0m,               val_Recall: [4;33m0.7612[0m,                 val_F1 Score: [4;35m0.7728[0m
æ ‡ç­¾é‡Œ1çš„ä¸ªæ•°:  430
æ ‡ç­¾é‡Œ0çš„ä¸ªæ•°:  430
æ€»æ•°:  860
æ­£ç¡®çš„ä¸ªæ•°:  676
Epoch [8/100], V_AUC: [4m0.7827[0m
Epoch [9/100], Loss: 54.1485
train_Accuracy: [91m0.8328[0m
train_Precision: [4;34m0.8555[0m,               train_Recall: [4;33m0.8110[0m,                 train_F1 Score: [4;35m0.8277[0m
æ ‡ç­¾é‡Œ1çš„ä¸ªæ•°:  2150
æ ‡ç­¾é‡Œ0çš„ä¸ªæ•°:  2150
æ€»æ•°:  4300
æ­£ç¡®çš„ä¸ªæ•°:  3581
æœ€åä¸€ä¸ªæ‰¹æ¬¡çš„è¾“å‡º, ä¸æ»¡batchsizeæ˜¯æ­£å¸¸çš„:
 tensor([[0.8594],
        [0.8991],
        [0.9725],
        [0.1007],
        [0.8669],
        [0.0897],
        [0.4443],
        [0.2971],
        [0.7371],
        [0.9075],
        [0.0592],
        [0.0526]], device='cuda:0', grad_fn=<SigmoidBackward0>)
Epoch [9/100], T_AUC: [4m0.8390[0m
Epoch [9/100], Loss: 14.7346
val_Accuracy: [92m0.7965[0m
val_Precision: [4;34m0.8203[0m,               val_Recall: [4;33m0.7479[0m,                 val_F1 Score: [4;35m0.7778[0m
æ ‡ç­¾é‡Œ1çš„ä¸ªæ•°:  430
æ ‡ç­¾é‡Œ0çš„ä¸ªæ•°:  430
æ€»æ•°:  860
æ­£ç¡®çš„ä¸ªæ•°:  685
Epoch [9/100], V_AUC: [4m0.7925[0m
Epoch [10/100], Loss: 53.8102
train_Accuracy: [91m0.8335[0m
train_Precision: [4;34m0.8518[0m,               train_Recall: [4;33m0.8164[0m,                 train_F1 Score: [4;35m0.8288[0m
æ ‡ç­¾é‡Œ1çš„ä¸ªæ•°:  2150
æ ‡ç­¾é‡Œ0çš„ä¸ªæ•°:  2150
æ€»æ•°:  4300
æ­£ç¡®çš„ä¸ªæ•°:  3584
æœ€åä¸€ä¸ªæ‰¹æ¬¡çš„è¾“å‡º, ä¸æ»¡batchsizeæ˜¯æ­£å¸¸çš„:
 tensor([[0.8969],
        [0.8687],
        [0.9822],
        [0.1101],
        [0.8602],
        [0.0618],
        [0.4598],
        [0.3956],
        [0.7297],
        [0.8879],
        [0.0448],
        [0.0497]], device='cuda:0', grad_fn=<SigmoidBackward0>)
Epoch [10/100], T_AUC: [4m0.8395[0m
Epoch [10/100], Loss: 14.6845
val_Accuracy: [92m0.7919[0m
val_Precision: [4;34m0.8002[0m,               val_Recall: [4;33m0.7644[0m,                 val_F1 Score: [4;35m0.7766[0m
æ ‡ç­¾é‡Œ1çš„ä¸ªæ•°:  430
æ ‡ç­¾é‡Œ0çš„ä¸ªæ•°:  430
æ€»æ•°:  860
æ­£ç¡®çš„ä¸ªæ•°:  681
Epoch [10/100], V_AUC: [4m0.7881[0m
Epoch [11/100], Loss: 52.8163
train_Accuracy: [91m0.8360[0m
train_Precision: [4;34m0.8564[0m,               train_Recall: [4;33m0.8172[0m,                 train_F1 Score: [4;35m0.8312[0m
æ ‡ç­¾é‡Œ1çš„ä¸ªæ•°:  2150
æ ‡ç­¾é‡Œ0çš„ä¸ªæ•°:  2150
æ€»æ•°:  4300
æ­£ç¡®çš„ä¸ªæ•°:  3595
æœ€åä¸€ä¸ªæ‰¹æ¬¡çš„è¾“å‡º, ä¸æ»¡batchsizeæ˜¯æ­£å¸¸çš„:
 tensor([[0.9042],
        [0.8626],
        [0.9842],
        [0.0980],
        [0.8430],
        [0.0521],
        [0.3938],
        [0.4011],
        [0.7681],
        [0.8874],
        [0.0456],
        [0.0722]], device='cuda:0', grad_fn=<SigmoidBackward0>)
Epoch [11/100], T_AUC: [4m0.8422[0m
Epoch [11/100], Loss: 14.9329
val_Accuracy: [92m0.7953[0m
val_Precision: [4;34m0.8075[0m,               val_Recall: [4;33m0.7621[0m,                 val_F1 Score: [4;35m0.7790[0m
æ ‡ç­¾é‡Œ1çš„ä¸ªæ•°:  430
æ ‡ç­¾é‡Œ0çš„ä¸ªæ•°:  430
æ€»æ•°:  860
æ­£ç¡®çš„ä¸ªæ•°:  684
Epoch [11/100], V_AUC: [4m0.7921[0m
Epoch [12/100], Loss: 52.0735
train_Accuracy: [91m0.8391[0m
train_Precision: [4;34m0.8571[0m,               train_Recall: [4;33m0.8223[0m,                 train_F1 Score: [4;35m0.8345[0m
æ ‡ç­¾é‡Œ1çš„ä¸ªæ•°:  2150
æ ‡ç­¾é‡Œ0çš„ä¸ªæ•°:  2150
æ€»æ•°:  4300
æ­£ç¡®çš„ä¸ªæ•°:  3608
æœ€åä¸€ä¸ªæ‰¹æ¬¡çš„è¾“å‡º, ä¸æ»¡batchsizeæ˜¯æ­£å¸¸çš„:
 tensor([[0.9240],
        [0.8730],
        [0.9934],
        [0.0932],
        [0.8310],
        [0.0620],
        [0.4249],
        [0.2712],
        [0.7001],
        [0.9152],
        [0.0226],
        [0.0614]], device='cuda:0', grad_fn=<SigmoidBackward0>)
Epoch [12/100], T_AUC: [4m0.8450[0m
Epoch [12/100], Loss: 15.7042
val_Accuracy: [92m0.7930[0m
val_Precision: [4;34m0.8082[0m,               val_Recall: [4;33m0.7557[0m,                 val_F1 Score: [4;35m0.7764[0m
æ ‡ç­¾é‡Œ1çš„ä¸ªæ•°:  430
æ ‡ç­¾é‡Œ0çš„ä¸ªæ•°:  430
æ€»æ•°:  860
æ­£ç¡®çš„ä¸ªæ•°:  682
Epoch [12/100], V_AUC: [4m0.7894[0m
Epoch [13/100], Loss: 51.9078
train_Accuracy: [91m0.8393[0m
train_Precision: [4;34m0.8623[0m,               train_Recall: [4;33m0.8155[0m,                 train_F1 Score: [4;35m0.8335[0m
æ ‡ç­¾é‡Œ1çš„ä¸ªæ•°:  2150
æ ‡ç­¾é‡Œ0çš„ä¸ªæ•°:  2150
æ€»æ•°:  4300
æ­£ç¡®çš„ä¸ªæ•°:  3609
æœ€åä¸€ä¸ªæ‰¹æ¬¡çš„è¾“å‡º, ä¸æ»¡batchsizeæ˜¯æ­£å¸¸çš„:
 tensor([[0.9016],
        [0.8731],
        [0.9909],
        [0.1076],
        [0.8527],
        [0.0531],
        [0.3349],
        [0.3990],
        [0.8046],
        [0.8724],
        [0.0328],
        [0.0561]], device='cuda:0', grad_fn=<SigmoidBackward0>)
Epoch [13/100], T_AUC: [4m0.8450[0m
Epoch [13/100], Loss: 15.2584
val_Accuracy: [92m0.7837[0m
val_Precision: [4;34m0.7953[0m,               val_Recall: [4;33m0.7519[0m,                 val_F1 Score: [4;35m0.7683[0m
æ ‡ç­¾é‡Œ1çš„ä¸ªæ•°:  430
æ ‡ç­¾é‡Œ0çš„ä¸ªæ•°:  430
æ€»æ•°:  860
æ­£ç¡®çš„ä¸ªæ•°:  674
Epoch [13/100], V_AUC: [4m0.7809[0m
Epoch [14/100], Loss: 50.7299
train_Accuracy: [91m0.8442[0m
train_Precision: [4;34m0.8619[0m,               train_Recall: [4;33m0.8280[0m,                 train_F1 Score: [4;35m0.8398[0m
æ ‡ç­¾é‡Œ1çš„ä¸ªæ•°:  2150
æ ‡ç­¾é‡Œ0çš„ä¸ªæ•°:  2150
æ€»æ•°:  4300
æ­£ç¡®çš„ä¸ªæ•°:  3630
æœ€åä¸€ä¸ªæ‰¹æ¬¡çš„è¾“å‡º, ä¸æ»¡batchsizeæ˜¯æ­£å¸¸çš„:
 tensor([[0.8846],
        [0.8658],
        [0.9956],
        [0.1120],
        [0.8574],
        [0.0718],
        [0.2574],
        [0.3013],
        [0.7481],
        [0.8798],
        [0.0368],
        [0.0613]], device='cuda:0', grad_fn=<SigmoidBackward0>)
Epoch [14/100], T_AUC: [4m0.8502[0m
Epoch [14/100], Loss: 15.5447
val_Accuracy: [92m0.7919[0m
val_Precision: [4;34m0.8077[0m,               val_Recall: [4;33m0.7541[0m,                 val_F1 Score: [4;35m0.7750[0m
æ ‡ç­¾é‡Œ1çš„ä¸ªæ•°:  430
æ ‡ç­¾é‡Œ0çš„ä¸ªæ•°:  430
æ€»æ•°:  860
æ­£ç¡®çš„ä¸ªæ•°:  681
Epoch [14/100], V_AUC: [4m0.7890[0m
Epoch [15/100], Loss: 50.1385
train_Accuracy: [91m0.8442[0m
train_Precision: [4;34m0.8647[0m,               train_Recall: [4;33m0.8256[0m,                 train_F1 Score: [4;35m0.8396[0m
æ ‡ç­¾é‡Œ1çš„ä¸ªæ•°:  2150
æ ‡ç­¾é‡Œ0çš„ä¸ªæ•°:  2150
æ€»æ•°:  4300
æ­£ç¡®çš„ä¸ªæ•°:  3630
æœ€åä¸€ä¸ªæ‰¹æ¬¡çš„è¾“å‡º, ä¸æ»¡batchsizeæ˜¯æ­£å¸¸çš„:
 tensor([[0.8885],
        [0.9016],
        [0.9953],
        [0.0929],
        [0.8599],
        [0.0486],
        [0.1802],
        [0.2158],
        [0.7682],
        [0.9256],
        [0.0545],
        [0.0838]], device='cuda:0', grad_fn=<SigmoidBackward0>)
Epoch [15/100], T_AUC: [4m0.8504[0m
Epoch [15/100], Loss: 15.7363
val_Accuracy: [92m0.7860[0m
val_Precision: [4;34m0.8068[0m,               val_Recall: [4;33m0.7434[0m,                 val_F1 Score: [4;35m0.7690[0m
æ ‡ç­¾é‡Œ1çš„ä¸ªæ•°:  430
æ ‡ç­¾é‡Œ0çš„ä¸ªæ•°:  430
æ€»æ•°:  860
æ­£ç¡®çš„ä¸ªæ•°:  676
Epoch [15/100], V_AUC: [4m0.7832[0m
Epoch [16/100], Loss: 49.3717
train_Accuracy: [91m0.8514[0m
train_Precision: [4;34m0.8716[0m,               train_Recall: [4;33m0.8335[0m,                 train_F1 Score: [4;35m0.8472[0m
æ ‡ç­¾é‡Œ1çš„ä¸ªæ•°:  2150
æ ‡ç­¾é‡Œ0çš„ä¸ªæ•°:  2150
æ€»æ•°:  4300
æ­£ç¡®çš„ä¸ªæ•°:  3661
æœ€åä¸€ä¸ªæ‰¹æ¬¡çš„è¾“å‡º, ä¸æ»¡batchsizeæ˜¯æ­£å¸¸çš„:
 tensor([[0.8748],
        [0.8848],
        [0.9921],
        [0.1086],
        [0.8723],
        [0.0549],
        [0.2980],
        [0.3102],
        [0.7370],
        [0.8577],
        [0.0804],
        [0.0683]], device='cuda:0', grad_fn=<SigmoidBackward0>)
Epoch [16/100], T_AUC: [4m0.8573[0m
Epoch [16/100], Loss: 15.8623
val_Accuracy: [92m0.7779[0m
val_Precision: [4;34m0.7857[0m,               val_Recall: [4;33m0.7519[0m,                 val_F1 Score: [4;35m0.7643[0m
æ ‡ç­¾é‡Œ1çš„ä¸ªæ•°:  430
æ ‡ç­¾é‡Œ0çš„ä¸ªæ•°:  430
æ€»æ•°:  860
æ­£ç¡®çš„ä¸ªæ•°:  669
Epoch [16/100], V_AUC: [4m0.7752[0m
Epoch [17/100], Loss: 48.5466
train_Accuracy: [91m0.8505[0m
train_Precision: [4;34m0.8697[0m,               train_Recall: [4;33m0.8324[0m,                 train_F1 Score: [4;35m0.8463[0m
æ ‡ç­¾é‡Œ1çš„ä¸ªæ•°:  2150
æ ‡ç­¾é‡Œ0çš„ä¸ªæ•°:  2150
æ€»æ•°:  4300
æ­£ç¡®çš„ä¸ªæ•°:  3657
æœ€åä¸€ä¸ªæ‰¹æ¬¡çš„è¾“å‡º, ä¸æ»¡batchsizeæ˜¯æ­£å¸¸çš„:
 tensor([[0.9117],
        [0.8983],
        [0.9942],
        [0.0945],
        [0.8852],
        [0.0489],
        [0.1677],
        [0.2009],
        [0.8395],
        [0.9318],
        [0.0283],
        [0.1036]], device='cuda:0', grad_fn=<SigmoidBackward0>)
Epoch [17/100], T_AUC: [4m0.8561[0m
Epoch [17/100], Loss: 16.2663
val_Accuracy: [92m0.7814[0m
val_Precision: [4;34m0.7929[0m,               val_Recall: [4;33m0.7490[0m,                 val_F1 Score: [4;35m0.7657[0m
æ ‡ç­¾é‡Œ1çš„ä¸ªæ•°:  430
æ ‡ç­¾é‡Œ0çš„ä¸ªæ•°:  430
æ€»æ•°:  860
æ­£ç¡®çš„ä¸ªæ•°:  672
Epoch [17/100], V_AUC: [4m0.7782[0m
Epoch [18/100], Loss: 47.7927
train_Accuracy: [91m0.8563[0m
train_Precision: [4;34m0.8732[0m,               train_Recall: [4;33m0.8413[0m,                 train_F1 Score: [4;35m0.8531[0m
æ ‡ç­¾é‡Œ1çš„ä¸ªæ•°:  2150
æ ‡ç­¾é‡Œ0çš„ä¸ªæ•°:  2150
æ€»æ•°:  4300
æ­£ç¡®çš„ä¸ªæ•°:  3682
æœ€åä¸€ä¸ªæ‰¹æ¬¡çš„è¾“å‡º, ä¸æ»¡batchsizeæ˜¯æ­£å¸¸çš„:
 tensor([[0.8971],
        [0.8964],
        [0.9901],
        [0.1204],
        [0.8516],
        [0.0346],
        [0.0653],
        [0.2183],
        [0.8558],
        [0.9260],
        [0.1414],
        [0.1045]], device='cuda:0', grad_fn=<SigmoidBackward0>)
Epoch [18/100], T_AUC: [4m0.8616[0m
Epoch [18/100], Loss: 15.7367
val_Accuracy: [92m0.7756[0m
val_Precision: [4;34m0.7955[0m,               val_Recall: [4;33m0.7282[0m,                 val_F1 Score: [4;35m0.7555[0m
æ ‡ç­¾é‡Œ1çš„ä¸ªæ•°:  430
æ ‡ç­¾é‡Œ0çš„ä¸ªæ•°:  430
æ€»æ•°:  860
æ­£ç¡®çš„ä¸ªæ•°:  667
Epoch [18/100], V_AUC: [4m0.7719[0m
Epoch [19/100], Loss: 47.5359
train_Accuracy: [91m0.8535[0m
train_Precision: [4;34m0.8731[0m,               train_Recall: [4;33m0.8348[0m,                 train_F1 Score: [4;35m0.8492[0m
æ ‡ç­¾é‡Œ1çš„ä¸ªæ•°:  2150
æ ‡ç­¾é‡Œ0çš„ä¸ªæ•°:  2150
æ€»æ•°:  4300
æ­£ç¡®çš„ä¸ªæ•°:  3670
æœ€åä¸€ä¸ªæ‰¹æ¬¡çš„è¾“å‡º, ä¸æ»¡batchsizeæ˜¯æ­£å¸¸çš„:
 tensor([[0.8839],
        [0.9208],
        [0.9889],
        [0.1081],
        [0.9223],
        [0.0259],
        [0.0540],
        [0.2978],
        [0.8674],
        [0.9563],
        [0.0866],
        [0.0697]], device='cuda:0', grad_fn=<SigmoidBackward0>)
Epoch [19/100], T_AUC: [4m0.8590[0m
Epoch [19/100], Loss: 16.8548
val_Accuracy: [92m0.7814[0m
val_Precision: [4;34m0.8039[0m,               val_Recall: [4;33m0.7334[0m,                 val_F1 Score: [4;35m0.7626[0m
æ ‡ç­¾é‡Œ1çš„ä¸ªæ•°:  430
æ ‡ç­¾é‡Œ0çš„ä¸ªæ•°:  430
æ€»æ•°:  860
æ­£ç¡®çš„ä¸ªæ•°:  672
Epoch [19/100], V_AUC: [4m0.7779[0m
Epoch [20/100], Loss: 45.9681
train_Accuracy: [91m0.8586[0m
train_Precision: [4;34m0.8756[0m,               train_Recall: [4;33m0.8449[0m,                 train_F1 Score: [4;35m0.8554[0m
æ ‡ç­¾é‡Œ1çš„ä¸ªæ•°:  2150
æ ‡ç­¾é‡Œ0çš„ä¸ªæ•°:  2150
æ€»æ•°:  4300
æ­£ç¡®çš„ä¸ªæ•°:  3692
æœ€åä¸€ä¸ªæ‰¹æ¬¡çš„è¾“å‡º, ä¸æ»¡batchsizeæ˜¯æ­£å¸¸çš„:
 tensor([[0.9097],
        [0.9516],
        [0.9942],
        [0.0482],
        [0.9046],
        [0.0227],
        [0.0988],
        [0.2435],
        [0.9117],
        [0.9198],
        [0.0868],
        [0.0400]], device='cuda:0', grad_fn=<SigmoidBackward0>)
Epoch [20/100], T_AUC: [4m0.8645[0m
Epoch [20/100], Loss: 16.7814
val_Accuracy: [92m0.7767[0m
val_Precision: [4;34m0.7890[0m,               val_Recall: [4;33m0.7444[0m,                 val_F1 Score: [4;35m0.7622[0m
æ ‡ç­¾é‡Œ1çš„ä¸ªæ•°:  430
æ ‡ç­¾é‡Œ0çš„ä¸ªæ•°:  430
æ€»æ•°:  860
æ­£ç¡®çš„ä¸ªæ•°:  668
Epoch [20/100], V_AUC: [4m0.7740[0m
Epoch [21/100], Loss: 44.7505
train_Accuracy: [91m0.8667[0m
train_Precision: [4;34m0.8821[0m,               train_Recall: [4;33m0.8554[0m,                 train_F1 Score: [4;35m0.8646[0m
æ ‡ç­¾é‡Œ1çš„ä¸ªæ•°:  2150
æ ‡ç­¾é‡Œ0çš„ä¸ªæ•°:  2150
æ€»æ•°:  4300
æ­£ç¡®çš„ä¸ªæ•°:  3727
æœ€åä¸€ä¸ªæ‰¹æ¬¡çš„è¾“å‡º, ä¸æ»¡batchsizeæ˜¯æ­£å¸¸çš„:
 tensor([[0.8906],
        [0.9265],
        [0.9878],
        [0.0402],
        [0.9776],
        [0.0220],
        [0.0772],
        [0.1747],
        [0.8410],
        [0.9450],
        [0.1089],
        [0.0880]], device='cuda:0', grad_fn=<SigmoidBackward0>)
Epoch [21/100], T_AUC: [4m0.8720[0m
Epoch [21/100], Loss: 16.3715
val_Accuracy: [92m0.7837[0m
val_Precision: [4;34m0.7996[0m,               val_Recall: [4;33m0.7446[0m,                 val_F1 Score: [4;35m0.7672[0m
æ ‡ç­¾é‡Œ1çš„ä¸ªæ•°:  430
æ ‡ç­¾é‡Œ0çš„ä¸ªæ•°:  430
æ€»æ•°:  860
æ­£ç¡®çš„ä¸ªæ•°:  674
Epoch [21/100], V_AUC: [4m0.7798[0m
Epoch [22/100], Loss: 43.8728
train_Accuracy: [91m0.8688[0m
train_Precision: [4;34m0.8860[0m,               train_Recall: [4;33m0.8549[0m,                 train_F1 Score: [4;35m0.8660[0m
æ ‡ç­¾é‡Œ1çš„ä¸ªæ•°:  2150
æ ‡ç­¾é‡Œ0çš„ä¸ªæ•°:  2150
æ€»æ•°:  4300
æ­£ç¡®çš„ä¸ªæ•°:  3736
æœ€åä¸€ä¸ªæ‰¹æ¬¡çš„è¾“å‡º, ä¸æ»¡batchsizeæ˜¯æ­£å¸¸çš„:
 tensor([[0.8611],
        [0.9443],
        [0.9922],
        [0.0311],
        [0.9679],
        [0.0277],
        [0.0376],
        [0.1844],
        [0.8803],
        [0.9576],
        [0.1571],
        [0.0745]], device='cuda:0', grad_fn=<SigmoidBackward0>)
Epoch [22/100], T_AUC: [4m0.8750[0m
Epoch [22/100], Loss: 16.4486
val_Accuracy: [92m0.7802[0m
val_Precision: [4;34m0.7931[0m,               val_Recall: [4;33m0.7496[0m,                 val_F1 Score: [4;35m0.7657[0m
æ ‡ç­¾é‡Œ1çš„ä¸ªæ•°:  430
æ ‡ç­¾é‡Œ0çš„ä¸ªæ•°:  430
æ€»æ•°:  860
æ­£ç¡®çš„ä¸ªæ•°:  671
Epoch [22/100], V_AUC: [4m0.7763[0m
Epoch [23/100], Loss: 43.3139
train_Accuracy: [91m0.8681[0m
train_Precision: [4;34m0.8835[0m,               train_Recall: [4;33m0.8568[0m,                 train_F1 Score: [4;35m0.8655[0m
æ ‡ç­¾é‡Œ1çš„ä¸ªæ•°:  2150
æ ‡ç­¾é‡Œ0çš„ä¸ªæ•°:  2150
æ€»æ•°:  4300
æ­£ç¡®çš„ä¸ªæ•°:  3733
æœ€åä¸€ä¸ªæ‰¹æ¬¡çš„è¾“å‡º, ä¸æ»¡batchsizeæ˜¯æ­£å¸¸çš„:
 tensor([[0.8372],
        [0.9562],
        [0.9949],
        [0.0411],
        [0.9851],
        [0.0112],
        [0.1147],
        [0.1324],
        [0.9118],
        [0.8981],
        [0.0604],
        [0.0914]], device='cuda:0', grad_fn=<SigmoidBackward0>)
Epoch [23/100], T_AUC: [4m0.8737[0m
Epoch [23/100], Loss: 17.2487
val_Accuracy: [92m0.7814[0m
val_Precision: [4;34m0.7857[0m,               val_Recall: [4;33m0.7619[0m,                 val_F1 Score: [4;35m0.7686[0m
æ ‡ç­¾é‡Œ1çš„ä¸ªæ•°:  430
æ ‡ç­¾é‡Œ0çš„ä¸ªæ•°:  430
æ€»æ•°:  860
æ­£ç¡®çš„ä¸ªæ•°:  672
Epoch [23/100], V_AUC: [4m0.7764[0m
Epoch [24/100], Loss: 42.7829
train_Accuracy: [91m0.8728[0m
train_Precision: [4;34m0.8917[0m,               train_Recall: [4;33m0.8566[0m,                 train_F1 Score: [4;35m0.8696[0m
æ ‡ç­¾é‡Œ1çš„ä¸ªæ•°:  2150
æ ‡ç­¾é‡Œ0çš„ä¸ªæ•°:  2150
æ€»æ•°:  4300
æ­£ç¡®çš„ä¸ªæ•°:  3753
æœ€åä¸€ä¸ªæ‰¹æ¬¡çš„è¾“å‡º, ä¸æ»¡batchsizeæ˜¯æ­£å¸¸çš„:
 tensor([[0.8125],
        [0.9562],
        [0.9956],
        [0.0219],
        [0.9841],
        [0.0176],
        [0.0307],
        [0.1467],
        [0.8765],
        [0.9670],
        [0.1037],
        [0.0869]], device='cuda:0', grad_fn=<SigmoidBackward0>)
Epoch [24/100], T_AUC: [4m0.8784[0m
Epoch [24/100], Loss: 17.7264
val_Accuracy: [92m0.7744[0m
val_Precision: [4;34m0.7822[0m,               val_Recall: [4;33m0.7456[0m,                 val_F1 Score: [4;35m0.7581[0m
æ ‡ç­¾é‡Œ1çš„ä¸ªæ•°:  430
æ ‡ç­¾é‡Œ0çš„ä¸ªæ•°:  430
æ€»æ•°:  860
æ­£ç¡®çš„ä¸ªæ•°:  666
Epoch [24/100], V_AUC: [4m0.7706[0m
Epoch [25/100], Loss: 41.9356
train_Accuracy: [91m0.8772[0m
train_Precision: [4;34m0.8920[0m,               train_Recall: [4;33m0.8662[0m,                 train_F1 Score: [4;35m0.8749[0m
æ ‡ç­¾é‡Œ1çš„ä¸ªæ•°:  2150
æ ‡ç­¾é‡Œ0çš„ä¸ªæ•°:  2150
æ€»æ•°:  4300
æ­£ç¡®çš„ä¸ªæ•°:  3772
æœ€åä¸€ä¸ªæ‰¹æ¬¡çš„è¾“å‡º, ä¸æ»¡batchsizeæ˜¯æ­£å¸¸çš„:
 tensor([[0.9394],
        [0.9759],
        [0.9970],
        [0.0585],
        [0.9049],
        [0.0039],
        [0.2258],
        [0.2044],
        [0.5266],
        [0.9642],
        [0.0749],
        [0.0872]], device='cuda:0', grad_fn=<SigmoidBackward0>)
Epoch [25/100], T_AUC: [4m0.8822[0m
Epoch [25/100], Loss: 18.8371
val_Accuracy: [92m0.7674[0m
val_Precision: [4;34m0.7686[0m,               val_Recall: [4;33m0.7486[0m,                 val_F1 Score: [4;35m0.7530[0m
æ ‡ç­¾é‡Œ1çš„ä¸ªæ•°:  430
æ ‡ç­¾é‡Œ0çš„ä¸ªæ•°:  430
æ€»æ•°:  860
æ­£ç¡®çš„ä¸ªæ•°:  660
Epoch [25/100], V_AUC: [4m0.7627[0m
Epoch [26/100], Loss: 40.5161
train_Accuracy: [91m0.8819[0m
train_Precision: [4;34m0.9003[0m,               train_Recall: [4;33m0.8651[0m,                 train_F1 Score: [4;35m0.8789[0m
æ ‡ç­¾é‡Œ1çš„ä¸ªæ•°:  2150
æ ‡ç­¾é‡Œ0çš„ä¸ªæ•°:  2150
æ€»æ•°:  4300
æ­£ç¡®çš„ä¸ªæ•°:  3792
æœ€åä¸€ä¸ªæ‰¹æ¬¡çš„è¾“å‡º, ä¸æ»¡batchsizeæ˜¯æ­£å¸¸çš„:
 tensor([[0.9369],
        [0.9752],
        [0.9848],
        [0.0425],
        [0.9785],
        [0.0076],
        [0.0185],
        [0.1815],
        [0.8294],
        [0.9775],
        [0.1064],
        [0.1188]], device='cuda:0', grad_fn=<SigmoidBackward0>)
Epoch [26/100], T_AUC: [4m0.8861[0m
Epoch [26/100], Loss: 18.6591
val_Accuracy: [92m0.7674[0m
val_Precision: [4;34m0.7696[0m,               val_Recall: [4;33m0.7474[0m,                 val_F1 Score: [4;35m0.7532[0m
æ ‡ç­¾é‡Œ1çš„ä¸ªæ•°:  430
æ ‡ç­¾é‡Œ0çš„ä¸ªæ•°:  430
æ€»æ•°:  860
æ­£ç¡®çš„ä¸ªæ•°:  660
Epoch [26/100], V_AUC: [4m0.7637[0m
Epoch [27/100], Loss: 38.8554
train_Accuracy: [91m0.8872[0m
train_Precision: [4;34m0.9040[0m,               train_Recall: [4;33m0.8735[0m,                 train_F1 Score: [4;35m0.8844[0m
æ ‡ç­¾é‡Œ1çš„ä¸ªæ•°:  2150
æ ‡ç­¾é‡Œ0çš„ä¸ªæ•°:  2150
æ€»æ•°:  4300
æ­£ç¡®çš„ä¸ªæ•°:  3815
æœ€åä¸€ä¸ªæ‰¹æ¬¡çš„è¾“å‡º, ä¸æ»¡batchsizeæ˜¯æ­£å¸¸çš„:
 tensor([[0.9833],
        [0.9665],
        [0.9936],
        [0.0605],
        [0.9299],
        [0.0044],
        [0.0252],
        [0.1205],
        [0.8360],
        [0.9830],
        [0.0498],
        [0.1242]], device='cuda:0', grad_fn=<SigmoidBackward0>)
Epoch [27/100], T_AUC: [4m0.8923[0m
Epoch [27/100], Loss: 18.2634
val_Accuracy: [92m0.7756[0m
val_Precision: [4;34m0.7904[0m,               val_Recall: [4;33m0.7372[0m,                 val_F1 Score: [4;35m0.7575[0m
æ ‡ç­¾é‡Œ1çš„ä¸ªæ•°:  430
æ ‡ç­¾é‡Œ0çš„ä¸ªæ•°:  430
æ€»æ•°:  860
æ­£ç¡®çš„ä¸ªæ•°:  667
Epoch [27/100], V_AUC: [4m0.7711[0m
Epoch [28/100], Loss: 37.9704
train_Accuracy: [91m0.8912[0m
train_Precision: [4;34m0.9046[0m,               train_Recall: [4;33m0.8791[0m,                 train_F1 Score: [4;35m0.8880[0m
æ ‡ç­¾é‡Œ1çš„ä¸ªæ•°:  2150
æ ‡ç­¾é‡Œ0çš„ä¸ªæ•°:  2150
æ€»æ•°:  4300
æ­£ç¡®çš„ä¸ªæ•°:  3832
æœ€åä¸€ä¸ªæ‰¹æ¬¡çš„è¾“å‡º, ä¸æ»¡batchsizeæ˜¯æ­£å¸¸çš„:
 tensor([[0.9873],
        [0.9225],
        [0.9781],
        [0.0295],
        [0.9971],
        [0.0036],
        [0.0206],
        [0.1501],
        [0.8708],
        [0.9851],
        [0.0199],
        [0.1069]], device='cuda:0', grad_fn=<SigmoidBackward0>)
Epoch [28/100], T_AUC: [4m0.8960[0m
Epoch [28/100], Loss: 19.0462
val_Accuracy: [92m0.7733[0m
val_Precision: [4;34m0.7897[0m,               val_Recall: [4;33m0.7301[0m,                 val_F1 Score: [4;35m0.7529[0m
æ ‡ç­¾é‡Œ1çš„ä¸ªæ•°:  430
æ ‡ç­¾é‡Œ0çš„ä¸ªæ•°:  430
æ€»æ•°:  860
æ­£ç¡®çš„ä¸ªæ•°:  665
Epoch [28/100], V_AUC: [4m0.7701[0m
Epoch [29/100], Loss: 37.7156
train_Accuracy: [91m0.8895[0m
train_Precision: [4;34m0.9053[0m,               train_Recall: [4;33m0.8758[0m,                 train_F1 Score: [4;35m0.8867[0m
æ ‡ç­¾é‡Œ1çš„ä¸ªæ•°:  2150
æ ‡ç­¾é‡Œ0çš„ä¸ªæ•°:  2150
æ€»æ•°:  4300
æ­£ç¡®çš„ä¸ªæ•°:  3825
æœ€åä¸€ä¸ªæ‰¹æ¬¡çš„è¾“å‡º, ä¸æ»¡batchsizeæ˜¯æ­£å¸¸çš„:
 tensor([[0.9529],
        [0.9344],
        [0.9883],
        [0.0059],
        [0.9897],
        [0.0026],
        [0.1724],
        [0.0931],
        [0.9253],
        [0.9615],
        [0.1500],
        [0.1567]], device='cuda:0', grad_fn=<SigmoidBackward0>)
Epoch [29/100], T_AUC: [4m0.8943[0m
Epoch [29/100], Loss: 18.5146
val_Accuracy: [92m0.7698[0m
val_Precision: [4;34m0.7909[0m,               val_Recall: [4;33m0.7177[0m,                 val_F1 Score: [4;35m0.7477[0m
æ ‡ç­¾é‡Œ1çš„ä¸ªæ•°:  430
æ ‡ç­¾é‡Œ0çš„ä¸ªæ•°:  430
æ€»æ•°:  860
æ­£ç¡®çš„ä¸ªæ•°:  662
Epoch [29/100], V_AUC: [4m0.7664[0m
Epoch [30/100], Loss: 37.5289
train_Accuracy: [91m0.8884[0m
train_Precision: [4;34m0.9057[0m,               train_Recall: [4;33m0.8727[0m,                 train_F1 Score: [4;35m0.8854[0m
æ ‡ç­¾é‡Œ1çš„ä¸ªæ•°:  2150
æ ‡ç­¾é‡Œ0çš„ä¸ªæ•°:  2150
æ€»æ•°:  4300
æ­£ç¡®çš„ä¸ªæ•°:  3820
æœ€åä¸€ä¸ªæ‰¹æ¬¡çš„è¾“å‡º, ä¸æ»¡batchsizeæ˜¯æ­£å¸¸çš„:
 tensor([[0.9824],
        [0.8351],
        [0.9946],
        [0.0060],
        [0.9935],
        [0.0011],
        [0.0372],
        [0.2348],
        [0.9752],
        [0.9670],
        [0.0552],
        [0.2322]], device='cuda:0', grad_fn=<SigmoidBackward0>)
Epoch [30/100], T_AUC: [4m0.8931[0m
Epoch [30/100], Loss: 20.3813
val_Accuracy: [92m0.7756[0m
val_Precision: [4;34m0.7729[0m,               val_Recall: [4;33m0.7638[0m,                 val_F1 Score: [4;35m0.7630[0m
æ ‡ç­¾é‡Œ1çš„ä¸ªæ•°:  430
æ ‡ç­¾é‡Œ0çš„ä¸ªæ•°:  430
æ€»æ•°:  860
æ­£ç¡®çš„ä¸ªæ•°:  667
Epoch [30/100], V_AUC: [4m0.7711[0m
Epoch [31/100], Loss: 36.7054
train_Accuracy: [91m0.8905[0m
train_Precision: [4;34m0.9022[0m,               train_Recall: [4;33m0.8812[0m,                 train_F1 Score: [4;35m0.8877[0m
æ ‡ç­¾é‡Œ1çš„ä¸ªæ•°:  2150
æ ‡ç­¾é‡Œ0çš„ä¸ªæ•°:  2150
æ€»æ•°:  4300
æ­£ç¡®çš„ä¸ªæ•°:  3829
æœ€åä¸€ä¸ªæ‰¹æ¬¡çš„è¾“å‡º, ä¸æ»¡batchsizeæ˜¯æ­£å¸¸çš„:
 tensor([[0.9778],
        [0.8172],
        [0.9910],
        [0.0099],
        [0.9955],
        [0.0098],
        [0.0800],
        [0.1371],
        [0.9063],
        [0.9590],
        [0.0242],
        [0.2032]], device='cuda:0', grad_fn=<SigmoidBackward0>)
Epoch [31/100], T_AUC: [4m0.8958[0m
Epoch [31/100], Loss: 18.2998
val_Accuracy: [92m0.7756[0m
val_Precision: [4;34m0.7793[0m,               val_Recall: [4;33m0.7526[0m,                 val_F1 Score: [4;35m0.7625[0m
æ ‡ç­¾é‡Œ1çš„ä¸ªæ•°:  430
æ ‡ç­¾é‡Œ0çš„ä¸ªæ•°:  430
æ€»æ•°:  860
æ­£ç¡®çš„ä¸ªæ•°:  667
Epoch [31/100], V_AUC: [4m0.7714[0m
Epoch [32/100], Loss: 35.7012
train_Accuracy: [91m0.8940[0m
train_Precision: [4;34m0.9090[0m,               train_Recall: [4;33m0.8822[0m,                 train_F1 Score: [4;35m0.8914[0m
æ ‡ç­¾é‡Œ1çš„ä¸ªæ•°:  2150
æ ‡ç­¾é‡Œ0çš„ä¸ªæ•°:  2150
æ€»æ•°:  4300
æ­£ç¡®çš„ä¸ªæ•°:  3844
æœ€åä¸€ä¸ªæ‰¹æ¬¡çš„è¾“å‡º, ä¸æ»¡batchsizeæ˜¯æ­£å¸¸çš„:
 tensor([[0.9774],
        [0.9641],
        [0.9912],
        [0.0290],
        [0.9825],
        [0.0048],
        [0.0164],
        [0.2040],
        [0.9382],
        [0.9656],
        [0.0231],
        [0.1589]], device='cuda:0', grad_fn=<SigmoidBackward0>)
Epoch [32/100], T_AUC: [4m0.8992[0m
Epoch [32/100], Loss: 19.8946
val_Accuracy: [92m0.7733[0m
val_Precision: [4;34m0.7754[0m,               val_Recall: [4;33m0.7515[0m,                 val_F1 Score: [4;35m0.7593[0m
æ ‡ç­¾é‡Œ1çš„ä¸ªæ•°:  430
æ ‡ç­¾é‡Œ0çš„ä¸ªæ•°:  430
æ€»æ•°:  860
æ­£ç¡®çš„ä¸ªæ•°:  665
Epoch [32/100], V_AUC: [4m0.7692[0m
Epoch [33/100], Loss: 33.7567
train_Accuracy: [91m0.9037[0m
train_Precision: [4;34m0.9157[0m,               train_Recall: [4;33m0.8950[0m,                 train_F1 Score: [4;35m0.9016[0m
æ ‡ç­¾é‡Œ1çš„ä¸ªæ•°:  2150
æ ‡ç­¾é‡Œ0çš„ä¸ªæ•°:  2150
æ€»æ•°:  4300
æ­£ç¡®çš„ä¸ªæ•°:  3886
æœ€åä¸€ä¸ªæ‰¹æ¬¡çš„è¾“å‡º, ä¸æ»¡batchsizeæ˜¯æ­£å¸¸çš„:
 tensor([[0.9895],
        [0.9800],
        [0.9894],
        [0.0132],
        [0.9920],
        [0.0014],
        [0.1180],
        [0.0747],
        [0.9213],
        [0.9250],
        [0.0355],
        [0.1169]], device='cuda:0', grad_fn=<SigmoidBackward0>)
Epoch [33/100], T_AUC: [4m0.9084[0m
Epoch [33/100], Loss: 20.3685
val_Accuracy: [92m0.7709[0m
val_Precision: [4;34m0.7728[0m,               val_Recall: [4;33m0.7539[0m,                 val_F1 Score: [4;35m0.7589[0m
æ ‡ç­¾é‡Œ1çš„ä¸ªæ•°:  430
æ ‡ç­¾é‡Œ0çš„ä¸ªæ•°:  430
æ€»æ•°:  860
æ­£ç¡®çš„ä¸ªæ•°:  663
Epoch [33/100], V_AUC: [4m0.7679[0m
Epoch [34/100], Loss: 33.0981
train_Accuracy: [91m0.9067[0m
train_Precision: [4;34m0.9179[0m,               train_Recall: [4;33m0.8970[0m,                 train_F1 Score: [4;35m0.9042[0m
æ ‡ç­¾é‡Œ1çš„ä¸ªæ•°:  2150
æ ‡ç­¾é‡Œ0çš„ä¸ªæ•°:  2150
æ€»æ•°:  4300
æ­£ç¡®çš„ä¸ªæ•°:  3899
æœ€åä¸€ä¸ªæ‰¹æ¬¡çš„è¾“å‡º, ä¸æ»¡batchsizeæ˜¯æ­£å¸¸çš„:
 tensor([[0.9951],
        [0.8920],
        [0.9927],
        [0.0705],
        [0.8668],
        [0.0048],
        [0.0051],
        [0.0992],
        [0.9837],
        [0.9538],
        [0.0777],
        [0.1620]], device='cuda:0', grad_fn=<SigmoidBackward0>)
Epoch [34/100], T_AUC: [4m0.9108[0m
Epoch [34/100], Loss: 19.8017
val_Accuracy: [92m0.7721[0m
val_Precision: [4;34m0.7777[0m,               val_Recall: [4;33m0.7459[0m,                 val_F1 Score: [4;35m0.7577[0m
æ ‡ç­¾é‡Œ1çš„ä¸ªæ•°:  430
æ ‡ç­¾é‡Œ0çš„ä¸ªæ•°:  430
æ€»æ•°:  860
æ­£ç¡®çš„ä¸ªæ•°:  664
Epoch [34/100], V_AUC: [4m0.7686[0m
Epoch [35/100], Loss: 34.0207
train_Accuracy: [91m0.9005[0m
train_Precision: [4;34m0.9129[0m,               train_Recall: [4;33m0.8915[0m,                 train_F1 Score: [4;35m0.8985[0m
æ ‡ç­¾é‡Œ1çš„ä¸ªæ•°:  2150
æ ‡ç­¾é‡Œ0çš„ä¸ªæ•°:  2150
æ€»æ•°:  4300
æ­£ç¡®çš„ä¸ªæ•°:  3872
æœ€åä¸€ä¸ªæ‰¹æ¬¡çš„è¾“å‡º, ä¸æ»¡batchsizeæ˜¯æ­£å¸¸çš„:
 tensor([[9.8424e-01],
        [9.6375e-01],
        [9.9884e-01],
        [4.8700e-03],
        [9.7317e-01],
        [9.0160e-04],
        [3.0073e-02],
        [3.3202e-01],
        [8.9421e-01],
        [9.3763e-01],
        [2.4411e-02],
        [3.6087e-01]], device='cuda:0', grad_fn=<SigmoidBackward0>)
Epoch [35/100], T_AUC: [4m0.9050[0m
Epoch [35/100], Loss: 22.0555
val_Accuracy: [92m0.7663[0m
val_Precision: [4;34m0.7672[0m,               val_Recall: [4;33m0.7467[0m,                 val_F1 Score: [4;35m0.7531[0m
æ ‡ç­¾é‡Œ1çš„ä¸ªæ•°:  430
æ ‡ç­¾é‡Œ0çš„ä¸ªæ•°:  430
æ€»æ•°:  860
æ­£ç¡®çš„ä¸ªæ•°:  659
Epoch [35/100], V_AUC: [4m0.7632[0m
Epoch [36/100], Loss: 34.3798
train_Accuracy: [91m0.8972[0m
train_Precision: [4;34m0.9088[0m,               train_Recall: [4;33m0.8886[0m,                 train_F1 Score: [4;35m0.8947[0m
æ ‡ç­¾é‡Œ1çš„ä¸ªæ•°:  2150
æ ‡ç­¾é‡Œ0çš„ä¸ªæ•°:  2150
æ€»æ•°:  4300
æ­£ç¡®çš„ä¸ªæ•°:  3858
æœ€åä¸€ä¸ªæ‰¹æ¬¡çš„è¾“å‡º, ä¸æ»¡batchsizeæ˜¯æ­£å¸¸çš„:
 tensor([[0.9670],
        [0.9896],
        [0.9978],
        [0.0023],
        [0.9585],
        [0.0020],
        [0.0179],
        [0.1206],
        [0.9834],
        [0.9416],
        [0.1061],
        [0.1232]], device='cuda:0', grad_fn=<SigmoidBackward0>)
Epoch [36/100], T_AUC: [4m0.9023[0m
Epoch [36/100], Loss: 21.6305
val_Accuracy: [92m0.7651[0m
val_Precision: [4;34m0.7615[0m,               val_Recall: [4;33m0.7535[0m,                 val_F1 Score: [4;35m0.7545[0m
æ ‡ç­¾é‡Œ1çš„ä¸ªæ•°:  430
æ ‡ç­¾é‡Œ0çš„ä¸ªæ•°:  430
æ€»æ•°:  860
æ­£ç¡®çš„ä¸ªæ•°:  658
Epoch [36/100], V_AUC: [4m0.7614[0m
Epoch [37/100], Loss: 33.1450
train_Accuracy: [91m0.9033[0m
train_Precision: [4;34m0.9167[0m,               train_Recall: [4;33m0.8940[0m,                 train_F1 Score: [4;35m0.9014[0m
æ ‡ç­¾é‡Œ1çš„ä¸ªæ•°:  2150
æ ‡ç­¾é‡Œ0çš„ä¸ªæ•°:  2150
æ€»æ•°:  4300
æ­£ç¡®çš„ä¸ªæ•°:  3884
æœ€åä¸€ä¸ªæ‰¹æ¬¡çš„è¾“å‡º, ä¸æ»¡batchsizeæ˜¯æ­£å¸¸çš„:
 tensor([[0.9789],
        [0.9960],
        [0.9959],
        [0.0020],
        [0.9929],
        [0.0017],
        [0.0431],
        [0.1085],
        [0.8760],
        [0.9399],
        [0.1736],
        [0.0419]], device='cuda:0', grad_fn=<SigmoidBackward0>)
Epoch [37/100], T_AUC: [4m0.9084[0m
Epoch [37/100], Loss: 20.6382
val_Accuracy: [92m0.7570[0m
val_Precision: [4;34m0.7577[0m,               val_Recall: [4;33m0.7384[0m,                 val_F1 Score: [4;35m0.7436[0m
æ ‡ç­¾é‡Œ1çš„ä¸ªæ•°:  430
æ ‡ç­¾é‡Œ0çš„ä¸ªæ•°:  430
æ€»æ•°:  860
æ­£ç¡®çš„ä¸ªæ•°:  651
Epoch [37/100], V_AUC: [4m0.7531[0m
Epoch [38/100], Loss: 31.4024
train_Accuracy: [91m0.9116[0m
train_Precision: [4;34m0.9241[0m,               train_Recall: [4;33m0.9017[0m,                 train_F1 Score: [4;35m0.9101[0m
æ ‡ç­¾é‡Œ1çš„ä¸ªæ•°:  2150
æ ‡ç­¾é‡Œ0çš„ä¸ªæ•°:  2150
æ€»æ•°:  4300
æ­£ç¡®çš„ä¸ªæ•°:  3920
æœ€åä¸€ä¸ªæ‰¹æ¬¡çš„è¾“å‡º, ä¸æ»¡batchsizeæ˜¯æ­£å¸¸çš„:
 tensor([[9.7949e-01],
        [9.9406e-01],
        [9.9679e-01],
        [3.2584e-03],
        [9.9467e-01],
        [8.0813e-04],
        [1.9365e-02],
        [6.4050e-02],
        [8.8696e-01],
        [9.8900e-01],
        [2.0093e-02],
        [2.3218e-01]], device='cuda:0', grad_fn=<SigmoidBackward0>)
Epoch [38/100], T_AUC: [4m0.9149[0m
Epoch [38/100], Loss: 21.8444
val_Accuracy: [92m0.7640[0m
val_Precision: [4;34m0.7595[0m,               val_Recall: [4;33m0.7610[0m,                 val_F1 Score: [4;35m0.7543[0m
æ ‡ç­¾é‡Œ1çš„ä¸ªæ•°:  430
æ ‡ç­¾é‡Œ0çš„ä¸ªæ•°:  430
æ€»æ•°:  860
æ­£ç¡®çš„ä¸ªæ•°:  657
Epoch [38/100], V_AUC: [4m0.7613[0m
Epoch [39/100], Loss: 28.9576
train_Accuracy: [91m0.9258[0m
train_Precision: [4;34m0.9370[0m,               train_Recall: [4;33m0.9154[0m,                 train_F1 Score: [4;35m0.9236[0m
æ ‡ç­¾é‡Œ1çš„ä¸ªæ•°:  2150
æ ‡ç­¾é‡Œ0çš„ä¸ªæ•°:  2150
æ€»æ•°:  4300
æ­£ç¡®çš„ä¸ªæ•°:  3981
æœ€åä¸€ä¸ªæ‰¹æ¬¡çš„è¾“å‡º, ä¸æ»¡batchsizeæ˜¯æ­£å¸¸çš„:
 tensor([[9.9488e-01],
        [9.7863e-01],
        [9.9869e-01],
        [2.4279e-03],
        [9.8485e-01],
        [5.7263e-04],
        [2.9839e-02],
        [9.6562e-02],
        [9.7424e-01],
        [9.5880e-01],
        [5.1084e-02],
        [1.0153e-01]], device='cuda:0', grad_fn=<SigmoidBackward0>)
Epoch [39/100], T_AUC: [4m0.9297[0m
Epoch [39/100], Loss: 21.3041
val_Accuracy: [92m0.7640[0m
val_Precision: [4;34m0.7652[0m,               val_Recall: [4;33m0.7435[0m,                 val_F1 Score: [4;35m0.7495[0m
æ ‡ç­¾é‡Œ1çš„ä¸ªæ•°:  430
æ ‡ç­¾é‡Œ0çš„ä¸ªæ•°:  430
æ€»æ•°:  860
æ­£ç¡®çš„ä¸ªæ•°:  657
Epoch [39/100], V_AUC: [4m0.7606[0m
Epoch [40/100], Loss: 29.2719
train_Accuracy: [91m0.9205[0m
train_Precision: [4;34m0.9300[0m,               train_Recall: [4;33m0.9130[0m,                 train_F1 Score: [4;35m0.9185[0m
æ ‡ç­¾é‡Œ1çš„ä¸ªæ•°:  2150
æ ‡ç­¾é‡Œ0çš„ä¸ªæ•°:  2150
æ€»æ•°:  4300
æ­£ç¡®çš„ä¸ªæ•°:  3958
æœ€åä¸€ä¸ªæ‰¹æ¬¡çš„è¾“å‡º, ä¸æ»¡batchsizeæ˜¯æ­£å¸¸çš„:
 tensor([[9.7860e-01],
        [9.9420e-01],
        [9.9861e-01],
        [6.0926e-03],
        [9.9217e-01],
        [2.7977e-04],
        [3.0148e-02],
        [6.1740e-02],
        [9.6767e-01],
        [9.8443e-01],
        [2.5574e-02],
        [9.6081e-02]], device='cuda:0', grad_fn=<SigmoidBackward0>)
Epoch [40/100], T_AUC: [4m0.9243[0m
Epoch [40/100], Loss: 22.3866
val_Accuracy: [92m0.7709[0m
val_Precision: [4;34m0.7651[0m,               val_Recall: [4;33m0.7661[0m,                 val_F1 Score: [4;35m0.7626[0m
æ ‡ç­¾é‡Œ1çš„ä¸ªæ•°:  430
æ ‡ç­¾é‡Œ0çš„ä¸ªæ•°:  430
æ€»æ•°:  860
æ­£ç¡®çš„ä¸ªæ•°:  663
Epoch [40/100], V_AUC: [4m0.7665[0m
Epoch [41/100], Loss: 28.1421
train_Accuracy: [91m0.9263[0m
train_Precision: [4;34m0.9380[0m,               train_Recall: [4;33m0.9181[0m,                 train_F1 Score: [4;35m0.9251[0m
æ ‡ç­¾é‡Œ1çš„ä¸ªæ•°:  2150
æ ‡ç­¾é‡Œ0çš„ä¸ªæ•°:  2150
æ€»æ•°:  4300
æ­£ç¡®çš„ä¸ªæ•°:  3983
æœ€åä¸€ä¸ªæ‰¹æ¬¡çš„è¾“å‡º, ä¸æ»¡batchsizeæ˜¯æ­£å¸¸çš„:
 tensor([[0.9912],
        [0.9335],
        [0.9988],
        [0.0136],
        [0.9902],
        [0.0020],
        [0.2801],
        [0.0829],
        [0.8857],
        [0.9525],
        [0.0061],
        [0.1540]], device='cuda:0', grad_fn=<SigmoidBackward0>)
Epoch [41/100], T_AUC: [4m0.9294[0m
Epoch [41/100], Loss: 22.6608
val_Accuracy: [92m0.7500[0m
val_Precision: [4;34m0.7407[0m,               val_Recall: [4;33m0.7555[0m,                 val_F1 Score: [4;35m0.7425[0m
æ ‡ç­¾é‡Œ1çš„ä¸ªæ•°:  430
æ ‡ç­¾é‡Œ0çš„ä¸ªæ•°:  430
æ€»æ•°:  860
æ­£ç¡®çš„ä¸ªæ•°:  645
Epoch [41/100], V_AUC: [4m0.7474[0m
Epoch [42/100], Loss: 28.9203
train_Accuracy: [91m0.9181[0m
train_Precision: [4;34m0.9302[0m,               train_Recall: [4;33m0.9084[0m,                 train_F1 Score: [4;35m0.9162[0m
æ ‡ç­¾é‡Œ1çš„ä¸ªæ•°:  2150
æ ‡ç­¾é‡Œ0çš„ä¸ªæ•°:  2150
æ€»æ•°:  4300
æ­£ç¡®çš„ä¸ªæ•°:  3948
æœ€åä¸€ä¸ªæ‰¹æ¬¡çš„è¾“å‡º, ä¸æ»¡batchsizeæ˜¯æ­£å¸¸çš„:
 tensor([[9.8719e-01],
        [9.5011e-01],
        [9.9405e-01],
        [3.3764e-02],
        [9.9880e-01],
        [5.9747e-04],
        [6.8772e-02],
        [9.2369e-02],
        [9.6722e-01],
        [9.7582e-01],
        [1.2488e-03],
        [2.6023e-01]], device='cuda:0', grad_fn=<SigmoidBackward0>)
Epoch [42/100], T_AUC: [4m0.9219[0m
Epoch [42/100], Loss: 23.9703
val_Accuracy: [92m0.7547[0m
val_Precision: [4;34m0.7377[0m,               val_Recall: [4;33m0.7806[0m,                 val_F1 Score: [4;35m0.7544[0m
æ ‡ç­¾é‡Œ1çš„ä¸ªæ•°:  430
æ ‡ç­¾é‡Œ0çš„ä¸ªæ•°:  430
æ€»æ•°:  860
æ­£ç¡®çš„ä¸ªæ•°:  649
Epoch [42/100], V_AUC: [4m0.7520[0m
Epoch [43/100], Loss: 25.9719
train_Accuracy: [91m0.9288[0m
train_Precision: [4;34m0.9390[0m,               train_Recall: [4;33m0.9222[0m,                 train_F1 Score: [4;35m0.9280[0m
æ ‡ç­¾é‡Œ1çš„ä¸ªæ•°:  2150
æ ‡ç­¾é‡Œ0çš„ä¸ªæ•°:  2150
æ€»æ•°:  4300
æ­£ç¡®çš„ä¸ªæ•°:  3994
æœ€åä¸€ä¸ªæ‰¹æ¬¡çš„è¾“å‡º, ä¸æ»¡batchsizeæ˜¯æ­£å¸¸çš„:
 tensor([[9.9089e-01],
        [9.6118e-01],
        [9.8335e-01],
        [1.0347e-02],
        [9.9734e-01],
        [7.2945e-04],
        [1.5114e-01],
        [1.8686e-01],
        [9.6397e-01],
        [9.9131e-01],
        [1.2204e-03],
        [1.9407e-01]], device='cuda:0', grad_fn=<SigmoidBackward0>)
Epoch [43/100], T_AUC: [4m0.9323[0m
Epoch [43/100], Loss: 24.9628
val_Accuracy: [92m0.7709[0m
val_Precision: [4;34m0.7635[0m,               val_Recall: [4;33m0.7741[0m,                 val_F1 Score: [4;35m0.7641[0m
æ ‡ç­¾é‡Œ1çš„ä¸ªæ•°:  430
æ ‡ç­¾é‡Œ0çš„ä¸ªæ•°:  430
æ€»æ•°:  860
æ­£ç¡®çš„ä¸ªæ•°:  663
Epoch [43/100], V_AUC: [4m0.7680[0m
Epoch [44/100], Loss: 24.6814
train_Accuracy: [91m0.9337[0m
train_Precision: [4;34m0.9416[0m,               train_Recall: [4;33m0.9284[0m,                 train_F1 Score: [4;35m0.9324[0m
æ ‡ç­¾é‡Œ1çš„ä¸ªæ•°:  2150
æ ‡ç­¾é‡Œ0çš„ä¸ªæ•°:  2150
æ€»æ•°:  4300
æ­£ç¡®çš„ä¸ªæ•°:  4015
æœ€åä¸€ä¸ªæ‰¹æ¬¡çš„è¾“å‡º, ä¸æ»¡batchsizeæ˜¯æ­£å¸¸çš„:
 tensor([[9.8630e-01],
        [9.1063e-01],
        [9.9981e-01],
        [1.3064e-02],
        [9.9829e-01],
        [2.1032e-04],
        [1.2036e-01],
        [2.0416e-02],
        [9.7248e-01],
        [9.9179e-01],
        [2.6329e-03],
        [5.8618e-02]], device='cuda:0', grad_fn=<SigmoidBackward0>)
Epoch [44/100], T_AUC: [4m0.9374[0m
Epoch [44/100], Loss: 26.7253
val_Accuracy: [92m0.7709[0m
val_Precision: [4;34m0.7712[0m,               val_Recall: [4;33m0.7623[0m,                 val_F1 Score: [4;35m0.7627[0m
æ ‡ç­¾é‡Œ1çš„ä¸ªæ•°:  430
æ ‡ç­¾é‡Œ0çš„ä¸ªæ•°:  430
æ€»æ•°:  860
æ­£ç¡®çš„ä¸ªæ•°:  663
Epoch [44/100], V_AUC: [4m0.7686[0m
Epoch [45/100], Loss: 26.4460
train_Accuracy: [91m0.9265[0m
train_Precision: [4;34m0.9299[0m,               train_Recall: [4;33m0.9250[0m,                 train_F1 Score: [4;35m0.9250[0m
æ ‡ç­¾é‡Œ1çš„ä¸ªæ•°:  2150
æ ‡ç­¾é‡Œ0çš„ä¸ªæ•°:  2150
æ€»æ•°:  4300
æ­£ç¡®çš„ä¸ªæ•°:  3984
æœ€åä¸€ä¸ªæ‰¹æ¬¡çš„è¾“å‡º, ä¸æ»¡batchsizeæ˜¯æ­£å¸¸çš„:
 tensor([[9.9440e-01],
        [9.2362e-01],
        [9.8376e-01],
        [5.5306e-03],
        [9.9870e-01],
        [5.8097e-04],
        [5.2780e-03],
        [1.0516e-01],
        [9.4849e-01],
        [9.9896e-01],
        [9.1373e-03],
        [2.9366e-01]], device='cuda:0', grad_fn=<SigmoidBackward0>)
Epoch [45/100], T_AUC: [4m0.9301[0m
Epoch [45/100], Loss: 22.2404
val_Accuracy: [92m0.7640[0m
val_Precision: [4;34m0.7538[0m,               val_Recall: [4;33m0.7783[0m,                 val_F1 Score: [4;35m0.7612[0m
æ ‡ç­¾é‡Œ1çš„ä¸ªæ•°:  430
æ ‡ç­¾é‡Œ0çš„ä¸ªæ•°:  430
æ€»æ•°:  860
æ­£ç¡®çš„ä¸ªæ•°:  657
Epoch [45/100], V_AUC: [4m0.7617[0m
Epoch [46/100], Loss: 26.9300
train_Accuracy: [91m0.9237[0m
train_Precision: [4;34m0.9320[0m,               train_Recall: [4;33m0.9186[0m,                 train_F1 Score: [4;35m0.9223[0m
æ ‡ç­¾é‡Œ1çš„ä¸ªæ•°:  2150
æ ‡ç­¾é‡Œ0çš„ä¸ªæ•°:  2150
æ€»æ•°:  4300
æ­£ç¡®çš„ä¸ªæ•°:  3972
æœ€åä¸€ä¸ªæ‰¹æ¬¡çš„è¾“å‡º, ä¸æ»¡batchsizeæ˜¯æ­£å¸¸çš„:
 tensor([[9.7316e-01],
        [9.8880e-01],
        [9.9836e-01],
        [1.3591e-02],
        [9.9974e-01],
        [3.0544e-04],
        [3.0152e-02],
        [9.6082e-03],
        [9.3756e-01],
        [9.9357e-01],
        [7.0671e-03],
        [6.2799e-02]], device='cuda:0', grad_fn=<SigmoidBackward0>)
Epoch [46/100], T_AUC: [4m0.9284[0m
Epoch [46/100], Loss: 25.2928
val_Accuracy: [92m0.7616[0m
val_Precision: [4;34m0.7657[0m,               val_Recall: [4;33m0.7387[0m,                 val_F1 Score: [4;35m0.7471[0m
æ ‡ç­¾é‡Œ1çš„ä¸ªæ•°:  430
æ ‡ç­¾é‡Œ0çš„ä¸ªæ•°:  430
æ€»æ•°:  860
æ­£ç¡®çš„ä¸ªæ•°:  655
Epoch [46/100], V_AUC: [4m0.7579[0m
Epoch [47/100], Loss: 23.7413
train_Accuracy: [91m0.9370[0m
train_Precision: [4;34m0.9477[0m,               train_Recall: [4;33m0.9282[0m,                 train_F1 Score: [4;35m0.9355[0m
æ ‡ç­¾é‡Œ1çš„ä¸ªæ•°:  2150
æ ‡ç­¾é‡Œ0çš„ä¸ªæ•°:  2150
æ€»æ•°:  4300
æ­£ç¡®çš„ä¸ªæ•°:  4029
æœ€åä¸€ä¸ªæ‰¹æ¬¡çš„è¾“å‡º, ä¸æ»¡batchsizeæ˜¯æ­£å¸¸çš„:
 tensor([[9.9808e-01],
        [9.5588e-01],
        [9.9976e-01],
        [9.2449e-03],
        [9.9981e-01],
        [1.2452e-04],
        [2.5719e-02],
        [8.2428e-03],
        [9.6047e-01],
        [9.7603e-01],
        [8.9495e-04],
        [1.7550e-01]], device='cuda:0', grad_fn=<SigmoidBackward0>)
Epoch [47/100], T_AUC: [4m0.9400[0m
Epoch [47/100], Loss: 26.1027
val_Accuracy: [92m0.7756[0m
val_Precision: [4;34m0.7701[0m,               val_Recall: [4;33m0.7776[0m,                 val_F1 Score: [4;35m0.7702[0m
æ ‡ç­¾é‡Œ1çš„ä¸ªæ•°:  430
æ ‡ç­¾é‡Œ0çš„ä¸ªæ•°:  430
æ€»æ•°:  860
æ­£ç¡®çš„ä¸ªæ•°:  667
Epoch [47/100], V_AUC: [4m0.7725[0m
Epoch [48/100], Loss: 24.3401
train_Accuracy: [91m0.9316[0m
train_Precision: [4;34m0.9438[0m,               train_Recall: [4;33m0.9211[0m,                 train_F1 Score: [4;35m0.9301[0m
æ ‡ç­¾é‡Œ1çš„ä¸ªæ•°:  2150
æ ‡ç­¾é‡Œ0çš„ä¸ªæ•°:  2150
æ€»æ•°:  4300
æ­£ç¡®çš„ä¸ªæ•°:  4006
æœ€åä¸€ä¸ªæ‰¹æ¬¡çš„è¾“å‡º, ä¸æ»¡batchsizeæ˜¯æ­£å¸¸çš„:
 tensor([[9.8499e-01],
        [9.9527e-01],
        [9.9562e-01],
        [1.3749e-02],
        [9.9790e-01],
        [1.1168e-04],
        [1.3436e-01],
        [3.7323e-02],
        [9.9086e-01],
        [9.9436e-01],
        [2.6973e-03],
        [4.2432e-02]], device='cuda:0', grad_fn=<SigmoidBackward0>)
Epoch [48/100], T_AUC: [4m0.9351[0m
Epoch [48/100], Loss: 24.9502
val_Accuracy: [92m0.7628[0m
val_Precision: [4;34m0.7628[0m,               val_Recall: [4;33m0.7420[0m,                 val_F1 Score: [4;35m0.7483[0m
æ ‡ç­¾é‡Œ1çš„ä¸ªæ•°:  430
æ ‡ç­¾é‡Œ0çš„ä¸ªæ•°:  430
æ€»æ•°:  860
æ­£ç¡®çš„ä¸ªæ•°:  656
Epoch [48/100], V_AUC: [4m0.7600[0m
Epoch [49/100], Loss: 20.5956
train_Accuracy: [91m0.9481[0m
train_Precision: [4;34m0.9572[0m,               train_Recall: [4;33m0.9411[0m,                 train_F1 Score: [4;35m0.9469[0m
æ ‡ç­¾é‡Œ1çš„ä¸ªæ•°:  2150
æ ‡ç­¾é‡Œ0çš„ä¸ªæ•°:  2150
æ€»æ•°:  4300
æ­£ç¡®çš„ä¸ªæ•°:  4077
æœ€åä¸€ä¸ªæ‰¹æ¬¡çš„è¾“å‡º, ä¸æ»¡batchsizeæ˜¯æ­£å¸¸çš„:
 tensor([[9.9551e-01],
        [9.3462e-01],
        [9.9893e-01],
        [1.6883e-03],
        [9.9927e-01],
        [1.7182e-04],
        [1.9295e-02],
        [6.5320e-03],
        [9.9393e-01],
        [9.9721e-01],
        [9.9969e-03],
        [1.8000e-01]], device='cuda:0', grad_fn=<SigmoidBackward0>)
Epoch [49/100], T_AUC: [4m0.9514[0m
Epoch [49/100], Loss: 26.0205
val_Accuracy: [92m0.7593[0m
val_Precision: [4;34m0.7670[0m,               val_Recall: [4;33m0.7300[0m,                 val_F1 Score: [4;35m0.7434[0m
æ ‡ç­¾é‡Œ1çš„ä¸ªæ•°:  430
æ ‡ç­¾é‡Œ0çš„ä¸ªæ•°:  430
æ€»æ•°:  860
æ­£ç¡®çš„ä¸ªæ•°:  653
Epoch [49/100], V_AUC: [4m0.7561[0m
Epoch [50/100], Loss: 20.8821
train_Accuracy: [91m0.9449[0m
train_Precision: [4;34m0.9505[0m,               train_Recall: [4;33m0.9412[0m,                 train_F1 Score: [4;35m0.9438[0m
æ ‡ç­¾é‡Œ1çš„ä¸ªæ•°:  2150
æ ‡ç­¾é‡Œ0çš„ä¸ªæ•°:  2150
æ€»æ•°:  4300
æ­£ç¡®çš„ä¸ªæ•°:  4063
æœ€åä¸€ä¸ªæ‰¹æ¬¡çš„è¾“å‡º, ä¸æ»¡batchsizeæ˜¯æ­£å¸¸çš„:
 tensor([[9.8688e-01],
        [9.4537e-01],
        [9.9986e-01],
        [7.5393e-03],
        [9.9999e-01],
        [1.2607e-04],
        [1.4390e-03],
        [6.6346e-03],
        [9.3263e-01],
        [9.9696e-01],
        [2.0906e-03],
        [1.6839e-01]], device='cuda:0', grad_fn=<SigmoidBackward0>)
Epoch [50/100], T_AUC: [4m0.9477[0m
Epoch [50/100], Loss: 26.8082
val_Accuracy: [92m0.7616[0m
val_Precision: [4;34m0.7614[0m,               val_Recall: [4;33m0.7459[0m,                 val_F1 Score: [4;35m0.7481[0m
æ ‡ç­¾é‡Œ1çš„ä¸ªæ•°:  430
æ ‡ç­¾é‡Œ0çš„ä¸ªæ•°:  430
æ€»æ•°:  860
æ­£ç¡®çš„ä¸ªæ•°:  655
Epoch [50/100], V_AUC: [4m0.7591[0m
Epoch [51/100], Loss: 22.3281
train_Accuracy: [91m0.9407[0m
train_Precision: [4;34m0.9466[0m,               train_Recall: [4;33m0.9354[0m,                 train_F1 Score: [4;35m0.9388[0m
æ ‡ç­¾é‡Œ1çš„ä¸ªæ•°:  2150
æ ‡ç­¾é‡Œ0çš„ä¸ªæ•°:  2150
æ€»æ•°:  4300
æ­£ç¡®çš„ä¸ªæ•°:  4045
æœ€åä¸€ä¸ªæ‰¹æ¬¡çš„è¾“å‡º, ä¸æ»¡batchsizeæ˜¯æ­£å¸¸çš„:
 tensor([[9.9920e-01],
        [9.7361e-01],
        [9.9809e-01],
        [2.2750e-03],
        [9.9968e-01],
        [3.2591e-04],
        [1.3360e-02],
        [2.3755e-03],
        [9.9487e-01],
        [9.8184e-01],
        [5.7790e-03],
        [9.4820e-02]], device='cuda:0', grad_fn=<SigmoidBackward0>)
Epoch [51/100], T_AUC: [4m0.9440[0m
Epoch [51/100], Loss: 27.2950
val_Accuracy: [92m0.7674[0m
val_Precision: [4;34m0.7676[0m,               val_Recall: [4;33m0.7474[0m,                 val_F1 Score: [4;35m0.7537[0m
æ ‡ç­¾é‡Œ1çš„ä¸ªæ•°:  430
æ ‡ç­¾é‡Œ0çš„ä¸ªæ•°:  430
æ€»æ•°:  860
æ­£ç¡®çš„ä¸ªæ•°:  660
Epoch [51/100], V_AUC: [4m0.7639[0m
Epoch [52/100], Loss: 22.3027
train_Accuracy: [91m0.9340[0m
train_Precision: [4;34m0.9408[0m,               train_Recall: [4;33m0.9292[0m,                 train_F1 Score: [4;35m0.9329[0m
æ ‡ç­¾é‡Œ1çš„ä¸ªæ•°:  2150
æ ‡ç­¾é‡Œ0çš„ä¸ªæ•°:  2150
æ€»æ•°:  4300
æ­£ç¡®çš„ä¸ªæ•°:  4016
æœ€åä¸€ä¸ªæ‰¹æ¬¡çš„è¾“å‡º, ä¸æ»¡batchsizeæ˜¯æ­£å¸¸çš„:
 tensor([[9.9546e-01],
        [9.6791e-01],
        [9.9848e-01],
        [7.9649e-03],
        [9.9992e-01],
        [3.3974e-04],
        [1.1208e-02],
        [1.5687e-03],
        [9.8474e-01],
        [9.9879e-01],
        [2.9942e-03],
        [3.7116e-02]], device='cuda:0', grad_fn=<SigmoidBackward0>)
Epoch [52/100], T_AUC: [4m0.9370[0m
Epoch [52/100], Loss: 27.0302
val_Accuracy: [92m0.7581[0m
val_Precision: [4;34m0.7611[0m,               val_Recall: [4;33m0.7445[0m,                 val_F1 Score: [4;35m0.7477[0m
æ ‡ç­¾é‡Œ1çš„ä¸ªæ•°:  430
æ ‡ç­¾é‡Œ0çš„ä¸ªæ•°:  430
æ€»æ•°:  860
æ­£ç¡®çš„ä¸ªæ•°:  652
Epoch [52/100], V_AUC: [4m0.7557[0m
Epoch [53/100], Loss: 22.9680
train_Accuracy: [91m0.9363[0m
train_Precision: [4;34m0.9406[0m,               train_Recall: [4;33m0.9342[0m,                 train_F1 Score: [4;35m0.9352[0m
æ ‡ç­¾é‡Œ1çš„ä¸ªæ•°:  2150
æ ‡ç­¾é‡Œ0çš„ä¸ªæ•°:  2150
æ€»æ•°:  4300
æ­£ç¡®çš„ä¸ªæ•°:  4026
æœ€åä¸€ä¸ªæ‰¹æ¬¡çš„è¾“å‡º, ä¸æ»¡batchsizeæ˜¯æ­£å¸¸çš„:
 tensor([[9.8724e-01],
        [9.5157e-01],
        [9.9835e-01],
        [2.0236e-03],
        [9.9973e-01],
        [4.0463e-04],
        [1.2317e-02],
        [8.2214e-03],
        [9.9604e-01],
        [9.9915e-01],
        [8.1554e-03],
        [3.1403e-02]], device='cuda:0', grad_fn=<SigmoidBackward0>)
Epoch [53/100], T_AUC: [4m0.9394[0m
Epoch [53/100], Loss: 30.9319
val_Accuracy: [92m0.7709[0m
val_Precision: [4;34m0.7671[0m,               val_Recall: [4;33m0.7592[0m,                 val_F1 Score: [4;35m0.7593[0m
æ ‡ç­¾é‡Œ1çš„ä¸ªæ•°:  430
æ ‡ç­¾é‡Œ0çš„ä¸ªæ•°:  430
æ€»æ•°:  860
æ­£ç¡®çš„ä¸ªæ•°:  663
Epoch [53/100], V_AUC: [4m0.7676[0m
Epoch [54/100], Loss: 20.3183
train_Accuracy: [91m0.9456[0m
train_Precision: [4;34m0.9485[0m,               train_Recall: [4;33m0.9441[0m,                 train_F1 Score: [4;35m0.9444[0m
æ ‡ç­¾é‡Œ1çš„ä¸ªæ•°:  2150
æ ‡ç­¾é‡Œ0çš„ä¸ªæ•°:  2150
æ€»æ•°:  4300
æ­£ç¡®çš„ä¸ªæ•°:  4066
æœ€åä¸€ä¸ªæ‰¹æ¬¡çš„è¾“å‡º, ä¸æ»¡batchsizeæ˜¯æ­£å¸¸çš„:
 tensor([[9.7312e-01],
        [9.8614e-01],
        [9.9905e-01],
        [5.0805e-03],
        [9.9989e-01],
        [3.6224e-05],
        [2.9166e-03],
        [1.3413e-02],
        [9.6217e-01],
        [9.9939e-01],
        [5.2317e-02],
        [4.1941e-02]], device='cuda:0', grad_fn=<SigmoidBackward0>)
Epoch [54/100], T_AUC: [4m0.9483[0m
Epoch [54/100], Loss: 29.6336
val_Accuracy: [92m0.7488[0m
val_Precision: [4;34m0.7429[0m,               val_Recall: [4;33m0.7467[0m,                 val_F1 Score: [4;35m0.7388[0m
æ ‡ç­¾é‡Œ1çš„ä¸ªæ•°:  430
æ ‡ç­¾é‡Œ0çš„ä¸ªæ•°:  430
æ€»æ•°:  860
æ­£ç¡®çš„ä¸ªæ•°:  644
Epoch [54/100], V_AUC: [4m0.7466[0m
Epoch [55/100], Loss: 17.7941
train_Accuracy: [91m0.9523[0m
train_Precision: [4;34m0.9555[0m,               train_Recall: [4;33m0.9506[0m,                 train_F1 Score: [4;35m0.9512[0m
æ ‡ç­¾é‡Œ1çš„ä¸ªæ•°:  2150
æ ‡ç­¾é‡Œ0çš„ä¸ªæ•°:  2150
æ€»æ•°:  4300
æ­£ç¡®çš„ä¸ªæ•°:  4095
æœ€åä¸€ä¸ªæ‰¹æ¬¡çš„è¾“å‡º, ä¸æ»¡batchsizeæ˜¯æ­£å¸¸çš„:
 tensor([[9.9575e-01],
        [9.8688e-01],
        [9.9994e-01],
        [3.5280e-03],
        [9.9899e-01],
        [2.0377e-05],
        [1.4185e-02],
        [4.7731e-03],
        [9.8372e-01],
        [9.9906e-01],
        [3.6689e-04],
        [2.4286e-01]], device='cuda:0', grad_fn=<SigmoidBackward0>)
Epoch [55/100], T_AUC: [4m0.9552[0m
Epoch [55/100], Loss: 32.3348
val_Accuracy: [92m0.7488[0m
val_Precision: [4;34m0.7528[0m,               val_Recall: [4;33m0.7307[0m,                 val_F1 Score: [4;35m0.7368[0m
æ ‡ç­¾é‡Œ1çš„ä¸ªæ•°:  430
æ ‡ç­¾é‡Œ0çš„ä¸ªæ•°:  430
æ€»æ•°:  860
æ­£ç¡®çš„ä¸ªæ•°:  644
Epoch [55/100], V_AUC: [4m0.7468[0m
Epoch [56/100], Loss: 17.0492
train_Accuracy: [91m0.9579[0m
train_Precision: [4;34m0.9645[0m,               train_Recall: [4;33m0.9523[0m,                 train_F1 Score: [4;35m0.9567[0m
æ ‡ç­¾é‡Œ1çš„ä¸ªæ•°:  2150
æ ‡ç­¾é‡Œ0çš„ä¸ªæ•°:  2150
æ€»æ•°:  4300
æ­£ç¡®çš„ä¸ªæ•°:  4119
æœ€åä¸€ä¸ªæ‰¹æ¬¡çš„è¾“å‡º, ä¸æ»¡batchsizeæ˜¯æ­£å¸¸çš„:
 tensor([[9.9703e-01],
        [9.9588e-01],
        [9.9956e-01],
        [4.7565e-03],
        [9.9926e-01],
        [8.0054e-05],
        [1.3176e-02],
        [3.9421e-03],
        [9.9482e-01],
        [9.8733e-01],
        [1.8632e-03],
        [9.9830e-02]], device='cuda:0', grad_fn=<SigmoidBackward0>)
Epoch [56/100], T_AUC: [4m0.9605[0m
Epoch [56/100], Loss: 33.8413
val_Accuracy: [92m0.7395[0m
val_Precision: [4;34m0.7472[0m,               val_Recall: [4;33m0.7097[0m,                 val_F1 Score: [4;35m0.7226[0m
æ ‡ç­¾é‡Œ1çš„ä¸ªæ•°:  430
æ ‡ç­¾é‡Œ0çš„ä¸ªæ•°:  430
æ€»æ•°:  860
æ­£ç¡®çš„ä¸ªæ•°:  636
Epoch [56/100], V_AUC: [4m0.7370[0m
Epoch [57/100], Loss: 18.5905
train_Accuracy: [91m0.9472[0m
train_Precision: [4;34m0.9532[0m,               train_Recall: [4;33m0.9442[0m,                 train_F1 Score: [4;35m0.9467[0m
æ ‡ç­¾é‡Œ1çš„ä¸ªæ•°:  2150
æ ‡ç­¾é‡Œ0çš„ä¸ªæ•°:  2150
æ€»æ•°:  4300
æ­£ç¡®çš„ä¸ªæ•°:  4073
æœ€åä¸€ä¸ªæ‰¹æ¬¡çš„è¾“å‡º, ä¸æ»¡batchsizeæ˜¯æ­£å¸¸çš„:
 tensor([[9.8736e-01],
        [9.9554e-01],
        [9.9854e-01],
        [4.7655e-04],
        [9.9859e-01],
        [3.6767e-05],
        [1.0344e-02],
        [1.0932e-01],
        [9.9221e-01],
        [9.9942e-01],
        [2.2542e-02],
        [3.6881e-02]], device='cuda:0', grad_fn=<SigmoidBackward0>)
Epoch [57/100], T_AUC: [4m0.9498[0m
Epoch [57/100], Loss: 29.8051
val_Accuracy: [92m0.7500[0m
val_Precision: [4;34m0.7555[0m,               val_Recall: [4;33m0.7271[0m,                 val_F1 Score: [4;35m0.7360[0m
æ ‡ç­¾é‡Œ1çš„ä¸ªæ•°:  430
æ ‡ç­¾é‡Œ0çš„ä¸ªæ•°:  430
æ€»æ•°:  860
æ­£ç¡®çš„ä¸ªæ•°:  645
Epoch [57/100], V_AUC: [4m0.7470[0m
Epoch [58/100], Loss: 17.7708
train_Accuracy: [91m0.9528[0m
train_Precision: [4;34m0.9567[0m,               train_Recall: [4;33m0.9492[0m,                 train_F1 Score: [4;35m0.9510[0m
æ ‡ç­¾é‡Œ1çš„ä¸ªæ•°:  2150
æ ‡ç­¾é‡Œ0çš„ä¸ªæ•°:  2150
æ€»æ•°:  4300
æ­£ç¡®çš„ä¸ªæ•°:  4097
æœ€åä¸€ä¸ªæ‰¹æ¬¡çš„è¾“å‡º, ä¸æ»¡batchsizeæ˜¯æ­£å¸¸çš„:
 tensor([[9.9458e-01],
        [9.9407e-01],
        [9.9889e-01],
        [9.7269e-04],
        [9.9814e-01],
        [3.1453e-06],
        [1.0498e-02],
        [4.7870e-02],
        [9.9768e-01],
        [9.9872e-01],
        [2.9591e-02],
        [1.6396e-01]], device='cuda:0', grad_fn=<SigmoidBackward0>)
Epoch [58/100], T_AUC: [4m0.9557[0m
Epoch [58/100], Loss: 29.9754
val_Accuracy: [92m0.7640[0m
val_Precision: [4;34m0.7675[0m,               val_Recall: [4;33m0.7497[0m,                 val_F1 Score: [4;35m0.7537[0m
æ ‡ç­¾é‡Œ1çš„ä¸ªæ•°:  430
æ ‡ç­¾é‡Œ0çš„ä¸ªæ•°:  430
æ€»æ•°:  860
æ­£ç¡®çš„ä¸ªæ•°:  657
Epoch [58/100], V_AUC: [4m0.7615[0m
Epoch [59/100], Loss: 16.3523
train_Accuracy: [91m0.9581[0m
train_Precision: [4;34m0.9626[0m,               train_Recall: [4;33m0.9544[0m,                 train_F1 Score: [4;35m0.9568[0m
æ ‡ç­¾é‡Œ1çš„ä¸ªæ•°:  2150
æ ‡ç­¾é‡Œ0çš„ä¸ªæ•°:  2150
æ€»æ•°:  4300
æ­£ç¡®çš„ä¸ªæ•°:  4120
æœ€åä¸€ä¸ªæ‰¹æ¬¡çš„è¾“å‡º, ä¸æ»¡batchsizeæ˜¯æ­£å¸¸çš„:
 tensor([[9.9938e-01],
        [9.9932e-01],
        [9.9957e-01],
        [5.0340e-03],
        [9.9879e-01],
        [5.1177e-06],
        [4.2491e-02],
        [8.6919e-04],
        [9.0677e-01],
        [9.9917e-01],
        [6.0464e-03],
        [4.6876e-02]], device='cuda:0', grad_fn=<SigmoidBackward0>)
Epoch [59/100], T_AUC: [4m0.9601[0m
Epoch [59/100], Loss: 41.7159
val_Accuracy: [92m0.7686[0m
val_Precision: [4;34m0.7734[0m,               val_Recall: [4;33m0.7470[0m,                 val_F1 Score: [4;35m0.7563[0m
æ ‡ç­¾é‡Œ1çš„ä¸ªæ•°:  430
æ ‡ç­¾é‡Œ0çš„ä¸ªæ•°:  430
æ€»æ•°:  860
æ­£ç¡®çš„ä¸ªæ•°:  661
Epoch [59/100], V_AUC: [4m0.7653[0m
Epoch [60/100], Loss: 16.0958
train_Accuracy: [91m0.9558[0m
train_Precision: [4;34m0.9609[0m,               train_Recall: [4;33m0.9531[0m,                 train_F1 Score: [4;35m0.9551[0m
æ ‡ç­¾é‡Œ1çš„ä¸ªæ•°:  2150
æ ‡ç­¾é‡Œ0çš„ä¸ªæ•°:  2150
æ€»æ•°:  4300
æ­£ç¡®çš„ä¸ªæ•°:  4110
æœ€åä¸€ä¸ªæ‰¹æ¬¡çš„è¾“å‡º, ä¸æ»¡batchsizeæ˜¯æ­£å¸¸çš„:
 tensor([[9.8993e-01],
        [9.5588e-01],
        [9.9995e-01],
        [2.4864e-03],
        [9.9942e-01],
        [2.8389e-05],
        [3.4985e-03],
        [5.6146e-03],
        [9.9972e-01],
        [9.9912e-01],
        [8.0282e-03],
        [9.8250e-03]], device='cuda:0', grad_fn=<SigmoidBackward0>)
Epoch [60/100], T_AUC: [4m0.9586[0m
Epoch [60/100], Loss: 34.8435
val_Accuracy: [92m0.7547[0m
val_Precision: [4;34m0.7599[0m,               val_Recall: [4;33m0.7321[0m,                 val_F1 Score: [4;35m0.7425[0m
æ ‡ç­¾é‡Œ1çš„ä¸ªæ•°:  430
æ ‡ç­¾é‡Œ0çš„ä¸ªæ•°:  430
æ€»æ•°:  860
æ­£ç¡®çš„ä¸ªæ•°:  649
Epoch [60/100], V_AUC: [4m0.7528[0m
Epoch [61/100], Loss: 14.2625
train_Accuracy: [91m0.9656[0m
train_Precision: [4;34m0.9678[0m,               train_Recall: [4;33m0.9640[0m,                 train_F1 Score: [4;35m0.9648[0m
æ ‡ç­¾é‡Œ1çš„ä¸ªæ•°:  2150
æ ‡ç­¾é‡Œ0çš„ä¸ªæ•°:  2150
æ€»æ•°:  4300
æ­£ç¡®çš„ä¸ªæ•°:  4152
æœ€åä¸€ä¸ªæ‰¹æ¬¡çš„è¾“å‡º, ä¸æ»¡batchsizeæ˜¯æ­£å¸¸çš„:
 tensor([[9.9831e-01],
        [9.9861e-01],
        [9.9834e-01],
        [6.8337e-04],
        [9.9995e-01],
        [9.6834e-06],
        [8.1517e-05],
        [2.6083e-02],
        [9.9935e-01],
        [9.9939e-01],
        [1.4145e-02],
        [2.4115e-02]], device='cuda:0', grad_fn=<SigmoidBackward0>)
Epoch [61/100], T_AUC: [4m0.9674[0m
Epoch [61/100], Loss: 35.8638
val_Accuracy: [92m0.7488[0m
val_Precision: [4;34m0.7569[0m,               val_Recall: [4;33m0.7217[0m,                 val_F1 Score: [4;35m0.7349[0m
æ ‡ç­¾é‡Œ1çš„ä¸ªæ•°:  430
æ ‡ç­¾é‡Œ0çš„ä¸ªæ•°:  430
æ€»æ•°:  860
æ­£ç¡®çš„ä¸ªæ•°:  644
Epoch [61/100], V_AUC: [4m0.7464[0m
Epoch [62/100], Loss: 14.6836
train_Accuracy: [91m0.9595[0m
train_Precision: [4;34m0.9625[0m,               train_Recall: [4;33m0.9587[0m,                 train_F1 Score: [4;35m0.9591[0m
æ ‡ç­¾é‡Œ1çš„ä¸ªæ•°:  2150
æ ‡ç­¾é‡Œ0çš„ä¸ªæ•°:  2150
æ€»æ•°:  4300
æ­£ç¡®çš„ä¸ªæ•°:  4126
æœ€åä¸€ä¸ªæ‰¹æ¬¡çš„è¾“å‡º, ä¸æ»¡batchsizeæ˜¯æ­£å¸¸çš„:
 tensor([[9.9900e-01],
        [9.9969e-01],
        [9.9989e-01],
        [1.1467e-02],
        [9.9907e-01],
        [1.1995e-06],
        [5.4341e-04],
        [6.3722e-03],
        [9.8456e-01],
        [9.9984e-01],
        [1.3041e-04],
        [2.6243e-01]], device='cuda:0', grad_fn=<SigmoidBackward0>)
Epoch [62/100], T_AUC: [4m0.9622[0m
Epoch [62/100], Loss: 38.0798
val_Accuracy: [92m0.7442[0m
val_Precision: [4;34m0.7491[0m,               val_Recall: [4;33m0.7180[0m,                 val_F1 Score: [4;35m0.7284[0m
æ ‡ç­¾é‡Œ1çš„ä¸ªæ•°:  430
æ ‡ç­¾é‡Œ0çš„ä¸ªæ•°:  430
æ€»æ•°:  860
æ­£ç¡®çš„ä¸ªæ•°:  640
Epoch [62/100], V_AUC: [4m0.7412[0m
Epoch [63/100], Loss: 15.9755
train_Accuracy: [91m0.9574[0m
train_Precision: [4;34m0.9625[0m,               train_Recall: [4;33m0.9531[0m,                 train_F1 Score: [4;35m0.9560[0m
æ ‡ç­¾é‡Œ1çš„ä¸ªæ•°:  2150
æ ‡ç­¾é‡Œ0çš„ä¸ªæ•°:  2150
æ€»æ•°:  4300
æ­£ç¡®çš„ä¸ªæ•°:  4117
æœ€åä¸€ä¸ªæ‰¹æ¬¡çš„è¾“å‡º, ä¸æ»¡batchsizeæ˜¯æ­£å¸¸çš„:
 tensor([[9.5878e-01],
        [9.9951e-01],
        [9.9998e-01],
        [1.8653e-03],
        [9.9999e-01],
        [1.2388e-05],
        [7.9860e-03],
        [9.5315e-02],
        [7.5061e-01],
        [9.9583e-01],
        [4.3972e-04],
        [7.5039e-02]], device='cuda:0', grad_fn=<SigmoidBackward0>)
Epoch [63/100], T_AUC: [4m0.9606[0m
Epoch [63/100], Loss: 34.3493
val_Accuracy: [92m0.7547[0m
val_Precision: [4;34m0.7550[0m,               val_Recall: [4;33m0.7488[0m,                 val_F1 Score: [4;35m0.7472[0m
æ ‡ç­¾é‡Œ1çš„ä¸ªæ•°:  430
æ ‡ç­¾é‡Œ0çš„ä¸ªæ•°:  430
æ€»æ•°:  860
æ­£ç¡®çš„ä¸ªæ•°:  649
Epoch [63/100], V_AUC: [4m0.7547[0m
Epoch [64/100], Loss: 18.1303
train_Accuracy: [91m0.9465[0m
train_Precision: [4;34m0.9511[0m,               train_Recall: [4;33m0.9439[0m,                 train_F1 Score: [4;35m0.9456[0m
æ ‡ç­¾é‡Œ1çš„ä¸ªæ•°:  2150
æ ‡ç­¾é‡Œ0çš„ä¸ªæ•°:  2150
æ€»æ•°:  4300
æ­£ç¡®çš„ä¸ªæ•°:  4070
æœ€åä¸€ä¸ªæ‰¹æ¬¡çš„è¾“å‡º, ä¸æ»¡batchsizeæ˜¯æ­£å¸¸çš„:
 tensor([[9.9986e-01],
        [9.9919e-01],
        [9.9992e-01],
        [2.3350e-03],
        [9.9972e-01],
        [5.8801e-05],
        [7.9920e-04],
        [4.2010e-02],
        [9.8706e-01],
        [9.8577e-01],
        [2.5621e-04],
        [2.4197e-02]], device='cuda:0', grad_fn=<SigmoidBackward0>)
Epoch [64/100], T_AUC: [4m0.9491[0m
Epoch [64/100], Loss: 34.0330
val_Accuracy: [92m0.7488[0m
val_Precision: [4;34m0.7546[0m,               val_Recall: [4;33m0.7267[0m,                 val_F1 Score: [4;35m0.7353[0m
æ ‡ç­¾é‡Œ1çš„ä¸ªæ•°:  430
æ ‡ç­¾é‡Œ0çš„ä¸ªæ•°:  430
æ€»æ•°:  860
æ­£ç¡®çš„ä¸ªæ•°:  644
Epoch [64/100], V_AUC: [4m0.7465[0m
Epoch [65/100], Loss: 17.9045
train_Accuracy: [91m0.9488[0m
train_Precision: [4;34m0.9551[0m,               train_Recall: [4;33m0.9460[0m,                 train_F1 Score: [4;35m0.9488[0m
æ ‡ç­¾é‡Œ1çš„ä¸ªæ•°:  2150
æ ‡ç­¾é‡Œ0çš„ä¸ªæ•°:  2150
æ€»æ•°:  4300
æ­£ç¡®çš„ä¸ªæ•°:  4080
æœ€åä¸€ä¸ªæ‰¹æ¬¡çš„è¾“å‡º, ä¸æ»¡batchsizeæ˜¯æ­£å¸¸çš„:
 tensor([[9.8714e-01],
        [9.9998e-01],
        [9.9974e-01],
        [2.6663e-03],
        [9.9994e-01],
        [2.9594e-06],
        [6.3659e-04],
        [9.0820e-03],
        [9.9110e-01],
        [9.9632e-01],
        [1.0677e-03],
        [1.5192e-01]], device='cuda:0', grad_fn=<SigmoidBackward0>)
Epoch [65/100], T_AUC: [4m0.9516[0m
Epoch [65/100], Loss: 37.2325
val_Accuracy: [92m0.7605[0m
val_Precision: [4;34m0.7620[0m,               val_Recall: [4;33m0.7442[0m,                 val_F1 Score: [4;35m0.7488[0m
æ ‡ç­¾é‡Œ1çš„ä¸ªæ•°:  430
æ ‡ç­¾é‡Œ0çš„ä¸ªæ•°:  430
æ€»æ•°:  860
æ­£ç¡®çš„ä¸ªæ•°:  654
Epoch [65/100], V_AUC: [4m0.7573[0m
Epoch [66/100], Loss: 14.7316
train_Accuracy: [91m0.9621[0m
train_Precision: [4;34m0.9639[0m,               train_Recall: [4;33m0.9628[0m,                 train_F1 Score: [4;35m0.9618[0m
æ ‡ç­¾é‡Œ1çš„ä¸ªæ•°:  2150
æ ‡ç­¾é‡Œ0çš„ä¸ªæ•°:  2150
æ€»æ•°:  4300
æ­£ç¡®çš„ä¸ªæ•°:  4137
æœ€åä¸€ä¸ªæ‰¹æ¬¡çš„è¾“å‡º, ä¸æ»¡batchsizeæ˜¯æ­£å¸¸çš„:
 tensor([[9.9832e-01],
        [9.9909e-01],
        [9.9997e-01],
        [1.5311e-04],
        [9.9998e-01],
        [8.4905e-06],
        [1.7589e-02],
        [7.2100e-03],
        [9.8589e-01],
        [9.9690e-01],
        [3.0000e-04],
        [1.0821e-01]], device='cuda:0', grad_fn=<SigmoidBackward0>)
Epoch [66/100], T_AUC: [4m0.9641[0m
Epoch [66/100], Loss: 36.3471
val_Accuracy: [92m0.7477[0m
val_Precision: [4;34m0.7520[0m,               val_Recall: [4;33m0.7253[0m,                 val_F1 Score: [4;35m0.7332[0m
æ ‡ç­¾é‡Œ1çš„ä¸ªæ•°:  430
æ ‡ç­¾é‡Œ0çš„ä¸ªæ•°:  430
æ€»æ•°:  860
æ­£ç¡®çš„ä¸ªæ•°:  643
Epoch [66/100], V_AUC: [4m0.7456[0m
Epoch [67/100], Loss: 13.3533
train_Accuracy: [91m0.9644[0m
train_Precision: [4;34m0.9688[0m,               train_Recall: [4;33m0.9616[0m,                 train_F1 Score: [4;35m0.9638[0m
æ ‡ç­¾é‡Œ1çš„ä¸ªæ•°:  2150
æ ‡ç­¾é‡Œ0çš„ä¸ªæ•°:  2150
æ€»æ•°:  4300
æ­£ç¡®çš„ä¸ªæ•°:  4147
æœ€åä¸€ä¸ªæ‰¹æ¬¡çš„è¾“å‡º, ä¸æ»¡batchsizeæ˜¯æ­£å¸¸çš„:
 tensor([[9.9675e-01],
        [9.9873e-01],
        [9.9996e-01],
        [9.1908e-04],
        [9.9987e-01],
        [3.7921e-06],
        [1.0651e-03],
        [5.5922e-03],
        [9.9403e-01],
        [9.9855e-01],
        [1.4718e-02],
        [9.9628e-02]], device='cuda:0', grad_fn=<SigmoidBackward0>)
Epoch [67/100], T_AUC: [4m0.9668[0m
Epoch [67/100], Loss: 38.3933
val_Accuracy: [92m0.7430[0m
val_Precision: [4;34m0.7614[0m,               val_Recall: [4;33m0.6917[0m,                 val_F1 Score: [4;35m0.7206[0m
æ ‡ç­¾é‡Œ1çš„ä¸ªæ•°:  430
æ ‡ç­¾é‡Œ0çš„ä¸ªæ•°:  430
æ€»æ•°:  860
æ­£ç¡®çš„ä¸ªæ•°:  639
Epoch [67/100], V_AUC: [4m0.7398[0m
Epoch [68/100], Loss: 13.6001
train_Accuracy: [91m0.9663[0m
train_Precision: [4;34m0.9696[0m,               train_Recall: [4;33m0.9641[0m,                 train_F1 Score: [4;35m0.9657[0m
æ ‡ç­¾é‡Œ1çš„ä¸ªæ•°:  2150
æ ‡ç­¾é‡Œ0çš„ä¸ªæ•°:  2150
æ€»æ•°:  4300
æ­£ç¡®çš„ä¸ªæ•°:  4155
æœ€åä¸€ä¸ªæ‰¹æ¬¡çš„è¾“å‡º, ä¸æ»¡batchsizeæ˜¯æ­£å¸¸çš„:
 tensor([[9.9890e-01],
        [9.9226e-01],
        [9.9974e-01],
        [5.4538e-03],
        [9.9957e-01],
        [1.5863e-06],
        [2.3868e-02],
        [6.2350e-04],
        [9.9626e-01],
        [9.9880e-01],
        [5.4466e-03],
        [2.1187e-01]], device='cuda:0', grad_fn=<SigmoidBackward0>)
Epoch [68/100], T_AUC: [4m0.9685[0m
Epoch [68/100], Loss: 43.9127
val_Accuracy: [92m0.7372[0m
val_Precision: [4;34m0.7308[0m,               val_Recall: [4;33m0.7321[0m,                 val_F1 Score: [4;35m0.7275[0m
æ ‡ç­¾é‡Œ1çš„ä¸ªæ•°:  430
æ ‡ç­¾é‡Œ0çš„ä¸ªæ•°:  430
æ€»æ•°:  860
æ­£ç¡®çš„ä¸ªæ•°:  634
Epoch [68/100], V_AUC: [4m0.7349[0m
Epoch [69/100], Loss: 12.0102
train_Accuracy: [91m0.9730[0m
train_Precision: [4;34m0.9781[0m,               train_Recall: [4;33m0.9693[0m,                 train_F1 Score: [4;35m0.9727[0m
æ ‡ç­¾é‡Œ1çš„ä¸ªæ•°:  2150
æ ‡ç­¾é‡Œ0çš„ä¸ªæ•°:  2150
æ€»æ•°:  4300
æ­£ç¡®çš„ä¸ªæ•°:  4184
æœ€åä¸€ä¸ªæ‰¹æ¬¡çš„è¾“å‡º, ä¸æ»¡batchsizeæ˜¯æ­£å¸¸çš„:
 tensor([[9.9879e-01],
        [9.9919e-01],
        [9.9999e-01],
        [1.5783e-04],
        [9.9977e-01],
        [2.4396e-06],
        [2.0625e-02],
        [2.5780e-02],
        [9.9194e-01],
        [9.9590e-01],
        [6.9719e-04],
        [1.2836e-01]], device='cuda:0', grad_fn=<SigmoidBackward0>)
Epoch [69/100], T_AUC: [4m0.9751[0m
Epoch [69/100], Loss: 35.9844
val_Accuracy: [92m0.7453[0m
val_Precision: [4;34m0.7569[0m,               val_Recall: [4;33m0.7058[0m,                 val_F1 Score: [4;35m0.7260[0m
æ ‡ç­¾é‡Œ1çš„ä¸ªæ•°:  430
æ ‡ç­¾é‡Œ0çš„ä¸ªæ•°:  430
æ€»æ•°:  860
æ­£ç¡®çš„ä¸ªæ•°:  641
Epoch [69/100], V_AUC: [4m0.7413[0m
Epoch [70/100], Loss: 11.9881
train_Accuracy: [91m0.9700[0m
train_Precision: [4;34m0.9745[0m,               train_Recall: [4;33m0.9676[0m,                 train_F1 Score: [4;35m0.9697[0m
æ ‡ç­¾é‡Œ1çš„ä¸ªæ•°:  2150
æ ‡ç­¾é‡Œ0çš„ä¸ªæ•°:  2150
æ€»æ•°:  4300
æ­£ç¡®çš„ä¸ªæ•°:  4171
æœ€åä¸€ä¸ªæ‰¹æ¬¡çš„è¾“å‡º, ä¸æ»¡batchsizeæ˜¯æ­£å¸¸çš„:
 tensor([[9.9982e-01],
        [9.9860e-01],
        [9.9995e-01],
        [3.3809e-04],
        [9.9999e-01],
        [7.3075e-08],
        [7.9382e-02],
        [1.5611e-02],
        [8.9126e-01],
        [9.9740e-01],
        [1.4899e-03],
        [1.1030e-01]], device='cuda:0', grad_fn=<SigmoidBackward0>)
Epoch [70/100], T_AUC: [4m0.9720[0m
Epoch [70/100], Loss: 37.7147
val_Accuracy: [92m0.7442[0m
val_Precision: [4;34m0.7469[0m,               val_Recall: [4;33m0.7257[0m,                 val_F1 Score: [4;35m0.7313[0m
æ ‡ç­¾é‡Œ1çš„ä¸ªæ•°:  430
æ ‡ç­¾é‡Œ0çš„ä¸ªæ•°:  430
æ€»æ•°:  860
æ­£ç¡®çš„ä¸ªæ•°:  640
Epoch [70/100], V_AUC: [4m0.7402[0m
Epoch [71/100], Loss: 11.8190
train_Accuracy: [91m0.9733[0m
train_Precision: [4;34m0.9761[0m,               train_Recall: [4;33m0.9712[0m,                 train_F1 Score: [4;35m0.9724[0m
æ ‡ç­¾é‡Œ1çš„ä¸ªæ•°:  2150
æ ‡ç­¾é‡Œ0çš„ä¸ªæ•°:  2150
æ€»æ•°:  4300
æ­£ç¡®çš„ä¸ªæ•°:  4185
æœ€åä¸€ä¸ªæ‰¹æ¬¡çš„è¾“å‡º, ä¸æ»¡batchsizeæ˜¯æ­£å¸¸çš„:
 tensor([[9.9995e-01],
        [9.9742e-01],
        [9.9917e-01],
        [3.4422e-04],
        [9.9999e-01],
        [1.6038e-06],
        [3.2780e-03],
        [1.9226e-03],
        [9.9741e-01],
        [9.9955e-01],
        [4.8135e-04],
        [2.4926e-02]], device='cuda:0', grad_fn=<SigmoidBackward0>)
Epoch [71/100], T_AUC: [4m0.9750[0m
Epoch [71/100], Loss: 44.5807
val_Accuracy: [92m0.7453[0m
val_Precision: [4;34m0.7627[0m,               val_Recall: [4;33m0.7003[0m,                 val_F1 Score: [4;35m0.7258[0m
æ ‡ç­¾é‡Œ1çš„ä¸ªæ•°:  430
æ ‡ç­¾é‡Œ0çš„ä¸ªæ•°:  430
æ€»æ•°:  860
æ­£ç¡®çš„ä¸ªæ•°:  641
Epoch [71/100], V_AUC: [4m0.7426[0m
Epoch [72/100], Loss: 14.1682
train_Accuracy: [91m0.9614[0m
train_Precision: [4;34m0.9627[0m,               train_Recall: [4;33m0.9619[0m,                 train_F1 Score: [4;35m0.9610[0m
æ ‡ç­¾é‡Œ1çš„ä¸ªæ•°:  2150
æ ‡ç­¾é‡Œ0çš„ä¸ªæ•°:  2150
æ€»æ•°:  4300
æ­£ç¡®çš„ä¸ªæ•°:  4134
æœ€åä¸€ä¸ªæ‰¹æ¬¡çš„è¾“å‡º, ä¸æ»¡batchsizeæ˜¯æ­£å¸¸çš„:
 tensor([[9.9759e-01],
        [9.9998e-01],
        [9.9999e-01],
        [3.2956e-04],
        [1.0000e+00],
        [8.7055e-07],
        [3.7439e-03],
        [7.3463e-04],
        [9.8057e-01],
        [9.8415e-01],
        [5.8068e-05],
        [5.3753e-02]], device='cuda:0', grad_fn=<SigmoidBackward0>)
Epoch [72/100], T_AUC: [4m0.9632[0m
Epoch [72/100], Loss: 36.2869
val_Accuracy: [92m0.7372[0m
val_Precision: [4;34m0.7425[0m,               val_Recall: [4;33m0.6991[0m,                 val_F1 Score: [4;35m0.7158[0m
æ ‡ç­¾é‡Œ1çš„ä¸ªæ•°:  430
æ ‡ç­¾é‡Œ0çš„ä¸ªæ•°:  430
æ€»æ•°:  860
æ­£ç¡®çš„ä¸ªæ•°:  634
Epoch [72/100], V_AUC: [4m0.7336[0m
Epoch [73/100], Loss: 12.8081
train_Accuracy: [91m0.9672[0m
train_Precision: [4;34m0.9707[0m,               train_Recall: [4;33m0.9650[0m,                 train_F1 Score: [4;35m0.9663[0m
æ ‡ç­¾é‡Œ1çš„ä¸ªæ•°:  2150
æ ‡ç­¾é‡Œ0çš„ä¸ªæ•°:  2150
æ€»æ•°:  4300
æ­£ç¡®çš„ä¸ªæ•°:  4159
æœ€åä¸€ä¸ªæ‰¹æ¬¡çš„è¾“å‡º, ä¸æ»¡batchsizeæ˜¯æ­£å¸¸çš„:
 tensor([[9.9855e-01],
        [9.9468e-01],
        [9.9998e-01],
        [2.4726e-03],
        [9.9999e-01],
        [1.8745e-06],
        [9.9982e-04],
        [5.9461e-04],
        [9.9346e-01],
        [9.9303e-01],
        [4.0762e-03],
        [1.4615e-01]], device='cuda:0', grad_fn=<SigmoidBackward0>)
Epoch [73/100], T_AUC: [4m0.9698[0m
Epoch [73/100], Loss: 40.2749
val_Accuracy: [92m0.7593[0m
val_Precision: [4;34m0.7709[0m,               val_Recall: [4;33m0.7193[0m,                 val_F1 Score: [4;35m0.7405[0m
æ ‡ç­¾é‡Œ1çš„ä¸ªæ•°:  430
æ ‡ç­¾é‡Œ0çš„ä¸ªæ•°:  430
æ€»æ•°:  860
æ­£ç¡®çš„ä¸ªæ•°:  653
Epoch [73/100], V_AUC: [4m0.7566[0m
Epoch [74/100], Loss: 13.9039
train_Accuracy: [91m0.9623[0m
train_Precision: [4;34m0.9657[0m,               train_Recall: [4;33m0.9599[0m,                 train_F1 Score: [4;35m0.9615[0m
æ ‡ç­¾é‡Œ1çš„ä¸ªæ•°:  2150
æ ‡ç­¾é‡Œ0çš„ä¸ªæ•°:  2150
æ€»æ•°:  4300
æ­£ç¡®çš„ä¸ªæ•°:  4138
æœ€åä¸€ä¸ªæ‰¹æ¬¡çš„è¾“å‡º, ä¸æ»¡batchsizeæ˜¯æ­£å¸¸çš„:
 tensor([[9.9898e-01],
        [9.9935e-01],
        [9.9986e-01],
        [1.2581e-04],
        [9.9998e-01],
        [1.7168e-06],
        [3.7220e-02],
        [2.7480e-03],
        [9.9692e-01],
        [9.9164e-01],
        [6.0347e-04],
        [1.9771e-01]], device='cuda:0', grad_fn=<SigmoidBackward0>)
Epoch [74/100], T_AUC: [4m0.9645[0m
Epoch [74/100], Loss: 36.3546
val_Accuracy: [92m0.7349[0m
val_Precision: [4;34m0.7385[0m,               val_Recall: [4;33m0.7087[0m,                 val_F1 Score: [4;35m0.7189[0m
æ ‡ç­¾é‡Œ1çš„ä¸ªæ•°:  430
æ ‡ç­¾é‡Œ0çš„ä¸ªæ•°:  430
æ€»æ•°:  860
æ­£ç¡®çš„ä¸ªæ•°:  632
Epoch [74/100], V_AUC: [4m0.7312[0m
Epoch [75/100], Loss: 11.8186
train_Accuracy: [91m0.9714[0m
train_Precision: [4;34m0.9760[0m,               train_Recall: [4;33m0.9681[0m,                 train_F1 Score: [4;35m0.9710[0m
æ ‡ç­¾é‡Œ1çš„ä¸ªæ•°:  2150
æ ‡ç­¾é‡Œ0çš„ä¸ªæ•°:  2150
æ€»æ•°:  4300
æ­£ç¡®çš„ä¸ªæ•°:  4177
æœ€åä¸€ä¸ªæ‰¹æ¬¡çš„è¾“å‡º, ä¸æ»¡batchsizeæ˜¯æ­£å¸¸çš„:
 tensor([[9.9981e-01],
        [9.9962e-01],
        [9.9998e-01],
        [8.3767e-05],
        [9.9998e-01],
        [1.0436e-07],
        [5.8669e-03],
        [6.1669e-02],
        [9.8535e-01],
        [9.9908e-01],
        [1.1162e-04],
        [1.0693e-01]], device='cuda:0', grad_fn=<SigmoidBackward0>)
Epoch [75/100], T_AUC: [4m0.9730[0m
Epoch [75/100], Loss: 44.8387
val_Accuracy: [92m0.7488[0m
val_Precision: [4;34m0.7638[0m,               val_Recall: [4;33m0.7108[0m,                 val_F1 Score: [4;35m0.7324[0m
æ ‡ç­¾é‡Œ1çš„ä¸ªæ•°:  430
æ ‡ç­¾é‡Œ0çš„ä¸ªæ•°:  430
æ€»æ•°:  860
æ­£ç¡®çš„ä¸ªæ•°:  644
Epoch [75/100], V_AUC: [4m0.7463[0m
Epoch [76/100], Loss: 10.3069
train_Accuracy: [91m0.9779[0m
train_Precision: [4;34m0.9787[0m,               train_Recall: [4;33m0.9777[0m,                 train_F1 Score: [4;35m0.9773[0m
æ ‡ç­¾é‡Œ1çš„ä¸ªæ•°:  2150
æ ‡ç­¾é‡Œ0çš„ä¸ªæ•°:  2150
æ€»æ•°:  4300
æ­£ç¡®çš„ä¸ªæ•°:  4205
æœ€åä¸€ä¸ªæ‰¹æ¬¡çš„è¾“å‡º, ä¸æ»¡batchsizeæ˜¯æ­£å¸¸çš„:
 tensor([[9.9995e-01],
        [9.9854e-01],
        [9.9986e-01],
        [3.3541e-04],
        [9.9994e-01],
        [7.3761e-06],
        [1.3099e-02],
        [1.7654e-03],
        [9.9631e-01],
        [9.9932e-01],
        [6.2012e-06],
        [3.9067e-01]], device='cuda:0', grad_fn=<SigmoidBackward0>)
Epoch [76/100], T_AUC: [4m0.9797[0m
Epoch [76/100], Loss: 41.9131
val_Accuracy: [92m0.7535[0m
val_Precision: [4;34m0.7589[0m,               val_Recall: [4;33m0.7280[0m,                 val_F1 Score: [4;35m0.7392[0m
æ ‡ç­¾é‡Œ1çš„ä¸ªæ•°:  430
æ ‡ç­¾é‡Œ0çš„ä¸ªæ•°:  430
æ€»æ•°:  860
æ­£ç¡®çš„ä¸ªæ•°:  648
Epoch [76/100], V_AUC: [4m0.7516[0m
Epoch [77/100], Loss: 9.2521
train_Accuracy: [91m0.9795[0m
train_Precision: [4;34m0.9814[0m,               train_Recall: [4;33m0.9774[0m,                 train_F1 Score: [4;35m0.9787[0m
æ ‡ç­¾é‡Œ1çš„ä¸ªæ•°:  2150
æ ‡ç­¾é‡Œ0çš„ä¸ªæ•°:  2150
æ€»æ•°:  4300
æ­£ç¡®çš„ä¸ªæ•°:  4212
æœ€åä¸€ä¸ªæ‰¹æ¬¡çš„è¾“å‡º, ä¸æ»¡batchsizeæ˜¯æ­£å¸¸çš„:
 tensor([[9.9515e-01],
        [9.9985e-01],
        [1.0000e+00],
        [1.2407e-04],
        [9.9994e-01],
        [8.7932e-07],
        [5.6453e-03],
        [1.0757e-03],
        [9.8286e-01],
        [9.9824e-01],
        [8.8571e-04],
        [2.8345e-01]], device='cuda:0', grad_fn=<SigmoidBackward0>)
Epoch [77/100], T_AUC: [4m0.9806[0m
Epoch [77/100], Loss: 45.6205
val_Accuracy: [92m0.7419[0m
val_Precision: [4;34m0.7516[0m,               val_Recall: [4;33m0.7151[0m,                 val_F1 Score: [4;35m0.7282[0m
æ ‡ç­¾é‡Œ1çš„ä¸ªæ•°:  430
æ ‡ç­¾é‡Œ0çš„ä¸ªæ•°:  430
æ€»æ•°:  860
æ­£ç¡®çš„ä¸ªæ•°:  638
Epoch [77/100], V_AUC: [4m0.7408[0m
Epoch [78/100], Loss: 12.6264
train_Accuracy: [91m0.9642[0m
train_Precision: [4;34m0.9681[0m,               train_Recall: [4;33m0.9624[0m,                 train_F1 Score: [4;35m0.9640[0m
æ ‡ç­¾é‡Œ1çš„ä¸ªæ•°:  2150
æ ‡ç­¾é‡Œ0çš„ä¸ªæ•°:  2150
æ€»æ•°:  4300
æ­£ç¡®çš„ä¸ªæ•°:  4146
æœ€åä¸€ä¸ªæ‰¹æ¬¡çš„è¾“å‡º, ä¸æ»¡batchsizeæ˜¯æ­£å¸¸çš„:
 tensor([[9.9460e-01],
        [9.9918e-01],
        [9.9999e-01],
        [6.9994e-05],
        [9.9990e-01],
        [3.1096e-05],
        [3.1187e-02],
        [4.9844e-03],
        [9.5784e-01],
        [9.9971e-01],
        [1.3193e-04],
        [1.5933e-01]], device='cuda:0', grad_fn=<SigmoidBackward0>)
Epoch [78/100], T_AUC: [4m0.9661[0m
Epoch [78/100], Loss: 53.2273
val_Accuracy: [92m0.7593[0m
val_Precision: [4;34m0.7611[0m,               val_Recall: [4;33m0.7477[0m,                 val_F1 Score: [4;35m0.7503[0m
æ ‡ç­¾é‡Œ1çš„ä¸ªæ•°:  430
æ ‡ç­¾é‡Œ0çš„ä¸ªæ•°:  430
æ€»æ•°:  860
æ­£ç¡®çš„ä¸ªæ•°:  653
Epoch [78/100], V_AUC: [4m0.7572[0m
Epoch [79/100], Loss: 12.4384
train_Accuracy: [91m0.9674[0m
train_Precision: [4;34m0.9675[0m,               train_Recall: [4;33m0.9681[0m,                 train_F1 Score: [4;35m0.9665[0m
æ ‡ç­¾é‡Œ1çš„ä¸ªæ•°:  2150
æ ‡ç­¾é‡Œ0çš„ä¸ªæ•°:  2150
æ€»æ•°:  4300
æ­£ç¡®çš„ä¸ªæ•°:  4160
æœ€åä¸€ä¸ªæ‰¹æ¬¡çš„è¾“å‡º, ä¸æ»¡batchsizeæ˜¯æ­£å¸¸çš„:
 tensor([[9.8876e-01],
        [9.9779e-01],
        [1.0000e+00],
        [6.2140e-04],
        [9.9996e-01],
        [1.3451e-05],
        [1.8450e-03],
        [6.9674e-03],
        [9.9655e-01],
        [9.9630e-01],
        [8.2188e-06],
        [2.7294e-01]], device='cuda:0', grad_fn=<SigmoidBackward0>)
Epoch [79/100], T_AUC: [4m0.9692[0m
Epoch [79/100], Loss: 44.8066
val_Accuracy: [92m0.7430[0m
val_Precision: [4;34m0.7478[0m,               val_Recall: [4;33m0.7176[0m,                 val_F1 Score: [4;35m0.7276[0m
æ ‡ç­¾é‡Œ1çš„ä¸ªæ•°:  430
æ ‡ç­¾é‡Œ0çš„ä¸ªæ•°:  430
æ€»æ•°:  860
æ­£ç¡®çš„ä¸ªæ•°:  639
Epoch [79/100], V_AUC: [4m0.7408[0m
Epoch [80/100], Loss: 12.2322
train_Accuracy: [91m0.9672[0m
train_Precision: [4;34m0.9680[0m,               train_Recall: [4;33m0.9679[0m,                 train_F1 Score: [4;35m0.9668[0m
æ ‡ç­¾é‡Œ1çš„ä¸ªæ•°:  2150
æ ‡ç­¾é‡Œ0çš„ä¸ªæ•°:  2150
æ€»æ•°:  4300
æ­£ç¡®çš„ä¸ªæ•°:  4159
æœ€åä¸€ä¸ªæ‰¹æ¬¡çš„è¾“å‡º, ä¸æ»¡batchsizeæ˜¯æ­£å¸¸çš„:
 tensor([[9.9955e-01],
        [9.9926e-01],
        [1.0000e+00],
        [3.5972e-04],
        [9.9967e-01],
        [3.1388e-06],
        [1.0547e-02],
        [8.8365e-03],
        [9.7195e-01],
        [9.9719e-01],
        [9.8980e-06],
        [1.1671e-01]], device='cuda:0', grad_fn=<SigmoidBackward0>)
Epoch [80/100], T_AUC: [4m0.9694[0m
Epoch [80/100], Loss: 48.1820
val_Accuracy: [92m0.7605[0m
val_Precision: [4;34m0.7613[0m,               val_Recall: [4;33m0.7441[0m,                 val_F1 Score: [4;35m0.7478[0m
æ ‡ç­¾é‡Œ1çš„ä¸ªæ•°:  430
æ ‡ç­¾é‡Œ0çš„ä¸ªæ•°:  430
æ€»æ•°:  860
æ­£ç¡®çš„ä¸ªæ•°:  654
Epoch [80/100], V_AUC: [4m0.7560[0m
Epoch [81/100], Loss: 11.8376
train_Accuracy: [91m0.9709[0m
train_Precision: [4;34m0.9741[0m,               train_Recall: [4;33m0.9694[0m,                 train_F1 Score: [4;35m0.9706[0m
æ ‡ç­¾é‡Œ1çš„ä¸ªæ•°:  2150
æ ‡ç­¾é‡Œ0çš„ä¸ªæ•°:  2150
æ€»æ•°:  4300
æ­£ç¡®çš„ä¸ªæ•°:  4175
æœ€åä¸€ä¸ªæ‰¹æ¬¡çš„è¾“å‡º, ä¸æ»¡batchsizeæ˜¯æ­£å¸¸çš„:
 tensor([[9.9980e-01],
        [9.9738e-01],
        [9.9999e-01],
        [3.3432e-05],
        [9.9659e-01],
        [8.2619e-05],
        [4.6248e-02],
        [5.5910e-02],
        [9.6640e-01],
        [9.9875e-01],
        [2.0796e-05],
        [1.7941e-01]], device='cuda:0', grad_fn=<SigmoidBackward0>)
Epoch [81/100], T_AUC: [4m0.9730[0m
Epoch [81/100], Loss: 41.0325
val_Accuracy: [92m0.7221[0m
val_Precision: [4;34m0.7421[0m,               val_Recall: [4;33m0.6540[0m,                 val_F1 Score: [4;35m0.6899[0m
æ ‡ç­¾é‡Œ1çš„ä¸ªæ•°:  430
æ ‡ç­¾é‡Œ0çš„ä¸ªæ•°:  430
æ€»æ•°:  860
æ­£ç¡®çš„ä¸ªæ•°:  621
Epoch [81/100], V_AUC: [4m0.7181[0m
Epoch [82/100], Loss: 13.5125
train_Accuracy: [91m0.9621[0m
train_Precision: [4;34m0.9625[0m,               train_Recall: [4;33m0.9623[0m,                 train_F1 Score: [4;35m0.9611[0m
æ ‡ç­¾é‡Œ1çš„ä¸ªæ•°:  2150
æ ‡ç­¾é‡Œ0çš„ä¸ªæ•°:  2150
æ€»æ•°:  4300
æ­£ç¡®çš„ä¸ªæ•°:  4137
æœ€åä¸€ä¸ªæ‰¹æ¬¡çš„è¾“å‡º, ä¸æ»¡batchsizeæ˜¯æ­£å¸¸çš„:
 tensor([[9.9739e-01],
        [9.9717e-01],
        [1.0000e+00],
        [2.6838e-04],
        [9.9912e-01],
        [1.8955e-04],
        [5.4628e-02],
        [8.0450e-02],
        [9.8759e-01],
        [9.9771e-01],
        [3.5980e-06],
        [3.6704e-02]], device='cuda:0', grad_fn=<SigmoidBackward0>)
Epoch [82/100], T_AUC: [4m0.9643[0m
Epoch [82/100], Loss: 43.9733
val_Accuracy: [92m0.7465[0m
val_Precision: [4;34m0.7588[0m,               val_Recall: [4;33m0.7163[0m,                 val_F1 Score: [4;35m0.7305[0m
æ ‡ç­¾é‡Œ1çš„ä¸ªæ•°:  430
æ ‡ç­¾é‡Œ0çš„ä¸ªæ•°:  430
æ€»æ•°:  860
æ­£ç¡®çš„ä¸ªæ•°:  642
Epoch [82/100], V_AUC: [4m0.7451[0m
Epoch [83/100], Loss: 9.5232
train_Accuracy: [91m0.9772[0m
train_Precision: [4;34m0.9795[0m,               train_Recall: [4;33m0.9749[0m,                 train_F1 Score: [4;35m0.9762[0m
æ ‡ç­¾é‡Œ1çš„ä¸ªæ•°:  2150
æ ‡ç­¾é‡Œ0çš„ä¸ªæ•°:  2150
æ€»æ•°:  4300
æ­£ç¡®çš„ä¸ªæ•°:  4202
æœ€åä¸€ä¸ªæ‰¹æ¬¡çš„è¾“å‡º, ä¸æ»¡batchsizeæ˜¯æ­£å¸¸çš„:
 tensor([[9.9985e-01],
        [9.8773e-01],
        [1.0000e+00],
        [6.3861e-04],
        [9.9443e-01],
        [5.7303e-05],
        [5.3076e-03],
        [6.1840e-02],
        [9.8122e-01],
        [9.9943e-01],
        [1.1522e-04],
        [2.5567e-02]], device='cuda:0', grad_fn=<SigmoidBackward0>)
Epoch [83/100], T_AUC: [4m0.9788[0m
Epoch [83/100], Loss: 44.7727
val_Accuracy: [92m0.7395[0m
val_Precision: [4;34m0.7345[0m,               val_Recall: [4;33m0.7367[0m,                 val_F1 Score: [4;35m0.7313[0m
æ ‡ç­¾é‡Œ1çš„ä¸ªæ•°:  430
æ ‡ç­¾é‡Œ0çš„ä¸ªæ•°:  430
æ€»æ•°:  860
æ­£ç¡®çš„ä¸ªæ•°:  636
Epoch [83/100], V_AUC: [4m0.7370[0m
Epoch [84/100], Loss: 9.0660
train_Accuracy: [91m0.9800[0m
train_Precision: [4;34m0.9798[0m,               train_Recall: [4;33m0.9802[0m,                 train_F1 Score: [4;35m0.9792[0m
æ ‡ç­¾é‡Œ1çš„ä¸ªæ•°:  2150
æ ‡ç­¾é‡Œ0çš„ä¸ªæ•°:  2150
æ€»æ•°:  4300
æ­£ç¡®çš„ä¸ªæ•°:  4214
æœ€åä¸€ä¸ªæ‰¹æ¬¡çš„è¾“å‡º, ä¸æ»¡batchsizeæ˜¯æ­£å¸¸çš„:
 tensor([[9.9994e-01],
        [9.9981e-01],
        [1.0000e+00],
        [7.2331e-06],
        [9.9841e-01],
        [2.9223e-06],
        [6.4506e-02],
        [4.2972e-03],
        [9.9740e-01],
        [9.9978e-01],
        [2.0178e-05],
        [7.5104e-02]], device='cuda:0', grad_fn=<SigmoidBackward0>)
Epoch [84/100], T_AUC: [4m0.9811[0m
Epoch [84/100], Loss: 42.8620
val_Accuracy: [92m0.7442[0m
val_Precision: [4;34m0.7485[0m,               val_Recall: [4;33m0.7228[0m,                 val_F1 Score: [4;35m0.7306[0m
æ ‡ç­¾é‡Œ1çš„ä¸ªæ•°:  430
æ ‡ç­¾é‡Œ0çš„ä¸ªæ•°:  430
æ€»æ•°:  860
æ­£ç¡®çš„ä¸ªæ•°:  640
Epoch [84/100], V_AUC: [4m0.7415[0m
Epoch [85/100], Loss: 7.8133
train_Accuracy: [91m0.9833[0m
train_Precision: [4;34m0.9838[0m,               train_Recall: [4;33m0.9835[0m,                 train_F1 Score: [4;35m0.9831[0m
æ ‡ç­¾é‡Œ1çš„ä¸ªæ•°:  2150
æ ‡ç­¾é‡Œ0çš„ä¸ªæ•°:  2150
æ€»æ•°:  4300
æ­£ç¡®çš„ä¸ªæ•°:  4228
æœ€åä¸€ä¸ªæ‰¹æ¬¡çš„è¾“å‡º, ä¸æ»¡batchsizeæ˜¯æ­£å¸¸çš„:
 tensor([[9.9810e-01],
        [9.9985e-01],
        [1.0000e+00],
        [3.0031e-05],
        [9.9971e-01],
        [5.8024e-07],
        [3.0608e-03],
        [1.0449e-01],
        [9.9642e-01],
        [9.9868e-01],
        [4.7294e-04],
        [5.9382e-02]], device='cuda:0', grad_fn=<SigmoidBackward0>)
Epoch [85/100], T_AUC: [4m0.9841[0m
Epoch [85/100], Loss: 48.0003
val_Accuracy: [92m0.7512[0m
val_Precision: [4;34m0.7545[0m,               val_Recall: [4;33m0.7272[0m,                 val_F1 Score: [4;35m0.7368[0m
æ ‡ç­¾é‡Œ1çš„ä¸ªæ•°:  430
æ ‡ç­¾é‡Œ0çš„ä¸ªæ•°:  430
æ€»æ•°:  860
æ­£ç¡®çš„ä¸ªæ•°:  646
Epoch [85/100], V_AUC: [4m0.7486[0m
Epoch [86/100], Loss: 6.8660
train_Accuracy: [91m0.9863[0m
train_Precision: [4;34m0.9877[0m,               train_Recall: [4;33m0.9860[0m,                 train_F1 Score: [4;35m0.9863[0m
æ ‡ç­¾é‡Œ1çš„ä¸ªæ•°:  2150
æ ‡ç­¾é‡Œ0çš„ä¸ªæ•°:  2150
æ€»æ•°:  4300
æ­£ç¡®çš„ä¸ªæ•°:  4241
æœ€åä¸€ä¸ªæ‰¹æ¬¡çš„è¾“å‡º, ä¸æ»¡batchsizeæ˜¯æ­£å¸¸çš„:
 tensor([[9.9935e-01],
        [9.9904e-01],
        [1.0000e+00],
        [3.1218e-04],
        [9.9975e-01],
        [1.2757e-05],
        [1.4390e-02],
        [1.1697e-03],
        [9.9770e-01],
        [9.9724e-01],
        [1.7306e-05],
        [7.2972e-02]], device='cuda:0', grad_fn=<SigmoidBackward0>)
Epoch [86/100], T_AUC: [4m0.9872[0m
Epoch [86/100], Loss: 46.3861
val_Accuracy: [92m0.7512[0m
val_Precision: [4;34m0.7550[0m,               val_Recall: [4;33m0.7239[0m,                 val_F1 Score: [4;35m0.7344[0m
æ ‡ç­¾é‡Œ1çš„ä¸ªæ•°:  430
æ ‡ç­¾é‡Œ0çš„ä¸ªæ•°:  430
æ€»æ•°:  860
æ­£ç¡®çš„ä¸ªæ•°:  646
Epoch [86/100], V_AUC: [4m0.7472[0m
Epoch [87/100], Loss: 6.6024
train_Accuracy: [91m0.9860[0m
train_Precision: [4;34m0.9875[0m,               train_Recall: [4;33m0.9842[0m,                 train_F1 Score: [4;35m0.9853[0m
æ ‡ç­¾é‡Œ1çš„ä¸ªæ•°:  2150
æ ‡ç­¾é‡Œ0çš„ä¸ªæ•°:  2150
æ€»æ•°:  4300
æ­£ç¡®çš„ä¸ªæ•°:  4240
æœ€åä¸€ä¸ªæ‰¹æ¬¡çš„è¾“å‡º, ä¸æ»¡batchsizeæ˜¯æ­£å¸¸çš„:
 tensor([[9.9840e-01],
        [9.9216e-01],
        [1.0000e+00],
        [4.3661e-05],
        [9.9955e-01],
        [8.9625e-06],
        [1.1985e-01],
        [7.5731e-04],
        [9.9770e-01],
        [9.9829e-01],
        [1.1858e-04],
        [5.0461e-02]], device='cuda:0', grad_fn=<SigmoidBackward0>)
Epoch [87/100], T_AUC: [4m0.9871[0m
Epoch [87/100], Loss: 46.6723
val_Accuracy: [92m0.7337[0m
val_Precision: [4;34m0.7433[0m,               val_Recall: [4;33m0.7017[0m,                 val_F1 Score: [4;35m0.7158[0m
æ ‡ç­¾é‡Œ1çš„ä¸ªæ•°:  430
æ ‡ç­¾é‡Œ0çš„ä¸ªæ•°:  430
æ€»æ•°:  860
æ­£ç¡®çš„ä¸ªæ•°:  631
Epoch [87/100], V_AUC: [4m0.7321[0m
Epoch [88/100], Loss: 5.6610
train_Accuracy: [91m0.9879[0m
train_Precision: [4;34m0.9905[0m,               train_Recall: [4;33m0.9860[0m,                 train_F1 Score: [4;35m0.9879[0m
æ ‡ç­¾é‡Œ1çš„ä¸ªæ•°:  2150
æ ‡ç­¾é‡Œ0çš„ä¸ªæ•°:  2150
æ€»æ•°:  4300
æ­£ç¡®çš„ä¸ªæ•°:  4248
æœ€åä¸€ä¸ªæ‰¹æ¬¡çš„è¾“å‡º, ä¸æ»¡batchsizeæ˜¯æ­£å¸¸çš„:
 tensor([[9.9956e-01],
        [9.9988e-01],
        [1.0000e+00],
        [3.1911e-05],
        [9.9148e-01],
        [6.9884e-06],
        [2.5849e-02],
        [2.9079e-04],
        [9.9753e-01],
        [9.8637e-01],
        [2.4077e-04],
        [3.7858e-01]], device='cuda:0', grad_fn=<SigmoidBackward0>)
Epoch [88/100], T_AUC: [4m0.9886[0m
Epoch [88/100], Loss: 50.9759
val_Accuracy: [92m0.7430[0m
val_Precision: [4;34m0.7416[0m,               val_Recall: [4;33m0.7286[0m,                 val_F1 Score: [4;35m0.7313[0m
æ ‡ç­¾é‡Œ1çš„ä¸ªæ•°:  430
æ ‡ç­¾é‡Œ0çš„ä¸ªæ•°:  430
æ€»æ•°:  860
æ­£ç¡®çš„ä¸ªæ•°:  639
Epoch [88/100], V_AUC: [4m0.7416[0m
Epoch [89/100], Loss: 5.1022
train_Accuracy: [91m0.9933[0m
train_Precision: [4;34m0.9936[0m,               train_Recall: [4;33m0.9935[0m,                 train_F1 Score: [4;35m0.9933[0m
æ ‡ç­¾é‡Œ1çš„ä¸ªæ•°:  2150
æ ‡ç­¾é‡Œ0çš„ä¸ªæ•°:  2150
æ€»æ•°:  4300
æ­£ç¡®çš„ä¸ªæ•°:  4271
æœ€åä¸€ä¸ªæ‰¹æ¬¡çš„è¾“å‡º, ä¸æ»¡batchsizeæ˜¯æ­£å¸¸çš„:
 tensor([[9.9864e-01],
        [9.9570e-01],
        [1.0000e+00],
        [4.9611e-05],
        [9.9956e-01],
        [3.2752e-05],
        [1.2369e-02],
        [2.3015e-04],
        [9.9688e-01],
        [9.9909e-01],
        [3.3778e-03],
        [1.3129e-01]], device='cuda:0', grad_fn=<SigmoidBackward0>)
Epoch [89/100], T_AUC: [4m0.9939[0m
Epoch [89/100], Loss: 50.1565
val_Accuracy: [92m0.7256[0m
val_Precision: [4;34m0.7154[0m,               val_Recall: [4;33m0.7378[0m,                 val_F1 Score: [4;35m0.7216[0m
æ ‡ç­¾é‡Œ1çš„ä¸ªæ•°:  430
æ ‡ç­¾é‡Œ0çš„ä¸ªæ•°:  430
æ€»æ•°:  860
æ­£ç¡®çš„ä¸ªæ•°:  624
Epoch [89/100], V_AUC: [4m0.7248[0m
Epoch [90/100], Loss: 4.3317
train_Accuracy: [91m0.9942[0m
train_Precision: [4;34m0.9957[0m,               train_Recall: [4;33m0.9932[0m,                 train_F1 Score: [4;35m0.9943[0m
æ ‡ç­¾é‡Œ1çš„ä¸ªæ•°:  2150
æ ‡ç­¾é‡Œ0çš„ä¸ªæ•°:  2150
æ€»æ•°:  4300
æ­£ç¡®çš„ä¸ªæ•°:  4275
æœ€åä¸€ä¸ªæ‰¹æ¬¡çš„è¾“å‡º, ä¸æ»¡batchsizeæ˜¯æ­£å¸¸çš„:
 tensor([[9.9974e-01],
        [9.9984e-01],
        [1.0000e+00],
        [3.9711e-05],
        [9.9157e-01],
        [1.0707e-06],
        [3.2264e-02],
        [5.1447e-04],
        [9.9849e-01],
        [9.9764e-01],
        [7.9871e-04],
        [5.9931e-02]], device='cuda:0', grad_fn=<SigmoidBackward0>)
Epoch [90/100], T_AUC: [4m0.9946[0m
Epoch [90/100], Loss: 53.3078
val_Accuracy: [92m0.7465[0m
val_Precision: [4;34m0.7473[0m,               val_Recall: [4;33m0.7328[0m,                 val_F1 Score: [4;35m0.7355[0m
æ ‡ç­¾é‡Œ1çš„ä¸ªæ•°:  430
æ ‡ç­¾é‡Œ0çš„ä¸ªæ•°:  430
æ€»æ•°:  860
æ­£ç¡®çš„ä¸ªæ•°:  642
Epoch [90/100], V_AUC: [4m0.7443[0m
Epoch [91/100], Loss: 12.1140
train_Accuracy: [91m0.9658[0m
train_Precision: [4;34m0.9648[0m,               train_Recall: [4;33m0.9680[0m,                 train_F1 Score: [4;35m0.9649[0m
æ ‡ç­¾é‡Œ1çš„ä¸ªæ•°:  2150
æ ‡ç­¾é‡Œ0çš„ä¸ªæ•°:  2150
æ€»æ•°:  4300
æ­£ç¡®çš„ä¸ªæ•°:  4153
æœ€åä¸€ä¸ªæ‰¹æ¬¡çš„è¾“å‡º, ä¸æ»¡batchsizeæ˜¯æ­£å¸¸çš„:
 tensor([[9.9982e-01],
        [9.9992e-01],
        [1.0000e+00],
        [2.1515e-05],
        [9.9971e-01],
        [6.2703e-07],
        [7.2067e-03],
        [1.4669e-02],
        [9.9741e-01],
        [9.9579e-01],
        [1.4821e-06],
        [5.1618e-01]], device='cuda:0', grad_fn=<SigmoidBackward0>)
Epoch [91/100], T_AUC: [4m0.9676[0m
Epoch [91/100], Loss: 54.6138
val_Accuracy: [92m0.7244[0m
val_Precision: [4;34m0.7310[0m,               val_Recall: [4;33m0.7065[0m,                 val_F1 Score: [4;35m0.7130[0m
æ ‡ç­¾é‡Œ1çš„ä¸ªæ•°:  430
æ ‡ç­¾é‡Œ0çš„ä¸ªæ•°:  430
æ€»æ•°:  860
æ­£ç¡®çš„ä¸ªæ•°:  623
Epoch [91/100], V_AUC: [4m0.7233[0m
Epoch [92/100], Loss: 26.2579
train_Accuracy: [91m0.9230[0m
train_Precision: [4;34m0.9242[0m,               train_Recall: [4;33m0.9254[0m,                 train_F1 Score: [4;35m0.9223[0m
æ ‡ç­¾é‡Œ1çš„ä¸ªæ•°:  2150
æ ‡ç­¾é‡Œ0çš„ä¸ªæ•°:  2150
æ€»æ•°:  4300
æ­£ç¡®çš„ä¸ªæ•°:  3969
æœ€åä¸€ä¸ªæ‰¹æ¬¡çš„è¾“å‡º, ä¸æ»¡batchsizeæ˜¯æ­£å¸¸çš„:
 tensor([[9.9915e-01],
        [9.9757e-01],
        [1.0000e+00],
        [1.0994e-04],
        [9.9096e-01],
        [8.7817e-07],
        [3.3802e-02],
        [2.5461e-02],
        [6.8476e-01],
        [9.9945e-01],
        [1.2939e-03],
        [3.9224e-01]], device='cuda:0', grad_fn=<SigmoidBackward0>)
Epoch [92/100], T_AUC: [4m0.9256[0m
Epoch [92/100], Loss: 45.4161
val_Accuracy: [92m0.7500[0m
val_Precision: [4;34m0.7791[0m,               val_Recall: [4;33m0.6771[0m,                 val_F1 Score: [4;35m0.7218[0m
æ ‡ç­¾é‡Œ1çš„ä¸ªæ•°:  430
æ ‡ç­¾é‡Œ0çš„ä¸ªæ•°:  430
æ€»æ•°:  860
æ­£ç¡®çš„ä¸ªæ•°:  645
Epoch [92/100], V_AUC: [4m0.7454[0m
Epoch [93/100], Loss: 28.5369
train_Accuracy: [91m0.9181[0m
train_Precision: [4;34m0.9229[0m,               train_Recall: [4;33m0.9170[0m,                 train_F1 Score: [4;35m0.9172[0m
æ ‡ç­¾é‡Œ1çš„ä¸ªæ•°:  2150
æ ‡ç­¾é‡Œ0çš„ä¸ªæ•°:  2150
æ€»æ•°:  4300
æ­£ç¡®çš„ä¸ªæ•°:  3948
æœ€åä¸€ä¸ªæ‰¹æ¬¡çš„è¾“å‡º, ä¸æ»¡batchsizeæ˜¯æ­£å¸¸çš„:
 tensor([[9.9804e-01],
        [9.9999e-01],
        [1.0000e+00],
        [1.1523e-04],
        [9.9688e-01],
        [4.5185e-06],
        [2.0788e-02],
        [6.6150e-02],
        [9.5679e-01],
        [9.9988e-01],
        [7.3155e-07],
        [5.5281e-02]], device='cuda:0', grad_fn=<SigmoidBackward0>)
Epoch [93/100], T_AUC: [4m0.9214[0m
Epoch [93/100], Loss: 40.5679
val_Accuracy: [92m0.7581[0m
val_Precision: [4;34m0.7709[0m,               val_Recall: [4;33m0.7270[0m,                 val_F1 Score: [4;35m0.7414[0m
æ ‡ç­¾é‡Œ1çš„ä¸ªæ•°:  430
æ ‡ç­¾é‡Œ0çš„ä¸ªæ•°:  430
æ€»æ•°:  860
æ­£ç¡®çš„ä¸ªæ•°:  652
Epoch [93/100], V_AUC: [4m0.7544[0m
Epoch [94/100], Loss: 18.4025
train_Accuracy: [91m0.9488[0m
train_Precision: [4;34m0.9552[0m,               train_Recall: [4;33m0.9454[0m,                 train_F1 Score: [4;35m0.9482[0m
æ ‡ç­¾é‡Œ1çš„ä¸ªæ•°:  2150
æ ‡ç­¾é‡Œ0çš„ä¸ªæ•°:  2150
æ€»æ•°:  4300
æ­£ç¡®çš„ä¸ªæ•°:  4080
æœ€åä¸€ä¸ªæ‰¹æ¬¡çš„è¾“å‡º, ä¸æ»¡batchsizeæ˜¯æ­£å¸¸çš„:
 tensor([[9.9638e-01],
        [9.9981e-01],
        [1.0000e+00],
        [4.0603e-04],
        [9.8588e-01],
        [1.3552e-06],
        [9.4677e-02],
        [4.3593e-02],
        [9.0333e-01],
        [9.9782e-01],
        [5.6731e-04],
        [2.4604e-01]], device='cuda:0', grad_fn=<SigmoidBackward0>)
Epoch [94/100], T_AUC: [4m0.9521[0m
Epoch [94/100], Loss: 38.6419
val_Accuracy: [92m0.7430[0m
val_Precision: [4;34m0.7510[0m,               val_Recall: [4;33m0.7170[0m,                 val_F1 Score: [4;35m0.7279[0m
æ ‡ç­¾é‡Œ1çš„ä¸ªæ•°:  430
æ ‡ç­¾é‡Œ0çš„ä¸ªæ•°:  430
æ€»æ•°:  860
æ­£ç¡®çš„ä¸ªæ•°:  639
Epoch [94/100], V_AUC: [4m0.7396[0m
Epoch [95/100], Loss: 10.8701
train_Accuracy: [91m0.9737[0m
train_Precision: [4;34m0.9786[0m,               train_Recall: [4;33m0.9715[0m,                 train_F1 Score: [4;35m0.9742[0m
æ ‡ç­¾é‡Œ1çš„ä¸ªæ•°:  2150
æ ‡ç­¾é‡Œ0çš„ä¸ªæ•°:  2150
æ€»æ•°:  4300
æ­£ç¡®çš„ä¸ªæ•°:  4187
æœ€åä¸€ä¸ªæ‰¹æ¬¡çš„è¾“å‡º, ä¸æ»¡batchsizeæ˜¯æ­£å¸¸çš„:
 tensor([[9.9926e-01],
        [9.9683e-01],
        [9.9982e-01],
        [6.0470e-04],
        [9.9854e-01],
        [1.3791e-04],
        [8.8134e-04],
        [6.6400e-03],
        [9.9845e-01],
        [9.9848e-01],
        [3.8565e-03],
        [7.9285e-02]], device='cuda:0', grad_fn=<SigmoidBackward0>)
Epoch [95/100], T_AUC: [4m0.9753[0m
Epoch [95/100], Loss: 43.9112
val_Accuracy: [92m0.7395[0m
val_Precision: [4;34m0.7448[0m,               val_Recall: [4;33m0.7104[0m,                 val_F1 Score: [4;35m0.7220[0m
æ ‡ç­¾é‡Œ1çš„ä¸ªæ•°:  430
æ ‡ç­¾é‡Œ0çš„ä¸ªæ•°:  430
æ€»æ•°:  860
æ­£ç¡®çš„ä¸ªæ•°:  636
Epoch [95/100], V_AUC: [4m0.7361[0m
Epoch [96/100], Loss: 7.5439
train_Accuracy: [91m0.9837[0m
train_Precision: [4;34m0.9846[0m,               train_Recall: [4;33m0.9833[0m,                 train_F1 Score: [4;35m0.9832[0m
æ ‡ç­¾é‡Œ1çš„ä¸ªæ•°:  2150
æ ‡ç­¾é‡Œ0çš„ä¸ªæ•°:  2150
æ€»æ•°:  4300
æ­£ç¡®çš„ä¸ªæ•°:  4230
æœ€åä¸€ä¸ªæ‰¹æ¬¡çš„è¾“å‡º, ä¸æ»¡batchsizeæ˜¯æ­£å¸¸çš„:
 tensor([[9.9991e-01],
        [9.9038e-01],
        [9.9974e-01],
        [9.7483e-04],
        [9.8980e-01],
        [1.3936e-04],
        [4.2956e-02],
        [3.7975e-03],
        [9.9892e-01],
        [9.9925e-01],
        [8.7880e-05],
        [1.5121e-01]], device='cuda:0', grad_fn=<SigmoidBackward0>)
Epoch [96/100], T_AUC: [4m0.9851[0m
Epoch [96/100], Loss: 46.7538
val_Accuracy: [92m0.7395[0m
val_Precision: [4;34m0.7397[0m,               val_Recall: [4;33m0.7266[0m,                 val_F1 Score: [4;35m0.7281[0m
æ ‡ç­¾é‡Œ1çš„ä¸ªæ•°:  430
æ ‡ç­¾é‡Œ0çš„ä¸ªæ•°:  430
æ€»æ•°:  860
æ­£ç¡®çš„ä¸ªæ•°:  636
Epoch [96/100], V_AUC: [4m0.7367[0m
Epoch [97/100], Loss: 5.7592
train_Accuracy: [91m0.9898[0m
train_Precision: [4;34m0.9889[0m,               train_Recall: [4;33m0.9910[0m,                 train_F1 Score: [4;35m0.9896[0m
æ ‡ç­¾é‡Œ1çš„ä¸ªæ•°:  2150
æ ‡ç­¾é‡Œ0çš„ä¸ªæ•°:  2150
æ€»æ•°:  4300
æ­£ç¡®çš„ä¸ªæ•°:  4256
æœ€åä¸€ä¸ªæ‰¹æ¬¡çš„è¾“å‡º, ä¸æ»¡batchsizeæ˜¯æ­£å¸¸çš„:
 tensor([[9.9980e-01],
        [9.8938e-01],
        [9.9988e-01],
        [3.7713e-04],
        [9.9777e-01],
        [2.8590e-04],
        [1.4909e-02],
        [1.1475e-02],
        [9.9939e-01],
        [9.9918e-01],
        [1.8757e-05],
        [1.0957e-01]], device='cuda:0', grad_fn=<SigmoidBackward0>)
Epoch [97/100], T_AUC: [4m0.9905[0m
Epoch [97/100], Loss: 44.8956
val_Accuracy: [92m0.7453[0m
val_Precision: [4;34m0.7533[0m,               val_Recall: [4;33m0.7186[0m,                 val_F1 Score: [4;35m0.7310[0m
æ ‡ç­¾é‡Œ1çš„ä¸ªæ•°:  430
æ ‡ç­¾é‡Œ0çš„ä¸ªæ•°:  430
æ€»æ•°:  860
æ­£ç¡®çš„ä¸ªæ•°:  641
Epoch [97/100], V_AUC: [4m0.7424[0m
Epoch [98/100], Loss: 4.8043
train_Accuracy: [91m0.9949[0m
train_Precision: [4;34m0.9941[0m,               train_Recall: [4;33m0.9957[0m,                 train_F1 Score: [4;35m0.9948[0m
æ ‡ç­¾é‡Œ1çš„ä¸ªæ•°:  2150
æ ‡ç­¾é‡Œ0çš„ä¸ªæ•°:  2150
æ€»æ•°:  4300
æ­£ç¡®çš„ä¸ªæ•°:  4278
æœ€åä¸€ä¸ªæ‰¹æ¬¡çš„è¾“å‡º, ä¸æ»¡batchsizeæ˜¯æ­£å¸¸çš„:
 tensor([[9.9952e-01],
        [9.9996e-01],
        [9.9999e-01],
        [2.7930e-04],
        [9.7463e-01],
        [8.0543e-05],
        [1.5465e-02],
        [5.0147e-03],
        [9.9916e-01],
        [9.9874e-01],
        [3.1843e-05],
        [1.6957e-02]], device='cuda:0', grad_fn=<SigmoidBackward0>)
Epoch [98/100], T_AUC: [4m0.9952[0m
Epoch [98/100], Loss: 46.6192
val_Accuracy: [92m0.7151[0m
val_Precision: [4;34m0.7315[0m,               val_Recall: [4;33m0.6662[0m,                 val_F1 Score: [4;35m0.6913[0m
æ ‡ç­¾é‡Œ1çš„ä¸ªæ•°:  430
æ ‡ç­¾é‡Œ0çš„ä¸ªæ•°:  430
æ€»æ•°:  860
æ­£ç¡®çš„ä¸ªæ•°:  615
Epoch [98/100], V_AUC: [4m0.7105[0m
Epoch [99/100], Loss: 4.1151
train_Accuracy: [91m0.9963[0m
train_Precision: [4;34m0.9947[0m,               train_Recall: [4;33m0.9978[0m,                 train_F1 Score: [4;35m0.9961[0m
æ ‡ç­¾é‡Œ1çš„ä¸ªæ•°:  2150
æ ‡ç­¾é‡Œ0çš„ä¸ªæ•°:  2150
æ€»æ•°:  4300
æ­£ç¡®çš„ä¸ªæ•°:  4284
æœ€åä¸€ä¸ªæ‰¹æ¬¡çš„è¾“å‡º, ä¸æ»¡batchsizeæ˜¯æ­£å¸¸çš„:
 tensor([[9.9992e-01],
        [9.8332e-01],
        [9.9999e-01],
        [3.0386e-04],
        [9.9690e-01],
        [8.0223e-05],
        [2.0519e-02],
        [9.6294e-04],
        [9.9819e-01],
        [9.9949e-01],
        [4.2486e-05],
        [1.0210e-01]], device='cuda:0', grad_fn=<SigmoidBackward0>)
Epoch [99/100], T_AUC: [4m0.9964[0m
Epoch [99/100], Loss: 46.0014
val_Accuracy: [92m0.7442[0m
val_Precision: [4;34m0.7431[0m,               val_Recall: [4;33m0.7329[0m,                 val_F1 Score: [4;35m0.7349[0m
æ ‡ç­¾é‡Œ1çš„ä¸ªæ•°:  430
æ ‡ç­¾é‡Œ0çš„ä¸ªæ•°:  430
æ€»æ•°:  860
æ­£ç¡®çš„ä¸ªæ•°:  640
Epoch [99/100], V_AUC: [4m0.7407[0m
Epoch [100/100], Loss: 3.2141
train_Accuracy: [91m0.9974[0m
train_Precision: [4;34m0.9976[0m,               train_Recall: [4;33m0.9973[0m,                 train_F1 Score: [4;35m0.9974[0m
æ ‡ç­¾é‡Œ1çš„ä¸ªæ•°:  2150
æ ‡ç­¾é‡Œ0çš„ä¸ªæ•°:  2150
æ€»æ•°:  4300
æ­£ç¡®çš„ä¸ªæ•°:  4289
æœ€åä¸€ä¸ªæ‰¹æ¬¡çš„è¾“å‡º, ä¸æ»¡batchsizeæ˜¯æ­£å¸¸çš„:
 tensor([[9.9989e-01],
        [9.8695e-01],
        [1.0000e+00],
        [1.3417e-04],
        [9.9546e-01],
        [9.0016e-05],
        [4.9592e-03],
        [5.7373e-04],
        [9.9782e-01],
        [9.9966e-01],
        [1.6121e-03],
        [1.6154e-02]], device='cuda:0', grad_fn=<SigmoidBackward0>)
Epoch [100/100], T_AUC: [4m0.9976[0m
Epoch [100/100], Loss: 49.9443
val_Accuracy: [92m0.7430[0m
val_Precision: [4;34m0.7450[0m,               val_Recall: [4;33m0.7302[0m,                 val_F1 Score: [4;35m0.7333[0m
æ ‡ç­¾é‡Œ1çš„ä¸ªæ•°:  430
æ ‡ç­¾é‡Œ0çš„ä¸ªæ•°:  430
æ€»æ•°:  860
æ­£ç¡®çš„ä¸ªæ•°:  639
Epoch [100/100], V_AUC: [4m0.7408[0m
ç¬¬0æ‰¹ç¬¬2ä¸ª, 100
ç¬¬0æ‰¹ç¬¬15ä¸ª, 100
ç¬¬1æ‰¹ç¬¬0ä¸ª, 100
ç¬¬1æ‰¹ç¬¬6ä¸ª, 100
ç¬¬1æ‰¹ç¬¬16ä¸ª, 100
send email successfully
