2024-06-25-00:52:43
1æ’åº128-0.5
åˆ›å»ºæ¨¡å‹å®ä¾‹
æ¨¡å‹å®ä¾‹åˆ›å»ºå®Œæˆ
åŠ è½½é¢„è®­ç»ƒå‚æ•°
é¢„è®­ç»ƒå‚æ•°åŠ è½½å®Œæˆ
Epoch [1/100], Loss: 59.8384
train_Accuracy: [91m0.8053[0m
train_Precision: [4;34m0.8281[0m,               train_Recall: [4;33m0.7809[0m,                 train_F1 Score: [4;35m0.7987[0m
æ ‡ç­¾é‡Œ1çš„ä¸ªæ•°:  2150
æ ‡ç­¾é‡Œ0çš„ä¸ªæ•°:  2150
æ€»æ•°:  4300
æ­£ç¡®çš„ä¸ªæ•°:  3463
æœ€åä¸€ä¸ªæ‰¹æ¬¡çš„è¾“å‡º, ä¸æ»¡batchsizeæ˜¯æ­£å¸¸çš„:
 tensor([[0.9049],
        [0.8294],
        [0.9653],
        [0.1685],
        [0.7749],
        [0.1743],
        [0.5252],
        [0.3756],
        [0.4817],
        [0.9059],
        [0.0424],
        [0.0629]], device='cuda:0', grad_fn=<SigmoidBackward0>)
Epoch [1/100], T_AUC: [4m0.8108[0m
Epoch [1/100], Loss: 13.3549
val_Accuracy: [92m0.8012[0m
val_Precision: [4;34m0.8233[0m,               val_Recall: [4;33m0.7616[0m,                 val_F1 Score: [4;35m0.7860[0m
æ ‡ç­¾é‡Œ1çš„ä¸ªæ•°:  430
æ ‡ç­¾é‡Œ0çš„ä¸ªæ•°:  430
æ€»æ•°:  860
æ­£ç¡®çš„ä¸ªæ•°:  689
Epoch [1/100], V_AUC: [4m0.7974[0m
Epoch [2/100], Loss: 57.9714
train_Accuracy: [91m0.8133[0m
train_Precision: [4;34m0.8369[0m,               train_Recall: [4;33m0.7895[0m,                 train_F1 Score: [4;35m0.8073[0m
æ ‡ç­¾é‡Œ1çš„ä¸ªæ•°:  2150
æ ‡ç­¾é‡Œ0çš„ä¸ªæ•°:  2150
æ€»æ•°:  4300
æ­£ç¡®çš„ä¸ªæ•°:  3497
æœ€åä¸€ä¸ªæ‰¹æ¬¡çš„è¾“å‡º, ä¸æ»¡batchsizeæ˜¯æ­£å¸¸çš„:
 tensor([[0.8955],
        [0.8154],
        [0.9685],
        [0.1392],
        [0.8151],
        [0.1557],
        [0.4534],
        [0.3914],
        [0.5327],
        [0.9116],
        [0.0340],
        [0.0958]], device='cuda:0', grad_fn=<SigmoidBackward0>)
Epoch [2/100], T_AUC: [4m0.8200[0m
Epoch [2/100], Loss: 13.3926
val_Accuracy: [92m0.7965[0m
val_Precision: [4;34m0.8232[0m,               val_Recall: [4;33m0.7496[0m,                 val_F1 Score: [4;35m0.7782[0m
æ ‡ç­¾é‡Œ1çš„ä¸ªæ•°:  430
æ ‡ç­¾é‡Œ0çš„ä¸ªæ•°:  430
æ€»æ•°:  860
æ­£ç¡®çš„ä¸ªæ•°:  685
Epoch [2/100], V_AUC: [4m0.7927[0m
Epoch [3/100], Loss: 57.3879
train_Accuracy: [91m0.8135[0m
train_Precision: [4;34m0.8366[0m,               train_Recall: [4;33m0.7893[0m,                 train_F1 Score: [4;35m0.8073[0m
æ ‡ç­¾é‡Œ1çš„ä¸ªæ•°:  2150
æ ‡ç­¾é‡Œ0çš„ä¸ªæ•°:  2150
æ€»æ•°:  4300
æ­£ç¡®çš„ä¸ªæ•°:  3498
æœ€åä¸€ä¸ªæ‰¹æ¬¡çš„è¾“å‡º, ä¸æ»¡batchsizeæ˜¯æ­£å¸¸çš„:
 tensor([[0.8880],
        [0.8176],
        [0.9746],
        [0.1406],
        [0.7815],
        [0.1415],
        [0.4758],
        [0.3784],
        [0.5660],
        [0.9027],
        [0.0343],
        [0.1099]], device='cuda:0', grad_fn=<SigmoidBackward0>)
Epoch [3/100], T_AUC: [4m0.8200[0m
Epoch [3/100], Loss: 13.3753
val_Accuracy: [92m0.8023[0m
val_Precision: [4;34m0.8293[0m,               val_Recall: [4;33m0.7549[0m,                 val_F1 Score: [4;35m0.7848[0m
æ ‡ç­¾é‡Œ1çš„ä¸ªæ•°:  430
æ ‡ç­¾é‡Œ0çš„ä¸ªæ•°:  430
æ€»æ•°:  860
æ­£ç¡®çš„ä¸ªæ•°:  690
Epoch [3/100], V_AUC: [4m0.7987[0m
Epoch [4/100], Loss: 56.9329
train_Accuracy: [91m0.8165[0m
train_Precision: [4;34m0.8410[0m,               train_Recall: [4;33m0.7924[0m,                 train_F1 Score: [4;35m0.8110[0m
æ ‡ç­¾é‡Œ1çš„ä¸ªæ•°:  2150
æ ‡ç­¾é‡Œ0çš„ä¸ªæ•°:  2150
æ€»æ•°:  4300
æ­£ç¡®çš„ä¸ªæ•°:  3511
æœ€åä¸€ä¸ªæ‰¹æ¬¡çš„è¾“å‡º, ä¸æ»¡batchsizeæ˜¯æ­£å¸¸çš„:
 tensor([[0.8788],
        [0.8102],
        [0.9770],
        [0.1562],
        [0.7863],
        [0.1607],
        [0.4382],
        [0.4275],
        [0.5613],
        [0.9013],
        [0.0520],
        [0.0623]], device='cuda:0', grad_fn=<SigmoidBackward0>)
Epoch [4/100], T_AUC: [4m0.8230[0m
Epoch [4/100], Loss: 13.3833
val_Accuracy: [92m0.7965[0m
val_Precision: [4;34m0.8249[0m,               val_Recall: [4;33m0.7449[0m,                 val_F1 Score: [4;35m0.7777[0m
æ ‡ç­¾é‡Œ1çš„ä¸ªæ•°:  430
æ ‡ç­¾é‡Œ0çš„ä¸ªæ•°:  430
æ€»æ•°:  860
æ­£ç¡®çš„ä¸ªæ•°:  685
Epoch [4/100], V_AUC: [4m0.7936[0m
Epoch [5/100], Loss: 56.3912
train_Accuracy: [91m0.8205[0m
train_Precision: [4;34m0.8436[0m,               train_Recall: [4;33m0.7970[0m,                 train_F1 Score: [4;35m0.8146[0m
æ ‡ç­¾é‡Œ1çš„ä¸ªæ•°:  2150
æ ‡ç­¾é‡Œ0çš„ä¸ªæ•°:  2150
æ€»æ•°:  4300
æ­£ç¡®çš„ä¸ªæ•°:  3528
æœ€åä¸€ä¸ªæ‰¹æ¬¡çš„è¾“å‡º, ä¸æ»¡batchsizeæ˜¯æ­£å¸¸çš„:
 tensor([[0.8648],
        [0.8042],
        [0.9850],
        [0.1396],
        [0.8205],
        [0.1504],
        [0.4044],
        [0.3838],
        [0.5834],
        [0.8995],
        [0.0507],
        [0.0630]], device='cuda:0', grad_fn=<SigmoidBackward0>)
Epoch [5/100], T_AUC: [4m0.8270[0m
Epoch [5/100], Loss: 13.6362
val_Accuracy: [92m0.7965[0m
val_Precision: [4;34m0.8194[0m,               val_Recall: [4;33m0.7519[0m,                 val_F1 Score: [4;35m0.7785[0m
æ ‡ç­¾é‡Œ1çš„ä¸ªæ•°:  430
æ ‡ç­¾é‡Œ0çš„ä¸ªæ•°:  430
æ€»æ•°:  860
æ­£ç¡®çš„ä¸ªæ•°:  685
Epoch [5/100], V_AUC: [4m0.7938[0m
Epoch [6/100], Loss: 56.1460
train_Accuracy: [91m0.8230[0m
train_Precision: [4;34m0.8469[0m,               train_Recall: [4;33m0.7994[0m,                 train_F1 Score: [4;35m0.8174[0m
æ ‡ç­¾é‡Œ1çš„ä¸ªæ•°:  2150
æ ‡ç­¾é‡Œ0çš„ä¸ªæ•°:  2150
æ€»æ•°:  4300
æ­£ç¡®çš„ä¸ªæ•°:  3539
æœ€åä¸€ä¸ªæ‰¹æ¬¡çš„è¾“å‡º, ä¸æ»¡batchsizeæ˜¯æ­£å¸¸çš„:
 tensor([[0.8882],
        [0.8391],
        [0.9831],
        [0.1293],
        [0.8133],
        [0.1300],
        [0.3930],
        [0.3955],
        [0.6153],
        [0.8907],
        [0.0474],
        [0.0662]], device='cuda:0', grad_fn=<SigmoidBackward0>)
Epoch [6/100], T_AUC: [4m0.8293[0m
Epoch [6/100], Loss: 13.8849
val_Accuracy: [92m0.7942[0m
val_Precision: [4;34m0.8225[0m,               val_Recall: [4;33m0.7389[0m,                 val_F1 Score: [4;35m0.7732[0m
æ ‡ç­¾é‡Œ1çš„ä¸ªæ•°:  430
æ ‡ç­¾é‡Œ0çš„ä¸ªæ•°:  430
æ€»æ•°:  860
æ­£ç¡®çš„ä¸ªæ•°:  683
Epoch [6/100], V_AUC: [4m0.7905[0m
Epoch [7/100], Loss: 55.5686
train_Accuracy: [91m0.8230[0m
train_Precision: [4;34m0.8468[0m,               train_Recall: [4;33m0.7991[0m,                 train_F1 Score: [4;35m0.8168[0m
æ ‡ç­¾é‡Œ1çš„ä¸ªæ•°:  2150
æ ‡ç­¾é‡Œ0çš„ä¸ªæ•°:  2150
æ€»æ•°:  4300
æ­£ç¡®çš„ä¸ªæ•°:  3539
æœ€åä¸€ä¸ªæ‰¹æ¬¡çš„è¾“å‡º, ä¸æ»¡batchsizeæ˜¯æ­£å¸¸çš„:
 tensor([[0.8717],
        [0.8684],
        [0.9888],
        [0.1269],
        [0.8180],
        [0.1247],
        [0.3637],
        [0.3648],
        [0.6380],
        [0.8606],
        [0.0422],
        [0.0739]], device='cuda:0', grad_fn=<SigmoidBackward0>)
Epoch [7/100], T_AUC: [4m0.8298[0m
Epoch [7/100], Loss: 14.0886
val_Accuracy: [92m0.7977[0m
val_Precision: [4;34m0.8284[0m,               val_Recall: [4;33m0.7425[0m,                 val_F1 Score: [4;35m0.7775[0m
æ ‡ç­¾é‡Œ1çš„ä¸ªæ•°:  430
æ ‡ç­¾é‡Œ0çš„ä¸ªæ•°:  430
æ€»æ•°:  860
æ­£ç¡®çš„ä¸ªæ•°:  686
Epoch [7/100], V_AUC: [4m0.7943[0m
Epoch [8/100], Loss: 55.0441
train_Accuracy: [91m0.8251[0m
train_Precision: [4;34m0.8503[0m,               train_Recall: [4;33m0.8003[0m,                 train_F1 Score: [4;35m0.8188[0m
æ ‡ç­¾é‡Œ1çš„ä¸ªæ•°:  2150
æ ‡ç­¾é‡Œ0çš„ä¸ªæ•°:  2150
æ€»æ•°:  4300
æ­£ç¡®çš„ä¸ªæ•°:  3548
æœ€åä¸€ä¸ªæ‰¹æ¬¡çš„è¾“å‡º, ä¸æ»¡batchsizeæ˜¯æ­£å¸¸çš„:
 tensor([[0.8493],
        [0.8122],
        [0.9865],
        [0.1301],
        [0.9036],
        [0.0824],
        [0.3410],
        [0.4245],
        [0.6854],
        [0.8754],
        [0.0587],
        [0.0580]], device='cuda:0', grad_fn=<SigmoidBackward0>)
Epoch [8/100], T_AUC: [4m0.8321[0m
Epoch [8/100], Loss: 14.2007
val_Accuracy: [92m0.7919[0m
val_Precision: [4;34m0.8187[0m,               val_Recall: [4;33m0.7402[0m,                 val_F1 Score: [4;35m0.7722[0m
æ ‡ç­¾é‡Œ1çš„ä¸ªæ•°:  430
æ ‡ç­¾é‡Œ0çš„ä¸ªæ•°:  430
æ€»æ•°:  860
æ­£ç¡®çš„ä¸ªæ•°:  681
Epoch [8/100], V_AUC: [4m0.7892[0m
Epoch [9/100], Loss: 54.6888
train_Accuracy: [91m0.8279[0m
train_Precision: [4;34m0.8519[0m,               train_Recall: [4;33m0.8033[0m,                 train_F1 Score: [4;35m0.8214[0m
æ ‡ç­¾é‡Œ1çš„ä¸ªæ•°:  2150
æ ‡ç­¾é‡Œ0çš„ä¸ªæ•°:  2150
æ€»æ•°:  4300
æ­£ç¡®çš„ä¸ªæ•°:  3560
æœ€åä¸€ä¸ªæ‰¹æ¬¡çš„è¾“å‡º, ä¸æ»¡batchsizeæ˜¯æ­£å¸¸çš„:
 tensor([[0.8552],
        [0.8129],
        [0.9801],
        [0.1453],
        [0.9140],
        [0.1071],
        [0.3388],
        [0.3727],
        [0.6174],
        [0.8749],
        [0.0770],
        [0.0648]], device='cuda:0', grad_fn=<SigmoidBackward0>)
Epoch [9/100], T_AUC: [4m0.8345[0m
Epoch [9/100], Loss: 14.4508
val_Accuracy: [92m0.7919[0m
val_Precision: [4;34m0.8218[0m,               val_Recall: [4;33m0.7377[0m,                 val_F1 Score: [4;35m0.7721[0m
æ ‡ç­¾é‡Œ1çš„ä¸ªæ•°:  430
æ ‡ç­¾é‡Œ0çš„ä¸ªæ•°:  430
æ€»æ•°:  860
æ­£ç¡®çš„ä¸ªæ•°:  681
Epoch [9/100], V_AUC: [4m0.7886[0m
Epoch [10/100], Loss: 54.1910
train_Accuracy: [91m0.8284[0m
train_Precision: [4;34m0.8463[0m,               train_Recall: [4;33m0.8106[0m,                 train_F1 Score: [4;35m0.8231[0m
æ ‡ç­¾é‡Œ1çš„ä¸ªæ•°:  2150
æ ‡ç­¾é‡Œ0çš„ä¸ªæ•°:  2150
æ€»æ•°:  4300
æ­£ç¡®çš„ä¸ªæ•°:  3562
æœ€åä¸€ä¸ªæ‰¹æ¬¡çš„è¾“å‡º, ä¸æ»¡batchsizeæ˜¯æ­£å¸¸çš„:
 tensor([[0.8744],
        [0.8530],
        [0.9860],
        [0.1258],
        [0.9190],
        [0.0799],
        [0.3647],
        [0.3237],
        [0.6455],
        [0.8672],
        [0.0445],
        [0.0750]], device='cuda:0', grad_fn=<SigmoidBackward0>)
Epoch [10/100], T_AUC: [4m0.8344[0m
Epoch [10/100], Loss: 14.6283
val_Accuracy: [92m0.7884[0m
val_Precision: [4;34m0.8094[0m,               val_Recall: [4;33m0.7435[0m,                 val_F1 Score: [4;35m0.7696[0m
æ ‡ç­¾é‡Œ1çš„ä¸ªæ•°:  430
æ ‡ç­¾é‡Œ0çš„ä¸ªæ•°:  430
æ€»æ•°:  860
æ­£ç¡®çš„ä¸ªæ•°:  678
Epoch [10/100], V_AUC: [4m0.7855[0m
Epoch [11/100], Loss: 53.6639
train_Accuracy: [91m0.8309[0m
train_Precision: [4;34m0.8521[0m,               train_Recall: [4;33m0.8088[0m,                 train_F1 Score: [4;35m0.8254[0m
æ ‡ç­¾é‡Œ1çš„ä¸ªæ•°:  2150
æ ‡ç­¾é‡Œ0çš„ä¸ªæ•°:  2150
æ€»æ•°:  4300
æ­£ç¡®çš„ä¸ªæ•°:  3573
æœ€åä¸€ä¸ªæ‰¹æ¬¡çš„è¾“å‡º, ä¸æ»¡batchsizeæ˜¯æ­£å¸¸çš„:
 tensor([[0.8880],
        [0.8331],
        [0.9855],
        [0.1196],
        [0.8747],
        [0.1138],
        [0.3891],
        [0.3363],
        [0.6582],
        [0.8813],
        [0.0503],
        [0.0656]], device='cuda:0', grad_fn=<SigmoidBackward0>)
Epoch [11/100], T_AUC: [4m0.8365[0m
Epoch [11/100], Loss: 14.6646
val_Accuracy: [92m0.7907[0m
val_Precision: [4;34m0.8272[0m,               val_Recall: [4;33m0.7262[0m,                 val_F1 Score: [4;35m0.7686[0m
æ ‡ç­¾é‡Œ1çš„ä¸ªæ•°:  430
æ ‡ç­¾é‡Œ0çš„ä¸ªæ•°:  430
æ€»æ•°:  860
æ­£ç¡®çš„ä¸ªæ•°:  680
Epoch [11/100], V_AUC: [4m0.7866[0m
Epoch [12/100], Loss: 53.5301
train_Accuracy: [91m0.8330[0m
train_Precision: [4;34m0.8535[0m,               train_Recall: [4;33m0.8111[0m,                 train_F1 Score: [4;35m0.8271[0m
æ ‡ç­¾é‡Œ1çš„ä¸ªæ•°:  2150
æ ‡ç­¾é‡Œ0çš„ä¸ªæ•°:  2150
æ€»æ•°:  4300
æ­£ç¡®çš„ä¸ªæ•°:  3582
æœ€åä¸€ä¸ªæ‰¹æ¬¡çš„è¾“å‡º, ä¸æ»¡batchsizeæ˜¯æ­£å¸¸çš„:
 tensor([[0.9023],
        [0.7994],
        [0.9864],
        [0.0975],
        [0.9009],
        [0.1010],
        [0.2802],
        [0.3362],
        [0.7052],
        [0.8842],
        [0.0665],
        [0.0729]], device='cuda:0', grad_fn=<SigmoidBackward0>)
Epoch [12/100], T_AUC: [4m0.8388[0m
Epoch [12/100], Loss: 14.9433
val_Accuracy: [92m0.7884[0m
val_Precision: [4;34m0.8135[0m,               val_Recall: [4;33m0.7393[0m,                 val_F1 Score: [4;35m0.7693[0m
æ ‡ç­¾é‡Œ1çš„ä¸ªæ•°:  430
æ ‡ç­¾é‡Œ0çš„ä¸ªæ•°:  430
æ€»æ•°:  860
æ­£ç¡®çš„ä¸ªæ•°:  678
Epoch [12/100], V_AUC: [4m0.7843[0m
Epoch [13/100], Loss: 52.5448
train_Accuracy: [91m0.8365[0m
train_Precision: [4;34m0.8574[0m,               train_Recall: [4;33m0.8150[0m,                 train_F1 Score: [4;35m0.8309[0m
æ ‡ç­¾é‡Œ1çš„ä¸ªæ•°:  2150
æ ‡ç­¾é‡Œ0çš„ä¸ªæ•°:  2150
æ€»æ•°:  4300
æ­£ç¡®çš„ä¸ªæ•°:  3597
æœ€åä¸€ä¸ªæ‰¹æ¬¡çš„è¾“å‡º, ä¸æ»¡batchsizeæ˜¯æ­£å¸¸çš„:
 tensor([[0.8717],
        [0.8518],
        [0.9901],
        [0.0893],
        [0.9172],
        [0.0825],
        [0.2744],
        [0.2954],
        [0.7626],
        [0.8909],
        [0.0511],
        [0.0663]], device='cuda:0', grad_fn=<SigmoidBackward0>)
Epoch [13/100], T_AUC: [4m0.8420[0m
Epoch [13/100], Loss: 15.1776
val_Accuracy: [92m0.7919[0m
val_Precision: [4;34m0.8262[0m,               val_Recall: [4;33m0.7310[0m,                 val_F1 Score: [4;35m0.7708[0m
æ ‡ç­¾é‡Œ1çš„ä¸ªæ•°:  430
æ ‡ç­¾é‡Œ0çš„ä¸ªæ•°:  430
æ€»æ•°:  860
æ­£ç¡®çš„ä¸ªæ•°:  681
Epoch [13/100], V_AUC: [4m0.7887[0m
Epoch [14/100], Loss: 51.9027
train_Accuracy: [91m0.8393[0m
train_Precision: [4;34m0.8580[0m,               train_Recall: [4;33m0.8206[0m,                 train_F1 Score: [4;35m0.8342[0m
æ ‡ç­¾é‡Œ1çš„ä¸ªæ•°:  2150
æ ‡ç­¾é‡Œ0çš„ä¸ªæ•°:  2150
æ€»æ•°:  4300
æ­£ç¡®çš„ä¸ªæ•°:  3609
æœ€åä¸€ä¸ªæ‰¹æ¬¡çš„è¾“å‡º, ä¸æ»¡batchsizeæ˜¯æ­£å¸¸çš„:
 tensor([[0.9036],
        [0.8951],
        [0.9922],
        [0.0609],
        [0.9274],
        [0.0530],
        [0.2980],
        [0.2887],
        [0.7557],
        [0.8782],
        [0.0562],
        [0.0552]], device='cuda:0', grad_fn=<SigmoidBackward0>)
Epoch [14/100], T_AUC: [4m0.8446[0m
Epoch [14/100], Loss: 16.0653
val_Accuracy: [92m0.7860[0m
val_Precision: [4;34m0.8148[0m,               val_Recall: [4;33m0.7307[0m,                 val_F1 Score: [4;35m0.7657[0m
æ ‡ç­¾é‡Œ1çš„ä¸ªæ•°:  430
æ ‡ç­¾é‡Œ0çš„ä¸ªæ•°:  430
æ€»æ•°:  860
æ­£ç¡®çš„ä¸ªæ•°:  676
Epoch [14/100], V_AUC: [4m0.7825[0m
Epoch [15/100], Loss: 51.3054
train_Accuracy: [91m0.8426[0m
train_Precision: [4;34m0.8621[0m,               train_Recall: [4;33m0.8238[0m,                 train_F1 Score: [4;35m0.8376[0m
æ ‡ç­¾é‡Œ1çš„ä¸ªæ•°:  2150
æ ‡ç­¾é‡Œ0çš„ä¸ªæ•°:  2150
æ€»æ•°:  4300
æ­£ç¡®çš„ä¸ªæ•°:  3623
æœ€åä¸€ä¸ªæ‰¹æ¬¡çš„è¾“å‡º, ä¸æ»¡batchsizeæ˜¯æ­£å¸¸çš„:
 tensor([[0.9009],
        [0.8553],
        [0.9920],
        [0.0515],
        [0.8890],
        [0.0576],
        [0.3912],
        [0.3331],
        [0.8509],
        [0.8819],
        [0.0462],
        [0.0567]], device='cuda:0', grad_fn=<SigmoidBackward0>)
Epoch [15/100], T_AUC: [4m0.8486[0m
Epoch [15/100], Loss: 15.8799
val_Accuracy: [92m0.7942[0m
val_Precision: [4;34m0.8285[0m,               val_Recall: [4;33m0.7323[0m,                 val_F1 Score: [4;35m0.7727[0m
æ ‡ç­¾é‡Œ1çš„ä¸ªæ•°:  430
æ ‡ç­¾é‡Œ0çš„ä¸ªæ•°:  430
æ€»æ•°:  860
æ­£ç¡®çš„ä¸ªæ•°:  683
Epoch [15/100], V_AUC: [4m0.7905[0m
Epoch [16/100], Loss: 50.5159
train_Accuracy: [91m0.8444[0m
train_Precision: [4;34m0.8649[0m,               train_Recall: [4;33m0.8242[0m,                 train_F1 Score: [4;35m0.8394[0m
æ ‡ç­¾é‡Œ1çš„ä¸ªæ•°:  2150
æ ‡ç­¾é‡Œ0çš„ä¸ªæ•°:  2150
æ€»æ•°:  4300
æ­£ç¡®çš„ä¸ªæ•°:  3631
æœ€åä¸€ä¸ªæ‰¹æ¬¡çš„è¾“å‡º, ä¸æ»¡batchsizeæ˜¯æ­£å¸¸çš„:
 tensor([[0.8917],
        [0.8717],
        [0.9914],
        [0.0527],
        [0.9501],
        [0.0650],
        [0.3427],
        [0.2608],
        [0.8335],
        [0.8826],
        [0.0251],
        [0.0786]], device='cuda:0', grad_fn=<SigmoidBackward0>)
Epoch [16/100], T_AUC: [4m0.8499[0m
Epoch [16/100], Loss: 15.8668
val_Accuracy: [92m0.7791[0m
val_Precision: [4;34m0.8011[0m,               val_Recall: [4;33m0.7268[0m,                 val_F1 Score: [4;35m0.7574[0m
æ ‡ç­¾é‡Œ1çš„ä¸ªæ•°:  430
æ ‡ç­¾é‡Œ0çš„ä¸ªæ•°:  430
æ€»æ•°:  860
æ­£ç¡®çš„ä¸ªæ•°:  670
Epoch [16/100], V_AUC: [4m0.7745[0m
Epoch [17/100], Loss: 49.3804
train_Accuracy: [91m0.8486[0m
train_Precision: [4;34m0.8694[0m,               train_Recall: [4;33m0.8276[0m,                 train_F1 Score: [4;35m0.8434[0m
æ ‡ç­¾é‡Œ1çš„ä¸ªæ•°:  2150
æ ‡ç­¾é‡Œ0çš„ä¸ªæ•°:  2150
æ€»æ•°:  4300
æ­£ç¡®çš„ä¸ªæ•°:  3649
æœ€åä¸€ä¸ªæ‰¹æ¬¡çš„è¾“å‡º, ä¸æ»¡batchsizeæ˜¯æ­£å¸¸çš„:
 tensor([[0.8764],
        [0.8568],
        [0.9955],
        [0.0423],
        [0.9381],
        [0.0374],
        [0.3382],
        [0.2812],
        [0.8140],
        [0.9055],
        [0.0388],
        [0.0885]], device='cuda:0', grad_fn=<SigmoidBackward0>)
Epoch [17/100], T_AUC: [4m0.8542[0m
Epoch [17/100], Loss: 16.4270
val_Accuracy: [92m0.7837[0m
val_Precision: [4;34m0.8035[0m,               val_Recall: [4;33m0.7390[0m,                 val_F1 Score: [4;35m0.7655[0m
æ ‡ç­¾é‡Œ1çš„ä¸ªæ•°:  430
æ ‡ç­¾é‡Œ0çš„ä¸ªæ•°:  430
æ€»æ•°:  860
æ­£ç¡®çš„ä¸ªæ•°:  674
Epoch [17/100], V_AUC: [4m0.7801[0m
Epoch [18/100], Loss: 49.0825
train_Accuracy: [91m0.8500[0m
train_Precision: [4;34m0.8686[0m,               train_Recall: [4;33m0.8328[0m,                 train_F1 Score: [4;35m0.8456[0m
æ ‡ç­¾é‡Œ1çš„ä¸ªæ•°:  2150
æ ‡ç­¾é‡Œ0çš„ä¸ªæ•°:  2150
æ€»æ•°:  4300
æ­£ç¡®çš„ä¸ªæ•°:  3655
æœ€åä¸€ä¸ªæ‰¹æ¬¡çš„è¾“å‡º, ä¸æ»¡batchsizeæ˜¯æ­£å¸¸çš„:
 tensor([[0.8990],
        [0.8849],
        [0.9941],
        [0.0417],
        [0.9427],
        [0.0435],
        [0.3616],
        [0.1436],
        [0.8709],
        [0.8791],
        [0.0434],
        [0.0852]], device='cuda:0', grad_fn=<SigmoidBackward0>)
Epoch [18/100], T_AUC: [4m0.8556[0m
Epoch [18/100], Loss: 16.9217
val_Accuracy: [92m0.7826[0m
val_Precision: [4;34m0.8074[0m,               val_Recall: [4;33m0.7265[0m,                 val_F1 Score: [4;35m0.7598[0m
æ ‡ç­¾é‡Œ1çš„ä¸ªæ•°:  430
æ ‡ç­¾é‡Œ0çš„ä¸ªæ•°:  430
æ€»æ•°:  860
æ­£ç¡®çš„ä¸ªæ•°:  673
Epoch [18/100], V_AUC: [4m0.7784[0m
Epoch [19/100], Loss: 47.8985
train_Accuracy: [91m0.8516[0m
train_Precision: [4;34m0.8722[0m,               train_Recall: [4;33m0.8333[0m,                 train_F1 Score: [4;35m0.8474[0m
æ ‡ç­¾é‡Œ1çš„ä¸ªæ•°:  2150
æ ‡ç­¾é‡Œ0çš„ä¸ªæ•°:  2150
æ€»æ•°:  4300
æ­£ç¡®çš„ä¸ªæ•°:  3662
æœ€åä¸€ä¸ªæ‰¹æ¬¡çš„è¾“å‡º, ä¸æ»¡batchsizeæ˜¯æ­£å¸¸çš„:
 tensor([[0.9159],
        [0.8563],
        [0.9958],
        [0.0301],
        [0.9419],
        [0.0322],
        [0.2702],
        [0.2535],
        [0.8299],
        [0.9183],
        [0.0464],
        [0.0843]], device='cuda:0', grad_fn=<SigmoidBackward0>)
Epoch [19/100], T_AUC: [4m0.8576[0m
Epoch [19/100], Loss: 17.6685
val_Accuracy: [92m0.7802[0m
val_Precision: [4;34m0.8093[0m,               val_Recall: [4;33m0.7155[0m,                 val_F1 Score: [4;35m0.7555[0m
æ ‡ç­¾é‡Œ1çš„ä¸ªæ•°:  430
æ ‡ç­¾é‡Œ0çš„ä¸ªæ•°:  430
æ€»æ•°:  860
æ­£ç¡®çš„ä¸ªæ•°:  671
Epoch [19/100], V_AUC: [4m0.7765[0m
Epoch [20/100], Loss: 47.4040
train_Accuracy: [91m0.8551[0m
train_Precision: [4;34m0.8711[0m,               train_Recall: [4;33m0.8413[0m,                 train_F1 Score: [4;35m0.8514[0m
æ ‡ç­¾é‡Œ1çš„ä¸ªæ•°:  2150
æ ‡ç­¾é‡Œ0çš„ä¸ªæ•°:  2150
æ€»æ•°:  4300
æ­£ç¡®çš„ä¸ªæ•°:  3677
æœ€åä¸€ä¸ªæ‰¹æ¬¡çš„è¾“å‡º, ä¸æ»¡batchsizeæ˜¯æ­£å¸¸çš„:
 tensor([[0.9010],
        [0.8796],
        [0.9965],
        [0.0273],
        [0.9476],
        [0.0249],
        [0.2650],
        [0.1997],
        [0.8476],
        [0.9067],
        [0.0428],
        [0.1345]], device='cuda:0', grad_fn=<SigmoidBackward0>)
Epoch [20/100], T_AUC: [4m0.8602[0m
Epoch [20/100], Loss: 16.8695
val_Accuracy: [92m0.7791[0m
val_Precision: [4;34m0.8036[0m,               val_Recall: [4;33m0.7234[0m,                 val_F1 Score: [4;35m0.7569[0m
æ ‡ç­¾é‡Œ1çš„ä¸ªæ•°:  430
æ ‡ç­¾é‡Œ0çš„ä¸ªæ•°:  430
æ€»æ•°:  860
æ­£ç¡®çš„ä¸ªæ•°:  670
Epoch [20/100], V_AUC: [4m0.7754[0m
Epoch [21/100], Loss: 46.4932
train_Accuracy: [91m0.8588[0m
train_Precision: [4;34m0.8791[0m,               train_Recall: [4;33m0.8394[0m,                 train_F1 Score: [4;35m0.8542[0m
æ ‡ç­¾é‡Œ1çš„ä¸ªæ•°:  2150
æ ‡ç­¾é‡Œ0çš„ä¸ªæ•°:  2150
æ€»æ•°:  4300
æ­£ç¡®çš„ä¸ªæ•°:  3693
æœ€åä¸€ä¸ªæ‰¹æ¬¡çš„è¾“å‡º, ä¸æ»¡batchsizeæ˜¯æ­£å¸¸çš„:
 tensor([[0.9281],
        [0.8777],
        [0.9953],
        [0.0471],
        [0.9885],
        [0.0216],
        [0.1545],
        [0.1551],
        [0.7372],
        [0.9303],
        [0.0307],
        [0.1221]], device='cuda:0', grad_fn=<SigmoidBackward0>)
Epoch [21/100], T_AUC: [4m0.8643[0m
Epoch [21/100], Loss: 17.4775
val_Accuracy: [92m0.7756[0m
val_Precision: [4;34m0.7993[0m,               val_Recall: [4;33m0.7212[0m,                 val_F1 Score: [4;35m0.7540[0m
æ ‡ç­¾é‡Œ1çš„ä¸ªæ•°:  430
æ ‡ç­¾é‡Œ0çš„ä¸ªæ•°:  430
æ€»æ•°:  860
æ­£ç¡®çš„ä¸ªæ•°:  667
Epoch [21/100], V_AUC: [4m0.7723[0m
Epoch [22/100], Loss: 46.1560
train_Accuracy: [91m0.8584[0m
train_Precision: [4;34m0.8800[0m,               train_Recall: [4;33m0.8382[0m,                 train_F1 Score: [4;35m0.8539[0m
æ ‡ç­¾é‡Œ1çš„ä¸ªæ•°:  2150
æ ‡ç­¾é‡Œ0çš„ä¸ªæ•°:  2150
æ€»æ•°:  4300
æ­£ç¡®çš„ä¸ªæ•°:  3691
æœ€åä¸€ä¸ªæ‰¹æ¬¡çš„è¾“å‡º, ä¸æ»¡batchsizeæ˜¯æ­£å¸¸çš„:
 tensor([[0.9444],
        [0.8925],
        [0.9963],
        [0.0480],
        [0.9457],
        [0.0366],
        [0.2042],
        [0.1966],
        [0.8731],
        [0.8539],
        [0.0216],
        [0.1481]], device='cuda:0', grad_fn=<SigmoidBackward0>)
Epoch [22/100], T_AUC: [4m0.8637[0m
Epoch [22/100], Loss: 17.3804
val_Accuracy: [92m0.7791[0m
val_Precision: [4;34m0.8033[0m,               val_Recall: [4;33m0.7258[0m,                 val_F1 Score: [4;35m0.7576[0m
æ ‡ç­¾é‡Œ1çš„ä¸ªæ•°:  430
æ ‡ç­¾é‡Œ0çš„ä¸ªæ•°:  430
æ€»æ•°:  860
æ­£ç¡®çš„ä¸ªæ•°:  670
Epoch [22/100], V_AUC: [4m0.7761[0m
Epoch [23/100], Loss: 45.1406
train_Accuracy: [91m0.8623[0m
train_Precision: [4;34m0.8857[0m,               train_Recall: [4;33m0.8393[0m,                 train_F1 Score: [4;35m0.8573[0m
æ ‡ç­¾é‡Œ1çš„ä¸ªæ•°:  2150
æ ‡ç­¾é‡Œ0çš„ä¸ªæ•°:  2150
æ€»æ•°:  4300
æ­£ç¡®çš„ä¸ªæ•°:  3708
æœ€åä¸€ä¸ªæ‰¹æ¬¡çš„è¾“å‡º, ä¸æ»¡batchsizeæ˜¯æ­£å¸¸çš„:
 tensor([[0.9058],
        [0.8832],
        [0.9933],
        [0.0498],
        [0.9851],
        [0.0285],
        [0.2851],
        [0.2907],
        [0.8871],
        [0.8576],
        [0.0128],
        [0.1264]], device='cuda:0', grad_fn=<SigmoidBackward0>)
Epoch [23/100], T_AUC: [4m0.8675[0m
Epoch [23/100], Loss: 17.4176
val_Accuracy: [92m0.7849[0m
val_Precision: [4;34m0.8045[0m,               val_Recall: [4;33m0.7388[0m,                 val_F1 Score: [4;35m0.7650[0m
æ ‡ç­¾é‡Œ1çš„ä¸ªæ•°:  430
æ ‡ç­¾é‡Œ0çš„ä¸ªæ•°:  430
æ€»æ•°:  860
æ­£ç¡®çš„ä¸ªæ•°:  675
Epoch [23/100], V_AUC: [4m0.7812[0m
Epoch [24/100], Loss: 45.0735
train_Accuracy: [91m0.8637[0m
train_Precision: [4;34m0.8853[0m,               train_Recall: [4;33m0.8431[0m,                 train_F1 Score: [4;35m0.8596[0m
æ ‡ç­¾é‡Œ1çš„ä¸ªæ•°:  2150
æ ‡ç­¾é‡Œ0çš„ä¸ªæ•°:  2150
æ€»æ•°:  4300
æ­£ç¡®çš„ä¸ªæ•°:  3714
æœ€åä¸€ä¸ªæ‰¹æ¬¡çš„è¾“å‡º, ä¸æ»¡batchsizeæ˜¯æ­£å¸¸çš„:
 tensor([[0.9471],
        [0.9075],
        [0.9969],
        [0.0403],
        [0.9660],
        [0.0245],
        [0.1838],
        [0.1343],
        [0.9468],
        [0.9054],
        [0.0208],
        [0.0753]], device='cuda:0', grad_fn=<SigmoidBackward0>)
Epoch [24/100], T_AUC: [4m0.8688[0m
Epoch [24/100], Loss: 18.5114
val_Accuracy: [92m0.7721[0m
val_Precision: [4;34m0.7915[0m,               val_Recall: [4;33m0.7241[0m,                 val_F1 Score: [4;35m0.7510[0m
æ ‡ç­¾é‡Œ1çš„ä¸ªæ•°:  430
æ ‡ç­¾é‡Œ0çš„ä¸ªæ•°:  430
æ€»æ•°:  860
æ­£ç¡®çš„ä¸ªæ•°:  664
Epoch [24/100], V_AUC: [4m0.7681[0m
Epoch [25/100], Loss: 43.3873
train_Accuracy: [91m0.8702[0m
train_Precision: [4;34m0.8893[0m,               train_Recall: [4;33m0.8534[0m,                 train_F1 Score: [4;35m0.8663[0m
æ ‡ç­¾é‡Œ1çš„ä¸ªæ•°:  2150
æ ‡ç­¾é‡Œ0çš„ä¸ªæ•°:  2150
æ€»æ•°:  4300
æ­£ç¡®çš„ä¸ªæ•°:  3742
æœ€åä¸€ä¸ªæ‰¹æ¬¡çš„è¾“å‡º, ä¸æ»¡batchsizeæ˜¯æ­£å¸¸çš„:
 tensor([[0.9544],
        [0.9104],
        [0.9918],
        [0.0369],
        [0.9957],
        [0.0149],
        [0.2522],
        [0.1757],
        [0.7803],
        [0.9188],
        [0.0136],
        [0.1008]], device='cuda:0', grad_fn=<SigmoidBackward0>)
Epoch [25/100], T_AUC: [4m0.8760[0m
Epoch [25/100], Loss: 18.6513
val_Accuracy: [92m0.7663[0m
val_Precision: [4;34m0.7885[0m,               val_Recall: [4;33m0.7113[0m,                 val_F1 Score: [4;35m0.7429[0m
æ ‡ç­¾é‡Œ1çš„ä¸ªæ•°:  430
æ ‡ç­¾é‡Œ0çš„ä¸ªæ•°:  430
æ€»æ•°:  860
æ­£ç¡®çš„ä¸ªæ•°:  659
Epoch [25/100], V_AUC: [4m0.7636[0m
Epoch [26/100], Loss: 42.2421
train_Accuracy: [91m0.8723[0m
train_Precision: [4;34m0.8914[0m,               train_Recall: [4;33m0.8555[0m,                 train_F1 Score: [4;35m0.8686[0m
æ ‡ç­¾é‡Œ1çš„ä¸ªæ•°:  2150
æ ‡ç­¾é‡Œ0çš„ä¸ªæ•°:  2150
æ€»æ•°:  4300
æ­£ç¡®çš„ä¸ªæ•°:  3751
æœ€åä¸€ä¸ªæ‰¹æ¬¡çš„è¾“å‡º, ä¸æ»¡batchsizeæ˜¯æ­£å¸¸çš„:
 tensor([[0.9312],
        [0.9096],
        [0.9969],
        [0.0415],
        [0.9694],
        [0.0229],
        [0.1920],
        [0.0977],
        [0.9223],
        [0.9300],
        [0.0145],
        [0.1454]], device='cuda:0', grad_fn=<SigmoidBackward0>)
Epoch [26/100], T_AUC: [4m0.8772[0m
Epoch [26/100], Loss: 18.9140
val_Accuracy: [92m0.7709[0m
val_Precision: [4;34m0.7968[0m,               val_Recall: [4;33m0.7095[0m,                 val_F1 Score: [4;35m0.7454[0m
æ ‡ç­¾é‡Œ1çš„ä¸ªæ•°:  430
æ ‡ç­¾é‡Œ0çš„ä¸ªæ•°:  430
æ€»æ•°:  860
æ­£ç¡®çš„ä¸ªæ•°:  663
Epoch [26/100], V_AUC: [4m0.7675[0m
Epoch [27/100], Loss: 41.1148
train_Accuracy: [91m0.8758[0m
train_Precision: [4;34m0.8973[0m,               train_Recall: [4;33m0.8560[0m,                 train_F1 Score: [4;35m0.8719[0m
æ ‡ç­¾é‡Œ1çš„ä¸ªæ•°:  2150
æ ‡ç­¾é‡Œ0çš„ä¸ªæ•°:  2150
æ€»æ•°:  4300
æ­£ç¡®çš„ä¸ªæ•°:  3766
æœ€åä¸€ä¸ªæ‰¹æ¬¡çš„è¾“å‡º, ä¸æ»¡batchsizeæ˜¯æ­£å¸¸çš„:
 tensor([[0.9267],
        [0.8545],
        [0.9979],
        [0.0265],
        [0.9954],
        [0.0102],
        [0.1643],
        [0.0859],
        [0.9235],
        [0.9718],
        [0.0048],
        [0.1450]], device='cuda:0', grad_fn=<SigmoidBackward0>)
Epoch [27/100], T_AUC: [4m0.8810[0m
Epoch [27/100], Loss: 19.3782
val_Accuracy: [92m0.7698[0m
val_Precision: [4;34m0.7850[0m,               val_Recall: [4;33m0.7300[0m,                 val_F1 Score: [4;35m0.7506[0m
æ ‡ç­¾é‡Œ1çš„ä¸ªæ•°:  430
æ ‡ç­¾é‡Œ0çš„ä¸ªæ•°:  430
æ€»æ•°:  860
æ­£ç¡®çš„ä¸ªæ•°:  662
Epoch [27/100], V_AUC: [4m0.7677[0m
Epoch [28/100], Loss: 39.7535
train_Accuracy: [91m0.8828[0m
train_Precision: [4;34m0.9015[0m,               train_Recall: [4;33m0.8661[0m,                 train_F1 Score: [4;35m0.8791[0m
æ ‡ç­¾é‡Œ1çš„ä¸ªæ•°:  2150
æ ‡ç­¾é‡Œ0çš„ä¸ªæ•°:  2150
æ€»æ•°:  4300
æ­£ç¡®çš„ä¸ªæ•°:  3796
æœ€åä¸€ä¸ªæ‰¹æ¬¡çš„è¾“å‡º, ä¸æ»¡batchsizeæ˜¯æ­£å¸¸çš„:
 tensor([[0.9104],
        [0.9478],
        [0.9976],
        [0.0275],
        [0.9989],
        [0.0054],
        [0.1833],
        [0.1019],
        [0.8730],
        [0.9347],
        [0.0067],
        [0.0904]], device='cuda:0', grad_fn=<SigmoidBackward0>)
Epoch [28/100], T_AUC: [4m0.8877[0m
Epoch [28/100], Loss: 20.4179
val_Accuracy: [92m0.7686[0m
val_Precision: [4;34m0.7913[0m,               val_Recall: [4;33m0.7216[0m,                 val_F1 Score: [4;35m0.7479[0m
æ ‡ç­¾é‡Œ1çš„ä¸ªæ•°:  430
æ ‡ç­¾é‡Œ0çš„ä¸ªæ•°:  430
æ€»æ•°:  860
æ­£ç¡®çš„ä¸ªæ•°:  661
Epoch [28/100], V_AUC: [4m0.7663[0m
Epoch [29/100], Loss: 38.6223
train_Accuracy: [91m0.8851[0m
train_Precision: [4;34m0.9064[0m,               train_Recall: [4;33m0.8660[0m,                 train_F1 Score: [4;35m0.8815[0m
æ ‡ç­¾é‡Œ1çš„ä¸ªæ•°:  2150
æ ‡ç­¾é‡Œ0çš„ä¸ªæ•°:  2150
æ€»æ•°:  4300
æ­£ç¡®çš„ä¸ªæ•°:  3806
æœ€åä¸€ä¸ªæ‰¹æ¬¡çš„è¾“å‡º, ä¸æ»¡batchsizeæ˜¯æ­£å¸¸çš„:
 tensor([[0.8517],
        [0.9719],
        [0.9938],
        [0.0484],
        [0.9962],
        [0.0100],
        [0.1076],
        [0.1483],
        [0.9349],
        [0.9888],
        [0.0029],
        [0.0678]], device='cuda:0', grad_fn=<SigmoidBackward0>)
Epoch [29/100], T_AUC: [4m0.8901[0m
Epoch [29/100], Loss: 20.4022
val_Accuracy: [92m0.7791[0m
val_Precision: [4;34m0.7973[0m,               val_Recall: [4;33m0.7369[0m,                 val_F1 Score: [4;35m0.7593[0m
æ ‡ç­¾é‡Œ1çš„ä¸ªæ•°:  430
æ ‡ç­¾é‡Œ0çš„ä¸ªæ•°:  430
æ€»æ•°:  860
æ­£ç¡®çš„ä¸ªæ•°:  670
Epoch [29/100], V_AUC: [4m0.7761[0m
Epoch [30/100], Loss: 38.0703
train_Accuracy: [91m0.8874[0m
train_Precision: [4;34m0.9059[0m,               train_Recall: [4;33m0.8706[0m,                 train_F1 Score: [4;35m0.8844[0m
æ ‡ç­¾é‡Œ1çš„ä¸ªæ•°:  2150
æ ‡ç­¾é‡Œ0çš„ä¸ªæ•°:  2150
æ€»æ•°:  4300
æ­£ç¡®çš„ä¸ªæ•°:  3816
æœ€åä¸€ä¸ªæ‰¹æ¬¡çš„è¾“å‡º, ä¸æ»¡batchsizeæ˜¯æ­£å¸¸çš„:
 tensor([[0.9647],
        [0.9814],
        [0.9976],
        [0.0898],
        [0.9790],
        [0.0066],
        [0.2093],
        [0.1172],
        [0.7385],
        [0.9426],
        [0.0026],
        [0.1794]], device='cuda:0', grad_fn=<SigmoidBackward0>)
Epoch [30/100], T_AUC: [4m0.8915[0m
Epoch [30/100], Loss: 20.6503
val_Accuracy: [92m0.7674[0m
val_Precision: [4;34m0.7807[0m,               val_Recall: [4;33m0.7309[0m,                 val_F1 Score: [4;35m0.7490[0m
æ ‡ç­¾é‡Œ1çš„ä¸ªæ•°:  430
æ ‡ç­¾é‡Œ0çš„ä¸ªæ•°:  430
æ€»æ•°:  860
æ­£ç¡®çš„ä¸ªæ•°:  660
Epoch [30/100], V_AUC: [4m0.7658[0m
Epoch [31/100], Loss: 39.2342
train_Accuracy: [91m0.8837[0m
train_Precision: [4;34m0.9027[0m,               train_Recall: [4;33m0.8639[0m,                 train_F1 Score: [4;35m0.8800[0m
æ ‡ç­¾é‡Œ1çš„ä¸ªæ•°:  2150
æ ‡ç­¾é‡Œ0çš„ä¸ªæ•°:  2150
æ€»æ•°:  4300
æ­£ç¡®çš„ä¸ªæ•°:  3800
æœ€åä¸€ä¸ªæ‰¹æ¬¡çš„è¾“å‡º, ä¸æ»¡batchsizeæ˜¯æ­£å¸¸çš„:
 tensor([[0.9403],
        [0.9397],
        [0.9972],
        [0.0145],
        [0.9977],
        [0.0106],
        [0.1074],
        [0.2350],
        [0.9154],
        [0.9682],
        [0.0030],
        [0.1133]], device='cuda:0', grad_fn=<SigmoidBackward0>)
Epoch [31/100], T_AUC: [4m0.8875[0m
Epoch [31/100], Loss: 24.4383
val_Accuracy: [92m0.7698[0m
val_Precision: [4;34m0.7821[0m,               val_Recall: [4;33m0.7416[0m,                 val_F1 Score: [4;35m0.7562[0m
æ ‡ç­¾é‡Œ1çš„ä¸ªæ•°:  430
æ ‡ç­¾é‡Œ0çš„ä¸ªæ•°:  430
æ€»æ•°:  860
æ­£ç¡®çš„ä¸ªæ•°:  662
Epoch [31/100], V_AUC: [4m0.7684[0m
Epoch [32/100], Loss: 36.2484
train_Accuracy: [91m0.8960[0m
train_Precision: [4;34m0.9159[0m,               train_Recall: [4;33m0.8762[0m,                 train_F1 Score: [4;35m0.8923[0m
æ ‡ç­¾é‡Œ1çš„ä¸ªæ•°:  2150
æ ‡ç­¾é‡Œ0çš„ä¸ªæ•°:  2150
æ€»æ•°:  4300
æ­£ç¡®çš„ä¸ªæ•°:  3853
æœ€åä¸€ä¸ªæ‰¹æ¬¡çš„è¾“å‡º, ä¸æ»¡batchsizeæ˜¯æ­£å¸¸çš„:
 tensor([[0.9812],
        [0.9848],
        [0.9822],
        [0.0416],
        [0.9967],
        [0.0032],
        [0.1333],
        [0.1189],
        [0.9640],
        [0.9924],
        [0.0014],
        [0.0383]], device='cuda:0', grad_fn=<SigmoidBackward0>)
Epoch [32/100], T_AUC: [4m0.9002[0m
Epoch [32/100], Loss: 24.3915
val_Accuracy: [92m0.7802[0m
val_Precision: [4;34m0.8046[0m,               val_Recall: [4;33m0.7262[0m,                 val_F1 Score: [4;35m0.7590[0m
æ ‡ç­¾é‡Œ1çš„ä¸ªæ•°:  430
æ ‡ç­¾é‡Œ0çš„ä¸ªæ•°:  430
æ€»æ•°:  860
æ­£ç¡®çš„ä¸ªæ•°:  671
Epoch [32/100], V_AUC: [4m0.7776[0m
Epoch [33/100], Loss: 34.8699
train_Accuracy: [91m0.8981[0m
train_Precision: [4;34m0.9190[0m,               train_Recall: [4;33m0.8802[0m,                 train_F1 Score: [4;35m0.8954[0m
æ ‡ç­¾é‡Œ1çš„ä¸ªæ•°:  2150
æ ‡ç­¾é‡Œ0çš„ä¸ªæ•°:  2150
æ€»æ•°:  4300
æ­£ç¡®çš„ä¸ªæ•°:  3862
æœ€åä¸€ä¸ªæ‰¹æ¬¡çš„è¾“å‡º, ä¸æ»¡batchsizeæ˜¯æ­£å¸¸çš„:
 tensor([[0.9630],
        [0.9840],
        [0.9940],
        [0.0266],
        [0.9966],
        [0.0054],
        [0.1860],
        [0.1050],
        [0.9309],
        [0.9703],
        [0.0040],
        [0.0503]], device='cuda:0', grad_fn=<SigmoidBackward0>)
Epoch [33/100], T_AUC: [4m0.9023[0m
Epoch [33/100], Loss: 23.1494
val_Accuracy: [92m0.7733[0m
val_Precision: [4;34m0.7979[0m,               val_Recall: [4;33m0.7187[0m,                 val_F1 Score: [4;35m0.7509[0m
æ ‡ç­¾é‡Œ1çš„ä¸ªæ•°:  430
æ ‡ç­¾é‡Œ0çš„ä¸ªæ•°:  430
æ€»æ•°:  860
æ­£ç¡®çš„ä¸ªæ•°:  665
Epoch [33/100], V_AUC: [4m0.7705[0m
Epoch [34/100], Loss: 34.2531
train_Accuracy: [91m0.9005[0m
train_Precision: [4;34m0.9176[0m,               train_Recall: [4;33m0.8847[0m,                 train_F1 Score: [4;35m0.8974[0m
æ ‡ç­¾é‡Œ1çš„ä¸ªæ•°:  2150
æ ‡ç­¾é‡Œ0çš„ä¸ªæ•°:  2150
æ€»æ•°:  4300
æ­£ç¡®çš„ä¸ªæ•°:  3872
æœ€åä¸€ä¸ªæ‰¹æ¬¡çš„è¾“å‡º, ä¸æ»¡batchsizeæ˜¯æ­£å¸¸çš„:
 tensor([[0.9646],
        [0.9829],
        [0.9902],
        [0.0146],
        [0.9976],
        [0.0027],
        [0.0559],
        [0.0741],
        [0.9890],
        [0.9928],
        [0.0027],
        [0.0706]], device='cuda:0', grad_fn=<SigmoidBackward0>)
Epoch [34/100], T_AUC: [4m0.9045[0m
Epoch [34/100], Loss: 23.6296
val_Accuracy: [92m0.7674[0m
val_Precision: [4;34m0.7868[0m,               val_Recall: [4;33m0.7294[0m,                 val_F1 Score: [4;35m0.7527[0m
æ ‡ç­¾é‡Œ1çš„ä¸ªæ•°:  430
æ ‡ç­¾é‡Œ0çš„ä¸ªæ•°:  430
æ€»æ•°:  860
æ­£ç¡®çš„ä¸ªæ•°:  660
Epoch [34/100], V_AUC: [4m0.7648[0m
Epoch [35/100], Loss: 32.7685
train_Accuracy: [91m0.9049[0m
train_Precision: [4;34m0.9249[0m,               train_Recall: [4;33m0.8872[0m,                 train_F1 Score: [4;35m0.9024[0m
æ ‡ç­¾é‡Œ1çš„ä¸ªæ•°:  2150
æ ‡ç­¾é‡Œ0çš„ä¸ªæ•°:  2150
æ€»æ•°:  4300
æ­£ç¡®çš„ä¸ªæ•°:  3891
æœ€åä¸€ä¸ªæ‰¹æ¬¡çš„è¾“å‡º, ä¸æ»¡batchsizeæ˜¯æ­£å¸¸çš„:
 tensor([[0.9914],
        [0.9788],
        [0.9832],
        [0.0052],
        [0.9995],
        [0.0018],
        [0.1972],
        [0.3031],
        [0.9141],
        [0.9619],
        [0.0015],
        [0.1382]], device='cuda:0', grad_fn=<SigmoidBackward0>)
Epoch [35/100], T_AUC: [4m0.9096[0m
Epoch [35/100], Loss: 25.9661
val_Accuracy: [92m0.7767[0m
val_Precision: [4;34m0.7967[0m,               val_Recall: [4;33m0.7357[0m,                 val_F1 Score: [4;35m0.7607[0m
æ ‡ç­¾é‡Œ1çš„ä¸ªæ•°:  430
æ ‡ç­¾é‡Œ0çš„ä¸ªæ•°:  430
æ€»æ•°:  860
æ­£ç¡®çš„ä¸ªæ•°:  668
Epoch [35/100], V_AUC: [4m0.7730[0m
Epoch [36/100], Loss: 32.4161
train_Accuracy: [91m0.9044[0m
train_Precision: [4;34m0.9213[0m,               train_Recall: [4;33m0.8889[0m,                 train_F1 Score: [4;35m0.9019[0m
æ ‡ç­¾é‡Œ1çš„ä¸ªæ•°:  2150
æ ‡ç­¾é‡Œ0çš„ä¸ªæ•°:  2150
æ€»æ•°:  4300
æ­£ç¡®çš„ä¸ªæ•°:  3889
æœ€åä¸€ä¸ªæ‰¹æ¬¡çš„è¾“å‡º, ä¸æ»¡batchsizeæ˜¯æ­£å¸¸çš„:
 tensor([[0.9795],
        [0.9782],
        [0.9920],
        [0.0145],
        [0.9999],
        [0.0222],
        [0.0385],
        [0.0066],
        [0.9594],
        [0.9918],
        [0.0018],
        [0.0386]], device='cuda:0', grad_fn=<SigmoidBackward0>)
Epoch [36/100], T_AUC: [4m0.9085[0m
Epoch [36/100], Loss: 27.2126
val_Accuracy: [92m0.7674[0m
val_Precision: [4;34m0.7818[0m,               val_Recall: [4;33m0.7331[0m,                 val_F1 Score: [4;35m0.7517[0m
æ ‡ç­¾é‡Œ1çš„ä¸ªæ•°:  430
æ ‡ç­¾é‡Œ0çš„ä¸ªæ•°:  430
æ€»æ•°:  860
æ­£ç¡®çš„ä¸ªæ•°:  660
Epoch [36/100], V_AUC: [4m0.7644[0m
Epoch [37/100], Loss: 31.3175
train_Accuracy: [91m0.9063[0m
train_Precision: [4;34m0.9212[0m,               train_Recall: [4;33m0.8931[0m,                 train_F1 Score: [4;35m0.9035[0m
æ ‡ç­¾é‡Œ1çš„ä¸ªæ•°:  2150
æ ‡ç­¾é‡Œ0çš„ä¸ªæ•°:  2150
æ€»æ•°:  4300
æ­£ç¡®çš„ä¸ªæ•°:  3897
æœ€åä¸€ä¸ªæ‰¹æ¬¡çš„è¾“å‡º, ä¸æ»¡batchsizeæ˜¯æ­£å¸¸çš„:
 tensor([[9.7848e-01],
        [9.8740e-01],
        [9.7697e-01],
        [1.5555e-02],
        [9.9995e-01],
        [1.0396e-02],
        [2.4882e-02],
        [1.0559e-01],
        [9.1384e-01],
        [9.5614e-01],
        [8.0001e-04],
        [1.5273e-01]], device='cuda:0', grad_fn=<SigmoidBackward0>)
Epoch [37/100], T_AUC: [4m0.9106[0m
Epoch [37/100], Loss: 22.5223
val_Accuracy: [92m0.7686[0m
val_Precision: [4;34m0.7882[0m,               val_Recall: [4;33m0.7267[0m,                 val_F1 Score: [4;35m0.7509[0m
æ ‡ç­¾é‡Œ1çš„ä¸ªæ•°:  430
æ ‡ç­¾é‡Œ0çš„ä¸ªæ•°:  430
æ€»æ•°:  860
æ­£ç¡®çš„ä¸ªæ•°:  661
Epoch [37/100], V_AUC: [4m0.7663[0m
Epoch [38/100], Loss: 30.5522
train_Accuracy: [91m0.9063[0m
train_Precision: [4;34m0.9267[0m,               train_Recall: [4;33m0.8885[0m,                 train_F1 Score: [4;35m0.9040[0m
æ ‡ç­¾é‡Œ1çš„ä¸ªæ•°:  2150
æ ‡ç­¾é‡Œ0çš„ä¸ªæ•°:  2150
æ€»æ•°:  4300
æ­£ç¡®çš„ä¸ªæ•°:  3897
æœ€åä¸€ä¸ªæ‰¹æ¬¡çš„è¾“å‡º, ä¸æ»¡batchsizeæ˜¯æ­£å¸¸çš„:
 tensor([[0.9958],
        [0.9631],
        [0.9931],
        [0.0089],
        [0.9992],
        [0.0082],
        [0.1032],
        [0.0048],
        [0.9719],
        [0.9932],
        [0.0018],
        [0.1294]], device='cuda:0', grad_fn=<SigmoidBackward0>)
Epoch [38/100], T_AUC: [4m0.9101[0m
Epoch [38/100], Loss: 27.4742
val_Accuracy: [92m0.7558[0m
val_Precision: [4;34m0.7759[0m,               val_Recall: [4;33m0.7092[0m,                 val_F1 Score: [4;35m0.7351[0m
æ ‡ç­¾é‡Œ1çš„ä¸ªæ•°:  430
æ ‡ç­¾é‡Œ0çš„ä¸ªæ•°:  430
æ€»æ•°:  860
æ­£ç¡®çš„ä¸ªæ•°:  650
Epoch [38/100], V_AUC: [4m0.7515[0m
Epoch [39/100], Loss: 29.1323
train_Accuracy: [91m0.9156[0m
train_Precision: [4;34m0.9306[0m,               train_Recall: [4;33m0.9021[0m,                 train_F1 Score: [4;35m0.9132[0m
æ ‡ç­¾é‡Œ1çš„ä¸ªæ•°:  2150
æ ‡ç­¾é‡Œ0çš„ä¸ªæ•°:  2150
æ€»æ•°:  4300
æ­£ç¡®çš„ä¸ªæ•°:  3937
æœ€åä¸€ä¸ªæ‰¹æ¬¡çš„è¾“å‡º, ä¸æ»¡batchsizeæ˜¯æ­£å¸¸çš„:
 tensor([[0.9886],
        [0.9886],
        [0.9944],
        [0.0101],
        [0.9988],
        [0.0058],
        [0.1238],
        [0.0120],
        [0.9864],
        [0.9928],
        [0.0021],
        [0.0179]], device='cuda:0', grad_fn=<SigmoidBackward0>)
Epoch [39/100], T_AUC: [4m0.9193[0m
Epoch [39/100], Loss: 27.1005
val_Accuracy: [92m0.7651[0m
val_Precision: [4;34m0.7936[0m,               val_Recall: [4;33m0.7106[0m,                 val_F1 Score: [4;35m0.7446[0m
æ ‡ç­¾é‡Œ1çš„ä¸ªæ•°:  430
æ ‡ç­¾é‡Œ0çš„ä¸ªæ•°:  430
æ€»æ•°:  860
æ­£ç¡®çš„ä¸ªæ•°:  658
Epoch [39/100], V_AUC: [4m0.7625[0m
Epoch [40/100], Loss: 30.0788
train_Accuracy: [91m0.9084[0m
train_Precision: [4;34m0.9244[0m,               train_Recall: [4;33m0.8969[0m,                 train_F1 Score: [4;35m0.9071[0m
æ ‡ç­¾é‡Œ1çš„ä¸ªæ•°:  2150
æ ‡ç­¾é‡Œ0çš„ä¸ªæ•°:  2150
æ€»æ•°:  4300
æ­£ç¡®çš„ä¸ªæ•°:  3906
æœ€åä¸€ä¸ªæ‰¹æ¬¡çš„è¾“å‡º, ä¸æ»¡batchsizeæ˜¯æ­£å¸¸çš„:
 tensor([[9.9766e-01],
        [9.8702e-01],
        [9.8545e-01],
        [1.6584e-02],
        [9.9975e-01],
        [2.7063e-02],
        [5.2767e-02],
        [8.2763e-03],
        [8.0114e-01],
        [9.9065e-01],
        [3.4871e-04],
        [1.3027e-01]], device='cuda:0', grad_fn=<SigmoidBackward0>)
Epoch [40/100], T_AUC: [4m0.9129[0m
Epoch [40/100], Loss: 26.5516
val_Accuracy: [92m0.7616[0m
val_Precision: [4;34m0.7583[0m,               val_Recall: [4;33m0.7547[0m,                 val_F1 Score: [4;35m0.7517[0m
æ ‡ç­¾é‡Œ1çš„ä¸ªæ•°:  430
æ ‡ç­¾é‡Œ0çš„ä¸ªæ•°:  430
æ€»æ•°:  860
æ­£ç¡®çš„ä¸ªæ•°:  655
Epoch [40/100], V_AUC: [4m0.7589[0m
Epoch [41/100], Loss: 28.0725
train_Accuracy: [91m0.9193[0m
train_Precision: [4;34m0.9313[0m,               train_Recall: [4;33m0.9093[0m,                 train_F1 Score: [4;35m0.9173[0m
æ ‡ç­¾é‡Œ1çš„ä¸ªæ•°:  2150
æ ‡ç­¾é‡Œ0çš„ä¸ªæ•°:  2150
æ€»æ•°:  4300
æ­£ç¡®çš„ä¸ªæ•°:  3953
æœ€åä¸€ä¸ªæ‰¹æ¬¡çš„è¾“å‡º, ä¸æ»¡batchsizeæ˜¯æ­£å¸¸çš„:
 tensor([[9.9323e-01],
        [9.7868e-01],
        [9.8205e-01],
        [1.1522e-02],
        [9.9975e-01],
        [2.0087e-03],
        [3.9563e-02],
        [6.5655e-03],
        [9.9680e-01],
        [9.9866e-01],
        [8.3927e-05],
        [2.0380e-01]], device='cuda:0', grad_fn=<SigmoidBackward0>)
Epoch [41/100], T_AUC: [4m0.9233[0m
Epoch [41/100], Loss: 30.5564
val_Accuracy: [92m0.7547[0m
val_Precision: [4;34m0.7631[0m,               val_Recall: [4;33m0.7233[0m,                 val_F1 Score: [4;35m0.7379[0m
æ ‡ç­¾é‡Œ1çš„ä¸ªæ•°:  430
æ ‡ç­¾é‡Œ0çš„ä¸ªæ•°:  430
æ€»æ•°:  860
æ­£ç¡®çš„ä¸ªæ•°:  649
Epoch [41/100], V_AUC: [4m0.7525[0m
Epoch [42/100], Loss: 27.2223
train_Accuracy: [91m0.9237[0m
train_Precision: [4;34m0.9382[0m,               train_Recall: [4;33m0.9117[0m,                 train_F1 Score: [4;35m0.9221[0m
æ ‡ç­¾é‡Œ1çš„ä¸ªæ•°:  2150
æ ‡ç­¾é‡Œ0çš„ä¸ªæ•°:  2150
æ€»æ•°:  4300
æ­£ç¡®çš„ä¸ªæ•°:  3972
æœ€åä¸€ä¸ªæ‰¹æ¬¡çš„è¾“å‡º, ä¸æ»¡batchsizeæ˜¯æ­£å¸¸çš„:
 tensor([[9.9796e-01],
        [9.9121e-01],
        [9.7960e-01],
        [6.5867e-03],
        [9.9979e-01],
        [3.0140e-02],
        [5.7476e-02],
        [6.7794e-03],
        [9.9255e-01],
        [9.9499e-01],
        [1.0755e-04],
        [2.1572e-02]], device='cuda:0', grad_fn=<SigmoidBackward0>)
Epoch [42/100], T_AUC: [4m0.9274[0m
Epoch [42/100], Loss: 29.6228
val_Accuracy: [92m0.7477[0m
val_Precision: [4;34m0.7483[0m,               val_Recall: [4;33m0.7416[0m,                 val_F1 Score: [4;35m0.7395[0m
æ ‡ç­¾é‡Œ1çš„ä¸ªæ•°:  430
æ ‡ç­¾é‡Œ0çš„ä¸ªæ•°:  430
æ€»æ•°:  860
æ­£ç¡®çš„ä¸ªæ•°:  643
Epoch [42/100], V_AUC: [4m0.7459[0m
Epoch [43/100], Loss: 25.3414
train_Accuracy: [91m0.9279[0m
train_Precision: [4;34m0.9435[0m,               train_Recall: [4;33m0.9148[0m,                 train_F1 Score: [4;35m0.9265[0m
æ ‡ç­¾é‡Œ1çš„ä¸ªæ•°:  2150
æ ‡ç­¾é‡Œ0çš„ä¸ªæ•°:  2150
æ€»æ•°:  4300
æ­£ç¡®çš„ä¸ªæ•°:  3990
æœ€åä¸€ä¸ªæ‰¹æ¬¡çš„è¾“å‡º, ä¸æ»¡batchsizeæ˜¯æ­£å¸¸çš„:
 tensor([[9.9809e-01],
        [9.7033e-01],
        [9.2418e-01],
        [8.2673e-03],
        [9.9990e-01],
        [1.7426e-02],
        [2.5550e-02],
        [2.2494e-01],
        [9.9232e-01],
        [9.9542e-01],
        [1.1960e-04],
        [1.2258e-02]], device='cuda:0', grad_fn=<SigmoidBackward0>)
Epoch [43/100], T_AUC: [4m0.9314[0m
Epoch [43/100], Loss: 33.5165
val_Accuracy: [92m0.7500[0m
val_Precision: [4;34m0.7553[0m,               val_Recall: [4;33m0.7300[0m,                 val_F1 Score: [4;35m0.7372[0m
æ ‡ç­¾é‡Œ1çš„ä¸ªæ•°:  430
æ ‡ç­¾é‡Œ0çš„ä¸ªæ•°:  430
æ€»æ•°:  860
æ­£ç¡®çš„ä¸ªæ•°:  645
Epoch [43/100], V_AUC: [4m0.7475[0m
Epoch [44/100], Loss: 25.5950
train_Accuracy: [91m0.9286[0m
train_Precision: [4;34m0.9391[0m,               train_Recall: [4;33m0.9204[0m,                 train_F1 Score: [4;35m0.9270[0m
æ ‡ç­¾é‡Œ1çš„ä¸ªæ•°:  2150
æ ‡ç­¾é‡Œ0çš„ä¸ªæ•°:  2150
æ€»æ•°:  4300
æ­£ç¡®çš„ä¸ªæ•°:  3993
æœ€åä¸€ä¸ªæ‰¹æ¬¡çš„è¾“å‡º, ä¸æ»¡batchsizeæ˜¯æ­£å¸¸çš„:
 tensor([[9.9813e-01],
        [9.5746e-01],
        [9.7808e-01],
        [6.0645e-02],
        [9.9984e-01],
        [6.2626e-02],
        [1.0435e-01],
        [4.0399e-03],
        [9.9359e-01],
        [9.8425e-01],
        [1.0869e-04],
        [9.5535e-03]], device='cuda:0', grad_fn=<SigmoidBackward0>)
Epoch [44/100], T_AUC: [4m0.9319[0m
Epoch [44/100], Loss: 32.0049
val_Accuracy: [92m0.7616[0m
val_Precision: [4;34m0.7589[0m,               val_Recall: [4;33m0.7582[0m,                 val_F1 Score: [4;35m0.7535[0m
æ ‡ç­¾é‡Œ1çš„ä¸ªæ•°:  430
æ ‡ç­¾é‡Œ0çš„ä¸ªæ•°:  430
æ€»æ•°:  860
æ­£ç¡®çš„ä¸ªæ•°:  655
Epoch [44/100], V_AUC: [4m0.7605[0m
Epoch [45/100], Loss: 24.2406
train_Accuracy: [91m0.9286[0m
train_Precision: [4;34m0.9396[0m,               train_Recall: [4;33m0.9192[0m,                 train_F1 Score: [4;35m0.9266[0m
æ ‡ç­¾é‡Œ1çš„ä¸ªæ•°:  2150
æ ‡ç­¾é‡Œ0çš„ä¸ªæ•°:  2150
æ€»æ•°:  4300
æ­£ç¡®çš„ä¸ªæ•°:  3993
æœ€åä¸€ä¸ªæ‰¹æ¬¡çš„è¾“å‡º, ä¸æ»¡batchsizeæ˜¯æ­£å¸¸çš„:
 tensor([[9.9594e-01],
        [9.8561e-01],
        [9.9792e-01],
        [3.5372e-03],
        [9.9984e-01],
        [1.6233e-02],
        [3.0370e-02],
        [2.6851e-03],
        [9.9242e-01],
        [9.9354e-01],
        [2.0595e-04],
        [6.7700e-02]], device='cuda:0', grad_fn=<SigmoidBackward0>)
Epoch [45/100], T_AUC: [4m0.9324[0m
Epoch [45/100], Loss: 31.1278
val_Accuracy: [92m0.7535[0m
val_Precision: [4;34m0.7522[0m,               val_Recall: [4;33m0.7523[0m,                 val_F1 Score: [4;35m0.7472[0m
æ ‡ç­¾é‡Œ1çš„ä¸ªæ•°:  430
æ ‡ç­¾é‡Œ0çš„ä¸ªæ•°:  430
æ€»æ•°:  860
æ­£ç¡®çš„ä¸ªæ•°:  648
Epoch [45/100], V_AUC: [4m0.7520[0m
Epoch [46/100], Loss: 22.9877
train_Accuracy: [91m0.9312[0m
train_Precision: [4;34m0.9430[0m,               train_Recall: [4;33m0.9204[0m,                 train_F1 Score: [4;35m0.9289[0m
æ ‡ç­¾é‡Œ1çš„ä¸ªæ•°:  2150
æ ‡ç­¾é‡Œ0çš„ä¸ªæ•°:  2150
æ€»æ•°:  4300
æ­£ç¡®çš„ä¸ªæ•°:  4004
æœ€åä¸€ä¸ªæ‰¹æ¬¡çš„è¾“å‡º, ä¸æ»¡batchsizeæ˜¯æ­£å¸¸çš„:
 tensor([[9.9880e-01],
        [9.4069e-01],
        [9.8890e-01],
        [5.7558e-02],
        [9.9915e-01],
        [9.1259e-02],
        [3.6601e-02],
        [1.4225e-02],
        [9.0307e-01],
        [9.9689e-01],
        [5.2454e-05],
        [9.3262e-02]], device='cuda:0', grad_fn=<SigmoidBackward0>)
Epoch [46/100], T_AUC: [4m0.9348[0m
Epoch [46/100], Loss: 31.4358
val_Accuracy: [92m0.7419[0m
val_Precision: [4;34m0.7325[0m,               val_Recall: [4;33m0.7575[0m,                 val_F1 Score: [4;35m0.7393[0m
æ ‡ç­¾é‡Œ1çš„ä¸ªæ•°:  430
æ ‡ç­¾é‡Œ0çš„ä¸ªæ•°:  430
æ€»æ•°:  860
æ­£ç¡®çš„ä¸ªæ•°:  638
Epoch [46/100], V_AUC: [4m0.7416[0m
Epoch [47/100], Loss: 24.2877
train_Accuracy: [91m0.9314[0m
train_Precision: [4;34m0.9462[0m,               train_Recall: [4;33m0.9194[0m,                 train_F1 Score: [4;35m0.9299[0m
æ ‡ç­¾é‡Œ1çš„ä¸ªæ•°:  2150
æ ‡ç­¾é‡Œ0çš„ä¸ªæ•°:  2150
æ€»æ•°:  4300
æ­£ç¡®çš„ä¸ªæ•°:  4005
æœ€åä¸€ä¸ªæ‰¹æ¬¡çš„è¾“å‡º, ä¸æ»¡batchsizeæ˜¯æ­£å¸¸çš„:
 tensor([[9.8414e-01],
        [9.8352e-01],
        [9.9778e-01],
        [1.1848e-03],
        [9.9999e-01],
        [1.6846e-02],
        [1.8241e-01],
        [6.2918e-03],
        [9.9031e-01],
        [9.8000e-01],
        [2.8783e-04],
        [1.4320e-02]], device='cuda:0', grad_fn=<SigmoidBackward0>)
Epoch [47/100], T_AUC: [4m0.9347[0m
Epoch [47/100], Loss: 38.7538
val_Accuracy: [92m0.7419[0m
val_Precision: [4;34m0.7600[0m,               val_Recall: [4;33m0.7007[0m,                 val_F1 Score: [4;35m0.7241[0m
æ ‡ç­¾é‡Œ1çš„ä¸ªæ•°:  430
æ ‡ç­¾é‡Œ0çš„ä¸ªæ•°:  430
æ€»æ•°:  860
æ­£ç¡®çš„ä¸ªæ•°:  638
Epoch [47/100], V_AUC: [4m0.7396[0m
Epoch [48/100], Loss: 27.6689
train_Accuracy: [91m0.9212[0m
train_Precision: [4;34m0.9277[0m,               train_Recall: [4;33m0.9188[0m,                 train_F1 Score: [4;35m0.9202[0m
æ ‡ç­¾é‡Œ1çš„ä¸ªæ•°:  2150
æ ‡ç­¾é‡Œ0çš„ä¸ªæ•°:  2150
æ€»æ•°:  4300
æ­£ç¡®çš„ä¸ªæ•°:  3961
æœ€åä¸€ä¸ªæ‰¹æ¬¡çš„è¾“å‡º, ä¸æ»¡batchsizeæ˜¯æ­£å¸¸çš„:
 tensor([[9.8231e-01],
        [9.4903e-01],
        [9.9164e-01],
        [1.0707e-02],
        [9.9981e-01],
        [2.6716e-02],
        [2.0013e-02],
        [2.0505e-02],
        [9.8980e-01],
        [9.9816e-01],
        [9.2471e-05],
        [6.4987e-02]], device='cuda:0', grad_fn=<SigmoidBackward0>)
Epoch [48/100], T_AUC: [4m0.9243[0m
Epoch [48/100], Loss: 30.3448
val_Accuracy: [92m0.7419[0m
val_Precision: [4;34m0.7458[0m,               val_Recall: [4;33m0.7290[0m,                 val_F1 Score: [4;35m0.7310[0m
æ ‡ç­¾é‡Œ1çš„ä¸ªæ•°:  430
æ ‡ç­¾é‡Œ0çš„ä¸ªæ•°:  430
æ€»æ•°:  860
æ­£ç¡®çš„ä¸ªæ•°:  638
Epoch [48/100], V_AUC: [4m0.7395[0m
Epoch [49/100], Loss: 23.7008
train_Accuracy: [91m0.9270[0m
train_Precision: [4;34m0.9346[0m,               train_Recall: [4;33m0.9205[0m,                 train_F1 Score: [4;35m0.9251[0m
æ ‡ç­¾é‡Œ1çš„ä¸ªæ•°:  2150
æ ‡ç­¾é‡Œ0çš„ä¸ªæ•°:  2150
æ€»æ•°:  4300
æ­£ç¡®çš„ä¸ªæ•°:  3986
æœ€åä¸€ä¸ªæ‰¹æ¬¡çš„è¾“å‡º, ä¸æ»¡batchsizeæ˜¯æ­£å¸¸çš„:
 tensor([[9.9405e-01],
        [9.6148e-01],
        [7.6123e-01],
        [8.4192e-03],
        [1.0000e+00],
        [1.5286e-02],
        [4.8807e-02],
        [7.6129e-04],
        [9.5890e-01],
        [9.9491e-01],
        [5.0101e-05],
        [1.3687e-01]], device='cuda:0', grad_fn=<SigmoidBackward0>)
Epoch [49/100], T_AUC: [4m0.9303[0m
Epoch [49/100], Loss: 34.0420
val_Accuracy: [92m0.7558[0m
val_Precision: [4;34m0.7582[0m,               val_Recall: [4;33m0.7393[0m,                 val_F1 Score: [4;35m0.7435[0m
æ ‡ç­¾é‡Œ1çš„ä¸ªæ•°:  430
æ ‡ç­¾é‡Œ0çš„ä¸ªæ•°:  430
æ€»æ•°:  860
æ­£ç¡®çš„ä¸ªæ•°:  650
Epoch [49/100], V_AUC: [4m0.7516[0m
Epoch [50/100], Loss: 22.9491
train_Accuracy: [91m0.9353[0m
train_Precision: [4;34m0.9457[0m,               train_Recall: [4;33m0.9273[0m,                 train_F1 Score: [4;35m0.9336[0m
æ ‡ç­¾é‡Œ1çš„ä¸ªæ•°:  2150
æ ‡ç­¾é‡Œ0çš„ä¸ªæ•°:  2150
æ€»æ•°:  4300
æ­£ç¡®çš„ä¸ªæ•°:  4022
æœ€åä¸€ä¸ªæ‰¹æ¬¡çš„è¾“å‡º, ä¸æ»¡batchsizeæ˜¯æ­£å¸¸çš„:
 tensor([[9.9831e-01],
        [9.8902e-01],
        [9.9181e-01],
        [1.2290e-03],
        [1.0000e+00],
        [4.9817e-02],
        [2.8842e-02],
        [1.1964e-02],
        [9.8148e-01],
        [9.9548e-01],
        [9.5397e-06],
        [4.6425e-03]], device='cuda:0', grad_fn=<SigmoidBackward0>)
Epoch [50/100], T_AUC: [4m0.9391[0m
Epoch [50/100], Loss: 30.9934
val_Accuracy: [92m0.7488[0m
val_Precision: [4;34m0.7577[0m,               val_Recall: [4;33m0.7229[0m,                 val_F1 Score: [4;35m0.7341[0m
æ ‡ç­¾é‡Œ1çš„ä¸ªæ•°:  430
æ ‡ç­¾é‡Œ0çš„ä¸ªæ•°:  430
æ€»æ•°:  860
æ­£ç¡®çš„ä¸ªæ•°:  644
Epoch [50/100], V_AUC: [4m0.7470[0m
Epoch [51/100], Loss: 21.7760
train_Accuracy: [91m0.9358[0m
train_Precision: [4;34m0.9470[0m,               train_Recall: [4;33m0.9263[0m,                 train_F1 Score: [4;35m0.9342[0m
æ ‡ç­¾é‡Œ1çš„ä¸ªæ•°:  2150
æ ‡ç­¾é‡Œ0çš„ä¸ªæ•°:  2150
æ€»æ•°:  4300
æ­£ç¡®çš„ä¸ªæ•°:  4024
æœ€åä¸€ä¸ªæ‰¹æ¬¡çš„è¾“å‡º, ä¸æ»¡batchsizeæ˜¯æ­£å¸¸çš„:
 tensor([[9.9304e-01],
        [9.7023e-01],
        [9.7762e-01],
        [1.5920e-02],
        [9.9991e-01],
        [1.6179e-02],
        [2.4001e-02],
        [3.8821e-03],
        [9.9961e-01],
        [9.9896e-01],
        [1.1113e-05],
        [2.9607e-02]], device='cuda:0', grad_fn=<SigmoidBackward0>)
Epoch [51/100], T_AUC: [4m0.9384[0m
Epoch [51/100], Loss: 32.8524
val_Accuracy: [92m0.7430[0m
val_Precision: [4;34m0.7429[0m,               val_Recall: [4;33m0.7432[0m,                 val_F1 Score: [4;35m0.7367[0m
æ ‡ç­¾é‡Œ1çš„ä¸ªæ•°:  430
æ ‡ç­¾é‡Œ0çš„ä¸ªæ•°:  430
æ€»æ•°:  860
æ­£ç¡®çš„ä¸ªæ•°:  639
Epoch [51/100], V_AUC: [4m0.7414[0m
Epoch [52/100], Loss: 19.5167
train_Accuracy: [91m0.9453[0m
train_Precision: [4;34m0.9522[0m,               train_Recall: [4;33m0.9390[0m,                 train_F1 Score: [4;35m0.9439[0m
æ ‡ç­¾é‡Œ1çš„ä¸ªæ•°:  2150
æ ‡ç­¾é‡Œ0çš„ä¸ªæ•°:  2150
æ€»æ•°:  4300
æ­£ç¡®çš„ä¸ªæ•°:  4065
æœ€åä¸€ä¸ªæ‰¹æ¬¡çš„è¾“å‡º, ä¸æ»¡batchsizeæ˜¯æ­£å¸¸çš„:
 tensor([[9.8961e-01],
        [9.9359e-01],
        [9.8482e-01],
        [2.2962e-02],
        [9.9992e-01],
        [9.8509e-03],
        [1.1193e-02],
        [7.5765e-03],
        [9.9914e-01],
        [9.9745e-01],
        [7.0115e-05],
        [6.5746e-03]], device='cuda:0', grad_fn=<SigmoidBackward0>)
Epoch [52/100], T_AUC: [4m0.9474[0m
Epoch [52/100], Loss: 32.0683
val_Accuracy: [92m0.7430[0m
val_Precision: [4;34m0.7417[0m,               val_Recall: [4;33m0.7319[0m,                 val_F1 Score: [4;35m0.7322[0m
æ ‡ç­¾é‡Œ1çš„ä¸ªæ•°:  430
æ ‡ç­¾é‡Œ0çš„ä¸ªæ•°:  430
æ€»æ•°:  860
æ­£ç¡®çš„ä¸ªæ•°:  639
Epoch [52/100], V_AUC: [4m0.7398[0m
Epoch [53/100], Loss: 18.9128
train_Accuracy: [91m0.9505[0m
train_Precision: [4;34m0.9589[0m,               train_Recall: [4;33m0.9429[0m,                 train_F1 Score: [4;35m0.9491[0m
æ ‡ç­¾é‡Œ1çš„ä¸ªæ•°:  2150
æ ‡ç­¾é‡Œ0çš„ä¸ªæ•°:  2150
æ€»æ•°:  4300
æ­£ç¡®çš„ä¸ªæ•°:  4087
æœ€åä¸€ä¸ªæ‰¹æ¬¡çš„è¾“å‡º, ä¸æ»¡batchsizeæ˜¯æ­£å¸¸çš„:
 tensor([[9.8682e-01],
        [9.9331e-01],
        [9.9877e-01],
        [1.3382e-02],
        [9.9961e-01],
        [1.0027e-01],
        [1.4159e-02],
        [3.8141e-03],
        [9.9941e-01],
        [9.8140e-01],
        [7.1225e-06],
        [5.9226e-02]], device='cuda:0', grad_fn=<SigmoidBackward0>)
Epoch [53/100], T_AUC: [4m0.9523[0m
Epoch [53/100], Loss: 36.0976
val_Accuracy: [92m0.7070[0m
val_Precision: [4;34m0.7013[0m,               val_Recall: [4;33m0.7223[0m,                 val_F1 Score: [4;35m0.7061[0m
æ ‡ç­¾é‡Œ1çš„ä¸ªæ•°:  430
æ ‡ç­¾é‡Œ0çš„ä¸ªæ•°:  430
æ€»æ•°:  860
æ­£ç¡®çš„ä¸ªæ•°:  608
Epoch [53/100], V_AUC: [4m0.7061[0m
Epoch [54/100], Loss: 21.7305
train_Accuracy: [91m0.9374[0m
train_Precision: [4;34m0.9452[0m,               train_Recall: [4;33m0.9340[0m,                 train_F1 Score: [4;35m0.9371[0m
æ ‡ç­¾é‡Œ1çš„ä¸ªæ•°:  2150
æ ‡ç­¾é‡Œ0çš„ä¸ªæ•°:  2150
æ€»æ•°:  4300
æ­£ç¡®çš„ä¸ªæ•°:  4031
æœ€åä¸€ä¸ªæ‰¹æ¬¡çš„è¾“å‡º, ä¸æ»¡batchsizeæ˜¯æ­£å¸¸çš„:
 tensor([[9.9406e-01],
        [9.7889e-01],
        [9.9957e-01],
        [5.2738e-02],
        [9.9984e-01],
        [1.7190e-02],
        [4.9370e-03],
        [1.0546e-02],
        [9.2986e-01],
        [9.9759e-01],
        [9.3494e-05],
        [2.4504e-02]], device='cuda:0', grad_fn=<SigmoidBackward0>)
Epoch [54/100], T_AUC: [4m0.9410[0m
Epoch [54/100], Loss: 30.0203
val_Accuracy: [92m0.7314[0m
val_Precision: [4;34m0.7371[0m,               val_Recall: [4;33m0.7231[0m,                 val_F1 Score: [4;35m0.7220[0m
æ ‡ç­¾é‡Œ1çš„ä¸ªæ•°:  430
æ ‡ç­¾é‡Œ0çš„ä¸ªæ•°:  430
æ€»æ•°:  860
æ­£ç¡®çš„ä¸ªæ•°:  629
Epoch [54/100], V_AUC: [4m0.7312[0m
Epoch [55/100], Loss: 20.6031
train_Accuracy: [91m0.9442[0m
train_Precision: [4;34m0.9498[0m,               train_Recall: [4;33m0.9394[0m,                 train_F1 Score: [4;35m0.9424[0m
æ ‡ç­¾é‡Œ1çš„ä¸ªæ•°:  2150
æ ‡ç­¾é‡Œ0çš„ä¸ªæ•°:  2150
æ€»æ•°:  4300
æ­£ç¡®çš„ä¸ªæ•°:  4060
æœ€åä¸€ä¸ªæ‰¹æ¬¡çš„è¾“å‡º, ä¸æ»¡batchsizeæ˜¯æ­£å¸¸çš„:
 tensor([[9.9699e-01],
        [9.9401e-01],
        [9.8949e-01],
        [9.2830e-03],
        [9.9998e-01],
        [1.5319e-03],
        [3.9170e-02],
        [3.3981e-03],
        [9.9452e-01],
        [9.9881e-01],
        [1.0609e-04],
        [1.3746e-02]], device='cuda:0', grad_fn=<SigmoidBackward0>)
Epoch [55/100], T_AUC: [4m0.9470[0m
Epoch [55/100], Loss: 33.6901
val_Accuracy: [92m0.7151[0m
val_Precision: [4;34m0.7191[0m,               val_Recall: [4;33m0.7042[0m,                 val_F1 Score: [4;35m0.7055[0m
æ ‡ç­¾é‡Œ1çš„ä¸ªæ•°:  430
æ ‡ç­¾é‡Œ0çš„ä¸ªæ•°:  430
æ€»æ•°:  860
æ­£ç¡®çš„ä¸ªæ•°:  615
Epoch [55/100], V_AUC: [4m0.7143[0m
Epoch [56/100], Loss: 20.2731
train_Accuracy: [91m0.9412[0m
train_Precision: [4;34m0.9495[0m,               train_Recall: [4;33m0.9346[0m,                 train_F1 Score: [4;35m0.9399[0m
æ ‡ç­¾é‡Œ1çš„ä¸ªæ•°:  2150
æ ‡ç­¾é‡Œ0çš„ä¸ªæ•°:  2150
æ€»æ•°:  4300
æ­£ç¡®çš„ä¸ªæ•°:  4047
æœ€åä¸€ä¸ªæ‰¹æ¬¡çš„è¾“å‡º, ä¸æ»¡batchsizeæ˜¯æ­£å¸¸çš„:
 tensor([[9.9191e-01],
        [9.8887e-01],
        [9.7728e-01],
        [5.3860e-03],
        [9.9975e-01],
        [1.9338e-03],
        [2.6764e-03],
        [3.5028e-02],
        [9.9991e-01],
        [9.9628e-01],
        [7.6780e-05],
        [1.0692e-01]], device='cuda:0', grad_fn=<SigmoidBackward0>)
Epoch [56/100], T_AUC: [4m0.9439[0m
Epoch [56/100], Loss: 33.1637
val_Accuracy: [92m0.7477[0m
val_Precision: [4;34m0.7566[0m,               val_Recall: [4;33m0.7288[0m,                 val_F1 Score: [4;35m0.7361[0m
æ ‡ç­¾é‡Œ1çš„ä¸ªæ•°:  430
æ ‡ç­¾é‡Œ0çš„ä¸ªæ•°:  430
æ€»æ•°:  860
æ­£ç¡®çš„ä¸ªæ•°:  643
Epoch [56/100], V_AUC: [4m0.7476[0m
Epoch [57/100], Loss: 18.0417
train_Accuracy: [91m0.9493[0m
train_Precision: [4;34m0.9554[0m,               train_Recall: [4;33m0.9454[0m,                 train_F1 Score: [4;35m0.9487[0m
æ ‡ç­¾é‡Œ1çš„ä¸ªæ•°:  2150
æ ‡ç­¾é‡Œ0çš„ä¸ªæ•°:  2150
æ€»æ•°:  4300
æ­£ç¡®çš„ä¸ªæ•°:  4082
æœ€åä¸€ä¸ªæ‰¹æ¬¡çš„è¾“å‡º, ä¸æ»¡batchsizeæ˜¯æ­£å¸¸çš„:
 tensor([[9.8139e-01],
        [9.9390e-01],
        [9.9769e-01],
        [9.3806e-03],
        [9.9995e-01],
        [9.9614e-03],
        [1.5264e-03],
        [4.4536e-03],
        [9.9951e-01],
        [9.9844e-01],
        [4.3783e-05],
        [1.5725e-02]], device='cuda:0', grad_fn=<SigmoidBackward0>)
Epoch [57/100], T_AUC: [4m0.9518[0m
Epoch [57/100], Loss: 33.5013
val_Accuracy: [92m0.7442[0m
val_Precision: [4;34m0.7412[0m,               val_Recall: [4;33m0.7325[0m,                 val_F1 Score: [4;35m0.7326[0m
æ ‡ç­¾é‡Œ1çš„ä¸ªæ•°:  430
æ ‡ç­¾é‡Œ0çš„ä¸ªæ•°:  430
æ€»æ•°:  860
æ­£ç¡®çš„ä¸ªæ•°:  640
Epoch [57/100], V_AUC: [4m0.7415[0m
Epoch [58/100], Loss: 16.3252
train_Accuracy: [91m0.9581[0m
train_Precision: [4;34m0.9647[0m,               train_Recall: [4;33m0.9540[0m,                 train_F1 Score: [4;35m0.9579[0m
æ ‡ç­¾é‡Œ1çš„ä¸ªæ•°:  2150
æ ‡ç­¾é‡Œ0çš„ä¸ªæ•°:  2150
æ€»æ•°:  4300
æ­£ç¡®çš„ä¸ªæ•°:  4120
æœ€åä¸€ä¸ªæ‰¹æ¬¡çš„è¾“å‡º, ä¸æ»¡batchsizeæ˜¯æ­£å¸¸çš„:
 tensor([[9.6750e-01],
        [9.8838e-01],
        [9.9967e-01],
        [1.9484e-02],
        [9.9995e-01],
        [8.0728e-03],
        [4.1923e-03],
        [1.4686e-03],
        [9.9955e-01],
        [9.9325e-01],
        [2.2513e-05],
        [6.7144e-02]], device='cuda:0', grad_fn=<SigmoidBackward0>)
Epoch [58/100], T_AUC: [4m0.9602[0m
Epoch [58/100], Loss: 36.5548
val_Accuracy: [92m0.7314[0m
val_Precision: [4;34m0.7318[0m,               val_Recall: [4;33m0.7146[0m,                 val_F1 Score: [4;35m0.7170[0m
æ ‡ç­¾é‡Œ1çš„ä¸ªæ•°:  430
æ ‡ç­¾é‡Œ0çš„ä¸ªæ•°:  430
æ€»æ•°:  860
æ­£ç¡®çš„ä¸ªæ•°:  629
Epoch [58/100], V_AUC: [4m0.7300[0m
Epoch [59/100], Loss: 16.7939
train_Accuracy: [91m0.9537[0m
train_Precision: [4;34m0.9591[0m,               train_Recall: [4;33m0.9516[0m,                 train_F1 Score: [4;35m0.9534[0m
æ ‡ç­¾é‡Œ1çš„ä¸ªæ•°:  2150
æ ‡ç­¾é‡Œ0çš„ä¸ªæ•°:  2150
æ€»æ•°:  4300
æ­£ç¡®çš„ä¸ªæ•°:  4101
æœ€åä¸€ä¸ªæ‰¹æ¬¡çš„è¾“å‡º, ä¸æ»¡batchsizeæ˜¯æ­£å¸¸çš„:
 tensor([[9.9283e-01],
        [8.8817e-01],
        [9.9831e-01],
        [3.5871e-03],
        [9.9999e-01],
        [4.3680e-03],
        [4.5882e-03],
        [1.5634e-02],
        [9.9979e-01],
        [9.9633e-01],
        [2.9805e-05],
        [1.4039e-02]], device='cuda:0', grad_fn=<SigmoidBackward0>)
Epoch [59/100], T_AUC: [4m0.9564[0m
Epoch [59/100], Loss: 33.3022
val_Accuracy: [92m0.7372[0m
val_Precision: [4;34m0.7449[0m,               val_Recall: [4;33m0.7187[0m,                 val_F1 Score: [4;35m0.7242[0m
æ ‡ç­¾é‡Œ1çš„ä¸ªæ•°:  430
æ ‡ç­¾é‡Œ0çš„ä¸ªæ•°:  430
æ€»æ•°:  860
æ­£ç¡®çš„ä¸ªæ•°:  634
Epoch [59/100], V_AUC: [4m0.7366[0m
Epoch [60/100], Loss: 16.4388
train_Accuracy: [91m0.9547[0m
train_Precision: [4;34m0.9587[0m,               train_Recall: [4;33m0.9527[0m,                 train_F1 Score: [4;35m0.9537[0m
æ ‡ç­¾é‡Œ1çš„ä¸ªæ•°:  2150
æ ‡ç­¾é‡Œ0çš„ä¸ªæ•°:  2150
æ€»æ•°:  4300
æ­£ç¡®çš„ä¸ªæ•°:  4105
æœ€åä¸€ä¸ªæ‰¹æ¬¡çš„è¾“å‡º, ä¸æ»¡batchsizeæ˜¯æ­£å¸¸çš„:
 tensor([[9.9720e-01],
        [9.7625e-01],
        [9.9622e-01],
        [9.3159e-03],
        [9.9951e-01],
        [8.4148e-03],
        [1.2057e-02],
        [4.2674e-02],
        [9.9990e-01],
        [9.9224e-01],
        [2.0123e-05],
        [6.9191e-03]], device='cuda:0', grad_fn=<SigmoidBackward0>)
Epoch [60/100], T_AUC: [4m0.9578[0m
Epoch [60/100], Loss: 35.8144
val_Accuracy: [92m0.7337[0m
val_Precision: [4;34m0.7286[0m,               val_Recall: [4;33m0.7308[0m,                 val_F1 Score: [4;35m0.7245[0m
æ ‡ç­¾é‡Œ1çš„ä¸ªæ•°:  430
æ ‡ç­¾é‡Œ0çš„ä¸ªæ•°:  430
æ€»æ•°:  860
æ­£ç¡®çš„ä¸ªæ•°:  631
Epoch [60/100], V_AUC: [4m0.7321[0m
Epoch [61/100], Loss: 16.2890
train_Accuracy: [91m0.9537[0m
train_Precision: [4;34m0.9592[0m,               train_Recall: [4;33m0.9516[0m,                 train_F1 Score: [4;35m0.9536[0m
æ ‡ç­¾é‡Œ1çš„ä¸ªæ•°:  2150
æ ‡ç­¾é‡Œ0çš„ä¸ªæ•°:  2150
æ€»æ•°:  4300
æ­£ç¡®çš„ä¸ªæ•°:  4101
æœ€åä¸€ä¸ªæ‰¹æ¬¡çš„è¾“å‡º, ä¸æ»¡batchsizeæ˜¯æ­£å¸¸çš„:
 tensor([[9.9644e-01],
        [9.9632e-01],
        [9.8502e-01],
        [1.7529e-03],
        [9.9998e-01],
        [7.3390e-03],
        [1.4711e-02],
        [6.3380e-04],
        [9.9907e-01],
        [9.9985e-01],
        [9.5940e-05],
        [2.2294e-03]], device='cuda:0', grad_fn=<SigmoidBackward0>)
Epoch [61/100], T_AUC: [4m0.9570[0m
Epoch [61/100], Loss: 36.8541
val_Accuracy: [92m0.7558[0m
val_Precision: [4;34m0.7551[0m,               val_Recall: [4;33m0.7461[0m,                 val_F1 Score: [4;35m0.7443[0m
æ ‡ç­¾é‡Œ1çš„ä¸ªæ•°:  430
æ ‡ç­¾é‡Œ0çš„ä¸ªæ•°:  430
æ€»æ•°:  860
æ­£ç¡®çš„ä¸ªæ•°:  650
Epoch [61/100], V_AUC: [4m0.7529[0m
Epoch [62/100], Loss: 14.6806
train_Accuracy: [91m0.9605[0m
train_Precision: [4;34m0.9656[0m,               train_Recall: [4;33m0.9558[0m,                 train_F1 Score: [4;35m0.9590[0m
æ ‡ç­¾é‡Œ1çš„ä¸ªæ•°:  2150
æ ‡ç­¾é‡Œ0çš„ä¸ªæ•°:  2150
æ€»æ•°:  4300
æ­£ç¡®çš„ä¸ªæ•°:  4130
æœ€åä¸€ä¸ªæ‰¹æ¬¡çš„è¾“å‡º, ä¸æ»¡batchsizeæ˜¯æ­£å¸¸çš„:
 tensor([[9.9698e-01],
        [9.9863e-01],
        [9.9892e-01],
        [9.7655e-03],
        [9.9999e-01],
        [6.1316e-03],
        [8.3979e-04],
        [2.1476e-02],
        [9.9589e-01],
        [9.9938e-01],
        [1.1164e-06],
        [4.0917e-03]], device='cuda:0', grad_fn=<SigmoidBackward0>)
Epoch [62/100], T_AUC: [4m0.9627[0m
Epoch [62/100], Loss: 36.6084
val_Accuracy: [92m0.7442[0m
val_Precision: [4;34m0.7520[0m,               val_Recall: [4;33m0.7267[0m,                 val_F1 Score: [4;35m0.7334[0m
æ ‡ç­¾é‡Œ1çš„ä¸ªæ•°:  430
æ ‡ç­¾é‡Œ0çš„ä¸ªæ•°:  430
æ€»æ•°:  860
æ­£ç¡®çš„ä¸ªæ•°:  640
Epoch [62/100], V_AUC: [4m0.7432[0m
Epoch [63/100], Loss: 14.7153
train_Accuracy: [91m0.9633[0m
train_Precision: [4;34m0.9659[0m,               train_Recall: [4;33m0.9622[0m,                 train_F1 Score: [4;35m0.9626[0m
æ ‡ç­¾é‡Œ1çš„ä¸ªæ•°:  2150
æ ‡ç­¾é‡Œ0çš„ä¸ªæ•°:  2150
æ€»æ•°:  4300
æ­£ç¡®çš„ä¸ªæ•°:  4142
æœ€åä¸€ä¸ªæ‰¹æ¬¡çš„è¾“å‡º, ä¸æ»¡batchsizeæ˜¯æ­£å¸¸çš„:
 tensor([[9.9817e-01],
        [9.9776e-01],
        [9.8727e-01],
        [7.1662e-03],
        [9.9997e-01],
        [2.1565e-02],
        [6.1674e-04],
        [8.4396e-03],
        [9.9994e-01],
        [9.9847e-01],
        [3.3849e-05],
        [1.5467e-04]], device='cuda:0', grad_fn=<SigmoidBackward0>)
Epoch [63/100], T_AUC: [4m0.9654[0m
Epoch [63/100], Loss: 37.1172
val_Accuracy: [92m0.7488[0m
val_Precision: [4;34m0.7583[0m,               val_Recall: [4;33m0.7224[0m,                 val_F1 Score: [4;35m0.7337[0m
æ ‡ç­¾é‡Œ1çš„ä¸ªæ•°:  430
æ ‡ç­¾é‡Œ0çš„ä¸ªæ•°:  430
æ€»æ•°:  860
æ­£ç¡®çš„ä¸ªæ•°:  644
Epoch [63/100], V_AUC: [4m0.7463[0m
Epoch [64/100], Loss: 15.0912
train_Accuracy: [91m0.9563[0m
train_Precision: [4;34m0.9641[0m,               train_Recall: [4;33m0.9493[0m,                 train_F1 Score: [4;35m0.9548[0m
æ ‡ç­¾é‡Œ1çš„ä¸ªæ•°:  2150
æ ‡ç­¾é‡Œ0çš„ä¸ªæ•°:  2150
æ€»æ•°:  4300
æ­£ç¡®çš„ä¸ªæ•°:  4112
æœ€åä¸€ä¸ªæ‰¹æ¬¡çš„è¾“å‡º, ä¸æ»¡batchsizeæ˜¯æ­£å¸¸çš„:
 tensor([[9.9844e-01],
        [9.9677e-01],
        [9.9980e-01],
        [3.5490e-03],
        [9.9983e-01],
        [1.6339e-03],
        [1.9536e-03],
        [1.3263e-02],
        [9.9978e-01],
        [9.8906e-01],
        [2.5122e-05],
        [1.2514e-02]], device='cuda:0', grad_fn=<SigmoidBackward0>)
Epoch [64/100], T_AUC: [4m0.9593[0m
Epoch [64/100], Loss: 39.3628
val_Accuracy: [92m0.7256[0m
val_Precision: [4;34m0.7249[0m,               val_Recall: [4;33m0.7239[0m,                 val_F1 Score: [4;35m0.7179[0m
æ ‡ç­¾é‡Œ1çš„ä¸ªæ•°:  430
æ ‡ç­¾é‡Œ0çš„ä¸ªæ•°:  430
æ€»æ•°:  860
æ­£ç¡®çš„ä¸ªæ•°:  624
Epoch [64/100], V_AUC: [4m0.7248[0m
Epoch [65/100], Loss: 15.1622
train_Accuracy: [91m0.9572[0m
train_Precision: [4;34m0.9598[0m,               train_Recall: [4;33m0.9576[0m,                 train_F1 Score: [4;35m0.9571[0m
æ ‡ç­¾é‡Œ1çš„ä¸ªæ•°:  2150
æ ‡ç­¾é‡Œ0çš„ä¸ªæ•°:  2150
æ€»æ•°:  4300
æ­£ç¡®çš„ä¸ªæ•°:  4116
æœ€åä¸€ä¸ªæ‰¹æ¬¡çš„è¾“å‡º, ä¸æ»¡batchsizeæ˜¯æ­£å¸¸çš„:
 tensor([[9.9955e-01],
        [9.9973e-01],
        [9.9987e-01],
        [1.9441e-02],
        [9.9696e-01],
        [2.3216e-03],
        [2.8170e-03],
        [3.6793e-03],
        [9.8509e-01],
        [9.9676e-01],
        [4.6736e-05],
        [1.6703e-03]], device='cuda:0', grad_fn=<SigmoidBackward0>)
Epoch [65/100], T_AUC: [4m0.9599[0m
Epoch [65/100], Loss: 42.4217
val_Accuracy: [92m0.7395[0m
val_Precision: [4;34m0.7403[0m,               val_Recall: [4;33m0.7254[0m,                 val_F1 Score: [4;35m0.7277[0m
æ ‡ç­¾é‡Œ1çš„ä¸ªæ•°:  430
æ ‡ç­¾é‡Œ0çš„ä¸ªæ•°:  430
æ€»æ•°:  860
æ­£ç¡®çš„ä¸ªæ•°:  636
Epoch [65/100], V_AUC: [4m0.7354[0m
Epoch [66/100], Loss: 15.8366
train_Accuracy: [91m0.9549[0m
train_Precision: [4;34m0.9592[0m,               train_Recall: [4;33m0.9512[0m,                 train_F1 Score: [4;35m0.9537[0m
æ ‡ç­¾é‡Œ1çš„ä¸ªæ•°:  2150
æ ‡ç­¾é‡Œ0çš„ä¸ªæ•°:  2150
æ€»æ•°:  4300
æ­£ç¡®çš„ä¸ªæ•°:  4106
æœ€åä¸€ä¸ªæ‰¹æ¬¡çš„è¾“å‡º, ä¸æ»¡batchsizeæ˜¯æ­£å¸¸çš„:
 tensor([[9.9896e-01],
        [9.9706e-01],
        [9.0400e-01],
        [1.2290e-02],
        [9.9995e-01],
        [3.7309e-03],
        [6.1016e-03],
        [3.0992e-02],
        [9.9980e-01],
        [9.9882e-01],
        [8.1568e-05],
        [2.4603e-04]], device='cuda:0', grad_fn=<SigmoidBackward0>)
Epoch [66/100], T_AUC: [4m0.9569[0m
Epoch [66/100], Loss: 36.8365
val_Accuracy: [92m0.7279[0m
val_Precision: [4;34m0.7332[0m,               val_Recall: [4;33m0.7076[0m,                 val_F1 Score: [4;35m0.7142[0m
æ ‡ç­¾é‡Œ1çš„ä¸ªæ•°:  430
æ ‡ç­¾é‡Œ0çš„ä¸ªæ•°:  430
æ€»æ•°:  860
æ­£ç¡®çš„ä¸ªæ•°:  626
Epoch [66/100], V_AUC: [4m0.7260[0m
Epoch [67/100], Loss: 13.8386
train_Accuracy: [91m0.9616[0m
train_Precision: [4;34m0.9642[0m,               train_Recall: [4;33m0.9609[0m,                 train_F1 Score: [4;35m0.9613[0m
æ ‡ç­¾é‡Œ1çš„ä¸ªæ•°:  2150
æ ‡ç­¾é‡Œ0çš„ä¸ªæ•°:  2150
æ€»æ•°:  4300
æ­£ç¡®çš„ä¸ªæ•°:  4135
æœ€åä¸€ä¸ªæ‰¹æ¬¡çš„è¾“å‡º, ä¸æ»¡batchsizeæ˜¯æ­£å¸¸çš„:
 tensor([[9.9975e-01],
        [9.9808e-01],
        [9.3773e-01],
        [6.8732e-04],
        [1.0000e+00],
        [6.5281e-03],
        [1.7585e-02],
        [3.8021e-04],
        [9.9989e-01],
        [9.9850e-01],
        [5.3907e-06],
        [1.4826e-03]], device='cuda:0', grad_fn=<SigmoidBackward0>)
Epoch [67/100], T_AUC: [4m0.9641[0m
Epoch [67/100], Loss: 37.4485
val_Accuracy: [92m0.7349[0m
val_Precision: [4;34m0.7598[0m,               val_Recall: [4;33m0.6815[0m,                 val_F1 Score: [4;35m0.7128[0m
æ ‡ç­¾é‡Œ1çš„ä¸ªæ•°:  430
æ ‡ç­¾é‡Œ0çš„ä¸ªæ•°:  430
æ€»æ•°:  860
æ­£ç¡®çš„ä¸ªæ•°:  632
Epoch [67/100], V_AUC: [4m0.7333[0m
Epoch [68/100], Loss: 11.1931
train_Accuracy: [91m0.9714[0m
train_Precision: [4;34m0.9731[0m,               train_Recall: [4;33m0.9713[0m,                 train_F1 Score: [4;35m0.9708[0m
æ ‡ç­¾é‡Œ1çš„ä¸ªæ•°:  2150
æ ‡ç­¾é‡Œ0çš„ä¸ªæ•°:  2150
æ€»æ•°:  4300
æ­£ç¡®çš„ä¸ªæ•°:  4177
æœ€åä¸€ä¸ªæ‰¹æ¬¡çš„è¾“å‡º, ä¸æ»¡batchsizeæ˜¯æ­£å¸¸çš„:
 tensor([[9.9914e-01],
        [9.9990e-01],
        [9.4414e-01],
        [2.6061e-03],
        [9.9995e-01],
        [5.4543e-03],
        [1.5504e-02],
        [3.7913e-03],
        [9.9971e-01],
        [9.9928e-01],
        [2.6160e-07],
        [2.5858e-03]], device='cuda:0', grad_fn=<SigmoidBackward0>)
Epoch [68/100], T_AUC: [4m0.9733[0m
Epoch [68/100], Loss: 42.5193
val_Accuracy: [92m0.7233[0m
val_Precision: [4;34m0.7163[0m,               val_Recall: [4;33m0.7319[0m,                 val_F1 Score: [4;35m0.7196[0m
æ ‡ç­¾é‡Œ1çš„ä¸ªæ•°:  430
æ ‡ç­¾é‡Œ0çš„ä¸ªæ•°:  430
æ€»æ•°:  860
æ­£ç¡®çš„ä¸ªæ•°:  622
Epoch [68/100], V_AUC: [4m0.7222[0m
Epoch [69/100], Loss: 12.0738
train_Accuracy: [91m0.9686[0m
train_Precision: [4;34m0.9687[0m,               train_Recall: [4;33m0.9694[0m,                 train_F1 Score: [4;35m0.9679[0m
æ ‡ç­¾é‡Œ1çš„ä¸ªæ•°:  2150
æ ‡ç­¾é‡Œ0çš„ä¸ªæ•°:  2150
æ€»æ•°:  4300
æ­£ç¡®çš„ä¸ªæ•°:  4165
æœ€åä¸€ä¸ªæ‰¹æ¬¡çš„è¾“å‡º, ä¸æ»¡batchsizeæ˜¯æ­£å¸¸çš„:
 tensor([[9.9784e-01],
        [9.9756e-01],
        [9.7867e-01],
        [2.5586e-03],
        [1.0000e+00],
        [8.5042e-04],
        [5.5297e-03],
        [4.1053e-02],
        [9.9973e-01],
        [9.9896e-01],
        [7.7227e-07],
        [5.1276e-03]], device='cuda:0', grad_fn=<SigmoidBackward0>)
Epoch [69/100], T_AUC: [4m0.9707[0m
Epoch [69/100], Loss: 40.3830
val_Accuracy: [92m0.7244[0m
val_Precision: [4;34m0.7351[0m,               val_Recall: [4;33m0.6913[0m,                 val_F1 Score: [4;35m0.7085[0m
æ ‡ç­¾é‡Œ1çš„ä¸ªæ•°:  430
æ ‡ç­¾é‡Œ0çš„ä¸ªæ•°:  430
æ€»æ•°:  860
æ­£ç¡®çš„ä¸ªæ•°:  623
Epoch [69/100], V_AUC: [4m0.7216[0m
Epoch [70/100], Loss: 14.5775
train_Accuracy: [91m0.9579[0m
train_Precision: [4;34m0.9611[0m,               train_Recall: [4;33m0.9573[0m,                 train_F1 Score: [4;35m0.9576[0m
æ ‡ç­¾é‡Œ1çš„ä¸ªæ•°:  2150
æ ‡ç­¾é‡Œ0çš„ä¸ªæ•°:  2150
æ€»æ•°:  4300
æ­£ç¡®çš„ä¸ªæ•°:  4119
æœ€åä¸€ä¸ªæ‰¹æ¬¡çš„è¾“å‡º, ä¸æ»¡batchsizeæ˜¯æ­£å¸¸çš„:
 tensor([[9.9958e-01],
        [9.9199e-01],
        [9.9756e-01],
        [3.6580e-03],
        [9.9957e-01],
        [1.5730e-03],
        [8.8861e-03],
        [6.7377e-03],
        [9.9867e-01],
        [9.9996e-01],
        [2.9505e-05],
        [3.1754e-04]], device='cuda:0', grad_fn=<SigmoidBackward0>)
Epoch [70/100], T_AUC: [4m0.9608[0m
Epoch [70/100], Loss: 41.1489
val_Accuracy: [92m0.7221[0m
val_Precision: [4;34m0.7217[0m,               val_Recall: [4;33m0.7134[0m,                 val_F1 Score: [4;35m0.7120[0m
æ ‡ç­¾é‡Œ1çš„ä¸ªæ•°:  430
æ ‡ç­¾é‡Œ0çš„ä¸ªæ•°:  430
æ€»æ•°:  860
æ­£ç¡®çš„ä¸ªæ•°:  621
Epoch [70/100], V_AUC: [4m0.7191[0m
Epoch [71/100], Loss: 15.7039
train_Accuracy: [91m0.9540[0m
train_Precision: [4;34m0.9549[0m,               train_Recall: [4;33m0.9557[0m,                 train_F1 Score: [4;35m0.9537[0m
æ ‡ç­¾é‡Œ1çš„ä¸ªæ•°:  2150
æ ‡ç­¾é‡Œ0çš„ä¸ªæ•°:  2150
æ€»æ•°:  4300
æ­£ç¡®çš„ä¸ªæ•°:  4102
æœ€åä¸€ä¸ªæ‰¹æ¬¡çš„è¾“å‡º, ä¸æ»¡batchsizeæ˜¯æ­£å¸¸çš„:
 tensor([[9.8823e-01],
        [9.9715e-01],
        [9.9048e-01],
        [1.8064e-02],
        [1.0000e+00],
        [1.2121e-02],
        [3.8697e-04],
        [4.6173e-04],
        [9.8059e-01],
        [9.9997e-01],
        [5.3824e-05],
        [1.5845e-03]], device='cuda:0', grad_fn=<SigmoidBackward0>)
Epoch [71/100], T_AUC: [4m0.9569[0m
Epoch [71/100], Loss: 45.0439
val_Accuracy: [92m0.7267[0m
val_Precision: [4;34m0.7330[0m,               val_Recall: [4;33m0.7116[0m,                 val_F1 Score: [4;35m0.7169[0m
æ ‡ç­¾é‡Œ1çš„ä¸ªæ•°:  430
æ ‡ç­¾é‡Œ0çš„ä¸ªæ•°:  430
æ€»æ•°:  860
æ­£ç¡®çš„ä¸ªæ•°:  625
Epoch [71/100], V_AUC: [4m0.7248[0m
Epoch [72/100], Loss: 16.4211
train_Accuracy: [91m0.9526[0m
train_Precision: [4;34m0.9540[0m,               train_Recall: [4;33m0.9534[0m,                 train_F1 Score: [4;35m0.9521[0m
æ ‡ç­¾é‡Œ1çš„ä¸ªæ•°:  2150
æ ‡ç­¾é‡Œ0çš„ä¸ªæ•°:  2150
æ€»æ•°:  4300
æ­£ç¡®çš„ä¸ªæ•°:  4096
æœ€åä¸€ä¸ªæ‰¹æ¬¡çš„è¾“å‡º, ä¸æ»¡batchsizeæ˜¯æ­£å¸¸çš„:
 tensor([[9.9426e-01],
        [9.9689e-01],
        [9.9640e-01],
        [1.0312e-02],
        [9.9998e-01],
        [2.3831e-03],
        [1.2608e-03],
        [1.0741e-02],
        [9.9971e-01],
        [9.9976e-01],
        [1.2082e-06],
        [2.7958e-03]], device='cuda:0', grad_fn=<SigmoidBackward0>)
Epoch [72/100], T_AUC: [4m0.9551[0m
Epoch [72/100], Loss: 39.5900
val_Accuracy: [92m0.7093[0m
val_Precision: [4;34m0.6881[0m,               val_Recall: [4;33m0.7474[0m,                 val_F1 Score: [4;35m0.7124[0m
æ ‡ç­¾é‡Œ1çš„ä¸ªæ•°:  430
æ ‡ç­¾é‡Œ0çš„ä¸ªæ•°:  430
æ€»æ•°:  860
æ­£ç¡®çš„ä¸ªæ•°:  610
Epoch [72/100], V_AUC: [4m0.7071[0m
Epoch [73/100], Loss: 13.2509
train_Accuracy: [91m0.9621[0m
train_Precision: [4;34m0.9599[0m,               train_Recall: [4;33m0.9657[0m,                 train_F1 Score: [4;35m0.9611[0m
æ ‡ç­¾é‡Œ1çš„ä¸ªæ•°:  2150
æ ‡ç­¾é‡Œ0çš„ä¸ªæ•°:  2150
æ€»æ•°:  4300
æ­£ç¡®çš„ä¸ªæ•°:  4137
æœ€åä¸€ä¸ªæ‰¹æ¬¡çš„è¾“å‡º, ä¸æ»¡batchsizeæ˜¯æ­£å¸¸çš„:
 tensor([[9.9906e-01],
        [9.8634e-01],
        [9.9128e-01],
        [2.3548e-03],
        [9.9912e-01],
        [4.6225e-03],
        [4.3880e-04],
        [2.2816e-03],
        [9.9982e-01],
        [9.9987e-01],
        [1.4209e-04],
        [2.4402e-02]], device='cuda:0', grad_fn=<SigmoidBackward0>)
Epoch [73/100], T_AUC: [4m0.9649[0m
Epoch [73/100], Loss: 37.6711
val_Accuracy: [92m0.7198[0m
val_Precision: [4;34m0.7304[0m,               val_Recall: [4;33m0.6943[0m,                 val_F1 Score: [4;35m0.7051[0m
æ ‡ç­¾é‡Œ1çš„ä¸ªæ•°:  430
æ ‡ç­¾é‡Œ0çš„ä¸ªæ•°:  430
æ€»æ•°:  860
æ­£ç¡®çš„ä¸ªæ•°:  619
Epoch [73/100], V_AUC: [4m0.7193[0m
Epoch [74/100], Loss: 10.7941
train_Accuracy: [91m0.9753[0m
train_Precision: [4;34m0.9788[0m,               train_Recall: [4;33m0.9726[0m,                 train_F1 Score: [4;35m0.9748[0m
æ ‡ç­¾é‡Œ1çš„ä¸ªæ•°:  2150
æ ‡ç­¾é‡Œ0çš„ä¸ªæ•°:  2150
æ€»æ•°:  4300
æ­£ç¡®çš„ä¸ªæ•°:  4194
æœ€åä¸€ä¸ªæ‰¹æ¬¡çš„è¾“å‡º, ä¸æ»¡batchsizeæ˜¯æ­£å¸¸çš„:
 tensor([[9.9762e-01],
        [9.9276e-01],
        [9.9767e-01],
        [6.6256e-03],
        [9.9999e-01],
        [1.4600e-03],
        [4.9704e-03],
        [1.0055e-01],
        [9.9912e-01],
        [9.9955e-01],
        [1.0943e-06],
        [2.3386e-04]], device='cuda:0', grad_fn=<SigmoidBackward0>)
Epoch [74/100], T_AUC: [4m0.9769[0m
Epoch [74/100], Loss: 48.1056
val_Accuracy: [92m0.7477[0m
val_Precision: [4;34m0.7450[0m,               val_Recall: [4;33m0.7393[0m,                 val_F1 Score: [4;35m0.7370[0m
æ ‡ç­¾é‡Œ1çš„ä¸ªæ•°:  430
æ ‡ç­¾é‡Œ0çš„ä¸ªæ•°:  430
æ€»æ•°:  860
æ­£ç¡®çš„ä¸ªæ•°:  643
Epoch [74/100], V_AUC: [4m0.7444[0m
Epoch [75/100], Loss: 9.3339
train_Accuracy: [91m0.9788[0m
train_Precision: [4;34m0.9824[0m,               train_Recall: [4;33m0.9767[0m,                 train_F1 Score: [4;35m0.9786[0m
æ ‡ç­¾é‡Œ1çš„ä¸ªæ•°:  2150
æ ‡ç­¾é‡Œ0çš„ä¸ªæ•°:  2150
æ€»æ•°:  4300
æ­£ç¡®çš„ä¸ªæ•°:  4209
æœ€åä¸€ä¸ªæ‰¹æ¬¡çš„è¾“å‡º, ä¸æ»¡batchsizeæ˜¯æ­£å¸¸çš„:
 tensor([[9.9944e-01],
        [9.9536e-01],
        [9.9953e-01],
        [2.4010e-03],
        [9.9941e-01],
        [2.5503e-03],
        [3.1212e-03],
        [4.2596e-03],
        [9.9983e-01],
        [9.9861e-01],
        [1.0660e-06],
        [5.1491e-02]], device='cuda:0', grad_fn=<SigmoidBackward0>)
Epoch [75/100], T_AUC: [4m0.9804[0m
Epoch [75/100], Loss: 40.6037
val_Accuracy: [92m0.7279[0m
val_Precision: [4;34m0.7312[0m,               val_Recall: [4;33m0.7159[0m,                 val_F1 Score: [4;35m0.7175[0m
æ ‡ç­¾é‡Œ1çš„ä¸ªæ•°:  430
æ ‡ç­¾é‡Œ0çš„ä¸ªæ•°:  430
æ€»æ•°:  860
æ­£ç¡®çš„ä¸ªæ•°:  626
Epoch [75/100], V_AUC: [4m0.7255[0m
Epoch [76/100], Loss: 9.9464
train_Accuracy: [91m0.9760[0m
train_Precision: [4;34m0.9780[0m,               train_Recall: [4;33m0.9747[0m,                 train_F1 Score: [4;35m0.9753[0m
æ ‡ç­¾é‡Œ1çš„ä¸ªæ•°:  2150
æ ‡ç­¾é‡Œ0çš„ä¸ªæ•°:  2150
æ€»æ•°:  4300
æ­£ç¡®çš„ä¸ªæ•°:  4197
æœ€åä¸€ä¸ªæ‰¹æ¬¡çš„è¾“å‡º, ä¸æ»¡batchsizeæ˜¯æ­£å¸¸çš„:
 tensor([[9.9936e-01],
        [9.9931e-01],
        [9.9793e-01],
        [1.6823e-02],
        [9.9999e-01],
        [5.5031e-03],
        [2.3889e-04],
        [3.4650e-03],
        [9.9978e-01],
        [9.9836e-01],
        [1.1809e-05],
        [7.0648e-05]], device='cuda:0', grad_fn=<SigmoidBackward0>)
Epoch [76/100], T_AUC: [4m0.9775[0m
Epoch [76/100], Loss: 45.0913
val_Accuracy: [92m0.7174[0m
val_Precision: [4;34m0.7091[0m,               val_Recall: [4;33m0.7321[0m,                 val_F1 Score: [4;35m0.7150[0m
æ ‡ç­¾é‡Œ1çš„ä¸ªæ•°:  430
æ ‡ç­¾é‡Œ0çš„ä¸ªæ•°:  430
æ€»æ•°:  860
æ­£ç¡®çš„ä¸ªæ•°:  617
Epoch [76/100], V_AUC: [4m0.7159[0m
Epoch [77/100], Loss: 12.3704
train_Accuracy: [91m0.9647[0m
train_Precision: [4;34m0.9634[0m,               train_Recall: [4;33m0.9662[0m,                 train_F1 Score: [4;35m0.9635[0m
æ ‡ç­¾é‡Œ1çš„ä¸ªæ•°:  2150
æ ‡ç­¾é‡Œ0çš„ä¸ªæ•°:  2150
æ€»æ•°:  4300
æ­£ç¡®çš„ä¸ªæ•°:  4148
æœ€åä¸€ä¸ªæ‰¹æ¬¡çš„è¾“å‡º, ä¸æ»¡batchsizeæ˜¯æ­£å¸¸çš„:
 tensor([[9.9849e-01],
        [9.9624e-01],
        [2.0997e-01],
        [5.0177e-04],
        [9.9967e-01],
        [4.8508e-03],
        [1.1289e-02],
        [2.3753e-04],
        [9.9995e-01],
        [9.9996e-01],
        [1.2941e-06],
        [8.9364e-01]], device='cuda:0', grad_fn=<SigmoidBackward0>)
Epoch [77/100], T_AUC: [4m0.9651[0m
Epoch [77/100], Loss: 49.8086
val_Accuracy: [92m0.7372[0m
val_Precision: [4;34m0.7444[0m,               val_Recall: [4;33m0.7106[0m,                 val_F1 Score: [4;35m0.7222[0m
æ ‡ç­¾é‡Œ1çš„ä¸ªæ•°:  430
æ ‡ç­¾é‡Œ0çš„ä¸ªæ•°:  430
æ€»æ•°:  860
æ­£ç¡®çš„ä¸ªæ•°:  634
Epoch [77/100], V_AUC: [4m0.7359[0m
Epoch [78/100], Loss: 23.3568
train_Accuracy: [91m0.9288[0m
train_Precision: [4;34m0.9307[0m,               train_Recall: [4;33m0.9290[0m,                 train_F1 Score: [4;35m0.9273[0m
æ ‡ç­¾é‡Œ1çš„ä¸ªæ•°:  2150
æ ‡ç­¾é‡Œ0çš„ä¸ªæ•°:  2150
æ€»æ•°:  4300
æ­£ç¡®çš„ä¸ªæ•°:  3994
æœ€åä¸€ä¸ªæ‰¹æ¬¡çš„è¾“å‡º, ä¸æ»¡batchsizeæ˜¯æ­£å¸¸çš„:
 tensor([[9.9843e-01],
        [9.9521e-01],
        [1.0000e+00],
        [1.0581e-03],
        [9.9125e-01],
        [2.8372e-02],
        [7.1485e-03],
        [1.8508e-02],
        [9.9294e-01],
        [8.6906e-01],
        [3.4039e-03],
        [2.7285e-04]], device='cuda:0', grad_fn=<SigmoidBackward0>)
Epoch [78/100], T_AUC: [4m0.9324[0m
Epoch [78/100], Loss: 35.0331
val_Accuracy: [92m0.7081[0m
val_Precision: [4;34m0.7121[0m,               val_Recall: [4;33m0.6904[0m,                 val_F1 Score: [4;35m0.6958[0m
æ ‡ç­¾é‡Œ1çš„ä¸ªæ•°:  430
æ ‡ç­¾é‡Œ0çš„ä¸ªæ•°:  430
æ€»æ•°:  860
æ­£ç¡®çš„ä¸ªæ•°:  609
Epoch [78/100], V_AUC: [4m0.7067[0m
Epoch [79/100], Loss: 19.8834
train_Accuracy: [91m0.9419[0m
train_Precision: [4;34m0.9394[0m,               train_Recall: [4;33m0.9474[0m,                 train_F1 Score: [4;35m0.9412[0m
æ ‡ç­¾é‡Œ1çš„ä¸ªæ•°:  2150
æ ‡ç­¾é‡Œ0çš„ä¸ªæ•°:  2150
æ€»æ•°:  4300
æ­£ç¡®çš„ä¸ªæ•°:  4050
æœ€åä¸€ä¸ªæ‰¹æ¬¡çš„è¾“å‡º, ä¸æ»¡batchsizeæ˜¯æ­£å¸¸çš„:
 tensor([[9.9960e-01],
        [9.9899e-01],
        [9.9985e-01],
        [9.9649e-05],
        [9.8277e-01],
        [5.6191e-05],
        [4.7632e-01],
        [6.5636e-01],
        [9.9524e-01],
        [9.9695e-01],
        [1.0655e-04],
        [2.9883e-04]], device='cuda:0', grad_fn=<SigmoidBackward0>)
Epoch [79/100], T_AUC: [4m0.9452[0m
Epoch [79/100], Loss: 39.2305
val_Accuracy: [92m0.7488[0m
val_Precision: [4;34m0.7515[0m,               val_Recall: [4;33m0.7350[0m,                 val_F1 Score: [4;35m0.7390[0m
æ ‡ç­¾é‡Œ1çš„ä¸ªæ•°:  430
æ ‡ç­¾é‡Œ0çš„ä¸ªæ•°:  430
æ€»æ•°:  860
æ­£ç¡®çš„ä¸ªæ•°:  644
Epoch [79/100], V_AUC: [4m0.7456[0m
Epoch [80/100], Loss: 14.2684
train_Accuracy: [91m0.9598[0m
train_Precision: [4;34m0.9603[0m,               train_Recall: [4;33m0.9616[0m,                 train_F1 Score: [4;35m0.9589[0m
æ ‡ç­¾é‡Œ1çš„ä¸ªæ•°:  2150
æ ‡ç­¾é‡Œ0çš„ä¸ªæ•°:  2150
æ€»æ•°:  4300
æ­£ç¡®çš„ä¸ªæ•°:  4127
æœ€åä¸€ä¸ªæ‰¹æ¬¡çš„è¾“å‡º, ä¸æ»¡batchsizeæ˜¯æ­£å¸¸çš„:
 tensor([[9.9966e-01],
        [9.9947e-01],
        [9.9997e-01],
        [2.3616e-04],
        [9.9998e-01],
        [3.4049e-03],
        [1.4476e-03],
        [1.7826e-04],
        [9.9990e-01],
        [9.9823e-01],
        [1.1134e-05],
        [2.0911e-04]], device='cuda:0', grad_fn=<SigmoidBackward0>)
Epoch [80/100], T_AUC: [4m0.9626[0m
Epoch [80/100], Loss: 42.9566
val_Accuracy: [92m0.7407[0m
val_Precision: [4;34m0.7434[0m,               val_Recall: [4;33m0.7272[0m,                 val_F1 Score: [4;35m0.7309[0m
æ ‡ç­¾é‡Œ1çš„ä¸ªæ•°:  430
æ ‡ç­¾é‡Œ0çš„ä¸ªæ•°:  430
æ€»æ•°:  860
æ­£ç¡®çš„ä¸ªæ•°:  637
Epoch [80/100], V_AUC: [4m0.7378[0m
Epoch [81/100], Loss: 9.4672
train_Accuracy: [91m0.9781[0m
train_Precision: [4;34m0.9778[0m,               train_Recall: [4;33m0.9792[0m,                 train_F1 Score: [4;35m0.9776[0m
æ ‡ç­¾é‡Œ1çš„ä¸ªæ•°:  2150
æ ‡ç­¾é‡Œ0çš„ä¸ªæ•°:  2150
æ€»æ•°:  4300
æ­£ç¡®çš„ä¸ªæ•°:  4206
æœ€åä¸€ä¸ªæ‰¹æ¬¡çš„è¾“å‡º, ä¸æ»¡batchsizeæ˜¯æ­£å¸¸çš„:
 tensor([[9.9976e-01],
        [9.9596e-01],
        [9.9998e-01],
        [3.5006e-03],
        [9.9993e-01],
        [1.4162e-02],
        [4.7521e-03],
        [3.0178e-04],
        [9.9807e-01],
        [9.9478e-01],
        [4.9471e-06],
        [8.1751e-04]], device='cuda:0', grad_fn=<SigmoidBackward0>)
Epoch [81/100], T_AUC: [4m0.9794[0m
Epoch [81/100], Loss: 40.7386
val_Accuracy: [92m0.7267[0m
val_Precision: [4;34m0.7267[0m,               val_Recall: [4;33m0.7174[0m,                 val_F1 Score: [4;35m0.7164[0m
æ ‡ç­¾é‡Œ1çš„ä¸ªæ•°:  430
æ ‡ç­¾é‡Œ0çš„ä¸ªæ•°:  430
æ€»æ•°:  860
æ­£ç¡®çš„ä¸ªæ•°:  625
Epoch [81/100], V_AUC: [4m0.7236[0m
Epoch [82/100], Loss: 7.7036
train_Accuracy: [91m0.9835[0m
train_Precision: [4;34m0.9815[0m,               train_Recall: [4;33m0.9860[0m,                 train_F1 Score: [4;35m0.9833[0m
æ ‡ç­¾é‡Œ1çš„ä¸ªæ•°:  2150
æ ‡ç­¾é‡Œ0çš„ä¸ªæ•°:  2150
æ€»æ•°:  4300
æ­£ç¡®çš„ä¸ªæ•°:  4229
æœ€åä¸€ä¸ªæ‰¹æ¬¡çš„è¾“å‡º, ä¸æ»¡batchsizeæ˜¯æ­£å¸¸çš„:
 tensor([[9.9888e-01],
        [9.9900e-01],
        [9.9998e-01],
        [6.1377e-04],
        [9.9998e-01],
        [6.7980e-04],
        [3.9592e-03],
        [1.6848e-04],
        [9.9972e-01],
        [9.9793e-01],
        [9.9971e-06],
        [1.5199e-03]], device='cuda:0', grad_fn=<SigmoidBackward0>)
Epoch [82/100], T_AUC: [4m0.9845[0m
Epoch [82/100], Loss: 41.1844
val_Accuracy: [92m0.7384[0m
val_Precision: [4;34m0.7436[0m,               val_Recall: [4;33m0.7121[0m,                 val_F1 Score: [4;35m0.7222[0m
æ ‡ç­¾é‡Œ1çš„ä¸ªæ•°:  430
æ ‡ç­¾é‡Œ0çš„ä¸ªæ•°:  430
æ€»æ•°:  860
æ­£ç¡®çš„ä¸ªæ•°:  635
Epoch [82/100], V_AUC: [4m0.7357[0m
Epoch [83/100], Loss: 7.1265
train_Accuracy: [91m0.9853[0m
train_Precision: [4;34m0.9866[0m,               train_Recall: [4;33m0.9850[0m,                 train_F1 Score: [4;35m0.9854[0m
æ ‡ç­¾é‡Œ1çš„ä¸ªæ•°:  2150
æ ‡ç­¾é‡Œ0çš„ä¸ªæ•°:  2150
æ€»æ•°:  4300
æ­£ç¡®çš„ä¸ªæ•°:  4237
æœ€åä¸€ä¸ªæ‰¹æ¬¡çš„è¾“å‡º, ä¸æ»¡batchsizeæ˜¯æ­£å¸¸çš„:
 tensor([[9.9914e-01],
        [9.9787e-01],
        [9.9997e-01],
        [3.8802e-03],
        [9.9999e-01],
        [3.8665e-03],
        [3.9418e-03],
        [9.4916e-04],
        [9.9943e-01],
        [9.8543e-01],
        [1.2727e-05],
        [1.5020e-04]], device='cuda:0', grad_fn=<SigmoidBackward0>)
Epoch [83/100], T_AUC: [4m0.9857[0m
Epoch [83/100], Loss: 41.8822
val_Accuracy: [92m0.7070[0m
val_Precision: [4;34m0.7202[0m,               val_Recall: [4;33m0.6645[0m,                 val_F1 Score: [4;35m0.6851[0m
æ ‡ç­¾é‡Œ1çš„ä¸ªæ•°:  430
æ ‡ç­¾é‡Œ0çš„ä¸ªæ•°:  430
æ€»æ•°:  860
æ­£ç¡®çš„ä¸ªæ•°:  608
Epoch [83/100], V_AUC: [4m0.7041[0m
Epoch [84/100], Loss: 6.0979
train_Accuracy: [91m0.9902[0m
train_Precision: [4;34m0.9897[0m,               train_Recall: [4;33m0.9912[0m,                 train_F1 Score: [4;35m0.9902[0m
æ ‡ç­¾é‡Œ1çš„ä¸ªæ•°:  2150
æ ‡ç­¾é‡Œ0çš„ä¸ªæ•°:  2150
æ€»æ•°:  4300
æ­£ç¡®çš„ä¸ªæ•°:  4258
æœ€åä¸€ä¸ªæ‰¹æ¬¡çš„è¾“å‡º, ä¸æ»¡batchsizeæ˜¯æ­£å¸¸çš„:
 tensor([[9.9922e-01],
        [9.9767e-01],
        [9.9991e-01],
        [2.0485e-03],
        [9.9995e-01],
        [9.0169e-03],
        [1.6211e-02],
        [8.6930e-05],
        [9.9993e-01],
        [9.9713e-01],
        [3.5313e-06],
        [3.1932e-04]], device='cuda:0', grad_fn=<SigmoidBackward0>)
Epoch [84/100], T_AUC: [4m0.9905[0m
Epoch [84/100], Loss: 40.9591
val_Accuracy: [92m0.7209[0m
val_Precision: [4;34m0.7267[0m,               val_Recall: [4;33m0.6957[0m,                 val_F1 Score: [4;35m0.7045[0m
æ ‡ç­¾é‡Œ1çš„ä¸ªæ•°:  430
æ ‡ç­¾é‡Œ0çš„ä¸ªæ•°:  430
æ€»æ•°:  860
æ­£ç¡®çš„ä¸ªæ•°:  620
Epoch [84/100], V_AUC: [4m0.7190[0m
Epoch [85/100], Loss: 5.2170
train_Accuracy: [91m0.9907[0m
train_Precision: [4;34m0.9887[0m,               train_Recall: [4;33m0.9926[0m,                 train_F1 Score: [4;35m0.9903[0m
æ ‡ç­¾é‡Œ1çš„ä¸ªæ•°:  2150
æ ‡ç­¾é‡Œ0çš„ä¸ªæ•°:  2150
æ€»æ•°:  4300
æ­£ç¡®çš„ä¸ªæ•°:  4260
æœ€åä¸€ä¸ªæ‰¹æ¬¡çš„è¾“å‡º, ä¸æ»¡batchsizeæ˜¯æ­£å¸¸çš„:
 tensor([[9.9852e-01],
        [9.9713e-01],
        [9.9998e-01],
        [1.4002e-03],
        [9.9999e-01],
        [4.8477e-03],
        [2.8665e-03],
        [4.6989e-04],
        [9.9989e-01],
        [9.9557e-01],
        [3.1326e-06],
        [1.9922e-04]], device='cuda:0', grad_fn=<SigmoidBackward0>)
Epoch [85/100], T_AUC: [4m0.9912[0m
Epoch [85/100], Loss: 42.9976
val_Accuracy: [92m0.7372[0m
val_Precision: [4;34m0.7449[0m,               val_Recall: [4;33m0.7091[0m,                 val_F1 Score: [4;35m0.7209[0m
æ ‡ç­¾é‡Œ1çš„ä¸ªæ•°:  430
æ ‡ç­¾é‡Œ0çš„ä¸ªæ•°:  430
æ€»æ•°:  860
æ­£ç¡®çš„ä¸ªæ•°:  634
Epoch [85/100], V_AUC: [4m0.7348[0m
Epoch [86/100], Loss: 4.8535
train_Accuracy: [91m0.9933[0m
train_Precision: [4;34m0.9927[0m,               train_Recall: [4;33m0.9947[0m,                 train_F1 Score: [4;35m0.9935[0m
æ ‡ç­¾é‡Œ1çš„ä¸ªæ•°:  2150
æ ‡ç­¾é‡Œ0çš„ä¸ªæ•°:  2150
æ€»æ•°:  4300
æ­£ç¡®çš„ä¸ªæ•°:  4271
æœ€åä¸€ä¸ªæ‰¹æ¬¡çš„è¾“å‡º, ä¸æ»¡batchsizeæ˜¯æ­£å¸¸çš„:
 tensor([[9.9939e-01],
        [9.9605e-01],
        [9.9996e-01],
        [1.9415e-03],
        [9.9999e-01],
        [1.9533e-03],
        [2.7292e-03],
        [4.0177e-04],
        [9.9997e-01],
        [9.9445e-01],
        [2.4926e-06],
        [2.2900e-04]], device='cuda:0', grad_fn=<SigmoidBackward0>)
Epoch [86/100], T_AUC: [4m0.9936[0m
Epoch [86/100], Loss: 43.2421
val_Accuracy: [92m0.7349[0m
val_Precision: [4;34m0.7505[0m,               val_Recall: [4;33m0.6928[0m,                 val_F1 Score: [4;35m0.7148[0m
æ ‡ç­¾é‡Œ1çš„ä¸ªæ•°:  430
æ ‡ç­¾é‡Œ0çš„ä¸ªæ•°:  430
æ€»æ•°:  860
æ­£ç¡®çš„ä¸ªæ•°:  632
Epoch [86/100], V_AUC: [4m0.7324[0m
Epoch [87/100], Loss: 5.8991
train_Accuracy: [91m0.9888[0m
train_Precision: [4;34m0.9870[0m,               train_Recall: [4;33m0.9910[0m,                 train_F1 Score: [4;35m0.9886[0m
æ ‡ç­¾é‡Œ1çš„ä¸ªæ•°:  2150
æ ‡ç­¾é‡Œ0çš„ä¸ªæ•°:  2150
æ€»æ•°:  4300
æ­£ç¡®çš„ä¸ªæ•°:  4252
æœ€åä¸€ä¸ªæ‰¹æ¬¡çš„è¾“å‡º, ä¸æ»¡batchsizeæ˜¯æ­£å¸¸çš„:
 tensor([[9.9881e-01],
        [9.9883e-01],
        [9.9998e-01],
        [4.0180e-04],
        [9.9999e-01],
        [1.0457e-03],
        [7.2255e-04],
        [9.2946e-03],
        [9.9961e-01],
        [9.7689e-01],
        [2.5911e-05],
        [1.8747e-03]], device='cuda:0', grad_fn=<SigmoidBackward0>)
Epoch [87/100], T_AUC: [4m0.9894[0m
Epoch [87/100], Loss: 45.9441
val_Accuracy: [92m0.7302[0m
val_Precision: [4;34m0.7419[0m,               val_Recall: [4;33m0.6973[0m,                 val_F1 Score: [4;35m0.7131[0m
æ ‡ç­¾é‡Œ1çš„ä¸ªæ•°:  430
æ ‡ç­¾é‡Œ0çš„ä¸ªæ•°:  430
æ€»æ•°:  860
æ­£ç¡®çš„ä¸ªæ•°:  628
Epoch [87/100], V_AUC: [4m0.7270[0m
Epoch [88/100], Loss: 6.9693
train_Accuracy: [91m0.9879[0m
train_Precision: [4;34m0.9866[0m,               train_Recall: [4;33m0.9899[0m,                 train_F1 Score: [4;35m0.9879[0m
æ ‡ç­¾é‡Œ1çš„ä¸ªæ•°:  2150
æ ‡ç­¾é‡Œ0çš„ä¸ªæ•°:  2150
æ€»æ•°:  4300
æ­£ç¡®çš„ä¸ªæ•°:  4248
æœ€åä¸€ä¸ªæ‰¹æ¬¡çš„è¾“å‡º, ä¸æ»¡batchsizeæ˜¯æ­£å¸¸çš„:
 tensor([[9.9984e-01],
        [9.9875e-01],
        [9.9962e-01],
        [5.0162e-05],
        [9.9980e-01],
        [6.8057e-03],
        [7.3712e-02],
        [1.3837e-03],
        [9.9986e-01],
        [9.9841e-01],
        [1.9954e-05],
        [8.1942e-05]], device='cuda:0', grad_fn=<SigmoidBackward0>)
Epoch [88/100], T_AUC: [4m0.9883[0m
Epoch [88/100], Loss: 43.5184
val_Accuracy: [92m0.7291[0m
val_Precision: [4;34m0.7370[0m,               val_Recall: [4;33m0.6958[0m,                 val_F1 Score: [4;35m0.7111[0m
æ ‡ç­¾é‡Œ1çš„ä¸ªæ•°:  430
æ ‡ç­¾é‡Œ0çš„ä¸ªæ•°:  430
æ€»æ•°:  860
æ­£ç¡®çš„ä¸ªæ•°:  627
Epoch [88/100], V_AUC: [4m0.7264[0m
Epoch [89/100], Loss: 8.4321
train_Accuracy: [91m0.9823[0m
train_Precision: [4;34m0.9784[0m,               train_Recall: [4;33m0.9861[0m,                 train_F1 Score: [4;35m0.9814[0m
æ ‡ç­¾é‡Œ1çš„ä¸ªæ•°:  2150
æ ‡ç­¾é‡Œ0çš„ä¸ªæ•°:  2150
æ€»æ•°:  4300
æ­£ç¡®çš„ä¸ªæ•°:  4224
æœ€åä¸€ä¸ªæ‰¹æ¬¡çš„è¾“å‡º, ä¸æ»¡batchsizeæ˜¯æ­£å¸¸çš„:
 tensor([[9.9997e-01],
        [9.5653e-01],
        [9.9975e-01],
        [8.9428e-03],
        [9.9999e-01],
        [1.4645e-02],
        [2.4337e-02],
        [7.7973e-04],
        [9.9990e-01],
        [9.9938e-01],
        [1.5203e-08],
        [3.9373e-05]], device='cuda:0', grad_fn=<SigmoidBackward0>)
Epoch [89/100], T_AUC: [4m0.9837[0m
Epoch [89/100], Loss: 59.2501
val_Accuracy: [92m0.7337[0m
val_Precision: [4;34m0.7418[0m,               val_Recall: [4;33m0.7069[0m,                 val_F1 Score: [4;35m0.7172[0m
æ ‡ç­¾é‡Œ1çš„ä¸ªæ•°:  430
æ ‡ç­¾é‡Œ0çš„ä¸ªæ•°:  430
æ€»æ•°:  860
æ­£ç¡®çš„ä¸ªæ•°:  631
Epoch [89/100], V_AUC: [4m0.7317[0m
Epoch [90/100], Loss: 25.9963
train_Accuracy: [91m0.9226[0m
train_Precision: [4;34m0.9226[0m,               train_Recall: [4;33m0.9263[0m,                 train_F1 Score: [4;35m0.9215[0m
æ ‡ç­¾é‡Œ1çš„ä¸ªæ•°:  2150
æ ‡ç­¾é‡Œ0çš„ä¸ªæ•°:  2150
æ€»æ•°:  4300
æ­£ç¡®çš„ä¸ªæ•°:  3967
æœ€åä¸€ä¸ªæ‰¹æ¬¡çš„è¾“å‡º, ä¸æ»¡batchsizeæ˜¯æ­£å¸¸çš„:
 tensor([[9.9977e-01],
        [9.9244e-01],
        [1.0000e+00],
        [4.8471e-05],
        [9.9703e-01],
        [7.3551e-05],
        [8.3037e-03],
        [2.0211e-01],
        [9.9985e-01],
        [9.9883e-01],
        [5.7350e-08],
        [1.3663e-01]], device='cuda:0', grad_fn=<SigmoidBackward0>)
Epoch [90/100], T_AUC: [4m0.9267[0m
Epoch [90/100], Loss: 50.5153
val_Accuracy: [92m0.7326[0m
val_Precision: [4;34m0.7138[0m,               val_Recall: [4;33m0.7629[0m,                 val_F1 Score: [4;35m0.7338[0m
æ ‡ç­¾é‡Œ1çš„ä¸ªæ•°:  430
æ ‡ç­¾é‡Œ0çš„ä¸ªæ•°:  430
æ€»æ•°:  860
æ­£ç¡®çš„ä¸ªæ•°:  630
Epoch [90/100], V_AUC: [4m0.7298[0m
Epoch [91/100], Loss: 24.4772
train_Accuracy: [91m0.9242[0m
train_Precision: [4;34m0.9215[0m,               train_Recall: [4;33m0.9297[0m,                 train_F1 Score: [4;35m0.9228[0m
æ ‡ç­¾é‡Œ1çš„ä¸ªæ•°:  2150
æ ‡ç­¾é‡Œ0çš„ä¸ªæ•°:  2150
æ€»æ•°:  4300
æ­£ç¡®çš„ä¸ªæ•°:  3974
æœ€åä¸€ä¸ªæ‰¹æ¬¡çš„è¾“å‡º, ä¸æ»¡batchsizeæ˜¯æ­£å¸¸çš„:
 tensor([[9.9985e-01],
        [9.9921e-01],
        [9.9999e-01],
        [1.0017e-03],
        [9.9995e-01],
        [3.0765e-04],
        [6.2857e-04],
        [8.4457e-04],
        [9.9987e-01],
        [9.9800e-01],
        [3.6175e-07],
        [1.6711e-03]], device='cuda:0', grad_fn=<SigmoidBackward0>)
Epoch [91/100], T_AUC: [4m0.9273[0m
Epoch [91/100], Loss: 40.8059
val_Accuracy: [92m0.7430[0m
val_Precision: [4;34m0.7576[0m,               val_Recall: [4;33m0.7040[0m,                 val_F1 Score: [4;35m0.7253[0m
æ ‡ç­¾é‡Œ1çš„ä¸ªæ•°:  430
æ ‡ç­¾é‡Œ0çš„ä¸ªæ•°:  430
æ€»æ•°:  860
æ­£ç¡®çš„ä¸ªæ•°:  639
Epoch [91/100], V_AUC: [4m0.7385[0m
Epoch [92/100], Loss: 14.0070
train_Accuracy: [91m0.9616[0m
train_Precision: [4;34m0.9593[0m,               train_Recall: [4;33m0.9659[0m,                 train_F1 Score: [4;35m0.9608[0m
æ ‡ç­¾é‡Œ1çš„ä¸ªæ•°:  2150
æ ‡ç­¾é‡Œ0çš„ä¸ªæ•°:  2150
æ€»æ•°:  4300
æ­£ç¡®çš„ä¸ªæ•°:  4135
æœ€åä¸€ä¸ªæ‰¹æ¬¡çš„è¾“å‡º, ä¸æ»¡batchsizeæ˜¯æ­£å¸¸çš„:
 tensor([[9.9996e-01],
        [9.9763e-01],
        [9.9979e-01],
        [5.8388e-04],
        [9.9621e-01],
        [9.4817e-04],
        [2.5551e-02],
        [2.9946e-04],
        [9.9985e-01],
        [9.9941e-01],
        [8.2735e-05],
        [1.5636e-04]], device='cuda:0', grad_fn=<SigmoidBackward0>)
Epoch [92/100], T_AUC: [4m0.9640[0m
Epoch [92/100], Loss: 41.1353
val_Accuracy: [92m0.7465[0m
val_Precision: [4;34m0.7625[0m,               val_Recall: [4;33m0.7022[0m,                 val_F1 Score: [4;35m0.7247[0m
æ ‡ç­¾é‡Œ1çš„ä¸ªæ•°:  430
æ ‡ç­¾é‡Œ0çš„ä¸ªæ•°:  430
æ€»æ•°:  860
æ­£ç¡®çš„ä¸ªæ•°:  642
Epoch [92/100], V_AUC: [4m0.7427[0m
Epoch [93/100], Loss: 8.0056
train_Accuracy: [91m0.9828[0m
train_Precision: [4;34m0.9830[0m,               train_Recall: [4;33m0.9821[0m,                 train_F1 Score: [4;35m0.9818[0m
æ ‡ç­¾é‡Œ1çš„ä¸ªæ•°:  2150
æ ‡ç­¾é‡Œ0çš„ä¸ªæ•°:  2150
æ€»æ•°:  4300
æ­£ç¡®çš„ä¸ªæ•°:  4226
æœ€åä¸€ä¸ªæ‰¹æ¬¡çš„è¾“å‡º, ä¸æ»¡batchsizeæ˜¯æ­£å¸¸çš„:
 tensor([[9.9986e-01],
        [9.9796e-01],
        [9.9999e-01],
        [3.3212e-04],
        [9.9623e-01],
        [1.4838e-03],
        [1.0532e-02],
        [1.0760e-04],
        [9.9997e-01],
        [9.9957e-01],
        [1.5318e-05],
        [8.0931e-04]], device='cuda:0', grad_fn=<SigmoidBackward0>)
Epoch [93/100], T_AUC: [4m0.9841[0m
Epoch [93/100], Loss: 41.8985
val_Accuracy: [92m0.7384[0m
val_Precision: [4;34m0.7410[0m,               val_Recall: [4;33m0.7168[0m,                 val_F1 Score: [4;35m0.7237[0m
æ ‡ç­¾é‡Œ1çš„ä¸ªæ•°:  430
æ ‡ç­¾é‡Œ0çš„ä¸ªæ•°:  430
æ€»æ•°:  860
æ­£ç¡®çš„ä¸ªæ•°:  635
Epoch [93/100], V_AUC: [4m0.7340[0m
Epoch [94/100], Loss: 6.7757
train_Accuracy: [91m0.9877[0m
train_Precision: [4;34m0.9880[0m,               train_Recall: [4;33m0.9876[0m,                 train_F1 Score: [4;35m0.9873[0m
æ ‡ç­¾é‡Œ1çš„ä¸ªæ•°:  2150
æ ‡ç­¾é‡Œ0çš„ä¸ªæ•°:  2150
æ€»æ•°:  4300
æ­£ç¡®çš„ä¸ªæ•°:  4247
æœ€åä¸€ä¸ªæ‰¹æ¬¡çš„è¾“å‡º, ä¸æ»¡batchsizeæ˜¯æ­£å¸¸çš„:
 tensor([[9.9977e-01],
        [9.9850e-01],
        [1.0000e+00],
        [5.2556e-03],
        [9.9869e-01],
        [2.3009e-03],
        [1.9157e-03],
        [5.0421e-04],
        [9.9979e-01],
        [9.9398e-01],
        [7.0847e-07],
        [3.0080e-03]], device='cuda:0', grad_fn=<SigmoidBackward0>)
Epoch [94/100], T_AUC: [4m0.9885[0m
Epoch [94/100], Loss: 43.2632
val_Accuracy: [92m0.7314[0m
val_Precision: [4;34m0.7378[0m,               val_Recall: [4;33m0.7104[0m,                 val_F1 Score: [4;35m0.7181[0m
æ ‡ç­¾é‡Œ1çš„ä¸ªæ•°:  430
æ ‡ç­¾é‡Œ0çš„ä¸ªæ•°:  430
æ€»æ•°:  860
æ­£ç¡®çš„ä¸ªæ•°:  629
Epoch [94/100], V_AUC: [4m0.7292[0m
Epoch [95/100], Loss: 5.1774
train_Accuracy: [91m0.9928[0m
train_Precision: [4;34m0.9909[0m,               train_Recall: [4;33m0.9939[0m,                 train_F1 Score: [4;35m0.9921[0m
æ ‡ç­¾é‡Œ1çš„ä¸ªæ•°:  2150
æ ‡ç­¾é‡Œ0çš„ä¸ªæ•°:  2150
æ€»æ•°:  4300
æ­£ç¡®çš„ä¸ªæ•°:  4269
æœ€åä¸€ä¸ªæ‰¹æ¬¡çš„è¾“å‡º, ä¸æ»¡batchsizeæ˜¯æ­£å¸¸çš„:
 tensor([[9.9958e-01],
        [9.9088e-01],
        [1.0000e+00],
        [1.3509e-04],
        [9.9990e-01],
        [1.2158e-03],
        [6.9850e-02],
        [1.9909e-04],
        [9.9991e-01],
        [9.9810e-01],
        [4.8402e-06],
        [5.1992e-04]], device='cuda:0', grad_fn=<SigmoidBackward0>)
Epoch [95/100], T_AUC: [4m0.9930[0m
Epoch [95/100], Loss: 44.3449
val_Accuracy: [92m0.7430[0m
val_Precision: [4;34m0.7512[0m,               val_Recall: [4;33m0.7127[0m,                 val_F1 Score: [4;35m0.7262[0m
æ ‡ç­¾é‡Œ1çš„ä¸ªæ•°:  430
æ ‡ç­¾é‡Œ0çš„ä¸ªæ•°:  430
æ€»æ•°:  860
æ­£ç¡®çš„ä¸ªæ•°:  639
Epoch [95/100], V_AUC: [4m0.7397[0m
Epoch [96/100], Loss: 4.2992
train_Accuracy: [91m0.9951[0m
train_Precision: [4;34m0.9943[0m,               train_Recall: [4;33m0.9961[0m,                 train_F1 Score: [4;35m0.9950[0m
æ ‡ç­¾é‡Œ1çš„ä¸ªæ•°:  2150
æ ‡ç­¾é‡Œ0çš„ä¸ªæ•°:  2150
æ€»æ•°:  4300
æ­£ç¡®çš„ä¸ªæ•°:  4279
æœ€åä¸€ä¸ªæ‰¹æ¬¡çš„è¾“å‡º, ä¸æ»¡batchsizeæ˜¯æ­£å¸¸çš„:
 tensor([[9.9959e-01],
        [9.9386e-01],
        [1.0000e+00],
        [6.3494e-05],
        [9.9983e-01],
        [1.7322e-03],
        [1.3021e-03],
        [3.0558e-03],
        [9.9996e-01],
        [9.9781e-01],
        [1.8428e-06],
        [8.2910e-04]], device='cuda:0', grad_fn=<SigmoidBackward0>)
Epoch [96/100], T_AUC: [4m0.9953[0m
Epoch [96/100], Loss: 43.9673
val_Accuracy: [92m0.7302[0m
val_Precision: [4;34m0.7377[0m,               val_Recall: [4;33m0.6996[0m,                 val_F1 Score: [4;35m0.7135[0m
æ ‡ç­¾é‡Œ1çš„ä¸ªæ•°:  430
æ ‡ç­¾é‡Œ0çš„ä¸ªæ•°:  430
æ€»æ•°:  860
æ­£ç¡®çš„ä¸ªæ•°:  628
Epoch [96/100], V_AUC: [4m0.7271[0m
Epoch [97/100], Loss: 3.8193
train_Accuracy: [91m0.9940[0m
train_Precision: [4;34m0.9933[0m,               train_Recall: [4;33m0.9943[0m,                 train_F1 Score: [4;35m0.9935[0m
æ ‡ç­¾é‡Œ1çš„ä¸ªæ•°:  2150
æ ‡ç­¾é‡Œ0çš„ä¸ªæ•°:  2150
æ€»æ•°:  4300
æ­£ç¡®çš„ä¸ªæ•°:  4274
æœ€åä¸€ä¸ªæ‰¹æ¬¡çš„è¾“å‡º, ä¸æ»¡batchsizeæ˜¯æ­£å¸¸çš„:
 tensor([[9.9978e-01],
        [9.9662e-01],
        [9.9999e-01],
        [4.0350e-05],
        [9.9973e-01],
        [1.0063e-03],
        [1.1520e-03],
        [3.9680e-03],
        [9.9998e-01],
        [9.9861e-01],
        [4.0498e-06],
        [1.6148e-03]], device='cuda:0', grad_fn=<SigmoidBackward0>)
Epoch [97/100], T_AUC: [4m0.9943[0m
Epoch [97/100], Loss: 46.9033
val_Accuracy: [92m0.7326[0m
val_Precision: [4;34m0.7384[0m,               val_Recall: [4;33m0.7047[0m,                 val_F1 Score: [4;35m0.7164[0m
æ ‡ç­¾é‡Œ1çš„ä¸ªæ•°:  430
æ ‡ç­¾é‡Œ0çš„ä¸ªæ•°:  430
æ€»æ•°:  860
æ­£ç¡®çš„ä¸ªæ•°:  630
Epoch [97/100], V_AUC: [4m0.7295[0m
Epoch [98/100], Loss: 3.2834
train_Accuracy: [91m0.9970[0m
train_Precision: [4;34m0.9958[0m,               train_Recall: [4;33m0.9978[0m,                 train_F1 Score: [4;35m0.9966[0m
æ ‡ç­¾é‡Œ1çš„ä¸ªæ•°:  2150
æ ‡ç­¾é‡Œ0çš„ä¸ªæ•°:  2150
æ€»æ•°:  4300
æ­£ç¡®çš„ä¸ªæ•°:  4287
æœ€åä¸€ä¸ªæ‰¹æ¬¡çš„è¾“å‡º, ä¸æ»¡batchsizeæ˜¯æ­£å¸¸çš„:
 tensor([[9.9990e-01],
        [9.9910e-01],
        [9.9996e-01],
        [1.0223e-04],
        [9.9960e-01],
        [9.0266e-04],
        [3.0198e-03],
        [1.7426e-03],
        [9.9997e-01],
        [9.9901e-01],
        [7.0290e-06],
        [3.7347e-04]], device='cuda:0', grad_fn=<SigmoidBackward0>)
Epoch [98/100], T_AUC: [4m0.9972[0m
Epoch [98/100], Loss: 51.9348
val_Accuracy: [92m0.7326[0m
val_Precision: [4;34m0.7354[0m,               val_Recall: [4;33m0.7139[0m,                 val_F1 Score: [4;35m0.7195[0m
æ ‡ç­¾é‡Œ1çš„ä¸ªæ•°:  430
æ ‡ç­¾é‡Œ0çš„ä¸ªæ•°:  430
æ€»æ•°:  860
æ­£ç¡®çš„ä¸ªæ•°:  630
Epoch [98/100], V_AUC: [4m0.7298[0m
Epoch [99/100], Loss: 2.6413
train_Accuracy: [91m0.9979[0m
train_Precision: [4;34m0.9972[0m,               train_Recall: [4;33m0.9987[0m,                 train_F1 Score: [4;35m0.9979[0m
æ ‡ç­¾é‡Œ1çš„ä¸ªæ•°:  2150
æ ‡ç­¾é‡Œ0çš„ä¸ªæ•°:  2150
æ€»æ•°:  4300
æ­£ç¡®çš„ä¸ªæ•°:  4291
æœ€åä¸€ä¸ªæ‰¹æ¬¡çš„è¾“å‡º, ä¸æ»¡batchsizeæ˜¯æ­£å¸¸çš„:
 tensor([[9.9991e-01],
        [9.9852e-01],
        [1.0000e+00],
        [1.7532e-05],
        [9.9934e-01],
        [6.5196e-04],
        [2.7466e-03],
        [3.6453e-03],
        [9.9993e-01],
        [9.9958e-01],
        [5.3650e-07],
        [1.2782e-03]], device='cuda:0', grad_fn=<SigmoidBackward0>)
Epoch [99/100], T_AUC: [4m0.9979[0m
Epoch [99/100], Loss: 47.2014
val_Accuracy: [92m0.7302[0m
val_Precision: [4;34m0.7296[0m,               val_Recall: [4;33m0.7160[0m,                 val_F1 Score: [4;35m0.7175[0m
æ ‡ç­¾é‡Œ1çš„ä¸ªæ•°:  430
æ ‡ç­¾é‡Œ0çš„ä¸ªæ•°:  430
æ€»æ•°:  860
æ­£ç¡®çš„ä¸ªæ•°:  628
Epoch [99/100], V_AUC: [4m0.7275[0m
Epoch [100/100], Loss: 2.4380
train_Accuracy: [91m0.9979[0m
train_Precision: [4;34m0.9972[0m,               train_Recall: [4;33m0.9987[0m,                 train_F1 Score: [4;35m0.9978[0m
æ ‡ç­¾é‡Œ1çš„ä¸ªæ•°:  2150
æ ‡ç­¾é‡Œ0çš„ä¸ªæ•°:  2150
æ€»æ•°:  4300
æ­£ç¡®çš„ä¸ªæ•°:  4291
æœ€åä¸€ä¸ªæ‰¹æ¬¡çš„è¾“å‡º, ä¸æ»¡batchsizeæ˜¯æ­£å¸¸çš„:
 tensor([[9.9991e-01],
        [9.9935e-01],
        [1.0000e+00],
        [4.3012e-06],
        [9.9805e-01],
        [1.0096e-03],
        [3.1347e-03],
        [4.1314e-03],
        [9.9997e-01],
        [9.9953e-01],
        [4.4860e-07],
        [2.0226e-03]], device='cuda:0', grad_fn=<SigmoidBackward0>)
Epoch [100/100], T_AUC: [4m0.9979[0m
Epoch [100/100], Loss: 50.3741
val_Accuracy: [92m0.7256[0m
val_Precision: [4;34m0.7311[0m,               val_Recall: [4;33m0.7009[0m,                 val_F1 Score: [4;35m0.7107[0m
æ ‡ç­¾é‡Œ1çš„ä¸ªæ•°:  430
æ ‡ç­¾é‡Œ0çš„ä¸ªæ•°:  430
æ€»æ•°:  860
æ­£ç¡®çš„ä¸ªæ•°:  624
Epoch [100/100], V_AUC: [4m0.7230[0m
ç¬¬0æ‰¹ç¬¬2ä¸ª, 100
ç¬¬0æ‰¹ç¬¬15ä¸ª, 100
ç¬¬1æ‰¹ç¬¬0ä¸ª, 100
ç¬¬1æ‰¹ç¬¬13ä¸ª, 100
ç¬¬1æ‰¹ç¬¬29ä¸ª, 100
send email successfully
