2024-06-25-09:27:27
1æ’åº128-0.4
åˆ›å»ºæ¨¡å‹å®ä¾‹
æ¨¡å‹å®ä¾‹åˆ›å»ºå®Œæˆ
åŠ è½½é¢„è®­ç»ƒå‚æ•°
é¢„è®­ç»ƒå‚æ•°åŠ è½½å®Œæˆ
Epoch [1/100], Loss: 60.7821
train_Accuracy: [91m0.7993[0m
train_Precision: [4;34m0.7940[0m,               train_Recall: [4;33m0.8240[0m,                 train_F1 Score: [4;35m0.8018[0m
æ ‡ç­¾é‡Œ1çš„ä¸ªæ•°:  2150
æ ‡ç­¾é‡Œ0çš„ä¸ªæ•°:  2150
æ€»æ•°:  4300
æ­£ç¡®çš„ä¸ªæ•°:  3437
æœ€åä¸€ä¸ªæ‰¹æ¬¡çš„è¾“å‡º, ä¸æ»¡batchsizeæ˜¯æ­£å¸¸çš„:
 tensor([[0.9346],
        [0.8626],
        [0.9786],
        [0.1492],
        [0.7609],
        [0.1534],
        [0.5964],
        [0.2733],
        [0.4066],
        [0.9128],
        [0.0309],
        [0.0430]], device='cuda:0', grad_fn=<SigmoidBackward0>)
Epoch [1/100], T_AUC: [4m0.8067[0m
Epoch [1/100], Loss: 13.9577
val_Accuracy: [92m0.7977[0m
val_Precision: [4;34m0.8016[0m,               val_Recall: [4;33m0.7806[0m,                 val_F1 Score: [4;35m0.7866[0m
æ ‡ç­¾é‡Œ1çš„ä¸ªæ•°:  430
æ ‡ç­¾é‡Œ0çš„ä¸ªæ•°:  430
æ€»æ•°:  860
æ­£ç¡®çš„ä¸ªæ•°:  686
Epoch [1/100], V_AUC: [4m0.7950[0m
Epoch [2/100], Loss: 59.1728
train_Accuracy: [91m0.8065[0m
train_Precision: [4;34m0.8033[0m,               train_Recall: [4;33m0.8244[0m,                 train_F1 Score: [4;35m0.8076[0m
æ ‡ç­¾é‡Œ1çš„ä¸ªæ•°:  2150
æ ‡ç­¾é‡Œ0çš„ä¸ªæ•°:  2150
æ€»æ•°:  4300
æ­£ç¡®çš„ä¸ªæ•°:  3468
æœ€åä¸€ä¸ªæ‰¹æ¬¡çš„è¾“å‡º, ä¸æ»¡batchsizeæ˜¯æ­£å¸¸çš„:
 tensor([[0.9324],
        [0.8634],
        [0.9790],
        [0.1410],
        [0.7731],
        [0.1432],
        [0.5570],
        [0.3142],
        [0.4871],
        [0.9312],
        [0.0220],
        [0.0436]], device='cuda:0', grad_fn=<SigmoidBackward0>)
Epoch [2/100], T_AUC: [4m0.8131[0m
Epoch [2/100], Loss: 14.0679
val_Accuracy: [92m0.7930[0m
val_Precision: [4;34m0.7889[0m,               val_Recall: [4;33m0.7890[0m,                 val_F1 Score: [4;35m0.7842[0m
æ ‡ç­¾é‡Œ1çš„ä¸ªæ•°:  430
æ ‡ç­¾é‡Œ0çš„ä¸ªæ•°:  430
æ€»æ•°:  860
æ­£ç¡®çš„ä¸ªæ•°:  682
Epoch [2/100], V_AUC: [4m0.7901[0m
Epoch [3/100], Loss: 58.6998
train_Accuracy: [91m0.8079[0m
train_Precision: [4;34m0.8031[0m,               train_Recall: [4;33m0.8289[0m,                 train_F1 Score: [4;35m0.8095[0m
æ ‡ç­¾é‡Œ1çš„ä¸ªæ•°:  2150
æ ‡ç­¾é‡Œ0çš„ä¸ªæ•°:  2150
æ€»æ•°:  4300
æ­£ç¡®çš„ä¸ªæ•°:  3474
æœ€åä¸€ä¸ªæ‰¹æ¬¡çš„è¾“å‡º, ä¸æ»¡batchsizeæ˜¯æ­£å¸¸çš„:
 tensor([[0.9388],
        [0.8702],
        [0.9803],
        [0.1344],
        [0.7820],
        [0.1275],
        [0.5175],
        [0.3209],
        [0.4763],
        [0.9318],
        [0.0223],
        [0.0469]], device='cuda:0', grad_fn=<SigmoidBackward0>)
Epoch [3/100], T_AUC: [4m0.8147[0m
Epoch [3/100], Loss: 14.1399
val_Accuracy: [92m0.7965[0m
val_Precision: [4;34m0.7945[0m,               val_Recall: [4;33m0.7869[0m,                 val_F1 Score: [4;35m0.7864[0m
æ ‡ç­¾é‡Œ1çš„ä¸ªæ•°:  430
æ ‡ç­¾é‡Œ0çš„ä¸ªæ•°:  430
æ€»æ•°:  860
æ­£ç¡®çš„ä¸ªæ•°:  685
Epoch [3/100], V_AUC: [4m0.7937[0m
Epoch [4/100], Loss: 58.3938
train_Accuracy: [91m0.8072[0m
train_Precision: [4;34m0.8015[0m,               train_Recall: [4;33m0.8293[0m,                 train_F1 Score: [4;35m0.8090[0m
æ ‡ç­¾é‡Œ1çš„ä¸ªæ•°:  2150
æ ‡ç­¾é‡Œ0çš„ä¸ªæ•°:  2150
æ€»æ•°:  4300
æ­£ç¡®çš„ä¸ªæ•°:  3471
æœ€åä¸€ä¸ªæ‰¹æ¬¡çš„è¾“å‡º, ä¸æ»¡batchsizeæ˜¯æ­£å¸¸çš„:
 tensor([[0.9287],
        [0.8625],
        [0.9820],
        [0.1325],
        [0.7876],
        [0.1255],
        [0.5072],
        [0.3169],
        [0.5450],
        [0.9240],
        [0.0254],
        [0.0479]], device='cuda:0', grad_fn=<SigmoidBackward0>)
Epoch [4/100], T_AUC: [4m0.8136[0m
Epoch [4/100], Loss: 14.1651
val_Accuracy: [92m0.7965[0m
val_Precision: [4;34m0.8036[0m,               val_Recall: [4;33m0.7756[0m,                 val_F1 Score: [4;35m0.7846[0m
æ ‡ç­¾é‡Œ1çš„ä¸ªæ•°:  430
æ ‡ç­¾é‡Œ0çš„ä¸ªæ•°:  430
æ€»æ•°:  860
æ­£ç¡®çš„ä¸ªæ•°:  685
Epoch [4/100], V_AUC: [4m0.7937[0m
Epoch [5/100], Loss: 58.0832
train_Accuracy: [91m0.8079[0m
train_Precision: [4;34m0.8016[0m,               train_Recall: [4;33m0.8311[0m,                 train_F1 Score: [4;35m0.8098[0m
æ ‡ç­¾é‡Œ1çš„ä¸ªæ•°:  2150
æ ‡ç­¾é‡Œ0çš„ä¸ªæ•°:  2150
æ€»æ•°:  4300
æ­£ç¡®çš„ä¸ªæ•°:  3474
æœ€åä¸€ä¸ªæ‰¹æ¬¡çš„è¾“å‡º, ä¸æ»¡batchsizeæ˜¯æ­£å¸¸çš„:
 tensor([[0.9229],
        [0.8621],
        [0.9825],
        [0.1301],
        [0.7813],
        [0.1211],
        [0.4814],
        [0.3574],
        [0.5411],
        [0.9247],
        [0.0262],
        [0.0540]], device='cuda:0', grad_fn=<SigmoidBackward0>)
Epoch [5/100], T_AUC: [4m0.8146[0m
Epoch [5/100], Loss: 14.1906
val_Accuracy: [92m0.7953[0m
val_Precision: [4;34m0.8030[0m,               val_Recall: [4;33m0.7733[0m,                 val_F1 Score: [4;35m0.7827[0m
æ ‡ç­¾é‡Œ1çš„ä¸ªæ•°:  430
æ ‡ç­¾é‡Œ0çš„ä¸ªæ•°:  430
æ€»æ•°:  860
æ­£ç¡®çš„ä¸ªæ•°:  684
Epoch [5/100], V_AUC: [4m0.7925[0m
Epoch [6/100], Loss: 57.8418
train_Accuracy: [91m0.8102[0m
train_Precision: [4;34m0.8016[0m,               train_Recall: [4;33m0.8361[0m,                 train_F1 Score: [4;35m0.8126[0m
æ ‡ç­¾é‡Œ1çš„ä¸ªæ•°:  2150
æ ‡ç­¾é‡Œ0çš„ä¸ªæ•°:  2150
æ€»æ•°:  4300
æ­£ç¡®çš„ä¸ªæ•°:  3484
æœ€åä¸€ä¸ªæ‰¹æ¬¡çš„è¾“å‡º, ä¸æ»¡batchsizeæ˜¯æ­£å¸¸çš„:
 tensor([[0.9133],
        [0.8479],
        [0.9845],
        [0.1258],
        [0.7791],
        [0.1140],
        [0.4985],
        [0.3565],
        [0.5619],
        [0.9146],
        [0.0298],
        [0.0556]], device='cuda:0', grad_fn=<SigmoidBackward0>)
Epoch [6/100], T_AUC: [4m0.8164[0m
Epoch [6/100], Loss: 14.2706
val_Accuracy: [92m0.7930[0m
val_Precision: [4;34m0.8077[0m,               val_Recall: [4;33m0.7586[0m,                 val_F1 Score: [4;35m0.7775[0m
æ ‡ç­¾é‡Œ1çš„ä¸ªæ•°:  430
æ ‡ç­¾é‡Œ0çš„ä¸ªæ•°:  430
æ€»æ•°:  860
æ­£ç¡®çš„ä¸ªæ•°:  682
Epoch [6/100], V_AUC: [4m0.7899[0m
Epoch [7/100], Loss: 57.5859
train_Accuracy: [91m0.8116[0m
train_Precision: [4;34m0.8040[0m,               train_Recall: [4;33m0.8344[0m,                 train_F1 Score: [4;35m0.8133[0m
æ ‡ç­¾é‡Œ1çš„ä¸ªæ•°:  2150
æ ‡ç­¾é‡Œ0çš„ä¸ªæ•°:  2150
æ€»æ•°:  4300
æ­£ç¡®çš„ä¸ªæ•°:  3490
æœ€åä¸€ä¸ªæ‰¹æ¬¡çš„è¾“å‡º, ä¸æ»¡batchsizeæ˜¯æ­£å¸¸çš„:
 tensor([[0.9050],
        [0.8485],
        [0.9825],
        [0.1262],
        [0.8034],
        [0.1159],
        [0.4649],
        [0.3653],
        [0.5588],
        [0.9141],
        [0.0298],
        [0.0617]], device='cuda:0', grad_fn=<SigmoidBackward0>)
Epoch [7/100], T_AUC: [4m0.8177[0m
Epoch [7/100], Loss: 14.1722
val_Accuracy: [92m0.7895[0m
val_Precision: [4;34m0.7982[0m,               val_Recall: [4;33m0.7660[0m,                 val_F1 Score: [4;35m0.7765[0m
æ ‡ç­¾é‡Œ1çš„ä¸ªæ•°:  430
æ ‡ç­¾é‡Œ0çš„ä¸ªæ•°:  430
æ€»æ•°:  860
æ­£ç¡®çš„ä¸ªæ•°:  679
Epoch [7/100], V_AUC: [4m0.7863[0m
Epoch [8/100], Loss: 57.3923
train_Accuracy: [91m0.8121[0m
train_Precision: [4;34m0.8031[0m,               train_Recall: [4;33m0.8365[0m,                 train_F1 Score: [4;35m0.8140[0m
æ ‡ç­¾é‡Œ1çš„ä¸ªæ•°:  2150
æ ‡ç­¾é‡Œ0çš„ä¸ªæ•°:  2150
æ€»æ•°:  4300
æ­£ç¡®çš„ä¸ªæ•°:  3492
æœ€åä¸€ä¸ªæ‰¹æ¬¡çš„è¾“å‡º, ä¸æ»¡batchsizeæ˜¯æ­£å¸¸çš„:
 tensor([[0.8975],
        [0.8311],
        [0.9854],
        [0.1190],
        [0.7970],
        [0.1086],
        [0.4686],
        [0.3821],
        [0.5709],
        [0.8962],
        [0.0351],
        [0.0649]], device='cuda:0', grad_fn=<SigmoidBackward0>)
Epoch [8/100], T_AUC: [4m0.8177[0m
Epoch [8/100], Loss: 14.2752
val_Accuracy: [92m0.7953[0m
val_Precision: [4;34m0.8075[0m,               val_Recall: [4;33m0.7658[0m,                 val_F1 Score: [4;35m0.7809[0m
æ ‡ç­¾é‡Œ1çš„ä¸ªæ•°:  430
æ ‡ç­¾é‡Œ0çš„ä¸ªæ•°:  430
æ€»æ•°:  860
æ­£ç¡®çš„ä¸ªæ•°:  684
Epoch [8/100], V_AUC: [4m0.7923[0m
Epoch [9/100], Loss: 57.2302
train_Accuracy: [91m0.8126[0m
train_Precision: [4;34m0.8019[0m,               train_Recall: [4;33m0.8399[0m,                 train_F1 Score: [4;35m0.8149[0m
æ ‡ç­¾é‡Œ1çš„ä¸ªæ•°:  2150
æ ‡ç­¾é‡Œ0çš„ä¸ªæ•°:  2150
æ€»æ•°:  4300
æ­£ç¡®çš„ä¸ªæ•°:  3494
æœ€åä¸€ä¸ªæ‰¹æ¬¡çš„è¾“å‡º, ä¸æ»¡batchsizeæ˜¯æ­£å¸¸çš„:
 tensor([[0.8973],
        [0.8612],
        [0.9804],
        [0.1193],
        [0.8037],
        [0.1032],
        [0.4658],
        [0.3913],
        [0.5746],
        [0.9058],
        [0.0344],
        [0.0558]], device='cuda:0', grad_fn=<SigmoidBackward0>)
Epoch [9/100], T_AUC: [4m0.8185[0m
Epoch [9/100], Loss: 14.3582
val_Accuracy: [92m0.7907[0m
val_Precision: [4;34m0.7984[0m,               val_Recall: [4;33m0.7684[0m,                 val_F1 Score: [4;35m0.7774[0m
æ ‡ç­¾é‡Œ1çš„ä¸ªæ•°:  430
æ ‡ç­¾é‡Œ0çš„ä¸ªæ•°:  430
æ€»æ•°:  860
æ­£ç¡®çš„ä¸ªæ•°:  680
Epoch [9/100], V_AUC: [4m0.7887[0m
Epoch [10/100], Loss: 57.0867
train_Accuracy: [91m0.8133[0m
train_Precision: [4;34m0.8032[0m,               train_Recall: [4;33m0.8392[0m,                 train_F1 Score: [4;35m0.8155[0m
æ ‡ç­¾é‡Œ1çš„ä¸ªæ•°:  2150
æ ‡ç­¾é‡Œ0çš„ä¸ªæ•°:  2150
æ€»æ•°:  4300
æ­£ç¡®çš„ä¸ªæ•°:  3497
æœ€åä¸€ä¸ªæ‰¹æ¬¡çš„è¾“å‡º, ä¸æ»¡batchsizeæ˜¯æ­£å¸¸çš„:
 tensor([[0.8982],
        [0.8449],
        [0.9807],
        [0.1252],
        [0.8124],
        [0.1013],
        [0.4483],
        [0.3700],
        [0.6016],
        [0.9035],
        [0.0374],
        [0.0596]], device='cuda:0', grad_fn=<SigmoidBackward0>)
Epoch [10/100], T_AUC: [4m0.8188[0m
Epoch [10/100], Loss: 14.0299
val_Accuracy: [92m0.7884[0m
val_Precision: [4;34m0.7910[0m,               val_Recall: [4;33m0.7727[0m,                 val_F1 Score: [4;35m0.7763[0m
æ ‡ç­¾é‡Œ1çš„ä¸ªæ•°:  430
æ ‡ç­¾é‡Œ0çš„ä¸ªæ•°:  430
æ€»æ•°:  860
æ­£ç¡®çš„ä¸ªæ•°:  678
Epoch [10/100], V_AUC: [4m0.7863[0m
Epoch [11/100], Loss: 56.7891
train_Accuracy: [91m0.8112[0m
train_Precision: [4;34m0.8002[0m,               train_Recall: [4;33m0.8389[0m,                 train_F1 Score: [4;35m0.8136[0m
æ ‡ç­¾é‡Œ1çš„ä¸ªæ•°:  2150
æ ‡ç­¾é‡Œ0çš„ä¸ªæ•°:  2150
æ€»æ•°:  4300
æ­£ç¡®çš„ä¸ªæ•°:  3488
æœ€åä¸€ä¸ªæ‰¹æ¬¡çš„è¾“å‡º, ä¸æ»¡batchsizeæ˜¯æ­£å¸¸çš„:
 tensor([[0.8988],
        [0.8544],
        [0.9839],
        [0.1133],
        [0.8271],
        [0.0971],
        [0.4527],
        [0.3271],
        [0.6203],
        [0.9055],
        [0.0343],
        [0.0582]], device='cuda:0', grad_fn=<SigmoidBackward0>)
Epoch [11/100], T_AUC: [4m0.8169[0m
Epoch [11/100], Loss: 14.4156
val_Accuracy: [92m0.7895[0m
val_Precision: [4;34m0.7953[0m,               val_Recall: [4;33m0.7673[0m,                 val_F1 Score: [4;35m0.7762[0m
æ ‡ç­¾é‡Œ1çš„ä¸ªæ•°:  430
æ ‡ç­¾é‡Œ0çš„ä¸ªæ•°:  430
æ€»æ•°:  860
æ­£ç¡®çš„ä¸ªæ•°:  679
Epoch [11/100], V_AUC: [4m0.7864[0m
Epoch [12/100], Loss: 56.6650
train_Accuracy: [91m0.8121[0m
train_Precision: [4;34m0.8005[0m,               train_Recall: [4;33m0.8407[0m,                 train_F1 Score: [4;35m0.8147[0m
æ ‡ç­¾é‡Œ1çš„ä¸ªæ•°:  2150
æ ‡ç­¾é‡Œ0çš„ä¸ªæ•°:  2150
æ€»æ•°:  4300
æ­£ç¡®çš„ä¸ªæ•°:  3492
æœ€åä¸€ä¸ªæ‰¹æ¬¡çš„è¾“å‡º, ä¸æ»¡batchsizeæ˜¯æ­£å¸¸çš„:
 tensor([[0.9027],
        [0.8531],
        [0.9827],
        [0.1175],
        [0.7997],
        [0.0944],
        [0.4848],
        [0.3234],
        [0.6435],
        [0.8858],
        [0.0331],
        [0.0684]], device='cuda:0', grad_fn=<SigmoidBackward0>)
Epoch [12/100], T_AUC: [4m0.8175[0m
Epoch [12/100], Loss: 14.0868
val_Accuracy: [92m0.7884[0m
val_Precision: [4;34m0.7933[0m,               val_Recall: [4;33m0.7666[0m,                 val_F1 Score: [4;35m0.7746[0m
æ ‡ç­¾é‡Œ1çš„ä¸ªæ•°:  430
æ ‡ç­¾é‡Œ0çš„ä¸ªæ•°:  430
æ€»æ•°:  860
æ­£ç¡®çš„ä¸ªæ•°:  678
Epoch [12/100], V_AUC: [4m0.7852[0m
Epoch [13/100], Loss: 56.4990
train_Accuracy: [91m0.8142[0m
train_Precision: [4;34m0.8054[0m,               train_Recall: [4;33m0.8384[0m,                 train_F1 Score: [4;35m0.8160[0m
æ ‡ç­¾é‡Œ1çš„ä¸ªæ•°:  2150
æ ‡ç­¾é‡Œ0çš„ä¸ªæ•°:  2150
æ€»æ•°:  4300
æ­£ç¡®çš„ä¸ªæ•°:  3501
æœ€åä¸€ä¸ªæ‰¹æ¬¡çš„è¾“å‡º, ä¸æ»¡batchsizeæ˜¯æ­£å¸¸çš„:
 tensor([[0.8755],
        [0.8128],
        [0.9859],
        [0.1148],
        [0.8102],
        [0.0914],
        [0.4825],
        [0.3731],
        [0.6399],
        [0.8813],
        [0.0366],
        [0.0742]], device='cuda:0', grad_fn=<SigmoidBackward0>)
Epoch [13/100], T_AUC: [4m0.8194[0m
Epoch [13/100], Loss: 14.1820
val_Accuracy: [92m0.7791[0m
val_Precision: [4;34m0.7761[0m,               val_Recall: [4;33m0.7722[0m,                 val_F1 Score: [4;35m0.7699[0m
æ ‡ç­¾é‡Œ1çš„ä¸ªæ•°:  430
æ ‡ç­¾é‡Œ0çš„ä¸ªæ•°:  430
æ€»æ•°:  860
æ­£ç¡®çš„ä¸ªæ•°:  670
Epoch [13/100], V_AUC: [4m0.7761[0m
Epoch [14/100], Loss: 56.1200
train_Accuracy: [91m0.8151[0m
train_Precision: [4;34m0.8029[0m,               train_Recall: [4;33m0.8448[0m,                 train_F1 Score: [4;35m0.8178[0m
æ ‡ç­¾é‡Œ1çš„ä¸ªæ•°:  2150
æ ‡ç­¾é‡Œ0çš„ä¸ªæ•°:  2150
æ€»æ•°:  4300
æ­£ç¡®çš„ä¸ªæ•°:  3505
æœ€åä¸€ä¸ªæ‰¹æ¬¡çš„è¾“å‡º, ä¸æ»¡batchsizeæ˜¯æ­£å¸¸çš„:
 tensor([[0.9088],
        [0.8204],
        [0.9869],
        [0.1257],
        [0.7822],
        [0.0924],
        [0.4483],
        [0.3782],
        [0.6493],
        [0.8684],
        [0.0369],
        [0.0614]], device='cuda:0', grad_fn=<SigmoidBackward0>)
Epoch [14/100], T_AUC: [4m0.8207[0m
Epoch [14/100], Loss: 14.3973
val_Accuracy: [92m0.7860[0m
val_Precision: [4;34m0.7915[0m,               val_Recall: [4;33m0.7677[0m,                 val_F1 Score: [4;35m0.7741[0m
æ ‡ç­¾é‡Œ1çš„ä¸ªæ•°:  430
æ ‡ç­¾é‡Œ0çš„ä¸ªæ•°:  430
æ€»æ•°:  860
æ­£ç¡®çš„ä¸ªæ•°:  676
Epoch [14/100], V_AUC: [4m0.7836[0m
Epoch [15/100], Loss: 55.7524
train_Accuracy: [91m0.8128[0m
train_Precision: [4;34m0.8024[0m,               train_Recall: [4;33m0.8407[0m,                 train_F1 Score: [4;35m0.8155[0m
æ ‡ç­¾é‡Œ1çš„ä¸ªæ•°:  2150
æ ‡ç­¾é‡Œ0çš„ä¸ªæ•°:  2150
æ€»æ•°:  4300
æ­£ç¡®çš„ä¸ªæ•°:  3495
æœ€åä¸€ä¸ªæ‰¹æ¬¡çš„è¾“å‡º, ä¸æ»¡batchsizeæ˜¯æ­£å¸¸çš„:
 tensor([[0.9102],
        [0.8682],
        [0.9871],
        [0.1153],
        [0.7378],
        [0.0872],
        [0.3981],
        [0.2861],
        [0.6397],
        [0.8868],
        [0.0485],
        [0.0634]], device='cuda:0', grad_fn=<SigmoidBackward0>)
Epoch [15/100], T_AUC: [4m0.8189[0m
Epoch [15/100], Loss: 14.2243
val_Accuracy: [92m0.7860[0m
val_Precision: [4;34m0.7972[0m,               val_Recall: [4;33m0.7614[0m,                 val_F1 Score: [4;35m0.7734[0m
æ ‡ç­¾é‡Œ1çš„ä¸ªæ•°:  430
æ ‡ç­¾é‡Œ0çš„ä¸ªæ•°:  430
æ€»æ•°:  860
æ­£ç¡®çš„ä¸ªæ•°:  676
Epoch [15/100], V_AUC: [4m0.7839[0m
Epoch [16/100], Loss: 55.5186
train_Accuracy: [91m0.8177[0m
train_Precision: [4;34m0.8081[0m,               train_Recall: [4;33m0.8424[0m,                 train_F1 Score: [4;35m0.8195[0m
æ ‡ç­¾é‡Œ1çš„ä¸ªæ•°:  2150
æ ‡ç­¾é‡Œ0çš„ä¸ªæ•°:  2150
æ€»æ•°:  4300
æ­£ç¡®çš„ä¸ªæ•°:  3516
æœ€åä¸€ä¸ªæ‰¹æ¬¡çš„è¾“å‡º, ä¸æ»¡batchsizeæ˜¯æ­£å¸¸çš„:
 tensor([[0.9138],
        [0.8554],
        [0.9906],
        [0.1074],
        [0.7724],
        [0.0814],
        [0.3681],
        [0.4279],
        [0.5765],
        [0.8735],
        [0.0334],
        [0.0873]], device='cuda:0', grad_fn=<SigmoidBackward0>)
Epoch [16/100], T_AUC: [4m0.8231[0m
Epoch [16/100], Loss: 14.4112
val_Accuracy: [92m0.7907[0m
val_Precision: [4;34m0.7986[0m,               val_Recall: [4;33m0.7691[0m,                 val_F1 Score: [4;35m0.7773[0m
æ ‡ç­¾é‡Œ1çš„ä¸ªæ•°:  430
æ ‡ç­¾é‡Œ0çš„ä¸ªæ•°:  430
æ€»æ•°:  860
æ­£ç¡®çš„ä¸ªæ•°:  680
Epoch [16/100], V_AUC: [4m0.7880[0m
Epoch [17/100], Loss: 55.4303
train_Accuracy: [91m0.8209[0m
train_Precision: [4;34m0.8115[0m,               train_Recall: [4;33m0.8454[0m,                 train_F1 Score: [4;35m0.8229[0m
æ ‡ç­¾é‡Œ1çš„ä¸ªæ•°:  2150
æ ‡ç­¾é‡Œ0çš„ä¸ªæ•°:  2150
æ€»æ•°:  4300
æ­£ç¡®çš„ä¸ªæ•°:  3530
æœ€åä¸€ä¸ªæ‰¹æ¬¡çš„è¾“å‡º, ä¸æ»¡batchsizeæ˜¯æ­£å¸¸çš„:
 tensor([[0.9233],
        [0.8422],
        [0.9911],
        [0.1124],
        [0.7873],
        [0.0682],
        [0.3536],
        [0.3256],
        [0.5976],
        [0.8959],
        [0.0566],
        [0.0570]], device='cuda:0', grad_fn=<SigmoidBackward0>)
Epoch [17/100], T_AUC: [4m0.8264[0m
Epoch [17/100], Loss: 14.4045
val_Accuracy: [92m0.7860[0m
val_Precision: [4;34m0.7901[0m,               val_Recall: [4;33m0.7695[0m,                 val_F1 Score: [4;35m0.7744[0m
æ ‡ç­¾é‡Œ1çš„ä¸ªæ•°:  430
æ ‡ç­¾é‡Œ0çš„ä¸ªæ•°:  430
æ€»æ•°:  860
æ­£ç¡®çš„ä¸ªæ•°:  676
Epoch [17/100], V_AUC: [4m0.7821[0m
Epoch [18/100], Loss: 55.0634
train_Accuracy: [91m0.8228[0m
train_Precision: [4;34m0.8120[0m,               train_Recall: [4;33m0.8499[0m,                 train_F1 Score: [4;35m0.8251[0m
æ ‡ç­¾é‡Œ1çš„ä¸ªæ•°:  2150
æ ‡ç­¾é‡Œ0çš„ä¸ªæ•°:  2150
æ€»æ•°:  4300
æ­£ç¡®çš„ä¸ªæ•°:  3538
æœ€åä¸€ä¸ªæ‰¹æ¬¡çš„è¾“å‡º, ä¸æ»¡batchsizeæ˜¯æ­£å¸¸çš„:
 tensor([[0.9197],
        [0.8656],
        [0.9911],
        [0.0937],
        [0.8235],
        [0.0392],
        [0.3481],
        [0.3649],
        [0.6599],
        [0.8768],
        [0.0465],
        [0.0824]], device='cuda:0', grad_fn=<SigmoidBackward0>)
Epoch [18/100], T_AUC: [4m0.8285[0m
Epoch [18/100], Loss: 14.3495
val_Accuracy: [92m0.7837[0m
val_Precision: [4;34m0.7843[0m,               val_Recall: [4;33m0.7709[0m,                 val_F1 Score: [4;35m0.7725[0m
æ ‡ç­¾é‡Œ1çš„ä¸ªæ•°:  430
æ ‡ç­¾é‡Œ0çš„ä¸ªæ•°:  430
æ€»æ•°:  860
æ­£ç¡®çš„ä¸ªæ•°:  674
Epoch [18/100], V_AUC: [4m0.7797[0m
Epoch [19/100], Loss: 55.0540
train_Accuracy: [91m0.8193[0m
train_Precision: [4;34m0.8079[0m,               train_Recall: [4;33m0.8467[0m,                 train_F1 Score: [4;35m0.8216[0m
æ ‡ç­¾é‡Œ1çš„ä¸ªæ•°:  2150
æ ‡ç­¾é‡Œ0çš„ä¸ªæ•°:  2150
æ€»æ•°:  4300
æ­£ç¡®çš„ä¸ªæ•°:  3523
æœ€åä¸€ä¸ªæ‰¹æ¬¡çš„è¾“å‡º, ä¸æ»¡batchsizeæ˜¯æ­£å¸¸çš„:
 tensor([[0.9167],
        [0.8480],
        [0.9930],
        [0.0735],
        [0.8162],
        [0.0758],
        [0.3702],
        [0.4882],
        [0.6416],
        [0.8506],
        [0.0262],
        [0.0790]], device='cuda:0', grad_fn=<SigmoidBackward0>)
Epoch [19/100], T_AUC: [4m0.8244[0m
Epoch [19/100], Loss: 14.4405
val_Accuracy: [92m0.7884[0m
val_Precision: [4;34m0.7977[0m,               val_Recall: [4;33m0.7590[0m,                 val_F1 Score: [4;35m0.7732[0m
æ ‡ç­¾é‡Œ1çš„ä¸ªæ•°:  430
æ ‡ç­¾é‡Œ0çš„ä¸ªæ•°:  430
æ€»æ•°:  860
æ­£ç¡®çš„ä¸ªæ•°:  678
Epoch [19/100], V_AUC: [4m0.7832[0m
Epoch [20/100], Loss: 54.5939
train_Accuracy: [91m0.8240[0m
train_Precision: [4;34m0.8130[0m,               train_Recall: [4;33m0.8486[0m,                 train_F1 Score: [4;35m0.8255[0m
æ ‡ç­¾é‡Œ1çš„ä¸ªæ•°:  2150
æ ‡ç­¾é‡Œ0çš„ä¸ªæ•°:  2150
æ€»æ•°:  4300
æ­£ç¡®çš„ä¸ªæ•°:  3543
æœ€åä¸€ä¸ªæ‰¹æ¬¡çš„è¾“å‡º, ä¸æ»¡batchsizeæ˜¯æ­£å¸¸çš„:
 tensor([[0.9258],
        [0.8566],
        [0.9890],
        [0.0617],
        [0.8132],
        [0.0507],
        [0.4315],
        [0.4004],
        [0.6832],
        [0.8488],
        [0.0291],
        [0.1049]], device='cuda:0', grad_fn=<SigmoidBackward0>)
Epoch [20/100], T_AUC: [4m0.8279[0m
Epoch [20/100], Loss: 14.4881
val_Accuracy: [92m0.7872[0m
val_Precision: [4;34m0.7893[0m,               val_Recall: [4;33m0.7711[0m,                 val_F1 Score: [4;35m0.7756[0m
æ ‡ç­¾é‡Œ1çš„ä¸ªæ•°:  430
æ ‡ç­¾é‡Œ0çš„ä¸ªæ•°:  430
æ€»æ•°:  860
æ­£ç¡®çš„ä¸ªæ•°:  677
Epoch [20/100], V_AUC: [4m0.7843[0m
Epoch [21/100], Loss: 54.0504
train_Accuracy: [91m0.8263[0m
train_Precision: [4;34m0.8154[0m,               train_Recall: [4;33m0.8513[0m,                 train_F1 Score: [4;35m0.8277[0m
æ ‡ç­¾é‡Œ1çš„ä¸ªæ•°:  2150
æ ‡ç­¾é‡Œ0çš„ä¸ªæ•°:  2150
æ€»æ•°:  4300
æ­£ç¡®çš„ä¸ªæ•°:  3553
æœ€åä¸€ä¸ªæ‰¹æ¬¡çš„è¾“å‡º, ä¸æ»¡batchsizeæ˜¯æ­£å¸¸çš„:
 tensor([[0.9070],
        [0.8724],
        [0.9907],
        [0.0684],
        [0.7880],
        [0.0715],
        [0.4562],
        [0.4145],
        [0.7077],
        [0.8481],
        [0.0379],
        [0.0504]], device='cuda:0', grad_fn=<SigmoidBackward0>)
Epoch [21/100], T_AUC: [4m0.8310[0m
Epoch [21/100], Loss: 14.3463
val_Accuracy: [92m0.7860[0m
val_Precision: [4;34m0.7870[0m,               val_Recall: [4;33m0.7735[0m,                 val_F1 Score: [4;35m0.7754[0m
æ ‡ç­¾é‡Œ1çš„ä¸ªæ•°:  430
æ ‡ç­¾é‡Œ0çš„ä¸ªæ•°:  430
æ€»æ•°:  860
æ­£ç¡®çš„ä¸ªæ•°:  676
Epoch [21/100], V_AUC: [4m0.7825[0m
Epoch [22/100], Loss: 53.5889
train_Accuracy: [91m0.8295[0m
train_Precision: [4;34m0.8174[0m,               train_Recall: [4;33m0.8575[0m,                 train_F1 Score: [4;35m0.8318[0m
æ ‡ç­¾é‡Œ1çš„ä¸ªæ•°:  2150
æ ‡ç­¾é‡Œ0çš„ä¸ªæ•°:  2150
æ€»æ•°:  4300
æ­£ç¡®çš„ä¸ªæ•°:  3567
æœ€åä¸€ä¸ªæ‰¹æ¬¡çš„è¾“å‡º, ä¸æ»¡batchsizeæ˜¯æ­£å¸¸çš„:
 tensor([[0.9169],
        [0.8590],
        [0.9873],
        [0.0565],
        [0.8659],
        [0.0675],
        [0.3820],
        [0.3274],
        [0.7011],
        [0.8899],
        [0.0329],
        [0.0695]], device='cuda:0', grad_fn=<SigmoidBackward0>)
Epoch [22/100], T_AUC: [4m0.8350[0m
Epoch [22/100], Loss: 14.7020
val_Accuracy: [92m0.7837[0m
val_Precision: [4;34m0.7795[0m,               val_Recall: [4;33m0.7749[0m,                 val_F1 Score: [4;35m0.7734[0m
æ ‡ç­¾é‡Œ1çš„ä¸ªæ•°:  430
æ ‡ç­¾é‡Œ0çš„ä¸ªæ•°:  430
æ€»æ•°:  860
æ­£ç¡®çš„ä¸ªæ•°:  674
Epoch [22/100], V_AUC: [4m0.7797[0m
Epoch [23/100], Loss: 52.9483
train_Accuracy: [91m0.8272[0m
train_Precision: [4;34m0.8143[0m,               train_Recall: [4;33m0.8573[0m,                 train_F1 Score: [4;35m0.8299[0m
æ ‡ç­¾é‡Œ1çš„ä¸ªæ•°:  2150
æ ‡ç­¾é‡Œ0çš„ä¸ªæ•°:  2150
æ€»æ•°:  4300
æ­£ç¡®çš„ä¸ªæ•°:  3557
æœ€åä¸€ä¸ªæ‰¹æ¬¡çš„è¾“å‡º, ä¸æ»¡batchsizeæ˜¯æ­£å¸¸çš„:
 tensor([[0.9266],
        [0.8900],
        [0.9888],
        [0.0732],
        [0.8541],
        [0.0752],
        [0.3793],
        [0.2540],
        [0.7438],
        [0.8714],
        [0.0227],
        [0.0707]], device='cuda:0', grad_fn=<SigmoidBackward0>)
Epoch [23/100], T_AUC: [4m0.8325[0m
Epoch [23/100], Loss: 15.0895
val_Accuracy: [92m0.7837[0m
val_Precision: [4;34m0.7863[0m,               val_Recall: [4;33m0.7670[0m,                 val_F1 Score: [4;35m0.7726[0m
æ ‡ç­¾é‡Œ1çš„ä¸ªæ•°:  430
æ ‡ç­¾é‡Œ0çš„ä¸ªæ•°:  430
æ€»æ•°:  860
æ­£ç¡®çš„ä¸ªæ•°:  674
Epoch [23/100], V_AUC: [4m0.7798[0m
Epoch [24/100], Loss: 52.5529
train_Accuracy: [91m0.8326[0m
train_Precision: [4;34m0.8196[0m,               train_Recall: [4;33m0.8610[0m,                 train_F1 Score: [4;35m0.8347[0m
æ ‡ç­¾é‡Œ1çš„ä¸ªæ•°:  2150
æ ‡ç­¾é‡Œ0çš„ä¸ªæ•°:  2150
æ€»æ•°:  4300
æ­£ç¡®çš„ä¸ªæ•°:  3580
æœ€åä¸€ä¸ªæ‰¹æ¬¡çš„è¾“å‡º, ä¸æ»¡batchsizeæ˜¯æ­£å¸¸çš„:
 tensor([[0.9399],
        [0.8813],
        [0.9899],
        [0.0595],
        [0.8935],
        [0.0575],
        [0.2896],
        [0.3021],
        [0.7413],
        [0.8945],
        [0.0173],
        [0.0869]], device='cuda:0', grad_fn=<SigmoidBackward0>)
Epoch [24/100], T_AUC: [4m0.8379[0m
Epoch [24/100], Loss: 15.2216
val_Accuracy: [92m0.7884[0m
val_Precision: [4;34m0.7904[0m,               val_Recall: [4;33m0.7733[0m,                 val_F1 Score: [4;35m0.7776[0m
æ ‡ç­¾é‡Œ1çš„ä¸ªæ•°:  430
æ ‡ç­¾é‡Œ0çš„ä¸ªæ•°:  430
æ€»æ•°:  860
æ­£ç¡®çš„ä¸ªæ•°:  678
Epoch [24/100], V_AUC: [4m0.7846[0m
Epoch [25/100], Loss: 51.8228
train_Accuracy: [91m0.8330[0m
train_Precision: [4;34m0.8205[0m,               train_Recall: [4;33m0.8618[0m,                 train_F1 Score: [4;35m0.8354[0m
æ ‡ç­¾é‡Œ1çš„ä¸ªæ•°:  2150
æ ‡ç­¾é‡Œ0çš„ä¸ªæ•°:  2150
æ€»æ•°:  4300
æ­£ç¡®çš„ä¸ªæ•°:  3582
æœ€åä¸€ä¸ªæ‰¹æ¬¡çš„è¾“å‡º, ä¸æ»¡batchsizeæ˜¯æ­£å¸¸çš„:
 tensor([[0.9170],
        [0.8652],
        [0.9960],
        [0.0463],
        [0.8885],
        [0.0677],
        [0.3153],
        [0.2868],
        [0.7465],
        [0.8601],
        [0.0196],
        [0.0916]], device='cuda:0', grad_fn=<SigmoidBackward0>)
Epoch [25/100], T_AUC: [4m0.8386[0m
Epoch [25/100], Loss: 15.3520
val_Accuracy: [92m0.7826[0m
val_Precision: [4;34m0.7806[0m,               val_Recall: [4;33m0.7711[0m,                 val_F1 Score: [4;35m0.7729[0m
æ ‡ç­¾é‡Œ1çš„ä¸ªæ•°:  430
æ ‡ç­¾é‡Œ0çš„ä¸ªæ•°:  430
æ€»æ•°:  860
æ­£ç¡®çš„ä¸ªæ•°:  673
Epoch [25/100], V_AUC: [4m0.7790[0m
Epoch [26/100], Loss: 51.4861
train_Accuracy: [91m0.8347[0m
train_Precision: [4;34m0.8232[0m,               train_Recall: [4;33m0.8618[0m,                 train_F1 Score: [4;35m0.8367[0m
æ ‡ç­¾é‡Œ1çš„ä¸ªæ•°:  2150
æ ‡ç­¾é‡Œ0çš„ä¸ªæ•°:  2150
æ€»æ•°:  4300
æ­£ç¡®çš„ä¸ªæ•°:  3589
æœ€åä¸€ä¸ªæ‰¹æ¬¡çš„è¾“å‡º, ä¸æ»¡batchsizeæ˜¯æ­£å¸¸çš„:
 tensor([[0.9298],
        [0.9160],
        [0.9957],
        [0.0713],
        [0.8727],
        [0.0903],
        [0.3120],
        [0.2104],
        [0.7957],
        [0.8625],
        [0.0121],
        [0.0480]], device='cuda:0', grad_fn=<SigmoidBackward0>)
Epoch [26/100], T_AUC: [4m0.8408[0m
Epoch [26/100], Loss: 15.7337
val_Accuracy: [92m0.7849[0m
val_Precision: [4;34m0.7836[0m,               val_Recall: [4;33m0.7707[0m,                 val_F1 Score: [4;35m0.7740[0m
æ ‡ç­¾é‡Œ1çš„ä¸ªæ•°:  430
æ ‡ç­¾é‡Œ0çš„ä¸ªæ•°:  430
æ€»æ•°:  860
æ­£ç¡®çš„ä¸ªæ•°:  675
Epoch [26/100], V_AUC: [4m0.7810[0m
Epoch [27/100], Loss: 51.1438
train_Accuracy: [91m0.8347[0m
train_Precision: [4;34m0.8215[0m,               train_Recall: [4;33m0.8641[0m,                 train_F1 Score: [4;35m0.8368[0m
æ ‡ç­¾é‡Œ1çš„ä¸ªæ•°:  2150
æ ‡ç­¾é‡Œ0çš„ä¸ªæ•°:  2150
æ€»æ•°:  4300
æ­£ç¡®çš„ä¸ªæ•°:  3589
æœ€åä¸€ä¸ªæ‰¹æ¬¡çš„è¾“å‡º, ä¸æ»¡batchsizeæ˜¯æ­£å¸¸çš„:
 tensor([[0.8560],
        [0.9273],
        [0.9964],
        [0.0904],
        [0.9090],
        [0.1116],
        [0.2794],
        [0.2126],
        [0.7281],
        [0.8483],
        [0.0145],
        [0.0456]], device='cuda:0', grad_fn=<SigmoidBackward0>)
Epoch [27/100], T_AUC: [4m0.8408[0m
Epoch [27/100], Loss: 15.6602
val_Accuracy: [92m0.7744[0m
val_Precision: [4;34m0.7756[0m,               val_Recall: [4;33m0.7565[0m,                 val_F1 Score: [4;35m0.7625[0m
æ ‡ç­¾é‡Œ1çš„ä¸ªæ•°:  430
æ ‡ç­¾é‡Œ0çš„ä¸ªæ•°:  430
æ€»æ•°:  860
æ­£ç¡®çš„ä¸ªæ•°:  666
Epoch [27/100], V_AUC: [4m0.7700[0m
Epoch [28/100], Loss: 51.2418
train_Accuracy: [91m0.8381[0m
train_Precision: [4;34m0.8270[0m,               train_Recall: [4;33m0.8637[0m,                 train_F1 Score: [4;35m0.8397[0m
æ ‡ç­¾é‡Œ1çš„ä¸ªæ•°:  2150
æ ‡ç­¾é‡Œ0çš„ä¸ªæ•°:  2150
æ€»æ•°:  4300
æ­£ç¡®çš„ä¸ªæ•°:  3604
æœ€åä¸€ä¸ªæ‰¹æ¬¡çš„è¾“å‡º, ä¸æ»¡batchsizeæ˜¯æ­£å¸¸çš„:
 tensor([[0.8660],
        [0.9314],
        [0.9949],
        [0.1275],
        [0.8524],
        [0.1036],
        [0.3159],
        [0.2277],
        [0.7939],
        [0.7957],
        [0.0233],
        [0.0347]], device='cuda:0', grad_fn=<SigmoidBackward0>)
Epoch [28/100], T_AUC: [4m0.8436[0m
Epoch [28/100], Loss: 15.2803
val_Accuracy: [92m0.7686[0m
val_Precision: [4;34m0.7617[0m,               val_Recall: [4;33m0.7665[0m,                 val_F1 Score: [4;35m0.7599[0m
æ ‡ç­¾é‡Œ1çš„ä¸ªæ•°:  430
æ ‡ç­¾é‡Œ0çš„ä¸ªæ•°:  430
æ€»æ•°:  860
æ­£ç¡®çš„ä¸ªæ•°:  661
Epoch [28/100], V_AUC: [4m0.7646[0m
Epoch [29/100], Loss: 51.0007
train_Accuracy: [91m0.8384[0m
train_Precision: [4;34m0.8242[0m,               train_Recall: [4;33m0.8706[0m,                 train_F1 Score: [4;35m0.8410[0m
æ ‡ç­¾é‡Œ1çš„ä¸ªæ•°:  2150
æ ‡ç­¾é‡Œ0çš„ä¸ªæ•°:  2150
æ€»æ•°:  4300
æ­£ç¡®çš„ä¸ªæ•°:  3605
æœ€åä¸€ä¸ªæ‰¹æ¬¡çš„è¾“å‡º, ä¸æ»¡batchsizeæ˜¯æ­£å¸¸çš„:
 tensor([[0.9060],
        [0.8594],
        [0.9917],
        [0.1240],
        [0.8817],
        [0.1052],
        [0.2749],
        [0.1500],
        [0.8718],
        [0.7800],
        [0.0573],
        [0.0256]], device='cuda:0', grad_fn=<SigmoidBackward0>)
Epoch [29/100], T_AUC: [4m0.8443[0m
Epoch [29/100], Loss: 15.3125
val_Accuracy: [92m0.7744[0m
val_Precision: [4;34m0.7677[0m,               val_Recall: [4;33m0.7769[0m,                 val_F1 Score: [4;35m0.7681[0m
æ ‡ç­¾é‡Œ1çš„ä¸ªæ•°:  430
æ ‡ç­¾é‡Œ0çš„ä¸ªæ•°:  430
æ€»æ•°:  860
æ­£ç¡®çš„ä¸ªæ•°:  666
Epoch [29/100], V_AUC: [4m0.7709[0m
Epoch [30/100], Loss: 50.7471
train_Accuracy: [91m0.8365[0m
train_Precision: [4;34m0.8229[0m,               train_Recall: [4;33m0.8677[0m,                 train_F1 Score: [4;35m0.8389[0m
æ ‡ç­¾é‡Œ1çš„ä¸ªæ•°:  2150
æ ‡ç­¾é‡Œ0çš„ä¸ªæ•°:  2150
æ€»æ•°:  4300
æ­£ç¡®çš„ä¸ªæ•°:  3597
æœ€åä¸€ä¸ªæ‰¹æ¬¡çš„è¾“å‡º, ä¸æ»¡batchsizeæ˜¯æ­£å¸¸çš„:
 tensor([[0.9221],
        [0.9407],
        [0.9943],
        [0.1389],
        [0.7782],
        [0.0637],
        [0.1924],
        [0.3072],
        [0.8290],
        [0.9114],
        [0.0138],
        [0.0322]], device='cuda:0', grad_fn=<SigmoidBackward0>)
Epoch [30/100], T_AUC: [4m0.8421[0m
Epoch [30/100], Loss: 15.5324
val_Accuracy: [92m0.7791[0m
val_Precision: [4;34m0.7728[0m,               val_Recall: [4;33m0.7844[0m,                 val_F1 Score: [4;35m0.7736[0m
æ ‡ç­¾é‡Œ1çš„ä¸ªæ•°:  430
æ ‡ç­¾é‡Œ0çš„ä¸ªæ•°:  430
æ€»æ•°:  860
æ­£ç¡®çš„ä¸ªæ•°:  670
Epoch [30/100], V_AUC: [4m0.7759[0m
Epoch [31/100], Loss: 50.0566
train_Accuracy: [91m0.8388[0m
train_Precision: [4;34m0.8238[0m,               train_Recall: [4;33m0.8707[0m,                 train_F1 Score: [4;35m0.8414[0m
æ ‡ç­¾é‡Œ1çš„ä¸ªæ•°:  2150
æ ‡ç­¾é‡Œ0çš„ä¸ªæ•°:  2150
æ€»æ•°:  4300
æ­£ç¡®çš„ä¸ªæ•°:  3607
æœ€åä¸€ä¸ªæ‰¹æ¬¡çš„è¾“å‡º, ä¸æ»¡batchsizeæ˜¯æ­£å¸¸çš„:
 tensor([[0.9035],
        [0.9693],
        [0.9930],
        [0.1308],
        [0.9071],
        [0.0808],
        [0.1427],
        [0.0752],
        [0.8391],
        [0.8665],
        [0.0159],
        [0.0524]], device='cuda:0', grad_fn=<SigmoidBackward0>)
Epoch [31/100], T_AUC: [4m0.8440[0m
Epoch [31/100], Loss: 15.7362
val_Accuracy: [92m0.7779[0m
val_Precision: [4;34m0.7751[0m,               val_Recall: [4;33m0.7724[0m,                 val_F1 Score: [4;35m0.7697[0m
æ ‡ç­¾é‡Œ1çš„ä¸ªæ•°:  430
æ ‡ç­¾é‡Œ0çš„ä¸ªæ•°:  430
æ€»æ•°:  860
æ­£ç¡®çš„ä¸ªæ•°:  669
Epoch [31/100], V_AUC: [4m0.7753[0m
Epoch [32/100], Loss: 49.2139
train_Accuracy: [91m0.8447[0m
train_Precision: [4;34m0.8284[0m,               train_Recall: [4;33m0.8780[0m,                 train_F1 Score: [4;35m0.8470[0m
æ ‡ç­¾é‡Œ1çš„ä¸ªæ•°:  2150
æ ‡ç­¾é‡Œ0çš„ä¸ªæ•°:  2150
æ€»æ•°:  4300
æ­£ç¡®çš„ä¸ªæ•°:  3632
æœ€åä¸€ä¸ªæ‰¹æ¬¡çš„è¾“å‡º, ä¸æ»¡batchsizeæ˜¯æ­£å¸¸çš„:
 tensor([[0.8677],
        [0.9297],
        [0.9962],
        [0.0895],
        [0.8707],
        [0.1253],
        [0.1126],
        [0.1393],
        [0.7873],
        [0.8862],
        [0.0407],
        [0.0358]], device='cuda:0', grad_fn=<SigmoidBackward0>)
Epoch [32/100], T_AUC: [4m0.8501[0m
Epoch [32/100], Loss: 15.7003
val_Accuracy: [92m0.7698[0m
val_Precision: [4;34m0.7610[0m,               val_Recall: [4;33m0.7840[0m,                 val_F1 Score: [4;35m0.7675[0m
æ ‡ç­¾é‡Œ1çš„ä¸ªæ•°:  430
æ ‡ç­¾é‡Œ0çš„ä¸ªæ•°:  430
æ€»æ•°:  860
æ­£ç¡®çš„ä¸ªæ•°:  662
Epoch [32/100], V_AUC: [4m0.7685[0m
Epoch [33/100], Loss: 49.0616
train_Accuracy: [91m0.8419[0m
train_Precision: [4;34m0.8249[0m,               train_Recall: [4;33m0.8776[0m,                 train_F1 Score: [4;35m0.8450[0m
æ ‡ç­¾é‡Œ1çš„ä¸ªæ•°:  2150
æ ‡ç­¾é‡Œ0çš„ä¸ªæ•°:  2150
æ€»æ•°:  4300
æ­£ç¡®çš„ä¸ªæ•°:  3620
æœ€åä¸€ä¸ªæ‰¹æ¬¡çš„è¾“å‡º, ä¸æ»¡batchsizeæ˜¯æ­£å¸¸çš„:
 tensor([[0.8743],
        [0.8803],
        [0.9925],
        [0.1130],
        [0.8789],
        [0.1147],
        [0.0934],
        [0.0466],
        [0.9141],
        [0.9193],
        [0.0482],
        [0.0863]], device='cuda:0', grad_fn=<SigmoidBackward0>)
Epoch [33/100], T_AUC: [4m0.8476[0m
Epoch [33/100], Loss: 16.3298
val_Accuracy: [92m0.7744[0m
val_Precision: [4;34m0.7757[0m,               val_Recall: [4;33m0.7660[0m,                 val_F1 Score: [4;35m0.7656[0m
æ ‡ç­¾é‡Œ1çš„ä¸ªæ•°:  430
æ ‡ç­¾é‡Œ0çš„ä¸ªæ•°:  430
æ€»æ•°:  860
æ­£ç¡®çš„ä¸ªæ•°:  666
Epoch [33/100], V_AUC: [4m0.7724[0m
Epoch [34/100], Loss: 48.4576
train_Accuracy: [91m0.8463[0m
train_Precision: [4;34m0.8310[0m,               train_Recall: [4;33m0.8779[0m,                 train_F1 Score: [4;35m0.8483[0m
æ ‡ç­¾é‡Œ1çš„ä¸ªæ•°:  2150
æ ‡ç­¾é‡Œ0çš„ä¸ªæ•°:  2150
æ€»æ•°:  4300
æ­£ç¡®çš„ä¸ªæ•°:  3639
æœ€åä¸€ä¸ªæ‰¹æ¬¡çš„è¾“å‡º, ä¸æ»¡batchsizeæ˜¯æ­£å¸¸çš„:
 tensor([[0.9217],
        [0.9459],
        [0.9967],
        [0.1443],
        [0.8958],
        [0.0483],
        [0.1210],
        [0.1035],
        [0.8600],
        [0.9064],
        [0.0089],
        [0.0245]], device='cuda:0', grad_fn=<SigmoidBackward0>)
Epoch [34/100], T_AUC: [4m0.8521[0m
Epoch [34/100], Loss: 16.7430
val_Accuracy: [92m0.7791[0m
val_Precision: [4;34m0.7789[0m,               val_Recall: [4;33m0.7720[0m,                 val_F1 Score: [4;35m0.7707[0m
æ ‡ç­¾é‡Œ1çš„ä¸ªæ•°:  430
æ ‡ç­¾é‡Œ0çš„ä¸ªæ•°:  430
æ€»æ•°:  860
æ­£ç¡®çš„ä¸ªæ•°:  670
Epoch [34/100], V_AUC: [4m0.7756[0m
Epoch [35/100], Loss: 48.1577
train_Accuracy: [91m0.8465[0m
train_Precision: [4;34m0.8333[0m,               train_Recall: [4;33m0.8765[0m,                 train_F1 Score: [4;35m0.8485[0m
æ ‡ç­¾é‡Œ1çš„ä¸ªæ•°:  2150
æ ‡ç­¾é‡Œ0çš„ä¸ªæ•°:  2150
æ€»æ•°:  4300
æ­£ç¡®çš„ä¸ªæ•°:  3640
æœ€åä¸€ä¸ªæ‰¹æ¬¡çš„è¾“å‡º, ä¸æ»¡batchsizeæ˜¯æ­£å¸¸çš„:
 tensor([[0.9143],
        [0.8536],
        [0.9899],
        [0.0665],
        [0.8030],
        [0.1078],
        [0.1344],
        [0.0757],
        [0.8920],
        [0.9178],
        [0.0397],
        [0.0803]], device='cuda:0', grad_fn=<SigmoidBackward0>)
Epoch [35/100], T_AUC: [4m0.8525[0m
Epoch [35/100], Loss: 15.5259
val_Accuracy: [92m0.7628[0m
val_Precision: [4;34m0.7497[0m,               val_Recall: [4;33m0.7843[0m,                 val_F1 Score: [4;35m0.7616[0m
æ ‡ç­¾é‡Œ1çš„ä¸ªæ•°:  430
æ ‡ç­¾é‡Œ0çš„ä¸ªæ•°:  430
æ€»æ•°:  860
æ­£ç¡®çš„ä¸ªæ•°:  656
Epoch [35/100], V_AUC: [4m0.7600[0m
Epoch [36/100], Loss: 47.8395
train_Accuracy: [91m0.8442[0m
train_Precision: [4;34m0.8295[0m,               train_Recall: [4;33m0.8758[0m,                 train_F1 Score: [4;35m0.8467[0m
æ ‡ç­¾é‡Œ1çš„ä¸ªæ•°:  2150
æ ‡ç­¾é‡Œ0çš„ä¸ªæ•°:  2150
æ€»æ•°:  4300
æ­£ç¡®çš„ä¸ªæ•°:  3630
æœ€åä¸€ä¸ªæ‰¹æ¬¡çš„è¾“å‡º, ä¸æ»¡batchsizeæ˜¯æ­£å¸¸çš„:
 tensor([[0.9445],
        [0.9348],
        [0.9954],
        [0.0730],
        [0.9393],
        [0.1252],
        [0.0931],
        [0.0315],
        [0.7811],
        [0.9199],
        [0.0355],
        [0.0532]], device='cuda:0', grad_fn=<SigmoidBackward0>)
Epoch [36/100], T_AUC: [4m0.8493[0m
Epoch [36/100], Loss: 16.2894
val_Accuracy: [92m0.7651[0m
val_Precision: [4;34m0.7533[0m,               val_Recall: [4;33m0.7846[0m,                 val_F1 Score: [4;35m0.7636[0m
æ ‡ç­¾é‡Œ1çš„ä¸ªæ•°:  430
æ ‡ç­¾é‡Œ0çš„ä¸ªæ•°:  430
æ€»æ•°:  860
æ­£ç¡®çš„ä¸ªæ•°:  658
Epoch [36/100], V_AUC: [4m0.7635[0m
Epoch [37/100], Loss: 46.9968
train_Accuracy: [91m0.8474[0m
train_Precision: [4;34m0.8326[0m,               train_Recall: [4;33m0.8786[0m,                 train_F1 Score: [4;35m0.8499[0m
æ ‡ç­¾é‡Œ1çš„ä¸ªæ•°:  2150
æ ‡ç­¾é‡Œ0çš„ä¸ªæ•°:  2150
æ€»æ•°:  4300
æ­£ç¡®çš„ä¸ªæ•°:  3644
æœ€åä¸€ä¸ªæ‰¹æ¬¡çš„è¾“å‡º, ä¸æ»¡batchsizeæ˜¯æ­£å¸¸çš„:
 tensor([[0.9017],
        [0.9587],
        [0.9969],
        [0.0472],
        [0.9377],
        [0.0672],
        [0.0301],
        [0.1198],
        [0.8982],
        [0.9249],
        [0.0104],
        [0.1528]], device='cuda:0', grad_fn=<SigmoidBackward0>)
Epoch [37/100], T_AUC: [4m0.8531[0m
Epoch [37/100], Loss: 17.1564
val_Accuracy: [92m0.7709[0m
val_Precision: [4;34m0.7636[0m,               val_Recall: [4;33m0.7802[0m,                 val_F1 Score: [4;35m0.7662[0m
æ ‡ç­¾é‡Œ1çš„ä¸ªæ•°:  430
æ ‡ç­¾é‡Œ0çš„ä¸ªæ•°:  430
æ€»æ•°:  860
æ­£ç¡®çš„ä¸ªæ•°:  663
Epoch [37/100], V_AUC: [4m0.7688[0m
Epoch [38/100], Loss: 46.1417
train_Accuracy: [91m0.8516[0m
train_Precision: [4;34m0.8365[0m,               train_Recall: [4;33m0.8829[0m,                 train_F1 Score: [4;35m0.8540[0m
æ ‡ç­¾é‡Œ1çš„ä¸ªæ•°:  2150
æ ‡ç­¾é‡Œ0çš„ä¸ªæ•°:  2150
æ€»æ•°:  4300
æ­£ç¡®çš„ä¸ªæ•°:  3662
æœ€åä¸€ä¸ªæ‰¹æ¬¡çš„è¾“å‡º, ä¸æ»¡batchsizeæ˜¯æ­£å¸¸çš„:
 tensor([[0.9260],
        [0.9203],
        [0.9980],
        [0.0671],
        [0.9641],
        [0.0808],
        [0.0467],
        [0.0917],
        [0.9058],
        [0.9514],
        [0.0038],
        [0.0896]], device='cuda:0', grad_fn=<SigmoidBackward0>)
Epoch [38/100], T_AUC: [4m0.8570[0m
Epoch [38/100], Loss: 17.7145
val_Accuracy: [92m0.7663[0m
val_Precision: [4;34m0.7685[0m,               val_Recall: [4;33m0.7619[0m,                 val_F1 Score: [4;35m0.7587[0m
æ ‡ç­¾é‡Œ1çš„ä¸ªæ•°:  430
æ ‡ç­¾é‡Œ0çš„ä¸ªæ•°:  430
æ€»æ•°:  860
æ­£ç¡®çš„ä¸ªæ•°:  659
Epoch [38/100], V_AUC: [4m0.7655[0m
Epoch [39/100], Loss: 46.2794
train_Accuracy: [91m0.8484[0m
train_Precision: [4;34m0.8307[0m,               train_Recall: [4;33m0.8842[0m,                 train_F1 Score: [4;35m0.8514[0m
æ ‡ç­¾é‡Œ1çš„ä¸ªæ•°:  2150
æ ‡ç­¾é‡Œ0çš„ä¸ªæ•°:  2150
æ€»æ•°:  4300
æ­£ç¡®çš„ä¸ªæ•°:  3648
æœ€åä¸€ä¸ªæ‰¹æ¬¡çš„è¾“å‡º, ä¸æ»¡batchsizeæ˜¯æ­£å¸¸çš„:
 tensor([[0.9037],
        [0.9506],
        [0.9988],
        [0.0502],
        [0.9332],
        [0.0668],
        [0.0758],
        [0.0690],
        [0.9121],
        [0.8988],
        [0.0158],
        [0.0776]], device='cuda:0', grad_fn=<SigmoidBackward0>)
Epoch [39/100], T_AUC: [4m0.8537[0m
Epoch [39/100], Loss: 17.4319
val_Accuracy: [92m0.7593[0m
val_Precision: [4;34m0.7509[0m,               val_Recall: [4;33m0.7732[0m,                 val_F1 Score: [4;35m0.7557[0m
æ ‡ç­¾é‡Œ1çš„ä¸ªæ•°:  430
æ ‡ç­¾é‡Œ0çš„ä¸ªæ•°:  430
æ€»æ•°:  860
æ­£ç¡®çš„ä¸ªæ•°:  653
Epoch [39/100], V_AUC: [4m0.7584[0m
Epoch [40/100], Loss: 45.7166
train_Accuracy: [91m0.8502[0m
train_Precision: [4;34m0.8342[0m,               train_Recall: [4;33m0.8832[0m,                 train_F1 Score: [4;35m0.8527[0m
æ ‡ç­¾é‡Œ1çš„ä¸ªæ•°:  2150
æ ‡ç­¾é‡Œ0çš„ä¸ªæ•°:  2150
æ€»æ•°:  4300
æ­£ç¡®çš„ä¸ªæ•°:  3656
æœ€åä¸€ä¸ªæ‰¹æ¬¡çš„è¾“å‡º, ä¸æ»¡batchsizeæ˜¯æ­£å¸¸çš„:
 tensor([[0.9719],
        [0.8195],
        [0.9994],
        [0.0484],
        [0.9736],
        [0.0833],
        [0.1474],
        [0.0370],
        [0.9094],
        [0.8364],
        [0.0028],
        [0.1321]], device='cuda:0', grad_fn=<SigmoidBackward0>)
Epoch [40/100], T_AUC: [4m0.8559[0m
Epoch [40/100], Loss: 17.2803
val_Accuracy: [92m0.7547[0m
val_Precision: [4;34m0.7492[0m,               val_Recall: [4;33m0.7683[0m,                 val_F1 Score: [4;35m0.7518[0m
æ ‡ç­¾é‡Œ1çš„ä¸ªæ•°:  430
æ ‡ç­¾é‡Œ0çš„ä¸ªæ•°:  430
æ€»æ•°:  860
æ­£ç¡®çš„ä¸ªæ•°:  649
Epoch [40/100], V_AUC: [4m0.7539[0m
Epoch [41/100], Loss: 45.0470
train_Accuracy: [91m0.8523[0m
train_Precision: [4;34m0.8362[0m,               train_Recall: [4;33m0.8861[0m,                 train_F1 Score: [4;35m0.8549[0m
æ ‡ç­¾é‡Œ1çš„ä¸ªæ•°:  2150
æ ‡ç­¾é‡Œ0çš„ä¸ªæ•°:  2150
æ€»æ•°:  4300
æ­£ç¡®çš„ä¸ªæ•°:  3665
æœ€åä¸€ä¸ªæ‰¹æ¬¡çš„è¾“å‡º, ä¸æ»¡batchsizeæ˜¯æ­£å¸¸çš„:
 tensor([[0.9306],
        [0.9672],
        [0.9971],
        [0.0476],
        [0.9465],
        [0.0980],
        [0.0328],
        [0.0395],
        [0.7930],
        [0.9443],
        [0.0254],
        [0.1602]], device='cuda:0', grad_fn=<SigmoidBackward0>)
Epoch [41/100], T_AUC: [4m0.8580[0m
Epoch [41/100], Loss: 18.7277
val_Accuracy: [92m0.7721[0m
val_Precision: [4;34m0.7732[0m,               val_Recall: [4;33m0.7689[0m,                 val_F1 Score: [4;35m0.7651[0m
æ ‡ç­¾é‡Œ1çš„ä¸ªæ•°:  430
æ ‡ç­¾é‡Œ0çš„ä¸ªæ•°:  430
æ€»æ•°:  860
æ­£ç¡®çš„ä¸ªæ•°:  664
Epoch [41/100], V_AUC: [4m0.7705[0m
Epoch [42/100], Loss: 44.6017
train_Accuracy: [91m0.8565[0m
train_Precision: [4;34m0.8410[0m,               train_Recall: [4;33m0.8853[0m,                 train_F1 Score: [4;35m0.8580[0m
æ ‡ç­¾é‡Œ1çš„ä¸ªæ•°:  2150
æ ‡ç­¾é‡Œ0çš„ä¸ªæ•°:  2150
æ€»æ•°:  4300
æ­£ç¡®çš„ä¸ªæ•°:  3683
æœ€åä¸€ä¸ªæ‰¹æ¬¡çš„è¾“å‡º, ä¸æ»¡batchsizeæ˜¯æ­£å¸¸çš„:
 tensor([[0.9201],
        [0.9503],
        [0.9980],
        [0.0738],
        [0.9250],
        [0.0783],
        [0.0163],
        [0.0794],
        [0.9528],
        [0.8691],
        [0.0214],
        [0.1077]], device='cuda:0', grad_fn=<SigmoidBackward0>)
Epoch [42/100], T_AUC: [4m0.8615[0m
Epoch [42/100], Loss: 17.8685
val_Accuracy: [92m0.7453[0m
val_Precision: [4;34m0.7306[0m,               val_Recall: [4;33m0.7794[0m,                 val_F1 Score: [4;35m0.7464[0m
æ ‡ç­¾é‡Œ1çš„ä¸ªæ•°:  430
æ ‡ç­¾é‡Œ0çš„ä¸ªæ•°:  430
æ€»æ•°:  860
æ­£ç¡®çš„ä¸ªæ•°:  641
Epoch [42/100], V_AUC: [4m0.7438[0m
Epoch [43/100], Loss: 45.0392
train_Accuracy: [91m0.8556[0m
train_Precision: [4;34m0.8430[0m,               train_Recall: [4;33m0.8826[0m,                 train_F1 Score: [4;35m0.8570[0m
æ ‡ç­¾é‡Œ1çš„ä¸ªæ•°:  2150
æ ‡ç­¾é‡Œ0çš„ä¸ªæ•°:  2150
æ€»æ•°:  4300
æ­£ç¡®çš„ä¸ªæ•°:  3679
æœ€åä¸€ä¸ªæ‰¹æ¬¡çš„è¾“å‡º, ä¸æ»¡batchsizeæ˜¯æ­£å¸¸çš„:
 tensor([[0.9044],
        [0.9154],
        [0.9984],
        [0.0463],
        [0.9336],
        [0.0788],
        [0.0727],
        [0.1304],
        [0.8503],
        [0.9440],
        [0.0147],
        [0.0452]], device='cuda:0', grad_fn=<SigmoidBackward0>)
Epoch [43/100], T_AUC: [4m0.8615[0m
Epoch [43/100], Loss: 17.4422
val_Accuracy: [92m0.7674[0m
val_Precision: [4;34m0.7606[0m,               val_Recall: [4;33m0.7695[0m,                 val_F1 Score: [4;35m0.7599[0m
æ ‡ç­¾é‡Œ1çš„ä¸ªæ•°:  430
æ ‡ç­¾é‡Œ0çš„ä¸ªæ•°:  430
æ€»æ•°:  860
æ­£ç¡®çš„ä¸ªæ•°:  660
Epoch [43/100], V_AUC: [4m0.7642[0m
Epoch [44/100], Loss: 44.0643
train_Accuracy: [91m0.8558[0m
train_Precision: [4;34m0.8430[0m,               train_Recall: [4;33m0.8815[0m,                 train_F1 Score: [4;35m0.8576[0m
æ ‡ç­¾é‡Œ1çš„ä¸ªæ•°:  2150
æ ‡ç­¾é‡Œ0çš„ä¸ªæ•°:  2150
æ€»æ•°:  4300
æ­£ç¡®çš„ä¸ªæ•°:  3680
æœ€åä¸€ä¸ªæ‰¹æ¬¡çš„è¾“å‡º, ä¸æ»¡batchsizeæ˜¯æ­£å¸¸çš„:
 tensor([[0.9472],
        [0.9615],
        [0.9907],
        [0.0415],
        [0.9865],
        [0.0394],
        [0.0756],
        [0.0954],
        [0.9674],
        [0.9597],
        [0.0013],
        [0.0479]], device='cuda:0', grad_fn=<SigmoidBackward0>)
Epoch [44/100], T_AUC: [4m0.8605[0m
Epoch [44/100], Loss: 19.1329
val_Accuracy: [92m0.7535[0m
val_Precision: [4;34m0.7393[0m,               val_Recall: [4;33m0.7790[0m,                 val_F1 Score: [4;35m0.7536[0m
æ ‡ç­¾é‡Œ1çš„ä¸ªæ•°:  430
æ ‡ç­¾é‡Œ0çš„ä¸ªæ•°:  430
æ€»æ•°:  860
æ­£ç¡®çš„ä¸ªæ•°:  648
Epoch [44/100], V_AUC: [4m0.7504[0m
Epoch [45/100], Loss: 41.8478
train_Accuracy: [91m0.8626[0m
train_Precision: [4;34m0.8464[0m,               train_Recall: [4;33m0.8933[0m,                 train_F1 Score: [4;35m0.8644[0m
æ ‡ç­¾é‡Œ1çš„ä¸ªæ•°:  2150
æ ‡ç­¾é‡Œ0çš„ä¸ªæ•°:  2150
æ€»æ•°:  4300
æ­£ç¡®çš„ä¸ªæ•°:  3709
æœ€åä¸€ä¸ªæ‰¹æ¬¡çš„è¾“å‡º, ä¸æ»¡batchsizeæ˜¯æ­£å¸¸çš„:
 tensor([[0.9398],
        [0.9447],
        [0.9985],
        [0.0671],
        [0.9860],
        [0.0307],
        [0.1146],
        [0.0245],
        [0.9442],
        [0.9183],
        [0.0031],
        [0.0260]], device='cuda:0', grad_fn=<SigmoidBackward0>)
Epoch [45/100], T_AUC: [4m0.8678[0m
Epoch [45/100], Loss: 19.7914
val_Accuracy: [92m0.7512[0m
val_Precision: [4;34m0.7409[0m,               val_Recall: [4;33m0.7733[0m,                 val_F1 Score: [4;35m0.7506[0m
æ ‡ç­¾é‡Œ1çš„ä¸ªæ•°:  430
æ ‡ç­¾é‡Œ0çš„ä¸ªæ•°:  430
æ€»æ•°:  860
æ­£ç¡®çš„ä¸ªæ•°:  646
Epoch [45/100], V_AUC: [4m0.7503[0m
Epoch [46/100], Loss: 41.1139
train_Accuracy: [91m0.8630[0m
train_Precision: [4;34m0.8404[0m,               train_Recall: [4;33m0.8996[0m,                 train_F1 Score: [4;35m0.8649[0m
æ ‡ç­¾é‡Œ1çš„ä¸ªæ•°:  2150
æ ‡ç­¾é‡Œ0çš„ä¸ªæ•°:  2150
æ€»æ•°:  4300
æ­£ç¡®çš„ä¸ªæ•°:  3711
æœ€åä¸€ä¸ªæ‰¹æ¬¡çš„è¾“å‡º, ä¸æ»¡batchsizeæ˜¯æ­£å¸¸çš„:
 tensor([[0.9070],
        [0.9595],
        [0.9981],
        [0.0474],
        [0.9719],
        [0.0197],
        [0.0639],
        [0.0902],
        [0.9825],
        [0.9609],
        [0.0014],
        [0.0112]], device='cuda:0', grad_fn=<SigmoidBackward0>)
Epoch [46/100], T_AUC: [4m0.8673[0m
Epoch [46/100], Loss: 19.2846
val_Accuracy: [92m0.7570[0m
val_Precision: [4;34m0.7439[0m,               val_Recall: [4;33m0.7835[0m,                 val_F1 Score: [4;35m0.7567[0m
æ ‡ç­¾é‡Œ1çš„ä¸ªæ•°:  430
æ ‡ç­¾é‡Œ0çš„ä¸ªæ•°:  430
æ€»æ•°:  860
æ­£ç¡®çš„ä¸ªæ•°:  651
Epoch [46/100], V_AUC: [4m0.7569[0m
Epoch [47/100], Loss: 41.8835
train_Accuracy: [91m0.8670[0m
train_Precision: [4;34m0.8491[0m,               train_Recall: [4;33m0.8975[0m,                 train_F1 Score: [4;35m0.8686[0m
æ ‡ç­¾é‡Œ1çš„ä¸ªæ•°:  2150
æ ‡ç­¾é‡Œ0çš„ä¸ªæ•°:  2150
æ€»æ•°:  4300
æ­£ç¡®çš„ä¸ªæ•°:  3728
æœ€åä¸€ä¸ªæ‰¹æ¬¡çš„è¾“å‡º, ä¸æ»¡batchsizeæ˜¯æ­£å¸¸çš„:
 tensor([[9.5558e-01],
        [9.4995e-01],
        [9.9924e-01],
        [7.8420e-02],
        [9.7736e-01],
        [1.8350e-02],
        [1.9765e-01],
        [1.6257e-01],
        [9.7952e-01],
        [9.4711e-01],
        [1.5155e-04],
        [8.5547e-03]], device='cuda:0', grad_fn=<SigmoidBackward0>)
Epoch [47/100], T_AUC: [4m0.8710[0m
Epoch [47/100], Loss: 20.9273
val_Accuracy: [92m0.7535[0m
val_Precision: [4;34m0.7480[0m,               val_Recall: [4;33m0.7597[0m,                 val_F1 Score: [4;35m0.7485[0m
æ ‡ç­¾é‡Œ1çš„ä¸ªæ•°:  430
æ ‡ç­¾é‡Œ0çš„ä¸ªæ•°:  430
æ€»æ•°:  860
æ­£ç¡®çš„ä¸ªæ•°:  648
Epoch [47/100], V_AUC: [4m0.7505[0m
Epoch [48/100], Loss: 40.1143
train_Accuracy: [91m0.8665[0m
train_Precision: [4;34m0.8525[0m,               train_Recall: [4;33m0.8945[0m,                 train_F1 Score: [4;35m0.8680[0m
æ ‡ç­¾é‡Œ1çš„ä¸ªæ•°:  2150
æ ‡ç­¾é‡Œ0çš„ä¸ªæ•°:  2150
æ€»æ•°:  4300
æ­£ç¡®çš„ä¸ªæ•°:  3726
æœ€åä¸€ä¸ªæ‰¹æ¬¡çš„è¾“å‡º, ä¸æ»¡batchsizeæ˜¯æ­£å¸¸çš„:
 tensor([[0.9489],
        [0.9582],
        [0.9979],
        [0.0430],
        [0.9947],
        [0.0455],
        [0.0956],
        [0.1097],
        [0.8602],
        [0.9364],
        [0.0026],
        [0.0037]], device='cuda:0', grad_fn=<SigmoidBackward0>)
Epoch [48/100], T_AUC: [4m0.8710[0m
Epoch [48/100], Loss: 20.8151
val_Accuracy: [92m0.7581[0m
val_Precision: [4;34m0.7495[0m,               val_Recall: [4;33m0.7729[0m,                 val_F1 Score: [4;35m0.7555[0m
æ ‡ç­¾é‡Œ1çš„ä¸ªæ•°:  430
æ ‡ç­¾é‡Œ0çš„ä¸ªæ•°:  430
æ€»æ•°:  860
æ­£ç¡®çš„ä¸ªæ•°:  652
Epoch [48/100], V_AUC: [4m0.7553[0m
Epoch [49/100], Loss: 40.5738
train_Accuracy: [91m0.8667[0m
train_Precision: [4;34m0.8491[0m,               train_Recall: [4;33m0.8983[0m,                 train_F1 Score: [4;35m0.8687[0m
æ ‡ç­¾é‡Œ1çš„ä¸ªæ•°:  2150
æ ‡ç­¾é‡Œ0çš„ä¸ªæ•°:  2150
æ€»æ•°:  4300
æ­£ç¡®çš„ä¸ªæ•°:  3727
æœ€åä¸€ä¸ªæ‰¹æ¬¡çš„è¾“å‡º, ä¸æ»¡batchsizeæ˜¯æ­£å¸¸çš„:
 tensor([[0.9691],
        [0.9703],
        [0.9783],
        [0.0481],
        [0.9796],
        [0.0760],
        [0.1656],
        [0.0615],
        [0.8876],
        [0.9789],
        [0.0011],
        [0.0131]], device='cuda:0', grad_fn=<SigmoidBackward0>)
Epoch [49/100], T_AUC: [4m0.8704[0m
Epoch [49/100], Loss: 21.0562
val_Accuracy: [92m0.7523[0m
val_Precision: [4;34m0.7353[0m,               val_Recall: [4;33m0.7842[0m,                 val_F1 Score: [4;35m0.7539[0m
æ ‡ç­¾é‡Œ1çš„ä¸ªæ•°:  430
æ ‡ç­¾é‡Œ0çš„ä¸ªæ•°:  430
æ€»æ•°:  860
æ­£ç¡®çš„ä¸ªæ•°:  647
Epoch [49/100], V_AUC: [4m0.7510[0m
Epoch [50/100], Loss: 40.1729
train_Accuracy: [91m0.8679[0m
train_Precision: [4;34m0.8481[0m,               train_Recall: [4;33m0.9010[0m,                 train_F1 Score: [4;35m0.8695[0m
æ ‡ç­¾é‡Œ1çš„ä¸ªæ•°:  2150
æ ‡ç­¾é‡Œ0çš„ä¸ªæ•°:  2150
æ€»æ•°:  4300
æ­£ç¡®çš„ä¸ªæ•°:  3732
æœ€åä¸€ä¸ªæ‰¹æ¬¡çš„è¾“å‡º, ä¸æ»¡batchsizeæ˜¯æ­£å¸¸çš„:
 tensor([[9.8150e-01],
        [9.8793e-01],
        [9.8870e-01],
        [4.2407e-02],
        [9.9372e-01],
        [1.4548e-02],
        [6.3002e-02],
        [2.6822e-02],
        [9.3688e-01],
        [9.6069e-01],
        [4.8709e-04],
        [3.6630e-02]], device='cuda:0', grad_fn=<SigmoidBackward0>)
Epoch [50/100], T_AUC: [4m0.8717[0m
Epoch [50/100], Loss: 22.8694
val_Accuracy: [92m0.7651[0m
val_Precision: [4;34m0.7591[0m,               val_Recall: [4;33m0.7760[0m,                 val_F1 Score: [4;35m0.7622[0m
æ ‡ç­¾é‡Œ1çš„ä¸ªæ•°:  430
æ ‡ç­¾é‡Œ0çš„ä¸ªæ•°:  430
æ€»æ•°:  860
æ­£ç¡®çš„ä¸ªæ•°:  658
Epoch [50/100], V_AUC: [4m0.7625[0m
Epoch [51/100], Loss: 40.1059
train_Accuracy: [91m0.8691[0m
train_Precision: [4;34m0.8534[0m,               train_Recall: [4;33m0.8979[0m,                 train_F1 Score: [4;35m0.8707[0m
æ ‡ç­¾é‡Œ1çš„ä¸ªæ•°:  2150
æ ‡ç­¾é‡Œ0çš„ä¸ªæ•°:  2150
æ€»æ•°:  4300
æ­£ç¡®çš„ä¸ªæ•°:  3737
æœ€åä¸€ä¸ªæ‰¹æ¬¡çš„è¾“å‡º, ä¸æ»¡batchsizeæ˜¯æ­£å¸¸çš„:
 tensor([[9.6994e-01],
        [9.7108e-01],
        [9.9058e-01],
        [3.2603e-02],
        [9.8475e-01],
        [7.7035e-02],
        [3.6486e-02],
        [5.4351e-02],
        [9.8541e-01],
        [9.9021e-01],
        [9.3477e-05],
        [2.6200e-02]], device='cuda:0', grad_fn=<SigmoidBackward0>)
Epoch [51/100], T_AUC: [4m0.8733[0m
Epoch [51/100], Loss: 21.1984
val_Accuracy: [92m0.7488[0m
val_Precision: [4;34m0.7329[0m,               val_Recall: [4;33m0.7804[0m,                 val_F1 Score: [4;35m0.7507[0m
æ ‡ç­¾é‡Œ1çš„ä¸ªæ•°:  430
æ ‡ç­¾é‡Œ0çš„ä¸ªæ•°:  430
æ€»æ•°:  860
æ­£ç¡®çš„ä¸ªæ•°:  644
Epoch [51/100], V_AUC: [4m0.7470[0m
Epoch [52/100], Loss: 38.7587
train_Accuracy: [91m0.8753[0m
train_Precision: [4;34m0.8609[0m,               train_Recall: [4;33m0.9030[0m,                 train_F1 Score: [4;35m0.8768[0m
æ ‡ç­¾é‡Œ1çš„ä¸ªæ•°:  2150
æ ‡ç­¾é‡Œ0çš„ä¸ªæ•°:  2150
æ€»æ•°:  4300
æ­£ç¡®çš„ä¸ªæ•°:  3764
æœ€åä¸€ä¸ªæ‰¹æ¬¡çš„è¾“å‡º, ä¸æ»¡batchsizeæ˜¯æ­£å¸¸çš„:
 tensor([[8.7532e-01],
        [9.9831e-01],
        [9.8133e-01],
        [4.7776e-02],
        [9.9263e-01],
        [7.1537e-02],
        [6.2337e-02],
        [5.2588e-02],
        [9.5366e-01],
        [9.7780e-01],
        [1.0862e-04],
        [1.2348e-02]], device='cuda:0', grad_fn=<SigmoidBackward0>)
Epoch [52/100], T_AUC: [4m0.8789[0m
Epoch [52/100], Loss: 21.2267
val_Accuracy: [92m0.7558[0m
val_Precision: [4;34m0.7442[0m,               val_Recall: [4;33m0.7734[0m,                 val_F1 Score: [4;35m0.7531[0m
æ ‡ç­¾é‡Œ1çš„ä¸ªæ•°:  430
æ ‡ç­¾é‡Œ0çš„ä¸ªæ•°:  430
æ€»æ•°:  860
æ­£ç¡®çš„ä¸ªæ•°:  650
Epoch [52/100], V_AUC: [4m0.7531[0m
Epoch [53/100], Loss: 37.7347
train_Accuracy: [91m0.8765[0m
train_Precision: [4;34m0.8597[0m,               train_Recall: [4;33m0.9091[0m,                 train_F1 Score: [4;35m0.8789[0m
æ ‡ç­¾é‡Œ1çš„ä¸ªæ•°:  2150
æ ‡ç­¾é‡Œ0çš„ä¸ªæ•°:  2150
æ€»æ•°:  4300
æ­£ç¡®çš„ä¸ªæ•°:  3769
æœ€åä¸€ä¸ªæ‰¹æ¬¡çš„è¾“å‡º, ä¸æ»¡batchsizeæ˜¯æ­£å¸¸çš„:
 tensor([[9.5691e-01],
        [9.7827e-01],
        [9.9116e-01],
        [9.4584e-02],
        [9.7649e-01],
        [3.7932e-02],
        [4.1636e-02],
        [5.8582e-02],
        [9.7547e-01],
        [9.8667e-01],
        [1.1684e-04],
        [1.3677e-02]], device='cuda:0', grad_fn=<SigmoidBackward0>)
Epoch [53/100], T_AUC: [4m0.8807[0m
Epoch [53/100], Loss: 22.6615
val_Accuracy: [92m0.7547[0m
val_Precision: [4;34m0.7452[0m,               val_Recall: [4;33m0.7751[0m,                 val_F1 Score: [4;35m0.7546[0m
æ ‡ç­¾é‡Œ1çš„ä¸ªæ•°:  430
æ ‡ç­¾é‡Œ0çš„ä¸ªæ•°:  430
æ€»æ•°:  860
æ­£ç¡®çš„ä¸ªæ•°:  649
Epoch [53/100], V_AUC: [4m0.7514[0m
Epoch [54/100], Loss: 35.9513
train_Accuracy: [91m0.8807[0m
train_Precision: [4;34m0.8640[0m,               train_Recall: [4;33m0.9098[0m,                 train_F1 Score: [4;35m0.8822[0m
æ ‡ç­¾é‡Œ1çš„ä¸ªæ•°:  2150
æ ‡ç­¾é‡Œ0çš„ä¸ªæ•°:  2150
æ€»æ•°:  4300
æ­£ç¡®çš„ä¸ªæ•°:  3787
æœ€åä¸€ä¸ªæ‰¹æ¬¡çš„è¾“å‡º, ä¸æ»¡batchsizeæ˜¯æ­£å¸¸çš„:
 tensor([[9.6470e-01],
        [9.9826e-01],
        [9.9605e-01],
        [7.7617e-02],
        [9.9516e-01],
        [4.5354e-02],
        [2.0195e-02],
        [3.6641e-02],
        [9.2693e-01],
        [9.7333e-01],
        [4.4688e-05],
        [4.0362e-03]], device='cuda:0', grad_fn=<SigmoidBackward0>)
Epoch [54/100], T_AUC: [4m0.8842[0m
Epoch [54/100], Loss: 23.3374
val_Accuracy: [92m0.7570[0m
val_Precision: [4;34m0.7471[0m,               val_Recall: [4;33m0.7715[0m,                 val_F1 Score: [4;35m0.7533[0m
æ ‡ç­¾é‡Œ1çš„ä¸ªæ•°:  430
æ ‡ç­¾é‡Œ0çš„ä¸ªæ•°:  430
æ€»æ•°:  860
æ­£ç¡®çš„ä¸ªæ•°:  651
Epoch [54/100], V_AUC: [4m0.7548[0m
Epoch [55/100], Loss: 36.5393
train_Accuracy: [91m0.8758[0m
train_Precision: [4;34m0.8580[0m,               train_Recall: [4;33m0.9087[0m,                 train_F1 Score: [4;35m0.8779[0m
æ ‡ç­¾é‡Œ1çš„ä¸ªæ•°:  2150
æ ‡ç­¾é‡Œ0çš„ä¸ªæ•°:  2150
æ€»æ•°:  4300
æ­£ç¡®çš„ä¸ªæ•°:  3766
æœ€åä¸€ä¸ªæ‰¹æ¬¡çš„è¾“å‡º, ä¸æ»¡batchsizeæ˜¯æ­£å¸¸çš„:
 tensor([[8.6373e-01],
        [9.9154e-01],
        [9.9899e-01],
        [6.9941e-02],
        [9.8228e-01],
        [4.8971e-02],
        [2.3347e-02],
        [1.2226e-01],
        [9.7013e-01],
        [9.8647e-01],
        [1.9137e-05],
        [6.1481e-03]], device='cuda:0', grad_fn=<SigmoidBackward0>)
Epoch [55/100], T_AUC: [4m0.8793[0m
Epoch [55/100], Loss: 24.3806
val_Accuracy: [92m0.7616[0m
val_Precision: [4;34m0.7488[0m,               val_Recall: [4;33m0.7798[0m,                 val_F1 Score: [4;35m0.7590[0m
æ ‡ç­¾é‡Œ1çš„ä¸ªæ•°:  430
æ ‡ç­¾é‡Œ0çš„ä¸ªæ•°:  430
æ€»æ•°:  860
æ­£ç¡®çš„ä¸ªæ•°:  655
Epoch [55/100], V_AUC: [4m0.7597[0m
Epoch [56/100], Loss: 38.0913
train_Accuracy: [91m0.8765[0m
train_Precision: [4;34m0.8662[0m,               train_Recall: [4;33m0.9000[0m,                 train_F1 Score: [4;35m0.8777[0m
æ ‡ç­¾é‡Œ1çš„ä¸ªæ•°:  2150
æ ‡ç­¾é‡Œ0çš„ä¸ªæ•°:  2150
æ€»æ•°:  4300
æ­£ç¡®çš„ä¸ªæ•°:  3769
æœ€åä¸€ä¸ªæ‰¹æ¬¡çš„è¾“å‡º, ä¸æ»¡batchsizeæ˜¯æ­£å¸¸çš„:
 tensor([[9.1533e-01],
        [9.2641e-01],
        [9.9265e-01],
        [1.0862e-01],
        [9.9393e-01],
        [8.3811e-02],
        [2.3238e-01],
        [5.2608e-02],
        [8.2499e-01],
        [9.8537e-01],
        [5.7716e-05],
        [3.5631e-02]], device='cuda:0', grad_fn=<SigmoidBackward0>)
Epoch [56/100], T_AUC: [4m0.8813[0m
Epoch [56/100], Loss: 22.4190
val_Accuracy: [92m0.7698[0m
val_Precision: [4;34m0.7718[0m,               val_Recall: [4;33m0.7675[0m,                 val_F1 Score: [4;35m0.7639[0m
æ ‡ç­¾é‡Œ1çš„ä¸ªæ•°:  430
æ ‡ç­¾é‡Œ0çš„ä¸ªæ•°:  430
æ€»æ•°:  860
æ­£ç¡®çš„ä¸ªæ•°:  662
Epoch [56/100], V_AUC: [4m0.7678[0m
Epoch [57/100], Loss: 37.3858
train_Accuracy: [91m0.8774[0m
train_Precision: [4;34m0.8638[0m,               train_Recall: [4;33m0.9033[0m,                 train_F1 Score: [4;35m0.8783[0m
æ ‡ç­¾é‡Œ1çš„ä¸ªæ•°:  2150
æ ‡ç­¾é‡Œ0çš„ä¸ªæ•°:  2150
æ€»æ•°:  4300
æ­£ç¡®çš„ä¸ªæ•°:  3773
æœ€åä¸€ä¸ªæ‰¹æ¬¡çš„è¾“å‡º, ä¸æ»¡batchsizeæ˜¯æ­£å¸¸çš„:
 tensor([[9.2382e-01],
        [8.5542e-01],
        [9.9735e-01],
        [8.3941e-02],
        [9.9818e-01],
        [2.4949e-02],
        [7.9413e-02],
        [6.4756e-02],
        [9.8739e-01],
        [9.8788e-01],
        [9.8514e-06],
        [1.8246e-02]], device='cuda:0', grad_fn=<SigmoidBackward0>)
Epoch [57/100], T_AUC: [4m0.8815[0m
Epoch [57/100], Loss: 23.1018
val_Accuracy: [92m0.7558[0m
val_Precision: [4;34m0.7374[0m,               val_Recall: [4;33m0.7899[0m,                 val_F1 Score: [4;35m0.7576[0m
æ ‡ç­¾é‡Œ1çš„ä¸ªæ•°:  430
æ ‡ç­¾é‡Œ0çš„ä¸ªæ•°:  430
æ€»æ•°:  860
æ­£ç¡®çš„ä¸ªæ•°:  650
Epoch [57/100], V_AUC: [4m0.7542[0m
Epoch [58/100], Loss: 36.7795
train_Accuracy: [91m0.8821[0m
train_Precision: [4;34m0.8660[0m,               train_Recall: [4;33m0.9105[0m,                 train_F1 Score: [4;35m0.8833[0m
æ ‡ç­¾é‡Œ1çš„ä¸ªæ•°:  2150
æ ‡ç­¾é‡Œ0çš„ä¸ªæ•°:  2150
æ€»æ•°:  4300
æ­£ç¡®çš„ä¸ªæ•°:  3793
æœ€åä¸€ä¸ªæ‰¹æ¬¡çš„è¾“å‡º, ä¸æ»¡batchsizeæ˜¯æ­£å¸¸çš„:
 tensor([[9.4185e-01],
        [9.5811e-01],
        [9.9816e-01],
        [8.0352e-02],
        [9.9670e-01],
        [4.1881e-02],
        [2.0785e-02],
        [1.2505e-01],
        [9.9629e-01],
        [7.3914e-01],
        [2.3330e-05],
        [2.2558e-02]], device='cuda:0', grad_fn=<SigmoidBackward0>)
Epoch [58/100], T_AUC: [4m0.8857[0m
Epoch [58/100], Loss: 24.2808
val_Accuracy: [92m0.7616[0m
val_Precision: [4;34m0.7586[0m,               val_Recall: [4;33m0.7674[0m,                 val_F1 Score: [4;35m0.7570[0m
æ ‡ç­¾é‡Œ1çš„ä¸ªæ•°:  430
æ ‡ç­¾é‡Œ0çš„ä¸ªæ•°:  430
æ€»æ•°:  860
æ­£ç¡®çš„ä¸ªæ•°:  655
Epoch [58/100], V_AUC: [4m0.7592[0m
Epoch [59/100], Loss: 35.4810
train_Accuracy: [91m0.8856[0m
train_Precision: [4;34m0.8726[0m,               train_Recall: [4;33m0.9104[0m,                 train_F1 Score: [4;35m0.8869[0m
æ ‡ç­¾é‡Œ1çš„ä¸ªæ•°:  2150
æ ‡ç­¾é‡Œ0çš„ä¸ªæ•°:  2150
æ€»æ•°:  4300
æ­£ç¡®çš„ä¸ªæ•°:  3808
æœ€åä¸€ä¸ªæ‰¹æ¬¡çš„è¾“å‡º, ä¸æ»¡batchsizeæ˜¯æ­£å¸¸çš„:
 tensor([[9.2161e-01],
        [9.9683e-01],
        [9.9694e-01],
        [5.3224e-02],
        [9.8065e-01],
        [1.0441e-01],
        [2.8799e-01],
        [5.2116e-02],
        [7.6729e-01],
        [9.9444e-01],
        [3.0566e-06],
        [2.7186e-02]], device='cuda:0', grad_fn=<SigmoidBackward0>)
Epoch [59/100], T_AUC: [4m0.8896[0m
Epoch [59/100], Loss: 23.8159
val_Accuracy: [92m0.7512[0m
val_Precision: [4;34m0.7377[0m,               val_Recall: [4;33m0.7785[0m,                 val_F1 Score: [4;35m0.7515[0m
æ ‡ç­¾é‡Œ1çš„ä¸ªæ•°:  430
æ ‡ç­¾é‡Œ0çš„ä¸ªæ•°:  430
æ€»æ•°:  860
æ­£ç¡®çš„ä¸ªæ•°:  646
Epoch [59/100], V_AUC: [4m0.7488[0m
Epoch [60/100], Loss: 37.4469
train_Accuracy: [91m0.8781[0m
train_Precision: [4;34m0.8626[0m,               train_Recall: [4;33m0.9083[0m,                 train_F1 Score: [4;35m0.8800[0m
æ ‡ç­¾é‡Œ1çš„ä¸ªæ•°:  2150
æ ‡ç­¾é‡Œ0çš„ä¸ªæ•°:  2150
æ€»æ•°:  4300
æ­£ç¡®çš„ä¸ªæ•°:  3776
æœ€åä¸€ä¸ªæ‰¹æ¬¡çš„è¾“å‡º, ä¸æ»¡batchsizeæ˜¯æ­£å¸¸çš„:
 tensor([[9.1784e-01],
        [9.9598e-01],
        [9.9558e-01],
        [2.7237e-02],
        [9.9153e-01],
        [5.6533e-02],
        [1.7795e-02],
        [2.7362e-01],
        [7.5271e-01],
        [9.7964e-01],
        [8.8086e-06],
        [5.6236e-02]], device='cuda:0', grad_fn=<SigmoidBackward0>)
Epoch [60/100], T_AUC: [4m0.8822[0m
Epoch [60/100], Loss: 23.4407
val_Accuracy: [92m0.7640[0m
val_Precision: [4;34m0.7559[0m,               val_Recall: [4;33m0.7799[0m,                 val_F1 Score: [4;35m0.7617[0m
æ ‡ç­¾é‡Œ1çš„ä¸ªæ•°:  430
æ ‡ç­¾é‡Œ0çš„ä¸ªæ•°:  430
æ€»æ•°:  860
æ­£ç¡®çš„ä¸ªæ•°:  657
Epoch [60/100], V_AUC: [4m0.7617[0m
Epoch [61/100], Loss: 36.5890
train_Accuracy: [91m0.8800[0m
train_Precision: [4;34m0.8648[0m,               train_Recall: [4;33m0.9080[0m,                 train_F1 Score: [4;35m0.8819[0m
æ ‡ç­¾é‡Œ1çš„ä¸ªæ•°:  2150
æ ‡ç­¾é‡Œ0çš„ä¸ªæ•°:  2150
æ€»æ•°:  4300
æ­£ç¡®çš„ä¸ªæ•°:  3784
æœ€åä¸€ä¸ªæ‰¹æ¬¡çš„è¾“å‡º, ä¸æ»¡batchsizeæ˜¯æ­£å¸¸çš„:
 tensor([[9.6551e-01],
        [9.9542e-01],
        [9.9314e-01],
        [4.9049e-02],
        [9.9805e-01],
        [6.9664e-02],
        [2.0321e-02],
        [7.5890e-02],
        [9.1745e-01],
        [9.8344e-01],
        [2.7134e-05],
        [1.1287e-02]], device='cuda:0', grad_fn=<SigmoidBackward0>)
Epoch [61/100], T_AUC: [4m0.8830[0m
Epoch [61/100], Loss: 27.3812
val_Accuracy: [92m0.7709[0m
val_Precision: [4;34m0.7650[0m,               val_Recall: [4;33m0.7773[0m,                 val_F1 Score: [4;35m0.7660[0m
æ ‡ç­¾é‡Œ1çš„ä¸ªæ•°:  430
æ ‡ç­¾é‡Œ0çš„ä¸ªæ•°:  430
æ€»æ•°:  860
æ­£ç¡®çš„ä¸ªæ•°:  663
Epoch [61/100], V_AUC: [4m0.7682[0m
Epoch [62/100], Loss: 35.8600
train_Accuracy: [91m0.8844[0m
train_Precision: [4;34m0.8690[0m,               train_Recall: [4;33m0.9102[0m,                 train_F1 Score: [4;35m0.8852[0m
æ ‡ç­¾é‡Œ1çš„ä¸ªæ•°:  2150
æ ‡ç­¾é‡Œ0çš„ä¸ªæ•°:  2150
æ€»æ•°:  4300
æ­£ç¡®çš„ä¸ªæ•°:  3803
æœ€åä¸€ä¸ªæ‰¹æ¬¡çš„è¾“å‡º, ä¸æ»¡batchsizeæ˜¯æ­£å¸¸çš„:
 tensor([[9.2399e-01],
        [9.0261e-01],
        [9.9621e-01],
        [2.0837e-02],
        [9.9973e-01],
        [7.8539e-03],
        [2.0062e-02],
        [1.4658e-01],
        [9.9883e-01],
        [9.7058e-01],
        [2.2196e-05],
        [9.1563e-03]], device='cuda:0', grad_fn=<SigmoidBackward0>)
Epoch [62/100], T_AUC: [4m0.8875[0m
Epoch [62/100], Loss: 33.1872
val_Accuracy: [92m0.7605[0m
val_Precision: [4;34m0.7495[0m,               val_Recall: [4;33m0.7831[0m,                 val_F1 Score: [4;35m0.7600[0m
æ ‡ç­¾é‡Œ1çš„ä¸ªæ•°:  430
æ ‡ç­¾é‡Œ0çš„ä¸ªæ•°:  430
æ€»æ•°:  860
æ­£ç¡®çš„ä¸ªæ•°:  654
Epoch [62/100], V_AUC: [4m0.7588[0m
Epoch [63/100], Loss: 38.9063
train_Accuracy: [91m0.8744[0m
train_Precision: [4;34m0.8634[0m,               train_Recall: [4;33m0.8965[0m,                 train_F1 Score: [4;35m0.8752[0m
æ ‡ç­¾é‡Œ1çš„ä¸ªæ•°:  2150
æ ‡ç­¾é‡Œ0çš„ä¸ªæ•°:  2150
æ€»æ•°:  4300
æ­£ç¡®çš„ä¸ªæ•°:  3760
æœ€åä¸€ä¸ªæ‰¹æ¬¡çš„è¾“å‡º, ä¸æ»¡batchsizeæ˜¯æ­£å¸¸çš„:
 tensor([[9.4391e-01],
        [8.6498e-01],
        [9.9953e-01],
        [6.6762e-02],
        [9.9791e-01],
        [1.2759e-01],
        [1.7875e-02],
        [5.6059e-02],
        [9.9518e-01],
        [9.8538e-01],
        [2.3107e-05],
        [1.1332e-02]], device='cuda:0', grad_fn=<SigmoidBackward0>)
Epoch [63/100], T_AUC: [4m0.8785[0m
Epoch [63/100], Loss: 22.3829
val_Accuracy: [92m0.7581[0m
val_Precision: [4;34m0.7528[0m,               val_Recall: [4;33m0.7606[0m,                 val_F1 Score: [4;35m0.7519[0m
æ ‡ç­¾é‡Œ1çš„ä¸ªæ•°:  430
æ ‡ç­¾é‡Œ0çš„ä¸ªæ•°:  430
æ€»æ•°:  860
æ­£ç¡®çš„ä¸ªæ•°:  652
Epoch [63/100], V_AUC: [4m0.7556[0m
Epoch [64/100], Loss: 34.2471
train_Accuracy: [91m0.8921[0m
train_Precision: [4;34m0.8780[0m,               train_Recall: [4;33m0.9144[0m,                 train_F1 Score: [4;35m0.8920[0m
æ ‡ç­¾é‡Œ1çš„ä¸ªæ•°:  2150
æ ‡ç­¾é‡Œ0çš„ä¸ªæ•°:  2150
æ€»æ•°:  4300
æ­£ç¡®çš„ä¸ªæ•°:  3836
æœ€åä¸€ä¸ªæ‰¹æ¬¡çš„è¾“å‡º, ä¸æ»¡batchsizeæ˜¯æ­£å¸¸çš„:
 tensor([[9.6856e-01],
        [9.1361e-01],
        [9.9839e-01],
        [5.8661e-02],
        [9.9969e-01],
        [9.8870e-02],
        [2.1309e-02],
        [1.9837e-02],
        [9.1354e-01],
        [9.9243e-01],
        [8.8760e-06],
        [8.1978e-02]], device='cuda:0', grad_fn=<SigmoidBackward0>)
Epoch [64/100], T_AUC: [4m0.8955[0m
Epoch [64/100], Loss: 25.5502
val_Accuracy: [92m0.7756[0m
val_Precision: [4;34m0.7825[0m,               val_Recall: [4;33m0.7606[0m,                 val_F1 Score: [4;35m0.7667[0m
æ ‡ç­¾é‡Œ1çš„ä¸ªæ•°:  430
æ ‡ç­¾é‡Œ0çš„ä¸ªæ•°:  430
æ€»æ•°:  860
æ­£ç¡®çš„ä¸ªæ•°:  667
Epoch [64/100], V_AUC: [4m0.7741[0m
Epoch [65/100], Loss: 33.8199
train_Accuracy: [91m0.8877[0m
train_Precision: [4;34m0.8756[0m,               train_Recall: [4;33m0.9092[0m,                 train_F1 Score: [4;35m0.8882[0m
æ ‡ç­¾é‡Œ1çš„ä¸ªæ•°:  2150
æ ‡ç­¾é‡Œ0çš„ä¸ªæ•°:  2150
æ€»æ•°:  4300
æ­£ç¡®çš„ä¸ªæ•°:  3817
æœ€åä¸€ä¸ªæ‰¹æ¬¡çš„è¾“å‡º, ä¸æ»¡batchsizeæ˜¯æ­£å¸¸çš„:
 tensor([[9.9529e-01],
        [7.8554e-01],
        [9.9855e-01],
        [5.0477e-02],
        [9.9979e-01],
        [6.3958e-02],
        [3.6850e-02],
        [2.9784e-02],
        [9.8439e-01],
        [9.9397e-01],
        [6.5715e-06],
        [6.0754e-03]], device='cuda:0', grad_fn=<SigmoidBackward0>)
Epoch [65/100], T_AUC: [4m0.8907[0m
Epoch [65/100], Loss: 33.3194
val_Accuracy: [92m0.7698[0m
val_Precision: [4;34m0.7741[0m,               val_Recall: [4;33m0.7640[0m,                 val_F1 Score: [4;35m0.7637[0m
æ ‡ç­¾é‡Œ1çš„ä¸ªæ•°:  430
æ ‡ç­¾é‡Œ0çš„ä¸ªæ•°:  430
æ€»æ•°:  860
æ­£ç¡®çš„ä¸ªæ•°:  662
Epoch [65/100], V_AUC: [4m0.7690[0m
Epoch [66/100], Loss: 32.0563
train_Accuracy: [91m0.8953[0m
train_Precision: [4;34m0.8801[0m,               train_Recall: [4;33m0.9197[0m,                 train_F1 Score: [4;35m0.8959[0m
æ ‡ç­¾é‡Œ1çš„ä¸ªæ•°:  2150
æ ‡ç­¾é‡Œ0çš„ä¸ªæ•°:  2150
æ€»æ•°:  4300
æ­£ç¡®çš„ä¸ªæ•°:  3850
æœ€åä¸€ä¸ªæ‰¹æ¬¡çš„è¾“å‡º, ä¸æ»¡batchsizeæ˜¯æ­£å¸¸çš„:
 tensor([[9.5926e-01],
        [8.1404e-01],
        [9.9985e-01],
        [4.8560e-02],
        [9.9499e-01],
        [1.2230e-01],
        [5.2329e-03],
        [2.8941e-02],
        [9.9860e-01],
        [9.8983e-01],
        [3.6152e-05],
        [2.5504e-03]], device='cuda:0', grad_fn=<SigmoidBackward0>)
Epoch [66/100], T_AUC: [4m0.8985[0m
Epoch [66/100], Loss: 32.9398
val_Accuracy: [92m0.7605[0m
val_Precision: [4;34m0.7508[0m,               val_Recall: [4;33m0.7750[0m,                 val_F1 Score: [4;35m0.7573[0m
æ ‡ç­¾é‡Œ1çš„ä¸ªæ•°:  430
æ ‡ç­¾é‡Œ0çš„ä¸ªæ•°:  430
æ€»æ•°:  860
æ­£ç¡®çš„ä¸ªæ•°:  654
Epoch [66/100], V_AUC: [4m0.7582[0m
Epoch [67/100], Loss: 35.0820
train_Accuracy: [91m0.8900[0m
train_Precision: [4;34m0.8786[0m,               train_Recall: [4;33m0.9089[0m,                 train_F1 Score: [4;35m0.8895[0m
æ ‡ç­¾é‡Œ1çš„ä¸ªæ•°:  2150
æ ‡ç­¾é‡Œ0çš„ä¸ªæ•°:  2150
æ€»æ•°:  4300
æ­£ç¡®çš„ä¸ªæ•°:  3827
æœ€åä¸€ä¸ªæ‰¹æ¬¡çš„è¾“å‡º, ä¸æ»¡batchsizeæ˜¯æ­£å¸¸çš„:
 tensor([[9.7117e-01],
        [9.5824e-01],
        [9.9989e-01],
        [7.5402e-02],
        [9.8731e-01],
        [1.0060e-01],
        [5.5083e-03],
        [3.8704e-02],
        [9.9744e-01],
        [9.9540e-01],
        [7.2912e-06],
        [2.7259e-03]], device='cuda:0', grad_fn=<SigmoidBackward0>)
Epoch [67/100], T_AUC: [4m0.8937[0m
Epoch [67/100], Loss: 28.0661
val_Accuracy: [92m0.7651[0m
val_Precision: [4;34m0.7700[0m,               val_Recall: [4;33m0.7514[0m,                 val_F1 Score: [4;35m0.7536[0m
æ ‡ç­¾é‡Œ1çš„ä¸ªæ•°:  430
æ ‡ç­¾é‡Œ0çš„ä¸ªæ•°:  430
æ€»æ•°:  860
æ­£ç¡®çš„ä¸ªæ•°:  658
Epoch [67/100], V_AUC: [4m0.7625[0m
Epoch [68/100], Loss: 32.3665
train_Accuracy: [91m0.8965[0m
train_Precision: [4;34m0.8852[0m,               train_Recall: [4;33m0.9153[0m,                 train_F1 Score: [4;35m0.8968[0m
æ ‡ç­¾é‡Œ1çš„ä¸ªæ•°:  2150
æ ‡ç­¾é‡Œ0çš„ä¸ªæ•°:  2150
æ€»æ•°:  4300
æ­£ç¡®çš„ä¸ªæ•°:  3855
æœ€åä¸€ä¸ªæ‰¹æ¬¡çš„è¾“å‡º, ä¸æ»¡batchsizeæ˜¯æ­£å¸¸çš„:
 tensor([[9.5971e-01],
        [7.4269e-01],
        [9.9828e-01],
        [7.7370e-02],
        [9.9321e-01],
        [1.2466e-01],
        [2.6268e-02],
        [9.7903e-02],
        [9.9957e-01],
        [9.8930e-01],
        [7.1884e-06],
        [7.1919e-03]], device='cuda:0', grad_fn=<SigmoidBackward0>)
Epoch [68/100], T_AUC: [4m0.8995[0m
Epoch [68/100], Loss: 27.3462
val_Accuracy: [92m0.7663[0m
val_Precision: [4;34m0.7666[0m,               val_Recall: [4;33m0.7618[0m,                 val_F1 Score: [4;35m0.7587[0m
æ ‡ç­¾é‡Œ1çš„ä¸ªæ•°:  430
æ ‡ç­¾é‡Œ0çš„ä¸ªæ•°:  430
æ€»æ•°:  860
æ­£ç¡®çš„ä¸ªæ•°:  659
Epoch [68/100], V_AUC: [4m0.7639[0m
Epoch [69/100], Loss: 31.9142
train_Accuracy: [91m0.8965[0m
train_Precision: [4;34m0.8819[0m,               train_Recall: [4;33m0.9211[0m,                 train_F1 Score: [4;35m0.8972[0m
æ ‡ç­¾é‡Œ1çš„ä¸ªæ•°:  2150
æ ‡ç­¾é‡Œ0çš„ä¸ªæ•°:  2150
æ€»æ•°:  4300
æ­£ç¡®çš„ä¸ªæ•°:  3855
æœ€åä¸€ä¸ªæ‰¹æ¬¡çš„è¾“å‡º, ä¸æ»¡batchsizeæ˜¯æ­£å¸¸çš„:
 tensor([[9.9603e-01],
        [9.9992e-01],
        [9.9777e-01],
        [2.8929e-02],
        [9.5822e-01],
        [9.4423e-02],
        [4.1585e-03],
        [2.2050e-02],
        [9.2790e-01],
        [9.9086e-01],
        [3.8444e-06],
        [6.5747e-03]], device='cuda:0', grad_fn=<SigmoidBackward0>)
Epoch [69/100], T_AUC: [4m0.8997[0m
Epoch [69/100], Loss: 32.1525
val_Accuracy: [92m0.7744[0m
val_Precision: [4;34m0.7779[0m,               val_Recall: [4;33m0.7555[0m,                 val_F1 Score: [4;35m0.7619[0m
æ ‡ç­¾é‡Œ1çš„ä¸ªæ•°:  430
æ ‡ç­¾é‡Œ0çš„ä¸ªæ•°:  430
æ€»æ•°:  860
æ­£ç¡®çš„ä¸ªæ•°:  666
Epoch [69/100], V_AUC: [4m0.7717[0m
Epoch [70/100], Loss: 32.3833
train_Accuracy: [91m0.8951[0m
train_Precision: [4;34m0.8804[0m,               train_Recall: [4;33m0.9195[0m,                 train_F1 Score: [4;35m0.8955[0m
æ ‡ç­¾é‡Œ1çš„ä¸ªæ•°:  2150
æ ‡ç­¾é‡Œ0çš„ä¸ªæ•°:  2150
æ€»æ•°:  4300
æ­£ç¡®çš„ä¸ªæ•°:  3849
æœ€åä¸€ä¸ªæ‰¹æ¬¡çš„è¾“å‡º, ä¸æ»¡batchsizeæ˜¯æ­£å¸¸çš„:
 tensor([[9.0184e-01],
        [9.3393e-01],
        [9.9930e-01],
        [7.3486e-02],
        [9.9829e-01],
        [8.6955e-02],
        [6.0291e-03],
        [3.9433e-02],
        [9.9583e-01],
        [9.9294e-01],
        [2.3997e-05],
        [7.4398e-03]], device='cuda:0', grad_fn=<SigmoidBackward0>)
Epoch [70/100], T_AUC: [4m0.8991[0m
Epoch [70/100], Loss: 35.4244
val_Accuracy: [92m0.7674[0m
val_Precision: [4;34m0.7726[0m,               val_Recall: [4;33m0.7577[0m,                 val_F1 Score: [4;35m0.7593[0m
æ ‡ç­¾é‡Œ1çš„ä¸ªæ•°:  430
æ ‡ç­¾é‡Œ0çš„ä¸ªæ•°:  430
æ€»æ•°:  860
æ­£ç¡®çš„ä¸ªæ•°:  660
Epoch [70/100], V_AUC: [4m0.7677[0m
Epoch [71/100], Loss: 31.7474
train_Accuracy: [91m0.8993[0m
train_Precision: [4;34m0.8882[0m,               train_Recall: [4;33m0.9194[0m,                 train_F1 Score: [4;35m0.8999[0m
æ ‡ç­¾é‡Œ1çš„ä¸ªæ•°:  2150
æ ‡ç­¾é‡Œ0çš„ä¸ªæ•°:  2150
æ€»æ•°:  4300
æ­£ç¡®çš„ä¸ªæ•°:  3867
æœ€åä¸€ä¸ªæ‰¹æ¬¡çš„è¾“å‡º, ä¸æ»¡batchsizeæ˜¯æ­£å¸¸çš„:
 tensor([[8.1783e-01],
        [9.9797e-01],
        [9.9995e-01],
        [5.4341e-02],
        [9.8942e-01],
        [8.8728e-02],
        [8.0642e-03],
        [3.0441e-02],
        [9.8411e-01],
        [9.9124e-01],
        [4.3844e-07],
        [1.8135e-02]], device='cuda:0', grad_fn=<SigmoidBackward0>)
Epoch [71/100], T_AUC: [4m0.9019[0m
Epoch [71/100], Loss: 36.7771
val_Accuracy: [92m0.7605[0m
val_Precision: [4;34m0.7561[0m,               val_Recall: [4;33m0.7703[0m,                 val_F1 Score: [4;35m0.7576[0m
æ ‡ç­¾é‡Œ1çš„ä¸ªæ•°:  430
æ ‡ç­¾é‡Œ0çš„ä¸ªæ•°:  430
æ€»æ•°:  860
æ­£ç¡®çš„ä¸ªæ•°:  654
Epoch [71/100], V_AUC: [4m0.7584[0m
Epoch [72/100], Loss: 29.6630
train_Accuracy: [91m0.9012[0m
train_Precision: [4;34m0.8904[0m,               train_Recall: [4;33m0.9196[0m,                 train_F1 Score: [4;35m0.9013[0m
æ ‡ç­¾é‡Œ1çš„ä¸ªæ•°:  2150
æ ‡ç­¾é‡Œ0çš„ä¸ªæ•°:  2150
æ€»æ•°:  4300
æ­£ç¡®çš„ä¸ªæ•°:  3875
æœ€åä¸€ä¸ªæ‰¹æ¬¡çš„è¾“å‡º, ä¸æ»¡batchsizeæ˜¯æ­£å¸¸çš„:
 tensor([[9.1531e-01],
        [9.9973e-01],
        [9.9992e-01],
        [2.7993e-02],
        [9.4778e-01],
        [6.3381e-02],
        [4.6885e-04],
        [5.1130e-02],
        [9.9560e-01],
        [9.9847e-01],
        [1.6526e-06],
        [7.0030e-03]], device='cuda:0', grad_fn=<SigmoidBackward0>)
Epoch [72/100], T_AUC: [4m0.9046[0m
Epoch [72/100], Loss: 35.9841
val_Accuracy: [92m0.7651[0m
val_Precision: [4;34m0.7673[0m,               val_Recall: [4;33m0.7540[0m,                 val_F1 Score: [4;35m0.7556[0m
æ ‡ç­¾é‡Œ1çš„ä¸ªæ•°:  430
æ ‡ç­¾é‡Œ0çš„ä¸ªæ•°:  430
æ€»æ•°:  860
æ­£ç¡®çš„ä¸ªæ•°:  658
Epoch [72/100], V_AUC: [4m0.7641[0m
Epoch [73/100], Loss: 30.0239
train_Accuracy: [91m0.9040[0m
train_Precision: [4;34m0.8898[0m,               train_Recall: [4;33m0.9265[0m,                 train_F1 Score: [4;35m0.9045[0m
æ ‡ç­¾é‡Œ1çš„ä¸ªæ•°:  2150
æ ‡ç­¾é‡Œ0çš„ä¸ªæ•°:  2150
æ€»æ•°:  4300
æ­£ç¡®çš„ä¸ªæ•°:  3887
æœ€åä¸€ä¸ªæ‰¹æ¬¡çš„è¾“å‡º, ä¸æ»¡batchsizeæ˜¯æ­£å¸¸çš„:
 tensor([[9.8821e-01],
        [9.9995e-01],
        [9.9880e-01],
        [1.2068e-02],
        [9.8658e-01],
        [4.3763e-02],
        [4.7679e-03],
        [2.4072e-02],
        [9.7973e-01],
        [9.9205e-01],
        [2.8417e-06],
        [7.0171e-03]], device='cuda:0', grad_fn=<SigmoidBackward0>)
Epoch [73/100], T_AUC: [4m0.9067[0m
Epoch [73/100], Loss: 39.4218
val_Accuracy: [92m0.7698[0m
val_Precision: [4;34m0.7655[0m,               val_Recall: [4;33m0.7706[0m,                 val_F1 Score: [4;35m0.7634[0m
æ ‡ç­¾é‡Œ1çš„ä¸ªæ•°:  430
æ ‡ç­¾é‡Œ0çš„ä¸ªæ•°:  430
æ€»æ•°:  860
æ­£ç¡®çš„ä¸ªæ•°:  662
Epoch [73/100], V_AUC: [4m0.7669[0m
Epoch [74/100], Loss: 29.6604
train_Accuracy: [91m0.9060[0m
train_Precision: [4;34m0.8943[0m,               train_Recall: [4;33m0.9229[0m,                 train_F1 Score: [4;35m0.9054[0m
æ ‡ç­¾é‡Œ1çš„ä¸ªæ•°:  2150
æ ‡ç­¾é‡Œ0çš„ä¸ªæ•°:  2150
æ€»æ•°:  4300
æ­£ç¡®çš„ä¸ªæ•°:  3896
æœ€åä¸€ä¸ªæ‰¹æ¬¡çš„è¾“å‡º, ä¸æ»¡batchsizeæ˜¯æ­£å¸¸çš„:
 tensor([[9.9060e-01],
        [9.9998e-01],
        [9.9486e-01],
        [1.7634e-02],
        [9.9773e-01],
        [3.4461e-02],
        [1.6340e-02],
        [1.4462e-02],
        [9.8196e-01],
        [9.7879e-01],
        [3.3283e-06],
        [2.4647e-03]], device='cuda:0', grad_fn=<SigmoidBackward0>)
Epoch [74/100], T_AUC: [4m0.9083[0m
Epoch [74/100], Loss: 36.8871
val_Accuracy: [92m0.7593[0m
val_Precision: [4;34m0.7597[0m,               val_Recall: [4;33m0.7594[0m,                 val_F1 Score: [4;35m0.7523[0m
æ ‡ç­¾é‡Œ1çš„ä¸ªæ•°:  430
æ ‡ç­¾é‡Œ0çš„ä¸ªæ•°:  430
æ€»æ•°:  860
æ­£ç¡®çš„ä¸ªæ•°:  653
Epoch [74/100], V_AUC: [4m0.7578[0m
Epoch [75/100], Loss: 31.1854
train_Accuracy: [91m0.8993[0m
train_Precision: [4;34m0.8888[0m,               train_Recall: [4;33m0.9173[0m,                 train_F1 Score: [4;35m0.8992[0m
æ ‡ç­¾é‡Œ1çš„ä¸ªæ•°:  2150
æ ‡ç­¾é‡Œ0çš„ä¸ªæ•°:  2150
æ€»æ•°:  4300
æ­£ç¡®çš„ä¸ªæ•°:  3867
æœ€åä¸€ä¸ªæ‰¹æ¬¡çš„è¾“å‡º, ä¸æ»¡batchsizeæ˜¯æ­£å¸¸çš„:
 tensor([[9.9979e-01],
        [9.9844e-01],
        [9.9980e-01],
        [3.6655e-02],
        [9.9665e-01],
        [4.4397e-02],
        [1.5392e-03],
        [1.7304e-02],
        [9.6321e-01],
        [9.9810e-01],
        [1.1541e-07],
        [3.7867e-03]], device='cuda:0', grad_fn=<SigmoidBackward0>)
Epoch [75/100], T_AUC: [4m0.9026[0m
Epoch [75/100], Loss: 36.1645
val_Accuracy: [92m0.7767[0m
val_Precision: [4;34m0.7876[0m,               val_Recall: [4;33m0.7525[0m,                 val_F1 Score: [4;35m0.7647[0m
æ ‡ç­¾é‡Œ1çš„ä¸ªæ•°:  430
æ ‡ç­¾é‡Œ0çš„ä¸ªæ•°:  430
æ€»æ•°:  860
æ­£ç¡®çš„ä¸ªæ•°:  668
Epoch [75/100], V_AUC: [4m0.7745[0m
Epoch [76/100], Loss: 27.3336
train_Accuracy: [91m0.9140[0m
train_Precision: [4;34m0.9008[0m,               train_Recall: [4;33m0.9343[0m,                 train_F1 Score: [4;35m0.9140[0m
æ ‡ç­¾é‡Œ1çš„ä¸ªæ•°:  2150
æ ‡ç­¾é‡Œ0çš„ä¸ªæ•°:  2150
æ€»æ•°:  4300
æ­£ç¡®çš„ä¸ªæ•°:  3930
æœ€åä¸€ä¸ªæ‰¹æ¬¡çš„è¾“å‡º, ä¸æ»¡batchsizeæ˜¯æ­£å¸¸çš„:
 tensor([[9.9720e-01],
        [9.9968e-01],
        [9.9940e-01],
        [3.4763e-02],
        [9.9949e-01],
        [3.0927e-02],
        [1.0690e-02],
        [9.7929e-03],
        [9.2356e-01],
        [9.9905e-01],
        [1.2639e-07],
        [2.3774e-03]], device='cuda:0', grad_fn=<SigmoidBackward0>)
Epoch [76/100], T_AUC: [4m0.9170[0m
Epoch [76/100], Loss: 38.8035
val_Accuracy: [92m0.7733[0m
val_Precision: [4;34m0.7697[0m,               val_Recall: [4;33m0.7793[0m,                 val_F1 Score: [4;35m0.7693[0m
æ ‡ç­¾é‡Œ1çš„ä¸ªæ•°:  430
æ ‡ç­¾é‡Œ0çš„ä¸ªæ•°:  430
æ€»æ•°:  860
æ­£ç¡®çš„ä¸ªæ•°:  665
Epoch [76/100], V_AUC: [4m0.7727[0m
Epoch [77/100], Loss: 31.0895
train_Accuracy: [91m0.9016[0m
train_Precision: [4;34m0.8916[0m,               train_Recall: [4;33m0.9173[0m,                 train_F1 Score: [4;35m0.9007[0m
æ ‡ç­¾é‡Œ1çš„ä¸ªæ•°:  2150
æ ‡ç­¾é‡Œ0çš„ä¸ªæ•°:  2150
æ€»æ•°:  4300
æ­£ç¡®çš„ä¸ªæ•°:  3877
æœ€åä¸€ä¸ªæ‰¹æ¬¡çš„è¾“å‡º, ä¸æ»¡batchsizeæ˜¯æ­£å¸¸çš„:
 tensor([[9.9995e-01],
        [9.8925e-01],
        [9.9991e-01],
        [2.1003e-02],
        [9.9860e-01],
        [5.0377e-02],
        [2.8805e-03],
        [1.3134e-02],
        [9.9370e-01],
        [9.9606e-01],
        [5.2385e-07],
        [6.9136e-04]], device='cuda:0', grad_fn=<SigmoidBackward0>)
Epoch [77/100], T_AUC: [4m0.9048[0m
Epoch [77/100], Loss: 42.5330
val_Accuracy: [92m0.7674[0m
val_Precision: [4;34m0.7636[0m,               val_Recall: [4;33m0.7768[0m,                 val_F1 Score: [4;35m0.7645[0m
æ ‡ç­¾é‡Œ1çš„ä¸ªæ•°:  430
æ ‡ç­¾é‡Œ0çš„ä¸ªæ•°:  430
æ€»æ•°:  860
æ­£ç¡®çš„ä¸ªæ•°:  660
Epoch [77/100], V_AUC: [4m0.7682[0m
Epoch [78/100], Loss: 28.6164
train_Accuracy: [91m0.9079[0m
train_Precision: [4;34m0.8965[0m,               train_Recall: [4;33m0.9270[0m,                 train_F1 Score: [4;35m0.9085[0m
æ ‡ç­¾é‡Œ1çš„ä¸ªæ•°:  2150
æ ‡ç­¾é‡Œ0çš„ä¸ªæ•°:  2150
æ€»æ•°:  4300
æ­£ç¡®çš„ä¸ªæ•°:  3904
æœ€åä¸€ä¸ªæ‰¹æ¬¡çš„è¾“å‡º, ä¸æ»¡batchsizeæ˜¯æ­£å¸¸çš„:
 tensor([[9.9990e-01],
        [9.9883e-01],
        [9.9951e-01],
        [3.7244e-02],
        [9.9902e-01],
        [5.0576e-02],
        [2.2967e-02],
        [1.0821e-02],
        [9.8786e-01],
        [9.9320e-01],
        [5.6810e-08],
        [6.5611e-04]], device='cuda:0', grad_fn=<SigmoidBackward0>)
Epoch [78/100], T_AUC: [4m0.9104[0m
Epoch [78/100], Loss: 36.6950
val_Accuracy: [92m0.7558[0m
val_Precision: [4;34m0.7496[0m,               val_Recall: [4;33m0.7677[0m,                 val_F1 Score: [4;35m0.7530[0m
æ ‡ç­¾é‡Œ1çš„ä¸ªæ•°:  430
æ ‡ç­¾é‡Œ0çš„ä¸ªæ•°:  430
æ€»æ•°:  860
æ­£ç¡®çš„ä¸ªæ•°:  650
Epoch [78/100], V_AUC: [4m0.7548[0m
Epoch [79/100], Loss: 29.8566
train_Accuracy: [91m0.9084[0m
train_Precision: [4;34m0.8999[0m,               train_Recall: [4;33m0.9227[0m,                 train_F1 Score: [4;35m0.9079[0m
æ ‡ç­¾é‡Œ1çš„ä¸ªæ•°:  2150
æ ‡ç­¾é‡Œ0çš„ä¸ªæ•°:  2150
æ€»æ•°:  4300
æ­£ç¡®çš„ä¸ªæ•°:  3906
æœ€åä¸€ä¸ªæ‰¹æ¬¡çš„è¾“å‡º, ä¸æ»¡batchsizeæ˜¯æ­£å¸¸çš„:
 tensor([[9.9036e-01],
        [9.9872e-01],
        [9.9901e-01],
        [7.0379e-02],
        [9.6324e-01],
        [7.6096e-02],
        [6.4227e-04],
        [2.5315e-02],
        [9.9982e-01],
        [9.9863e-01],
        [3.4882e-07],
        [2.3952e-02]], device='cuda:0', grad_fn=<SigmoidBackward0>)
Epoch [79/100], T_AUC: [4m0.9110[0m
Epoch [79/100], Loss: 38.2050
val_Accuracy: [92m0.7512[0m
val_Precision: [4;34m0.7354[0m,               val_Recall: [4;33m0.7880[0m,                 val_F1 Score: [4;35m0.7556[0m
æ ‡ç­¾é‡Œ1çš„ä¸ªæ•°:  430
æ ‡ç­¾é‡Œ0çš„ä¸ªæ•°:  430
æ€»æ•°:  860
æ­£ç¡®çš„ä¸ªæ•°:  646
Epoch [79/100], V_AUC: [4m0.7500[0m
Epoch [80/100], Loss: 36.8856
train_Accuracy: [91m0.8847[0m
train_Precision: [4;34m0.8663[0m,               train_Recall: [4;33m0.9146[0m,                 train_F1 Score: [4;35m0.8857[0m
æ ‡ç­¾é‡Œ1çš„ä¸ªæ•°:  2150
æ ‡ç­¾é‡Œ0çš„ä¸ªæ•°:  2150
æ€»æ•°:  4300
æ­£ç¡®çš„ä¸ªæ•°:  3804
æœ€åä¸€ä¸ªæ‰¹æ¬¡çš„è¾“å‡º, ä¸æ»¡batchsizeæ˜¯æ­£å¸¸çš„:
 tensor([[9.9460e-01],
        [9.9880e-01],
        [9.9974e-01],
        [3.0404e-02],
        [9.9288e-01],
        [6.4935e-02],
        [2.2357e-02],
        [5.3952e-02],
        [8.5954e-01],
        [9.9303e-01],
        [4.8777e-07],
        [4.3936e-03]], device='cuda:0', grad_fn=<SigmoidBackward0>)
Epoch [80/100], T_AUC: [4m0.8889[0m
Epoch [80/100], Loss: 28.7352
val_Accuracy: [92m0.7744[0m
val_Precision: [4;34m0.7775[0m,               val_Recall: [4;33m0.7639[0m,                 val_F1 Score: [4;35m0.7658[0m
æ ‡ç­¾é‡Œ1çš„ä¸ªæ•°:  430
æ ‡ç­¾é‡Œ0çš„ä¸ªæ•°:  430
æ€»æ•°:  860
æ­£ç¡®çš„ä¸ªæ•°:  666
Epoch [80/100], V_AUC: [4m0.7717[0m
Epoch [81/100], Loss: 32.1194
train_Accuracy: [91m0.8967[0m
train_Precision: [4;34m0.8797[0m,               train_Recall: [4;33m0.9217[0m,                 train_F1 Score: [4;35m0.8967[0m
æ ‡ç­¾é‡Œ1çš„ä¸ªæ•°:  2150
æ ‡ç­¾é‡Œ0çš„ä¸ªæ•°:  2150
æ€»æ•°:  4300
æ­£ç¡®çš„ä¸ªæ•°:  3856
æœ€åä¸€ä¸ªæ‰¹æ¬¡çš„è¾“å‡º, ä¸æ»¡batchsizeæ˜¯æ­£å¸¸çš„:
 tensor([[9.9584e-01],
        [9.9997e-01],
        [9.9848e-01],
        [1.4381e-02],
        [9.9870e-01],
        [3.3648e-02],
        [1.3386e-02],
        [3.2247e-02],
        [9.1842e-01],
        [9.6892e-01],
        [3.1999e-07],
        [1.3713e-02]], device='cuda:0', grad_fn=<SigmoidBackward0>)
Epoch [81/100], T_AUC: [4m0.9001[0m
Epoch [81/100], Loss: 27.7555
val_Accuracy: [92m0.7640[0m
val_Precision: [4;34m0.7712[0m,               val_Recall: [4;33m0.7532[0m,                 val_F1 Score: [4;35m0.7567[0m
æ ‡ç­¾é‡Œ1çš„ä¸ªæ•°:  430
æ ‡ç­¾é‡Œ0çš„ä¸ªæ•°:  430
æ€»æ•°:  860
æ­£ç¡®çš„ä¸ªæ•°:  657
Epoch [81/100], V_AUC: [4m0.7620[0m
Epoch [82/100], Loss: 32.0350
train_Accuracy: [91m0.8991[0m
train_Precision: [4;34m0.8846[0m,               train_Recall: [4;33m0.9194[0m,                 train_F1 Score: [4;35m0.8986[0m
æ ‡ç­¾é‡Œ1çš„ä¸ªæ•°:  2150
æ ‡ç­¾é‡Œ0çš„ä¸ªæ•°:  2150
æ€»æ•°:  4300
æ­£ç¡®çš„ä¸ªæ•°:  3866
æœ€åä¸€ä¸ªæ‰¹æ¬¡çš„è¾“å‡º, ä¸æ»¡batchsizeæ˜¯æ­£å¸¸çš„:
 tensor([[9.9961e-01],
        [9.9160e-01],
        [9.9933e-01],
        [3.6728e-03],
        [9.9214e-01],
        [8.1539e-02],
        [7.9160e-02],
        [7.1269e-02],
        [9.3455e-01],
        [9.9976e-01],
        [6.1357e-07],
        [6.3354e-04]], device='cuda:0', grad_fn=<SigmoidBackward0>)
Epoch [82/100], T_AUC: [4m0.9016[0m
Epoch [82/100], Loss: 27.8138
val_Accuracy: [92m0.7709[0m
val_Precision: [4;34m0.7652[0m,               val_Recall: [4;33m0.7711[0m,                 val_F1 Score: [4;35m0.7642[0m
æ ‡ç­¾é‡Œ1çš„ä¸ªæ•°:  430
æ ‡ç­¾é‡Œ0çš„ä¸ªæ•°:  430
æ€»æ•°:  860
æ­£ç¡®çš„ä¸ªæ•°:  663
Epoch [82/100], V_AUC: [4m0.7674[0m
Epoch [83/100], Loss: 36.3170
train_Accuracy: [91m0.8849[0m
train_Precision: [4;34m0.8765[0m,               train_Recall: [4;33m0.9005[0m,                 train_F1 Score: [4;35m0.8850[0m
æ ‡ç­¾é‡Œ1çš„ä¸ªæ•°:  2150
æ ‡ç­¾é‡Œ0çš„ä¸ªæ•°:  2150
æ€»æ•°:  4300
æ­£ç¡®çš„ä¸ªæ•°:  3805
æœ€åä¸€ä¸ªæ‰¹æ¬¡çš„è¾“å‡º, ä¸æ»¡batchsizeæ˜¯æ­£å¸¸çš„:
 tensor([[9.9979e-01],
        [9.9840e-01],
        [9.9948e-01],
        [1.5949e-02],
        [9.7423e-01],
        [4.7090e-02],
        [4.1483e-02],
        [5.1111e-02],
        [9.9050e-01],
        [9.7596e-01],
        [9.3583e-07],
        [1.8134e-03]], device='cuda:0', grad_fn=<SigmoidBackward0>)
Epoch [83/100], T_AUC: [4m0.8880[0m
Epoch [83/100], Loss: 26.2997
val_Accuracy: [92m0.7651[0m
val_Precision: [4;34m0.7596[0m,               val_Recall: [4;33m0.7742[0m,                 val_F1 Score: [4;35m0.7625[0m
æ ‡ç­¾é‡Œ1çš„ä¸ªæ•°:  430
æ ‡ç­¾é‡Œ0çš„ä¸ªæ•°:  430
æ€»æ•°:  860
æ­£ç¡®çš„ä¸ªæ•°:  658
Epoch [83/100], V_AUC: [4m0.7634[0m
Epoch [84/100], Loss: 28.6199
train_Accuracy: [91m0.9093[0m
train_Precision: [4;34m0.8971[0m,               train_Recall: [4;33m0.9275[0m,                 train_F1 Score: [4;35m0.9091[0m
æ ‡ç­¾é‡Œ1çš„ä¸ªæ•°:  2150
æ ‡ç­¾é‡Œ0çš„ä¸ªæ•°:  2150
æ€»æ•°:  4300
æ­£ç¡®çš„ä¸ªæ•°:  3910
æœ€åä¸€ä¸ªæ‰¹æ¬¡çš„è¾“å‡º, ä¸æ»¡batchsizeæ˜¯æ­£å¸¸çš„:
 tensor([[9.8822e-01],
        [9.9846e-01],
        [9.9985e-01],
        [1.4936e-02],
        [9.8086e-01],
        [5.8199e-02],
        [2.4969e-02],
        [4.8647e-02],
        [9.9717e-01],
        [9.9753e-01],
        [9.2112e-08],
        [2.3403e-02]], device='cuda:0', grad_fn=<SigmoidBackward0>)
Epoch [84/100], T_AUC: [4m0.9128[0m
Epoch [84/100], Loss: 33.4123
val_Accuracy: [92m0.7721[0m
val_Precision: [4;34m0.7613[0m,               val_Recall: [4;33m0.7931[0m,                 val_F1 Score: [4;35m0.7723[0m
æ ‡ç­¾é‡Œ1çš„ä¸ªæ•°:  430
æ ‡ç­¾é‡Œ0çš„ä¸ªæ•°:  430
æ€»æ•°:  860
æ­£ç¡®çš„ä¸ªæ•°:  664
Epoch [84/100], V_AUC: [4m0.7705[0m
Epoch [85/100], Loss: 25.7621
train_Accuracy: [91m0.9179[0m
train_Precision: [4;34m0.9065[0m,               train_Recall: [4;33m0.9346[0m,                 train_F1 Score: [4;35m0.9174[0m
æ ‡ç­¾é‡Œ1çš„ä¸ªæ•°:  2150
æ ‡ç­¾é‡Œ0çš„ä¸ªæ•°:  2150
æ€»æ•°:  4300
æ­£ç¡®çš„ä¸ªæ•°:  3947
æœ€åä¸€ä¸ªæ‰¹æ¬¡çš„è¾“å‡º, ä¸æ»¡batchsizeæ˜¯æ­£å¸¸çš„:
 tensor([[9.9960e-01],
        [9.8081e-01],
        [9.9985e-01],
        [1.0713e-02],
        [9.9573e-01],
        [2.8994e-02],
        [3.6777e-03],
        [1.6488e-02],
        [9.9820e-01],
        [9.9720e-01],
        [9.7074e-07],
        [2.6685e-03]], device='cuda:0', grad_fn=<SigmoidBackward0>)
Epoch [85/100], T_AUC: [4m0.9212[0m
Epoch [85/100], Loss: 38.4073
val_Accuracy: [92m0.7593[0m
val_Precision: [4;34m0.7420[0m,               val_Recall: [4;33m0.7975[0m,                 val_F1 Score: [4;35m0.7637[0m
æ ‡ç­¾é‡Œ1çš„ä¸ªæ•°:  430
æ ‡ç­¾é‡Œ0çš„ä¸ªæ•°:  430
æ€»æ•°:  860
æ­£ç¡®çš„ä¸ªæ•°:  653
Epoch [85/100], V_AUC: [4m0.7588[0m
Epoch [86/100], Loss: 24.7030
train_Accuracy: [91m0.9242[0m
train_Precision: [4;34m0.9172[0m,               train_Recall: [4;33m0.9357[0m,                 train_F1 Score: [4;35m0.9235[0m
æ ‡ç­¾é‡Œ1çš„ä¸ªæ•°:  2150
æ ‡ç­¾é‡Œ0çš„ä¸ªæ•°:  2150
æ€»æ•°:  4300
æ­£ç¡®çš„ä¸ªæ•°:  3974
æœ€åä¸€ä¸ªæ‰¹æ¬¡çš„è¾“å‡º, ä¸æ»¡batchsizeæ˜¯æ­£å¸¸çš„:
 tensor([[9.9988e-01],
        [9.9867e-01],
        [9.9980e-01],
        [6.8851e-03],
        [9.9940e-01],
        [1.5131e-02],
        [2.9638e-03],
        [1.9117e-02],
        [9.9824e-01],
        [9.9239e-01],
        [3.6363e-08],
        [2.5338e-02]], device='cuda:0', grad_fn=<SigmoidBackward0>)
Epoch [86/100], T_AUC: [4m0.9273[0m
Epoch [86/100], Loss: 41.1122
val_Accuracy: [92m0.7570[0m
val_Precision: [4;34m0.7461[0m,               val_Recall: [4;33m0.7804[0m,                 val_F1 Score: [4;35m0.7573[0m
æ ‡ç­¾é‡Œ1çš„ä¸ªæ•°:  430
æ ‡ç­¾é‡Œ0çš„ä¸ªæ•°:  430
æ€»æ•°:  860
æ­£ç¡®çš„ä¸ªæ•°:  651
Epoch [86/100], V_AUC: [4m0.7553[0m
Epoch [87/100], Loss: 26.1956
train_Accuracy: [91m0.9202[0m
train_Precision: [4;34m0.9073[0m,               train_Recall: [4;33m0.9371[0m,                 train_F1 Score: [4;35m0.9196[0m
æ ‡ç­¾é‡Œ1çš„ä¸ªæ•°:  2150
æ ‡ç­¾é‡Œ0çš„ä¸ªæ•°:  2150
æ€»æ•°:  4300
æ­£ç¡®çš„ä¸ªæ•°:  3957
æœ€åä¸€ä¸ªæ‰¹æ¬¡çš„è¾“å‡º, ä¸æ»¡batchsizeæ˜¯æ­£å¸¸çš„:
 tensor([[9.9999e-01],
        [9.8772e-01],
        [9.9971e-01],
        [9.5238e-03],
        [9.9868e-01],
        [2.0930e-02],
        [4.8714e-03],
        [7.9246e-04],
        [9.8734e-01],
        [9.9893e-01],
        [4.5334e-08],
        [7.7379e-02]], device='cuda:0', grad_fn=<SigmoidBackward0>)
Epoch [87/100], T_AUC: [4m0.9224[0m
Epoch [87/100], Loss: 45.0003
val_Accuracy: [92m0.7558[0m
val_Precision: [4;34m0.7626[0m,               val_Recall: [4;33m0.7477[0m,                 val_F1 Score: [4;35m0.7496[0m
æ ‡ç­¾é‡Œ1çš„ä¸ªæ•°:  430
æ ‡ç­¾é‡Œ0çš„ä¸ªæ•°:  430
æ€»æ•°:  860
æ­£ç¡®çš„ä¸ªæ•°:  650
Epoch [87/100], V_AUC: [4m0.7547[0m
Epoch [88/100], Loss: 24.8415
train_Accuracy: [91m0.9244[0m
train_Precision: [4;34m0.9138[0m,               train_Recall: [4;33m0.9390[0m,                 train_F1 Score: [4;35m0.9237[0m
æ ‡ç­¾é‡Œ1çš„ä¸ªæ•°:  2150
æ ‡ç­¾é‡Œ0çš„ä¸ªæ•°:  2150
æ€»æ•°:  4300
æ­£ç¡®çš„ä¸ªæ•°:  3975
æœ€åä¸€ä¸ªæ‰¹æ¬¡çš„è¾“å‡º, ä¸æ»¡batchsizeæ˜¯æ­£å¸¸çš„:
 tensor([[9.9999e-01],
        [6.9395e-01],
        [9.9981e-01],
        [4.6327e-04],
        [9.9999e-01],
        [2.1128e-02],
        [9.1129e-04],
        [2.8148e-02],
        [9.9907e-01],
        [9.9544e-01],
        [3.5746e-08],
        [7.5441e-03]], device='cuda:0', grad_fn=<SigmoidBackward0>)
Epoch [88/100], T_AUC: [4m0.9269[0m
Epoch [88/100], Loss: 41.3989
val_Accuracy: [92m0.7581[0m
val_Precision: [4;34m0.7505[0m,               val_Recall: [4;33m0.7682[0m,                 val_F1 Score: [4;35m0.7536[0m
æ ‡ç­¾é‡Œ1çš„ä¸ªæ•°:  430
æ ‡ç­¾é‡Œ0çš„ä¸ªæ•°:  430
æ€»æ•°:  860
æ­£ç¡®çš„ä¸ªæ•°:  652
Epoch [88/100], V_AUC: [4m0.7570[0m
Epoch [89/100], Loss: 25.4071
train_Accuracy: [91m0.9163[0m
train_Precision: [4;34m0.9053[0m,               train_Recall: [4;33m0.9317[0m,                 train_F1 Score: [4;35m0.9157[0m
æ ‡ç­¾é‡Œ1çš„ä¸ªæ•°:  2150
æ ‡ç­¾é‡Œ0çš„ä¸ªæ•°:  2150
æ€»æ•°:  4300
æ­£ç¡®çš„ä¸ªæ•°:  3940
æœ€åä¸€ä¸ªæ‰¹æ¬¡çš„è¾“å‡º, ä¸æ»¡batchsizeæ˜¯æ­£å¸¸çš„:
 tensor([[9.9996e-01],
        [9.9922e-01],
        [9.9996e-01],
        [3.4588e-03],
        [9.8617e-01],
        [1.7278e-02],
        [1.2042e-03],
        [2.7078e-02],
        [9.9812e-01],
        [9.9769e-01],
        [1.9087e-07],
        [1.6130e-03]], device='cuda:0', grad_fn=<SigmoidBackward0>)
Epoch [89/100], T_AUC: [4m0.9188[0m
Epoch [89/100], Loss: 41.4674
val_Accuracy: [92m0.7547[0m
val_Precision: [4;34m0.7453[0m,               val_Recall: [4;33m0.7720[0m,                 val_F1 Score: [4;35m0.7533[0m
æ ‡ç­¾é‡Œ1çš„ä¸ªæ•°:  430
æ ‡ç­¾é‡Œ0çš„ä¸ªæ•°:  430
æ€»æ•°:  860
æ­£ç¡®çš„ä¸ªæ•°:  649
Epoch [89/100], V_AUC: [4m0.7545[0m
Epoch [90/100], Loss: 26.9335
train_Accuracy: [91m0.9167[0m
train_Precision: [4;34m0.9044[0m,               train_Recall: [4;33m0.9343[0m,                 train_F1 Score: [4;35m0.9166[0m
æ ‡ç­¾é‡Œ1çš„ä¸ªæ•°:  2150
æ ‡ç­¾é‡Œ0çš„ä¸ªæ•°:  2150
æ€»æ•°:  4300
æ­£ç¡®çš„ä¸ªæ•°:  3942
æœ€åä¸€ä¸ªæ‰¹æ¬¡çš„è¾“å‡º, ä¸æ»¡batchsizeæ˜¯æ­£å¸¸çš„:
 tensor([[9.9989e-01],
        [9.9813e-01],
        [9.9988e-01],
        [8.9739e-03],
        [9.9839e-01],
        [1.8159e-02],
        [1.3924e-03],
        [3.9171e-03],
        [9.9848e-01],
        [9.9850e-01],
        [2.6624e-08],
        [3.0702e-03]], device='cuda:0', grad_fn=<SigmoidBackward0>)
Epoch [90/100], T_AUC: [4m0.9191[0m
Epoch [90/100], Loss: 42.6706
val_Accuracy: [92m0.7558[0m
val_Precision: [4;34m0.7449[0m,               val_Recall: [4;33m0.7703[0m,                 val_F1 Score: [4;35m0.7529[0m
æ ‡ç­¾é‡Œ1çš„ä¸ªæ•°:  430
æ ‡ç­¾é‡Œ0çš„ä¸ªæ•°:  430
æ€»æ•°:  860
æ­£ç¡®çš„ä¸ªæ•°:  650
Epoch [90/100], V_AUC: [4m0.7538[0m
Epoch [91/100], Loss: 24.9747
train_Accuracy: [91m0.9233[0m
train_Precision: [4;34m0.9133[0m,               train_Recall: [4;33m0.9370[0m,                 train_F1 Score: [4;35m0.9226[0m
æ ‡ç­¾é‡Œ1çš„ä¸ªæ•°:  2150
æ ‡ç­¾é‡Œ0çš„ä¸ªæ•°:  2150
æ€»æ•°:  4300
æ­£ç¡®çš„ä¸ªæ•°:  3970
æœ€åä¸€ä¸ªæ‰¹æ¬¡çš„è¾“å‡º, ä¸æ»¡batchsizeæ˜¯æ­£å¸¸çš„:
 tensor([[9.9998e-01],
        [9.9924e-01],
        [9.9997e-01],
        [3.6502e-03],
        [9.8603e-01],
        [1.4160e-02],
        [5.2684e-02],
        [3.4386e-03],
        [9.9956e-01],
        [9.9176e-01],
        [4.4780e-09],
        [3.9523e-03]], device='cuda:0', grad_fn=<SigmoidBackward0>)
Epoch [91/100], T_AUC: [4m0.9263[0m
Epoch [91/100], Loss: 41.2380
val_Accuracy: [92m0.7605[0m
val_Precision: [4;34m0.7501[0m,               val_Recall: [4;33m0.7730[0m,                 val_F1 Score: [4;35m0.7574[0m
æ ‡ç­¾é‡Œ1çš„ä¸ªæ•°:  430
æ ‡ç­¾é‡Œ0çš„ä¸ªæ•°:  430
æ€»æ•°:  860
æ­£ç¡®çš„ä¸ªæ•°:  654
Epoch [91/100], V_AUC: [4m0.7597[0m
Epoch [92/100], Loss: 28.0454
train_Accuracy: [91m0.9112[0m
train_Precision: [4;34m0.9007[0m,               train_Recall: [4;33m0.9273[0m,                 train_F1 Score: [4;35m0.9111[0m
æ ‡ç­¾é‡Œ1çš„ä¸ªæ•°:  2150
æ ‡ç­¾é‡Œ0çš„ä¸ªæ•°:  2150
æ€»æ•°:  4300
æ­£ç¡®çš„ä¸ªæ•°:  3918
æœ€åä¸€ä¸ªæ‰¹æ¬¡çš„è¾“å‡º, ä¸æ»¡batchsizeæ˜¯æ­£å¸¸çš„:
 tensor([[9.9998e-01],
        [9.9386e-01],
        [9.9999e-01],
        [1.5789e-02],
        [9.8976e-01],
        [3.2149e-02],
        [6.0185e-04],
        [6.0280e-02],
        [9.9835e-01],
        [9.9943e-01],
        [2.1137e-08],
        [1.6203e-04]], device='cuda:0', grad_fn=<SigmoidBackward0>)
Epoch [92/100], T_AUC: [4m0.9140[0m
Epoch [92/100], Loss: 42.8574
val_Accuracy: [92m0.7605[0m
val_Precision: [4;34m0.7461[0m,               val_Recall: [4;33m0.7823[0m,                 val_F1 Score: [4;35m0.7600[0m
æ ‡ç­¾é‡Œ1çš„ä¸ªæ•°:  430
æ ‡ç­¾é‡Œ0çš„ä¸ªæ•°:  430
æ€»æ•°:  860
æ­£ç¡®çš„ä¸ªæ•°:  654
Epoch [92/100], V_AUC: [4m0.7596[0m
Epoch [93/100], Loss: 26.1836
train_Accuracy: [91m0.9212[0m
train_Precision: [4;34m0.9138[0m,               train_Recall: [4;33m0.9329[0m,                 train_F1 Score: [4;35m0.9203[0m
æ ‡ç­¾é‡Œ1çš„ä¸ªæ•°:  2150
æ ‡ç­¾é‡Œ0çš„ä¸ªæ•°:  2150
æ€»æ•°:  4300
æ­£ç¡®çš„ä¸ªæ•°:  3961
æœ€åä¸€ä¸ªæ‰¹æ¬¡çš„è¾“å‡º, ä¸æ»¡batchsizeæ˜¯æ­£å¸¸çš„:
 tensor([[1.0000e+00],
        [9.9397e-01],
        [9.9991e-01],
        [3.5278e-03],
        [9.9547e-01],
        [8.7432e-03],
        [2.2818e-03],
        [5.2882e-03],
        [9.6030e-01],
        [9.9811e-01],
        [1.1011e-07],
        [2.4415e-02]], device='cuda:0', grad_fn=<SigmoidBackward0>)
Epoch [93/100], T_AUC: [4m0.9243[0m
Epoch [93/100], Loss: 45.9420
val_Accuracy: [92m0.7581[0m
val_Precision: [4;34m0.7553[0m,               val_Recall: [4;33m0.7647[0m,                 val_F1 Score: [4;35m0.7543[0m
æ ‡ç­¾é‡Œ1çš„ä¸ªæ•°:  430
æ ‡ç­¾é‡Œ0çš„ä¸ªæ•°:  430
æ€»æ•°:  860
æ­£ç¡®çš„ä¸ªæ•°:  652
Epoch [93/100], V_AUC: [4m0.7577[0m
Epoch [94/100], Loss: 22.5723
train_Accuracy: [91m0.9295[0m
train_Precision: [4;34m0.9179[0m,               train_Recall: [4;33m0.9457[0m,                 train_F1 Score: [4;35m0.9290[0m
æ ‡ç­¾é‡Œ1çš„ä¸ªæ•°:  2150
æ ‡ç­¾é‡Œ0çš„ä¸ªæ•°:  2150
æ€»æ•°:  4300
æ­£ç¡®çš„ä¸ªæ•°:  3997
æœ€åä¸€ä¸ªæ‰¹æ¬¡çš„è¾“å‡º, ä¸æ»¡batchsizeæ˜¯æ­£å¸¸çš„:
 tensor([[1.0000e+00],
        [9.9543e-01],
        [9.9996e-01],
        [4.5631e-03],
        [9.8602e-01],
        [1.2792e-02],
        [7.1430e-04],
        [4.8558e-03],
        [9.9116e-01],
        [9.9993e-01],
        [2.7765e-09],
        [7.4644e-03]], device='cuda:0', grad_fn=<SigmoidBackward0>)
Epoch [94/100], T_AUC: [4m0.9327[0m
Epoch [94/100], Loss: 45.4640
val_Accuracy: [92m0.7616[0m
val_Precision: [4;34m0.7478[0m,               val_Recall: [4;33m0.7920[0m,                 val_F1 Score: [4;35m0.7641[0m
æ ‡ç­¾é‡Œ1çš„ä¸ªæ•°:  430
æ ‡ç­¾é‡Œ0çš„ä¸ªæ•°:  430
æ€»æ•°:  860
æ­£ç¡®çš„ä¸ªæ•°:  655
Epoch [94/100], V_AUC: [4m0.7606[0m
Epoch [95/100], Loss: 23.4863
train_Accuracy: [91m0.9293[0m
train_Precision: [4;34m0.9203[0m,               train_Recall: [4;33m0.9411[0m,                 train_F1 Score: [4;35m0.9279[0m
æ ‡ç­¾é‡Œ1çš„ä¸ªæ•°:  2150
æ ‡ç­¾é‡Œ0çš„ä¸ªæ•°:  2150
æ€»æ•°:  4300
æ­£ç¡®çš„ä¸ªæ•°:  3996
æœ€åä¸€ä¸ªæ‰¹æ¬¡çš„è¾“å‡º, ä¸æ»¡batchsizeæ˜¯æ­£å¸¸çš„:
 tensor([[9.9998e-01],
        [8.6082e-01],
        [9.9997e-01],
        [8.4719e-03],
        [9.9171e-01],
        [3.3180e-02],
        [1.6678e-03],
        [2.7824e-02],
        [9.9964e-01],
        [9.9988e-01],
        [6.5046e-09],
        [4.5950e-03]], device='cuda:0', grad_fn=<SigmoidBackward0>)
Epoch [95/100], T_AUC: [4m0.9317[0m
Epoch [95/100], Loss: 39.5045
val_Accuracy: [92m0.7558[0m
val_Precision: [4;34m0.7554[0m,               val_Recall: [4;33m0.7578[0m,                 val_F1 Score: [4;35m0.7511[0m
æ ‡ç­¾é‡Œ1çš„ä¸ªæ•°:  430
æ ‡ç­¾é‡Œ0çš„ä¸ªæ•°:  430
æ€»æ•°:  860
æ­£ç¡®çš„ä¸ªæ•°:  650
Epoch [95/100], V_AUC: [4m0.7539[0m
Epoch [96/100], Loss: 23.2055
train_Accuracy: [91m0.9305[0m
train_Precision: [4;34m0.9181[0m,               train_Recall: [4;33m0.9463[0m,                 train_F1 Score: [4;35m0.9295[0m
æ ‡ç­¾é‡Œ1çš„ä¸ªæ•°:  2150
æ ‡ç­¾é‡Œ0çš„ä¸ªæ•°:  2150
æ€»æ•°:  4300
æ­£ç¡®çš„ä¸ªæ•°:  4001
æœ€åä¸€ä¸ªæ‰¹æ¬¡çš„è¾“å‡º, ä¸æ»¡batchsizeæ˜¯æ­£å¸¸çš„:
 tensor([[9.9994e-01],
        [9.9189e-01],
        [9.9997e-01],
        [1.9979e-03],
        [9.9118e-01],
        [7.8654e-03],
        [3.4930e-02],
        [8.1218e-03],
        [9.9854e-01],
        [9.9962e-01],
        [1.0471e-08],
        [3.4819e-02]], device='cuda:0', grad_fn=<SigmoidBackward0>)
Epoch [96/100], T_AUC: [4m0.9335[0m
Epoch [96/100], Loss: 48.8356
val_Accuracy: [92m0.7500[0m
val_Precision: [4;34m0.7508[0m,               val_Recall: [4;33m0.7496[0m,                 val_F1 Score: [4;35m0.7444[0m
æ ‡ç­¾é‡Œ1çš„ä¸ªæ•°:  430
æ ‡ç­¾é‡Œ0çš„ä¸ªæ•°:  430
æ€»æ•°:  860
æ­£ç¡®çš„ä¸ªæ•°:  645
Epoch [96/100], V_AUC: [4m0.7488[0m
Epoch [97/100], Loss: 25.7815
train_Accuracy: [91m0.9177[0m
train_Precision: [4;34m0.9060[0m,               train_Recall: [4;33m0.9353[0m,                 train_F1 Score: [4;35m0.9173[0m
æ ‡ç­¾é‡Œ1çš„ä¸ªæ•°:  2150
æ ‡ç­¾é‡Œ0çš„ä¸ªæ•°:  2150
æ€»æ•°:  4300
æ­£ç¡®çš„ä¸ªæ•°:  3946
æœ€åä¸€ä¸ªæ‰¹æ¬¡çš„è¾“å‡º, ä¸æ»¡batchsizeæ˜¯æ­£å¸¸çš„:
 tensor([[9.9993e-01],
        [9.9769e-01],
        [9.9998e-01],
        [2.9565e-03],
        [9.9922e-01],
        [1.3121e-02],
        [7.0891e-04],
        [3.0314e-03],
        [9.9949e-01],
        [9.9991e-01],
        [1.5080e-08],
        [4.5857e-03]], device='cuda:0', grad_fn=<SigmoidBackward0>)
Epoch [97/100], T_AUC: [4m0.9213[0m
Epoch [97/100], Loss: 47.8145
val_Accuracy: [92m0.7535[0m
val_Precision: [4;34m0.7529[0m,               val_Recall: [4;33m0.7517[0m,                 val_F1 Score: [4;35m0.7481[0m
æ ‡ç­¾é‡Œ1çš„ä¸ªæ•°:  430
æ ‡ç­¾é‡Œ0çš„ä¸ªæ•°:  430
æ€»æ•°:  860
æ­£ç¡®çš„ä¸ªæ•°:  648
Epoch [97/100], V_AUC: [4m0.7529[0m
Epoch [98/100], Loss: 23.8800
train_Accuracy: [91m0.9272[0m
train_Precision: [4;34m0.9155[0m,               train_Recall: [4;33m0.9443[0m,                 train_F1 Score: [4;35m0.9267[0m
æ ‡ç­¾é‡Œ1çš„ä¸ªæ•°:  2150
æ ‡ç­¾é‡Œ0çš„ä¸ªæ•°:  2150
æ€»æ•°:  4300
æ­£ç¡®çš„ä¸ªæ•°:  3987
æœ€åä¸€ä¸ªæ‰¹æ¬¡çš„è¾“å‡º, ä¸æ»¡batchsizeæ˜¯æ­£å¸¸çš„:
 tensor([[1.0000e+00],
        [9.9429e-01],
        [9.9999e-01],
        [1.0262e-03],
        [9.9229e-01],
        [6.7185e-03],
        [2.8359e-04],
        [2.3785e-01],
        [9.9981e-01],
        [9.7365e-01],
        [3.1189e-10],
        [1.0448e-02]], device='cuda:0', grad_fn=<SigmoidBackward0>)
Epoch [98/100], T_AUC: [4m0.9305[0m
Epoch [98/100], Loss: 51.2235
val_Accuracy: [92m0.7628[0m
val_Precision: [4;34m0.7586[0m,               val_Recall: [4;33m0.7699[0m,                 val_F1 Score: [4;35m0.7580[0m
æ ‡ç­¾é‡Œ1çš„ä¸ªæ•°:  430
æ ‡ç­¾é‡Œ0çš„ä¸ªæ•°:  430
æ€»æ•°:  860
æ­£ç¡®çš„ä¸ªæ•°:  656
Epoch [98/100], V_AUC: [4m0.7611[0m
Epoch [99/100], Loss: 23.4184
train_Accuracy: [91m0.9286[0m
train_Precision: [4;34m0.9189[0m,               train_Recall: [4;33m0.9423[0m,                 train_F1 Score: [4;35m0.9280[0m
æ ‡ç­¾é‡Œ1çš„ä¸ªæ•°:  2150
æ ‡ç­¾é‡Œ0çš„ä¸ªæ•°:  2150
æ€»æ•°:  4300
æ­£ç¡®çš„ä¸ªæ•°:  3993
æœ€åä¸€ä¸ªæ‰¹æ¬¡çš„è¾“å‡º, ä¸æ»¡batchsizeæ˜¯æ­£å¸¸çš„:
 tensor([[1.0000e+00],
        [9.9961e-01],
        [9.9999e-01],
        [5.2313e-04],
        [9.8266e-01],
        [3.9708e-03],
        [6.3041e-05],
        [1.8436e-03],
        [9.9855e-01],
        [9.9792e-01],
        [3.9849e-06],
        [7.0183e-03]], device='cuda:0', grad_fn=<SigmoidBackward0>)
Epoch [99/100], T_AUC: [4m0.9311[0m
Epoch [99/100], Loss: 55.7152
val_Accuracy: [92m0.7535[0m
val_Precision: [4;34m0.7514[0m,               val_Recall: [4;33m0.7597[0m,                 val_F1 Score: [4;35m0.7506[0m
æ ‡ç­¾é‡Œ1çš„ä¸ªæ•°:  430
æ ‡ç­¾é‡Œ0çš„ä¸ªæ•°:  430
æ€»æ•°:  860
æ­£ç¡®çš„ä¸ªæ•°:  648
Epoch [99/100], V_AUC: [4m0.7520[0m
Epoch [100/100], Loss: 22.7404
train_Accuracy: [91m0.9312[0m
train_Precision: [4;34m0.9239[0m,               train_Recall: [4;33m0.9425[0m,                 train_F1 Score: [4;35m0.9309[0m
æ ‡ç­¾é‡Œ1çš„ä¸ªæ•°:  2150
æ ‡ç­¾é‡Œ0çš„ä¸ªæ•°:  2150
æ€»æ•°:  4300
æ­£ç¡®çš„ä¸ªæ•°:  4004
æœ€åä¸€ä¸ªæ‰¹æ¬¡çš„è¾“å‡º, ä¸æ»¡batchsizeæ˜¯æ­£å¸¸çš„:
 tensor([[1.0000e+00],
        [9.7448e-01],
        [9.9997e-01],
        [4.3150e-03],
        [9.9319e-01],
        [8.2072e-03],
        [8.0746e-04],
        [2.4949e-02],
        [9.9846e-01],
        [9.9969e-01],
        [7.2441e-08],
        [4.5787e-04]], device='cuda:0', grad_fn=<SigmoidBackward0>)
Epoch [100/100], T_AUC: [4m0.9333[0m
Epoch [100/100], Loss: 47.0615
val_Accuracy: [92m0.7500[0m
val_Precision: [4;34m0.7385[0m,               val_Recall: [4;33m0.7641[0m,                 val_F1 Score: [4;35m0.7460[0m
æ ‡ç­¾é‡Œ1çš„ä¸ªæ•°:  430
æ ‡ç­¾é‡Œ0çš„ä¸ªæ•°:  430
æ€»æ•°:  860
æ­£ç¡®çš„ä¸ªæ•°:  645
Epoch [100/100], V_AUC: [4m0.7487[0m
ç¬¬0æ‰¹ç¬¬2ä¸ª, 100
ç¬¬0æ‰¹ç¬¬15ä¸ª, 100
ç¬¬1æ‰¹ç¬¬0ä¸ª, 100
ç¬¬1æ‰¹ç¬¬29ä¸ª, 100
ç¬¬1æ‰¹ç¬¬30ä¸ª, 100
send email successfully
