2024-06-25-07:58:23
1æ’åº128-0.4
åˆ›å»ºæ¨¡å‹å®ä¾‹
æ¨¡å‹å®ä¾‹åˆ›å»ºå®Œæˆ
åŠ è½½é¢„è®­ç»ƒå‚æ•°
é¢„è®­ç»ƒå‚æ•°åŠ è½½å®Œæˆ
Epoch [1/100], Loss: 60.3712
train_Accuracy: [91m0.7974[0m
train_Precision: [4;34m0.7913[0m,               train_Recall: [4;33m0.8226[0m,                 train_F1 Score: [4;35m0.8004[0m
æ ‡ç­¾é‡Œ1çš„ä¸ªæ•°:  2150
æ ‡ç­¾é‡Œ0çš„ä¸ªæ•°:  2150
æ€»æ•°:  4300
æ­£ç¡®çš„ä¸ªæ•°:  3429
æœ€åä¸€ä¸ªæ‰¹æ¬¡çš„è¾“å‡º, ä¸æ»¡batchsizeæ˜¯æ­£å¸¸çš„:
 tensor([[0.9195],
        [0.8619],
        [0.9774],
        [0.1574],
        [0.7676],
        [0.1627],
        [0.5965],
        [0.3380],
        [0.4283],
        [0.8915],
        [0.0277],
        [0.0460]], device='cuda:0', grad_fn=<SigmoidBackward0>)
Epoch [1/100], T_AUC: [4m0.8044[0m
Epoch [1/100], Loss: 13.8971
val_Accuracy: [92m0.7930[0m
val_Precision: [4;34m0.7902[0m,               val_Recall: [4;33m0.7869[0m,                 val_F1 Score: [4;35m0.7837[0m
æ ‡ç­¾é‡Œ1çš„ä¸ªæ•°:  430
æ ‡ç­¾é‡Œ0çš„ä¸ªæ•°:  430
æ€»æ•°:  860
æ­£ç¡®çš„ä¸ªæ•°:  682
Epoch [1/100], V_AUC: [4m0.7901[0m
Epoch [2/100], Loss: 58.9369
train_Accuracy: [91m0.8077[0m
train_Precision: [4;34m0.8001[0m,               train_Recall: [4;33m0.8305[0m,                 train_F1 Score: [4;35m0.8091[0m
æ ‡ç­¾é‡Œ1çš„ä¸ªæ•°:  2150
æ ‡ç­¾é‡Œ0çš„ä¸ªæ•°:  2150
æ€»æ•°:  4300
æ­£ç¡®çš„ä¸ªæ•°:  3473
æœ€åä¸€ä¸ªæ‰¹æ¬¡çš„è¾“å‡º, ä¸æ»¡batchsizeæ˜¯æ­£å¸¸çš„:
 tensor([[0.9164],
        [0.8507],
        [0.9769],
        [0.1551],
        [0.7407],
        [0.1575],
        [0.5153],
        [0.4041],
        [0.5118],
        [0.9005],
        [0.0274],
        [0.0558]], device='cuda:0', grad_fn=<SigmoidBackward0>)
Epoch [2/100], T_AUC: [4m0.8137[0m
Epoch [2/100], Loss: 13.8207
val_Accuracy: [92m0.7895[0m
val_Precision: [4;34m0.7861[0m,               val_Recall: [4;33m0.7845[0m,                 val_F1 Score: [4;35m0.7804[0m
æ ‡ç­¾é‡Œ1çš„ä¸ªæ•°:  430
æ ‡ç­¾é‡Œ0çš„ä¸ªæ•°:  430
æ€»æ•°:  860
æ­£ç¡®çš„ä¸ªæ•°:  679
Epoch [2/100], V_AUC: [4m0.7868[0m
Epoch [3/100], Loss: 58.5932
train_Accuracy: [91m0.8088[0m
train_Precision: [4;34m0.8031[0m,               train_Recall: [4;33m0.8297[0m,                 train_F1 Score: [4;35m0.8102[0m
æ ‡ç­¾é‡Œ1çš„ä¸ªæ•°:  2150
æ ‡ç­¾é‡Œ0çš„ä¸ªæ•°:  2150
æ€»æ•°:  4300
æ­£ç¡®çš„ä¸ªæ•°:  3478
æœ€åä¸€ä¸ªæ‰¹æ¬¡çš„è¾“å‡º, ä¸æ»¡batchsizeæ˜¯æ­£å¸¸çš„:
 tensor([[0.8974],
        [0.8411],
        [0.9774],
        [0.1554],
        [0.7561],
        [0.1540],
        [0.5241],
        [0.4316],
        [0.5749],
        [0.8864],
        [0.0304],
        [0.0522]], device='cuda:0', grad_fn=<SigmoidBackward0>)
Epoch [3/100], T_AUC: [4m0.8148[0m
Epoch [3/100], Loss: 13.7538
val_Accuracy: [92m0.7907[0m
val_Precision: [4;34m0.7896[0m,               val_Recall: [4;33m0.7846[0m,                 val_F1 Score: [4;35m0.7813[0m
æ ‡ç­¾é‡Œ1çš„ä¸ªæ•°:  430
æ ‡ç­¾é‡Œ0çš„ä¸ªæ•°:  430
æ€»æ•°:  860
æ­£ç¡®çš„ä¸ªæ•°:  680
Epoch [3/100], V_AUC: [4m0.7881[0m
Epoch [4/100], Loss: 58.2179
train_Accuracy: [91m0.8095[0m
train_Precision: [4;34m0.8042[0m,               train_Recall: [4;33m0.8306[0m,                 train_F1 Score: [4;35m0.8113[0m
æ ‡ç­¾é‡Œ1çš„ä¸ªæ•°:  2150
æ ‡ç­¾é‡Œ0çš„ä¸ªæ•°:  2150
æ€»æ•°:  4300
æ­£ç¡®çš„ä¸ªæ•°:  3481
æœ€åä¸€ä¸ªæ‰¹æ¬¡çš„è¾“å‡º, ä¸æ»¡batchsizeæ˜¯æ­£å¸¸çš„:
 tensor([[0.8986],
        [0.8450],
        [0.9767],
        [0.1562],
        [0.7831],
        [0.1464],
        [0.4936],
        [0.3740],
        [0.5946],
        [0.9032],
        [0.0294],
        [0.0546]], device='cuda:0', grad_fn=<SigmoidBackward0>)
Epoch [4/100], T_AUC: [4m0.8156[0m
Epoch [4/100], Loss: 13.8442
val_Accuracy: [92m0.7907[0m
val_Precision: [4;34m0.7940[0m,               val_Recall: [4;33m0.7756[0m,                 val_F1 Score: [4;35m0.7797[0m
æ ‡ç­¾é‡Œ1çš„ä¸ªæ•°:  430
æ ‡ç­¾é‡Œ0çš„ä¸ªæ•°:  430
æ€»æ•°:  860
æ­£ç¡®çš„ä¸ªæ•°:  680
Epoch [4/100], V_AUC: [4m0.7878[0m
Epoch [5/100], Loss: 58.1122
train_Accuracy: [91m0.8084[0m
train_Precision: [4;34m0.8005[0m,               train_Recall: [4;33m0.8332[0m,                 train_F1 Score: [4;35m0.8107[0m
æ ‡ç­¾é‡Œ1çš„ä¸ªæ•°:  2150
æ ‡ç­¾é‡Œ0çš„ä¸ªæ•°:  2150
æ€»æ•°:  4300
æ­£ç¡®çš„ä¸ªæ•°:  3476
æœ€åä¸€ä¸ªæ‰¹æ¬¡çš„è¾“å‡º, ä¸æ»¡batchsizeæ˜¯æ­£å¸¸çš„:
 tensor([[0.8937],
        [0.8376],
        [0.9757],
        [0.1509],
        [0.8317],
        [0.1447],
        [0.4845],
        [0.3590],
        [0.5731],
        [0.9067],
        [0.0291],
        [0.0556]], device='cuda:0', grad_fn=<SigmoidBackward0>)
Epoch [5/100], T_AUC: [4m0.8145[0m
Epoch [5/100], Loss: 13.8996
val_Accuracy: [92m0.7907[0m
val_Precision: [4;34m0.7942[0m,               val_Recall: [4;33m0.7754[0m,                 val_F1 Score: [4;35m0.7790[0m
æ ‡ç­¾é‡Œ1çš„ä¸ªæ•°:  430
æ ‡ç­¾é‡Œ0çš„ä¸ªæ•°:  430
æ€»æ•°:  860
æ­£ç¡®çš„ä¸ªæ•°:  680
Epoch [5/100], V_AUC: [4m0.7876[0m
Epoch [6/100], Loss: 57.8127
train_Accuracy: [91m0.8105[0m
train_Precision: [4;34m0.8036[0m,               train_Recall: [4;33m0.8336[0m,                 train_F1 Score: [4;35m0.8127[0m
æ ‡ç­¾é‡Œ1çš„ä¸ªæ•°:  2150
æ ‡ç­¾é‡Œ0çš„ä¸ªæ•°:  2150
æ€»æ•°:  4300
æ­£ç¡®çš„ä¸ªæ•°:  3485
æœ€åä¸€ä¸ªæ‰¹æ¬¡çš„è¾“å‡º, ä¸æ»¡batchsizeæ˜¯æ­£å¸¸çš„:
 tensor([[0.8844],
        [0.8316],
        [0.9767],
        [0.1516],
        [0.8436],
        [0.1425],
        [0.4540],
        [0.3725],
        [0.5903],
        [0.8971],
        [0.0311],
        [0.0594]], device='cuda:0', grad_fn=<SigmoidBackward0>)
Epoch [6/100], T_AUC: [4m0.8165[0m
Epoch [6/100], Loss: 13.9694
val_Accuracy: [92m0.7826[0m
val_Precision: [4;34m0.7820[0m,               val_Recall: [4;33m0.7733[0m,                 val_F1 Score: [4;35m0.7725[0m
æ ‡ç­¾é‡Œ1çš„ä¸ªæ•°:  430
æ ‡ç­¾é‡Œ0çš„ä¸ªæ•°:  430
æ€»æ•°:  860
æ­£ç¡®çš„ä¸ªæ•°:  673
Epoch [6/100], V_AUC: [4m0.7798[0m
Epoch [7/100], Loss: 57.4869
train_Accuracy: [91m0.8147[0m
train_Precision: [4;34m0.8067[0m,               train_Recall: [4;33m0.8368[0m,                 train_F1 Score: [4;35m0.8164[0m
æ ‡ç­¾é‡Œ1çš„ä¸ªæ•°:  2150
æ ‡ç­¾é‡Œ0çš„ä¸ªæ•°:  2150
æ€»æ•°:  4300
æ­£ç¡®çš„ä¸ªæ•°:  3503
æœ€åä¸€ä¸ªæ‰¹æ¬¡çš„è¾“å‡º, ä¸æ»¡batchsizeæ˜¯æ­£å¸¸çš„:
 tensor([[0.9011],
        [0.8482],
        [0.9805],
        [0.1416],
        [0.8143],
        [0.1422],
        [0.4422],
        [0.3491],
        [0.5938],
        [0.8834],
        [0.0325],
        [0.0609]], device='cuda:0', grad_fn=<SigmoidBackward0>)
Epoch [7/100], T_AUC: [4m0.8203[0m
Epoch [7/100], Loss: 14.2315
val_Accuracy: [92m0.7849[0m
val_Precision: [4;34m0.7901[0m,               val_Recall: [4;33m0.7690[0m,                 val_F1 Score: [4;35m0.7736[0m
æ ‡ç­¾é‡Œ1çš„ä¸ªæ•°:  430
æ ‡ç­¾é‡Œ0çš„ä¸ªæ•°:  430
æ€»æ•°:  860
æ­£ç¡®çš„ä¸ªæ•°:  675
Epoch [7/100], V_AUC: [4m0.7822[0m
Epoch [8/100], Loss: 57.3131
train_Accuracy: [91m0.8137[0m
train_Precision: [4;34m0.8068[0m,               train_Recall: [4;33m0.8338[0m,                 train_F1 Score: [4;35m0.8148[0m
æ ‡ç­¾é‡Œ1çš„ä¸ªæ•°:  2150
æ ‡ç­¾é‡Œ0çš„ä¸ªæ•°:  2150
æ€»æ•°:  4300
æ­£ç¡®çš„ä¸ªæ•°:  3499
æœ€åä¸€ä¸ªæ‰¹æ¬¡çš„è¾“å‡º, ä¸æ»¡batchsizeæ˜¯æ­£å¸¸çš„:
 tensor([[0.8941],
        [0.8472],
        [0.9809],
        [0.1279],
        [0.7827],
        [0.1418],
        [0.4174],
        [0.4501],
        [0.6450],
        [0.8706],
        [0.0318],
        [0.0602]], device='cuda:0', grad_fn=<SigmoidBackward0>)
Epoch [8/100], T_AUC: [4m0.8185[0m
Epoch [8/100], Loss: 14.1602
val_Accuracy: [92m0.7826[0m
val_Precision: [4;34m0.7827[0m,               val_Recall: [4;33m0.7734[0m,                 val_F1 Score: [4;35m0.7722[0m
æ ‡ç­¾é‡Œ1çš„ä¸ªæ•°:  430
æ ‡ç­¾é‡Œ0çš„ä¸ªæ•°:  430
æ€»æ•°:  860
æ­£ç¡®çš„ä¸ªæ•°:  673
Epoch [8/100], V_AUC: [4m0.7800[0m
Epoch [9/100], Loss: 56.9806
train_Accuracy: [91m0.8153[0m
train_Precision: [4;34m0.8082[0m,               train_Recall: [4;33m0.8360[0m,                 train_F1 Score: [4;35m0.8166[0m
æ ‡ç­¾é‡Œ1çš„ä¸ªæ•°:  2150
æ ‡ç­¾é‡Œ0çš„ä¸ªæ•°:  2150
æ€»æ•°:  4300
æ­£ç¡®çš„ä¸ªæ•°:  3506
æœ€åä¸€ä¸ªæ‰¹æ¬¡çš„è¾“å‡º, ä¸æ»¡batchsizeæ˜¯æ­£å¸¸çš„:
 tensor([[0.9072],
        [0.8467],
        [0.9818],
        [0.1294],
        [0.7617],
        [0.1419],
        [0.4525],
        [0.3755],
        [0.7156],
        [0.8408],
        [0.0334],
        [0.0546]], device='cuda:0', grad_fn=<SigmoidBackward0>)
Epoch [9/100], T_AUC: [4m0.8207[0m
Epoch [9/100], Loss: 14.2961
val_Accuracy: [92m0.7779[0m
val_Precision: [4;34m0.7853[0m,               val_Recall: [4;33m0.7575[0m,                 val_F1 Score: [4;35m0.7651[0m
æ ‡ç­¾é‡Œ1çš„ä¸ªæ•°:  430
æ ‡ç­¾é‡Œ0çš„ä¸ªæ•°:  430
æ€»æ•°:  860
æ­£ç¡®çš„ä¸ªæ•°:  669
Epoch [9/100], V_AUC: [4m0.7757[0m
Epoch [10/100], Loss: 56.7574
train_Accuracy: [91m0.8151[0m
train_Precision: [4;34m0.8087[0m,               train_Recall: [4;33m0.8346[0m,                 train_F1 Score: [4;35m0.8165[0m
æ ‡ç­¾é‡Œ1çš„ä¸ªæ•°:  2150
æ ‡ç­¾é‡Œ0çš„ä¸ªæ•°:  2150
æ€»æ•°:  4300
æ­£ç¡®çš„ä¸ªæ•°:  3505
æœ€åä¸€ä¸ªæ‰¹æ¬¡çš„è¾“å‡º, ä¸æ»¡batchsizeæ˜¯æ­£å¸¸çš„:
 tensor([[0.9049],
        [0.8307],
        [0.9853],
        [0.1317],
        [0.8494],
        [0.1451],
        [0.4547],
        [0.3210],
        [0.6019],
        [0.8376],
        [0.0337],
        [0.0652]], device='cuda:0', grad_fn=<SigmoidBackward0>)
Epoch [10/100], T_AUC: [4m0.8203[0m
Epoch [10/100], Loss: 14.3162
val_Accuracy: [92m0.7802[0m
val_Precision: [4;34m0.7856[0m,               val_Recall: [4;33m0.7643[0m,                 val_F1 Score: [4;35m0.7684[0m
æ ‡ç­¾é‡Œ1çš„ä¸ªæ•°:  430
æ ‡ç­¾é‡Œ0çš„ä¸ªæ•°:  430
æ€»æ•°:  860
æ­£ç¡®çš„ä¸ªæ•°:  671
Epoch [10/100], V_AUC: [4m0.7778[0m
Epoch [11/100], Loss: 56.6479
train_Accuracy: [91m0.8174[0m
train_Precision: [4;34m0.8095[0m,               train_Recall: [4;33m0.8370[0m,                 train_F1 Score: [4;35m0.8182[0m
æ ‡ç­¾é‡Œ1çš„ä¸ªæ•°:  2150
æ ‡ç­¾é‡Œ0çš„ä¸ªæ•°:  2150
æ€»æ•°:  4300
æ­£ç¡®çš„ä¸ªæ•°:  3515
æœ€åä¸€ä¸ªæ‰¹æ¬¡çš„è¾“å‡º, ä¸æ»¡batchsizeæ˜¯æ­£å¸¸çš„:
 tensor([[0.8892],
        [0.8146],
        [0.9860],
        [0.1355],
        [0.8160],
        [0.1469],
        [0.4498],
        [0.3320],
        [0.6644],
        [0.8451],
        [0.0341],
        [0.0672]], device='cuda:0', grad_fn=<SigmoidBackward0>)
Epoch [11/100], T_AUC: [4m0.8223[0m
Epoch [11/100], Loss: 14.3310
val_Accuracy: [92m0.7802[0m
val_Precision: [4;34m0.7902[0m,               val_Recall: [4;33m0.7548[0m,                 val_F1 Score: [4;35m0.7661[0m
æ ‡ç­¾é‡Œ1çš„ä¸ªæ•°:  430
æ ‡ç­¾é‡Œ0çš„ä¸ªæ•°:  430
æ€»æ•°:  860
æ­£ç¡®çš„ä¸ªæ•°:  671
Epoch [11/100], V_AUC: [4m0.7783[0m
Epoch [12/100], Loss: 56.2129
train_Accuracy: [91m0.8202[0m
train_Precision: [4;34m0.8115[0m,               train_Recall: [4;33m0.8436[0m,                 train_F1 Score: [4;35m0.8218[0m
æ ‡ç­¾é‡Œ1çš„ä¸ªæ•°:  2150
æ ‡ç­¾é‡Œ0çš„ä¸ªæ•°:  2150
æ€»æ•°:  4300
æ­£ç¡®çš„ä¸ªæ•°:  3527
æœ€åä¸€ä¸ªæ‰¹æ¬¡çš„è¾“å‡º, ä¸æ»¡batchsizeæ˜¯æ­£å¸¸çš„:
 tensor([[0.8970],
        [0.8202],
        [0.9857],
        [0.1443],
        [0.8620],
        [0.1520],
        [0.4555],
        [0.2871],
        [0.6219],
        [0.8213],
        [0.0329],
        [0.0609]], device='cuda:0', grad_fn=<SigmoidBackward0>)
Epoch [12/100], T_AUC: [4m0.8255[0m
Epoch [12/100], Loss: 14.2951
val_Accuracy: [92m0.7860[0m
val_Precision: [4;34m0.7995[0m,               val_Recall: [4;33m0.7509[0m,                 val_F1 Score: [4;35m0.7686[0m
æ ‡ç­¾é‡Œ1çš„ä¸ªæ•°:  430
æ ‡ç­¾é‡Œ0çš„ä¸ªæ•°:  430
æ€»æ•°:  860
æ­£ç¡®çš„ä¸ªæ•°:  676
Epoch [12/100], V_AUC: [4m0.7835[0m
Epoch [13/100], Loss: 55.8601
train_Accuracy: [91m0.8184[0m
train_Precision: [4;34m0.8096[0m,               train_Recall: [4;33m0.8416[0m,                 train_F1 Score: [4;35m0.8201[0m
æ ‡ç­¾é‡Œ1çš„ä¸ªæ•°:  2150
æ ‡ç­¾é‡Œ0çš„ä¸ªæ•°:  2150
æ€»æ•°:  4300
æ­£ç¡®çš„ä¸ªæ•°:  3519
æœ€åä¸€ä¸ªæ‰¹æ¬¡çš„è¾“å‡º, ä¸æ»¡batchsizeæ˜¯æ­£å¸¸çš„:
 tensor([[0.8990],
        [0.8417],
        [0.9804],
        [0.1281],
        [0.8816],
        [0.1369],
        [0.4127],
        [0.3344],
        [0.6037],
        [0.8509],
        [0.0263],
        [0.0759]], device='cuda:0', grad_fn=<SigmoidBackward0>)
Epoch [13/100], T_AUC: [4m0.8229[0m
Epoch [13/100], Loss: 14.2649
val_Accuracy: [92m0.7744[0m
val_Precision: [4;34m0.7768[0m,               val_Recall: [4;33m0.7581[0m,                 val_F1 Score: [4;35m0.7623[0m
æ ‡ç­¾é‡Œ1çš„ä¸ªæ•°:  430
æ ‡ç­¾é‡Œ0çš„ä¸ªæ•°:  430
æ€»æ•°:  860
æ­£ç¡®çš„ä¸ªæ•°:  666
Epoch [13/100], V_AUC: [4m0.7719[0m
Epoch [14/100], Loss: 55.5295
train_Accuracy: [91m0.8244[0m
train_Precision: [4;34m0.8170[0m,               train_Recall: [4;33m0.8454[0m,                 train_F1 Score: [4;35m0.8260[0m
æ ‡ç­¾é‡Œ1çš„ä¸ªæ•°:  2150
æ ‡ç­¾é‡Œ0çš„ä¸ªæ•°:  2150
æ€»æ•°:  4300
æ­£ç¡®çš„ä¸ªæ•°:  3545
æœ€åä¸€ä¸ªæ‰¹æ¬¡çš„è¾“å‡º, ä¸æ»¡batchsizeæ˜¯æ­£å¸¸çš„:
 tensor([[0.9082],
        [0.8360],
        [0.9802],
        [0.1530],
        [0.8983],
        [0.1394],
        [0.3742],
        [0.2969],
        [0.6148],
        [0.8266],
        [0.0321],
        [0.0590]], device='cuda:0', grad_fn=<SigmoidBackward0>)
Epoch [14/100], T_AUC: [4m0.8295[0m
Epoch [14/100], Loss: 14.4824
val_Accuracy: [92m0.7767[0m
val_Precision: [4;34m0.7787[0m,               val_Recall: [4;33m0.7601[0m,                 val_F1 Score: [4;35m0.7642[0m
æ ‡ç­¾é‡Œ1çš„ä¸ªæ•°:  430
æ ‡ç­¾é‡Œ0çš„ä¸ªæ•°:  430
æ€»æ•°:  860
æ­£ç¡®çš„ä¸ªæ•°:  668
Epoch [14/100], V_AUC: [4m0.7744[0m
Epoch [15/100], Loss: 55.1047
train_Accuracy: [91m0.8235[0m
train_Precision: [4;34m0.8155[0m,               train_Recall: [4;33m0.8455[0m,                 train_F1 Score: [4;35m0.8251[0m
æ ‡ç­¾é‡Œ1çš„ä¸ªæ•°:  2150
æ ‡ç­¾é‡Œ0çš„ä¸ªæ•°:  2150
æ€»æ•°:  4300
æ­£ç¡®çš„ä¸ªæ•°:  3541
æœ€åä¸€ä¸ªæ‰¹æ¬¡çš„è¾“å‡º, ä¸æ»¡batchsizeæ˜¯æ­£å¸¸çš„:
 tensor([[0.9041],
        [0.8489],
        [0.9805],
        [0.1254],
        [0.9228],
        [0.1210],
        [0.3728],
        [0.2792],
        [0.6030],
        [0.8816],
        [0.0232],
        [0.0598]], device='cuda:0', grad_fn=<SigmoidBackward0>)
Epoch [15/100], T_AUC: [4m0.8285[0m
Epoch [15/100], Loss: 14.8645
val_Accuracy: [92m0.7826[0m
val_Precision: [4;34m0.7998[0m,               val_Recall: [4;33m0.7414[0m,                 val_F1 Score: [4;35m0.7642[0m
æ ‡ç­¾é‡Œ1çš„ä¸ªæ•°:  430
æ ‡ç­¾é‡Œ0çš„ä¸ªæ•°:  430
æ€»æ•°:  860
æ­£ç¡®çš„ä¸ªæ•°:  673
Epoch [15/100], V_AUC: [4m0.7796[0m
Epoch [16/100], Loss: 54.8610
train_Accuracy: [91m0.8258[0m
train_Precision: [4;34m0.8167[0m,               train_Recall: [4;33m0.8474[0m,                 train_F1 Score: [4;35m0.8269[0m
æ ‡ç­¾é‡Œ1çš„ä¸ªæ•°:  2150
æ ‡ç­¾é‡Œ0çš„ä¸ªæ•°:  2150
æ€»æ•°:  4300
æ­£ç¡®çš„ä¸ªæ•°:  3551
æœ€åä¸€ä¸ªæ‰¹æ¬¡çš„è¾“å‡º, ä¸æ»¡batchsizeæ˜¯æ­£å¸¸çš„:
 tensor([[0.8952],
        [0.8503],
        [0.9862],
        [0.1582],
        [0.8851],
        [0.1453],
        [0.3181],
        [0.2707],
        [0.5721],
        [0.8410],
        [0.0285],
        [0.0806]], device='cuda:0', grad_fn=<SigmoidBackward0>)
Epoch [16/100], T_AUC: [4m0.8306[0m
Epoch [16/100], Loss: 14.5215
val_Accuracy: [92m0.7744[0m
val_Precision: [4;34m0.7850[0m,               val_Recall: [4;33m0.7453[0m,                 val_F1 Score: [4;35m0.7595[0m
æ ‡ç­¾é‡Œ1çš„ä¸ªæ•°:  430
æ ‡ç­¾é‡Œ0çš„ä¸ªæ•°:  430
æ€»æ•°:  860
æ­£ç¡®çš„ä¸ªæ•°:  666
Epoch [16/100], V_AUC: [4m0.7726[0m
Epoch [17/100], Loss: 55.1842
train_Accuracy: [91m0.8242[0m
train_Precision: [4;34m0.8160[0m,               train_Recall: [4;33m0.8476[0m,                 train_F1 Score: [4;35m0.8262[0m
æ ‡ç­¾é‡Œ1çš„ä¸ªæ•°:  2150
æ ‡ç­¾é‡Œ0çš„ä¸ªæ•°:  2150
æ€»æ•°:  4300
æ­£ç¡®çš„ä¸ªæ•°:  3544
æœ€åä¸€ä¸ªæ‰¹æ¬¡çš„è¾“å‡º, ä¸æ»¡batchsizeæ˜¯æ­£å¸¸çš„:
 tensor([[0.8905],
        [0.8556],
        [0.9836],
        [0.1342],
        [0.8440],
        [0.1336],
        [0.3713],
        [0.2723],
        [0.7309],
        [0.8828],
        [0.0276],
        [0.0437]], device='cuda:0', grad_fn=<SigmoidBackward0>)
Epoch [17/100], T_AUC: [4m0.8299[0m
Epoch [17/100], Loss: 14.5587
val_Accuracy: [92m0.7814[0m
val_Precision: [4;34m0.7972[0m,               val_Recall: [4;33m0.7447[0m,                 val_F1 Score: [4;35m0.7647[0m
æ ‡ç­¾é‡Œ1çš„ä¸ªæ•°:  430
æ ‡ç­¾é‡Œ0çš„ä¸ªæ•°:  430
æ€»æ•°:  860
æ­£ç¡®çš„ä¸ªæ•°:  672
Epoch [17/100], V_AUC: [4m0.7788[0m
Epoch [18/100], Loss: 54.4241
train_Accuracy: [91m0.8244[0m
train_Precision: [4;34m0.8177[0m,               train_Recall: [4;33m0.8449[0m,                 train_F1 Score: [4;35m0.8259[0m
æ ‡ç­¾é‡Œ1çš„ä¸ªæ•°:  2150
æ ‡ç­¾é‡Œ0çš„ä¸ªæ•°:  2150
æ€»æ•°:  4300
æ­£ç¡®çš„ä¸ªæ•°:  3545
æœ€åä¸€ä¸ªæ‰¹æ¬¡çš„è¾“å‡º, ä¸æ»¡batchsizeæ˜¯æ­£å¸¸çš„:
 tensor([[0.8944],
        [0.8863],
        [0.9847],
        [0.1423],
        [0.7074],
        [0.1165],
        [0.3312],
        [0.3759],
        [0.8017],
        [0.8878],
        [0.0206],
        [0.0576]], device='cuda:0', grad_fn=<SigmoidBackward0>)
Epoch [18/100], T_AUC: [4m0.8297[0m
Epoch [18/100], Loss: 15.0432
val_Accuracy: [92m0.7779[0m
val_Precision: [4;34m0.7862[0m,               val_Recall: [4;33m0.7542[0m,                 val_F1 Score: [4;35m0.7644[0m
æ ‡ç­¾é‡Œ1çš„ä¸ªæ•°:  430
æ ‡ç­¾é‡Œ0çš„ä¸ªæ•°:  430
æ€»æ•°:  860
æ­£ç¡®çš„ä¸ªæ•°:  669
Epoch [18/100], V_AUC: [4m0.7759[0m
Epoch [19/100], Loss: 54.3058
train_Accuracy: [91m0.8247[0m
train_Precision: [4;34m0.8156[0m,               train_Recall: [4;33m0.8483[0m,                 train_F1 Score: [4;35m0.8263[0m
æ ‡ç­¾é‡Œ1çš„ä¸ªæ•°:  2150
æ ‡ç­¾é‡Œ0çš„ä¸ªæ•°:  2150
æ€»æ•°:  4300
æ­£ç¡®çš„ä¸ªæ•°:  3546
æœ€åä¸€ä¸ªæ‰¹æ¬¡çš„è¾“å‡º, ä¸æ»¡batchsizeæ˜¯æ­£å¸¸çš„:
 tensor([[0.8975],
        [0.8751],
        [0.9876],
        [0.1510],
        [0.9126],
        [0.0752],
        [0.2863],
        [0.3088],
        [0.5747],
        [0.8589],
        [0.0309],
        [0.0657]], device='cuda:0', grad_fn=<SigmoidBackward0>)
Epoch [19/100], T_AUC: [4m0.8305[0m
Epoch [19/100], Loss: 15.3797
val_Accuracy: [92m0.7628[0m
val_Precision: [4;34m0.7753[0m,               val_Recall: [4;33m0.7329[0m,                 val_F1 Score: [4;35m0.7475[0m
æ ‡ç­¾é‡Œ1çš„ä¸ªæ•°:  430
æ ‡ç­¾é‡Œ0çš„ä¸ªæ•°:  430
æ€»æ•°:  860
æ­£ç¡®çš„ä¸ªæ•°:  656
Epoch [19/100], V_AUC: [4m0.7615[0m
Epoch [20/100], Loss: 53.3856
train_Accuracy: [91m0.8288[0m
train_Precision: [4;34m0.8201[0m,               train_Recall: [4;33m0.8500[0m,                 train_F1 Score: [4;35m0.8297[0m
æ ‡ç­¾é‡Œ1çš„ä¸ªæ•°:  2150
æ ‡ç­¾é‡Œ0çš„ä¸ªæ•°:  2150
æ€»æ•°:  4300
æ­£ç¡®çš„ä¸ªæ•°:  3564
æœ€åä¸€ä¸ªæ‰¹æ¬¡çš„è¾“å‡º, ä¸æ»¡batchsizeæ˜¯æ­£å¸¸çš„:
 tensor([[0.8766],
        [0.8572],
        [0.9861],
        [0.1347],
        [0.8995],
        [0.0780],
        [0.2709],
        [0.3422],
        [0.7424],
        [0.8436],
        [0.0246],
        [0.0656]], device='cuda:0', grad_fn=<SigmoidBackward0>)
Epoch [20/100], T_AUC: [4m0.8345[0m
Epoch [20/100], Loss: 15.0566
val_Accuracy: [92m0.7721[0m
val_Precision: [4;34m0.7765[0m,               val_Recall: [4;33m0.7534[0m,                 val_F1 Score: [4;35m0.7602[0m
æ ‡ç­¾é‡Œ1çš„ä¸ªæ•°:  430
æ ‡ç­¾é‡Œ0çš„ä¸ªæ•°:  430
æ€»æ•°:  860
æ­£ç¡®çš„ä¸ªæ•°:  664
Epoch [20/100], V_AUC: [4m0.7699[0m
Epoch [21/100], Loss: 53.5590
train_Accuracy: [91m0.8347[0m
train_Precision: [4;34m0.8231[0m,               train_Recall: [4;33m0.8605[0m,                 train_F1 Score: [4;35m0.8362[0m
æ ‡ç­¾é‡Œ1çš„ä¸ªæ•°:  2150
æ ‡ç­¾é‡Œ0çš„ä¸ªæ•°:  2150
æ€»æ•°:  4300
æ­£ç¡®çš„ä¸ªæ•°:  3589
æœ€åä¸€ä¸ªæ‰¹æ¬¡çš„è¾“å‡º, ä¸æ»¡batchsizeæ˜¯æ­£å¸¸çš„:
 tensor([[0.9082],
        [0.8657],
        [0.9806],
        [0.1315],
        [0.8758],
        [0.0777],
        [0.2904],
        [0.5475],
        [0.7009],
        [0.8615],
        [0.0281],
        [0.0326]], device='cuda:0', grad_fn=<SigmoidBackward0>)
Epoch [21/100], T_AUC: [4m0.8396[0m
Epoch [21/100], Loss: 15.5427
val_Accuracy: [92m0.7779[0m
val_Precision: [4;34m0.7845[0m,               val_Recall: [4;33m0.7534[0m,                 val_F1 Score: [4;35m0.7639[0m
æ ‡ç­¾é‡Œ1çš„ä¸ªæ•°:  430
æ ‡ç­¾é‡Œ0çš„ä¸ªæ•°:  430
æ€»æ•°:  860
æ­£ç¡®çš„ä¸ªæ•°:  669
Epoch [21/100], V_AUC: [4m0.7746[0m
Epoch [22/100], Loss: 53.2339
train_Accuracy: [91m0.8295[0m
train_Precision: [4;34m0.8215[0m,               train_Recall: [4;33m0.8513[0m,                 train_F1 Score: [4;35m0.8309[0m
æ ‡ç­¾é‡Œ1çš„ä¸ªæ•°:  2150
æ ‡ç­¾é‡Œ0çš„ä¸ªæ•°:  2150
æ€»æ•°:  4300
æ­£ç¡®çš„ä¸ªæ•°:  3567
æœ€åä¸€ä¸ªæ‰¹æ¬¡çš„è¾“å‡º, ä¸æ»¡batchsizeæ˜¯æ­£å¸¸çš„:
 tensor([[0.9059],
        [0.8824],
        [0.9825],
        [0.1244],
        [0.7159],
        [0.0881],
        [0.3799],
        [0.2315],
        [0.8594],
        [0.8853],
        [0.0179],
        [0.0790]], device='cuda:0', grad_fn=<SigmoidBackward0>)
Epoch [22/100], T_AUC: [4m0.8353[0m
Epoch [22/100], Loss: 14.9555
val_Accuracy: [92m0.7709[0m
val_Precision: [4;34m0.7755[0m,               val_Recall: [4;33m0.7468[0m,                 val_F1 Score: [4;35m0.7561[0m
æ ‡ç­¾é‡Œ1çš„ä¸ªæ•°:  430
æ ‡ç­¾é‡Œ0çš„ä¸ªæ•°:  430
æ€»æ•°:  860
æ­£ç¡®çš„ä¸ªæ•°:  663
Epoch [22/100], V_AUC: [4m0.7679[0m
Epoch [23/100], Loss: 52.4478
train_Accuracy: [91m0.8353[0m
train_Precision: [4;34m0.8272[0m,               train_Recall: [4;33m0.8574[0m,                 train_F1 Score: [4;35m0.8367[0m
æ ‡ç­¾é‡Œ1çš„ä¸ªæ•°:  2150
æ ‡ç­¾é‡Œ0çš„ä¸ªæ•°:  2150
æ€»æ•°:  4300
æ­£ç¡®çš„ä¸ªæ•°:  3592
æœ€åä¸€ä¸ªæ‰¹æ¬¡çš„è¾“å‡º, ä¸æ»¡batchsizeæ˜¯æ­£å¸¸çš„:
 tensor([[0.9191],
        [0.8840],
        [0.9813],
        [0.1096],
        [0.6934],
        [0.0961],
        [0.2902],
        [0.3091],
        [0.9045],
        [0.8610],
        [0.0346],
        [0.0422]], device='cuda:0', grad_fn=<SigmoidBackward0>)
Epoch [23/100], T_AUC: [4m0.8409[0m
Epoch [23/100], Loss: 15.3546
val_Accuracy: [92m0.7791[0m
val_Precision: [4;34m0.7913[0m,               val_Recall: [4;33m0.7439[0m,                 val_F1 Score: [4;35m0.7610[0m
æ ‡ç­¾é‡Œ1çš„ä¸ªæ•°:  430
æ ‡ç­¾é‡Œ0çš„ä¸ªæ•°:  430
æ€»æ•°:  860
æ­£ç¡®çš„ä¸ªæ•°:  670
Epoch [23/100], V_AUC: [4m0.7759[0m
Epoch [24/100], Loss: 52.4447
train_Accuracy: [91m0.8312[0m
train_Precision: [4;34m0.8221[0m,               train_Recall: [4;33m0.8531[0m,                 train_F1 Score: [4;35m0.8323[0m
æ ‡ç­¾é‡Œ1çš„ä¸ªæ•°:  2150
æ ‡ç­¾é‡Œ0çš„ä¸ªæ•°:  2150
æ€»æ•°:  4300
æ­£ç¡®çš„ä¸ªæ•°:  3574
æœ€åä¸€ä¸ªæ‰¹æ¬¡çš„è¾“å‡º, ä¸æ»¡batchsizeæ˜¯æ­£å¸¸çš„:
 tensor([[0.9070],
        [0.9116],
        [0.9797],
        [0.1191],
        [0.7432],
        [0.1312],
        [0.2681],
        [0.1986],
        [0.8892],
        [0.8753],
        [0.0304],
        [0.0403]], device='cuda:0', grad_fn=<SigmoidBackward0>)
Epoch [24/100], T_AUC: [4m0.8363[0m
Epoch [24/100], Loss: 15.7654
val_Accuracy: [92m0.7581[0m
val_Precision: [4;34m0.7544[0m,               val_Recall: [4;33m0.7579[0m,                 val_F1 Score: [4;35m0.7509[0m
æ ‡ç­¾é‡Œ1çš„ä¸ªæ•°:  430
æ ‡ç­¾é‡Œ0çš„ä¸ªæ•°:  430
æ€»æ•°:  860
æ­£ç¡®çš„ä¸ªæ•°:  652
Epoch [24/100], V_AUC: [4m0.7575[0m
Epoch [25/100], Loss: 52.1264
train_Accuracy: [91m0.8381[0m
train_Precision: [4;34m0.8300[0m,               train_Recall: [4;33m0.8577[0m,                 train_F1 Score: [4;35m0.8387[0m
æ ‡ç­¾é‡Œ1çš„ä¸ªæ•°:  2150
æ ‡ç­¾é‡Œ0çš„ä¸ªæ•°:  2150
æ€»æ•°:  4300
æ­£ç¡®çš„ä¸ªæ•°:  3604
æœ€åä¸€ä¸ªæ‰¹æ¬¡çš„è¾“å‡º, ä¸æ»¡batchsizeæ˜¯æ­£å¸¸çš„:
 tensor([[0.9052],
        [0.8975],
        [0.9793],
        [0.1186],
        [0.8431],
        [0.0486],
        [0.2457],
        [0.3026],
        [0.9112],
        [0.9337],
        [0.0192],
        [0.0441]], device='cuda:0', grad_fn=<SigmoidBackward0>)
Epoch [25/100], T_AUC: [4m0.8435[0m
Epoch [25/100], Loss: 15.5756
val_Accuracy: [92m0.7767[0m
val_Precision: [4;34m0.7891[0m,               val_Recall: [4;33m0.7438[0m,                 val_F1 Score: [4;35m0.7611[0m
æ ‡ç­¾é‡Œ1çš„ä¸ªæ•°:  430
æ ‡ç­¾é‡Œ0çš„ä¸ªæ•°:  430
æ€»æ•°:  860
æ­£ç¡®çš„ä¸ªæ•°:  668
Epoch [25/100], V_AUC: [4m0.7745[0m
Epoch [26/100], Loss: 50.8172
train_Accuracy: [91m0.8391[0m
train_Precision: [4;34m0.8295[0m,               train_Recall: [4;33m0.8647[0m,                 train_F1 Score: [4;35m0.8408[0m
æ ‡ç­¾é‡Œ1çš„ä¸ªæ•°:  2150
æ ‡ç­¾é‡Œ0çš„ä¸ªæ•°:  2150
æ€»æ•°:  4300
æ­£ç¡®çš„ä¸ªæ•°:  3608
æœ€åä¸€ä¸ªæ‰¹æ¬¡çš„è¾“å‡º, ä¸æ»¡batchsizeæ˜¯æ­£å¸¸çš„:
 tensor([[0.8813],
        [0.8969],
        [0.9854],
        [0.1127],
        [0.7650],
        [0.0433],
        [0.1644],
        [0.3247],
        [0.8793],
        [0.9433],
        [0.0175],
        [0.0676]], device='cuda:0', grad_fn=<SigmoidBackward0>)
Epoch [26/100], T_AUC: [4m0.8451[0m
Epoch [26/100], Loss: 16.0172
val_Accuracy: [92m0.7581[0m
val_Precision: [4;34m0.7605[0m,               val_Recall: [4;33m0.7444[0m,                 val_F1 Score: [4;35m0.7477[0m
æ ‡ç­¾é‡Œ1çš„ä¸ªæ•°:  430
æ ‡ç­¾é‡Œ0çš„ä¸ªæ•°:  430
æ€»æ•°:  860
æ­£ç¡®çš„ä¸ªæ•°:  652
Epoch [26/100], V_AUC: [4m0.7565[0m
Epoch [27/100], Loss: 51.3217
train_Accuracy: [91m0.8400[0m
train_Precision: [4;34m0.8309[0m,               train_Recall: [4;33m0.8614[0m,                 train_F1 Score: [4;35m0.8409[0m
æ ‡ç­¾é‡Œ1çš„ä¸ªæ•°:  2150
æ ‡ç­¾é‡Œ0çš„ä¸ªæ•°:  2150
æ€»æ•°:  4300
æ­£ç¡®çš„ä¸ªæ•°:  3612
æœ€åä¸€ä¸ªæ‰¹æ¬¡çš„è¾“å‡º, ä¸æ»¡batchsizeæ˜¯æ­£å¸¸çš„:
 tensor([[0.9053],
        [0.8695],
        [0.9765],
        [0.0827],
        [0.8011],
        [0.0925],
        [0.1466],
        [0.3317],
        [0.9391],
        [0.9567],
        [0.0226],
        [0.0284]], device='cuda:0', grad_fn=<SigmoidBackward0>)
Epoch [27/100], T_AUC: [4m0.8451[0m
Epoch [27/100], Loss: 15.7814
val_Accuracy: [92m0.7686[0m
val_Precision: [4;34m0.7743[0m,               val_Recall: [4;33m0.7522[0m,                 val_F1 Score: [4;35m0.7579[0m
æ ‡ç­¾é‡Œ1çš„ä¸ªæ•°:  430
æ ‡ç­¾é‡Œ0çš„ä¸ªæ•°:  430
æ€»æ•°:  860
æ­£ç¡®çš„ä¸ªæ•°:  661
Epoch [27/100], V_AUC: [4m0.7657[0m
Epoch [28/100], Loss: 51.3834
train_Accuracy: [91m0.8377[0m
train_Precision: [4;34m0.8283[0m,               train_Recall: [4;33m0.8608[0m,                 train_F1 Score: [4;35m0.8391[0m
æ ‡ç­¾é‡Œ1çš„ä¸ªæ•°:  2150
æ ‡ç­¾é‡Œ0çš„ä¸ªæ•°:  2150
æ€»æ•°:  4300
æ­£ç¡®çš„ä¸ªæ•°:  3602
æœ€åä¸€ä¸ªæ‰¹æ¬¡çš„è¾“å‡º, ä¸æ»¡batchsizeæ˜¯æ­£å¸¸çš„:
 tensor([[0.9427],
        [0.9289],
        [0.9746],
        [0.0753],
        [0.8568],
        [0.0690],
        [0.0923],
        [0.2519],
        [0.9105],
        [0.9380],
        [0.0197],
        [0.0470]], device='cuda:0', grad_fn=<SigmoidBackward0>)
Epoch [28/100], T_AUC: [4m0.8429[0m
Epoch [28/100], Loss: 16.9224
val_Accuracy: [92m0.7663[0m
val_Precision: [4;34m0.7795[0m,               val_Recall: [4;33m0.7343[0m,                 val_F1 Score: [4;35m0.7514[0m
æ ‡ç­¾é‡Œ1çš„ä¸ªæ•°:  430
æ ‡ç­¾é‡Œ0çš„ä¸ªæ•°:  430
æ€»æ•°:  860
æ­£ç¡®çš„ä¸ªæ•°:  659
Epoch [28/100], V_AUC: [4m0.7646[0m
Epoch [29/100], Loss: 50.2546
train_Accuracy: [91m0.8437[0m
train_Precision: [4;34m0.8334[0m,               train_Recall: [4;33m0.8677[0m,                 train_F1 Score: [4;35m0.8446[0m
æ ‡ç­¾é‡Œ1çš„ä¸ªæ•°:  2150
æ ‡ç­¾é‡Œ0çš„ä¸ªæ•°:  2150
æ€»æ•°:  4300
æ­£ç¡®çš„ä¸ªæ•°:  3628
æœ€åä¸€ä¸ªæ‰¹æ¬¡çš„è¾“å‡º, ä¸æ»¡batchsizeæ˜¯æ­£å¸¸çš„:
 tensor([[0.9142],
        [0.8880],
        [0.9845],
        [0.0801],
        [0.9509],
        [0.0148],
        [0.1001],
        [0.3524],
        [0.9365],
        [0.8966],
        [0.0302],
        [0.0353]], device='cuda:0', grad_fn=<SigmoidBackward0>)
Epoch [29/100], T_AUC: [4m0.8493[0m
Epoch [29/100], Loss: 16.4119
val_Accuracy: [92m0.7709[0m
val_Precision: [4;34m0.7813[0m,               val_Recall: [4;33m0.7401[0m,                 val_F1 Score: [4;35m0.7561[0m
æ ‡ç­¾é‡Œ1çš„ä¸ªæ•°:  430
æ ‡ç­¾é‡Œ0çš„ä¸ªæ•°:  430
æ€»æ•°:  860
æ­£ç¡®çš„ä¸ªæ•°:  663
Epoch [29/100], V_AUC: [4m0.7677[0m
Epoch [30/100], Loss: 50.4412
train_Accuracy: [91m0.8428[0m
train_Precision: [4;34m0.8361[0m,               train_Recall: [4;33m0.8611[0m,                 train_F1 Score: [4;35m0.8434[0m
æ ‡ç­¾é‡Œ1çš„ä¸ªæ•°:  2150
æ ‡ç­¾é‡Œ0çš„ä¸ªæ•°:  2150
æ€»æ•°:  4300
æ­£ç¡®çš„ä¸ªæ•°:  3624
æœ€åä¸€ä¸ªæ‰¹æ¬¡çš„è¾“å‡º, ä¸æ»¡batchsizeæ˜¯æ­£å¸¸çš„:
 tensor([[0.9069],
        [0.9151],
        [0.9769],
        [0.0444],
        [0.8826],
        [0.0250],
        [0.3142],
        [0.1873],
        [0.8879],
        [0.9840],
        [0.0171],
        [0.0428]], device='cuda:0', grad_fn=<SigmoidBackward0>)
Epoch [30/100], T_AUC: [4m0.8480[0m
Epoch [30/100], Loss: 15.8300
val_Accuracy: [92m0.7651[0m
val_Precision: [4;34m0.7749[0m,               val_Recall: [4;33m0.7354[0m,                 val_F1 Score: [4;35m0.7500[0m
æ ‡ç­¾é‡Œ1çš„ä¸ªæ•°:  430
æ ‡ç­¾é‡Œ0çš„ä¸ªæ•°:  430
æ€»æ•°:  860
æ­£ç¡®çš„ä¸ªæ•°:  658
Epoch [30/100], V_AUC: [4m0.7624[0m
Epoch [31/100], Loss: 50.0768
train_Accuracy: [91m0.8433[0m
train_Precision: [4;34m0.8323[0m,               train_Recall: [4;33m0.8699[0m,                 train_F1 Score: [4;35m0.8453[0m
æ ‡ç­¾é‡Œ1çš„ä¸ªæ•°:  2150
æ ‡ç­¾é‡Œ0çš„ä¸ªæ•°:  2150
æ€»æ•°:  4300
æ­£ç¡®çš„ä¸ªæ•°:  3626
æœ€åä¸€ä¸ªæ‰¹æ¬¡çš„è¾“å‡º, ä¸æ»¡batchsizeæ˜¯æ­£å¸¸çš„:
 tensor([[0.9125],
        [0.9316],
        [0.9830],
        [0.0569],
        [0.8467],
        [0.0584],
        [0.2853],
        [0.2518],
        [0.9457],
        [0.8915],
        [0.0039],
        [0.1101]], device='cuda:0', grad_fn=<SigmoidBackward0>)
Epoch [31/100], T_AUC: [4m0.8490[0m
Epoch [31/100], Loss: 16.4639
val_Accuracy: [92m0.7628[0m
val_Precision: [4;34m0.7658[0m,               val_Recall: [4;33m0.7560[0m,                 val_F1 Score: [4;35m0.7546[0m
æ ‡ç­¾é‡Œ1çš„ä¸ªæ•°:  430
æ ‡ç­¾é‡Œ0çš„ä¸ªæ•°:  430
æ€»æ•°:  860
æ­£ç¡®çš„ä¸ªæ•°:  656
Epoch [31/100], V_AUC: [4m0.7618[0m
Epoch [32/100], Loss: 50.0374
train_Accuracy: [91m0.8419[0m
train_Precision: [4;34m0.8326[0m,               train_Recall: [4;33m0.8643[0m,                 train_F1 Score: [4;35m0.8431[0m
æ ‡ç­¾é‡Œ1çš„ä¸ªæ•°:  2150
æ ‡ç­¾é‡Œ0çš„ä¸ªæ•°:  2150
æ€»æ•°:  4300
æ­£ç¡®çš„ä¸ªæ•°:  3620
æœ€åä¸€ä¸ªæ‰¹æ¬¡çš„è¾“å‡º, ä¸æ»¡batchsizeæ˜¯æ­£å¸¸çš„:
 tensor([[0.8970],
        [0.9798],
        [0.9605],
        [0.0705],
        [0.9150],
        [0.0419],
        [0.2792],
        [0.2443],
        [0.9428],
        [0.8944],
        [0.0041],
        [0.0601]], device='cuda:0', grad_fn=<SigmoidBackward0>)
Epoch [32/100], T_AUC: [4m0.8475[0m
Epoch [32/100], Loss: 17.2798
val_Accuracy: [92m0.7547[0m
val_Precision: [4;34m0.7477[0m,               val_Recall: [4;33m0.7546[0m,                 val_F1 Score: [4;35m0.7467[0m
æ ‡ç­¾é‡Œ1çš„ä¸ªæ•°:  430
æ ‡ç­¾é‡Œ0çš„ä¸ªæ•°:  430
æ€»æ•°:  860
æ­£ç¡®çš„ä¸ªæ•°:  649
Epoch [32/100], V_AUC: [4m0.7526[0m
Epoch [33/100], Loss: 48.2322
train_Accuracy: [91m0.8470[0m
train_Precision: [4;34m0.8382[0m,               train_Recall: [4;33m0.8701[0m,                 train_F1 Score: [4;35m0.8485[0m
æ ‡ç­¾é‡Œ1çš„ä¸ªæ•°:  2150
æ ‡ç­¾é‡Œ0çš„ä¸ªæ•°:  2150
æ€»æ•°:  4300
æ­£ç¡®çš„ä¸ªæ•°:  3642
æœ€åä¸€ä¸ªæ‰¹æ¬¡çš„è¾“å‡º, ä¸æ»¡batchsizeæ˜¯æ­£å¸¸çš„:
 tensor([[0.9561],
        [0.9633],
        [0.9504],
        [0.0177],
        [0.9686],
        [0.0232],
        [0.1631],
        [0.2643],
        [0.9166],
        [0.9484],
        [0.0121],
        [0.0749]], device='cuda:0', grad_fn=<SigmoidBackward0>)
Epoch [33/100], T_AUC: [4m0.8529[0m
Epoch [33/100], Loss: 17.3105
val_Accuracy: [92m0.7593[0m
val_Precision: [4;34m0.7590[0m,               val_Recall: [4;33m0.7579[0m,                 val_F1 Score: [4;35m0.7529[0m
æ ‡ç­¾é‡Œ1çš„ä¸ªæ•°:  430
æ ‡ç­¾é‡Œ0çš„ä¸ªæ•°:  430
æ€»æ•°:  860
æ­£ç¡®çš„ä¸ªæ•°:  653
Epoch [33/100], V_AUC: [4m0.7589[0m
Epoch [34/100], Loss: 48.8950
train_Accuracy: [91m0.8447[0m
train_Precision: [4;34m0.8356[0m,               train_Recall: [4;33m0.8660[0m,                 train_F1 Score: [4;35m0.8453[0m
æ ‡ç­¾é‡Œ1çš„ä¸ªæ•°:  2150
æ ‡ç­¾é‡Œ0çš„ä¸ªæ•°:  2150
æ€»æ•°:  4300
æ­£ç¡®çš„ä¸ªæ•°:  3632
æœ€åä¸€ä¸ªæ‰¹æ¬¡çš„è¾“å‡º, ä¸æ»¡batchsizeæ˜¯æ­£å¸¸çš„:
 tensor([[0.9176],
        [0.9304],
        [0.9744],
        [0.0630],
        [0.9919],
        [0.0102],
        [0.1700],
        [0.6483],
        [0.8778],
        [0.8880],
        [0.0059],
        [0.0283]], device='cuda:0', grad_fn=<SigmoidBackward0>)
Epoch [34/100], T_AUC: [4m0.8504[0m
Epoch [34/100], Loss: 17.5983
val_Accuracy: [92m0.7686[0m
val_Precision: [4;34m0.7792[0m,               val_Recall: [4;33m0.7471[0m,                 val_F1 Score: [4;35m0.7572[0m
æ ‡ç­¾é‡Œ1çš„ä¸ªæ•°:  430
æ ‡ç­¾é‡Œ0çš„ä¸ªæ•°:  430
æ€»æ•°:  860
æ­£ç¡®çš„ä¸ªæ•°:  661
Epoch [34/100], V_AUC: [4m0.7670[0m
Epoch [35/100], Loss: 47.4547
train_Accuracy: [91m0.8540[0m
train_Precision: [4;34m0.8483[0m,               train_Recall: [4;33m0.8720[0m,                 train_F1 Score: [4;35m0.8548[0m
æ ‡ç­¾é‡Œ1çš„ä¸ªæ•°:  2150
æ ‡ç­¾é‡Œ0çš„ä¸ªæ•°:  2150
æ€»æ•°:  4300
æ­£ç¡®çš„ä¸ªæ•°:  3672
æœ€åä¸€ä¸ªæ‰¹æ¬¡çš„è¾“å‡º, ä¸æ»¡batchsizeæ˜¯æ­£å¸¸çš„:
 tensor([[0.9371],
        [0.9842],
        [0.9628],
        [0.0412],
        [0.9620],
        [0.0123],
        [0.1325],
        [0.1562],
        [0.9477],
        [0.9538],
        [0.0069],
        [0.0891]], device='cuda:0', grad_fn=<SigmoidBackward0>)
Epoch [35/100], T_AUC: [4m0.8596[0m
Epoch [35/100], Loss: 18.0325
val_Accuracy: [92m0.7616[0m
val_Precision: [4;34m0.7699[0m,               val_Recall: [4;33m0.7385[0m,                 val_F1 Score: [4;35m0.7483[0m
æ ‡ç­¾é‡Œ1çš„ä¸ªæ•°:  430
æ ‡ç­¾é‡Œ0çš„ä¸ªæ•°:  430
æ€»æ•°:  860
æ­£ç¡®çš„ä¸ªæ•°:  655
Epoch [35/100], V_AUC: [4m0.7597[0m
Epoch [36/100], Loss: 46.7878
train_Accuracy: [91m0.8523[0m
train_Precision: [4;34m0.8414[0m,               train_Recall: [4;33m0.8744[0m,                 train_F1 Score: [4;35m0.8530[0m
æ ‡ç­¾é‡Œ1çš„ä¸ªæ•°:  2150
æ ‡ç­¾é‡Œ0çš„ä¸ªæ•°:  2150
æ€»æ•°:  4300
æ­£ç¡®çš„ä¸ªæ•°:  3665
æœ€åä¸€ä¸ªæ‰¹æ¬¡çš„è¾“å‡º, ä¸æ»¡batchsizeæ˜¯æ­£å¸¸çš„:
 tensor([[0.9358],
        [0.9888],
        [0.9417],
        [0.0200],
        [0.9925],
        [0.0153],
        [0.2574],
        [0.2668],
        [0.9038],
        [0.8910],
        [0.0020],
        [0.0925]], device='cuda:0', grad_fn=<SigmoidBackward0>)
Epoch [36/100], T_AUC: [4m0.8572[0m
Epoch [36/100], Loss: 17.7783
val_Accuracy: [92m0.7616[0m
val_Precision: [4;34m0.7675[0m,               val_Recall: [4;33m0.7526[0m,                 val_F1 Score: [4;35m0.7538[0m
æ ‡ç­¾é‡Œ1çš„ä¸ªæ•°:  430
æ ‡ç­¾é‡Œ0çš„ä¸ªæ•°:  430
æ€»æ•°:  860
æ­£ç¡®çš„ä¸ªæ•°:  655
Epoch [36/100], V_AUC: [4m0.7607[0m
Epoch [37/100], Loss: 47.0461
train_Accuracy: [91m0.8572[0m
train_Precision: [4;34m0.8502[0m,               train_Recall: [4;33m0.8752[0m,                 train_F1 Score: [4;35m0.8578[0m
æ ‡ç­¾é‡Œ1çš„ä¸ªæ•°:  2150
æ ‡ç­¾é‡Œ0çš„ä¸ªæ•°:  2150
æ€»æ•°:  4300
æ­£ç¡®çš„ä¸ªæ•°:  3686
æœ€åä¸€ä¸ªæ‰¹æ¬¡çš„è¾“å‡º, ä¸æ»¡batchsizeæ˜¯æ­£å¸¸çš„:
 tensor([[0.9790],
        [0.9801],
        [0.9636],
        [0.0558],
        [0.9353],
        [0.0232],
        [0.2829],
        [0.2650],
        [0.9757],
        [0.8229],
        [0.0022],
        [0.0246]], device='cuda:0', grad_fn=<SigmoidBackward0>)
Epoch [37/100], T_AUC: [4m0.8621[0m
Epoch [37/100], Loss: 17.5935
val_Accuracy: [92m0.7640[0m
val_Precision: [4;34m0.7808[0m,               val_Recall: [4;33m0.7301[0m,                 val_F1 Score: [4;35m0.7499[0m
æ ‡ç­¾é‡Œ1çš„ä¸ªæ•°:  430
æ ‡ç­¾é‡Œ0çš„ä¸ªæ•°:  430
æ€»æ•°:  860
æ­£ç¡®çš„ä¸ªæ•°:  657
Epoch [37/100], V_AUC: [4m0.7627[0m
Epoch [38/100], Loss: 47.5972
train_Accuracy: [91m0.8523[0m
train_Precision: [4;34m0.8454[0m,               train_Recall: [4;33m0.8711[0m,                 train_F1 Score: [4;35m0.8533[0m
æ ‡ç­¾é‡Œ1çš„ä¸ªæ•°:  2150
æ ‡ç­¾é‡Œ0çš„ä¸ªæ•°:  2150
æ€»æ•°:  4300
æ­£ç¡®çš„ä¸ªæ•°:  3665
æœ€åä¸€ä¸ªæ‰¹æ¬¡çš„è¾“å‡º, ä¸æ»¡batchsizeæ˜¯æ­£å¸¸çš„:
 tensor([[0.8211],
        [0.9718],
        [0.9689],
        [0.0224],
        [0.9890],
        [0.0289],
        [0.3038],
        [0.2595],
        [0.9370],
        [0.9728],
        [0.0018],
        [0.0442]], device='cuda:0', grad_fn=<SigmoidBackward0>)
Epoch [38/100], T_AUC: [4m0.8579[0m
Epoch [38/100], Loss: 18.6446
val_Accuracy: [92m0.7593[0m
val_Precision: [4;34m0.7523[0m,               val_Recall: [4;33m0.7627[0m,                 val_F1 Score: [4;35m0.7528[0m
æ ‡ç­¾é‡Œ1çš„ä¸ªæ•°:  430
æ ‡ç­¾é‡Œ0çš„ä¸ªæ•°:  430
æ€»æ•°:  860
æ­£ç¡®çš„ä¸ªæ•°:  653
Epoch [38/100], V_AUC: [4m0.7583[0m
Epoch [39/100], Loss: 45.6448
train_Accuracy: [91m0.8560[0m
train_Precision: [4;34m0.8436[0m,               train_Recall: [4;33m0.8822[0m,                 train_F1 Score: [4;35m0.8576[0m
æ ‡ç­¾é‡Œ1çš„ä¸ªæ•°:  2150
æ ‡ç­¾é‡Œ0çš„ä¸ªæ•°:  2150
æ€»æ•°:  4300
æ­£ç¡®çš„ä¸ªæ•°:  3681
æœ€åä¸€ä¸ªæ‰¹æ¬¡çš„è¾“å‡º, ä¸æ»¡batchsizeæ˜¯æ­£å¸¸çš„:
 tensor([[0.9689],
        [0.9685],
        [0.9529],
        [0.0467],
        [0.9816],
        [0.0045],
        [0.2492],
        [0.1771],
        [0.9012],
        [0.9845],
        [0.0052],
        [0.0668]], device='cuda:0', grad_fn=<SigmoidBackward0>)
Epoch [39/100], T_AUC: [4m0.8618[0m
Epoch [39/100], Loss: 19.0675
val_Accuracy: [92m0.7721[0m
val_Precision: [4;34m0.7872[0m,               val_Recall: [4;33m0.7438[0m,                 val_F1 Score: [4;35m0.7597[0m
æ ‡ç­¾é‡Œ1çš„ä¸ªæ•°:  430
æ ‡ç­¾é‡Œ0çš„ä¸ªæ•°:  430
æ€»æ•°:  860
æ­£ç¡®çš„ä¸ªæ•°:  664
Epoch [39/100], V_AUC: [4m0.7723[0m
Epoch [40/100], Loss: 47.1681
train_Accuracy: [91m0.8535[0m
train_Precision: [4;34m0.8443[0m,               train_Recall: [4;33m0.8753[0m,                 train_F1 Score: [4;35m0.8549[0m
æ ‡ç­¾é‡Œ1çš„ä¸ªæ•°:  2150
æ ‡ç­¾é‡Œ0çš„ä¸ªæ•°:  2150
æ€»æ•°:  4300
æ­£ç¡®çš„ä¸ªæ•°:  3670
æœ€åä¸€ä¸ªæ‰¹æ¬¡çš„è¾“å‡º, ä¸æ»¡batchsizeæ˜¯æ­£å¸¸çš„:
 tensor([[9.6692e-01],
        [8.5055e-01],
        [9.8006e-01],
        [9.5606e-02],
        [9.9324e-01],
        [2.7030e-02],
        [2.2152e-01],
        [2.1800e-01],
        [9.3261e-01],
        [9.4964e-01],
        [3.2494e-04],
        [9.6436e-02]], device='cuda:0', grad_fn=<SigmoidBackward0>)
Epoch [40/100], T_AUC: [4m0.8585[0m
Epoch [40/100], Loss: 16.8330
val_Accuracy: [92m0.7628[0m
val_Precision: [4;34m0.7623[0m,               val_Recall: [4;33m0.7606[0m,                 val_F1 Score: [4;35m0.7559[0m
æ ‡ç­¾é‡Œ1çš„ä¸ªæ•°:  430
æ ‡ç­¾é‡Œ0çš„ä¸ªæ•°:  430
æ€»æ•°:  860
æ­£ç¡®çš„ä¸ªæ•°:  656
Epoch [40/100], V_AUC: [4m0.7626[0m
Epoch [41/100], Loss: 46.3049
train_Accuracy: [91m0.8553[0m
train_Precision: [4;34m0.8466[0m,               train_Recall: [4;33m0.8729[0m,                 train_F1 Score: [4;35m0.8553[0m
æ ‡ç­¾é‡Œ1çš„ä¸ªæ•°:  2150
æ ‡ç­¾é‡Œ0çš„ä¸ªæ•°:  2150
æ€»æ•°:  4300
æ­£ç¡®çš„ä¸ªæ•°:  3678
æœ€åä¸€ä¸ªæ‰¹æ¬¡çš„è¾“å‡º, ä¸æ»¡batchsizeæ˜¯æ­£å¸¸çš„:
 tensor([[0.9733],
        [0.9721],
        [0.9520],
        [0.0628],
        [0.9753],
        [0.0151],
        [0.0958],
        [0.1952],
        [0.8844],
        [0.9847],
        [0.0017],
        [0.1051]], device='cuda:0', grad_fn=<SigmoidBackward0>)
Epoch [41/100], T_AUC: [4m0.8598[0m
Epoch [41/100], Loss: 17.7925
val_Accuracy: [92m0.7744[0m
val_Precision: [4;34m0.7830[0m,               val_Recall: [4;33m0.7554[0m,                 val_F1 Score: [4;35m0.7626[0m
æ ‡ç­¾é‡Œ1çš„ä¸ªæ•°:  430
æ ‡ç­¾é‡Œ0çš„ä¸ªæ•°:  430
æ€»æ•°:  860
æ­£ç¡®çš„ä¸ªæ•°:  666
Epoch [41/100], V_AUC: [4m0.7738[0m
Epoch [42/100], Loss: 44.1304
train_Accuracy: [91m0.8619[0m
train_Precision: [4;34m0.8497[0m,               train_Recall: [4;33m0.8841[0m,                 train_F1 Score: [4;35m0.8620[0m
æ ‡ç­¾é‡Œ1çš„ä¸ªæ•°:  2150
æ ‡ç­¾é‡Œ0çš„ä¸ªæ•°:  2150
æ€»æ•°:  4300
æ­£ç¡®çš„ä¸ªæ•°:  3706
æœ€åä¸€ä¸ªæ‰¹æ¬¡çš„è¾“å‡º, ä¸æ»¡batchsizeæ˜¯æ­£å¸¸çš„:
 tensor([[0.8379],
        [0.9958],
        [0.9631],
        [0.0119],
        [0.9530],
        [0.0046],
        [0.1684],
        [0.4245],
        [0.9899],
        [0.9263],
        [0.0081],
        [0.1005]], device='cuda:0', grad_fn=<SigmoidBackward0>)
Epoch [42/100], T_AUC: [4m0.8663[0m
Epoch [42/100], Loss: 20.1514
val_Accuracy: [92m0.7733[0m
val_Precision: [4;34m0.7817[0m,               val_Recall: [4;33m0.7559[0m,                 val_F1 Score: [4;35m0.7635[0m
æ ‡ç­¾é‡Œ1çš„ä¸ªæ•°:  430
æ ‡ç­¾é‡Œ0çš„ä¸ªæ•°:  430
æ€»æ•°:  860
æ­£ç¡®çš„ä¸ªæ•°:  665
Epoch [42/100], V_AUC: [4m0.7719[0m
Epoch [43/100], Loss: 43.2274
train_Accuracy: [91m0.8674[0m
train_Precision: [4;34m0.8603[0m,               train_Recall: [4;33m0.8842[0m,                 train_F1 Score: [4;35m0.8677[0m
æ ‡ç­¾é‡Œ1çš„ä¸ªæ•°:  2150
æ ‡ç­¾é‡Œ0çš„ä¸ªæ•°:  2150
æ€»æ•°:  4300
æ­£ç¡®çš„ä¸ªæ•°:  3730
æœ€åä¸€ä¸ªæ‰¹æ¬¡çš„è¾“å‡º, ä¸æ»¡batchsizeæ˜¯æ­£å¸¸çš„:
 tensor([[9.6896e-01],
        [9.7617e-01],
        [9.5756e-01],
        [8.0128e-03],
        [9.7265e-01],
        [7.2988e-03],
        [3.4328e-01],
        [2.1892e-01],
        [9.9152e-01],
        [9.6814e-01],
        [7.0262e-04],
        [1.0647e-01]], device='cuda:0', grad_fn=<SigmoidBackward0>)
Epoch [43/100], T_AUC: [4m0.8723[0m
Epoch [43/100], Loss: 19.0240
val_Accuracy: [92m0.7640[0m
val_Precision: [4;34m0.7638[0m,               val_Recall: [4;33m0.7582[0m,                 val_F1 Score: [4;35m0.7564[0m
æ ‡ç­¾é‡Œ1çš„ä¸ªæ•°:  430
æ ‡ç­¾é‡Œ0çš„ä¸ªæ•°:  430
æ€»æ•°:  860
æ­£ç¡®çš„ä¸ªæ•°:  657
Epoch [43/100], V_AUC: [4m0.7630[0m
Epoch [44/100], Loss: 44.0167
train_Accuracy: [91m0.8640[0m
train_Precision: [4;34m0.8531[0m,               train_Recall: [4;33m0.8875[0m,                 train_F1 Score: [4;35m0.8656[0m
æ ‡ç­¾é‡Œ1çš„ä¸ªæ•°:  2150
æ ‡ç­¾é‡Œ0çš„ä¸ªæ•°:  2150
æ€»æ•°:  4300
æ­£ç¡®çš„ä¸ªæ•°:  3715
æœ€åä¸€ä¸ªæ‰¹æ¬¡çš„è¾“å‡º, ä¸æ»¡batchsizeæ˜¯æ­£å¸¸çš„:
 tensor([[9.6385e-01],
        [9.9056e-01],
        [9.2601e-01],
        [3.2516e-02],
        [9.9484e-01],
        [1.1343e-02],
        [2.2151e-01],
        [1.5945e-01],
        [9.7495e-01],
        [9.7532e-01],
        [2.6714e-04],
        [9.6409e-02]], device='cuda:0', grad_fn=<SigmoidBackward0>)
Epoch [44/100], T_AUC: [4m0.8691[0m
Epoch [44/100], Loss: 18.7972
val_Accuracy: [92m0.7709[0m
val_Precision: [4;34m0.7718[0m,               val_Recall: [4;33m0.7653[0m,                 val_F1 Score: [4;35m0.7632[0m
æ ‡ç­¾é‡Œ1çš„ä¸ªæ•°:  430
æ ‡ç­¾é‡Œ0çš„ä¸ªæ•°:  430
æ€»æ•°:  860
æ­£ç¡®çš„ä¸ªæ•°:  663
Epoch [44/100], V_AUC: [4m0.7704[0m
Epoch [45/100], Loss: 44.2775
train_Accuracy: [91m0.8658[0m
train_Precision: [4;34m0.8614[0m,               train_Recall: [4;33m0.8810[0m,                 train_F1 Score: [4;35m0.8663[0m
æ ‡ç­¾é‡Œ1çš„ä¸ªæ•°:  2150
æ ‡ç­¾é‡Œ0çš„ä¸ªæ•°:  2150
æ€»æ•°:  4300
æ­£ç¡®çš„ä¸ªæ•°:  3723
æœ€åä¸€ä¸ªæ‰¹æ¬¡çš„è¾“å‡º, ä¸æ»¡batchsizeæ˜¯æ­£å¸¸çš„:
 tensor([[9.6940e-01],
        [9.9302e-01],
        [9.2583e-01],
        [4.2724e-02],
        [9.9881e-01],
        [1.8532e-02],
        [2.6602e-01],
        [1.4777e-01],
        [8.0200e-01],
        [9.4785e-01],
        [3.0991e-04],
        [1.2691e-01]], device='cuda:0', grad_fn=<SigmoidBackward0>)
Epoch [45/100], T_AUC: [4m0.8718[0m
Epoch [45/100], Loss: 18.4008
val_Accuracy: [92m0.7709[0m
val_Precision: [4;34m0.7690[0m,               val_Recall: [4;33m0.7701[0m,                 val_F1 Score: [4;35m0.7643[0m
æ ‡ç­¾é‡Œ1çš„ä¸ªæ•°:  430
æ ‡ç­¾é‡Œ0çš„ä¸ªæ•°:  430
æ€»æ•°:  860
æ­£ç¡®çš„ä¸ªæ•°:  663
Epoch [45/100], V_AUC: [4m0.7705[0m
Epoch [46/100], Loss: 42.5812
train_Accuracy: [91m0.8719[0m
train_Precision: [4;34m0.8633[0m,               train_Recall: [4;33m0.8893[0m,                 train_F1 Score: [4;35m0.8717[0m
æ ‡ç­¾é‡Œ1çš„ä¸ªæ•°:  2150
æ ‡ç­¾é‡Œ0çš„ä¸ªæ•°:  2150
æ€»æ•°:  4300
æ­£ç¡®çš„ä¸ªæ•°:  3749
æœ€åä¸€ä¸ªæ‰¹æ¬¡çš„è¾“å‡º, ä¸æ»¡batchsizeæ˜¯æ­£å¸¸çš„:
 tensor([[5.8719e-01],
        [9.9573e-01],
        [9.6943e-01],
        [4.9806e-02],
        [9.9886e-01],
        [5.2809e-02],
        [1.8451e-01],
        [4.3296e-01],
        [7.1097e-01],
        [9.8229e-01],
        [1.5559e-04],
        [1.0464e-01]], device='cuda:0', grad_fn=<SigmoidBackward0>)
Epoch [46/100], T_AUC: [4m0.8765[0m
Epoch [46/100], Loss: 19.9429
val_Accuracy: [92m0.7581[0m
val_Precision: [4;34m0.7494[0m,               val_Recall: [4;33m0.7694[0m,                 val_F1 Score: [4;35m0.7544[0m
æ ‡ç­¾é‡Œ1çš„ä¸ªæ•°:  430
æ ‡ç­¾é‡Œ0çš„ä¸ªæ•°:  430
æ€»æ•°:  860
æ­£ç¡®çš„ä¸ªæ•°:  652
Epoch [46/100], V_AUC: [4m0.7569[0m
Epoch [47/100], Loss: 42.7541
train_Accuracy: [91m0.8663[0m
train_Precision: [4;34m0.8538[0m,               train_Recall: [4;33m0.8919[0m,                 train_F1 Score: [4;35m0.8678[0m
æ ‡ç­¾é‡Œ1çš„ä¸ªæ•°:  2150
æ ‡ç­¾é‡Œ0çš„ä¸ªæ•°:  2150
æ€»æ•°:  4300
æ­£ç¡®çš„ä¸ªæ•°:  3725
æœ€åä¸€ä¸ªæ‰¹æ¬¡çš„è¾“å‡º, ä¸æ»¡batchsizeæ˜¯æ­£å¸¸çš„:
 tensor([[0.9826],
        [0.9972],
        [0.9126],
        [0.0260],
        [0.9786],
        [0.0928],
        [0.0545],
        [0.0859],
        [0.4995],
        [0.9795],
        [0.0244],
        [0.0620]], device='cuda:0', grad_fn=<SigmoidBackward0>)
Epoch [47/100], T_AUC: [4m0.8716[0m
Epoch [47/100], Loss: 19.4694
val_Accuracy: [92m0.7674[0m
val_Precision: [4;34m0.7804[0m,               val_Recall: [4;33m0.7416[0m,                 val_F1 Score: [4;35m0.7546[0m
æ ‡ç­¾é‡Œ1çš„ä¸ªæ•°:  430
æ ‡ç­¾é‡Œ0çš„ä¸ªæ•°:  430
æ€»æ•°:  860
æ­£ç¡®çš„ä¸ªæ•°:  660
Epoch [47/100], V_AUC: [4m0.7675[0m
Epoch [48/100], Loss: 41.8615
train_Accuracy: [91m0.8721[0m
train_Precision: [4;34m0.8611[0m,               train_Recall: [4;33m0.8957[0m,                 train_F1 Score: [4;35m0.8736[0m
æ ‡ç­¾é‡Œ1çš„ä¸ªæ•°:  2150
æ ‡ç­¾é‡Œ0çš„ä¸ªæ•°:  2150
æ€»æ•°:  4300
æ­£ç¡®çš„ä¸ªæ•°:  3750
æœ€åä¸€ä¸ªæ‰¹æ¬¡çš„è¾“å‡º, ä¸æ»¡batchsizeæ˜¯æ­£å¸¸çš„:
 tensor([[0.9859],
        [0.9918],
        [0.9359],
        [0.0260],
        [0.9851],
        [0.0066],
        [0.0468],
        [0.0746],
        [0.9897],
        [0.9923],
        [0.0015],
        [0.0762]], device='cuda:0', grad_fn=<SigmoidBackward0>)
Epoch [48/100], T_AUC: [4m0.8768[0m
Epoch [48/100], Loss: 20.4131
val_Accuracy: [92m0.7570[0m
val_Precision: [4;34m0.7546[0m,               val_Recall: [4;33m0.7608[0m,                 val_F1 Score: [4;35m0.7518[0m
æ ‡ç­¾é‡Œ1çš„ä¸ªæ•°:  430
æ ‡ç­¾é‡Œ0çš„ä¸ªæ•°:  430
æ€»æ•°:  860
æ­£ç¡®çš„ä¸ªæ•°:  651
Epoch [48/100], V_AUC: [4m0.7577[0m
Epoch [49/100], Loss: 40.7014
train_Accuracy: [91m0.8765[0m
train_Precision: [4;34m0.8668[0m,               train_Recall: [4;33m0.8973[0m,                 train_F1 Score: [4;35m0.8769[0m
æ ‡ç­¾é‡Œ1çš„ä¸ªæ•°:  2150
æ ‡ç­¾é‡Œ0çš„ä¸ªæ•°:  2150
æ€»æ•°:  4300
æ­£ç¡®çš„ä¸ªæ•°:  3769
æœ€åä¸€ä¸ªæ‰¹æ¬¡çš„è¾“å‡º, ä¸æ»¡batchsizeæ˜¯æ­£å¸¸çš„:
 tensor([[8.6517e-01],
        [9.9608e-01],
        [9.1776e-01],
        [4.8837e-02],
        [9.9590e-01],
        [2.7617e-03],
        [1.3117e-01],
        [8.6672e-02],
        [9.8711e-01],
        [9.9868e-01],
        [1.6895e-04],
        [1.1567e-01]], device='cuda:0', grad_fn=<SigmoidBackward0>)
Epoch [49/100], T_AUC: [4m0.8824[0m
Epoch [49/100], Loss: 21.0912
val_Accuracy: [92m0.7628[0m
val_Precision: [4;34m0.7676[0m,               val_Recall: [4;33m0.7545[0m,                 val_F1 Score: [4;35m0.7551[0m
æ ‡ç­¾é‡Œ1çš„ä¸ªæ•°:  430
æ ‡ç­¾é‡Œ0çš„ä¸ªæ•°:  430
æ€»æ•°:  860
æ­£ç¡®çš„ä¸ªæ•°:  656
Epoch [49/100], V_AUC: [4m0.7633[0m
Epoch [50/100], Loss: 40.3114
train_Accuracy: [91m0.8723[0m
train_Precision: [4;34m0.8609[0m,               train_Recall: [4;33m0.8949[0m,                 train_F1 Score: [4;35m0.8734[0m
æ ‡ç­¾é‡Œ1çš„ä¸ªæ•°:  2150
æ ‡ç­¾é‡Œ0çš„ä¸ªæ•°:  2150
æ€»æ•°:  4300
æ­£ç¡®çš„ä¸ªæ•°:  3751
æœ€åä¸€ä¸ªæ‰¹æ¬¡çš„è¾“å‡º, ä¸æ»¡batchsizeæ˜¯æ­£å¸¸çš„:
 tensor([[9.4439e-01],
        [9.8566e-01],
        [9.7641e-01],
        [2.5173e-02],
        [9.9760e-01],
        [1.8200e-03],
        [9.8706e-02],
        [1.4388e-01],
        [9.3579e-01],
        [9.9487e-01],
        [6.4571e-04],
        [1.1887e-01]], device='cuda:0', grad_fn=<SigmoidBackward0>)
Epoch [50/100], T_AUC: [4m0.8773[0m
Epoch [50/100], Loss: 22.1411
val_Accuracy: [92m0.7628[0m
val_Precision: [4;34m0.7705[0m,               val_Recall: [4;33m0.7487[0m,                 val_F1 Score: [4;35m0.7530[0m
æ ‡ç­¾é‡Œ1çš„ä¸ªæ•°:  430
æ ‡ç­¾é‡Œ0çš„ä¸ªæ•°:  430
æ€»æ•°:  860
æ­£ç¡®çš„ä¸ªæ•°:  656
Epoch [50/100], V_AUC: [4m0.7620[0m
Epoch [51/100], Loss: 39.9435
train_Accuracy: [91m0.8705[0m
train_Precision: [4;34m0.8608[0m,               train_Recall: [4;33m0.8912[0m,                 train_F1 Score: [4;35m0.8711[0m
æ ‡ç­¾é‡Œ1çš„ä¸ªæ•°:  2150
æ ‡ç­¾é‡Œ0çš„ä¸ªæ•°:  2150
æ€»æ•°:  4300
æ­£ç¡®çš„ä¸ªæ•°:  3743
æœ€åä¸€ä¸ªæ‰¹æ¬¡çš„è¾“å‡º, ä¸æ»¡batchsizeæ˜¯æ­£å¸¸çš„:
 tensor([[0.9690],
        [0.9974],
        [0.9321],
        [0.0185],
        [0.9891],
        [0.0067],
        [0.0500],
        [0.0582],
        [0.9837],
        [0.9946],
        [0.0013],
        [0.0902]], device='cuda:0', grad_fn=<SigmoidBackward0>)
Epoch [51/100], T_AUC: [4m0.8753[0m
Epoch [51/100], Loss: 21.8631
val_Accuracy: [92m0.7558[0m
val_Precision: [4;34m0.7656[0m,               val_Recall: [4;33m0.7351[0m,                 val_F1 Score: [4;35m0.7444[0m
æ ‡ç­¾é‡Œ1çš„ä¸ªæ•°:  430
æ ‡ç­¾é‡Œ0çš„ä¸ªæ•°:  430
æ€»æ•°:  860
æ­£ç¡®çš„ä¸ªæ•°:  650
Epoch [51/100], V_AUC: [4m0.7555[0m
Epoch [52/100], Loss: 39.2452
train_Accuracy: [91m0.8786[0m
train_Precision: [4;34m0.8670[0m,               train_Recall: [4;33m0.9018[0m,                 train_F1 Score: [4;35m0.8798[0m
æ ‡ç­¾é‡Œ1çš„ä¸ªæ•°:  2150
æ ‡ç­¾é‡Œ0çš„ä¸ªæ•°:  2150
æ€»æ•°:  4300
æ­£ç¡®çš„ä¸ªæ•°:  3778
æœ€åä¸€ä¸ªæ‰¹æ¬¡çš„è¾“å‡º, ä¸æ»¡batchsizeæ˜¯æ­£å¸¸çš„:
 tensor([[9.4400e-01],
        [9.8804e-01],
        [9.8677e-01],
        [2.5618e-02],
        [9.9901e-01],
        [2.4055e-03],
        [1.5318e-01],
        [2.3489e-01],
        [9.9688e-01],
        [9.5897e-01],
        [6.1269e-05],
        [6.4028e-02]], device='cuda:0', grad_fn=<SigmoidBackward0>)
Epoch [52/100], T_AUC: [4m0.8837[0m
Epoch [52/100], Loss: 22.9609
val_Accuracy: [92m0.7663[0m
val_Precision: [4;34m0.7697[0m,               val_Recall: [4;33m0.7491[0m,                 val_F1 Score: [4;35m0.7539[0m
æ ‡ç­¾é‡Œ1çš„ä¸ªæ•°:  430
æ ‡ç­¾é‡Œ0çš„ä¸ªæ•°:  430
æ€»æ•°:  860
æ­£ç¡®çš„ä¸ªæ•°:  659
Epoch [52/100], V_AUC: [4m0.7646[0m
Epoch [53/100], Loss: 38.9671
train_Accuracy: [91m0.8802[0m
train_Precision: [4;34m0.8714[0m,               train_Recall: [4;33m0.8977[0m,                 train_F1 Score: [4;35m0.8802[0m
æ ‡ç­¾é‡Œ1çš„ä¸ªæ•°:  2150
æ ‡ç­¾é‡Œ0çš„ä¸ªæ•°:  2150
æ€»æ•°:  4300
æ­£ç¡®çš„ä¸ªæ•°:  3785
æœ€åä¸€ä¸ªæ‰¹æ¬¡çš„è¾“å‡º, ä¸æ»¡batchsizeæ˜¯æ­£å¸¸çš„:
 tensor([[9.5063e-01],
        [9.7928e-01],
        [9.9330e-01],
        [2.2931e-02],
        [9.9925e-01],
        [4.5455e-03],
        [1.3276e-01],
        [1.2113e-01],
        [9.5746e-01],
        [9.9524e-01],
        [2.5583e-05],
        [9.7226e-02]], device='cuda:0', grad_fn=<SigmoidBackward0>)
Epoch [53/100], T_AUC: [4m0.8848[0m
Epoch [53/100], Loss: 21.7612
val_Accuracy: [92m0.7616[0m
val_Precision: [4;34m0.7692[0m,               val_Recall: [4;33m0.7477[0m,                 val_F1 Score: [4;35m0.7521[0m
æ ‡ç­¾é‡Œ1çš„ä¸ªæ•°:  430
æ ‡ç­¾é‡Œ0çš„ä¸ªæ•°:  430
æ€»æ•°:  860
æ­£ç¡®çš„ä¸ªæ•°:  655
Epoch [53/100], V_AUC: [4m0.7614[0m
Epoch [54/100], Loss: 37.8544
train_Accuracy: [91m0.8823[0m
train_Precision: [4;34m0.8710[0m,               train_Recall: [4;33m0.9043[0m,                 train_F1 Score: [4;35m0.8829[0m
æ ‡ç­¾é‡Œ1çš„ä¸ªæ•°:  2150
æ ‡ç­¾é‡Œ0çš„ä¸ªæ•°:  2150
æ€»æ•°:  4300
æ­£ç¡®çš„ä¸ªæ•°:  3794
æœ€åä¸€ä¸ªæ‰¹æ¬¡çš„è¾“å‡º, ä¸æ»¡batchsizeæ˜¯æ­£å¸¸çš„:
 tensor([[6.3378e-01],
        [9.8836e-01],
        [9.9023e-01],
        [3.6052e-02],
        [9.9979e-01],
        [5.1524e-03],
        [1.8509e-01],
        [1.3638e-01],
        [9.5437e-01],
        [9.9164e-01],
        [4.8556e-05],
        [1.2496e-01]], device='cuda:0', grad_fn=<SigmoidBackward0>)
Epoch [54/100], T_AUC: [4m0.8877[0m
Epoch [54/100], Loss: 22.8831
val_Accuracy: [92m0.7570[0m
val_Precision: [4;34m0.7690[0m,               val_Recall: [4;33m0.7359[0m,                 val_F1 Score: [4;35m0.7457[0m
æ ‡ç­¾é‡Œ1çš„ä¸ªæ•°:  430
æ ‡ç­¾é‡Œ0çš„ä¸ªæ•°:  430
æ€»æ•°:  860
æ­£ç¡®çš„ä¸ªæ•°:  651
Epoch [54/100], V_AUC: [4m0.7575[0m
Epoch [55/100], Loss: 37.9817
train_Accuracy: [91m0.8823[0m
train_Precision: [4;34m0.8714[0m,               train_Recall: [4;33m0.9007[0m,                 train_F1 Score: [4;35m0.8817[0m
æ ‡ç­¾é‡Œ1çš„ä¸ªæ•°:  2150
æ ‡ç­¾é‡Œ0çš„ä¸ªæ•°:  2150
æ€»æ•°:  4300
æ­£ç¡®çš„ä¸ªæ•°:  3794
æœ€åä¸€ä¸ªæ‰¹æ¬¡çš„è¾“å‡º, ä¸æ»¡batchsizeæ˜¯æ­£å¸¸çš„:
 tensor([[9.4108e-01],
        [9.9910e-01],
        [8.9105e-01],
        [3.6609e-02],
        [9.9731e-01],
        [7.5970e-04],
        [7.0951e-02],
        [8.6201e-01],
        [9.6910e-01],
        [9.6369e-01],
        [8.6279e-04],
        [3.7652e-02]], device='cuda:0', grad_fn=<SigmoidBackward0>)
Epoch [55/100], T_AUC: [4m0.8861[0m
Epoch [55/100], Loss: 23.6882
val_Accuracy: [92m0.7640[0m
val_Precision: [4;34m0.7703[0m,               val_Recall: [4;33m0.7532[0m,                 val_F1 Score: [4;35m0.7561[0m
æ ‡ç­¾é‡Œ1çš„ä¸ªæ•°:  430
æ ‡ç­¾é‡Œ0çš„ä¸ªæ•°:  430
æ€»æ•°:  860
æ­£ç¡®çš„ä¸ªæ•°:  657
Epoch [55/100], V_AUC: [4m0.7639[0m
Epoch [56/100], Loss: 37.8690
train_Accuracy: [91m0.8800[0m
train_Precision: [4;34m0.8707[0m,               train_Recall: [4;33m0.8972[0m,                 train_F1 Score: [4;35m0.8800[0m
æ ‡ç­¾é‡Œ1çš„ä¸ªæ•°:  2150
æ ‡ç­¾é‡Œ0çš„ä¸ªæ•°:  2150
æ€»æ•°:  4300
æ­£ç¡®çš„ä¸ªæ•°:  3784
æœ€åä¸€ä¸ªæ‰¹æ¬¡çš„è¾“å‡º, ä¸æ»¡batchsizeæ˜¯æ­£å¸¸çš„:
 tensor([[9.8301e-01],
        [9.8861e-01],
        [9.8671e-01],
        [4.1467e-02],
        [9.7291e-01],
        [3.9007e-03],
        [8.5780e-02],
        [5.9947e-02],
        [9.7980e-01],
        [9.9821e-01],
        [2.1935e-04],
        [5.0772e-02]], device='cuda:0', grad_fn=<SigmoidBackward0>)
Epoch [56/100], T_AUC: [4m0.8847[0m
Epoch [56/100], Loss: 24.6539
val_Accuracy: [92m0.7709[0m
val_Precision: [4;34m0.7861[0m,               val_Recall: [4;33m0.7459[0m,                 val_F1 Score: [4;35m0.7597[0m
æ ‡ç­¾é‡Œ1çš„ä¸ªæ•°:  430
æ ‡ç­¾é‡Œ0çš„ä¸ªæ•°:  430
æ€»æ•°:  860
æ­£ç¡®çš„ä¸ªæ•°:  663
Epoch [56/100], V_AUC: [4m0.7705[0m
Epoch [57/100], Loss: 36.2246
train_Accuracy: [91m0.8900[0m
train_Precision: [4;34m0.8796[0m,               train_Recall: [4;33m0.9094[0m,                 train_F1 Score: [4;35m0.8903[0m
æ ‡ç­¾é‡Œ1çš„ä¸ªæ•°:  2150
æ ‡ç­¾é‡Œ0çš„ä¸ªæ•°:  2150
æ€»æ•°:  4300
æ­£ç¡®çš„ä¸ªæ•°:  3827
æœ€åä¸€ä¸ªæ‰¹æ¬¡çš„è¾“å‡º, ä¸æ»¡batchsizeæ˜¯æ­£å¸¸çš„:
 tensor([[9.6827e-01],
        [9.9834e-01],
        [9.5794e-01],
        [5.5321e-03],
        [9.9970e-01],
        [1.1846e-02],
        [9.5282e-02],
        [8.6701e-02],
        [9.5586e-01],
        [9.4907e-01],
        [2.8257e-04],
        [4.4415e-02]], device='cuda:0', grad_fn=<SigmoidBackward0>)
Epoch [57/100], T_AUC: [4m0.8943[0m
Epoch [57/100], Loss: 24.5780
val_Accuracy: [92m0.7558[0m
val_Precision: [4;34m0.7746[0m,               val_Recall: [4;33m0.7216[0m,                 val_F1 Score: [4;35m0.7417[0m
æ ‡ç­¾é‡Œ1çš„ä¸ªæ•°:  430
æ ‡ç­¾é‡Œ0çš„ä¸ªæ•°:  430
æ€»æ•°:  860
æ­£ç¡®çš„ä¸ªæ•°:  650
Epoch [57/100], V_AUC: [4m0.7562[0m
Epoch [58/100], Loss: 37.7217
train_Accuracy: [91m0.8802[0m
train_Precision: [4;34m0.8697[0m,               train_Recall: [4;33m0.9001[0m,                 train_F1 Score: [4;35m0.8805[0m
æ ‡ç­¾é‡Œ1çš„ä¸ªæ•°:  2150
æ ‡ç­¾é‡Œ0çš„ä¸ªæ•°:  2150
æ€»æ•°:  4300
æ­£ç¡®çš„ä¸ªæ•°:  3785
æœ€åä¸€ä¸ªæ‰¹æ¬¡çš„è¾“å‡º, ä¸æ»¡batchsizeæ˜¯æ­£å¸¸çš„:
 tensor([[9.4458e-01],
        [9.9835e-01],
        [9.9055e-01],
        [1.7583e-02],
        [9.9630e-01],
        [9.7460e-03],
        [1.7052e-02],
        [1.0245e-01],
        [9.6998e-01],
        [9.9194e-01],
        [6.8466e-05],
        [1.3320e-01]], device='cuda:0', grad_fn=<SigmoidBackward0>)
Epoch [58/100], T_AUC: [4m0.8837[0m
Epoch [58/100], Loss: 24.5509
val_Accuracy: [92m0.7663[0m
val_Precision: [4;34m0.7833[0m,               val_Recall: [4;33m0.7410[0m,                 val_F1 Score: [4;35m0.7556[0m
æ ‡ç­¾é‡Œ1çš„ä¸ªæ•°:  430
æ ‡ç­¾é‡Œ0çš„ä¸ªæ•°:  430
æ€»æ•°:  860
æ­£ç¡®çš„ä¸ªæ•°:  659
Epoch [58/100], V_AUC: [4m0.7656[0m
Epoch [59/100], Loss: 40.2621
train_Accuracy: [91m0.8751[0m
train_Precision: [4;34m0.8649[0m,               train_Recall: [4;33m0.8958[0m,                 train_F1 Score: [4;35m0.8751[0m
æ ‡ç­¾é‡Œ1çš„ä¸ªæ•°:  2150
æ ‡ç­¾é‡Œ0çš„ä¸ªæ•°:  2150
æ€»æ•°:  4300
æ­£ç¡®çš„ä¸ªæ•°:  3763
æœ€åä¸€ä¸ªæ‰¹æ¬¡çš„è¾“å‡º, ä¸æ»¡batchsizeæ˜¯æ­£å¸¸çš„:
 tensor([[8.9847e-01],
        [9.6878e-01],
        [9.9895e-01],
        [3.1945e-02],
        [9.9769e-01],
        [1.4006e-02],
        [2.8722e-01],
        [1.0869e-01],
        [9.7486e-01],
        [9.9853e-01],
        [1.3886e-06],
        [5.6591e-02]], device='cuda:0', grad_fn=<SigmoidBackward0>)
Epoch [59/100], T_AUC: [4m0.8807[0m
Epoch [59/100], Loss: 21.7960
val_Accuracy: [92m0.7605[0m
val_Precision: [4;34m0.7652[0m,               val_Recall: [4;33m0.7576[0m,                 val_F1 Score: [4;35m0.7549[0m
æ ‡ç­¾é‡Œ1çš„ä¸ªæ•°:  430
æ ‡ç­¾é‡Œ0çš„ä¸ªæ•°:  430
æ€»æ•°:  860
æ­£ç¡®çš„ä¸ªæ•°:  654
Epoch [59/100], V_AUC: [4m0.7617[0m
Epoch [60/100], Loss: 39.5219
train_Accuracy: [91m0.8770[0m
train_Precision: [4;34m0.8649[0m,               train_Recall: [4;33m0.9002[0m,                 train_F1 Score: [4;35m0.8777[0m
æ ‡ç­¾é‡Œ1çš„ä¸ªæ•°:  2150
æ ‡ç­¾é‡Œ0çš„ä¸ªæ•°:  2150
æ€»æ•°:  4300
æ­£ç¡®çš„ä¸ªæ•°:  3771
æœ€åä¸€ä¸ªæ‰¹æ¬¡çš„è¾“å‡º, ä¸æ»¡batchsizeæ˜¯æ­£å¸¸çš„:
 tensor([[9.4371e-01],
        [9.9710e-01],
        [9.8963e-01],
        [3.8975e-02],
        [9.9657e-01],
        [6.2710e-03],
        [1.6184e-01],
        [4.1909e-03],
        [9.7618e-01],
        [9.9367e-01],
        [4.8521e-04],
        [5.3725e-02]], device='cuda:0', grad_fn=<SigmoidBackward0>)
Epoch [60/100], T_AUC: [4m0.8817[0m
Epoch [60/100], Loss: 21.4725
val_Accuracy: [92m0.7605[0m
val_Precision: [4;34m0.7668[0m,               val_Recall: [4;33m0.7485[0m,                 val_F1 Score: [4;35m0.7521[0m
æ ‡ç­¾é‡Œ1çš„ä¸ªæ•°:  430
æ ‡ç­¾é‡Œ0çš„ä¸ªæ•°:  430
æ€»æ•°:  860
æ­£ç¡®çš„ä¸ªæ•°:  654
Epoch [60/100], V_AUC: [4m0.7599[0m
Epoch [61/100], Loss: 36.9335
train_Accuracy: [91m0.8847[0m
train_Precision: [4;34m0.8750[0m,               train_Recall: [4;33m0.9031[0m,                 train_F1 Score: [4;35m0.8850[0m
æ ‡ç­¾é‡Œ1çš„ä¸ªæ•°:  2150
æ ‡ç­¾é‡Œ0çš„ä¸ªæ•°:  2150
æ€»æ•°:  4300
æ­£ç¡®çš„ä¸ªæ•°:  3804
æœ€åä¸€ä¸ªæ‰¹æ¬¡çš„è¾“å‡º, ä¸æ»¡batchsizeæ˜¯æ­£å¸¸çš„:
 tensor([[9.7031e-01],
        [9.9848e-01],
        [9.6438e-01],
        [5.0368e-02],
        [9.9917e-01],
        [4.3618e-03],
        [1.1614e-02],
        [4.2759e-02],
        [9.9167e-01],
        [9.9436e-01],
        [2.8014e-05],
        [1.4243e-01]], device='cuda:0', grad_fn=<SigmoidBackward0>)
Epoch [61/100], T_AUC: [4m0.8892[0m
Epoch [61/100], Loss: 23.3778
val_Accuracy: [92m0.7547[0m
val_Precision: [4;34m0.7581[0m,               val_Recall: [4;33m0.7504[0m,                 val_F1 Score: [4;35m0.7486[0m
æ ‡ç­¾é‡Œ1çš„ä¸ªæ•°:  430
æ ‡ç­¾é‡Œ0çš„ä¸ªæ•°:  430
æ€»æ•°:  860
æ­£ç¡®çš„ä¸ªæ•°:  649
Epoch [61/100], V_AUC: [4m0.7536[0m
Epoch [62/100], Loss: 37.5453
train_Accuracy: [91m0.8830[0m
train_Precision: [4;34m0.8706[0m,               train_Recall: [4;33m0.9054[0m,                 train_F1 Score: [4;35m0.8834[0m
æ ‡ç­¾é‡Œ1çš„ä¸ªæ•°:  2150
æ ‡ç­¾é‡Œ0çš„ä¸ªæ•°:  2150
æ€»æ•°:  4300
æ­£ç¡®çš„ä¸ªæ•°:  3797
æœ€åä¸€ä¸ªæ‰¹æ¬¡çš„è¾“å‡º, ä¸æ»¡batchsizeæ˜¯æ­£å¸¸çš„:
 tensor([[9.6391e-01],
        [9.9606e-01],
        [9.9700e-01],
        [4.9840e-02],
        [9.9890e-01],
        [2.2594e-02],
        [1.0910e-02],
        [1.3034e-01],
        [7.9569e-01],
        [9.9645e-01],
        [9.9488e-06],
        [4.7049e-02]], device='cuda:0', grad_fn=<SigmoidBackward0>)
Epoch [62/100], T_AUC: [4m0.8885[0m
Epoch [62/100], Loss: 27.1180
val_Accuracy: [92m0.7651[0m
val_Precision: [4;34m0.7843[0m,               val_Recall: [4;33m0.7345[0m,                 val_F1 Score: [4;35m0.7528[0m
æ ‡ç­¾é‡Œ1çš„ä¸ªæ•°:  430
æ ‡ç­¾é‡Œ0çš„ä¸ªæ•°:  430
æ€»æ•°:  860
æ­£ç¡®çš„ä¸ªæ•°:  658
Epoch [62/100], V_AUC: [4m0.7629[0m
Epoch [63/100], Loss: 36.5873
train_Accuracy: [91m0.8863[0m
train_Precision: [4;34m0.8744[0m,               train_Recall: [4;33m0.9061[0m,                 train_F1 Score: [4;35m0.8863[0m
æ ‡ç­¾é‡Œ1çš„ä¸ªæ•°:  2150
æ ‡ç­¾é‡Œ0çš„ä¸ªæ•°:  2150
æ€»æ•°:  4300
æ­£ç¡®çš„ä¸ªæ•°:  3811
æœ€åä¸€ä¸ªæ‰¹æ¬¡çš„è¾“å‡º, ä¸æ»¡batchsizeæ˜¯æ­£å¸¸çš„:
 tensor([[9.8751e-01],
        [9.9745e-01],
        [9.5496e-01],
        [4.8116e-02],
        [9.9476e-01],
        [8.3582e-03],
        [4.8362e-02],
        [6.7757e-02],
        [8.5827e-01],
        [9.9977e-01],
        [5.9262e-06],
        [8.5059e-02]], device='cuda:0', grad_fn=<SigmoidBackward0>)
Epoch [63/100], T_AUC: [4m0.8905[0m
Epoch [63/100], Loss: 23.5178
val_Accuracy: [92m0.7570[0m
val_Precision: [4;34m0.7673[0m,               val_Recall: [4;33m0.7382[0m,                 val_F1 Score: [4;35m0.7466[0m
æ ‡ç­¾é‡Œ1çš„ä¸ªæ•°:  430
æ ‡ç­¾é‡Œ0çš„ä¸ªæ•°:  430
æ€»æ•°:  860
æ­£ç¡®çš„ä¸ªæ•°:  651
Epoch [63/100], V_AUC: [4m0.7572[0m
Epoch [64/100], Loss: 33.8050
train_Accuracy: [91m0.8951[0m
train_Precision: [4;34m0.8839[0m,               train_Recall: [4;33m0.9135[0m,                 train_F1 Score: [4;35m0.8948[0m
æ ‡ç­¾é‡Œ1çš„ä¸ªæ•°:  2150
æ ‡ç­¾é‡Œ0çš„ä¸ªæ•°:  2150
æ€»æ•°:  4300
æ­£ç¡®çš„ä¸ªæ•°:  3849
æœ€åä¸€ä¸ªæ‰¹æ¬¡çš„è¾“å‡º, ä¸æ»¡batchsizeæ˜¯æ­£å¸¸çš„:
 tensor([[9.9523e-01],
        [9.9596e-01],
        [9.8139e-01],
        [3.9053e-02],
        [9.9671e-01],
        [1.7258e-02],
        [2.5202e-02],
        [5.8673e-02],
        [9.6417e-01],
        [9.9747e-01],
        [1.0404e-06],
        [9.5185e-02]], device='cuda:0', grad_fn=<SigmoidBackward0>)
Epoch [64/100], T_AUC: [4m0.8996[0m
Epoch [64/100], Loss: 25.4673
val_Accuracy: [92m0.7616[0m
val_Precision: [4;34m0.7720[0m,               val_Recall: [4;33m0.7424[0m,                 val_F1 Score: [4;35m0.7509[0m
æ ‡ç­¾é‡Œ1çš„ä¸ªæ•°:  430
æ ‡ç­¾é‡Œ0çš„ä¸ªæ•°:  430
æ€»æ•°:  860
æ­£ç¡®çš„ä¸ªæ•°:  655
Epoch [64/100], V_AUC: [4m0.7611[0m
Epoch [65/100], Loss: 34.1956
train_Accuracy: [91m0.8930[0m
train_Precision: [4;34m0.8804[0m,               train_Recall: [4;33m0.9146[0m,                 train_F1 Score: [4;35m0.8934[0m
æ ‡ç­¾é‡Œ1çš„ä¸ªæ•°:  2150
æ ‡ç­¾é‡Œ0çš„ä¸ªæ•°:  2150
æ€»æ•°:  4300
æ­£ç¡®çš„ä¸ªæ•°:  3840
æœ€åä¸€ä¸ªæ‰¹æ¬¡çš„è¾“å‡º, ä¸æ»¡batchsizeæ˜¯æ­£å¸¸çš„:
 tensor([[9.1376e-01],
        [9.9817e-01],
        [9.9436e-01],
        [1.3354e-02],
        [9.9981e-01],
        [9.4774e-03],
        [5.6349e-03],
        [3.9916e-02],
        [9.6480e-01],
        [9.9563e-01],
        [1.9095e-05],
        [3.8506e-02]], device='cuda:0', grad_fn=<SigmoidBackward0>)
Epoch [65/100], T_AUC: [4m0.8974[0m
Epoch [65/100], Loss: 27.0506
val_Accuracy: [92m0.7640[0m
val_Precision: [4;34m0.7805[0m,               val_Recall: [4;33m0.7325[0m,                 val_F1 Score: [4;35m0.7505[0m
æ ‡ç­¾é‡Œ1çš„ä¸ªæ•°:  430
æ ‡ç­¾é‡Œ0çš„ä¸ªæ•°:  430
æ€»æ•°:  860
æ­£ç¡®çš„ä¸ªæ•°:  657
Epoch [65/100], V_AUC: [4m0.7647[0m
Epoch [66/100], Loss: 32.3648
train_Accuracy: [91m0.9044[0m
train_Precision: [4;34m0.8936[0m,               train_Recall: [4;33m0.9205[0m,                 train_F1 Score: [4;35m0.9038[0m
æ ‡ç­¾é‡Œ1çš„ä¸ªæ•°:  2150
æ ‡ç­¾é‡Œ0çš„ä¸ªæ•°:  2150
æ€»æ•°:  4300
æ­£ç¡®çš„ä¸ªæ•°:  3889
æœ€åä¸€ä¸ªæ‰¹æ¬¡çš„è¾“å‡º, ä¸æ»¡batchsizeæ˜¯æ­£å¸¸çš„:
 tensor([[9.2543e-01],
        [9.9872e-01],
        [9.9349e-01],
        [2.3588e-02],
        [9.9968e-01],
        [3.6081e-03],
        [3.6647e-02],
        [1.1256e-01],
        [9.9611e-01],
        [9.9871e-01],
        [1.0253e-07],
        [1.4835e-01]], device='cuda:0', grad_fn=<SigmoidBackward0>)
Epoch [66/100], T_AUC: [4m0.9088[0m
Epoch [66/100], Loss: 29.6418
val_Accuracy: [92m0.7477[0m
val_Precision: [4;34m0.7485[0m,               val_Recall: [4;33m0.7505[0m,                 val_F1 Score: [4;35m0.7419[0m
æ ‡ç­¾é‡Œ1çš„ä¸ªæ•°:  430
æ ‡ç­¾é‡Œ0çš„ä¸ªæ•°:  430
æ€»æ•°:  860
æ­£ç¡®çš„ä¸ªæ•°:  643
Epoch [66/100], V_AUC: [4m0.7489[0m
Epoch [67/100], Loss: 32.7445
train_Accuracy: [91m0.8993[0m
train_Precision: [4;34m0.8850[0m,               train_Recall: [4;33m0.9219[0m,                 train_F1 Score: [4;35m0.8996[0m
æ ‡ç­¾é‡Œ1çš„ä¸ªæ•°:  2150
æ ‡ç­¾é‡Œ0çš„ä¸ªæ•°:  2150
æ€»æ•°:  4300
æ­£ç¡®çš„ä¸ªæ•°:  3867
æœ€åä¸€ä¸ªæ‰¹æ¬¡çš„è¾“å‡º, ä¸æ»¡batchsizeæ˜¯æ­£å¸¸çš„:
 tensor([[9.8428e-01],
        [9.9986e-01],
        [9.5703e-01],
        [1.5951e-02],
        [9.9368e-01],
        [6.3417e-03],
        [1.0534e-01],
        [5.5408e-03],
        [9.9927e-01],
        [9.9854e-01],
        [3.4123e-06],
        [3.5792e-02]], device='cuda:0', grad_fn=<SigmoidBackward0>)
Epoch [67/100], T_AUC: [4m0.9036[0m
Epoch [67/100], Loss: 31.8557
val_Accuracy: [92m0.7465[0m
val_Precision: [4;34m0.7568[0m,               val_Recall: [4;33m0.7321[0m,                 val_F1 Score: [4;35m0.7381[0m
æ ‡ç­¾é‡Œ1çš„ä¸ªæ•°:  430
æ ‡ç­¾é‡Œ0çš„ä¸ªæ•°:  430
æ€»æ•°:  860
æ­£ç¡®çš„ä¸ªæ•°:  642
Epoch [67/100], V_AUC: [4m0.7470[0m
Epoch [68/100], Loss: 31.1968
train_Accuracy: [91m0.9040[0m
train_Precision: [4;34m0.8950[0m,               train_Recall: [4;33m0.9201[0m,                 train_F1 Score: [4;35m0.9035[0m
æ ‡ç­¾é‡Œ1çš„ä¸ªæ•°:  2150
æ ‡ç­¾é‡Œ0çš„ä¸ªæ•°:  2150
æ€»æ•°:  4300
æ­£ç¡®çš„ä¸ªæ•°:  3887
æœ€åä¸€ä¸ªæ‰¹æ¬¡çš„è¾“å‡º, ä¸æ»¡batchsizeæ˜¯æ­£å¸¸çš„:
 tensor([[9.0746e-01],
        [9.9996e-01],
        [9.9210e-01],
        [2.0786e-02],
        [9.9960e-01],
        [1.6400e-03],
        [3.2568e-03],
        [8.3715e-03],
        [9.7348e-01],
        [9.9895e-01],
        [2.3521e-05],
        [1.3347e-01]], device='cuda:0', grad_fn=<SigmoidBackward0>)
Epoch [68/100], T_AUC: [4m0.9085[0m
Epoch [68/100], Loss: 35.7275
val_Accuracy: [92m0.7558[0m
val_Precision: [4;34m0.7641[0m,               val_Recall: [4;33m0.7432[0m,                 val_F1 Score: [4;35m0.7467[0m
æ ‡ç­¾é‡Œ1çš„ä¸ªæ•°:  430
æ ‡ç­¾é‡Œ0çš„ä¸ªæ•°:  430
æ€»æ•°:  860
æ­£ç¡®çš„ä¸ªæ•°:  650
Epoch [68/100], V_AUC: [4m0.7556[0m
Epoch [69/100], Loss: 32.6920
train_Accuracy: [91m0.8995[0m
train_Precision: [4;34m0.8870[0m,               train_Recall: [4;33m0.9198[0m,                 train_F1 Score: [4;35m0.8996[0m
æ ‡ç­¾é‡Œ1çš„ä¸ªæ•°:  2150
æ ‡ç­¾é‡Œ0çš„ä¸ªæ•°:  2150
æ€»æ•°:  4300
æ­£ç¡®çš„ä¸ªæ•°:  3868
æœ€åä¸€ä¸ªæ‰¹æ¬¡çš„è¾“å‡º, ä¸æ»¡batchsizeæ˜¯æ­£å¸¸çš„:
 tensor([[9.1361e-01],
        [9.9996e-01],
        [9.9343e-01],
        [1.8476e-02],
        [9.9173e-01],
        [3.1950e-04],
        [2.7362e-03],
        [1.4628e-01],
        [9.9492e-01],
        [9.9545e-01],
        [3.5208e-05],
        [1.6392e-01]], device='cuda:0', grad_fn=<SigmoidBackward0>)
Epoch [69/100], T_AUC: [4m0.9034[0m
Epoch [69/100], Loss: 32.1473
val_Accuracy: [92m0.7593[0m
val_Precision: [4;34m0.7873[0m,               val_Recall: [4;33m0.7127[0m,                 val_F1 Score: [4;35m0.7421[0m
æ ‡ç­¾é‡Œ1çš„ä¸ªæ•°:  430
æ ‡ç­¾é‡Œ0çš„ä¸ªæ•°:  430
æ€»æ•°:  860
æ­£ç¡®çš„ä¸ªæ•°:  653
Epoch [69/100], V_AUC: [4m0.7582[0m
Epoch [70/100], Loss: 34.3969
train_Accuracy: [91m0.8900[0m
train_Precision: [4;34m0.8826[0m,               train_Recall: [4;33m0.9034[0m,                 train_F1 Score: [4;35m0.8891[0m
æ ‡ç­¾é‡Œ1çš„ä¸ªæ•°:  2150
æ ‡ç­¾é‡Œ0çš„ä¸ªæ•°:  2150
æ€»æ•°:  4300
æ­£ç¡®çš„ä¸ªæ•°:  3827
æœ€åä¸€ä¸ªæ‰¹æ¬¡çš„è¾“å‡º, ä¸æ»¡batchsizeæ˜¯æ­£å¸¸çš„:
 tensor([[9.8988e-01],
        [9.9979e-01],
        [9.9370e-01],
        [1.2989e-02],
        [9.9323e-01],
        [2.3632e-03],
        [1.2302e-01],
        [4.1174e-02],
        [9.9970e-01],
        [9.9748e-01],
        [3.8367e-07],
        [3.0148e-02]], device='cuda:0', grad_fn=<SigmoidBackward0>)
Epoch [70/100], T_AUC: [4m0.8945[0m
Epoch [70/100], Loss: 28.9438
val_Accuracy: [92m0.7477[0m
val_Precision: [4;34m0.7651[0m,               val_Recall: [4;33m0.7167[0m,                 val_F1 Score: [4;35m0.7334[0m
æ ‡ç­¾é‡Œ1çš„ä¸ªæ•°:  430
æ ‡ç­¾é‡Œ0çš„ä¸ªæ•°:  430
æ€»æ•°:  860
æ­£ç¡®çš„ä¸ªæ•°:  643
Epoch [70/100], V_AUC: [4m0.7484[0m
Epoch [71/100], Loss: 31.2064
train_Accuracy: [91m0.9009[0m
train_Precision: [4;34m0.8857[0m,               train_Recall: [4;33m0.9239[0m,                 train_F1 Score: [4;35m0.9008[0m
æ ‡ç­¾é‡Œ1çš„ä¸ªæ•°:  2150
æ ‡ç­¾é‡Œ0çš„ä¸ªæ•°:  2150
æ€»æ•°:  4300
æ­£ç¡®çš„ä¸ªæ•°:  3874
æœ€åä¸€ä¸ªæ‰¹æ¬¡çš„è¾“å‡º, ä¸æ»¡batchsizeæ˜¯æ­£å¸¸çš„:
 tensor([[9.8451e-01],
        [9.9979e-01],
        [9.9752e-01],
        [2.0795e-02],
        [9.8498e-01],
        [6.5119e-03],
        [3.6081e-03],
        [2.8954e-02],
        [9.1737e-01],
        [9.9991e-01],
        [1.5661e-05],
        [2.1522e-02]], device='cuda:0', grad_fn=<SigmoidBackward0>)
Epoch [71/100], T_AUC: [4m0.9051[0m
Epoch [71/100], Loss: 28.5844
val_Accuracy: [92m0.7570[0m
val_Precision: [4;34m0.7748[0m,               val_Recall: [4;33m0.7358[0m,                 val_F1 Score: [4;35m0.7472[0m
æ ‡ç­¾é‡Œ1çš„ä¸ªæ•°:  430
æ ‡ç­¾é‡Œ0çš„ä¸ªæ•°:  430
æ€»æ•°:  860
æ­£ç¡®çš„ä¸ªæ•°:  651
Epoch [71/100], V_AUC: [4m0.7591[0m
Epoch [72/100], Loss: 29.1852
train_Accuracy: [91m0.9114[0m
train_Precision: [4;34m0.9000[0m,               train_Recall: [4;33m0.9295[0m,                 train_F1 Score: [4;35m0.9111[0m
æ ‡ç­¾é‡Œ1çš„ä¸ªæ•°:  2150
æ ‡ç­¾é‡Œ0çš„ä¸ªæ•°:  2150
æ€»æ•°:  4300
æ­£ç¡®çš„ä¸ªæ•°:  3919
æœ€åä¸€ä¸ªæ‰¹æ¬¡çš„è¾“å‡º, ä¸æ»¡batchsizeæ˜¯æ­£å¸¸çš„:
 tensor([[9.6472e-01],
        [9.9997e-01],
        [9.9070e-01],
        [7.3225e-03],
        [9.8902e-01],
        [1.5017e-03],
        [1.7330e-02],
        [1.8950e-02],
        [9.9564e-01],
        [9.9886e-01],
        [1.0421e-05],
        [9.3552e-02]], device='cuda:0', grad_fn=<SigmoidBackward0>)
Epoch [72/100], T_AUC: [4m0.9153[0m
Epoch [72/100], Loss: 31.7504
val_Accuracy: [92m0.7558[0m
val_Precision: [4;34m0.7596[0m,               val_Recall: [4;33m0.7491[0m,                 val_F1 Score: [4;35m0.7491[0m
æ ‡ç­¾é‡Œ1çš„ä¸ªæ•°:  430
æ ‡ç­¾é‡Œ0çš„ä¸ªæ•°:  430
æ€»æ•°:  860
æ­£ç¡®çš„ä¸ªæ•°:  650
Epoch [72/100], V_AUC: [4m0.7559[0m
Epoch [73/100], Loss: 31.9029
train_Accuracy: [91m0.9009[0m
train_Precision: [4;34m0.8907[0m,               train_Recall: [4;33m0.9172[0m,                 train_F1 Score: [4;35m0.9006[0m
æ ‡ç­¾é‡Œ1çš„ä¸ªæ•°:  2150
æ ‡ç­¾é‡Œ0çš„ä¸ªæ•°:  2150
æ€»æ•°:  4300
æ­£ç¡®çš„ä¸ªæ•°:  3874
æœ€åä¸€ä¸ªæ‰¹æ¬¡çš„è¾“å‡º, ä¸æ»¡batchsizeæ˜¯æ­£å¸¸çš„:
 tensor([[9.8733e-01],
        [9.9997e-01],
        [9.8462e-01],
        [4.5757e-03],
        [9.7486e-01],
        [1.6224e-03],
        [9.2122e-01],
        [5.8622e-03],
        [9.9221e-01],
        [9.9446e-01],
        [6.7181e-06],
        [3.0025e-02]], device='cuda:0', grad_fn=<SigmoidBackward0>)
Epoch [73/100], T_AUC: [4m0.9039[0m
Epoch [73/100], Loss: 28.7639
val_Accuracy: [92m0.7674[0m
val_Precision: [4;34m0.7907[0m,               val_Recall: [4;33m0.7204[0m,                 val_F1 Score: [4;35m0.7494[0m
æ ‡ç­¾é‡Œ1çš„ä¸ªæ•°:  430
æ ‡ç­¾é‡Œ0çš„ä¸ªæ•°:  430
æ€»æ•°:  860
æ­£ç¡®çš„ä¸ªæ•°:  660
Epoch [73/100], V_AUC: [4m0.7676[0m
Epoch [74/100], Loss: 37.5529
train_Accuracy: [91m0.8842[0m
train_Precision: [4;34m0.8739[0m,               train_Recall: [4;33m0.9038[0m,                 train_F1 Score: [4;35m0.8846[0m
æ ‡ç­¾é‡Œ1çš„ä¸ªæ•°:  2150
æ ‡ç­¾é‡Œ0çš„ä¸ªæ•°:  2150
æ€»æ•°:  4300
æ­£ç¡®çš„ä¸ªæ•°:  3802
æœ€åä¸€ä¸ªæ‰¹æ¬¡çš„è¾“å‡º, ä¸æ»¡batchsizeæ˜¯æ­£å¸¸çš„:
 tensor([[8.9248e-01],
        [9.9901e-01],
        [9.9991e-01],
        [1.7458e-02],
        [9.8508e-01],
        [2.4631e-02],
        [4.9856e-03],
        [3.7034e-01],
        [9.9249e-01],
        [9.7859e-01],
        [1.5160e-05],
        [2.7268e-02]], device='cuda:0', grad_fn=<SigmoidBackward0>)
Epoch [74/100], T_AUC: [4m0.8877[0m
Epoch [74/100], Loss: 24.3839
val_Accuracy: [92m0.7512[0m
val_Precision: [4;34m0.7617[0m,               val_Recall: [4;33m0.7310[0m,                 val_F1 Score: [4;35m0.7410[0m
æ ‡ç­¾é‡Œ1çš„ä¸ªæ•°:  430
æ ‡ç­¾é‡Œ0çš„ä¸ªæ•°:  430
æ€»æ•°:  860
æ­£ç¡®çš„ä¸ªæ•°:  646
Epoch [74/100], V_AUC: [4m0.7501[0m
Epoch [75/100], Loss: 30.2231
train_Accuracy: [91m0.9056[0m
train_Precision: [4;34m0.8951[0m,               train_Recall: [4;33m0.9228[0m,                 train_F1 Score: [4;35m0.9052[0m
æ ‡ç­¾é‡Œ1çš„ä¸ªæ•°:  2150
æ ‡ç­¾é‡Œ0çš„ä¸ªæ•°:  2150
æ€»æ•°:  4300
æ­£ç¡®çš„ä¸ªæ•°:  3894
æœ€åä¸€ä¸ªæ‰¹æ¬¡çš„è¾“å‡º, ä¸æ»¡batchsizeæ˜¯æ­£å¸¸çš„:
 tensor([[9.9831e-01],
        [9.9995e-01],
        [9.9530e-01],
        [1.6299e-02],
        [9.8834e-01],
        [1.8062e-02],
        [2.2096e-03],
        [1.0366e-01],
        [9.7425e-01],
        [9.8735e-01],
        [5.6284e-06],
        [5.4206e-02]], device='cuda:0', grad_fn=<SigmoidBackward0>)
Epoch [75/100], T_AUC: [4m0.9089[0m
Epoch [75/100], Loss: 27.9599
val_Accuracy: [92m0.7535[0m
val_Precision: [4;34m0.7566[0m,               val_Recall: [4;33m0.7458[0m,                 val_F1 Score: [4;35m0.7454[0m
æ ‡ç­¾é‡Œ1çš„ä¸ªæ•°:  430
æ ‡ç­¾é‡Œ0çš„ä¸ªæ•°:  430
æ€»æ•°:  860
æ­£ç¡®çš„ä¸ªæ•°:  648
Epoch [75/100], V_AUC: [4m0.7537[0m
Epoch [76/100], Loss: 27.6726
train_Accuracy: [91m0.9165[0m
train_Precision: [4;34m0.9088[0m,               train_Recall: [4;33m0.9289[0m,                 train_F1 Score: [4;35m0.9159[0m
æ ‡ç­¾é‡Œ1çš„ä¸ªæ•°:  2150
æ ‡ç­¾é‡Œ0çš„ä¸ªæ•°:  2150
æ€»æ•°:  4300
æ­£ç¡®çš„ä¸ªæ•°:  3941
æœ€åä¸€ä¸ªæ‰¹æ¬¡çš„è¾“å‡º, ä¸æ»¡batchsizeæ˜¯æ­£å¸¸çš„:
 tensor([[9.9454e-01],
        [9.9998e-01],
        [9.9720e-01],
        [2.9373e-02],
        [9.9295e-01],
        [3.8033e-03],
        [9.9447e-03],
        [4.3329e-03],
        [9.9784e-01],
        [9.9801e-01],
        [7.5035e-06],
        [1.8178e-02]], device='cuda:0', grad_fn=<SigmoidBackward0>)
Epoch [76/100], T_AUC: [4m0.9202[0m
Epoch [76/100], Loss: 30.6244
val_Accuracy: [92m0.7477[0m
val_Precision: [4;34m0.7487[0m,               val_Recall: [4;33m0.7477[0m,                 val_F1 Score: [4;35m0.7421[0m
æ ‡ç­¾é‡Œ1çš„ä¸ªæ•°:  430
æ ‡ç­¾é‡Œ0çš„ä¸ªæ•°:  430
æ€»æ•°:  860
æ­£ç¡®çš„ä¸ªæ•°:  643
Epoch [76/100], V_AUC: [4m0.7494[0m
Epoch [77/100], Loss: 27.1063
train_Accuracy: [91m0.9191[0m
train_Precision: [4;34m0.9121[0m,               train_Recall: [4;33m0.9322[0m,                 train_F1 Score: [4;35m0.9189[0m
æ ‡ç­¾é‡Œ1çš„ä¸ªæ•°:  2150
æ ‡ç­¾é‡Œ0çš„ä¸ªæ•°:  2150
æ€»æ•°:  4300
æ­£ç¡®çš„ä¸ªæ•°:  3952
æœ€åä¸€ä¸ªæ‰¹æ¬¡çš„è¾“å‡º, ä¸æ»¡batchsizeæ˜¯æ­£å¸¸çš„:
 tensor([[9.9873e-01],
        [9.9997e-01],
        [9.9251e-01],
        [6.3529e-03],
        [9.9968e-01],
        [1.3891e-03],
        [7.1971e-04],
        [1.4673e-01],
        [9.9161e-01],
        [9.9522e-01],
        [4.3919e-06],
        [2.5720e-02]], device='cuda:0', grad_fn=<SigmoidBackward0>)
Epoch [77/100], T_AUC: [4m0.9223[0m
Epoch [77/100], Loss: 31.1507
val_Accuracy: [92m0.7512[0m
val_Precision: [4;34m0.7534[0m,               val_Recall: [4;33m0.7438[0m,                 val_F1 Score: [4;35m0.7436[0m
æ ‡ç­¾é‡Œ1çš„ä¸ªæ•°:  430
æ ‡ç­¾é‡Œ0çš„ä¸ªæ•°:  430
æ€»æ•°:  860
æ­£ç¡®çš„ä¸ªæ•°:  646
Epoch [77/100], V_AUC: [4m0.7510[0m
Epoch [78/100], Loss: 29.5431
train_Accuracy: [91m0.9093[0m
train_Precision: [4;34m0.9001[0m,               train_Recall: [4;33m0.9248[0m,                 train_F1 Score: [4;35m0.9091[0m
æ ‡ç­¾é‡Œ1çš„ä¸ªæ•°:  2150
æ ‡ç­¾é‡Œ0çš„ä¸ªæ•°:  2150
æ€»æ•°:  4300
æ­£ç¡®çš„ä¸ªæ•°:  3910
æœ€åä¸€ä¸ªæ‰¹æ¬¡çš„è¾“å‡º, ä¸æ»¡batchsizeæ˜¯æ­£å¸¸çš„:
 tensor([[9.9611e-01],
        [9.9999e-01],
        [9.6241e-01],
        [7.7714e-03],
        [9.9127e-01],
        [1.7263e-02],
        [9.5813e-04],
        [7.4874e-02],
        [9.9926e-01],
        [9.9879e-01],
        [1.1546e-06],
        [2.7346e-02]], device='cuda:0', grad_fn=<SigmoidBackward0>)
Epoch [78/100], T_AUC: [4m0.9128[0m
Epoch [78/100], Loss: 28.0253
val_Accuracy: [92m0.7570[0m
val_Precision: [4;34m0.7716[0m,               val_Recall: [4;33m0.7300[0m,                 val_F1 Score: [4;35m0.7443[0m
æ ‡ç­¾é‡Œ1çš„ä¸ªæ•°:  430
æ ‡ç­¾é‡Œ0çš„ä¸ªæ•°:  430
æ€»æ•°:  860
æ­£ç¡®çš„ä¸ªæ•°:  651
Epoch [78/100], V_AUC: [4m0.7573[0m
Epoch [79/100], Loss: 28.7580
train_Accuracy: [91m0.9119[0m
train_Precision: [4;34m0.9090[0m,               train_Recall: [4;33m0.9215[0m,                 train_F1 Score: [4;35m0.9120[0m
æ ‡ç­¾é‡Œ1çš„ä¸ªæ•°:  2150
æ ‡ç­¾é‡Œ0çš„ä¸ªæ•°:  2150
æ€»æ•°:  4300
æ­£ç¡®çš„ä¸ªæ•°:  3921
æœ€åä¸€ä¸ªæ‰¹æ¬¡çš„è¾“å‡º, ä¸æ»¡batchsizeæ˜¯æ­£å¸¸çš„:
 tensor([[9.9323e-01],
        [9.9999e-01],
        [9.9593e-01],
        [3.2645e-03],
        [9.9804e-01],
        [1.1124e-02],
        [6.5636e-03],
        [2.4437e-03],
        [9.9964e-01],
        [9.9941e-01],
        [2.1463e-06],
        [1.4025e-02]], device='cuda:0', grad_fn=<SigmoidBackward0>)
Epoch [79/100], T_AUC: [4m0.9158[0m
Epoch [79/100], Loss: 40.0695
val_Accuracy: [92m0.7395[0m
val_Precision: [4;34m0.7375[0m,               val_Recall: [4;33m0.7455[0m,                 val_F1 Score: [4;35m0.7359[0m
æ ‡ç­¾é‡Œ1çš„ä¸ªæ•°:  430
æ ‡ç­¾é‡Œ0çš„ä¸ªæ•°:  430
æ€»æ•°:  860
æ­£ç¡®çš„ä¸ªæ•°:  636
Epoch [79/100], V_AUC: [4m0.7389[0m
Epoch [80/100], Loss: 30.0727
train_Accuracy: [91m0.9093[0m
train_Precision: [4;34m0.8988[0m,               train_Recall: [4;33m0.9250[0m,                 train_F1 Score: [4;35m0.9083[0m
æ ‡ç­¾é‡Œ1çš„ä¸ªæ•°:  2150
æ ‡ç­¾é‡Œ0çš„ä¸ªæ•°:  2150
æ€»æ•°:  4300
æ­£ç¡®çš„ä¸ªæ•°:  3910
æœ€åä¸€ä¸ªæ‰¹æ¬¡çš„è¾“å‡º, ä¸æ»¡batchsizeæ˜¯æ­£å¸¸çš„:
 tensor([[9.9875e-01],
        [9.9999e-01],
        [9.6268e-01],
        [2.3202e-02],
        [9.9843e-01],
        [4.1620e-03],
        [1.6110e-03],
        [1.2710e-01],
        [9.9957e-01],
        [9.9602e-01],
        [2.7979e-07],
        [1.2972e-02]], device='cuda:0', grad_fn=<SigmoidBackward0>)
Epoch [80/100], T_AUC: [4m0.9129[0m
Epoch [80/100], Loss: 38.0321
val_Accuracy: [92m0.7500[0m
val_Precision: [4;34m0.7525[0m,               val_Recall: [4;33m0.7467[0m,                 val_F1 Score: [4;35m0.7450[0m
æ ‡ç­¾é‡Œ1çš„ä¸ªæ•°:  430
æ ‡ç­¾é‡Œ0çš„ä¸ªæ•°:  430
æ€»æ•°:  860
æ­£ç¡®çš„ä¸ªæ•°:  645
Epoch [80/100], V_AUC: [4m0.7509[0m
Epoch [81/100], Loss: 28.6466
train_Accuracy: [91m0.9135[0m
train_Precision: [4;34m0.9045[0m,               train_Recall: [4;33m0.9294[0m,                 train_F1 Score: [4;35m0.9136[0m
æ ‡ç­¾é‡Œ1çš„ä¸ªæ•°:  2150
æ ‡ç­¾é‡Œ0çš„ä¸ªæ•°:  2150
æ€»æ•°:  4300
æ­£ç¡®çš„ä¸ªæ•°:  3928
æœ€åä¸€ä¸ªæ‰¹æ¬¡çš„è¾“å‡º, ä¸æ»¡batchsizeæ˜¯æ­£å¸¸çš„:
 tensor([[9.9615e-01],
        [9.9997e-01],
        [9.9923e-01],
        [8.3590e-02],
        [9.9967e-01],
        [3.7405e-03],
        [5.4551e-03],
        [3.8999e-03],
        [9.9215e-01],
        [9.9865e-01],
        [2.8742e-07],
        [1.7534e-02]], device='cuda:0', grad_fn=<SigmoidBackward0>)
Epoch [81/100], T_AUC: [4m0.9176[0m
Epoch [81/100], Loss: 37.4213
val_Accuracy: [92m0.7465[0m
val_Precision: [4;34m0.7466[0m,               val_Recall: [4;33m0.7472[0m,                 val_F1 Score: [4;35m0.7423[0m
æ ‡ç­¾é‡Œ1çš„ä¸ªæ•°:  430
æ ‡ç­¾é‡Œ0çš„ä¸ªæ•°:  430
æ€»æ•°:  860
æ­£ç¡®çš„ä¸ªæ•°:  642
Epoch [81/100], V_AUC: [4m0.7480[0m
Epoch [82/100], Loss: 24.7166
train_Accuracy: [91m0.9253[0m
train_Precision: [4;34m0.9174[0m,               train_Recall: [4;33m0.9387[0m,                 train_F1 Score: [4;35m0.9252[0m
æ ‡ç­¾é‡Œ1çš„ä¸ªæ•°:  2150
æ ‡ç­¾é‡Œ0çš„ä¸ªæ•°:  2150
æ€»æ•°:  4300
æ­£ç¡®çš„ä¸ªæ•°:  3979
æœ€åä¸€ä¸ªæ‰¹æ¬¡çš„è¾“å‡º, ä¸æ»¡batchsizeæ˜¯æ­£å¸¸çš„:
 tensor([[9.9986e-01],
        [9.9997e-01],
        [9.9913e-01],
        [2.9514e-02],
        [9.9512e-01],
        [2.5883e-03],
        [1.2608e-02],
        [2.0201e-03],
        [9.7643e-01],
        [9.9855e-01],
        [3.6077e-07],
        [9.7599e-02]], device='cuda:0', grad_fn=<SigmoidBackward0>)
Epoch [82/100], T_AUC: [4m0.9286[0m
Epoch [82/100], Loss: 32.2494
val_Accuracy: [92m0.7547[0m
val_Precision: [4;34m0.7656[0m,               val_Recall: [4;33m0.7371[0m,                 val_F1 Score: [4;35m0.7450[0m
æ ‡ç­¾é‡Œ1çš„ä¸ªæ•°:  430
æ ‡ç­¾é‡Œ0çš„ä¸ªæ•°:  430
æ€»æ•°:  860
æ­£ç¡®çš„ä¸ªæ•°:  649
Epoch [82/100], V_AUC: [4m0.7552[0m
Epoch [83/100], Loss: 24.3267
train_Accuracy: [91m0.9272[0m
train_Precision: [4;34m0.9192[0m,               train_Recall: [4;33m0.9414[0m,                 train_F1 Score: [4;35m0.9277[0m
æ ‡ç­¾é‡Œ1çš„ä¸ªæ•°:  2150
æ ‡ç­¾é‡Œ0çš„ä¸ªæ•°:  2150
æ€»æ•°:  4300
æ­£ç¡®çš„ä¸ªæ•°:  3987
æœ€åä¸€ä¸ªæ‰¹æ¬¡çš„è¾“å‡º, ä¸æ»¡batchsizeæ˜¯æ­£å¸¸çš„:
 tensor([[9.9990e-01],
        [1.0000e+00],
        [9.9573e-01],
        [7.6907e-03],
        [9.9322e-01],
        [3.9269e-05],
        [5.1098e-03],
        [3.9691e-02],
        [9.9952e-01],
        [9.9815e-01],
        [1.9332e-08],
        [1.4437e-01]], device='cuda:0', grad_fn=<SigmoidBackward0>)
Epoch [83/100], T_AUC: [4m0.9301[0m
Epoch [83/100], Loss: 41.8443
val_Accuracy: [92m0.7477[0m
val_Precision: [4;34m0.7487[0m,               val_Recall: [4;33m0.7533[0m,                 val_F1 Score: [4;35m0.7434[0m
æ ‡ç­¾é‡Œ1çš„ä¸ªæ•°:  430
æ ‡ç­¾é‡Œ0çš„ä¸ªæ•°:  430
æ€»æ•°:  860
æ­£ç¡®çš„ä¸ªæ•°:  643
Epoch [83/100], V_AUC: [4m0.7485[0m
Epoch [84/100], Loss: 23.8054
train_Accuracy: [91m0.9270[0m
train_Precision: [4;34m0.9182[0m,               train_Recall: [4;33m0.9403[0m,                 train_F1 Score: [4;35m0.9264[0m
æ ‡ç­¾é‡Œ1çš„ä¸ªæ•°:  2150
æ ‡ç­¾é‡Œ0çš„ä¸ªæ•°:  2150
æ€»æ•°:  4300
æ­£ç¡®çš„ä¸ªæ•°:  3986
æœ€åä¸€ä¸ªæ‰¹æ¬¡çš„è¾“å‡º, ä¸æ»¡batchsizeæ˜¯æ­£å¸¸çš„:
 tensor([[9.9974e-01],
        [9.9999e-01],
        [9.9840e-01],
        [7.6154e-03],
        [9.9774e-01],
        [3.7261e-04],
        [4.0031e-04],
        [4.7022e-01],
        [9.9876e-01],
        [9.6997e-01],
        [3.9833e-07],
        [4.1459e-02]], device='cuda:0', grad_fn=<SigmoidBackward0>)
Epoch [84/100], T_AUC: [4m0.9294[0m
Epoch [84/100], Loss: 47.5921
val_Accuracy: [92m0.7570[0m
val_Precision: [4;34m0.7857[0m,               val_Recall: [4;33m0.7079[0m,                 val_F1 Score: [4;35m0.7396[0m
æ ‡ç­¾é‡Œ1çš„ä¸ªæ•°:  430
æ ‡ç­¾é‡Œ0çš„ä¸ªæ•°:  430
æ€»æ•°:  860
æ­£ç¡®çš„ä¸ªæ•°:  651
Epoch [84/100], V_AUC: [4m0.7553[0m
Epoch [85/100], Loss: 26.3032
train_Accuracy: [91m0.9214[0m
train_Precision: [4;34m0.9106[0m,               train_Recall: [4;33m0.9371[0m,                 train_F1 Score: [4;35m0.9208[0m
æ ‡ç­¾é‡Œ1çš„ä¸ªæ•°:  2150
æ ‡ç­¾é‡Œ0çš„ä¸ªæ•°:  2150
æ€»æ•°:  4300
æ­£ç¡®çš„ä¸ªæ•°:  3962
æœ€åä¸€ä¸ªæ‰¹æ¬¡çš„è¾“å‡º, ä¸æ»¡batchsizeæ˜¯æ­£å¸¸çš„:
 tensor([[9.9916e-01],
        [1.0000e+00],
        [9.9721e-01],
        [4.4871e-03],
        [9.9939e-01],
        [1.5126e-03],
        [1.6989e-01],
        [1.3057e-03],
        [9.9312e-01],
        [8.3770e-01],
        [3.1169e-07],
        [2.8921e-01]], device='cuda:0', grad_fn=<SigmoidBackward0>)
Epoch [85/100], T_AUC: [4m0.9248[0m
Epoch [85/100], Loss: 48.9322
val_Accuracy: [92m0.7605[0m
val_Precision: [4;34m0.7647[0m,               val_Recall: [4;33m0.7465[0m,                 val_F1 Score: [4;35m0.7502[0m
æ ‡ç­¾é‡Œ1çš„ä¸ªæ•°:  430
æ ‡ç­¾é‡Œ0çš„ä¸ªæ•°:  430
æ€»æ•°:  860
æ­£ç¡®çš„ä¸ªæ•°:  654
Epoch [85/100], V_AUC: [4m0.7576[0m
Epoch [86/100], Loss: 26.1751
train_Accuracy: [91m0.9242[0m
train_Precision: [4;34m0.9120[0m,               train_Recall: [4;33m0.9403[0m,                 train_F1 Score: [4;35m0.9230[0m
æ ‡ç­¾é‡Œ1çš„ä¸ªæ•°:  2150
æ ‡ç­¾é‡Œ0çš„ä¸ªæ•°:  2150
æ€»æ•°:  4300
æ­£ç¡®çš„ä¸ªæ•°:  3974
æœ€åä¸€ä¸ªæ‰¹æ¬¡çš„è¾“å‡º, ä¸æ»¡batchsizeæ˜¯æ­£å¸¸çš„:
 tensor([[1.0000e+00],
        [1.0000e+00],
        [9.7921e-01],
        [5.5066e-03],
        [9.9484e-01],
        [1.9608e-03],
        [2.7131e-03],
        [1.6861e-01],
        [9.8512e-01],
        [9.7770e-01],
        [1.6458e-07],
        [1.9384e-02]], device='cuda:0', grad_fn=<SigmoidBackward0>)
Epoch [86/100], T_AUC: [4m0.9280[0m
Epoch [86/100], Loss: 41.3303
val_Accuracy: [92m0.7488[0m
val_Precision: [4;34m0.7598[0m,               val_Recall: [4;33m0.7286[0m,                 val_F1 Score: [4;35m0.7391[0m
æ ‡ç­¾é‡Œ1çš„ä¸ªæ•°:  430
æ ‡ç­¾é‡Œ0çš„ä¸ªæ•°:  430
æ€»æ•°:  860
æ­£ç¡®çš„ä¸ªæ•°:  644
Epoch [86/100], V_AUC: [4m0.7483[0m
Epoch [87/100], Loss: 25.2878
train_Accuracy: [91m0.9265[0m
train_Precision: [4;34m0.9173[0m,               train_Recall: [4;33m0.9402[0m,                 train_F1 Score: [4;35m0.9259[0m
æ ‡ç­¾é‡Œ1çš„ä¸ªæ•°:  2150
æ ‡ç­¾é‡Œ0çš„ä¸ªæ•°:  2150
æ€»æ•°:  4300
æ­£ç¡®çš„ä¸ªæ•°:  3984
æœ€åä¸€ä¸ªæ‰¹æ¬¡çš„è¾“å‡º, ä¸æ»¡batchsizeæ˜¯æ­£å¸¸çš„:
 tensor([[9.9999e-01],
        [1.0000e+00],
        [9.8188e-01],
        [7.4925e-03],
        [9.8361e-01],
        [5.8875e-04],
        [1.2630e-03],
        [3.9365e-01],
        [9.8647e-01],
        [9.9985e-01],
        [8.8808e-08],
        [4.5214e-02]], device='cuda:0', grad_fn=<SigmoidBackward0>)
Epoch [87/100], T_AUC: [4m0.9294[0m
Epoch [87/100], Loss: 42.6483
val_Accuracy: [92m0.7547[0m
val_Precision: [4;34m0.7536[0m,               val_Recall: [4;33m0.7636[0m,                 val_F1 Score: [4;35m0.7529[0m
æ ‡ç­¾é‡Œ1çš„ä¸ªæ•°:  430
æ ‡ç­¾é‡Œ0çš„ä¸ªæ•°:  430
æ€»æ•°:  860
æ­£ç¡®çš„ä¸ªæ•°:  649
Epoch [87/100], V_AUC: [4m0.7535[0m
Epoch [88/100], Loss: 26.8369
train_Accuracy: [91m0.9186[0m
train_Precision: [4;34m0.9061[0m,               train_Recall: [4;33m0.9378[0m,                 train_F1 Score: [4;35m0.9188[0m
æ ‡ç­¾é‡Œ1çš„ä¸ªæ•°:  2150
æ ‡ç­¾é‡Œ0çš„ä¸ªæ•°:  2150
æ€»æ•°:  4300
æ­£ç¡®çš„ä¸ªæ•°:  3950
æœ€åä¸€ä¸ªæ‰¹æ¬¡çš„è¾“å‡º, ä¸æ»¡batchsizeæ˜¯æ­£å¸¸çš„:
 tensor([[9.9988e-01],
        [9.9999e-01],
        [9.9649e-01],
        [1.0542e-02],
        [9.9739e-01],
        [1.8615e-02],
        [5.5694e-02],
        [3.0561e-02],
        [9.8460e-01],
        [9.7433e-01],
        [5.6183e-08],
        [3.2702e-02]], device='cuda:0', grad_fn=<SigmoidBackward0>)
Epoch [88/100], T_AUC: [4m0.9224[0m
Epoch [88/100], Loss: 46.2642
val_Accuracy: [92m0.7523[0m
val_Precision: [4;34m0.7496[0m,               val_Recall: [4;33m0.7644[0m,                 val_F1 Score: [4;35m0.7516[0m
æ ‡ç­¾é‡Œ1çš„ä¸ªæ•°:  430
æ ‡ç­¾é‡Œ0çš„ä¸ªæ•°:  430
æ€»æ•°:  860
æ­£ç¡®çš„ä¸ªæ•°:  647
Epoch [88/100], V_AUC: [4m0.7525[0m
Epoch [89/100], Loss: 24.5257
train_Accuracy: [91m0.9274[0m
train_Precision: [4;34m0.9186[0m,               train_Recall: [4;33m0.9396[0m,                 train_F1 Score: [4;35m0.9266[0m
æ ‡ç­¾é‡Œ1çš„ä¸ªæ•°:  2150
æ ‡ç­¾é‡Œ0çš„ä¸ªæ•°:  2150
æ€»æ•°:  4300
æ­£ç¡®çš„ä¸ªæ•°:  3988
æœ€åä¸€ä¸ªæ‰¹æ¬¡çš„è¾“å‡º, ä¸æ»¡batchsizeæ˜¯æ­£å¸¸çš„:
 tensor([[9.9991e-01],
        [1.0000e+00],
        [9.9577e-01],
        [1.2727e-02],
        [9.9981e-01],
        [3.7545e-03],
        [2.7104e-03],
        [2.3502e-03],
        [9.7924e-01],
        [9.2432e-01],
        [1.1723e-07],
        [3.1646e-01]], device='cuda:0', grad_fn=<SigmoidBackward0>)
Epoch [89/100], T_AUC: [4m0.9301[0m
Epoch [89/100], Loss: 53.9406
val_Accuracy: [92m0.7384[0m
val_Precision: [4;34m0.7452[0m,               val_Recall: [4;33m0.7351[0m,                 val_F1 Score: [4;35m0.7339[0m
æ ‡ç­¾é‡Œ1çš„ä¸ªæ•°:  430
æ ‡ç­¾é‡Œ0çš„ä¸ªæ•°:  430
æ€»æ•°:  860
æ­£ç¡®çš„ä¸ªæ•°:  635
Epoch [89/100], V_AUC: [4m0.7390[0m
Epoch [90/100], Loss: 22.4872
train_Accuracy: [91m0.9356[0m
train_Precision: [4;34m0.9296[0m,               train_Recall: [4;33m0.9447[0m,                 train_F1 Score: [4;35m0.9347[0m
æ ‡ç­¾é‡Œ1çš„ä¸ªæ•°:  2150
æ ‡ç­¾é‡Œ0çš„ä¸ªæ•°:  2150
æ€»æ•°:  4300
æ­£ç¡®çš„ä¸ªæ•°:  4023
æœ€åä¸€ä¸ªæ‰¹æ¬¡çš„è¾“å‡º, ä¸æ»¡batchsizeæ˜¯æ­£å¸¸çš„:
 tensor([[9.9986e-01],
        [9.9999e-01],
        [9.9997e-01],
        [1.3069e-02],
        [9.7111e-01],
        [1.1743e-03],
        [1.0227e-02],
        [2.3364e-02],
        [9.7470e-01],
        [9.9901e-01],
        [5.2033e-08],
        [8.7637e-03]], device='cuda:0', grad_fn=<SigmoidBackward0>)
Epoch [90/100], T_AUC: [4m0.9384[0m
Epoch [90/100], Loss: 46.3402
val_Accuracy: [92m0.7512[0m
val_Precision: [4;34m0.7584[0m,               val_Recall: [4;33m0.7419[0m,                 val_F1 Score: [4;35m0.7442[0m
æ ‡ç­¾é‡Œ1çš„ä¸ªæ•°:  430
æ ‡ç­¾é‡Œ0çš„ä¸ªæ•°:  430
æ€»æ•°:  860
æ­£ç¡®çš„ä¸ªæ•°:  646
Epoch [90/100], V_AUC: [4m0.7516[0m
Epoch [91/100], Loss: 20.6612
train_Accuracy: [91m0.9405[0m
train_Precision: [4;34m0.9308[0m,               train_Recall: [4;33m0.9533[0m,                 train_F1 Score: [4;35m0.9398[0m
æ ‡ç­¾é‡Œ1çš„ä¸ªæ•°:  2150
æ ‡ç­¾é‡Œ0çš„ä¸ªæ•°:  2150
æ€»æ•°:  4300
æ­£ç¡®çš„ä¸ªæ•°:  4044
æœ€åä¸€ä¸ªæ‰¹æ¬¡çš„è¾“å‡º, ä¸æ»¡batchsizeæ˜¯æ­£å¸¸çš„:
 tensor([[9.9998e-01],
        [1.0000e+00],
        [9.8399e-01],
        [7.4565e-01],
        [9.9034e-01],
        [1.4294e-01],
        [6.9138e-03],
        [6.6319e-04],
        [9.8166e-01],
        [9.0906e-01],
        [1.0863e-08],
        [1.0002e-01]], device='cuda:0', grad_fn=<SigmoidBackward0>)
Epoch [91/100], T_AUC: [4m0.9417[0m
Epoch [91/100], Loss: 50.9063
val_Accuracy: [92m0.7151[0m
val_Precision: [4;34m0.7115[0m,               val_Recall: [4;33m0.7302[0m,                 val_F1 Score: [4;35m0.7154[0m
æ ‡ç­¾é‡Œ1çš„ä¸ªæ•°:  430
æ ‡ç­¾é‡Œ0çš„ä¸ªæ•°:  430
æ€»æ•°:  860
æ­£ç¡®çš„ä¸ªæ•°:  615
Epoch [91/100], V_AUC: [4m0.7159[0m
Epoch [92/100], Loss: 23.1254
train_Accuracy: [91m0.9270[0m
train_Precision: [4;34m0.9175[0m,               train_Recall: [4;33m0.9406[0m,                 train_F1 Score: [4;35m0.9260[0m
æ ‡ç­¾é‡Œ1çš„ä¸ªæ•°:  2150
æ ‡ç­¾é‡Œ0çš„ä¸ªæ•°:  2150
æ€»æ•°:  4300
æ­£ç¡®çš„ä¸ªæ•°:  3986
æœ€åä¸€ä¸ªæ‰¹æ¬¡çš„è¾“å‡º, ä¸æ»¡batchsizeæ˜¯æ­£å¸¸çš„:
 tensor([[9.9953e-01],
        [1.0000e+00],
        [9.9996e-01],
        [6.9248e-04],
        [9.7779e-01],
        [9.1583e-05],
        [9.2871e-02],
        [1.7882e-02],
        [9.9382e-01],
        [9.9522e-01],
        [5.2572e-08],
        [1.4350e-01]], device='cuda:0', grad_fn=<SigmoidBackward0>)
Epoch [92/100], T_AUC: [4m0.9305[0m
Epoch [92/100], Loss: 51.0856
val_Accuracy: [92m0.7570[0m
val_Precision: [4;34m0.7619[0m,               val_Recall: [4;33m0.7510[0m,                 val_F1 Score: [4;35m0.7513[0m
æ ‡ç­¾é‡Œ1çš„ä¸ªæ•°:  430
æ ‡ç­¾é‡Œ0çš„ä¸ªæ•°:  430
æ€»æ•°:  860
æ­£ç¡®çš„ä¸ªæ•°:  651
Epoch [92/100], V_AUC: [4m0.7581[0m
Epoch [93/100], Loss: 24.4440
train_Accuracy: [91m0.9265[0m
train_Precision: [4;34m0.9180[0m,               train_Recall: [4;33m0.9390[0m,                 train_F1 Score: [4;35m0.9261[0m
æ ‡ç­¾é‡Œ1çš„ä¸ªæ•°:  2150
æ ‡ç­¾é‡Œ0çš„ä¸ªæ•°:  2150
æ€»æ•°:  4300
æ­£ç¡®çš„ä¸ªæ•°:  3984
æœ€åä¸€ä¸ªæ‰¹æ¬¡çš„è¾“å‡º, ä¸æ»¡batchsizeæ˜¯æ­£å¸¸çš„:
 tensor([[9.9935e-01],
        [1.0000e+00],
        [9.9995e-01],
        [4.3207e-03],
        [9.7584e-01],
        [1.7346e-02],
        [1.8595e-02],
        [5.8578e-04],
        [9.9975e-01],
        [9.9851e-01],
        [1.0632e-08],
        [3.1036e-03]], device='cuda:0', grad_fn=<SigmoidBackward0>)
Epoch [93/100], T_AUC: [4m0.9293[0m
Epoch [93/100], Loss: 52.5464
val_Accuracy: [92m0.7581[0m
val_Precision: [4;34m0.7600[0m,               val_Recall: [4;33m0.7436[0m,                 val_F1 Score: [4;35m0.7472[0m
æ ‡ç­¾é‡Œ1çš„ä¸ªæ•°:  430
æ ‡ç­¾é‡Œ0çš„ä¸ªæ•°:  430
æ€»æ•°:  860
æ­£ç¡®çš„ä¸ªæ•°:  652
Epoch [93/100], V_AUC: [4m0.7566[0m
Epoch [94/100], Loss: 24.0127
train_Accuracy: [91m0.9267[0m
train_Precision: [4;34m0.9161[0m,               train_Recall: [4;33m0.9440[0m,                 train_F1 Score: [4;35m0.9267[0m
æ ‡ç­¾é‡Œ1çš„ä¸ªæ•°:  2150
æ ‡ç­¾é‡Œ0çš„ä¸ªæ•°:  2150
æ€»æ•°:  4300
æ­£ç¡®çš„ä¸ªæ•°:  3985
æœ€åä¸€ä¸ªæ‰¹æ¬¡çš„è¾“å‡º, ä¸æ»¡batchsizeæ˜¯æ­£å¸¸çš„:
 tensor([[9.9999e-01],
        [1.0000e+00],
        [9.9724e-01],
        [2.2968e-03],
        [9.9770e-01],
        [2.1617e-03],
        [1.0469e-02],
        [4.7288e-03],
        [9.9774e-01],
        [8.8831e-01],
        [1.6892e-07],
        [2.8604e-02]], device='cuda:0', grad_fn=<SigmoidBackward0>)
Epoch [94/100], T_AUC: [4m0.9298[0m
Epoch [94/100], Loss: 54.0196
val_Accuracy: [92m0.7488[0m
val_Precision: [4;34m0.7565[0m,               val_Recall: [4;33m0.7385[0m,                 val_F1 Score: [4;35m0.7420[0m
æ ‡ç­¾é‡Œ1çš„ä¸ªæ•°:  430
æ ‡ç­¾é‡Œ0çš„ä¸ªæ•°:  430
æ€»æ•°:  860
æ­£ç¡®çš„ä¸ªæ•°:  644
Epoch [94/100], V_AUC: [4m0.7488[0m
Epoch [95/100], Loss: 23.3410
train_Accuracy: [91m0.9312[0m
train_Precision: [4;34m0.9202[0m,               train_Recall: [4;33m0.9453[0m,                 train_F1 Score: [4;35m0.9300[0m
æ ‡ç­¾é‡Œ1çš„ä¸ªæ•°:  2150
æ ‡ç­¾é‡Œ0çš„ä¸ªæ•°:  2150
æ€»æ•°:  4300
æ­£ç¡®çš„ä¸ªæ•°:  4004
æœ€åä¸€ä¸ªæ‰¹æ¬¡çš„è¾“å‡º, ä¸æ»¡batchsizeæ˜¯æ­£å¸¸çš„:
 tensor([[1.0000e+00],
        [1.0000e+00],
        [9.9998e-01],
        [5.9344e-04],
        [9.7153e-01],
        [3.1342e-02],
        [1.1209e-03],
        [1.8366e-02],
        [9.8352e-01],
        [9.9890e-01],
        [7.5738e-10],
        [4.8074e-02]], device='cuda:0', grad_fn=<SigmoidBackward0>)
Epoch [95/100], T_AUC: [4m0.9338[0m
Epoch [95/100], Loss: 50.6981
val_Accuracy: [92m0.7465[0m
val_Precision: [4;34m0.7525[0m,               val_Recall: [4;33m0.7406[0m,                 val_F1 Score: [4;35m0.7401[0m
æ ‡ç­¾é‡Œ1çš„ä¸ªæ•°:  430
æ ‡ç­¾é‡Œ0çš„ä¸ªæ•°:  430
æ€»æ•°:  860
æ­£ç¡®çš„ä¸ªæ•°:  642
Epoch [95/100], V_AUC: [4m0.7469[0m
Epoch [96/100], Loss: 26.1132
train_Accuracy: [91m0.9202[0m
train_Precision: [4;34m0.9073[0m,               train_Recall: [4;33m0.9388[0m,                 train_F1 Score: [4;35m0.9196[0m
æ ‡ç­¾é‡Œ1çš„ä¸ªæ•°:  2150
æ ‡ç­¾é‡Œ0çš„ä¸ªæ•°:  2150
æ€»æ•°:  4300
æ­£ç¡®çš„ä¸ªæ•°:  3957
æœ€åä¸€ä¸ªæ‰¹æ¬¡çš„è¾“å‡º, ä¸æ»¡batchsizeæ˜¯æ­£å¸¸çš„:
 tensor([[9.8683e-01],
        [1.0000e+00],
        [9.9337e-01],
        [1.5039e-02],
        [9.4085e-01],
        [1.6556e-01],
        [4.1431e-01],
        [1.9394e-03],
        [9.9964e-01],
        [8.9980e-01],
        [6.4214e-08],
        [1.3187e-01]], device='cuda:0', grad_fn=<SigmoidBackward0>)
Epoch [96/100], T_AUC: [4m0.9237[0m
Epoch [96/100], Loss: 47.7971
val_Accuracy: [92m0.7581[0m
val_Precision: [4;34m0.7567[0m,               val_Recall: [4;33m0.7629[0m,                 val_F1 Score: [4;35m0.7545[0m
æ ‡ç­¾é‡Œ1çš„ä¸ªæ•°:  430
æ ‡ç­¾é‡Œ0çš„ä¸ªæ•°:  430
æ€»æ•°:  860
æ­£ç¡®çš„ä¸ªæ•°:  652
Epoch [96/100], V_AUC: [4m0.7580[0m
Epoch [97/100], Loss: 26.0286
train_Accuracy: [91m0.9212[0m
train_Precision: [4;34m0.9082[0m,               train_Recall: [4;33m0.9408[0m,                 train_F1 Score: [4;35m0.9209[0m
æ ‡ç­¾é‡Œ1çš„ä¸ªæ•°:  2150
æ ‡ç­¾é‡Œ0çš„ä¸ªæ•°:  2150
æ€»æ•°:  4300
æ­£ç¡®çš„ä¸ªæ•°:  3961
æœ€åä¸€ä¸ªæ‰¹æ¬¡çš„è¾“å‡º, ä¸æ»¡batchsizeæ˜¯æ­£å¸¸çš„:
 tensor([[9.9646e-01],
        [9.9999e-01],
        [9.9965e-01],
        [5.5202e-03],
        [9.8878e-01],
        [1.4691e-02],
        [8.6647e-04],
        [4.0453e-02],
        [9.9973e-01],
        [9.5927e-01],
        [9.2181e-08],
        [2.5999e-02]], device='cuda:0', grad_fn=<SigmoidBackward0>)
Epoch [97/100], T_AUC: [4m0.9248[0m
Epoch [97/100], Loss: 47.5916
val_Accuracy: [92m0.7384[0m
val_Precision: [4;34m0.7352[0m,               val_Recall: [4;33m0.7498[0m,                 val_F1 Score: [4;35m0.7370[0m
æ ‡ç­¾é‡Œ1çš„ä¸ªæ•°:  430
æ ‡ç­¾é‡Œ0çš„ä¸ªæ•°:  430
æ€»æ•°:  860
æ­£ç¡®çš„ä¸ªæ•°:  635
Epoch [97/100], V_AUC: [4m0.7391[0m
Epoch [98/100], Loss: 21.4544
train_Accuracy: [91m0.9353[0m
train_Precision: [4;34m0.9266[0m,               train_Recall: [4;33m0.9495[0m,                 train_F1 Score: [4;35m0.9352[0m
æ ‡ç­¾é‡Œ1çš„ä¸ªæ•°:  2150
æ ‡ç­¾é‡Œ0çš„ä¸ªæ•°:  2150
æ€»æ•°:  4300
æ­£ç¡®çš„ä¸ªæ•°:  4022
æœ€åä¸€ä¸ªæ‰¹æ¬¡çš„è¾“å‡º, ä¸æ»¡batchsizeæ˜¯æ­£å¸¸çš„:
 tensor([[9.8784e-01],
        [1.0000e+00],
        [9.9982e-01],
        [5.5731e-03],
        [9.9319e-01],
        [4.1621e-02],
        [1.7387e-03],
        [6.4646e-03],
        [9.9974e-01],
        [9.7851e-01],
        [5.9767e-08],
        [7.7364e-02]], device='cuda:0', grad_fn=<SigmoidBackward0>)
Epoch [98/100], T_AUC: [4m0.9386[0m
Epoch [98/100], Loss: 52.7723
val_Accuracy: [92m0.7221[0m
val_Precision: [4;34m0.7230[0m,               val_Recall: [4;33m0.7286[0m,                 val_F1 Score: [4;35m0.7193[0m
æ ‡ç­¾é‡Œ1çš„ä¸ªæ•°:  430
æ ‡ç­¾é‡Œ0çš„ä¸ªæ•°:  430
æ€»æ•°:  860
æ­£ç¡®çš„ä¸ªæ•°:  621
Epoch [98/100], V_AUC: [4m0.7231[0m
Epoch [99/100], Loss: 19.9139
train_Accuracy: [91m0.9407[0m
train_Precision: [4;34m0.9342[0m,               train_Recall: [4;33m0.9510[0m,                 train_F1 Score: [4;35m0.9403[0m
æ ‡ç­¾é‡Œ1çš„ä¸ªæ•°:  2150
æ ‡ç­¾é‡Œ0çš„ä¸ªæ•°:  2150
æ€»æ•°:  4300
æ­£ç¡®çš„ä¸ªæ•°:  4045
æœ€åä¸€ä¸ªæ‰¹æ¬¡çš„è¾“å‡º, ä¸æ»¡batchsizeæ˜¯æ­£å¸¸çš„:
 tensor([[9.9991e-01],
        [1.0000e+00],
        [9.9953e-01],
        [3.8112e-02],
        [9.8250e-01],
        [5.0155e-04],
        [2.1209e-02],
        [5.0494e-03],
        [9.9979e-01],
        [9.9600e-01],
        [3.2761e-09],
        [4.3929e-03]], device='cuda:0', grad_fn=<SigmoidBackward0>)
Epoch [99/100], T_AUC: [4m0.9433[0m
Epoch [99/100], Loss: 57.1002
val_Accuracy: [92m0.7360[0m
val_Precision: [4;34m0.7266[0m,               val_Recall: [4;33m0.7540[0m,                 val_F1 Score: [4;35m0.7353[0m
æ ‡ç­¾é‡Œ1çš„ä¸ªæ•°:  430
æ ‡ç­¾é‡Œ0çš„ä¸ªæ•°:  430
æ€»æ•°:  860
æ­£ç¡®çš„ä¸ªæ•°:  633
Epoch [99/100], V_AUC: [4m0.7372[0m
Epoch [100/100], Loss: 18.1735
train_Accuracy: [91m0.9440[0m
train_Precision: [4;34m0.9336[0m,               train_Recall: [4;33m0.9586[0m,                 train_F1 Score: [4;35m0.9437[0m
æ ‡ç­¾é‡Œ1çš„ä¸ªæ•°:  2150
æ ‡ç­¾é‡Œ0çš„ä¸ªæ•°:  2150
æ€»æ•°:  4300
æ­£ç¡®çš„ä¸ªæ•°:  4059
æœ€åä¸€ä¸ªæ‰¹æ¬¡çš„è¾“å‡º, ä¸æ»¡batchsizeæ˜¯æ­£å¸¸çš„:
 tensor([[9.9985e-01],
        [1.0000e+00],
        [9.9988e-01],
        [3.3458e-03],
        [9.7850e-01],
        [1.0473e-04],
        [1.6807e-02],
        [1.6461e-02],
        [9.9996e-01],
        [9.9835e-01],
        [2.3612e-09],
        [5.0406e-03]], device='cuda:0', grad_fn=<SigmoidBackward0>)
Epoch [100/100], T_AUC: [4m0.9465[0m
Epoch [100/100], Loss: 61.4524
val_Accuracy: [92m0.7523[0m
val_Precision: [4;34m0.7501[0m,               val_Recall: [4;33m0.7577[0m,                 val_F1 Score: [4;35m0.7487[0m
æ ‡ç­¾é‡Œ1çš„ä¸ªæ•°:  430
æ ‡ç­¾é‡Œ0çš„ä¸ªæ•°:  430
æ€»æ•°:  860
æ­£ç¡®çš„ä¸ªæ•°:  647
Epoch [100/100], V_AUC: [4m0.7517[0m
ç¬¬0æ‰¹ç¬¬2ä¸ª, 100
ç¬¬0æ‰¹ç¬¬15ä¸ª, 100
ç¬¬1æ‰¹ç¬¬0ä¸ª, 100
ç¬¬1æ‰¹ç¬¬16ä¸ª, 100
ç¬¬1æ‰¹ç¬¬29ä¸ª, 100
send email successfully
