2024-06-24-00:40:54
1æ’åº128-0.4
åˆ›å»ºæ¨¡å‹å®ä¾‹
æ¨¡å‹å®ä¾‹åˆ›å»ºå®Œæˆ
åŠ è½½é¢„è®­ç»ƒå‚æ•°
é¢„è®­ç»ƒå‚æ•°åŠ è½½å®Œæˆ
Epoch [1/100], Loss: 60.2880
train_Accuracy: [91m0.7960[0m
train_Precision: [4;34m0.7873[0m,               train_Recall: [4;33m0.8282[0m,                 train_F1 Score: [4;35m0.8005[0m
æ ‡ç­¾é‡Œ1çš„ä¸ªæ•°:  2150
æ ‡ç­¾é‡Œ0çš„ä¸ªæ•°:  2150
æ€»æ•°:  4300
æ­£ç¡®çš„ä¸ªæ•°:  3423
æœ€åä¸€ä¸ªæ‰¹æ¬¡çš„è¾“å‡º, ä¸æ»¡batchsizeæ˜¯æ­£å¸¸çš„:
 tensor([[0.9279],
        [0.8333],
        [0.9657],
        [0.1667],
        [0.7500],
        [0.1710],
        [0.5457],
        [0.3436],
        [0.4303],
        [0.8966],
        [0.0422],
        [0.0698]], device='cuda:0', grad_fn=<SigmoidBackward0>)
Epoch [1/100], T_AUC: [4m0.8032[0m
Epoch [1/100], Loss: 13.5883
val_Accuracy: [92m0.7907[0m
val_Precision: [4;34m0.7817[0m,               val_Recall: [4;33m0.7962[0m,                 val_F1 Score: [4;35m0.7845[0m
æ ‡ç­¾é‡Œ1çš„ä¸ªæ•°:  430
æ ‡ç­¾é‡Œ0çš„ä¸ªæ•°:  430
æ€»æ•°:  860
æ­£ç¡®çš„ä¸ªæ•°:  680
Epoch [1/100], V_AUC: [4m0.7877[0m
Epoch [2/100], Loss: 57.9372
train_Accuracy: [91m0.8098[0m
train_Precision: [4;34m0.7996[0m,               train_Recall: [4;33m0.8356[0m,                 train_F1 Score: [4;35m0.8117[0m
æ ‡ç­¾é‡Œ1çš„ä¸ªæ•°:  2150
æ ‡ç­¾é‡Œ0çš„ä¸ªæ•°:  2150
æ€»æ•°:  4300
æ­£ç¡®çš„ä¸ªæ•°:  3482
æœ€åä¸€ä¸ªæ‰¹æ¬¡çš„è¾“å‡º, ä¸æ»¡batchsizeæ˜¯æ­£å¸¸çš„:
 tensor([[0.9160],
        [0.8385],
        [0.9615],
        [0.1494],
        [0.7558],
        [0.1530],
        [0.5131],
        [0.3725],
        [0.4796],
        [0.9050],
        [0.0519],
        [0.0713]], device='cuda:0', grad_fn=<SigmoidBackward0>)
Epoch [2/100], T_AUC: [4m0.8160[0m
Epoch [2/100], Loss: 13.5656
val_Accuracy: [92m0.7872[0m
val_Precision: [4;34m0.7778[0m,               val_Recall: [4;33m0.7908[0m,                 val_F1 Score: [4;35m0.7794[0m
æ ‡ç­¾é‡Œ1çš„ä¸ªæ•°:  430
æ ‡ç­¾é‡Œ0çš„ä¸ªæ•°:  430
æ€»æ•°:  860
æ­£ç¡®çš„ä¸ªæ•°:  677
Epoch [2/100], V_AUC: [4m0.7841[0m
Epoch [3/100], Loss: 57.0832
train_Accuracy: [91m0.8135[0m
train_Precision: [4;34m0.8028[0m,               train_Recall: [4;33m0.8389[0m,                 train_F1 Score: [4;35m0.8154[0m
æ ‡ç­¾é‡Œ1çš„ä¸ªæ•°:  2150
æ ‡ç­¾é‡Œ0çš„ä¸ªæ•°:  2150
æ€»æ•°:  4300
æ­£ç¡®çš„ä¸ªæ•°:  3498
æœ€åä¸€ä¸ªæ‰¹æ¬¡çš„è¾“å‡º, ä¸æ»¡batchsizeæ˜¯æ­£å¸¸çš„:
 tensor([[0.8820],
        [0.8381],
        [0.9738],
        [0.1349],
        [0.7833],
        [0.1275],
        [0.4976],
        [0.3623],
        [0.5467],
        [0.8708],
        [0.0661],
        [0.0788]], device='cuda:0', grad_fn=<SigmoidBackward0>)
Epoch [3/100], T_AUC: [4m0.8194[0m
Epoch [3/100], Loss: 13.7884
val_Accuracy: [92m0.7849[0m
val_Precision: [4;34m0.7771[0m,               val_Recall: [4;33m0.7862[0m,                 val_F1 Score: [4;35m0.7766[0m
æ ‡ç­¾é‡Œ1çš„ä¸ªæ•°:  430
æ ‡ç­¾é‡Œ0çš„ä¸ªæ•°:  430
æ€»æ•°:  860
æ­£ç¡®çš„ä¸ªæ•°:  675
Epoch [3/100], V_AUC: [4m0.7823[0m
Epoch [4/100], Loss: 56.3838
train_Accuracy: [91m0.8191[0m
train_Precision: [4;34m0.8082[0m,               train_Recall: [4;33m0.8437[0m,                 train_F1 Score: [4;35m0.8201[0m
æ ‡ç­¾é‡Œ1çš„ä¸ªæ•°:  2150
æ ‡ç­¾é‡Œ0çš„ä¸ªæ•°:  2150
æ€»æ•°:  4300
æ­£ç¡®çš„ä¸ªæ•°:  3522
æœ€åä¸€ä¸ªæ‰¹æ¬¡çš„è¾“å‡º, ä¸æ»¡batchsizeæ˜¯æ­£å¸¸çš„:
 tensor([[0.9077],
        [0.8364],
        [0.9661],
        [0.1176],
        [0.7884],
        [0.1558],
        [0.4658],
        [0.4073],
        [0.5522],
        [0.8957],
        [0.0572],
        [0.0629]], device='cuda:0', grad_fn=<SigmoidBackward0>)
Epoch [4/100], T_AUC: [4m0.8246[0m
Epoch [4/100], Loss: 13.9140
val_Accuracy: [92m0.7826[0m
val_Precision: [4;34m0.7748[0m,               val_Recall: [4;33m0.7813[0m,                 val_F1 Score: [4;35m0.7737[0m
æ ‡ç­¾é‡Œ1çš„ä¸ªæ•°:  430
æ ‡ç­¾é‡Œ0çš„ä¸ªæ•°:  430
æ€»æ•°:  860
æ­£ç¡®çš„ä¸ªæ•°:  673
Epoch [4/100], V_AUC: [4m0.7795[0m
Epoch [5/100], Loss: 55.6620
train_Accuracy: [91m0.8209[0m
train_Precision: [4;34m0.8090[0m,               train_Recall: [4;33m0.8483[0m,                 train_F1 Score: [4;35m0.8229[0m
æ ‡ç­¾é‡Œ1çš„ä¸ªæ•°:  2150
æ ‡ç­¾é‡Œ0çš„ä¸ªæ•°:  2150
æ€»æ•°:  4300
æ­£ç¡®çš„ä¸ªæ•°:  3530
æœ€åä¸€ä¸ªæ‰¹æ¬¡çš„è¾“å‡º, ä¸æ»¡batchsizeæ˜¯æ­£å¸¸çš„:
 tensor([[0.8882],
        [0.7889],
        [0.9758],
        [0.1141],
        [0.7948],
        [0.1307],
        [0.4921],
        [0.3690],
        [0.5176],
        [0.9106],
        [0.0624],
        [0.0843]], device='cuda:0', grad_fn=<SigmoidBackward0>)
Epoch [5/100], T_AUC: [4m0.8268[0m
Epoch [5/100], Loss: 14.0431
val_Accuracy: [92m0.7930[0m
val_Precision: [4;34m0.7914[0m,               val_Recall: [4;33m0.7801[0m,                 val_F1 Score: [4;35m0.7811[0m
æ ‡ç­¾é‡Œ1çš„ä¸ªæ•°:  430
æ ‡ç­¾é‡Œ0çš„ä¸ªæ•°:  430
æ€»æ•°:  860
æ­£ç¡®çš„ä¸ªæ•°:  682
Epoch [5/100], V_AUC: [4m0.7882[0m
Epoch [6/100], Loss: 55.1433
train_Accuracy: [91m0.8212[0m
train_Precision: [4;34m0.8098[0m,               train_Recall: [4;33m0.8472[0m,                 train_F1 Score: [4;35m0.8227[0m
æ ‡ç­¾é‡Œ1çš„ä¸ªæ•°:  2150
æ ‡ç­¾é‡Œ0çš„ä¸ªæ•°:  2150
æ€»æ•°:  4300
æ­£ç¡®çš„ä¸ªæ•°:  3531
æœ€åä¸€ä¸ªæ‰¹æ¬¡çš„è¾“å‡º, ä¸æ»¡batchsizeæ˜¯æ­£å¸¸çš„:
 tensor([[0.8905],
        [0.8235],
        [0.9814],
        [0.0864],
        [0.7931],
        [0.1225],
        [0.4199],
        [0.4298],
        [0.6675],
        [0.8662],
        [0.0673],
        [0.0647]], device='cuda:0', grad_fn=<SigmoidBackward0>)
Epoch [6/100], T_AUC: [4m0.8265[0m
Epoch [6/100], Loss: 14.4172
val_Accuracy: [92m0.7791[0m
val_Precision: [4;34m0.7762[0m,               val_Recall: [4;33m0.7686[0m,                 val_F1 Score: [4;35m0.7676[0m
æ ‡ç­¾é‡Œ1çš„ä¸ªæ•°:  430
æ ‡ç­¾é‡Œ0çš„ä¸ªæ•°:  430
æ€»æ•°:  860
æ­£ç¡®çš„ä¸ªæ•°:  670
Epoch [6/100], V_AUC: [4m0.7750[0m
Epoch [7/100], Loss: 54.4558
train_Accuracy: [91m0.8212[0m
train_Precision: [4;34m0.8088[0m,               train_Recall: [4;33m0.8478[0m,                 train_F1 Score: [4;35m0.8229[0m
æ ‡ç­¾é‡Œ1çš„ä¸ªæ•°:  2150
æ ‡ç­¾é‡Œ0çš„ä¸ªæ•°:  2150
æ€»æ•°:  4300
æ­£ç¡®çš„ä¸ªæ•°:  3531
æœ€åä¸€ä¸ªæ‰¹æ¬¡çš„è¾“å‡º, ä¸æ»¡batchsizeæ˜¯æ­£å¸¸çš„:
 tensor([[0.8991],
        [0.8502],
        [0.9818],
        [0.0745],
        [0.8465],
        [0.1247],
        [0.4103],
        [0.3482],
        [0.6780],
        [0.9028],
        [0.0455],
        [0.0621]], device='cuda:0', grad_fn=<SigmoidBackward0>)
Epoch [7/100], T_AUC: [4m0.8264[0m
Epoch [7/100], Loss: 14.3510
val_Accuracy: [92m0.7860[0m
val_Precision: [4;34m0.7959[0m,               val_Recall: [4;33m0.7608[0m,                 val_F1 Score: [4;35m0.7725[0m
æ ‡ç­¾é‡Œ1çš„ä¸ªæ•°:  430
æ ‡ç­¾é‡Œ0çš„ä¸ªæ•°:  430
æ€»æ•°:  860
æ­£ç¡®çš„ä¸ªæ•°:  676
Epoch [7/100], V_AUC: [4m0.7821[0m
Epoch [8/100], Loss: 53.6375
train_Accuracy: [91m0.8249[0m
train_Precision: [4;34m0.8179[0m,               train_Recall: [4;33m0.8442[0m,                 train_F1 Score: [4;35m0.8259[0m
æ ‡ç­¾é‡Œ1çš„ä¸ªæ•°:  2150
æ ‡ç­¾é‡Œ0çš„ä¸ªæ•°:  2150
æ€»æ•°:  4300
æ­£ç¡®çš„ä¸ªæ•°:  3547
æœ€åä¸€ä¸ªæ‰¹æ¬¡çš„è¾“å‡º, ä¸æ»¡batchsizeæ˜¯æ­£å¸¸çš„:
 tensor([[0.9181],
        [0.8333],
        [0.9699],
        [0.0551],
        [0.8762],
        [0.1008],
        [0.3484],
        [0.3877],
        [0.6791],
        [0.9265],
        [0.0623],
        [0.0739]], device='cuda:0', grad_fn=<SigmoidBackward0>)
Epoch [8/100], T_AUC: [4m0.8306[0m
Epoch [8/100], Loss: 14.8405
val_Accuracy: [92m0.7860[0m
val_Precision: [4;34m0.7865[0m,               val_Recall: [4;33m0.7706[0m,                 val_F1 Score: [4;35m0.7741[0m
æ ‡ç­¾é‡Œ1çš„ä¸ªæ•°:  430
æ ‡ç­¾é‡Œ0çš„ä¸ªæ•°:  430
æ€»æ•°:  860
æ­£ç¡®çš„ä¸ªæ•°:  676
Epoch [8/100], V_AUC: [4m0.7815[0m
Epoch [9/100], Loss: 53.3024
train_Accuracy: [91m0.8314[0m
train_Precision: [4;34m0.8235[0m,               train_Recall: [4;33m0.8516[0m,                 train_F1 Score: [4;35m0.8322[0m
æ ‡ç­¾é‡Œ1çš„ä¸ªæ•°:  2150
æ ‡ç­¾é‡Œ0çš„ä¸ªæ•°:  2150
æ€»æ•°:  4300
æ­£ç¡®çš„ä¸ªæ•°:  3575
æœ€åä¸€ä¸ªæ‰¹æ¬¡çš„è¾“å‡º, ä¸æ»¡batchsizeæ˜¯æ­£å¸¸çš„:
 tensor([[0.8977],
        [0.8513],
        [0.9773],
        [0.1236],
        [0.8102],
        [0.1207],
        [0.2938],
        [0.4565],
        [0.7977],
        [0.8839],
        [0.0509],
        [0.0430]], device='cuda:0', grad_fn=<SigmoidBackward0>)
Epoch [9/100], T_AUC: [4m0.8371[0m
Epoch [9/100], Loss: 14.6733
val_Accuracy: [92m0.7802[0m
val_Precision: [4;34m0.7798[0m,               val_Recall: [4;33m0.7701[0m,                 val_F1 Score: [4;35m0.7699[0m
æ ‡ç­¾é‡Œ1çš„ä¸ªæ•°:  430
æ ‡ç­¾é‡Œ0çš„ä¸ªæ•°:  430
æ€»æ•°:  860
æ­£ç¡®çš„ä¸ªæ•°:  671
Epoch [9/100], V_AUC: [4m0.7772[0m
Epoch [10/100], Loss: 53.8669
train_Accuracy: [91m0.8233[0m
train_Precision: [4;34m0.8117[0m,               train_Recall: [4;33m0.8485[0m,                 train_F1 Score: [4;35m0.8243[0m
æ ‡ç­¾é‡Œ1çš„ä¸ªæ•°:  2150
æ ‡ç­¾é‡Œ0çš„ä¸ªæ•°:  2150
æ€»æ•°:  4300
æ­£ç¡®çš„ä¸ªæ•°:  3540
æœ€åä¸€ä¸ªæ‰¹æ¬¡çš„è¾“å‡º, ä¸æ»¡batchsizeæ˜¯æ­£å¸¸çš„:
 tensor([[0.9091],
        [0.8280],
        [0.9714],
        [0.0738],
        [0.9186],
        [0.1413],
        [0.4107],
        [0.3818],
        [0.7017],
        [0.8913],
        [0.0374],
        [0.0497]], device='cuda:0', grad_fn=<SigmoidBackward0>)
Epoch [10/100], T_AUC: [4m0.8291[0m
Epoch [10/100], Loss: 14.3026
val_Accuracy: [92m0.7849[0m
val_Precision: [4;34m0.7836[0m,               val_Recall: [4;33m0.7736[0m,                 val_F1 Score: [4;35m0.7738[0m
æ ‡ç­¾é‡Œ1çš„ä¸ªæ•°:  430
æ ‡ç­¾é‡Œ0çš„ä¸ªæ•°:  430
æ€»æ•°:  860
æ­£ç¡®çš„ä¸ªæ•°:  675
Epoch [10/100], V_AUC: [4m0.7821[0m
Epoch [11/100], Loss: 52.3059
train_Accuracy: [91m0.8356[0m
train_Precision: [4;34m0.8266[0m,               train_Recall: [4;33m0.8593[0m,                 train_F1 Score: [4;35m0.8373[0m
æ ‡ç­¾é‡Œ1çš„ä¸ªæ•°:  2150
æ ‡ç­¾é‡Œ0çš„ä¸ªæ•°:  2150
æ€»æ•°:  4300
æ­£ç¡®çš„ä¸ªæ•°:  3593
æœ€åä¸€ä¸ªæ‰¹æ¬¡çš„è¾“å‡º, ä¸æ»¡batchsizeæ˜¯æ­£å¸¸çš„:
 tensor([[0.8968],
        [0.8817],
        [0.9797],
        [0.0712],
        [0.9135],
        [0.1149],
        [0.2945],
        [0.3402],
        [0.8256],
        [0.8935],
        [0.0331],
        [0.0394]], device='cuda:0', grad_fn=<SigmoidBackward0>)
Epoch [11/100], T_AUC: [4m0.8420[0m
Epoch [11/100], Loss: 14.7972
val_Accuracy: [92m0.7895[0m
val_Precision: [4;34m0.7912[0m,               val_Recall: [4;33m0.7768[0m,                 val_F1 Score: [4;35m0.7793[0m
æ ‡ç­¾é‡Œ1çš„ä¸ªæ•°:  430
æ ‡ç­¾é‡Œ0çš„ä¸ªæ•°:  430
æ€»æ•°:  860
æ­£ç¡®çš„ä¸ªæ•°:  679
Epoch [11/100], V_AUC: [4m0.7867[0m
Epoch [12/100], Loss: 51.1118
train_Accuracy: [91m0.8372[0m
train_Precision: [4;34m0.8304[0m,               train_Recall: [4;33m0.8554[0m,                 train_F1 Score: [4;35m0.8378[0m
æ ‡ç­¾é‡Œ1çš„ä¸ªæ•°:  2150
æ ‡ç­¾é‡Œ0çš„ä¸ªæ•°:  2150
æ€»æ•°:  4300
æ­£ç¡®çš„ä¸ªæ•°:  3600
æœ€åä¸€ä¸ªæ‰¹æ¬¡çš„è¾“å‡º, ä¸æ»¡batchsizeæ˜¯æ­£å¸¸çš„:
 tensor([[0.9082],
        [0.8891],
        [0.9774],
        [0.0534],
        [0.9242],
        [0.1191],
        [0.3610],
        [0.2097],
        [0.8448],
        [0.9031],
        [0.0382],
        [0.0468]], device='cuda:0', grad_fn=<SigmoidBackward0>)
Epoch [12/100], T_AUC: [4m0.8432[0m
Epoch [12/100], Loss: 14.5684
val_Accuracy: [92m0.7895[0m
val_Precision: [4;34m0.7910[0m,               val_Recall: [4;33m0.7775[0m,                 val_F1 Score: [4;35m0.7796[0m
æ ‡ç­¾é‡Œ1çš„ä¸ªæ•°:  430
æ ‡ç­¾é‡Œ0çš„ä¸ªæ•°:  430
æ€»æ•°:  860
æ­£ç¡®çš„ä¸ªæ•°:  679
Epoch [12/100], V_AUC: [4m0.7868[0m
Epoch [13/100], Loss: 50.1584
train_Accuracy: [91m0.8384[0m
train_Precision: [4;34m0.8284[0m,               train_Recall: [4;33m0.8604[0m,                 train_F1 Score: [4;35m0.8395[0m
æ ‡ç­¾é‡Œ1çš„ä¸ªæ•°:  2150
æ ‡ç­¾é‡Œ0çš„ä¸ªæ•°:  2150
æ€»æ•°:  4300
æ­£ç¡®çš„ä¸ªæ•°:  3605
æœ€åä¸€ä¸ªæ‰¹æ¬¡çš„è¾“å‡º, ä¸æ»¡batchsizeæ˜¯æ­£å¸¸çš„:
 tensor([[0.9341],
        [0.9000],
        [0.9733],
        [0.0421],
        [0.8950],
        [0.0929],
        [0.2572],
        [0.2660],
        [0.9128],
        [0.8903],
        [0.0394],
        [0.0598]], device='cuda:0', grad_fn=<SigmoidBackward0>)
Epoch [13/100], T_AUC: [4m0.8441[0m
Epoch [13/100], Loss: 15.1795
val_Accuracy: [92m0.7872[0m
val_Precision: [4;34m0.7891[0m,               val_Recall: [4;33m0.7686[0m,                 val_F1 Score: [4;35m0.7744[0m
æ ‡ç­¾é‡Œ1çš„ä¸ªæ•°:  430
æ ‡ç­¾é‡Œ0çš„ä¸ªæ•°:  430
æ€»æ•°:  860
æ­£ç¡®çš„ä¸ªæ•°:  677
Epoch [13/100], V_AUC: [4m0.7839[0m
Epoch [14/100], Loss: 49.3871
train_Accuracy: [91m0.8426[0m
train_Precision: [4;34m0.8339[0m,               train_Recall: [4;33m0.8626[0m,                 train_F1 Score: [4;35m0.8432[0m
æ ‡ç­¾é‡Œ1çš„ä¸ªæ•°:  2150
æ ‡ç­¾é‡Œ0çš„ä¸ªæ•°:  2150
æ€»æ•°:  4300
æ­£ç¡®çš„ä¸ªæ•°:  3623
æœ€åä¸€ä¸ªæ‰¹æ¬¡çš„è¾“å‡º, ä¸æ»¡batchsizeæ˜¯æ­£å¸¸çš„:
 tensor([[0.9414],
        [0.9079],
        [0.9712],
        [0.0263],
        [0.9101],
        [0.1126],
        [0.3969],
        [0.3859],
        [0.8270],
        [0.8551],
        [0.0418],
        [0.0538]], device='cuda:0', grad_fn=<SigmoidBackward0>)
Epoch [14/100], T_AUC: [4m0.8482[0m
Epoch [14/100], Loss: 15.0772
val_Accuracy: [92m0.7837[0m
val_Precision: [4;34m0.7901[0m,               val_Recall: [4;33m0.7656[0m,                 val_F1 Score: [4;35m0.7724[0m
æ ‡ç­¾é‡Œ1çš„ä¸ªæ•°:  430
æ ‡ç­¾é‡Œ0çš„ä¸ªæ•°:  430
æ€»æ•°:  860
æ­£ç¡®çš„ä¸ªæ•°:  674
Epoch [14/100], V_AUC: [4m0.7807[0m
Epoch [15/100], Loss: 49.7645
train_Accuracy: [91m0.8421[0m
train_Precision: [4;34m0.8334[0m,               train_Recall: [4;33m0.8627[0m,                 train_F1 Score: [4;35m0.8433[0m
æ ‡ç­¾é‡Œ1çš„ä¸ªæ•°:  2150
æ ‡ç­¾é‡Œ0çš„ä¸ªæ•°:  2150
æ€»æ•°:  4300
æ­£ç¡®çš„ä¸ªæ•°:  3621
æœ€åä¸€ä¸ªæ‰¹æ¬¡çš„è¾“å‡º, ä¸æ»¡batchsizeæ˜¯æ­£å¸¸çš„:
 tensor([[0.9393],
        [0.8948],
        [0.9831],
        [0.0383],
        [0.9363],
        [0.0723],
        [0.1936],
        [0.2398],
        [0.9202],
        [0.9044],
        [0.0316],
        [0.0480]], device='cuda:0', grad_fn=<SigmoidBackward0>)
Epoch [15/100], T_AUC: [4m0.8473[0m
Epoch [15/100], Loss: 15.2199
val_Accuracy: [92m0.7686[0m
val_Precision: [4;34m0.7575[0m,               val_Recall: [4;33m0.7724[0m,                 val_F1 Score: [4;35m0.7596[0m
æ ‡ç­¾é‡Œ1çš„ä¸ªæ•°:  430
æ ‡ç­¾é‡Œ0çš„ä¸ªæ•°:  430
æ€»æ•°:  860
æ­£ç¡®çš„ä¸ªæ•°:  661
Epoch [15/100], V_AUC: [4m0.7648[0m
Epoch [16/100], Loss: 48.6065
train_Accuracy: [91m0.8433[0m
train_Precision: [4;34m0.8322[0m,               train_Recall: [4;33m0.8675[0m,                 train_F1 Score: [4;35m0.8447[0m
æ ‡ç­¾é‡Œ1çš„ä¸ªæ•°:  2150
æ ‡ç­¾é‡Œ0çš„ä¸ªæ•°:  2150
æ€»æ•°:  4300
æ­£ç¡®çš„ä¸ªæ•°:  3626
æœ€åä¸€ä¸ªæ‰¹æ¬¡çš„è¾“å‡º, ä¸æ»¡batchsizeæ˜¯æ­£å¸¸çš„:
 tensor([[0.9171],
        [0.8950],
        [0.9868],
        [0.0510],
        [0.9484],
        [0.0628],
        [0.1895],
        [0.3888],
        [0.9295],
        [0.8555],
        [0.0122],
        [0.0596]], device='cuda:0', grad_fn=<SigmoidBackward0>)
Epoch [16/100], T_AUC: [4m0.8485[0m
Epoch [16/100], Loss: 15.3802
val_Accuracy: [92m0.7640[0m
val_Precision: [4;34m0.7501[0m,               val_Recall: [4;33m0.7755[0m,                 val_F1 Score: [4;35m0.7585[0m
æ ‡ç­¾é‡Œ1çš„ä¸ªæ•°:  430
æ ‡ç­¾é‡Œ0çš„ä¸ªæ•°:  430
æ€»æ•°:  860
æ­£ç¡®çš„ä¸ªæ•°:  657
Epoch [16/100], V_AUC: [4m0.7599[0m
Epoch [17/100], Loss: 47.0834
train_Accuracy: [91m0.8537[0m
train_Precision: [4;34m0.8430[0m,               train_Recall: [4;33m0.8770[0m,                 train_F1 Score: [4;35m0.8553[0m
æ ‡ç­¾é‡Œ1çš„ä¸ªæ•°:  2150
æ ‡ç­¾é‡Œ0çš„ä¸ªæ•°:  2150
æ€»æ•°:  4300
æ­£ç¡®çš„ä¸ªæ•°:  3671
æœ€åä¸€ä¸ªæ‰¹æ¬¡çš„è¾“å‡º, ä¸æ»¡batchsizeæ˜¯æ­£å¸¸çš„:
 tensor([[0.9133],
        [0.9435],
        [0.9764],
        [0.0253],
        [0.8797],
        [0.0912],
        [0.1872],
        [0.2700],
        [0.9569],
        [0.9126],
        [0.0232],
        [0.0672]], device='cuda:0', grad_fn=<SigmoidBackward0>)
Epoch [17/100], T_AUC: [4m0.8589[0m
Epoch [17/100], Loss: 15.4934
val_Accuracy: [92m0.7802[0m
val_Precision: [4;34m0.7807[0m,               val_Recall: [4;33m0.7684[0m,                 val_F1 Score: [4;35m0.7691[0m
æ ‡ç­¾é‡Œ1çš„ä¸ªæ•°:  430
æ ‡ç­¾é‡Œ0çš„ä¸ªæ•°:  430
æ€»æ•°:  860
æ­£ç¡®çš„ä¸ªæ•°:  671
Epoch [17/100], V_AUC: [4m0.7770[0m
Epoch [18/100], Loss: 45.3308
train_Accuracy: [91m0.8549[0m
train_Precision: [4;34m0.8457[0m,               train_Recall: [4;33m0.8762[0m,                 train_F1 Score: [4;35m0.8561[0m
æ ‡ç­¾é‡Œ1çš„ä¸ªæ•°:  2150
æ ‡ç­¾é‡Œ0çš„ä¸ªæ•°:  2150
æ€»æ•°:  4300
æ­£ç¡®çš„ä¸ªæ•°:  3676
æœ€åä¸€ä¸ªæ‰¹æ¬¡çš„è¾“å‡º, ä¸æ»¡batchsizeæ˜¯æ­£å¸¸çš„:
 tensor([[0.9101],
        [0.9317],
        [0.9938],
        [0.0264],
        [0.9541],
        [0.0601],
        [0.1849],
        [0.0911],
        [0.9750],
        [0.8681],
        [0.0224],
        [0.0502]], device='cuda:0', grad_fn=<SigmoidBackward0>)
Epoch [18/100], T_AUC: [4m0.8604[0m
Epoch [18/100], Loss: 16.5956
val_Accuracy: [92m0.7733[0m
val_Precision: [4;34m0.7689[0m,               val_Recall: [4;33m0.7619[0m,                 val_F1 Score: [4;35m0.7601[0m
æ ‡ç­¾é‡Œ1çš„ä¸ªæ•°:  430
æ ‡ç­¾é‡Œ0çš„ä¸ªæ•°:  430
æ€»æ•°:  860
æ­£ç¡®çš„ä¸ªæ•°:  665
Epoch [18/100], V_AUC: [4m0.7691[0m
Epoch [19/100], Loss: 44.6209
train_Accuracy: [91m0.8647[0m
train_Precision: [4;34m0.8565[0m,               train_Recall: [4;33m0.8810[0m,                 train_F1 Score: [4;35m0.8645[0m
æ ‡ç­¾é‡Œ1çš„ä¸ªæ•°:  2150
æ ‡ç­¾é‡Œ0çš„ä¸ªæ•°:  2150
æ€»æ•°:  4300
æ­£ç¡®çš„ä¸ªæ•°:  3718
æœ€åä¸€ä¸ªæ‰¹æ¬¡çš„è¾“å‡º, ä¸æ»¡batchsizeæ˜¯æ­£å¸¸çš„:
 tensor([[0.8426],
        [0.9361],
        [0.9940],
        [0.0137],
        [0.9749],
        [0.0734],
        [0.1928],
        [0.1051],
        [0.9444],
        [0.9341],
        [0.0182],
        [0.0900]], device='cuda:0', grad_fn=<SigmoidBackward0>)
Epoch [19/100], T_AUC: [4m0.8692[0m
Epoch [19/100], Loss: 16.4108
val_Accuracy: [92m0.7721[0m
val_Precision: [4;34m0.7751[0m,               val_Recall: [4;33m0.7557[0m,                 val_F1 Score: [4;35m0.7595[0m
æ ‡ç­¾é‡Œ1çš„ä¸ªæ•°:  430
æ ‡ç­¾é‡Œ0çš„ä¸ªæ•°:  430
æ€»æ•°:  860
æ­£ç¡®çš„ä¸ªæ•°:  664
Epoch [19/100], V_AUC: [4m0.7696[0m
Epoch [20/100], Loss: 44.3820
train_Accuracy: [91m0.8577[0m
train_Precision: [4;34m0.8492[0m,               train_Recall: [4;33m0.8779[0m,                 train_F1 Score: [4;35m0.8583[0m
æ ‡ç­¾é‡Œ1çš„ä¸ªæ•°:  2150
æ ‡ç­¾é‡Œ0çš„ä¸ªæ•°:  2150
æ€»æ•°:  4300
æ­£ç¡®çš„ä¸ªæ•°:  3688
æœ€åä¸€ä¸ªæ‰¹æ¬¡çš„è¾“å‡º, ä¸æ»¡batchsizeæ˜¯æ­£å¸¸çš„:
 tensor([[0.9674],
        [0.9572],
        [0.9936],
        [0.0577],
        [0.9392],
        [0.0640],
        [0.2561],
        [0.1375],
        [0.8962],
        [0.9283],
        [0.0049],
        [0.0370]], device='cuda:0', grad_fn=<SigmoidBackward0>)
Epoch [20/100], T_AUC: [4m0.8632[0m
Epoch [20/100], Loss: 16.9888
val_Accuracy: [92m0.7663[0m
val_Precision: [4;34m0.7593[0m,               val_Recall: [4;33m0.7616[0m,                 val_F1 Score: [4;35m0.7549[0m
æ ‡ç­¾é‡Œ1çš„ä¸ªæ•°:  430
æ ‡ç­¾é‡Œ0çš„ä¸ªæ•°:  430
æ€»æ•°:  860
æ­£ç¡®çš„ä¸ªæ•°:  659
Epoch [20/100], V_AUC: [4m0.7625[0m
Epoch [21/100], Loss: 41.9974
train_Accuracy: [91m0.8726[0m
train_Precision: [4;34m0.8632[0m,               train_Recall: [4;33m0.8926[0m,                 train_F1 Score: [4;35m0.8736[0m
æ ‡ç­¾é‡Œ1çš„ä¸ªæ•°:  2150
æ ‡ç­¾é‡Œ0çš„ä¸ªæ•°:  2150
æ€»æ•°:  4300
æ­£ç¡®çš„ä¸ªæ•°:  3752
æœ€åä¸€ä¸ªæ‰¹æ¬¡çš„è¾“å‡º, ä¸æ»¡batchsizeæ˜¯æ­£å¸¸çš„:
 tensor([[0.9303],
        [0.9754],
        [0.9961],
        [0.0182],
        [0.9787],
        [0.0598],
        [0.1383],
        [0.1387],
        [0.9495],
        [0.8916],
        [0.0060],
        [0.0386]], device='cuda:0', grad_fn=<SigmoidBackward0>)
Epoch [21/100], T_AUC: [4m0.8769[0m
Epoch [21/100], Loss: 17.1564
val_Accuracy: [92m0.7663[0m
val_Precision: [4;34m0.7663[0m,               val_Recall: [4;33m0.7533[0m,                 val_F1 Score: [4;35m0.7541[0m
æ ‡ç­¾é‡Œ1çš„ä¸ªæ•°:  430
æ ‡ç­¾é‡Œ0çš„ä¸ªæ•°:  430
æ€»æ•°:  860
æ­£ç¡®çš„ä¸ªæ•°:  659
Epoch [21/100], V_AUC: [4m0.7644[0m
Epoch [22/100], Loss: 40.5125
train_Accuracy: [91m0.8749[0m
train_Precision: [4;34m0.8642[0m,               train_Recall: [4;33m0.8941[0m,                 train_F1 Score: [4;35m0.8750[0m
æ ‡ç­¾é‡Œ1çš„ä¸ªæ•°:  2150
æ ‡ç­¾é‡Œ0çš„ä¸ªæ•°:  2150
æ€»æ•°:  4300
æ­£ç¡®çš„ä¸ªæ•°:  3762
æœ€åä¸€ä¸ªæ‰¹æ¬¡çš„è¾“å‡º, ä¸æ»¡batchsizeæ˜¯æ­£å¸¸çš„:
 tensor([[0.9583],
        [0.9671],
        [0.9949],
        [0.0125],
        [0.9957],
        [0.0233],
        [0.2137],
        [0.1138],
        [0.9267],
        [0.9040],
        [0.0043],
        [0.0387]], device='cuda:0', grad_fn=<SigmoidBackward0>)
Epoch [22/100], T_AUC: [4m0.8796[0m
Epoch [22/100], Loss: 18.3431
val_Accuracy: [92m0.7686[0m
val_Precision: [4;34m0.7718[0m,               val_Recall: [4;33m0.7562[0m,                 val_F1 Score: [4;35m0.7569[0m
æ ‡ç­¾é‡Œ1çš„ä¸ªæ•°:  430
æ ‡ç­¾é‡Œ0çš„ä¸ªæ•°:  430
æ€»æ•°:  860
æ­£ç¡®çš„ä¸ªæ•°:  661
Epoch [22/100], V_AUC: [4m0.7661[0m
Epoch [23/100], Loss: 38.4185
train_Accuracy: [91m0.8842[0m
train_Precision: [4;34m0.8750[0m,               train_Recall: [4;33m0.9030[0m,                 train_F1 Score: [4;35m0.8849[0m
æ ‡ç­¾é‡Œ1çš„ä¸ªæ•°:  2150
æ ‡ç­¾é‡Œ0çš„ä¸ªæ•°:  2150
æ€»æ•°:  4300
æ­£ç¡®çš„ä¸ªæ•°:  3802
æœ€åä¸€ä¸ªæ‰¹æ¬¡çš„è¾“å‡º, ä¸æ»¡batchsizeæ˜¯æ­£å¸¸çš„:
 tensor([[0.9734],
        [0.9396],
        [0.9922],
        [0.0166],
        [0.9981],
        [0.0268],
        [0.1432],
        [0.0480],
        [0.9047],
        [0.9514],
        [0.0082],
        [0.0320]], device='cuda:0', grad_fn=<SigmoidBackward0>)
Epoch [23/100], T_AUC: [4m0.8890[0m
Epoch [23/100], Loss: 18.9065
val_Accuracy: [92m0.7593[0m
val_Precision: [4;34m0.7572[0m,               val_Recall: [4;33m0.7532[0m,                 val_F1 Score: [4;35m0.7494[0m
æ ‡ç­¾é‡Œ1çš„ä¸ªæ•°:  430
æ ‡ç­¾é‡Œ0çš„ä¸ªæ•°:  430
æ€»æ•°:  860
æ­£ç¡®çš„ä¸ªæ•°:  653
Epoch [23/100], V_AUC: [4m0.7564[0m
Epoch [24/100], Loss: 37.7775
train_Accuracy: [91m0.8863[0m
train_Precision: [4;34m0.8755[0m,               train_Recall: [4;33m0.9067[0m,                 train_F1 Score: [4;35m0.8873[0m
æ ‡ç­¾é‡Œ1çš„ä¸ªæ•°:  2150
æ ‡ç­¾é‡Œ0çš„ä¸ªæ•°:  2150
æ€»æ•°:  4300
æ­£ç¡®çš„ä¸ªæ•°:  3811
æœ€åä¸€ä¸ªæ‰¹æ¬¡çš„è¾“å‡º, ä¸æ»¡batchsizeæ˜¯æ­£å¸¸çš„:
 tensor([[0.9817],
        [0.9798],
        [0.9940],
        [0.0226],
        [0.9966],
        [0.0197],
        [0.1231],
        [0.0596],
        [0.8877],
        [0.8939],
        [0.0074],
        [0.0300]], device='cuda:0', grad_fn=<SigmoidBackward0>)
Epoch [24/100], T_AUC: [4m0.8907[0m
Epoch [24/100], Loss: 19.2315
val_Accuracy: [92m0.7651[0m
val_Precision: [4;34m0.7626[0m,               val_Recall: [4;33m0.7546[0m,                 val_F1 Score: [4;35m0.7520[0m
æ ‡ç­¾é‡Œ1çš„ä¸ªæ•°:  430
æ ‡ç­¾é‡Œ0çš„ä¸ªæ•°:  430
æ€»æ•°:  860
æ­£ç¡®çš„ä¸ªæ•°:  658
Epoch [24/100], V_AUC: [4m0.7610[0m
Epoch [25/100], Loss: 36.7716
train_Accuracy: [91m0.8886[0m
train_Precision: [4;34m0.8799[0m,               train_Recall: [4;33m0.9075[0m,                 train_F1 Score: [4;35m0.8898[0m
æ ‡ç­¾é‡Œ1çš„ä¸ªæ•°:  2150
æ ‡ç­¾é‡Œ0çš„ä¸ªæ•°:  2150
æ€»æ•°:  4300
æ­£ç¡®çš„ä¸ªæ•°:  3821
æœ€åä¸€ä¸ªæ‰¹æ¬¡çš„è¾“å‡º, ä¸æ»¡batchsizeæ˜¯æ­£å¸¸çš„:
 tensor([[0.9612],
        [0.9915],
        [0.9863],
        [0.0071],
        [0.9979],
        [0.0282],
        [0.1690],
        [0.0472],
        [0.9305],
        [0.9248],
        [0.0054],
        [0.0514]], device='cuda:0', grad_fn=<SigmoidBackward0>)
Epoch [25/100], T_AUC: [4m0.8929[0m
Epoch [25/100], Loss: 20.2182
val_Accuracy: [92m0.7826[0m
val_Precision: [4;34m0.8005[0m,               val_Recall: [4;33m0.7445[0m,                 val_F1 Score: [4;35m0.7642[0m
æ ‡ç­¾é‡Œ1çš„ä¸ªæ•°:  430
æ ‡ç­¾é‡Œ0çš„ä¸ªæ•°:  430
æ€»æ•°:  860
æ­£ç¡®çš„ä¸ªæ•°:  673
Epoch [25/100], V_AUC: [4m0.7795[0m
Epoch [26/100], Loss: 37.4385
train_Accuracy: [91m0.8872[0m
train_Precision: [4;34m0.8765[0m,               train_Recall: [4;33m0.9077[0m,                 train_F1 Score: [4;35m0.8877[0m
æ ‡ç­¾é‡Œ1çš„ä¸ªæ•°:  2150
æ ‡ç­¾é‡Œ0çš„ä¸ªæ•°:  2150
æ€»æ•°:  4300
æ­£ç¡®çš„ä¸ªæ•°:  3815
æœ€åä¸€ä¸ªæ‰¹æ¬¡çš„è¾“å‡º, ä¸æ»¡batchsizeæ˜¯æ­£å¸¸çš„:
 tensor([[0.9625],
        [0.9924],
        [0.9822],
        [0.0216],
        [0.9981],
        [0.0379],
        [0.0654],
        [0.0748],
        [0.9363],
        [0.9146],
        [0.0065],
        [0.0224]], device='cuda:0', grad_fn=<SigmoidBackward0>)
Epoch [26/100], T_AUC: [4m0.8920[0m
Epoch [26/100], Loss: 19.9183
val_Accuracy: [92m0.7558[0m
val_Precision: [4;34m0.7535[0m,               val_Recall: [4;33m0.7436[0m,                 val_F1 Score: [4;35m0.7417[0m
æ ‡ç­¾é‡Œ1çš„ä¸ªæ•°:  430
æ ‡ç­¾é‡Œ0çš„ä¸ªæ•°:  430
æ€»æ•°:  860
æ­£ç¡®çš„ä¸ªæ•°:  650
Epoch [26/100], V_AUC: [4m0.7520[0m
Epoch [27/100], Loss: 37.0800
train_Accuracy: [91m0.8860[0m
train_Precision: [4;34m0.8734[0m,               train_Recall: [4;33m0.9080[0m,                 train_F1 Score: [4;35m0.8868[0m
æ ‡ç­¾é‡Œ1çš„ä¸ªæ•°:  2150
æ ‡ç­¾é‡Œ0çš„ä¸ªæ•°:  2150
æ€»æ•°:  4300
æ­£ç¡®çš„ä¸ªæ•°:  3810
æœ€åä¸€ä¸ªæ‰¹æ¬¡çš„è¾“å‡º, ä¸æ»¡batchsizeæ˜¯æ­£å¸¸çš„:
 tensor([[0.9870],
        [0.9741],
        [0.9870],
        [0.0093],
        [0.9994],
        [0.0606],
        [0.0107],
        [0.0641],
        [0.8553],
        [0.8472],
        [0.0362],
        [0.0497]], device='cuda:0', grad_fn=<SigmoidBackward0>)
Epoch [27/100], T_AUC: [4m0.8899[0m
Epoch [27/100], Loss: 19.8596
val_Accuracy: [92m0.7535[0m
val_Precision: [4;34m0.7462[0m,               val_Recall: [4;33m0.7589[0m,                 val_F1 Score: [4;35m0.7456[0m
æ ‡ç­¾é‡Œ1çš„ä¸ªæ•°:  430
æ ‡ç­¾é‡Œ0çš„ä¸ªæ•°:  430
æ€»æ•°:  860
æ­£ç¡®çš„ä¸ªæ•°:  648
Epoch [27/100], V_AUC: [4m0.7498[0m
Epoch [28/100], Loss: 32.8224
train_Accuracy: [91m0.9060[0m
train_Precision: [4;34m0.8972[0m,               train_Recall: [4;33m0.9211[0m,                 train_F1 Score: [4;35m0.9057[0m
æ ‡ç­¾é‡Œ1çš„ä¸ªæ•°:  2150
æ ‡ç­¾é‡Œ0çš„ä¸ªæ•°:  2150
æ€»æ•°:  4300
æ­£ç¡®çš„ä¸ªæ•°:  3896
æœ€åä¸€ä¸ªæ‰¹æ¬¡çš„è¾“å‡º, ä¸æ»¡batchsizeæ˜¯æ­£å¸¸çš„:
 tensor([[0.9806],
        [0.9564],
        [0.9900],
        [0.0110],
        [0.9994],
        [0.0307],
        [0.1585],
        [0.0556],
        [0.9814],
        [0.9032],
        [0.0016],
        [0.0200]], device='cuda:0', grad_fn=<SigmoidBackward0>)
Epoch [28/100], T_AUC: [4m0.9098[0m
Epoch [28/100], Loss: 20.8620
val_Accuracy: [92m0.7581[0m
val_Precision: [4;34m0.7582[0m,               val_Recall: [4;33m0.7452[0m,                 val_F1 Score: [4;35m0.7452[0m
æ ‡ç­¾é‡Œ1çš„ä¸ªæ•°:  430
æ ‡ç­¾é‡Œ0çš„ä¸ªæ•°:  430
æ€»æ•°:  860
æ­£ç¡®çš„ä¸ªæ•°:  652
Epoch [28/100], V_AUC: [4m0.7541[0m
Epoch [29/100], Loss: 31.2249
train_Accuracy: [91m0.9112[0m
train_Precision: [4;34m0.8988[0m,               train_Recall: [4;33m0.9298[0m,                 train_F1 Score: [4;35m0.9108[0m
æ ‡ç­¾é‡Œ1çš„ä¸ªæ•°:  2150
æ ‡ç­¾é‡Œ0çš„ä¸ªæ•°:  2150
æ€»æ•°:  4300
æ­£ç¡®çš„ä¸ªæ•°:  3918
æœ€åä¸€ä¸ªæ‰¹æ¬¡çš„è¾“å‡º, ä¸æ»¡batchsizeæ˜¯æ­£å¸¸çš„:
 tensor([[0.9917],
        [0.8660],
        [0.9929],
        [0.0106],
        [0.9999],
        [0.0088],
        [0.0637],
        [0.0198],
        [0.9558],
        [0.9553],
        [0.0022],
        [0.0420]], device='cuda:0', grad_fn=<SigmoidBackward0>)
Epoch [29/100], T_AUC: [4m0.9151[0m
Epoch [29/100], Loss: 21.2218
val_Accuracy: [92m0.7616[0m
val_Precision: [4;34m0.7552[0m,               val_Recall: [4;33m0.7572[0m,                 val_F1 Score: [4;35m0.7512[0m
æ ‡ç­¾é‡Œ1çš„ä¸ªæ•°:  430
æ ‡ç­¾é‡Œ0çš„ä¸ªæ•°:  430
æ€»æ•°:  860
æ­£ç¡®çš„ä¸ªæ•°:  655
Epoch [29/100], V_AUC: [4m0.7579[0m
Epoch [30/100], Loss: 29.3656
train_Accuracy: [91m0.9214[0m
train_Precision: [4;34m0.9121[0m,               train_Recall: [4;33m0.9374[0m,                 train_F1 Score: [4;35m0.9213[0m
æ ‡ç­¾é‡Œ1çš„ä¸ªæ•°:  2150
æ ‡ç­¾é‡Œ0çš„ä¸ªæ•°:  2150
æ€»æ•°:  4300
æ­£ç¡®çš„ä¸ªæ•°:  3962
æœ€åä¸€ä¸ªæ‰¹æ¬¡çš„è¾“å‡º, ä¸æ»¡batchsizeæ˜¯æ­£å¸¸çš„:
 tensor([[0.9944],
        [0.9947],
        [0.9973],
        [0.0103],
        [0.9994],
        [0.0111],
        [0.0097],
        [0.0136],
        [0.9142],
        [0.9383],
        [0.0044],
        [0.0431]], device='cuda:0', grad_fn=<SigmoidBackward0>)
Epoch [30/100], T_AUC: [4m0.9256[0m
Epoch [30/100], Loss: 23.0271
val_Accuracy: [92m0.7709[0m
val_Precision: [4;34m0.7857[0m,               val_Recall: [4;33m0.7322[0m,                 val_F1 Score: [4;35m0.7519[0m
æ ‡ç­¾é‡Œ1çš„ä¸ªæ•°:  430
æ ‡ç­¾é‡Œ0çš„ä¸ªæ•°:  430
æ€»æ•°:  860
æ­£ç¡®çš„ä¸ªæ•°:  663
Epoch [30/100], V_AUC: [4m0.7667[0m
Epoch [31/100], Loss: 27.8009
train_Accuracy: [91m0.9195[0m
train_Precision: [4;34m0.9080[0m,               train_Recall: [4;33m0.9378[0m,                 train_F1 Score: [4;35m0.9195[0m
æ ‡ç­¾é‡Œ1çš„ä¸ªæ•°:  2150
æ ‡ç­¾é‡Œ0çš„ä¸ªæ•°:  2150
æ€»æ•°:  4300
æ­£ç¡®çš„ä¸ªæ•°:  3954
æœ€åä¸€ä¸ªæ‰¹æ¬¡çš„è¾“å‡º, ä¸æ»¡batchsizeæ˜¯æ­£å¸¸çš„:
 tensor([[9.9236e-01],
        [9.8159e-01],
        [9.9346e-01],
        [1.0678e-02],
        [9.9987e-01],
        [1.4177e-02],
        [3.6659e-02],
        [2.3659e-02],
        [9.3338e-01],
        [9.2932e-01],
        [5.7710e-04],
        [9.2299e-02]], device='cuda:0', grad_fn=<SigmoidBackward0>)
Epoch [31/100], T_AUC: [4m0.9232[0m
Epoch [31/100], Loss: 24.0725
val_Accuracy: [92m0.7628[0m
val_Precision: [4;34m0.7656[0m,               val_Recall: [4;33m0.7419[0m,                 val_F1 Score: [4;35m0.7483[0m
æ ‡ç­¾é‡Œ1çš„ä¸ªæ•°:  430
æ ‡ç­¾é‡Œ0çš„ä¸ªæ•°:  430
æ€»æ•°:  860
æ­£ç¡®çš„ä¸ªæ•°:  656
Epoch [31/100], V_AUC: [4m0.7589[0m
Epoch [32/100], Loss: 26.7387
train_Accuracy: [91m0.9244[0m
train_Precision: [4;34m0.9139[0m,               train_Recall: [4;33m0.9412[0m,                 train_F1 Score: [4;35m0.9244[0m
æ ‡ç­¾é‡Œ1çš„ä¸ªæ•°:  2150
æ ‡ç­¾é‡Œ0çš„ä¸ªæ•°:  2150
æ€»æ•°:  4300
æ­£ç¡®çš„ä¸ªæ•°:  3975
æœ€åä¸€ä¸ªæ‰¹æ¬¡çš„è¾“å‡º, ä¸æ»¡batchsizeæ˜¯æ­£å¸¸çš„:
 tensor([[9.9698e-01],
        [9.9281e-01],
        [9.8424e-01],
        [1.0276e-02],
        [9.9983e-01],
        [1.2561e-02],
        [5.3365e-02],
        [6.2367e-03],
        [9.8497e-01],
        [9.2748e-01],
        [5.3723e-04],
        [3.6256e-02]], device='cuda:0', grad_fn=<SigmoidBackward0>)
Epoch [32/100], T_AUC: [4m0.9280[0m
Epoch [32/100], Loss: 25.1464
val_Accuracy: [92m0.7442[0m
val_Precision: [4;34m0.7465[0m,               val_Recall: [4;33m0.7285[0m,                 val_F1 Score: [4;35m0.7309[0m
æ ‡ç­¾é‡Œ1çš„ä¸ªæ•°:  430
æ ‡ç­¾é‡Œ0çš„ä¸ªæ•°:  430
æ€»æ•°:  860
æ­£ç¡®çš„ä¸ªæ•°:  640
Epoch [32/100], V_AUC: [4m0.7410[0m
Epoch [33/100], Loss: 25.0323
train_Accuracy: [91m0.9314[0m
train_Precision: [4;34m0.9193[0m,               train_Recall: [4;33m0.9490[0m,                 train_F1 Score: [4;35m0.9311[0m
æ ‡ç­¾é‡Œ1çš„ä¸ªæ•°:  2150
æ ‡ç­¾é‡Œ0çš„ä¸ªæ•°:  2150
æ€»æ•°:  4300
æ­£ç¡®çš„ä¸ªæ•°:  4005
æœ€åä¸€ä¸ªæ‰¹æ¬¡çš„è¾“å‡º, ä¸æ»¡batchsizeæ˜¯æ­£å¸¸çš„:
 tensor([[0.9982],
        [0.9554],
        [0.9956],
        [0.0100],
        [0.9973],
        [0.0124],
        [0.0186],
        [0.0059],
        [0.9872],
        [0.9530],
        [0.0044],
        [0.1019]], device='cuda:0', grad_fn=<SigmoidBackward0>)
Epoch [33/100], T_AUC: [4m0.9343[0m
Epoch [33/100], Loss: 25.4091
val_Accuracy: [92m0.7535[0m
val_Precision: [4;34m0.7473[0m,               val_Recall: [4;33m0.7498[0m,                 val_F1 Score: [4;35m0.7428[0m
æ ‡ç­¾é‡Œ1çš„ä¸ªæ•°:  430
æ ‡ç­¾é‡Œ0çš„ä¸ªæ•°:  430
æ€»æ•°:  860
æ­£ç¡®çš„ä¸ªæ•°:  648
Epoch [33/100], V_AUC: [4m0.7505[0m
Epoch [34/100], Loss: 31.6314
train_Accuracy: [91m0.9074[0m
train_Precision: [4;34m0.8952[0m,               train_Recall: [4;33m0.9273[0m,                 train_F1 Score: [4;35m0.9075[0m
æ ‡ç­¾é‡Œ1çš„ä¸ªæ•°:  2150
æ ‡ç­¾é‡Œ0çš„ä¸ªæ•°:  2150
æ€»æ•°:  4300
æ­£ç¡®çš„ä¸ªæ•°:  3902
æœ€åä¸€ä¸ªæ‰¹æ¬¡çš„è¾“å‡º, ä¸æ»¡batchsizeæ˜¯æ­£å¸¸çš„:
 tensor([[9.9759e-01],
        [9.7403e-01],
        [9.9264e-01],
        [4.2541e-03],
        [9.9998e-01],
        [3.8718e-03],
        [1.3650e-02],
        [2.7012e-02],
        [9.5553e-01],
        [9.6646e-01],
        [7.4659e-04],
        [3.6944e-02]], device='cuda:0', grad_fn=<SigmoidBackward0>)
Epoch [34/100], T_AUC: [4m0.9117[0m
Epoch [34/100], Loss: 23.0991
val_Accuracy: [92m0.7593[0m
val_Precision: [4;34m0.7607[0m,               val_Recall: [4;33m0.7479[0m,                 val_F1 Score: [4;35m0.7490[0m
æ ‡ç­¾é‡Œ1çš„ä¸ªæ•°:  430
æ ‡ç­¾é‡Œ0çš„ä¸ªæ•°:  430
æ€»æ•°:  860
æ­£ç¡®çš„ä¸ªæ•°:  653
Epoch [34/100], V_AUC: [4m0.7561[0m
Epoch [35/100], Loss: 26.3868
train_Accuracy: [91m0.9247[0m
train_Precision: [4;34m0.9141[0m,               train_Recall: [4;33m0.9404[0m,                 train_F1 Score: [4;35m0.9243[0m
æ ‡ç­¾é‡Œ1çš„ä¸ªæ•°:  2150
æ ‡ç­¾é‡Œ0çš„ä¸ªæ•°:  2150
æ€»æ•°:  4300
æ­£ç¡®çš„ä¸ªæ•°:  3976
æœ€åä¸€ä¸ªæ‰¹æ¬¡çš„è¾“å‡º, ä¸æ»¡batchsizeæ˜¯æ­£å¸¸çš„:
 tensor([[9.9653e-01],
        [9.8972e-01],
        [9.9885e-01],
        [2.0920e-03],
        [9.9999e-01],
        [5.2311e-03],
        [1.0854e-02],
        [1.3568e-02],
        [9.7047e-01],
        [9.7309e-01],
        [1.7364e-04],
        [4.5664e-02]], device='cuda:0', grad_fn=<SigmoidBackward0>)
Epoch [35/100], T_AUC: [4m0.9286[0m
Epoch [35/100], Loss: 25.2408
val_Accuracy: [92m0.7512[0m
val_Precision: [4;34m0.7481[0m,               val_Recall: [4;33m0.7539[0m,                 val_F1 Score: [4;35m0.7451[0m
æ ‡ç­¾é‡Œ1çš„ä¸ªæ•°:  430
æ ‡ç­¾é‡Œ0çš„ä¸ªæ•°:  430
æ€»æ•°:  860
æ­£ç¡®çš„ä¸ªæ•°:  646
Epoch [35/100], V_AUC: [4m0.7473[0m
Epoch [36/100], Loss: 24.7290
train_Accuracy: [91m0.9265[0m
train_Precision: [4;34m0.9138[0m,               train_Recall: [4;33m0.9448[0m,                 train_F1 Score: [4;35m0.9264[0m
æ ‡ç­¾é‡Œ1çš„ä¸ªæ•°:  2150
æ ‡ç­¾é‡Œ0çš„ä¸ªæ•°:  2150
æ€»æ•°:  4300
æ­£ç¡®çš„ä¸ªæ•°:  3984
æœ€åä¸€ä¸ªæ‰¹æ¬¡çš„è¾“å‡º, ä¸æ»¡batchsizeæ˜¯æ­£å¸¸çš„:
 tensor([[0.9952],
        [0.9858],
        [0.9956],
        [0.0026],
        [1.0000],
        [0.0099],
        [0.0072],
        [0.0039],
        [0.9525],
        [0.9681],
        [0.0065],
        [0.0672]], device='cuda:0', grad_fn=<SigmoidBackward0>)
Epoch [36/100], T_AUC: [4m0.9300[0m
Epoch [36/100], Loss: 26.6330
val_Accuracy: [92m0.7500[0m
val_Precision: [4;34m0.7538[0m,               val_Recall: [4;33m0.7323[0m,                 val_F1 Score: [4;35m0.7368[0m
æ ‡ç­¾é‡Œ1çš„ä¸ªæ•°:  430
æ ‡ç­¾é‡Œ0çš„ä¸ªæ•°:  430
æ€»æ•°:  860
æ­£ç¡®çš„ä¸ªæ•°:  645
Epoch [36/100], V_AUC: [4m0.7468[0m
Epoch [37/100], Loss: 25.4482
train_Accuracy: [91m0.9244[0m
train_Precision: [4;34m0.9141[0m,               train_Recall: [4;33m0.9435[0m,                 train_F1 Score: [4;35m0.9247[0m
æ ‡ç­¾é‡Œ1çš„ä¸ªæ•°:  2150
æ ‡ç­¾é‡Œ0çš„ä¸ªæ•°:  2150
æ€»æ•°:  4300
æ­£ç¡®çš„ä¸ªæ•°:  3975
æœ€åä¸€ä¸ªæ‰¹æ¬¡çš„è¾“å‡º, ä¸æ»¡batchsizeæ˜¯æ­£å¸¸çš„:
 tensor([[9.9755e-01],
        [9.9781e-01],
        [9.9839e-01],
        [1.0381e-02],
        [9.9998e-01],
        [1.1100e-02],
        [6.7928e-03],
        [1.0975e-02],
        [9.7308e-01],
        [9.7067e-01],
        [1.0160e-04],
        [6.9199e-03]], device='cuda:0', grad_fn=<SigmoidBackward0>)
Epoch [37/100], T_AUC: [4m0.9282[0m
Epoch [37/100], Loss: 26.3049
val_Accuracy: [92m0.7488[0m
val_Precision: [4;34m0.7439[0m,               val_Recall: [4;33m0.7458[0m,                 val_F1 Score: [4;35m0.7400[0m
æ ‡ç­¾é‡Œ1çš„ä¸ªæ•°:  430
æ ‡ç­¾é‡Œ0çš„ä¸ªæ•°:  430
æ€»æ•°:  860
æ­£ç¡®çš„ä¸ªæ•°:  644
Epoch [37/100], V_AUC: [4m0.7451[0m
Epoch [38/100], Loss: 21.3602
train_Accuracy: [91m0.9412[0m
train_Precision: [4;34m0.9361[0m,               train_Recall: [4;33m0.9493[0m,                 train_F1 Score: [4;35m0.9403[0m
æ ‡ç­¾é‡Œ1çš„ä¸ªæ•°:  2150
æ ‡ç­¾é‡Œ0çš„ä¸ªæ•°:  2150
æ€»æ•°:  4300
æ­£ç¡®çš„ä¸ªæ•°:  4047
æœ€åä¸€ä¸ªæ‰¹æ¬¡çš„è¾“å‡º, ä¸æ»¡batchsizeæ˜¯æ­£å¸¸çš„:
 tensor([[9.9903e-01],
        [9.9792e-01],
        [9.9290e-01],
        [7.5418e-04],
        [9.9999e-01],
        [2.4680e-03],
        [1.7820e-02],
        [4.7196e-03],
        [9.9079e-01],
        [9.5410e-01],
        [4.3904e-04],
        [5.3814e-02]], device='cuda:0', grad_fn=<SigmoidBackward0>)
Epoch [38/100], T_AUC: [4m0.9441[0m
Epoch [38/100], Loss: 27.5833
val_Accuracy: [92m0.7453[0m
val_Precision: [4;34m0.7450[0m,               val_Recall: [4;33m0.7395[0m,                 val_F1 Score: [4;35m0.7362[0m
æ ‡ç­¾é‡Œ1çš„ä¸ªæ•°:  430
æ ‡ç­¾é‡Œ0çš„ä¸ªæ•°:  430
æ€»æ•°:  860
æ­£ç¡®çš„ä¸ªæ•°:  641
Epoch [38/100], V_AUC: [4m0.7428[0m
Epoch [39/100], Loss: 21.6672
train_Accuracy: [91m0.9381[0m
train_Precision: [4;34m0.9307[0m,               train_Recall: [4;33m0.9495[0m,                 train_F1 Score: [4;35m0.9378[0m
æ ‡ç­¾é‡Œ1çš„ä¸ªæ•°:  2150
æ ‡ç­¾é‡Œ0çš„ä¸ªæ•°:  2150
æ€»æ•°:  4300
æ­£ç¡®çš„ä¸ªæ•°:  4034
æœ€åä¸€ä¸ªæ‰¹æ¬¡çš„è¾“å‡º, ä¸æ»¡batchsizeæ˜¯æ­£å¸¸çš„:
 tensor([[9.9927e-01],
        [9.8905e-01],
        [9.9857e-01],
        [6.3236e-04],
        [9.9999e-01],
        [2.1587e-03],
        [4.3973e-03],
        [2.4168e-03],
        [9.7981e-01],
        [9.6595e-01],
        [8.6271e-04],
        [1.6023e-01]], device='cuda:0', grad_fn=<SigmoidBackward0>)
Epoch [39/100], T_AUC: [4m0.9411[0m
Epoch [39/100], Loss: 27.3981
val_Accuracy: [92m0.7465[0m
val_Precision: [4;34m0.7493[0m,               val_Recall: [4;33m0.7294[0m,                 val_F1 Score: [4;35m0.7329[0m
æ ‡ç­¾é‡Œ1çš„ä¸ªæ•°:  430
æ ‡ç­¾é‡Œ0çš„ä¸ªæ•°:  430
æ€»æ•°:  860
æ­£ç¡®çš„ä¸ªæ•°:  642
Epoch [39/100], V_AUC: [4m0.7428[0m
Epoch [40/100], Loss: 19.8906
train_Accuracy: [91m0.9447[0m
train_Precision: [4;34m0.9355[0m,               train_Recall: [4;33m0.9574[0m,                 train_F1 Score: [4;35m0.9438[0m
æ ‡ç­¾é‡Œ1çš„ä¸ªæ•°:  2150
æ ‡ç­¾é‡Œ0çš„ä¸ªæ•°:  2150
æ€»æ•°:  4300
æ­£ç¡®çš„ä¸ªæ•°:  4062
æœ€åä¸€ä¸ªæ‰¹æ¬¡çš„è¾“å‡º, ä¸æ»¡batchsizeæ˜¯æ­£å¸¸çš„:
 tensor([[9.9946e-01],
        [9.9990e-01],
        [9.9840e-01],
        [4.8838e-04],
        [9.9998e-01],
        [4.4802e-04],
        [5.7920e-03],
        [3.9958e-03],
        [9.7294e-01],
        [9.5150e-01],
        [2.6258e-04],
        [8.3883e-02]], device='cuda:0', grad_fn=<SigmoidBackward0>)
Epoch [40/100], T_AUC: [4m0.9478[0m
Epoch [40/100], Loss: 29.0515
val_Accuracy: [92m0.7465[0m
val_Precision: [4;34m0.7485[0m,               val_Recall: [4;33m0.7320[0m,                 val_F1 Score: [4;35m0.7339[0m
æ ‡ç­¾é‡Œ1çš„ä¸ªæ•°:  430
æ ‡ç­¾é‡Œ0çš„ä¸ªæ•°:  430
æ€»æ•°:  860
æ­£ç¡®çš„ä¸ªæ•°:  642
Epoch [40/100], V_AUC: [4m0.7427[0m
Epoch [41/100], Loss: 19.2579
train_Accuracy: [91m0.9453[0m
train_Precision: [4;34m0.9355[0m,               train_Recall: [4;33m0.9600[0m,                 train_F1 Score: [4;35m0.9453[0m
æ ‡ç­¾é‡Œ1çš„ä¸ªæ•°:  2150
æ ‡ç­¾é‡Œ0çš„ä¸ªæ•°:  2150
æ€»æ•°:  4300
æ­£ç¡®çš„ä¸ªæ•°:  4065
æœ€åä¸€ä¸ªæ‰¹æ¬¡çš„è¾“å‡º, ä¸æ»¡batchsizeæ˜¯æ­£å¸¸çš„:
 tensor([[9.9722e-01],
        [9.9555e-01],
        [9.9995e-01],
        [5.6022e-03],
        [1.0000e+00],
        [4.3281e-04],
        [4.8393e-03],
        [5.7750e-03],
        [9.8309e-01],
        [9.7570e-01],
        [1.8955e-05],
        [3.0614e-02]], device='cuda:0', grad_fn=<SigmoidBackward0>)
Epoch [41/100], T_AUC: [4m0.9484[0m
Epoch [41/100], Loss: 30.1795
val_Accuracy: [92m0.7593[0m
val_Precision: [4;34m0.7583[0m,               val_Recall: [4;33m0.7444[0m,                 val_F1 Score: [4;35m0.7466[0m
æ ‡ç­¾é‡Œ1çš„ä¸ªæ•°:  430
æ ‡ç­¾é‡Œ0çš„ä¸ªæ•°:  430
æ€»æ•°:  860
æ­£ç¡®çš„ä¸ªæ•°:  653
Epoch [41/100], V_AUC: [4m0.7543[0m
Epoch [42/100], Loss: 18.4481
train_Accuracy: [91m0.9488[0m
train_Precision: [4;34m0.9375[0m,               train_Recall: [4;33m0.9631[0m,                 train_F1 Score: [4;35m0.9483[0m
æ ‡ç­¾é‡Œ1çš„ä¸ªæ•°:  2150
æ ‡ç­¾é‡Œ0çš„ä¸ªæ•°:  2150
æ€»æ•°:  4300
æ­£ç¡®çš„ä¸ªæ•°:  4080
æœ€åä¸€ä¸ªæ‰¹æ¬¡çš„è¾“å‡º, ä¸æ»¡batchsizeæ˜¯æ­£å¸¸çš„:
 tensor([[9.9985e-01],
        [9.9997e-01],
        [9.9986e-01],
        [5.1926e-04],
        [9.9997e-01],
        [4.2755e-05],
        [8.0496e-03],
        [9.5664e-04],
        [9.5864e-01],
        [9.7478e-01],
        [6.5206e-05],
        [8.6348e-02]], device='cuda:0', grad_fn=<SigmoidBackward0>)
Epoch [42/100], T_AUC: [4m0.9515[0m
Epoch [42/100], Loss: 31.0163
val_Accuracy: [92m0.7395[0m
val_Precision: [4;34m0.7451[0m,               val_Recall: [4;33m0.7167[0m,                 val_F1 Score: [4;35m0.7262[0m
æ ‡ç­¾é‡Œ1çš„ä¸ªæ•°:  430
æ ‡ç­¾é‡Œ0çš„ä¸ªæ•°:  430
æ€»æ•°:  860
æ­£ç¡®çš„ä¸ªæ•°:  636
Epoch [42/100], V_AUC: [4m0.7355[0m
Epoch [43/100], Loss: 19.1383
train_Accuracy: [91m0.9433[0m
train_Precision: [4;34m0.9358[0m,               train_Recall: [4;33m0.9557[0m,                 train_F1 Score: [4;35m0.9431[0m
æ ‡ç­¾é‡Œ1çš„ä¸ªæ•°:  2150
æ ‡ç­¾é‡Œ0çš„ä¸ªæ•°:  2150
æ€»æ•°:  4300
æ­£ç¡®çš„ä¸ªæ•°:  4056
æœ€åä¸€ä¸ªæ‰¹æ¬¡çš„è¾“å‡º, ä¸æ»¡batchsizeæ˜¯æ­£å¸¸çš„:
 tensor([[9.9937e-01],
        [1.0000e+00],
        [9.9984e-01],
        [6.0189e-04],
        [9.9995e-01],
        [8.0327e-05],
        [2.4037e-02],
        [8.8852e-03],
        [9.3177e-01],
        [9.7415e-01],
        [4.6874e-05],
        [5.7281e-03]], device='cuda:0', grad_fn=<SigmoidBackward0>)
Epoch [43/100], T_AUC: [4m0.9465[0m
Epoch [43/100], Loss: 37.6080
val_Accuracy: [92m0.7512[0m
val_Precision: [4;34m0.7579[0m,               val_Recall: [4;33m0.7248[0m,                 val_F1 Score: [4;35m0.7365[0m
æ ‡ç­¾é‡Œ1çš„ä¸ªæ•°:  430
æ ‡ç­¾é‡Œ0çš„ä¸ªæ•°:  430
æ€»æ•°:  860
æ­£ç¡®çš„ä¸ªæ•°:  646
Epoch [43/100], V_AUC: [4m0.7474[0m
Epoch [44/100], Loss: 16.6720
train_Accuracy: [91m0.9553[0m
train_Precision: [4;34m0.9479[0m,               train_Recall: [4;33m0.9655[0m,                 train_F1 Score: [4;35m0.9544[0m
æ ‡ç­¾é‡Œ1çš„ä¸ªæ•°:  2150
æ ‡ç­¾é‡Œ0çš„ä¸ªæ•°:  2150
æ€»æ•°:  4300
æ­£ç¡®çš„ä¸ªæ•°:  4108
æœ€åä¸€ä¸ªæ‰¹æ¬¡çš„è¾“å‡º, ä¸æ»¡batchsizeæ˜¯æ­£å¸¸çš„:
 tensor([[9.9975e-01],
        [9.9999e-01],
        [9.9949e-01],
        [5.8449e-04],
        [1.0000e+00],
        [1.0974e-04],
        [4.6811e-03],
        [4.9093e-03],
        [9.7956e-01],
        [9.7154e-01],
        [1.5090e-05],
        [2.9004e-03]], device='cuda:0', grad_fn=<SigmoidBackward0>)
Epoch [44/100], T_AUC: [4m0.9579[0m
Epoch [44/100], Loss: 33.8769
val_Accuracy: [92m0.7558[0m
val_Precision: [4;34m0.7590[0m,               val_Recall: [4;33m0.7362[0m,                 val_F1 Score: [4;35m0.7423[0m
æ ‡ç­¾é‡Œ1çš„ä¸ªæ•°:  430
æ ‡ç­¾é‡Œ0çš„ä¸ªæ•°:  430
æ€»æ•°:  860
æ­£ç¡®çš„ä¸ªæ•°:  650
Epoch [44/100], V_AUC: [4m0.7525[0m
Epoch [45/100], Loss: 16.3057
train_Accuracy: [91m0.9549[0m
train_Precision: [4;34m0.9443[0m,               train_Recall: [4;33m0.9679[0m,                 train_F1 Score: [4;35m0.9538[0m
æ ‡ç­¾é‡Œ1çš„ä¸ªæ•°:  2150
æ ‡ç­¾é‡Œ0çš„ä¸ªæ•°:  2150
æ€»æ•°:  4300
æ­£ç¡®çš„ä¸ªæ•°:  4106
æœ€åä¸€ä¸ªæ‰¹æ¬¡çš„è¾“å‡º, ä¸æ»¡batchsizeæ˜¯æ­£å¸¸çš„:
 tensor([[9.9989e-01],
        [9.9999e-01],
        [9.9996e-01],
        [4.5942e-04],
        [9.9990e-01],
        [1.8525e-04],
        [1.2475e-03],
        [1.4845e-03],
        [9.9826e-01],
        [9.8733e-01],
        [2.4778e-05],
        [8.8773e-04]], device='cuda:0', grad_fn=<SigmoidBackward0>)
Epoch [45/100], T_AUC: [4m0.9576[0m
Epoch [45/100], Loss: 32.7061
val_Accuracy: [92m0.7512[0m
val_Precision: [4;34m0.7574[0m,               val_Recall: [4;33m0.7212[0m,                 val_F1 Score: [4;35m0.7344[0m
æ ‡ç­¾é‡Œ1çš„ä¸ªæ•°:  430
æ ‡ç­¾é‡Œ0çš„ä¸ªæ•°:  430
æ€»æ•°:  860
æ­£ç¡®çš„ä¸ªæ•°:  646
Epoch [45/100], V_AUC: [4m0.7481[0m
Epoch [46/100], Loss: 18.7143
train_Accuracy: [91m0.9460[0m
train_Precision: [4;34m0.9336[0m,               train_Recall: [4;33m0.9628[0m,                 train_F1 Score: [4;35m0.9457[0m
æ ‡ç­¾é‡Œ1çš„ä¸ªæ•°:  2150
æ ‡ç­¾é‡Œ0çš„ä¸ªæ•°:  2150
æ€»æ•°:  4300
æ­£ç¡®çš„ä¸ªæ•°:  4068
æœ€åä¸€ä¸ªæ‰¹æ¬¡çš„è¾“å‡º, ä¸æ»¡batchsizeæ˜¯æ­£å¸¸çš„:
 tensor([[9.9950e-01],
        [9.9999e-01],
        [9.9958e-01],
        [5.3845e-04],
        [9.9999e-01],
        [4.7063e-04],
        [2.1427e-02],
        [1.9922e-03],
        [9.7474e-01],
        [9.9064e-01],
        [9.6616e-06],
        [6.6404e-04]], device='cuda:0', grad_fn=<SigmoidBackward0>)
Epoch [46/100], T_AUC: [4m0.9492[0m
Epoch [46/100], Loss: 37.5961
val_Accuracy: [92m0.7698[0m
val_Precision: [4;34m0.7788[0m,               val_Recall: [4;33m0.7382[0m,                 val_F1 Score: [4;35m0.7531[0m
æ ‡ç­¾é‡Œ1çš„ä¸ªæ•°:  430
æ ‡ç­¾é‡Œ0çš„ä¸ªæ•°:  430
æ€»æ•°:  860
æ­£ç¡®çš„ä¸ªæ•°:  662
Epoch [46/100], V_AUC: [4m0.7654[0m
Epoch [47/100], Loss: 14.9164
train_Accuracy: [91m0.9630[0m
train_Precision: [4;34m0.9562[0m,               train_Recall: [4;33m0.9731[0m,                 train_F1 Score: [4;35m0.9628[0m
æ ‡ç­¾é‡Œ1çš„ä¸ªæ•°:  2150
æ ‡ç­¾é‡Œ0çš„ä¸ªæ•°:  2150
æ€»æ•°:  4300
æ­£ç¡®çš„ä¸ªæ•°:  4141
æœ€åä¸€ä¸ªæ‰¹æ¬¡çš„è¾“å‡º, ä¸æ»¡batchsizeæ˜¯æ­£å¸¸çš„:
 tensor([[9.9926e-01],
        [9.9999e-01],
        [9.9987e-01],
        [3.3199e-03],
        [9.9995e-01],
        [2.4820e-03],
        [7.1461e-02],
        [4.3401e-04],
        [9.8632e-01],
        [9.9203e-01],
        [1.5204e-06],
        [1.3003e-03]], device='cuda:0', grad_fn=<SigmoidBackward0>)
Epoch [47/100], T_AUC: [4m0.9656[0m
Epoch [47/100], Loss: 38.6814
val_Accuracy: [92m0.7605[0m
val_Precision: [4;34m0.7635[0m,               val_Recall: [4;33m0.7394[0m,                 val_F1 Score: [4;35m0.7459[0m
æ ‡ç­¾é‡Œ1çš„ä¸ªæ•°:  430
æ ‡ç­¾é‡Œ0çš„ä¸ªæ•°:  430
æ€»æ•°:  860
æ­£ç¡®çš„ä¸ªæ•°:  654
Epoch [47/100], V_AUC: [4m0.7564[0m
Epoch [48/100], Loss: 12.3478
train_Accuracy: [91m0.9695[0m
train_Precision: [4;34m0.9632[0m,               train_Recall: [4;33m0.9768[0m,                 train_F1 Score: [4;35m0.9686[0m
æ ‡ç­¾é‡Œ1çš„ä¸ªæ•°:  2150
æ ‡ç­¾é‡Œ0çš„ä¸ªæ•°:  2150
æ€»æ•°:  4300
æ­£ç¡®çš„ä¸ªæ•°:  4169
æœ€åä¸€ä¸ªæ‰¹æ¬¡çš„è¾“å‡º, ä¸æ»¡batchsizeæ˜¯æ­£å¸¸çš„:
 tensor([[9.9973e-01],
        [9.9998e-01],
        [9.9990e-01],
        [1.0229e-03],
        [1.0000e+00],
        [2.7701e-04],
        [1.2397e-03],
        [1.6593e-03],
        [9.5987e-01],
        [9.8678e-01],
        [9.3212e-06],
        [2.9565e-03]], device='cuda:0', grad_fn=<SigmoidBackward0>)
Epoch [48/100], T_AUC: [4m0.9711[0m
Epoch [48/100], Loss: 39.3593
val_Accuracy: [92m0.7593[0m
val_Precision: [4;34m0.7682[0m,               val_Recall: [4;33m0.7296[0m,                 val_F1 Score: [4;35m0.7440[0m
æ ‡ç­¾é‡Œ1çš„ä¸ªæ•°:  430
æ ‡ç­¾é‡Œ0çš„ä¸ªæ•°:  430
æ€»æ•°:  860
æ­£ç¡®çš„ä¸ªæ•°:  653
Epoch [48/100], V_AUC: [4m0.7549[0m
Epoch [49/100], Loss: 11.8970
train_Accuracy: [91m0.9702[0m
train_Precision: [4;34m0.9625[0m,               train_Recall: [4;33m0.9791[0m,                 train_F1 Score: [4;35m0.9693[0m
æ ‡ç­¾é‡Œ1çš„ä¸ªæ•°:  2150
æ ‡ç­¾é‡Œ0çš„ä¸ªæ•°:  2150
æ€»æ•°:  4300
æ­£ç¡®çš„ä¸ªæ•°:  4172
æœ€åä¸€ä¸ªæ‰¹æ¬¡çš„è¾“å‡º, ä¸æ»¡batchsizeæ˜¯æ­£å¸¸çš„:
 tensor([[9.9999e-01],
        [9.9999e-01],
        [9.9905e-01],
        [9.2665e-04],
        [1.0000e+00],
        [2.9598e-04],
        [2.0923e-04],
        [2.1503e-04],
        [9.8632e-01],
        [9.7124e-01],
        [3.6073e-04],
        [1.4778e-04]], device='cuda:0', grad_fn=<SigmoidBackward0>)
Epoch [49/100], T_AUC: [4m0.9722[0m
Epoch [49/100], Loss: 40.1389
val_Accuracy: [92m0.7640[0m
val_Precision: [4;34m0.7693[0m,               val_Recall: [4;33m0.7393[0m,                 val_F1 Score: [4;35m0.7497[0m
æ ‡ç­¾é‡Œ1çš„ä¸ªæ•°:  430
æ ‡ç­¾é‡Œ0çš„ä¸ªæ•°:  430
æ€»æ•°:  860
æ­£ç¡®çš„ä¸ªæ•°:  657
Epoch [49/100], V_AUC: [4m0.7602[0m
Epoch [50/100], Loss: 11.0831
train_Accuracy: [91m0.9723[0m
train_Precision: [4;34m0.9645[0m,               train_Recall: [4;33m0.9824[0m,                 train_F1 Score: [4;35m0.9721[0m
æ ‡ç­¾é‡Œ1çš„ä¸ªæ•°:  2150
æ ‡ç­¾é‡Œ0çš„ä¸ªæ•°:  2150
æ€»æ•°:  4300
æ­£ç¡®çš„ä¸ªæ•°:  4181
æœ€åä¸€ä¸ªæ‰¹æ¬¡çš„è¾“å‡º, ä¸æ»¡batchsizeæ˜¯æ­£å¸¸çš„:
 tensor([[9.9974e-01],
        [9.9997e-01],
        [9.9988e-01],
        [5.0384e-03],
        [1.0000e+00],
        [1.2410e-03],
        [4.2503e-04],
        [4.6241e-04],
        [8.8536e-01],
        [9.7636e-01],
        [7.8433e-06],
        [4.3359e-03]], device='cuda:0', grad_fn=<SigmoidBackward0>)
Epoch [50/100], T_AUC: [4m0.9738[0m
Epoch [50/100], Loss: 42.2547
val_Accuracy: [92m0.7640[0m
val_Precision: [4;34m0.7731[0m,               val_Recall: [4;33m0.7338[0m,                 val_F1 Score: [4;35m0.7484[0m
æ ‡ç­¾é‡Œ1çš„ä¸ªæ•°:  430
æ ‡ç­¾é‡Œ0çš„ä¸ªæ•°:  430
æ€»æ•°:  860
æ­£ç¡®çš„ä¸ªæ•°:  657
Epoch [50/100], V_AUC: [4m0.7600[0m
Epoch [51/100], Loss: 14.9081
train_Accuracy: [91m0.9607[0m
train_Precision: [4;34m0.9518[0m,               train_Recall: [4;33m0.9737[0m,                 train_F1 Score: [4;35m0.9607[0m
æ ‡ç­¾é‡Œ1çš„ä¸ªæ•°:  2150
æ ‡ç­¾é‡Œ0çš„ä¸ªæ•°:  2150
æ€»æ•°:  4300
æ­£ç¡®çš„ä¸ªæ•°:  4131
æœ€åä¸€ä¸ªæ‰¹æ¬¡çš„è¾“å‡º, ä¸æ»¡batchsizeæ˜¯æ­£å¸¸çš„:
 tensor([[9.9986e-01],
        [9.9983e-01],
        [9.9907e-01],
        [1.2641e-02],
        [1.0000e+00],
        [1.7958e-04],
        [6.3519e-04],
        [1.6820e-03],
        [9.9603e-01],
        [9.0504e-01],
        [1.7089e-05],
        [5.6926e-02]], device='cuda:0', grad_fn=<SigmoidBackward0>)
Epoch [51/100], T_AUC: [4m0.9628[0m
Epoch [51/100], Loss: 42.6333
val_Accuracy: [92m0.7419[0m
val_Precision: [4;34m0.7351[0m,               val_Recall: [4;33m0.7396[0m,                 val_F1 Score: [4;35m0.7329[0m
æ ‡ç­¾é‡Œ1çš„ä¸ªæ•°:  430
æ ‡ç­¾é‡Œ0çš„ä¸ªæ•°:  430
æ€»æ•°:  860
æ­£ç¡®çš„ä¸ªæ•°:  638
Epoch [51/100], V_AUC: [4m0.7377[0m
Epoch [52/100], Loss: 14.3681
train_Accuracy: [91m0.9598[0m
train_Precision: [4;34m0.9505[0m,               train_Recall: [4;33m0.9709[0m,                 train_F1 Score: [4;35m0.9589[0m
æ ‡ç­¾é‡Œ1çš„ä¸ªæ•°:  2150
æ ‡ç­¾é‡Œ0çš„ä¸ªæ•°:  2150
æ€»æ•°:  4300
æ­£ç¡®çš„ä¸ªæ•°:  4127
æœ€åä¸€ä¸ªæ‰¹æ¬¡çš„è¾“å‡º, ä¸æ»¡batchsizeæ˜¯æ­£å¸¸çš„:
 tensor([[9.9971e-01],
        [9.9870e-01],
        [9.9991e-01],
        [1.1390e-02],
        [1.0000e+00],
        [4.5599e-04],
        [1.0627e-03],
        [3.1894e-03],
        [9.5195e-01],
        [9.6827e-01],
        [2.0215e-07],
        [2.7427e-03]], device='cuda:0', grad_fn=<SigmoidBackward0>)
Epoch [52/100], T_AUC: [4m0.9622[0m
Epoch [52/100], Loss: 42.0819
val_Accuracy: [92m0.7547[0m
val_Precision: [4;34m0.7459[0m,               val_Recall: [4;33m0.7547[0m,                 val_F1 Score: [4;35m0.7462[0m
æ ‡ç­¾é‡Œ1çš„ä¸ªæ•°:  430
æ ‡ç­¾é‡Œ0çš„ä¸ªæ•°:  430
æ€»æ•°:  860
æ­£ç¡®çš„ä¸ªæ•°:  649
Epoch [52/100], V_AUC: [4m0.7479[0m
Epoch [53/100], Loss: 12.0829
train_Accuracy: [91m0.9651[0m
train_Precision: [4;34m0.9572[0m,               train_Recall: [4;33m0.9755[0m,                 train_F1 Score: [4;35m0.9647[0m
æ ‡ç­¾é‡Œ1çš„ä¸ªæ•°:  2150
æ ‡ç­¾é‡Œ0çš„ä¸ªæ•°:  2150
æ€»æ•°:  4300
æ­£ç¡®çš„ä¸ªæ•°:  4150
æœ€åä¸€ä¸ªæ‰¹æ¬¡çš„è¾“å‡º, ä¸æ»¡batchsizeæ˜¯æ­£å¸¸çš„:
 tensor([[9.9974e-01],
        [1.0000e+00],
        [9.9994e-01],
        [3.8540e-03],
        [1.0000e+00],
        [1.3104e-04],
        [1.7301e-03],
        [7.6624e-05],
        [9.8557e-01],
        [9.8894e-01],
        [2.1792e-06],
        [7.6005e-03]], device='cuda:0', grad_fn=<SigmoidBackward0>)
Epoch [53/100], T_AUC: [4m0.9673[0m
Epoch [53/100], Loss: 45.1381
val_Accuracy: [92m0.7593[0m
val_Precision: [4;34m0.7713[0m,               val_Recall: [4;33m0.7319[0m,                 val_F1 Score: [4;35m0.7453[0m
æ ‡ç­¾é‡Œ1çš„ä¸ªæ•°:  430
æ ‡ç­¾é‡Œ0çš„ä¸ªæ•°:  430
æ€»æ•°:  860
æ­£ç¡®çš„ä¸ªæ•°:  653
Epoch [53/100], V_AUC: [4m0.7569[0m
Epoch [54/100], Loss: 9.6318
train_Accuracy: [91m0.9763[0m
train_Precision: [4;34m0.9691[0m,               train_Recall: [4;33m0.9843[0m,                 train_F1 Score: [4;35m0.9755[0m
æ ‡ç­¾é‡Œ1çš„ä¸ªæ•°:  2150
æ ‡ç­¾é‡Œ0çš„ä¸ªæ•°:  2150
æ€»æ•°:  4300
æ­£ç¡®çš„ä¸ªæ•°:  4198
æœ€åä¸€ä¸ªæ‰¹æ¬¡çš„è¾“å‡º, ä¸æ»¡batchsizeæ˜¯æ­£å¸¸çš„:
 tensor([[9.9976e-01],
        [9.9999e-01],
        [9.9999e-01],
        [7.8907e-04],
        [1.0000e+00],
        [4.8018e-05],
        [9.1611e-03],
        [8.4052e-04],
        [9.9383e-01],
        [9.7569e-01],
        [3.7617e-06],
        [6.0685e-04]], device='cuda:0', grad_fn=<SigmoidBackward0>)
Epoch [54/100], T_AUC: [4m0.9777[0m
Epoch [54/100], Loss: 46.1279
val_Accuracy: [92m0.7453[0m
val_Precision: [4;34m0.7478[0m,               val_Recall: [4;33m0.7264[0m,                 val_F1 Score: [4;35m0.7327[0m
æ ‡ç­¾é‡Œ1çš„ä¸ªæ•°:  430
æ ‡ç­¾é‡Œ0çš„ä¸ªæ•°:  430
æ€»æ•°:  860
æ­£ç¡®çš„ä¸ªæ•°:  641
Epoch [54/100], V_AUC: [4m0.7410[0m
Epoch [55/100], Loss: 8.9868
train_Accuracy: [91m0.9788[0m
train_Precision: [4;34m0.9726[0m,               train_Recall: [4;33m0.9857[0m,                 train_F1 Score: [4;35m0.9783[0m
æ ‡ç­¾é‡Œ1çš„ä¸ªæ•°:  2150
æ ‡ç­¾é‡Œ0çš„ä¸ªæ•°:  2150
æ€»æ•°:  4300
æ­£ç¡®çš„ä¸ªæ•°:  4209
æœ€åä¸€ä¸ªæ‰¹æ¬¡çš„è¾“å‡º, ä¸æ»¡batchsizeæ˜¯æ­£å¸¸çš„:
 tensor([[9.9982e-01],
        [9.9999e-01],
        [9.9997e-01],
        [1.4523e-03],
        [1.0000e+00],
        [1.9808e-05],
        [4.0098e-03],
        [9.6846e-04],
        [7.0579e-01],
        [9.7136e-01],
        [3.1523e-05],
        [8.4170e-03]], device='cuda:0', grad_fn=<SigmoidBackward0>)
Epoch [55/100], T_AUC: [4m0.9798[0m
Epoch [55/100], Loss: 41.5812
val_Accuracy: [92m0.7453[0m
val_Precision: [4;34m0.7489[0m,               val_Recall: [4;33m0.7195[0m,                 val_F1 Score: [4;35m0.7294[0m
æ ‡ç­¾é‡Œ1çš„ä¸ªæ•°:  430
æ ‡ç­¾é‡Œ0çš„ä¸ªæ•°:  430
æ€»æ•°:  860
æ­£ç¡®çš„ä¸ªæ•°:  641
Epoch [55/100], V_AUC: [4m0.7413[0m
Epoch [56/100], Loss: 10.3399
train_Accuracy: [91m0.9730[0m
train_Precision: [4;34m0.9671[0m,               train_Recall: [4;33m0.9811[0m,                 train_F1 Score: [4;35m0.9730[0m
æ ‡ç­¾é‡Œ1çš„ä¸ªæ•°:  2150
æ ‡ç­¾é‡Œ0çš„ä¸ªæ•°:  2150
æ€»æ•°:  4300
æ­£ç¡®çš„ä¸ªæ•°:  4184
æœ€åä¸€ä¸ªæ‰¹æ¬¡çš„è¾“å‡º, ä¸æ»¡batchsizeæ˜¯æ­£å¸¸çš„:
 tensor([[9.9982e-01],
        [1.0000e+00],
        [9.9995e-01],
        [7.9704e-04],
        [1.0000e+00],
        [1.7369e-05],
        [8.3164e-05],
        [4.4866e-04],
        [9.9899e-01],
        [9.8834e-01],
        [1.1276e-05],
        [2.1438e-03]], device='cuda:0', grad_fn=<SigmoidBackward0>)
Epoch [56/100], T_AUC: [4m0.9746[0m
Epoch [56/100], Loss: 43.1025
val_Accuracy: [92m0.7570[0m
val_Precision: [4;34m0.7692[0m,               val_Recall: [4;33m0.7158[0m,                 val_F1 Score: [4;35m0.7379[0m
æ ‡ç­¾é‡Œ1çš„ä¸ªæ•°:  430
æ ‡ç­¾é‡Œ0çš„ä¸ªæ•°:  430
æ€»æ•°:  860
æ­£ç¡®çš„ä¸ªæ•°:  651
Epoch [56/100], V_AUC: [4m0.7538[0m
Epoch [57/100], Loss: 9.4046
train_Accuracy: [91m0.9763[0m
train_Precision: [4;34m0.9703[0m,               train_Recall: [4;33m0.9824[0m,                 train_F1 Score: [4;35m0.9753[0m
æ ‡ç­¾é‡Œ1çš„ä¸ªæ•°:  2150
æ ‡ç­¾é‡Œ0çš„ä¸ªæ•°:  2150
æ€»æ•°:  4300
æ­£ç¡®çš„ä¸ªæ•°:  4198
æœ€åä¸€ä¸ªæ‰¹æ¬¡çš„è¾“å‡º, ä¸æ»¡batchsizeæ˜¯æ­£å¸¸çš„:
 tensor([[9.9991e-01],
        [1.0000e+00],
        [9.9995e-01],
        [4.4665e-04],
        [1.0000e+00],
        [1.2293e-05],
        [1.5774e-03],
        [4.9851e-05],
        [9.9970e-01],
        [9.8981e-01],
        [3.5825e-07],
        [3.8886e-02]], device='cuda:0', grad_fn=<SigmoidBackward0>)
Epoch [57/100], T_AUC: [4m0.9776[0m
Epoch [57/100], Loss: 52.9069
val_Accuracy: [92m0.7721[0m
val_Precision: [4;34m0.7981[0m,               val_Recall: [4;33m0.7191[0m,                 val_F1 Score: [4;35m0.7506[0m
æ ‡ç­¾é‡Œ1çš„ä¸ªæ•°:  430
æ ‡ç­¾é‡Œ0çš„ä¸ªæ•°:  430
æ€»æ•°:  860
æ­£ç¡®çš„ä¸ªæ•°:  664
Epoch [57/100], V_AUC: [4m0.7677[0m
Epoch [58/100], Loss: 10.1406
train_Accuracy: [91m0.9763[0m
train_Precision: [4;34m0.9716[0m,               train_Recall: [4;33m0.9826[0m,                 train_F1 Score: [4;35m0.9760[0m
æ ‡ç­¾é‡Œ1çš„ä¸ªæ•°:  2150
æ ‡ç­¾é‡Œ0çš„ä¸ªæ•°:  2150
æ€»æ•°:  4300
æ­£ç¡®çš„ä¸ªæ•°:  4198
æœ€åä¸€ä¸ªæ‰¹æ¬¡çš„è¾“å‡º, ä¸æ»¡batchsizeæ˜¯æ­£å¸¸çš„:
 tensor([[9.9987e-01],
        [9.9992e-01],
        [9.9887e-01],
        [1.3297e-04],
        [1.0000e+00],
        [5.5740e-05],
        [2.1932e-01],
        [1.1527e-03],
        [9.9933e-01],
        [9.9867e-01],
        [6.8070e-07],
        [3.6732e-04]], device='cuda:0', grad_fn=<SigmoidBackward0>)
Epoch [58/100], T_AUC: [4m0.9776[0m
Epoch [58/100], Loss: 51.5734
val_Accuracy: [92m0.7453[0m
val_Precision: [4;34m0.7593[0m,               val_Recall: [4;33m0.7094[0m,                 val_F1 Score: [4;35m0.7287[0m
æ ‡ç­¾é‡Œ1çš„ä¸ªæ•°:  430
æ ‡ç­¾é‡Œ0çš„ä¸ªæ•°:  430
æ€»æ•°:  860
æ­£ç¡®çš„ä¸ªæ•°:  641
Epoch [58/100], V_AUC: [4m0.7430[0m
Epoch [59/100], Loss: 8.9134
train_Accuracy: [91m0.9760[0m
train_Precision: [4;34m0.9683[0m,               train_Recall: [4;33m0.9854[0m,                 train_F1 Score: [4;35m0.9758[0m
æ ‡ç­¾é‡Œ1çš„ä¸ªæ•°:  2150
æ ‡ç­¾é‡Œ0çš„ä¸ªæ•°:  2150
æ€»æ•°:  4300
æ­£ç¡®çš„ä¸ªæ•°:  4197
æœ€åä¸€ä¸ªæ‰¹æ¬¡çš„è¾“å‡º, ä¸æ»¡batchsizeæ˜¯æ­£å¸¸çš„:
 tensor([[9.9999e-01],
        [1.0000e+00],
        [9.9975e-01],
        [2.7096e-04],
        [1.0000e+00],
        [1.8162e-04],
        [3.2805e-04],
        [1.0870e-04],
        [9.9909e-01],
        [9.9637e-01],
        [4.9143e-06],
        [1.2620e-04]], device='cuda:0', grad_fn=<SigmoidBackward0>)
Epoch [59/100], T_AUC: [4m0.9769[0m
Epoch [59/100], Loss: 49.1747
val_Accuracy: [92m0.7581[0m
val_Precision: [4;34m0.7727[0m,               val_Recall: [4;33m0.7226[0m,                 val_F1 Score: [4;35m0.7424[0m
æ ‡ç­¾é‡Œ1çš„ä¸ªæ•°:  430
æ ‡ç­¾é‡Œ0çš„ä¸ªæ•°:  430
æ€»æ•°:  860
æ­£ç¡®çš„ä¸ªæ•°:  652
Epoch [59/100], V_AUC: [4m0.7528[0m
Epoch [60/100], Loss: 10.4645
train_Accuracy: [91m0.9716[0m
train_Precision: [4;34m0.9606[0m,               train_Recall: [4;33m0.9842[0m,                 train_F1 Score: [4;35m0.9711[0m
æ ‡ç­¾é‡Œ1çš„ä¸ªæ•°:  2150
æ ‡ç­¾é‡Œ0çš„ä¸ªæ•°:  2150
æ€»æ•°:  4300
æ­£ç¡®çš„ä¸ªæ•°:  4178
æœ€åä¸€ä¸ªæ‰¹æ¬¡çš„è¾“å‡º, ä¸æ»¡batchsizeæ˜¯æ­£å¸¸çš„:
 tensor([[9.9951e-01],
        [9.9998e-01],
        [9.9984e-01],
        [4.6723e-04],
        [1.0000e+00],
        [2.7432e-04],
        [4.0938e-04],
        [8.0377e-03],
        [9.8663e-01],
        [9.9695e-01],
        [1.5011e-06],
        [5.7068e-05]], device='cuda:0', grad_fn=<SigmoidBackward0>)
Epoch [60/100], T_AUC: [4m0.9729[0m
Epoch [60/100], Loss: 48.0815
val_Accuracy: [92m0.7535[0m
val_Precision: [4;34m0.7573[0m,               val_Recall: [4;33m0.7389[0m,                 val_F1 Score: [4;35m0.7426[0m
æ ‡ç­¾é‡Œ1çš„ä¸ªæ•°:  430
æ ‡ç­¾é‡Œ0çš„ä¸ªæ•°:  430
æ€»æ•°:  860
æ­£ç¡®çš„ä¸ªæ•°:  648
Epoch [60/100], V_AUC: [4m0.7493[0m
Epoch [61/100], Loss: 12.8453
train_Accuracy: [91m0.9660[0m
train_Precision: [4;34m0.9555[0m,               train_Recall: [4;33m0.9774[0m,                 train_F1 Score: [4;35m0.9652[0m
æ ‡ç­¾é‡Œ1çš„ä¸ªæ•°:  2150
æ ‡ç­¾é‡Œ0çš„ä¸ªæ•°:  2150
æ€»æ•°:  4300
æ­£ç¡®çš„ä¸ªæ•°:  4154
æœ€åä¸€ä¸ªæ‰¹æ¬¡çš„è¾“å‡º, ä¸æ»¡batchsizeæ˜¯æ­£å¸¸çš„:
 tensor([[1.0000e+00],
        [9.7741e-01],
        [1.0000e+00],
        [1.2822e-03],
        [1.0000e+00],
        [4.6837e-05],
        [3.3140e-04],
        [3.8717e-03],
        [9.9697e-01],
        [9.9240e-01],
        [1.8927e-05],
        [2.1171e-03]], device='cuda:0', grad_fn=<SigmoidBackward0>)
Epoch [61/100], T_AUC: [4m0.9679[0m
Epoch [61/100], Loss: 43.1902
val_Accuracy: [92m0.7477[0m
val_Precision: [4;34m0.7533[0m,               val_Recall: [4;33m0.7270[0m,                 val_F1 Score: [4;35m0.7346[0m
æ ‡ç­¾é‡Œ1çš„ä¸ªæ•°:  430
æ ‡ç­¾é‡Œ0çš„ä¸ªæ•°:  430
æ€»æ•°:  860
æ­£ç¡®çš„ä¸ªæ•°:  643
Epoch [61/100], V_AUC: [4m0.7436[0m
Epoch [62/100], Loss: 8.5252
train_Accuracy: [91m0.9802[0m
train_Precision: [4;34m0.9731[0m,               train_Recall: [4;33m0.9866[0m,                 train_F1 Score: [4;35m0.9789[0m
æ ‡ç­¾é‡Œ1çš„ä¸ªæ•°:  2150
æ ‡ç­¾é‡Œ0çš„ä¸ªæ•°:  2150
æ€»æ•°:  4300
æ­£ç¡®çš„ä¸ªæ•°:  4215
æœ€åä¸€ä¸ªæ‰¹æ¬¡çš„è¾“å‡º, ä¸æ»¡batchsizeæ˜¯æ­£å¸¸çš„:
 tensor([[9.9997e-01],
        [3.2610e-02],
        [9.9998e-01],
        [7.2478e-04],
        [1.0000e+00],
        [1.6563e-04],
        [5.0217e-05],
        [4.6739e-03],
        [9.9914e-01],
        [9.9969e-01],
        [1.3648e-04],
        [1.2159e-02]], device='cuda:0', grad_fn=<SigmoidBackward0>)
Epoch [62/100], T_AUC: [4m0.9808[0m
Epoch [62/100], Loss: 64.8457
val_Accuracy: [92m0.7535[0m
val_Precision: [4;34m0.7602[0m,               val_Recall: [4;33m0.7283[0m,                 val_F1 Score: [4;35m0.7403[0m
æ ‡ç­¾é‡Œ1çš„ä¸ªæ•°:  430
æ ‡ç­¾é‡Œ0çš„ä¸ªæ•°:  430
æ€»æ•°:  860
æ­£ç¡®çš„ä¸ªæ•°:  648
Epoch [62/100], V_AUC: [4m0.7497[0m
Epoch [63/100], Loss: 15.9286
train_Accuracy: [91m0.9521[0m
train_Precision: [4;34m0.9415[0m,               train_Recall: [4;33m0.9662[0m,                 train_F1 Score: [4;35m0.9518[0m
æ ‡ç­¾é‡Œ1çš„ä¸ªæ•°:  2150
æ ‡ç­¾é‡Œ0çš„ä¸ªæ•°:  2150
æ€»æ•°:  4300
æ­£ç¡®çš„ä¸ªæ•°:  4094
æœ€åä¸€ä¸ªæ‰¹æ¬¡çš„è¾“å‡º, ä¸æ»¡batchsizeæ˜¯æ­£å¸¸çš„:
 tensor([[9.9800e-01],
        [1.0000e+00],
        [9.9918e-01],
        [2.1706e-02],
        [9.9999e-01],
        [9.5230e-06],
        [1.0775e-06],
        [2.9463e-03],
        [9.4063e-01],
        [9.9401e-01],
        [3.7107e-04],
        [1.2310e-01]], device='cuda:0', grad_fn=<SigmoidBackward0>)
Epoch [63/100], T_AUC: [4m0.9549[0m
Epoch [63/100], Loss: 51.2927
val_Accuracy: [92m0.7291[0m
val_Precision: [4;34m0.7318[0m,               val_Recall: [4;33m0.7012[0m,                 val_F1 Score: [4;35m0.7134[0m
æ ‡ç­¾é‡Œ1çš„ä¸ªæ•°:  430
æ ‡ç­¾é‡Œ0çš„ä¸ªæ•°:  430
æ€»æ•°:  860
æ­£ç¡®çš„ä¸ªæ•°:  627
Epoch [63/100], V_AUC: [4m0.7250[0m
Epoch [64/100], Loss: 10.0202
train_Accuracy: [91m0.9730[0m
train_Precision: [4;34m0.9649[0m,               train_Recall: [4;33m0.9818[0m,                 train_F1 Score: [4;35m0.9721[0m
æ ‡ç­¾é‡Œ1çš„ä¸ªæ•°:  2150
æ ‡ç­¾é‡Œ0çš„ä¸ªæ•°:  2150
æ€»æ•°:  4300
æ­£ç¡®çš„ä¸ªæ•°:  4184
æœ€åä¸€ä¸ªæ‰¹æ¬¡çš„è¾“å‡º, ä¸æ»¡batchsizeæ˜¯æ­£å¸¸çš„:
 tensor([[9.9257e-01],
        [1.0000e+00],
        [9.9997e-01],
        [3.5244e-03],
        [1.0000e+00],
        [2.6913e-04],
        [8.5976e-06],
        [1.1930e-01],
        [9.9602e-01],
        [9.6291e-01],
        [6.0369e-06],
        [8.4770e-03]], device='cuda:0', grad_fn=<SigmoidBackward0>)
Epoch [64/100], T_AUC: [4m0.9742[0m
Epoch [64/100], Loss: 48.4168
val_Accuracy: [92m0.7547[0m
val_Precision: [4;34m0.7540[0m,               val_Recall: [4;33m0.7407[0m,                 val_F1 Score: [4;35m0.7423[0m
æ ‡ç­¾é‡Œ1çš„ä¸ªæ•°:  430
æ ‡ç­¾é‡Œ0çš„ä¸ªæ•°:  430
æ€»æ•°:  860
æ­£ç¡®çš„ä¸ªæ•°:  649
Epoch [64/100], V_AUC: [4m0.7513[0m
Epoch [65/100], Loss: 10.8912
train_Accuracy: [91m0.9714[0m
train_Precision: [4;34m0.9636[0m,               train_Recall: [4;33m0.9797[0m,                 train_F1 Score: [4;35m0.9705[0m
æ ‡ç­¾é‡Œ1çš„ä¸ªæ•°:  2150
æ ‡ç­¾é‡Œ0çš„ä¸ªæ•°:  2150
æ€»æ•°:  4300
æ­£ç¡®çš„ä¸ªæ•°:  4177
æœ€åä¸€ä¸ªæ‰¹æ¬¡çš„è¾“å‡º, ä¸æ»¡batchsizeæ˜¯æ­£å¸¸çš„:
 tensor([[9.9994e-01],
        [1.0000e+00],
        [9.9743e-01],
        [1.9310e-04],
        [1.0000e+00],
        [2.9107e-05],
        [5.6335e-04],
        [2.4006e-04],
        [9.9417e-01],
        [9.5623e-01],
        [1.2751e-05],
        [2.3194e-01]], device='cuda:0', grad_fn=<SigmoidBackward0>)
Epoch [65/100], T_AUC: [4m0.9729[0m
Epoch [65/100], Loss: 42.4237
val_Accuracy: [92m0.7256[0m
val_Precision: [4;34m0.7306[0m,               val_Recall: [4;33m0.7040[0m,                 val_F1 Score: [4;35m0.7131[0m
æ ‡ç­¾é‡Œ1çš„ä¸ªæ•°:  430
æ ‡ç­¾é‡Œ0çš„ä¸ªæ•°:  430
æ€»æ•°:  860
æ­£ç¡®çš„ä¸ªæ•°:  624
Epoch [65/100], V_AUC: [4m0.7243[0m
Epoch [66/100], Loss: 16.3814
train_Accuracy: [91m0.9542[0m
train_Precision: [4;34m0.9432[0m,               train_Recall: [4;33m0.9682[0m,                 train_F1 Score: [4;35m0.9538[0m
æ ‡ç­¾é‡Œ1çš„ä¸ªæ•°:  2150
æ ‡ç­¾é‡Œ0çš„ä¸ªæ•°:  2150
æ€»æ•°:  4300
æ­£ç¡®çš„ä¸ªæ•°:  4103
æœ€åä¸€ä¸ªæ‰¹æ¬¡çš„è¾“å‡º, ä¸æ»¡batchsizeæ˜¯æ­£å¸¸çš„:
 tensor([[9.9995e-01],
        [9.9999e-01],
        [9.9989e-01],
        [2.2385e-05],
        [1.0000e+00],
        [1.3917e-04],
        [2.8468e-04],
        [2.9337e-04],
        [9.9982e-01],
        [9.8023e-01],
        [9.8479e-06],
        [8.1543e-04]], device='cuda:0', grad_fn=<SigmoidBackward0>)
Epoch [66/100], T_AUC: [4m0.9562[0m
Epoch [66/100], Loss: 46.8824
val_Accuracy: [92m0.7640[0m
val_Precision: [4;34m0.7645[0m,               val_Recall: [4;33m0.7469[0m,                 val_F1 Score: [4;35m0.7523[0m
æ ‡ç­¾é‡Œ1çš„ä¸ªæ•°:  430
æ ‡ç­¾é‡Œ0çš„ä¸ªæ•°:  430
æ€»æ•°:  860
æ­£ç¡®çš„ä¸ªæ•°:  657
Epoch [66/100], V_AUC: [4m0.7583[0m
Epoch [67/100], Loss: 9.3910
train_Accuracy: [91m0.9758[0m
train_Precision: [4;34m0.9678[0m,               train_Recall: [4;33m0.9840[0m,                 train_F1 Score: [4;35m0.9749[0m
æ ‡ç­¾é‡Œ1çš„ä¸ªæ•°:  2150
æ ‡ç­¾é‡Œ0çš„ä¸ªæ•°:  2150
æ€»æ•°:  4300
æ­£ç¡®çš„ä¸ªæ•°:  4196
æœ€åä¸€ä¸ªæ‰¹æ¬¡çš„è¾“å‡º, ä¸æ»¡batchsizeæ˜¯æ­£å¸¸çš„:
 tensor([[9.9969e-01],
        [1.0000e+00],
        [9.9999e-01],
        [1.3006e-04],
        [1.0000e+00],
        [4.6213e-06],
        [5.2325e-04],
        [3.2742e-04],
        [9.9882e-01],
        [9.4207e-01],
        [3.6450e-06],
        [7.0197e-04]], device='cuda:0', grad_fn=<SigmoidBackward0>)
Epoch [67/100], T_AUC: [4m0.9767[0m
Epoch [67/100], Loss: 50.1821
val_Accuracy: [92m0.7512[0m
val_Precision: [4;34m0.7601[0m,               val_Recall: [4;33m0.7175[0m,                 val_F1 Score: [4;35m0.7359[0m
æ ‡ç­¾é‡Œ1çš„ä¸ªæ•°:  430
æ ‡ç­¾é‡Œ0çš„ä¸ªæ•°:  430
æ€»æ•°:  860
æ­£ç¡®çš„ä¸ªæ•°:  646
Epoch [67/100], V_AUC: [4m0.7460[0m
Epoch [68/100], Loss: 5.8083
train_Accuracy: [91m0.9893[0m
train_Precision: [4;34m0.9857[0m,               train_Recall: [4;33m0.9934[0m,                 train_F1 Score: [4;35m0.9891[0m
æ ‡ç­¾é‡Œ1çš„ä¸ªæ•°:  2150
æ ‡ç­¾é‡Œ0çš„ä¸ªæ•°:  2150
æ€»æ•°:  4300
æ­£ç¡®çš„ä¸ªæ•°:  4254
æœ€åä¸€ä¸ªæ‰¹æ¬¡çš„è¾“å‡º, ä¸æ»¡batchsizeæ˜¯æ­£å¸¸çš„:
 tensor([[9.9979e-01],
        [9.9999e-01],
        [9.9997e-01],
        [7.8369e-04],
        [1.0000e+00],
        [1.8087e-06],
        [1.8462e-04],
        [3.4721e-04],
        [9.9297e-01],
        [9.9548e-01],
        [1.8300e-03],
        [5.2229e-05]], device='cuda:0', grad_fn=<SigmoidBackward0>)
Epoch [68/100], T_AUC: [4m0.9895[0m
Epoch [68/100], Loss: 47.8648
val_Accuracy: [92m0.7558[0m
val_Precision: [4;34m0.7632[0m,               val_Recall: [4;33m0.7296[0m,                 val_F1 Score: [4;35m0.7426[0m
æ ‡ç­¾é‡Œ1çš„ä¸ªæ•°:  430
æ ‡ç­¾é‡Œ0çš„ä¸ªæ•°:  430
æ€»æ•°:  860
æ­£ç¡®çš„ä¸ªæ•°:  650
Epoch [68/100], V_AUC: [4m0.7510[0m
Epoch [69/100], Loss: 4.9227
train_Accuracy: [91m0.9909[0m
train_Precision: [4;34m0.9866[0m,               train_Recall: [4;33m0.9951[0m,                 train_F1 Score: [4;35m0.9906[0m
æ ‡ç­¾é‡Œ1çš„ä¸ªæ•°:  2150
æ ‡ç­¾é‡Œ0çš„ä¸ªæ•°:  2150
æ€»æ•°:  4300
æ­£ç¡®çš„ä¸ªæ•°:  4261
æœ€åä¸€ä¸ªæ‰¹æ¬¡çš„è¾“å‡º, ä¸æ»¡batchsizeæ˜¯æ­£å¸¸çš„:
 tensor([[9.9986e-01],
        [9.9998e-01],
        [1.0000e+00],
        [3.0319e-04],
        [9.9999e-01],
        [2.4422e-04],
        [7.6296e-06],
        [4.6862e-04],
        [9.9810e-01],
        [8.7795e-01],
        [1.7959e-02],
        [4.3010e-04]], device='cuda:0', grad_fn=<SigmoidBackward0>)
Epoch [69/100], T_AUC: [4m0.9910[0m
Epoch [69/100], Loss: 53.0112
val_Accuracy: [92m0.7465[0m
val_Precision: [4;34m0.7438[0m,               val_Recall: [4;33m0.7330[0m,                 val_F1 Score: [4;35m0.7354[0m
æ ‡ç­¾é‡Œ1çš„ä¸ªæ•°:  430
æ ‡ç­¾é‡Œ0çš„ä¸ªæ•°:  430
æ€»æ•°:  860
æ­£ç¡®çš„ä¸ªæ•°:  642
Epoch [69/100], V_AUC: [4m0.7416[0m
Epoch [70/100], Loss: 6.1295
train_Accuracy: [91m0.9867[0m
train_Precision: [4;34m0.9806[0m,               train_Recall: [4;33m0.9938[0m,                 train_F1 Score: [4;35m0.9867[0m
æ ‡ç­¾é‡Œ1çš„ä¸ªæ•°:  2150
æ ‡ç­¾é‡Œ0çš„ä¸ªæ•°:  2150
æ€»æ•°:  4300
æ­£ç¡®çš„ä¸ªæ•°:  4243
æœ€åä¸€ä¸ªæ‰¹æ¬¡çš„è¾“å‡º, ä¸æ»¡batchsizeæ˜¯æ­£å¸¸çš„:
 tensor([[9.9981e-01],
        [9.9998e-01],
        [9.9999e-01],
        [1.5411e-03],
        [1.0000e+00],
        [1.6617e-05],
        [3.2865e-05],
        [1.5078e-04],
        [9.9949e-01],
        [9.9725e-01],
        [5.2317e-04],
        [3.8263e-05]], device='cuda:0', grad_fn=<SigmoidBackward0>)
Epoch [70/100], T_AUC: [4m0.9872[0m
Epoch [70/100], Loss: 48.2760
val_Accuracy: [92m0.7523[0m
val_Precision: [4;34m0.7542[0m,               val_Recall: [4;33m0.7355[0m,                 val_F1 Score: [4;35m0.7413[0m
æ ‡ç­¾é‡Œ1çš„ä¸ªæ•°:  430
æ ‡ç­¾é‡Œ0çš„ä¸ªæ•°:  430
æ€»æ•°:  860
æ­£ç¡®çš„ä¸ªæ•°:  647
Epoch [70/100], V_AUC: [4m0.7482[0m
Epoch [71/100], Loss: 4.6015
train_Accuracy: [91m0.9907[0m
train_Precision: [4;34m0.9848[0m,               train_Recall: [4;33m0.9960[0m,                 train_F1 Score: [4;35m0.9901[0m
æ ‡ç­¾é‡Œ1çš„ä¸ªæ•°:  2150
æ ‡ç­¾é‡Œ0çš„ä¸ªæ•°:  2150
æ€»æ•°:  4300
æ­£ç¡®çš„ä¸ªæ•°:  4260
æœ€åä¸€ä¸ªæ‰¹æ¬¡çš„è¾“å‡º, ä¸æ»¡batchsizeæ˜¯æ­£å¸¸çš„:
 tensor([[9.9977e-01],
        [9.9998e-01],
        [9.9997e-01],
        [1.9798e-03],
        [1.0000e+00],
        [1.4765e-04],
        [7.5449e-06],
        [3.4333e-05],
        [9.7743e-01],
        [9.9756e-01],
        [6.8668e-04],
        [4.8106e-03]], device='cuda:0', grad_fn=<SigmoidBackward0>)
Epoch [71/100], T_AUC: [4m0.9908[0m
Epoch [71/100], Loss: 51.1126
val_Accuracy: [92m0.7430[0m
val_Precision: [4;34m0.7514[0m,               val_Recall: [4;33m0.7120[0m,                 val_F1 Score: [4;35m0.7286[0m
æ ‡ç­¾é‡Œ1çš„ä¸ªæ•°:  430
æ ‡ç­¾é‡Œ0çš„ä¸ªæ•°:  430
æ€»æ•°:  860
æ­£ç¡®çš„ä¸ªæ•°:  639
Epoch [71/100], V_AUC: [4m0.7390[0m
Epoch [72/100], Loss: 3.0232
train_Accuracy: [91m0.9953[0m
train_Precision: [4;34m0.9930[0m,               train_Recall: [4;33m0.9976[0m,                 train_F1 Score: [4;35m0.9952[0m
æ ‡ç­¾é‡Œ1çš„ä¸ªæ•°:  2150
æ ‡ç­¾é‡Œ0çš„ä¸ªæ•°:  2150
æ€»æ•°:  4300
æ­£ç¡®çš„ä¸ªæ•°:  4280
æœ€åä¸€ä¸ªæ‰¹æ¬¡çš„è¾“å‡º, ä¸æ»¡batchsizeæ˜¯æ­£å¸¸çš„:
 tensor([[9.9990e-01],
        [9.9999e-01],
        [9.9994e-01],
        [1.6321e-03],
        [1.0000e+00],
        [4.1535e-05],
        [9.2299e-06],
        [5.4897e-05],
        [9.9916e-01],
        [9.9904e-01],
        [8.2423e-05],
        [6.2506e-04]], device='cuda:0', grad_fn=<SigmoidBackward0>)
Epoch [72/100], T_AUC: [4m0.9954[0m
Epoch [72/100], Loss: 52.3438
val_Accuracy: [92m0.7314[0m
val_Precision: [4;34m0.7421[0m,               val_Recall: [4;33m0.6992[0m,                 val_F1 Score: [4;35m0.7153[0m
æ ‡ç­¾é‡Œ1çš„ä¸ªæ•°:  430
æ ‡ç­¾é‡Œ0çš„ä¸ªæ•°:  430
æ€»æ•°:  860
æ­£ç¡®çš„ä¸ªæ•°:  629
Epoch [72/100], V_AUC: [4m0.7284[0m
Epoch [73/100], Loss: 3.1100
train_Accuracy: [91m0.9949[0m
train_Precision: [4;34m0.9925[0m,               train_Recall: [4;33m0.9980[0m,                 train_F1 Score: [4;35m0.9951[0m
æ ‡ç­¾é‡Œ1çš„ä¸ªæ•°:  2150
æ ‡ç­¾é‡Œ0çš„ä¸ªæ•°:  2150
æ€»æ•°:  4300
æ­£ç¡®çš„ä¸ªæ•°:  4278
æœ€åä¸€ä¸ªæ‰¹æ¬¡çš„è¾“å‡º, ä¸æ»¡batchsizeæ˜¯æ­£å¸¸çš„:
 tensor([[9.9984e-01],
        [1.0000e+00],
        [9.9998e-01],
        [9.6464e-04],
        [1.0000e+00],
        [7.3076e-04],
        [6.9555e-07],
        [4.2777e-05],
        [9.9890e-01],
        [9.9712e-01],
        [5.5375e-06],
        [2.0960e-02]], device='cuda:0', grad_fn=<SigmoidBackward0>)
Epoch [73/100], T_AUC: [4m0.9950[0m
Epoch [73/100], Loss: 53.4523
val_Accuracy: [92m0.7453[0m
val_Precision: [4;34m0.7533[0m,               val_Recall: [4;33m0.7144[0m,                 val_F1 Score: [4;35m0.7302[0m
æ ‡ç­¾é‡Œ1çš„ä¸ªæ•°:  430
æ ‡ç­¾é‡Œ0çš„ä¸ªæ•°:  430
æ€»æ•°:  860
æ­£ç¡®çš„ä¸ªæ•°:  641
Epoch [73/100], V_AUC: [4m0.7406[0m
Epoch [74/100], Loss: 2.2944
train_Accuracy: [91m0.9981[0m
train_Precision: [4;34m0.9961[0m,               train_Recall: [4;33m1.0000[0m,                 train_F1 Score: [4;35m0.9980[0m
æ ‡ç­¾é‡Œ1çš„ä¸ªæ•°:  2150
æ ‡ç­¾é‡Œ0çš„ä¸ªæ•°:  2150
æ€»æ•°:  4300
æ­£ç¡®çš„ä¸ªæ•°:  4292
æœ€åä¸€ä¸ªæ‰¹æ¬¡çš„è¾“å‡º, ä¸æ»¡batchsizeæ˜¯æ­£å¸¸çš„:
 tensor([[9.9987e-01],
        [9.9999e-01],
        [9.9997e-01],
        [6.7566e-04],
        [1.0000e+00],
        [2.9811e-05],
        [6.9179e-06],
        [7.9794e-05],
        [9.9887e-01],
        [9.9832e-01],
        [1.0882e-04],
        [9.4291e-04]], device='cuda:0', grad_fn=<SigmoidBackward0>)
Epoch [74/100], T_AUC: [4m0.9982[0m
Epoch [74/100], Loss: 55.8827
val_Accuracy: [92m0.7477[0m
val_Precision: [4;34m0.7566[0m,               val_Recall: [4;33m0.7152[0m,                 val_F1 Score: [4;35m0.7328[0m
æ ‡ç­¾é‡Œ1çš„ä¸ªæ•°:  430
æ ‡ç­¾é‡Œ0çš„ä¸ªæ•°:  430
æ€»æ•°:  860
æ­£ç¡®çš„ä¸ªæ•°:  643
Epoch [74/100], V_AUC: [4m0.7434[0m
Epoch [75/100], Loss: 1.7425
train_Accuracy: [91m0.9991[0m
train_Precision: [4;34m0.9981[0m,               train_Recall: [4;33m1.0000[0m,                 train_F1 Score: [4;35m0.9990[0m
æ ‡ç­¾é‡Œ1çš„ä¸ªæ•°:  2150
æ ‡ç­¾é‡Œ0çš„ä¸ªæ•°:  2150
æ€»æ•°:  4300
æ­£ç¡®çš„ä¸ªæ•°:  4296
æœ€åä¸€ä¸ªæ‰¹æ¬¡çš„è¾“å‡º, ä¸æ»¡batchsizeæ˜¯æ­£å¸¸çš„:
 tensor([[9.9987e-01],
        [9.9999e-01],
        [1.0000e+00],
        [2.6376e-03],
        [1.0000e+00],
        [1.6918e-05],
        [1.0470e-05],
        [1.3295e-05],
        [9.9894e-01],
        [9.9854e-01],
        [1.4206e-05],
        [6.5797e-04]], device='cuda:0', grad_fn=<SigmoidBackward0>)
Epoch [75/100], T_AUC: [4m0.9991[0m
Epoch [75/100], Loss: 54.9088
val_Accuracy: [92m0.7465[0m
val_Precision: [4;34m0.7447[0m,               val_Recall: [4;33m0.7364[0m,                 val_F1 Score: [4;35m0.7372[0m
æ ‡ç­¾é‡Œ1çš„ä¸ªæ•°:  430
æ ‡ç­¾é‡Œ0çš„ä¸ªæ•°:  430
æ€»æ•°:  860
æ­£ç¡®çš„ä¸ªæ•°:  642
Epoch [75/100], V_AUC: [4m0.7437[0m
Epoch [76/100], Loss: 1.4636
train_Accuracy: [91m0.9998[0m
train_Precision: [4;34m0.9996[0m,               train_Recall: [4;33m1.0000[0m,                 train_F1 Score: [4;35m0.9998[0m
æ ‡ç­¾é‡Œ1çš„ä¸ªæ•°:  2150
æ ‡ç­¾é‡Œ0çš„ä¸ªæ•°:  2150
æ€»æ•°:  4300
æ­£ç¡®çš„ä¸ªæ•°:  4299
æœ€åä¸€ä¸ªæ‰¹æ¬¡çš„è¾“å‡º, ä¸æ»¡batchsizeæ˜¯æ­£å¸¸çš„:
 tensor([[9.9990e-01],
        [9.9998e-01],
        [1.0000e+00],
        [2.4374e-04],
        [1.0000e+00],
        [4.9950e-05],
        [8.0030e-06],
        [5.4092e-05],
        [9.9912e-01],
        [9.9848e-01],
        [3.4216e-06],
        [1.6711e-02]], device='cuda:0', grad_fn=<SigmoidBackward0>)
Epoch [76/100], T_AUC: [4m0.9998[0m
Epoch [76/100], Loss: 58.2488
val_Accuracy: [92m0.7395[0m
val_Precision: [4;34m0.7420[0m,               val_Recall: [4;33m0.7210[0m,                 val_F1 Score: [4;35m0.7284[0m
æ ‡ç­¾é‡Œ1çš„ä¸ªæ•°:  430
æ ‡ç­¾é‡Œ0çš„ä¸ªæ•°:  430
æ€»æ•°:  860
æ­£ç¡®çš„ä¸ªæ•°:  636
Epoch [76/100], V_AUC: [4m0.7352[0m
Epoch [77/100], Loss: 1.0431
train_Accuracy: [91m0.9998[0m
train_Precision: [4;34m0.9996[0m,               train_Recall: [4;33m1.0000[0m,                 train_F1 Score: [4;35m0.9998[0m
æ ‡ç­¾é‡Œ1çš„ä¸ªæ•°:  2150
æ ‡ç­¾é‡Œ0çš„ä¸ªæ•°:  2150
æ€»æ•°:  4300
æ­£ç¡®çš„ä¸ªæ•°:  4299
æœ€åä¸€ä¸ªæ‰¹æ¬¡çš„è¾“å‡º, ä¸æ»¡batchsizeæ˜¯æ­£å¸¸çš„:
 tensor([[9.9978e-01],
        [9.9999e-01],
        [9.9999e-01],
        [1.1325e-04],
        [1.0000e+00],
        [4.1236e-05],
        [3.8223e-06],
        [2.8671e-05],
        [9.9904e-01],
        [9.9877e-01],
        [4.7064e-05],
        [1.5446e-02]], device='cuda:0', grad_fn=<SigmoidBackward0>)
Epoch [77/100], T_AUC: [4m0.9998[0m
Epoch [77/100], Loss: 59.6700
val_Accuracy: [92m0.7442[0m
val_Precision: [4;34m0.7445[0m,               val_Recall: [4;33m0.7273[0m,                 val_F1 Score: [4;35m0.7327[0m
æ ‡ç­¾é‡Œ1çš„ä¸ªæ•°:  430
æ ‡ç­¾é‡Œ0çš„ä¸ªæ•°:  430
æ€»æ•°:  860
æ­£ç¡®çš„ä¸ªæ•°:  640
Epoch [77/100], V_AUC: [4m0.7400[0m
Epoch [78/100], Loss: 0.8533
train_Accuracy: [91m1.0000[0m
train_Precision: [4;34m1.0000[0m,               train_Recall: [4;33m1.0000[0m,                 train_F1 Score: [4;35m1.0000[0m
æ ‡ç­¾é‡Œ1çš„ä¸ªæ•°:  2150
æ ‡ç­¾é‡Œ0çš„ä¸ªæ•°:  2150
æ€»æ•°:  4300
æ­£ç¡®çš„ä¸ªæ•°:  4300
æœ€åä¸€ä¸ªæ‰¹æ¬¡çš„è¾“å‡º, ä¸æ»¡batchsizeæ˜¯æ­£å¸¸çš„:
 tensor([[9.9981e-01],
        [1.0000e+00],
        [9.9999e-01],
        [1.4467e-04],
        [1.0000e+00],
        [6.3872e-05],
        [3.4082e-06],
        [2.6537e-05],
        [9.9963e-01],
        [9.9962e-01],
        [5.2101e-06],
        [1.8098e-03]], device='cuda:0', grad_fn=<SigmoidBackward0>)
Epoch [78/100], T_AUC: [4m1.0000[0m
Epoch [78/100], Loss: 60.1159
val_Accuracy: [92m0.7442[0m
val_Precision: [4;34m0.7415[0m,               val_Recall: [4;33m0.7313[0m,                 val_F1 Score: [4;35m0.7336[0m
æ ‡ç­¾é‡Œ1çš„ä¸ªæ•°:  430
æ ‡ç­¾é‡Œ0çš„ä¸ªæ•°:  430
æ€»æ•°:  860
æ­£ç¡®çš„ä¸ªæ•°:  640
Epoch [78/100], V_AUC: [4m0.7395[0m
Epoch [79/100], Loss: 0.7414
train_Accuracy: [91m1.0000[0m
train_Precision: [4;34m1.0000[0m,               train_Recall: [4;33m1.0000[0m,                 train_F1 Score: [4;35m1.0000[0m
æ ‡ç­¾é‡Œ1çš„ä¸ªæ•°:  2150
æ ‡ç­¾é‡Œ0çš„ä¸ªæ•°:  2150
æ€»æ•°:  4300
æ­£ç¡®çš„ä¸ªæ•°:  4300
æœ€åä¸€ä¸ªæ‰¹æ¬¡çš„è¾“å‡º, ä¸æ»¡batchsizeæ˜¯æ­£å¸¸çš„:
 tensor([[9.9979e-01],
        [1.0000e+00],
        [9.9999e-01],
        [2.0535e-04],
        [1.0000e+00],
        [8.4274e-05],
        [3.2574e-06],
        [2.3730e-05],
        [9.9966e-01],
        [9.9969e-01],
        [4.4196e-07],
        [8.6789e-03]], device='cuda:0', grad_fn=<SigmoidBackward0>)
Epoch [79/100], T_AUC: [4m1.0000[0m
Epoch [79/100], Loss: 60.6678
val_Accuracy: [92m0.7488[0m
val_Precision: [4;34m0.7473[0m,               val_Recall: [4;33m0.7360[0m,                 val_F1 Score: [4;35m0.7381[0m
æ ‡ç­¾é‡Œ1çš„ä¸ªæ•°:  430
æ ‡ç­¾é‡Œ0çš„ä¸ªæ•°:  430
æ€»æ•°:  860
æ­£ç¡®çš„ä¸ªæ•°:  644
Epoch [79/100], V_AUC: [4m0.7445[0m
Epoch [80/100], Loss: 0.6359
train_Accuracy: [91m1.0000[0m
train_Precision: [4;34m1.0000[0m,               train_Recall: [4;33m1.0000[0m,                 train_F1 Score: [4;35m1.0000[0m
æ ‡ç­¾é‡Œ1çš„ä¸ªæ•°:  2150
æ ‡ç­¾é‡Œ0çš„ä¸ªæ•°:  2150
æ€»æ•°:  4300
æ­£ç¡®çš„ä¸ªæ•°:  4300
æœ€åä¸€ä¸ªæ‰¹æ¬¡çš„è¾“å‡º, ä¸æ»¡batchsizeæ˜¯æ­£å¸¸çš„:
 tensor([[9.9984e-01],
        [1.0000e+00],
        [9.9999e-01],
        [1.1598e-04],
        [1.0000e+00],
        [4.6313e-05],
        [2.6554e-06],
        [1.4047e-05],
        [9.9969e-01],
        [9.9960e-01],
        [7.9080e-07],
        [6.5110e-03]], device='cuda:0', grad_fn=<SigmoidBackward0>)
Epoch [80/100], T_AUC: [4m1.0000[0m
Epoch [80/100], Loss: 61.2861
val_Accuracy: [92m0.7465[0m
val_Precision: [4;34m0.7471[0m,               val_Recall: [4;33m0.7288[0m,                 val_F1 Score: [4;35m0.7347[0m
æ ‡ç­¾é‡Œ1çš„ä¸ªæ•°:  430
æ ‡ç­¾é‡Œ0çš„ä¸ªæ•°:  430
æ€»æ•°:  860
æ­£ç¡®çš„ä¸ªæ•°:  642
Epoch [80/100], V_AUC: [4m0.7416[0m
Epoch [81/100], Loss: 0.5605
train_Accuracy: [91m1.0000[0m
train_Precision: [4;34m1.0000[0m,               train_Recall: [4;33m1.0000[0m,                 train_F1 Score: [4;35m1.0000[0m
æ ‡ç­¾é‡Œ1çš„ä¸ªæ•°:  2150
æ ‡ç­¾é‡Œ0çš„ä¸ªæ•°:  2150
æ€»æ•°:  4300
æ­£ç¡®çš„ä¸ªæ•°:  4300
æœ€åä¸€ä¸ªæ‰¹æ¬¡çš„è¾“å‡º, ä¸æ»¡batchsizeæ˜¯æ­£å¸¸çš„:
 tensor([[9.9974e-01],
        [1.0000e+00],
        [9.9999e-01],
        [8.6148e-05],
        [1.0000e+00],
        [2.2605e-05],
        [1.9317e-06],
        [1.0694e-05],
        [9.9968e-01],
        [9.9970e-01],
        [6.1353e-07],
        [3.0419e-02]], device='cuda:0', grad_fn=<SigmoidBackward0>)
Epoch [81/100], T_AUC: [4m1.0000[0m
Epoch [81/100], Loss: 62.1774
val_Accuracy: [92m0.7512[0m
val_Precision: [4;34m0.7531[0m,               val_Recall: [4;33m0.7311[0m,                 val_F1 Score: [4;35m0.7384[0m
æ ‡ç­¾é‡Œ1çš„ä¸ªæ•°:  430
æ ‡ç­¾é‡Œ0çš„ä¸ªæ•°:  430
æ€»æ•°:  860
æ­£ç¡®çš„ä¸ªæ•°:  646
Epoch [81/100], V_AUC: [4m0.7462[0m
Epoch [82/100], Loss: 0.4936
train_Accuracy: [91m1.0000[0m
train_Precision: [4;34m1.0000[0m,               train_Recall: [4;33m1.0000[0m,                 train_F1 Score: [4;35m1.0000[0m
æ ‡ç­¾é‡Œ1çš„ä¸ªæ•°:  2150
æ ‡ç­¾é‡Œ0çš„ä¸ªæ•°:  2150
æ€»æ•°:  4300
æ­£ç¡®çš„ä¸ªæ•°:  4300
æœ€åä¸€ä¸ªæ‰¹æ¬¡çš„è¾“å‡º, ä¸æ»¡batchsizeæ˜¯æ­£å¸¸çš„:
 tensor([[9.9971e-01],
        [1.0000e+00],
        [9.9998e-01],
        [4.6804e-05],
        [1.0000e+00],
        [1.2937e-05],
        [1.5146e-06],
        [9.0484e-06],
        [9.9976e-01],
        [9.9972e-01],
        [8.0204e-06],
        [8.8341e-03]], device='cuda:0', grad_fn=<SigmoidBackward0>)
Epoch [82/100], T_AUC: [4m1.0000[0m
Epoch [82/100], Loss: 64.8642
val_Accuracy: [92m0.7477[0m
val_Precision: [4;34m0.7489[0m,               val_Recall: [4;33m0.7289[0m,                 val_F1 Score: [4;35m0.7353[0m
æ ‡ç­¾é‡Œ1çš„ä¸ªæ•°:  430
æ ‡ç­¾é‡Œ0çš„ä¸ªæ•°:  430
æ€»æ•°:  860
æ­£ç¡®çš„ä¸ªæ•°:  643
Epoch [82/100], V_AUC: [4m0.7428[0m
Epoch [83/100], Loss: 0.4599
train_Accuracy: [91m1.0000[0m
train_Precision: [4;34m1.0000[0m,               train_Recall: [4;33m1.0000[0m,                 train_F1 Score: [4;35m1.0000[0m
æ ‡ç­¾é‡Œ1çš„ä¸ªæ•°:  2150
æ ‡ç­¾é‡Œ0çš„ä¸ªæ•°:  2150
æ€»æ•°:  4300
æ­£ç¡®çš„ä¸ªæ•°:  4300
æœ€åä¸€ä¸ªæ‰¹æ¬¡çš„è¾“å‡º, ä¸æ»¡batchsizeæ˜¯æ­£å¸¸çš„:
 tensor([[9.9976e-01],
        [1.0000e+00],
        [9.9998e-01],
        [7.5461e-05],
        [1.0000e+00],
        [1.8748e-05],
        [2.2593e-06],
        [8.1028e-06],
        [9.9976e-01],
        [9.9963e-01],
        [7.2660e-06],
        [6.9611e-04]], device='cuda:0', grad_fn=<SigmoidBackward0>)
Epoch [83/100], T_AUC: [4m1.0000[0m
Epoch [83/100], Loss: 65.8036
val_Accuracy: [92m0.7488[0m
val_Precision: [4;34m0.7490[0m,               val_Recall: [4;33m0.7311[0m,                 val_F1 Score: [4;35m0.7372[0m
æ ‡ç­¾é‡Œ1çš„ä¸ªæ•°:  430
æ ‡ç­¾é‡Œ0çš„ä¸ªæ•°:  430
æ€»æ•°:  860
æ­£ç¡®çš„ä¸ªæ•°:  644
Epoch [83/100], V_AUC: [4m0.7440[0m
Epoch [84/100], Loss: 0.4039
train_Accuracy: [91m1.0000[0m
train_Precision: [4;34m1.0000[0m,               train_Recall: [4;33m1.0000[0m,                 train_F1 Score: [4;35m1.0000[0m
æ ‡ç­¾é‡Œ1çš„ä¸ªæ•°:  2150
æ ‡ç­¾é‡Œ0çš„ä¸ªæ•°:  2150
æ€»æ•°:  4300
æ­£ç¡®çš„ä¸ªæ•°:  4300
æœ€åä¸€ä¸ªæ‰¹æ¬¡çš„è¾“å‡º, ä¸æ»¡batchsizeæ˜¯æ­£å¸¸çš„:
 tensor([[9.9981e-01],
        [1.0000e+00],
        [9.9999e-01],
        [6.1906e-05],
        [1.0000e+00],
        [1.2872e-05],
        [1.2782e-06],
        [9.1850e-06],
        [9.9976e-01],
        [9.9977e-01],
        [3.6126e-06],
        [9.5352e-04]], device='cuda:0', grad_fn=<SigmoidBackward0>)
Epoch [84/100], T_AUC: [4m1.0000[0m
Epoch [84/100], Loss: 66.0708
val_Accuracy: [92m0.7477[0m
val_Precision: [4;34m0.7475[0m,               val_Recall: [4;33m0.7311[0m,                 val_F1 Score: [4;35m0.7362[0m
æ ‡ç­¾é‡Œ1çš„ä¸ªæ•°:  430
æ ‡ç­¾é‡Œ0çš„ä¸ªæ•°:  430
æ€»æ•°:  860
æ­£ç¡®çš„ä¸ªæ•°:  643
Epoch [84/100], V_AUC: [4m0.7429[0m
Epoch [85/100], Loss: 0.3963
train_Accuracy: [91m1.0000[0m
train_Precision: [4;34m1.0000[0m,               train_Recall: [4;33m1.0000[0m,                 train_F1 Score: [4;35m1.0000[0m
æ ‡ç­¾é‡Œ1çš„ä¸ªæ•°:  2150
æ ‡ç­¾é‡Œ0çš„ä¸ªæ•°:  2150
æ€»æ•°:  4300
æ­£ç¡®çš„ä¸ªæ•°:  4300
æœ€åä¸€ä¸ªæ‰¹æ¬¡çš„è¾“å‡º, ä¸æ»¡batchsizeæ˜¯æ­£å¸¸çš„:
 tensor([[9.9988e-01],
        [1.0000e+00],
        [9.9983e-01],
        [1.5326e-04],
        [1.0000e+00],
        [8.3890e-05],
        [2.3787e-06],
        [2.7688e-06],
        [9.9957e-01],
        [9.9973e-01],
        [1.1260e-05],
        [1.1855e-04]], device='cuda:0', grad_fn=<SigmoidBackward0>)
Epoch [85/100], T_AUC: [4m1.0000[0m
Epoch [85/100], Loss: 64.3537
val_Accuracy: [92m0.7430[0m
val_Precision: [4;34m0.7519[0m,               val_Recall: [4;33m0.7104[0m,                 val_F1 Score: [4;35m0.7269[0m
æ ‡ç­¾é‡Œ1çš„ä¸ªæ•°:  430
æ ‡ç­¾é‡Œ0çš„ä¸ªæ•°:  430
æ€»æ•°:  860
æ­£ç¡®çš„ä¸ªæ•°:  639
Epoch [85/100], V_AUC: [4m0.7385[0m
Epoch [86/100], Loss: 0.6834
train_Accuracy: [91m0.9998[0m
train_Precision: [4;34m1.0000[0m,               train_Recall: [4;33m0.9997[0m,                 train_F1 Score: [4;35m0.9998[0m
æ ‡ç­¾é‡Œ1çš„ä¸ªæ•°:  2150
æ ‡ç­¾é‡Œ0çš„ä¸ªæ•°:  2150
æ€»æ•°:  4300
æ­£ç¡®çš„ä¸ªæ•°:  4299
æœ€åä¸€ä¸ªæ‰¹æ¬¡çš„è¾“å‡º, ä¸æ»¡batchsizeæ˜¯æ­£å¸¸çš„:
 tensor([[9.9990e-01],
        [1.0000e+00],
        [9.9999e-01],
        [5.8766e-05],
        [1.0000e+00],
        [1.7522e-05],
        [2.2001e-06],
        [2.6272e-06],
        [9.9989e-01],
        [9.9986e-01],
        [4.2661e-06],
        [5.4895e-04]], device='cuda:0', grad_fn=<SigmoidBackward0>)
Epoch [86/100], T_AUC: [4m0.9998[0m
Epoch [86/100], Loss: 68.2826
val_Accuracy: [92m0.7500[0m
val_Precision: [4;34m0.7546[0m,               val_Recall: [4;33m0.7311[0m,                 val_F1 Score: [4;35m0.7387[0m
æ ‡ç­¾é‡Œ1çš„ä¸ªæ•°:  430
æ ‡ç­¾é‡Œ0çš„ä¸ªæ•°:  430
æ€»æ•°:  860
æ­£ç¡®çš„ä¸ªæ•°:  645
Epoch [86/100], V_AUC: [4m0.7454[0m
Epoch [87/100], Loss: 7.4692
train_Accuracy: [91m0.9828[0m
train_Precision: [4;34m0.9827[0m,               train_Recall: [4;33m0.9825[0m,                 train_F1 Score: [4;35m0.9821[0m
æ ‡ç­¾é‡Œ1çš„ä¸ªæ•°:  2150
æ ‡ç­¾é‡Œ0çš„ä¸ªæ•°:  2150
æ€»æ•°:  4300
æ­£ç¡®çš„ä¸ªæ•°:  4226
æœ€åä¸€ä¸ªæ‰¹æ¬¡çš„è¾“å‡º, ä¸æ»¡batchsizeæ˜¯æ­£å¸¸çš„:
 tensor([[9.9981e-01],
        [9.9999e-01],
        [1.0000e+00],
        [5.6309e-08],
        [1.0000e+00],
        [2.6806e-09],
        [3.9513e-02],
        [2.7454e-07],
        [9.7807e-01],
        [9.9980e-01],
        [7.4266e-05],
        [2.4841e-01]], device='cuda:0', grad_fn=<SigmoidBackward0>)
Epoch [87/100], T_AUC: [4m0.9834[0m
Epoch [87/100], Loss: 124.4718
val_Accuracy: [92m0.7581[0m
val_Precision: [4;34m0.7587[0m,               val_Recall: [4;33m0.7490[0m,                 val_F1 Score: [4;35m0.7484[0m
æ ‡ç­¾é‡Œ1çš„ä¸ªæ•°:  430
æ ‡ç­¾é‡Œ0çš„ä¸ªæ•°:  430
æ€»æ•°:  860
æ­£ç¡®çš„ä¸ªæ•°:  652
Epoch [87/100], V_AUC: [4m0.7584[0m
Epoch [88/100], Loss: 89.9470
train_Accuracy: [91m0.8186[0m
train_Precision: [4;34m0.8062[0m,               train_Recall: [4;33m0.8483[0m,                 train_F1 Score: [4;35m0.8219[0m
æ ‡ç­¾é‡Œ1çš„ä¸ªæ•°:  2150
æ ‡ç­¾é‡Œ0çš„ä¸ªæ•°:  2150
æ€»æ•°:  4300
æ­£ç¡®çš„ä¸ªæ•°:  3520
æœ€åä¸€ä¸ªæ‰¹æ¬¡çš„è¾“å‡º, ä¸æ»¡batchsizeæ˜¯æ­£å¸¸çš„:
 tensor([[9.5680e-01],
        [9.9995e-01],
        [9.9999e-01],
        [1.8576e-03],
        [9.7025e-01],
        [3.0550e-05],
        [1.4932e-02],
        [1.2575e-01],
        [8.6070e-01],
        [9.8136e-01],
        [2.2766e-01],
        [1.8861e-03]], device='cuda:0', grad_fn=<SigmoidBackward0>)
Epoch [88/100], T_AUC: [4m0.8240[0m
Epoch [88/100], Loss: 30.4799
val_Accuracy: [92m0.7384[0m
val_Precision: [4;34m0.7342[0m,               val_Recall: [4;33m0.7342[0m,                 val_F1 Score: [4;35m0.7293[0m
æ ‡ç­¾é‡Œ1çš„ä¸ªæ•°:  430
æ ‡ç­¾é‡Œ0çš„ä¸ªæ•°:  430
æ€»æ•°:  860
æ­£ç¡®çš„ä¸ªæ•°:  635
Epoch [88/100], V_AUC: [4m0.7346[0m
Epoch [89/100], Loss: 51.4548
train_Accuracy: [91m0.8451[0m
train_Precision: [4;34m0.8331[0m,               train_Recall: [4;33m0.8685[0m,                 train_F1 Score: [4;35m0.8462[0m
æ ‡ç­¾é‡Œ1çš„ä¸ªæ•°:  2150
æ ‡ç­¾é‡Œ0çš„ä¸ªæ•°:  2150
æ€»æ•°:  4300
æ­£ç¡®çš„ä¸ªæ•°:  3634
æœ€åä¸€ä¸ªæ‰¹æ¬¡çš„è¾“å‡º, ä¸æ»¡batchsizeæ˜¯æ­£å¸¸çš„:
 tensor([[9.9348e-01],
        [9.9999e-01],
        [9.9908e-01],
        [2.5039e-02],
        [9.7819e-01],
        [1.4009e-03],
        [6.8164e-02],
        [5.8177e-02],
        [8.3524e-01],
        [9.8289e-01],
        [8.5480e-04],
        [4.2394e-04]], device='cuda:0', grad_fn=<SigmoidBackward0>)
Epoch [89/100], T_AUC: [4m0.8492[0m
Epoch [89/100], Loss: 23.0636
val_Accuracy: [92m0.7384[0m
val_Precision: [4;34m0.7266[0m,               val_Recall: [4;33m0.7563[0m,                 val_F1 Score: [4;35m0.7363[0m
æ ‡ç­¾é‡Œ1çš„ä¸ªæ•°:  430
æ ‡ç­¾é‡Œ0çš„ä¸ªæ•°:  430
æ€»æ•°:  860
æ­£ç¡®çš„ä¸ªæ•°:  635
Epoch [89/100], V_AUC: [4m0.7378[0m
Epoch [90/100], Loss: 36.6769
train_Accuracy: [91m0.8847[0m
train_Precision: [4;34m0.8708[0m,               train_Recall: [4;33m0.9111[0m,                 train_F1 Score: [4;35m0.8859[0m
æ ‡ç­¾é‡Œ1çš„ä¸ªæ•°:  2150
æ ‡ç­¾é‡Œ0çš„ä¸ªæ•°:  2150
æ€»æ•°:  4300
æ­£ç¡®çš„ä¸ªæ•°:  3804
æœ€åä¸€ä¸ªæ‰¹æ¬¡çš„è¾“å‡º, ä¸æ»¡batchsizeæ˜¯æ­£å¸¸çš„:
 tensor([[9.9243e-01],
        [1.0000e+00],
        [9.9931e-01],
        [1.5811e-02],
        [9.7624e-01],
        [3.9081e-04],
        [7.5077e-02],
        [3.0882e-02],
        [9.6090e-01],
        [9.8845e-01],
        [2.5677e-04],
        [2.6072e-03]], device='cuda:0', grad_fn=<SigmoidBackward0>)
Epoch [90/100], T_AUC: [4m0.8904[0m
Epoch [90/100], Loss: 22.8852
val_Accuracy: [92m0.7488[0m
val_Precision: [4;34m0.7413[0m,               val_Recall: [4;33m0.7542[0m,                 val_F1 Score: [4;35m0.7427[0m
æ ‡ç­¾é‡Œ1çš„ä¸ªæ•°:  430
æ ‡ç­¾é‡Œ0çš„ä¸ªæ•°:  430
æ€»æ•°:  860
æ­£ç¡®çš„ä¸ªæ•°:  644
Epoch [90/100], V_AUC: [4m0.7456[0m
Epoch [91/100], Loss: 29.8223
train_Accuracy: [91m0.9116[0m
train_Precision: [4;34m0.8947[0m,               train_Recall: [4;33m0.9356[0m,                 train_F1 Score: [4;35m0.9111[0m
æ ‡ç­¾é‡Œ1çš„ä¸ªæ•°:  2150
æ ‡ç­¾é‡Œ0çš„ä¸ªæ•°:  2150
æ€»æ•°:  4300
æ­£ç¡®çš„ä¸ªæ•°:  3920
æœ€åä¸€ä¸ªæ‰¹æ¬¡çš„è¾“å‡º, ä¸æ»¡batchsizeæ˜¯æ­£å¸¸çš„:
 tensor([[9.9328e-01],
        [1.0000e+00],
        [9.7734e-01],
        [5.6695e-03],
        [9.9896e-01],
        [7.0818e-03],
        [9.7115e-02],
        [1.6146e-02],
        [9.8656e-01],
        [9.8374e-01],
        [6.2525e-05],
        [2.0933e-03]], device='cuda:0', grad_fn=<SigmoidBackward0>)
Epoch [91/100], T_AUC: [4m0.9165[0m
Epoch [91/100], Loss: 23.9202
val_Accuracy: [92m0.7442[0m
val_Precision: [4;34m0.7355[0m,               val_Recall: [4;33m0.7495[0m,                 val_F1 Score: [4;35m0.7378[0m
æ ‡ç­¾é‡Œ1çš„ä¸ªæ•°:  430
æ ‡ç­¾é‡Œ0çš„ä¸ªæ•°:  430
æ€»æ•°:  860
æ­£ç¡®çš„ä¸ªæ•°:  640
Epoch [91/100], V_AUC: [4m0.7430[0m
Epoch [92/100], Loss: 25.5847
train_Accuracy: [91m0.9219[0m
train_Precision: [4;34m0.9027[0m,               train_Recall: [4;33m0.9474[0m,                 train_F1 Score: [4;35m0.9217[0m
æ ‡ç­¾é‡Œ1çš„ä¸ªæ•°:  2150
æ ‡ç­¾é‡Œ0çš„ä¸ªæ•°:  2150
æ€»æ•°:  4300
æ­£ç¡®çš„ä¸ªæ•°:  3964
æœ€åä¸€ä¸ªæ‰¹æ¬¡çš„è¾“å‡º, ä¸æ»¡batchsizeæ˜¯æ­£å¸¸çš„:
 tensor([[9.8749e-01],
        [1.0000e+00],
        [9.8805e-01],
        [3.7171e-03],
        [9.9963e-01],
        [5.3833e-03],
        [4.6409e-02],
        [7.8235e-03],
        [9.6331e-01],
        [9.5898e-01],
        [9.2630e-05],
        [2.8303e-03]], device='cuda:0', grad_fn=<SigmoidBackward0>)
Epoch [92/100], T_AUC: [4m0.9260[0m
Epoch [92/100], Loss: 25.2805
val_Accuracy: [92m0.7395[0m
val_Precision: [4;34m0.7337[0m,               val_Recall: [4;33m0.7375[0m,                 val_F1 Score: [4;35m0.7304[0m
æ ‡ç­¾é‡Œ1çš„ä¸ªæ•°:  430
æ ‡ç­¾é‡Œ0çš„ä¸ªæ•°:  430
æ€»æ•°:  860
æ­£ç¡®çš„ä¸ªæ•°:  636
Epoch [92/100], V_AUC: [4m0.7368[0m
Epoch [93/100], Loss: 21.9042
train_Accuracy: [91m0.9370[0m
train_Precision: [4;34m0.9253[0m,               train_Recall: [4;33m0.9518[0m,                 train_F1 Score: [4;35m0.9359[0m
æ ‡ç­¾é‡Œ1çš„ä¸ªæ•°:  2150
æ ‡ç­¾é‡Œ0çš„ä¸ªæ•°:  2150
æ€»æ•°:  4300
æ­£ç¡®çš„ä¸ªæ•°:  4029
æœ€åä¸€ä¸ªæ‰¹æ¬¡çš„è¾“å‡º, ä¸æ»¡batchsizeæ˜¯æ­£å¸¸çš„:
 tensor([[9.8077e-01],
        [1.0000e+00],
        [9.8731e-01],
        [3.2959e-03],
        [9.9977e-01],
        [4.6912e-03],
        [1.4486e-02],
        [2.2077e-03],
        [9.6793e-01],
        [9.9580e-01],
        [1.8372e-04],
        [3.2245e-03]], device='cuda:0', grad_fn=<SigmoidBackward0>)
Epoch [93/100], T_AUC: [4m0.9407[0m
Epoch [93/100], Loss: 26.6819
val_Accuracy: [92m0.7419[0m
val_Precision: [4;34m0.7352[0m,               val_Recall: [4;33m0.7464[0m,                 val_F1 Score: [4;35m0.7346[0m
æ ‡ç­¾é‡Œ1çš„ä¸ªæ•°:  430
æ ‡ç­¾é‡Œ0çš„ä¸ªæ•°:  430
æ€»æ•°:  860
æ­£ç¡®çš„ä¸ªæ•°:  638
Epoch [93/100], V_AUC: [4m0.7389[0m
Epoch [94/100], Loss: 18.0683
train_Accuracy: [91m0.9528[0m
train_Precision: [4;34m0.9419[0m,               train_Recall: [4;33m0.9672[0m,                 train_F1 Score: [4;35m0.9529[0m
æ ‡ç­¾é‡Œ1çš„ä¸ªæ•°:  2150
æ ‡ç­¾é‡Œ0çš„ä¸ªæ•°:  2150
æ€»æ•°:  4300
æ­£ç¡®çš„ä¸ªæ•°:  4097
æœ€åä¸€ä¸ªæ‰¹æ¬¡çš„è¾“å‡º, ä¸æ»¡batchsizeæ˜¯æ­£å¸¸çš„:
 tensor([[9.8836e-01],
        [1.0000e+00],
        [9.7743e-01],
        [3.0074e-03],
        [9.9996e-01],
        [4.0946e-03],
        [3.6087e-03],
        [1.0217e-03],
        [9.7345e-01],
        [9.9013e-01],
        [4.0649e-05],
        [1.8784e-02]], device='cuda:0', grad_fn=<SigmoidBackward0>)
Epoch [94/100], T_AUC: [4m0.9552[0m
Epoch [94/100], Loss: 28.3541
val_Accuracy: [92m0.7500[0m
val_Precision: [4;34m0.7496[0m,               val_Recall: [4;33m0.7428[0m,                 val_F1 Score: [4;35m0.7404[0m
æ ‡ç­¾é‡Œ1çš„ä¸ªæ•°:  430
æ ‡ç­¾é‡Œ0çš„ä¸ªæ•°:  430
æ€»æ•°:  860
æ­£ç¡®çš„ä¸ªæ•°:  645
Epoch [94/100], V_AUC: [4m0.7479[0m
Epoch [95/100], Loss: 14.9453
train_Accuracy: [91m0.9649[0m
train_Precision: [4;34m0.9542[0m,               train_Recall: [4;33m0.9782[0m,                 train_F1 Score: [4;35m0.9647[0m
æ ‡ç­¾é‡Œ1çš„ä¸ªæ•°:  2150
æ ‡ç­¾é‡Œ0çš„ä¸ªæ•°:  2150
æ€»æ•°:  4300
æ­£ç¡®çš„ä¸ªæ•°:  4149
æœ€åä¸€ä¸ªæ‰¹æ¬¡çš„è¾“å‡º, ä¸æ»¡batchsizeæ˜¯æ­£å¸¸çš„:
 tensor([[9.9784e-01],
        [1.0000e+00],
        [9.9091e-01],
        [7.7373e-03],
        [9.9999e-01],
        [1.3502e-03],
        [1.6580e-03],
        [2.6288e-03],
        [9.8663e-01],
        [9.9737e-01],
        [1.0174e-06],
        [3.8351e-03]], device='cuda:0', grad_fn=<SigmoidBackward0>)
Epoch [95/100], T_AUC: [4m0.9668[0m
Epoch [95/100], Loss: 31.2842
val_Accuracy: [92m0.7477[0m
val_Precision: [4;34m0.7467[0m,               val_Recall: [4;33m0.7420[0m,                 val_F1 Score: [4;35m0.7369[0m
æ ‡ç­¾é‡Œ1çš„ä¸ªæ•°:  430
æ ‡ç­¾é‡Œ0çš„ä¸ªæ•°:  430
æ€»æ•°:  860
æ­£ç¡®çš„ä¸ªæ•°:  643
Epoch [95/100], V_AUC: [4m0.7448[0m
Epoch [96/100], Loss: 13.9400
train_Accuracy: [91m0.9658[0m
train_Precision: [4;34m0.9540[0m,               train_Recall: [4;33m0.9797[0m,                 train_F1 Score: [4;35m0.9654[0m
æ ‡ç­¾é‡Œ1çš„ä¸ªæ•°:  2150
æ ‡ç­¾é‡Œ0çš„ä¸ªæ•°:  2150
æ€»æ•°:  4300
æ­£ç¡®çš„ä¸ªæ•°:  4153
æœ€åä¸€ä¸ªæ‰¹æ¬¡çš„è¾“å‡º, ä¸æ»¡batchsizeæ˜¯æ­£å¸¸çš„:
 tensor([[9.9806e-01],
        [1.0000e+00],
        [9.9755e-01],
        [6.3582e-03],
        [1.0000e+00],
        [3.3909e-04],
        [9.1633e-04],
        [5.2274e-04],
        [9.7816e-01],
        [9.9708e-01],
        [3.9341e-06],
        [1.8023e-02]], device='cuda:0', grad_fn=<SigmoidBackward0>)
Epoch [96/100], T_AUC: [4m0.9677[0m
Epoch [96/100], Loss: 33.7233
val_Accuracy: [92m0.7384[0m
val_Precision: [4;34m0.7409[0m,               val_Recall: [4;33m0.7262[0m,                 val_F1 Score: [4;35m0.7280[0m
æ ‡ç­¾é‡Œ1çš„ä¸ªæ•°:  430
æ ‡ç­¾é‡Œ0çš„ä¸ªæ•°:  430
æ€»æ•°:  860
æ­£ç¡®çš„ä¸ªæ•°:  635
Epoch [96/100], V_AUC: [4m0.7361[0m
Epoch [97/100], Loss: 13.4880
train_Accuracy: [91m0.9651[0m
train_Precision: [4;34m0.9534[0m,               train_Recall: [4;33m0.9794[0m,                 train_F1 Score: [4;35m0.9651[0m
æ ‡ç­¾é‡Œ1çš„ä¸ªæ•°:  2150
æ ‡ç­¾é‡Œ0çš„ä¸ªæ•°:  2150
æ€»æ•°:  4300
æ­£ç¡®çš„ä¸ªæ•°:  4150
æœ€åä¸€ä¸ªæ‰¹æ¬¡çš„è¾“å‡º, ä¸æ»¡batchsizeæ˜¯æ­£å¸¸çš„:
 tensor([[9.8529e-01],
        [1.0000e+00],
        [9.9873e-01],
        [1.9692e-03],
        [1.0000e+00],
        [2.2295e-03],
        [1.1121e-03],
        [4.5952e-03],
        [9.9638e-01],
        [9.9882e-01],
        [9.2015e-07],
        [1.1807e-03]], device='cuda:0', grad_fn=<SigmoidBackward0>)
Epoch [97/100], T_AUC: [4m0.9662[0m
Epoch [97/100], Loss: 38.7573
val_Accuracy: [92m0.7453[0m
val_Precision: [4;34m0.7452[0m,               val_Recall: [4;33m0.7320[0m,                 val_F1 Score: [4;35m0.7333[0m
æ ‡ç­¾é‡Œ1çš„ä¸ªæ•°:  430
æ ‡ç­¾é‡Œ0çš„ä¸ªæ•°:  430
æ€»æ•°:  860
æ­£ç¡®çš„ä¸ªæ•°:  641
Epoch [97/100], V_AUC: [4m0.7419[0m
Epoch [98/100], Loss: 11.9279
train_Accuracy: [91m0.9728[0m
train_Precision: [4;34m0.9616[0m,               train_Recall: [4;33m0.9844[0m,                 train_F1 Score: [4;35m0.9716[0m
æ ‡ç­¾é‡Œ1çš„ä¸ªæ•°:  2150
æ ‡ç­¾é‡Œ0çš„ä¸ªæ•°:  2150
æ€»æ•°:  4300
æ­£ç¡®çš„ä¸ªæ•°:  4183
æœ€åä¸€ä¸ªæ‰¹æ¬¡çš„è¾“å‡º, ä¸æ»¡batchsizeæ˜¯æ­£å¸¸çš„:
 tensor([[9.9823e-01],
        [1.0000e+00],
        [9.9640e-01],
        [8.5865e-04],
        [1.0000e+00],
        [1.6727e-04],
        [6.5302e-04],
        [3.4708e-05],
        [9.8915e-01],
        [9.9965e-01],
        [5.0076e-04],
        [1.2565e-03]], device='cuda:0', grad_fn=<SigmoidBackward0>)
Epoch [98/100], T_AUC: [4m0.9746[0m
Epoch [98/100], Loss: 45.5565
val_Accuracy: [92m0.7291[0m
val_Precision: [4;34m0.7296[0m,               val_Recall: [4;33m0.7203[0m,                 val_F1 Score: [4;35m0.7196[0m
æ ‡ç­¾é‡Œ1çš„ä¸ªæ•°:  430
æ ‡ç­¾é‡Œ0çš„ä¸ªæ•°:  430
æ€»æ•°:  860
æ­£ç¡®çš„ä¸ªæ•°:  627
Epoch [98/100], V_AUC: [4m0.7280[0m
Epoch [99/100], Loss: 12.6184
train_Accuracy: [91m0.9691[0m
train_Precision: [4;34m0.9577[0m,               train_Recall: [4;33m0.9817[0m,                 train_F1 Score: [4;35m0.9682[0m
æ ‡ç­¾é‡Œ1çš„ä¸ªæ•°:  2150
æ ‡ç­¾é‡Œ0çš„ä¸ªæ•°:  2150
æ€»æ•°:  4300
æ­£ç¡®çš„ä¸ªæ•°:  4167
æœ€åä¸€ä¸ªæ‰¹æ¬¡çš„è¾“å‡º, ä¸æ»¡batchsizeæ˜¯æ­£å¸¸çš„:
 tensor([[9.9879e-01],
        [1.0000e+00],
        [9.9962e-01],
        [1.6303e-03],
        [1.0000e+00],
        [1.2650e-03],
        [3.6902e-05],
        [6.0661e-04],
        [9.7398e-01],
        [9.9849e-01],
        [1.3596e-05],
        [9.7448e-04]], device='cuda:0', grad_fn=<SigmoidBackward0>)
Epoch [99/100], T_AUC: [4m0.9717[0m
Epoch [99/100], Loss: 46.0507
val_Accuracy: [92m0.7523[0m
val_Precision: [4;34m0.7631[0m,               val_Recall: [4;33m0.7218[0m,                 val_F1 Score: [4;35m0.7365[0m
æ ‡ç­¾é‡Œ1çš„ä¸ªæ•°:  430
æ ‡ç­¾é‡Œ0çš„ä¸ªæ•°:  430
æ€»æ•°:  860
æ­£ç¡®çš„ä¸ªæ•°:  647
Epoch [99/100], V_AUC: [4m0.7493[0m
Epoch [100/100], Loss: 9.6723
train_Accuracy: [91m0.9774[0m
train_Precision: [4;34m0.9702[0m,               train_Recall: [4;33m0.9858[0m,                 train_F1 Score: [4;35m0.9770[0m
æ ‡ç­¾é‡Œ1çš„ä¸ªæ•°:  2150
æ ‡ç­¾é‡Œ0çš„ä¸ªæ•°:  2150
æ€»æ•°:  4300
æ­£ç¡®çš„ä¸ªæ•°:  4203
æœ€åä¸€ä¸ªæ‰¹æ¬¡çš„è¾“å‡º, ä¸æ»¡batchsizeæ˜¯æ­£å¸¸çš„:
 tensor([[9.9995e-01],
        [1.0000e+00],
        [9.9998e-01],
        [7.9417e-04],
        [1.0000e+00],
        [6.4141e-03],
        [1.0695e-04],
        [1.2493e-04],
        [9.1328e-01],
        [9.9956e-01],
        [4.0721e-08],
        [3.8737e-04]], device='cuda:0', grad_fn=<SigmoidBackward0>)
Epoch [100/100], T_AUC: [4m0.9787[0m
Epoch [100/100], Loss: 49.5044
val_Accuracy: [92m0.7593[0m
val_Precision: [4;34m0.7692[0m,               val_Recall: [4;33m0.7319[0m,                 val_F1 Score: [4;35m0.7438[0m
æ ‡ç­¾é‡Œ1çš„ä¸ªæ•°:  430
æ ‡ç­¾é‡Œ0çš„ä¸ªæ•°:  430
æ€»æ•°:  860
æ­£ç¡®çš„ä¸ªæ•°:  653
Epoch [100/100], V_AUC: [4m0.7546[0m
ç¬¬0æ‰¹ç¬¬2ä¸ª, 100
ç¬¬0æ‰¹ç¬¬15ä¸ª, 100
ç¬¬1æ‰¹ç¬¬0ä¸ª, 100
ç¬¬1æ‰¹ç¬¬29ä¸ª, 100
ç¬¬1æ‰¹ç¬¬30ä¸ª, 100
send email successfully
