2024-06-25-20:50:11
1æ’åº128-0.4
åˆ›å»ºæ¨¡å‹å®ä¾‹
æ¨¡å‹å®ä¾‹åˆ›å»ºå®Œæˆ
åŠ è½½é¢„è®­ç»ƒå‚æ•°
é¢„è®­ç»ƒå‚æ•°åŠ è½½å®Œæˆ
Epoch [1/100], Loss: 60.3392
train_Accuracy: [91m0.8002[0m
train_Precision: [4;34m0.7959[0m,               train_Recall: [4;33m0.8187[0m,                 train_F1 Score: [4;35m0.8011[0m
æ ‡ç­¾é‡Œ1çš„ä¸ªæ•°:  2150
æ ‡ç­¾é‡Œ0çš„ä¸ªæ•°:  2150
æ€»æ•°:  4300
æ­£ç¡®çš„ä¸ªæ•°:  3441
æœ€åä¸€ä¸ªæ‰¹æ¬¡çš„è¾“å‡º, ä¸æ»¡batchsizeæ˜¯æ­£å¸¸çš„:
 tensor([[0.9274],
        [0.8626],
        [0.9699],
        [0.1643],
        [0.7587],
        [0.1649],
        [0.5806],
        [0.2800],
        [0.3948],
        [0.9172],
        [0.0318],
        [0.0591]], device='cuda:0', grad_fn=<SigmoidBackward0>)
Epoch [1/100], T_AUC: [4m0.8065[0m
Epoch [1/100], Loss: 13.4647
val_Accuracy: [92m0.7988[0m
val_Precision: [4;34m0.8019[0m,               val_Recall: [4;33m0.7826[0m,                 val_F1 Score: [4;35m0.7877[0m
æ ‡ç­¾é‡Œ1çš„ä¸ªæ•°:  430
æ ‡ç­¾é‡Œ0çš„ä¸ªæ•°:  430
æ€»æ•°:  860
æ­£ç¡®çš„ä¸ªæ•°:  687
Epoch [1/100], V_AUC: [4m0.7958[0m
Epoch [2/100], Loss: 59.1789
train_Accuracy: [91m0.8070[0m
train_Precision: [4;34m0.8035[0m,               train_Recall: [4;33m0.8242[0m,                 train_F1 Score: [4;35m0.8078[0m
æ ‡ç­¾é‡Œ1çš„ä¸ªæ•°:  2150
æ ‡ç­¾é‡Œ0çš„ä¸ªæ•°:  2150
æ€»æ•°:  4300
æ­£ç¡®çš„ä¸ªæ•°:  3470
æœ€åä¸€ä¸ªæ‰¹æ¬¡çš„è¾“å‡º, ä¸æ»¡batchsizeæ˜¯æ­£å¸¸çš„:
 tensor([[0.9209],
        [0.8496],
        [0.9667],
        [0.1634],
        [0.7420],
        [0.1522],
        [0.5495],
        [0.3529],
        [0.4504],
        [0.8966],
        [0.0383],
        [0.0690]], device='cuda:0', grad_fn=<SigmoidBackward0>)
Epoch [2/100], T_AUC: [4m0.8136[0m
Epoch [2/100], Loss: 13.4515
val_Accuracy: [92m0.7965[0m
val_Precision: [4;34m0.8003[0m,               val_Recall: [4;33m0.7803[0m,                 val_F1 Score: [4;35m0.7856[0m
æ ‡ç­¾é‡Œ1çš„ä¸ªæ•°:  430
æ ‡ç­¾é‡Œ0çš„ä¸ªæ•°:  430
æ€»æ•°:  860
æ­£ç¡®çš„ä¸ªæ•°:  685
Epoch [2/100], V_AUC: [4m0.7940[0m
Epoch [3/100], Loss: 59.0585
train_Accuracy: [91m0.8056[0m
train_Precision: [4;34m0.8005[0m,               train_Recall: [4;33m0.8242[0m,                 train_F1 Score: [4;35m0.8064[0m
æ ‡ç­¾é‡Œ1çš„ä¸ªæ•°:  2150
æ ‡ç­¾é‡Œ0çš„ä¸ªæ•°:  2150
æ€»æ•°:  4300
æ­£ç¡®çš„ä¸ªæ•°:  3464
æœ€åä¸€ä¸ªæ‰¹æ¬¡çš„è¾“å‡º, ä¸æ»¡batchsizeæ˜¯æ­£å¸¸çš„:
 tensor([[0.9106],
        [0.8529],
        [0.9608],
        [0.1722],
        [0.7549],
        [0.1543],
        [0.5527],
        [0.3273],
        [0.4627],
        [0.8918],
        [0.0474],
        [0.0691]], device='cuda:0', grad_fn=<SigmoidBackward0>)
Epoch [3/100], T_AUC: [4m0.8123[0m
Epoch [3/100], Loss: 13.5748
val_Accuracy: [92m0.8000[0m
val_Precision: [4;34m0.8124[0m,               val_Recall: [4;33m0.7706[0m,                 val_F1 Score: [4;35m0.7858[0m
æ ‡ç­¾é‡Œ1çš„ä¸ªæ•°:  430
æ ‡ç­¾é‡Œ0çš„ä¸ªæ•°:  430
æ€»æ•°:  860
æ­£ç¡®çš„ä¸ªæ•°:  688
Epoch [3/100], V_AUC: [4m0.7969[0m
Epoch [4/100], Loss: 58.9971
train_Accuracy: [91m0.8074[0m
train_Precision: [4;34m0.8028[0m,               train_Recall: [4;33m0.8243[0m,                 train_F1 Score: [4;35m0.8078[0m
æ ‡ç­¾é‡Œ1çš„ä¸ªæ•°:  2150
æ ‡ç­¾é‡Œ0çš„ä¸ªæ•°:  2150
æ€»æ•°:  4300
æ­£ç¡®çš„ä¸ªæ•°:  3472
æœ€åä¸€ä¸ªæ‰¹æ¬¡çš„è¾“å‡º, ä¸æ»¡batchsizeæ˜¯æ­£å¸¸çš„:
 tensor([[0.9060],
        [0.8585],
        [0.9559],
        [0.1639],
        [0.7668],
        [0.1441],
        [0.5543],
        [0.3349],
        [0.4776],
        [0.8887],
        [0.0473],
        [0.0790]], device='cuda:0', grad_fn=<SigmoidBackward0>)
Epoch [4/100], T_AUC: [4m0.8139[0m
Epoch [4/100], Loss: 13.4890
val_Accuracy: [92m0.7953[0m
val_Precision: [4;34m0.8053[0m,               val_Recall: [4;33m0.7706[0m,                 val_F1 Score: [4;35m0.7819[0m
æ ‡ç­¾é‡Œ1çš„ä¸ªæ•°:  430
æ ‡ç­¾é‡Œ0çš„ä¸ªæ•°:  430
æ€»æ•°:  860
æ­£ç¡®çš„ä¸ªæ•°:  684
Epoch [4/100], V_AUC: [4m0.7925[0m
Epoch [5/100], Loss: 58.9020
train_Accuracy: [91m0.8063[0m
train_Precision: [4;34m0.7995[0m,               train_Recall: [4;33m0.8277[0m,                 train_F1 Score: [4;35m0.8078[0m
æ ‡ç­¾é‡Œ1çš„ä¸ªæ•°:  2150
æ ‡ç­¾é‡Œ0çš„ä¸ªæ•°:  2150
æ€»æ•°:  4300
æ­£ç¡®çš„ä¸ªæ•°:  3467
æœ€åä¸€ä¸ªæ‰¹æ¬¡çš„è¾“å‡º, ä¸æ»¡batchsizeæ˜¯æ­£å¸¸çš„:
 tensor([[0.9054],
        [0.8568],
        [0.9528],
        [0.1502],
        [0.7683],
        [0.1308],
        [0.5459],
        [0.3480],
        [0.4954],
        [0.8859],
        [0.0494],
        [0.0820]], device='cuda:0', grad_fn=<SigmoidBackward0>)
Epoch [5/100], T_AUC: [4m0.8129[0m
Epoch [5/100], Loss: 13.5922
val_Accuracy: [92m0.7953[0m
val_Precision: [4;34m0.8065[0m,               val_Recall: [4;33m0.7687[0m,                 val_F1 Score: [4;35m0.7817[0m
æ ‡ç­¾é‡Œ1çš„ä¸ªæ•°:  430
æ ‡ç­¾é‡Œ0çš„ä¸ªæ•°:  430
æ€»æ•°:  860
æ­£ç¡®çš„ä¸ªæ•°:  684
Epoch [5/100], V_AUC: [4m0.7925[0m
Epoch [6/100], Loss: 58.6978
train_Accuracy: [91m0.8056[0m
train_Precision: [4;34m0.7988[0m,               train_Recall: [4;33m0.8269[0m,                 train_F1 Score: [4;35m0.8071[0m
æ ‡ç­¾é‡Œ1çš„ä¸ªæ•°:  2150
æ ‡ç­¾é‡Œ0çš„ä¸ªæ•°:  2150
æ€»æ•°:  4300
æ­£ç¡®çš„ä¸ªæ•°:  3464
æœ€åä¸€ä¸ªæ‰¹æ¬¡çš„è¾“å‡º, ä¸æ»¡batchsizeæ˜¯æ­£å¸¸çš„:
 tensor([[0.9048],
        [0.8543],
        [0.9479],
        [0.1514],
        [0.7887],
        [0.1194],
        [0.5409],
        [0.3653],
        [0.5052],
        [0.8881],
        [0.0499],
        [0.0755]], device='cuda:0', grad_fn=<SigmoidBackward0>)
Epoch [6/100], T_AUC: [4m0.8116[0m
Epoch [6/100], Loss: 13.6345
val_Accuracy: [92m0.7942[0m
val_Precision: [4;34m0.8034[0m,               val_Recall: [4;33m0.7706[0m,                 val_F1 Score: [4;35m0.7810[0m
æ ‡ç­¾é‡Œ1çš„ä¸ªæ•°:  430
æ ‡ç­¾é‡Œ0çš„ä¸ªæ•°:  430
æ€»æ•°:  860
æ­£ç¡®çš„ä¸ªæ•°:  683
Epoch [6/100], V_AUC: [4m0.7915[0m
Epoch [7/100], Loss: 58.5752
train_Accuracy: [91m0.8067[0m
train_Precision: [4;34m0.7990[0m,               train_Recall: [4;33m0.8293[0m,                 train_F1 Score: [4;35m0.8084[0m
æ ‡ç­¾é‡Œ1çš„ä¸ªæ•°:  2150
æ ‡ç­¾é‡Œ0çš„ä¸ªæ•°:  2150
æ€»æ•°:  4300
æ­£ç¡®çš„ä¸ªæ•°:  3469
æœ€åä¸€ä¸ªæ‰¹æ¬¡çš„è¾“å‡º, ä¸æ»¡batchsizeæ˜¯æ­£å¸¸çš„:
 tensor([[0.9049],
        [0.8479],
        [0.9495],
        [0.1406],
        [0.7850],
        [0.1210],
        [0.5465],
        [0.3290],
        [0.4885],
        [0.8833],
        [0.0577],
        [0.0834]], device='cuda:0', grad_fn=<SigmoidBackward0>)
Epoch [7/100], T_AUC: [4m0.8127[0m
Epoch [7/100], Loss: 13.6715
val_Accuracy: [92m0.7884[0m
val_Precision: [4;34m0.8009[0m,               val_Recall: [4;33m0.7594[0m,                 val_F1 Score: [4;35m0.7743[0m
æ ‡ç­¾é‡Œ1çš„ä¸ªæ•°:  430
æ ‡ç­¾é‡Œ0çš„ä¸ªæ•°:  430
æ€»æ•°:  860
æ­£ç¡®çš„ä¸ªæ•°:  678
Epoch [7/100], V_AUC: [4m0.7859[0m
Epoch [8/100], Loss: 58.4643
train_Accuracy: [91m0.8091[0m
train_Precision: [4;34m0.8015[0m,               train_Recall: [4;33m0.8323[0m,                 train_F1 Score: [4;35m0.8111[0m
æ ‡ç­¾é‡Œ1çš„ä¸ªæ•°:  2150
æ ‡ç­¾é‡Œ0çš„ä¸ªæ•°:  2150
æ€»æ•°:  4300
æ­£ç¡®çš„ä¸ªæ•°:  3479
æœ€åä¸€ä¸ªæ‰¹æ¬¡çš„è¾“å‡º, ä¸æ»¡batchsizeæ˜¯æ­£å¸¸çš„:
 tensor([[0.9019],
        [0.8548],
        [0.9489],
        [0.1406],
        [0.7870],
        [0.1145],
        [0.5237],
        [0.3840],
        [0.4979],
        [0.8878],
        [0.0531],
        [0.0759]], device='cuda:0', grad_fn=<SigmoidBackward0>)
Epoch [8/100], T_AUC: [4m0.8151[0m
Epoch [8/100], Loss: 13.6648
val_Accuracy: [92m0.7977[0m
val_Precision: [4;34m0.8092[0m,               val_Recall: [4;33m0.7713[0m,                 val_F1 Score: [4;35m0.7844[0m
æ ‡ç­¾é‡Œ1çš„ä¸ªæ•°:  430
æ ‡ç­¾é‡Œ0çš„ä¸ªæ•°:  430
æ€»æ•°:  860
æ­£ç¡®çš„ä¸ªæ•°:  686
Epoch [8/100], V_AUC: [4m0.7949[0m
Epoch [9/100], Loss: 58.2178
train_Accuracy: [91m0.8093[0m
train_Precision: [4;34m0.8007[0m,               train_Recall: [4;33m0.8316[0m,                 train_F1 Score: [4;35m0.8102[0m
æ ‡ç­¾é‡Œ1çš„ä¸ªæ•°:  2150
æ ‡ç­¾é‡Œ0çš„ä¸ªæ•°:  2150
æ€»æ•°:  4300
æ­£ç¡®çš„ä¸ªæ•°:  3480
æœ€åä¸€ä¸ªæ‰¹æ¬¡çš„è¾“å‡º, ä¸æ»¡batchsizeæ˜¯æ­£å¸¸çš„:
 tensor([[0.8982],
        [0.8395],
        [0.9547],
        [0.1351],
        [0.7763],
        [0.0999],
        [0.5123],
        [0.4314],
        [0.5459],
        [0.8831],
        [0.0527],
        [0.0785]], device='cuda:0', grad_fn=<SigmoidBackward0>)
Epoch [9/100], T_AUC: [4m0.8149[0m
Epoch [9/100], Loss: 13.4723
val_Accuracy: [92m0.7907[0m
val_Precision: [4;34m0.7988[0m,               val_Recall: [4;33m0.7693[0m,                 val_F1 Score: [4;35m0.7784[0m
æ ‡ç­¾é‡Œ1çš„ä¸ªæ•°:  430
æ ‡ç­¾é‡Œ0çš„ä¸ªæ•°:  430
æ€»æ•°:  860
æ­£ç¡®çš„ä¸ªæ•°:  680
Epoch [9/100], V_AUC: [4m0.7882[0m
Epoch [10/100], Loss: 58.2352
train_Accuracy: [91m0.8093[0m
train_Precision: [4;34m0.8014[0m,               train_Recall: [4;33m0.8302[0m,                 train_F1 Score: [4;35m0.8101[0m
æ ‡ç­¾é‡Œ1çš„ä¸ªæ•°:  2150
æ ‡ç­¾é‡Œ0çš„ä¸ªæ•°:  2150
æ€»æ•°:  4300
æ­£ç¡®çš„ä¸ªæ•°:  3480
æœ€åä¸€ä¸ªæ‰¹æ¬¡çš„è¾“å‡º, ä¸æ»¡batchsizeæ˜¯æ­£å¸¸çš„:
 tensor([[0.8963],
        [0.8542],
        [0.9505],
        [0.1255],
        [0.7957],
        [0.0863],
        [0.5454],
        [0.4126],
        [0.5492],
        [0.8860],
        [0.0540],
        [0.0779]], device='cuda:0', grad_fn=<SigmoidBackward0>)
Epoch [10/100], T_AUC: [4m0.8144[0m
Epoch [10/100], Loss: 13.6712
val_Accuracy: [92m0.7872[0m
val_Precision: [4;34m0.7888[0m,               val_Recall: [4;33m0.7743[0m,                 val_F1 Score: [4;35m0.7754[0m
æ ‡ç­¾é‡Œ1çš„ä¸ªæ•°:  430
æ ‡ç­¾é‡Œ0çš„ä¸ªæ•°:  430
æ€»æ•°:  860
æ­£ç¡®çš„ä¸ªæ•°:  677
Epoch [10/100], V_AUC: [4m0.7840[0m
Epoch [11/100], Loss: 58.2134
train_Accuracy: [91m0.8091[0m
train_Precision: [4;34m0.7990[0m,               train_Recall: [4;33m0.8348[0m,                 train_F1 Score: [4;35m0.8113[0m
æ ‡ç­¾é‡Œ1çš„ä¸ªæ•°:  2150
æ ‡ç­¾é‡Œ0çš„ä¸ªæ•°:  2150
æ€»æ•°:  4300
æ­£ç¡®çš„ä¸ªæ•°:  3479
æœ€åä¸€ä¸ªæ‰¹æ¬¡çš„è¾“å‡º, ä¸æ»¡batchsizeæ˜¯æ­£å¸¸çš„:
 tensor([[0.8913],
        [0.8404],
        [0.9580],
        [0.1386],
        [0.7725],
        [0.1022],
        [0.5475],
        [0.3993],
        [0.5787],
        [0.8832],
        [0.0479],
        [0.0723]], device='cuda:0', grad_fn=<SigmoidBackward0>)
Epoch [11/100], T_AUC: [4m0.8147[0m
Epoch [11/100], Loss: 13.5056
val_Accuracy: [92m0.7872[0m
val_Precision: [4;34m0.7900[0m,               val_Recall: [4;33m0.7761[0m,                 val_F1 Score: [4;35m0.7767[0m
æ ‡ç­¾é‡Œ1çš„ä¸ªæ•°:  430
æ ‡ç­¾é‡Œ0çš„ä¸ªæ•°:  430
æ€»æ•°:  860
æ­£ç¡®çš„ä¸ªæ•°:  677
Epoch [11/100], V_AUC: [4m0.7852[0m
Epoch [12/100], Loss: 58.0105
train_Accuracy: [91m0.8079[0m
train_Precision: [4;34m0.7960[0m,               train_Recall: [4;33m0.8367[0m,                 train_F1 Score: [4;35m0.8103[0m
æ ‡ç­¾é‡Œ1çš„ä¸ªæ•°:  2150
æ ‡ç­¾é‡Œ0çš„ä¸ªæ•°:  2150
æ€»æ•°:  4300
æ­£ç¡®çš„ä¸ªæ•°:  3474
æœ€åä¸€ä¸ªæ‰¹æ¬¡çš„è¾“å‡º, ä¸æ»¡batchsizeæ˜¯æ­£å¸¸çš„:
 tensor([[0.9063],
        [0.8543],
        [0.9549],
        [0.1420],
        [0.7713],
        [0.1009],
        [0.5590],
        [0.4037],
        [0.5694],
        [0.8804],
        [0.0424],
        [0.0731]], device='cuda:0', grad_fn=<SigmoidBackward0>)
Epoch [12/100], T_AUC: [4m0.8132[0m
Epoch [12/100], Loss: 13.6846
val_Accuracy: [92m0.7872[0m
val_Precision: [4;34m0.7900[0m,               val_Recall: [4;33m0.7761[0m,                 val_F1 Score: [4;35m0.7767[0m
æ ‡ç­¾é‡Œ1çš„ä¸ªæ•°:  430
æ ‡ç­¾é‡Œ0çš„ä¸ªæ•°:  430
æ€»æ•°:  860
æ­£ç¡®çš„ä¸ªæ•°:  677
Epoch [12/100], V_AUC: [4m0.7852[0m
Epoch [13/100], Loss: 57.8626
train_Accuracy: [91m0.8114[0m
train_Precision: [4;34m0.8005[0m,               train_Recall: [4;33m0.8383[0m,                 train_F1 Score: [4;35m0.8139[0m
æ ‡ç­¾é‡Œ1çš„ä¸ªæ•°:  2150
æ ‡ç­¾é‡Œ0çš„ä¸ªæ•°:  2150
æ€»æ•°:  4300
æ­£ç¡®çš„ä¸ªæ•°:  3489
æœ€åä¸€ä¸ªæ‰¹æ¬¡çš„è¾“å‡º, ä¸æ»¡batchsizeæ˜¯æ­£å¸¸çš„:
 tensor([[0.9054],
        [0.8448],
        [0.9585],
        [0.1460],
        [0.7850],
        [0.1074],
        [0.5499],
        [0.3752],
        [0.5541],
        [0.8866],
        [0.0373],
        [0.0815]], device='cuda:0', grad_fn=<SigmoidBackward0>)
Epoch [13/100], T_AUC: [4m0.8168[0m
Epoch [13/100], Loss: 13.6843
val_Accuracy: [92m0.7849[0m
val_Precision: [4;34m0.7876[0m,               val_Recall: [4;33m0.7733[0m,                 val_F1 Score: [4;35m0.7741[0m
æ ‡ç­¾é‡Œ1çš„ä¸ªæ•°:  430
æ ‡ç­¾é‡Œ0çš„ä¸ªæ•°:  430
æ€»æ•°:  860
æ­£ç¡®çš„ä¸ªæ•°:  675
Epoch [13/100], V_AUC: [4m0.7828[0m
Epoch [14/100], Loss: 57.7127
train_Accuracy: [91m0.8140[0m
train_Precision: [4;34m0.8040[0m,               train_Recall: [4;33m0.8397[0m,                 train_F1 Score: [4;35m0.8162[0m
æ ‡ç­¾é‡Œ1çš„ä¸ªæ•°:  2150
æ ‡ç­¾é‡Œ0çš„ä¸ªæ•°:  2150
æ€»æ•°:  4300
æ­£ç¡®çš„ä¸ªæ•°:  3500
æœ€åä¸€ä¸ªæ‰¹æ¬¡çš„è¾“å‡º, ä¸æ»¡batchsizeæ˜¯æ­£å¸¸çš„:
 tensor([[0.9063],
        [0.8376],
        [0.9640],
        [0.1551],
        [0.7752],
        [0.1100],
        [0.5407],
        [0.3579],
        [0.5774],
        [0.8844],
        [0.0371],
        [0.0841]], device='cuda:0', grad_fn=<SigmoidBackward0>)
Epoch [14/100], T_AUC: [4m0.8194[0m
Epoch [14/100], Loss: 13.7004
val_Accuracy: [92m0.7814[0m
val_Precision: [4;34m0.7834[0m,               val_Recall: [4;33m0.7712[0m,                 val_F1 Score: [4;35m0.7710[0m
æ ‡ç­¾é‡Œ1çš„ä¸ªæ•°:  430
æ ‡ç­¾é‡Œ0çš„ä¸ªæ•°:  430
æ€»æ•°:  860
æ­£ç¡®çš„ä¸ªæ•°:  672
Epoch [14/100], V_AUC: [4m0.7791[0m
Epoch [15/100], Loss: 57.6003
train_Accuracy: [91m0.8142[0m
train_Precision: [4;34m0.8043[0m,               train_Recall: [4;33m0.8389[0m,                 train_F1 Score: [4;35m0.8158[0m
æ ‡ç­¾é‡Œ1çš„ä¸ªæ•°:  2150
æ ‡ç­¾é‡Œ0çš„ä¸ªæ•°:  2150
æ€»æ•°:  4300
æ­£ç¡®çš„ä¸ªæ•°:  3501
æœ€åä¸€ä¸ªæ‰¹æ¬¡çš„è¾“å‡º, ä¸æ»¡batchsizeæ˜¯æ­£å¸¸çš„:
 tensor([[0.9099],
        [0.8379],
        [0.9621],
        [0.1510],
        [0.7737],
        [0.1131],
        [0.5477],
        [0.3771],
        [0.5908],
        [0.8751],
        [0.0321],
        [0.0800]], device='cuda:0', grad_fn=<SigmoidBackward0>)
Epoch [15/100], T_AUC: [4m0.8201[0m
Epoch [15/100], Loss: 13.7114
val_Accuracy: [92m0.7837[0m
val_Precision: [4;34m0.7854[0m,               val_Recall: [4;33m0.7729[0m,                 val_F1 Score: [4;35m0.7729[0m
æ ‡ç­¾é‡Œ1çš„ä¸ªæ•°:  430
æ ‡ç­¾é‡Œ0çš„ä¸ªæ•°:  430
æ€»æ•°:  860
æ­£ç¡®çš„ä¸ªæ•°:  674
Epoch [15/100], V_AUC: [4m0.7814[0m
Epoch [16/100], Loss: 57.4243
train_Accuracy: [91m0.8133[0m
train_Precision: [4;34m0.8035[0m,               train_Recall: [4;33m0.8381[0m,                 train_F1 Score: [4;35m0.8151[0m
æ ‡ç­¾é‡Œ1çš„ä¸ªæ•°:  2150
æ ‡ç­¾é‡Œ0çš„ä¸ªæ•°:  2150
æ€»æ•°:  4300
æ­£ç¡®çš„ä¸ªæ•°:  3497
æœ€åä¸€ä¸ªæ‰¹æ¬¡çš„è¾“å‡º, ä¸æ»¡batchsizeæ˜¯æ­£å¸¸çš„:
 tensor([[0.9071],
        [0.8220],
        [0.9703],
        [0.1477],
        [0.7703],
        [0.1037],
        [0.5329],
        [0.3652],
        [0.5917],
        [0.8762],
        [0.0356],
        [0.0824]], device='cuda:0', grad_fn=<SigmoidBackward0>)
Epoch [16/100], T_AUC: [4m0.8190[0m
Epoch [16/100], Loss: 13.8895
val_Accuracy: [92m0.7849[0m
val_Precision: [4;34m0.7925[0m,               val_Recall: [4;33m0.7612[0m,                 val_F1 Score: [4;35m0.7714[0m
æ ‡ç­¾é‡Œ1çš„ä¸ªæ•°:  430
æ ‡ç­¾é‡Œ0çš„ä¸ªæ•°:  430
æ€»æ•°:  860
æ­£ç¡®çš„ä¸ªæ•°:  675
Epoch [16/100], V_AUC: [4m0.7822[0m
Epoch [17/100], Loss: 57.2844
train_Accuracy: [91m0.8142[0m
train_Precision: [4;34m0.8035[0m,               train_Recall: [4;33m0.8406[0m,                 train_F1 Score: [4;35m0.8162[0m
æ ‡ç­¾é‡Œ1çš„ä¸ªæ•°:  2150
æ ‡ç­¾é‡Œ0çš„ä¸ªæ•°:  2150
æ€»æ•°:  4300
æ­£ç¡®çš„ä¸ªæ•°:  3501
æœ€åä¸€ä¸ªæ‰¹æ¬¡çš„è¾“å‡º, ä¸æ»¡batchsizeæ˜¯æ­£å¸¸çš„:
 tensor([[0.9119],
        [0.8411],
        [0.9649],
        [0.1470],
        [0.7717],
        [0.0987],
        [0.5504],
        [0.3788],
        [0.6073],
        [0.8824],
        [0.0325],
        [0.0787]], device='cuda:0', grad_fn=<SigmoidBackward0>)
Epoch [17/100], T_AUC: [4m0.8198[0m
Epoch [17/100], Loss: 13.9775
val_Accuracy: [92m0.7860[0m
val_Precision: [4;34m0.7928[0m,               val_Recall: [4;33m0.7636[0m,                 val_F1 Score: [4;35m0.7729[0m
æ ‡ç­¾é‡Œ1çš„ä¸ªæ•°:  430
æ ‡ç­¾é‡Œ0çš„ä¸ªæ•°:  430
æ€»æ•°:  860
æ­£ç¡®çš„ä¸ªæ•°:  676
Epoch [17/100], V_AUC: [4m0.7834[0m
Epoch [18/100], Loss: 57.2365
train_Accuracy: [91m0.8144[0m
train_Precision: [4;34m0.8027[0m,               train_Recall: [4;33m0.8416[0m,                 train_F1 Score: [4;35m0.8165[0m
æ ‡ç­¾é‡Œ1çš„ä¸ªæ•°:  2150
æ ‡ç­¾é‡Œ0çš„ä¸ªæ•°:  2150
æ€»æ•°:  4300
æ­£ç¡®çš„ä¸ªæ•°:  3502
æœ€åä¸€ä¸ªæ‰¹æ¬¡çš„è¾“å‡º, ä¸æ»¡batchsizeæ˜¯æ­£å¸¸çš„:
 tensor([[0.8983],
        [0.8464],
        [0.9706],
        [0.1427],
        [0.7565],
        [0.0975],
        [0.5274],
        [0.3511],
        [0.5978],
        [0.8827],
        [0.0375],
        [0.0840]], device='cuda:0', grad_fn=<SigmoidBackward0>)
Epoch [18/100], T_AUC: [4m0.8200[0m
Epoch [18/100], Loss: 13.9979
val_Accuracy: [92m0.7919[0m
val_Precision: [4;34m0.8021[0m,               val_Recall: [4;33m0.7635[0m,                 val_F1 Score: [4;35m0.7777[0m
æ ‡ç­¾é‡Œ1çš„ä¸ªæ•°:  430
æ ‡ç­¾é‡Œ0çš„ä¸ªæ•°:  430
æ€»æ•°:  860
æ­£ç¡®çš„ä¸ªæ•°:  681
Epoch [18/100], V_AUC: [4m0.7891[0m
Epoch [19/100], Loss: 57.1148
train_Accuracy: [91m0.8144[0m
train_Precision: [4;34m0.8038[0m,               train_Recall: [4;33m0.8406[0m,                 train_F1 Score: [4;35m0.8165[0m
æ ‡ç­¾é‡Œ1çš„ä¸ªæ•°:  2150
æ ‡ç­¾é‡Œ0çš„ä¸ªæ•°:  2150
æ€»æ•°:  4300
æ­£ç¡®çš„ä¸ªæ•°:  3502
æœ€åä¸€ä¸ªæ‰¹æ¬¡çš„è¾“å‡º, ä¸æ»¡batchsizeæ˜¯æ­£å¸¸çš„:
 tensor([[0.9179],
        [0.8550],
        [0.9637],
        [0.1298],
        [0.7452],
        [0.0887],
        [0.5477],
        [0.3658],
        [0.6124],
        [0.8880],
        [0.0384],
        [0.0772]], device='cuda:0', grad_fn=<SigmoidBackward0>)
Epoch [19/100], T_AUC: [4m0.8199[0m
Epoch [19/100], Loss: 14.0925
val_Accuracy: [92m0.7895[0m
val_Precision: [4;34m0.8040[0m,               val_Recall: [4;33m0.7543[0m,                 val_F1 Score: [4;35m0.7735[0m
æ ‡ç­¾é‡Œ1çš„ä¸ªæ•°:  430
æ ‡ç­¾é‡Œ0çš„ä¸ªæ•°:  430
æ€»æ•°:  860
æ­£ç¡®çš„ä¸ªæ•°:  679
Epoch [19/100], V_AUC: [4m0.7865[0m
Epoch [20/100], Loss: 57.0190
train_Accuracy: [91m0.8151[0m
train_Precision: [4;34m0.8029[0m,               train_Recall: [4;33m0.8444[0m,                 train_F1 Score: [4;35m0.8180[0m
æ ‡ç­¾é‡Œ1çš„ä¸ªæ•°:  2150
æ ‡ç­¾é‡Œ0çš„ä¸ªæ•°:  2150
æ€»æ•°:  4300
æ­£ç¡®çš„ä¸ªæ•°:  3505
æœ€åä¸€ä¸ªæ‰¹æ¬¡çš„è¾“å‡º, ä¸æ»¡batchsizeæ˜¯æ­£å¸¸çš„:
 tensor([[0.9088],
        [0.8499],
        [0.9723],
        [0.1291],
        [0.7678],
        [0.0873],
        [0.5390],
        [0.3163],
        [0.6138],
        [0.8875],
        [0.0411],
        [0.0818]], device='cuda:0', grad_fn=<SigmoidBackward0>)
Epoch [20/100], T_AUC: [4m0.8203[0m
Epoch [20/100], Loss: 14.1742
val_Accuracy: [92m0.7860[0m
val_Precision: [4;34m0.8026[0m,               val_Recall: [4;33m0.7507[0m,                 val_F1 Score: [4;35m0.7707[0m
æ ‡ç­¾é‡Œ1çš„ä¸ªæ•°:  430
æ ‡ç­¾é‡Œ0çš„ä¸ªæ•°:  430
æ€»æ•°:  860
æ­£ç¡®çš„ä¸ªæ•°:  676
Epoch [20/100], V_AUC: [4m0.7839[0m
Epoch [21/100], Loss: 56.8990
train_Accuracy: [91m0.8156[0m
train_Precision: [4;34m0.8040[0m,               train_Recall: [4;33m0.8430[0m,                 train_F1 Score: [4;35m0.8182[0m
æ ‡ç­¾é‡Œ1çš„ä¸ªæ•°:  2150
æ ‡ç­¾é‡Œ0çš„ä¸ªæ•°:  2150
æ€»æ•°:  4300
æ­£ç¡®çš„ä¸ªæ•°:  3507
æœ€åä¸€ä¸ªæ‰¹æ¬¡çš„è¾“å‡º, ä¸æ»¡batchsizeæ˜¯æ­£å¸¸çš„:
 tensor([[0.9035],
        [0.8531],
        [0.9747],
        [0.1383],
        [0.7686],
        [0.0874],
        [0.5199],
        [0.3425],
        [0.6179],
        [0.8927],
        [0.0366],
        [0.0789]], device='cuda:0', grad_fn=<SigmoidBackward0>)
Epoch [21/100], T_AUC: [4m0.8206[0m
Epoch [21/100], Loss: 14.0963
val_Accuracy: [92m0.7872[0m
val_Precision: [4;34m0.7989[0m,               val_Recall: [4;33m0.7561[0m,                 val_F1 Score: [4;35m0.7716[0m
æ ‡ç­¾é‡Œ1çš„ä¸ªæ•°:  430
æ ‡ç­¾é‡Œ0çš„ä¸ªæ•°:  430
æ€»æ•°:  860
æ­£ç¡®çš„ä¸ªæ•°:  677
Epoch [21/100], V_AUC: [4m0.7844[0m
Epoch [22/100], Loss: 56.7609
train_Accuracy: [91m0.8153[0m
train_Precision: [4;34m0.8025[0m,               train_Recall: [4;33m0.8443[0m,                 train_F1 Score: [4;35m0.8180[0m
æ ‡ç­¾é‡Œ1çš„ä¸ªæ•°:  2150
æ ‡ç­¾é‡Œ0çš„ä¸ªæ•°:  2150
æ€»æ•°:  4300
æ­£ç¡®çš„ä¸ªæ•°:  3506
æœ€åä¸€ä¸ªæ‰¹æ¬¡çš„è¾“å‡º, ä¸æ»¡batchsizeæ˜¯æ­£å¸¸çš„:
 tensor([[0.9010],
        [0.8531],
        [0.9743],
        [0.1404],
        [0.7645],
        [0.0902],
        [0.5046],
        [0.3205],
        [0.6369],
        [0.8997],
        [0.0319],
        [0.0872]], device='cuda:0', grad_fn=<SigmoidBackward0>)
Epoch [22/100], T_AUC: [4m0.8204[0m
Epoch [22/100], Loss: 14.0881
val_Accuracy: [92m0.7849[0m
val_Precision: [4;34m0.7967[0m,               val_Recall: [4;33m0.7538[0m,                 val_F1 Score: [4;35m0.7693[0m
æ ‡ç­¾é‡Œ1çš„ä¸ªæ•°:  430
æ ‡ç­¾é‡Œ0çš„ä¸ªæ•°:  430
æ€»æ•°:  860
æ­£ç¡®çš„ä¸ªæ•°:  675
Epoch [22/100], V_AUC: [4m0.7821[0m
Epoch [23/100], Loss: 56.7133
train_Accuracy: [91m0.8165[0m
train_Precision: [4;34m0.8052[0m,               train_Recall: [4;33m0.8444[0m,                 train_F1 Score: [4;35m0.8191[0m
æ ‡ç­¾é‡Œ1çš„ä¸ªæ•°:  2150
æ ‡ç­¾é‡Œ0çš„ä¸ªæ•°:  2150
æ€»æ•°:  4300
æ­£ç¡®çš„ä¸ªæ•°:  3511
æœ€åä¸€ä¸ªæ‰¹æ¬¡çš„è¾“å‡º, ä¸æ»¡batchsizeæ˜¯æ­£å¸¸çš„:
 tensor([[0.8988],
        [0.8662],
        [0.9743],
        [0.1431],
        [0.7661],
        [0.0885],
        [0.4956],
        [0.3159],
        [0.6588],
        [0.9025],
        [0.0306],
        [0.0869]], device='cuda:0', grad_fn=<SigmoidBackward0>)
Epoch [23/100], T_AUC: [4m0.8217[0m
Epoch [23/100], Loss: 14.0967
val_Accuracy: [92m0.7860[0m
val_Precision: [4;34m0.7980[0m,               val_Recall: [4;33m0.7565[0m,                 val_F1 Score: [4;35m0.7709[0m
æ ‡ç­¾é‡Œ1çš„ä¸ªæ•°:  430
æ ‡ç­¾é‡Œ0çš„ä¸ªæ•°:  430
æ€»æ•°:  860
æ­£ç¡®çš„ä¸ªæ•°:  676
Epoch [23/100], V_AUC: [4m0.7834[0m
Epoch [24/100], Loss: 56.6987
train_Accuracy: [91m0.8179[0m
train_Precision: [4;34m0.8060[0m,               train_Recall: [4;33m0.8455[0m,                 train_F1 Score: [4;35m0.8203[0m
æ ‡ç­¾é‡Œ1çš„ä¸ªæ•°:  2150
æ ‡ç­¾é‡Œ0çš„ä¸ªæ•°:  2150
æ€»æ•°:  4300
æ­£ç¡®çš„ä¸ªæ•°:  3517
æœ€åä¸€ä¸ªæ‰¹æ¬¡çš„è¾“å‡º, ä¸æ»¡batchsizeæ˜¯æ­£å¸¸çš„:
 tensor([[0.9040],
        [0.8575],
        [0.9668],
        [0.1506],
        [0.7977],
        [0.0930],
        [0.5019],
        [0.3148],
        [0.6559],
        [0.9047],
        [0.0303],
        [0.0863]], device='cuda:0', grad_fn=<SigmoidBackward0>)
Epoch [24/100], T_AUC: [4m0.8228[0m
Epoch [24/100], Loss: 13.9655
val_Accuracy: [92m0.7837[0m
val_Precision: [4;34m0.7907[0m,               val_Recall: [4;33m0.7608[0m,                 val_F1 Score: [4;35m0.7702[0m
æ ‡ç­¾é‡Œ1çš„ä¸ªæ•°:  430
æ ‡ç­¾é‡Œ0çš„ä¸ªæ•°:  430
æ€»æ•°:  860
æ­£ç¡®çš„ä¸ªæ•°:  674
Epoch [24/100], V_AUC: [4m0.7811[0m
Epoch [25/100], Loss: 56.7014
train_Accuracy: [91m0.8144[0m
train_Precision: [4;34m0.8012[0m,               train_Recall: [4;33m0.8448[0m,                 train_F1 Score: [4;35m0.8173[0m
æ ‡ç­¾é‡Œ1çš„ä¸ªæ•°:  2150
æ ‡ç­¾é‡Œ0çš„ä¸ªæ•°:  2150
æ€»æ•°:  4300
æ­£ç¡®çš„ä¸ªæ•°:  3502
æœ€åä¸€ä¸ªæ‰¹æ¬¡çš„è¾“å‡º, ä¸æ»¡batchsizeæ˜¯æ­£å¸¸çš„:
 tensor([[0.9121],
        [0.8416],
        [0.9664],
        [0.1451],
        [0.7778],
        [0.0914],
        [0.5039],
        [0.3203],
        [0.6580],
        [0.8997],
        [0.0305],
        [0.0871]], device='cuda:0', grad_fn=<SigmoidBackward0>)
Epoch [25/100], T_AUC: [4m0.8194[0m
Epoch [25/100], Loss: 14.1407
val_Accuracy: [92m0.7837[0m
val_Precision: [4;34m0.7927[0m,               val_Recall: [4;33m0.7566[0m,                 val_F1 Score: [4;35m0.7693[0m
æ ‡ç­¾é‡Œ1çš„ä¸ªæ•°:  430
æ ‡ç­¾é‡Œ0çš„ä¸ªæ•°:  430
æ€»æ•°:  860
æ­£ç¡®çš„ä¸ªæ•°:  674
Epoch [25/100], V_AUC: [4m0.7809[0m
Epoch [26/100], Loss: 56.5405
train_Accuracy: [91m0.8163[0m
train_Precision: [4;34m0.8039[0m,               train_Recall: [4;33m0.8438[0m,                 train_F1 Score: [4;35m0.8187[0m
æ ‡ç­¾é‡Œ1çš„ä¸ªæ•°:  2150
æ ‡ç­¾é‡Œ0çš„ä¸ªæ•°:  2150
æ€»æ•°:  4300
æ­£ç¡®çš„ä¸ªæ•°:  3510
æœ€åä¸€ä¸ªæ‰¹æ¬¡çš„è¾“å‡º, ä¸æ»¡batchsizeæ˜¯æ­£å¸¸çš„:
 tensor([[0.9069],
        [0.8459],
        [0.9619],
        [0.1443],
        [0.7822],
        [0.0876],
        [0.4809],
        [0.3283],
        [0.6955],
        [0.9075],
        [0.0310],
        [0.0923]], device='cuda:0', grad_fn=<SigmoidBackward0>)
Epoch [26/100], T_AUC: [4m0.8207[0m
Epoch [26/100], Loss: 14.0960
val_Accuracy: [92m0.7791[0m
val_Precision: [4;34m0.7859[0m,               val_Recall: [4;33m0.7566[0m,                 val_F1 Score: [4;35m0.7656[0m
æ ‡ç­¾é‡Œ1çš„ä¸ªæ•°:  430
æ ‡ç­¾é‡Œ0çš„ä¸ªæ•°:  430
æ€»æ•°:  860
æ­£ç¡®çš„ä¸ªæ•°:  670
Epoch [26/100], V_AUC: [4m0.7757[0m
Epoch [27/100], Loss: 56.4458
train_Accuracy: [91m0.8158[0m
train_Precision: [4;34m0.8029[0m,               train_Recall: [4;33m0.8455[0m,                 train_F1 Score: [4;35m0.8187[0m
æ ‡ç­¾é‡Œ1çš„ä¸ªæ•°:  2150
æ ‡ç­¾é‡Œ0çš„ä¸ªæ•°:  2150
æ€»æ•°:  4300
æ­£ç¡®çš„ä¸ªæ•°:  3508
æœ€åä¸€ä¸ªæ‰¹æ¬¡çš„è¾“å‡º, ä¸æ»¡batchsizeæ˜¯æ­£å¸¸çš„:
 tensor([[0.9064],
        [0.8509],
        [0.9696],
        [0.1442],
        [0.7961],
        [0.0893],
        [0.4929],
        [0.2852],
        [0.6788],
        [0.9036],
        [0.0325],
        [0.0884]], device='cuda:0', grad_fn=<SigmoidBackward0>)
Epoch [27/100], T_AUC: [4m0.8205[0m
Epoch [27/100], Loss: 14.1802
val_Accuracy: [92m0.7872[0m
val_Precision: [4;34m0.8032[0m,               val_Recall: [4;33m0.7493[0m,                 val_F1 Score: [4;35m0.7702[0m
æ ‡ç­¾é‡Œ1çš„ä¸ªæ•°:  430
æ ‡ç­¾é‡Œ0çš„ä¸ªæ•°:  430
æ€»æ•°:  860
æ­£ç¡®çš„ä¸ªæ•°:  677
Epoch [27/100], V_AUC: [4m0.7840[0m
Epoch [28/100], Loss: 56.3447
train_Accuracy: [91m0.8158[0m
train_Precision: [4;34m0.8032[0m,               train_Recall: [4;33m0.8458[0m,                 train_F1 Score: [4;35m0.8187[0m
æ ‡ç­¾é‡Œ1çš„ä¸ªæ•°:  2150
æ ‡ç­¾é‡Œ0çš„ä¸ªæ•°:  2150
æ€»æ•°:  4300
æ­£ç¡®çš„ä¸ªæ•°:  3508
æœ€åä¸€ä¸ªæ‰¹æ¬¡çš„è¾“å‡º, ä¸æ»¡batchsizeæ˜¯æ­£å¸¸çš„:
 tensor([[0.9171],
        [0.8579],
        [0.9618],
        [0.1466],
        [0.7980],
        [0.0870],
        [0.5374],
        [0.2500],
        [0.6651],
        [0.9038],
        [0.0330],
        [0.0927]], device='cuda:0', grad_fn=<SigmoidBackward0>)
Epoch [28/100], T_AUC: [4m0.8211[0m
Epoch [28/100], Loss: 14.0543
val_Accuracy: [92m0.7849[0m
val_Precision: [4;34m0.7961[0m,               val_Recall: [4;33m0.7566[0m,                 val_F1 Score: [4;35m0.7700[0m
æ ‡ç­¾é‡Œ1çš„ä¸ªæ•°:  430
æ ‡ç­¾é‡Œ0çš„ä¸ªæ•°:  430
æ€»æ•°:  860
æ­£ç¡®çš„ä¸ªæ•°:  675
Epoch [28/100], V_AUC: [4m0.7817[0m
Epoch [29/100], Loss: 56.2991
train_Accuracy: [91m0.8147[0m
train_Precision: [4;34m0.7996[0m,               train_Recall: [4;33m0.8485[0m,                 train_F1 Score: [4;35m0.8183[0m
æ ‡ç­¾é‡Œ1çš„ä¸ªæ•°:  2150
æ ‡ç­¾é‡Œ0çš„ä¸ªæ•°:  2150
æ€»æ•°:  4300
æ­£ç¡®çš„ä¸ªæ•°:  3503
æœ€åä¸€ä¸ªæ‰¹æ¬¡çš„è¾“å‡º, ä¸æ»¡batchsizeæ˜¯æ­£å¸¸çš„:
 tensor([[0.9128],
        [0.8363],
        [0.9603],
        [0.1514],
        [0.8025],
        [0.0858],
        [0.5359],
        [0.2805],
        [0.6935],
        [0.9035],
        [0.0317],
        [0.0848]], device='cuda:0', grad_fn=<SigmoidBackward0>)
Epoch [29/100], T_AUC: [4m0.8196[0m
Epoch [29/100], Loss: 14.2789
val_Accuracy: [92m0.7837[0m
val_Precision: [4;34m0.7939[0m,               val_Recall: [4;33m0.7540[0m,                 val_F1 Score: [4;35m0.7683[0m
æ ‡ç­¾é‡Œ1çš„ä¸ªæ•°:  430
æ ‡ç­¾é‡Œ0çš„ä¸ªæ•°:  430
æ€»æ•°:  860
æ­£ç¡®çš„ä¸ªæ•°:  674
Epoch [29/100], V_AUC: [4m0.7811[0m
Epoch [30/100], Loss: 56.2360
train_Accuracy: [91m0.8172[0m
train_Precision: [4;34m0.8047[0m,               train_Recall: [4;33m0.8450[0m,                 train_F1 Score: [4;35m0.8196[0m
æ ‡ç­¾é‡Œ1çš„ä¸ªæ•°:  2150
æ ‡ç­¾é‡Œ0çš„ä¸ªæ•°:  2150
æ€»æ•°:  4300
æ­£ç¡®çš„ä¸ªæ•°:  3514
æœ€åä¸€ä¸ªæ‰¹æ¬¡çš„è¾“å‡º, ä¸æ»¡batchsizeæ˜¯æ­£å¸¸çš„:
 tensor([[0.9010],
        [0.8610],
        [0.9715],
        [0.1433],
        [0.7981],
        [0.0879],
        [0.5141],
        [0.2695],
        [0.6700],
        [0.9047],
        [0.0300],
        [0.0894]], device='cuda:0', grad_fn=<SigmoidBackward0>)
Epoch [30/100], T_AUC: [4m0.8218[0m
Epoch [30/100], Loss: 14.1597
val_Accuracy: [92m0.7837[0m
val_Precision: [4;34m0.7961[0m,               val_Recall: [4;33m0.7545[0m,                 val_F1 Score: [4;35m0.7691[0m
æ ‡ç­¾é‡Œ1çš„ä¸ªæ•°:  430
æ ‡ç­¾é‡Œ0çš„ä¸ªæ•°:  430
æ€»æ•°:  860
æ­£ç¡®çš„ä¸ªæ•°:  674
Epoch [30/100], V_AUC: [4m0.7809[0m
Epoch [31/100], Loss: 56.2339
train_Accuracy: [91m0.8135[0m
train_Precision: [4;34m0.7978[0m,               train_Recall: [4;33m0.8480[0m,                 train_F1 Score: [4;35m0.8172[0m
æ ‡ç­¾é‡Œ1çš„ä¸ªæ•°:  2150
æ ‡ç­¾é‡Œ0çš„ä¸ªæ•°:  2150
æ€»æ•°:  4300
æ­£ç¡®çš„ä¸ªæ•°:  3498
æœ€åä¸€ä¸ªæ‰¹æ¬¡çš„è¾“å‡º, ä¸æ»¡batchsizeæ˜¯æ­£å¸¸çš„:
 tensor([[0.9114],
        [0.8524],
        [0.9650],
        [0.1457],
        [0.7882],
        [0.0812],
        [0.5119],
        [0.2743],
        [0.6723],
        [0.9081],
        [0.0290],
        [0.0938]], device='cuda:0', grad_fn=<SigmoidBackward0>)
Epoch [31/100], T_AUC: [4m0.8183[0m
Epoch [31/100], Loss: 14.1676
val_Accuracy: [92m0.7849[0m
val_Precision: [4;34m0.7895[0m,               val_Recall: [4;33m0.7654[0m,                 val_F1 Score: [4;35m0.7716[0m
æ ‡ç­¾é‡Œ1çš„ä¸ªæ•°:  430
æ ‡ç­¾é‡Œ0çš„ä¸ªæ•°:  430
æ€»æ•°:  860
æ­£ç¡®çš„ä¸ªæ•°:  675
Epoch [31/100], V_AUC: [4m0.7815[0m
Epoch [32/100], Loss: 56.1637
train_Accuracy: [91m0.8149[0m
train_Precision: [4;34m0.8007[0m,               train_Recall: [4;33m0.8472[0m,                 train_F1 Score: [4;35m0.8182[0m
æ ‡ç­¾é‡Œ1çš„ä¸ªæ•°:  2150
æ ‡ç­¾é‡Œ0çš„ä¸ªæ•°:  2150
æ€»æ•°:  4300
æ­£ç¡®çš„ä¸ªæ•°:  3504
æœ€åä¸€ä¸ªæ‰¹æ¬¡çš„è¾“å‡º, ä¸æ»¡batchsizeæ˜¯æ­£å¸¸çš„:
 tensor([[0.9120],
        [0.8400],
        [0.9634],
        [0.1579],
        [0.7927],
        [0.0858],
        [0.5182],
        [0.2727],
        [0.6983],
        [0.8991],
        [0.0319],
        [0.0937]], device='cuda:0', grad_fn=<SigmoidBackward0>)
Epoch [32/100], T_AUC: [4m0.8197[0m
Epoch [32/100], Loss: 14.0833
val_Accuracy: [92m0.7860[0m
val_Precision: [4;34m0.7920[0m,               val_Recall: [4;33m0.7653[0m,                 val_F1 Score: [4;35m0.7725[0m
æ ‡ç­¾é‡Œ1çš„ä¸ªæ•°:  430
æ ‡ç­¾é‡Œ0çš„ä¸ªæ•°:  430
æ€»æ•°:  860
æ­£ç¡®çš„ä¸ªæ•°:  676
Epoch [32/100], V_AUC: [4m0.7826[0m
Epoch [33/100], Loss: 55.9771
train_Accuracy: [91m0.8137[0m
train_Precision: [4;34m0.7989[0m,               train_Recall: [4;33m0.8480[0m,                 train_F1 Score: [4;35m0.8177[0m
æ ‡ç­¾é‡Œ1çš„ä¸ªæ•°:  2150
æ ‡ç­¾é‡Œ0çš„ä¸ªæ•°:  2150
æ€»æ•°:  4300
æ­£ç¡®çš„ä¸ªæ•°:  3499
æœ€åä¸€ä¸ªæ‰¹æ¬¡çš„è¾“å‡º, ä¸æ»¡batchsizeæ˜¯æ­£å¸¸çš„:
 tensor([[0.9133],
        [0.8563],
        [0.9629],
        [0.1457],
        [0.7967],
        [0.0811],
        [0.5431],
        [0.2779],
        [0.6980],
        [0.8966],
        [0.0307],
        [0.0910]], device='cuda:0', grad_fn=<SigmoidBackward0>)
Epoch [33/100], T_AUC: [4m0.8187[0m
Epoch [33/100], Loss: 14.0436
val_Accuracy: [92m0.7860[0m
val_Precision: [4;34m0.7888[0m,               val_Recall: [4;33m0.7695[0m,                 val_F1 Score: [4;35m0.7732[0m
æ ‡ç­¾é‡Œ1çš„ä¸ªæ•°:  430
æ ‡ç­¾é‡Œ0çš„ä¸ªæ•°:  430
æ€»æ•°:  860
æ­£ç¡®çš„ä¸ªæ•°:  676
Epoch [33/100], V_AUC: [4m0.7826[0m
Epoch [34/100], Loss: 55.9502
train_Accuracy: [91m0.8140[0m
train_Precision: [4;34m0.7986[0m,               train_Recall: [4;33m0.8491[0m,                 train_F1 Score: [4;35m0.8180[0m
æ ‡ç­¾é‡Œ1çš„ä¸ªæ•°:  2150
æ ‡ç­¾é‡Œ0çš„ä¸ªæ•°:  2150
æ€»æ•°:  4300
æ­£ç¡®çš„ä¸ªæ•°:  3500
æœ€åä¸€ä¸ªæ‰¹æ¬¡çš„è¾“å‡º, ä¸æ»¡batchsizeæ˜¯æ­£å¸¸çš„:
 tensor([[0.9157],
        [0.8476],
        [0.9574],
        [0.1510],
        [0.8029],
        [0.0856],
        [0.5241],
        [0.2878],
        [0.6936],
        [0.9002],
        [0.0322],
        [0.0794]], device='cuda:0', grad_fn=<SigmoidBackward0>)
Epoch [34/100], T_AUC: [4m0.8190[0m
Epoch [34/100], Loss: 14.1865
val_Accuracy: [92m0.7837[0m
val_Precision: [4;34m0.7906[0m,               val_Recall: [4;33m0.7610[0m,                 val_F1 Score: [4;35m0.7698[0m
æ ‡ç­¾é‡Œ1çš„ä¸ªæ•°:  430
æ ‡ç­¾é‡Œ0çš„ä¸ªæ•°:  430
æ€»æ•°:  860
æ­£ç¡®çš„ä¸ªæ•°:  674
Epoch [34/100], V_AUC: [4m0.7806[0m
Epoch [35/100], Loss: 55.7718
train_Accuracy: [91m0.8151[0m
train_Precision: [4;34m0.8009[0m,               train_Recall: [4;33m0.8475[0m,                 train_F1 Score: [4;35m0.8184[0m
æ ‡ç­¾é‡Œ1çš„ä¸ªæ•°:  2150
æ ‡ç­¾é‡Œ0çš„ä¸ªæ•°:  2150
æ€»æ•°:  4300
æ­£ç¡®çš„ä¸ªæ•°:  3505
æœ€åä¸€ä¸ªæ‰¹æ¬¡çš„è¾“å‡º, ä¸æ»¡batchsizeæ˜¯æ­£å¸¸çš„:
 tensor([[0.9104],
        [0.8609],
        [0.9629],
        [0.1550],
        [0.8040],
        [0.0847],
        [0.5331],
        [0.2582],
        [0.6999],
        [0.8989],
        [0.0338],
        [0.0729]], device='cuda:0', grad_fn=<SigmoidBackward0>)
Epoch [35/100], T_AUC: [4m0.8202[0m
Epoch [35/100], Loss: 14.2032
val_Accuracy: [92m0.7860[0m
val_Precision: [4;34m0.7922[0m,               val_Recall: [4;33m0.7652[0m,                 val_F1 Score: [4;35m0.7726[0m
æ ‡ç­¾é‡Œ1çš„ä¸ªæ•°:  430
æ ‡ç­¾é‡Œ0çš„ä¸ªæ•°:  430
æ€»æ•°:  860
æ­£ç¡®çš„ä¸ªæ•°:  676
Epoch [35/100], V_AUC: [4m0.7828[0m
Epoch [36/100], Loss: 55.7248
train_Accuracy: [91m0.8153[0m
train_Precision: [4;34m0.8005[0m,               train_Recall: [4;33m0.8498[0m,                 train_F1 Score: [4;35m0.8191[0m
æ ‡ç­¾é‡Œ1çš„ä¸ªæ•°:  2150
æ ‡ç­¾é‡Œ0çš„ä¸ªæ•°:  2150
æ€»æ•°:  4300
æ­£ç¡®çš„ä¸ªæ•°:  3506
æœ€åä¸€ä¸ªæ‰¹æ¬¡çš„è¾“å‡º, ä¸æ»¡batchsizeæ˜¯æ­£å¸¸çš„:
 tensor([[0.9122],
        [0.8531],
        [0.9599],
        [0.1666],
        [0.8056],
        [0.0878],
        [0.5254],
        [0.2268],
        [0.7055],
        [0.8987],
        [0.0346],
        [0.0730]], device='cuda:0', grad_fn=<SigmoidBackward0>)
Epoch [36/100], T_AUC: [4m0.8207[0m
Epoch [36/100], Loss: 14.3920
val_Accuracy: [92m0.7860[0m
val_Precision: [4;34m0.8000[0m,               val_Recall: [4;33m0.7519[0m,                 val_F1 Score: [4;35m0.7699[0m
æ ‡ç­¾é‡Œ1çš„ä¸ªæ•°:  430
æ ‡ç­¾é‡Œ0çš„ä¸ªæ•°:  430
æ€»æ•°:  860
æ­£ç¡®çš„ä¸ªæ•°:  676
Epoch [36/100], V_AUC: [4m0.7831[0m
Epoch [37/100], Loss: 55.7811
train_Accuracy: [91m0.8179[0m
train_Precision: [4;34m0.8035[0m,               train_Recall: [4;33m0.8513[0m,                 train_F1 Score: [4;35m0.8216[0m
æ ‡ç­¾é‡Œ1çš„ä¸ªæ•°:  2150
æ ‡ç­¾é‡Œ0çš„ä¸ªæ•°:  2150
æ€»æ•°:  4300
æ­£ç¡®çš„ä¸ªæ•°:  3517
æœ€åä¸€ä¸ªæ‰¹æ¬¡çš„è¾“å‡º, ä¸æ»¡batchsizeæ˜¯æ­£å¸¸çš„:
 tensor([[0.9095],
        [0.8518],
        [0.9408],
        [0.1701],
        [0.7980],
        [0.0825],
        [0.5670],
        [0.3027],
        [0.7221],
        [0.8954],
        [0.0325],
        [0.0811]], device='cuda:0', grad_fn=<SigmoidBackward0>)
Epoch [37/100], T_AUC: [4m0.8230[0m
Epoch [37/100], Loss: 13.8818
val_Accuracy: [92m0.7826[0m
val_Precision: [4;34m0.7796[0m,               val_Recall: [4;33m0.7760[0m,                 val_F1 Score: [4;35m0.7717[0m
æ ‡ç­¾é‡Œ1çš„ä¸ªæ•°:  430
æ ‡ç­¾é‡Œ0çš„ä¸ªæ•°:  430
æ€»æ•°:  860
æ­£ç¡®çš„ä¸ªæ•°:  673
Epoch [37/100], V_AUC: [4m0.7787[0m
Epoch [38/100], Loss: 55.5814
train_Accuracy: [91m0.8167[0m
train_Precision: [4;34m0.8020[0m,               train_Recall: [4;33m0.8503[0m,                 train_F1 Score: [4;35m0.8202[0m
æ ‡ç­¾é‡Œ1çš„ä¸ªæ•°:  2150
æ ‡ç­¾é‡Œ0çš„ä¸ªæ•°:  2150
æ€»æ•°:  4300
æ­£ç¡®çš„ä¸ªæ•°:  3512
æœ€åä¸€ä¸ªæ‰¹æ¬¡çš„è¾“å‡º, ä¸æ»¡batchsizeæ˜¯æ­£å¸¸çš„:
 tensor([[0.9050],
        [0.8437],
        [0.9543],
        [0.1724],
        [0.8023],
        [0.0856],
        [0.5368],
        [0.2840],
        [0.7098],
        [0.8965],
        [0.0309],
        [0.0835]], device='cuda:0', grad_fn=<SigmoidBackward0>)
Epoch [38/100], T_AUC: [4m0.8221[0m
Epoch [38/100], Loss: 14.1299
val_Accuracy: [92m0.7849[0m
val_Precision: [4;34m0.7924[0m,               val_Recall: [4;33m0.7633[0m,                 val_F1 Score: [4;35m0.7713[0m
æ ‡ç­¾é‡Œ1çš„ä¸ªæ•°:  430
æ ‡ç­¾é‡Œ0çš„ä¸ªæ•°:  430
æ€»æ•°:  860
æ­£ç¡®çš„ä¸ªæ•°:  675
Epoch [38/100], V_AUC: [4m0.7814[0m
Epoch [39/100], Loss: 55.6079
train_Accuracy: [91m0.8160[0m
train_Precision: [4;34m0.8010[0m,               train_Recall: [4;33m0.8509[0m,                 train_F1 Score: [4;35m0.8201[0m
æ ‡ç­¾é‡Œ1çš„ä¸ªæ•°:  2150
æ ‡ç­¾é‡Œ0çš„ä¸ªæ•°:  2150
æ€»æ•°:  4300
æ­£ç¡®çš„ä¸ªæ•°:  3509
æœ€åä¸€ä¸ªæ‰¹æ¬¡çš„è¾“å‡º, ä¸æ»¡batchsizeæ˜¯æ­£å¸¸çš„:
 tensor([[0.9080],
        [0.8477],
        [0.9576],
        [0.1620],
        [0.7918],
        [0.0834],
        [0.5314],
        [0.2823],
        [0.7126],
        [0.9023],
        [0.0294],
        [0.0860]], device='cuda:0', grad_fn=<SigmoidBackward0>)
Epoch [39/100], T_AUC: [4m0.8212[0m
Epoch [39/100], Loss: 14.1152
val_Accuracy: [92m0.7884[0m
val_Precision: [4;34m0.7911[0m,               val_Recall: [4;33m0.7718[0m,                 val_F1 Score: [4;35m0.7755[0m
æ ‡ç­¾é‡Œ1çš„ä¸ªæ•°:  430
æ ‡ç­¾é‡Œ0çš„ä¸ªæ•°:  430
æ€»æ•°:  860
æ­£ç¡®çš„ä¸ªæ•°:  678
Epoch [39/100], V_AUC: [4m0.7845[0m
Epoch [40/100], Loss: 55.6227
train_Accuracy: [91m0.8153[0m
train_Precision: [4;34m0.8000[0m,               train_Recall: [4;33m0.8504[0m,                 train_F1 Score: [4;35m0.8195[0m
æ ‡ç­¾é‡Œ1çš„ä¸ªæ•°:  2150
æ ‡ç­¾é‡Œ0çš„ä¸ªæ•°:  2150
æ€»æ•°:  4300
æ­£ç¡®çš„ä¸ªæ•°:  3506
æœ€åä¸€ä¸ªæ‰¹æ¬¡çš„è¾“å‡º, ä¸æ»¡batchsizeæ˜¯æ­£å¸¸çš„:
 tensor([[0.9174],
        [0.8268],
        [0.9487],
        [0.1671],
        [0.8010],
        [0.0860],
        [0.5396],
        [0.2892],
        [0.7130],
        [0.9006],
        [0.0303],
        [0.0881]], device='cuda:0', grad_fn=<SigmoidBackward0>)
Epoch [40/100], T_AUC: [4m0.8205[0m
Epoch [40/100], Loss: 14.2850
val_Accuracy: [92m0.7884[0m
val_Precision: [4;34m0.7954[0m,               val_Recall: [4;33m0.7658[0m,                 val_F1 Score: [4;35m0.7746[0m
æ ‡ç­¾é‡Œ1çš„ä¸ªæ•°:  430
æ ‡ç­¾é‡Œ0çš„ä¸ªæ•°:  430
æ€»æ•°:  860
æ­£ç¡®çš„ä¸ªæ•°:  678
Epoch [40/100], V_AUC: [4m0.7853[0m
Epoch [41/100], Loss: 55.4602
train_Accuracy: [91m0.8188[0m
train_Precision: [4;34m0.8030[0m,               train_Recall: [4;33m0.8538[0m,                 train_F1 Score: [4;35m0.8227[0m
æ ‡ç­¾é‡Œ1çš„ä¸ªæ•°:  2150
æ ‡ç­¾é‡Œ0çš„ä¸ªæ•°:  2150
æ€»æ•°:  4300
æ­£ç¡®çš„ä¸ªæ•°:  3521
æœ€åä¸€ä¸ªæ‰¹æ¬¡çš„è¾“å‡º, ä¸æ»¡batchsizeæ˜¯æ­£å¸¸çš„:
 tensor([[0.9160],
        [0.8245],
        [0.9501],
        [0.1610],
        [0.7868],
        [0.0801],
        [0.5183],
        [0.2987],
        [0.7242],
        [0.8962],
        [0.0327],
        [0.0962]], device='cuda:0', grad_fn=<SigmoidBackward0>)
Epoch [41/100], T_AUC: [4m0.8238[0m
Epoch [41/100], Loss: 14.4317
val_Accuracy: [92m0.7884[0m
val_Precision: [4;34m0.7968[0m,               val_Recall: [4;33m0.7637[0m,                 val_F1 Score: [4;35m0.7740[0m
æ ‡ç­¾é‡Œ1çš„ä¸ªæ•°:  430
æ ‡ç­¾é‡Œ0çš„ä¸ªæ•°:  430
æ€»æ•°:  860
æ­£ç¡®çš„ä¸ªæ•°:  678
Epoch [41/100], V_AUC: [4m0.7856[0m
Epoch [42/100], Loss: 55.5555
train_Accuracy: [91m0.8158[0m
train_Precision: [4;34m0.7996[0m,               train_Recall: [4;33m0.8534[0m,                 train_F1 Score: [4;35m0.8203[0m
æ ‡ç­¾é‡Œ1çš„ä¸ªæ•°:  2150
æ ‡ç­¾é‡Œ0çš„ä¸ªæ•°:  2150
æ€»æ•°:  4300
æ­£ç¡®çš„ä¸ªæ•°:  3508
æœ€åä¸€ä¸ªæ‰¹æ¬¡çš„è¾“å‡º, ä¸æ»¡batchsizeæ˜¯æ­£å¸¸çš„:
 tensor([[0.9141],
        [0.8600],
        [0.9642],
        [0.1538],
        [0.7669],
        [0.0733],
        [0.5438],
        [0.2720],
        [0.6911],
        [0.8907],
        [0.0332],
        [0.0848]], device='cuda:0', grad_fn=<SigmoidBackward0>)
Epoch [42/100], T_AUC: [4m0.8216[0m
Epoch [42/100], Loss: 14.2253
val_Accuracy: [92m0.7872[0m
val_Precision: [4;34m0.7968[0m,               val_Recall: [4;33m0.7614[0m,                 val_F1 Score: [4;35m0.7731[0m
æ ‡ç­¾é‡Œ1çš„ä¸ªæ•°:  430
æ ‡ç­¾é‡Œ0çš„ä¸ªæ•°:  430
æ€»æ•°:  860
æ­£ç¡®çš„ä¸ªæ•°:  677
Epoch [42/100], V_AUC: [4m0.7844[0m
Epoch [43/100], Loss: 55.5403
train_Accuracy: [91m0.8140[0m
train_Precision: [4;34m0.7986[0m,               train_Recall: [4;33m0.8494[0m,                 train_F1 Score: [4;35m0.8181[0m
æ ‡ç­¾é‡Œ1çš„ä¸ªæ•°:  2150
æ ‡ç­¾é‡Œ0çš„ä¸ªæ•°:  2150
æ€»æ•°:  4300
æ­£ç¡®çš„ä¸ªæ•°:  3500
æœ€åä¸€ä¸ªæ‰¹æ¬¡çš„è¾“å‡º, ä¸æ»¡batchsizeæ˜¯æ­£å¸¸çš„:
 tensor([[0.9166],
        [0.8734],
        [0.9546],
        [0.1422],
        [0.7481],
        [0.0709],
        [0.5708],
        [0.3074],
        [0.6926],
        [0.8989],
        [0.0329],
        [0.0868]], device='cuda:0', grad_fn=<SigmoidBackward0>)
Epoch [43/100], T_AUC: [4m0.8193[0m
Epoch [43/100], Loss: 14.4443
val_Accuracy: [92m0.7860[0m
val_Precision: [4;34m0.7974[0m,               val_Recall: [4;33m0.7572[0m,                 val_F1 Score: [4;35m0.7714[0m
æ ‡ç­¾é‡Œ1çš„ä¸ªæ•°:  430
æ ‡ç­¾é‡Œ0çš„ä¸ªæ•°:  430
æ€»æ•°:  860
æ­£ç¡®çš„ä¸ªæ•°:  676
Epoch [43/100], V_AUC: [4m0.7833[0m
Epoch [44/100], Loss: 55.3957
train_Accuracy: [91m0.8163[0m
train_Precision: [4;34m0.8020[0m,               train_Recall: [4;33m0.8493[0m,                 train_F1 Score: [4;35m0.8201[0m
æ ‡ç­¾é‡Œ1çš„ä¸ªæ•°:  2150
æ ‡ç­¾é‡Œ0çš„ä¸ªæ•°:  2150
æ€»æ•°:  4300
æ­£ç¡®çš„ä¸ªæ•°:  3510
æœ€åä¸€ä¸ªæ‰¹æ¬¡çš„è¾“å‡º, ä¸æ»¡batchsizeæ˜¯æ­£å¸¸çš„:
 tensor([[0.9142],
        [0.8591],
        [0.9559],
        [0.1497],
        [0.7669],
        [0.0739],
        [0.5640],
        [0.2703],
        [0.6956],
        [0.9008],
        [0.0348],
        [0.0909]], device='cuda:0', grad_fn=<SigmoidBackward0>)
Epoch [44/100], T_AUC: [4m0.8217[0m
Epoch [44/100], Loss: 14.3776
val_Accuracy: [92m0.7872[0m
val_Precision: [4;34m0.7981[0m,               val_Recall: [4;33m0.7590[0m,                 val_F1 Score: [4;35m0.7723[0m
æ ‡ç­¾é‡Œ1çš„ä¸ªæ•°:  430
æ ‡ç­¾é‡Œ0çš„ä¸ªæ•°:  430
æ€»æ•°:  860
æ­£ç¡®çš„ä¸ªæ•°:  677
Epoch [44/100], V_AUC: [4m0.7841[0m
Epoch [45/100], Loss: 55.5573
train_Accuracy: [91m0.8147[0m
train_Precision: [4;34m0.7997[0m,               train_Recall: [4;33m0.8488[0m,                 train_F1 Score: [4;35m0.8184[0m
æ ‡ç­¾é‡Œ1çš„ä¸ªæ•°:  2150
æ ‡ç­¾é‡Œ0çš„ä¸ªæ•°:  2150
æ€»æ•°:  4300
æ­£ç¡®çš„ä¸ªæ•°:  3503
æœ€åä¸€ä¸ªæ‰¹æ¬¡çš„è¾“å‡º, ä¸æ»¡batchsizeæ˜¯æ­£å¸¸çš„:
 tensor([[0.9180],
        [0.8486],
        [0.9528],
        [0.1453],
        [0.7809],
        [0.0644],
        [0.5725],
        [0.2687],
        [0.7017],
        [0.9045],
        [0.0308],
        [0.0969]], device='cuda:0', grad_fn=<SigmoidBackward0>)
Epoch [45/100], T_AUC: [4m0.8198[0m
Epoch [45/100], Loss: 14.4535
val_Accuracy: [92m0.7919[0m
val_Precision: [4;34m0.8000[0m,               val_Recall: [4;33m0.7676[0m,                 val_F1 Score: [4;35m0.7777[0m
æ ‡ç­¾é‡Œ1çš„ä¸ªæ•°:  430
æ ‡ç­¾é‡Œ0çš„ä¸ªæ•°:  430
æ€»æ•°:  860
æ­£ç¡®çš„ä¸ªæ•°:  681
Epoch [45/100], V_AUC: [4m0.7884[0m
Epoch [46/100], Loss: 55.7361
train_Accuracy: [91m0.8172[0m
train_Precision: [4;34m0.8027[0m,               train_Recall: [4;33m0.8497[0m,                 train_F1 Score: [4;35m0.8205[0m
æ ‡ç­¾é‡Œ1çš„ä¸ªæ•°:  2150
æ ‡ç­¾é‡Œ0çš„ä¸ªæ•°:  2150
æ€»æ•°:  4300
æ­£ç¡®çš„ä¸ªæ•°:  3514
æœ€åä¸€ä¸ªæ‰¹æ¬¡çš„è¾“å‡º, ä¸æ»¡batchsizeæ˜¯æ­£å¸¸çš„:
 tensor([[0.9152],
        [0.8563],
        [0.9578],
        [0.1554],
        [0.7529],
        [0.0709],
        [0.6121],
        [0.2922],
        [0.7177],
        [0.8897],
        [0.0345],
        [0.0809]], device='cuda:0', grad_fn=<SigmoidBackward0>)
Epoch [46/100], T_AUC: [4m0.8225[0m
Epoch [46/100], Loss: 14.3712
val_Accuracy: [92m0.7895[0m
val_Precision: [4;34m0.8010[0m,               val_Recall: [4;33m0.7585[0m,                 val_F1 Score: [4;35m0.7740[0m
æ ‡ç­¾é‡Œ1çš„ä¸ªæ•°:  430
æ ‡ç­¾é‡Œ0çš„ä¸ªæ•°:  430
æ€»æ•°:  860
æ­£ç¡®çš„ä¸ªæ•°:  679
Epoch [46/100], V_AUC: [4m0.7865[0m
Epoch [47/100], Loss: 55.6511
train_Accuracy: [91m0.8172[0m
train_Precision: [4;34m0.8015[0m,               train_Recall: [4;33m0.8529[0m,                 train_F1 Score: [4;35m0.8211[0m
æ ‡ç­¾é‡Œ1çš„ä¸ªæ•°:  2150
æ ‡ç­¾é‡Œ0çš„ä¸ªæ•°:  2150
æ€»æ•°:  4300
æ­£ç¡®çš„ä¸ªæ•°:  3514
æœ€åä¸€ä¸ªæ‰¹æ¬¡çš„è¾“å‡º, ä¸æ»¡batchsizeæ˜¯æ­£å¸¸çš„:
 tensor([[0.9204],
        [0.8754],
        [0.9625],
        [0.1596],
        [0.7934],
        [0.0584],
        [0.5460],
        [0.2679],
        [0.7009],
        [0.9142],
        [0.0253],
        [0.0852]], device='cuda:0', grad_fn=<SigmoidBackward0>)
Epoch [47/100], T_AUC: [4m0.8226[0m
Epoch [47/100], Loss: 14.3585
val_Accuracy: [92m0.7849[0m
val_Precision: [4;34m0.7927[0m,               val_Recall: [4;33m0.7613[0m,                 val_F1 Score: [4;35m0.7713[0m
æ ‡ç­¾é‡Œ1çš„ä¸ªæ•°:  430
æ ‡ç­¾é‡Œ0çš„ä¸ªæ•°:  430
æ€»æ•°:  860
æ­£ç¡®çš„ä¸ªæ•°:  675
Epoch [47/100], V_AUC: [4m0.7816[0m
Epoch [48/100], Loss: 55.7351
train_Accuracy: [91m0.8149[0m
train_Precision: [4;34m0.7982[0m,               train_Recall: [4;33m0.8529[0m,                 train_F1 Score: [4;35m0.8191[0m
æ ‡ç­¾é‡Œ1çš„ä¸ªæ•°:  2150
æ ‡ç­¾é‡Œ0çš„ä¸ªæ•°:  2150
æ€»æ•°:  4300
æ­£ç¡®çš„ä¸ªæ•°:  3504
æœ€åä¸€ä¸ªæ‰¹æ¬¡çš„è¾“å‡º, ä¸æ»¡batchsizeæ˜¯æ­£å¸¸çš„:
 tensor([[0.9208],
        [0.8497],
        [0.9510],
        [0.1519],
        [0.7907],
        [0.0647],
        [0.5815],
        [0.2641],
        [0.7022],
        [0.9016],
        [0.0429],
        [0.0769]], device='cuda:0', grad_fn=<SigmoidBackward0>)
Epoch [48/100], T_AUC: [4m0.8203[0m
Epoch [48/100], Loss: 14.7224
val_Accuracy: [92m0.7930[0m
val_Precision: [4;34m0.8185[0m,               val_Recall: [4;33m0.7428[0m,                 val_F1 Score: [4;35m0.7734[0m
æ ‡ç­¾é‡Œ1çš„ä¸ªæ•°:  430
æ ‡ç­¾é‡Œ0çš„ä¸ªæ•°:  430
æ€»æ•°:  860
æ­£ç¡®çš„ä¸ªæ•°:  682
Epoch [48/100], V_AUC: [4m0.7905[0m
Epoch [49/100], Loss: 55.4859
train_Accuracy: [91m0.8163[0m
train_Precision: [4;34m0.8029[0m,               train_Recall: [4;33m0.8485[0m,                 train_F1 Score: [4;35m0.8198[0m
æ ‡ç­¾é‡Œ1çš„ä¸ªæ•°:  2150
æ ‡ç­¾é‡Œ0çš„ä¸ªæ•°:  2150
æ€»æ•°:  4300
æ­£ç¡®çš„ä¸ªæ•°:  3510
æœ€åä¸€ä¸ªæ‰¹æ¬¡çš„è¾“å‡º, ä¸æ»¡batchsizeæ˜¯æ­£å¸¸çš„:
 tensor([[0.9089],
        [0.8552],
        [0.9612],
        [0.1694],
        [0.7843],
        [0.0703],
        [0.5420],
        [0.2483],
        [0.6922],
        [0.9045],
        [0.0366],
        [0.0965]], device='cuda:0', grad_fn=<SigmoidBackward0>)
Epoch [49/100], T_AUC: [4m0.8215[0m
Epoch [49/100], Loss: 14.2141
val_Accuracy: [92m0.7872[0m
val_Precision: [4;34m0.7965[0m,               val_Recall: [4;33m0.7615[0m,                 val_F1 Score: [4;35m0.7733[0m
æ ‡ç­¾é‡Œ1çš„ä¸ªæ•°:  430
æ ‡ç­¾é‡Œ0çš„ä¸ªæ•°:  430
æ€»æ•°:  860
æ­£ç¡®çš„ä¸ªæ•°:  677
Epoch [49/100], V_AUC: [4m0.7842[0m
Epoch [50/100], Loss: 55.5313
train_Accuracy: [91m0.8151[0m
train_Precision: [4;34m0.8013[0m,               train_Recall: [4;33m0.8465[0m,                 train_F1 Score: [4;35m0.8183[0m
æ ‡ç­¾é‡Œ1çš„ä¸ªæ•°:  2150
æ ‡ç­¾é‡Œ0çš„ä¸ªæ•°:  2150
æ€»æ•°:  4300
æ­£ç¡®çš„ä¸ªæ•°:  3505
æœ€åä¸€ä¸ªæ‰¹æ¬¡çš„è¾“å‡º, ä¸æ»¡batchsizeæ˜¯æ­£å¸¸çš„:
 tensor([[0.9087],
        [0.8480],
        [0.9588],
        [0.1574],
        [0.7737],
        [0.0683],
        [0.6204],
        [0.2559],
        [0.6962],
        [0.9020],
        [0.0309],
        [0.0956]], device='cuda:0', grad_fn=<SigmoidBackward0>)
Epoch [50/100], T_AUC: [4m0.8204[0m
Epoch [50/100], Loss: 14.3246
val_Accuracy: [92m0.7895[0m
val_Precision: [4;34m0.8064[0m,               val_Recall: [4;33m0.7548[0m,                 val_F1 Score: [4;35m0.7734[0m
æ ‡ç­¾é‡Œ1çš„ä¸ªæ•°:  430
æ ‡ç­¾é‡Œ0çš„ä¸ªæ•°:  430
æ€»æ•°:  860
æ­£ç¡®çš„ä¸ªæ•°:  679
Epoch [50/100], V_AUC: [4m0.7865[0m
Epoch [51/100], Loss: 55.6803
train_Accuracy: [91m0.8165[0m
train_Precision: [4;34m0.8008[0m,               train_Recall: [4;33m0.8530[0m,                 train_F1 Score: [4;35m0.8208[0m
æ ‡ç­¾é‡Œ1çš„ä¸ªæ•°:  2150
æ ‡ç­¾é‡Œ0çš„ä¸ªæ•°:  2150
æ€»æ•°:  4300
æ­£ç¡®çš„ä¸ªæ•°:  3511
æœ€åä¸€ä¸ªæ‰¹æ¬¡çš„è¾“å‡º, ä¸æ»¡batchsizeæ˜¯æ­£å¸¸çš„:
 tensor([[0.9144],
        [0.8815],
        [0.9617],
        [0.1632],
        [0.7827],
        [0.0667],
        [0.5854],
        [0.2473],
        [0.6818],
        [0.9224],
        [0.0234],
        [0.0688]], device='cuda:0', grad_fn=<SigmoidBackward0>)
Epoch [51/100], T_AUC: [4m0.8220[0m
Epoch [51/100], Loss: 14.3126
val_Accuracy: [92m0.7953[0m
val_Precision: [4;34m0.8046[0m,               val_Recall: [4;33m0.7696[0m,                 val_F1 Score: [4;35m0.7806[0m
æ ‡ç­¾é‡Œ1çš„ä¸ªæ•°:  430
æ ‡ç­¾é‡Œ0çš„ä¸ªæ•°:  430
æ€»æ•°:  860
æ­£ç¡®çš„ä¸ªæ•°:  684
Epoch [51/100], V_AUC: [4m0.7920[0m
Epoch [52/100], Loss: 55.5807
train_Accuracy: [91m0.8163[0m
train_Precision: [4;34m0.8006[0m,               train_Recall: [4;33m0.8512[0m,                 train_F1 Score: [4;35m0.8197[0m
æ ‡ç­¾é‡Œ1çš„ä¸ªæ•°:  2150
æ ‡ç­¾é‡Œ0çš„ä¸ªæ•°:  2150
æ€»æ•°:  4300
æ­£ç¡®çš„ä¸ªæ•°:  3510
æœ€åä¸€ä¸ªæ‰¹æ¬¡çš„è¾“å‡º, ä¸æ»¡batchsizeæ˜¯æ­£å¸¸çš„:
 tensor([[0.9126],
        [0.8813],
        [0.9579],
        [0.1357],
        [0.7970],
        [0.0573],
        [0.6410],
        [0.3222],
        [0.7008],
        [0.9105],
        [0.0222],
        [0.0874]], device='cuda:0', grad_fn=<SigmoidBackward0>)
Epoch [52/100], T_AUC: [4m0.8218[0m
Epoch [52/100], Loss: 14.0377
val_Accuracy: [92m0.7837[0m
val_Precision: [4;34m0.7859[0m,               val_Recall: [4;33m0.7698[0m,                 val_F1 Score: [4;35m0.7719[0m
æ ‡ç­¾é‡Œ1çš„ä¸ªæ•°:  430
æ ‡ç­¾é‡Œ0çš„ä¸ªæ•°:  430
æ€»æ•°:  860
æ­£ç¡®çš„ä¸ªæ•°:  674
Epoch [52/100], V_AUC: [4m0.7797[0m
Epoch [53/100], Loss: 55.5293
train_Accuracy: [91m0.8153[0m
train_Precision: [4;34m0.7995[0m,               train_Recall: [4;33m0.8500[0m,                 train_F1 Score: [4;35m0.8185[0m
æ ‡ç­¾é‡Œ1çš„ä¸ªæ•°:  2150
æ ‡ç­¾é‡Œ0çš„ä¸ªæ•°:  2150
æ€»æ•°:  4300
æ­£ç¡®çš„ä¸ªæ•°:  3506
æœ€åä¸€ä¸ªæ‰¹æ¬¡çš„è¾“å‡º, ä¸æ»¡batchsizeæ˜¯æ­£å¸¸çš„:
 tensor([[0.9165],
        [0.8918],
        [0.9545],
        [0.1430],
        [0.8129],
        [0.0602],
        [0.5992],
        [0.2681],
        [0.6996],
        [0.9175],
        [0.0275],
        [0.0676]], device='cuda:0', grad_fn=<SigmoidBackward0>)
Epoch [53/100], T_AUC: [4m0.8207[0m
Epoch [53/100], Loss: 14.5107
val_Accuracy: [92m0.7930[0m
val_Precision: [4;34m0.8021[0m,               val_Recall: [4;33m0.7680[0m,                 val_F1 Score: [4;35m0.7787[0m
æ ‡ç­¾é‡Œ1çš„ä¸ªæ•°:  430
æ ‡ç­¾é‡Œ0çš„ä¸ªæ•°:  430
æ€»æ•°:  860
æ­£ç¡®çš„ä¸ªæ•°:  682
Epoch [53/100], V_AUC: [4m0.7904[0m
Epoch [54/100], Loss: 55.6729
train_Accuracy: [91m0.8158[0m
train_Precision: [4;34m0.8025[0m,               train_Recall: [4;33m0.8473[0m,                 train_F1 Score: [4;35m0.8189[0m
æ ‡ç­¾é‡Œ1çš„ä¸ªæ•°:  2150
æ ‡ç­¾é‡Œ0çš„ä¸ªæ•°:  2150
æ€»æ•°:  4300
æ­£ç¡®çš„ä¸ªæ•°:  3508
æœ€åä¸€ä¸ªæ‰¹æ¬¡çš„è¾“å‡º, ä¸æ»¡batchsizeæ˜¯æ­£å¸¸çš„:
 tensor([[0.9139],
        [0.8960],
        [0.9601],
        [0.1037],
        [0.7891],
        [0.0687],
        [0.5749],
        [0.3770],
        [0.6863],
        [0.9114],
        [0.0283],
        [0.0661]], device='cuda:0', grad_fn=<SigmoidBackward0>)
Epoch [54/100], T_AUC: [4m0.8215[0m
Epoch [54/100], Loss: 14.0753
val_Accuracy: [92m0.7907[0m
val_Precision: [4;34m0.7933[0m,               val_Recall: [4;33m0.7745[0m,                 val_F1 Score: [4;35m0.7787[0m
æ ‡ç­¾é‡Œ1çš„ä¸ªæ•°:  430
æ ‡ç­¾é‡Œ0çš„ä¸ªæ•°:  430
æ€»æ•°:  860
æ­£ç¡®çš„ä¸ªæ•°:  680
Epoch [54/100], V_AUC: [4m0.7871[0m
Epoch [55/100], Loss: 55.3836
train_Accuracy: [91m0.8177[0m
train_Precision: [4;34m0.8056[0m,               train_Recall: [4;33m0.8455[0m,                 train_F1 Score: [4;35m0.8197[0m
æ ‡ç­¾é‡Œ1çš„ä¸ªæ•°:  2150
æ ‡ç­¾é‡Œ0çš„ä¸ªæ•°:  2150
æ€»æ•°:  4300
æ­£ç¡®çš„ä¸ªæ•°:  3516
æœ€åä¸€ä¸ªæ‰¹æ¬¡çš„è¾“å‡º, ä¸æ»¡batchsizeæ˜¯æ­£å¸¸çš„:
 tensor([[0.9127],
        [0.8450],
        [0.9652],
        [0.1503],
        [0.8024],
        [0.0737],
        [0.5624],
        [0.2679],
        [0.7214],
        [0.9007],
        [0.0337],
        [0.0731]], device='cuda:0', grad_fn=<SigmoidBackward0>)
Epoch [55/100], T_AUC: [4m0.8236[0m
Epoch [55/100], Loss: 14.3690
val_Accuracy: [92m0.7872[0m
val_Precision: [4;34m0.8050[0m,               val_Recall: [4;33m0.7502[0m,                 val_F1 Score: [4;35m0.7707[0m
æ ‡ç­¾é‡Œ1çš„ä¸ªæ•°:  430
æ ‡ç­¾é‡Œ0çš„ä¸ªæ•°:  430
æ€»æ•°:  860
æ­£ç¡®çš„ä¸ªæ•°:  677
Epoch [55/100], V_AUC: [4m0.7843[0m
Epoch [56/100], Loss: 55.5055
train_Accuracy: [91m0.8181[0m
train_Precision: [4;34m0.8055[0m,               train_Recall: [4;33m0.8489[0m,                 train_F1 Score: [4;35m0.8214[0m
æ ‡ç­¾é‡Œ1çš„ä¸ªæ•°:  2150
æ ‡ç­¾é‡Œ0çš„ä¸ªæ•°:  2150
æ€»æ•°:  4300
æ­£ç¡®çš„ä¸ªæ•°:  3518
æœ€åä¸€ä¸ªæ‰¹æ¬¡çš„è¾“å‡º, ä¸æ»¡batchsizeæ˜¯æ­£å¸¸çš„:
 tensor([[0.9145],
        [0.9094],
        [0.9729],
        [0.1565],
        [0.7726],
        [0.0628],
        [0.5343],
        [0.2859],
        [0.6897],
        [0.8968],
        [0.0285],
        [0.0673]], device='cuda:0', grad_fn=<SigmoidBackward0>)
Epoch [56/100], T_AUC: [4m0.8240[0m
Epoch [56/100], Loss: 14.4991
val_Accuracy: [92m0.7884[0m
val_Precision: [4;34m0.8051[0m,               val_Recall: [4;33m0.7525[0m,                 val_F1 Score: [4;35m0.7723[0m
æ ‡ç­¾é‡Œ1çš„ä¸ªæ•°:  430
æ ‡ç­¾é‡Œ0çš„ä¸ªæ•°:  430
æ€»æ•°:  860
æ­£ç¡®çš„ä¸ªæ•°:  678
Epoch [56/100], V_AUC: [4m0.7861[0m
Epoch [57/100], Loss: 55.5255
train_Accuracy: [91m0.8153[0m
train_Precision: [4;34m0.8003[0m,               train_Recall: [4;33m0.8505[0m,                 train_F1 Score: [4;35m0.8191[0m
æ ‡ç­¾é‡Œ1çš„ä¸ªæ•°:  2150
æ ‡ç­¾é‡Œ0çš„ä¸ªæ•°:  2150
æ€»æ•°:  4300
æ­£ç¡®çš„ä¸ªæ•°:  3506
æœ€åä¸€ä¸ªæ‰¹æ¬¡çš„è¾“å‡º, ä¸æ»¡batchsizeæ˜¯æ­£å¸¸çš„:
 tensor([[0.9248],
        [0.8727],
        [0.9553],
        [0.1430],
        [0.7490],
        [0.0644],
        [0.6580],
        [0.2894],
        [0.7077],
        [0.8900],
        [0.0306],
        [0.0789]], device='cuda:0', grad_fn=<SigmoidBackward0>)
Epoch [57/100], T_AUC: [4m0.8214[0m
Epoch [57/100], Loss: 14.2444
val_Accuracy: [92m0.7802[0m
val_Precision: [4;34m0.7854[0m,               val_Recall: [4;33m0.7612[0m,                 val_F1 Score: [4;35m0.7676[0m
æ ‡ç­¾é‡Œ1çš„ä¸ªæ•°:  430
æ ‡ç­¾é‡Œ0çš„ä¸ªæ•°:  430
æ€»æ•°:  860
æ­£ç¡®çš„ä¸ªæ•°:  671
Epoch [57/100], V_AUC: [4m0.7771[0m
Epoch [58/100], Loss: 55.4710
train_Accuracy: [91m0.8107[0m
train_Precision: [4;34m0.7975[0m,               train_Recall: [4;33m0.8435[0m,                 train_F1 Score: [4;35m0.8141[0m
æ ‡ç­¾é‡Œ1çš„ä¸ªæ•°:  2150
æ ‡ç­¾é‡Œ0çš„ä¸ªæ•°:  2150
æ€»æ•°:  4300
æ­£ç¡®çš„ä¸ªæ•°:  3486
æœ€åä¸€ä¸ªæ‰¹æ¬¡çš„è¾“å‡º, ä¸æ»¡batchsizeæ˜¯æ­£å¸¸çš„:
 tensor([[0.9096],
        [0.8952],
        [0.9649],
        [0.1345],
        [0.7698],
        [0.0658],
        [0.5971],
        [0.2735],
        [0.6843],
        [0.8830],
        [0.0299],
        [0.0858]], device='cuda:0', grad_fn=<SigmoidBackward0>)
Epoch [58/100], T_AUC: [4m0.8167[0m
Epoch [58/100], Loss: 14.2526
val_Accuracy: [92m0.7872[0m
val_Precision: [4;34m0.8035[0m,               val_Recall: [4;33m0.7526[0m,                 val_F1 Score: [4;35m0.7712[0m
æ ‡ç­¾é‡Œ1çš„ä¸ªæ•°:  430
æ ‡ç­¾é‡Œ0çš„ä¸ªæ•°:  430
æ€»æ•°:  860
æ­£ç¡®çš„ä¸ªæ•°:  677
Epoch [58/100], V_AUC: [4m0.7846[0m
Epoch [59/100], Loss: 55.2073
train_Accuracy: [91m0.8151[0m
train_Precision: [4;34m0.8037[0m,               train_Recall: [4;33m0.8429[0m,                 train_F1 Score: [4;35m0.8177[0m
æ ‡ç­¾é‡Œ1çš„ä¸ªæ•°:  2150
æ ‡ç­¾é‡Œ0çš„ä¸ªæ•°:  2150
æ€»æ•°:  4300
æ­£ç¡®çš„ä¸ªæ•°:  3505
æœ€åä¸€ä¸ªæ‰¹æ¬¡çš„è¾“å‡º, ä¸æ»¡batchsizeæ˜¯æ­£å¸¸çš„:
 tensor([[0.9158],
        [0.8829],
        [0.9647],
        [0.1341],
        [0.7749],
        [0.0687],
        [0.6141],
        [0.3397],
        [0.7015],
        [0.8951],
        [0.0330],
        [0.0566]], device='cuda:0', grad_fn=<SigmoidBackward0>)
Epoch [59/100], T_AUC: [4m0.8207[0m
Epoch [59/100], Loss: 14.3691
val_Accuracy: [92m0.7930[0m
val_Precision: [4;34m0.8013[0m,               val_Recall: [4;33m0.7686[0m,                 val_F1 Score: [4;35m0.7797[0m
æ ‡ç­¾é‡Œ1çš„ä¸ªæ•°:  430
æ ‡ç­¾é‡Œ0çš„ä¸ªæ•°:  430
æ€»æ•°:  860
æ­£ç¡®çš„ä¸ªæ•°:  682
Epoch [59/100], V_AUC: [4m0.7903[0m
Epoch [60/100], Loss: 55.3351
train_Accuracy: [91m0.8149[0m
train_Precision: [4;34m0.8039[0m,               train_Recall: [4;33m0.8424[0m,                 train_F1 Score: [4;35m0.8173[0m
æ ‡ç­¾é‡Œ1çš„ä¸ªæ•°:  2150
æ ‡ç­¾é‡Œ0çš„ä¸ªæ•°:  2150
æ€»æ•°:  4300
æ­£ç¡®çš„ä¸ªæ•°:  3504
æœ€åä¸€ä¸ªæ‰¹æ¬¡çš„è¾“å‡º, ä¸æ»¡batchsizeæ˜¯æ­£å¸¸çš„:
 tensor([[0.9152],
        [0.8972],
        [0.9692],
        [0.1202],
        [0.7897],
        [0.0648],
        [0.5222],
        [0.3231],
        [0.7103],
        [0.9021],
        [0.0253],
        [0.0669]], device='cuda:0', grad_fn=<SigmoidBackward0>)
Epoch [60/100], T_AUC: [4m0.8208[0m
Epoch [60/100], Loss: 14.2223
val_Accuracy: [92m0.7860[0m
val_Precision: [4;34m0.7980[0m,               val_Recall: [4;33m0.7600[0m,                 val_F1 Score: [4;35m0.7722[0m
æ ‡ç­¾é‡Œ1çš„ä¸ªæ•°:  430
æ ‡ç­¾é‡Œ0çš„ä¸ªæ•°:  430
æ€»æ•°:  860
æ­£ç¡®çš„ä¸ªæ•°:  676
Epoch [60/100], V_AUC: [4m0.7837[0m
Epoch [61/100], Loss: 55.7978
train_Accuracy: [91m0.8165[0m
train_Precision: [4;34m0.8060[0m,               train_Recall: [4;33m0.8437[0m,                 train_F1 Score: [4;35m0.8187[0m
æ ‡ç­¾é‡Œ1çš„ä¸ªæ•°:  2150
æ ‡ç­¾é‡Œ0çš„ä¸ªæ•°:  2150
æ€»æ•°:  4300
æ­£ç¡®çš„ä¸ªæ•°:  3511
æœ€åä¸€ä¸ªæ‰¹æ¬¡çš„è¾“å‡º, ä¸æ»¡batchsizeæ˜¯æ­£å¸¸çš„:
 tensor([[0.9054],
        [0.8901],
        [0.9619],
        [0.1326],
        [0.7783],
        [0.0755],
        [0.6235],
        [0.3184],
        [0.6557],
        [0.9047],
        [0.0215],
        [0.1090]], device='cuda:0', grad_fn=<SigmoidBackward0>)
Epoch [61/100], T_AUC: [4m0.8224[0m
Epoch [61/100], Loss: 13.8038
val_Accuracy: [92m0.7884[0m
val_Precision: [4;34m0.7957[0m,               val_Recall: [4;33m0.7661[0m,                 val_F1 Score: [4;35m0.7751[0m
æ ‡ç­¾é‡Œ1çš„ä¸ªæ•°:  430
æ ‡ç­¾é‡Œ0çš„ä¸ªæ•°:  430
æ€»æ•°:  860
æ­£ç¡®çš„ä¸ªæ•°:  678
Epoch [61/100], V_AUC: [4m0.7864[0m
Epoch [62/100], Loss: 55.4530
train_Accuracy: [91m0.8174[0m
train_Precision: [4;34m0.8069[0m,               train_Recall: [4;33m0.8434[0m,                 train_F1 Score: [4;35m0.8197[0m
æ ‡ç­¾é‡Œ1çš„ä¸ªæ•°:  2150
æ ‡ç­¾é‡Œ0çš„ä¸ªæ•°:  2150
æ€»æ•°:  4300
æ­£ç¡®çš„ä¸ªæ•°:  3515
æœ€åä¸€ä¸ªæ‰¹æ¬¡çš„è¾“å‡º, ä¸æ»¡batchsizeæ˜¯æ­£å¸¸çš„:
 tensor([[0.9018],
        [0.8839],
        [0.9717],
        [0.1153],
        [0.7979],
        [0.0639],
        [0.5021],
        [0.3630],
        [0.6911],
        [0.9019],
        [0.0237],
        [0.0917]], device='cuda:0', grad_fn=<SigmoidBackward0>)
Epoch [62/100], T_AUC: [4m0.8226[0m
Epoch [62/100], Loss: 14.0695
val_Accuracy: [92m0.7895[0m
val_Precision: [4;34m0.7982[0m,               val_Recall: [4;33m0.7659[0m,                 val_F1 Score: [4;35m0.7760[0m
æ ‡ç­¾é‡Œ1çš„ä¸ªæ•°:  430
æ ‡ç­¾é‡Œ0çš„ä¸ªæ•°:  430
æ€»æ•°:  860
æ­£ç¡®çš„ä¸ªæ•°:  679
Epoch [62/100], V_AUC: [4m0.7865[0m
Epoch [63/100], Loss: 55.6932
train_Accuracy: [91m0.8147[0m
train_Precision: [4;34m0.8029[0m,               train_Recall: [4;33m0.8424[0m,                 train_F1 Score: [4;35m0.8167[0m
æ ‡ç­¾é‡Œ1çš„ä¸ªæ•°:  2150
æ ‡ç­¾é‡Œ0çš„ä¸ªæ•°:  2150
æ€»æ•°:  4300
æ­£ç¡®çš„ä¸ªæ•°:  3503
æœ€åä¸€ä¸ªæ‰¹æ¬¡çš„è¾“å‡º, ä¸æ»¡batchsizeæ˜¯æ­£å¸¸çš„:
 tensor([[0.8989],
        [0.8905],
        [0.9672],
        [0.1131],
        [0.7504],
        [0.0702],
        [0.5861],
        [0.4109],
        [0.6709],
        [0.8805],
        [0.0302],
        [0.0944]], device='cuda:0', grad_fn=<SigmoidBackward0>)
Epoch [63/100], T_AUC: [4m0.8198[0m
Epoch [63/100], Loss: 13.9126
val_Accuracy: [92m0.7895[0m
val_Precision: [4;34m0.7952[0m,               val_Recall: [4;33m0.7677[0m,                 val_F1 Score: [4;35m0.7758[0m
æ ‡ç­¾é‡Œ1çš„ä¸ªæ•°:  430
æ ‡ç­¾é‡Œ0çš„ä¸ªæ•°:  430
æ€»æ•°:  860
æ­£ç¡®çš„ä¸ªæ•°:  679
Epoch [63/100], V_AUC: [4m0.7866[0m
Epoch [64/100], Loss: 55.4770
train_Accuracy: [91m0.8163[0m
train_Precision: [4;34m0.8039[0m,               train_Recall: [4;33m0.8460[0m,                 train_F1 Score: [4;35m0.8189[0m
æ ‡ç­¾é‡Œ1çš„ä¸ªæ•°:  2150
æ ‡ç­¾é‡Œ0çš„ä¸ªæ•°:  2150
æ€»æ•°:  4300
æ­£ç¡®çš„ä¸ªæ•°:  3510
æœ€åä¸€ä¸ªæ‰¹æ¬¡çš„è¾“å‡º, ä¸æ»¡batchsizeæ˜¯æ­£å¸¸çš„:
 tensor([[0.9122],
        [0.8137],
        [0.9631],
        [0.1476],
        [0.7795],
        [0.0786],
        [0.5586],
        [0.3998],
        [0.7222],
        [0.8964],
        [0.0300],
        [0.0714]], device='cuda:0', grad_fn=<SigmoidBackward0>)
Epoch [64/100], T_AUC: [4m0.8224[0m
Epoch [64/100], Loss: 14.5953
val_Accuracy: [92m0.7884[0m
val_Precision: [4;34m0.8097[0m,               val_Recall: [4;33m0.7464[0m,                 val_F1 Score: [4;35m0.7705[0m
æ ‡ç­¾é‡Œ1çš„ä¸ªæ•°:  430
æ ‡ç­¾é‡Œ0çš„ä¸ªæ•°:  430
æ€»æ•°:  860
æ­£ç¡®çš„ä¸ªæ•°:  678
Epoch [64/100], V_AUC: [4m0.7860[0m
Epoch [65/100], Loss: 55.5858
train_Accuracy: [91m0.8105[0m
train_Precision: [4;34m0.7998[0m,               train_Recall: [4;33m0.8360[0m,                 train_F1 Score: [4;35m0.8121[0m
æ ‡ç­¾é‡Œ1çš„ä¸ªæ•°:  2150
æ ‡ç­¾é‡Œ0çš„ä¸ªæ•°:  2150
æ€»æ•°:  4300
æ­£ç¡®çš„ä¸ªæ•°:  3485
æœ€åä¸€ä¸ªæ‰¹æ¬¡çš„è¾“å‡º, ä¸æ»¡batchsizeæ˜¯æ­£å¸¸çš„:
 tensor([[0.9101],
        [0.8688],
        [0.9624],
        [0.1186],
        [0.7641],
        [0.0740],
        [0.6178],
        [0.4114],
        [0.6862],
        [0.8964],
        [0.0296],
        [0.0765]], device='cuda:0', grad_fn=<SigmoidBackward0>)
Epoch [65/100], T_AUC: [4m0.8155[0m
Epoch [65/100], Loss: 13.8841
val_Accuracy: [92m0.7826[0m
val_Precision: [4;34m0.7882[0m,               val_Recall: [4;33m0.7589[0m,                 val_F1 Score: [4;35m0.7689[0m
æ ‡ç­¾é‡Œ1çš„ä¸ªæ•°:  430
æ ‡ç­¾é‡Œ0çš„ä¸ªæ•°:  430
æ€»æ•°:  860
æ­£ç¡®çš„ä¸ªæ•°:  673
Epoch [65/100], V_AUC: [4m0.7800[0m
Epoch [66/100], Loss: 55.4371
train_Accuracy: [91m0.8142[0m
train_Precision: [4;34m0.8034[0m,               train_Recall: [4;33m0.8404[0m,                 train_F1 Score: [4;35m0.8160[0m
æ ‡ç­¾é‡Œ1çš„ä¸ªæ•°:  2150
æ ‡ç­¾é‡Œ0çš„ä¸ªæ•°:  2150
æ€»æ•°:  4300
æ­£ç¡®çš„ä¸ªæ•°:  3501
æœ€åä¸€ä¸ªæ‰¹æ¬¡çš„è¾“å‡º, ä¸æ»¡batchsizeæ˜¯æ­£å¸¸çš„:
 tensor([[0.9123],
        [0.8598],
        [0.9630],
        [0.1092],
        [0.8017],
        [0.0827],
        [0.4678],
        [0.4469],
        [0.7142],
        [0.9059],
        [0.0291],
        [0.0735]], device='cuda:0', grad_fn=<SigmoidBackward0>)
Epoch [66/100], T_AUC: [4m0.8195[0m
Epoch [66/100], Loss: 13.8090
val_Accuracy: [92m0.7849[0m
val_Precision: [4;34m0.7908[0m,               val_Recall: [4;33m0.7693[0m,                 val_F1 Score: [4;35m0.7748[0m
æ ‡ç­¾é‡Œ1çš„ä¸ªæ•°:  430
æ ‡ç­¾é‡Œ0çš„ä¸ªæ•°:  430
æ€»æ•°:  860
æ­£ç¡®çš„ä¸ªæ•°:  675
Epoch [66/100], V_AUC: [4m0.7826[0m
Epoch [67/100], Loss: 55.0571
train_Accuracy: [91m0.8147[0m
train_Precision: [4;34m0.8023[0m,               train_Recall: [4;33m0.8456[0m,                 train_F1 Score: [4;35m0.8177[0m
æ ‡ç­¾é‡Œ1çš„ä¸ªæ•°:  2150
æ ‡ç­¾é‡Œ0çš„ä¸ªæ•°:  2150
æ€»æ•°:  4300
æ­£ç¡®çš„ä¸ªæ•°:  3503
æœ€åä¸€ä¸ªæ‰¹æ¬¡çš„è¾“å‡º, ä¸æ»¡batchsizeæ˜¯æ­£å¸¸çš„:
 tensor([[0.9059],
        [0.8956],
        [0.9644],
        [0.0987],
        [0.8068],
        [0.0720],
        [0.5334],
        [0.3676],
        [0.7204],
        [0.9036],
        [0.0243],
        [0.0657]], device='cuda:0', grad_fn=<SigmoidBackward0>)
Epoch [67/100], T_AUC: [4m0.8204[0m
Epoch [67/100], Loss: 14.0653
val_Accuracy: [92m0.7907[0m
val_Precision: [4;34m0.7953[0m,               val_Recall: [4;33m0.7726[0m,                 val_F1 Score: [4;35m0.7785[0m
æ ‡ç­¾é‡Œ1çš„ä¸ªæ•°:  430
æ ‡ç­¾é‡Œ0çš„ä¸ªæ•°:  430
æ€»æ•°:  860
æ­£ç¡®çš„ä¸ªæ•°:  680
Epoch [67/100], V_AUC: [4m0.7877[0m
Epoch [68/100], Loss: 55.0434
train_Accuracy: [91m0.8123[0m
train_Precision: [4;34m0.8000[0m,               train_Recall: [4;33m0.8444[0m,                 train_F1 Score: [4;35m0.8156[0m
æ ‡ç­¾é‡Œ1çš„ä¸ªæ•°:  2150
æ ‡ç­¾é‡Œ0çš„ä¸ªæ•°:  2150
æ€»æ•°:  4300
æ­£ç¡®çš„ä¸ªæ•°:  3493
æœ€åä¸€ä¸ªæ‰¹æ¬¡çš„è¾“å‡º, ä¸æ»¡batchsizeæ˜¯æ­£å¸¸çš„:
 tensor([[0.9144],
        [0.8533],
        [0.9596],
        [0.1459],
        [0.7846],
        [0.0811],
        [0.4805],
        [0.3343],
        [0.7500],
        [0.9111],
        [0.0266],
        [0.0639]], device='cuda:0', grad_fn=<SigmoidBackward0>)
Epoch [68/100], T_AUC: [4m0.8187[0m
Epoch [68/100], Loss: 14.5813
val_Accuracy: [92m0.7907[0m
val_Precision: [4;34m0.8201[0m,               val_Recall: [4;33m0.7364[0m,                 val_F1 Score: [4;35m0.7696[0m
æ ‡ç­¾é‡Œ1çš„ä¸ªæ•°:  430
æ ‡ç­¾é‡Œ0çš„ä¸ªæ•°:  430
æ€»æ•°:  860
æ­£ç¡®çš„ä¸ªæ•°:  680
Epoch [68/100], V_AUC: [4m0.7888[0m
Epoch [69/100], Loss: 55.1348
train_Accuracy: [91m0.8156[0m
train_Precision: [4;34m0.8062[0m,               train_Recall: [4;33m0.8410[0m,                 train_F1 Score: [4;35m0.8175[0m
æ ‡ç­¾é‡Œ1çš„ä¸ªæ•°:  2150
æ ‡ç­¾é‡Œ0çš„ä¸ªæ•°:  2150
æ€»æ•°:  4300
æ­£ç¡®çš„ä¸ªæ•°:  3507
æœ€åä¸€ä¸ªæ‰¹æ¬¡çš„è¾“å‡º, ä¸æ»¡batchsizeæ˜¯æ­£å¸¸çš„:
 tensor([[0.8948],
        [0.9138],
        [0.9601],
        [0.1243],
        [0.8021],
        [0.0731],
        [0.5091],
        [0.3975],
        [0.7037],
        [0.9070],
        [0.0224],
        [0.0780]], device='cuda:0', grad_fn=<SigmoidBackward0>)
Epoch [69/100], T_AUC: [4m0.8212[0m
Epoch [69/100], Loss: 13.9028
val_Accuracy: [92m0.7860[0m
val_Precision: [4;34m0.7954[0m,               val_Recall: [4;33m0.7577[0m,                 val_F1 Score: [4;35m0.7723[0m
æ ‡ç­¾é‡Œ1çš„ä¸ªæ•°:  430
æ ‡ç­¾é‡Œ0çš„ä¸ªæ•°:  430
æ€»æ•°:  860
æ­£ç¡®çš„ä¸ªæ•°:  676
Epoch [69/100], V_AUC: [4m0.7833[0m
Epoch [70/100], Loss: 55.0861
train_Accuracy: [91m0.8135[0m
train_Precision: [4;34m0.8006[0m,               train_Recall: [4;33m0.8433[0m,                 train_F1 Score: [4;35m0.8161[0m
æ ‡ç­¾é‡Œ1çš„ä¸ªæ•°:  2150
æ ‡ç­¾é‡Œ0çš„ä¸ªæ•°:  2150
æ€»æ•°:  4300
æ­£ç¡®çš„ä¸ªæ•°:  3498
æœ€åä¸€ä¸ªæ‰¹æ¬¡çš„è¾“å‡º, ä¸æ»¡batchsizeæ˜¯æ­£å¸¸çš„:
 tensor([[0.8919],
        [0.8982],
        [0.9740],
        [0.1103],
        [0.8493],
        [0.0606],
        [0.4868],
        [0.3541],
        [0.7096],
        [0.9200],
        [0.0235],
        [0.0668]], device='cuda:0', grad_fn=<SigmoidBackward0>)
Epoch [70/100], T_AUC: [4m0.8188[0m
Epoch [70/100], Loss: 14.1863
val_Accuracy: [92m0.7884[0m
val_Precision: [4;34m0.7988[0m,               val_Recall: [4;33m0.7613[0m,                 val_F1 Score: [4;35m0.7742[0m
æ ‡ç­¾é‡Œ1çš„ä¸ªæ•°:  430
æ ‡ç­¾é‡Œ0çš„ä¸ªæ•°:  430
æ€»æ•°:  860
æ­£ç¡®çš„ä¸ªæ•°:  678
Epoch [70/100], V_AUC: [4m0.7855[0m
Epoch [71/100], Loss: 54.9310
train_Accuracy: [91m0.8170[0m
train_Precision: [4;34m0.8036[0m,               train_Recall: [4;33m0.8484[0m,                 train_F1 Score: [4;35m0.8201[0m
æ ‡ç­¾é‡Œ1çš„ä¸ªæ•°:  2150
æ ‡ç­¾é‡Œ0çš„ä¸ªæ•°:  2150
æ€»æ•°:  4300
æ­£ç¡®çš„ä¸ªæ•°:  3513
æœ€åä¸€ä¸ªæ‰¹æ¬¡çš„è¾“å‡º, ä¸æ»¡batchsizeæ˜¯æ­£å¸¸çš„:
 tensor([[0.8886],
        [0.9097],
        [0.9753],
        [0.1482],
        [0.8279],
        [0.0665],
        [0.5277],
        [0.3166],
        [0.6980],
        [0.9046],
        [0.0221],
        [0.0518]], device='cuda:0', grad_fn=<SigmoidBackward0>)
Epoch [71/100], T_AUC: [4m0.8224[0m
Epoch [71/100], Loss: 14.2263
val_Accuracy: [92m0.7919[0m
val_Precision: [4;34m0.8070[0m,               val_Recall: [4;33m0.7586[0m,                 val_F1 Score: [4;35m0.7760[0m
æ ‡ç­¾é‡Œ1çš„ä¸ªæ•°:  430
æ ‡ç­¾é‡Œ0çš„ä¸ªæ•°:  430
æ€»æ•°:  860
æ­£ç¡®çš„ä¸ªæ•°:  681
Epoch [71/100], V_AUC: [4m0.7893[0m
Epoch [72/100], Loss: 54.9611
train_Accuracy: [91m0.8186[0m
train_Precision: [4;34m0.8057[0m,               train_Recall: [4;33m0.8488[0m,                 train_F1 Score: [4;35m0.8213[0m
æ ‡ç­¾é‡Œ1çš„ä¸ªæ•°:  2150
æ ‡ç­¾é‡Œ0çš„ä¸ªæ•°:  2150
æ€»æ•°:  4300
æ­£ç¡®çš„ä¸ªæ•°:  3520
æœ€åä¸€ä¸ªæ‰¹æ¬¡çš„è¾“å‡º, ä¸æ»¡batchsizeæ˜¯æ­£å¸¸çš„:
 tensor([[0.9069],
        [0.8841],
        [0.9646],
        [0.1340],
        [0.8257],
        [0.0621],
        [0.5167],
        [0.3426],
        [0.7475],
        [0.9168],
        [0.0240],
        [0.0574]], device='cuda:0', grad_fn=<SigmoidBackward0>)
Epoch [72/100], T_AUC: [4m0.8244[0m
Epoch [72/100], Loss: 14.3217
val_Accuracy: [92m0.7860[0m
val_Precision: [4;34m0.8007[0m,               val_Recall: [4;33m0.7531[0m,                 val_F1 Score: [4;35m0.7708[0m
æ ‡ç­¾é‡Œ1çš„ä¸ªæ•°:  430
æ ‡ç­¾é‡Œ0çš„ä¸ªæ•°:  430
æ€»æ•°:  860
æ­£ç¡®çš„ä¸ªæ•°:  676
Epoch [72/100], V_AUC: [4m0.7834[0m
Epoch [73/100], Loss: 55.1781
train_Accuracy: [91m0.8160[0m
train_Precision: [4;34m0.8051[0m,               train_Recall: [4;33m0.8425[0m,                 train_F1 Score: [4;35m0.8179[0m
æ ‡ç­¾é‡Œ1çš„ä¸ªæ•°:  2150
æ ‡ç­¾é‡Œ0çš„ä¸ªæ•°:  2150
æ€»æ•°:  4300
æ­£ç¡®çš„ä¸ªæ•°:  3509
æœ€åä¸€ä¸ªæ‰¹æ¬¡çš„è¾“å‡º, ä¸æ»¡batchsizeæ˜¯æ­£å¸¸çš„:
 tensor([[0.9106],
        [0.9085],
        [0.9633],
        [0.1132],
        [0.8023],
        [0.0648],
        [0.4805],
        [0.3645],
        [0.7270],
        [0.9050],
        [0.0260],
        [0.0839]], device='cuda:0', grad_fn=<SigmoidBackward0>)
Epoch [73/100], T_AUC: [4m0.8219[0m
Epoch [73/100], Loss: 13.9643
val_Accuracy: [92m0.7849[0m
val_Precision: [4;34m0.7956[0m,               val_Recall: [4;33m0.7581[0m,                 val_F1 Score: [4;35m0.7714[0m
æ ‡ç­¾é‡Œ1çš„ä¸ªæ•°:  430
æ ‡ç­¾é‡Œ0çš„ä¸ªæ•°:  430
æ€»æ•°:  860
æ­£ç¡®çš„ä¸ªæ•°:  675
Epoch [73/100], V_AUC: [4m0.7824[0m
Epoch [74/100], Loss: 54.8462
train_Accuracy: [91m0.8184[0m
train_Precision: [4;34m0.8094[0m,               train_Recall: [4;33m0.8425[0m,                 train_F1 Score: [4;35m0.8201[0m
æ ‡ç­¾é‡Œ1çš„ä¸ªæ•°:  2150
æ ‡ç­¾é‡Œ0çš„ä¸ªæ•°:  2150
æ€»æ•°:  4300
æ­£ç¡®çš„ä¸ªæ•°:  3519
æœ€åä¸€ä¸ªæ‰¹æ¬¡çš„è¾“å‡º, ä¸æ»¡batchsizeæ˜¯æ­£å¸¸çš„:
 tensor([[0.9125],
        [0.9061],
        [0.9606],
        [0.1311],
        [0.7784],
        [0.0740],
        [0.5307],
        [0.3699],
        [0.7311],
        [0.8995],
        [0.0305],
        [0.0630]], device='cuda:0', grad_fn=<SigmoidBackward0>)
Epoch [74/100], T_AUC: [4m0.8243[0m
Epoch [74/100], Loss: 14.1024
val_Accuracy: [92m0.7872[0m
val_Precision: [4;34m0.8046[0m,               val_Recall: [4;33m0.7502[0m,                 val_F1 Score: [4;35m0.7706[0m
æ ‡ç­¾é‡Œ1çš„ä¸ªæ•°:  430
æ ‡ç­¾é‡Œ0çš„ä¸ªæ•°:  430
æ€»æ•°:  860
æ­£ç¡®çš„ä¸ªæ•°:  677
Epoch [74/100], V_AUC: [4m0.7846[0m
Epoch [75/100], Loss: 55.2682
train_Accuracy: [91m0.8165[0m
train_Precision: [4;34m0.8046[0m,               train_Recall: [4;33m0.8462[0m,                 train_F1 Score: [4;35m0.8195[0m
æ ‡ç­¾é‡Œ1çš„ä¸ªæ•°:  2150
æ ‡ç­¾é‡Œ0çš„ä¸ªæ•°:  2150
æ€»æ•°:  4300
æ­£ç¡®çš„ä¸ªæ•°:  3511
æœ€åä¸€ä¸ªæ‰¹æ¬¡çš„è¾“å‡º, ä¸æ»¡batchsizeæ˜¯æ­£å¸¸çš„:
 tensor([[0.8964],
        [0.8494],
        [0.9710],
        [0.1145],
        [0.8205],
        [0.0638],
        [0.6175],
        [0.3549],
        [0.7045],
        [0.9002],
        [0.0230],
        [0.0968]], device='cuda:0', grad_fn=<SigmoidBackward0>)
Epoch [75/100], T_AUC: [4m0.8221[0m
Epoch [75/100], Loss: 13.7989
val_Accuracy: [92m0.7837[0m
val_Precision: [4;34m0.7853[0m,               val_Recall: [4;33m0.7685[0m,                 val_F1 Score: [4;35m0.7715[0m
æ ‡ç­¾é‡Œ1çš„ä¸ªæ•°:  430
æ ‡ç­¾é‡Œ0çš„ä¸ªæ•°:  430
æ€»æ•°:  860
æ­£ç¡®çš„ä¸ªæ•°:  674
Epoch [75/100], V_AUC: [4m0.7808[0m
Epoch [76/100], Loss: 54.8850
train_Accuracy: [91m0.8181[0m
train_Precision: [4;34m0.8058[0m,               train_Recall: [4;33m0.8476[0m,                 train_F1 Score: [4;35m0.8205[0m
æ ‡ç­¾é‡Œ1çš„ä¸ªæ•°:  2150
æ ‡ç­¾é‡Œ0çš„ä¸ªæ•°:  2150
æ€»æ•°:  4300
æ­£ç¡®çš„ä¸ªæ•°:  3518
æœ€åä¸€ä¸ªæ‰¹æ¬¡çš„è¾“å‡º, ä¸æ»¡batchsizeæ˜¯æ­£å¸¸çš„:
 tensor([[0.9138],
        [0.8734],
        [0.9600],
        [0.1256],
        [0.7836],
        [0.0599],
        [0.5782],
        [0.3407],
        [0.7445],
        [0.9030],
        [0.0256],
        [0.0886]], device='cuda:0', grad_fn=<SigmoidBackward0>)
Epoch [76/100], T_AUC: [4m0.8240[0m
Epoch [76/100], Loss: 14.3012
val_Accuracy: [92m0.7884[0m
val_Precision: [4;34m0.8110[0m,               val_Recall: [4;33m0.7427[0m,                 val_F1 Score: [4;35m0.7689[0m
æ ‡ç­¾é‡Œ1çš„ä¸ªæ•°:  430
æ ‡ç­¾é‡Œ0çš„ä¸ªæ•°:  430
æ€»æ•°:  860
æ­£ç¡®çš„ä¸ªæ•°:  678
Epoch [76/100], V_AUC: [4m0.7858[0m
Epoch [77/100], Loss: 54.9894
train_Accuracy: [91m0.8177[0m
train_Precision: [4;34m0.8074[0m,               train_Recall: [4;33m0.8451[0m,                 train_F1 Score: [4;35m0.8202[0m
æ ‡ç­¾é‡Œ1çš„ä¸ªæ•°:  2150
æ ‡ç­¾é‡Œ0çš„ä¸ªæ•°:  2150
æ€»æ•°:  4300
æ­£ç¡®çš„ä¸ªæ•°:  3516
æœ€åä¸€ä¸ªæ‰¹æ¬¡çš„è¾“å‡º, ä¸æ»¡batchsizeæ˜¯æ­£å¸¸çš„:
 tensor([[0.8839],
        [0.8964],
        [0.9582],
        [0.1208],
        [0.7935],
        [0.0688],
        [0.6730],
        [0.3767],
        [0.7005],
        [0.8833],
        [0.0297],
        [0.0626]], device='cuda:0', grad_fn=<SigmoidBackward0>)
Epoch [77/100], T_AUC: [4m0.8240[0m
Epoch [77/100], Loss: 13.7942
val_Accuracy: [92m0.7837[0m
val_Precision: [4;34m0.7783[0m,               val_Recall: [4;33m0.7798[0m,                 val_F1 Score: [4;35m0.7739[0m
æ ‡ç­¾é‡Œ1çš„ä¸ªæ•°:  430
æ ‡ç­¾é‡Œ0çš„ä¸ªæ•°:  430
æ€»æ•°:  860
æ­£ç¡®çš„ä¸ªæ•°:  674
Epoch [77/100], V_AUC: [4m0.7806[0m
Epoch [78/100], Loss: 55.3027
train_Accuracy: [91m0.8167[0m
train_Precision: [4;34m0.8067[0m,               train_Recall: [4;33m0.8422[0m,                 train_F1 Score: [4;35m0.8184[0m
æ ‡ç­¾é‡Œ1çš„ä¸ªæ•°:  2150
æ ‡ç­¾é‡Œ0çš„ä¸ªæ•°:  2150
æ€»æ•°:  4300
æ­£ç¡®çš„ä¸ªæ•°:  3512
æœ€åä¸€ä¸ªæ‰¹æ¬¡çš„è¾“å‡º, ä¸æ»¡batchsizeæ˜¯æ­£å¸¸çš„:
 tensor([[0.9032],
        [0.8603],
        [0.9624],
        [0.1112],
        [0.8156],
        [0.0649],
        [0.6509],
        [0.3868],
        [0.7249],
        [0.9129],
        [0.0236],
        [0.0716]], device='cuda:0', grad_fn=<SigmoidBackward0>)
Epoch [78/100], T_AUC: [4m0.8230[0m
Epoch [78/100], Loss: 14.0376
val_Accuracy: [92m0.7930[0m
val_Precision: [4;34m0.8010[0m,               val_Recall: [4;33m0.7648[0m,                 val_F1 Score: [4;35m0.7775[0m
æ ‡ç­¾é‡Œ1çš„ä¸ªæ•°:  430
æ ‡ç­¾é‡Œ0çš„ä¸ªæ•°:  430
æ€»æ•°:  860
æ­£ç¡®çš„ä¸ªæ•°:  682
Epoch [78/100], V_AUC: [4m0.7893[0m
Epoch [79/100], Loss: 54.9957
train_Accuracy: [91m0.8195[0m
train_Precision: [4;34m0.8102[0m,               train_Recall: [4;33m0.8434[0m,                 train_F1 Score: [4;35m0.8209[0m
æ ‡ç­¾é‡Œ1çš„ä¸ªæ•°:  2150
æ ‡ç­¾é‡Œ0çš„ä¸ªæ•°:  2150
æ€»æ•°:  4300
æ­£ç¡®çš„ä¸ªæ•°:  3524
æœ€åä¸€ä¸ªæ‰¹æ¬¡çš„è¾“å‡º, ä¸æ»¡batchsizeæ˜¯æ­£å¸¸çš„:
 tensor([[0.9043],
        [0.8766],
        [0.9610],
        [0.1206],
        [0.8093],
        [0.0572],
        [0.5845],
        [0.3823],
        [0.7415],
        [0.9142],
        [0.0232],
        [0.0681]], device='cuda:0', grad_fn=<SigmoidBackward0>)
Epoch [79/100], T_AUC: [4m0.8258[0m
Epoch [79/100], Loss: 14.3326
val_Accuracy: [92m0.7965[0m
val_Precision: [4;34m0.8116[0m,               val_Recall: [4;33m0.7583[0m,                 val_F1 Score: [4;35m0.7793[0m
æ ‡ç­¾é‡Œ1çš„ä¸ªæ•°:  430
æ ‡ç­¾é‡Œ0çš„ä¸ªæ•°:  430
æ€»æ•°:  860
æ­£ç¡®çš„ä¸ªæ•°:  685
Epoch [79/100], V_AUC: [4m0.7932[0m
Epoch [80/100], Loss: 54.9767
train_Accuracy: [91m0.8200[0m
train_Precision: [4;34m0.8112[0m,               train_Recall: [4;33m0.8449[0m,                 train_F1 Score: [4;35m0.8218[0m
æ ‡ç­¾é‡Œ1çš„ä¸ªæ•°:  2150
æ ‡ç­¾é‡Œ0çš„ä¸ªæ•°:  2150
æ€»æ•°:  4300
æ­£ç¡®çš„ä¸ªæ•°:  3526
æœ€åä¸€ä¸ªæ‰¹æ¬¡çš„è¾“å‡º, ä¸æ»¡batchsizeæ˜¯æ­£å¸¸çš„:
 tensor([[0.9058],
        [0.8812],
        [0.9530],
        [0.1419],
        [0.7944],
        [0.0659],
        [0.5951],
        [0.3512],
        [0.7326],
        [0.9113],
        [0.0232],
        [0.0599]], device='cuda:0', grad_fn=<SigmoidBackward0>)
Epoch [80/100], T_AUC: [4m0.8261[0m
Epoch [80/100], Loss: 14.3803
val_Accuracy: [92m0.7919[0m
val_Precision: [4;34m0.8058[0m,               val_Recall: [4;33m0.7561[0m,                 val_F1 Score: [4;35m0.7751[0m
æ ‡ç­¾é‡Œ1çš„ä¸ªæ•°:  430
æ ‡ç­¾é‡Œ0çš„ä¸ªæ•°:  430
æ€»æ•°:  860
æ­£ç¡®çš„ä¸ªæ•°:  681
Epoch [80/100], V_AUC: [4m0.7884[0m
Epoch [81/100], Loss: 54.9359
train_Accuracy: [91m0.8133[0m
train_Precision: [4;34m0.8054[0m,               train_Recall: [4;33m0.8369[0m,                 train_F1 Score: [4;35m0.8150[0m
æ ‡ç­¾é‡Œ1çš„ä¸ªæ•°:  2150
æ ‡ç­¾é‡Œ0çš„ä¸ªæ•°:  2150
æ€»æ•°:  4300
æ­£ç¡®çš„ä¸ªæ•°:  3497
æœ€åä¸€ä¸ªæ‰¹æ¬¡çš„è¾“å‡º, ä¸æ»¡batchsizeæ˜¯æ­£å¸¸çš„:
 tensor([[0.9089],
        [0.8204],
        [0.9674],
        [0.1549],
        [0.8341],
        [0.0643],
        [0.5871],
        [0.3344],
        [0.7421],
        [0.9197],
        [0.0246],
        [0.0519]], device='cuda:0', grad_fn=<SigmoidBackward0>)
Epoch [81/100], T_AUC: [4m0.8192[0m
Epoch [81/100], Loss: 14.5862
val_Accuracy: [92m0.7907[0m
val_Precision: [4;34m0.8127[0m,               val_Recall: [4;33m0.7484[0m,                 val_F1 Score: [4;35m0.7733[0m
æ ‡ç­¾é‡Œ1çš„ä¸ªæ•°:  430
æ ‡ç­¾é‡Œ0çš„ä¸ªæ•°:  430
æ€»æ•°:  860
æ­£ç¡®çš„ä¸ªæ•°:  680
Epoch [81/100], V_AUC: [4m0.7885[0m
Epoch [82/100], Loss: 54.9729
train_Accuracy: [91m0.8153[0m
train_Precision: [4;34m0.8040[0m,               train_Recall: [4;33m0.8439[0m,                 train_F1 Score: [4;35m0.8178[0m
æ ‡ç­¾é‡Œ1çš„ä¸ªæ•°:  2150
æ ‡ç­¾é‡Œ0çš„ä¸ªæ•°:  2150
æ€»æ•°:  4300
æ­£ç¡®çš„ä¸ªæ•°:  3506
æœ€åä¸€ä¸ªæ‰¹æ¬¡çš„è¾“å‡º, ä¸æ»¡batchsizeæ˜¯æ­£å¸¸çš„:
 tensor([[0.9106],
        [0.8870],
        [0.9560],
        [0.1222],
        [0.7996],
        [0.0508],
        [0.6636],
        [0.3490],
        [0.7256],
        [0.9181],
        [0.0349],
        [0.0522]], device='cuda:0', grad_fn=<SigmoidBackward0>)
Epoch [82/100], T_AUC: [4m0.8214[0m
Epoch [82/100], Loss: 14.6813
val_Accuracy: [92m0.7895[0m
val_Precision: [4;34m0.8084[0m,               val_Recall: [4;33m0.7476[0m,                 val_F1 Score: [4;35m0.7720[0m
æ ‡ç­¾é‡Œ1çš„ä¸ªæ•°:  430
æ ‡ç­¾é‡Œ0çš„ä¸ªæ•°:  430
æ€»æ•°:  860
æ­£ç¡®çš„ä¸ªæ•°:  679
Epoch [82/100], V_AUC: [4m0.7870[0m
Epoch [83/100], Loss: 54.8689
train_Accuracy: [91m0.8153[0m
train_Precision: [4;34m0.8055[0m,               train_Recall: [4;33m0.8406[0m,                 train_F1 Score: [4;35m0.8169[0m
æ ‡ç­¾é‡Œ1çš„ä¸ªæ•°:  2150
æ ‡ç­¾é‡Œ0çš„ä¸ªæ•°:  2150
æ€»æ•°:  4300
æ­£ç¡®çš„ä¸ªæ•°:  3506
æœ€åä¸€ä¸ªæ‰¹æ¬¡çš„è¾“å‡º, ä¸æ»¡batchsizeæ˜¯æ­£å¸¸çš„:
 tensor([[0.9117],
        [0.7990],
        [0.9552],
        [0.1478],
        [0.7949],
        [0.0649],
        [0.7049],
        [0.3168],
        [0.7459],
        [0.9223],
        [0.0296],
        [0.0564]], device='cuda:0', grad_fn=<SigmoidBackward0>)
Epoch [83/100], T_AUC: [4m0.8217[0m
Epoch [83/100], Loss: 14.6116
val_Accuracy: [92m0.7849[0m
val_Precision: [4;34m0.8056[0m,               val_Recall: [4;33m0.7381[0m,                 val_F1 Score: [4;35m0.7655[0m
æ ‡ç­¾é‡Œ1çš„ä¸ªæ•°:  430
æ ‡ç­¾é‡Œ0çš„ä¸ªæ•°:  430
æ€»æ•°:  860
æ­£ç¡®çš„ä¸ªæ•°:  675
Epoch [83/100], V_AUC: [4m0.7819[0m
Epoch [84/100], Loss: 54.6606
train_Accuracy: [91m0.8165[0m
train_Precision: [4;34m0.8059[0m,               train_Recall: [4;33m0.8430[0m,                 train_F1 Score: [4;35m0.8185[0m
æ ‡ç­¾é‡Œ1çš„ä¸ªæ•°:  2150
æ ‡ç­¾é‡Œ0çš„ä¸ªæ•°:  2150
æ€»æ•°:  4300
æ­£ç¡®çš„ä¸ªæ•°:  3511
æœ€åä¸€ä¸ªæ‰¹æ¬¡çš„è¾“å‡º, ä¸æ»¡batchsizeæ˜¯æ­£å¸¸çš„:
 tensor([[0.9058],
        [0.8223],
        [0.9531],
        [0.1108],
        [0.8023],
        [0.0688],
        [0.6420],
        [0.3480],
        [0.7408],
        [0.9195],
        [0.0163],
        [0.1137]], device='cuda:0', grad_fn=<SigmoidBackward0>)
Epoch [84/100], T_AUC: [4m0.8225[0m
Epoch [84/100], Loss: 14.5397
val_Accuracy: [92m0.7872[0m
val_Precision: [4;34m0.8012[0m,               val_Recall: [4;33m0.7546[0m,                 val_F1 Score: [4;35m0.7716[0m
æ ‡ç­¾é‡Œ1çš„ä¸ªæ•°:  430
æ ‡ç­¾é‡Œ0çš„ä¸ªæ•°:  430
æ€»æ•°:  860
æ­£ç¡®çš„ä¸ªæ•°:  677
Epoch [84/100], V_AUC: [4m0.7852[0m
Epoch [85/100], Loss: 54.9962
train_Accuracy: [91m0.8195[0m
train_Precision: [4;34m0.8105[0m,               train_Recall: [4;33m0.8433[0m,                 train_F1 Score: [4;35m0.8208[0m
æ ‡ç­¾é‡Œ1çš„ä¸ªæ•°:  2150
æ ‡ç­¾é‡Œ0çš„ä¸ªæ•°:  2150
æ€»æ•°:  4300
æ­£ç¡®çš„ä¸ªæ•°:  3524
æœ€åä¸€ä¸ªæ‰¹æ¬¡çš„è¾“å‡º, ä¸æ»¡batchsizeæ˜¯æ­£å¸¸çš„:
 tensor([[0.9159],
        [0.8097],
        [0.9529],
        [0.1598],
        [0.7932],
        [0.0647],
        [0.6887],
        [0.3405],
        [0.7592],
        [0.9187],
        [0.0220],
        [0.0705]], device='cuda:0', grad_fn=<SigmoidBackward0>)
Epoch [85/100], T_AUC: [4m0.8257[0m
Epoch [85/100], Loss: 14.0003
val_Accuracy: [92m0.7826[0m
val_Precision: [4;34m0.7823[0m,               val_Recall: [4;33m0.7708[0m,                 val_F1 Score: [4;35m0.7721[0m
æ ‡ç­¾é‡Œ1çš„ä¸ªæ•°:  430
æ ‡ç­¾é‡Œ0çš„ä¸ªæ•°:  430
æ€»æ•°:  860
æ­£ç¡®çš„ä¸ªæ•°:  673
Epoch [85/100], V_AUC: [4m0.7796[0m
Epoch [86/100], Loss: 55.0776
train_Accuracy: [91m0.8163[0m
train_Precision: [4;34m0.8076[0m,               train_Recall: [4;33m0.8399[0m,                 train_F1 Score: [4;35m0.8177[0m
æ ‡ç­¾é‡Œ1çš„ä¸ªæ•°:  2150
æ ‡ç­¾é‡Œ0çš„ä¸ªæ•°:  2150
æ€»æ•°:  4300
æ­£ç¡®çš„ä¸ªæ•°:  3510
æœ€åä¸€ä¸ªæ‰¹æ¬¡çš„è¾“å‡º, ä¸æ»¡batchsizeæ˜¯æ­£å¸¸çš„:
 tensor([[0.9107],
        [0.8522],
        [0.9609],
        [0.1396],
        [0.8010],
        [0.0595],
        [0.6811],
        [0.3724],
        [0.7438],
        [0.9148],
        [0.0267],
        [0.0577]], device='cuda:0', grad_fn=<SigmoidBackward0>)
Epoch [86/100], T_AUC: [4m0.8224[0m
Epoch [86/100], Loss: 14.1527
val_Accuracy: [92m0.7802[0m
val_Precision: [4;34m0.7818[0m,               val_Recall: [4;33m0.7644[0m,                 val_F1 Score: [4;35m0.7686[0m
æ ‡ç­¾é‡Œ1çš„ä¸ªæ•°:  430
æ ‡ç­¾é‡Œ0çš„ä¸ªæ•°:  430
æ€»æ•°:  860
æ­£ç¡®çš„ä¸ªæ•°:  671
Epoch [86/100], V_AUC: [4m0.7774[0m
Epoch [87/100], Loss: 54.7156
train_Accuracy: [91m0.8198[0m
train_Precision: [4;34m0.8119[0m,               train_Recall: [4;33m0.8426[0m,                 train_F1 Score: [4;35m0.8211[0m
æ ‡ç­¾é‡Œ1çš„ä¸ªæ•°:  2150
æ ‡ç­¾é‡Œ0çš„ä¸ªæ•°:  2150
æ€»æ•°:  4300
æ­£ç¡®çš„ä¸ªæ•°:  3525
æœ€åä¸€ä¸ªæ‰¹æ¬¡çš„è¾“å‡º, ä¸æ»¡batchsizeæ˜¯æ­£å¸¸çš„:
 tensor([[0.9146],
        [0.8261],
        [0.9503],
        [0.1363],
        [0.7991],
        [0.0733],
        [0.6942],
        [0.3779],
        [0.7709],
        [0.9148],
        [0.0234],
        [0.0628]], device='cuda:0', grad_fn=<SigmoidBackward0>)
Epoch [87/100], T_AUC: [4m0.8262[0m
Epoch [87/100], Loss: 14.1669
val_Accuracy: [92m0.7837[0m
val_Precision: [4;34m0.7908[0m,               val_Recall: [4;33m0.7603[0m,                 val_F1 Score: [4;35m0.7703[0m
æ ‡ç­¾é‡Œ1çš„ä¸ªæ•°:  430
æ ‡ç­¾é‡Œ0çš„ä¸ªæ•°:  430
æ€»æ•°:  860
æ­£ç¡®çš„ä¸ªæ•°:  674
Epoch [87/100], V_AUC: [4m0.7815[0m
Epoch [88/100], Loss: 55.1734
train_Accuracy: [91m0.8165[0m
train_Precision: [4;34m0.8091[0m,               train_Recall: [4;33m0.8386[0m,                 train_F1 Score: [4;35m0.8179[0m
æ ‡ç­¾é‡Œ1çš„ä¸ªæ•°:  2150
æ ‡ç­¾é‡Œ0çš„ä¸ªæ•°:  2150
æ€»æ•°:  4300
æ­£ç¡®çš„ä¸ªæ•°:  3511
æœ€åä¸€ä¸ªæ‰¹æ¬¡çš„è¾“å‡º, ä¸æ»¡batchsizeæ˜¯æ­£å¸¸çš„:
 tensor([[0.9160],
        [0.8885],
        [0.9536],
        [0.1264],
        [0.7978],
        [0.0606],
        [0.6579],
        [0.3465],
        [0.7433],
        [0.9013],
        [0.0217],
        [0.0735]], device='cuda:0', grad_fn=<SigmoidBackward0>)
Epoch [88/100], T_AUC: [4m0.8229[0m
Epoch [88/100], Loss: 13.8955
val_Accuracy: [92m0.7791[0m
val_Precision: [4;34m0.7776[0m,               val_Recall: [4;33m0.7724[0m,                 val_F1 Score: [4;35m0.7708[0m
æ ‡ç­¾é‡Œ1çš„ä¸ªæ•°:  430
æ ‡ç­¾é‡Œ0çš„ä¸ªæ•°:  430
æ€»æ•°:  860
æ­£ç¡®çš„ä¸ªæ•°:  670
Epoch [88/100], V_AUC: [4m0.7770[0m
Epoch [89/100], Loss: 54.7243
train_Accuracy: [91m0.8205[0m
train_Precision: [4;34m0.8129[0m,               train_Recall: [4;33m0.8435[0m,                 train_F1 Score: [4;35m0.8217[0m
æ ‡ç­¾é‡Œ1çš„ä¸ªæ•°:  2150
æ ‡ç­¾é‡Œ0çš„ä¸ªæ•°:  2150
æ€»æ•°:  4300
æ­£ç¡®çš„ä¸ªæ•°:  3528
æœ€åä¸€ä¸ªæ‰¹æ¬¡çš„è¾“å‡º, ä¸æ»¡batchsizeæ˜¯æ­£å¸¸çš„:
 tensor([[0.9070],
        [0.8449],
        [0.9558],
        [0.1372],
        [0.8127],
        [0.0669],
        [0.6931],
        [0.3430],
        [0.7482],
        [0.9151],
        [0.0226],
        [0.0560]], device='cuda:0', grad_fn=<SigmoidBackward0>)
Epoch [89/100], T_AUC: [4m0.8271[0m
Epoch [89/100], Loss: 13.9029
val_Accuracy: [92m0.7895[0m
val_Precision: [4;34m0.7948[0m,               val_Recall: [4;33m0.7688[0m,                 val_F1 Score: [4;35m0.7772[0m
æ ‡ç­¾é‡Œ1çš„ä¸ªæ•°:  430
æ ‡ç­¾é‡Œ0çš„ä¸ªæ•°:  430
æ€»æ•°:  860
æ­£ç¡®çš„ä¸ªæ•°:  679
Epoch [89/100], V_AUC: [4m0.7862[0m
Epoch [90/100], Loss: 55.0142
train_Accuracy: [91m0.8179[0m
train_Precision: [4;34m0.8097[0m,               train_Recall: [4;33m0.8415[0m,                 train_F1 Score: [4;35m0.8193[0m
æ ‡ç­¾é‡Œ1çš„ä¸ªæ•°:  2150
æ ‡ç­¾é‡Œ0çš„ä¸ªæ•°:  2150
æ€»æ•°:  4300
æ­£ç¡®çš„ä¸ªæ•°:  3517
æœ€åä¸€ä¸ªæ‰¹æ¬¡çš„è¾“å‡º, ä¸æ»¡batchsizeæ˜¯æ­£å¸¸çš„:
 tensor([[0.9104],
        [0.8323],
        [0.9578],
        [0.1340],
        [0.8062],
        [0.0649],
        [0.6542],
        [0.3669],
        [0.7365],
        [0.9152],
        [0.0254],
        [0.0635]], device='cuda:0', grad_fn=<SigmoidBackward0>)
Epoch [90/100], T_AUC: [4m0.8245[0m
Epoch [90/100], Loss: 14.1287
val_Accuracy: [92m0.7872[0m
val_Precision: [4;34m0.7992[0m,               val_Recall: [4;33m0.7603[0m,                 val_F1 Score: [4;35m0.7733[0m
æ ‡ç­¾é‡Œ1çš„ä¸ªæ•°:  430
æ ‡ç­¾é‡Œ0çš„ä¸ªæ•°:  430
æ€»æ•°:  860
æ­£ç¡®çš„ä¸ªæ•°:  677
Epoch [90/100], V_AUC: [4m0.7854[0m
Epoch [91/100], Loss: 54.7732
train_Accuracy: [91m0.8184[0m
train_Precision: [4;34m0.8078[0m,               train_Recall: [4;33m0.8459[0m,                 train_F1 Score: [4;35m0.8208[0m
æ ‡ç­¾é‡Œ1çš„ä¸ªæ•°:  2150
æ ‡ç­¾é‡Œ0çš„ä¸ªæ•°:  2150
æ€»æ•°:  4300
æ­£ç¡®çš„ä¸ªæ•°:  3519
æœ€åä¸€ä¸ªæ‰¹æ¬¡çš„è¾“å‡º, ä¸æ»¡batchsizeæ˜¯æ­£å¸¸çš„:
 tensor([[0.9123],
        [0.8112],
        [0.9591],
        [0.1502],
        [0.8047],
        [0.0703],
        [0.6824],
        [0.3214],
        [0.7483],
        [0.9192],
        [0.0226],
        [0.0568]], device='cuda:0', grad_fn=<SigmoidBackward0>)
Epoch [91/100], T_AUC: [4m0.8242[0m
Epoch [91/100], Loss: 14.4414
val_Accuracy: [92m0.7884[0m
val_Precision: [4;34m0.8083[0m,               val_Recall: [4;33m0.7482[0m,                 val_F1 Score: [4;35m0.7714[0m
æ ‡ç­¾é‡Œ1çš„ä¸ªæ•°:  430
æ ‡ç­¾é‡Œ0çš„ä¸ªæ•°:  430
æ€»æ•°:  860
æ­£ç¡®çš„ä¸ªæ•°:  678
Epoch [91/100], V_AUC: [4m0.7858[0m
Epoch [92/100], Loss: 55.2327
train_Accuracy: [91m0.8226[0m
train_Precision: [4;34m0.8166[0m,               train_Recall: [4;33m0.8421[0m,                 train_F1 Score: [4;35m0.8236[0m
æ ‡ç­¾é‡Œ1çš„ä¸ªæ•°:  2150
æ ‡ç­¾é‡Œ0çš„ä¸ªæ•°:  2150
æ€»æ•°:  4300
æ­£ç¡®çš„ä¸ªæ•°:  3537
æœ€åä¸€ä¸ªæ‰¹æ¬¡çš„è¾“å‡º, ä¸æ»¡batchsizeæ˜¯æ­£å¸¸çš„:
 tensor([[0.8790],
        [0.9057],
        [0.9595],
        [0.0946],
        [0.7941],
        [0.0969],
        [0.6173],
        [0.3731],
        [0.7336],
        [0.8983],
        [0.0215],
        [0.0992]], device='cuda:0', grad_fn=<SigmoidBackward0>)
Epoch [92/100], T_AUC: [4m0.8286[0m
Epoch [92/100], Loss: 13.9059
val_Accuracy: [92m0.7837[0m
val_Precision: [4;34m0.7938[0m,               val_Recall: [4;33m0.7538[0m,                 val_F1 Score: [4;35m0.7682[0m
æ ‡ç­¾é‡Œ1çš„ä¸ªæ•°:  430
æ ‡ç­¾é‡Œ0çš„ä¸ªæ•°:  430
æ€»æ•°:  860
æ­£ç¡®çš„ä¸ªæ•°:  674
Epoch [92/100], V_AUC: [4m0.7808[0m
Epoch [93/100], Loss: 55.1828
train_Accuracy: [91m0.8174[0m
train_Precision: [4;34m0.8091[0m,               train_Recall: [4;33m0.8419[0m,                 train_F1 Score: [4;35m0.8193[0m
æ ‡ç­¾é‡Œ1çš„ä¸ªæ•°:  2150
æ ‡ç­¾é‡Œ0çš„ä¸ªæ•°:  2150
æ€»æ•°:  4300
æ­£ç¡®çš„ä¸ªæ•°:  3515
æœ€åä¸€ä¸ªæ‰¹æ¬¡çš„è¾“å‡º, ä¸æ»¡batchsizeæ˜¯æ­£å¸¸çš„:
 tensor([[0.8871],
        [0.8522],
        [0.9698],
        [0.1485],
        [0.8423],
        [0.0737],
        [0.4571],
        [0.3236],
        [0.7225],
        [0.9043],
        [0.0249],
        [0.0948]], device='cuda:0', grad_fn=<SigmoidBackward0>)
Epoch [93/100], T_AUC: [4m0.8237[0m
Epoch [93/100], Loss: 14.2225
val_Accuracy: [92m0.7849[0m
val_Precision: [4;34m0.8000[0m,               val_Recall: [4;33m0.7530[0m,                 val_F1 Score: [4;35m0.7701[0m
æ ‡ç­¾é‡Œ1çš„ä¸ªæ•°:  430
æ ‡ç­¾é‡Œ0çš„ä¸ªæ•°:  430
æ€»æ•°:  860
æ­£ç¡®çš„ä¸ªæ•°:  675
Epoch [93/100], V_AUC: [4m0.7825[0m
Epoch [94/100], Loss: 54.7737
train_Accuracy: [91m0.8186[0m
train_Precision: [4;34m0.8100[0m,               train_Recall: [4;33m0.8456[0m,                 train_F1 Score: [4;35m0.8214[0m
æ ‡ç­¾é‡Œ1çš„ä¸ªæ•°:  2150
æ ‡ç­¾é‡Œ0çš„ä¸ªæ•°:  2150
æ€»æ•°:  4300
æ­£ç¡®çš„ä¸ªæ•°:  3520
æœ€åä¸€ä¸ªæ‰¹æ¬¡çš„è¾“å‡º, ä¸æ»¡batchsizeæ˜¯æ­£å¸¸çš„:
 tensor([[0.8960],
        [0.8577],
        [0.9720],
        [0.1321],
        [0.8252],
        [0.0615],
        [0.6366],
        [0.3585],
        [0.7007],
        [0.9076],
        [0.0259],
        [0.0498]], device='cuda:0', grad_fn=<SigmoidBackward0>)
Epoch [94/100], T_AUC: [4m0.8248[0m
Epoch [94/100], Loss: 14.0473
val_Accuracy: [92m0.7895[0m
val_Precision: [4;34m0.7993[0m,               val_Recall: [4;33m0.7604[0m,                 val_F1 Score: [4;35m0.7741[0m
æ ‡ç­¾é‡Œ1çš„ä¸ªæ•°:  430
æ ‡ç­¾é‡Œ0çš„ä¸ªæ•°:  430
æ€»æ•°:  860
æ­£ç¡®çš„ä¸ªæ•°:  679
Epoch [94/100], V_AUC: [4m0.7862[0m
Epoch [95/100], Loss: 54.6786
train_Accuracy: [91m0.8205[0m
train_Precision: [4;34m0.8102[0m,               train_Recall: [4;33m0.8473[0m,                 train_F1 Score: [4;35m0.8227[0m
æ ‡ç­¾é‡Œ1çš„ä¸ªæ•°:  2150
æ ‡ç­¾é‡Œ0çš„ä¸ªæ•°:  2150
æ€»æ•°:  4300
æ­£ç¡®çš„ä¸ªæ•°:  3528
æœ€åä¸€ä¸ªæ‰¹æ¬¡çš„è¾“å‡º, ä¸æ»¡batchsizeæ˜¯æ­£å¸¸çš„:
 tensor([[0.9042],
        [0.7466],
        [0.9633],
        [0.1542],
        [0.7976],
        [0.0651],
        [0.6603],
        [0.3273],
        [0.7426],
        [0.9142],
        [0.0260],
        [0.1033]], device='cuda:0', grad_fn=<SigmoidBackward0>)
Epoch [95/100], T_AUC: [4m0.8264[0m
Epoch [95/100], Loss: 14.4608
val_Accuracy: [92m0.7779[0m
val_Precision: [4;34m0.7918[0m,               val_Recall: [4;33m0.7438[0m,                 val_F1 Score: [4;35m0.7611[0m
æ ‡ç­¾é‡Œ1çš„ä¸ªæ•°:  430
æ ‡ç­¾é‡Œ0çš„ä¸ªæ•°:  430
æ€»æ•°:  860
æ­£ç¡®çš„ä¸ªæ•°:  669
Epoch [95/100], V_AUC: [4m0.7755[0m
Epoch [96/100], Loss: 54.7577
train_Accuracy: [91m0.8195[0m
train_Precision: [4;34m0.8121[0m,               train_Recall: [4;33m0.8427[0m,                 train_F1 Score: [4;35m0.8214[0m
æ ‡ç­¾é‡Œ1çš„ä¸ªæ•°:  2150
æ ‡ç­¾é‡Œ0çš„ä¸ªæ•°:  2150
æ€»æ•°:  4300
æ­£ç¡®çš„ä¸ªæ•°:  3524
æœ€åä¸€ä¸ªæ‰¹æ¬¡çš„è¾“å‡º, ä¸æ»¡batchsizeæ˜¯æ­£å¸¸çš„:
 tensor([[0.9049],
        [0.8905],
        [0.9632],
        [0.1111],
        [0.8103],
        [0.0541],
        [0.6261],
        [0.2971],
        [0.7273],
        [0.9212],
        [0.0239],
        [0.0929]], device='cuda:0', grad_fn=<SigmoidBackward0>)
Epoch [96/100], T_AUC: [4m0.8249[0m
Epoch [96/100], Loss: 14.4647
val_Accuracy: [92m0.7872[0m
val_Precision: [4;34m0.8094[0m,               val_Recall: [4;33m0.7436[0m,                 val_F1 Score: [4;35m0.7696[0m
æ ‡ç­¾é‡Œ1çš„ä¸ªæ•°:  430
æ ‡ç­¾é‡Œ0çš„ä¸ªæ•°:  430
æ€»æ•°:  860
æ­£ç¡®çš„ä¸ªæ•°:  677
Epoch [96/100], V_AUC: [4m0.7844[0m
Epoch [97/100], Loss: 54.7733
train_Accuracy: [91m0.8200[0m
train_Precision: [4;34m0.8098[0m,               train_Recall: [4;33m0.8451[0m,                 train_F1 Score: [4;35m0.8215[0m
æ ‡ç­¾é‡Œ1çš„ä¸ªæ•°:  2150
æ ‡ç­¾é‡Œ0çš„ä¸ªæ•°:  2150
æ€»æ•°:  4300
æ­£ç¡®çš„ä¸ªæ•°:  3526
æœ€åä¸€ä¸ªæ‰¹æ¬¡çš„è¾“å‡º, ä¸æ»¡batchsizeæ˜¯æ­£å¸¸çš„:
 tensor([[0.9168],
        [0.8479],
        [0.9676],
        [0.1005],
        [0.8200],
        [0.0562],
        [0.5946],
        [0.3448],
        [0.7274],
        [0.9212],
        [0.0278],
        [0.0744]], device='cuda:0', grad_fn=<SigmoidBackward0>)
Epoch [97/100], T_AUC: [4m0.8259[0m
Epoch [97/100], Loss: 14.0410
val_Accuracy: [92m0.7930[0m
val_Precision: [4;34m0.8056[0m,               val_Recall: [4;33m0.7640[0m,                 val_F1 Score: [4;35m0.7787[0m
æ ‡ç­¾é‡Œ1çš„ä¸ªæ•°:  430
æ ‡ç­¾é‡Œ0çš„ä¸ªæ•°:  430
æ€»æ•°:  860
æ­£ç¡®çš„ä¸ªæ•°:  682
Epoch [97/100], V_AUC: [4m0.7904[0m
Epoch [98/100], Loss: 54.8749
train_Accuracy: [91m0.8193[0m
train_Precision: [4;34m0.8095[0m,               train_Recall: [4;33m0.8453[0m,                 train_F1 Score: [4;35m0.8208[0m
æ ‡ç­¾é‡Œ1çš„ä¸ªæ•°:  2150
æ ‡ç­¾é‡Œ0çš„ä¸ªæ•°:  2150
æ€»æ•°:  4300
æ­£ç¡®çš„ä¸ªæ•°:  3523
æœ€åä¸€ä¸ªæ‰¹æ¬¡çš„è¾“å‡º, ä¸æ»¡batchsizeæ˜¯æ­£å¸¸çš„:
 tensor([[0.8851],
        [0.9040],
        [0.9628],
        [0.1322],
        [0.8304],
        [0.0612],
        [0.5961],
        [0.3306],
        [0.7126],
        [0.9090],
        [0.0268],
        [0.0698]], device='cuda:0', grad_fn=<SigmoidBackward0>)
Epoch [98/100], T_AUC: [4m0.8259[0m
Epoch [98/100], Loss: 14.1971
val_Accuracy: [92m0.7791[0m
val_Precision: [4;34m0.7893[0m,               val_Recall: [4;33m0.7506[0m,                 val_F1 Score: [4;35m0.7636[0m
æ ‡ç­¾é‡Œ1çš„ä¸ªæ•°:  430
æ ‡ç­¾é‡Œ0çš„ä¸ªæ•°:  430
æ€»æ•°:  860
æ­£ç¡®çš„ä¸ªæ•°:  670
Epoch [98/100], V_AUC: [4m0.7772[0m
Epoch [99/100], Loss: 54.5382
train_Accuracy: [91m0.8202[0m
train_Precision: [4;34m0.8109[0m,               train_Recall: [4;33m0.8449[0m,                 train_F1 Score: [4;35m0.8218[0m
æ ‡ç­¾é‡Œ1çš„ä¸ªæ•°:  2150
æ ‡ç­¾é‡Œ0çš„ä¸ªæ•°:  2150
æ€»æ•°:  4300
æ­£ç¡®çš„ä¸ªæ•°:  3527
æœ€åä¸€ä¸ªæ‰¹æ¬¡çš„è¾“å‡º, ä¸æ»¡batchsizeæ˜¯æ­£å¸¸çš„:
 tensor([[0.9094],
        [0.8828],
        [0.9701],
        [0.1279],
        [0.8293],
        [0.0548],
        [0.5832],
        [0.3189],
        [0.7482],
        [0.9185],
        [0.0230],
        [0.0693]], device='cuda:0', grad_fn=<SigmoidBackward0>)
Epoch [99/100], T_AUC: [4m0.8264[0m
Epoch [99/100], Loss: 14.1611
val_Accuracy: [92m0.7791[0m
val_Precision: [4;34m0.7790[0m,               val_Recall: [4;33m0.7636[0m,                 val_F1 Score: [4;35m0.7665[0m
æ ‡ç­¾é‡Œ1çš„ä¸ªæ•°:  430
æ ‡ç­¾é‡Œ0çš„ä¸ªæ•°:  430
æ€»æ•°:  860
æ­£ç¡®çš„ä¸ªæ•°:  670
Epoch [99/100], V_AUC: [4m0.7769[0m
Epoch [100/100], Loss: 54.8222
train_Accuracy: [91m0.8226[0m
train_Precision: [4;34m0.8143[0m,               train_Recall: [4;33m0.8447[0m,                 train_F1 Score: [4;35m0.8239[0m
æ ‡ç­¾é‡Œ1çš„ä¸ªæ•°:  2150
æ ‡ç­¾é‡Œ0çš„ä¸ªæ•°:  2150
æ€»æ•°:  4300
æ­£ç¡®çš„ä¸ªæ•°:  3537
æœ€åä¸€ä¸ªæ‰¹æ¬¡çš„è¾“å‡º, ä¸æ»¡batchsizeæ˜¯æ­£å¸¸çš„:
 tensor([[0.8794],
        [0.9024],
        [0.9609],
        [0.1496],
        [0.8023],
        [0.0686],
        [0.6234],
        [0.3282],
        [0.7184],
        [0.8939],
        [0.0281],
        [0.0788]], device='cuda:0', grad_fn=<SigmoidBackward0>)
Epoch [100/100], T_AUC: [4m0.8286[0m
Epoch [100/100], Loss: 14.0282
val_Accuracy: [92m0.7837[0m
val_Precision: [4;34m0.7898[0m,               val_Recall: [4;33m0.7638[0m,                 val_F1 Score: [4;35m0.7702[0m
æ ‡ç­¾é‡Œ1çš„ä¸ªæ•°:  430
æ ‡ç­¾é‡Œ0çš„ä¸ªæ•°:  430
æ€»æ•°:  860
æ­£ç¡®çš„ä¸ªæ•°:  674
Epoch [100/100], V_AUC: [4m0.7812[0m
ç¬¬0æ‰¹ç¬¬2ä¸ª, 100
ç¬¬0æ‰¹ç¬¬15ä¸ª, 100
ç¬¬1æ‰¹ç¬¬0ä¸ª, 100
ç¬¬1æ‰¹ç¬¬13ä¸ª, 100
ç¬¬1æ‰¹ç¬¬16ä¸ª, 100
send email successfully
