2024-06-26-00:20:45
1æ’åº128-0.5
åˆ›å»ºæ¨¡å‹å®ä¾‹
æ¨¡å‹å®ä¾‹åˆ›å»ºå®Œæˆ
åŠ è½½é¢„è®­ç»ƒå‚æ•°
é¢„è®­ç»ƒå‚æ•°åŠ è½½å®Œæˆ
Epoch [1/100], Loss: 60.3674
train_Accuracy: [91m0.8051[0m
train_Precision: [4;34m0.8311[0m,               train_Recall: [4;33m0.7755[0m,                 train_F1 Score: [4;35m0.7971[0m
æ ‡ç­¾é‡Œ1çš„ä¸ªæ•°:  2150
æ ‡ç­¾é‡Œ0çš„ä¸ªæ•°:  2150
æ€»æ•°:  4300
æ­£ç¡®çš„ä¸ªæ•°:  3462
æœ€åä¸€ä¸ªæ‰¹æ¬¡çš„è¾“å‡º, ä¸æ»¡batchsizeæ˜¯æ­£å¸¸çš„:
 tensor([[0.9197],
        [0.8574],
        [0.9728],
        [0.1548],
        [0.7564],
        [0.1668],
        [0.5619],
        [0.3321],
        [0.4320],
        [0.8984],
        [0.0327],
        [0.0607]], device='cuda:0', grad_fn=<SigmoidBackward0>)
Epoch [1/100], T_AUC: [4m0.8105[0m
Epoch [1/100], Loss: 13.5188
val_Accuracy: [92m0.8035[0m
val_Precision: [4;34m0.8420[0m,               val_Recall: [4;33m0.7407[0m,                 val_F1 Score: [4;35m0.7832[0m
æ ‡ç­¾é‡Œ1çš„ä¸ªæ•°:  430
æ ‡ç­¾é‡Œ0çš„ä¸ªæ•°:  430
æ€»æ•°:  860
æ­£ç¡®çš„ä¸ªæ•°:  691
Epoch [1/100], V_AUC: [4m0.8002[0m
Epoch [2/100], Loss: 59.0614
train_Accuracy: [91m0.8109[0m
train_Precision: [4;34m0.8368[0m,               train_Recall: [4;33m0.7824[0m,                 train_F1 Score: [4;35m0.8036[0m
æ ‡ç­¾é‡Œ1çš„ä¸ªæ•°:  2150
æ ‡ç­¾é‡Œ0çš„ä¸ªæ•°:  2150
æ€»æ•°:  4300
æ­£ç¡®çš„ä¸ªæ•°:  3487
æœ€åä¸€ä¸ªæ‰¹æ¬¡çš„è¾“å‡º, ä¸æ»¡batchsizeæ˜¯æ­£å¸¸çš„:
 tensor([[0.9132],
        [0.8491],
        [0.9652],
        [0.1715],
        [0.7396],
        [0.1620],
        [0.5494],
        [0.3362],
        [0.4642],
        [0.8879],
        [0.0375],
        [0.0712]], device='cuda:0', grad_fn=<SigmoidBackward0>)
Epoch [2/100], T_AUC: [4m0.8169[0m
Epoch [2/100], Loss: 13.4915
val_Accuracy: [92m0.7988[0m
val_Precision: [4;34m0.8414[0m,               val_Recall: [4;33m0.7301[0m,                 val_F1 Score: [4;35m0.7771[0m
æ ‡ç­¾é‡Œ1çš„ä¸ªæ•°:  430
æ ‡ç­¾é‡Œ0çš„ä¸ªæ•°:  430
æ€»æ•°:  860
æ­£ç¡®çš„ä¸ªæ•°:  687
Epoch [2/100], V_AUC: [4m0.7960[0m
Epoch [3/100], Loss: 59.0446
train_Accuracy: [91m0.8107[0m
train_Precision: [4;34m0.8361[0m,               train_Recall: [4;33m0.7828[0m,                 train_F1 Score: [4;35m0.8034[0m
æ ‡ç­¾é‡Œ1çš„ä¸ªæ•°:  2150
æ ‡ç­¾é‡Œ0çš„ä¸ªæ•°:  2150
æ€»æ•°:  4300
æ­£ç¡®çš„ä¸ªæ•°:  3486
æœ€åä¸€ä¸ªæ‰¹æ¬¡çš„è¾“å‡º, ä¸æ»¡batchsizeæ˜¯æ­£å¸¸çš„:
 tensor([[0.8998],
        [0.8414],
        [0.9541],
        [0.1680],
        [0.7445],
        [0.1563],
        [0.5446],
        [0.3796],
        [0.5208],
        [0.8835],
        [0.0358],
        [0.0849]], device='cuda:0', grad_fn=<SigmoidBackward0>)
Epoch [3/100], T_AUC: [4m0.8166[0m
Epoch [3/100], Loss: 13.3037
val_Accuracy: [92m0.7977[0m
val_Precision: [4;34m0.8295[0m,               val_Recall: [4;33m0.7413[0m,                 val_F1 Score: [4;35m0.7784[0m
æ ‡ç­¾é‡Œ1çš„ä¸ªæ•°:  430
æ ‡ç­¾é‡Œ0çš„ä¸ªæ•°:  430
æ€»æ•°:  860
æ­£ç¡®çš„ä¸ªæ•°:  686
Epoch [3/100], V_AUC: [4m0.7952[0m
Epoch [4/100], Loss: 58.9926
train_Accuracy: [91m0.8116[0m
train_Precision: [4;34m0.8367[0m,               train_Recall: [4;33m0.7824[0m,                 train_F1 Score: [4;35m0.8036[0m
æ ‡ç­¾é‡Œ1çš„ä¸ªæ•°:  2150
æ ‡ç­¾é‡Œ0çš„ä¸ªæ•°:  2150
æ€»æ•°:  4300
æ­£ç¡®çš„ä¸ªæ•°:  3490
æœ€åä¸€ä¸ªæ‰¹æ¬¡çš„è¾“å‡º, ä¸æ»¡batchsizeæ˜¯æ­£å¸¸çš„:
 tensor([[0.9056],
        [0.8613],
        [0.9562],
        [0.1640],
        [0.7673],
        [0.1425],
        [0.5642],
        [0.3570],
        [0.4765],
        [0.8810],
        [0.0362],
        [0.0801]], device='cuda:0', grad_fn=<SigmoidBackward0>)
Epoch [4/100], T_AUC: [4m0.8172[0m
Epoch [4/100], Loss: 13.4597
val_Accuracy: [92m0.7988[0m
val_Precision: [4;34m0.8267[0m,               val_Recall: [4;33m0.7482[0m,                 val_F1 Score: [4;35m0.7810[0m
æ ‡ç­¾é‡Œ1çš„ä¸ªæ•°:  430
æ ‡ç­¾é‡Œ0çš„ä¸ªæ•°:  430
æ€»æ•°:  860
æ­£ç¡®çš„ä¸ªæ•°:  687
Epoch [4/100], V_AUC: [4m0.7961[0m
Epoch [5/100], Loss: 58.8549
train_Accuracy: [91m0.8137[0m
train_Precision: [4;34m0.8383[0m,               train_Recall: [4;33m0.7854[0m,                 train_F1 Score: [4;35m0.8062[0m
æ ‡ç­¾é‡Œ1çš„ä¸ªæ•°:  2150
æ ‡ç­¾é‡Œ0çš„ä¸ªæ•°:  2150
æ€»æ•°:  4300
æ­£ç¡®çš„ä¸ªæ•°:  3499
æœ€åä¸€ä¸ªæ‰¹æ¬¡çš„è¾“å‡º, ä¸æ»¡batchsizeæ˜¯æ­£å¸¸çš„:
 tensor([[0.8957],
        [0.8542],
        [0.9471],
        [0.1771],
        [0.7710],
        [0.1499],
        [0.5477],
        [0.3880],
        [0.4740],
        [0.8727],
        [0.0377],
        [0.0800]], device='cuda:0', grad_fn=<SigmoidBackward0>)
Epoch [5/100], T_AUC: [4m0.8189[0m
Epoch [5/100], Loss: 13.3918
val_Accuracy: [92m0.7988[0m
val_Precision: [4;34m0.8327[0m,               val_Recall: [4;33m0.7380[0m,                 val_F1 Score: [4;35m0.7778[0m
æ ‡ç­¾é‡Œ1çš„ä¸ªæ•°:  430
æ ‡ç­¾é‡Œ0çš„ä¸ªæ•°:  430
æ€»æ•°:  860
æ­£ç¡®çš„ä¸ªæ•°:  687
Epoch [5/100], V_AUC: [4m0.7957[0m
Epoch [6/100], Loss: 58.7737
train_Accuracy: [91m0.8098[0m
train_Precision: [4;34m0.8343[0m,               train_Recall: [4;33m0.7821[0m,                 train_F1 Score: [4;35m0.8022[0m
æ ‡ç­¾é‡Œ1çš„ä¸ªæ•°:  2150
æ ‡ç­¾é‡Œ0çš„ä¸ªæ•°:  2150
æ€»æ•°:  4300
æ­£ç¡®çš„ä¸ªæ•°:  3482
æœ€åä¸€ä¸ªæ‰¹æ¬¡çš„è¾“å‡º, ä¸æ»¡batchsizeæ˜¯æ­£å¸¸çš„:
 tensor([[0.9052],
        [0.8574],
        [0.9443],
        [0.1726],
        [0.7724],
        [0.1416],
        [0.5130],
        [0.3777],
        [0.4585],
        [0.8847],
        [0.0445],
        [0.0829]], device='cuda:0', grad_fn=<SigmoidBackward0>)
Epoch [6/100], T_AUC: [4m0.8153[0m
Epoch [6/100], Loss: 13.4533
val_Accuracy: [92m0.7977[0m
val_Precision: [4;34m0.8346[0m,               val_Recall: [4;33m0.7334[0m,                 val_F1 Score: [4;35m0.7760[0m
æ ‡ç­¾é‡Œ1çš„ä¸ªæ•°:  430
æ ‡ç­¾é‡Œ0çš„ä¸ªæ•°:  430
æ€»æ•°:  860
æ­£ç¡®çš„ä¸ªæ•°:  686
Epoch [6/100], V_AUC: [4m0.7944[0m
Epoch [7/100], Loss: 58.5225
train_Accuracy: [91m0.8095[0m
train_Precision: [4;34m0.8331[0m,               train_Recall: [4;33m0.7833[0m,                 train_F1 Score: [4;35m0.8024[0m
æ ‡ç­¾é‡Œ1çš„ä¸ªæ•°:  2150
æ ‡ç­¾é‡Œ0çš„ä¸ªæ•°:  2150
æ€»æ•°:  4300
æ­£ç¡®çš„ä¸ªæ•°:  3481
æœ€åä¸€ä¸ªæ‰¹æ¬¡çš„è¾“å‡º, ä¸æ»¡batchsizeæ˜¯æ­£å¸¸çš„:
 tensor([[0.9071],
        [0.8638],
        [0.9488],
        [0.1647],
        [0.7444],
        [0.1396],
        [0.5050],
        [0.3825],
        [0.4606],
        [0.8829],
        [0.0465],
        [0.0817]], device='cuda:0', grad_fn=<SigmoidBackward0>)
Epoch [7/100], T_AUC: [4m0.8149[0m
Epoch [7/100], Loss: 13.4930
val_Accuracy: [92m0.7965[0m
val_Precision: [4;34m0.8381[0m,               val_Recall: [4;33m0.7266[0m,                 val_F1 Score: [4;35m0.7737[0m
æ ‡ç­¾é‡Œ1çš„ä¸ªæ•°:  430
æ ‡ç­¾é‡Œ0çš„ä¸ªæ•°:  430
æ€»æ•°:  860
æ­£ç¡®çš„ä¸ªæ•°:  685
Epoch [7/100], V_AUC: [4m0.7932[0m
Epoch [8/100], Loss: 58.2772
train_Accuracy: [91m0.8123[0m
train_Precision: [4;34m0.8348[0m,               train_Recall: [4;33m0.7885[0m,                 train_F1 Score: [4;35m0.8057[0m
æ ‡ç­¾é‡Œ1çš„ä¸ªæ•°:  2150
æ ‡ç­¾é‡Œ0çš„ä¸ªæ•°:  2150
æ€»æ•°:  4300
æ­£ç¡®çš„ä¸ªæ•°:  3493
æœ€åä¸€ä¸ªæ‰¹æ¬¡çš„è¾“å‡º, ä¸æ»¡batchsizeæ˜¯æ­£å¸¸çš„:
 tensor([[0.8995],
        [0.8499],
        [0.9514],
        [0.1634],
        [0.7677],
        [0.1354],
        [0.5293],
        [0.3805],
        [0.4720],
        [0.8751],
        [0.0412],
        [0.0818]], device='cuda:0', grad_fn=<SigmoidBackward0>)
Epoch [8/100], T_AUC: [4m0.8177[0m
Epoch [8/100], Loss: 13.6093
val_Accuracy: [92m0.7965[0m
val_Precision: [4;34m0.8412[0m,               val_Recall: [4;33m0.7242[0m,                 val_F1 Score: [4;35m0.7732[0m
æ ‡ç­¾é‡Œ1çš„ä¸ªæ•°:  430
æ ‡ç­¾é‡Œ0çš„ä¸ªæ•°:  430
æ€»æ•°:  860
æ­£ç¡®çš„ä¸ªæ•°:  685
Epoch [8/100], V_AUC: [4m0.7929[0m
Epoch [9/100], Loss: 58.0668
train_Accuracy: [91m0.8123[0m
train_Precision: [4;34m0.8358[0m,               train_Recall: [4;33m0.7863[0m,                 train_F1 Score: [4;35m0.8051[0m
æ ‡ç­¾é‡Œ1çš„ä¸ªæ•°:  2150
æ ‡ç­¾é‡Œ0çš„ä¸ªæ•°:  2150
æ€»æ•°:  4300
æ­£ç¡®çš„ä¸ªæ•°:  3493
æœ€åä¸€ä¸ªæ‰¹æ¬¡çš„è¾“å‡º, ä¸æ»¡batchsizeæ˜¯æ­£å¸¸çš„:
 tensor([[0.8891],
        [0.8461],
        [0.9684],
        [0.1571],
        [0.7328],
        [0.1387],
        [0.5523],
        [0.3759],
        [0.4971],
        [0.8593],
        [0.0412],
        [0.0803]], device='cuda:0', grad_fn=<SigmoidBackward0>)
Epoch [9/100], T_AUC: [4m0.8176[0m
Epoch [9/100], Loss: 13.6613
val_Accuracy: [92m0.7942[0m
val_Precision: [4;34m0.8401[0m,               val_Recall: [4;33m0.7205[0m,                 val_F1 Score: [4;35m0.7712[0m
æ ‡ç­¾é‡Œ1çš„ä¸ªæ•°:  430
æ ‡ç­¾é‡Œ0çš„ä¸ªæ•°:  430
æ€»æ•°:  860
æ­£ç¡®çš„ä¸ªæ•°:  683
Epoch [9/100], V_AUC: [4m0.7912[0m
Epoch [10/100], Loss: 57.8499
train_Accuracy: [91m0.8135[0m
train_Precision: [4;34m0.8353[0m,               train_Recall: [4;33m0.7910[0m,                 train_F1 Score: [4;35m0.8070[0m
æ ‡ç­¾é‡Œ1çš„ä¸ªæ•°:  2150
æ ‡ç­¾é‡Œ0çš„ä¸ªæ•°:  2150
æ€»æ•°:  4300
æ­£ç¡®çš„ä¸ªæ•°:  3498
æœ€åä¸€ä¸ªæ‰¹æ¬¡çš„è¾“å‡º, ä¸æ»¡batchsizeæ˜¯æ­£å¸¸çš„:
 tensor([[0.8958],
        [0.8487],
        [0.9619],
        [0.1514],
        [0.7473],
        [0.1278],
        [0.5501],
        [0.3956],
        [0.5426],
        [0.8646],
        [0.0380],
        [0.0781]], device='cuda:0', grad_fn=<SigmoidBackward0>)
Epoch [10/100], T_AUC: [4m0.8196[0m
Epoch [10/100], Loss: 13.5734
val_Accuracy: [92m0.7942[0m
val_Precision: [4;34m0.8372[0m,               val_Recall: [4;33m0.7220[0m,                 val_F1 Score: [4;35m0.7707[0m
æ ‡ç­¾é‡Œ1çš„ä¸ªæ•°:  430
æ ‡ç­¾é‡Œ0çš„ä¸ªæ•°:  430
æ€»æ•°:  860
æ­£ç¡®çš„ä¸ªæ•°:  683
Epoch [10/100], V_AUC: [4m0.7909[0m
Epoch [11/100], Loss: 57.6433
train_Accuracy: [91m0.8156[0m
train_Precision: [4;34m0.8364[0m,               train_Recall: [4;33m0.7936[0m,                 train_F1 Score: [4;35m0.8092[0m
æ ‡ç­¾é‡Œ1çš„ä¸ªæ•°:  2150
æ ‡ç­¾é‡Œ0çš„ä¸ªæ•°:  2150
æ€»æ•°:  4300
æ­£ç¡®çš„ä¸ªæ•°:  3507
æœ€åä¸€ä¸ªæ‰¹æ¬¡çš„è¾“å‡º, ä¸æ»¡batchsizeæ˜¯æ­£å¸¸çš„:
 tensor([[0.9062],
        [0.8583],
        [0.9602],
        [0.1366],
        [0.7464],
        [0.1060],
        [0.5641],
        [0.3910],
        [0.5611],
        [0.8712],
        [0.0405],
        [0.0702]], device='cuda:0', grad_fn=<SigmoidBackward0>)
Epoch [11/100], T_AUC: [4m0.8213[0m
Epoch [11/100], Loss: 13.7391
val_Accuracy: [92m0.7953[0m
val_Precision: [4;34m0.8359[0m,               val_Recall: [4;33m0.7269[0m,                 val_F1 Score: [4;35m0.7729[0m
æ ‡ç­¾é‡Œ1çš„ä¸ªæ•°:  430
æ ‡ç­¾é‡Œ0çš„ä¸ªæ•°:  430
æ€»æ•°:  860
æ­£ç¡®çš„ä¸ªæ•°:  684
Epoch [11/100], V_AUC: [4m0.7923[0m
Epoch [12/100], Loss: 57.5109
train_Accuracy: [91m0.8137[0m
train_Precision: [4;34m0.8337[0m,               train_Recall: [4;33m0.7936[0m,                 train_F1 Score: [4;35m0.8077[0m
æ ‡ç­¾é‡Œ1çš„ä¸ªæ•°:  2150
æ ‡ç­¾é‡Œ0çš„ä¸ªæ•°:  2150
æ€»æ•°:  4300
æ­£ç¡®çš„ä¸ªæ•°:  3499
æœ€åä¸€ä¸ªæ‰¹æ¬¡çš„è¾“å‡º, ä¸æ»¡batchsizeæ˜¯æ­£å¸¸çš„:
 tensor([[0.9104],
        [0.8587],
        [0.9597],
        [0.1376],
        [0.7541],
        [0.0973],
        [0.5790],
        [0.3749],
        [0.5932],
        [0.8711],
        [0.0373],
        [0.0713]], device='cuda:0', grad_fn=<SigmoidBackward0>)
Epoch [12/100], T_AUC: [4m0.8193[0m
Epoch [12/100], Loss: 13.7042
val_Accuracy: [92m0.7919[0m
val_Precision: [4;34m0.8306[0m,               val_Recall: [4;33m0.7242[0m,                 val_F1 Score: [4;35m0.7693[0m
æ ‡ç­¾é‡Œ1çš„ä¸ªæ•°:  430
æ ‡ç­¾é‡Œ0çš„ä¸ªæ•°:  430
æ€»æ•°:  860
æ­£ç¡®çš„ä¸ªæ•°:  681
Epoch [12/100], V_AUC: [4m0.7882[0m
Epoch [13/100], Loss: 57.4450
train_Accuracy: [91m0.8140[0m
train_Precision: [4;34m0.8332[0m,               train_Recall: [4;33m0.7947[0m,                 train_F1 Score: [4;35m0.8081[0m
æ ‡ç­¾é‡Œ1çš„ä¸ªæ•°:  2150
æ ‡ç­¾é‡Œ0çš„ä¸ªæ•°:  2150
æ€»æ•°:  4300
æ­£ç¡®çš„ä¸ªæ•°:  3500
æœ€åä¸€ä¸ªæ‰¹æ¬¡çš„è¾“å‡º, ä¸æ»¡batchsizeæ˜¯æ­£å¸¸çš„:
 tensor([[0.9046],
        [0.8420],
        [0.9681],
        [0.1287],
        [0.7581],
        [0.0903],
        [0.5818],
        [0.3630],
        [0.5959],
        [0.8623],
        [0.0410],
        [0.0701]], device='cuda:0', grad_fn=<SigmoidBackward0>)
Epoch [13/100], T_AUC: [4m0.8192[0m
Epoch [13/100], Loss: 13.9884
val_Accuracy: [92m0.7907[0m
val_Precision: [4;34m0.8317[0m,               val_Recall: [4;33m0.7198[0m,                 val_F1 Score: [4;35m0.7672[0m
æ ‡ç­¾é‡Œ1çš„ä¸ªæ•°:  430
æ ‡ç­¾é‡Œ0çš„ä¸ªæ•°:  430
æ€»æ•°:  860
æ­£ç¡®çš„ä¸ªæ•°:  680
Epoch [13/100], V_AUC: [4m0.7875[0m
Epoch [14/100], Loss: 57.2070
train_Accuracy: [91m0.8165[0m
train_Precision: [4;34m0.8376[0m,               train_Recall: [4;33m0.7954[0m,                 train_F1 Score: [4;35m0.8106[0m
æ ‡ç­¾é‡Œ1çš„ä¸ªæ•°:  2150
æ ‡ç­¾é‡Œ0çš„ä¸ªæ•°:  2150
æ€»æ•°:  4300
æ­£ç¡®çš„ä¸ªæ•°:  3511
æœ€åä¸€ä¸ªæ‰¹æ¬¡çš„è¾“å‡º, ä¸æ»¡batchsizeæ˜¯æ­£å¸¸çš„:
 tensor([[0.9008],
        [0.8371],
        [0.9739],
        [0.1187],
        [0.7457],
        [0.0862],
        [0.5868],
        [0.3263],
        [0.5919],
        [0.8726],
        [0.0468],
        [0.0726]], device='cuda:0', grad_fn=<SigmoidBackward0>)
Epoch [14/100], T_AUC: [4m0.8219[0m
Epoch [14/100], Loss: 14.3805
val_Accuracy: [92m0.7860[0m
val_Precision: [4;34m0.8415[0m,               val_Recall: [4;33m0.6999[0m,                 val_F1 Score: [4;35m0.7593[0m
æ ‡ç­¾é‡Œ1çš„ä¸ªæ•°:  430
æ ‡ç­¾é‡Œ0çš„ä¸ªæ•°:  430
æ€»æ•°:  860
æ­£ç¡®çš„ä¸ªæ•°:  676
Epoch [14/100], V_AUC: [4m0.7833[0m
Epoch [15/100], Loss: 57.0590
train_Accuracy: [91m0.8172[0m
train_Precision: [4;34m0.8389[0m,               train_Recall: [4;33m0.7957[0m,                 train_F1 Score: [4;35m0.8114[0m
æ ‡ç­¾é‡Œ1çš„ä¸ªæ•°:  2150
æ ‡ç­¾é‡Œ0çš„ä¸ªæ•°:  2150
æ€»æ•°:  4300
æ­£ç¡®çš„ä¸ªæ•°:  3514
æœ€åä¸€ä¸ªæ‰¹æ¬¡çš„è¾“å‡º, ä¸æ»¡batchsizeæ˜¯æ­£å¸¸çš„:
 tensor([[0.9050],
        [0.8324],
        [0.9724],
        [0.1316],
        [0.7343],
        [0.0935],
        [0.5800],
        [0.3578],
        [0.6076],
        [0.8694],
        [0.0384],
        [0.0685]], device='cuda:0', grad_fn=<SigmoidBackward0>)
Epoch [15/100], T_AUC: [4m0.8227[0m
Epoch [15/100], Loss: 14.3028
val_Accuracy: [92m0.7860[0m
val_Precision: [4;34m0.8344[0m,               val_Recall: [4;33m0.7068[0m,                 val_F1 Score: [4;35m0.7609[0m
æ ‡ç­¾é‡Œ1çš„ä¸ªæ•°:  430
æ ‡ç­¾é‡Œ0çš„ä¸ªæ•°:  430
æ€»æ•°:  860
æ­£ç¡®çš„ä¸ªæ•°:  676
Epoch [15/100], V_AUC: [4m0.7834[0m
Epoch [16/100], Loss: 56.9727
train_Accuracy: [91m0.8160[0m
train_Precision: [4;34m0.8376[0m,               train_Recall: [4;33m0.7945[0m,                 train_F1 Score: [4;35m0.8101[0m
æ ‡ç­¾é‡Œ1çš„ä¸ªæ•°:  2150
æ ‡ç­¾é‡Œ0çš„ä¸ªæ•°:  2150
æ€»æ•°:  4300
æ­£ç¡®çš„ä¸ªæ•°:  3509
æœ€åä¸€ä¸ªæ‰¹æ¬¡çš„è¾“å‡º, ä¸æ»¡batchsizeæ˜¯æ­£å¸¸çš„:
 tensor([[0.9098],
        [0.8270],
        [0.9730],
        [0.1217],
        [0.7400],
        [0.0826],
        [0.5876],
        [0.3518],
        [0.6121],
        [0.8735],
        [0.0460],
        [0.0654]], device='cuda:0', grad_fn=<SigmoidBackward0>)
Epoch [16/100], T_AUC: [4m0.8214[0m
Epoch [16/100], Loss: 14.4028
val_Accuracy: [92m0.7884[0m
val_Precision: [4;34m0.8352[0m,               val_Recall: [4;33m0.7112[0m,                 val_F1 Score: [4;35m0.7641[0m
æ ‡ç­¾é‡Œ1çš„ä¸ªæ•°:  430
æ ‡ç­¾é‡Œ0çš„ä¸ªæ•°:  430
æ€»æ•°:  860
æ­£ç¡®çš„ä¸ªæ•°:  678
Epoch [16/100], V_AUC: [4m0.7846[0m
Epoch [17/100], Loss: 56.8547
train_Accuracy: [91m0.8167[0m
train_Precision: [4;34m0.8385[0m,               train_Recall: [4;33m0.7946[0m,                 train_F1 Score: [4;35m0.8106[0m
æ ‡ç­¾é‡Œ1çš„ä¸ªæ•°:  2150
æ ‡ç­¾é‡Œ0çš„ä¸ªæ•°:  2150
æ€»æ•°:  4300
æ­£ç¡®çš„ä¸ªæ•°:  3512
æœ€åä¸€ä¸ªæ‰¹æ¬¡çš„è¾“å‡º, ä¸æ»¡batchsizeæ˜¯æ­£å¸¸çš„:
 tensor([[0.9048],
        [0.8103],
        [0.9763],
        [0.1313],
        [0.7345],
        [0.0807],
        [0.5912],
        [0.3426],
        [0.6254],
        [0.8745],
        [0.0439],
        [0.0656]], device='cuda:0', grad_fn=<SigmoidBackward0>)
Epoch [17/100], T_AUC: [4m0.8221[0m
Epoch [17/100], Loss: 14.3315
val_Accuracy: [92m0.7930[0m
val_Precision: [4;34m0.8350[0m,               val_Recall: [4;33m0.7222[0m,                 val_F1 Score: [4;35m0.7703[0m
æ ‡ç­¾é‡Œ1çš„ä¸ªæ•°:  430
æ ‡ç­¾é‡Œ0çš„ä¸ªæ•°:  430
æ€»æ•°:  860
æ­£ç¡®çš„ä¸ªæ•°:  682
Epoch [17/100], V_AUC: [4m0.7889[0m
Epoch [18/100], Loss: 56.7766
train_Accuracy: [91m0.8177[0m
train_Precision: [4;34m0.8404[0m,               train_Recall: [4;33m0.7949[0m,                 train_F1 Score: [4;35m0.8114[0m
æ ‡ç­¾é‡Œ1çš„ä¸ªæ•°:  2150
æ ‡ç­¾é‡Œ0çš„ä¸ªæ•°:  2150
æ€»æ•°:  4300
æ­£ç¡®çš„ä¸ªæ•°:  3516
æœ€åä¸€ä¸ªæ‰¹æ¬¡çš„è¾“å‡º, ä¸æ»¡batchsizeæ˜¯æ­£å¸¸çš„:
 tensor([[0.9077],
        [0.8134],
        [0.9745],
        [0.1421],
        [0.7396],
        [0.0825],
        [0.5945],
        [0.3393],
        [0.6360],
        [0.8709],
        [0.0420],
        [0.0690]], device='cuda:0', grad_fn=<SigmoidBackward0>)
Epoch [18/100], T_AUC: [4m0.8232[0m
Epoch [18/100], Loss: 14.2102
val_Accuracy: [92m0.7919[0m
val_Precision: [4;34m0.8283[0m,               val_Recall: [4;33m0.7265[0m,                 val_F1 Score: [4;35m0.7699[0m
æ ‡ç­¾é‡Œ1çš„ä¸ªæ•°:  430
æ ‡ç­¾é‡Œ0çš„ä¸ªæ•°:  430
æ€»æ•°:  860
æ­£ç¡®çš„ä¸ªæ•°:  681
Epoch [18/100], V_AUC: [4m0.7881[0m
Epoch [19/100], Loss: 56.7331
train_Accuracy: [91m0.8167[0m
train_Precision: [4;34m0.8394[0m,               train_Recall: [4;33m0.7947[0m,                 train_F1 Score: [4;35m0.8108[0m
æ ‡ç­¾é‡Œ1çš„ä¸ªæ•°:  2150
æ ‡ç­¾é‡Œ0çš„ä¸ªæ•°:  2150
æ€»æ•°:  4300
æ­£ç¡®çš„ä¸ªæ•°:  3512
æœ€åä¸€ä¸ªæ‰¹æ¬¡çš„è¾“å‡º, ä¸æ»¡batchsizeæ˜¯æ­£å¸¸çš„:
 tensor([[0.9066],
        [0.8153],
        [0.9767],
        [0.1338],
        [0.7116],
        [0.0816],
        [0.5782],
        [0.3478],
        [0.6442],
        [0.8669],
        [0.0445],
        [0.0731]], device='cuda:0', grad_fn=<SigmoidBackward0>)
Epoch [19/100], T_AUC: [4m0.8221[0m
Epoch [19/100], Loss: 14.2067
val_Accuracy: [92m0.7930[0m
val_Precision: [4;34m0.8327[0m,               val_Recall: [4;33m0.7245[0m,                 val_F1 Score: [4;35m0.7705[0m
æ ‡ç­¾é‡Œ1çš„ä¸ªæ•°:  430
æ ‡ç­¾é‡Œ0çš„ä¸ªæ•°:  430
æ€»æ•°:  860
æ­£ç¡®çš„ä¸ªæ•°:  682
Epoch [19/100], V_AUC: [4m0.7895[0m
Epoch [20/100], Loss: 56.6961
train_Accuracy: [91m0.8198[0m
train_Precision: [4;34m0.8413[0m,               train_Recall: [4;33m0.7986[0m,                 train_F1 Score: [4;35m0.8140[0m
æ ‡ç­¾é‡Œ1çš„ä¸ªæ•°:  2150
æ ‡ç­¾é‡Œ0çš„ä¸ªæ•°:  2150
æ€»æ•°:  4300
æ­£ç¡®çš„ä¸ªæ•°:  3525
æœ€åä¸€ä¸ªæ‰¹æ¬¡çš„è¾“å‡º, ä¸æ»¡batchsizeæ˜¯æ­£å¸¸çš„:
 tensor([[0.9076],
        [0.8054],
        [0.9772],
        [0.1284],
        [0.7351],
        [0.0820],
        [0.5768],
        [0.2993],
        [0.6623],
        [0.8760],
        [0.0556],
        [0.0677]], device='cuda:0', grad_fn=<SigmoidBackward0>)
Epoch [20/100], T_AUC: [4m0.8248[0m
Epoch [20/100], Loss: 14.1121
val_Accuracy: [92m0.7953[0m
val_Precision: [4;34m0.8334[0m,               val_Recall: [4;33m0.7286[0m,                 val_F1 Score: [4;35m0.7729[0m
æ ‡ç­¾é‡Œ1çš„ä¸ªæ•°:  430
æ ‡ç­¾é‡Œ0çš„ä¸ªæ•°:  430
æ€»æ•°:  860
æ­£ç¡®çš„ä¸ªæ•°:  684
Epoch [20/100], V_AUC: [4m0.7915[0m
Epoch [21/100], Loss: 56.6344
train_Accuracy: [91m0.8186[0m
train_Precision: [4;34m0.8399[0m,               train_Recall: [4;33m0.7974[0m,                 train_F1 Score: [4;35m0.8125[0m
æ ‡ç­¾é‡Œ1çš„ä¸ªæ•°:  2150
æ ‡ç­¾é‡Œ0çš„ä¸ªæ•°:  2150
æ€»æ•°:  4300
æ­£ç¡®çš„ä¸ªæ•°:  3520
æœ€åä¸€ä¸ªæ‰¹æ¬¡çš„è¾“å‡º, ä¸æ»¡batchsizeæ˜¯æ­£å¸¸çš„:
 tensor([[0.9040],
        [0.8060],
        [0.9773],
        [0.1307],
        [0.7358],
        [0.0858],
        [0.5737],
        [0.3267],
        [0.6594],
        [0.8760],
        [0.0478],
        [0.0663]], device='cuda:0', grad_fn=<SigmoidBackward0>)
Epoch [21/100], T_AUC: [4m0.8237[0m
Epoch [21/100], Loss: 14.1563
val_Accuracy: [92m0.7953[0m
val_Precision: [4;34m0.8316[0m,               val_Recall: [4;33m0.7307[0m,                 val_F1 Score: [4;35m0.7734[0m
æ ‡ç­¾é‡Œ1çš„ä¸ªæ•°:  430
æ ‡ç­¾é‡Œ0çš„ä¸ªæ•°:  430
æ€»æ•°:  860
æ­£ç¡®çš„ä¸ªæ•°:  684
Epoch [21/100], V_AUC: [4m0.7909[0m
Epoch [22/100], Loss: 56.5757
train_Accuracy: [91m0.8198[0m
train_Precision: [4;34m0.8410[0m,               train_Recall: [4;33m0.7993[0m,                 train_F1 Score: [4;35m0.8140[0m
æ ‡ç­¾é‡Œ1çš„ä¸ªæ•°:  2150
æ ‡ç­¾é‡Œ0çš„ä¸ªæ•°:  2150
æ€»æ•°:  4300
æ­£ç¡®çš„ä¸ªæ•°:  3525
æœ€åä¸€ä¸ªæ‰¹æ¬¡çš„è¾“å‡º, ä¸æ»¡batchsizeæ˜¯æ­£å¸¸çš„:
 tensor([[0.9102],
        [0.8275],
        [0.9787],
        [0.1295],
        [0.7023],
        [0.0836],
        [0.5684],
        [0.2959],
        [0.6629],
        [0.8711],
        [0.0561],
        [0.0670]], device='cuda:0', grad_fn=<SigmoidBackward0>)
Epoch [22/100], T_AUC: [4m0.8250[0m
Epoch [22/100], Loss: 14.0950
val_Accuracy: [92m0.7919[0m
val_Precision: [4;34m0.8272[0m,               val_Recall: [4;33m0.7286[0m,                 val_F1 Score: [4;35m0.7698[0m
æ ‡ç­¾é‡Œ1çš„ä¸ªæ•°:  430
æ ‡ç­¾é‡Œ0çš„ä¸ªæ•°:  430
æ€»æ•°:  860
æ­£ç¡®çš„ä¸ªæ•°:  681
Epoch [22/100], V_AUC: [4m0.7879[0m
Epoch [23/100], Loss: 56.5426
train_Accuracy: [91m0.8212[0m
train_Precision: [4;34m0.8428[0m,               train_Recall: [4;33m0.7984[0m,                 train_F1 Score: [4;35m0.8147[0m
æ ‡ç­¾é‡Œ1çš„ä¸ªæ•°:  2150
æ ‡ç­¾é‡Œ0çš„ä¸ªæ•°:  2150
æ€»æ•°:  4300
æ­£ç¡®çš„ä¸ªæ•°:  3531
æœ€åä¸€ä¸ªæ‰¹æ¬¡çš„è¾“å‡º, ä¸æ»¡batchsizeæ˜¯æ­£å¸¸çš„:
 tensor([[0.9090],
        [0.8358],
        [0.9793],
        [0.1309],
        [0.6990],
        [0.0867],
        [0.5582],
        [0.2965],
        [0.6675],
        [0.8653],
        [0.0547],
        [0.0689]], device='cuda:0', grad_fn=<SigmoidBackward0>)
Epoch [23/100], T_AUC: [4m0.8262[0m
Epoch [23/100], Loss: 14.0192
val_Accuracy: [92m0.7919[0m
val_Precision: [4;34m0.8254[0m,               val_Recall: [4;33m0.7314[0m,                 val_F1 Score: [4;35m0.7706[0m
æ ‡ç­¾é‡Œ1çš„ä¸ªæ•°:  430
æ ‡ç­¾é‡Œ0çš„ä¸ªæ•°:  430
æ€»æ•°:  860
æ­£ç¡®çš„ä¸ªæ•°:  681
Epoch [23/100], V_AUC: [4m0.7883[0m
Epoch [24/100], Loss: 56.5352
train_Accuracy: [91m0.8230[0m
train_Precision: [4;34m0.8454[0m,               train_Recall: [4;33m0.8003[0m,                 train_F1 Score: [4;35m0.8168[0m
æ ‡ç­¾é‡Œ1çš„ä¸ªæ•°:  2150
æ ‡ç­¾é‡Œ0çš„ä¸ªæ•°:  2150
æ€»æ•°:  4300
æ­£ç¡®çš„ä¸ªæ•°:  3539
æœ€åä¸€ä¸ªæ‰¹æ¬¡çš„è¾“å‡º, ä¸æ»¡batchsizeæ˜¯æ­£å¸¸çš„:
 tensor([[0.9008],
        [0.8186],
        [0.9806],
        [0.1502],
        [0.7022],
        [0.0916],
        [0.5657],
        [0.3287],
        [0.6761],
        [0.8655],
        [0.0394],
        [0.0721]], device='cuda:0', grad_fn=<SigmoidBackward0>)
Epoch [24/100], T_AUC: [4m0.8282[0m
Epoch [24/100], Loss: 14.4115
val_Accuracy: [92m0.7919[0m
val_Precision: [4;34m0.8343[0m,               val_Recall: [4;33m0.7205[0m,                 val_F1 Score: [4;35m0.7690[0m
æ ‡ç­¾é‡Œ1çš„ä¸ªæ•°:  430
æ ‡ç­¾é‡Œ0çš„ä¸ªæ•°:  430
æ€»æ•°:  860
æ­£ç¡®çš„ä¸ªæ•°:  681
Epoch [24/100], V_AUC: [4m0.7885[0m
Epoch [25/100], Loss: 56.4605
train_Accuracy: [91m0.8205[0m
train_Precision: [4;34m0.8415[0m,               train_Recall: [4;33m0.7995[0m,                 train_F1 Score: [4;35m0.8146[0m
æ ‡ç­¾é‡Œ1çš„ä¸ªæ•°:  2150
æ ‡ç­¾é‡Œ0çš„ä¸ªæ•°:  2150
æ€»æ•°:  4300
æ­£ç¡®çš„ä¸ªæ•°:  3528
æœ€åä¸€ä¸ªæ‰¹æ¬¡çš„è¾“å‡º, ä¸æ»¡batchsizeæ˜¯æ­£å¸¸çš„:
 tensor([[0.9128],
        [0.8390],
        [0.9774],
        [0.1225],
        [0.7101],
        [0.0838],
        [0.5508],
        [0.2912],
        [0.6664],
        [0.8751],
        [0.0564],
        [0.0733]], device='cuda:0', grad_fn=<SigmoidBackward0>)
Epoch [25/100], T_AUC: [4m0.8257[0m
Epoch [25/100], Loss: 14.0469
val_Accuracy: [92m0.7930[0m
val_Precision: [4;34m0.8275[0m,               val_Recall: [4;33m0.7314[0m,                 val_F1 Score: [4;35m0.7716[0m
æ ‡ç­¾é‡Œ1çš„ä¸ªæ•°:  430
æ ‡ç­¾é‡Œ0çš„ä¸ªæ•°:  430
æ€»æ•°:  860
æ­£ç¡®çš„ä¸ªæ•°:  682
Epoch [25/100], V_AUC: [4m0.7893[0m
Epoch [26/100], Loss: 56.3574
train_Accuracy: [91m0.8219[0m
train_Precision: [4;34m0.8434[0m,               train_Recall: [4;33m0.7997[0m,                 train_F1 Score: [4;35m0.8156[0m
æ ‡ç­¾é‡Œ1çš„ä¸ªæ•°:  2150
æ ‡ç­¾é‡Œ0çš„ä¸ªæ•°:  2150
æ€»æ•°:  4300
æ­£ç¡®çš„ä¸ªæ•°:  3534
æœ€åä¸€ä¸ªæ‰¹æ¬¡çš„è¾“å‡º, ä¸æ»¡batchsizeæ˜¯æ­£å¸¸çš„:
 tensor([[0.9095],
        [0.8301],
        [0.9771],
        [0.1308],
        [0.7394],
        [0.0873],
        [0.5500],
        [0.3061],
        [0.6538],
        [0.8727],
        [0.0515],
        [0.0642]], device='cuda:0', grad_fn=<SigmoidBackward0>)
Epoch [26/100], T_AUC: [4m0.8270[0m
Epoch [26/100], Loss: 14.2779
val_Accuracy: [92m0.7919[0m
val_Precision: [4;34m0.8289[0m,               val_Recall: [4;33m0.7264[0m,                 val_F1 Score: [4;35m0.7695[0m
æ ‡ç­¾é‡Œ1çš„ä¸ªæ•°:  430
æ ‡ç­¾é‡Œ0çš„ä¸ªæ•°:  430
æ€»æ•°:  860
æ­£ç¡®çš„ä¸ªæ•°:  681
Epoch [26/100], V_AUC: [4m0.7878[0m
Epoch [27/100], Loss: 56.3442
train_Accuracy: [91m0.8207[0m
train_Precision: [4;34m0.8422[0m,               train_Recall: [4;33m0.7983[0m,                 train_F1 Score: [4;35m0.8145[0m
æ ‡ç­¾é‡Œ1çš„ä¸ªæ•°:  2150
æ ‡ç­¾é‡Œ0çš„ä¸ªæ•°:  2150
æ€»æ•°:  4300
æ­£ç¡®çš„ä¸ªæ•°:  3529
æœ€åä¸€ä¸ªæ‰¹æ¬¡çš„è¾“å‡º, ä¸æ»¡batchsizeæ˜¯æ­£å¸¸çš„:
 tensor([[0.9113],
        [0.8435],
        [0.9760],
        [0.1223],
        [0.7160],
        [0.0874],
        [0.5573],
        [0.2997],
        [0.6640],
        [0.8733],
        [0.0557],
        [0.0681]], device='cuda:0', grad_fn=<SigmoidBackward0>)
Epoch [27/100], T_AUC: [4m0.8257[0m
Epoch [27/100], Loss: 14.0713
val_Accuracy: [92m0.7930[0m
val_Precision: [4;34m0.8274[0m,               val_Recall: [4;33m0.7314[0m,                 val_F1 Score: [4;35m0.7718[0m
æ ‡ç­¾é‡Œ1çš„ä¸ªæ•°:  430
æ ‡ç­¾é‡Œ0çš„ä¸ªæ•°:  430
æ€»æ•°:  860
æ­£ç¡®çš„ä¸ªæ•°:  682
Epoch [27/100], V_AUC: [4m0.7893[0m
Epoch [28/100], Loss: 56.3042
train_Accuracy: [91m0.8221[0m
train_Precision: [4;34m0.8462[0m,               train_Recall: [4;33m0.7967[0m,                 train_F1 Score: [4;35m0.8154[0m
æ ‡ç­¾é‡Œ1çš„ä¸ªæ•°:  2150
æ ‡ç­¾é‡Œ0çš„ä¸ªæ•°:  2150
æ€»æ•°:  4300
æ­£ç¡®çš„ä¸ªæ•°:  3535
æœ€åä¸€ä¸ªæ‰¹æ¬¡çš„è¾“å‡º, ä¸æ»¡batchsizeæ˜¯æ­£å¸¸çš„:
 tensor([[0.9113],
        [0.8450],
        [0.9761],
        [0.1254],
        [0.7298],
        [0.0865],
        [0.5567],
        [0.3069],
        [0.6642],
        [0.8700],
        [0.0517],
        [0.0682]], device='cuda:0', grad_fn=<SigmoidBackward0>)
Epoch [28/100], T_AUC: [4m0.8270[0m
Epoch [28/100], Loss: 14.0744
val_Accuracy: [92m0.7919[0m
val_Precision: [4;34m0.8245[0m,               val_Recall: [4;33m0.7314[0m,                 val_F1 Score: [4;35m0.7708[0m
æ ‡ç­¾é‡Œ1çš„ä¸ªæ•°:  430
æ ‡ç­¾é‡Œ0çš„ä¸ªæ•°:  430
æ€»æ•°:  860
æ­£ç¡®çš„ä¸ªæ•°:  681
Epoch [28/100], V_AUC: [4m0.7880[0m
Epoch [29/100], Loss: 56.2714
train_Accuracy: [91m0.8233[0m
train_Precision: [4;34m0.8458[0m,               train_Recall: [4;33m0.8005[0m,                 train_F1 Score: [4;35m0.8170[0m
æ ‡ç­¾é‡Œ1çš„ä¸ªæ•°:  2150
æ ‡ç­¾é‡Œ0çš„ä¸ªæ•°:  2150
æ€»æ•°:  4300
æ­£ç¡®çš„ä¸ªæ•°:  3540
æœ€åä¸€ä¸ªæ‰¹æ¬¡çš„è¾“å‡º, ä¸æ»¡batchsizeæ˜¯æ­£å¸¸çš„:
 tensor([[0.9149],
        [0.8437],
        [0.9777],
        [0.1294],
        [0.7118],
        [0.0859],
        [0.5615],
        [0.3077],
        [0.6605],
        [0.8706],
        [0.0517],
        [0.0674]], device='cuda:0', grad_fn=<SigmoidBackward0>)
Epoch [29/100], T_AUC: [4m0.8285[0m
Epoch [29/100], Loss: 14.2521
val_Accuracy: [92m0.7930[0m
val_Precision: [4;34m0.8272[0m,               val_Recall: [4;33m0.7314[0m,                 val_F1 Score: [4;35m0.7720[0m
æ ‡ç­¾é‡Œ1çš„ä¸ªæ•°:  430
æ ‡ç­¾é‡Œ0çš„ä¸ªæ•°:  430
æ€»æ•°:  860
æ­£ç¡®çš„ä¸ªæ•°:  682
Epoch [29/100], V_AUC: [4m0.7890[0m
Epoch [30/100], Loss: 56.1949
train_Accuracy: [91m0.8219[0m
train_Precision: [4;34m0.8442[0m,               train_Recall: [4;33m0.7988[0m,                 train_F1 Score: [4;35m0.8155[0m
æ ‡ç­¾é‡Œ1çš„ä¸ªæ•°:  2150
æ ‡ç­¾é‡Œ0çš„ä¸ªæ•°:  2150
æ€»æ•°:  4300
æ­£ç¡®çš„ä¸ªæ•°:  3534
æœ€åä¸€ä¸ªæ‰¹æ¬¡çš„è¾“å‡º, ä¸æ»¡batchsizeæ˜¯æ­£å¸¸çš„:
 tensor([[0.9111],
        [0.8548],
        [0.9771],
        [0.1246],
        [0.6966],
        [0.0864],
        [0.5635],
        [0.3209],
        [0.6643],
        [0.8673],
        [0.0529],
        [0.0642]], device='cuda:0', grad_fn=<SigmoidBackward0>)
Epoch [30/100], T_AUC: [4m0.8268[0m
Epoch [30/100], Loss: 14.1823
val_Accuracy: [92m0.7907[0m
val_Precision: [4;34m0.8224[0m,               val_Recall: [4;33m0.7314[0m,                 val_F1 Score: [4;35m0.7698[0m
æ ‡ç­¾é‡Œ1çš„ä¸ªæ•°:  430
æ ‡ç­¾é‡Œ0çš„ä¸ªæ•°:  430
æ€»æ•°:  860
æ­£ç¡®çš„ä¸ªæ•°:  680
Epoch [30/100], V_AUC: [4m0.7870[0m
Epoch [31/100], Loss: 56.1652
train_Accuracy: [91m0.8219[0m
train_Precision: [4;34m0.8443[0m,               train_Recall: [4;33m0.7990[0m,                 train_F1 Score: [4;35m0.8155[0m
æ ‡ç­¾é‡Œ1çš„ä¸ªæ•°:  2150
æ ‡ç­¾é‡Œ0çš„ä¸ªæ•°:  2150
æ€»æ•°:  4300
æ­£ç¡®çš„ä¸ªæ•°:  3534
æœ€åä¸€ä¸ªæ‰¹æ¬¡çš„è¾“å‡º, ä¸æ»¡batchsizeæ˜¯æ­£å¸¸çš„:
 tensor([[0.9072],
        [0.8553],
        [0.9773],
        [0.1267],
        [0.7056],
        [0.0841],
        [0.5496],
        [0.3077],
        [0.6760],
        [0.8714],
        [0.0520],
        [0.0637]], device='cuda:0', grad_fn=<SigmoidBackward0>)
Epoch [31/100], T_AUC: [4m0.8271[0m
Epoch [31/100], Loss: 14.2648
val_Accuracy: [92m0.7895[0m
val_Precision: [4;34m0.8219[0m,               val_Recall: [4;33m0.7288[0m,                 val_F1 Score: [4;35m0.7681[0m
æ ‡ç­¾é‡Œ1çš„ä¸ªæ•°:  430
æ ‡ç­¾é‡Œ0çš„ä¸ªæ•°:  430
æ€»æ•°:  860
æ­£ç¡®çš„ä¸ªæ•°:  679
Epoch [31/100], V_AUC: [4m0.7857[0m
Epoch [32/100], Loss: 56.0557
train_Accuracy: [91m0.8226[0m
train_Precision: [4;34m0.8457[0m,               train_Recall: [4;33m0.7986[0m,                 train_F1 Score: [4;35m0.8160[0m
æ ‡ç­¾é‡Œ1çš„ä¸ªæ•°:  2150
æ ‡ç­¾é‡Œ0çš„ä¸ªæ•°:  2150
æ€»æ•°:  4300
æ­£ç¡®çš„ä¸ªæ•°:  3537
æœ€åä¸€ä¸ªæ‰¹æ¬¡çš„è¾“å‡º, ä¸æ»¡batchsizeæ˜¯æ­£å¸¸çš„:
 tensor([[0.9086],
        [0.8610],
        [0.9787],
        [0.1220],
        [0.7085],
        [0.0806],
        [0.5605],
        [0.2952],
        [0.6667],
        [0.8666],
        [0.0511],
        [0.0629]], device='cuda:0', grad_fn=<SigmoidBackward0>)
Epoch [32/100], T_AUC: [4m0.8276[0m
Epoch [32/100], Loss: 14.3565
val_Accuracy: [92m0.7895[0m
val_Precision: [4;34m0.8204[0m,               val_Recall: [4;33m0.7314[0m,                 val_F1 Score: [4;35m0.7686[0m
æ ‡ç­¾é‡Œ1çš„ä¸ªæ•°:  430
æ ‡ç­¾é‡Œ0çš„ä¸ªæ•°:  430
æ€»æ•°:  860
æ­£ç¡®çš„ä¸ªæ•°:  679
Epoch [32/100], V_AUC: [4m0.7860[0m
Epoch [33/100], Loss: 56.0795
train_Accuracy: [91m0.8233[0m
train_Precision: [4;34m0.8450[0m,               train_Recall: [4;33m0.8011[0m,                 train_F1 Score: [4;35m0.8170[0m
æ ‡ç­¾é‡Œ1çš„ä¸ªæ•°:  2150
æ ‡ç­¾é‡Œ0çš„ä¸ªæ•°:  2150
æ€»æ•°:  4300
æ­£ç¡®çš„ä¸ªæ•°:  3540
æœ€åä¸€ä¸ªæ‰¹æ¬¡çš„è¾“å‡º, ä¸æ»¡batchsizeæ˜¯æ­£å¸¸çš„:
 tensor([[0.9157],
        [0.8630],
        [0.9753],
        [0.1246],
        [0.7228],
        [0.0770],
        [0.5459],
        [0.2915],
        [0.6720],
        [0.8770],
        [0.0519],
        [0.0691]], device='cuda:0', grad_fn=<SigmoidBackward0>)
Epoch [33/100], T_AUC: [4m0.8282[0m
Epoch [33/100], Loss: 14.2205
val_Accuracy: [92m0.7872[0m
val_Precision: [4;34m0.8182[0m,               val_Recall: [4;33m0.7288[0m,                 val_F1 Score: [4;35m0.7658[0m
æ ‡ç­¾é‡Œ1çš„ä¸ªæ•°:  430
æ ‡ç­¾é‡Œ0çš„ä¸ªæ•°:  430
æ€»æ•°:  860
æ­£ç¡®çš„ä¸ªæ•°:  677
Epoch [33/100], V_AUC: [4m0.7838[0m
Epoch [34/100], Loss: 56.0241
train_Accuracy: [91m0.8253[0m
train_Precision: [4;34m0.8476[0m,               train_Recall: [4;33m0.8019[0m,                 train_F1 Score: [4;35m0.8189[0m
æ ‡ç­¾é‡Œ1çš„ä¸ªæ•°:  2150
æ ‡ç­¾é‡Œ0çš„ä¸ªæ•°:  2150
æ€»æ•°:  4300
æ­£ç¡®çš„ä¸ªæ•°:  3549
æœ€åä¸€ä¸ªæ‰¹æ¬¡çš„è¾“å‡º, ä¸æ»¡batchsizeæ˜¯æ­£å¸¸çš„:
 tensor([[0.9151],
        [0.8612],
        [0.9753],
        [0.1261],
        [0.7258],
        [0.0775],
        [0.5542],
        [0.2884],
        [0.6741],
        [0.8788],
        [0.0519],
        [0.0639]], device='cuda:0', grad_fn=<SigmoidBackward0>)
Epoch [34/100], T_AUC: [4m0.8302[0m
Epoch [34/100], Loss: 14.2345
val_Accuracy: [92m0.7895[0m
val_Precision: [4;34m0.8207[0m,               val_Recall: [4;33m0.7317[0m,                 val_F1 Score: [4;35m0.7687[0m
æ ‡ç­¾é‡Œ1çš„ä¸ªæ•°:  430
æ ‡ç­¾é‡Œ0çš„ä¸ªæ•°:  430
æ€»æ•°:  860
æ­£ç¡®çš„ä¸ªæ•°:  679
Epoch [34/100], V_AUC: [4m0.7861[0m
Epoch [35/100], Loss: 55.9781
train_Accuracy: [91m0.8244[0m
train_Precision: [4;34m0.8455[0m,               train_Recall: [4;33m0.8022[0m,                 train_F1 Score: [4;35m0.8181[0m
æ ‡ç­¾é‡Œ1çš„ä¸ªæ•°:  2150
æ ‡ç­¾é‡Œ0çš„ä¸ªæ•°:  2150
æ€»æ•°:  4300
æ­£ç¡®çš„ä¸ªæ•°:  3545
æœ€åä¸€ä¸ªæ‰¹æ¬¡çš„è¾“å‡º, ä¸æ»¡batchsizeæ˜¯æ­£å¸¸çš„:
 tensor([[0.9131],
        [0.8701],
        [0.9777],
        [0.1243],
        [0.6974],
        [0.0767],
        [0.5459],
        [0.2872],
        [0.6685],
        [0.8640],
        [0.0494],
        [0.0660]], device='cuda:0', grad_fn=<SigmoidBackward0>)
Epoch [35/100], T_AUC: [4m0.8292[0m
Epoch [35/100], Loss: 14.2699
val_Accuracy: [92m0.7884[0m
val_Precision: [4;34m0.8199[0m,               val_Recall: [4;33m0.7288[0m,                 val_F1 Score: [4;35m0.7669[0m
æ ‡ç­¾é‡Œ1çš„ä¸ªæ•°:  430
æ ‡ç­¾é‡Œ0çš„ä¸ªæ•°:  430
æ€»æ•°:  860
æ­£ç¡®çš„ä¸ªæ•°:  678
Epoch [35/100], V_AUC: [4m0.7847[0m
Epoch [36/100], Loss: 55.9331
train_Accuracy: [91m0.8244[0m
train_Precision: [4;34m0.8464[0m,               train_Recall: [4;33m0.8019[0m,                 train_F1 Score: [4;35m0.8183[0m
æ ‡ç­¾é‡Œ1çš„ä¸ªæ•°:  2150
æ ‡ç­¾é‡Œ0çš„ä¸ªæ•°:  2150
æ€»æ•°:  4300
æ­£ç¡®çš„ä¸ªæ•°:  3545
æœ€åä¸€ä¸ªæ‰¹æ¬¡çš„è¾“å‡º, ä¸æ»¡batchsizeæ˜¯æ­£å¸¸çš„:
 tensor([[0.9158],
        [0.8801],
        [0.9765],
        [0.1293],
        [0.7087],
        [0.0769],
        [0.5423],
        [0.2881],
        [0.6644],
        [0.8756],
        [0.0515],
        [0.0618]], device='cuda:0', grad_fn=<SigmoidBackward0>)
Epoch [36/100], T_AUC: [4m0.8293[0m
Epoch [36/100], Loss: 14.4027
val_Accuracy: [92m0.7895[0m
val_Precision: [4;34m0.8225[0m,               val_Recall: [4;33m0.7288[0m,                 val_F1 Score: [4;35m0.7681[0m
æ ‡ç­¾é‡Œ1çš„ä¸ªæ•°:  430
æ ‡ç­¾é‡Œ0çš„ä¸ªæ•°:  430
æ€»æ•°:  860
æ­£ç¡®çš„ä¸ªæ•°:  679
Epoch [36/100], V_AUC: [4m0.7858[0m
Epoch [37/100], Loss: 55.8789
train_Accuracy: [91m0.8237[0m
train_Precision: [4;34m0.8456[0m,               train_Recall: [4;33m0.8005[0m,                 train_F1 Score: [4;35m0.8173[0m
æ ‡ç­¾é‡Œ1çš„ä¸ªæ•°:  2150
æ ‡ç­¾é‡Œ0çš„ä¸ªæ•°:  2150
æ€»æ•°:  4300
æ­£ç¡®çš„ä¸ªæ•°:  3542
æœ€åä¸€ä¸ªæ‰¹æ¬¡çš„è¾“å‡º, ä¸æ»¡batchsizeæ˜¯æ­£å¸¸çš„:
 tensor([[0.9130],
        [0.8757],
        [0.9774],
        [0.1191],
        [0.7179],
        [0.0722],
        [0.5485],
        [0.2993],
        [0.6668],
        [0.8722],
        [0.0493],
        [0.0687]], device='cuda:0', grad_fn=<SigmoidBackward0>)
Epoch [37/100], T_AUC: [4m0.8285[0m
Epoch [37/100], Loss: 14.2069
val_Accuracy: [92m0.7919[0m
val_Precision: [4;34m0.8193[0m,               val_Recall: [4;33m0.7382[0m,                 val_F1 Score: [4;35m0.7716[0m
æ ‡ç­¾é‡Œ1çš„ä¸ªæ•°:  430
æ ‡ç­¾é‡Œ0çš„ä¸ªæ•°:  430
æ€»æ•°:  860
æ­£ç¡®çš„ä¸ªæ•°:  681
Epoch [37/100], V_AUC: [4m0.7884[0m
Epoch [38/100], Loss: 55.8805
train_Accuracy: [91m0.8230[0m
train_Precision: [4;34m0.8450[0m,               train_Recall: [4;33m0.8006[0m,                 train_F1 Score: [4;35m0.8169[0m
æ ‡ç­¾é‡Œ1çš„ä¸ªæ•°:  2150
æ ‡ç­¾é‡Œ0çš„ä¸ªæ•°:  2150
æ€»æ•°:  4300
æ­£ç¡®çš„ä¸ªæ•°:  3539
æœ€åä¸€ä¸ªæ‰¹æ¬¡çš„è¾“å‡º, ä¸æ»¡batchsizeæ˜¯æ­£å¸¸çš„:
 tensor([[0.9197],
        [0.8845],
        [0.9776],
        [0.1233],
        [0.7073],
        [0.0718],
        [0.5470],
        [0.2986],
        [0.6696],
        [0.8665],
        [0.0488],
        [0.0674]], device='cuda:0', grad_fn=<SigmoidBackward0>)
Epoch [38/100], T_AUC: [4m0.8278[0m
Epoch [38/100], Loss: 14.2765
val_Accuracy: [92m0.7872[0m
val_Precision: [4;34m0.8182[0m,               val_Recall: [4;33m0.7288[0m,                 val_F1 Score: [4;35m0.7658[0m
æ ‡ç­¾é‡Œ1çš„ä¸ªæ•°:  430
æ ‡ç­¾é‡Œ0çš„ä¸ªæ•°:  430
æ€»æ•°:  860
æ­£ç¡®çš„ä¸ªæ•°:  677
Epoch [38/100], V_AUC: [4m0.7838[0m
Epoch [39/100], Loss: 55.7939
train_Accuracy: [91m0.8251[0m
train_Precision: [4;34m0.8456[0m,               train_Recall: [4;33m0.8040[0m,                 train_F1 Score: [4;35m0.8190[0m
æ ‡ç­¾é‡Œ1çš„ä¸ªæ•°:  2150
æ ‡ç­¾é‡Œ0çš„ä¸ªæ•°:  2150
æ€»æ•°:  4300
æ­£ç¡®çš„ä¸ªæ•°:  3548
æœ€åä¸€ä¸ªæ‰¹æ¬¡çš„è¾“å‡º, ä¸æ»¡batchsizeæ˜¯æ­£å¸¸çš„:
 tensor([[0.9157],
        [0.8842],
        [0.9786],
        [0.1230],
        [0.7190],
        [0.0679],
        [0.5492],
        [0.2915],
        [0.6756],
        [0.8674],
        [0.0513],
        [0.0675]], device='cuda:0', grad_fn=<SigmoidBackward0>)
Epoch [39/100], T_AUC: [4m0.8298[0m
Epoch [39/100], Loss: 14.0977
val_Accuracy: [92m0.7895[0m
val_Precision: [4;34m0.8183[0m,               val_Recall: [4;33m0.7356[0m,                 val_F1 Score: [4;35m0.7689[0m
æ ‡ç­¾é‡Œ1çš„ä¸ªæ•°:  430
æ ‡ç­¾é‡Œ0çš„ä¸ªæ•°:  430
æ€»æ•°:  860
æ­£ç¡®çš„ä¸ªæ•°:  679
Epoch [39/100], V_AUC: [4m0.7858[0m
Epoch [40/100], Loss: 55.7478
train_Accuracy: [91m0.8247[0m
train_Precision: [4;34m0.8469[0m,               train_Recall: [4;33m0.8007[0m,                 train_F1 Score: [4;35m0.8179[0m
æ ‡ç­¾é‡Œ1çš„ä¸ªæ•°:  2150
æ ‡ç­¾é‡Œ0çš„ä¸ªæ•°:  2150
æ€»æ•°:  4300
æ­£ç¡®çš„ä¸ªæ•°:  3546
æœ€åä¸€ä¸ªæ‰¹æ¬¡çš„è¾“å‡º, ä¸æ»¡batchsizeæ˜¯æ­£å¸¸çš„:
 tensor([[0.9150],
        [0.8870],
        [0.9788],
        [0.1267],
        [0.7259],
        [0.0743],
        [0.5453],
        [0.2928],
        [0.6709],
        [0.8687],
        [0.0498],
        [0.0633]], device='cuda:0', grad_fn=<SigmoidBackward0>)
Epoch [40/100], T_AUC: [4m0.8294[0m
Epoch [40/100], Loss: 14.1370
val_Accuracy: [92m0.7872[0m
val_Precision: [4;34m0.8094[0m,               val_Recall: [4;33m0.7411[0m,                 val_F1 Score: [4;35m0.7685[0m
æ ‡ç­¾é‡Œ1çš„ä¸ªæ•°:  430
æ ‡ç­¾é‡Œ0çš„ä¸ªæ•°:  430
æ€»æ•°:  860
æ­£ç¡®çš„ä¸ªæ•°:  677
Epoch [40/100], V_AUC: [4m0.7846[0m
Epoch [41/100], Loss: 55.7086
train_Accuracy: [91m0.8260[0m
train_Precision: [4;34m0.8472[0m,               train_Recall: [4;33m0.8034[0m,                 train_F1 Score: [4;35m0.8196[0m
æ ‡ç­¾é‡Œ1çš„ä¸ªæ•°:  2150
æ ‡ç­¾é‡Œ0çš„ä¸ªæ•°:  2150
æ€»æ•°:  4300
æ­£ç¡®çš„ä¸ªæ•°:  3552
æœ€åä¸€ä¸ªæ‰¹æ¬¡çš„è¾“å‡º, ä¸æ»¡batchsizeæ˜¯æ­£å¸¸çš„:
 tensor([[0.9188],
        [0.8834],
        [0.9776],
        [0.1249],
        [0.7352],
        [0.0712],
        [0.5401],
        [0.2933],
        [0.6704],
        [0.8767],
        [0.0499],
        [0.0614]], device='cuda:0', grad_fn=<SigmoidBackward0>)
Epoch [41/100], T_AUC: [4m0.8307[0m
Epoch [41/100], Loss: 14.2472
val_Accuracy: [92m0.7930[0m
val_Precision: [4;34m0.8186[0m,               val_Recall: [4;33m0.7432[0m,                 val_F1 Score: [4;35m0.7732[0m
æ ‡ç­¾é‡Œ1çš„ä¸ªæ•°:  430
æ ‡ç­¾é‡Œ0çš„ä¸ªæ•°:  430
æ€»æ•°:  860
æ­£ç¡®çš„ä¸ªæ•°:  682
Epoch [41/100], V_AUC: [4m0.7899[0m
Epoch [42/100], Loss: 55.7205
train_Accuracy: [91m0.8256[0m
train_Precision: [4;34m0.8478[0m,               train_Recall: [4;33m0.8018[0m,                 train_F1 Score: [4;35m0.8191[0m
æ ‡ç­¾é‡Œ1çš„ä¸ªæ•°:  2150
æ ‡ç­¾é‡Œ0çš„ä¸ªæ•°:  2150
æ€»æ•°:  4300
æ­£ç¡®çš„ä¸ªæ•°:  3550
æœ€åä¸€ä¸ªæ‰¹æ¬¡çš„è¾“å‡º, ä¸æ»¡batchsizeæ˜¯æ­£å¸¸çš„:
 tensor([[0.9212],
        [0.8869],
        [0.9784],
        [0.1312],
        [0.7203],
        [0.0708],
        [0.5470],
        [0.2899],
        [0.6784],
        [0.8661],
        [0.0502],
        [0.0627]], device='cuda:0', grad_fn=<SigmoidBackward0>)
Epoch [42/100], T_AUC: [4m0.8300[0m
Epoch [42/100], Loss: 14.1296
val_Accuracy: [92m0.7907[0m
val_Precision: [4;34m0.8135[0m,               val_Recall: [4;33m0.7432[0m,                 val_F1 Score: [4;35m0.7714[0m
æ ‡ç­¾é‡Œ1çš„ä¸ªæ•°:  430
æ ‡ç­¾é‡Œ0çš„ä¸ªæ•°:  430
æ€»æ•°:  860
æ­£ç¡®çš„ä¸ªæ•°:  680
Epoch [42/100], V_AUC: [4m0.7875[0m
Epoch [43/100], Loss: 55.6610
train_Accuracy: [91m0.8267[0m
train_Precision: [4;34m0.8482[0m,               train_Recall: [4;33m0.8044[0m,                 train_F1 Score: [4;35m0.8206[0m
æ ‡ç­¾é‡Œ1çš„ä¸ªæ•°:  2150
æ ‡ç­¾é‡Œ0çš„ä¸ªæ•°:  2150
æ€»æ•°:  4300
æ­£ç¡®çš„ä¸ªæ•°:  3555
æœ€åä¸€ä¸ªæ‰¹æ¬¡çš„è¾“å‡º, ä¸æ»¡batchsizeæ˜¯æ­£å¸¸çš„:
 tensor([[0.9213],
        [0.8853],
        [0.9781],
        [0.1338],
        [0.7236],
        [0.0677],
        [0.5435],
        [0.2907],
        [0.6720],
        [0.8692],
        [0.0524],
        [0.0596]], device='cuda:0', grad_fn=<SigmoidBackward0>)
Epoch [43/100], T_AUC: [4m0.8312[0m
Epoch [43/100], Loss: 14.2087
val_Accuracy: [92m0.7919[0m
val_Precision: [4;34m0.8234[0m,               val_Recall: [4;33m0.7343[0m,                 val_F1 Score: [4;35m0.7712[0m
æ ‡ç­¾é‡Œ1çš„ä¸ªæ•°:  430
æ ‡ç­¾é‡Œ0çš„ä¸ªæ•°:  430
æ€»æ•°:  860
æ­£ç¡®çš„ä¸ªæ•°:  681
Epoch [43/100], V_AUC: [4m0.7885[0m
Epoch [44/100], Loss: 55.6924
train_Accuracy: [91m0.8270[0m
train_Precision: [4;34m0.8492[0m,               train_Recall: [4;33m0.8035[0m,                 train_F1 Score: [4;35m0.8205[0m
æ ‡ç­¾é‡Œ1çš„ä¸ªæ•°:  2150
æ ‡ç­¾é‡Œ0çš„ä¸ªæ•°:  2150
æ€»æ•°:  4300
æ­£ç¡®çš„ä¸ªæ•°:  3556
æœ€åä¸€ä¸ªæ‰¹æ¬¡çš„è¾“å‡º, ä¸æ»¡batchsizeæ˜¯æ­£å¸¸çš„:
 tensor([[0.9213],
        [0.8829],
        [0.9803],
        [0.1293],
        [0.7257],
        [0.0662],
        [0.5369],
        [0.2819],
        [0.6781],
        [0.8697],
        [0.0554],
        [0.0619]], device='cuda:0', grad_fn=<SigmoidBackward0>)
Epoch [44/100], T_AUC: [4m0.8315[0m
Epoch [44/100], Loss: 14.1214
val_Accuracy: [92m0.7884[0m
val_Precision: [4;34m0.8134[0m,               val_Recall: [4;33m0.7390[0m,                 val_F1 Score: [4;35m0.7689[0m
æ ‡ç­¾é‡Œ1çš„ä¸ªæ•°:  430
æ ‡ç­¾é‡Œ0çš„ä¸ªæ•°:  430
æ€»æ•°:  860
æ­£ç¡®çš„ä¸ªæ•°:  678
Epoch [44/100], V_AUC: [4m0.7856[0m
Epoch [45/100], Loss: 55.5971
train_Accuracy: [91m0.8270[0m
train_Precision: [4;34m0.8483[0m,               train_Recall: [4;33m0.8041[0m,                 train_F1 Score: [4;35m0.8205[0m
æ ‡ç­¾é‡Œ1çš„ä¸ªæ•°:  2150
æ ‡ç­¾é‡Œ0çš„ä¸ªæ•°:  2150
æ€»æ•°:  4300
æ­£ç¡®çš„ä¸ªæ•°:  3556
æœ€åä¸€ä¸ªæ‰¹æ¬¡çš„è¾“å‡º, ä¸æ»¡batchsizeæ˜¯æ­£å¸¸çš„:
 tensor([[0.9198],
        [0.8837],
        [0.9780],
        [0.1325],
        [0.7364],
        [0.0644],
        [0.5325],
        [0.2828],
        [0.6786],
        [0.8692],
        [0.0571],
        [0.0583]], device='cuda:0', grad_fn=<SigmoidBackward0>)
Epoch [45/100], T_AUC: [4m0.8314[0m
Epoch [45/100], Loss: 14.1086
val_Accuracy: [92m0.7895[0m
val_Precision: [4;34m0.8200[0m,               val_Recall: [4;33m0.7341[0m,                 val_F1 Score: [4;35m0.7689[0m
æ ‡ç­¾é‡Œ1çš„ä¸ªæ•°:  430
æ ‡ç­¾é‡Œ0çš„ä¸ªæ•°:  430
æ€»æ•°:  860
æ­£ç¡®çš„ä¸ªæ•°:  679
Epoch [45/100], V_AUC: [4m0.7861[0m
Epoch [46/100], Loss: 55.5962
train_Accuracy: [91m0.8272[0m
train_Precision: [4;34m0.8492[0m,               train_Recall: [4;33m0.8031[0m,                 train_F1 Score: [4;35m0.8206[0m
æ ‡ç­¾é‡Œ1çš„ä¸ªæ•°:  2150
æ ‡ç­¾é‡Œ0çš„ä¸ªæ•°:  2150
æ€»æ•°:  4300
æ­£ç¡®çš„ä¸ªæ•°:  3557
æœ€åä¸€ä¸ªæ‰¹æ¬¡çš„è¾“å‡º, ä¸æ»¡batchsizeæ˜¯æ­£å¸¸çš„:
 tensor([[0.9162],
        [0.8875],
        [0.9807],
        [0.1341],
        [0.7375],
        [0.0664],
        [0.5277],
        [0.2770],
        [0.6719],
        [0.8719],
        [0.0564],
        [0.0576]], device='cuda:0', grad_fn=<SigmoidBackward0>)
Epoch [46/100], T_AUC: [4m0.8314[0m
Epoch [46/100], Loss: 14.1367
val_Accuracy: [92m0.7895[0m
val_Precision: [4;34m0.8176[0m,               val_Recall: [4;33m0.7369[0m,                 val_F1 Score: [4;35m0.7697[0m
æ ‡ç­¾é‡Œ1çš„ä¸ªæ•°:  430
æ ‡ç­¾é‡Œ0çš„ä¸ªæ•°:  430
æ€»æ•°:  860
æ­£ç¡®çš„ä¸ªæ•°:  679
Epoch [46/100], V_AUC: [4m0.7867[0m
Epoch [47/100], Loss: 55.5802
train_Accuracy: [91m0.8274[0m
train_Precision: [4;34m0.8496[0m,               train_Recall: [4;33m0.8036[0m,                 train_F1 Score: [4;35m0.8209[0m
æ ‡ç­¾é‡Œ1çš„ä¸ªæ•°:  2150
æ ‡ç­¾é‡Œ0çš„ä¸ªæ•°:  2150
æ€»æ•°:  4300
æ­£ç¡®çš„ä¸ªæ•°:  3558
æœ€åä¸€ä¸ªæ‰¹æ¬¡çš„è¾“å‡º, ä¸æ»¡batchsizeæ˜¯æ­£å¸¸çš„:
 tensor([[0.9229],
        [0.8837],
        [0.9780],
        [0.1339],
        [0.7477],
        [0.0634],
        [0.5289],
        [0.2798],
        [0.6821],
        [0.8750],
        [0.0566],
        [0.0583]], device='cuda:0', grad_fn=<SigmoidBackward0>)
Epoch [47/100], T_AUC: [4m0.8318[0m
Epoch [47/100], Loss: 14.1358
val_Accuracy: [92m0.7919[0m
val_Precision: [4;34m0.8230[0m,               val_Recall: [4;33m0.7369[0m,                 val_F1 Score: [4;35m0.7718[0m
æ ‡ç­¾é‡Œ1çš„ä¸ªæ•°:  430
æ ‡ç­¾é‡Œ0çš„ä¸ªæ•°:  430
æ€»æ•°:  860
æ­£ç¡®çš„ä¸ªæ•°:  681
Epoch [47/100], V_AUC: [4m0.7885[0m
Epoch [48/100], Loss: 55.5943
train_Accuracy: [91m0.8265[0m
train_Precision: [4;34m0.8470[0m,               train_Recall: [4;33m0.8050[0m,                 train_F1 Score: [4;35m0.8204[0m
æ ‡ç­¾é‡Œ1çš„ä¸ªæ•°:  2150
æ ‡ç­¾é‡Œ0çš„ä¸ªæ•°:  2150
æ€»æ•°:  4300
æ­£ç¡®çš„ä¸ªæ•°:  3554
æœ€åä¸€ä¸ªæ‰¹æ¬¡çš„è¾“å‡º, ä¸æ»¡batchsizeæ˜¯æ­£å¸¸çš„:
 tensor([[0.9273],
        [0.8886],
        [0.9756],
        [0.1310],
        [0.7546],
        [0.0580],
        [0.5323],
        [0.2581],
        [0.6784],
        [0.8747],
        [0.0575],
        [0.0579]], device='cuda:0', grad_fn=<SigmoidBackward0>)
Epoch [48/100], T_AUC: [4m0.8309[0m
Epoch [48/100], Loss: 14.1571
val_Accuracy: [92m0.7895[0m
val_Precision: [4;34m0.8207[0m,               val_Recall: [4;33m0.7343[0m,                 val_F1 Score: [4;35m0.7693[0m
æ ‡ç­¾é‡Œ1çš„ä¸ªæ•°:  430
æ ‡ç­¾é‡Œ0çš„ä¸ªæ•°:  430
æ€»æ•°:  860
æ­£ç¡®çš„ä¸ªæ•°:  679
Epoch [48/100], V_AUC: [4m0.7862[0m
Epoch [49/100], Loss: 55.5543
train_Accuracy: [91m0.8274[0m
train_Precision: [4;34m0.8486[0m,               train_Recall: [4;33m0.8045[0m,                 train_F1 Score: [4;35m0.8209[0m
æ ‡ç­¾é‡Œ1çš„ä¸ªæ•°:  2150
æ ‡ç­¾é‡Œ0çš„ä¸ªæ•°:  2150
æ€»æ•°:  4300
æ­£ç¡®çš„ä¸ªæ•°:  3558
æœ€åä¸€ä¸ªæ‰¹æ¬¡çš„è¾“å‡º, ä¸æ»¡batchsizeæ˜¯æ­£å¸¸çš„:
 tensor([[0.9231],
        [0.8841],
        [0.9785],
        [0.1419],
        [0.7566],
        [0.0650],
        [0.5293],
        [0.2769],
        [0.6775],
        [0.8607],
        [0.0588],
        [0.0618]], device='cuda:0', grad_fn=<SigmoidBackward0>)
Epoch [49/100], T_AUC: [4m0.8318[0m
Epoch [49/100], Loss: 13.8305
val_Accuracy: [92m0.7895[0m
val_Precision: [4;34m0.8120[0m,               val_Recall: [4;33m0.7432[0m,                 val_F1 Score: [4;35m0.7704[0m
æ ‡ç­¾é‡Œ1çš„ä¸ªæ•°:  430
æ ‡ç­¾é‡Œ0çš„ä¸ªæ•°:  430
æ€»æ•°:  860
æ­£ç¡®çš„ä¸ªæ•°:  679
Epoch [49/100], V_AUC: [4m0.7864[0m
Epoch [50/100], Loss: 55.4850
train_Accuracy: [91m0.8274[0m
train_Precision: [4;34m0.8492[0m,               train_Recall: [4;33m0.8038[0m,                 train_F1 Score: [4;35m0.8208[0m
æ ‡ç­¾é‡Œ1çš„ä¸ªæ•°:  2150
æ ‡ç­¾é‡Œ0çš„ä¸ªæ•°:  2150
æ€»æ•°:  4300
æ­£ç¡®çš„ä¸ªæ•°:  3558
æœ€åä¸€ä¸ªæ‰¹æ¬¡çš„è¾“å‡º, ä¸æ»¡batchsizeæ˜¯æ­£å¸¸çš„:
 tensor([[0.9186],
        [0.8883],
        [0.9800],
        [0.1353],
        [0.7604],
        [0.0649],
        [0.5173],
        [0.2746],
        [0.6674],
        [0.8641],
        [0.0581],
        [0.0616]], device='cuda:0', grad_fn=<SigmoidBackward0>)
Epoch [50/100], T_AUC: [4m0.8319[0m
Epoch [50/100], Loss: 13.9666
val_Accuracy: [92m0.7884[0m
val_Precision: [4;34m0.8094[0m,               val_Recall: [4;33m0.7432[0m,                 val_F1 Score: [4;35m0.7695[0m
æ ‡ç­¾é‡Œ1çš„ä¸ªæ•°:  430
æ ‡ç­¾é‡Œ0çš„ä¸ªæ•°:  430
æ€»æ•°:  860
æ­£ç¡®çš„ä¸ªæ•°:  678
Epoch [50/100], V_AUC: [4m0.7855[0m
Epoch [51/100], Loss: 55.5323
train_Accuracy: [91m0.8270[0m
train_Precision: [4;34m0.8493[0m,               train_Recall: [4;33m0.8028[0m,                 train_F1 Score: [4;35m0.8204[0m
æ ‡ç­¾é‡Œ1çš„ä¸ªæ•°:  2150
æ ‡ç­¾é‡Œ0çš„ä¸ªæ•°:  2150
æ€»æ•°:  4300
æ­£ç¡®çš„ä¸ªæ•°:  3556
æœ€åä¸€ä¸ªæ‰¹æ¬¡çš„è¾“å‡º, ä¸æ»¡batchsizeæ˜¯æ­£å¸¸çš„:
 tensor([[0.9181],
        [0.8838],
        [0.9811],
        [0.1373],
        [0.7498],
        [0.0638],
        [0.5169],
        [0.2796],
        [0.6753],
        [0.8645],
        [0.0582],
        [0.0607]], device='cuda:0', grad_fn=<SigmoidBackward0>)
Epoch [51/100], T_AUC: [4m0.8313[0m
Epoch [51/100], Loss: 14.0591
val_Accuracy: [92m0.7895[0m
val_Precision: [4;34m0.8203[0m,               val_Recall: [4;33m0.7341[0m,                 val_F1 Score: [4;35m0.7689[0m
æ ‡ç­¾é‡Œ1çš„ä¸ªæ•°:  430
æ ‡ç­¾é‡Œ0çš„ä¸ªæ•°:  430
æ€»æ•°:  860
æ­£ç¡®çš„ä¸ªæ•°:  679
Epoch [51/100], V_AUC: [4m0.7861[0m
Epoch [52/100], Loss: 55.4283
train_Accuracy: [91m0.8267[0m
train_Precision: [4;34m0.8485[0m,               train_Recall: [4;33m0.8031[0m,                 train_F1 Score: [4;35m0.8201[0m
æ ‡ç­¾é‡Œ1çš„ä¸ªæ•°:  2150
æ ‡ç­¾é‡Œ0çš„ä¸ªæ•°:  2150
æ€»æ•°:  4300
æ­£ç¡®çš„ä¸ªæ•°:  3555
æœ€åä¸€ä¸ªæ‰¹æ¬¡çš„è¾“å‡º, ä¸æ»¡batchsizeæ˜¯æ­£å¸¸çš„:
 tensor([[0.9152],
        [0.8873],
        [0.9808],
        [0.1439],
        [0.7559],
        [0.0626],
        [0.5171],
        [0.2709],
        [0.6638],
        [0.8662],
        [0.0614],
        [0.0626]], device='cuda:0', grad_fn=<SigmoidBackward0>)
Epoch [52/100], T_AUC: [4m0.8312[0m
Epoch [52/100], Loss: 13.8367
val_Accuracy: [92m0.7895[0m
val_Precision: [4;34m0.8173[0m,               val_Recall: [4;33m0.7366[0m,                 val_F1 Score: [4;35m0.7697[0m
æ ‡ç­¾é‡Œ1çš„ä¸ªæ•°:  430
æ ‡ç­¾é‡Œ0çš„ä¸ªæ•°:  430
æ€»æ•°:  860
æ­£ç¡®çš„ä¸ªæ•°:  679
Epoch [52/100], V_AUC: [4m0.7863[0m
Epoch [53/100], Loss: 55.4715
train_Accuracy: [91m0.8279[0m
train_Precision: [4;34m0.8489[0m,               train_Recall: [4;33m0.8049[0m,                 train_F1 Score: [4;35m0.8213[0m
æ ‡ç­¾é‡Œ1çš„ä¸ªæ•°:  2150
æ ‡ç­¾é‡Œ0çš„ä¸ªæ•°:  2150
æ€»æ•°:  4300
æ­£ç¡®çš„ä¸ªæ•°:  3560
æœ€åä¸€ä¸ªæ‰¹æ¬¡çš„è¾“å‡º, ä¸æ»¡batchsizeæ˜¯æ­£å¸¸çš„:
 tensor([[0.9193],
        [0.8889],
        [0.9797],
        [0.1375],
        [0.7523],
        [0.0648],
        [0.5218],
        [0.2817],
        [0.6748],
        [0.8729],
        [0.0531],
        [0.0631]], device='cuda:0', grad_fn=<SigmoidBackward0>)
Epoch [53/100], T_AUC: [4m0.8322[0m
Epoch [53/100], Loss: 13.9291
val_Accuracy: [92m0.7919[0m
val_Precision: [4;34m0.8151[0m,               val_Recall: [4;33m0.7453[0m,                 val_F1 Score: [4;35m0.7730[0m
æ ‡ç­¾é‡Œ1çš„ä¸ªæ•°:  430
æ ‡ç­¾é‡Œ0çš„ä¸ªæ•°:  430
æ€»æ•°:  860
æ­£ç¡®çš„ä¸ªæ•°:  681
Epoch [53/100], V_AUC: [4m0.7887[0m
Epoch [54/100], Loss: 55.4879
train_Accuracy: [91m0.8263[0m
train_Precision: [4;34m0.8479[0m,               train_Recall: [4;33m0.8031[0m,                 train_F1 Score: [4;35m0.8198[0m
æ ‡ç­¾é‡Œ1çš„ä¸ªæ•°:  2150
æ ‡ç­¾é‡Œ0çš„ä¸ªæ•°:  2150
æ€»æ•°:  4300
æ­£ç¡®çš„ä¸ªæ•°:  3553
æœ€åä¸€ä¸ªæ‰¹æ¬¡çš„è¾“å‡º, ä¸æ»¡batchsizeæ˜¯æ­£å¸¸çš„:
 tensor([[0.9191],
        [0.8829],
        [0.9778],
        [0.1416],
        [0.7599],
        [0.0611],
        [0.5223],
        [0.2842],
        [0.6689],
        [0.8793],
        [0.0558],
        [0.0677]], device='cuda:0', grad_fn=<SigmoidBackward0>)
Epoch [54/100], T_AUC: [4m0.8307[0m
Epoch [54/100], Loss: 13.8404
val_Accuracy: [92m0.7895[0m
val_Precision: [4;34m0.8110[0m,               val_Recall: [4;33m0.7458[0m,                 val_F1 Score: [4;35m0.7714[0m
æ ‡ç­¾é‡Œ1çš„ä¸ªæ•°:  430
æ ‡ç­¾é‡Œ0çš„ä¸ªæ•°:  430
æ€»æ•°:  860
æ­£ç¡®çš„ä¸ªæ•°:  679
Epoch [54/100], V_AUC: [4m0.7866[0m
Epoch [55/100], Loss: 55.4432
train_Accuracy: [91m0.8267[0m
train_Precision: [4;34m0.8480[0m,               train_Recall: [4;33m0.8042[0m,                 train_F1 Score: [4;35m0.8204[0m
æ ‡ç­¾é‡Œ1çš„ä¸ªæ•°:  2150
æ ‡ç­¾é‡Œ0çš„ä¸ªæ•°:  2150
æ€»æ•°:  4300
æ­£ç¡®çš„ä¸ªæ•°:  3555
æœ€åä¸€ä¸ªæ‰¹æ¬¡çš„è¾“å‡º, ä¸æ»¡batchsizeæ˜¯æ­£å¸¸çš„:
 tensor([[0.9198],
        [0.8809],
        [0.9795],
        [0.1388],
        [0.7596],
        [0.0691],
        [0.5209],
        [0.2823],
        [0.6645],
        [0.8730],
        [0.0514],
        [0.0643]], device='cuda:0', grad_fn=<SigmoidBackward0>)
Epoch [55/100], T_AUC: [4m0.8311[0m
Epoch [55/100], Loss: 13.8176
val_Accuracy: [92m0.7884[0m
val_Precision: [4;34m0.8199[0m,               val_Recall: [4;33m0.7313[0m,                 val_F1 Score: [4;35m0.7674[0m
æ ‡ç­¾é‡Œ1çš„ä¸ªæ•°:  430
æ ‡ç­¾é‡Œ0çš„ä¸ªæ•°:  430
æ€»æ•°:  860
æ­£ç¡®çš„ä¸ªæ•°:  678
Epoch [55/100], V_AUC: [4m0.7845[0m
Epoch [56/100], Loss: 55.3962
train_Accuracy: [91m0.8258[0m
train_Precision: [4;34m0.8464[0m,               train_Recall: [4;33m0.8034[0m,                 train_F1 Score: [4;35m0.8192[0m
æ ‡ç­¾é‡Œ1çš„ä¸ªæ•°:  2150
æ ‡ç­¾é‡Œ0çš„ä¸ªæ•°:  2150
æ€»æ•°:  4300
æ­£ç¡®çš„ä¸ªæ•°:  3551
æœ€åä¸€ä¸ªæ‰¹æ¬¡çš„è¾“å‡º, ä¸æ»¡batchsizeæ˜¯æ­£å¸¸çš„:
 tensor([[0.9209],
        [0.8850],
        [0.9803],
        [0.1364],
        [0.7480],
        [0.0656],
        [0.5122],
        [0.2867],
        [0.6638],
        [0.8718],
        [0.0514],
        [0.0624]], device='cuda:0', grad_fn=<SigmoidBackward0>)
Epoch [56/100], T_AUC: [4m0.8301[0m
Epoch [56/100], Loss: 14.0249
val_Accuracy: [92m0.7884[0m
val_Precision: [4;34m0.8168[0m,               val_Recall: [4;33m0.7339[0m,                 val_F1 Score: [4;35m0.7681[0m
æ ‡ç­¾é‡Œ1çš„ä¸ªæ•°:  430
æ ‡ç­¾é‡Œ0çš„ä¸ªæ•°:  430
æ€»æ•°:  860
æ­£ç¡®çš„ä¸ªæ•°:  678
Epoch [56/100], V_AUC: [4m0.7850[0m
Epoch [57/100], Loss: 55.4322
train_Accuracy: [91m0.8270[0m
train_Precision: [4;34m0.8478[0m,               train_Recall: [4;33m0.8044[0m,                 train_F1 Score: [4;35m0.8204[0m
æ ‡ç­¾é‡Œ1çš„ä¸ªæ•°:  2150
æ ‡ç­¾é‡Œ0çš„ä¸ªæ•°:  2150
æ€»æ•°:  4300
æ­£ç¡®çš„ä¸ªæ•°:  3556
æœ€åä¸€ä¸ªæ‰¹æ¬¡çš„è¾“å‡º, ä¸æ»¡batchsizeæ˜¯æ­£å¸¸çš„:
 tensor([[0.9242],
        [0.8843],
        [0.9776],
        [0.1374],
        [0.7687],
        [0.0647],
        [0.5028],
        [0.2828],
        [0.6456],
        [0.8781],
        [0.0545],
        [0.0705]], device='cuda:0', grad_fn=<SigmoidBackward0>)
Epoch [57/100], T_AUC: [4m0.8314[0m
Epoch [57/100], Loss: 13.8518
val_Accuracy: [92m0.7895[0m
val_Precision: [4;34m0.8171[0m,               val_Recall: [4;33m0.7382[0m,                 val_F1 Score: [4;35m0.7695[0m
æ ‡ç­¾é‡Œ1çš„ä¸ªæ•°:  430
æ ‡ç­¾é‡Œ0çš„ä¸ªæ•°:  430
æ€»æ•°:  860
æ­£ç¡®çš„ä¸ªæ•°:  679
Epoch [57/100], V_AUC: [4m0.7860[0m
Epoch [58/100], Loss: 55.3449
train_Accuracy: [91m0.8279[0m
train_Precision: [4;34m0.8489[0m,               train_Recall: [4;33m0.8057[0m,                 train_F1 Score: [4;35m0.8217[0m
æ ‡ç­¾é‡Œ1çš„ä¸ªæ•°:  2150
æ ‡ç­¾é‡Œ0çš„ä¸ªæ•°:  2150
æ€»æ•°:  4300
æ­£ç¡®çš„ä¸ªæ•°:  3560
æœ€åä¸€ä¸ªæ‰¹æ¬¡çš„è¾“å‡º, ä¸æ»¡batchsizeæ˜¯æ­£å¸¸çš„:
 tensor([[0.9208],
        [0.8827],
        [0.9799],
        [0.1408],
        [0.7578],
        [0.0701],
        [0.5106],
        [0.2940],
        [0.6630],
        [0.8722],
        [0.0508],
        [0.0635]], device='cuda:0', grad_fn=<SigmoidBackward0>)
Epoch [58/100], T_AUC: [4m0.8324[0m
Epoch [58/100], Loss: 13.9469
val_Accuracy: [92m0.7884[0m
val_Precision: [4;34m0.8168[0m,               val_Recall: [4;33m0.7339[0m,                 val_F1 Score: [4;35m0.7681[0m
æ ‡ç­¾é‡Œ1çš„ä¸ªæ•°:  430
æ ‡ç­¾é‡Œ0çš„ä¸ªæ•°:  430
æ€»æ•°:  860
æ­£ç¡®çš„ä¸ªæ•°:  678
Epoch [58/100], V_AUC: [4m0.7850[0m
Epoch [59/100], Loss: 55.2970
train_Accuracy: [91m0.8270[0m
train_Precision: [4;34m0.8476[0m,               train_Recall: [4;33m0.8050[0m,                 train_F1 Score: [4;35m0.8206[0m
æ ‡ç­¾é‡Œ1çš„ä¸ªæ•°:  2150
æ ‡ç­¾é‡Œ0çš„ä¸ªæ•°:  2150
æ€»æ•°:  4300
æ­£ç¡®çš„ä¸ªæ•°:  3556
æœ€åä¸€ä¸ªæ‰¹æ¬¡çš„è¾“å‡º, ä¸æ»¡batchsizeæ˜¯æ­£å¸¸çš„:
 tensor([[0.9219],
        [0.8798],
        [0.9802],
        [0.1391],
        [0.7678],
        [0.0710],
        [0.5045],
        [0.2948],
        [0.6645],
        [0.8716],
        [0.0516],
        [0.0645]], device='cuda:0', grad_fn=<SigmoidBackward0>)
Epoch [59/100], T_AUC: [4m0.8315[0m
Epoch [59/100], Loss: 13.9008
val_Accuracy: [92m0.7860[0m
val_Precision: [4;34m0.8128[0m,               val_Recall: [4;33m0.7339[0m,                 val_F1 Score: [4;35m0.7660[0m
æ ‡ç­¾é‡Œ1çš„ä¸ªæ•°:  430
æ ‡ç­¾é‡Œ0çš„ä¸ªæ•°:  430
æ€»æ•°:  860
æ­£ç¡®çš„ä¸ªæ•°:  676
Epoch [59/100], V_AUC: [4m0.7830[0m
Epoch [60/100], Loss: 55.4134
train_Accuracy: [91m0.8265[0m
train_Precision: [4;34m0.8475[0m,               train_Recall: [4;33m0.8053[0m,                 train_F1 Score: [4;35m0.8207[0m
æ ‡ç­¾é‡Œ1çš„ä¸ªæ•°:  2150
æ ‡ç­¾é‡Œ0çš„ä¸ªæ•°:  2150
æ€»æ•°:  4300
æ­£ç¡®çš„ä¸ªæ•°:  3554
æœ€åä¸€ä¸ªæ‰¹æ¬¡çš„è¾“å‡º, ä¸æ»¡batchsizeæ˜¯æ­£å¸¸çš„:
 tensor([[0.9097],
        [0.8752],
        [0.9825],
        [0.1352],
        [0.7236],
        [0.0708],
        [0.4846],
        [0.3198],
        [0.6691],
        [0.8682],
        [0.0481],
        [0.0667]], device='cuda:0', grad_fn=<SigmoidBackward0>)
Epoch [60/100], T_AUC: [4m0.8315[0m
Epoch [60/100], Loss: 14.2170
val_Accuracy: [92m0.7919[0m
val_Precision: [4;34m0.8258[0m,               val_Recall: [4;33m0.7291[0m,                 val_F1 Score: [4;35m0.7700[0m
æ ‡ç­¾é‡Œ1çš„ä¸ªæ•°:  430
æ ‡ç­¾é‡Œ0çš„ä¸ªæ•°:  430
æ€»æ•°:  860
æ­£ç¡®çš„ä¸ªæ•°:  681
Epoch [60/100], V_AUC: [4m0.7887[0m
Epoch [61/100], Loss: 55.3557
train_Accuracy: [91m0.8272[0m
train_Precision: [4;34m0.8488[0m,               train_Recall: [4;33m0.8058[0m,                 train_F1 Score: [4;35m0.8214[0m
æ ‡ç­¾é‡Œ1çš„ä¸ªæ•°:  2150
æ ‡ç­¾é‡Œ0çš„ä¸ªæ•°:  2150
æ€»æ•°:  4300
æ­£ç¡®çš„ä¸ªæ•°:  3557
æœ€åä¸€ä¸ªæ‰¹æ¬¡çš„è¾“å‡º, ä¸æ»¡batchsizeæ˜¯æ­£å¸¸çš„:
 tensor([[0.9156],
        [0.8835],
        [0.9832],
        [0.1400],
        [0.7299],
        [0.0699],
        [0.4962],
        [0.3003],
        [0.6693],
        [0.8644],
        [0.0514],
        [0.0679]], device='cuda:0', grad_fn=<SigmoidBackward0>)
Epoch [61/100], T_AUC: [4m0.8322[0m
Epoch [61/100], Loss: 13.9720
val_Accuracy: [92m0.7919[0m
val_Precision: [4;34m0.8259[0m,               val_Recall: [4;33m0.7291[0m,                 val_F1 Score: [4;35m0.7698[0m
æ ‡ç­¾é‡Œ1çš„ä¸ªæ•°:  430
æ ‡ç­¾é‡Œ0çš„ä¸ªæ•°:  430
æ€»æ•°:  860
æ­£ç¡®çš„ä¸ªæ•°:  681
Epoch [61/100], V_AUC: [4m0.7887[0m
Epoch [62/100], Loss: 55.4168
train_Accuracy: [91m0.8274[0m
train_Precision: [4;34m0.8469[0m,               train_Recall: [4;33m0.8075[0m,                 train_F1 Score: [4;35m0.8215[0m
æ ‡ç­¾é‡Œ1çš„ä¸ªæ•°:  2150
æ ‡ç­¾é‡Œ0çš„ä¸ªæ•°:  2150
æ€»æ•°:  4300
æ­£ç¡®çš„ä¸ªæ•°:  3558
æœ€åä¸€ä¸ªæ‰¹æ¬¡çš„è¾“å‡º, ä¸æ»¡batchsizeæ˜¯æ­£å¸¸çš„:
 tensor([[0.9248],
        [0.8726],
        [0.9818],
        [0.1442],
        [0.7565],
        [0.0787],
        [0.5034],
        [0.2830],
        [0.6657],
        [0.8743],
        [0.0497],
        [0.0588]], device='cuda:0', grad_fn=<SigmoidBackward0>)
Epoch [62/100], T_AUC: [4m0.8320[0m
Epoch [62/100], Loss: 13.9226
val_Accuracy: [92m0.7919[0m
val_Precision: [4;34m0.8266[0m,               val_Recall: [4;33m0.7291[0m,                 val_F1 Score: [4;35m0.7696[0m
æ ‡ç­¾é‡Œ1çš„ä¸ªæ•°:  430
æ ‡ç­¾é‡Œ0çš„ä¸ªæ•°:  430
æ€»æ•°:  860
æ­£ç¡®çš„ä¸ªæ•°:  681
Epoch [62/100], V_AUC: [4m0.7884[0m
Epoch [63/100], Loss: 55.5140
train_Accuracy: [91m0.8272[0m
train_Precision: [4;34m0.8490[0m,               train_Recall: [4;33m0.8061[0m,                 train_F1 Score: [4;35m0.8217[0m
æ ‡ç­¾é‡Œ1çš„ä¸ªæ•°:  2150
æ ‡ç­¾é‡Œ0çš„ä¸ªæ•°:  2150
æ€»æ•°:  4300
æ­£ç¡®çš„ä¸ªæ•°:  3557
æœ€åä¸€ä¸ªæ‰¹æ¬¡çš„è¾“å‡º, ä¸æ»¡batchsizeæ˜¯æ­£å¸¸çš„:
 tensor([[0.9182],
        [0.8810],
        [0.9840],
        [0.1317],
        [0.7511],
        [0.0721],
        [0.4847],
        [0.2915],
        [0.6723],
        [0.8657],
        [0.0516],
        [0.0638]], device='cuda:0', grad_fn=<SigmoidBackward0>)
Epoch [63/100], T_AUC: [4m0.8323[0m
Epoch [63/100], Loss: 14.1272
val_Accuracy: [92m0.7953[0m
val_Precision: [4;34m0.8306[0m,               val_Recall: [4;33m0.7313[0m,                 val_F1 Score: [4;35m0.7733[0m
æ ‡ç­¾é‡Œ1çš„ä¸ªæ•°:  430
æ ‡ç­¾é‡Œ0çš„ä¸ªæ•°:  430
æ€»æ•°:  860
æ­£ç¡®çš„ä¸ªæ•°:  684
Epoch [63/100], V_AUC: [4m0.7919[0m
Epoch [64/100], Loss: 55.2609
train_Accuracy: [91m0.8272[0m
train_Precision: [4;34m0.8486[0m,               train_Recall: [4;33m0.8059[0m,                 train_F1 Score: [4;35m0.8215[0m
æ ‡ç­¾é‡Œ1çš„ä¸ªæ•°:  2150
æ ‡ç­¾é‡Œ0çš„ä¸ªæ•°:  2150
æ€»æ•°:  4300
æ­£ç¡®çš„ä¸ªæ•°:  3557
æœ€åä¸€ä¸ªæ‰¹æ¬¡çš„è¾“å‡º, ä¸æ»¡batchsizeæ˜¯æ­£å¸¸çš„:
 tensor([[0.9186],
        [0.8794],
        [0.9838],
        [0.1310],
        [0.7626],
        [0.0688],
        [0.4845],
        [0.2916],
        [0.6695],
        [0.8718],
        [0.0524],
        [0.0698]], device='cuda:0', grad_fn=<SigmoidBackward0>)
Epoch [64/100], T_AUC: [4m0.8319[0m
Epoch [64/100], Loss: 14.0361
val_Accuracy: [92m0.7895[0m
val_Precision: [4;34m0.8176[0m,               val_Recall: [4;33m0.7366[0m,                 val_F1 Score: [4;35m0.7699[0m
æ ‡ç­¾é‡Œ1çš„ä¸ªæ•°:  430
æ ‡ç­¾é‡Œ0çš„ä¸ªæ•°:  430
æ€»æ•°:  860
æ­£ç¡®çš„ä¸ªæ•°:  679
Epoch [64/100], V_AUC: [4m0.7868[0m
Epoch [65/100], Loss: 55.2889
train_Accuracy: [91m0.8263[0m
train_Precision: [4;34m0.8476[0m,               train_Recall: [4;33m0.8052[0m,                 train_F1 Score: [4;35m0.8205[0m
æ ‡ç­¾é‡Œ1çš„ä¸ªæ•°:  2150
æ ‡ç­¾é‡Œ0çš„ä¸ªæ•°:  2150
æ€»æ•°:  4300
æ­£ç¡®çš„ä¸ªæ•°:  3553
æœ€åä¸€ä¸ªæ‰¹æ¬¡çš„è¾“å‡º, ä¸æ»¡batchsizeæ˜¯æ­£å¸¸çš„:
 tensor([[0.9233],
        [0.8754],
        [0.9823],
        [0.1315],
        [0.7592],
        [0.0697],
        [0.4843],
        [0.2964],
        [0.6703],
        [0.8812],
        [0.0510],
        [0.0657]], device='cuda:0', grad_fn=<SigmoidBackward0>)
Epoch [65/100], T_AUC: [4m0.8311[0m
Epoch [65/100], Loss: 14.0578
val_Accuracy: [92m0.7942[0m
val_Precision: [4;34m0.8283[0m,               val_Recall: [4;33m0.7313[0m,                 val_F1 Score: [4;35m0.7722[0m
æ ‡ç­¾é‡Œ1çš„ä¸ªæ•°:  430
æ ‡ç­¾é‡Œ0çš„ä¸ªæ•°:  430
æ€»æ•°:  860
æ­£ç¡®çš„ä¸ªæ•°:  683
Epoch [65/100], V_AUC: [4m0.7909[0m
Epoch [66/100], Loss: 55.2570
train_Accuracy: [91m0.8251[0m
train_Precision: [4;34m0.8468[0m,               train_Recall: [4;33m0.8031[0m,                 train_F1 Score: [4;35m0.8192[0m
æ ‡ç­¾é‡Œ1çš„ä¸ªæ•°:  2150
æ ‡ç­¾é‡Œ0çš„ä¸ªæ•°:  2150
æ€»æ•°:  4300
æ­£ç¡®çš„ä¸ªæ•°:  3548
æœ€åä¸€ä¸ªæ‰¹æ¬¡çš„è¾“å‡º, ä¸æ»¡batchsizeæ˜¯æ­£å¸¸çš„:
 tensor([[0.9046],
        [0.8789],
        [0.9828],
        [0.1069],
        [0.8022],
        [0.0506],
        [0.4916],
        [0.2362],
        [0.6923],
        [0.8944],
        [0.0508],
        [0.1158]], device='cuda:0', grad_fn=<SigmoidBackward0>)
Epoch [66/100], T_AUC: [4m0.8298[0m
Epoch [66/100], Loss: 14.0764
val_Accuracy: [92m0.7895[0m
val_Precision: [4;34m0.8233[0m,               val_Recall: [4;33m0.7295[0m,                 val_F1 Score: [4;35m0.7682[0m
æ ‡ç­¾é‡Œ1çš„ä¸ªæ•°:  430
æ ‡ç­¾é‡Œ0çš„ä¸ªæ•°:  430
æ€»æ•°:  860
æ­£ç¡®çš„ä¸ªæ•°:  679
Epoch [66/100], V_AUC: [4m0.7867[0m
Epoch [67/100], Loss: 55.2681
train_Accuracy: [91m0.8260[0m
train_Precision: [4;34m0.8472[0m,               train_Recall: [4;33m0.8046[0m,                 train_F1 Score: [4;35m0.8203[0m
æ ‡ç­¾é‡Œ1çš„ä¸ªæ•°:  2150
æ ‡ç­¾é‡Œ0çš„ä¸ªæ•°:  2150
æ€»æ•°:  4300
æ­£ç¡®çš„ä¸ªæ•°:  3552
æœ€åä¸€ä¸ªæ‰¹æ¬¡çš„è¾“å‡º, ä¸æ»¡batchsizeæ˜¯æ­£å¸¸çš„:
 tensor([[0.9244],
        [0.8806],
        [0.9828],
        [0.1295],
        [0.7682],
        [0.0696],
        [0.4844],
        [0.2949],
        [0.6701],
        [0.8757],
        [0.0491],
        [0.0669]], device='cuda:0', grad_fn=<SigmoidBackward0>)
Epoch [67/100], T_AUC: [4m0.8307[0m
Epoch [67/100], Loss: 14.0644
val_Accuracy: [92m0.7953[0m
val_Precision: [4;34m0.8301[0m,               val_Recall: [4;33m0.7339[0m,                 val_F1 Score: [4;35m0.7739[0m
æ ‡ç­¾é‡Œ1çš„ä¸ªæ•°:  430
æ ‡ç­¾é‡Œ0çš„ä¸ªæ•°:  430
æ€»æ•°:  860
æ­£ç¡®çš„ä¸ªæ•°:  684
Epoch [67/100], V_AUC: [4m0.7920[0m
Epoch [68/100], Loss: 55.1890
train_Accuracy: [91m0.8260[0m
train_Precision: [4;34m0.8470[0m,               train_Recall: [4;33m0.8054[0m,                 train_F1 Score: [4;35m0.8205[0m
æ ‡ç­¾é‡Œ1çš„ä¸ªæ•°:  2150
æ ‡ç­¾é‡Œ0çš„ä¸ªæ•°:  2150
æ€»æ•°:  4300
æ­£ç¡®çš„ä¸ªæ•°:  3552
æœ€åä¸€ä¸ªæ‰¹æ¬¡çš„è¾“å‡º, ä¸æ»¡batchsizeæ˜¯æ­£å¸¸çš„:
 tensor([[0.9285],
        [0.8802],
        [0.9821],
        [0.1297],
        [0.7641],
        [0.0694],
        [0.4831],
        [0.2958],
        [0.6692],
        [0.8812],
        [0.0496],
        [0.0665]], device='cuda:0', grad_fn=<SigmoidBackward0>)
Epoch [68/100], T_AUC: [4m0.8307[0m
Epoch [68/100], Loss: 14.0600
val_Accuracy: [92m0.7895[0m
val_Precision: [4;34m0.8173[0m,               val_Recall: [4;33m0.7366[0m,                 val_F1 Score: [4;35m0.7697[0m
æ ‡ç­¾é‡Œ1çš„ä¸ªæ•°:  430
æ ‡ç­¾é‡Œ0çš„ä¸ªæ•°:  430
æ€»æ•°:  860
æ­£ç¡®çš„ä¸ªæ•°:  679
Epoch [68/100], V_AUC: [4m0.7868[0m
Epoch [69/100], Loss: 55.1607
train_Accuracy: [91m0.8263[0m
train_Precision: [4;34m0.8478[0m,               train_Recall: [4;33m0.8033[0m,                 train_F1 Score: [4;35m0.8199[0m
æ ‡ç­¾é‡Œ1çš„ä¸ªæ•°:  2150
æ ‡ç­¾é‡Œ0çš„ä¸ªæ•°:  2150
æ€»æ•°:  4300
æ­£ç¡®çš„ä¸ªæ•°:  3553
æœ€åä¸€ä¸ªæ‰¹æ¬¡çš„è¾“å‡º, ä¸æ»¡batchsizeæ˜¯æ­£å¸¸çš„:
 tensor([[0.9262],
        [0.8882],
        [0.9826],
        [0.1218],
        [0.7698],
        [0.0692],
        [0.4760],
        [0.2853],
        [0.6571],
        [0.8877],
        [0.0511],
        [0.0678]], device='cuda:0', grad_fn=<SigmoidBackward0>)
Epoch [69/100], T_AUC: [4m0.8309[0m
Epoch [69/100], Loss: 14.0318
val_Accuracy: [92m0.7884[0m
val_Precision: [4;34m0.8084[0m,               val_Recall: [4;33m0.7482[0m,                 val_F1 Score: [4;35m0.7714[0m
æ ‡ç­¾é‡Œ1çš„ä¸ªæ•°:  430
æ ‡ç­¾é‡Œ0çš„ä¸ªæ•°:  430
æ€»æ•°:  860
æ­£ç¡®çš„ä¸ªæ•°:  678
Epoch [69/100], V_AUC: [4m0.7855[0m
Epoch [70/100], Loss: 55.2069
train_Accuracy: [91m0.8265[0m
train_Precision: [4;34m0.8474[0m,               train_Recall: [4;33m0.8053[0m,                 train_F1 Score: [4;35m0.8205[0m
æ ‡ç­¾é‡Œ1çš„ä¸ªæ•°:  2150
æ ‡ç­¾é‡Œ0çš„ä¸ªæ•°:  2150
æ€»æ•°:  4300
æ­£ç¡®çš„ä¸ªæ•°:  3554
æœ€åä¸€ä¸ªæ‰¹æ¬¡çš„è¾“å‡º, ä¸æ»¡batchsizeæ˜¯æ­£å¸¸çš„:
 tensor([[0.9188],
        [0.8820],
        [0.9834],
        [0.1248],
        [0.7820],
        [0.0703],
        [0.4665],
        [0.2914],
        [0.6603],
        [0.8823],
        [0.0517],
        [0.0643]], device='cuda:0', grad_fn=<SigmoidBackward0>)
Epoch [70/100], T_AUC: [4m0.8312[0m
Epoch [70/100], Loss: 14.2425
val_Accuracy: [92m0.7942[0m
val_Precision: [4;34m0.8320[0m,               val_Recall: [4;33m0.7292[0m,                 val_F1 Score: [4;35m0.7720[0m
æ ‡ç­¾é‡Œ1çš„ä¸ªæ•°:  430
æ ‡ç­¾é‡Œ0çš„ä¸ªæ•°:  430
æ€»æ•°:  860
æ­£ç¡®çš„ä¸ªæ•°:  683
Epoch [70/100], V_AUC: [4m0.7906[0m
Epoch [71/100], Loss: 55.2732
train_Accuracy: [91m0.8258[0m
train_Precision: [4;34m0.8473[0m,               train_Recall: [4;33m0.8040[0m,                 train_F1 Score: [4;35m0.8200[0m
æ ‡ç­¾é‡Œ1çš„ä¸ªæ•°:  2150
æ ‡ç­¾é‡Œ0çš„ä¸ªæ•°:  2150
æ€»æ•°:  4300
æ­£ç¡®çš„ä¸ªæ•°:  3551
æœ€åä¸€ä¸ªæ‰¹æ¬¡çš„è¾“å‡º, ä¸æ»¡batchsizeæ˜¯æ­£å¸¸çš„:
 tensor([[0.9162],
        [0.8639],
        [0.9874],
        [0.1121],
        [0.7871],
        [0.0700],
        [0.4324],
        [0.2906],
        [0.6557],
        [0.8835],
        [0.0568],
        [0.0689]], device='cuda:0', grad_fn=<SigmoidBackward0>)
Epoch [71/100], T_AUC: [4m0.8307[0m
Epoch [71/100], Loss: 14.0554
val_Accuracy: [92m0.7942[0m
val_Precision: [4;34m0.8143[0m,               val_Recall: [4;33m0.7527[0m,                 val_F1 Score: [4;35m0.7769[0m
æ ‡ç­¾é‡Œ1çš„ä¸ªæ•°:  430
æ ‡ç­¾é‡Œ0çš„ä¸ªæ•°:  430
æ€»æ•°:  860
æ­£ç¡®çš„ä¸ªæ•°:  683
Epoch [71/100], V_AUC: [4m0.7913[0m
Epoch [72/100], Loss: 55.4126
train_Accuracy: [91m0.8267[0m
train_Precision: [4;34m0.8460[0m,               train_Recall: [4;33m0.8092[0m,                 train_F1 Score: [4;35m0.8220[0m
æ ‡ç­¾é‡Œ1çš„ä¸ªæ•°:  2150
æ ‡ç­¾é‡Œ0çš„ä¸ªæ•°:  2150
æ€»æ•°:  4300
æ­£ç¡®çš„ä¸ªæ•°:  3555
æœ€åä¸€ä¸ªæ‰¹æ¬¡çš„è¾“å‡º, ä¸æ»¡batchsizeæ˜¯æ­£å¸¸çš„:
 tensor([[0.9203],
        [0.8823],
        [0.9807],
        [0.1343],
        [0.7594],
        [0.0732],
        [0.4556],
        [0.2642],
        [0.6516],
        [0.8951],
        [0.0524],
        [0.0712]], device='cuda:0', grad_fn=<SigmoidBackward0>)
Epoch [72/100], T_AUC: [4m0.8313[0m
Epoch [72/100], Loss: 14.2216
val_Accuracy: [92m0.7907[0m
val_Precision: [4;34m0.8362[0m,               val_Recall: [4;33m0.7149[0m,                 val_F1 Score: [4;35m0.7650[0m
æ ‡ç­¾é‡Œ1çš„ä¸ªæ•°:  430
æ ‡ç­¾é‡Œ0çš„ä¸ªæ•°:  430
æ€»æ•°:  860
æ­£ç¡®çš„ä¸ªæ•°:  680
Epoch [72/100], V_AUC: [4m0.7871[0m
Epoch [73/100], Loss: 55.1439
train_Accuracy: [91m0.8293[0m
train_Precision: [4;34m0.8504[0m,               train_Recall: [4;33m0.8074[0m,                 train_F1 Score: [4;35m0.8232[0m
æ ‡ç­¾é‡Œ1çš„ä¸ªæ•°:  2150
æ ‡ç­¾é‡Œ0çš„ä¸ªæ•°:  2150
æ€»æ•°:  4300
æ­£ç¡®çš„ä¸ªæ•°:  3566
æœ€åä¸€ä¸ªæ‰¹æ¬¡çš„è¾“å‡º, ä¸æ»¡batchsizeæ˜¯æ­£å¸¸çš„:
 tensor([[0.9217],
        [0.8715],
        [0.9844],
        [0.1282],
        [0.7568],
        [0.0715],
        [0.4634],
        [0.2854],
        [0.6538],
        [0.8784],
        [0.0536],
        [0.0693]], device='cuda:0', grad_fn=<SigmoidBackward0>)
Epoch [73/100], T_AUC: [4m0.8341[0m
Epoch [73/100], Loss: 14.6013
val_Accuracy: [92m0.7930[0m
val_Precision: [4;34m0.8114[0m,               val_Recall: [4;33m0.7543[0m,                 val_F1 Score: [4;35m0.7761[0m
æ ‡ç­¾é‡Œ1çš„ä¸ªæ•°:  430
æ ‡ç­¾é‡Œ0çš„ä¸ªæ•°:  430
æ€»æ•°:  860
æ­£ç¡®çš„ä¸ªæ•°:  682
Epoch [73/100], V_AUC: [4m0.7896[0m
Epoch [74/100], Loss: 55.1284
train_Accuracy: [91m0.8279[0m
train_Precision: [4;34m0.8502[0m,               train_Recall: [4;33m0.8060[0m,                 train_F1 Score: [4;35m0.8220[0m
æ ‡ç­¾é‡Œ1çš„ä¸ªæ•°:  2150
æ ‡ç­¾é‡Œ0çš„ä¸ªæ•°:  2150
æ€»æ•°:  4300
æ­£ç¡®çš„ä¸ªæ•°:  3560
æœ€åä¸€ä¸ªæ‰¹æ¬¡çš„è¾“å‡º, ä¸æ»¡batchsizeæ˜¯æ­£å¸¸çš„:
 tensor([[0.9191],
        [0.8783],
        [0.9866],
        [0.1263],
        [0.7520],
        [0.0721],
        [0.4640],
        [0.2987],
        [0.6482],
        [0.8691],
        [0.0498],
        [0.0713]], device='cuda:0', grad_fn=<SigmoidBackward0>)
Epoch [74/100], T_AUC: [4m0.8332[0m
Epoch [74/100], Loss: 14.0366
val_Accuracy: [92m0.7930[0m
val_Precision: [4;34m0.8294[0m,               val_Recall: [4;33m0.7295[0m,                 val_F1 Score: [4;35m0.7702[0m
æ ‡ç­¾é‡Œ1çš„ä¸ªæ•°:  430
æ ‡ç­¾é‡Œ0çš„ä¸ªæ•°:  430
æ€»æ•°:  860
æ­£ç¡®çš„ä¸ªæ•°:  682
Epoch [74/100], V_AUC: [4m0.7897[0m
Epoch [75/100], Loss: 55.2418
train_Accuracy: [91m0.8263[0m
train_Precision: [4;34m0.8460[0m,               train_Recall: [4;33m0.8068[0m,                 train_F1 Score: [4;35m0.8203[0m
æ ‡ç­¾é‡Œ1çš„ä¸ªæ•°:  2150
æ ‡ç­¾é‡Œ0çš„ä¸ªæ•°:  2150
æ€»æ•°:  4300
æ­£ç¡®çš„ä¸ªæ•°:  3553
æœ€åä¸€ä¸ªæ‰¹æ¬¡çš„è¾“å‡º, ä¸æ»¡batchsizeæ˜¯æ­£å¸¸çš„:
 tensor([[0.9221],
        [0.8749],
        [0.9860],
        [0.1164],
        [0.7588],
        [0.0702],
        [0.4649],
        [0.3094],
        [0.6504],
        [0.8860],
        [0.0543],
        [0.0633]], device='cuda:0', grad_fn=<SigmoidBackward0>)
Epoch [75/100], T_AUC: [4m0.8316[0m
Epoch [75/100], Loss: 14.0963
val_Accuracy: [92m0.7895[0m
val_Precision: [4;34m0.8217[0m,               val_Recall: [4;33m0.7290[0m,                 val_F1 Score: [4;35m0.7679[0m
æ ‡ç­¾é‡Œ1çš„ä¸ªæ•°:  430
æ ‡ç­¾é‡Œ0çš„ä¸ªæ•°:  430
æ€»æ•°:  860
æ­£ç¡®çš„ä¸ªæ•°:  679
Epoch [75/100], V_AUC: [4m0.7860[0m
Epoch [76/100], Loss: 55.1446
train_Accuracy: [91m0.8281[0m
train_Precision: [4;34m0.8496[0m,               train_Recall: [4;33m0.8068[0m,                 train_F1 Score: [4;35m0.8223[0m
æ ‡ç­¾é‡Œ1çš„ä¸ªæ•°:  2150
æ ‡ç­¾é‡Œ0çš„ä¸ªæ•°:  2150
æ€»æ•°:  4300
æ­£ç¡®çš„ä¸ªæ•°:  3561
æœ€åä¸€ä¸ªæ‰¹æ¬¡çš„è¾“å‡º, ä¸æ»¡batchsizeæ˜¯æ­£å¸¸çš„:
 tensor([[0.9222],
        [0.8746],
        [0.9858],
        [0.1219],
        [0.7741],
        [0.0704],
        [0.4406],
        [0.3081],
        [0.6149],
        [0.8797],
        [0.0485],
        [0.0739]], device='cuda:0', grad_fn=<SigmoidBackward0>)
Epoch [76/100], T_AUC: [4m0.8332[0m
Epoch [76/100], Loss: 14.2413
val_Accuracy: [92m0.7919[0m
val_Precision: [4;34m0.8213[0m,               val_Recall: [4;33m0.7366[0m,                 val_F1 Score: [4;35m0.7717[0m
æ ‡ç­¾é‡Œ1çš„ä¸ªæ•°:  430
æ ‡ç­¾é‡Œ0çš„ä¸ªæ•°:  430
æ€»æ•°:  860
æ­£ç¡®çš„ä¸ªæ•°:  681
Epoch [76/100], V_AUC: [4m0.7889[0m
Epoch [77/100], Loss: 55.0308
train_Accuracy: [91m0.8286[0m
train_Precision: [4;34m0.8487[0m,               train_Recall: [4;33m0.8087[0m,                 train_F1 Score: [4;35m0.8229[0m
æ ‡ç­¾é‡Œ1çš„ä¸ªæ•°:  2150
æ ‡ç­¾é‡Œ0çš„ä¸ªæ•°:  2150
æ€»æ•°:  4300
æ­£ç¡®çš„ä¸ªæ•°:  3563
æœ€åä¸€ä¸ªæ‰¹æ¬¡çš„è¾“å‡º, ä¸æ»¡batchsizeæ˜¯æ­£å¸¸çš„:
 tensor([[0.9278],
        [0.8709],
        [0.9849],
        [0.1231],
        [0.7591],
        [0.0690],
        [0.4522],
        [0.2964],
        [0.6309],
        [0.8960],
        [0.0492],
        [0.0731]], device='cuda:0', grad_fn=<SigmoidBackward0>)
Epoch [77/100], T_AUC: [4m0.8333[0m
Epoch [77/100], Loss: 14.1419
val_Accuracy: [92m0.7930[0m
val_Precision: [4;34m0.8275[0m,               val_Recall: [4;33m0.7311[0m,                 val_F1 Score: [4;35m0.7711[0m
æ ‡ç­¾é‡Œ1çš„ä¸ªæ•°:  430
æ ‡ç­¾é‡Œ0çš„ä¸ªæ•°:  430
æ€»æ•°:  860
æ­£ç¡®çš„ä¸ªæ•°:  682
Epoch [77/100], V_AUC: [4m0.7892[0m
Epoch [78/100], Loss: 54.9763
train_Accuracy: [91m0.8274[0m
train_Precision: [4;34m0.8479[0m,               train_Recall: [4;33m0.8075[0m,                 train_F1 Score: [4;35m0.8218[0m
æ ‡ç­¾é‡Œ1çš„ä¸ªæ•°:  2150
æ ‡ç­¾é‡Œ0çš„ä¸ªæ•°:  2150
æ€»æ•°:  4300
æ­£ç¡®çš„ä¸ªæ•°:  3558
æœ€åä¸€ä¸ªæ‰¹æ¬¡çš„è¾“å‡º, ä¸æ»¡batchsizeæ˜¯æ­£å¸¸çš„:
 tensor([[0.9267],
        [0.8744],
        [0.9864],
        [0.1134],
        [0.7570],
        [0.0681],
        [0.4541],
        [0.3147],
        [0.6414],
        [0.8791],
        [0.0461],
        [0.0722]], device='cuda:0', grad_fn=<SigmoidBackward0>)
Epoch [78/100], T_AUC: [4m0.8324[0m
Epoch [78/100], Loss: 14.2250
val_Accuracy: [92m0.7907[0m
val_Precision: [4;34m0.8280[0m,               val_Recall: [4;33m0.7270[0m,                 val_F1 Score: [4;35m0.7679[0m
æ ‡ç­¾é‡Œ1çš„ä¸ªæ•°:  430
æ ‡ç­¾é‡Œ0çš„ä¸ªæ•°:  430
æ€»æ•°:  860
æ­£ç¡®çš„ä¸ªæ•°:  680
Epoch [78/100], V_AUC: [4m0.7873[0m
Epoch [79/100], Loss: 54.9342
train_Accuracy: [91m0.8279[0m
train_Precision: [4;34m0.8487[0m,               train_Recall: [4;33m0.8075[0m,                 train_F1 Score: [4;35m0.8220[0m
æ ‡ç­¾é‡Œ1çš„ä¸ªæ•°:  2150
æ ‡ç­¾é‡Œ0çš„ä¸ªæ•°:  2150
æ€»æ•°:  4300
æ­£ç¡®çš„ä¸ªæ•°:  3560
æœ€åä¸€ä¸ªæ‰¹æ¬¡çš„è¾“å‡º, ä¸æ»¡batchsizeæ˜¯æ­£å¸¸çš„:
 tensor([[0.9251],
        [0.8695],
        [0.9866],
        [0.1209],
        [0.7595],
        [0.0685],
        [0.4578],
        [0.3002],
        [0.6373],
        [0.8923],
        [0.0457],
        [0.0756]], device='cuda:0', grad_fn=<SigmoidBackward0>)
Epoch [79/100], T_AUC: [4m0.8330[0m
Epoch [79/100], Loss: 14.0988
val_Accuracy: [92m0.7895[0m
val_Precision: [4;34m0.8236[0m,               val_Recall: [4;33m0.7289[0m,                 val_F1 Score: [4;35m0.7672[0m
æ ‡ç­¾é‡Œ1çš„ä¸ªæ•°:  430
æ ‡ç­¾é‡Œ0çš„ä¸ªæ•°:  430
æ€»æ•°:  860
æ­£ç¡®çš„ä¸ªæ•°:  679
Epoch [79/100], V_AUC: [4m0.7858[0m
Epoch [80/100], Loss: 54.9895
train_Accuracy: [91m0.8279[0m
train_Precision: [4;34m0.8481[0m,               train_Recall: [4;33m0.8080[0m,                 train_F1 Score: [4;35m0.8220[0m
æ ‡ç­¾é‡Œ1çš„ä¸ªæ•°:  2150
æ ‡ç­¾é‡Œ0çš„ä¸ªæ•°:  2150
æ€»æ•°:  4300
æ­£ç¡®çš„ä¸ªæ•°:  3560
æœ€åä¸€ä¸ªæ‰¹æ¬¡çš„è¾“å‡º, ä¸æ»¡batchsizeæ˜¯æ­£å¸¸çš„:
 tensor([[0.9219],
        [0.8739],
        [0.9873],
        [0.1190],
        [0.7753],
        [0.0682],
        [0.4542],
        [0.3073],
        [0.6406],
        [0.8871],
        [0.0468],
        [0.0770]], device='cuda:0', grad_fn=<SigmoidBackward0>)
Epoch [80/100], T_AUC: [4m0.8331[0m
Epoch [80/100], Loss: 14.1179
val_Accuracy: [92m0.7895[0m
val_Precision: [4;34m0.8236[0m,               val_Recall: [4;33m0.7284[0m,                 val_F1 Score: [4;35m0.7673[0m
æ ‡ç­¾é‡Œ1çš„ä¸ªæ•°:  430
æ ‡ç­¾é‡Œ0çš„ä¸ªæ•°:  430
æ€»æ•°:  860
æ­£ç¡®çš„ä¸ªæ•°:  679
Epoch [80/100], V_AUC: [4m0.7856[0m
Epoch [81/100], Loss: 54.9352
train_Accuracy: [91m0.8270[0m
train_Precision: [4;34m0.8472[0m,               train_Recall: [4;33m0.8071[0m,                 train_F1 Score: [4;35m0.8210[0m
æ ‡ç­¾é‡Œ1çš„ä¸ªæ•°:  2150
æ ‡ç­¾é‡Œ0çš„ä¸ªæ•°:  2150
æ€»æ•°:  4300
æ­£ç¡®çš„ä¸ªæ•°:  3556
æœ€åä¸€ä¸ªæ‰¹æ¬¡çš„è¾“å‡º, ä¸æ»¡batchsizeæ˜¯æ­£å¸¸çš„:
 tensor([[0.9212],
        [0.8700],
        [0.9873],
        [0.1240],
        [0.7880],
        [0.0698],
        [0.4664],
        [0.2966],
        [0.6346],
        [0.8925],
        [0.0413],
        [0.0758]], device='cuda:0', grad_fn=<SigmoidBackward0>)
Epoch [81/100], T_AUC: [4m0.8321[0m
Epoch [81/100], Loss: 14.2394
val_Accuracy: [92m0.7919[0m
val_Precision: [4;34m0.8350[0m,               val_Recall: [4;33m0.7202[0m,                 val_F1 Score: [4;35m0.7684[0m
æ ‡ç­¾é‡Œ1çš„ä¸ªæ•°:  430
æ ‡ç­¾é‡Œ0çš„ä¸ªæ•°:  430
æ€»æ•°:  860
æ­£ç¡®çš„ä¸ªæ•°:  681
Epoch [81/100], V_AUC: [4m0.7882[0m
Epoch [82/100], Loss: 55.0246
train_Accuracy: [91m0.8267[0m
train_Precision: [4;34m0.8473[0m,               train_Recall: [4;33m0.8054[0m,                 train_F1 Score: [4;35m0.8207[0m
æ ‡ç­¾é‡Œ1çš„ä¸ªæ•°:  2150
æ ‡ç­¾é‡Œ0çš„ä¸ªæ•°:  2150
æ€»æ•°:  4300
æ­£ç¡®çš„ä¸ªæ•°:  3555
æœ€åä¸€ä¸ªæ‰¹æ¬¡çš„è¾“å‡º, ä¸æ»¡batchsizeæ˜¯æ­£å¸¸çš„:
 tensor([[0.9217],
        [0.8565],
        [0.9863],
        [0.1219],
        [0.7790],
        [0.0695],
        [0.4625],
        [0.3129],
        [0.6496],
        [0.8920],
        [0.0428],
        [0.0749]], device='cuda:0', grad_fn=<SigmoidBackward0>)
Epoch [82/100], T_AUC: [4m0.8314[0m
Epoch [82/100], Loss: 14.1038
val_Accuracy: [92m0.7884[0m
val_Precision: [4;34m0.8254[0m,               val_Recall: [4;33m0.7246[0m,                 val_F1 Score: [4;35m0.7655[0m
æ ‡ç­¾é‡Œ1çš„ä¸ªæ•°:  430
æ ‡ç­¾é‡Œ0çš„ä¸ªæ•°:  430
æ€»æ•°:  860
æ­£ç¡®çš„ä¸ªæ•°:  678
Epoch [82/100], V_AUC: [4m0.7846[0m
Epoch [83/100], Loss: 54.9606
train_Accuracy: [91m0.8272[0m
train_Precision: [4;34m0.8480[0m,               train_Recall: [4;33m0.8066[0m,                 train_F1 Score: [4;35m0.8215[0m
æ ‡ç­¾é‡Œ1çš„ä¸ªæ•°:  2150
æ ‡ç­¾é‡Œ0çš„ä¸ªæ•°:  2150
æ€»æ•°:  4300
æ­£ç¡®çš„ä¸ªæ•°:  3557
æœ€åä¸€ä¸ªæ‰¹æ¬¡çš„è¾“å‡º, ä¸æ»¡batchsizeæ˜¯æ­£å¸¸çš„:
 tensor([[0.9228],
        [0.8832],
        [0.9869],
        [0.1213],
        [0.7565],
        [0.0633],
        [0.4646],
        [0.3072],
        [0.6419],
        [0.9003],
        [0.0421],
        [0.0716]], device='cuda:0', grad_fn=<SigmoidBackward0>)
Epoch [83/100], T_AUC: [4m0.8320[0m
Epoch [83/100], Loss: 14.1516
val_Accuracy: [92m0.7953[0m
val_Precision: [4;34m0.8317[0m,               val_Recall: [4;33m0.7344[0m,                 val_F1 Score: [4;35m0.7745[0m
æ ‡ç­¾é‡Œ1çš„ä¸ªæ•°:  430
æ ‡ç­¾é‡Œ0çš„ä¸ªæ•°:  430
æ€»æ•°:  860
æ­£ç¡®çš„ä¸ªæ•°:  684
Epoch [83/100], V_AUC: [4m0.7920[0m
Epoch [84/100], Loss: 54.9540
train_Accuracy: [91m0.8281[0m
train_Precision: [4;34m0.8489[0m,               train_Recall: [4;33m0.8068[0m,                 train_F1 Score: [4;35m0.8221[0m
æ ‡ç­¾é‡Œ1çš„ä¸ªæ•°:  2150
æ ‡ç­¾é‡Œ0çš„ä¸ªæ•°:  2150
æ€»æ•°:  4300
æ­£ç¡®çš„ä¸ªæ•°:  3561
æœ€åä¸€ä¸ªæ‰¹æ¬¡çš„è¾“å‡º, ä¸æ»¡batchsizeæ˜¯æ­£å¸¸çš„:
 tensor([[0.9277],
        [0.8679],
        [0.9854],
        [0.1245],
        [0.7853],
        [0.0615],
        [0.4730],
        [0.2969],
        [0.6489],
        [0.9072],
        [0.0417],
        [0.0686]], device='cuda:0', grad_fn=<SigmoidBackward0>)
Epoch [84/100], T_AUC: [4m0.8328[0m
Epoch [84/100], Loss: 14.1067
val_Accuracy: [92m0.7930[0m
val_Precision: [4;34m0.8325[0m,               val_Recall: [4;33m0.7269[0m,                 val_F1 Score: [4;35m0.7701[0m
æ ‡ç­¾é‡Œ1çš„ä¸ªæ•°:  430
æ ‡ç­¾é‡Œ0çš„ä¸ªæ•°:  430
æ€»æ•°:  860
æ­£ç¡®çš„ä¸ªæ•°:  682
Epoch [84/100], V_AUC: [4m0.7892[0m
Epoch [85/100], Loss: 54.9416
train_Accuracy: [91m0.8277[0m
train_Precision: [4;34m0.8483[0m,               train_Recall: [4;33m0.8059[0m,                 train_F1 Score: [4;35m0.8214[0m
æ ‡ç­¾é‡Œ1çš„ä¸ªæ•°:  2150
æ ‡ç­¾é‡Œ0çš„ä¸ªæ•°:  2150
æ€»æ•°:  4300
æ­£ç¡®çš„ä¸ªæ•°:  3559
æœ€åä¸€ä¸ªæ‰¹æ¬¡çš„è¾“å‡º, ä¸æ»¡batchsizeæ˜¯æ­£å¸¸çš„:
 tensor([[0.9281],
        [0.8780],
        [0.9857],
        [0.1255],
        [0.7846],
        [0.0606],
        [0.4667],
        [0.2918],
        [0.6469],
        [0.9081],
        [0.0425],
        [0.0684]], device='cuda:0', grad_fn=<SigmoidBackward0>)
Epoch [85/100], T_AUC: [4m0.8322[0m
Epoch [85/100], Loss: 14.1864
val_Accuracy: [92m0.7930[0m
val_Precision: [4;34m0.8294[0m,               val_Recall: [4;33m0.7313[0m,                 val_F1 Score: [4;35m0.7713[0m
æ ‡ç­¾é‡Œ1çš„ä¸ªæ•°:  430
æ ‡ç­¾é‡Œ0çš„ä¸ªæ•°:  430
æ€»æ•°:  860
æ­£ç¡®çš„ä¸ªæ•°:  682
Epoch [85/100], V_AUC: [4m0.7894[0m
Epoch [86/100], Loss: 55.0055
train_Accuracy: [91m0.8277[0m
train_Precision: [4;34m0.8485[0m,               train_Recall: [4;33m0.8060[0m,                 train_F1 Score: [4;35m0.8216[0m
æ ‡ç­¾é‡Œ1çš„ä¸ªæ•°:  2150
æ ‡ç­¾é‡Œ0çš„ä¸ªæ•°:  2150
æ€»æ•°:  4300
æ­£ç¡®çš„ä¸ªæ•°:  3559
æœ€åä¸€ä¸ªæ‰¹æ¬¡çš„è¾“å‡º, ä¸æ»¡batchsizeæ˜¯æ­£å¸¸çš„:
 tensor([[0.9305],
        [0.8695],
        [0.9849],
        [0.1280],
        [0.7853],
        [0.0590],
        [0.4697],
        [0.3020],
        [0.6488],
        [0.9045],
        [0.0410],
        [0.0731]], device='cuda:0', grad_fn=<SigmoidBackward0>)
Epoch [86/100], T_AUC: [4m0.8321[0m
Epoch [86/100], Loss: 14.0337
val_Accuracy: [92m0.7907[0m
val_Precision: [4;34m0.8287[0m,               val_Recall: [4;33m0.7266[0m,                 val_F1 Score: [4;35m0.7680[0m
æ ‡ç­¾é‡Œ1çš„ä¸ªæ•°:  430
æ ‡ç­¾é‡Œ0çš„ä¸ªæ•°:  430
æ€»æ•°:  860
æ­£ç¡®çš„ä¸ªæ•°:  680
Epoch [86/100], V_AUC: [4m0.7869[0m
Epoch [87/100], Loss: 54.9932
train_Accuracy: [91m0.8258[0m
train_Precision: [4;34m0.8467[0m,               train_Recall: [4;33m0.8051[0m,                 train_F1 Score: [4;35m0.8199[0m
æ ‡ç­¾é‡Œ1çš„ä¸ªæ•°:  2150
æ ‡ç­¾é‡Œ0çš„ä¸ªæ•°:  2150
æ€»æ•°:  4300
æ­£ç¡®çš„ä¸ªæ•°:  3551
æœ€åä¸€ä¸ªæ‰¹æ¬¡çš„è¾“å‡º, ä¸æ»¡batchsizeæ˜¯æ­£å¸¸çš„:
 tensor([[0.9304],
        [0.8808],
        [0.9861],
        [0.1275],
        [0.7786],
        [0.0599],
        [0.4852],
        [0.3008],
        [0.6487],
        [0.8997],
        [0.0360],
        [0.0687]], device='cuda:0', grad_fn=<SigmoidBackward0>)
Epoch [87/100], T_AUC: [4m0.8306[0m
Epoch [87/100], Loss: 14.3725
val_Accuracy: [92m0.7930[0m
val_Precision: [4;34m0.8322[0m,               val_Recall: [4;33m0.7271[0m,                 val_F1 Score: [4;35m0.7699[0m
æ ‡ç­¾é‡Œ1çš„ä¸ªæ•°:  430
æ ‡ç­¾é‡Œ0çš„ä¸ªæ•°:  430
æ€»æ•°:  860
æ­£ç¡®çš„ä¸ªæ•°:  682
Epoch [87/100], V_AUC: [4m0.7896[0m
Epoch [88/100], Loss: 54.9589
train_Accuracy: [91m0.8265[0m
train_Precision: [4;34m0.8488[0m,               train_Recall: [4;33m0.8042[0m,                 train_F1 Score: [4;35m0.8204[0m
æ ‡ç­¾é‡Œ1çš„ä¸ªæ•°:  2150
æ ‡ç­¾é‡Œ0çš„ä¸ªæ•°:  2150
æ€»æ•°:  4300
æ­£ç¡®çš„ä¸ªæ•°:  3554
æœ€åä¸€ä¸ªæ‰¹æ¬¡çš„è¾“å‡º, ä¸æ»¡batchsizeæ˜¯æ­£å¸¸çš„:
 tensor([[0.9302],
        [0.8716],
        [0.9861],
        [0.1251],
        [0.7932],
        [0.0604],
        [0.4510],
        [0.2930],
        [0.6268],
        [0.8952],
        [0.0454],
        [0.0827]], device='cuda:0', grad_fn=<SigmoidBackward0>)
Epoch [88/100], T_AUC: [4m0.8313[0m
Epoch [88/100], Loss: 14.0054
val_Accuracy: [92m0.7919[0m
val_Precision: [4;34m0.8285[0m,               val_Recall: [4;33m0.7302[0m,                 val_F1 Score: [4;35m0.7701[0m
æ ‡ç­¾é‡Œ1çš„ä¸ªæ•°:  430
æ ‡ç­¾é‡Œ0çš„ä¸ªæ•°:  430
æ€»æ•°:  860
æ­£ç¡®çš„ä¸ªæ•°:  681
Epoch [88/100], V_AUC: [4m0.7889[0m
Epoch [89/100], Loss: 54.8595
train_Accuracy: [91m0.8263[0m
train_Precision: [4;34m0.8470[0m,               train_Recall: [4;33m0.8054[0m,                 train_F1 Score: [4;35m0.8204[0m
æ ‡ç­¾é‡Œ1çš„ä¸ªæ•°:  2150
æ ‡ç­¾é‡Œ0çš„ä¸ªæ•°:  2150
æ€»æ•°:  4300
æ­£ç¡®çš„ä¸ªæ•°:  3553
æœ€åä¸€ä¸ªæ‰¹æ¬¡çš„è¾“å‡º, ä¸æ»¡batchsizeæ˜¯æ­£å¸¸çš„:
 tensor([[0.9306],
        [0.8771],
        [0.9853],
        [0.1251],
        [0.8100],
        [0.0578],
        [0.4437],
        [0.2763],
        [0.6118],
        [0.9063],
        [0.0446],
        [0.0842]], device='cuda:0', grad_fn=<SigmoidBackward0>)
Epoch [89/100], T_AUC: [4m0.8308[0m
Epoch [89/100], Loss: 14.0647
val_Accuracy: [92m0.7919[0m
val_Precision: [4;34m0.8287[0m,               val_Recall: [4;33m0.7293[0m,                 val_F1 Score: [4;35m0.7701[0m
æ ‡ç­¾é‡Œ1çš„ä¸ªæ•°:  430
æ ‡ç­¾é‡Œ0çš„ä¸ªæ•°:  430
æ€»æ•°:  860
æ­£ç¡®çš„ä¸ªæ•°:  681
Epoch [89/100], V_AUC: [4m0.7881[0m
Epoch [90/100], Loss: 54.9816
train_Accuracy: [91m0.8279[0m
train_Precision: [4;34m0.8500[0m,               train_Recall: [4;33m0.8055[0m,                 train_F1 Score: [4;35m0.8218[0m
æ ‡ç­¾é‡Œ1çš„ä¸ªæ•°:  2150
æ ‡ç­¾é‡Œ0çš„ä¸ªæ•°:  2150
æ€»æ•°:  4300
æ­£ç¡®çš„ä¸ªæ•°:  3560
æœ€åä¸€ä¸ªæ‰¹æ¬¡çš„è¾“å‡º, ä¸æ»¡batchsizeæ˜¯æ­£å¸¸çš„:
 tensor([[0.9363],
        [0.8725],
        [0.9832],
        [0.1270],
        [0.8286],
        [0.0584],
        [0.4632],
        [0.2814],
        [0.6257],
        [0.9170],
        [0.0373],
        [0.0689]], device='cuda:0', grad_fn=<SigmoidBackward0>)
Epoch [90/100], T_AUC: [4m0.8327[0m
Epoch [90/100], Loss: 14.0674
val_Accuracy: [92m0.7953[0m
val_Precision: [4;34m0.8268[0m,               val_Recall: [4;33m0.7416[0m,                 val_F1 Score: [4;35m0.7764[0m
æ ‡ç­¾é‡Œ1çš„ä¸ªæ•°:  430
æ ‡ç­¾é‡Œ0çš„ä¸ªæ•°:  430
æ€»æ•°:  860
æ­£ç¡®çš„ä¸ªæ•°:  684
Epoch [90/100], V_AUC: [4m0.7923[0m
Epoch [91/100], Loss: 54.9561
train_Accuracy: [91m0.8281[0m
train_Precision: [4;34m0.8482[0m,               train_Recall: [4;33m0.8072[0m,                 train_F1 Score: [4;35m0.8223[0m
æ ‡ç­¾é‡Œ1çš„ä¸ªæ•°:  2150
æ ‡ç­¾é‡Œ0çš„ä¸ªæ•°:  2150
æ€»æ•°:  4300
æ­£ç¡®çš„ä¸ªæ•°:  3561
æœ€åä¸€ä¸ªæ‰¹æ¬¡çš„è¾“å‡º, ä¸æ»¡batchsizeæ˜¯æ­£å¸¸çš„:
 tensor([[0.9329],
        [0.8690],
        [0.9835],
        [0.1257],
        [0.7918],
        [0.0586],
        [0.4445],
        [0.3020],
        [0.6516],
        [0.9081],
        [0.0406],
        [0.0746]], device='cuda:0', grad_fn=<SigmoidBackward0>)
Epoch [91/100], T_AUC: [4m0.8324[0m
Epoch [91/100], Loss: 14.0440
val_Accuracy: [92m0.7942[0m
val_Precision: [4;34m0.8279[0m,               val_Recall: [4;33m0.7367[0m,                 val_F1 Score: [4;35m0.7740[0m
æ ‡ç­¾é‡Œ1çš„ä¸ªæ•°:  430
æ ‡ç­¾é‡Œ0çš„ä¸ªæ•°:  430
æ€»æ•°:  860
æ­£ç¡®çš„ä¸ªæ•°:  683
Epoch [91/100], V_AUC: [4m0.7911[0m
Epoch [92/100], Loss: 54.9078
train_Accuracy: [91m0.8263[0m
train_Precision: [4;34m0.8481[0m,               train_Recall: [4;33m0.8036[0m,                 train_F1 Score: [4;35m0.8198[0m
æ ‡ç­¾é‡Œ1çš„ä¸ªæ•°:  2150
æ ‡ç­¾é‡Œ0çš„ä¸ªæ•°:  2150
æ€»æ•°:  4300
æ­£ç¡®çš„ä¸ªæ•°:  3553
æœ€åä¸€ä¸ªæ‰¹æ¬¡çš„è¾“å‡º, ä¸æ»¡batchsizeæ˜¯æ­£å¸¸çš„:
 tensor([[0.9337],
        [0.8709],
        [0.9856],
        [0.1297],
        [0.7963],
        [0.0561],
        [0.4541],
        [0.2809],
        [0.6488],
        [0.9091],
        [0.0378],
        [0.0734]], device='cuda:0', grad_fn=<SigmoidBackward0>)
Epoch [92/100], T_AUC: [4m0.8309[0m
Epoch [92/100], Loss: 14.0620
val_Accuracy: [92m0.7930[0m
val_Precision: [4;34m0.8231[0m,               val_Recall: [4;33m0.7412[0m,                 val_F1 Score: [4;35m0.7733[0m
æ ‡ç­¾é‡Œ1çš„ä¸ªæ•°:  430
æ ‡ç­¾é‡Œ0çš„ä¸ªæ•°:  430
æ€»æ•°:  860
æ­£ç¡®çš„ä¸ªæ•°:  682
Epoch [92/100], V_AUC: [4m0.7902[0m
Epoch [93/100], Loss: 54.9410
train_Accuracy: [91m0.8265[0m
train_Precision: [4;34m0.8486[0m,               train_Recall: [4;33m0.8033[0m,                 train_F1 Score: [4;35m0.8201[0m
æ ‡ç­¾é‡Œ1çš„ä¸ªæ•°:  2150
æ ‡ç­¾é‡Œ0çš„ä¸ªæ•°:  2150
æ€»æ•°:  4300
æ­£ç¡®çš„ä¸ªæ•°:  3554
æœ€åä¸€ä¸ªæ‰¹æ¬¡çš„è¾“å‡º, ä¸æ»¡batchsizeæ˜¯æ­£å¸¸çš„:
 tensor([[0.9400],
        [0.8730],
        [0.9834],
        [0.1296],
        [0.7942],
        [0.0585],
        [0.4561],
        [0.2622],
        [0.6351],
        [0.9168],
        [0.0388],
        [0.0777]], device='cuda:0', grad_fn=<SigmoidBackward0>)
Epoch [93/100], T_AUC: [4m0.8312[0m
Epoch [93/100], Loss: 14.0285
val_Accuracy: [92m0.7953[0m
val_Precision: [4;34m0.8297[0m,               val_Recall: [4;33m0.7366[0m,                 val_F1 Score: [4;35m0.7743[0m
æ ‡ç­¾é‡Œ1çš„ä¸ªæ•°:  430
æ ‡ç­¾é‡Œ0çš„ä¸ªæ•°:  430
æ€»æ•°:  860
æ­£ç¡®çš„ä¸ªæ•°:  684
Epoch [93/100], V_AUC: [4m0.7923[0m
Epoch [94/100], Loss: 54.9241
train_Accuracy: [91m0.8260[0m
train_Precision: [4;34m0.8474[0m,               train_Recall: [4;33m0.8036[0m,                 train_F1 Score: [4;35m0.8197[0m
æ ‡ç­¾é‡Œ1çš„ä¸ªæ•°:  2150
æ ‡ç­¾é‡Œ0çš„ä¸ªæ•°:  2150
æ€»æ•°:  4300
æ­£ç¡®çš„ä¸ªæ•°:  3552
æœ€åä¸€ä¸ªæ‰¹æ¬¡çš„è¾“å‡º, ä¸æ»¡batchsizeæ˜¯æ­£å¸¸çš„:
 tensor([[0.9426],
        [0.8649],
        [0.9828],
        [0.1328],
        [0.8044],
        [0.0625],
        [0.4533],
        [0.2744],
        [0.6431],
        [0.9178],
        [0.0350],
        [0.0749]], device='cuda:0', grad_fn=<SigmoidBackward0>)
Epoch [94/100], T_AUC: [4m0.8304[0m
Epoch [94/100], Loss: 13.9242
val_Accuracy: [92m0.7907[0m
val_Precision: [4;34m0.8188[0m,               val_Recall: [4;33m0.7391[0m,                 val_F1 Score: [4;35m0.7710[0m
æ ‡ç­¾é‡Œ1çš„ä¸ªæ•°:  430
æ ‡ç­¾é‡Œ0çš„ä¸ªæ•°:  430
æ€»æ•°:  860
æ­£ç¡®çš„ä¸ªæ•°:  680
Epoch [94/100], V_AUC: [4m0.7882[0m
Epoch [95/100], Loss: 54.9238
train_Accuracy: [91m0.8284[0m
train_Precision: [4;34m0.8499[0m,               train_Recall: [4;33m0.8066[0m,                 train_F1 Score: [4;35m0.8224[0m
æ ‡ç­¾é‡Œ1çš„ä¸ªæ•°:  2150
æ ‡ç­¾é‡Œ0çš„ä¸ªæ•°:  2150
æ€»æ•°:  4300
æ­£ç¡®çš„ä¸ªæ•°:  3562
æœ€åä¸€ä¸ªæ‰¹æ¬¡çš„è¾“å‡º, ä¸æ»¡batchsizeæ˜¯æ­£å¸¸çš„:
 tensor([[0.9418],
        [0.8535],
        [0.9842],
        [0.1310],
        [0.8046],
        [0.0633],
        [0.4555],
        [0.2798],
        [0.6403],
        [0.9205],
        [0.0371],
        [0.0770]], device='cuda:0', grad_fn=<SigmoidBackward0>)
Epoch [95/100], T_AUC: [4m0.8330[0m
Epoch [95/100], Loss: 14.0469
val_Accuracy: [92m0.7953[0m
val_Precision: [4;34m0.8364[0m,               val_Recall: [4;33m0.7308[0m,                 val_F1 Score: [4;35m0.7742[0m
æ ‡ç­¾é‡Œ1çš„ä¸ªæ•°:  430
æ ‡ç­¾é‡Œ0çš„ä¸ªæ•°:  430
æ€»æ•°:  860
æ­£ç¡®çš„ä¸ªæ•°:  684
Epoch [95/100], V_AUC: [4m0.7926[0m
Epoch [96/100], Loss: 54.8315
train_Accuracy: [91m0.8265[0m
train_Precision: [4;34m0.8483[0m,               train_Recall: [4;33m0.8038[0m,                 train_F1 Score: [4;35m0.8201[0m
æ ‡ç­¾é‡Œ1çš„ä¸ªæ•°:  2150
æ ‡ç­¾é‡Œ0çš„ä¸ªæ•°:  2150
æ€»æ•°:  4300
æ­£ç¡®çš„ä¸ªæ•°:  3554
æœ€åä¸€ä¸ªæ‰¹æ¬¡çš„è¾“å‡º, ä¸æ»¡batchsizeæ˜¯æ­£å¸¸çš„:
 tensor([[0.9438],
        [0.8576],
        [0.9830],
        [0.1218],
        [0.8020],
        [0.0660],
        [0.4432],
        [0.2817],
        [0.6346],
        [0.9231],
        [0.0366],
        [0.0722]], device='cuda:0', grad_fn=<SigmoidBackward0>)
Epoch [96/100], T_AUC: [4m0.8312[0m
Epoch [96/100], Loss: 14.0424
val_Accuracy: [92m0.7965[0m
val_Precision: [4;34m0.8390[0m,               val_Recall: [4;33m0.7300[0m,                 val_F1 Score: [4;35m0.7746[0m
æ ‡ç­¾é‡Œ1çš„ä¸ªæ•°:  430
æ ‡ç­¾é‡Œ0çš„ä¸ªæ•°:  430
æ€»æ•°:  860
æ­£ç¡®çš„ä¸ªæ•°:  685
Epoch [96/100], V_AUC: [4m0.7932[0m
Epoch [97/100], Loss: 54.8649
train_Accuracy: [91m0.8272[0m
train_Precision: [4;34m0.8487[0m,               train_Recall: [4;33m0.8048[0m,                 train_F1 Score: [4;35m0.8209[0m
æ ‡ç­¾é‡Œ1çš„ä¸ªæ•°:  2150
æ ‡ç­¾é‡Œ0çš„ä¸ªæ•°:  2150
æ€»æ•°:  4300
æ­£ç¡®çš„ä¸ªæ•°:  3557
æœ€åä¸€ä¸ªæ‰¹æ¬¡çš„è¾“å‡º, ä¸æ»¡batchsizeæ˜¯æ­£å¸¸çš„:
 tensor([[0.9446],
        [0.8577],
        [0.9825],
        [0.1256],
        [0.8085],
        [0.0654],
        [0.4375],
        [0.2896],
        [0.6368],
        [0.9281],
        [0.0343],
        [0.0767]], device='cuda:0', grad_fn=<SigmoidBackward0>)
Epoch [97/100], T_AUC: [4m0.8320[0m
Epoch [97/100], Loss: 14.0299
val_Accuracy: [92m0.7942[0m
val_Precision: [4;34m0.8300[0m,               val_Recall: [4;33m0.7349[0m,                 val_F1 Score: [4;35m0.7734[0m
æ ‡ç­¾é‡Œ1çš„ä¸ªæ•°:  430
æ ‡ç­¾é‡Œ0çš„ä¸ªæ•°:  430
æ€»æ•°:  860
æ­£ç¡®çš„ä¸ªæ•°:  683
Epoch [97/100], V_AUC: [4m0.7913[0m
Epoch [98/100], Loss: 54.8443
train_Accuracy: [91m0.8267[0m
train_Precision: [4;34m0.8475[0m,               train_Recall: [4;33m0.8053[0m,                 train_F1 Score: [4;35m0.8206[0m
æ ‡ç­¾é‡Œ1çš„ä¸ªæ•°:  2150
æ ‡ç­¾é‡Œ0çš„ä¸ªæ•°:  2150
æ€»æ•°:  4300
æ­£ç¡®çš„ä¸ªæ•°:  3555
æœ€åä¸€ä¸ªæ‰¹æ¬¡çš„è¾“å‡º, ä¸æ»¡batchsizeæ˜¯æ­£å¸¸çš„:
 tensor([[0.9387],
        [0.8485],
        [0.9830],
        [0.1277],
        [0.8172],
        [0.0686],
        [0.4311],
        [0.2878],
        [0.6542],
        [0.9225],
        [0.0346],
        [0.0782]], device='cuda:0', grad_fn=<SigmoidBackward0>)
Epoch [98/100], T_AUC: [4m0.8315[0m
Epoch [98/100], Loss: 13.9917
val_Accuracy: [92m0.7930[0m
val_Precision: [4;34m0.8298[0m,               val_Recall: [4;33m0.7329[0m,                 val_F1 Score: [4;35m0.7722[0m
æ ‡ç­¾é‡Œ1çš„ä¸ªæ•°:  430
æ ‡ç­¾é‡Œ0çš„ä¸ªæ•°:  430
æ€»æ•°:  860
æ­£ç¡®çš„ä¸ªæ•°:  682
Epoch [98/100], V_AUC: [4m0.7903[0m
Epoch [99/100], Loss: 54.8133
train_Accuracy: [91m0.8272[0m
train_Precision: [4;34m0.8479[0m,               train_Recall: [4;33m0.8060[0m,                 train_F1 Score: [4;35m0.8212[0m
æ ‡ç­¾é‡Œ1çš„ä¸ªæ•°:  2150
æ ‡ç­¾é‡Œ0çš„ä¸ªæ•°:  2150
æ€»æ•°:  4300
æ­£ç¡®çš„ä¸ªæ•°:  3557
æœ€åä¸€ä¸ªæ‰¹æ¬¡çš„è¾“å‡º, ä¸æ»¡batchsizeæ˜¯æ­£å¸¸çš„:
 tensor([[0.9417],
        [0.8473],
        [0.9824],
        [0.1274],
        [0.8277],
        [0.0682],
        [0.4236],
        [0.2909],
        [0.6540],
        [0.9243],
        [0.0350],
        [0.0704]], device='cuda:0', grad_fn=<SigmoidBackward0>)
Epoch [99/100], T_AUC: [4m0.8316[0m
Epoch [99/100], Loss: 14.1391
val_Accuracy: [92m0.7930[0m
val_Precision: [4;34m0.8344[0m,               val_Recall: [4;33m0.7280[0m,                 val_F1 Score: [4;35m0.7713[0m
æ ‡ç­¾é‡Œ1çš„ä¸ªæ•°:  430
æ ‡ç­¾é‡Œ0çš„ä¸ªæ•°:  430
æ€»æ•°:  860
æ­£ç¡®çš„ä¸ªæ•°:  682
Epoch [99/100], V_AUC: [4m0.7899[0m
Epoch [100/100], Loss: 54.8271
train_Accuracy: [91m0.8272[0m
train_Precision: [4;34m0.8482[0m,               train_Recall: [4;33m0.8056[0m,                 train_F1 Score: [4;35m0.8211[0m
æ ‡ç­¾é‡Œ1çš„ä¸ªæ•°:  2150
æ ‡ç­¾é‡Œ0çš„ä¸ªæ•°:  2150
æ€»æ•°:  4300
æ­£ç¡®çš„ä¸ªæ•°:  3557
æœ€åä¸€ä¸ªæ‰¹æ¬¡çš„è¾“å‡º, ä¸æ»¡batchsizeæ˜¯æ­£å¸¸çš„:
 tensor([[0.9485],
        [0.8546],
        [0.9814],
        [0.1276],
        [0.8217],
        [0.0693],
        [0.4287],
        [0.2812],
        [0.6404],
        [0.9285],
        [0.0333],
        [0.0709]], device='cuda:0', grad_fn=<SigmoidBackward0>)
Epoch [100/100], T_AUC: [4m0.8316[0m
Epoch [100/100], Loss: 14.0745
val_Accuracy: [92m0.7953[0m
val_Precision: [4;34m0.8418[0m,               val_Recall: [4;33m0.7225[0m,                 val_F1 Score: [4;35m0.7720[0m
æ ‡ç­¾é‡Œ1çš„ä¸ªæ•°:  430
æ ‡ç­¾é‡Œ0çš„ä¸ªæ•°:  430
æ€»æ•°:  860
æ­£ç¡®çš„ä¸ªæ•°:  684
Epoch [100/100], V_AUC: [4m0.7915[0m
ç¬¬0æ‰¹ç¬¬2ä¸ª, 100
ç¬¬0æ‰¹ç¬¬15ä¸ª, 100
ç¬¬1æ‰¹ç¬¬0ä¸ª, 100
ç¬¬1æ‰¹ç¬¬6ä¸ª, 100
ç¬¬1æ‰¹ç¬¬13ä¸ª, 100
send email successfully
