2024-06-24-08:43:19
1æ’åº128-0.5
åˆ›å»ºæ¨¡å‹å®ä¾‹
æ¨¡å‹å®ä¾‹åˆ›å»ºå®Œæˆ
åŠ è½½é¢„è®­ç»ƒå‚æ•°
é¢„è®­ç»ƒå‚æ•°åŠ è½½å®Œæˆ
Epoch [1/100], Loss: 60.7570
train_Accuracy: [91m0.8035[0m
train_Precision: [4;34m0.8256[0m,               train_Recall: [4;33m0.7800[0m,                 train_F1 Score: [4;35m0.7970[0m
æ ‡ç­¾é‡Œ1çš„ä¸ªæ•°:  2150
æ ‡ç­¾é‡Œ0çš„ä¸ªæ•°:  2150
æ€»æ•°:  4300
æ­£ç¡®çš„ä¸ªæ•°:  3455
æœ€åä¸€ä¸ªæ‰¹æ¬¡çš„è¾“å‡º, ä¸æ»¡batchsizeæ˜¯æ­£å¸¸çš„:
 tensor([[0.9154],
        [0.8507],
        [0.9714],
        [0.1478],
        [0.8036],
        [0.1317],
        [0.5594],
        [0.3569],
        [0.4837],
        [0.9188],
        [0.0304],
        [0.0577]], device='cuda:0', grad_fn=<SigmoidBackward0>)
Epoch [1/100], T_AUC: [4m0.8090[0m
Epoch [1/100], Loss: 13.8498
val_Accuracy: [92m0.8000[0m
val_Precision: [4;34m0.8174[0m,               val_Recall: [4;33m0.7636[0m,                 val_F1 Score: [4;35m0.7851[0m
æ ‡ç­¾é‡Œ1çš„ä¸ªæ•°:  430
æ ‡ç­¾é‡Œ0çš„ä¸ªæ•°:  430
æ€»æ•°:  860
æ­£ç¡®çš„ä¸ªæ•°:  688
Epoch [1/100], V_AUC: [4m0.7968[0m
Epoch [2/100], Loss: 57.8215
train_Accuracy: [91m0.8137[0m
train_Precision: [4;34m0.8357[0m,               train_Recall: [4;33m0.7906[0m,                 train_F1 Score: [4;35m0.8074[0m
æ ‡ç­¾é‡Œ1çš„ä¸ªæ•°:  2150
æ ‡ç­¾é‡Œ0çš„ä¸ªæ•°:  2150
æ€»æ•°:  4300
æ­£ç¡®çš„ä¸ªæ•°:  3499
æœ€åä¸€ä¸ªæ‰¹æ¬¡çš„è¾“å‡º, ä¸æ»¡batchsizeæ˜¯æ­£å¸¸çš„:
 tensor([[0.8971],
        [0.8642],
        [0.9823],
        [0.1512],
        [0.7725],
        [0.1388],
        [0.5475],
        [0.3498],
        [0.5419],
        [0.9157],
        [0.0284],
        [0.0481]], device='cuda:0', grad_fn=<SigmoidBackward0>)
Epoch [2/100], T_AUC: [4m0.8198[0m
Epoch [2/100], Loss: 13.9457
val_Accuracy: [92m0.7953[0m
val_Precision: [4;34m0.8142[0m,               val_Recall: [4;33m0.7566[0m,                 val_F1 Score: [4;35m0.7797[0m
æ ‡ç­¾é‡Œ1çš„ä¸ªæ•°:  430
æ ‡ç­¾é‡Œ0çš„ä¸ªæ•°:  430
æ€»æ•°:  860
æ­£ç¡®çš„ä¸ªæ•°:  684
Epoch [2/100], V_AUC: [4m0.7916[0m
Epoch [3/100], Loss: 57.0426
train_Accuracy: [91m0.8186[0m
train_Precision: [4;34m0.8403[0m,               train_Recall: [4;33m0.7963[0m,                 train_F1 Score: [4;35m0.8127[0m
æ ‡ç­¾é‡Œ1çš„ä¸ªæ•°:  2150
æ ‡ç­¾é‡Œ0çš„ä¸ªæ•°:  2150
æ€»æ•°:  4300
æ­£ç¡®çš„ä¸ªæ•°:  3520
æœ€åä¸€ä¸ªæ‰¹æ¬¡çš„è¾“å‡º, ä¸æ»¡batchsizeæ˜¯æ­£å¸¸çš„:
 tensor([[0.9034],
        [0.8207],
        [0.9799],
        [0.1694],
        [0.8154],
        [0.1127],
        [0.5615],
        [0.3702],
        [0.5999],
        [0.9004],
        [0.0320],
        [0.0465]], device='cuda:0', grad_fn=<SigmoidBackward0>)
Epoch [3/100], T_AUC: [4m0.8245[0m
Epoch [3/100], Loss: 14.0181
val_Accuracy: [92m0.7930[0m
val_Precision: [4;34m0.8068[0m,               val_Recall: [4;33m0.7614[0m,                 val_F1 Score: [4;35m0.7785[0m
æ ‡ç­¾é‡Œ1çš„ä¸ªæ•°:  430
æ ‡ç­¾é‡Œ0çš„ä¸ªæ•°:  430
æ€»æ•°:  860
æ­£ç¡®çš„ä¸ªæ•°:  682
Epoch [3/100], V_AUC: [4m0.7901[0m
Epoch [4/100], Loss: 56.3355
train_Accuracy: [91m0.8209[0m
train_Precision: [4;34m0.8418[0m,               train_Recall: [4;33m0.8009[0m,                 train_F1 Score: [4;35m0.8160[0m
æ ‡ç­¾é‡Œ1çš„ä¸ªæ•°:  2150
æ ‡ç­¾é‡Œ0çš„ä¸ªæ•°:  2150
æ€»æ•°:  4300
æ­£ç¡®çš„ä¸ªæ•°:  3530
æœ€åä¸€ä¸ªæ‰¹æ¬¡çš„è¾“å‡º, ä¸æ»¡batchsizeæ˜¯æ­£å¸¸çš„:
 tensor([[0.9163],
        [0.8753],
        [0.9774],
        [0.1497],
        [0.8120],
        [0.1433],
        [0.4672],
        [0.2853],
        [0.6195],
        [0.9054],
        [0.0261],
        [0.0628]], device='cuda:0', grad_fn=<SigmoidBackward0>)
Epoch [4/100], T_AUC: [4m0.8272[0m
Epoch [4/100], Loss: 13.9334
val_Accuracy: [92m0.7965[0m
val_Precision: [4;34m0.8172[0m,               val_Recall: [4;33m0.7553[0m,                 val_F1 Score: [4;35m0.7797[0m
æ ‡ç­¾é‡Œ1çš„ä¸ªæ•°:  430
æ ‡ç­¾é‡Œ0çš„ä¸ªæ•°:  430
æ€»æ•°:  860
æ­£ç¡®çš„ä¸ªæ•°:  685
Epoch [4/100], V_AUC: [4m0.7946[0m
Epoch [5/100], Loss: 56.0335
train_Accuracy: [91m0.8235[0m
train_Precision: [4;34m0.8458[0m,               train_Recall: [4;33m0.8011[0m,                 train_F1 Score: [4;35m0.8180[0m
æ ‡ç­¾é‡Œ1çš„ä¸ªæ•°:  2150
æ ‡ç­¾é‡Œ0çš„ä¸ªæ•°:  2150
æ€»æ•°:  4300
æ­£ç¡®çš„ä¸ªæ•°:  3541
æœ€åä¸€ä¸ªæ‰¹æ¬¡çš„è¾“å‡º, ä¸æ»¡batchsizeæ˜¯æ­£å¸¸çš„:
 tensor([[0.8626],
        [0.8816],
        [0.9830],
        [0.1480],
        [0.8482],
        [0.1419],
        [0.4575],
        [0.3610],
        [0.5745],
        [0.8827],
        [0.0281],
        [0.0707]], device='cuda:0', grad_fn=<SigmoidBackward0>)
Epoch [5/100], T_AUC: [4m0.8300[0m
Epoch [5/100], Loss: 14.0565
val_Accuracy: [92m0.7884[0m
val_Precision: [4;34m0.8069[0m,               val_Recall: [4;33m0.7475[0m,                 val_F1 Score: [4;35m0.7712[0m
æ ‡ç­¾é‡Œ1çš„ä¸ªæ•°:  430
æ ‡ç­¾é‡Œ0çš„ä¸ªæ•°:  430
æ€»æ•°:  860
æ­£ç¡®çš„ä¸ªæ•°:  678
Epoch [5/100], V_AUC: [4m0.7859[0m
Epoch [6/100], Loss: 55.3863
train_Accuracy: [91m0.8249[0m
train_Precision: [4;34m0.8460[0m,               train_Recall: [4;33m0.8040[0m,                 train_F1 Score: [4;35m0.8196[0m
æ ‡ç­¾é‡Œ1çš„ä¸ªæ•°:  2150
æ ‡ç­¾é‡Œ0çš„ä¸ªæ•°:  2150
æ€»æ•°:  4300
æ­£ç¡®çš„ä¸ªæ•°:  3547
æœ€åä¸€ä¸ªæ‰¹æ¬¡çš„è¾“å‡º, ä¸æ»¡batchsizeæ˜¯æ­£å¸¸çš„:
 tensor([[0.8937],
        [0.8637],
        [0.9850],
        [0.1290],
        [0.8717],
        [0.1151],
        [0.4084],
        [0.4104],
        [0.6109],
        [0.8745],
        [0.0287],
        [0.0608]], device='cuda:0', grad_fn=<SigmoidBackward0>)
Epoch [6/100], T_AUC: [4m0.8312[0m
Epoch [6/100], Loss: 14.1547
val_Accuracy: [92m0.7895[0m
val_Precision: [4;34m0.8120[0m,               val_Recall: [4;33m0.7428[0m,                 val_F1 Score: [4;35m0.7711[0m
æ ‡ç­¾é‡Œ1çš„ä¸ªæ•°:  430
æ ‡ç­¾é‡Œ0çš„ä¸ªæ•°:  430
æ€»æ•°:  860
æ­£ç¡®çš„ä¸ªæ•°:  679
Epoch [6/100], V_AUC: [4m0.7873[0m
Epoch [7/100], Loss: 54.8239
train_Accuracy: [91m0.8270[0m
train_Precision: [4;34m0.8452[0m,               train_Recall: [4;33m0.8111[0m,                 train_F1 Score: [4;35m0.8222[0m
æ ‡ç­¾é‡Œ1çš„ä¸ªæ•°:  2150
æ ‡ç­¾é‡Œ0çš„ä¸ªæ•°:  2150
æ€»æ•°:  4300
æ­£ç¡®çš„ä¸ªæ•°:  3556
æœ€åä¸€ä¸ªæ‰¹æ¬¡çš„è¾“å‡º, ä¸æ»¡batchsizeæ˜¯æ­£å¸¸çš„:
 tensor([[0.8996],
        [0.8661],
        [0.9831],
        [0.1024],
        [0.8838],
        [0.1093],
        [0.3467],
        [0.2615],
        [0.7521],
        [0.9303],
        [0.0279],
        [0.0559]], device='cuda:0', grad_fn=<SigmoidBackward0>)
Epoch [7/100], T_AUC: [4m0.8338[0m
Epoch [7/100], Loss: 14.3780
val_Accuracy: [92m0.7919[0m
val_Precision: [4;34m0.8229[0m,               val_Recall: [4;33m0.7365[0m,                 val_F1 Score: [4;35m0.7720[0m
æ ‡ç­¾é‡Œ1çš„ä¸ªæ•°:  430
æ ‡ç­¾é‡Œ0çš„ä¸ªæ•°:  430
æ€»æ•°:  860
æ­£ç¡®çš„ä¸ªæ•°:  681
Epoch [7/100], V_AUC: [4m0.7897[0m
Epoch [8/100], Loss: 53.9367
train_Accuracy: [91m0.8307[0m
train_Precision: [4;34m0.8518[0m,               train_Recall: [4;33m0.8109[0m,                 train_F1 Score: [4;35m0.8257[0m
æ ‡ç­¾é‡Œ1çš„ä¸ªæ•°:  2150
æ ‡ç­¾é‡Œ0çš„ä¸ªæ•°:  2150
æ€»æ•°:  4300
æ­£ç¡®çš„ä¸ªæ•°:  3572
æœ€åä¸€ä¸ªæ‰¹æ¬¡çš„è¾“å‡º, ä¸æ»¡batchsizeæ˜¯æ­£å¸¸çš„:
 tensor([[0.9127],
        [0.8942],
        [0.9765],
        [0.1103],
        [0.8744],
        [0.0953],
        [0.3992],
        [0.3864],
        [0.7436],
        [0.8556],
        [0.0416],
        [0.0435]], device='cuda:0', grad_fn=<SigmoidBackward0>)
Epoch [8/100], T_AUC: [4m0.8370[0m
Epoch [8/100], Loss: 14.3764
val_Accuracy: [92m0.7942[0m
val_Precision: [4;34m0.8311[0m,               val_Recall: [4;33m0.7324[0m,                 val_F1 Score: [4;35m0.7732[0m
æ ‡ç­¾é‡Œ1çš„ä¸ªæ•°:  430
æ ‡ç­¾é‡Œ0çš„ä¸ªæ•°:  430
æ€»æ•°:  860
æ­£ç¡®çš„ä¸ªæ•°:  683
Epoch [8/100], V_AUC: [4m0.7912[0m
Epoch [9/100], Loss: 53.3019
train_Accuracy: [91m0.8347[0m
train_Precision: [4;34m0.8552[0m,               train_Recall: [4;33m0.8151[0m,                 train_F1 Score: [4;35m0.8297[0m
æ ‡ç­¾é‡Œ1çš„ä¸ªæ•°:  2150
æ ‡ç­¾é‡Œ0çš„ä¸ªæ•°:  2150
æ€»æ•°:  4300
æ­£ç¡®çš„ä¸ªæ•°:  3589
æœ€åä¸€ä¸ªæ‰¹æ¬¡çš„è¾“å‡º, ä¸æ»¡batchsizeæ˜¯æ­£å¸¸çš„:
 tensor([[0.8990],
        [0.9034],
        [0.9874],
        [0.1087],
        [0.8955],
        [0.0891],
        [0.2940],
        [0.2775],
        [0.8272],
        [0.8978],
        [0.0222],
        [0.0428]], device='cuda:0', grad_fn=<SigmoidBackward0>)
Epoch [9/100], T_AUC: [4m0.8410[0m
Epoch [9/100], Loss: 14.9370
val_Accuracy: [92m0.7907[0m
val_Precision: [4;34m0.8206[0m,               val_Recall: [4;33m0.7363[0m,                 val_F1 Score: [4;35m0.7712[0m
æ ‡ç­¾é‡Œ1çš„ä¸ªæ•°:  430
æ ‡ç­¾é‡Œ0çš„ä¸ªæ•°:  430
æ€»æ•°:  860
æ­£ç¡®çš„ä¸ªæ•°:  680
Epoch [9/100], V_AUC: [4m0.7872[0m
Epoch [10/100], Loss: 52.3388
train_Accuracy: [91m0.8356[0m
train_Precision: [4;34m0.8560[0m,               train_Recall: [4;33m0.8152[0m,                 train_F1 Score: [4;35m0.8308[0m
æ ‡ç­¾é‡Œ1çš„ä¸ªæ•°:  2150
æ ‡ç­¾é‡Œ0çš„ä¸ªæ•°:  2150
æ€»æ•°:  4300
æ­£ç¡®çš„ä¸ªæ•°:  3593
æœ€åä¸€ä¸ªæ‰¹æ¬¡çš„è¾“å‡º, ä¸æ»¡batchsizeæ˜¯æ­£å¸¸çš„:
 tensor([[0.9059],
        [0.8999],
        [0.9647],
        [0.1198],
        [0.9605],
        [0.0644],
        [0.3822],
        [0.3358],
        [0.6322],
        [0.9464],
        [0.0187],
        [0.0539]], device='cuda:0', grad_fn=<SigmoidBackward0>)
Epoch [10/100], T_AUC: [4m0.8411[0m
Epoch [10/100], Loss: 14.9133
val_Accuracy: [92m0.7907[0m
val_Precision: [4;34m0.8198[0m,               val_Recall: [4;33m0.7334[0m,                 val_F1 Score: [4;35m0.7701[0m
æ ‡ç­¾é‡Œ1çš„ä¸ªæ•°:  430
æ ‡ç­¾é‡Œ0çš„ä¸ªæ•°:  430
æ€»æ•°:  860
æ­£ç¡®çš„ä¸ªæ•°:  680
Epoch [10/100], V_AUC: [4m0.7887[0m
Epoch [11/100], Loss: 51.0994
train_Accuracy: [91m0.8430[0m
train_Precision: [4;34m0.8617[0m,               train_Recall: [4;33m0.8248[0m,                 train_F1 Score: [4;35m0.8388[0m
æ ‡ç­¾é‡Œ1çš„ä¸ªæ•°:  2150
æ ‡ç­¾é‡Œ0çš„ä¸ªæ•°:  2150
æ€»æ•°:  4300
æ­£ç¡®çš„ä¸ªæ•°:  3625
æœ€åä¸€ä¸ªæ‰¹æ¬¡çš„è¾“å‡º, ä¸æ»¡batchsizeæ˜¯æ­£å¸¸çš„:
 tensor([[0.8967],
        [0.9416],
        [0.9854],
        [0.0819],
        [0.9314],
        [0.0689],
        [0.3995],
        [0.3784],
        [0.7169],
        [0.9161],
        [0.0195],
        [0.0286]], device='cuda:0', grad_fn=<SigmoidBackward0>)
Epoch [11/100], T_AUC: [4m0.8481[0m
Epoch [11/100], Loss: 15.4152
val_Accuracy: [92m0.7849[0m
val_Precision: [4;34m0.8052[0m,               val_Recall: [4;33m0.7405[0m,                 val_F1 Score: [4;35m0.7672[0m
æ ‡ç­¾é‡Œ1çš„ä¸ªæ•°:  430
æ ‡ç­¾é‡Œ0çš„ä¸ªæ•°:  430
æ€»æ•°:  860
æ­£ç¡®çš„ä¸ªæ•°:  675
Epoch [11/100], V_AUC: [4m0.7817[0m
Epoch [12/100], Loss: 50.7676
train_Accuracy: [91m0.8430[0m
train_Precision: [4;34m0.8628[0m,               train_Recall: [4;33m0.8243[0m,                 train_F1 Score: [4;35m0.8385[0m
æ ‡ç­¾é‡Œ1çš„ä¸ªæ•°:  2150
æ ‡ç­¾é‡Œ0çš„ä¸ªæ•°:  2150
æ€»æ•°:  4300
æ­£ç¡®çš„ä¸ªæ•°:  3625
æœ€åä¸€ä¸ªæ‰¹æ¬¡çš„è¾“å‡º, ä¸æ»¡batchsizeæ˜¯æ­£å¸¸çš„:
 tensor([[0.9306],
        [0.9641],
        [0.9894],
        [0.0500],
        [0.9809],
        [0.0643],
        [0.2021],
        [0.3821],
        [0.5280],
        [0.8835],
        [0.0110],
        [0.0602]], device='cuda:0', grad_fn=<SigmoidBackward0>)
Epoch [12/100], T_AUC: [4m0.8489[0m
Epoch [12/100], Loss: 15.9862
val_Accuracy: [92m0.7930[0m
val_Precision: [4;34m0.8177[0m,               val_Recall: [4;33m0.7447[0m,                 val_F1 Score: [4;35m0.7745[0m
æ ‡ç­¾é‡Œ1çš„ä¸ªæ•°:  430
æ ‡ç­¾é‡Œ0çš„ä¸ªæ•°:  430
æ€»æ•°:  860
æ­£ç¡®çš„ä¸ªæ•°:  682
Epoch [12/100], V_AUC: [4m0.7900[0m
Epoch [13/100], Loss: 49.0951
train_Accuracy: [91m0.8491[0m
train_Precision: [4;34m0.8720[0m,               train_Recall: [4;33m0.8257[0m,                 train_F1 Score: [4;35m0.8441[0m
æ ‡ç­¾é‡Œ1çš„ä¸ªæ•°:  2150
æ ‡ç­¾é‡Œ0çš„ä¸ªæ•°:  2150
æ€»æ•°:  4300
æ­£ç¡®çš„ä¸ªæ•°:  3651
æœ€åä¸€ä¸ªæ‰¹æ¬¡çš„è¾“å‡º, ä¸æ»¡batchsizeæ˜¯æ­£å¸¸çš„:
 tensor([[0.9090],
        [0.9822],
        [0.9621],
        [0.0618],
        [0.9745],
        [0.0435],
        [0.4827],
        [0.3583],
        [0.5884],
        [0.8830],
        [0.0115],
        [0.0592]], device='cuda:0', grad_fn=<SigmoidBackward0>)
Epoch [13/100], T_AUC: [4m0.8544[0m
Epoch [13/100], Loss: 16.1370
val_Accuracy: [92m0.7837[0m
val_Precision: [4;34m0.8102[0m,               val_Recall: [4;33m0.7274[0m,                 val_F1 Score: [4;35m0.7624[0m
æ ‡ç­¾é‡Œ1çš„ä¸ªæ•°:  430
æ ‡ç­¾é‡Œ0çš„ä¸ªæ•°:  430
æ€»æ•°:  860
æ­£ç¡®çš„ä¸ªæ•°:  674
Epoch [13/100], V_AUC: [4m0.7801[0m
Epoch [14/100], Loss: 49.7679
train_Accuracy: [91m0.8467[0m
train_Precision: [4;34m0.8689[0m,               train_Recall: [4;33m0.8243[0m,                 train_F1 Score: [4;35m0.8418[0m
æ ‡ç­¾é‡Œ1çš„ä¸ªæ•°:  2150
æ ‡ç­¾é‡Œ0çš„ä¸ªæ•°:  2150
æ€»æ•°:  4300
æ­£ç¡®çš„ä¸ªæ•°:  3641
æœ€åä¸€ä¸ªæ‰¹æ¬¡çš„è¾“å‡º, ä¸æ»¡batchsizeæ˜¯æ­£å¸¸çš„:
 tensor([[0.9256],
        [0.9492],
        [0.9847],
        [0.0724],
        [0.9326],
        [0.0674],
        [0.1898],
        [0.3090],
        [0.7090],
        [0.9177],
        [0.0185],
        [0.0992]], device='cuda:0', grad_fn=<SigmoidBackward0>)
Epoch [14/100], T_AUC: [4m0.8520[0m
Epoch [14/100], Loss: 15.2858
val_Accuracy: [92m0.7779[0m
val_Precision: [4;34m0.7977[0m,               val_Recall: [4;33m0.7355[0m,                 val_F1 Score: [4;35m0.7604[0m
æ ‡ç­¾é‡Œ1çš„ä¸ªæ•°:  430
æ ‡ç­¾é‡Œ0çš„ä¸ªæ•°:  430
æ€»æ•°:  860
æ­£ç¡®çš„ä¸ªæ•°:  669
Epoch [14/100], V_AUC: [4m0.7750[0m
Epoch [15/100], Loss: 48.2196
train_Accuracy: [91m0.8535[0m
train_Precision: [4;34m0.8757[0m,               train_Recall: [4;33m0.8327[0m,                 train_F1 Score: [4;35m0.8494[0m
æ ‡ç­¾é‡Œ1çš„ä¸ªæ•°:  2150
æ ‡ç­¾é‡Œ0çš„ä¸ªæ•°:  2150
æ€»æ•°:  4300
æ­£ç¡®çš„ä¸ªæ•°:  3670
æœ€åä¸€ä¸ªæ‰¹æ¬¡çš„è¾“å‡º, ä¸æ»¡batchsizeæ˜¯æ­£å¸¸çš„:
 tensor([[0.9146],
        [0.9748],
        [0.9855],
        [0.0806],
        [0.9648],
        [0.0584],
        [0.1367],
        [0.2220],
        [0.7248],
        [0.9220],
        [0.0138],
        [0.0728]], device='cuda:0', grad_fn=<SigmoidBackward0>)
Epoch [15/100], T_AUC: [4m0.8589[0m
Epoch [15/100], Loss: 15.7454
val_Accuracy: [92m0.7791[0m
val_Precision: [4;34m0.8073[0m,               val_Recall: [4;33m0.7220[0m,                 val_F1 Score: [4;35m0.7581[0m
æ ‡ç­¾é‡Œ1çš„ä¸ªæ•°:  430
æ ‡ç­¾é‡Œ0çš„ä¸ªæ•°:  430
æ€»æ•°:  860
æ­£ç¡®çš„ä¸ªæ•°:  670
Epoch [15/100], V_AUC: [4m0.7764[0m
Epoch [16/100], Loss: 45.9554
train_Accuracy: [91m0.8600[0m
train_Precision: [4;34m0.8806[0m,               train_Recall: [4;33m0.8399[0m,                 train_F1 Score: [4;35m0.8558[0m
æ ‡ç­¾é‡Œ1çš„ä¸ªæ•°:  2150
æ ‡ç­¾é‡Œ0çš„ä¸ªæ•°:  2150
æ€»æ•°:  4300
æ­£ç¡®çš„ä¸ªæ•°:  3698
æœ€åä¸€ä¸ªæ‰¹æ¬¡çš„è¾“å‡º, ä¸æ»¡batchsizeæ˜¯æ­£å¸¸çš„:
 tensor([[0.9145],
        [0.9545],
        [0.9861],
        [0.0542],
        [0.9910],
        [0.0811],
        [0.1045],
        [0.1713],
        [0.8539],
        [0.9285],
        [0.0102],
        [0.0446]], device='cuda:0', grad_fn=<SigmoidBackward0>)
Epoch [16/100], T_AUC: [4m0.8657[0m
Epoch [16/100], Loss: 16.1144
val_Accuracy: [92m0.7791[0m
val_Precision: [4;34m0.8003[0m,               val_Recall: [4;33m0.7306[0m,                 val_F1 Score: [4;35m0.7598[0m
æ ‡ç­¾é‡Œ1çš„ä¸ªæ•°:  430
æ ‡ç­¾é‡Œ0çš„ä¸ªæ•°:  430
æ€»æ•°:  860
æ­£ç¡®çš„ä¸ªæ•°:  670
Epoch [16/100], V_AUC: [4m0.7765[0m
Epoch [17/100], Loss: 44.7929
train_Accuracy: [91m0.8635[0m
train_Precision: [4;34m0.8834[0m,               train_Recall: [4;33m0.8447[0m,                 train_F1 Score: [4;35m0.8597[0m
æ ‡ç­¾é‡Œ1çš„ä¸ªæ•°:  2150
æ ‡ç­¾é‡Œ0çš„ä¸ªæ•°:  2150
æ€»æ•°:  4300
æ­£ç¡®çš„ä¸ªæ•°:  3713
æœ€åä¸€ä¸ªæ‰¹æ¬¡çš„è¾“å‡º, ä¸æ»¡batchsizeæ˜¯æ­£å¸¸çš„:
 tensor([[0.8764],
        [0.9771],
        [0.9953],
        [0.0652],
        [0.9765],
        [0.0798],
        [0.1017],
        [0.2340],
        [0.7900],
        [0.9321],
        [0.0141],
        [0.0297]], device='cuda:0', grad_fn=<SigmoidBackward0>)
Epoch [17/100], T_AUC: [4m0.8690[0m
Epoch [17/100], Loss: 16.1997
val_Accuracy: [92m0.7860[0m
val_Precision: [4;34m0.8104[0m,               val_Recall: [4;33m0.7385[0m,                 val_F1 Score: [4;35m0.7688[0m
æ ‡ç­¾é‡Œ1çš„ä¸ªæ•°:  430
æ ‡ç­¾é‡Œ0çš„ä¸ªæ•°:  430
æ€»æ•°:  860
æ­£ç¡®çš„ä¸ªæ•°:  676
Epoch [17/100], V_AUC: [4m0.7833[0m
Epoch [18/100], Loss: 44.5562
train_Accuracy: [91m0.8686[0m
train_Precision: [4;34m0.8867[0m,               train_Recall: [4;33m0.8506[0m,                 train_F1 Score: [4;35m0.8646[0m
æ ‡ç­¾é‡Œ1çš„ä¸ªæ•°:  2150
æ ‡ç­¾é‡Œ0çš„ä¸ªæ•°:  2150
æ€»æ•°:  4300
æ­£ç¡®çš„ä¸ªæ•°:  3735
æœ€åä¸€ä¸ªæ‰¹æ¬¡çš„è¾“å‡º, ä¸æ»¡batchsizeæ˜¯æ­£å¸¸çš„:
 tensor([[0.9529],
        [0.9739],
        [0.9857],
        [0.0265],
        [0.9916],
        [0.0654],
        [0.1754],
        [0.3423],
        [0.7545],
        [0.9595],
        [0.0062],
        [0.0148]], device='cuda:0', grad_fn=<SigmoidBackward0>)
Epoch [18/100], T_AUC: [4m0.8733[0m
Epoch [18/100], Loss: 17.3698
val_Accuracy: [92m0.7837[0m
val_Precision: [4;34m0.8015[0m,               val_Recall: [4;33m0.7493[0m,                 val_F1 Score: [4;35m0.7706[0m
æ ‡ç­¾é‡Œ1çš„ä¸ªæ•°:  430
æ ‡ç­¾é‡Œ0çš„ä¸ªæ•°:  430
æ€»æ•°:  860
æ­£ç¡®çš„ä¸ªæ•°:  674
Epoch [18/100], V_AUC: [4m0.7831[0m
Epoch [19/100], Loss: 43.1683
train_Accuracy: [91m0.8723[0m
train_Precision: [4;34m0.8952[0m,               train_Recall: [4;33m0.8507[0m,                 train_F1 Score: [4;35m0.8689[0m
æ ‡ç­¾é‡Œ1çš„ä¸ªæ•°:  2150
æ ‡ç­¾é‡Œ0çš„ä¸ªæ•°:  2150
æ€»æ•°:  4300
æ­£ç¡®çš„ä¸ªæ•°:  3751
æœ€åä¸€ä¸ªæ‰¹æ¬¡çš„è¾“å‡º, ä¸æ»¡batchsizeæ˜¯æ­£å¸¸çš„:
 tensor([[0.9566],
        [0.9858],
        [0.9913],
        [0.0166],
        [0.9940],
        [0.0527],
        [0.0794],
        [0.0866],
        [0.8940],
        [0.9453],
        [0.0045],
        [0.0611]], device='cuda:0', grad_fn=<SigmoidBackward0>)
Epoch [19/100], T_AUC: [4m0.8772[0m
Epoch [19/100], Loss: 18.0114
val_Accuracy: [92m0.7826[0m
val_Precision: [4;34m0.8007[0m,               val_Recall: [4;33m0.7436[0m,                 val_F1 Score: [4;35m0.7669[0m
æ ‡ç­¾é‡Œ1çš„ä¸ªæ•°:  430
æ ‡ç­¾é‡Œ0çš„ä¸ªæ•°:  430
æ€»æ•°:  860
æ­£ç¡®çš„ä¸ªæ•°:  673
Epoch [19/100], V_AUC: [4m0.7809[0m
Epoch [20/100], Loss: 41.2124
train_Accuracy: [91m0.8784[0m
train_Precision: [4;34m0.8963[0m,               train_Recall: [4;33m0.8616[0m,                 train_F1 Score: [4;35m0.8753[0m
æ ‡ç­¾é‡Œ1çš„ä¸ªæ•°:  2150
æ ‡ç­¾é‡Œ0çš„ä¸ªæ•°:  2150
æ€»æ•°:  4300
æ­£ç¡®çš„ä¸ªæ•°:  3777
æœ€åä¸€ä¸ªæ‰¹æ¬¡çš„è¾“å‡º, ä¸æ»¡batchsizeæ˜¯æ­£å¸¸çš„:
 tensor([[0.9529],
        [0.9199],
        [0.9923],
        [0.0333],
        [0.9970],
        [0.0583],
        [0.1191],
        [0.1350],
        [0.9194],
        [0.9082],
        [0.0020],
        [0.0902]], device='cuda:0', grad_fn=<SigmoidBackward0>)
Epoch [20/100], T_AUC: [4m0.8829[0m
Epoch [20/100], Loss: 16.9994
val_Accuracy: [92m0.7744[0m
val_Precision: [4;34m0.7956[0m,               val_Recall: [4;33m0.7329[0m,                 val_F1 Score: [4;35m0.7586[0m
æ ‡ç­¾é‡Œ1çš„ä¸ªæ•°:  430
æ ‡ç­¾é‡Œ0çš„ä¸ªæ•°:  430
æ€»æ•°:  860
æ­£ç¡®çš„ä¸ªæ•°:  666
Epoch [20/100], V_AUC: [4m0.7728[0m
Epoch [21/100], Loss: 39.7641
train_Accuracy: [91m0.8849[0m
train_Precision: [4;34m0.9016[0m,               train_Recall: [4;33m0.8711[0m,                 train_F1 Score: [4;35m0.8826[0m
æ ‡ç­¾é‡Œ1çš„ä¸ªæ•°:  2150
æ ‡ç­¾é‡Œ0çš„ä¸ªæ•°:  2150
æ€»æ•°:  4300
æ­£ç¡®çš„ä¸ªæ•°:  3805
æœ€åä¸€ä¸ªæ‰¹æ¬¡çš„è¾“å‡º, ä¸æ»¡batchsizeæ˜¯æ­£å¸¸çš„:
 tensor([[0.9678],
        [0.9778],
        [0.9652],
        [0.0159],
        [0.9953],
        [0.0781],
        [0.1610],
        [0.1246],
        [0.9635],
        [0.9521],
        [0.0012],
        [0.0637]], device='cuda:0', grad_fn=<SigmoidBackward0>)
Epoch [21/100], T_AUC: [4m0.8894[0m
Epoch [21/100], Loss: 18.2719
val_Accuracy: [92m0.7802[0m
val_Precision: [4;34m0.8018[0m,               val_Recall: [4;33m0.7303[0m,                 val_F1 Score: [4;35m0.7595[0m
æ ‡ç­¾é‡Œ1çš„ä¸ªæ•°:  430
æ ‡ç­¾é‡Œ0çš„ä¸ªæ•°:  430
æ€»æ•°:  860
æ­£ç¡®çš„ä¸ªæ•°:  671
Epoch [21/100], V_AUC: [4m0.7780[0m
Epoch [22/100], Loss: 39.0703
train_Accuracy: [91m0.8893[0m
train_Precision: [4;34m0.9067[0m,               train_Recall: [4;33m0.8746[0m,                 train_F1 Score: [4;35m0.8867[0m
æ ‡ç­¾é‡Œ1çš„ä¸ªæ•°:  2150
æ ‡ç­¾é‡Œ0çš„ä¸ªæ•°:  2150
æ€»æ•°:  4300
æ­£ç¡®çš„ä¸ªæ•°:  3824
æœ€åä¸€ä¸ªæ‰¹æ¬¡çš„è¾“å‡º, ä¸æ»¡batchsizeæ˜¯æ­£å¸¸çš„:
 tensor([[0.9827],
        [0.9634],
        [0.9934],
        [0.0226],
        [0.9905],
        [0.0209],
        [0.0558],
        [0.0878],
        [0.9191],
        [0.9845],
        [0.0116],
        [0.0247]], device='cuda:0', grad_fn=<SigmoidBackward0>)
Epoch [22/100], T_AUC: [4m0.8940[0m
Epoch [22/100], Loss: 19.3467
val_Accuracy: [92m0.7791[0m
val_Precision: [4;34m0.8080[0m,               val_Recall: [4;33m0.7254[0m,                 val_F1 Score: [4;35m0.7602[0m
æ ‡ç­¾é‡Œ1çš„ä¸ªæ•°:  430
æ ‡ç­¾é‡Œ0çš„ä¸ªæ•°:  430
æ€»æ•°:  860
æ­£ç¡®çš„ä¸ªæ•°:  670
Epoch [22/100], V_AUC: [4m0.7763[0m
Epoch [23/100], Loss: 38.1797
train_Accuracy: [91m0.8907[0m
train_Precision: [4;34m0.9094[0m,               train_Recall: [4;33m0.8740[0m,                 train_F1 Score: [4;35m0.8877[0m
æ ‡ç­¾é‡Œ1çš„ä¸ªæ•°:  2150
æ ‡ç­¾é‡Œ0çš„ä¸ªæ•°:  2150
æ€»æ•°:  4300
æ­£ç¡®çš„ä¸ªæ•°:  3830
æœ€åä¸€ä¸ªæ‰¹æ¬¡çš„è¾“å‡º, ä¸æ»¡batchsizeæ˜¯æ­£å¸¸çš„:
 tensor([[0.9707],
        [0.9886],
        [0.9754],
        [0.0074],
        [0.9930],
        [0.0602],
        [0.0946],
        [0.0621],
        [0.9769],
        [0.9799],
        [0.0029],
        [0.0389]], device='cuda:0', grad_fn=<SigmoidBackward0>)
Epoch [23/100], T_AUC: [4m0.8956[0m
Epoch [23/100], Loss: 20.1550
val_Accuracy: [92m0.7791[0m
val_Precision: [4;34m0.7936[0m,               val_Recall: [4;33m0.7485[0m,                 val_F1 Score: [4;35m0.7659[0m
æ ‡ç­¾é‡Œ1çš„ä¸ªæ•°:  430
æ ‡ç­¾é‡Œ0çš„ä¸ªæ•°:  430
æ€»æ•°:  860
æ­£ç¡®çš„ä¸ªæ•°:  670
Epoch [23/100], V_AUC: [4m0.7760[0m
Epoch [24/100], Loss: 36.3218
train_Accuracy: [91m0.8963[0m
train_Precision: [4;34m0.9109[0m,               train_Recall: [4;33m0.8856[0m,                 train_F1 Score: [4;35m0.8945[0m
æ ‡ç­¾é‡Œ1çš„ä¸ªæ•°:  2150
æ ‡ç­¾é‡Œ0çš„ä¸ªæ•°:  2150
æ€»æ•°:  4300
æ­£ç¡®çš„ä¸ªæ•°:  3854
æœ€åä¸€ä¸ªæ‰¹æ¬¡çš„è¾“å‡º, ä¸æ»¡batchsizeæ˜¯æ­£å¸¸çš„:
 tensor([[0.9606],
        [0.9915],
        [0.9806],
        [0.0112],
        [0.9985],
        [0.0527],
        [0.0319],
        [0.0724],
        [0.9618],
        [0.9795],
        [0.0032],
        [0.0259]], device='cuda:0', grad_fn=<SigmoidBackward0>)
Epoch [24/100], T_AUC: [4m0.9010[0m
Epoch [24/100], Loss: 19.7979
val_Accuracy: [92m0.7698[0m
val_Precision: [4;34m0.7888[0m,               val_Recall: [4;33m0.7245[0m,                 val_F1 Score: [4;35m0.7496[0m
æ ‡ç­¾é‡Œ1çš„ä¸ªæ•°:  430
æ ‡ç­¾é‡Œ0çš„ä¸ªæ•°:  430
æ€»æ•°:  860
æ­£ç¡®çš„ä¸ªæ•°:  662
Epoch [24/100], V_AUC: [4m0.7670[0m
Epoch [25/100], Loss: 34.7837
train_Accuracy: [91m0.9009[0m
train_Precision: [4;34m0.9210[0m,               train_Recall: [4;33m0.8839[0m,                 train_F1 Score: [4;35m0.8984[0m
æ ‡ç­¾é‡Œ1çš„ä¸ªæ•°:  2150
æ ‡ç­¾é‡Œ0çš„ä¸ªæ•°:  2150
æ€»æ•°:  4300
æ­£ç¡®çš„ä¸ªæ•°:  3874
æœ€åä¸€ä¸ªæ‰¹æ¬¡çš„è¾“å‡º, ä¸æ»¡batchsizeæ˜¯æ­£å¸¸çš„:
 tensor([[0.9903],
        [0.9956],
        [0.9828],
        [0.0041],
        [0.9979],
        [0.0332],
        [0.0437],
        [0.0309],
        [0.9886],
        [0.9769],
        [0.0015],
        [0.0244]], device='cuda:0', grad_fn=<SigmoidBackward0>)
Epoch [25/100], T_AUC: [4m0.9057[0m
Epoch [25/100], Loss: 20.6627
val_Accuracy: [92m0.7628[0m
val_Precision: [4;34m0.7703[0m,               val_Recall: [4;33m0.7415[0m,                 val_F1 Score: [4;35m0.7501[0m
æ ‡ç­¾é‡Œ1çš„ä¸ªæ•°:  430
æ ‡ç­¾é‡Œ0çš„ä¸ªæ•°:  430
æ€»æ•°:  860
æ­£ç¡®çš„ä¸ªæ•°:  656
Epoch [25/100], V_AUC: [4m0.7615[0m
Epoch [26/100], Loss: 33.8800
train_Accuracy: [91m0.9044[0m
train_Precision: [4;34m0.9158[0m,               train_Recall: [4;33m0.8962[0m,                 train_F1 Score: [4;35m0.9028[0m
æ ‡ç­¾é‡Œ1çš„ä¸ªæ•°:  2150
æ ‡ç­¾é‡Œ0çš„ä¸ªæ•°:  2150
æ€»æ•°:  4300
æ­£ç¡®çš„ä¸ªæ•°:  3889
æœ€åä¸€ä¸ªæ‰¹æ¬¡çš„è¾“å‡º, ä¸æ»¡batchsizeæ˜¯æ­£å¸¸çš„:
 tensor([[0.9867],
        [0.9904],
        [0.9848],
        [0.0042],
        [0.9995],
        [0.0419],
        [0.0698],
        [0.0337],
        [0.9585],
        [0.9606],
        [0.0014],
        [0.0275]], device='cuda:0', grad_fn=<SigmoidBackward0>)
Epoch [26/100], T_AUC: [4m0.9088[0m
Epoch [26/100], Loss: 20.8885
val_Accuracy: [92m0.7686[0m
val_Precision: [4;34m0.7764[0m,               val_Recall: [4;33m0.7425[0m,                 val_F1 Score: [4;35m0.7547[0m
æ ‡ç­¾é‡Œ1çš„ä¸ªæ•°:  430
æ ‡ç­¾é‡Œ0çš„ä¸ªæ•°:  430
æ€»æ•°:  860
æ­£ç¡®çš„ä¸ªæ•°:  661
Epoch [26/100], V_AUC: [4m0.7665[0m
Epoch [27/100], Loss: 35.6741
train_Accuracy: [91m0.8951[0m
train_Precision: [4;34m0.9096[0m,               train_Recall: [4;33m0.8840[0m,                 train_F1 Score: [4;35m0.8924[0m
æ ‡ç­¾é‡Œ1çš„ä¸ªæ•°:  2150
æ ‡ç­¾é‡Œ0çš„ä¸ªæ•°:  2150
æ€»æ•°:  4300
æ­£ç¡®çš„ä¸ªæ•°:  3849
æœ€åä¸€ä¸ªæ‰¹æ¬¡çš„è¾“å‡º, ä¸æ»¡batchsizeæ˜¯æ­£å¸¸çš„:
 tensor([[0.9898],
        [0.9932],
        [0.9947],
        [0.0168],
        [0.9958],
        [0.0183],
        [0.0693],
        [0.0410],
        [0.9536],
        [0.8163],
        [0.0104],
        [0.0156]], device='cuda:0', grad_fn=<SigmoidBackward0>)
Epoch [27/100], T_AUC: [4m0.9004[0m
Epoch [27/100], Loss: 22.5525
val_Accuracy: [92m0.7616[0m
val_Precision: [4;34m0.7710[0m,               val_Recall: [4;33m0.7304[0m,                 val_F1 Score: [4;35m0.7447[0m
æ ‡ç­¾é‡Œ1çš„ä¸ªæ•°:  430
æ ‡ç­¾é‡Œ0çš„ä¸ªæ•°:  430
æ€»æ•°:  860
æ­£ç¡®çš„ä¸ªæ•°:  655
Epoch [27/100], V_AUC: [4m0.7585[0m
Epoch [28/100], Loss: 35.9522
train_Accuracy: [91m0.9000[0m
train_Precision: [4;34m0.9124[0m,               train_Recall: [4;33m0.8902[0m,                 train_F1 Score: [4;35m0.8978[0m
æ ‡ç­¾é‡Œ1çš„ä¸ªæ•°:  2150
æ ‡ç­¾é‡Œ0çš„ä¸ªæ•°:  2150
æ€»æ•°:  4300
æ­£ç¡®çš„ä¸ªæ•°:  3870
æœ€åä¸€ä¸ªæ‰¹æ¬¡çš„è¾“å‡º, ä¸æ»¡batchsizeæ˜¯æ­£å¸¸çš„:
 tensor([[0.9879],
        [0.9846],
        [0.9811],
        [0.0181],
        [0.9892],
        [0.0110],
        [0.6300],
        [0.0158],
        [0.9944],
        [0.8783],
        [0.0059],
        [0.0103]], device='cuda:0', grad_fn=<SigmoidBackward0>)
Epoch [28/100], T_AUC: [4m0.9038[0m
Epoch [28/100], Loss: 21.9149
val_Accuracy: [92m0.7616[0m
val_Precision: [4;34m0.7677[0m,               val_Recall: [4;33m0.7391[0m,                 val_F1 Score: [4;35m0.7486[0m
æ ‡ç­¾é‡Œ1çš„ä¸ªæ•°:  430
æ ‡ç­¾é‡Œ0çš„ä¸ªæ•°:  430
æ€»æ•°:  860
æ­£ç¡®çš„ä¸ªæ•°:  655
Epoch [28/100], V_AUC: [4m0.7574[0m
Epoch [29/100], Loss: 31.5181
train_Accuracy: [91m0.9107[0m
train_Precision: [4;34m0.9207[0m,               train_Recall: [4;33m0.9040[0m,                 train_F1 Score: [4;35m0.9091[0m
æ ‡ç­¾é‡Œ1çš„ä¸ªæ•°:  2150
æ ‡ç­¾é‡Œ0çš„ä¸ªæ•°:  2150
æ€»æ•°:  4300
æ­£ç¡®çš„ä¸ªæ•°:  3916
æœ€åä¸€ä¸ªæ‰¹æ¬¡çš„è¾“å‡º, ä¸æ»¡batchsizeæ˜¯æ­£å¸¸çš„:
 tensor([[0.9931],
        [0.9951],
        [0.9555],
        [0.0050],
        [0.9993],
        [0.0162],
        [0.0620],
        [0.0810],
        [0.9922],
        [0.9359],
        [0.0047],
        [0.0044]], device='cuda:0', grad_fn=<SigmoidBackward0>)
Epoch [29/100], T_AUC: [4m0.9151[0m
Epoch [29/100], Loss: 25.3633
val_Accuracy: [92m0.7721[0m
val_Precision: [4;34m0.7863[0m,               val_Recall: [4;33m0.7413[0m,                 val_F1 Score: [4;35m0.7573[0m
æ ‡ç­¾é‡Œ1çš„ä¸ªæ•°:  430
æ ‡ç­¾é‡Œ0çš„ä¸ªæ•°:  430
æ€»æ•°:  860
æ­£ç¡®çš„ä¸ªæ•°:  664
Epoch [29/100], V_AUC: [4m0.7693[0m
Epoch [30/100], Loss: 29.0536
train_Accuracy: [91m0.9216[0m
train_Precision: [4;34m0.9334[0m,               train_Recall: [4;33m0.9138[0m,                 train_F1 Score: [4;35m0.9204[0m
æ ‡ç­¾é‡Œ1çš„ä¸ªæ•°:  2150
æ ‡ç­¾é‡Œ0çš„ä¸ªæ•°:  2150
æ€»æ•°:  4300
æ­£ç¡®çš„ä¸ªæ•°:  3963
æœ€åä¸€ä¸ªæ‰¹æ¬¡çš„è¾“å‡º, ä¸æ»¡batchsizeæ˜¯æ­£å¸¸çš„:
 tensor([[0.9942],
        [0.9958],
        [0.9864],
        [0.0234],
        [0.9996],
        [0.0055],
        [0.0191],
        [0.0083],
        [0.9980],
        [0.9335],
        [0.0011],
        [0.0136]], device='cuda:0', grad_fn=<SigmoidBackward0>)
Epoch [30/100], T_AUC: [4m0.9255[0m
Epoch [30/100], Loss: 21.8476
val_Accuracy: [92m0.7512[0m
val_Precision: [4;34m0.7649[0m,               val_Recall: [4;33m0.7196[0m,                 val_F1 Score: [4;35m0.7361[0m
æ ‡ç­¾é‡Œ1çš„ä¸ªæ•°:  430
æ ‡ç­¾é‡Œ0çš„ä¸ªæ•°:  430
æ€»æ•°:  860
æ­£ç¡®çš„ä¸ªæ•°:  646
Epoch [30/100], V_AUC: [4m0.7509[0m
Epoch [31/100], Loss: 29.0267
train_Accuracy: [91m0.9202[0m
train_Precision: [4;34m0.9326[0m,               train_Recall: [4;33m0.9106[0m,                 train_F1 Score: [4;35m0.9189[0m
æ ‡ç­¾é‡Œ1çš„ä¸ªæ•°:  2150
æ ‡ç­¾é‡Œ0çš„ä¸ªæ•°:  2150
æ€»æ•°:  4300
æ­£ç¡®çš„ä¸ªæ•°:  3957
æœ€åä¸€ä¸ªæ‰¹æ¬¡çš„è¾“å‡º, ä¸æ»¡batchsizeæ˜¯æ­£å¸¸çš„:
 tensor([[9.9729e-01],
        [9.6965e-01],
        [9.7603e-01],
        [4.1860e-03],
        [9.9980e-01],
        [2.5098e-02],
        [1.9769e-02],
        [1.4297e-02],
        [9.9975e-01],
        [8.5756e-01],
        [9.9770e-04],
        [1.2641e-02]], device='cuda:0', grad_fn=<SigmoidBackward0>)
Epoch [31/100], T_AUC: [4m0.9235[0m
Epoch [31/100], Loss: 22.8521
val_Accuracy: [92m0.7593[0m
val_Precision: [4;34m0.7683[0m,               val_Recall: [4;33m0.7269[0m,                 val_F1 Score: [4;35m0.7415[0m
æ ‡ç­¾é‡Œ1çš„ä¸ªæ•°:  430
æ ‡ç­¾é‡Œ0çš„ä¸ªæ•°:  430
æ€»æ•°:  860
æ­£ç¡®çš„ä¸ªæ•°:  653
Epoch [31/100], V_AUC: [4m0.7573[0m
Epoch [32/100], Loss: 31.6503
train_Accuracy: [91m0.9060[0m
train_Precision: [4;34m0.9191[0m,               train_Recall: [4;33m0.8976[0m,                 train_F1 Score: [4;35m0.9048[0m
æ ‡ç­¾é‡Œ1çš„ä¸ªæ•°:  2150
æ ‡ç­¾é‡Œ0çš„ä¸ªæ•°:  2150
æ€»æ•°:  4300
æ­£ç¡®çš„ä¸ªæ•°:  3896
æœ€åä¸€ä¸ªæ‰¹æ¬¡çš„è¾“å‡º, ä¸æ»¡batchsizeæ˜¯æ­£å¸¸çš„:
 tensor([[9.9918e-01],
        [9.9227e-01],
        [9.6889e-01],
        [1.9798e-03],
        [9.9979e-01],
        [8.7317e-03],
        [4.1078e-02],
        [1.3165e-01],
        [8.5469e-01],
        [9.8773e-01],
        [3.7019e-04],
        [2.4679e-02]], device='cuda:0', grad_fn=<SigmoidBackward0>)
Epoch [32/100], T_AUC: [4m0.9103[0m
Epoch [32/100], Loss: 24.2814
val_Accuracy: [92m0.7547[0m
val_Precision: [4;34m0.7629[0m,               val_Recall: [4;33m0.7421[0m,                 val_F1 Score: [4;35m0.7445[0m
æ ‡ç­¾é‡Œ1çš„ä¸ªæ•°:  430
æ ‡ç­¾é‡Œ0çš„ä¸ªæ•°:  430
æ€»æ•°:  860
æ­£ç¡®çš„ä¸ªæ•°:  649
Epoch [32/100], V_AUC: [4m0.7519[0m
Epoch [33/100], Loss: 30.3164
train_Accuracy: [91m0.9114[0m
train_Precision: [4;34m0.9276[0m,               train_Recall: [4;33m0.8994[0m,                 train_F1 Score: [4;35m0.9099[0m
æ ‡ç­¾é‡Œ1çš„ä¸ªæ•°:  2150
æ ‡ç­¾é‡Œ0çš„ä¸ªæ•°:  2150
æ€»æ•°:  4300
æ­£ç¡®çš„ä¸ªæ•°:  3919
æœ€åä¸€ä¸ªæ‰¹æ¬¡çš„è¾“å‡º, ä¸æ»¡batchsizeæ˜¯æ­£å¸¸çš„:
 tensor([[0.9315],
        [0.9990],
        [0.9791],
        [0.0017],
        [0.9999],
        [0.0104],
        [0.0080],
        [0.0029],
        [0.9981],
        [0.9909],
        [0.0053],
        [0.0197]], device='cuda:0', grad_fn=<SigmoidBackward0>)
Epoch [33/100], T_AUC: [4m0.9158[0m
Epoch [33/100], Loss: 23.0740
val_Accuracy: [92m0.7674[0m
val_Precision: [4;34m0.7766[0m,               val_Recall: [4;33m0.7413[0m,                 val_F1 Score: [4;35m0.7539[0m
æ ‡ç­¾é‡Œ1çš„ä¸ªæ•°:  430
æ ‡ç­¾é‡Œ0çš„ä¸ªæ•°:  430
æ€»æ•°:  860
æ­£ç¡®çš„ä¸ªæ•°:  660
Epoch [33/100], V_AUC: [4m0.7654[0m
Epoch [34/100], Loss: 26.8920
train_Accuracy: [91m0.9228[0m
train_Precision: [4;34m0.9339[0m,               train_Recall: [4;33m0.9156[0m,                 train_F1 Score: [4;35m0.9214[0m
æ ‡ç­¾é‡Œ1çš„ä¸ªæ•°:  2150
æ ‡ç­¾é‡Œ0çš„ä¸ªæ•°:  2150
æ€»æ•°:  4300
æ­£ç¡®çš„ä¸ªæ•°:  3968
æœ€åä¸€ä¸ªæ‰¹æ¬¡çš„è¾“å‡º, ä¸æ»¡batchsizeæ˜¯æ­£å¸¸çš„:
 tensor([[9.7863e-01],
        [9.9121e-01],
        [9.9259e-01],
        [2.9977e-03],
        [9.9993e-01],
        [3.6112e-03],
        [3.4917e-02],
        [9.6074e-03],
        [9.9824e-01],
        [9.9281e-01],
        [4.0707e-04],
        [1.8020e-02]], device='cuda:0', grad_fn=<SigmoidBackward0>)
Epoch [34/100], T_AUC: [4m0.9271[0m
Epoch [34/100], Loss: 23.9351
val_Accuracy: [92m0.7686[0m
val_Precision: [4;34m0.7906[0m,               val_Recall: [4;33m0.7227[0m,                 val_F1 Score: [4;35m0.7500[0m
æ ‡ç­¾é‡Œ1çš„ä¸ªæ•°:  430
æ ‡ç­¾é‡Œ0çš„ä¸ªæ•°:  430
æ€»æ•°:  860
æ­£ç¡®çš„ä¸ªæ•°:  661
Epoch [34/100], V_AUC: [4m0.7671[0m
Epoch [35/100], Loss: 22.7328
train_Accuracy: [91m0.9377[0m
train_Precision: [4;34m0.9449[0m,               train_Recall: [4;33m0.9336[0m,                 train_F1 Score: [4;35m0.9368[0m
æ ‡ç­¾é‡Œ1çš„ä¸ªæ•°:  2150
æ ‡ç­¾é‡Œ0çš„ä¸ªæ•°:  2150
æ€»æ•°:  4300
æ­£ç¡®çš„ä¸ªæ•°:  4032
æœ€åä¸€ä¸ªæ‰¹æ¬¡çš„è¾“å‡º, ä¸æ»¡batchsizeæ˜¯æ­£å¸¸çš„:
 tensor([[9.9770e-01],
        [9.9933e-01],
        [9.7521e-01],
        [1.9248e-03],
        [9.9990e-01],
        [6.8015e-03],
        [3.9281e-02],
        [2.0660e-02],
        [9.9152e-01],
        [9.8376e-01],
        [1.4381e-04],
        [5.4510e-03]], device='cuda:0', grad_fn=<SigmoidBackward0>)
Epoch [35/100], T_AUC: [4m0.9408[0m
Epoch [35/100], Loss: 24.9767
val_Accuracy: [92m0.7593[0m
val_Precision: [4;34m0.7757[0m,               val_Recall: [4;33m0.7253[0m,                 val_F1 Score: [4;35m0.7440[0m
æ ‡ç­¾é‡Œ1çš„ä¸ªæ•°:  430
æ ‡ç­¾é‡Œ0çš„ä¸ªæ•°:  430
æ€»æ•°:  860
æ­£ç¡®çš„ä¸ªæ•°:  653
Epoch [35/100], V_AUC: [4m0.7583[0m
Epoch [36/100], Loss: 21.5206
train_Accuracy: [91m0.9447[0m
train_Precision: [4;34m0.9519[0m,               train_Recall: [4;33m0.9392[0m,                 train_F1 Score: [4;35m0.9432[0m
æ ‡ç­¾é‡Œ1çš„ä¸ªæ•°:  2150
æ ‡ç­¾é‡Œ0çš„ä¸ªæ•°:  2150
æ€»æ•°:  4300
æ­£ç¡®çš„ä¸ªæ•°:  4062
æœ€åä¸€ä¸ªæ‰¹æ¬¡çš„è¾“å‡º, ä¸æ»¡batchsizeæ˜¯æ­£å¸¸çš„:
 tensor([[9.9906e-01],
        [9.9726e-01],
        [8.9241e-01],
        [1.4055e-02],
        [9.9998e-01],
        [1.7325e-02],
        [1.0055e-02],
        [1.6424e-02],
        [9.8537e-01],
        [9.8355e-01],
        [5.0963e-04],
        [1.6355e-03]], device='cuda:0', grad_fn=<SigmoidBackward0>)
Epoch [36/100], T_AUC: [4m0.9479[0m
Epoch [36/100], Loss: 27.6604
val_Accuracy: [92m0.7640[0m
val_Precision: [4;34m0.7853[0m,               val_Recall: [4;33m0.7117[0m,                 val_F1 Score: [4;35m0.7409[0m
æ ‡ç­¾é‡Œ1çš„ä¸ªæ•°:  430
æ ‡ç­¾é‡Œ0çš„ä¸ªæ•°:  430
æ€»æ•°:  860
æ­£ç¡®çš„ä¸ªæ•°:  657
Epoch [36/100], V_AUC: [4m0.7629[0m
Epoch [37/100], Loss: 19.7392
train_Accuracy: [91m0.9477[0m
train_Precision: [4;34m0.9542[0m,               train_Recall: [4;33m0.9424[0m,                 train_F1 Score: [4;35m0.9463[0m
æ ‡ç­¾é‡Œ1çš„ä¸ªæ•°:  2150
æ ‡ç­¾é‡Œ0çš„ä¸ªæ•°:  2150
æ€»æ•°:  4300
æ­£ç¡®çš„ä¸ªæ•°:  4075
æœ€åä¸€ä¸ªæ‰¹æ¬¡çš„è¾“å‡º, ä¸æ»¡batchsizeæ˜¯æ­£å¸¸çš„:
 tensor([[9.9883e-01],
        [9.9964e-01],
        [9.7624e-01],
        [9.9564e-04],
        [1.0000e+00],
        [6.7912e-03],
        [4.1581e-03],
        [1.9807e-03],
        [9.9472e-01],
        [9.7699e-01],
        [6.3149e-04],
        [2.6749e-03]], device='cuda:0', grad_fn=<SigmoidBackward0>)
Epoch [37/100], T_AUC: [4m0.9505[0m
Epoch [37/100], Loss: 29.5447
val_Accuracy: [92m0.7581[0m
val_Precision: [4;34m0.7741[0m,               val_Recall: [4;33m0.7184[0m,                 val_F1 Score: [4;35m0.7392[0m
æ ‡ç­¾é‡Œ1çš„ä¸ªæ•°:  430
æ ‡ç­¾é‡Œ0çš„ä¸ªæ•°:  430
æ€»æ•°:  860
æ­£ç¡®çš„ä¸ªæ•°:  652
Epoch [37/100], V_AUC: [4m0.7555[0m
Epoch [38/100], Loss: 19.9296
train_Accuracy: [91m0.9488[0m
train_Precision: [4;34m0.9560[0m,               train_Recall: [4;33m0.9438[0m,                 train_F1 Score: [4;35m0.9478[0m
æ ‡ç­¾é‡Œ1çš„ä¸ªæ•°:  2150
æ ‡ç­¾é‡Œ0çš„ä¸ªæ•°:  2150
æ€»æ•°:  4300
æ­£ç¡®çš„ä¸ªæ•°:  4080
æœ€åä¸€ä¸ªæ‰¹æ¬¡çš„è¾“å‡º, ä¸æ»¡batchsizeæ˜¯æ­£å¸¸çš„:
 tensor([[9.9889e-01],
        [9.9767e-01],
        [9.7500e-01],
        [7.6358e-03],
        [1.0000e+00],
        [2.3671e-03],
        [6.7085e-02],
        [1.4618e-02],
        [9.8544e-01],
        [9.2899e-01],
        [4.6267e-05],
        [8.3850e-04]], device='cuda:0', grad_fn=<SigmoidBackward0>)
Epoch [38/100], T_AUC: [4m0.9521[0m
Epoch [38/100], Loss: 33.2648
val_Accuracy: [92m0.7593[0m
val_Precision: [4;34m0.7808[0m,               val_Recall: [4;33m0.7180[0m,                 val_F1 Score: [4;35m0.7433[0m
æ ‡ç­¾é‡Œ1çš„ä¸ªæ•°:  430
æ ‡ç­¾é‡Œ0çš„ä¸ªæ•°:  430
æ€»æ•°:  860
æ­£ç¡®çš„ä¸ªæ•°:  653
Epoch [38/100], V_AUC: [4m0.7552[0m
Epoch [39/100], Loss: 19.3514
train_Accuracy: [91m0.9533[0m
train_Precision: [4;34m0.9601[0m,               train_Recall: [4;33m0.9482[0m,                 train_F1 Score: [4;35m0.9524[0m
æ ‡ç­¾é‡Œ1çš„ä¸ªæ•°:  2150
æ ‡ç­¾é‡Œ0çš„ä¸ªæ•°:  2150
æ€»æ•°:  4300
æ­£ç¡®çš„ä¸ªæ•°:  4099
æœ€åä¸€ä¸ªæ‰¹æ¬¡çš„è¾“å‡º, ä¸æ»¡batchsizeæ˜¯æ­£å¸¸çš„:
 tensor([[9.9929e-01],
        [9.9944e-01],
        [9.6615e-01],
        [3.0120e-02],
        [9.9994e-01],
        [3.4215e-03],
        [1.5613e-02],
        [1.0440e-02],
        [9.9489e-01],
        [9.8512e-01],
        [7.8935e-05],
        [2.7477e-03]], device='cuda:0', grad_fn=<SigmoidBackward0>)
Epoch [39/100], T_AUC: [4m0.9560[0m
Epoch [39/100], Loss: 32.1107
val_Accuracy: [92m0.7547[0m
val_Precision: [4;34m0.7706[0m,               val_Recall: [4;33m0.7114[0m,                 val_F1 Score: [4;35m0.7343[0m
æ ‡ç­¾é‡Œ1çš„ä¸ªæ•°:  430
æ ‡ç­¾é‡Œ0çš„ä¸ªæ•°:  430
æ€»æ•°:  860
æ­£ç¡®çš„ä¸ªæ•°:  649
Epoch [39/100], V_AUC: [4m0.7515[0m
Epoch [40/100], Loss: 18.4656
train_Accuracy: [91m0.9556[0m
train_Precision: [4;34m0.9627[0m,               train_Recall: [4;33m0.9510[0m,                 train_F1 Score: [4;35m0.9549[0m
æ ‡ç­¾é‡Œ1çš„ä¸ªæ•°:  2150
æ ‡ç­¾é‡Œ0çš„ä¸ªæ•°:  2150
æ€»æ•°:  4300
æ­£ç¡®çš„ä¸ªæ•°:  4109
æœ€åä¸€ä¸ªæ‰¹æ¬¡çš„è¾“å‡º, ä¸æ»¡batchsizeæ˜¯æ­£å¸¸çš„:
 tensor([[9.9970e-01],
        [9.9989e-01],
        [9.8981e-01],
        [2.9818e-04],
        [9.9997e-01],
        [2.5271e-03],
        [1.1856e-02],
        [2.2878e-03],
        [9.9952e-01],
        [8.3753e-01],
        [9.7580e-05],
        [4.2150e-02]], device='cuda:0', grad_fn=<SigmoidBackward0>)
Epoch [40/100], T_AUC: [4m0.9592[0m
Epoch [40/100], Loss: 30.4418
val_Accuracy: [92m0.7372[0m
val_Precision: [4;34m0.7653[0m,               val_Recall: [4;33m0.6826[0m,                 val_F1 Score: [4;35m0.7135[0m
æ ‡ç­¾é‡Œ1çš„ä¸ªæ•°:  430
æ ‡ç­¾é‡Œ0çš„ä¸ªæ•°:  430
æ€»æ•°:  860
æ­£ç¡®çš„ä¸ªæ•°:  634
Epoch [40/100], V_AUC: [4m0.7353[0m
Epoch [41/100], Loss: 24.2583
train_Accuracy: [91m0.9365[0m
train_Precision: [4;34m0.9407[0m,               train_Recall: [4;33m0.9357[0m,                 train_F1 Score: [4;35m0.9361[0m
æ ‡ç­¾é‡Œ1çš„ä¸ªæ•°:  2150
æ ‡ç­¾é‡Œ0çš„ä¸ªæ•°:  2150
æ€»æ•°:  4300
æ­£ç¡®çš„ä¸ªæ•°:  4027
æœ€åä¸€ä¸ªæ‰¹æ¬¡çš„è¾“å‡º, ä¸æ»¡batchsizeæ˜¯æ­£å¸¸çš„:
 tensor([[9.7880e-01],
        [9.9966e-01],
        [9.8828e-01],
        [2.1351e-03],
        [9.9994e-01],
        [4.5582e-04],
        [4.7681e-02],
        [1.3195e-02],
        [9.9938e-01],
        [8.3394e-01],
        [3.3652e-04],
        [6.6291e-02]], device='cuda:0', grad_fn=<SigmoidBackward0>)
Epoch [41/100], T_AUC: [4m0.9393[0m
Epoch [41/100], Loss: 29.3988
val_Accuracy: [92m0.7488[0m
val_Precision: [4;34m0.7673[0m,               val_Recall: [4;33m0.6987[0m,                 val_F1 Score: [4;35m0.7261[0m
æ ‡ç­¾é‡Œ1çš„ä¸ªæ•°:  430
æ ‡ç­¾é‡Œ0çš„ä¸ªæ•°:  430
æ€»æ•°:  860
æ­£ç¡®çš„ä¸ªæ•°:  644
Epoch [41/100], V_AUC: [4m0.7462[0m
Epoch [42/100], Loss: 23.0665
train_Accuracy: [91m0.9360[0m
train_Precision: [4;34m0.9423[0m,               train_Recall: [4;33m0.9347[0m,                 train_F1 Score: [4;35m0.9358[0m
æ ‡ç­¾é‡Œ1çš„ä¸ªæ•°:  2150
æ ‡ç­¾é‡Œ0çš„ä¸ªæ•°:  2150
æ€»æ•°:  4300
æ­£ç¡®çš„ä¸ªæ•°:  4025
æœ€åä¸€ä¸ªæ‰¹æ¬¡çš„è¾“å‡º, ä¸æ»¡batchsizeæ˜¯æ­£å¸¸çš„:
 tensor([[9.9975e-01],
        [9.9816e-01],
        [9.5895e-01],
        [4.9022e-03],
        [9.9941e-01],
        [3.3158e-03],
        [1.5278e-02],
        [7.5916e-02],
        [9.9916e-01],
        [9.2104e-01],
        [1.1484e-04],
        [1.0981e-02]], device='cuda:0', grad_fn=<SigmoidBackward0>)
Epoch [42/100], T_AUC: [4m0.9403[0m
Epoch [42/100], Loss: 29.9148
val_Accuracy: [92m0.7547[0m
val_Precision: [4;34m0.7723[0m,               val_Recall: [4;33m0.7179[0m,                 val_F1 Score: [4;35m0.7375[0m
æ ‡ç­¾é‡Œ1çš„ä¸ªæ•°:  430
æ ‡ç­¾é‡Œ0çš„ä¸ªæ•°:  430
æ€»æ•°:  860
æ­£ç¡®çš„ä¸ªæ•°:  649
Epoch [42/100], V_AUC: [4m0.7538[0m
Epoch [43/100], Loss: 18.8278
train_Accuracy: [91m0.9479[0m
train_Precision: [4;34m0.9531[0m,               train_Recall: [4;33m0.9458[0m,                 train_F1 Score: [4;35m0.9474[0m
æ ‡ç­¾é‡Œ1çš„ä¸ªæ•°:  2150
æ ‡ç­¾é‡Œ0çš„ä¸ªæ•°:  2150
æ€»æ•°:  4300
æ­£ç¡®çš„ä¸ªæ•°:  4076
æœ€åä¸€ä¸ªæ‰¹æ¬¡çš„è¾“å‡º, ä¸æ»¡batchsizeæ˜¯æ­£å¸¸çš„:
 tensor([[9.9965e-01],
        [9.9997e-01],
        [7.6477e-01],
        [7.7636e-03],
        [9.9931e-01],
        [3.2659e-03],
        [9.9194e-03],
        [1.8538e-02],
        [9.9299e-01],
        [9.8720e-01],
        [1.7008e-04],
        [7.0010e-03]], device='cuda:0', grad_fn=<SigmoidBackward0>)
Epoch [43/100], T_AUC: [4m0.9512[0m
Epoch [43/100], Loss: 31.4746
val_Accuracy: [92m0.7500[0m
val_Precision: [4;34m0.7666[0m,               val_Recall: [4;33m0.7035[0m,                 val_F1 Score: [4;35m0.7276[0m
æ ‡ç­¾é‡Œ1çš„ä¸ªæ•°:  430
æ ‡ç­¾é‡Œ0çš„ä¸ªæ•°:  430
æ€»æ•°:  860
æ­£ç¡®çš„ä¸ªæ•°:  645
Epoch [43/100], V_AUC: [4m0.7473[0m
Epoch [44/100], Loss: 15.8931
train_Accuracy: [91m0.9637[0m
train_Precision: [4;34m0.9676[0m,               train_Recall: [4;33m0.9617[0m,                 train_F1 Score: [4;35m0.9633[0m
æ ‡ç­¾é‡Œ1çš„ä¸ªæ•°:  2150
æ ‡ç­¾é‡Œ0çš„ä¸ªæ•°:  2150
æ€»æ•°:  4300
æ­£ç¡®çš„ä¸ªæ•°:  4144
æœ€åä¸€ä¸ªæ‰¹æ¬¡çš„è¾“å‡º, ä¸æ»¡batchsizeæ˜¯æ­£å¸¸çš„:
 tensor([[9.9920e-01],
        [9.9981e-01],
        [9.5653e-01],
        [1.0746e-03],
        [9.9968e-01],
        [3.3797e-03],
        [5.9942e-02],
        [4.1258e-02],
        [9.9808e-01],
        [9.9732e-01],
        [4.0572e-05],
        [2.6558e-03]], device='cuda:0', grad_fn=<SigmoidBackward0>)
Epoch [44/100], T_AUC: [4m0.9665[0m
Epoch [44/100], Loss: 31.4870
val_Accuracy: [92m0.7605[0m
val_Precision: [4;34m0.7753[0m,               val_Recall: [4;33m0.7223[0m,                 val_F1 Score: [4;35m0.7435[0m
æ ‡ç­¾é‡Œ1çš„ä¸ªæ•°:  430
æ ‡ç­¾é‡Œ0çš„ä¸ªæ•°:  430
æ€»æ•°:  860
æ­£ç¡®çš„ä¸ªæ•°:  654
Epoch [44/100], V_AUC: [4m0.7579[0m
Epoch [45/100], Loss: 17.5590
train_Accuracy: [91m0.9521[0m
train_Precision: [4;34m0.9568[0m,               train_Recall: [4;33m0.9504[0m,                 train_F1 Score: [4;35m0.9516[0m
æ ‡ç­¾é‡Œ1çš„ä¸ªæ•°:  2150
æ ‡ç­¾é‡Œ0çš„ä¸ªæ•°:  2150
æ€»æ•°:  4300
æ­£ç¡®çš„ä¸ªæ•°:  4094
æœ€åä¸€ä¸ªæ‰¹æ¬¡çš„è¾“å‡º, ä¸æ»¡batchsizeæ˜¯æ­£å¸¸çš„:
 tensor([[9.9941e-01],
        [9.9985e-01],
        [9.7766e-01],
        [1.3908e-02],
        [9.9999e-01],
        [2.5564e-04],
        [2.6000e-02],
        [3.3160e-03],
        [9.6053e-01],
        [9.8558e-01],
        [2.8492e-04],
        [4.6663e-03]], device='cuda:0', grad_fn=<SigmoidBackward0>)
Epoch [45/100], T_AUC: [4m0.9551[0m
Epoch [45/100], Loss: 31.7182
val_Accuracy: [92m0.7384[0m
val_Precision: [4;34m0.7547[0m,               val_Recall: [4;33m0.6934[0m,                 val_F1 Score: [4;35m0.7171[0m
æ ‡ç­¾é‡Œ1çš„ä¸ªæ•°:  430
æ ‡ç­¾é‡Œ0çš„ä¸ªæ•°:  430
æ€»æ•°:  860
æ­£ç¡®çš„ä¸ªæ•°:  635
Epoch [45/100], V_AUC: [4m0.7323[0m
Epoch [46/100], Loss: 16.2744
train_Accuracy: [91m0.9551[0m
train_Precision: [4;34m0.9582[0m,               train_Recall: [4;33m0.9541[0m,                 train_F1 Score: [4;35m0.9544[0m
æ ‡ç­¾é‡Œ1çš„ä¸ªæ•°:  2150
æ ‡ç­¾é‡Œ0çš„ä¸ªæ•°:  2150
æ€»æ•°:  4300
æ­£ç¡®çš„ä¸ªæ•°:  4107
æœ€åä¸€ä¸ªæ‰¹æ¬¡çš„è¾“å‡º, ä¸æ»¡batchsizeæ˜¯æ­£å¸¸çš„:
 tensor([[9.9986e-01],
        [9.9985e-01],
        [9.7541e-01],
        [2.3400e-03],
        [9.9993e-01],
        [1.9029e-03],
        [4.3221e-03],
        [1.4341e-02],
        [9.9773e-01],
        [9.9096e-01],
        [4.5454e-05],
        [6.2004e-03]], device='cuda:0', grad_fn=<SigmoidBackward0>)
Epoch [46/100], T_AUC: [4m0.9576[0m
Epoch [46/100], Loss: 34.3153
val_Accuracy: [92m0.7430[0m
val_Precision: [4;34m0.7755[0m,               val_Recall: [4;33m0.6773[0m,                 val_F1 Score: [4;35m0.7174[0m
æ ‡ç­¾é‡Œ1çš„ä¸ªæ•°:  430
æ ‡ç­¾é‡Œ0çš„ä¸ªæ•°:  430
æ€»æ•°:  860
æ­£ç¡®çš„ä¸ªæ•°:  639
Epoch [46/100], V_AUC: [4m0.7410[0m
Epoch [47/100], Loss: 15.7854
train_Accuracy: [91m0.9593[0m
train_Precision: [4;34m0.9624[0m,               train_Recall: [4;33m0.9600[0m,                 train_F1 Score: [4;35m0.9594[0m
æ ‡ç­¾é‡Œ1çš„ä¸ªæ•°:  2150
æ ‡ç­¾é‡Œ0çš„ä¸ªæ•°:  2150
æ€»æ•°:  4300
æ­£ç¡®çš„ä¸ªæ•°:  4125
æœ€åä¸€ä¸ªæ‰¹æ¬¡çš„è¾“å‡º, ä¸æ»¡batchsizeæ˜¯æ­£å¸¸çš„:
 tensor([[9.9996e-01],
        [9.9999e-01],
        [9.8609e-01],
        [4.5748e-03],
        [9.9567e-01],
        [1.1963e-03],
        [1.7325e-02],
        [9.7304e-03],
        [9.9955e-01],
        [9.8422e-01],
        [4.2528e-06],
        [3.1619e-03]], device='cuda:0', grad_fn=<SigmoidBackward0>)
Epoch [47/100], T_AUC: [4m0.9627[0m
Epoch [47/100], Loss: 33.9957
val_Accuracy: [92m0.7640[0m
val_Precision: [4;34m0.7835[0m,               val_Recall: [4;33m0.7228[0m,                 val_F1 Score: [4;35m0.7468[0m
æ ‡ç­¾é‡Œ1çš„ä¸ªæ•°:  430
æ ‡ç­¾é‡Œ0çš„ä¸ªæ•°:  430
æ€»æ•°:  860
æ­£ç¡®çš„ä¸ªæ•°:  657
Epoch [47/100], V_AUC: [4m0.7597[0m
Epoch [48/100], Loss: 12.6255
train_Accuracy: [91m0.9686[0m
train_Precision: [4;34m0.9728[0m,               train_Recall: [4;33m0.9671[0m,                 train_F1 Score: [4;35m0.9686[0m
æ ‡ç­¾é‡Œ1çš„ä¸ªæ•°:  2150
æ ‡ç­¾é‡Œ0çš„ä¸ªæ•°:  2150
æ€»æ•°:  4300
æ­£ç¡®çš„ä¸ªæ•°:  4165
æœ€åä¸€ä¸ªæ‰¹æ¬¡çš„è¾“å‡º, ä¸æ»¡batchsizeæ˜¯æ­£å¸¸çš„:
 tensor([[9.9969e-01],
        [9.9996e-01],
        [9.9096e-01],
        [3.7758e-03],
        [9.9991e-01],
        [7.3125e-04],
        [5.8238e-03],
        [5.7912e-03],
        [9.9616e-01],
        [9.9451e-01],
        [2.3585e-05],
        [8.3874e-03]], device='cuda:0', grad_fn=<SigmoidBackward0>)
Epoch [48/100], T_AUC: [4m0.9702[0m
Epoch [48/100], Loss: 33.2510
val_Accuracy: [92m0.7570[0m
val_Precision: [4;34m0.7828[0m,               val_Recall: [4;33m0.7034[0m,                 val_F1 Score: [4;35m0.7344[0m
æ ‡ç­¾é‡Œ1çš„ä¸ªæ•°:  430
æ ‡ç­¾é‡Œ0çš„ä¸ªæ•°:  430
æ€»æ•°:  860
æ­£ç¡®çš„ä¸ªæ•°:  651
Epoch [48/100], V_AUC: [4m0.7530[0m
Epoch [49/100], Loss: 9.5987
train_Accuracy: [91m0.9812[0m
train_Precision: [4;34m0.9810[0m,               train_Recall: [4;33m0.9815[0m,                 train_F1 Score: [4;35m0.9805[0m
æ ‡ç­¾é‡Œ1çš„ä¸ªæ•°:  2150
æ ‡ç­¾é‡Œ0çš„ä¸ªæ•°:  2150
æ€»æ•°:  4300
æ­£ç¡®çš„ä¸ªæ•°:  4219
æœ€åä¸€ä¸ªæ‰¹æ¬¡çš„è¾“å‡º, ä¸æ»¡batchsizeæ˜¯æ­£å¸¸çš„:
 tensor([[9.9988e-01],
        [9.9999e-01],
        [9.9128e-01],
        [8.0276e-03],
        [9.9989e-01],
        [1.0124e-03],
        [1.1406e-02],
        [4.2127e-03],
        [9.9242e-01],
        [9.9808e-01],
        [3.2656e-06],
        [3.7815e-03]], device='cuda:0', grad_fn=<SigmoidBackward0>)
Epoch [49/100], T_AUC: [4m0.9826[0m
Epoch [49/100], Loss: 36.1121
val_Accuracy: [92m0.7581[0m
val_Precision: [4;34m0.7735[0m,               val_Recall: [4;33m0.7134[0m,                 val_F1 Score: [4;35m0.7367[0m
æ ‡ç­¾é‡Œ1çš„ä¸ªæ•°:  430
æ ‡ç­¾é‡Œ0çš„ä¸ªæ•°:  430
æ€»æ•°:  860
æ­£ç¡®çš„ä¸ªæ•°:  652
Epoch [49/100], V_AUC: [4m0.7523[0m
Epoch [50/100], Loss: 8.9650
train_Accuracy: [91m0.9828[0m
train_Precision: [4;34m0.9834[0m,               train_Recall: [4;33m0.9829[0m,                 train_F1 Score: [4;35m0.9825[0m
æ ‡ç­¾é‡Œ1çš„ä¸ªæ•°:  2150
æ ‡ç­¾é‡Œ0çš„ä¸ªæ•°:  2150
æ€»æ•°:  4300
æ­£ç¡®çš„ä¸ªæ•°:  4226
æœ€åä¸€ä¸ªæ‰¹æ¬¡çš„è¾“å‡º, ä¸æ»¡batchsizeæ˜¯æ­£å¸¸çš„:
 tensor([[9.9998e-01],
        [9.9982e-01],
        [9.9312e-01],
        [1.7460e-03],
        [9.7844e-01],
        [4.2530e-03],
        [2.3223e-03],
        [1.6324e-01],
        [9.9980e-01],
        [9.9689e-01],
        [5.0181e-06],
        [2.7870e-03]], device='cuda:0', grad_fn=<SigmoidBackward0>)
Epoch [50/100], T_AUC: [4m0.9844[0m
Epoch [50/100], Loss: 38.1491
val_Accuracy: [92m0.7558[0m
val_Precision: [4;34m0.7794[0m,               val_Recall: [4;33m0.7025[0m,                 val_F1 Score: [4;35m0.7337[0m
æ ‡ç­¾é‡Œ1çš„ä¸ªæ•°:  430
æ ‡ç­¾é‡Œ0çš„ä¸ªæ•°:  430
æ€»æ•°:  860
æ­£ç¡®çš„ä¸ªæ•°:  650
Epoch [50/100], V_AUC: [4m0.7528[0m
Epoch [51/100], Loss: 9.2468
train_Accuracy: [91m0.9812[0m
train_Precision: [4;34m0.9806[0m,               train_Recall: [4;33m0.9819[0m,                 train_F1 Score: [4;35m0.9805[0m
æ ‡ç­¾é‡Œ1çš„ä¸ªæ•°:  2150
æ ‡ç­¾é‡Œ0çš„ä¸ªæ•°:  2150
æ€»æ•°:  4300
æ­£ç¡®çš„ä¸ªæ•°:  4219
æœ€åä¸€ä¸ªæ‰¹æ¬¡çš„è¾“å‡º, ä¸æ»¡batchsizeæ˜¯æ­£å¸¸çš„:
 tensor([[9.9991e-01],
        [9.9990e-01],
        [9.9428e-01],
        [4.5369e-03],
        [9.9967e-01],
        [3.5098e-03],
        [3.0926e-03],
        [1.7774e-02],
        [9.9955e-01],
        [9.8709e-01],
        [8.2451e-06],
        [3.1569e-03]], device='cuda:0', grad_fn=<SigmoidBackward0>)
Epoch [51/100], T_AUC: [4m0.9827[0m
Epoch [51/100], Loss: 36.4378
val_Accuracy: [92m0.7116[0m
val_Precision: [4;34m0.7416[0m,               val_Recall: [4;33m0.6390[0m,                 val_F1 Score: [4;35m0.6806[0m
æ ‡ç­¾é‡Œ1çš„ä¸ªæ•°:  430
æ ‡ç­¾é‡Œ0çš„ä¸ªæ•°:  430
æ€»æ•°:  860
æ­£ç¡®çš„ä¸ªæ•°:  612
Epoch [51/100], V_AUC: [4m0.7102[0m
Epoch [52/100], Loss: 10.1579
train_Accuracy: [91m0.9760[0m
train_Precision: [4;34m0.9777[0m,               train_Recall: [4;33m0.9761[0m,                 train_F1 Score: [4;35m0.9760[0m
æ ‡ç­¾é‡Œ1çš„ä¸ªæ•°:  2150
æ ‡ç­¾é‡Œ0çš„ä¸ªæ•°:  2150
æ€»æ•°:  4300
æ­£ç¡®çš„ä¸ªæ•°:  4197
æœ€åä¸€ä¸ªæ‰¹æ¬¡çš„è¾“å‡º, ä¸æ»¡batchsizeæ˜¯æ­£å¸¸çš„:
 tensor([[9.9999e-01],
        [1.0000e+00],
        [9.6994e-01],
        [1.1407e-03],
        [9.9997e-01],
        [6.3288e-04],
        [7.3255e-03],
        [3.3963e-04],
        [9.9834e-01],
        [9.9288e-01],
        [1.0431e-04],
        [1.4372e-04]], device='cuda:0', grad_fn=<SigmoidBackward0>)
Epoch [52/100], T_AUC: [4m0.9780[0m
Epoch [52/100], Loss: 38.1334
val_Accuracy: [92m0.7570[0m
val_Precision: [4;34m0.7840[0m,               val_Recall: [4;33m0.7059[0m,                 val_F1 Score: [4;35m0.7376[0m
æ ‡ç­¾é‡Œ1çš„ä¸ªæ•°:  430
æ ‡ç­¾é‡Œ0çš„ä¸ªæ•°:  430
æ€»æ•°:  860
æ­£ç¡®çš„ä¸ªæ•°:  651
Epoch [52/100], V_AUC: [4m0.7550[0m
Epoch [53/100], Loss: 9.7973
train_Accuracy: [91m0.9777[0m
train_Precision: [4;34m0.9802[0m,               train_Recall: [4;33m0.9763[0m,                 train_F1 Score: [4;35m0.9775[0m
æ ‡ç­¾é‡Œ1çš„ä¸ªæ•°:  2150
æ ‡ç­¾é‡Œ0çš„ä¸ªæ•°:  2150
æ€»æ•°:  4300
æ­£ç¡®çš„ä¸ªæ•°:  4204
æœ€åä¸€ä¸ªæ‰¹æ¬¡çš„è¾“å‡º, ä¸æ»¡batchsizeæ˜¯æ­£å¸¸çš„:
 tensor([[1.0000e+00],
        [9.9995e-01],
        [9.9767e-01],
        [7.4756e-03],
        [9.9984e-01],
        [6.0000e-04],
        [3.8051e-03],
        [5.1431e-04],
        [9.9865e-01],
        [9.6156e-01],
        [8.2259e-06],
        [2.7780e-03]], device='cuda:0', grad_fn=<SigmoidBackward0>)
Epoch [53/100], T_AUC: [4m0.9794[0m
Epoch [53/100], Loss: 40.8974
val_Accuracy: [92m0.7640[0m
val_Precision: [4;34m0.7865[0m,               val_Recall: [4;33m0.7187[0m,                 val_F1 Score: [4;35m0.7424[0m
æ ‡ç­¾é‡Œ1çš„ä¸ªæ•°:  430
æ ‡ç­¾é‡Œ0çš„ä¸ªæ•°:  430
æ€»æ•°:  860
æ­£ç¡®çš„ä¸ªæ•°:  657
Epoch [53/100], V_AUC: [4m0.7597[0m
Epoch [54/100], Loss: 8.7034
train_Accuracy: [91m0.9809[0m
train_Precision: [4;34m0.9790[0m,               train_Recall: [4;33m0.9838[0m,                 train_F1 Score: [4;35m0.9807[0m
æ ‡ç­¾é‡Œ1çš„ä¸ªæ•°:  2150
æ ‡ç­¾é‡Œ0çš„ä¸ªæ•°:  2150
æ€»æ•°:  4300
æ­£ç¡®çš„ä¸ªæ•°:  4218
æœ€åä¸€ä¸ªæ‰¹æ¬¡çš„è¾“å‡º, ä¸æ»¡batchsizeæ˜¯æ­£å¸¸çš„:
 tensor([[1.0000e+00],
        [9.9998e-01],
        [9.8978e-01],
        [2.8288e-03],
        [9.9998e-01],
        [9.7858e-03],
        [3.0949e-03],
        [4.3874e-03],
        [9.8221e-01],
        [9.9578e-01],
        [9.4270e-07],
        [9.4612e-05]], device='cuda:0', grad_fn=<SigmoidBackward0>)
Epoch [54/100], T_AUC: [4m0.9826[0m
Epoch [54/100], Loss: 41.8535
val_Accuracy: [92m0.7477[0m
val_Precision: [4;34m0.7742[0m,               val_Recall: [4;33m0.6895[0m,                 val_F1 Score: [4;35m0.7225[0m
æ ‡ç­¾é‡Œ1çš„ä¸ªæ•°:  430
æ ‡ç­¾é‡Œ0çš„ä¸ªæ•°:  430
æ€»æ•°:  860
æ­£ç¡®çš„ä¸ªæ•°:  643
Epoch [54/100], V_AUC: [4m0.7414[0m
Epoch [55/100], Loss: 12.2920
train_Accuracy: [91m0.9672[0m
train_Precision: [4;34m0.9629[0m,               train_Recall: [4;33m0.9724[0m,                 train_F1 Score: [4;35m0.9662[0m
æ ‡ç­¾é‡Œ1çš„ä¸ªæ•°:  2150
æ ‡ç­¾é‡Œ0çš„ä¸ªæ•°:  2150
æ€»æ•°:  4300
æ­£ç¡®çš„ä¸ªæ•°:  4159
æœ€åä¸€ä¸ªæ‰¹æ¬¡çš„è¾“å‡º, ä¸æ»¡batchsizeæ˜¯æ­£å¸¸çš„:
 tensor([[1.0000e+00],
        [9.9955e-01],
        [9.5215e-01],
        [3.4667e-03],
        [9.9865e-01],
        [6.0122e-03],
        [3.8658e-03],
        [6.1954e-04],
        [9.9968e-01],
        [9.9983e-01],
        [3.7284e-05],
        [3.7160e-04]], device='cuda:0', grad_fn=<SigmoidBackward0>)
Epoch [55/100], T_AUC: [4m0.9698[0m
Epoch [55/100], Loss: 41.5959
val_Accuracy: [92m0.7291[0m
val_Precision: [4;34m0.7615[0m,               val_Recall: [4;33m0.6521[0m,                 val_F1 Score: [4;35m0.6964[0m
æ ‡ç­¾é‡Œ1çš„ä¸ªæ•°:  430
æ ‡ç­¾é‡Œ0çš„ä¸ªæ•°:  430
æ€»æ•°:  860
æ­£ç¡®çš„ä¸ªæ•°:  627
Epoch [55/100], V_AUC: [4m0.7258[0m
Epoch [56/100], Loss: 12.3593
train_Accuracy: [91m0.9651[0m
train_Precision: [4;34m0.9688[0m,               train_Recall: [4;33m0.9639[0m,                 train_F1 Score: [4;35m0.9653[0m
æ ‡ç­¾é‡Œ1çš„ä¸ªæ•°:  2150
æ ‡ç­¾é‡Œ0çš„ä¸ªæ•°:  2150
æ€»æ•°:  4300
æ­£ç¡®çš„ä¸ªæ•°:  4150
æœ€åä¸€ä¸ªæ‰¹æ¬¡çš„è¾“å‡º, ä¸æ»¡batchsizeæ˜¯æ­£å¸¸çš„:
 tensor([[1.0000e+00],
        [9.9995e-01],
        [9.9748e-01],
        [3.8583e-03],
        [9.9986e-01],
        [2.8018e-04],
        [6.0093e-03],
        [8.2011e-04],
        [9.6852e-01],
        [9.9888e-01],
        [2.3126e-04],
        [3.4345e-04]], device='cuda:0', grad_fn=<SigmoidBackward0>)
Epoch [56/100], T_AUC: [4m0.9666[0m
Epoch [56/100], Loss: 43.0261
val_Accuracy: [92m0.7535[0m
val_Precision: [4;34m0.7735[0m,               val_Recall: [4;33m0.7106[0m,                 val_F1 Score: [4;35m0.7357[0m
æ ‡ç­¾é‡Œ1çš„ä¸ªæ•°:  430
æ ‡ç­¾é‡Œ0çš„ä¸ªæ•°:  430
æ€»æ•°:  860
æ­£ç¡®çš„ä¸ªæ•°:  648
Epoch [56/100], V_AUC: [4m0.7509[0m
Epoch [57/100], Loss: 12.1204
train_Accuracy: [91m0.9665[0m
train_Precision: [4;34m0.9647[0m,               train_Recall: [4;33m0.9697[0m,                 train_F1 Score: [4;35m0.9658[0m
æ ‡ç­¾é‡Œ1çš„ä¸ªæ•°:  2150
æ ‡ç­¾é‡Œ0çš„ä¸ªæ•°:  2150
æ€»æ•°:  4300
æ­£ç¡®çš„ä¸ªæ•°:  4156
æœ€åä¸€ä¸ªæ‰¹æ¬¡çš„è¾“å‡º, ä¸æ»¡batchsizeæ˜¯æ­£å¸¸çš„:
 tensor([[1.0000e+00],
        [1.0000e+00],
        [9.9889e-01],
        [6.9045e-03],
        [9.9895e-01],
        [1.9368e-04],
        [3.6155e-03],
        [5.0509e-02],
        [9.9856e-01],
        [9.8277e-01],
        [5.0554e-07],
        [5.9586e-05]], device='cuda:0', grad_fn=<SigmoidBackward0>)
Epoch [57/100], T_AUC: [4m0.9688[0m
Epoch [57/100], Loss: 43.4173
val_Accuracy: [92m0.7000[0m
val_Precision: [4;34m0.7415[0m,               val_Recall: [4;33m0.5949[0m,                 val_F1 Score: [4;35m0.6535[0m
æ ‡ç­¾é‡Œ1çš„ä¸ªæ•°:  430
æ ‡ç­¾é‡Œ0çš„ä¸ªæ•°:  430
æ€»æ•°:  860
æ­£ç¡®çš„ä¸ªæ•°:  602
Epoch [57/100], V_AUC: [4m0.6933[0m
Epoch [58/100], Loss: 11.2195
train_Accuracy: [91m0.9719[0m
train_Precision: [4;34m0.9737[0m,               train_Recall: [4;33m0.9706[0m,                 train_F1 Score: [4;35m0.9711[0m
æ ‡ç­¾é‡Œ1çš„ä¸ªæ•°:  2150
æ ‡ç­¾é‡Œ0çš„ä¸ªæ•°:  2150
æ€»æ•°:  4300
æ­£ç¡®çš„ä¸ªæ•°:  4179
æœ€åä¸€ä¸ªæ‰¹æ¬¡çš„è¾“å‡º, ä¸æ»¡batchsizeæ˜¯æ­£å¸¸çš„:
 tensor([[1.0000e+00],
        [1.0000e+00],
        [9.9053e-01],
        [1.5552e-01],
        [9.9578e-01],
        [4.1101e-04],
        [2.1859e-04],
        [3.1895e-02],
        [9.7890e-01],
        [9.9635e-01],
        [7.8276e-06],
        [4.7399e-04]], device='cuda:0', grad_fn=<SigmoidBackward0>)
Epoch [58/100], T_AUC: [4m0.9739[0m
Epoch [58/100], Loss: 47.3723
val_Accuracy: [92m0.7349[0m
val_Precision: [4;34m0.7580[0m,               val_Recall: [4;33m0.6815[0m,                 val_F1 Score: [4;35m0.7118[0m
æ ‡ç­¾é‡Œ1çš„ä¸ªæ•°:  430
æ ‡ç­¾é‡Œ0çš„ä¸ªæ•°:  430
æ€»æ•°:  860
æ­£ç¡®çš„ä¸ªæ•°:  632
Epoch [58/100], V_AUC: [4m0.7312[0m
Epoch [59/100], Loss: 8.2564
train_Accuracy: [91m0.9833[0m
train_Precision: [4;34m0.9848[0m,               train_Recall: [4;33m0.9822[0m,                 train_F1 Score: [4;35m0.9829[0m
æ ‡ç­¾é‡Œ1çš„ä¸ªæ•°:  2150
æ ‡ç­¾é‡Œ0çš„ä¸ªæ•°:  2150
æ€»æ•°:  4300
æ­£ç¡®çš„ä¸ªæ•°:  4228
æœ€åä¸€ä¸ªæ‰¹æ¬¡çš„è¾“å‡º, ä¸æ»¡batchsizeæ˜¯æ­£å¸¸çš„:
 tensor([[1.0000e+00],
        [9.9985e-01],
        [9.9990e-01],
        [3.1179e-03],
        [9.9815e-01],
        [6.9905e-05],
        [1.6066e-03],
        [1.5265e-02],
        [9.9863e-01],
        [9.8716e-01],
        [1.8304e-05],
        [4.6134e-04]], device='cuda:0', grad_fn=<SigmoidBackward0>)
Epoch [59/100], T_AUC: [4m0.9843[0m
Epoch [59/100], Loss: 46.9060
val_Accuracy: [92m0.7558[0m
val_Precision: [4;34m0.7721[0m,               val_Recall: [4;33m0.7213[0m,                 val_F1 Score: [4;35m0.7395[0m
æ ‡ç­¾é‡Œ1çš„ä¸ªæ•°:  430
æ ‡ç­¾é‡Œ0çš„ä¸ªæ•°:  430
æ€»æ•°:  860
æ­£ç¡®çš„ä¸ªæ•°:  650
Epoch [59/100], V_AUC: [4m0.7525[0m
Epoch [60/100], Loss: 6.7335
train_Accuracy: [91m0.9872[0m
train_Precision: [4;34m0.9872[0m,               train_Recall: [4;33m0.9878[0m,                 train_F1 Score: [4;35m0.9869[0m
æ ‡ç­¾é‡Œ1çš„ä¸ªæ•°:  2150
æ ‡ç­¾é‡Œ0çš„ä¸ªæ•°:  2150
æ€»æ•°:  4300
æ­£ç¡®çš„ä¸ªæ•°:  4245
æœ€åä¸€ä¸ªæ‰¹æ¬¡çš„è¾“å‡º, ä¸æ»¡batchsizeæ˜¯æ­£å¸¸çš„:
 tensor([[1.0000e+00],
        [1.0000e+00],
        [9.9976e-01],
        [1.1107e-05],
        [9.9966e-01],
        [2.5852e-04],
        [3.3201e-03],
        [4.5442e-04],
        [9.9992e-01],
        [9.9064e-01],
        [3.5899e-07],
        [5.2457e-03]], device='cuda:0', grad_fn=<SigmoidBackward0>)
Epoch [60/100], T_AUC: [4m0.9882[0m
Epoch [60/100], Loss: 47.7603
val_Accuracy: [92m0.7395[0m
val_Precision: [4;34m0.7720[0m,               val_Recall: [4;33m0.6715[0m,                 val_F1 Score: [4;35m0.7124[0m
æ ‡ç­¾é‡Œ1çš„ä¸ªæ•°:  430
æ ‡ç­¾é‡Œ0çš„ä¸ªæ•°:  430
æ€»æ•°:  860
æ­£ç¡®çš„ä¸ªæ•°:  636
Epoch [60/100], V_AUC: [4m0.7371[0m
Epoch [61/100], Loss: 4.9556
train_Accuracy: [91m0.9914[0m
train_Precision: [4;34m0.9906[0m,               train_Recall: [4;33m0.9922[0m,                 train_F1 Score: [4;35m0.9911[0m
æ ‡ç­¾é‡Œ1çš„ä¸ªæ•°:  2150
æ ‡ç­¾é‡Œ0çš„ä¸ªæ•°:  2150
æ€»æ•°:  4300
æ­£ç¡®çš„ä¸ªæ•°:  4263
æœ€åä¸€ä¸ªæ‰¹æ¬¡çš„è¾“å‡º, ä¸æ»¡batchsizeæ˜¯æ­£å¸¸çš„:
 tensor([[1.0000e+00],
        [9.9999e-01],
        [9.9978e-01],
        [2.9743e-04],
        [9.9950e-01],
        [3.5102e-04],
        [3.8318e-03],
        [4.3231e-04],
        [9.9567e-01],
        [9.9046e-01],
        [5.0334e-06],
        [1.4048e-02]], device='cuda:0', grad_fn=<SigmoidBackward0>)
Epoch [61/100], T_AUC: [4m0.9920[0m
Epoch [61/100], Loss: 50.6942
val_Accuracy: [92m0.7360[0m
val_Precision: [4;34m0.7536[0m,               val_Recall: [4;33m0.6943[0m,                 val_F1 Score: [4;35m0.7173[0m
æ ‡ç­¾é‡Œ1çš„ä¸ªæ•°:  430
æ ‡ç­¾é‡Œ0çš„ä¸ªæ•°:  430
æ€»æ•°:  860
æ­£ç¡®çš„ä¸ªæ•°:  633
Epoch [61/100], V_AUC: [4m0.7346[0m
Epoch [62/100], Loss: 4.6226
train_Accuracy: [91m0.9928[0m
train_Precision: [4;34m0.9945[0m,               train_Recall: [4;33m0.9916[0m,                 train_F1 Score: [4;35m0.9929[0m
æ ‡ç­¾é‡Œ1çš„ä¸ªæ•°:  2150
æ ‡ç­¾é‡Œ0çš„ä¸ªæ•°:  2150
æ€»æ•°:  4300
æ­£ç¡®çš„ä¸ªæ•°:  4269
æœ€åä¸€ä¸ªæ‰¹æ¬¡çš„è¾“å‡º, ä¸æ»¡batchsizeæ˜¯æ­£å¸¸çš„:
 tensor([[1.0000e+00],
        [9.9997e-01],
        [9.9981e-01],
        [8.0045e-04],
        [9.5400e-01],
        [1.5535e-04],
        [4.8707e-03],
        [1.8288e-03],
        [9.9250e-01],
        [9.9654e-01],
        [2.0572e-05],
        [9.0158e-03]], device='cuda:0', grad_fn=<SigmoidBackward0>)
Epoch [62/100], T_AUC: [4m0.9933[0m
Epoch [62/100], Loss: 49.0492
val_Accuracy: [92m0.7465[0m
val_Precision: [4;34m0.7552[0m,               val_Recall: [4;33m0.7259[0m,                 val_F1 Score: [4;35m0.7350[0m
æ ‡ç­¾é‡Œ1çš„ä¸ªæ•°:  430
æ ‡ç­¾é‡Œ0çš„ä¸ªæ•°:  430
æ€»æ•°:  860
æ­£ç¡®çš„ä¸ªæ•°:  642
Epoch [62/100], V_AUC: [4m0.7466[0m
Epoch [63/100], Loss: 3.5125
train_Accuracy: [91m0.9956[0m
train_Precision: [4;34m0.9970[0m,               train_Recall: [4;33m0.9942[0m,                 train_F1 Score: [4;35m0.9955[0m
æ ‡ç­¾é‡Œ1çš„ä¸ªæ•°:  2150
æ ‡ç­¾é‡Œ0çš„ä¸ªæ•°:  2150
æ€»æ•°:  4300
æ­£ç¡®çš„ä¸ªæ•°:  4281
æœ€åä¸€ä¸ªæ‰¹æ¬¡çš„è¾“å‡º, ä¸æ»¡batchsizeæ˜¯æ­£å¸¸çš„:
 tensor([[1.0000e+00],
        [1.0000e+00],
        [9.9977e-01],
        [2.8919e-05],
        [9.9968e-01],
        [4.1326e-03],
        [4.8082e-03],
        [6.7723e-04],
        [9.9937e-01],
        [8.3682e-01],
        [5.1634e-05],
        [3.6671e-03]], device='cuda:0', grad_fn=<SigmoidBackward0>)
Epoch [63/100], T_AUC: [4m0.9958[0m
Epoch [63/100], Loss: 53.8583
val_Accuracy: [92m0.7384[0m
val_Precision: [4;34m0.7505[0m,               val_Recall: [4;33m0.7016[0m,                 val_F1 Score: [4;35m0.7191[0m
æ ‡ç­¾é‡Œ1çš„ä¸ªæ•°:  430
æ ‡ç­¾é‡Œ0çš„ä¸ªæ•°:  430
æ€»æ•°:  860
æ­£ç¡®çš„ä¸ªæ•°:  635
Epoch [63/100], V_AUC: [4m0.7366[0m
Epoch [64/100], Loss: 2.9225
train_Accuracy: [91m0.9967[0m
train_Precision: [4;34m0.9956[0m,               train_Recall: [4;33m0.9979[0m,                 train_F1 Score: [4;35m0.9967[0m
æ ‡ç­¾é‡Œ1çš„ä¸ªæ•°:  2150
æ ‡ç­¾é‡Œ0çš„ä¸ªæ•°:  2150
æ€»æ•°:  4300
æ­£ç¡®çš„ä¸ªæ•°:  4286
æœ€åä¸€ä¸ªæ‰¹æ¬¡çš„è¾“å‡º, ä¸æ»¡batchsizeæ˜¯æ­£å¸¸çš„:
 tensor([[1.0000e+00],
        [1.0000e+00],
        [9.9969e-01],
        [5.3149e-05],
        [9.9997e-01],
        [1.8895e-04],
        [1.9643e-03],
        [2.0231e-04],
        [9.5764e-01],
        [9.9997e-01],
        [4.3093e-06],
        [5.4146e-04]], device='cuda:0', grad_fn=<SigmoidBackward0>)
Epoch [64/100], T_AUC: [4m0.9970[0m
Epoch [64/100], Loss: 53.5274
val_Accuracy: [92m0.7430[0m
val_Precision: [4;34m0.7572[0m,               val_Recall: [4;33m0.7059[0m,                 val_F1 Score: [4;35m0.7247[0m
æ ‡ç­¾é‡Œ1çš„ä¸ªæ•°:  430
æ ‡ç­¾é‡Œ0çš„ä¸ªæ•°:  430
æ€»æ•°:  860
æ­£ç¡®çš„ä¸ªæ•°:  639
Epoch [64/100], V_AUC: [4m0.7393[0m
Epoch [65/100], Loss: 2.5880
train_Accuracy: [91m0.9972[0m
train_Precision: [4;34m0.9955[0m,               train_Recall: [4;33m0.9984[0m,                 train_F1 Score: [4;35m0.9968[0m
æ ‡ç­¾é‡Œ1çš„ä¸ªæ•°:  2150
æ ‡ç­¾é‡Œ0çš„ä¸ªæ•°:  2150
æ€»æ•°:  4300
æ­£ç¡®çš„ä¸ªæ•°:  4288
æœ€åä¸€ä¸ªæ‰¹æ¬¡çš„è¾“å‡º, ä¸æ»¡batchsizeæ˜¯æ­£å¸¸çš„:
 tensor([[9.9999e-01],
        [9.9998e-01],
        [9.9994e-01],
        [2.4285e-04],
        [9.9973e-01],
        [2.6400e-03],
        [1.6477e-03],
        [1.0786e-03],
        [9.6639e-01],
        [9.9990e-01],
        [7.1735e-07],
        [5.1559e-03]], device='cuda:0', grad_fn=<SigmoidBackward0>)
Epoch [65/100], T_AUC: [4m0.9976[0m
Epoch [65/100], Loss: 53.6283
val_Accuracy: [92m0.7395[0m
val_Precision: [4;34m0.7552[0m,               val_Recall: [4;33m0.7021[0m,                 val_F1 Score: [4;35m0.7216[0m
æ ‡ç­¾é‡Œ1çš„ä¸ªæ•°:  430
æ ‡ç­¾é‡Œ0çš„ä¸ªæ•°:  430
æ€»æ•°:  860
æ­£ç¡®çš„ä¸ªæ•°:  636
Epoch [65/100], V_AUC: [4m0.7384[0m
Epoch [66/100], Loss: 2.0640
train_Accuracy: [91m0.9986[0m
train_Precision: [4;34m0.9980[0m,               train_Recall: [4;33m0.9993[0m,                 train_F1 Score: [4;35m0.9986[0m
æ ‡ç­¾é‡Œ1çš„ä¸ªæ•°:  2150
æ ‡ç­¾é‡Œ0çš„ä¸ªæ•°:  2150
æ€»æ•°:  4300
æ­£ç¡®çš„ä¸ªæ•°:  4294
æœ€åä¸€ä¸ªæ‰¹æ¬¡çš„è¾“å‡º, ä¸æ»¡batchsizeæ˜¯æ­£å¸¸çš„:
 tensor([[1.0000e+00],
        [1.0000e+00],
        [9.9824e-01],
        [9.9678e-05],
        [9.9997e-01],
        [2.1182e-03],
        [1.7821e-03],
        [3.3456e-04],
        [9.8591e-01],
        [9.9981e-01],
        [2.2271e-07],
        [3.6930e-03]], device='cuda:0', grad_fn=<SigmoidBackward0>)
Epoch [66/100], T_AUC: [4m0.9987[0m
Epoch [66/100], Loss: 53.9166
val_Accuracy: [92m0.7512[0m
val_Precision: [4;34m0.7637[0m,               val_Recall: [4;33m0.7125[0m,                 val_F1 Score: [4;35m0.7315[0m
æ ‡ç­¾é‡Œ1çš„ä¸ªæ•°:  430
æ ‡ç­¾é‡Œ0çš„ä¸ªæ•°:  430
æ€»æ•°:  860
æ­£ç¡®çš„ä¸ªæ•°:  646
Epoch [66/100], V_AUC: [4m0.7479[0m
Epoch [67/100], Loss: 3.4976
train_Accuracy: [91m0.9940[0m
train_Precision: [4;34m0.9940[0m,               train_Recall: [4;33m0.9945[0m,                 train_F1 Score: [4;35m0.9940[0m
æ ‡ç­¾é‡Œ1çš„ä¸ªæ•°:  2150
æ ‡ç­¾é‡Œ0çš„ä¸ªæ•°:  2150
æ€»æ•°:  4300
æ­£ç¡®çš„ä¸ªæ•°:  4274
æœ€åä¸€ä¸ªæ‰¹æ¬¡çš„è¾“å‡º, ä¸æ»¡batchsizeæ˜¯æ­£å¸¸çš„:
 tensor([[9.9992e-01],
        [9.9999e-01],
        [9.9997e-01],
        [3.2111e-04],
        [9.9981e-01],
        [1.3007e-04],
        [3.5628e-03],
        [5.6872e-04],
        [9.9922e-01],
        [9.9896e-01],
        [5.5977e-07],
        [9.5857e-03]], device='cuda:0', grad_fn=<SigmoidBackward0>)
Epoch [67/100], T_AUC: [4m0.9942[0m
Epoch [67/100], Loss: 53.3319
val_Accuracy: [92m0.7384[0m
val_Precision: [4;34m0.7513[0m,               val_Recall: [4;33m0.7062[0m,                 val_F1 Score: [4;35m0.7224[0m
æ ‡ç­¾é‡Œ1çš„ä¸ªæ•°:  430
æ ‡ç­¾é‡Œ0çš„ä¸ªæ•°:  430
æ€»æ•°:  860
æ­£ç¡®çš„ä¸ªæ•°:  635
Epoch [67/100], V_AUC: [4m0.7360[0m
Epoch [68/100], Loss: 3.0423
train_Accuracy: [91m0.9958[0m
train_Precision: [4;34m0.9957[0m,               train_Recall: [4;33m0.9964[0m,                 train_F1 Score: [4;35m0.9959[0m
æ ‡ç­¾é‡Œ1çš„ä¸ªæ•°:  2150
æ ‡ç­¾é‡Œ0çš„ä¸ªæ•°:  2150
æ€»æ•°:  4300
æ­£ç¡®çš„ä¸ªæ•°:  4282
æœ€åä¸€ä¸ªæ‰¹æ¬¡çš„è¾“å‡º, ä¸æ»¡batchsizeæ˜¯æ­£å¸¸çš„:
 tensor([[9.9997e-01],
        [9.9999e-01],
        [9.9990e-01],
        [1.9983e-04],
        [9.9999e-01],
        [3.8204e-04],
        [1.8414e-03],
        [6.3640e-04],
        [9.9920e-01],
        [9.9945e-01],
        [3.0387e-08],
        [4.2179e-02]], device='cuda:0', grad_fn=<SigmoidBackward0>)
Epoch [68/100], T_AUC: [4m0.9962[0m
Epoch [68/100], Loss: 49.2692
val_Accuracy: [92m0.7267[0m
val_Precision: [4;34m0.7462[0m,               val_Recall: [4;33m0.6793[0m,                 val_F1 Score: [4;35m0.7064[0m
æ ‡ç­¾é‡Œ1çš„ä¸ªæ•°:  430
æ ‡ç­¾é‡Œ0çš„ä¸ªæ•°:  430
æ€»æ•°:  860
æ­£ç¡®çš„ä¸ªæ•°:  625
Epoch [68/100], V_AUC: [4m0.7245[0m
Epoch [69/100], Loss: 22.8546
train_Accuracy: [91m0.9428[0m
train_Precision: [4;34m0.9463[0m,               train_Recall: [4;33m0.9442[0m,                 train_F1 Score: [4;35m0.9432[0m
æ ‡ç­¾é‡Œ1çš„ä¸ªæ•°:  2150
æ ‡ç­¾é‡Œ0çš„ä¸ªæ•°:  2150
æ€»æ•°:  4300
æ­£ç¡®çš„ä¸ªæ•°:  4054
æœ€åä¸€ä¸ªæ‰¹æ¬¡çš„è¾“å‡º, ä¸æ»¡batchsizeæ˜¯æ­£å¸¸çš„:
 tensor([[1.0000e+00],
        [1.0000e+00],
        [9.8937e-01],
        [5.5743e-03],
        [9.9976e-01],
        [9.4203e-06],
        [2.3177e-02],
        [8.4958e-03],
        [9.9923e-01],
        [9.9675e-01],
        [7.1359e-06],
        [2.8057e-05]], device='cuda:0', grad_fn=<SigmoidBackward0>)
Epoch [69/100], T_AUC: [4m0.9458[0m
Epoch [69/100], Loss: 62.5883
val_Accuracy: [92m0.7430[0m
val_Precision: [4;34m0.7352[0m,               val_Recall: [4;33m0.7467[0m,                 val_F1 Score: [4;35m0.7366[0m
æ ‡ç­¾é‡Œ1çš„ä¸ªæ•°:  430
æ ‡ç­¾é‡Œ0çš„ä¸ªæ•°:  430
æ€»æ•°:  860
æ­£ç¡®çš„ä¸ªæ•°:  639
Epoch [69/100], V_AUC: [4m0.7410[0m
Epoch [70/100], Loss: 29.4437
train_Accuracy: [91m0.9205[0m
train_Precision: [4;34m0.9214[0m,               train_Recall: [4;33m0.9247[0m,                 train_F1 Score: [4;35m0.9196[0m
æ ‡ç­¾é‡Œ1çš„ä¸ªæ•°:  2150
æ ‡ç­¾é‡Œ0çš„ä¸ªæ•°:  2150
æ€»æ•°:  4300
æ­£ç¡®çš„ä¸ªæ•°:  3958
æœ€åä¸€ä¸ªæ‰¹æ¬¡çš„è¾“å‡º, ä¸æ»¡batchsizeæ˜¯æ­£å¸¸çš„:
 tensor([[1.0000e+00],
        [9.7725e-01],
        [9.9998e-01],
        [3.9126e-05],
        [9.9992e-01],
        [3.5679e-06],
        [2.7985e-03],
        [1.5070e-01],
        [9.9934e-01],
        [9.9986e-01],
        [9.5879e-07],
        [2.6415e-02]], device='cuda:0', grad_fn=<SigmoidBackward0>)
Epoch [70/100], T_AUC: [4m0.9252[0m
Epoch [70/100], Loss: 50.1644
val_Accuracy: [92m0.7233[0m
val_Precision: [4;34m0.7721[0m,               val_Recall: [4;33m0.6229[0m,                 val_F1 Score: [4;35m0.6848[0m
æ ‡ç­¾é‡Œ1çš„ä¸ªæ•°:  430
æ ‡ç­¾é‡Œ0çš„ä¸ªæ•°:  430
æ€»æ•°:  860
æ­£ç¡®çš„ä¸ªæ•°:  622
Epoch [70/100], V_AUC: [4m0.7205[0m
Epoch [71/100], Loss: 15.6775
train_Accuracy: [91m0.9551[0m
train_Precision: [4;34m0.9550[0m,               train_Recall: [4;33m0.9563[0m,                 train_F1 Score: [4;35m0.9538[0m
æ ‡ç­¾é‡Œ1çš„ä¸ªæ•°:  2150
æ ‡ç­¾é‡Œ0çš„ä¸ªæ•°:  2150
æ€»æ•°:  4300
æ­£ç¡®çš„ä¸ªæ•°:  4107
æœ€åä¸€ä¸ªæ‰¹æ¬¡çš„è¾“å‡º, ä¸æ»¡batchsizeæ˜¯æ­£å¸¸çš„:
 tensor([[9.9987e-01],
        [9.9743e-01],
        [9.9991e-01],
        [6.4718e-05],
        [1.0000e+00],
        [5.3696e-04],
        [4.0001e-04],
        [4.0565e-03],
        [9.9822e-01],
        [9.9939e-01],
        [9.2096e-06],
        [1.6715e-02]], device='cuda:0', grad_fn=<SigmoidBackward0>)
Epoch [71/100], T_AUC: [4m0.9575[0m
Epoch [71/100], Loss: 44.9364
val_Accuracy: [92m0.7430[0m
val_Precision: [4;34m0.7602[0m,               val_Recall: [4;33m0.6973[0m,                 val_F1 Score: [4;35m0.7227[0m
æ ‡ç­¾é‡Œ1çš„ä¸ªæ•°:  430
æ ‡ç­¾é‡Œ0çš„ä¸ªæ•°:  430
æ€»æ•°:  860
æ­£ç¡®çš„ä¸ªæ•°:  639
Epoch [71/100], V_AUC: [4m0.7387[0m
Epoch [72/100], Loss: 9.6319
train_Accuracy: [91m0.9749[0m
train_Precision: [4;34m0.9743[0m,               train_Recall: [4;33m0.9754[0m,                 train_F1 Score: [4;35m0.9738[0m
æ ‡ç­¾é‡Œ1çš„ä¸ªæ•°:  2150
æ ‡ç­¾é‡Œ0çš„ä¸ªæ•°:  2150
æ€»æ•°:  4300
æ­£ç¡®çš„ä¸ªæ•°:  4192
æœ€åä¸€ä¸ªæ‰¹æ¬¡çš„è¾“å‡º, ä¸æ»¡batchsizeæ˜¯æ­£å¸¸çš„:
 tensor([[9.9999e-01],
        [9.9948e-01],
        [9.9983e-01],
        [4.9745e-05],
        [9.9999e-01],
        [2.0473e-03],
        [3.5886e-05],
        [6.8963e-03],
        [9.7036e-01],
        [9.9989e-01],
        [1.1639e-04],
        [4.6511e-03]], device='cuda:0', grad_fn=<SigmoidBackward0>)
Epoch [72/100], T_AUC: [4m0.9767[0m
Epoch [72/100], Loss: 46.1710
val_Accuracy: [92m0.7558[0m
val_Precision: [4;34m0.7722[0m,               val_Recall: [4;33m0.7156[0m,                 val_F1 Score: [4;35m0.7383[0m
æ ‡ç­¾é‡Œ1çš„ä¸ªæ•°:  430
æ ‡ç­¾é‡Œ0çš„ä¸ªæ•°:  430
æ€»æ•°:  860
æ­£ç¡®çš„ä¸ªæ•°:  650
Epoch [72/100], V_AUC: [4m0.7545[0m
Epoch [73/100], Loss: 5.9447
train_Accuracy: [91m0.9888[0m
train_Precision: [4;34m0.9891[0m,               train_Recall: [4;33m0.9884[0m,                 train_F1 Score: [4;35m0.9882[0m
æ ‡ç­¾é‡Œ1çš„ä¸ªæ•°:  2150
æ ‡ç­¾é‡Œ0çš„ä¸ªæ•°:  2150
æ€»æ•°:  4300
æ­£ç¡®çš„ä¸ªæ•°:  4252
æœ€åä¸€ä¸ªæ‰¹æ¬¡çš„è¾“å‡º, ä¸æ»¡batchsizeæ˜¯æ­£å¸¸çš„:
 tensor([[1.0000e+00],
        [9.9982e-01],
        [9.9997e-01],
        [1.5750e-04],
        [9.9999e-01],
        [3.0144e-04],
        [4.0463e-05],
        [1.1579e-03],
        [9.9401e-01],
        [9.9983e-01],
        [1.0037e-05],
        [1.7141e-03]], device='cuda:0', grad_fn=<SigmoidBackward0>)
Epoch [73/100], T_AUC: [4m0.9898[0m
Epoch [73/100], Loss: 48.5383
val_Accuracy: [92m0.7651[0m
val_Precision: [4;34m0.7742[0m,               val_Recall: [4;33m0.7341[0m,                 val_F1 Score: [4;35m0.7487[0m
æ ‡ç­¾é‡Œ1çš„ä¸ªæ•°:  430
æ ‡ç­¾é‡Œ0çš„ä¸ªæ•°:  430
æ€»æ•°:  860
æ­£ç¡®çš„ä¸ªæ•°:  658
Epoch [73/100], V_AUC: [4m0.7645[0m
Epoch [74/100], Loss: 4.1820
train_Accuracy: [91m0.9944[0m
train_Precision: [4;34m0.9922[0m,               train_Recall: [4;33m0.9960[0m,                 train_F1 Score: [4;35m0.9940[0m
æ ‡ç­¾é‡Œ1çš„ä¸ªæ•°:  2150
æ ‡ç­¾é‡Œ0çš„ä¸ªæ•°:  2150
æ€»æ•°:  4300
æ­£ç¡®çš„ä¸ªæ•°:  4276
æœ€åä¸€ä¸ªæ‰¹æ¬¡çš„è¾“å‡º, ä¸æ»¡batchsizeæ˜¯æ­£å¸¸çš„:
 tensor([[1.0000e+00],
        [9.9998e-01],
        [9.9987e-01],
        [3.1114e-05],
        [9.9999e-01],
        [5.8184e-05],
        [5.4482e-05],
        [2.1311e-03],
        [9.6797e-01],
        [9.9968e-01],
        [5.8696e-06],
        [3.3948e-03]], device='cuda:0', grad_fn=<SigmoidBackward0>)
Epoch [74/100], T_AUC: [4m0.9948[0m
Epoch [74/100], Loss: 53.4921
val_Accuracy: [92m0.7709[0m
val_Precision: [4;34m0.7913[0m,               val_Recall: [4;33m0.7224[0m,                 val_F1 Score: [4;35m0.7507[0m
æ ‡ç­¾é‡Œ1çš„ä¸ªæ•°:  430
æ ‡ç­¾é‡Œ0çš„ä¸ªæ•°:  430
æ€»æ•°:  860
æ­£ç¡®çš„ä¸ªæ•°:  663
Epoch [74/100], V_AUC: [4m0.7673[0m
Epoch [75/100], Loss: 3.6070
train_Accuracy: [91m0.9953[0m
train_Precision: [4;34m0.9955[0m,               train_Recall: [4;33m0.9954[0m,                 train_F1 Score: [4;35m0.9953[0m
æ ‡ç­¾é‡Œ1çš„ä¸ªæ•°:  2150
æ ‡ç­¾é‡Œ0çš„ä¸ªæ•°:  2150
æ€»æ•°:  4300
æ­£ç¡®çš„ä¸ªæ•°:  4280
æœ€åä¸€ä¸ªæ‰¹æ¬¡çš„è¾“å‡º, ä¸æ»¡batchsizeæ˜¯æ­£å¸¸çš„:
 tensor([[1.0000e+00],
        [9.9998e-01],
        [9.9971e-01],
        [1.4983e-04],
        [9.9999e-01],
        [5.7356e-05],
        [2.5902e-05],
        [1.1538e-03],
        [9.8357e-01],
        [9.9965e-01],
        [1.1813e-05],
        [1.1135e-02]], device='cuda:0', grad_fn=<SigmoidBackward0>)
Epoch [75/100], T_AUC: [4m0.9956[0m
Epoch [75/100], Loss: 55.4560
val_Accuracy: [92m0.7686[0m
val_Precision: [4;34m0.7797[0m,               val_Recall: [4;33m0.7323[0m,                 val_F1 Score: [4;35m0.7511[0m
æ ‡ç­¾é‡Œ1çš„ä¸ªæ•°:  430
æ ‡ç­¾é‡Œ0çš„ä¸ªæ•°:  430
æ€»æ•°:  860
æ­£ç¡®çš„ä¸ªæ•°:  661
Epoch [75/100], V_AUC: [4m0.7659[0m
Epoch [76/100], Loss: 2.4570
train_Accuracy: [91m0.9984[0m
train_Precision: [4;34m0.9977[0m,               train_Recall: [4;33m0.9988[0m,                 train_F1 Score: [4;35m0.9982[0m
æ ‡ç­¾é‡Œ1çš„ä¸ªæ•°:  2150
æ ‡ç­¾é‡Œ0çš„ä¸ªæ•°:  2150
æ€»æ•°:  4300
æ­£ç¡®çš„ä¸ªæ•°:  4293
æœ€åä¸€ä¸ªæ‰¹æ¬¡çš„è¾“å‡º, ä¸æ»¡batchsizeæ˜¯æ­£å¸¸çš„:
 tensor([[1.0000e+00],
        [9.9999e-01],
        [9.9990e-01],
        [2.6743e-04],
        [9.9995e-01],
        [8.0704e-05],
        [3.9135e-05],
        [2.6917e-03],
        [9.9815e-01],
        [9.9920e-01],
        [5.3504e-06],
        [1.2731e-03]], device='cuda:0', grad_fn=<SigmoidBackward0>)
Epoch [76/100], T_AUC: [4m0.9986[0m
Epoch [76/100], Loss: 52.8277
val_Accuracy: [92m0.7605[0m
val_Precision: [4;34m0.7673[0m,               val_Recall: [4;33m0.7363[0m,                 val_F1 Score: [4;35m0.7469[0m
æ ‡ç­¾é‡Œ1çš„ä¸ªæ•°:  430
æ ‡ç­¾é‡Œ0çš„ä¸ªæ•°:  430
æ€»æ•°:  860
æ­£ç¡®çš„ä¸ªæ•°:  654
Epoch [76/100], V_AUC: [4m0.7586[0m
Epoch [77/100], Loss: 1.7812
train_Accuracy: [91m0.9991[0m
train_Precision: [4;34m0.9983[0m,               train_Recall: [4;33m0.9996[0m,                 train_F1 Score: [4;35m0.9989[0m
æ ‡ç­¾é‡Œ1çš„ä¸ªæ•°:  2150
æ ‡ç­¾é‡Œ0çš„ä¸ªæ•°:  2150
æ€»æ•°:  4300
æ­£ç¡®çš„ä¸ªæ•°:  4296
æœ€åä¸€ä¸ªæ‰¹æ¬¡çš„è¾“å‡º, ä¸æ»¡batchsizeæ˜¯æ­£å¸¸çš„:
 tensor([[1.0000e+00],
        [1.0000e+00],
        [9.9999e-01],
        [1.9916e-04],
        [9.9995e-01],
        [6.0538e-05],
        [3.1847e-04],
        [1.3726e-03],
        [9.9863e-01],
        [9.9770e-01],
        [1.1827e-06],
        [4.4961e-04]], device='cuda:0', grad_fn=<SigmoidBackward0>)
Epoch [77/100], T_AUC: [4m0.9992[0m
Epoch [77/100], Loss: 50.8019
val_Accuracy: [92m0.7570[0m
val_Precision: [4;34m0.7670[0m,               val_Recall: [4;33m0.7238[0m,                 val_F1 Score: [4;35m0.7395[0m
æ ‡ç­¾é‡Œ1çš„ä¸ªæ•°:  430
æ ‡ç­¾é‡Œ0çš„ä¸ªæ•°:  430
æ€»æ•°:  860
æ­£ç¡®çš„ä¸ªæ•°:  651
Epoch [77/100], V_AUC: [4m0.7545[0m
Epoch [78/100], Loss: 2.4610
train_Accuracy: [91m0.9965[0m
train_Precision: [4;34m0.9953[0m,               train_Recall: [4;33m0.9972[0m,                 train_F1 Score: [4;35m0.9960[0m
æ ‡ç­¾é‡Œ1çš„ä¸ªæ•°:  2150
æ ‡ç­¾é‡Œ0çš„ä¸ªæ•°:  2150
æ€»æ•°:  4300
æ­£ç¡®çš„ä¸ªæ•°:  4285
æœ€åä¸€ä¸ªæ‰¹æ¬¡çš„è¾“å‡º, ä¸æ»¡batchsizeæ˜¯æ­£å¸¸çš„:
 tensor([[1.0000e+00],
        [9.9998e-01],
        [9.9992e-01],
        [1.0288e-03],
        [9.9986e-01],
        [3.4044e-05],
        [3.4473e-04],
        [4.0949e-04],
        [9.9969e-01],
        [9.9921e-01],
        [5.1369e-06],
        [8.3111e-04]], device='cuda:0', grad_fn=<SigmoidBackward0>)
Epoch [78/100], T_AUC: [4m0.9966[0m
Epoch [78/100], Loss: 51.5055
val_Accuracy: [92m0.7523[0m
val_Precision: [4;34m0.7629[0m,               val_Recall: [4;33m0.7189[0m,                 val_F1 Score: [4;35m0.7352[0m
æ ‡ç­¾é‡Œ1çš„ä¸ªæ•°:  430
æ ‡ç­¾é‡Œ0çš„ä¸ªæ•°:  430
æ€»æ•°:  860
æ­£ç¡®çš„ä¸ªæ•°:  647
Epoch [78/100], V_AUC: [4m0.7501[0m
Epoch [79/100], Loss: 2.2118
train_Accuracy: [91m0.9972[0m
train_Precision: [4;34m0.9958[0m,               train_Recall: [4;33m0.9983[0m,                 train_F1 Score: [4;35m0.9969[0m
æ ‡ç­¾é‡Œ1çš„ä¸ªæ•°:  2150
æ ‡ç­¾é‡Œ0çš„ä¸ªæ•°:  2150
æ€»æ•°:  4300
æ­£ç¡®çš„ä¸ªæ•°:  4288
æœ€åä¸€ä¸ªæ‰¹æ¬¡çš„è¾“å‡º, ä¸æ»¡batchsizeæ˜¯æ­£å¸¸çš„:
 tensor([[1.0000e+00],
        [1.0000e+00],
        [1.0000e+00],
        [1.8462e-03],
        [9.9989e-01],
        [4.9568e-05],
        [6.4015e-05],
        [4.7872e-04],
        [9.7458e-01],
        [9.9918e-01],
        [6.7541e-07],
        [4.1358e-04]], device='cuda:0', grad_fn=<SigmoidBackward0>)
Epoch [79/100], T_AUC: [4m0.9974[0m
Epoch [79/100], Loss: 60.3938
val_Accuracy: [92m0.7640[0m
val_Precision: [4;34m0.7744[0m,               val_Recall: [4;33m0.7292[0m,                 val_F1 Score: [4;35m0.7463[0m
æ ‡ç­¾é‡Œ1çš„ä¸ªæ•°:  430
æ ‡ç­¾é‡Œ0çš„ä¸ªæ•°:  430
æ€»æ•°:  860
æ­£ç¡®çš„ä¸ªæ•°:  657
Epoch [79/100], V_AUC: [4m0.7610[0m
Epoch [80/100], Loss: 1.8634
train_Accuracy: [91m0.9995[0m
train_Precision: [4;34m0.9993[0m,               train_Recall: [4;33m0.9996[0m,                 train_F1 Score: [4;35m0.9994[0m
æ ‡ç­¾é‡Œ1çš„ä¸ªæ•°:  2150
æ ‡ç­¾é‡Œ0çš„ä¸ªæ•°:  2150
æ€»æ•°:  4300
æ­£ç¡®çš„ä¸ªæ•°:  4298
æœ€åä¸€ä¸ªæ‰¹æ¬¡çš„è¾“å‡º, ä¸æ»¡batchsizeæ˜¯æ­£å¸¸çš„:
 tensor([[1.0000e+00],
        [1.0000e+00],
        [9.9999e-01],
        [1.9657e-03],
        [9.9985e-01],
        [1.4172e-05],
        [6.8177e-05],
        [1.1761e-03],
        [9.9641e-01],
        [9.9960e-01],
        [3.8281e-07],
        [2.8250e-03]], device='cuda:0', grad_fn=<SigmoidBackward0>)
Epoch [80/100], T_AUC: [4m0.9997[0m
Epoch [80/100], Loss: 61.1205
val_Accuracy: [92m0.7581[0m
val_Precision: [4;34m0.7686[0m,               val_Recall: [4;33m0.7223[0m,                 val_F1 Score: [4;35m0.7400[0m
æ ‡ç­¾é‡Œ1çš„ä¸ªæ•°:  430
æ ‡ç­¾é‡Œ0çš„ä¸ªæ•°:  430
æ€»æ•°:  860
æ­£ç¡®çš„ä¸ªæ•°:  652
Epoch [80/100], V_AUC: [4m0.7547[0m
Epoch [81/100], Loss: 2.0186
train_Accuracy: [91m0.9977[0m
train_Precision: [4;34m0.9970[0m,               train_Recall: [4;33m0.9982[0m,                 train_F1 Score: [4;35m0.9975[0m
æ ‡ç­¾é‡Œ1çš„ä¸ªæ•°:  2150
æ ‡ç­¾é‡Œ0çš„ä¸ªæ•°:  2150
æ€»æ•°:  4300
æ­£ç¡®çš„ä¸ªæ•°:  4290
æœ€åä¸€ä¸ªæ‰¹æ¬¡çš„è¾“å‡º, ä¸æ»¡batchsizeæ˜¯æ­£å¸¸çš„:
 tensor([[1.0000e+00],
        [9.9996e-01],
        [9.9999e-01],
        [5.7136e-04],
        [9.9994e-01],
        [8.9810e-05],
        [2.9424e-04],
        [1.1237e-03],
        [9.9938e-01],
        [9.9961e-01],
        [1.6774e-07],
        [6.5486e-04]], device='cuda:0', grad_fn=<SigmoidBackward0>)
Epoch [81/100], T_AUC: [4m0.9977[0m
Epoch [81/100], Loss: 63.8339
val_Accuracy: [92m0.7581[0m
val_Precision: [4;34m0.7642[0m,               val_Recall: [4;33m0.7271[0m,                 val_F1 Score: [4;35m0.7415[0m
æ ‡ç­¾é‡Œ1çš„ä¸ªæ•°:  430
æ ‡ç­¾é‡Œ0çš„ä¸ªæ•°:  430
æ€»æ•°:  860
æ­£ç¡®çš„ä¸ªæ•°:  652
Epoch [81/100], V_AUC: [4m0.7558[0m
Epoch [82/100], Loss: 2.4172
train_Accuracy: [91m0.9960[0m
train_Precision: [4;34m0.9949[0m,               train_Recall: [4;33m0.9971[0m,                 train_F1 Score: [4;35m0.9958[0m
æ ‡ç­¾é‡Œ1çš„ä¸ªæ•°:  2150
æ ‡ç­¾é‡Œ0çš„ä¸ªæ•°:  2150
æ€»æ•°:  4300
æ­£ç¡®çš„ä¸ªæ•°:  4283
æœ€åä¸€ä¸ªæ‰¹æ¬¡çš„è¾“å‡º, ä¸æ»¡batchsizeæ˜¯æ­£å¸¸çš„:
 tensor([[1.0000e+00],
        [1.0000e+00],
        [1.0000e+00],
        [2.0720e-04],
        [9.9999e-01],
        [1.7313e-04],
        [2.9346e-05],
        [3.2543e-05],
        [9.7632e-01],
        [9.9809e-01],
        [2.0525e-05],
        [1.6051e-05]], device='cuda:0', grad_fn=<SigmoidBackward0>)
Epoch [82/100], T_AUC: [4m0.9964[0m
Epoch [82/100], Loss: 70.4329
val_Accuracy: [92m0.7616[0m
val_Precision: [4;34m0.7693[0m,               val_Recall: [4;33m0.7298[0m,                 val_F1 Score: [4;35m0.7448[0m
æ ‡ç­¾é‡Œ1çš„ä¸ªæ•°:  430
æ ‡ç­¾é‡Œ0çš„ä¸ªæ•°:  430
æ€»æ•°:  860
æ­£ç¡®çš„ä¸ªæ•°:  655
Epoch [82/100], V_AUC: [4m0.7566[0m
Epoch [83/100], Loss: 21.0110
train_Accuracy: [91m0.9449[0m
train_Precision: [4;34m0.9448[0m,               train_Recall: [4;33m0.9472[0m,                 train_F1 Score: [4;35m0.9438[0m
æ ‡ç­¾é‡Œ1çš„ä¸ªæ•°:  2150
æ ‡ç­¾é‡Œ0çš„ä¸ªæ•°:  2150
æ€»æ•°:  4300
æ­£ç¡®çš„ä¸ªæ•°:  4063
æœ€åä¸€ä¸ªæ‰¹æ¬¡çš„è¾“å‡º, ä¸æ»¡batchsizeæ˜¯æ­£å¸¸çš„:
 tensor([[1.0000e+00],
        [9.9657e-01],
        [9.9991e-01],
        [2.2130e-04],
        [9.9989e-01],
        [5.0197e-03],
        [1.3483e-04],
        [1.3767e-02],
        [9.9638e-01],
        [9.6572e-01],
        [4.5390e-06],
        [5.0804e-01]], device='cuda:0', grad_fn=<SigmoidBackward0>)
Epoch [83/100], T_AUC: [4m0.9478[0m
Epoch [83/100], Loss: 57.5330
val_Accuracy: [92m0.7302[0m
val_Precision: [4;34m0.7607[0m,               val_Recall: [4;33m0.6752[0m,                 val_F1 Score: [4;35m0.7100[0m
æ ‡ç­¾é‡Œ1çš„ä¸ªæ•°:  430
æ ‡ç­¾é‡Œ0çš„ä¸ªæ•°:  430
æ€»æ•°:  860
æ­£ç¡®çš„ä¸ªæ•°:  628
Epoch [83/100], V_AUC: [4m0.7294[0m
Epoch [84/100], Loss: 21.1169
train_Accuracy: [91m0.9391[0m
train_Precision: [4;34m0.9410[0m,               train_Recall: [4;33m0.9388[0m,                 train_F1 Score: [4;35m0.9374[0m
æ ‡ç­¾é‡Œ1çš„ä¸ªæ•°:  2150
æ ‡ç­¾é‡Œ0çš„ä¸ªæ•°:  2150
æ€»æ•°:  4300
æ­£ç¡®çš„ä¸ªæ•°:  4038
æœ€åä¸€ä¸ªæ‰¹æ¬¡çš„è¾“å‡º, ä¸æ»¡batchsizeæ˜¯æ­£å¸¸çš„:
 tensor([[1.0000e+00],
        [9.9999e-01],
        [9.9994e-01],
        [1.7873e-04],
        [1.0000e+00],
        [1.1497e-03],
        [7.5106e-04],
        [1.2752e-02],
        [7.2472e-01],
        [9.8758e-01],
        [1.1309e-05],
        [4.5282e-05]], device='cuda:0', grad_fn=<SigmoidBackward0>)
Epoch [84/100], T_AUC: [4m0.9422[0m
Epoch [84/100], Loss: 60.7316
val_Accuracy: [92m0.7605[0m
val_Precision: [4;34m0.7814[0m,               val_Recall: [4;33m0.7232[0m,                 val_F1 Score: [4;35m0.7433[0m
æ ‡ç­¾é‡Œ1çš„ä¸ªæ•°:  430
æ ‡ç­¾é‡Œ0çš„ä¸ªæ•°:  430
æ€»æ•°:  860
æ­£ç¡®çš„ä¸ªæ•°:  654
Epoch [84/100], V_AUC: [4m0.7570[0m
Epoch [85/100], Loss: 10.1230
train_Accuracy: [91m0.9716[0m
train_Precision: [4;34m0.9728[0m,               train_Recall: [4;33m0.9708[0m,                 train_F1 Score: [4;35m0.9706[0m
æ ‡ç­¾é‡Œ1çš„ä¸ªæ•°:  2150
æ ‡ç­¾é‡Œ0çš„ä¸ªæ•°:  2150
æ€»æ•°:  4300
æ­£ç¡®çš„ä¸ªæ•°:  4178
æœ€åä¸€ä¸ªæ‰¹æ¬¡çš„è¾“å‡º, ä¸æ»¡batchsizeæ˜¯æ­£å¸¸çš„:
 tensor([[9.9999e-01],
        [9.9997e-01],
        [9.9997e-01],
        [1.4446e-04],
        [9.9970e-01],
        [4.8603e-02],
        [8.5145e-04],
        [1.3642e-04],
        [9.9998e-01],
        [7.0467e-01],
        [2.1584e-05],
        [5.5705e-04]], device='cuda:0', grad_fn=<SigmoidBackward0>)
Epoch [85/100], T_AUC: [4m0.9738[0m
Epoch [85/100], Loss: 53.9209
val_Accuracy: [92m0.7384[0m
val_Precision: [4;34m0.7693[0m,               val_Recall: [4;33m0.6743[0m,                 val_F1 Score: [4;35m0.7120[0m
æ ‡ç­¾é‡Œ1çš„ä¸ªæ•°:  430
æ ‡ç­¾é‡Œ0çš„ä¸ªæ•°:  430
æ€»æ•°:  860
æ­£ç¡®çš„ä¸ªæ•°:  635
Epoch [85/100], V_AUC: [4m0.7342[0m
Epoch [86/100], Loss: 10.3619
train_Accuracy: [91m0.9737[0m
train_Precision: [4;34m0.9737[0m,               train_Recall: [4;33m0.9752[0m,                 train_F1 Score: [4;35m0.9733[0m
æ ‡ç­¾é‡Œ1çš„ä¸ªæ•°:  2150
æ ‡ç­¾é‡Œ0çš„ä¸ªæ•°:  2150
æ€»æ•°:  4300
æ­£ç¡®çš„ä¸ªæ•°:  4187
æœ€åä¸€ä¸ªæ‰¹æ¬¡çš„è¾“å‡º, ä¸æ»¡batchsizeæ˜¯æ­£å¸¸çš„:
 tensor([[1.0000e+00],
        [1.0000e+00],
        [9.9994e-01],
        [7.4404e-05],
        [9.9978e-01],
        [6.3126e-04],
        [4.2602e-04],
        [6.5558e-05],
        [1.0000e+00],
        [9.6087e-01],
        [2.8448e-06],
        [5.6813e-04]], device='cuda:0', grad_fn=<SigmoidBackward0>)
Epoch [86/100], T_AUC: [4m0.9759[0m
Epoch [86/100], Loss: 55.9602
val_Accuracy: [92m0.7395[0m
val_Precision: [4;34m0.7570[0m,               val_Recall: [4;33m0.6985[0m,                 val_F1 Score: [4;35m0.7204[0m
æ ‡ç­¾é‡Œ1çš„ä¸ªæ•°:  430
æ ‡ç­¾é‡Œ0çš„ä¸ªæ•°:  430
æ€»æ•°:  860
æ­£ç¡®çš„ä¸ªæ•°:  636
Epoch [86/100], V_AUC: [4m0.7369[0m
Epoch [87/100], Loss: 8.3507
train_Accuracy: [91m0.9784[0m
train_Precision: [4;34m0.9781[0m,               train_Recall: [4;33m0.9795[0m,                 train_F1 Score: [4;35m0.9778[0m
æ ‡ç­¾é‡Œ1çš„ä¸ªæ•°:  2150
æ ‡ç­¾é‡Œ0çš„ä¸ªæ•°:  2150
æ€»æ•°:  4300
æ­£ç¡®çš„ä¸ªæ•°:  4207
æœ€åä¸€ä¸ªæ‰¹æ¬¡çš„è¾“å‡º, ä¸æ»¡batchsizeæ˜¯æ­£å¸¸çš„:
 tensor([[1.0000e+00],
        [1.0000e+00],
        [9.9962e-01],
        [7.6507e-04],
        [9.9928e-01],
        [3.1646e-02],
        [1.2432e-03],
        [1.8818e-05],
        [9.9998e-01],
        [9.3317e-01],
        [6.4609e-08],
        [2.0355e-03]], device='cuda:0', grad_fn=<SigmoidBackward0>)
Epoch [87/100], T_AUC: [4m0.9802[0m
Epoch [87/100], Loss: 59.5104
val_Accuracy: [92m0.7267[0m
val_Precision: [4;34m0.7386[0m,               val_Recall: [4;33m0.6887[0m,                 val_F1 Score: [4;35m0.7077[0m
æ ‡ç­¾é‡Œ1çš„ä¸ªæ•°:  430
æ ‡ç­¾é‡Œ0çš„ä¸ªæ•°:  430
æ€»æ•°:  860
æ­£ç¡®çš„ä¸ªæ•°:  625
Epoch [87/100], V_AUC: [4m0.7242[0m
Epoch [88/100], Loss: 3.9765
train_Accuracy: [91m0.9940[0m
train_Precision: [4;34m0.9949[0m,               train_Recall: [4;33m0.9930[0m,                 train_F1 Score: [4;35m0.9937[0m
æ ‡ç­¾é‡Œ1çš„ä¸ªæ•°:  2150
æ ‡ç­¾é‡Œ0çš„ä¸ªæ•°:  2150
æ€»æ•°:  4300
æ­£ç¡®çš„ä¸ªæ•°:  4274
æœ€åä¸€ä¸ªæ‰¹æ¬¡çš„è¾“å‡º, ä¸æ»¡batchsizeæ˜¯æ­£å¸¸çš„:
 tensor([[1.0000e+00],
        [1.0000e+00],
        [1.0000e+00],
        [6.6409e-04],
        [9.9990e-01],
        [2.1178e-04],
        [1.0168e-03],
        [5.1906e-06],
        [9.9978e-01],
        [9.8834e-01],
        [1.1776e-07],
        [2.9177e-03]], device='cuda:0', grad_fn=<SigmoidBackward0>)
Epoch [88/100], T_AUC: [4m0.9944[0m
Epoch [88/100], Loss: 64.0893
val_Accuracy: [92m0.7651[0m
val_Precision: [4;34m0.7783[0m,               val_Recall: [4;33m0.7341[0m,                 val_F1 Score: [4;35m0.7513[0m
æ ‡ç­¾é‡Œ1çš„ä¸ªæ•°:  430
æ ‡ç­¾é‡Œ0çš„ä¸ªæ•°:  430
æ€»æ•°:  860
æ­£ç¡®çš„ä¸ªæ•°:  658
Epoch [88/100], V_AUC: [4m0.7621[0m
Epoch [89/100], Loss: 2.0247
train_Accuracy: [91m0.9988[0m
train_Precision: [4;34m0.9989[0m,               train_Recall: [4;33m0.9987[0m,                 train_F1 Score: [4;35m0.9987[0m
æ ‡ç­¾é‡Œ1çš„ä¸ªæ•°:  2150
æ ‡ç­¾é‡Œ0çš„ä¸ªæ•°:  2150
æ€»æ•°:  4300
æ­£ç¡®çš„ä¸ªæ•°:  4295
æœ€åä¸€ä¸ªæ‰¹æ¬¡çš„è¾“å‡º, ä¸æ»¡batchsizeæ˜¯æ­£å¸¸çš„:
 tensor([[1.0000e+00],
        [1.0000e+00],
        [9.9999e-01],
        [2.1534e-04],
        [1.0000e+00],
        [1.0234e-04],
        [4.4498e-04],
        [3.1263e-06],
        [9.9971e-01],
        [9.9607e-01],
        [1.0201e-07],
        [3.5904e-03]], device='cuda:0', grad_fn=<SigmoidBackward0>)
Epoch [89/100], T_AUC: [4m0.9989[0m
Epoch [89/100], Loss: 66.5019
val_Accuracy: [92m0.7535[0m
val_Precision: [4;34m0.7591[0m,               val_Recall: [4;33m0.7325[0m,                 val_F1 Score: [4;35m0.7416[0m
æ ‡ç­¾é‡Œ1çš„ä¸ªæ•°:  430
æ ‡ç­¾é‡Œ0çš„ä¸ªæ•°:  430
æ€»æ•°:  860
æ­£ç¡®çš„ä¸ªæ•°:  648
Epoch [89/100], V_AUC: [4m0.7506[0m
Epoch [90/100], Loss: 1.6153
train_Accuracy: [91m0.9993[0m
train_Precision: [4;34m0.9989[0m,               train_Recall: [4;33m0.9995[0m,                 train_F1 Score: [4;35m0.9991[0m
æ ‡ç­¾é‡Œ1çš„ä¸ªæ•°:  2150
æ ‡ç­¾é‡Œ0çš„ä¸ªæ•°:  2150
æ€»æ•°:  4300
æ­£ç¡®çš„ä¸ªæ•°:  4297
æœ€åä¸€ä¸ªæ‰¹æ¬¡çš„è¾“å‡º, ä¸æ»¡batchsizeæ˜¯æ­£å¸¸çš„:
 tensor([[1.0000e+00],
        [1.0000e+00],
        [9.9999e-01],
        [3.9944e-04],
        [9.9999e-01],
        [1.2004e-04],
        [3.7033e-04],
        [2.9753e-06],
        [9.9966e-01],
        [9.9971e-01],
        [1.4777e-08],
        [6.1672e-04]], device='cuda:0', grad_fn=<SigmoidBackward0>)
Epoch [90/100], T_AUC: [4m0.9993[0m
Epoch [90/100], Loss: 67.3110
val_Accuracy: [92m0.7570[0m
val_Precision: [4;34m0.7688[0m,               val_Recall: [4;33m0.7239[0m,                 val_F1 Score: [4;35m0.7415[0m
æ ‡ç­¾é‡Œ1çš„ä¸ªæ•°:  430
æ ‡ç­¾é‡Œ0çš„ä¸ªæ•°:  430
æ€»æ•°:  860
æ­£ç¡®çš„ä¸ªæ•°:  651
Epoch [90/100], V_AUC: [4m0.7522[0m
Epoch [91/100], Loss: 1.1171
train_Accuracy: [91m0.9995[0m
train_Precision: [4;34m0.9989[0m,               train_Recall: [4;33m1.0000[0m,                 train_F1 Score: [4;35m0.9994[0m
æ ‡ç­¾é‡Œ1çš„ä¸ªæ•°:  2150
æ ‡ç­¾é‡Œ0çš„ä¸ªæ•°:  2150
æ€»æ•°:  4300
æ­£ç¡®çš„ä¸ªæ•°:  4298
æœ€åä¸€ä¸ªæ‰¹æ¬¡çš„è¾“å‡º, ä¸æ»¡batchsizeæ˜¯æ­£å¸¸çš„:
 tensor([[1.0000e+00],
        [1.0000e+00],
        [9.9998e-01],
        [2.3172e-04],
        [1.0000e+00],
        [1.2198e-04],
        [2.5074e-04],
        [6.1406e-06],
        [9.9955e-01],
        [9.9978e-01],
        [4.8724e-09],
        [2.4567e-04]], device='cuda:0', grad_fn=<SigmoidBackward0>)
Epoch [91/100], T_AUC: [4m0.9996[0m
Epoch [91/100], Loss: 67.5836
val_Accuracy: [92m0.7547[0m
val_Precision: [4;34m0.7648[0m,               val_Recall: [4;33m0.7234[0m,                 val_F1 Score: [4;35m0.7394[0m
æ ‡ç­¾é‡Œ1çš„ä¸ªæ•°:  430
æ ‡ç­¾é‡Œ0çš„ä¸ªæ•°:  430
æ€»æ•°:  860
æ­£ç¡®çš„ä¸ªæ•°:  649
Epoch [91/100], V_AUC: [4m0.7515[0m
Epoch [92/100], Loss: 1.0287
train_Accuracy: [91m0.9995[0m
train_Precision: [4;34m0.9989[0m,               train_Recall: [4;33m1.0000[0m,                 train_F1 Score: [4;35m0.9994[0m
æ ‡ç­¾é‡Œ1çš„ä¸ªæ•°:  2150
æ ‡ç­¾é‡Œ0çš„ä¸ªæ•°:  2150
æ€»æ•°:  4300
æ­£ç¡®çš„ä¸ªæ•°:  4298
æœ€åä¸€ä¸ªæ‰¹æ¬¡çš„è¾“å‡º, ä¸æ»¡batchsizeæ˜¯æ­£å¸¸çš„:
 tensor([[1.0000e+00],
        [1.0000e+00],
        [9.9997e-01],
        [1.0801e-04],
        [1.0000e+00],
        [3.4328e-05],
        [1.2617e-04],
        [6.0700e-06],
        [9.9929e-01],
        [9.9972e-01],
        [2.7480e-08],
        [1.4777e-04]], device='cuda:0', grad_fn=<SigmoidBackward0>)
Epoch [92/100], T_AUC: [4m0.9996[0m
Epoch [92/100], Loss: 68.6441
val_Accuracy: [92m0.7640[0m
val_Precision: [4;34m0.7789[0m,               val_Recall: [4;33m0.7265[0m,                 val_F1 Score: [4;35m0.7477[0m
æ ‡ç­¾é‡Œ1çš„ä¸ªæ•°:  430
æ ‡ç­¾é‡Œ0çš„ä¸ªæ•°:  430
æ€»æ•°:  860
æ­£ç¡®çš„ä¸ªæ•°:  657
Epoch [92/100], V_AUC: [4m0.7601[0m
Epoch [93/100], Loss: 1.2359
train_Accuracy: [91m0.9986[0m
train_Precision: [4;34m0.9980[0m,               train_Recall: [4;33m0.9991[0m,                 train_F1 Score: [4;35m0.9985[0m
æ ‡ç­¾é‡Œ1çš„ä¸ªæ•°:  2150
æ ‡ç­¾é‡Œ0çš„ä¸ªæ•°:  2150
æ€»æ•°:  4300
æ­£ç¡®çš„ä¸ªæ•°:  4294
æœ€åä¸€ä¸ªæ‰¹æ¬¡çš„è¾“å‡º, ä¸æ»¡batchsizeæ˜¯æ­£å¸¸çš„:
 tensor([[1.0000e+00],
        [1.0000e+00],
        [9.9999e-01],
        [1.3062e-04],
        [1.0000e+00],
        [8.3258e-05],
        [2.0011e-04],
        [6.3685e-06],
        [9.9787e-01],
        [9.9976e-01],
        [3.1677e-09],
        [6.0250e-04]], device='cuda:0', grad_fn=<SigmoidBackward0>)
Epoch [93/100], T_AUC: [4m0.9987[0m
Epoch [93/100], Loss: 63.1821
val_Accuracy: [92m0.7419[0m
val_Precision: [4;34m0.7619[0m,               val_Recall: [4;33m0.6922[0m,                 val_F1 Score: [4;35m0.7204[0m
æ ‡ç­¾é‡Œ1çš„ä¸ªæ•°:  430
æ ‡ç­¾é‡Œ0çš„ä¸ªæ•°:  430
æ€»æ•°:  860
æ­£ç¡®çš„ä¸ªæ•°:  638
Epoch [93/100], V_AUC: [4m0.7371[0m
Epoch [94/100], Loss: 1.2704
train_Accuracy: [91m0.9998[0m
train_Precision: [4;34m0.9995[0m,               train_Recall: [4;33m1.0000[0m,                 train_F1 Score: [4;35m0.9998[0m
æ ‡ç­¾é‡Œ1çš„ä¸ªæ•°:  2150
æ ‡ç­¾é‡Œ0çš„ä¸ªæ•°:  2150
æ€»æ•°:  4300
æ­£ç¡®çš„ä¸ªæ•°:  4299
æœ€åä¸€ä¸ªæ‰¹æ¬¡çš„è¾“å‡º, ä¸æ»¡batchsizeæ˜¯æ­£å¸¸çš„:
 tensor([[1.0000e+00],
        [1.0000e+00],
        [1.0000e+00],
        [7.6446e-04],
        [1.0000e+00],
        [2.6836e-04],
        [1.6089e-04],
        [7.6408e-06],
        [9.9869e-01],
        [9.9919e-01],
        [2.6362e-09],
        [2.2228e-04]], device='cuda:0', grad_fn=<SigmoidBackward0>)
Epoch [94/100], T_AUC: [4m0.9998[0m
Epoch [94/100], Loss: 65.5827
val_Accuracy: [92m0.7453[0m
val_Precision: [4;34m0.7634[0m,               val_Recall: [4;33m0.7033[0m,                 val_F1 Score: [4;35m0.7260[0m
æ ‡ç­¾é‡Œ1çš„ä¸ªæ•°:  430
æ ‡ç­¾é‡Œ0çš„ä¸ªæ•°:  430
æ€»æ•°:  860
æ­£ç¡®çš„ä¸ªæ•°:  641
Epoch [94/100], V_AUC: [4m0.7423[0m
Epoch [95/100], Loss: 0.7952
train_Accuracy: [91m0.9998[0m
train_Precision: [4;34m0.9993[0m,               train_Recall: [4;33m1.0000[0m,                 train_F1 Score: [4;35m0.9996[0m
æ ‡ç­¾é‡Œ1çš„ä¸ªæ•°:  2150
æ ‡ç­¾é‡Œ0çš„ä¸ªæ•°:  2150
æ€»æ•°:  4300
æ­£ç¡®çš„ä¸ªæ•°:  4299
æœ€åä¸€ä¸ªæ‰¹æ¬¡çš„è¾“å‡º, ä¸æ»¡batchsizeæ˜¯æ­£å¸¸çš„:
 tensor([[1.0000e+00],
        [1.0000e+00],
        [1.0000e+00],
        [4.8843e-04],
        [1.0000e+00],
        [5.7988e-05],
        [1.4941e-04],
        [8.0454e-06],
        [9.9822e-01],
        [9.9950e-01],
        [1.6681e-09],
        [1.7010e-04]], device='cuda:0', grad_fn=<SigmoidBackward0>)
Epoch [95/100], T_AUC: [4m0.9998[0m
Epoch [95/100], Loss: 69.8832
val_Accuracy: [92m0.7640[0m
val_Precision: [4;34m0.7733[0m,               val_Recall: [4;33m0.7386[0m,                 val_F1 Score: [4;35m0.7512[0m
æ ‡ç­¾é‡Œ1çš„ä¸ªæ•°:  430
æ ‡ç­¾é‡Œ0çš„ä¸ªæ•°:  430
æ€»æ•°:  860
æ­£ç¡®çš„ä¸ªæ•°:  657
Epoch [95/100], V_AUC: [4m0.7614[0m
Epoch [96/100], Loss: 0.5926
train_Accuracy: [91m1.0000[0m
train_Precision: [4;34m1.0000[0m,               train_Recall: [4;33m1.0000[0m,                 train_F1 Score: [4;35m1.0000[0m
æ ‡ç­¾é‡Œ1çš„ä¸ªæ•°:  2150
æ ‡ç­¾é‡Œ0çš„ä¸ªæ•°:  2150
æ€»æ•°:  4300
æ­£ç¡®çš„ä¸ªæ•°:  4300
æœ€åä¸€ä¸ªæ‰¹æ¬¡çš„è¾“å‡º, ä¸æ»¡batchsizeæ˜¯æ­£å¸¸çš„:
 tensor([[1.0000e+00],
        [1.0000e+00],
        [1.0000e+00],
        [1.4594e-04],
        [1.0000e+00],
        [5.3135e-05],
        [1.2014e-04],
        [5.2440e-06],
        [9.9875e-01],
        [9.9964e-01],
        [1.1138e-09],
        [1.7096e-04]], device='cuda:0', grad_fn=<SigmoidBackward0>)
Epoch [96/100], T_AUC: [4m1.0000[0m
Epoch [96/100], Loss: 70.5592
val_Accuracy: [92m0.7640[0m
val_Precision: [4;34m0.7781[0m,               val_Recall: [4;33m0.7284[0m,                 val_F1 Score: [4;35m0.7483[0m
æ ‡ç­¾é‡Œ1çš„ä¸ªæ•°:  430
æ ‡ç­¾é‡Œ0çš„ä¸ªæ•°:  430
æ€»æ•°:  860
æ­£ç¡®çš„ä¸ªæ•°:  657
Epoch [96/100], V_AUC: [4m0.7604[0m
Epoch [97/100], Loss: 0.5101
train_Accuracy: [91m1.0000[0m
train_Precision: [4;34m1.0000[0m,               train_Recall: [4;33m1.0000[0m,                 train_F1 Score: [4;35m1.0000[0m
æ ‡ç­¾é‡Œ1çš„ä¸ªæ•°:  2150
æ ‡ç­¾é‡Œ0çš„ä¸ªæ•°:  2150
æ€»æ•°:  4300
æ­£ç¡®çš„ä¸ªæ•°:  4300
æœ€åä¸€ä¸ªæ‰¹æ¬¡çš„è¾“å‡º, ä¸æ»¡batchsizeæ˜¯æ­£å¸¸çš„:
 tensor([[1.0000e+00],
        [1.0000e+00],
        [1.0000e+00],
        [1.0451e-04],
        [1.0000e+00],
        [5.5700e-05],
        [1.3081e-04],
        [5.6166e-06],
        [9.9878e-01],
        [9.9972e-01],
        [1.1753e-09],
        [1.9059e-04]], device='cuda:0', grad_fn=<SigmoidBackward0>)
Epoch [97/100], T_AUC: [4m1.0000[0m
Epoch [97/100], Loss: 70.9427
val_Accuracy: [92m0.7651[0m
val_Precision: [4;34m0.7797[0m,               val_Recall: [4;33m0.7289[0m,                 val_F1 Score: [4;35m0.7498[0m
æ ‡ç­¾é‡Œ1çš„ä¸ªæ•°:  430
æ ‡ç­¾é‡Œ0çš„ä¸ªæ•°:  430
æ€»æ•°:  860
æ­£ç¡®çš„ä¸ªæ•°:  658
Epoch [97/100], V_AUC: [4m0.7617[0m
Epoch [98/100], Loss: 0.5690
train_Accuracy: [91m0.9998[0m
train_Precision: [4;34m0.9995[0m,               train_Recall: [4;33m1.0000[0m,                 train_F1 Score: [4;35m0.9998[0m
æ ‡ç­¾é‡Œ1çš„ä¸ªæ•°:  2150
æ ‡ç­¾é‡Œ0çš„ä¸ªæ•°:  2150
æ€»æ•°:  4300
æ­£ç¡®çš„ä¸ªæ•°:  4299
æœ€åä¸€ä¸ªæ‰¹æ¬¡çš„è¾“å‡º, ä¸æ»¡batchsizeæ˜¯æ­£å¸¸çš„:
 tensor([[1.0000e+00],
        [1.0000e+00],
        [1.0000e+00],
        [6.2083e-05],
        [9.9999e-01],
        [1.4202e-04],
        [1.5650e-04],
        [4.2316e-05],
        [9.9881e-01],
        [9.9975e-01],
        [1.1741e-09],
        [2.4709e-04]], device='cuda:0', grad_fn=<SigmoidBackward0>)
Epoch [98/100], T_AUC: [4m0.9998[0m
Epoch [98/100], Loss: 73.8105
val_Accuracy: [92m0.7570[0m
val_Precision: [4;34m0.7706[0m,               val_Recall: [4;33m0.7251[0m,                 val_F1 Score: [4;35m0.7425[0m
æ ‡ç­¾é‡Œ1çš„ä¸ªæ•°:  430
æ ‡ç­¾é‡Œ0çš„ä¸ªæ•°:  430
æ€»æ•°:  860
æ­£ç¡®çš„ä¸ªæ•°:  651
Epoch [98/100], V_AUC: [4m0.7545[0m
Epoch [99/100], Loss: 0.4250
train_Accuracy: [91m1.0000[0m
train_Precision: [4;34m1.0000[0m,               train_Recall: [4;33m1.0000[0m,                 train_F1 Score: [4;35m1.0000[0m
æ ‡ç­¾é‡Œ1çš„ä¸ªæ•°:  2150
æ ‡ç­¾é‡Œ0çš„ä¸ªæ•°:  2150
æ€»æ•°:  4300
æ­£ç¡®çš„ä¸ªæ•°:  4300
æœ€åä¸€ä¸ªæ‰¹æ¬¡çš„è¾“å‡º, ä¸æ»¡batchsizeæ˜¯æ­£å¸¸çš„:
 tensor([[1.0000e+00],
        [1.0000e+00],
        [1.0000e+00],
        [3.6274e-05],
        [1.0000e+00],
        [5.5434e-05],
        [1.0853e-04],
        [5.5382e-06],
        [9.9852e-01],
        [9.9976e-01],
        [1.1152e-09],
        [1.1308e-04]], device='cuda:0', grad_fn=<SigmoidBackward0>)
Epoch [99/100], T_AUC: [4m1.0000[0m
Epoch [99/100], Loss: 74.8624
val_Accuracy: [92m0.7616[0m
val_Precision: [4;34m0.7746[0m,               val_Recall: [4;33m0.7294[0m,                 val_F1 Score: [4;35m0.7471[0m
æ ‡ç­¾é‡Œ1çš„ä¸ªæ•°:  430
æ ‡ç­¾é‡Œ0çš„ä¸ªæ•°:  430
æ€»æ•°:  860
æ­£ç¡®çš„ä¸ªæ•°:  655
Epoch [99/100], V_AUC: [4m0.7586[0m
Epoch [100/100], Loss: 0.3412
train_Accuracy: [91m1.0000[0m
train_Precision: [4;34m1.0000[0m,               train_Recall: [4;33m1.0000[0m,                 train_F1 Score: [4;35m1.0000[0m
æ ‡ç­¾é‡Œ1çš„ä¸ªæ•°:  2150
æ ‡ç­¾é‡Œ0çš„ä¸ªæ•°:  2150
æ€»æ•°:  4300
æ­£ç¡®çš„ä¸ªæ•°:  4300
æœ€åä¸€ä¸ªæ‰¹æ¬¡çš„è¾“å‡º, ä¸æ»¡batchsizeæ˜¯æ­£å¸¸çš„:
 tensor([[1.0000e+00],
        [1.0000e+00],
        [1.0000e+00],
        [4.7411e-05],
        [1.0000e+00],
        [4.0541e-05],
        [1.1166e-04],
        [4.0895e-06],
        [9.9811e-01],
        [9.9982e-01],
        [1.0129e-09],
        [1.2726e-04]], device='cuda:0', grad_fn=<SigmoidBackward0>)
Epoch [100/100], T_AUC: [4m1.0000[0m
Epoch [100/100], Loss: 75.0762
val_Accuracy: [92m0.7640[0m
val_Precision: [4;34m0.7783[0m,               val_Recall: [4;33m0.7294[0m,                 val_F1 Score: [4;35m0.7489[0m
æ ‡ç­¾é‡Œ1çš„ä¸ªæ•°:  430
æ ‡ç­¾é‡Œ0çš„ä¸ªæ•°:  430
æ€»æ•°:  860
æ­£ç¡®çš„ä¸ªæ•°:  657
Epoch [100/100], V_AUC: [4m0.7609[0m
ç¬¬0æ‰¹ç¬¬2ä¸ª, 100
ç¬¬0æ‰¹ç¬¬15ä¸ª, 100
ç¬¬1æ‰¹ç¬¬0ä¸ª, 100
ç¬¬1æ‰¹ç¬¬6ä¸ª, 100
ç¬¬1æ‰¹ç¬¬16ä¸ª, 100
send email successfully
