2024-06-25-17:29:27
1æ’åº128-0.4
åˆ›å»ºæ¨¡å‹å®ä¾‹
æ¨¡å‹å®ä¾‹åˆ›å»ºå®Œæˆ
åŠ è½½é¢„è®­ç»ƒå‚æ•°
é¢„è®­ç»ƒå‚æ•°åŠ è½½å®Œæˆ
Epoch [1/100], Loss: 60.4391
train_Accuracy: [91m0.8023[0m
train_Precision: [4;34m0.7988[0m,               train_Recall: [4;33m0.8218[0m,                 train_F1 Score: [4;35m0.8039[0m
æ ‡ç­¾é‡Œ1çš„ä¸ªæ•°:  2150
æ ‡ç­¾é‡Œ0çš„ä¸ªæ•°:  2150
æ€»æ•°:  4300
æ­£ç¡®çš„ä¸ªæ•°:  3450
æœ€åä¸€ä¸ªæ‰¹æ¬¡çš„è¾“å‡º, ä¸æ»¡batchsizeæ˜¯æ­£å¸¸çš„:
 tensor([[0.9289],
        [0.8584],
        [0.9727],
        [0.1667],
        [0.7750],
        [0.1647],
        [0.5774],
        [0.3006],
        [0.4287],
        [0.9116],
        [0.0261],
        [0.0515]], device='cuda:0', grad_fn=<SigmoidBackward0>)
Epoch [1/100], T_AUC: [4m0.8090[0m
Epoch [1/100], Loss: 13.7794
val_Accuracy: [92m0.7953[0m
val_Precision: [4;34m0.7969[0m,               val_Recall: [4;33m0.7828[0m,                 val_F1 Score: [4;35m0.7849[0m
æ ‡ç­¾é‡Œ1çš„ä¸ªæ•°:  430
æ ‡ç­¾é‡Œ0çš„ä¸ªæ•°:  430
æ€»æ•°:  860
æ­£ç¡®çš„ä¸ªæ•°:  684
Epoch [1/100], V_AUC: [4m0.7930[0m
Epoch [2/100], Loss: 59.0830
train_Accuracy: [91m0.8079[0m
train_Precision: [4;34m0.8036[0m,               train_Recall: [4;33m0.8266[0m,                 train_F1 Score: [4;35m0.8091[0m
æ ‡ç­¾é‡Œ1çš„ä¸ªæ•°:  2150
æ ‡ç­¾é‡Œ0çš„ä¸ªæ•°:  2150
æ€»æ•°:  4300
æ­£ç¡®çš„ä¸ªæ•°:  3474
æœ€åä¸€ä¸ªæ‰¹æ¬¡çš„è¾“å‡º, ä¸æ»¡batchsizeæ˜¯æ­£å¸¸çš„:
 tensor([[0.9173],
        [0.8537],
        [0.9695],
        [0.1700],
        [0.7676],
        [0.1588],
        [0.5275],
        [0.3274],
        [0.4564],
        [0.9076],
        [0.0324],
        [0.0618]], device='cuda:0', grad_fn=<SigmoidBackward0>)
Epoch [2/100], T_AUC: [4m0.8145[0m
Epoch [2/100], Loss: 13.6146
val_Accuracy: [92m0.7942[0m
val_Precision: [4;34m0.7978[0m,               val_Recall: [4;33m0.7783[0m,                 val_F1 Score: [4;35m0.7836[0m
æ ‡ç­¾é‡Œ1çš„ä¸ªæ•°:  430
æ ‡ç­¾é‡Œ0çš„ä¸ªæ•°:  430
æ€»æ•°:  860
æ­£ç¡®çš„ä¸ªæ•°:  683
Epoch [2/100], V_AUC: [4m0.7917[0m
Epoch [3/100], Loss: 58.9333
train_Accuracy: [91m0.8070[0m
train_Precision: [4;34m0.8022[0m,               train_Recall: [4;33m0.8264[0m,                 train_F1 Score: [4;35m0.8082[0m
æ ‡ç­¾é‡Œ1çš„ä¸ªæ•°:  2150
æ ‡ç­¾é‡Œ0çš„ä¸ªæ•°:  2150
æ€»æ•°:  4300
æ­£ç¡®çš„ä¸ªæ•°:  3470
æœ€åä¸€ä¸ªæ‰¹æ¬¡çš„è¾“å‡º, ä¸æ»¡batchsizeæ˜¯æ­£å¸¸çš„:
 tensor([[0.9079],
        [0.8479],
        [0.9599],
        [0.1626],
        [0.7727],
        [0.1464],
        [0.5434],
        [0.3870],
        [0.4980],
        [0.8960],
        [0.0390],
        [0.0686]], device='cuda:0', grad_fn=<SigmoidBackward0>)
Epoch [3/100], T_AUC: [4m0.8137[0m
Epoch [3/100], Loss: 13.4407
val_Accuracy: [92m0.7872[0m
val_Precision: [4;34m0.7864[0m,               val_Recall: [4;33m0.7777[0m,                 val_F1 Score: [4;35m0.7774[0m
æ ‡ç­¾é‡Œ1çš„ä¸ªæ•°:  430
æ ‡ç­¾é‡Œ0çš„ä¸ªæ•°:  430
æ€»æ•°:  860
æ­£ç¡®çš„ä¸ªæ•°:  677
Epoch [3/100], V_AUC: [4m0.7847[0m
Epoch [4/100], Loss: 58.7446
train_Accuracy: [91m0.8070[0m
train_Precision: [4;34m0.7994[0m,               train_Recall: [4;33m0.8298[0m,                 train_F1 Score: [4;35m0.8086[0m
æ ‡ç­¾é‡Œ1çš„ä¸ªæ•°:  2150
æ ‡ç­¾é‡Œ0çš„ä¸ªæ•°:  2150
æ€»æ•°:  4300
æ­£ç¡®çš„ä¸ªæ•°:  3470
æœ€åä¸€ä¸ªæ‰¹æ¬¡çš„è¾“å‡º, ä¸æ»¡batchsizeæ˜¯æ­£å¸¸çš„:
 tensor([[0.9048],
        [0.8486],
        [0.9591],
        [0.1544],
        [0.7690],
        [0.1425],
        [0.5326],
        [0.3759],
        [0.5027],
        [0.8912],
        [0.0478],
        [0.0676]], device='cuda:0', grad_fn=<SigmoidBackward0>)
Epoch [4/100], T_AUC: [4m0.8136[0m
Epoch [4/100], Loss: 13.6040
val_Accuracy: [92m0.7930[0m
val_Precision: [4;34m0.8001[0m,               val_Recall: [4;33m0.7733[0m,                 val_F1 Score: [4;35m0.7810[0m
æ ‡ç­¾é‡Œ1çš„ä¸ªæ•°:  430
æ ‡ç­¾é‡Œ0çš„ä¸ªæ•°:  430
æ€»æ•°:  860
æ­£ç¡®çš„ä¸ªæ•°:  682
Epoch [4/100], V_AUC: [4m0.7905[0m
Epoch [5/100], Loss: 58.5759
train_Accuracy: [91m0.8067[0m
train_Precision: [4;34m0.7983[0m,               train_Recall: [4;33m0.8297[0m,                 train_F1 Score: [4;35m0.8083[0m
æ ‡ç­¾é‡Œ1çš„ä¸ªæ•°:  2150
æ ‡ç­¾é‡Œ0çš„ä¸ªæ•°:  2150
æ€»æ•°:  4300
æ­£ç¡®çš„ä¸ªæ•°:  3469
æœ€åä¸€ä¸ªæ‰¹æ¬¡çš„è¾“å‡º, ä¸æ»¡batchsizeæ˜¯æ­£å¸¸çš„:
 tensor([[0.9017],
        [0.8433],
        [0.9523],
        [0.1505],
        [0.7817],
        [0.1315],
        [0.5387],
        [0.3861],
        [0.4867],
        [0.8871],
        [0.0482],
        [0.0746]], device='cuda:0', grad_fn=<SigmoidBackward0>)
Epoch [5/100], T_AUC: [4m0.8129[0m
Epoch [5/100], Loss: 13.5176
val_Accuracy: [92m0.7930[0m
val_Precision: [4;34m0.8024[0m,               val_Recall: [4;33m0.7685[0m,                 val_F1 Score: [4;35m0.7797[0m
æ ‡ç­¾é‡Œ1çš„ä¸ªæ•°:  430
æ ‡ç­¾é‡Œ0çš„ä¸ªæ•°:  430
æ€»æ•°:  860
æ­£ç¡®çš„ä¸ªæ•°:  682
Epoch [5/100], V_AUC: [4m0.7906[0m
Epoch [6/100], Loss: 58.4442
train_Accuracy: [91m0.8070[0m
train_Precision: [4;34m0.7969[0m,               train_Recall: [4;33m0.8338[0m,                 train_F1 Score: [4;35m0.8093[0m
æ ‡ç­¾é‡Œ1çš„ä¸ªæ•°:  2150
æ ‡ç­¾é‡Œ0çš„ä¸ªæ•°:  2150
æ€»æ•°:  4300
æ­£ç¡®çš„ä¸ªæ•°:  3470
æœ€åä¸€ä¸ªæ‰¹æ¬¡çš„è¾“å‡º, ä¸æ»¡batchsizeæ˜¯æ­£å¸¸çš„:
 tensor([[0.9012],
        [0.8423],
        [0.9520],
        [0.1393],
        [0.7851],
        [0.1212],
        [0.5290],
        [0.4191],
        [0.4942],
        [0.8882],
        [0.0436],
        [0.0769]], device='cuda:0', grad_fn=<SigmoidBackward0>)
Epoch [6/100], T_AUC: [4m0.8129[0m
Epoch [6/100], Loss: 13.6318
val_Accuracy: [92m0.7907[0m
val_Precision: [4;34m0.7970[0m,               val_Recall: [4;33m0.7740[0m,                 val_F1 Score: [4;35m0.7793[0m
æ ‡ç­¾é‡Œ1çš„ä¸ªæ•°:  430
æ ‡ç­¾é‡Œ0çš„ä¸ªæ•°:  430
æ€»æ•°:  860
æ­£ç¡®çš„ä¸ªæ•°:  680
Epoch [6/100], V_AUC: [4m0.7886[0m
Epoch [7/100], Loss: 58.2865
train_Accuracy: [91m0.8058[0m
train_Precision: [4;34m0.7981[0m,               train_Recall: [4;33m0.8294[0m,                 train_F1 Score: [4;35m0.8075[0m
æ ‡ç­¾é‡Œ1çš„ä¸ªæ•°:  2150
æ ‡ç­¾é‡Œ0çš„ä¸ªæ•°:  2150
æ€»æ•°:  4300
æ­£ç¡®çš„ä¸ªæ•°:  3465
æœ€åä¸€ä¸ªæ‰¹æ¬¡çš„è¾“å‡º, ä¸æ»¡batchsizeæ˜¯æ­£å¸¸çš„:
 tensor([[0.8969],
        [0.8453],
        [0.9533],
        [0.1361],
        [0.7862],
        [0.1177],
        [0.5218],
        [0.4251],
        [0.4889],
        [0.8830],
        [0.0528],
        [0.0821]], device='cuda:0', grad_fn=<SigmoidBackward0>)
Epoch [7/100], T_AUC: [4m0.8118[0m
Epoch [7/100], Loss: 13.4312
val_Accuracy: [92m0.7907[0m
val_Precision: [4;34m0.7965[0m,               val_Recall: [4;33m0.7707[0m,                 val_F1 Score: [4;35m0.7782[0m
æ ‡ç­¾é‡Œ1çš„ä¸ªæ•°:  430
æ ‡ç­¾é‡Œ0çš„ä¸ªæ•°:  430
æ€»æ•°:  860
æ­£ç¡®çš„ä¸ªæ•°:  680
Epoch [7/100], V_AUC: [4m0.7879[0m
Epoch [8/100], Loss: 58.2281
train_Accuracy: [91m0.8049[0m
train_Precision: [4;34m0.7950[0m,               train_Recall: [4;33m0.8321[0m,                 train_F1 Score: [4;35m0.8073[0m
æ ‡ç­¾é‡Œ1çš„ä¸ªæ•°:  2150
æ ‡ç­¾é‡Œ0çš„ä¸ªæ•°:  2150
æ€»æ•°:  4300
æ­£ç¡®çš„ä¸ªæ•°:  3461
æœ€åä¸€ä¸ªæ‰¹æ¬¡çš„è¾“å‡º, ä¸æ»¡batchsizeæ˜¯æ­£å¸¸çš„:
 tensor([[0.8896],
        [0.8375],
        [0.9568],
        [0.1537],
        [0.7708],
        [0.1198],
        [0.5133],
        [0.4399],
        [0.4739],
        [0.8800],
        [0.0482],
        [0.0814]], device='cuda:0', grad_fn=<SigmoidBackward0>)
Epoch [8/100], T_AUC: [4m0.8108[0m
Epoch [8/100], Loss: 13.5551
val_Accuracy: [92m0.7953[0m
val_Precision: [4;34m0.8047[0m,               val_Recall: [4;33m0.7707[0m,                 val_F1 Score: [4;35m0.7821[0m
æ ‡ç­¾é‡Œ1çš„ä¸ªæ•°:  430
æ ‡ç­¾é‡Œ0çš„ä¸ªæ•°:  430
æ€»æ•°:  860
æ­£ç¡®çš„ä¸ªæ•°:  684
Epoch [8/100], V_AUC: [4m0.7924[0m
Epoch [9/100], Loss: 58.1530
train_Accuracy: [91m0.8114[0m
train_Precision: [4;34m0.8030[0m,               train_Recall: [4;33m0.8357[0m,                 train_F1 Score: [4;35m0.8131[0m
æ ‡ç­¾é‡Œ1çš„ä¸ªæ•°:  2150
æ ‡ç­¾é‡Œ0çš„ä¸ªæ•°:  2150
æ€»æ•°:  4300
æ­£ç¡®çš„ä¸ªæ•°:  3489
æœ€åä¸€ä¸ªæ‰¹æ¬¡çš„è¾“å‡º, ä¸æ»¡batchsizeæ˜¯æ­£å¸¸çš„:
 tensor([[0.8887],
        [0.8284],
        [0.9511],
        [0.1491],
        [0.7867],
        [0.1114],
        [0.5332],
        [0.4455],
        [0.5057],
        [0.8915],
        [0.0482],
        [0.0760]], device='cuda:0', grad_fn=<SigmoidBackward0>)
Epoch [9/100], T_AUC: [4m0.8175[0m
Epoch [9/100], Loss: 13.4365
val_Accuracy: [92m0.7930[0m
val_Precision: [4;34m0.7973[0m,               val_Recall: [4;33m0.7783[0m,                 val_F1 Score: [4;35m0.7819[0m
æ ‡ç­¾é‡Œ1çš„ä¸ªæ•°:  430
æ ‡ç­¾é‡Œ0çš„ä¸ªæ•°:  430
æ€»æ•°:  860
æ­£ç¡®çš„ä¸ªæ•°:  682
Epoch [9/100], V_AUC: [4m0.7906[0m
Epoch [10/100], Loss: 58.1232
train_Accuracy: [91m0.8114[0m
train_Precision: [4;34m0.8031[0m,               train_Recall: [4;33m0.8335[0m,                 train_F1 Score: [4;35m0.8125[0m
æ ‡ç­¾é‡Œ1çš„ä¸ªæ•°:  2150
æ ‡ç­¾é‡Œ0çš„ä¸ªæ•°:  2150
æ€»æ•°:  4300
æ­£ç¡®çš„ä¸ªæ•°:  3489
æœ€åä¸€ä¸ªæ‰¹æ¬¡çš„è¾“å‡º, ä¸æ»¡batchsizeæ˜¯æ­£å¸¸çš„:
 tensor([[0.8930],
        [0.8299],
        [0.9567],
        [0.1365],
        [0.7711],
        [0.1011],
        [0.5245],
        [0.4138],
        [0.5357],
        [0.8871],
        [0.0592],
        [0.0828]], device='cuda:0', grad_fn=<SigmoidBackward0>)
Epoch [10/100], T_AUC: [4m0.8166[0m
Epoch [10/100], Loss: 13.6658
val_Accuracy: [92m0.7872[0m
val_Precision: [4;34m0.7930[0m,               val_Recall: [4;33m0.7675[0m,                 val_F1 Score: [4;35m0.7743[0m
æ ‡ç­¾é‡Œ1çš„ä¸ªæ•°:  430
æ ‡ç­¾é‡Œ0çš„ä¸ªæ•°:  430
æ€»æ•°:  860
æ­£ç¡®çš„ä¸ªæ•°:  677
Epoch [10/100], V_AUC: [4m0.7842[0m
Epoch [11/100], Loss: 58.2242
train_Accuracy: [91m0.8100[0m
train_Precision: [4;34m0.8008[0m,               train_Recall: [4;33m0.8327[0m,                 train_F1 Score: [4;35m0.8110[0m
æ ‡ç­¾é‡Œ1çš„ä¸ªæ•°:  2150
æ ‡ç­¾é‡Œ0çš„ä¸ªæ•°:  2150
æ€»æ•°:  4300
æ­£ç¡®çš„ä¸ªæ•°:  3483
æœ€åä¸€ä¸ªæ‰¹æ¬¡çš„è¾“å‡º, ä¸æ»¡batchsizeæ˜¯æ­£å¸¸çš„:
 tensor([[0.8992],
        [0.8497],
        [0.9646],
        [0.1295],
        [0.7445],
        [0.0999],
        [0.5430],
        [0.4042],
        [0.5359],
        [0.8799],
        [0.0546],
        [0.0881]], device='cuda:0', grad_fn=<SigmoidBackward0>)
Epoch [11/100], T_AUC: [4m0.8155[0m
Epoch [11/100], Loss: 13.6842
val_Accuracy: [92m0.7814[0m
val_Precision: [4;34m0.7834[0m,               val_Recall: [4;33m0.7675[0m,                 val_F1 Score: [4;35m0.7693[0m
æ ‡ç­¾é‡Œ1çš„ä¸ªæ•°:  430
æ ‡ç­¾é‡Œ0çš„ä¸ªæ•°:  430
æ€»æ•°:  860
æ­£ç¡®çš„ä¸ªæ•°:  672
Epoch [11/100], V_AUC: [4m0.7786[0m
Epoch [12/100], Loss: 57.9322
train_Accuracy: [91m0.8070[0m
train_Precision: [4;34m0.7956[0m,               train_Recall: [4;33m0.8342[0m,                 train_F1 Score: [4;35m0.8089[0m
æ ‡ç­¾é‡Œ1çš„ä¸ªæ•°:  2150
æ ‡ç­¾é‡Œ0çš„ä¸ªæ•°:  2150
æ€»æ•°:  4300
æ­£ç¡®çš„ä¸ªæ•°:  3470
æœ€åä¸€ä¸ªæ‰¹æ¬¡çš„è¾“å‡º, ä¸æ»¡batchsizeæ˜¯æ­£å¸¸çš„:
 tensor([[0.9031],
        [0.8380],
        [0.9544],
        [0.1279],
        [0.7441],
        [0.0982],
        [0.5507],
        [0.4555],
        [0.5605],
        [0.8813],
        [0.0523],
        [0.0799]], device='cuda:0', grad_fn=<SigmoidBackward0>)
Epoch [12/100], T_AUC: [4m0.8122[0m
Epoch [12/100], Loss: 13.6171
val_Accuracy: [92m0.7849[0m
val_Precision: [4;34m0.7871[0m,               val_Recall: [4;33m0.7763[0m,                 val_F1 Score: [4;35m0.7758[0m
æ ‡ç­¾é‡Œ1çš„ä¸ªæ•°:  430
æ ‡ç­¾é‡Œ0çš„ä¸ªæ•°:  430
æ€»æ•°:  860
æ­£ç¡®çš„ä¸ªæ•°:  675
Epoch [12/100], V_AUC: [4m0.7826[0m
Epoch [13/100], Loss: 57.9056
train_Accuracy: [91m0.8088[0m
train_Precision: [4;34m0.7982[0m,               train_Recall: [4;33m0.8355[0m,                 train_F1 Score: [4;35m0.8107[0m
æ ‡ç­¾é‡Œ1çš„ä¸ªæ•°:  2150
æ ‡ç­¾é‡Œ0çš„ä¸ªæ•°:  2150
æ€»æ•°:  4300
æ­£ç¡®çš„ä¸ªæ•°:  3478
æœ€åä¸€ä¸ªæ‰¹æ¬¡çš„è¾“å‡º, ä¸æ»¡batchsizeæ˜¯æ­£å¸¸çš„:
 tensor([[0.9096],
        [0.8390],
        [0.9560],
        [0.1228],
        [0.7432],
        [0.0993],
        [0.5620],
        [0.4046],
        [0.5493],
        [0.8817],
        [0.0548],
        [0.0849]], device='cuda:0', grad_fn=<SigmoidBackward0>)
Epoch [13/100], T_AUC: [4m0.8143[0m
Epoch [13/100], Loss: 13.5852
val_Accuracy: [92m0.7895[0m
val_Precision: [4;34m0.7930[0m,               val_Recall: [4;33m0.7761[0m,                 val_F1 Score: [4;35m0.7789[0m
æ ‡ç­¾é‡Œ1çš„ä¸ªæ•°:  430
æ ‡ç­¾é‡Œ0çš„ä¸ªæ•°:  430
æ€»æ•°:  860
æ­£ç¡®çš„ä¸ªæ•°:  679
Epoch [13/100], V_AUC: [4m0.7868[0m
Epoch [14/100], Loss: 57.6782
train_Accuracy: [91m0.8079[0m
train_Precision: [4;34m0.7947[0m,               train_Recall: [4;33m0.8400[0m,                 train_F1 Score: [4;35m0.8110[0m
æ ‡ç­¾é‡Œ1çš„ä¸ªæ•°:  2150
æ ‡ç­¾é‡Œ0çš„ä¸ªæ•°:  2150
æ€»æ•°:  4300
æ­£ç¡®çš„ä¸ªæ•°:  3474
æœ€åä¸€ä¸ªæ‰¹æ¬¡çš„è¾“å‡º, ä¸æ»¡batchsizeæ˜¯æ­£å¸¸çš„:
 tensor([[0.9062],
        [0.8431],
        [0.9569],
        [0.1271],
        [0.7665],
        [0.0921],
        [0.5731],
        [0.4089],
        [0.5360],
        [0.8908],
        [0.0495],
        [0.0822]], device='cuda:0', grad_fn=<SigmoidBackward0>)
Epoch [14/100], T_AUC: [4m0.8136[0m
Epoch [14/100], Loss: 13.6827
val_Accuracy: [92m0.7907[0m
val_Precision: [4;34m0.7976[0m,               val_Recall: [4;33m0.7708[0m,                 val_F1 Score: [4;35m0.7789[0m
æ ‡ç­¾é‡Œ1çš„ä¸ªæ•°:  430
æ ‡ç­¾é‡Œ0çš„ä¸ªæ•°:  430
æ€»æ•°:  860
æ­£ç¡®çš„ä¸ªæ•°:  680
Epoch [14/100], V_AUC: [4m0.7877[0m
Epoch [15/100], Loss: 57.6694
train_Accuracy: [91m0.8100[0m
train_Precision: [4;34m0.7999[0m,               train_Recall: [4;33m0.8356[0m,                 train_F1 Score: [4;35m0.8121[0m
æ ‡ç­¾é‡Œ1çš„ä¸ªæ•°:  2150
æ ‡ç­¾é‡Œ0çš„ä¸ªæ•°:  2150
æ€»æ•°:  4300
æ­£ç¡®çš„ä¸ªæ•°:  3483
æœ€åä¸€ä¸ªæ‰¹æ¬¡çš„è¾“å‡º, ä¸æ»¡batchsizeæ˜¯æ­£å¸¸çš„:
 tensor([[0.9109],
        [0.8311],
        [0.9552],
        [0.1633],
        [0.7673],
        [0.1010],
        [0.5433],
        [0.3756],
        [0.5300],
        [0.9001],
        [0.0506],
        [0.0774]], device='cuda:0', grad_fn=<SigmoidBackward0>)
Epoch [15/100], T_AUC: [4m0.8157[0m
Epoch [15/100], Loss: 13.6696
val_Accuracy: [92m0.7837[0m
val_Precision: [4;34m0.7868[0m,               val_Recall: [4;33m0.7702[0m,                 val_F1 Score: [4;35m0.7720[0m
æ ‡ç­¾é‡Œ1çš„ä¸ªæ•°:  430
æ ‡ç­¾é‡Œ0çš„ä¸ªæ•°:  430
æ€»æ•°:  860
æ­£ç¡®çš„ä¸ªæ•°:  674
Epoch [15/100], V_AUC: [4m0.7810[0m
Epoch [16/100], Loss: 57.6177
train_Accuracy: [91m0.8116[0m
train_Precision: [4;34m0.7994[0m,               train_Recall: [4;33m0.8416[0m,                 train_F1 Score: [4;35m0.8142[0m
æ ‡ç­¾é‡Œ1çš„ä¸ªæ•°:  2150
æ ‡ç­¾é‡Œ0çš„ä¸ªæ•°:  2150
æ€»æ•°:  4300
æ­£ç¡®çš„ä¸ªæ•°:  3490
æœ€åä¸€ä¸ªæ‰¹æ¬¡çš„è¾“å‡º, ä¸æ»¡batchsizeæ˜¯æ­£å¸¸çš„:
 tensor([[0.9138],
        [0.8472],
        [0.9615],
        [0.1477],
        [0.7867],
        [0.0968],
        [0.5205],
        [0.3874],
        [0.5046],
        [0.8953],
        [0.0402],
        [0.0887]], device='cuda:0', grad_fn=<SigmoidBackward0>)
Epoch [16/100], T_AUC: [4m0.8174[0m
Epoch [16/100], Loss: 13.6914
val_Accuracy: [92m0.7860[0m
val_Precision: [4;34m0.7876[0m,               val_Recall: [4;33m0.7756[0m,                 val_F1 Score: [4;35m0.7754[0m
æ ‡ç­¾é‡Œ1çš„ä¸ªæ•°:  430
æ ‡ç­¾é‡Œ0çš„ä¸ªæ•°:  430
æ€»æ•°:  860
æ­£ç¡®çš„ä¸ªæ•°:  676
Epoch [16/100], V_AUC: [4m0.7836[0m
Epoch [17/100], Loss: 57.4539
train_Accuracy: [91m0.8105[0m
train_Precision: [4;34m0.7976[0m,               train_Recall: [4;33m0.8393[0m,                 train_F1 Score: [4;35m0.8124[0m
æ ‡ç­¾é‡Œ1çš„ä¸ªæ•°:  2150
æ ‡ç­¾é‡Œ0çš„ä¸ªæ•°:  2150
æ€»æ•°:  4300
æ­£ç¡®çš„ä¸ªæ•°:  3485
æœ€åä¸€ä¸ªæ‰¹æ¬¡çš„è¾“å‡º, ä¸æ»¡batchsizeæ˜¯æ­£å¸¸çš„:
 tensor([[0.9220],
        [0.8456],
        [0.9600],
        [0.1300],
        [0.7606],
        [0.0820],
        [0.5230],
        [0.4226],
        [0.5238],
        [0.8970],
        [0.0369],
        [0.1138]], device='cuda:0', grad_fn=<SigmoidBackward0>)
Epoch [17/100], T_AUC: [4m0.8157[0m
Epoch [17/100], Loss: 13.8463
val_Accuracy: [92m0.7860[0m
val_Precision: [4;34m0.7897[0m,               val_Recall: [4;33m0.7765[0m,                 val_F1 Score: [4;35m0.7769[0m
æ ‡ç­¾é‡Œ1çš„ä¸ªæ•°:  430
æ ‡ç­¾é‡Œ0çš„ä¸ªæ•°:  430
æ€»æ•°:  860
æ­£ç¡®çš„ä¸ªæ•°:  676
Epoch [17/100], V_AUC: [4m0.7839[0m
Epoch [18/100], Loss: 57.3054
train_Accuracy: [91m0.8095[0m
train_Precision: [4;34m0.7976[0m,               train_Recall: [4;33m0.8406[0m,                 train_F1 Score: [4;35m0.8125[0m
æ ‡ç­¾é‡Œ1çš„ä¸ªæ•°:  2150
æ ‡ç­¾é‡Œ0çš„ä¸ªæ•°:  2150
æ€»æ•°:  4300
æ­£ç¡®çš„ä¸ªæ•°:  3481
æœ€åä¸€ä¸ªæ‰¹æ¬¡çš„è¾“å‡º, ä¸æ»¡batchsizeæ˜¯æ­£å¸¸çš„:
 tensor([[0.9139],
        [0.8451],
        [0.9664],
        [0.1399],
        [0.7477],
        [0.1040],
        [0.5275],
        [0.3936],
        [0.5292],
        [0.8793],
        [0.0497],
        [0.0864]], device='cuda:0', grad_fn=<SigmoidBackward0>)
Epoch [18/100], T_AUC: [4m0.8157[0m
Epoch [18/100], Loss: 13.7109
val_Accuracy: [92m0.7849[0m
val_Precision: [4;34m0.7865[0m,               val_Recall: [4;33m0.7752[0m,                 val_F1 Score: [4;35m0.7739[0m
æ ‡ç­¾é‡Œ1çš„ä¸ªæ•°:  430
æ ‡ç­¾é‡Œ0çš„ä¸ªæ•°:  430
æ€»æ•°:  860
æ­£ç¡®çš„ä¸ªæ•°:  675
Epoch [18/100], V_AUC: [4m0.7828[0m
Epoch [19/100], Loss: 57.0258
train_Accuracy: [91m0.8135[0m
train_Precision: [4;34m0.8006[0m,               train_Recall: [4;33m0.8422[0m,                 train_F1 Score: [4;35m0.8154[0m
æ ‡ç­¾é‡Œ1çš„ä¸ªæ•°:  2150
æ ‡ç­¾é‡Œ0çš„ä¸ªæ•°:  2150
æ€»æ•°:  4300
æ­£ç¡®çš„ä¸ªæ•°:  3498
æœ€åä¸€ä¸ªæ‰¹æ¬¡çš„è¾“å‡º, ä¸æ»¡batchsizeæ˜¯æ­£å¸¸çš„:
 tensor([[0.9124],
        [0.8497],
        [0.9690],
        [0.1444],
        [0.7535],
        [0.1042],
        [0.5136],
        [0.4274],
        [0.5168],
        [0.8812],
        [0.0500],
        [0.0691]], device='cuda:0', grad_fn=<SigmoidBackward0>)
Epoch [19/100], T_AUC: [4m0.8183[0m
Epoch [19/100], Loss: 13.9039
val_Accuracy: [92m0.7872[0m
val_Precision: [4;34m0.7892[0m,               val_Recall: [4;33m0.7785[0m,                 val_F1 Score: [4;35m0.7779[0m
æ ‡ç­¾é‡Œ1çš„ä¸ªæ•°:  430
æ ‡ç­¾é‡Œ0çš„ä¸ªæ•°:  430
æ€»æ•°:  860
æ­£ç¡®çš„ä¸ªæ•°:  677
Epoch [19/100], V_AUC: [4m0.7851[0m
Epoch [20/100], Loss: 57.1746
train_Accuracy: [91m0.8135[0m
train_Precision: [4;34m0.8021[0m,               train_Recall: [4;33m0.8406[0m,                 train_F1 Score: [4;35m0.8157[0m
æ ‡ç­¾é‡Œ1çš„ä¸ªæ•°:  2150
æ ‡ç­¾é‡Œ0çš„ä¸ªæ•°:  2150
æ€»æ•°:  4300
æ­£ç¡®çš„ä¸ªæ•°:  3498
æœ€åä¸€ä¸ªæ‰¹æ¬¡çš„è¾“å‡º, ä¸æ»¡batchsizeæ˜¯æ­£å¸¸çš„:
 tensor([[0.9143],
        [0.8313],
        [0.9663],
        [0.1596],
        [0.7673],
        [0.0933],
        [0.5151],
        [0.3787],
        [0.5519],
        [0.8907],
        [0.0643],
        [0.0689]], device='cuda:0', grad_fn=<SigmoidBackward0>)
Epoch [20/100], T_AUC: [4m0.8190[0m
Epoch [20/100], Loss: 13.7193
val_Accuracy: [92m0.7837[0m
val_Precision: [4;34m0.7861[0m,               val_Recall: [4;33m0.7703[0m,                 val_F1 Score: [4;35m0.7717[0m
æ ‡ç­¾é‡Œ1çš„ä¸ªæ•°:  430
æ ‡ç­¾é‡Œ0çš„ä¸ªæ•°:  430
æ€»æ•°:  860
æ­£ç¡®çš„ä¸ªæ•°:  674
Epoch [20/100], V_AUC: [4m0.7814[0m
Epoch [21/100], Loss: 57.1512
train_Accuracy: [91m0.8135[0m
train_Precision: [4;34m0.8035[0m,               train_Recall: [4;33m0.8374[0m,                 train_F1 Score: [4;35m0.8148[0m
æ ‡ç­¾é‡Œ1çš„ä¸ªæ•°:  2150
æ ‡ç­¾é‡Œ0çš„ä¸ªæ•°:  2150
æ€»æ•°:  4300
æ­£ç¡®çš„ä¸ªæ•°:  3498
æœ€åä¸€ä¸ªæ‰¹æ¬¡çš„è¾“å‡º, ä¸æ»¡batchsizeæ˜¯æ­£å¸¸çš„:
 tensor([[0.9064],
        [0.8341],
        [0.9782],
        [0.1504],
        [0.7406],
        [0.0948],
        [0.4923],
        [0.4020],
        [0.5227],
        [0.8721],
        [0.0546],
        [0.0946]], device='cuda:0', grad_fn=<SigmoidBackward0>)
Epoch [21/100], T_AUC: [4m0.8183[0m
Epoch [21/100], Loss: 13.6325
val_Accuracy: [92m0.7849[0m
val_Precision: [4;34m0.7873[0m,               val_Recall: [4;33m0.7725[0m,                 val_F1 Score: [4;35m0.7732[0m
æ ‡ç­¾é‡Œ1çš„ä¸ªæ•°:  430
æ ‡ç­¾é‡Œ0çš„ä¸ªæ•°:  430
æ€»æ•°:  860
æ­£ç¡®çš„ä¸ªæ•°:  675
Epoch [21/100], V_AUC: [4m0.7832[0m
Epoch [22/100], Loss: 57.0737
train_Accuracy: [91m0.8133[0m
train_Precision: [4;34m0.8023[0m,               train_Recall: [4;33m0.8374[0m,                 train_F1 Score: [4;35m0.8145[0m
æ ‡ç­¾é‡Œ1çš„ä¸ªæ•°:  2150
æ ‡ç­¾é‡Œ0çš„ä¸ªæ•°:  2150
æ€»æ•°:  4300
æ­£ç¡®çš„ä¸ªæ•°:  3497
æœ€åä¸€ä¸ªæ‰¹æ¬¡çš„è¾“å‡º, ä¸æ»¡batchsizeæ˜¯æ­£å¸¸çš„:
 tensor([[0.9054],
        [0.7880],
        [0.9772],
        [0.1526],
        [0.7781],
        [0.0975],
        [0.5134],
        [0.3804],
        [0.5539],
        [0.8738],
        [0.0536],
        [0.0903]], device='cuda:0', grad_fn=<SigmoidBackward0>)
Epoch [22/100], T_AUC: [4m0.8182[0m
Epoch [22/100], Loss: 13.5707
val_Accuracy: [92m0.7872[0m
val_Precision: [4;34m0.7926[0m,               val_Recall: [4;33m0.7687[0m,                 val_F1 Score: [4;35m0.7751[0m
æ ‡ç­¾é‡Œ1çš„ä¸ªæ•°:  430
æ ‡ç­¾é‡Œ0çš„ä¸ªæ•°:  430
æ€»æ•°:  860
æ­£ç¡®çš„ä¸ªæ•°:  677
Epoch [22/100], V_AUC: [4m0.7854[0m
Epoch [23/100], Loss: 56.9876
train_Accuracy: [91m0.8128[0m
train_Precision: [4;34m0.8021[0m,               train_Recall: [4;33m0.8368[0m,                 train_F1 Score: [4;35m0.8138[0m
æ ‡ç­¾é‡Œ1çš„ä¸ªæ•°:  2150
æ ‡ç­¾é‡Œ0çš„ä¸ªæ•°:  2150
æ€»æ•°:  4300
æ­£ç¡®çš„ä¸ªæ•°:  3495
æœ€åä¸€ä¸ªæ‰¹æ¬¡çš„è¾“å‡º, ä¸æ»¡batchsizeæ˜¯æ­£å¸¸çš„:
 tensor([[0.9090],
        [0.8152],
        [0.9738],
        [0.1335],
        [0.7625],
        [0.0897],
        [0.4977],
        [0.4143],
        [0.5383],
        [0.8804],
        [0.0480],
        [0.1188]], device='cuda:0', grad_fn=<SigmoidBackward0>)
Epoch [23/100], T_AUC: [4m0.8175[0m
Epoch [23/100], Loss: 13.5369
val_Accuracy: [92m0.7942[0m
val_Precision: [4;34m0.7996[0m,               val_Recall: [4;33m0.7774[0m,                 val_F1 Score: [4;35m0.7824[0m
æ ‡ç­¾é‡Œ1çš„ä¸ªæ•°:  430
æ ‡ç­¾é‡Œ0çš„ä¸ªæ•°:  430
æ€»æ•°:  860
æ­£ç¡®çš„ä¸ªæ•°:  683
Epoch [23/100], V_AUC: [4m0.7915[0m
Epoch [24/100], Loss: 56.8975
train_Accuracy: [91m0.8114[0m
train_Precision: [4;34m0.8011[0m,               train_Recall: [4;33m0.8357[0m,                 train_F1 Score: [4;35m0.8126[0m
æ ‡ç­¾é‡Œ1çš„ä¸ªæ•°:  2150
æ ‡ç­¾é‡Œ0çš„ä¸ªæ•°:  2150
æ€»æ•°:  4300
æ­£ç¡®çš„ä¸ªæ•°:  3489
æœ€åä¸€ä¸ªæ‰¹æ¬¡çš„è¾“å‡º, ä¸æ»¡batchsizeæ˜¯æ­£å¸¸çš„:
 tensor([[0.9134],
        [0.8325],
        [0.9730],
        [0.1370],
        [0.7763],
        [0.0924],
        [0.4802],
        [0.4426],
        [0.5056],
        [0.8789],
        [0.0544],
        [0.0979]], device='cuda:0', grad_fn=<SigmoidBackward0>)
Epoch [24/100], T_AUC: [4m0.8162[0m
Epoch [24/100], Loss: 13.4681
val_Accuracy: [92m0.7907[0m
val_Precision: [4;34m0.7939[0m,               val_Recall: [4;33m0.7803[0m,                 val_F1 Score: [4;35m0.7814[0m
æ ‡ç­¾é‡Œ1çš„ä¸ªæ•°:  430
æ ‡ç­¾é‡Œ0çš„ä¸ªæ•°:  430
æ€»æ•°:  860
æ­£ç¡®çš„ä¸ªæ•°:  680
Epoch [24/100], V_AUC: [4m0.7888[0m
Epoch [25/100], Loss: 56.7494
train_Accuracy: [91m0.8142[0m
train_Precision: [4;34m0.8025[0m,               train_Recall: [4;33m0.8396[0m,                 train_F1 Score: [4;35m0.8155[0m
æ ‡ç­¾é‡Œ1çš„ä¸ªæ•°:  2150
æ ‡ç­¾é‡Œ0çš„ä¸ªæ•°:  2150
æ€»æ•°:  4300
æ­£ç¡®çš„ä¸ªæ•°:  3501
æœ€åä¸€ä¸ªæ‰¹æ¬¡çš„è¾“å‡º, ä¸æ»¡batchsizeæ˜¯æ­£å¸¸çš„:
 tensor([[0.9084],
        [0.8400],
        [0.9789],
        [0.1485],
        [0.7466],
        [0.1031],
        [0.4943],
        [0.4044],
        [0.5148],
        [0.8590],
        [0.0663],
        [0.0760]], device='cuda:0', grad_fn=<SigmoidBackward0>)
Epoch [25/100], T_AUC: [4m0.8187[0m
Epoch [25/100], Loss: 13.6266
val_Accuracy: [92m0.7884[0m
val_Precision: [4;34m0.7924[0m,               val_Recall: [4;33m0.7727[0m,                 val_F1 Score: [4;35m0.7764[0m
æ ‡ç­¾é‡Œ1çš„ä¸ªæ•°:  430
æ ‡ç­¾é‡Œ0çš„ä¸ªæ•°:  430
æ€»æ•°:  860
æ­£ç¡®çš„ä¸ªæ•°:  678
Epoch [25/100], V_AUC: [4m0.7864[0m
Epoch [26/100], Loss: 56.6741
train_Accuracy: [91m0.8142[0m
train_Precision: [4;34m0.8043[0m,               train_Recall: [4;33m0.8372[0m,                 train_F1 Score: [4;35m0.8151[0m
æ ‡ç­¾é‡Œ1çš„ä¸ªæ•°:  2150
æ ‡ç­¾é‡Œ0çš„ä¸ªæ•°:  2150
æ€»æ•°:  4300
æ­£ç¡®çš„ä¸ªæ•°:  3501
æœ€åä¸€ä¸ªæ‰¹æ¬¡çš„è¾“å‡º, ä¸æ»¡batchsizeæ˜¯æ­£å¸¸çš„:
 tensor([[0.9051],
        [0.8493],
        [0.9799],
        [0.1389],
        [0.7335],
        [0.0915],
        [0.4820],
        [0.4527],
        [0.4977],
        [0.8557],
        [0.0566],
        [0.0986]], device='cuda:0', grad_fn=<SigmoidBackward0>)
Epoch [26/100], T_AUC: [4m0.8187[0m
Epoch [26/100], Loss: 13.6238
val_Accuracy: [92m0.7930[0m
val_Precision: [4;34m0.8034[0m,               val_Recall: [4;33m0.7716[0m,                 val_F1 Score: [4;35m0.7811[0m
æ ‡ç­¾é‡Œ1çš„ä¸ªæ•°:  430
æ ‡ç­¾é‡Œ0çš„ä¸ªæ•°:  430
æ€»æ•°:  860
æ­£ç¡®çš„ä¸ªæ•°:  682
Epoch [26/100], V_AUC: [4m0.7913[0m
Epoch [27/100], Loss: 56.5324
train_Accuracy: [91m0.8163[0m
train_Precision: [4;34m0.8050[0m,               train_Recall: [4;33m0.8404[0m,                 train_F1 Score: [4;35m0.8171[0m
æ ‡ç­¾é‡Œ1çš„ä¸ªæ•°:  2150
æ ‡ç­¾é‡Œ0çš„ä¸ªæ•°:  2150
æ€»æ•°:  4300
æ­£ç¡®çš„ä¸ªæ•°:  3510
æœ€åä¸€ä¸ªæ‰¹æ¬¡çš„è¾“å‡º, ä¸æ»¡batchsizeæ˜¯æ­£å¸¸çš„:
 tensor([[0.8997],
        [0.8535],
        [0.9817],
        [0.1449],
        [0.7251],
        [0.0900],
        [0.4812],
        [0.4542],
        [0.5220],
        [0.8502],
        [0.0563],
        [0.0902]], device='cuda:0', grad_fn=<SigmoidBackward0>)
Epoch [27/100], T_AUC: [4m0.8203[0m
Epoch [27/100], Loss: 13.7141
val_Accuracy: [92m0.7919[0m
val_Precision: [4;34m0.7976[0m,               val_Recall: [4;33m0.7759[0m,                 val_F1 Score: [4;35m0.7814[0m
æ ‡ç­¾é‡Œ1çš„ä¸ªæ•°:  430
æ ‡ç­¾é‡Œ0çš„ä¸ªæ•°:  430
æ€»æ•°:  860
æ­£ç¡®çš„ä¸ªæ•°:  681
Epoch [27/100], V_AUC: [4m0.7902[0m
Epoch [28/100], Loss: 56.4591
train_Accuracy: [91m0.8147[0m
train_Precision: [4;34m0.8045[0m,               train_Recall: [4;33m0.8385[0m,                 train_F1 Score: [4;35m0.8156[0m
æ ‡ç­¾é‡Œ1çš„ä¸ªæ•°:  2150
æ ‡ç­¾é‡Œ0çš„ä¸ªæ•°:  2150
æ€»æ•°:  4300
æ­£ç¡®çš„ä¸ªæ•°:  3503
æœ€åä¸€ä¸ªæ‰¹æ¬¡çš„è¾“å‡º, ä¸æ»¡batchsizeæ˜¯æ­£å¸¸çš„:
 tensor([[0.8986],
        [0.8446],
        [0.9827],
        [0.1450],
        [0.7206],
        [0.0818],
        [0.4761],
        [0.4665],
        [0.5190],
        [0.8546],
        [0.0570],
        [0.0987]], device='cuda:0', grad_fn=<SigmoidBackward0>)
Epoch [28/100], T_AUC: [4m0.8193[0m
Epoch [28/100], Loss: 13.7174
val_Accuracy: [92m0.7837[0m
val_Precision: [4;34m0.7856[0m,               val_Recall: [4;33m0.7738[0m,                 val_F1 Score: [4;35m0.7738[0m
æ ‡ç­¾é‡Œ1çš„ä¸ªæ•°:  430
æ ‡ç­¾é‡Œ0çš„ä¸ªæ•°:  430
æ€»æ•°:  860
æ­£ç¡®çš„ä¸ªæ•°:  674
Epoch [28/100], V_AUC: [4m0.7827[0m
Epoch [29/100], Loss: 56.3966
train_Accuracy: [91m0.8153[0m
train_Precision: [4;34m0.8017[0m,               train_Recall: [4;33m0.8435[0m,                 train_F1 Score: [4;35m0.8170[0m
æ ‡ç­¾é‡Œ1çš„ä¸ªæ•°:  2150
æ ‡ç­¾é‡Œ0çš„ä¸ªæ•°:  2150
æ€»æ•°:  4300
æ­£ç¡®çš„ä¸ªæ•°:  3506
æœ€åä¸€ä¸ªæ‰¹æ¬¡çš„è¾“å‡º, ä¸æ»¡batchsizeæ˜¯æ­£å¸¸çš„:
 tensor([[0.9044],
        [0.8332],
        [0.9833],
        [0.1455],
        [0.7171],
        [0.0857],
        [0.4771],
        [0.4774],
        [0.5214],
        [0.8497],
        [0.0617],
        [0.0885]], device='cuda:0', grad_fn=<SigmoidBackward0>)
Epoch [29/100], T_AUC: [4m0.8196[0m
Epoch [29/100], Loss: 13.5854
val_Accuracy: [92m0.7919[0m
val_Precision: [4;34m0.7952[0m,               val_Recall: [4;33m0.7776[0m,                 val_F1 Score: [4;35m0.7810[0m
æ ‡ç­¾é‡Œ1çš„ä¸ªæ•°:  430
æ ‡ç­¾é‡Œ0çš„ä¸ªæ•°:  430
æ€»æ•°:  860
æ­£ç¡®çš„ä¸ªæ•°:  681
Epoch [29/100], V_AUC: [4m0.7902[0m
Epoch [30/100], Loss: 56.3553
train_Accuracy: [91m0.8151[0m
train_Precision: [4;34m0.8020[0m,               train_Recall: [4;33m0.8432[0m,                 train_F1 Score: [4;35m0.8170[0m
æ ‡ç­¾é‡Œ1çš„ä¸ªæ•°:  2150
æ ‡ç­¾é‡Œ0çš„ä¸ªæ•°:  2150
æ€»æ•°:  4300
æ­£ç¡®çš„ä¸ªæ•°:  3505
æœ€åä¸€ä¸ªæ‰¹æ¬¡çš„è¾“å‡º, ä¸æ»¡batchsizeæ˜¯æ­£å¸¸çš„:
 tensor([[0.8885],
        [0.8230],
        [0.9847],
        [0.1427],
        [0.7389],
        [0.0851],
        [0.4729],
        [0.4716],
        [0.5249],
        [0.8497],
        [0.0604],
        [0.0941]], device='cuda:0', grad_fn=<SigmoidBackward0>)
Epoch [30/100], T_AUC: [4m0.8193[0m
Epoch [30/100], Loss: 13.6567
val_Accuracy: [92m0.7872[0m
val_Precision: [4;34m0.7865[0m,               val_Recall: [4;33m0.7796[0m,                 val_F1 Score: [4;35m0.7776[0m
æ ‡ç­¾é‡Œ1çš„ä¸ªæ•°:  430
æ ‡ç­¾é‡Œ0çš„ä¸ªæ•°:  430
æ€»æ•°:  860
æ­£ç¡®çš„ä¸ªæ•°:  677
Epoch [30/100], V_AUC: [4m0.7861[0m
Epoch [31/100], Loss: 56.2815
train_Accuracy: [91m0.8174[0m
train_Precision: [4;34m0.8058[0m,               train_Recall: [4;33m0.8428[0m,                 train_F1 Score: [4;35m0.8184[0m
æ ‡ç­¾é‡Œ1çš„ä¸ªæ•°:  2150
æ ‡ç­¾é‡Œ0çš„ä¸ªæ•°:  2150
æ€»æ•°:  4300
æ­£ç¡®çš„ä¸ªæ•°:  3515
æœ€åä¸€ä¸ªæ‰¹æ¬¡çš„è¾“å‡º, ä¸æ»¡batchsizeæ˜¯æ­£å¸¸çš„:
 tensor([[0.8805],
        [0.8073],
        [0.9846],
        [0.1383],
        [0.7583],
        [0.0765],
        [0.4859],
        [0.4546],
        [0.5355],
        [0.8472],
        [0.0608],
        [0.0978]], device='cuda:0', grad_fn=<SigmoidBackward0>)
Epoch [31/100], T_AUC: [4m0.8221[0m
Epoch [31/100], Loss: 13.7604
val_Accuracy: [92m0.7919[0m
val_Precision: [4;34m0.8001[0m,               val_Recall: [4;33m0.7675[0m,                 val_F1 Score: [4;35m0.7779[0m
æ ‡ç­¾é‡Œ1çš„ä¸ªæ•°:  430
æ ‡ç­¾é‡Œ0çš„ä¸ªæ•°:  430
æ€»æ•°:  860
æ­£ç¡®çš„ä¸ªæ•°:  681
Epoch [31/100], V_AUC: [4m0.7898[0m
Epoch [32/100], Loss: 56.2518
train_Accuracy: [91m0.8163[0m
train_Precision: [4;34m0.8048[0m,               train_Recall: [4;33m0.8416[0m,                 train_F1 Score: [4;35m0.8174[0m
æ ‡ç­¾é‡Œ1çš„ä¸ªæ•°:  2150
æ ‡ç­¾é‡Œ0çš„ä¸ªæ•°:  2150
æ€»æ•°:  4300
æ­£ç¡®çš„ä¸ªæ•°:  3510
æœ€åä¸€ä¸ªæ‰¹æ¬¡çš„è¾“å‡º, ä¸æ»¡batchsizeæ˜¯æ­£å¸¸çš„:
 tensor([[0.8885],
        [0.8088],
        [0.9826],
        [0.1441],
        [0.7539],
        [0.0771],
        [0.5083],
        [0.4057],
        [0.5618],
        [0.8582],
        [0.0717],
        [0.0768]], device='cuda:0', grad_fn=<SigmoidBackward0>)
Epoch [32/100], T_AUC: [4m0.8211[0m
Epoch [32/100], Loss: 13.7825
val_Accuracy: [92m0.7919[0m
val_Precision: [4;34m0.8022[0m,               val_Recall: [4;33m0.7597[0m,                 val_F1 Score: [4;35m0.7753[0m
æ ‡ç­¾é‡Œ1çš„ä¸ªæ•°:  430
æ ‡ç­¾é‡Œ0çš„ä¸ªæ•°:  430
æ€»æ•°:  860
æ­£ç¡®çš„ä¸ªæ•°:  681
Epoch [32/100], V_AUC: [4m0.7892[0m
Epoch [33/100], Loss: 56.3219
train_Accuracy: [91m0.8158[0m
train_Precision: [4;34m0.8056[0m,               train_Recall: [4;33m0.8401[0m,                 train_F1 Score: [4;35m0.8172[0m
æ ‡ç­¾é‡Œ1çš„ä¸ªæ•°:  2150
æ ‡ç­¾é‡Œ0çš„ä¸ªæ•°:  2150
æ€»æ•°:  4300
æ­£ç¡®çš„ä¸ªæ•°:  3508
æœ€åä¸€ä¸ªæ‰¹æ¬¡çš„è¾“å‡º, ä¸æ»¡batchsizeæ˜¯æ­£å¸¸çš„:
 tensor([[0.8928],
        [0.8285],
        [0.9804],
        [0.1647],
        [0.7532],
        [0.0776],
        [0.5135],
        [0.3916],
        [0.5844],
        [0.8541],
        [0.0584],
        [0.0746]], device='cuda:0', grad_fn=<SigmoidBackward0>)
Epoch [33/100], T_AUC: [4m0.8207[0m
Epoch [33/100], Loss: 13.7198
val_Accuracy: [92m0.7919[0m
val_Precision: [4;34m0.7977[0m,               val_Recall: [4;33m0.7697[0m,                 val_F1 Score: [4;35m0.7779[0m
æ ‡ç­¾é‡Œ1çš„ä¸ªæ•°:  430
æ ‡ç­¾é‡Œ0çš„ä¸ªæ•°:  430
æ€»æ•°:  860
æ­£ç¡®çš„ä¸ªæ•°:  681
Epoch [33/100], V_AUC: [4m0.7897[0m
Epoch [34/100], Loss: 56.2532
train_Accuracy: [91m0.8163[0m
train_Precision: [4;34m0.8059[0m,               train_Recall: [4;33m0.8399[0m,                 train_F1 Score: [4;35m0.8174[0m
æ ‡ç­¾é‡Œ1çš„ä¸ªæ•°:  2150
æ ‡ç­¾é‡Œ0çš„ä¸ªæ•°:  2150
æ€»æ•°:  4300
æ­£ç¡®çš„ä¸ªæ•°:  3510
æœ€åä¸€ä¸ªæ‰¹æ¬¡çš„è¾“å‡º, ä¸æ»¡batchsizeæ˜¯æ­£å¸¸çš„:
 tensor([[0.8985],
        [0.8424],
        [0.9815],
        [0.1763],
        [0.7452],
        [0.0818],
        [0.5112],
        [0.3672],
        [0.5687],
        [0.8604],
        [0.0588],
        [0.0749]], device='cuda:0', grad_fn=<SigmoidBackward0>)
Epoch [34/100], T_AUC: [4m0.8210[0m
Epoch [34/100], Loss: 13.6448
val_Accuracy: [92m0.7942[0m
val_Precision: [4;34m0.7969[0m,               val_Recall: [4;33m0.7760[0m,                 val_F1 Score: [4;35m0.7809[0m
æ ‡ç­¾é‡Œ1çš„ä¸ªæ•°:  430
æ ‡ç­¾é‡Œ0çš„ä¸ªæ•°:  430
æ€»æ•°:  860
æ­£ç¡®çš„ä¸ªæ•°:  683
Epoch [34/100], V_AUC: [4m0.7913[0m
Epoch [35/100], Loss: 56.1859
train_Accuracy: [91m0.8160[0m
train_Precision: [4;34m0.8049[0m,               train_Recall: [4;33m0.8411[0m,                 train_F1 Score: [4;35m0.8174[0m
æ ‡ç­¾é‡Œ1çš„ä¸ªæ•°:  2150
æ ‡ç­¾é‡Œ0çš„ä¸ªæ•°:  2150
æ€»æ•°:  4300
æ­£ç¡®çš„ä¸ªæ•°:  3509
æœ€åä¸€ä¸ªæ‰¹æ¬¡çš„è¾“å‡º, ä¸æ»¡batchsizeæ˜¯æ­£å¸¸çš„:
 tensor([[0.8902],
        [0.8420],
        [0.9848],
        [0.1609],
        [0.7362],
        [0.0732],
        [0.4938],
        [0.3761],
        [0.5640],
        [0.8560],
        [0.0665],
        [0.0837]], device='cuda:0', grad_fn=<SigmoidBackward0>)
Epoch [35/100], T_AUC: [4m0.8207[0m
Epoch [35/100], Loss: 13.7827
val_Accuracy: [92m0.7884[0m
val_Precision: [4;34m0.7937[0m,               val_Recall: [4;33m0.7641[0m,                 val_F1 Score: [4;35m0.7735[0m
æ ‡ç­¾é‡Œ1çš„ä¸ªæ•°:  430
æ ‡ç­¾é‡Œ0çš„ä¸ªæ•°:  430
æ€»æ•°:  860
æ­£ç¡®çš„ä¸ªæ•°:  678
Epoch [35/100], V_AUC: [4m0.7858[0m
Epoch [36/100], Loss: 56.1255
train_Accuracy: [91m0.8149[0m
train_Precision: [4;34m0.8034[0m,               train_Recall: [4;33m0.8404[0m,                 train_F1 Score: [4;35m0.8163[0m
æ ‡ç­¾é‡Œ1çš„ä¸ªæ•°:  2150
æ ‡ç­¾é‡Œ0çš„ä¸ªæ•°:  2150
æ€»æ•°:  4300
æ­£ç¡®çš„ä¸ªæ•°:  3504
æœ€åä¸€ä¸ªæ‰¹æ¬¡çš„è¾“å‡º, ä¸æ»¡batchsizeæ˜¯æ­£å¸¸çš„:
 tensor([[0.8813],
        [0.8328],
        [0.9880],
        [0.1439],
        [0.7279],
        [0.0704],
        [0.4680],
        [0.4114],
        [0.5411],
        [0.8430],
        [0.0689],
        [0.0989]], device='cuda:0', grad_fn=<SigmoidBackward0>)
Epoch [36/100], T_AUC: [4m0.8189[0m
Epoch [36/100], Loss: 13.8068
val_Accuracy: [92m0.7884[0m
val_Precision: [4;34m0.7957[0m,               val_Recall: [4;33m0.7620[0m,                 val_F1 Score: [4;35m0.7732[0m
æ ‡ç­¾é‡Œ1çš„ä¸ªæ•°:  430
æ ‡ç­¾é‡Œ0çš„ä¸ªæ•°:  430
æ€»æ•°:  860
æ­£ç¡®çš„ä¸ªæ•°:  678
Epoch [36/100], V_AUC: [4m0.7856[0m
Epoch [37/100], Loss: 56.1218
train_Accuracy: [91m0.8158[0m
train_Precision: [4;34m0.8037[0m,               train_Recall: [4;33m0.8432[0m,                 train_F1 Score: [4;35m0.8178[0m
æ ‡ç­¾é‡Œ1çš„ä¸ªæ•°:  2150
æ ‡ç­¾é‡Œ0çš„ä¸ªæ•°:  2150
æ€»æ•°:  4300
æ­£ç¡®çš„ä¸ªæ•°:  3508
æœ€åä¸€ä¸ªæ‰¹æ¬¡çš„è¾“å‡º, ä¸æ»¡batchsizeæ˜¯æ­£å¸¸çš„:
 tensor([[0.8635],
        [0.8118],
        [0.9883],
        [0.1754],
        [0.7427],
        [0.0831],
        [0.4926],
        [0.3729],
        [0.5583],
        [0.8531],
        [0.0677],
        [0.0783]], device='cuda:0', grad_fn=<SigmoidBackward0>)
Epoch [37/100], T_AUC: [4m0.8203[0m
Epoch [37/100], Loss: 13.8007
val_Accuracy: [92m0.7895[0m
val_Precision: [4;34m0.7961[0m,               val_Recall: [4;33m0.7649[0m,                 val_F1 Score: [4;35m0.7746[0m
æ ‡ç­¾é‡Œ1çš„ä¸ªæ•°:  430
æ ‡ç­¾é‡Œ0çš„ä¸ªæ•°:  430
æ€»æ•°:  860
æ­£ç¡®çš„ä¸ªæ•°:  679
Epoch [37/100], V_AUC: [4m0.7870[0m
Epoch [38/100], Loss: 56.1180
train_Accuracy: [91m0.8151[0m
train_Precision: [4;34m0.8041[0m,               train_Recall: [4;33m0.8400[0m,                 train_F1 Score: [4;35m0.8167[0m
æ ‡ç­¾é‡Œ1çš„ä¸ªæ•°:  2150
æ ‡ç­¾é‡Œ0çš„ä¸ªæ•°:  2150
æ€»æ•°:  4300
æ­£ç¡®çš„ä¸ªæ•°:  3505
æœ€åä¸€ä¸ªæ‰¹æ¬¡çš„è¾“å‡º, ä¸æ»¡batchsizeæ˜¯æ­£å¸¸çš„:
 tensor([[0.8811],
        [0.8270],
        [0.9849],
        [0.1726],
        [0.7423],
        [0.0772],
        [0.5002],
        [0.3500],
        [0.5666],
        [0.8730],
        [0.0615],
        [0.0823]], device='cuda:0', grad_fn=<SigmoidBackward0>)
Epoch [38/100], T_AUC: [4m0.8196[0m
Epoch [38/100], Loss: 13.8026
val_Accuracy: [92m0.7895[0m
val_Precision: [4;34m0.7974[0m,               val_Recall: [4;33m0.7623[0m,                 val_F1 Score: [4;35m0.7736[0m
æ ‡ç­¾é‡Œ1çš„ä¸ªæ•°:  430
æ ‡ç­¾é‡Œ0çš„ä¸ªæ•°:  430
æ€»æ•°:  860
æ­£ç¡®çš„ä¸ªæ•°:  679
Epoch [38/100], V_AUC: [4m0.7869[0m
Epoch [39/100], Loss: 56.0970
train_Accuracy: [91m0.8167[0m
train_Precision: [4;34m0.8066[0m,               train_Recall: [4;33m0.8403[0m,                 train_F1 Score: [4;35m0.8181[0m
æ ‡ç­¾é‡Œ1çš„ä¸ªæ•°:  2150
æ ‡ç­¾é‡Œ0çš„ä¸ªæ•°:  2150
æ€»æ•°:  4300
æ­£ç¡®çš„ä¸ªæ•°:  3512
æœ€åä¸€ä¸ªæ‰¹æ¬¡çš„è¾“å‡º, ä¸æ»¡batchsizeæ˜¯æ­£å¸¸çš„:
 tensor([[0.8876],
        [0.8462],
        [0.9850],
        [0.1652],
        [0.7431],
        [0.0790],
        [0.5030],
        [0.3551],
        [0.5595],
        [0.8610],
        [0.0570],
        [0.0906]], device='cuda:0', grad_fn=<SigmoidBackward0>)
Epoch [39/100], T_AUC: [4m0.8214[0m
Epoch [39/100], Loss: 13.7174
val_Accuracy: [92m0.7919[0m
val_Precision: [4;34m0.7971[0m,               val_Recall: [4;33m0.7693[0m,                 val_F1 Score: [4;35m0.7773[0m
æ ‡ç­¾é‡Œ1çš„ä¸ªæ•°:  430
æ ‡ç­¾é‡Œ0çš„ä¸ªæ•°:  430
æ€»æ•°:  860
æ­£ç¡®çš„ä¸ªæ•°:  681
Epoch [39/100], V_AUC: [4m0.7892[0m
Epoch [40/100], Loss: 56.0408
train_Accuracy: [91m0.8167[0m
train_Precision: [4;34m0.8058[0m,               train_Recall: [4;33m0.8411[0m,                 train_F1 Score: [4;35m0.8180[0m
æ ‡ç­¾é‡Œ1çš„ä¸ªæ•°:  2150
æ ‡ç­¾é‡Œ0çš„ä¸ªæ•°:  2150
æ€»æ•°:  4300
æ­£ç¡®çš„ä¸ªæ•°:  3512
æœ€åä¸€ä¸ªæ‰¹æ¬¡çš„è¾“å‡º, ä¸æ»¡batchsizeæ˜¯æ­£å¸¸çš„:
 tensor([[0.8587],
        [0.8359],
        [0.9896],
        [0.1713],
        [0.7133],
        [0.0812],
        [0.4904],
        [0.3677],
        [0.5609],
        [0.8444],
        [0.0629],
        [0.0932]], device='cuda:0', grad_fn=<SigmoidBackward0>)
Epoch [40/100], T_AUC: [4m0.8211[0m
Epoch [40/100], Loss: 13.7639
val_Accuracy: [92m0.7860[0m
val_Precision: [4;34m0.7901[0m,               val_Recall: [4;33m0.7669[0m,                 val_F1 Score: [4;35m0.7724[0m
æ ‡ç­¾é‡Œ1çš„ä¸ªæ•°:  430
æ ‡ç­¾é‡Œ0çš„ä¸ªæ•°:  430
æ€»æ•°:  860
æ­£ç¡®çš„ä¸ªæ•°:  676
Epoch [40/100], V_AUC: [4m0.7837[0m
Epoch [41/100], Loss: 55.9976
train_Accuracy: [91m0.8181[0m
train_Precision: [4;34m0.8066[0m,               train_Recall: [4;33m0.8433[0m,                 train_F1 Score: [4;35m0.8194[0m
æ ‡ç­¾é‡Œ1çš„ä¸ªæ•°:  2150
æ ‡ç­¾é‡Œ0çš„ä¸ªæ•°:  2150
æ€»æ•°:  4300
æ­£ç¡®çš„ä¸ªæ•°:  3518
æœ€åä¸€ä¸ªæ‰¹æ¬¡çš„è¾“å‡º, ä¸æ»¡batchsizeæ˜¯æ­£å¸¸çš„:
 tensor([[0.8691],
        [0.8290],
        [0.9898],
        [0.1688],
        [0.7131],
        [0.0793],
        [0.4962],
        [0.3630],
        [0.5628],
        [0.8485],
        [0.0639],
        [0.0934]], device='cuda:0', grad_fn=<SigmoidBackward0>)
Epoch [41/100], T_AUC: [4m0.8225[0m
Epoch [41/100], Loss: 13.7864
val_Accuracy: [92m0.7895[0m
val_Precision: [4;34m0.7950[0m,               val_Recall: [4;33m0.7669[0m,                 val_F1 Score: [4;35m0.7751[0m
æ ‡ç­¾é‡Œ1çš„ä¸ªæ•°:  430
æ ‡ç­¾é‡Œ0çš„ä¸ªæ•°:  430
æ€»æ•°:  860
æ­£ç¡®çš„ä¸ªæ•°:  679
Epoch [41/100], V_AUC: [4m0.7870[0m
Epoch [42/100], Loss: 55.9989
train_Accuracy: [91m0.8174[0m
train_Precision: [4;34m0.8056[0m,               train_Recall: [4;33m0.8426[0m,                 train_F1 Score: [4;35m0.8187[0m
æ ‡ç­¾é‡Œ1çš„ä¸ªæ•°:  2150
æ ‡ç­¾é‡Œ0çš„ä¸ªæ•°:  2150
æ€»æ•°:  4300
æ­£ç¡®çš„ä¸ªæ•°:  3515
æœ€åä¸€ä¸ªæ‰¹æ¬¡çš„è¾“å‡º, ä¸æ»¡batchsizeæ˜¯æ­£å¸¸çš„:
 tensor([[0.8578],
        [0.8325],
        [0.9904],
        [0.1731],
        [0.7321],
        [0.0788],
        [0.4951],
        [0.3475],
        [0.5537],
        [0.8424],
        [0.0640],
        [0.0949]], device='cuda:0', grad_fn=<SigmoidBackward0>)
Epoch [42/100], T_AUC: [4m0.8218[0m
Epoch [42/100], Loss: 13.8098
val_Accuracy: [92m0.7919[0m
val_Precision: [4;34m0.8002[0m,               val_Recall: [4;33m0.7641[0m,                 val_F1 Score: [4;35m0.7763[0m
æ ‡ç­¾é‡Œ1çš„ä¸ªæ•°:  430
æ ‡ç­¾é‡Œ0çš„ä¸ªæ•°:  430
æ€»æ•°:  860
æ­£ç¡®çš„ä¸ªæ•°:  681
Epoch [42/100], V_AUC: [4m0.7887[0m
Epoch [43/100], Loss: 55.9847
train_Accuracy: [91m0.8165[0m
train_Precision: [4;34m0.8051[0m,               train_Recall: [4;33m0.8408[0m,                 train_F1 Score: [4;35m0.8176[0m
æ ‡ç­¾é‡Œ1çš„ä¸ªæ•°:  2150
æ ‡ç­¾é‡Œ0çš„ä¸ªæ•°:  2150
æ€»æ•°:  4300
æ­£ç¡®çš„ä¸ªæ•°:  3511
æœ€åä¸€ä¸ªæ‰¹æ¬¡çš„è¾“å‡º, ä¸æ»¡batchsizeæ˜¯æ­£å¸¸çš„:
 tensor([[0.8421],
        [0.8197],
        [0.9911],
        [0.1619],
        [0.7252],
        [0.0794],
        [0.4861],
        [0.3606],
        [0.5524],
        [0.8430],
        [0.0670],
        [0.1013]], device='cuda:0', grad_fn=<SigmoidBackward0>)
Epoch [43/100], T_AUC: [4m0.8208[0m
Epoch [43/100], Loss: 13.7768
val_Accuracy: [92m0.7907[0m
val_Precision: [4;34m0.7975[0m,               val_Recall: [4;33m0.7669[0m,                 val_F1 Score: [4;35m0.7763[0m
æ ‡ç­¾é‡Œ1çš„ä¸ªæ•°:  430
æ ‡ç­¾é‡Œ0çš„ä¸ªæ•°:  430
æ€»æ•°:  860
æ­£ç¡®çš„ä¸ªæ•°:  680
Epoch [43/100], V_AUC: [4m0.7878[0m
Epoch [44/100], Loss: 55.9813
train_Accuracy: [91m0.8184[0m
train_Precision: [4;34m0.8062[0m,               train_Recall: [4;33m0.8440[0m,                 train_F1 Score: [4;35m0.8197[0m
æ ‡ç­¾é‡Œ1çš„ä¸ªæ•°:  2150
æ ‡ç­¾é‡Œ0çš„ä¸ªæ•°:  2150
æ€»æ•°:  4300
æ­£ç¡®çš„ä¸ªæ•°:  3519
æœ€åä¸€ä¸ªæ‰¹æ¬¡çš„è¾“å‡º, ä¸æ»¡batchsizeæ˜¯æ­£å¸¸çš„:
 tensor([[0.8426],
        [0.8209],
        [0.9907],
        [0.1633],
        [0.7332],
        [0.0817],
        [0.4943],
        [0.3728],
        [0.5519],
        [0.8513],
        [0.0666],
        [0.0948]], device='cuda:0', grad_fn=<SigmoidBackward0>)
Epoch [44/100], T_AUC: [4m0.8228[0m
Epoch [44/100], Loss: 13.6721
val_Accuracy: [92m0.7895[0m
val_Precision: [4;34m0.7940[0m,               val_Recall: [4;33m0.7693[0m,                 val_F1 Score: [4;35m0.7755[0m
æ ‡ç­¾é‡Œ1çš„ä¸ªæ•°:  430
æ ‡ç­¾é‡Œ0çš„ä¸ªæ•°:  430
æ€»æ•°:  860
æ­£ç¡®çš„ä¸ªæ•°:  679
Epoch [44/100], V_AUC: [4m0.7869[0m
Epoch [45/100], Loss: 55.9300
train_Accuracy: [91m0.8167[0m
train_Precision: [4;34m0.8053[0m,               train_Recall: [4;33m0.8417[0m,                 train_F1 Score: [4;35m0.8179[0m
æ ‡ç­¾é‡Œ1çš„ä¸ªæ•°:  2150
æ ‡ç­¾é‡Œ0çš„ä¸ªæ•°:  2150
æ€»æ•°:  4300
æ­£ç¡®çš„ä¸ªæ•°:  3512
æœ€åä¸€ä¸ªæ‰¹æ¬¡çš„è¾“å‡º, ä¸æ»¡batchsizeæ˜¯æ­£å¸¸çš„:
 tensor([[0.8510],
        [0.8299],
        [0.9906],
        [0.1585],
        [0.7360],
        [0.0760],
        [0.4807],
        [0.3752],
        [0.5503],
        [0.8520],
        [0.0652],
        [0.0998]], device='cuda:0', grad_fn=<SigmoidBackward0>)
Epoch [45/100], T_AUC: [4m0.8213[0m
Epoch [45/100], Loss: 13.7914
val_Accuracy: [92m0.7919[0m
val_Precision: [4;34m0.7975[0m,               val_Recall: [4;33m0.7693[0m,                 val_F1 Score: [4;35m0.7774[0m
æ ‡ç­¾é‡Œ1çš„ä¸ªæ•°:  430
æ ‡ç­¾é‡Œ0çš„ä¸ªæ•°:  430
æ€»æ•°:  860
æ­£ç¡®çš„ä¸ªæ•°:  681
Epoch [45/100], V_AUC: [4m0.7891[0m
Epoch [46/100], Loss: 55.9394
train_Accuracy: [91m0.8179[0m
train_Precision: [4;34m0.8058[0m,               train_Recall: [4;33m0.8429[0m,                 train_F1 Score: [4;35m0.8190[0m
æ ‡ç­¾é‡Œ1çš„ä¸ªæ•°:  2150
æ ‡ç­¾é‡Œ0çš„ä¸ªæ•°:  2150
æ€»æ•°:  4300
æ­£ç¡®çš„ä¸ªæ•°:  3517
æœ€åä¸€ä¸ªæ‰¹æ¬¡çš„è¾“å‡º, ä¸æ»¡batchsizeæ˜¯æ­£å¸¸çš„:
 tensor([[0.8595],
        [0.8244],
        [0.9897],
        [0.1650],
        [0.7360],
        [0.0739],
        [0.4742],
        [0.3749],
        [0.5503],
        [0.8550],
        [0.0635],
        [0.0977]], device='cuda:0', grad_fn=<SigmoidBackward0>)
Epoch [46/100], T_AUC: [4m0.8223[0m
Epoch [46/100], Loss: 13.7119
val_Accuracy: [92m0.7907[0m
val_Precision: [4;34m0.7956[0m,               val_Recall: [4;33m0.7693[0m,                 val_F1 Score: [4;35m0.7765[0m
æ ‡ç­¾é‡Œ1çš„ä¸ªæ•°:  430
æ ‡ç­¾é‡Œ0çš„ä¸ªæ•°:  430
æ€»æ•°:  860
æ­£ç¡®çš„ä¸ªæ•°:  680
Epoch [46/100], V_AUC: [4m0.7879[0m
Epoch [47/100], Loss: 55.9187
train_Accuracy: [91m0.8188[0m
train_Precision: [4;34m0.8065[0m,               train_Recall: [4;33m0.8445[0m,                 train_F1 Score: [4;35m0.8200[0m
æ ‡ç­¾é‡Œ1çš„ä¸ªæ•°:  2150
æ ‡ç­¾é‡Œ0çš„ä¸ªæ•°:  2150
æ€»æ•°:  4300
æ­£ç¡®çš„ä¸ªæ•°:  3521
æœ€åä¸€ä¸ªæ‰¹æ¬¡çš„è¾“å‡º, ä¸æ»¡batchsizeæ˜¯æ­£å¸¸çš„:
 tensor([[0.8554],
        [0.8340],
        [0.9894],
        [0.1637],
        [0.7441],
        [0.0733],
        [0.4844],
        [0.3639],
        [0.5573],
        [0.8552],
        [0.0625],
        [0.0967]], device='cuda:0', grad_fn=<SigmoidBackward0>)
Epoch [47/100], T_AUC: [4m0.8233[0m
Epoch [47/100], Loss: 13.6981
val_Accuracy: [92m0.7872[0m
val_Precision: [4;34m0.7900[0m,               val_Recall: [4;33m0.7696[0m,                 val_F1 Score: [4;35m0.7739[0m
æ ‡ç­¾é‡Œ1çš„ä¸ªæ•°:  430
æ ‡ç­¾é‡Œ0çš„ä¸ªæ•°:  430
æ€»æ•°:  860
æ­£ç¡®çš„ä¸ªæ•°:  677
Epoch [47/100], V_AUC: [4m0.7848[0m
Epoch [48/100], Loss: 55.8814
train_Accuracy: [91m0.8156[0m
train_Precision: [4;34m0.8042[0m,               train_Recall: [4;33m0.8405[0m,                 train_F1 Score: [4;35m0.8168[0m
æ ‡ç­¾é‡Œ1çš„ä¸ªæ•°:  2150
æ ‡ç­¾é‡Œ0çš„ä¸ªæ•°:  2150
æ€»æ•°:  4300
æ­£ç¡®çš„ä¸ªæ•°:  3507
æœ€åä¸€ä¸ªæ‰¹æ¬¡çš„è¾“å‡º, ä¸æ»¡batchsizeæ˜¯æ­£å¸¸çš„:
 tensor([[0.8674],
        [0.8354],
        [0.9887],
        [0.1615],
        [0.7512],
        [0.0752],
        [0.4849],
        [0.3490],
        [0.5382],
        [0.8576],
        [0.0623],
        [0.0961]], device='cuda:0', grad_fn=<SigmoidBackward0>)
Epoch [48/100], T_AUC: [4m0.8202[0m
Epoch [48/100], Loss: 13.7190
val_Accuracy: [92m0.7919[0m
val_Precision: [4;34m0.7982[0m,               val_Recall: [4;33m0.7693[0m,                 val_F1 Score: [4;35m0.7774[0m
æ ‡ç­¾é‡Œ1çš„ä¸ªæ•°:  430
æ ‡ç­¾é‡Œ0çš„ä¸ªæ•°:  430
æ€»æ•°:  860
æ­£ç¡®çš„ä¸ªæ•°:  681
Epoch [48/100], V_AUC: [4m0.7888[0m
Epoch [49/100], Loss: 55.8147
train_Accuracy: [91m0.8177[0m
train_Precision: [4;34m0.8064[0m,               train_Recall: [4;33m0.8421[0m,                 train_F1 Score: [4;35m0.8189[0m
æ ‡ç­¾é‡Œ1çš„ä¸ªæ•°:  2150
æ ‡ç­¾é‡Œ0çš„ä¸ªæ•°:  2150
æ€»æ•°:  4300
æ­£ç¡®çš„ä¸ªæ•°:  3516
æœ€åä¸€ä¸ªæ‰¹æ¬¡çš„è¾“å‡º, ä¸æ»¡batchsizeæ˜¯æ­£å¸¸çš„:
 tensor([[0.8760],
        [0.8477],
        [0.9885],
        [0.1631],
        [0.7478],
        [0.0763],
        [0.4684],
        [0.3561],
        [0.5506],
        [0.8564],
        [0.0618],
        [0.0900]], device='cuda:0', grad_fn=<SigmoidBackward0>)
Epoch [49/100], T_AUC: [4m0.8219[0m
Epoch [49/100], Loss: 13.7647
val_Accuracy: [92m0.7930[0m
val_Precision: [4;34m0.8006[0m,               val_Recall: [4;33m0.7699[0m,                 val_F1 Score: [4;35m0.7788[0m
æ ‡ç­¾é‡Œ1çš„ä¸ªæ•°:  430
æ ‡ç­¾é‡Œ0çš„ä¸ªæ•°:  430
æ€»æ•°:  860
æ­£ç¡®çš„ä¸ªæ•°:  682
Epoch [49/100], V_AUC: [4m0.7902[0m
Epoch [50/100], Loss: 55.7893
train_Accuracy: [91m0.8177[0m
train_Precision: [4;34m0.8061[0m,               train_Recall: [4;33m0.8438[0m,                 train_F1 Score: [4;35m0.8193[0m
æ ‡ç­¾é‡Œ1çš„ä¸ªæ•°:  2150
æ ‡ç­¾é‡Œ0çš„ä¸ªæ•°:  2150
æ€»æ•°:  4300
æ­£ç¡®çš„ä¸ªæ•°:  3516
æœ€åä¸€ä¸ªæ‰¹æ¬¡çš„è¾“å‡º, ä¸æ»¡batchsizeæ˜¯æ­£å¸¸çš„:
 tensor([[0.8776],
        [0.8486],
        [0.9891],
        [0.1571],
        [0.7582],
        [0.0742],
        [0.4656],
        [0.3435],
        [0.5427],
        [0.8651],
        [0.0625],
        [0.0927]], device='cuda:0', grad_fn=<SigmoidBackward0>)
Epoch [50/100], T_AUC: [4m0.8225[0m
Epoch [50/100], Loss: 13.8406
val_Accuracy: [92m0.7895[0m
val_Precision: [4;34m0.7948[0m,               val_Recall: [4;33m0.7664[0m,                 val_F1 Score: [4;35m0.7747[0m
æ ‡ç­¾é‡Œ1çš„ä¸ªæ•°:  430
æ ‡ç­¾é‡Œ0çš„ä¸ªæ•°:  430
æ€»æ•°:  860
æ­£ç¡®çš„ä¸ªæ•°:  679
Epoch [50/100], V_AUC: [4m0.7865[0m
Epoch [51/100], Loss: 55.7212
train_Accuracy: [91m0.8184[0m
train_Precision: [4;34m0.8082[0m,               train_Recall: [4;33m0.8428[0m,                 train_F1 Score: [4;35m0.8198[0m
æ ‡ç­¾é‡Œ1çš„ä¸ªæ•°:  2150
æ ‡ç­¾é‡Œ0çš„ä¸ªæ•°:  2150
æ€»æ•°:  4300
æ­£ç¡®çš„ä¸ªæ•°:  3519
æœ€åä¸€ä¸ªæ‰¹æ¬¡çš„è¾“å‡º, ä¸æ»¡batchsizeæ˜¯æ­£å¸¸çš„:
 tensor([[0.8739],
        [0.8479],
        [0.9898],
        [0.1479],
        [0.7623],
        [0.0691],
        [0.4690],
        [0.3679],
        [0.5413],
        [0.8566],
        [0.0624],
        [0.1015]], device='cuda:0', grad_fn=<SigmoidBackward0>)
Epoch [51/100], T_AUC: [4m0.8231[0m
Epoch [51/100], Loss: 13.7367
val_Accuracy: [92m0.7895[0m
val_Precision: [4;34m0.7923[0m,               val_Recall: [4;33m0.7719[0m,                 val_F1 Score: [4;35m0.7762[0m
æ ‡ç­¾é‡Œ1çš„ä¸ªæ•°:  430
æ ‡ç­¾é‡Œ0çš„ä¸ªæ•°:  430
æ€»æ•°:  860
æ­£ç¡®çš„ä¸ªæ•°:  679
Epoch [51/100], V_AUC: [4m0.7870[0m
Epoch [52/100], Loss: 55.7054
train_Accuracy: [91m0.8184[0m
train_Precision: [4;34m0.8062[0m,               train_Recall: [4;33m0.8460[0m,                 train_F1 Score: [4;35m0.8204[0m
æ ‡ç­¾é‡Œ1çš„ä¸ªæ•°:  2150
æ ‡ç­¾é‡Œ0çš„ä¸ªæ•°:  2150
æ€»æ•°:  4300
æ­£ç¡®çš„ä¸ªæ•°:  3519
æœ€åä¸€ä¸ªæ‰¹æ¬¡çš„è¾“å‡º, ä¸æ»¡batchsizeæ˜¯æ­£å¸¸çš„:
 tensor([[0.8665],
        [0.8402],
        [0.9898],
        [0.1506],
        [0.7596],
        [0.0728],
        [0.4708],
        [0.3313],
        [0.5453],
        [0.8763],
        [0.0598],
        [0.0931]], device='cuda:0', grad_fn=<SigmoidBackward0>)
Epoch [52/100], T_AUC: [4m0.8232[0m
Epoch [52/100], Loss: 13.8384
val_Accuracy: [92m0.7884[0m
val_Precision: [4;34m0.7949[0m,               val_Recall: [4;33m0.7650[0m,                 val_F1 Score: [4;35m0.7738[0m
æ ‡ç­¾é‡Œ1çš„ä¸ªæ•°:  430
æ ‡ç­¾é‡Œ0çš„ä¸ªæ•°:  430
æ€»æ•°:  860
æ­£ç¡®çš„ä¸ªæ•°:  678
Epoch [52/100], V_AUC: [4m0.7858[0m
Epoch [53/100], Loss: 55.6866
train_Accuracy: [91m0.8186[0m
train_Precision: [4;34m0.8063[0m,               train_Recall: [4;33m0.8457[0m,                 train_F1 Score: [4;35m0.8206[0m
æ ‡ç­¾é‡Œ1çš„ä¸ªæ•°:  2150
æ ‡ç­¾é‡Œ0çš„ä¸ªæ•°:  2150
æ€»æ•°:  4300
æ­£ç¡®çš„ä¸ªæ•°:  3520
æœ€åä¸€ä¸ªæ‰¹æ¬¡çš„è¾“å‡º, ä¸æ»¡batchsizeæ˜¯æ­£å¸¸çš„:
 tensor([[0.8680],
        [0.8377],
        [0.9909],
        [0.1562],
        [0.7614],
        [0.0734],
        [0.4656],
        [0.3490],
        [0.5500],
        [0.8723],
        [0.0611],
        [0.0837]], device='cuda:0', grad_fn=<SigmoidBackward0>)
Epoch [53/100], T_AUC: [4m0.8228[0m
Epoch [53/100], Loss: 13.7555
val_Accuracy: [92m0.7907[0m
val_Precision: [4;34m0.7917[0m,               val_Recall: [4;33m0.7766[0m,                 val_F1 Score: [4;35m0.7781[0m
æ ‡ç­¾é‡Œ1çš„ä¸ªæ•°:  430
æ ‡ç­¾é‡Œ0çš„ä¸ªæ•°:  430
æ€»æ•°:  860
æ­£ç¡®çš„ä¸ªæ•°:  680
Epoch [53/100], V_AUC: [4m0.7885[0m
Epoch [54/100], Loss: 55.6840
train_Accuracy: [91m0.8186[0m
train_Precision: [4;34m0.8061[0m,               train_Recall: [4;33m0.8468[0m,                 train_F1 Score: [4;35m0.8208[0m
æ ‡ç­¾é‡Œ1çš„ä¸ªæ•°:  2150
æ ‡ç­¾é‡Œ0çš„ä¸ªæ•°:  2150
æ€»æ•°:  4300
æ­£ç¡®çš„ä¸ªæ•°:  3520
æœ€åä¸€ä¸ªæ‰¹æ¬¡çš„è¾“å‡º, ä¸æ»¡batchsizeæ˜¯æ­£å¸¸çš„:
 tensor([[0.8730],
        [0.8581],
        [0.9885],
        [0.1503],
        [0.7647],
        [0.0747],
        [0.4958],
        [0.3236],
        [0.5525],
        [0.8772],
        [0.0532],
        [0.0882]], device='cuda:0', grad_fn=<SigmoidBackward0>)
Epoch [54/100], T_AUC: [4m0.8234[0m
Epoch [54/100], Loss: 13.7432
val_Accuracy: [92m0.7872[0m
val_Precision: [4;34m0.7916[0m,               val_Recall: [4;33m0.7679[0m,                 val_F1 Score: [4;35m0.7738[0m
æ ‡ç­¾é‡Œ1çš„ä¸ªæ•°:  430
æ ‡ç­¾é‡Œ0çš„ä¸ªæ•°:  430
æ€»æ•°:  860
æ­£ç¡®çš„ä¸ªæ•°:  677
Epoch [54/100], V_AUC: [4m0.7852[0m
Epoch [55/100], Loss: 55.5917
train_Accuracy: [91m0.8188[0m
train_Precision: [4;34m0.8083[0m,               train_Recall: [4;33m0.8435[0m,                 train_F1 Score: [4;35m0.8205[0m
æ ‡ç­¾é‡Œ1çš„ä¸ªæ•°:  2150
æ ‡ç­¾é‡Œ0çš„ä¸ªæ•°:  2150
æ€»æ•°:  4300
æ­£ç¡®çš„ä¸ªæ•°:  3521
æœ€åä¸€ä¸ªæ‰¹æ¬¡çš„è¾“å‡º, ä¸æ»¡batchsizeæ˜¯æ­£å¸¸çš„:
 tensor([[0.8794],
        [0.8563],
        [0.9888],
        [0.1595],
        [0.7781],
        [0.0760],
        [0.4788],
        [0.3515],
        [0.5572],
        [0.8770],
        [0.0544],
        [0.0809]], device='cuda:0', grad_fn=<SigmoidBackward0>)
Epoch [55/100], T_AUC: [4m0.8234[0m
Epoch [55/100], Loss: 13.7191
val_Accuracy: [92m0.7884[0m
val_Precision: [4;34m0.7924[0m,               val_Recall: [4;33m0.7703[0m,                 val_F1 Score: [4;35m0.7756[0m
æ ‡ç­¾é‡Œ1çš„ä¸ªæ•°:  430
æ ‡ç­¾é‡Œ0çš„ä¸ªæ•°:  430
æ€»æ•°:  860
æ­£ç¡®çš„ä¸ªæ•°:  678
Epoch [55/100], V_AUC: [4m0.7861[0m
Epoch [56/100], Loss: 55.6605
train_Accuracy: [91m0.8167[0m
train_Precision: [4;34m0.8033[0m,               train_Recall: [4;33m0.8467[0m,                 train_F1 Score: [4;35m0.8192[0m
æ ‡ç­¾é‡Œ1çš„ä¸ªæ•°:  2150
æ ‡ç­¾é‡Œ0çš„ä¸ªæ•°:  2150
æ€»æ•°:  4300
æ­£ç¡®çš„ä¸ªæ•°:  3512
æœ€åä¸€ä¸ªæ‰¹æ¬¡çš„è¾“å‡º, ä¸æ»¡batchsizeæ˜¯æ­£å¸¸çš„:
 tensor([[0.8692],
        [0.8555],
        [0.9892],
        [0.1720],
        [0.7769],
        [0.0785],
        [0.4781],
        [0.3296],
        [0.5593],
        [0.8807],
        [0.0489],
        [0.0793]], device='cuda:0', grad_fn=<SigmoidBackward0>)
Epoch [56/100], T_AUC: [4m0.8213[0m
Epoch [56/100], Loss: 13.7535
val_Accuracy: [92m0.7907[0m
val_Precision: [4;34m0.7962[0m,               val_Recall: [4;33m0.7703[0m,                 val_F1 Score: [4;35m0.7774[0m
æ ‡ç­¾é‡Œ1çš„ä¸ªæ•°:  430
æ ‡ç­¾é‡Œ0çš„ä¸ªæ•°:  430
æ€»æ•°:  860
æ­£ç¡®çš„ä¸ªæ•°:  680
Epoch [56/100], V_AUC: [4m0.7884[0m
Epoch [57/100], Loss: 55.5519
train_Accuracy: [91m0.8191[0m
train_Precision: [4;34m0.8047[0m,               train_Recall: [4;33m0.8488[0m,                 train_F1 Score: [4;35m0.8214[0m
æ ‡ç­¾é‡Œ1çš„ä¸ªæ•°:  2150
æ ‡ç­¾é‡Œ0çš„ä¸ªæ•°:  2150
æ€»æ•°:  4300
æ­£ç¡®çš„ä¸ªæ•°:  3522
æœ€åä¸€ä¸ªæ‰¹æ¬¡çš„è¾“å‡º, ä¸æ»¡batchsizeæ˜¯æ­£å¸¸çš„:
 tensor([[0.8675],
        [0.8542],
        [0.9905],
        [0.1534],
        [0.7626],
        [0.0676],
        [0.4653],
        [0.3637],
        [0.5531],
        [0.8845],
        [0.0509],
        [0.0848]], device='cuda:0', grad_fn=<SigmoidBackward0>)
Epoch [57/100], T_AUC: [4m0.8232[0m
Epoch [57/100], Loss: 13.8831
val_Accuracy: [92m0.7907[0m
val_Precision: [4;34m0.8006[0m,               val_Recall: [4;33m0.7635[0m,                 val_F1 Score: [4;35m0.7760[0m
æ ‡ç­¾é‡Œ1çš„ä¸ªæ•°:  430
æ ‡ç­¾é‡Œ0çš„ä¸ªæ•°:  430
æ€»æ•°:  860
æ­£ç¡®çš„ä¸ªæ•°:  680
Epoch [57/100], V_AUC: [4m0.7883[0m
Epoch [58/100], Loss: 55.5323
train_Accuracy: [91m0.8184[0m
train_Precision: [4;34m0.8072[0m,               train_Recall: [4;33m0.8436[0m,                 train_F1 Score: [4;35m0.8201[0m
æ ‡ç­¾é‡Œ1çš„ä¸ªæ•°:  2150
æ ‡ç­¾é‡Œ0çš„ä¸ªæ•°:  2150
æ€»æ•°:  4300
æ­£ç¡®çš„ä¸ªæ•°:  3519
æœ€åä¸€ä¸ªæ‰¹æ¬¡çš„è¾“å‡º, ä¸æ»¡batchsizeæ˜¯æ­£å¸¸çš„:
 tensor([[0.8779],
        [0.8494],
        [0.9890],
        [0.1583],
        [0.7972],
        [0.0674],
        [0.4806],
        [0.3779],
        [0.5500],
        [0.8835],
        [0.0520],
        [0.0823]], device='cuda:0', grad_fn=<SigmoidBackward0>)
Epoch [58/100], T_AUC: [4m0.8226[0m
Epoch [58/100], Loss: 13.7340
val_Accuracy: [92m0.7907[0m
val_Precision: [4;34m0.7966[0m,               val_Recall: [4;33m0.7736[0m,                 val_F1 Score: [4;35m0.7793[0m
æ ‡ç­¾é‡Œ1çš„ä¸ªæ•°:  430
æ ‡ç­¾é‡Œ0çš„ä¸ªæ•°:  430
æ€»æ•°:  860
æ­£ç¡®çš„ä¸ªæ•°:  680
Epoch [58/100], V_AUC: [4m0.7890[0m
Epoch [59/100], Loss: 55.5125
train_Accuracy: [91m0.8188[0m
train_Precision: [4;34m0.8053[0m,               train_Recall: [4;33m0.8478[0m,                 train_F1 Score: [4;35m0.8211[0m
æ ‡ç­¾é‡Œ1çš„ä¸ªæ•°:  2150
æ ‡ç­¾é‡Œ0çš„ä¸ªæ•°:  2150
æ€»æ•°:  4300
æ­£ç¡®çš„ä¸ªæ•°:  3521
æœ€åä¸€ä¸ªæ‰¹æ¬¡çš„è¾“å‡º, ä¸æ»¡batchsizeæ˜¯æ­£å¸¸çš„:
 tensor([[0.8665],
        [0.8610],
        [0.9907],
        [0.1606],
        [0.7953],
        [0.0707],
        [0.4712],
        [0.3438],
        [0.5447],
        [0.8797],
        [0.0501],
        [0.0776]], device='cuda:0', grad_fn=<SigmoidBackward0>)
Epoch [59/100], T_AUC: [4m0.8230[0m
Epoch [59/100], Loss: 13.9258
val_Accuracy: [92m0.7919[0m
val_Precision: [4;34m0.8024[0m,               val_Recall: [4;33m0.7635[0m,                 val_F1 Score: [4;35m0.7769[0m
æ ‡ç­¾é‡Œ1çš„ä¸ªæ•°:  430
æ ‡ç­¾é‡Œ0çš„ä¸ªæ•°:  430
æ€»æ•°:  860
æ­£ç¡®çš„ä¸ªæ•°:  681
Epoch [59/100], V_AUC: [4m0.7894[0m
Epoch [60/100], Loss: 55.4543
train_Accuracy: [91m0.8195[0m
train_Precision: [4;34m0.8063[0m,               train_Recall: [4;33m0.8479[0m,                 train_F1 Score: [4;35m0.8217[0m
æ ‡ç­¾é‡Œ1çš„ä¸ªæ•°:  2150
æ ‡ç­¾é‡Œ0çš„ä¸ªæ•°:  2150
æ€»æ•°:  4300
æ­£ç¡®çš„ä¸ªæ•°:  3524
æœ€åä¸€ä¸ªæ‰¹æ¬¡çš„è¾“å‡º, ä¸æ»¡batchsizeæ˜¯æ­£å¸¸çš„:
 tensor([[0.8787],
        [0.8588],
        [0.9900],
        [0.1580],
        [0.7804],
        [0.0660],
        [0.4907],
        [0.3541],
        [0.5515],
        [0.8814],
        [0.0485],
        [0.0793]], device='cuda:0', grad_fn=<SigmoidBackward0>)
Epoch [60/100], T_AUC: [4m0.8237[0m
Epoch [60/100], Loss: 13.8415
val_Accuracy: [92m0.7919[0m
val_Precision: [4;34m0.7995[0m,               val_Recall: [4;33m0.7679[0m,                 val_F1 Score: [4;35m0.7775[0m
æ ‡ç­¾é‡Œ1çš„ä¸ªæ•°:  430
æ ‡ç­¾é‡Œ0çš„ä¸ªæ•°:  430
æ€»æ•°:  860
æ­£ç¡®çš„ä¸ªæ•°:  681
Epoch [60/100], V_AUC: [4m0.7895[0m
Epoch [61/100], Loss: 55.4357
train_Accuracy: [91m0.8179[0m
train_Precision: [4;34m0.8057[0m,               train_Recall: [4;33m0.8452[0m,                 train_F1 Score: [4;35m0.8199[0m
æ ‡ç­¾é‡Œ1çš„ä¸ªæ•°:  2150
æ ‡ç­¾é‡Œ0çš„ä¸ªæ•°:  2150
æ€»æ•°:  4300
æ­£ç¡®çš„ä¸ªæ•°:  3517
æœ€åä¸€ä¸ªæ‰¹æ¬¡çš„è¾“å‡º, ä¸æ»¡batchsizeæ˜¯æ­£å¸¸çš„:
 tensor([[0.8759],
        [0.8491],
        [0.9901],
        [0.1551],
        [0.8039],
        [0.0674],
        [0.4671],
        [0.3424],
        [0.5497],
        [0.8950],
        [0.0498],
        [0.0771]], device='cuda:0', grad_fn=<SigmoidBackward0>)
Epoch [61/100], T_AUC: [4m0.8224[0m
Epoch [61/100], Loss: 13.8832
val_Accuracy: [92m0.7930[0m
val_Precision: [4;34m0.8036[0m,               val_Recall: [4;33m0.7654[0m,                 val_F1 Score: [4;35m0.7781[0m
æ ‡ç­¾é‡Œ1çš„ä¸ªæ•°:  430
æ ‡ç­¾é‡Œ0çš„ä¸ªæ•°:  430
æ€»æ•°:  860
æ­£ç¡®çš„ä¸ªæ•°:  682
Epoch [61/100], V_AUC: [4m0.7905[0m
Epoch [62/100], Loss: 55.4294
train_Accuracy: [91m0.8207[0m
train_Precision: [4;34m0.8081[0m,               train_Recall: [4;33m0.8477[0m,                 train_F1 Score: [4;35m0.8225[0m
æ ‡ç­¾é‡Œ1çš„ä¸ªæ•°:  2150
æ ‡ç­¾é‡Œ0çš„ä¸ªæ•°:  2150
æ€»æ•°:  4300
æ­£ç¡®çš„ä¸ªæ•°:  3529
æœ€åä¸€ä¸ªæ‰¹æ¬¡çš„è¾“å‡º, ä¸æ»¡batchsizeæ˜¯æ­£å¸¸çš„:
 tensor([[0.8891],
        [0.8619],
        [0.9901],
        [0.1565],
        [0.7909],
        [0.0678],
        [0.4787],
        [0.3312],
        [0.5350],
        [0.8929],
        [0.0478],
        [0.0714]], device='cuda:0', grad_fn=<SigmoidBackward0>)
Epoch [62/100], T_AUC: [4m0.8250[0m
Epoch [62/100], Loss: 13.9105
val_Accuracy: [92m0.7977[0m
val_Precision: [4;34m0.8064[0m,               val_Recall: [4;33m0.7727[0m,                 val_F1 Score: [4;35m0.7839[0m
æ ‡ç­¾é‡Œ1çš„ä¸ªæ•°:  430
æ ‡ç­¾é‡Œ0çš„ä¸ªæ•°:  430
æ€»æ•°:  860
æ­£ç¡®çš„ä¸ªæ•°:  686
Epoch [62/100], V_AUC: [4m0.7949[0m
Epoch [63/100], Loss: 55.3301
train_Accuracy: [91m0.8191[0m
train_Precision: [4;34m0.8064[0m,               train_Recall: [4;33m0.8474[0m,                 train_F1 Score: [4;35m0.8213[0m
æ ‡ç­¾é‡Œ1çš„ä¸ªæ•°:  2150
æ ‡ç­¾é‡Œ0çš„ä¸ªæ•°:  2150
æ€»æ•°:  4300
æ­£ç¡®çš„ä¸ªæ•°:  3522
æœ€åä¸€ä¸ªæ‰¹æ¬¡çš„è¾“å‡º, ä¸æ»¡batchsizeæ˜¯æ­£å¸¸çš„:
 tensor([[0.8764],
        [0.8651],
        [0.9910],
        [0.1718],
        [0.7937],
        [0.0706],
        [0.4561],
        [0.3333],
        [0.5410],
        [0.8909],
        [0.0437],
        [0.0729]], device='cuda:0', grad_fn=<SigmoidBackward0>)
Epoch [63/100], T_AUC: [4m0.8237[0m
Epoch [63/100], Loss: 13.8982
val_Accuracy: [92m0.7942[0m
val_Precision: [4;34m0.8036[0m,               val_Recall: [4;33m0.7687[0m,                 val_F1 Score: [4;35m0.7808[0m
æ ‡ç­¾é‡Œ1çš„ä¸ªæ•°:  430
æ ‡ç­¾é‡Œ0çš„ä¸ªæ•°:  430
æ€»æ•°:  860
æ­£ç¡®çš„ä¸ªæ•°:  683
Epoch [63/100], V_AUC: [4m0.7919[0m
Epoch [64/100], Loss: 55.3321
train_Accuracy: [91m0.8188[0m
train_Precision: [4;34m0.8085[0m,               train_Recall: [4;33m0.8437[0m,                 train_F1 Score: [4;35m0.8207[0m
æ ‡ç­¾é‡Œ1çš„ä¸ªæ•°:  2150
æ ‡ç­¾é‡Œ0çš„ä¸ªæ•°:  2150
æ€»æ•°:  4300
æ­£ç¡®çš„ä¸ªæ•°:  3521
æœ€åä¸€ä¸ªæ‰¹æ¬¡çš„è¾“å‡º, ä¸æ»¡batchsizeæ˜¯æ­£å¸¸çš„:
 tensor([[0.8850],
        [0.8425],
        [0.9917],
        [0.1656],
        [0.8088],
        [0.0685],
        [0.4578],
        [0.3396],
        [0.5516],
        [0.8869],
        [0.0453],
        [0.0763]], device='cuda:0', grad_fn=<SigmoidBackward0>)
Epoch [64/100], T_AUC: [4m0.8233[0m
Epoch [64/100], Loss: 13.9114
val_Accuracy: [92m0.7942[0m
val_Precision: [4;34m0.8039[0m,               val_Recall: [4;33m0.7684[0m,                 val_F1 Score: [4;35m0.7804[0m
æ ‡ç­¾é‡Œ1çš„ä¸ªæ•°:  430
æ ‡ç­¾é‡Œ0çš„ä¸ªæ•°:  430
æ€»æ•°:  860
æ­£ç¡®çš„ä¸ªæ•°:  683
Epoch [64/100], V_AUC: [4m0.7917[0m
Epoch [65/100], Loss: 55.3012
train_Accuracy: [91m0.8207[0m
train_Precision: [4;34m0.8090[0m,               train_Recall: [4;33m0.8470[0m,                 train_F1 Score: [4;35m0.8226[0m
æ ‡ç­¾é‡Œ1çš„ä¸ªæ•°:  2150
æ ‡ç­¾é‡Œ0çš„ä¸ªæ•°:  2150
æ€»æ•°:  4300
æ­£ç¡®çš„ä¸ªæ•°:  3529
æœ€åä¸€ä¸ªæ‰¹æ¬¡çš„è¾“å‡º, ä¸æ»¡batchsizeæ˜¯æ­£å¸¸çš„:
 tensor([[0.8818],
        [0.8397],
        [0.9915],
        [0.1603],
        [0.8138],
        [0.0676],
        [0.4509],
        [0.3401],
        [0.5562],
        [0.8861],
        [0.0427],
        [0.0809]], device='cuda:0', grad_fn=<SigmoidBackward0>)
Epoch [65/100], T_AUC: [4m0.8251[0m
Epoch [65/100], Loss: 13.8406
val_Accuracy: [92m0.7942[0m
val_Precision: [4;34m0.8025[0m,               val_Recall: [4;33m0.7710[0m,                 val_F1 Score: [4;35m0.7811[0m
æ ‡ç­¾é‡Œ1çš„ä¸ªæ•°:  430
æ ‡ç­¾é‡Œ0çš„ä¸ªæ•°:  430
æ€»æ•°:  860
æ­£ç¡®çš„ä¸ªæ•°:  683
Epoch [65/100], V_AUC: [4m0.7920[0m
Epoch [66/100], Loss: 55.2741
train_Accuracy: [91m0.8193[0m
train_Precision: [4;34m0.8094[0m,               train_Recall: [4;33m0.8435[0m,                 train_F1 Score: [4;35m0.8209[0m
æ ‡ç­¾é‡Œ1çš„ä¸ªæ•°:  2150
æ ‡ç­¾é‡Œ0çš„ä¸ªæ•°:  2150
æ€»æ•°:  4300
æ­£ç¡®çš„ä¸ªæ•°:  3523
æœ€åä¸€ä¸ªæ‰¹æ¬¡çš„è¾“å‡º, ä¸æ»¡batchsizeæ˜¯æ­£å¸¸çš„:
 tensor([[0.8868],
        [0.8422],
        [0.9911],
        [0.1474],
        [0.8276],
        [0.0638],
        [0.4459],
        [0.3533],
        [0.5505],
        [0.8900],
        [0.0399],
        [0.0940]], device='cuda:0', grad_fn=<SigmoidBackward0>)
Epoch [66/100], T_AUC: [4m0.8237[0m
Epoch [66/100], Loss: 13.8155
val_Accuracy: [92m0.7919[0m
val_Precision: [4;34m0.8004[0m,               val_Recall: [4;33m0.7687[0m,                 val_F1 Score: [4;35m0.7790[0m
æ ‡ç­¾é‡Œ1çš„ä¸ªæ•°:  430
æ ‡ç­¾é‡Œ0çš„ä¸ªæ•°:  430
æ€»æ•°:  860
æ­£ç¡®çš„ä¸ªæ•°:  681
Epoch [66/100], V_AUC: [4m0.7894[0m
Epoch [67/100], Loss: 55.2619
train_Accuracy: [91m0.8163[0m
train_Precision: [4;34m0.8059[0m,               train_Recall: [4;33m0.8415[0m,                 train_F1 Score: [4;35m0.8180[0m
æ ‡ç­¾é‡Œ1çš„ä¸ªæ•°:  2150
æ ‡ç­¾é‡Œ0çš„ä¸ªæ•°:  2150
æ€»æ•°:  4300
æ­£ç¡®çš„ä¸ªæ•°:  3510
æœ€åä¸€ä¸ªæ‰¹æ¬¡çš„è¾“å‡º, ä¸æ»¡batchsizeæ˜¯æ­£å¸¸çš„:
 tensor([[0.9027],
        [0.8449],
        [0.9896],
        [0.1486],
        [0.8243],
        [0.0612],
        [0.4677],
        [0.3468],
        [0.5554],
        [0.8997],
        [0.0375],
        [0.0921]], device='cuda:0', grad_fn=<SigmoidBackward0>)
Epoch [67/100], T_AUC: [4m0.8209[0m
Epoch [67/100], Loss: 13.8145
val_Accuracy: [92m0.7930[0m
val_Precision: [4;34m0.7972[0m,               val_Recall: [4;33m0.7748[0m,                 val_F1 Score: [4;35m0.7806[0m
æ ‡ç­¾é‡Œ1çš„ä¸ªæ•°:  430
æ ‡ç­¾é‡Œ0çš„ä¸ªæ•°:  430
æ€»æ•°:  860
æ­£ç¡®çš„ä¸ªæ•°:  682
Epoch [67/100], V_AUC: [4m0.7905[0m
Epoch [68/100], Loss: 55.2536
train_Accuracy: [91m0.8167[0m
train_Precision: [4;34m0.8073[0m,               train_Recall: [4;33m0.8406[0m,                 train_F1 Score: [4;35m0.8184[0m
æ ‡ç­¾é‡Œ1çš„ä¸ªæ•°:  2150
æ ‡ç­¾é‡Œ0çš„ä¸ªæ•°:  2150
æ€»æ•°:  4300
æ­£ç¡®çš„ä¸ªæ•°:  3512
æœ€åä¸€ä¸ªæ‰¹æ¬¡çš„è¾“å‡º, ä¸æ»¡batchsizeæ˜¯æ­£å¸¸çš„:
 tensor([[0.8862],
        [0.8422],
        [0.9905],
        [0.1504],
        [0.8278],
        [0.0635],
        [0.4480],
        [0.3594],
        [0.5540],
        [0.9017],
        [0.0375],
        [0.0941]], device='cuda:0', grad_fn=<SigmoidBackward0>)
Epoch [68/100], T_AUC: [4m0.8213[0m
Epoch [68/100], Loss: 13.7740
val_Accuracy: [92m0.7930[0m
val_Precision: [4;34m0.7987[0m,               val_Recall: [4;33m0.7731[0m,                 val_F1 Score: [4;35m0.7806[0m
æ ‡ç­¾é‡Œ1çš„ä¸ªæ•°:  430
æ ‡ç­¾é‡Œ0çš„ä¸ªæ•°:  430
æ€»æ•°:  860
æ­£ç¡®çš„ä¸ªæ•°:  682
Epoch [68/100], V_AUC: [4m0.7907[0m
Epoch [69/100], Loss: 55.2821
train_Accuracy: [91m0.8193[0m
train_Precision: [4;34m0.8104[0m,               train_Recall: [4;33m0.8413[0m,                 train_F1 Score: [4;35m0.8206[0m
æ ‡ç­¾é‡Œ1çš„ä¸ªæ•°:  2150
æ ‡ç­¾é‡Œ0çš„ä¸ªæ•°:  2150
æ€»æ•°:  4300
æ­£ç¡®çš„ä¸ªæ•°:  3523
æœ€åä¸€ä¸ªæ‰¹æ¬¡çš„è¾“å‡º, ä¸æ»¡batchsizeæ˜¯æ­£å¸¸çš„:
 tensor([[0.8811],
        [0.8333],
        [0.9911],
        [0.1534],
        [0.8504],
        [0.0654],
        [0.4515],
        [0.3577],
        [0.5583],
        [0.8973],
        [0.0371],
        [0.0901]], device='cuda:0', grad_fn=<SigmoidBackward0>)
Epoch [69/100], T_AUC: [4m0.8238[0m
Epoch [69/100], Loss: 13.7652
val_Accuracy: [92m0.7930[0m
val_Precision: [4;34m0.8004[0m,               val_Recall: [4;33m0.7710[0m,                 val_F1 Score: [4;35m0.7805[0m
æ ‡ç­¾é‡Œ1çš„ä¸ªæ•°:  430
æ ‡ç­¾é‡Œ0çš„ä¸ªæ•°:  430
æ€»æ•°:  860
æ­£ç¡®çš„ä¸ªæ•°:  682
Epoch [69/100], V_AUC: [4m0.7907[0m
Epoch [70/100], Loss: 55.2175
train_Accuracy: [91m0.8167[0m
train_Precision: [4;34m0.8070[0m,               train_Recall: [4;33m0.8414[0m,                 train_F1 Score: [4;35m0.8183[0m
æ ‡ç­¾é‡Œ1çš„ä¸ªæ•°:  2150
æ ‡ç­¾é‡Œ0çš„ä¸ªæ•°:  2150
æ€»æ•°:  4300
æ­£ç¡®çš„ä¸ªæ•°:  3512
æœ€åä¸€ä¸ªæ‰¹æ¬¡çš„è¾“å‡º, ä¸æ»¡batchsizeæ˜¯æ­£å¸¸çš„:
 tensor([[0.8974],
        [0.8466],
        [0.9881],
        [0.1591],
        [0.8397],
        [0.0682],
        [0.4142],
        [0.3599],
        [0.5586],
        [0.9135],
        [0.0337],
        [0.0863]], device='cuda:0', grad_fn=<SigmoidBackward0>)
Epoch [70/100], T_AUC: [4m0.8218[0m
Epoch [70/100], Loss: 13.8301
val_Accuracy: [92m0.7907[0m
val_Precision: [4;34m0.7998[0m,               val_Recall: [4;33m0.7667[0m,                 val_F1 Score: [4;35m0.7779[0m
æ ‡ç­¾é‡Œ1çš„ä¸ªæ•°:  430
æ ‡ç­¾é‡Œ0çš„ä¸ªæ•°:  430
æ€»æ•°:  860
æ­£ç¡®çš„ä¸ªæ•°:  680
Epoch [70/100], V_AUC: [4m0.7882[0m
Epoch [71/100], Loss: 55.2196
train_Accuracy: [91m0.8177[0m
train_Precision: [4;34m0.8070[0m,               train_Recall: [4;33m0.8429[0m,                 train_F1 Score: [4;35m0.8193[0m
æ ‡ç­¾é‡Œ1çš„ä¸ªæ•°:  2150
æ ‡ç­¾é‡Œ0çš„ä¸ªæ•°:  2150
æ€»æ•°:  4300
æ­£ç¡®çš„ä¸ªæ•°:  3516
æœ€åä¸€ä¸ªæ‰¹æ¬¡çš„è¾“å‡º, ä¸æ»¡batchsizeæ˜¯æ­£å¸¸çš„:
 tensor([[0.9161],
        [0.8539],
        [0.9865],
        [0.1553],
        [0.8446],
        [0.0651],
        [0.4612],
        [0.3189],
        [0.5481],
        [0.9146],
        [0.0335],
        [0.0846]], device='cuda:0', grad_fn=<SigmoidBackward0>)
Epoch [71/100], T_AUC: [4m0.8224[0m
Epoch [71/100], Loss: 13.8990
val_Accuracy: [92m0.7942[0m
val_Precision: [4;34m0.8042[0m,               val_Recall: [4;33m0.7690[0m,                 val_F1 Score: [4;35m0.7811[0m
æ ‡ç­¾é‡Œ1çš„ä¸ªæ•°:  430
æ ‡ç­¾é‡Œ0çš„ä¸ªæ•°:  430
æ€»æ•°:  860
æ­£ç¡®çš„ä¸ªæ•°:  683
Epoch [71/100], V_AUC: [4m0.7921[0m
Epoch [72/100], Loss: 55.2032
train_Accuracy: [91m0.8184[0m
train_Precision: [4;34m0.8077[0m,               train_Recall: [4;33m0.8441[0m,                 train_F1 Score: [4;35m0.8201[0m
æ ‡ç­¾é‡Œ1çš„ä¸ªæ•°:  2150
æ ‡ç­¾é‡Œ0çš„ä¸ªæ•°:  2150
æ€»æ•°:  4300
æ­£ç¡®çš„ä¸ªæ•°:  3519
æœ€åä¸€ä¸ªæ‰¹æ¬¡çš„è¾“å‡º, ä¸æ»¡batchsizeæ˜¯æ­£å¸¸çš„:
 tensor([[0.9174],
        [0.8220],
        [0.9878],
        [0.1534],
        [0.8432],
        [0.0699],
        [0.4622],
        [0.3517],
        [0.5539],
        [0.9069],
        [0.0325],
        [0.0824]], device='cuda:0', grad_fn=<SigmoidBackward0>)
Epoch [72/100], T_AUC: [4m0.8233[0m
Epoch [72/100], Loss: 13.8617
val_Accuracy: [92m0.7965[0m
val_Precision: [4;34m0.8066[0m,               val_Recall: [4;33m0.7710[0m,                 val_F1 Score: [4;35m0.7831[0m
æ ‡ç­¾é‡Œ1çš„ä¸ªæ•°:  430
æ ‡ç­¾é‡Œ0çš„ä¸ªæ•°:  430
æ€»æ•°:  860
æ­£ç¡®çš„ä¸ªæ•°:  685
Epoch [72/100], V_AUC: [4m0.7944[0m
Epoch [73/100], Loss: 55.2124
train_Accuracy: [91m0.8177[0m
train_Precision: [4;34m0.8073[0m,               train_Recall: [4;33m0.8426[0m,                 train_F1 Score: [4;35m0.8194[0m
æ ‡ç­¾é‡Œ1çš„ä¸ªæ•°:  2150
æ ‡ç­¾é‡Œ0çš„ä¸ªæ•°:  2150
æ€»æ•°:  4300
æ­£ç¡®çš„ä¸ªæ•°:  3516
æœ€åä¸€ä¸ªæ‰¹æ¬¡çš„è¾“å‡º, ä¸æ»¡batchsizeæ˜¯æ­£å¸¸çš„:
 tensor([[0.9237],
        [0.8323],
        [0.9861],
        [0.1508],
        [0.8466],
        [0.0735],
        [0.4130],
        [0.3320],
        [0.5414],
        [0.9282],
        [0.0325],
        [0.0934]], device='cuda:0', grad_fn=<SigmoidBackward0>)
Epoch [73/100], T_AUC: [4m0.8226[0m
Epoch [73/100], Loss: 13.7810
val_Accuracy: [92m0.7907[0m
val_Precision: [4;34m0.7996[0m,               val_Recall: [4;33m0.7667[0m,                 val_F1 Score: [4;35m0.7778[0m
æ ‡ç­¾é‡Œ1çš„ä¸ªæ•°:  430
æ ‡ç­¾é‡Œ0çš„ä¸ªæ•°:  430
æ€»æ•°:  860
æ­£ç¡®çš„ä¸ªæ•°:  680
Epoch [73/100], V_AUC: [4m0.7888[0m
Epoch [74/100], Loss: 55.2235
train_Accuracy: [91m0.8179[0m
train_Precision: [4;34m0.8075[0m,               train_Recall: [4;33m0.8426[0m,                 train_F1 Score: [4;35m0.8196[0m
æ ‡ç­¾é‡Œ1çš„ä¸ªæ•°:  2150
æ ‡ç­¾é‡Œ0çš„ä¸ªæ•°:  2150
æ€»æ•°:  4300
æ­£ç¡®çš„ä¸ªæ•°:  3517
æœ€åä¸€ä¸ªæ‰¹æ¬¡çš„è¾“å‡º, ä¸æ»¡batchsizeæ˜¯æ­£å¸¸çš„:
 tensor([[0.9400],
        [0.8191],
        [0.9860],
        [0.1555],
        [0.8516],
        [0.0725],
        [0.4070],
        [0.3229],
        [0.5381],
        [0.9203],
        [0.0317],
        [0.0807]], device='cuda:0', grad_fn=<SigmoidBackward0>)
Epoch [74/100], T_AUC: [4m0.8224[0m
Epoch [74/100], Loss: 13.8233
val_Accuracy: [92m0.8012[0m
val_Precision: [4;34m0.8141[0m,               val_Recall: [4;33m0.7710[0m,                 val_F1 Score: [4;35m0.7869[0m
æ ‡ç­¾é‡Œ1çš„ä¸ªæ•°:  430
æ ‡ç­¾é‡Œ0çš„ä¸ªæ•°:  430
æ€»æ•°:  860
æ­£ç¡®çš„ä¸ªæ•°:  689
Epoch [74/100], V_AUC: [4m0.7990[0m
Epoch [75/100], Loss: 55.1206
train_Accuracy: [91m0.8179[0m
train_Precision: [4;34m0.8077[0m,               train_Recall: [4;33m0.8424[0m,                 train_F1 Score: [4;35m0.8193[0m
æ ‡ç­¾é‡Œ1çš„ä¸ªæ•°:  2150
æ ‡ç­¾é‡Œ0çš„ä¸ªæ•°:  2150
æ€»æ•°:  4300
æ­£ç¡®çš„ä¸ªæ•°:  3517
æœ€åä¸€ä¸ªæ‰¹æ¬¡çš„è¾“å‡º, ä¸æ»¡batchsizeæ˜¯æ­£å¸¸çš„:
 tensor([[0.9275],
        [0.8320],
        [0.9855],
        [0.1669],
        [0.8369],
        [0.0784],
        [0.4458],
        [0.3318],
        [0.5510],
        [0.9276],
        [0.0340],
        [0.0684]], device='cuda:0', grad_fn=<SigmoidBackward0>)
Epoch [75/100], T_AUC: [4m0.8229[0m
Epoch [75/100], Loss: 13.8589
val_Accuracy: [92m0.8023[0m
val_Precision: [4;34m0.8177[0m,               val_Recall: [4;33m0.7690[0m,                 val_F1 Score: [4;35m0.7876[0m
æ ‡ç­¾é‡Œ1çš„ä¸ªæ•°:  430
æ ‡ç­¾é‡Œ0çš„ä¸ªæ•°:  430
æ€»æ•°:  860
æ­£ç¡®çš„ä¸ªæ•°:  690
Epoch [75/100], V_AUC: [4m0.8001[0m
Epoch [76/100], Loss: 55.1354
train_Accuracy: [91m0.8177[0m
train_Precision: [4;34m0.8062[0m,               train_Recall: [4;33m0.8440[0m,                 train_F1 Score: [4;35m0.8194[0m
æ ‡ç­¾é‡Œ1çš„ä¸ªæ•°:  2150
æ ‡ç­¾é‡Œ0çš„ä¸ªæ•°:  2150
æ€»æ•°:  4300
æ­£ç¡®çš„ä¸ªæ•°:  3516
æœ€åä¸€ä¸ªæ‰¹æ¬¡çš„è¾“å‡º, ä¸æ»¡batchsizeæ˜¯æ­£å¸¸çš„:
 tensor([[0.9169],
        [0.8250],
        [0.9846],
        [0.1780],
        [0.8459],
        [0.0761],
        [0.4141],
        [0.3409],
        [0.5657],
        [0.9321],
        [0.0299],
        [0.0753]], device='cuda:0', grad_fn=<SigmoidBackward0>)
Epoch [76/100], T_AUC: [4m0.8224[0m
Epoch [76/100], Loss: 13.8773
val_Accuracy: [92m0.7988[0m
val_Precision: [4;34m0.8118[0m,               val_Recall: [4;33m0.7690[0m,                 val_F1 Score: [4;35m0.7847[0m
æ ‡ç­¾é‡Œ1çš„ä¸ªæ•°:  430
æ ‡ç­¾é‡Œ0çš„ä¸ªæ•°:  430
æ€»æ•°:  860
æ­£ç¡®çš„ä¸ªæ•°:  687
Epoch [76/100], V_AUC: [4m0.7968[0m
Epoch [77/100], Loss: 55.1329
train_Accuracy: [91m0.8181[0m
train_Precision: [4;34m0.8089[0m,               train_Recall: [4;33m0.8418[0m,                 train_F1 Score: [4;35m0.8198[0m
æ ‡ç­¾é‡Œ1çš„ä¸ªæ•°:  2150
æ ‡ç­¾é‡Œ0çš„ä¸ªæ•°:  2150
æ€»æ•°:  4300
æ­£ç¡®çš„ä¸ªæ•°:  3518
æœ€åä¸€ä¸ªæ‰¹æ¬¡çš„è¾“å‡º, ä¸æ»¡batchsizeæ˜¯æ­£å¸¸çš„:
 tensor([[0.9126],
        [0.8476],
        [0.9853],
        [0.1699],
        [0.8425],
        [0.0739],
        [0.4256],
        [0.3389],
        [0.5533],
        [0.9279],
        [0.0273],
        [0.0822]], device='cuda:0', grad_fn=<SigmoidBackward0>)
Epoch [77/100], T_AUC: [4m0.8228[0m
Epoch [77/100], Loss: 13.9077
val_Accuracy: [92m0.7988[0m
val_Precision: [4;34m0.8118[0m,               val_Recall: [4;33m0.7690[0m,                 val_F1 Score: [4;35m0.7846[0m
æ ‡ç­¾é‡Œ1çš„ä¸ªæ•°:  430
æ ‡ç­¾é‡Œ0çš„ä¸ªæ•°:  430
æ€»æ•°:  860
æ­£ç¡®çš„ä¸ªæ•°:  687
Epoch [77/100], V_AUC: [4m0.7970[0m
Epoch [78/100], Loss: 55.0312
train_Accuracy: [91m0.8184[0m
train_Precision: [4;34m0.8083[0m,               train_Recall: [4;33m0.8433[0m,                 train_F1 Score: [4;35m0.8200[0m
æ ‡ç­¾é‡Œ1çš„ä¸ªæ•°:  2150
æ ‡ç­¾é‡Œ0çš„ä¸ªæ•°:  2150
æ€»æ•°:  4300
æ­£ç¡®çš„ä¸ªæ•°:  3519
æœ€åä¸€ä¸ªæ‰¹æ¬¡çš„è¾“å‡º, ä¸æ»¡batchsizeæ˜¯æ­£å¸¸çš„:
 tensor([[0.9139],
        [0.8343],
        [0.9836],
        [0.1813],
        [0.8434],
        [0.0796],
        [0.4124],
        [0.3607],
        [0.5693],
        [0.9331],
        [0.0278],
        [0.0787]], device='cuda:0', grad_fn=<SigmoidBackward0>)
Epoch [78/100], T_AUC: [4m0.8233[0m
Epoch [78/100], Loss: 13.8558
val_Accuracy: [92m0.8012[0m
val_Precision: [4;34m0.8155[0m,               val_Recall: [4;33m0.7690[0m,                 val_F1 Score: [4;35m0.7865[0m
æ ‡ç­¾é‡Œ1çš„ä¸ªæ•°:  430
æ ‡ç­¾é‡Œ0çš„ä¸ªæ•°:  430
æ€»æ•°:  860
æ­£ç¡®çš„ä¸ªæ•°:  689
Epoch [78/100], V_AUC: [4m0.7991[0m
Epoch [79/100], Loss: 55.0078
train_Accuracy: [91m0.8174[0m
train_Precision: [4;34m0.8079[0m,               train_Recall: [4;33m0.8419[0m,                 train_F1 Score: [4;35m0.8194[0m
æ ‡ç­¾é‡Œ1çš„ä¸ªæ•°:  2150
æ ‡ç­¾é‡Œ0çš„ä¸ªæ•°:  2150
æ€»æ•°:  4300
æ­£ç¡®çš„ä¸ªæ•°:  3515
æœ€åä¸€ä¸ªæ‰¹æ¬¡çš„è¾“å‡º, ä¸æ»¡batchsizeæ˜¯æ­£å¸¸çš„:
 tensor([[0.9050],
        [0.8099],
        [0.9858],
        [0.1917],
        [0.8499],
        [0.0787],
        [0.3988],
        [0.3419],
        [0.6005],
        [0.9360],
        [0.0275],
        [0.0762]], device='cuda:0', grad_fn=<SigmoidBackward0>)
Epoch [79/100], T_AUC: [4m0.8225[0m
Epoch [79/100], Loss: 13.9008
val_Accuracy: [92m0.8012[0m
val_Precision: [4;34m0.8155[0m,               val_Recall: [4;33m0.7690[0m,                 val_F1 Score: [4;35m0.7865[0m
æ ‡ç­¾é‡Œ1çš„ä¸ªæ•°:  430
æ ‡ç­¾é‡Œ0çš„ä¸ªæ•°:  430
æ€»æ•°:  860
æ­£ç¡®çš„ä¸ªæ•°:  689
Epoch [79/100], V_AUC: [4m0.7991[0m
Epoch [80/100], Loss: 55.0756
train_Accuracy: [91m0.8184[0m
train_Precision: [4;34m0.8078[0m,               train_Recall: [4;33m0.8436[0m,                 train_F1 Score: [4;35m0.8200[0m
æ ‡ç­¾é‡Œ1çš„ä¸ªæ•°:  2150
æ ‡ç­¾é‡Œ0çš„ä¸ªæ•°:  2150
æ€»æ•°:  4300
æ­£ç¡®çš„ä¸ªæ•°:  3519
æœ€åä¸€ä¸ªæ‰¹æ¬¡çš„è¾“å‡º, ä¸æ»¡batchsizeæ˜¯æ­£å¸¸çš„:
 tensor([[0.9112],
        [0.8101],
        [0.9857],
        [0.1841],
        [0.8580],
        [0.0804],
        [0.4210],
        [0.3499],
        [0.5980],
        [0.9285],
        [0.0260],
        [0.0771]], device='cuda:0', grad_fn=<SigmoidBackward0>)
Epoch [80/100], T_AUC: [4m0.8232[0m
Epoch [80/100], Loss: 13.9348
val_Accuracy: [92m0.8012[0m
val_Precision: [4;34m0.8155[0m,               val_Recall: [4;33m0.7690[0m,                 val_F1 Score: [4;35m0.7865[0m
æ ‡ç­¾é‡Œ1çš„ä¸ªæ•°:  430
æ ‡ç­¾é‡Œ0çš„ä¸ªæ•°:  430
æ€»æ•°:  860
æ­£ç¡®çš„ä¸ªæ•°:  689
Epoch [80/100], V_AUC: [4m0.7991[0m
Epoch [81/100], Loss: 55.0098
train_Accuracy: [91m0.8163[0m
train_Precision: [4;34m0.8060[0m,               train_Recall: [4;33m0.8421[0m,                 train_F1 Score: [4;35m0.8185[0m
æ ‡ç­¾é‡Œ1çš„ä¸ªæ•°:  2150
æ ‡ç­¾é‡Œ0çš„ä¸ªæ•°:  2150
æ€»æ•°:  4300
æ­£ç¡®çš„ä¸ªæ•°:  3510
æœ€åä¸€ä¸ªæ‰¹æ¬¡çš„è¾“å‡º, ä¸æ»¡batchsizeæ˜¯æ­£å¸¸çš„:
 tensor([[0.9149],
        [0.8050],
        [0.9871],
        [0.1817],
        [0.8491],
        [0.0789],
        [0.3973],
        [0.3519],
        [0.6164],
        [0.9285],
        [0.0263],
        [0.0785]], device='cuda:0', grad_fn=<SigmoidBackward0>)
Epoch [81/100], T_AUC: [4m0.8213[0m
Epoch [81/100], Loss: 13.8650
val_Accuracy: [92m0.8012[0m
val_Precision: [4;34m0.8155[0m,               val_Recall: [4;33m0.7690[0m,                 val_F1 Score: [4;35m0.7865[0m
æ ‡ç­¾é‡Œ1çš„ä¸ªæ•°:  430
æ ‡ç­¾é‡Œ0çš„ä¸ªæ•°:  430
æ€»æ•°:  860
æ­£ç¡®çš„ä¸ªæ•°:  689
Epoch [81/100], V_AUC: [4m0.7991[0m
Epoch [82/100], Loss: 54.9822
train_Accuracy: [91m0.8195[0m
train_Precision: [4;34m0.8095[0m,               train_Recall: [4;33m0.8447[0m,                 train_F1 Score: [4;35m0.8216[0m
æ ‡ç­¾é‡Œ1çš„ä¸ªæ•°:  2150
æ ‡ç­¾é‡Œ0çš„ä¸ªæ•°:  2150
æ€»æ•°:  4300
æ­£ç¡®çš„ä¸ªæ•°:  3524
æœ€åä¸€ä¸ªæ‰¹æ¬¡çš„è¾“å‡º, ä¸æ»¡batchsizeæ˜¯æ­£å¸¸çš„:
 tensor([[0.9136],
        [0.8134],
        [0.9868],
        [0.1760],
        [0.8532],
        [0.0788],
        [0.3974],
        [0.3475],
        [0.5918],
        [0.9292],
        [0.0265],
        [0.0800]], device='cuda:0', grad_fn=<SigmoidBackward0>)
Epoch [82/100], T_AUC: [4m0.8245[0m
Epoch [82/100], Loss: 13.9657
val_Accuracy: [92m0.8000[0m
val_Precision: [4;34m0.8151[0m,               val_Recall: [4;33m0.7667[0m,                 val_F1 Score: [4;35m0.7853[0m
æ ‡ç­¾é‡Œ1çš„ä¸ªæ•°:  430
æ ‡ç­¾é‡Œ0çš„ä¸ªæ•°:  430
æ€»æ•°:  860
æ­£ç¡®çš„ä¸ªæ•°:  688
Epoch [82/100], V_AUC: [4m0.7980[0m
Epoch [83/100], Loss: 54.9274
train_Accuracy: [91m0.8195[0m
train_Precision: [4;34m0.8093[0m,               train_Recall: [4;33m0.8450[0m,                 train_F1 Score: [4;35m0.8216[0m
æ ‡ç­¾é‡Œ1çš„ä¸ªæ•°:  2150
æ ‡ç­¾é‡Œ0çš„ä¸ªæ•°:  2150
æ€»æ•°:  4300
æ­£ç¡®çš„ä¸ªæ•°:  3524
æœ€åä¸€ä¸ªæ‰¹æ¬¡çš„è¾“å‡º, ä¸æ»¡batchsizeæ˜¯æ­£å¸¸çš„:
 tensor([[0.9172],
        [0.8022],
        [0.9876],
        [0.1781],
        [0.8508],
        [0.0797],
        [0.3840],
        [0.3412],
        [0.6111],
        [0.9255],
        [0.0259],
        [0.0797]], device='cuda:0', grad_fn=<SigmoidBackward0>)
Epoch [83/100], T_AUC: [4m0.8245[0m
Epoch [83/100], Loss: 13.9310
val_Accuracy: [92m0.8000[0m
val_Precision: [4;34m0.8150[0m,               val_Recall: [4;33m0.7669[0m,                 val_F1 Score: [4;35m0.7851[0m
æ ‡ç­¾é‡Œ1çš„ä¸ªæ•°:  430
æ ‡ç­¾é‡Œ0çš„ä¸ªæ•°:  430
æ€»æ•°:  860
æ­£ç¡®çš„ä¸ªæ•°:  688
Epoch [83/100], V_AUC: [4m0.7981[0m
Epoch [84/100], Loss: 54.9607
train_Accuracy: [91m0.8198[0m
train_Precision: [4;34m0.8107[0m,               train_Recall: [4;33m0.8434[0m,                 train_F1 Score: [4;35m0.8217[0m
æ ‡ç­¾é‡Œ1çš„ä¸ªæ•°:  2150
æ ‡ç­¾é‡Œ0çš„ä¸ªæ•°:  2150
æ€»æ•°:  4300
æ­£ç¡®çš„ä¸ªæ•°:  3525
æœ€åä¸€ä¸ªæ‰¹æ¬¡çš„è¾“å‡º, ä¸æ»¡batchsizeæ˜¯æ­£å¸¸çš„:
 tensor([[0.9111],
        [0.8235],
        [0.9873],
        [0.1779],
        [0.8533],
        [0.0795],
        [0.3943],
        [0.3411],
        [0.5829],
        [0.9261],
        [0.0256],
        [0.0823]], device='cuda:0', grad_fn=<SigmoidBackward0>)
Epoch [84/100], T_AUC: [4m0.8248[0m
Epoch [84/100], Loss: 13.9795
val_Accuracy: [92m0.8000[0m
val_Precision: [4;34m0.8151[0m,               val_Recall: [4;33m0.7667[0m,                 val_F1 Score: [4;35m0.7853[0m
æ ‡ç­¾é‡Œ1çš„ä¸ªæ•°:  430
æ ‡ç­¾é‡Œ0çš„ä¸ªæ•°:  430
æ€»æ•°:  860
æ­£ç¡®çš„ä¸ªæ•°:  688
Epoch [84/100], V_AUC: [4m0.7980[0m
Epoch [85/100], Loss: 54.9533
train_Accuracy: [91m0.8193[0m
train_Precision: [4;34m0.8096[0m,               train_Recall: [4;33m0.8440[0m,                 train_F1 Score: [4;35m0.8212[0m
æ ‡ç­¾é‡Œ1çš„ä¸ªæ•°:  2150
æ ‡ç­¾é‡Œ0çš„ä¸ªæ•°:  2150
æ€»æ•°:  4300
æ­£ç¡®çš„ä¸ªæ•°:  3523
æœ€åä¸€ä¸ªæ‰¹æ¬¡çš„è¾“å‡º, ä¸æ»¡batchsizeæ˜¯æ­£å¸¸çš„:
 tensor([[0.9243],
        [0.8024],
        [0.9855],
        [0.1741],
        [0.8657],
        [0.0770],
        [0.3966],
        [0.3481],
        [0.5905],
        [0.9272],
        [0.0248],
        [0.0824]], device='cuda:0', grad_fn=<SigmoidBackward0>)
Epoch [85/100], T_AUC: [4m0.8242[0m
Epoch [85/100], Loss: 13.9428
val_Accuracy: [92m0.7988[0m
val_Precision: [4;34m0.8132[0m,               val_Recall: [4;33m0.7667[0m,                 val_F1 Score: [4;35m0.7843[0m
æ ‡ç­¾é‡Œ1çš„ä¸ªæ•°:  430
æ ‡ç­¾é‡Œ0çš„ä¸ªæ•°:  430
æ€»æ•°:  860
æ­£ç¡®çš„ä¸ªæ•°:  687
Epoch [85/100], V_AUC: [4m0.7969[0m
Epoch [86/100], Loss: 54.8955
train_Accuracy: [91m0.8179[0m
train_Precision: [4;34m0.8085[0m,               train_Recall: [4;33m0.8415[0m,                 train_F1 Score: [4;35m0.8195[0m
æ ‡ç­¾é‡Œ1çš„ä¸ªæ•°:  2150
æ ‡ç­¾é‡Œ0çš„ä¸ªæ•°:  2150
æ€»æ•°:  4300
æ­£ç¡®çš„ä¸ªæ•°:  3517
æœ€åä¸€ä¸ªæ‰¹æ¬¡çš„è¾“å‡º, ä¸æ»¡batchsizeæ˜¯æ­£å¸¸çš„:
 tensor([[0.9264],
        [0.8035],
        [0.9846],
        [0.1852],
        [0.8643],
        [0.0779],
        [0.4232],
        [0.3322],
        [0.5971],
        [0.9267],
        [0.0237],
        [0.0798]], device='cuda:0', grad_fn=<SigmoidBackward0>)
Epoch [86/100], T_AUC: [4m0.8224[0m
Epoch [86/100], Loss: 13.9536
val_Accuracy: [92m0.7988[0m
val_Precision: [4;34m0.8131[0m,               val_Recall: [4;33m0.7669[0m,                 val_F1 Score: [4;35m0.7840[0m
æ ‡ç­¾é‡Œ1çš„ä¸ªæ•°:  430
æ ‡ç­¾é‡Œ0çš„ä¸ªæ•°:  430
æ€»æ•°:  860
æ­£ç¡®çš„ä¸ªæ•°:  687
Epoch [86/100], V_AUC: [4m0.7971[0m
Epoch [87/100], Loss: 54.8355
train_Accuracy: [91m0.8186[0m
train_Precision: [4;34m0.8093[0m,               train_Recall: [4;33m0.8418[0m,                 train_F1 Score: [4;35m0.8200[0m
æ ‡ç­¾é‡Œ1çš„ä¸ªæ•°:  2150
æ ‡ç­¾é‡Œ0çš„ä¸ªæ•°:  2150
æ€»æ•°:  4300
æ­£ç¡®çš„ä¸ªæ•°:  3520
æœ€åä¸€ä¸ªæ‰¹æ¬¡çš„è¾“å‡º, ä¸æ»¡batchsizeæ˜¯æ­£å¸¸çš„:
 tensor([[0.9296],
        [0.7953],
        [0.9837],
        [0.1766],
        [0.8706],
        [0.0745],
        [0.4351],
        [0.3298],
        [0.5999],
        [0.9316],
        [0.0243],
        [0.0817]], device='cuda:0', grad_fn=<SigmoidBackward0>)
Epoch [87/100], T_AUC: [4m0.8231[0m
Epoch [87/100], Loss: 13.9514
val_Accuracy: [92m0.8000[0m
val_Precision: [4;34m0.8147[0m,               val_Recall: [4;33m0.7661[0m,                 val_F1 Score: [4;35m0.7847[0m
æ ‡ç­¾é‡Œ1çš„ä¸ªæ•°:  430
æ ‡ç­¾é‡Œ0çš„ä¸ªæ•°:  430
æ€»æ•°:  860
æ­£ç¡®çš„ä¸ªæ•°:  688
Epoch [87/100], V_AUC: [4m0.7977[0m
Epoch [88/100], Loss: 54.8751
train_Accuracy: [91m0.8188[0m
train_Precision: [4;34m0.8106[0m,               train_Recall: [4;33m0.8413[0m,                 train_F1 Score: [4;35m0.8206[0m
æ ‡ç­¾é‡Œ1çš„ä¸ªæ•°:  2150
æ ‡ç­¾é‡Œ0çš„ä¸ªæ•°:  2150
æ€»æ•°:  4300
æ­£ç¡®çš„ä¸ªæ•°:  3521
æœ€åä¸€ä¸ªæ‰¹æ¬¡çš„è¾“å‡º, ä¸æ»¡batchsizeæ˜¯æ­£å¸¸çš„:
 tensor([[0.9266],
        [0.8087],
        [0.9829],
        [0.1880],
        [0.8649],
        [0.0771],
        [0.3918],
        [0.3310],
        [0.5927],
        [0.9366],
        [0.0241],
        [0.0818]], device='cuda:0', grad_fn=<SigmoidBackward0>)
Epoch [88/100], T_AUC: [4m0.8237[0m
Epoch [88/100], Loss: 13.9609
val_Accuracy: [92m0.8000[0m
val_Precision: [4;34m0.8152[0m,               val_Recall: [4;33m0.7667[0m,                 val_F1 Score: [4;35m0.7853[0m
æ ‡ç­¾é‡Œ1çš„ä¸ªæ•°:  430
æ ‡ç­¾é‡Œ0çš„ä¸ªæ•°:  430
æ€»æ•°:  860
æ­£ç¡®çš„ä¸ªæ•°:  688
Epoch [88/100], V_AUC: [4m0.7979[0m
Epoch [89/100], Loss: 54.8262
train_Accuracy: [91m0.8205[0m
train_Precision: [4;34m0.8120[0m,               train_Recall: [4;33m0.8426[0m,                 train_F1 Score: [4;35m0.8220[0m
æ ‡ç­¾é‡Œ1çš„ä¸ªæ•°:  2150
æ ‡ç­¾é‡Œ0çš„ä¸ªæ•°:  2150
æ€»æ•°:  4300
æ­£ç¡®çš„ä¸ªæ•°:  3528
æœ€åä¸€ä¸ªæ‰¹æ¬¡çš„è¾“å‡º, ä¸æ»¡batchsizeæ˜¯æ­£å¸¸çš„:
 tensor([[0.9180],
        [0.7892],
        [0.9853],
        [0.1961],
        [0.8689],
        [0.0775],
        [0.3827],
        [0.3242],
        [0.6010],
        [0.9390],
        [0.0247],
        [0.0870]], device='cuda:0', grad_fn=<SigmoidBackward0>)
Epoch [89/100], T_AUC: [4m0.8252[0m
Epoch [89/100], Loss: 13.9366
val_Accuracy: [92m0.8000[0m
val_Precision: [4;34m0.8164[0m,               val_Recall: [4;33m0.7638[0m,                 val_F1 Score: [4;35m0.7845[0m
æ ‡ç­¾é‡Œ1çš„ä¸ªæ•°:  430
æ ‡ç­¾é‡Œ0çš„ä¸ªæ•°:  430
æ€»æ•°:  860
æ­£ç¡®çš„ä¸ªæ•°:  688
Epoch [89/100], V_AUC: [4m0.7975[0m
Epoch [90/100], Loss: 54.8402
train_Accuracy: [91m0.8193[0m
train_Precision: [4;34m0.8085[0m,               train_Recall: [4;33m0.8438[0m,                 train_F1 Score: [4;35m0.8207[0m
æ ‡ç­¾é‡Œ1çš„ä¸ªæ•°:  2150
æ ‡ç­¾é‡Œ0çš„ä¸ªæ•°:  2150
æ€»æ•°:  4300
æ­£ç¡®çš„ä¸ªæ•°:  3523
æœ€åä¸€ä¸ªæ‰¹æ¬¡çš„è¾“å‡º, ä¸æ»¡batchsizeæ˜¯æ­£å¸¸çš„:
 tensor([[0.9172],
        [0.8133],
        [0.9826],
        [0.1984],
        [0.8720],
        [0.0751],
        [0.4333],
        [0.3101],
        [0.5856],
        [0.9361],
        [0.0236],
        [0.0847]], device='cuda:0', grad_fn=<SigmoidBackward0>)
Epoch [90/100], T_AUC: [4m0.8237[0m
Epoch [90/100], Loss: 13.9442
val_Accuracy: [92m0.7977[0m
val_Precision: [4;34m0.8110[0m,               val_Recall: [4;33m0.7659[0m,                 val_F1 Score: [4;35m0.7829[0m
æ ‡ç­¾é‡Œ1çš„ä¸ªæ•°:  430
æ ‡ç­¾é‡Œ0çš„ä¸ªæ•°:  430
æ€»æ•°:  860
æ­£ç¡®çš„ä¸ªæ•°:  686
Epoch [90/100], V_AUC: [4m0.7948[0m
Epoch [91/100], Loss: 54.8614
train_Accuracy: [91m0.8200[0m
train_Precision: [4;34m0.8114[0m,               train_Recall: [4;33m0.8426[0m,                 train_F1 Score: [4;35m0.8215[0m
æ ‡ç­¾é‡Œ1çš„ä¸ªæ•°:  2150
æ ‡ç­¾é‡Œ0çš„ä¸ªæ•°:  2150
æ€»æ•°:  4300
æ­£ç¡®çš„ä¸ªæ•°:  3526
æœ€åä¸€ä¸ªæ‰¹æ¬¡çš„è¾“å‡º, ä¸æ»¡batchsizeæ˜¯æ­£å¸¸çš„:
 tensor([[0.9152],
        [0.8064],
        [0.9873],
        [0.2034],
        [0.8668],
        [0.0812],
        [0.3568],
        [0.3033],
        [0.5782],
        [0.9300],
        [0.0256],
        [0.0879]], device='cuda:0', grad_fn=<SigmoidBackward0>)
Epoch [91/100], T_AUC: [4m0.8249[0m
Epoch [91/100], Loss: 13.9601
val_Accuracy: [92m0.8000[0m
val_Precision: [4;34m0.8149[0m,               val_Recall: [4;33m0.7659[0m,                 val_F1 Score: [4;35m0.7848[0m
æ ‡ç­¾é‡Œ1çš„ä¸ªæ•°:  430
æ ‡ç­¾é‡Œ0çš„ä¸ªæ•°:  430
æ€»æ•°:  860
æ­£ç¡®çš„ä¸ªæ•°:  688
Epoch [91/100], V_AUC: [4m0.7975[0m
Epoch [92/100], Loss: 54.8388
train_Accuracy: [91m0.8198[0m
train_Precision: [4;34m0.8119[0m,               train_Recall: [4;33m0.8418[0m,                 train_F1 Score: [4;35m0.8210[0m
æ ‡ç­¾é‡Œ1çš„ä¸ªæ•°:  2150
æ ‡ç­¾é‡Œ0çš„ä¸ªæ•°:  2150
æ€»æ•°:  4300
æ­£ç¡®çš„ä¸ªæ•°:  3525
æœ€åä¸€ä¸ªæ‰¹æ¬¡çš„è¾“å‡º, ä¸æ»¡batchsizeæ˜¯æ­£å¸¸çš„:
 tensor([[0.9120],
        [0.8388],
        [0.9862],
        [0.1913],
        [0.8592],
        [0.0794],
        [0.3580],
        [0.3157],
        [0.5948],
        [0.9323],
        [0.0251],
        [0.0809]], device='cuda:0', grad_fn=<SigmoidBackward0>)
Epoch [92/100], T_AUC: [4m0.8251[0m
Epoch [92/100], Loss: 13.9848
val_Accuracy: [92m0.7988[0m
val_Precision: [4;34m0.8100[0m,               val_Recall: [4;33m0.7708[0m,                 val_F1 Score: [4;35m0.7849[0m
æ ‡ç­¾é‡Œ1çš„ä¸ªæ•°:  430
æ ‡ç­¾é‡Œ0çš„ä¸ªæ•°:  430
æ€»æ•°:  860
æ­£ç¡®çš„ä¸ªæ•°:  687
Epoch [92/100], V_AUC: [4m0.7963[0m
Epoch [93/100], Loss: 54.7854
train_Accuracy: [91m0.8207[0m
train_Precision: [4;34m0.8122[0m,               train_Recall: [4;33m0.8437[0m,                 train_F1 Score: [4;35m0.8224[0m
æ ‡ç­¾é‡Œ1çš„ä¸ªæ•°:  2150
æ ‡ç­¾é‡Œ0çš„ä¸ªæ•°:  2150
æ€»æ•°:  4300
æ­£ç¡®çš„ä¸ªæ•°:  3529
æœ€åä¸€ä¸ªæ‰¹æ¬¡çš„è¾“å‡º, ä¸æ»¡batchsizeæ˜¯æ­£å¸¸çš„:
 tensor([[0.9220],
        [0.8360],
        [0.9841],
        [0.2066],
        [0.8702],
        [0.0802],
        [0.3508],
        [0.2955],
        [0.5813],
        [0.9298],
        [0.0249],
        [0.0817]], device='cuda:0', grad_fn=<SigmoidBackward0>)
Epoch [93/100], T_AUC: [4m0.8255[0m
Epoch [93/100], Loss: 13.9999
val_Accuracy: [92m0.7977[0m
val_Precision: [4;34m0.8095[0m,               val_Recall: [4;33m0.7679[0m,                 val_F1 Score: [4;35m0.7833[0m
æ ‡ç­¾é‡Œ1çš„ä¸ªæ•°:  430
æ ‡ç­¾é‡Œ0çš„ä¸ªæ•°:  430
æ€»æ•°:  860
æ­£ç¡®çš„ä¸ªæ•°:  686
Epoch [93/100], V_AUC: [4m0.7945[0m
Epoch [94/100], Loss: 54.7596
train_Accuracy: [91m0.8205[0m
train_Precision: [4;34m0.8134[0m,               train_Recall: [4;33m0.8416[0m,                 train_F1 Score: [4;35m0.8219[0m
æ ‡ç­¾é‡Œ1çš„ä¸ªæ•°:  2150
æ ‡ç­¾é‡Œ0çš„ä¸ªæ•°:  2150
æ€»æ•°:  4300
æ­£ç¡®çš„ä¸ªæ•°:  3528
æœ€åä¸€ä¸ªæ‰¹æ¬¡çš„è¾“å‡º, ä¸æ»¡batchsizeæ˜¯æ­£å¸¸çš„:
 tensor([[0.9351],
        [0.8326],
        [0.9807],
        [0.1893],
        [0.8653],
        [0.0781],
        [0.3940],
        [0.3065],
        [0.5532],
        [0.9418],
        [0.0247],
        [0.0894]], device='cuda:0', grad_fn=<SigmoidBackward0>)
Epoch [94/100], T_AUC: [4m0.8251[0m
Epoch [94/100], Loss: 13.9061
val_Accuracy: [92m0.7988[0m
val_Precision: [4;34m0.8091[0m,               val_Recall: [4;33m0.7728[0m,                 val_F1 Score: [4;35m0.7856[0m
æ ‡ç­¾é‡Œ1çš„ä¸ªæ•°:  430
æ ‡ç­¾é‡Œ0çš„ä¸ªæ•°:  430
æ€»æ•°:  860
æ­£ç¡®çš„ä¸ªæ•°:  687
Epoch [94/100], V_AUC: [4m0.7958[0m
Epoch [95/100], Loss: 54.7269
train_Accuracy: [91m0.8200[0m
train_Precision: [4;34m0.8116[0m,               train_Recall: [4;33m0.8418[0m,                 train_F1 Score: [4;35m0.8211[0m
æ ‡ç­¾é‡Œ1çš„ä¸ªæ•°:  2150
æ ‡ç­¾é‡Œ0çš„ä¸ªæ•°:  2150
æ€»æ•°:  4300
æ­£ç¡®çš„ä¸ªæ•°:  3526
æœ€åä¸€ä¸ªæ‰¹æ¬¡çš„è¾“å‡º, ä¸æ»¡batchsizeæ˜¯æ­£å¸¸çš„:
 tensor([[0.9212],
        [0.8246],
        [0.9856],
        [0.1890],
        [0.8733],
        [0.0730],
        [0.4072],
        [0.2768],
        [0.5786],
        [0.9351],
        [0.0234],
        [0.0921]], device='cuda:0', grad_fn=<SigmoidBackward0>)
Epoch [95/100], T_AUC: [4m0.8246[0m
Epoch [95/100], Loss: 14.1245
val_Accuracy: [92m0.8012[0m
val_Precision: [4;34m0.8167[0m,               val_Recall: [4;33m0.7659[0m,                 val_F1 Score: [4;35m0.7860[0m
æ ‡ç­¾é‡Œ1çš„ä¸ªæ•°:  430
æ ‡ç­¾é‡Œ0çš„ä¸ªæ•°:  430
æ€»æ•°:  860
æ­£ç¡®çš„ä¸ªæ•°:  689
Epoch [95/100], V_AUC: [4m0.7979[0m
Epoch [96/100], Loss: 54.7503
train_Accuracy: [91m0.8202[0m
train_Precision: [4;34m0.8123[0m,               train_Recall: [4;33m0.8406[0m,                 train_F1 Score: [4;35m0.8211[0m
æ ‡ç­¾é‡Œ1çš„ä¸ªæ•°:  2150
æ ‡ç­¾é‡Œ0çš„ä¸ªæ•°:  2150
æ€»æ•°:  4300
æ­£ç¡®çš„ä¸ªæ•°:  3527
æœ€åä¸€ä¸ªæ‰¹æ¬¡çš„è¾“å‡º, ä¸æ»¡batchsizeæ˜¯æ­£å¸¸çš„:
 tensor([[0.9313],
        [0.8270],
        [0.9832],
        [0.1904],
        [0.8810],
        [0.0722],
        [0.4269],
        [0.2744],
        [0.5745],
        [0.9397],
        [0.0242],
        [0.0977]], device='cuda:0', grad_fn=<SigmoidBackward0>)
Epoch [96/100], T_AUC: [4m0.8246[0m
Epoch [96/100], Loss: 14.0215
val_Accuracy: [92m0.8012[0m
val_Precision: [4;34m0.8169[0m,               val_Recall: [4;33m0.7664[0m,                 val_F1 Score: [4;35m0.7864[0m
æ ‡ç­¾é‡Œ1çš„ä¸ªæ•°:  430
æ ‡ç­¾é‡Œ0çš„ä¸ªæ•°:  430
æ€»æ•°:  860
æ­£ç¡®çš„ä¸ªæ•°:  689
Epoch [96/100], V_AUC: [4m0.7989[0m
Epoch [97/100], Loss: 54.7263
train_Accuracy: [91m0.8202[0m
train_Precision: [4;34m0.8115[0m,               train_Recall: [4;33m0.8427[0m,                 train_F1 Score: [4;35m0.8213[0m
æ ‡ç­¾é‡Œ1çš„ä¸ªæ•°:  2150
æ ‡ç­¾é‡Œ0çš„ä¸ªæ•°:  2150
æ€»æ•°:  4300
æ­£ç¡®çš„ä¸ªæ•°:  3527
æœ€åä¸€ä¸ªæ‰¹æ¬¡çš„è¾“å‡º, ä¸æ»¡batchsizeæ˜¯æ­£å¸¸çš„:
 tensor([[0.9485],
        [0.8462],
        [0.9813],
        [0.1807],
        [0.8550],
        [0.0685],
        [0.4115],
        [0.3101],
        [0.5783],
        [0.9349],
        [0.0221],
        [0.0960]], device='cuda:0', grad_fn=<SigmoidBackward0>)
Epoch [97/100], T_AUC: [4m0.8249[0m
Epoch [97/100], Loss: 14.0891
val_Accuracy: [92m0.8000[0m
val_Precision: [4;34m0.8131[0m,               val_Recall: [4;33m0.7710[0m,                 val_F1 Score: [4;35m0.7862[0m
æ ‡ç­¾é‡Œ1çš„ä¸ªæ•°:  430
æ ‡ç­¾é‡Œ0çš„ä¸ªæ•°:  430
æ€»æ•°:  860
æ­£ç¡®çš„ä¸ªæ•°:  688
Epoch [97/100], V_AUC: [4m0.7971[0m
Epoch [98/100], Loss: 54.7114
train_Accuracy: [91m0.8207[0m
train_Precision: [4;34m0.8125[0m,               train_Recall: [4;33m0.8424[0m,                 train_F1 Score: [4;35m0.8218[0m
æ ‡ç­¾é‡Œ1çš„ä¸ªæ•°:  2150
æ ‡ç­¾é‡Œ0çš„ä¸ªæ•°:  2150
æ€»æ•°:  4300
æ­£ç¡®çš„ä¸ªæ•°:  3529
æœ€åä¸€ä¸ªæ‰¹æ¬¡çš„è¾“å‡º, ä¸æ»¡batchsizeæ˜¯æ­£å¸¸çš„:
 tensor([[0.9214],
        [0.8507],
        [0.9857],
        [0.1912],
        [0.8646],
        [0.0721],
        [0.3838],
        [0.2914],
        [0.5600],
        [0.9315],
        [0.0245],
        [0.0980]], device='cuda:0', grad_fn=<SigmoidBackward0>)
Epoch [98/100], T_AUC: [4m0.8256[0m
Epoch [98/100], Loss: 14.2291
val_Accuracy: [92m0.8000[0m
val_Precision: [4;34m0.8181[0m,               val_Recall: [4;33m0.7615[0m,                 val_F1 Score: [4;35m0.7844[0m
æ ‡ç­¾é‡Œ1çš„ä¸ªæ•°:  430
æ ‡ç­¾é‡Œ0çš„ä¸ªæ•°:  430
æ€»æ•°:  860
æ­£ç¡®çš„ä¸ªæ•°:  688
Epoch [98/100], V_AUC: [4m0.7967[0m
Epoch [99/100], Loss: 54.5418
train_Accuracy: [91m0.8219[0m
train_Precision: [4;34m0.8136[0m,               train_Recall: [4;33m0.8430[0m,                 train_F1 Score: [4;35m0.8228[0m
æ ‡ç­¾é‡Œ1çš„ä¸ªæ•°:  2150
æ ‡ç­¾é‡Œ0çš„ä¸ªæ•°:  2150
æ€»æ•°:  4300
æ­£ç¡®çš„ä¸ªæ•°:  3534
æœ€åä¸€ä¸ªæ‰¹æ¬¡çš„è¾“å‡º, ä¸æ»¡batchsizeæ˜¯æ­£å¸¸çš„:
 tensor([[0.9330],
        [0.8489],
        [0.9808],
        [0.1844],
        [0.8716],
        [0.0662],
        [0.4095],
        [0.3185],
        [0.5817],
        [0.9295],
        [0.0213],
        [0.0999]], device='cuda:0', grad_fn=<SigmoidBackward0>)
Epoch [99/100], T_AUC: [4m0.8262[0m
Epoch [99/100], Loss: 14.2188
val_Accuracy: [92m0.7977[0m
val_Precision: [4;34m0.8130[0m,               val_Recall: [4;33m0.7612[0m,                 val_F1 Score: [4;35m0.7821[0m
æ ‡ç­¾é‡Œ1çš„ä¸ªæ•°:  430
æ ‡ç­¾é‡Œ0çš„ä¸ªæ•°:  430
æ€»æ•°:  860
æ­£ç¡®çš„ä¸ªæ•°:  686
Epoch [99/100], V_AUC: [4m0.7941[0m
Epoch [100/100], Loss: 54.6166
train_Accuracy: [91m0.8195[0m
train_Precision: [4;34m0.8103[0m,               train_Recall: [4;33m0.8423[0m,                 train_F1 Score: [4;35m0.8207[0m
æ ‡ç­¾é‡Œ1çš„ä¸ªæ•°:  2150
æ ‡ç­¾é‡Œ0çš„ä¸ªæ•°:  2150
æ€»æ•°:  4300
æ­£ç¡®çš„ä¸ªæ•°:  3524
æœ€åä¸€ä¸ªæ‰¹æ¬¡çš„è¾“å‡º, ä¸æ»¡batchsizeæ˜¯æ­£å¸¸çš„:
 tensor([[0.9427],
        [0.8256],
        [0.9817],
        [0.2012],
        [0.8614],
        [0.0672],
        [0.4178],
        [0.2953],
        [0.6277],
        [0.9233],
        [0.0254],
        [0.1013]], device='cuda:0', grad_fn=<SigmoidBackward0>)
Epoch [100/100], T_AUC: [4m0.8238[0m
Epoch [100/100], Loss: 14.2179
val_Accuracy: [92m0.7988[0m
val_Precision: [4;34m0.8147[0m,               val_Recall: [4;33m0.7639[0m,                 val_F1 Score: [4;35m0.7837[0m
æ ‡ç­¾é‡Œ1çš„ä¸ªæ•°:  430
æ ‡ç­¾é‡Œ0çš„ä¸ªæ•°:  430
æ€»æ•°:  860
æ­£ç¡®çš„ä¸ªæ•°:  687
Epoch [100/100], V_AUC: [4m0.7963[0m
ç¬¬0æ‰¹ç¬¬2ä¸ª, 100
ç¬¬0æ‰¹ç¬¬15ä¸ª, 100
ç¬¬1æ‰¹ç¬¬0ä¸ª, 100
ç¬¬1æ‰¹ç¬¬13ä¸ª, 100
ç¬¬1æ‰¹ç¬¬16ä¸ª, 100
send email successfully
