2024-06-25-06:28:32
1æ’åº128-0.4
åˆ›å»ºæ¨¡å‹å®ä¾‹
æ¨¡å‹å®ä¾‹åˆ›å»ºå®Œæˆ
åŠ è½½é¢„è®­ç»ƒå‚æ•°
é¢„è®­ç»ƒå‚æ•°åŠ è½½å®Œæˆ
Epoch [1/100], Loss: 61.0106
train_Accuracy: [91m0.7974[0m
train_Precision: [4;34m0.7925[0m,               train_Recall: [4;33m0.8200[0m,                 train_F1 Score: [4;35m0.7995[0m
æ ‡ç­¾é‡Œ1çš„ä¸ªæ•°:  2150
æ ‡ç­¾é‡Œ0çš„ä¸ªæ•°:  2150
æ€»æ•°:  4300
æ­£ç¡®çš„ä¸ªæ•°:  3429
æœ€åä¸€ä¸ªæ‰¹æ¬¡çš„è¾“å‡º, ä¸æ»¡batchsizeæ˜¯æ­£å¸¸çš„:
 tensor([[0.9274],
        [0.8651],
        [0.9803],
        [0.1715],
        [0.7599],
        [0.1697],
        [0.5363],
        [0.2830],
        [0.4223],
        [0.8982],
        [0.0350],
        [0.0391]], device='cuda:0', grad_fn=<SigmoidBackward0>)
Epoch [1/100], T_AUC: [4m0.8042[0m
Epoch [1/100], Loss: 13.9728
val_Accuracy: [92m0.7942[0m
val_Precision: [4;34m0.7956[0m,               val_Recall: [4;33m0.7811[0m,                 val_F1 Score: [4;35m0.7841[0m
æ ‡ç­¾é‡Œ1çš„ä¸ªæ•°:  430
æ ‡ç­¾é‡Œ0çš„ä¸ªæ•°:  430
æ€»æ•°:  860
æ­£ç¡®çš„ä¸ªæ•°:  683
Epoch [1/100], V_AUC: [4m0.7917[0m
Epoch [2/100], Loss: 59.1211
train_Accuracy: [91m0.8067[0m
train_Precision: [4;34m0.8016[0m,               train_Recall: [4;33m0.8273[0m,                 train_F1 Score: [4;35m0.8084[0m
æ ‡ç­¾é‡Œ1çš„ä¸ªæ•°:  2150
æ ‡ç­¾é‡Œ0çš„ä¸ªæ•°:  2150
æ€»æ•°:  4300
æ­£ç¡®çš„ä¸ªæ•°:  3469
æœ€åä¸€ä¸ªæ‰¹æ¬¡çš„è¾“å‡º, ä¸æ»¡batchsizeæ˜¯æ­£å¸¸çš„:
 tensor([[0.9335],
        [0.8655],
        [0.9824],
        [0.1536],
        [0.7520],
        [0.1446],
        [0.5210],
        [0.3187],
        [0.4657],
        [0.9135],
        [0.0276],
        [0.0438]], device='cuda:0', grad_fn=<SigmoidBackward0>)
Epoch [2/100], T_AUC: [4m0.8133[0m
Epoch [2/100], Loss: 13.9686
val_Accuracy: [92m0.7965[0m
val_Precision: [4;34m0.7977[0m,               val_Recall: [4;33m0.7828[0m,                 val_F1 Score: [4;35m0.7861[0m
æ ‡ç­¾é‡Œ1çš„ä¸ªæ•°:  430
æ ‡ç­¾é‡Œ0çš„ä¸ªæ•°:  430
æ€»æ•°:  860
æ­£ç¡®çš„ä¸ªæ•°:  685
Epoch [2/100], V_AUC: [4m0.7935[0m
Epoch [3/100], Loss: 58.6253
train_Accuracy: [91m0.8060[0m
train_Precision: [4;34m0.7994[0m,               train_Recall: [4;33m0.8298[0m,                 train_F1 Score: [4;35m0.8082[0m
æ ‡ç­¾é‡Œ1çš„ä¸ªæ•°:  2150
æ ‡ç­¾é‡Œ0çš„ä¸ªæ•°:  2150
æ€»æ•°:  4300
æ­£ç¡®çš„ä¸ªæ•°:  3466
æœ€åä¸€ä¸ªæ‰¹æ¬¡çš„è¾“å‡º, ä¸æ»¡batchsizeæ˜¯æ­£å¸¸çš„:
 tensor([[0.9340],
        [0.8582],
        [0.9840],
        [0.1387],
        [0.7643],
        [0.1279],
        [0.4951],
        [0.3549],
        [0.4936],
        [0.9182],
        [0.0262],
        [0.0484]], device='cuda:0', grad_fn=<SigmoidBackward0>)
Epoch [3/100], T_AUC: [4m0.8127[0m
Epoch [3/100], Loss: 14.0853
val_Accuracy: [92m0.7942[0m
val_Precision: [4;34m0.8003[0m,               val_Recall: [4;33m0.7757[0m,                 val_F1 Score: [4;35m0.7829[0m
æ ‡ç­¾é‡Œ1çš„ä¸ªæ•°:  430
æ ‡ç­¾é‡Œ0çš„ä¸ªæ•°:  430
æ€»æ•°:  860
æ­£ç¡®çš„ä¸ªæ•°:  683
Epoch [3/100], V_AUC: [4m0.7912[0m
Epoch [4/100], Loss: 58.1455
train_Accuracy: [91m0.8088[0m
train_Precision: [4;34m0.8013[0m,               train_Recall: [4;33m0.8326[0m,                 train_F1 Score: [4;35m0.8112[0m
æ ‡ç­¾é‡Œ1çš„ä¸ªæ•°:  2150
æ ‡ç­¾é‡Œ0çš„ä¸ªæ•°:  2150
æ€»æ•°:  4300
æ­£ç¡®çš„ä¸ªæ•°:  3478
æœ€åä¸€ä¸ªæ‰¹æ¬¡çš„è¾“å‡º, ä¸æ»¡batchsizeæ˜¯æ­£å¸¸çš„:
 tensor([[0.9314],
        [0.8609],
        [0.9830],
        [0.1386],
        [0.7592],
        [0.1219],
        [0.5195],
        [0.3377],
        [0.5401],
        [0.9156],
        [0.0251],
        [0.0477]], device='cuda:0', grad_fn=<SigmoidBackward0>)
Epoch [4/100], T_AUC: [4m0.8145[0m
Epoch [4/100], Loss: 14.1172
val_Accuracy: [92m0.7965[0m
val_Precision: [4;34m0.8004[0m,               val_Recall: [4;33m0.7797[0m,                 val_F1 Score: [4;35m0.7851[0m
æ ‡ç­¾é‡Œ1çš„ä¸ªæ•°:  430
æ ‡ç­¾é‡Œ0çš„ä¸ªæ•°:  430
æ€»æ•°:  860
æ­£ç¡®çš„ä¸ªæ•°:  685
Epoch [4/100], V_AUC: [4m0.7935[0m
Epoch [5/100], Loss: 57.9268
train_Accuracy: [91m0.8093[0m
train_Precision: [4;34m0.8026[0m,               train_Recall: [4;33m0.8326[0m,                 train_F1 Score: [4;35m0.8116[0m
æ ‡ç­¾é‡Œ1çš„ä¸ªæ•°:  2150
æ ‡ç­¾é‡Œ0çš„ä¸ªæ•°:  2150
æ€»æ•°:  4300
æ­£ç¡®çš„ä¸ªæ•°:  3480
æœ€åä¸€ä¸ªæ‰¹æ¬¡çš„è¾“å‡º, ä¸æ»¡batchsizeæ˜¯æ­£å¸¸çš„:
 tensor([[0.9070],
        [0.8516],
        [0.9838],
        [0.1401],
        [0.7928],
        [0.1246],
        [0.5242],
        [0.3097],
        [0.5729],
        [0.9144],
        [0.0333],
        [0.0415]], device='cuda:0', grad_fn=<SigmoidBackward0>)
Epoch [5/100], T_AUC: [4m0.8153[0m
Epoch [5/100], Loss: 14.0607
val_Accuracy: [92m0.7953[0m
val_Precision: [4;34m0.7992[0m,               val_Recall: [4;33m0.7797[0m,                 val_F1 Score: [4;35m0.7842[0m
æ ‡ç­¾é‡Œ1çš„ä¸ªæ•°:  430
æ ‡ç­¾é‡Œ0çš„ä¸ªæ•°:  430
æ€»æ•°:  860
æ­£ç¡®çš„ä¸ªæ•°:  684
Epoch [5/100], V_AUC: [4m0.7921[0m
Epoch [6/100], Loss: 57.7320
train_Accuracy: [91m0.8107[0m
train_Precision: [4;34m0.8041[0m,               train_Recall: [4;33m0.8339[0m,                 train_F1 Score: [4;35m0.8127[0m
æ ‡ç­¾é‡Œ1çš„ä¸ªæ•°:  2150
æ ‡ç­¾é‡Œ0çš„ä¸ªæ•°:  2150
æ€»æ•°:  4300
æ­£ç¡®çš„ä¸ªæ•°:  3486
æœ€åä¸€ä¸ªæ‰¹æ¬¡çš„è¾“å‡º, ä¸æ»¡batchsizeæ˜¯æ­£å¸¸çš„:
 tensor([[0.9063],
        [0.8487],
        [0.9850],
        [0.1330],
        [0.7921],
        [0.1361],
        [0.5031],
        [0.3155],
        [0.5714],
        [0.8975],
        [0.0320],
        [0.0500]], device='cuda:0', grad_fn=<SigmoidBackward0>)
Epoch [6/100], T_AUC: [4m0.8167[0m
Epoch [6/100], Loss: 14.2506
val_Accuracy: [92m0.7977[0m
val_Precision: [4;34m0.8134[0m,               val_Recall: [4;33m0.7642[0m,                 val_F1 Score: [4;35m0.7828[0m
æ ‡ç­¾é‡Œ1çš„ä¸ªæ•°:  430
æ ‡ç­¾é‡Œ0çš„ä¸ªæ•°:  430
æ€»æ•°:  860
æ­£ç¡®çš„ä¸ªæ•°:  686
Epoch [6/100], V_AUC: [4m0.7950[0m
Epoch [7/100], Loss: 57.2829
train_Accuracy: [91m0.8130[0m
train_Precision: [4;34m0.8058[0m,               train_Recall: [4;33m0.8350[0m,                 train_F1 Score: [4;35m0.8145[0m
æ ‡ç­¾é‡Œ1çš„ä¸ªæ•°:  2150
æ ‡ç­¾é‡Œ0çš„ä¸ªæ•°:  2150
æ€»æ•°:  4300
æ­£ç¡®çš„ä¸ªæ•°:  3496
æœ€åä¸€ä¸ªæ‰¹æ¬¡çš„è¾“å‡º, ä¸æ»¡batchsizeæ˜¯æ­£å¸¸çš„:
 tensor([[0.8813],
        [0.8434],
        [0.9845],
        [0.1217],
        [0.8259],
        [0.1425],
        [0.4558],
        [0.3296],
        [0.5750],
        [0.8998],
        [0.0419],
        [0.0423]], device='cuda:0', grad_fn=<SigmoidBackward0>)
Epoch [7/100], T_AUC: [4m0.8186[0m
Epoch [7/100], Loss: 14.3226
val_Accuracy: [92m0.7907[0m
val_Precision: [4;34m0.8030[0m,               val_Recall: [4;33m0.7613[0m,                 val_F1 Score: [4;35m0.7764[0m
æ ‡ç­¾é‡Œ1çš„ä¸ªæ•°:  430
æ ‡ç­¾é‡Œ0çš„ä¸ªæ•°:  430
æ€»æ•°:  860
æ­£ç¡®çš„ä¸ªæ•°:  680
Epoch [7/100], V_AUC: [4m0.7883[0m
Epoch [8/100], Loss: 57.5372
train_Accuracy: [91m0.8119[0m
train_Precision: [4;34m0.8049[0m,               train_Recall: [4;33m0.8332[0m,                 train_F1 Score: [4;35m0.8132[0m
æ ‡ç­¾é‡Œ1çš„ä¸ªæ•°:  2150
æ ‡ç­¾é‡Œ0çš„ä¸ªæ•°:  2150
æ€»æ•°:  4300
æ­£ç¡®çš„ä¸ªæ•°:  3491
æœ€åä¸€ä¸ªæ‰¹æ¬¡çš„è¾“å‡º, ä¸æ»¡batchsizeæ˜¯æ­£å¸¸çš„:
 tensor([[0.8917],
        [0.8444],
        [0.9837],
        [0.1250],
        [0.8078],
        [0.1447],
        [0.4145],
        [0.3955],
        [0.5743],
        [0.9048],
        [0.0346],
        [0.0480]], device='cuda:0', grad_fn=<SigmoidBackward0>)
Epoch [8/100], T_AUC: [4m0.8178[0m
Epoch [8/100], Loss: 14.0280
val_Accuracy: [92m0.7977[0m
val_Precision: [4;34m0.8043[0m,               val_Recall: [4;33m0.7778[0m,                 val_F1 Score: [4;35m0.7848[0m
æ ‡ç­¾é‡Œ1çš„ä¸ªæ•°:  430
æ ‡ç­¾é‡Œ0çš„ä¸ªæ•°:  430
æ€»æ•°:  860
æ­£ç¡®çš„ä¸ªæ•°:  686
Epoch [8/100], V_AUC: [4m0.7949[0m
Epoch [9/100], Loss: 56.9335
train_Accuracy: [91m0.8198[0m
train_Precision: [4;34m0.8121[0m,               train_Recall: [4;33m0.8421[0m,                 train_F1 Score: [4;35m0.8215[0m
æ ‡ç­¾é‡Œ1çš„ä¸ªæ•°:  2150
æ ‡ç­¾é‡Œ0çš„ä¸ªæ•°:  2150
æ€»æ•°:  4300
æ­£ç¡®çš„ä¸ªæ•°:  3525
æœ€åä¸€ä¸ªæ‰¹æ¬¡çš„è¾“å‡º, ä¸æ»¡batchsizeæ˜¯æ­£å¸¸çš„:
 tensor([[0.8817],
        [0.8209],
        [0.9822],
        [0.1230],
        [0.8304],
        [0.1404],
        [0.4515],
        [0.3881],
        [0.6077],
        [0.8920],
        [0.0278],
        [0.0587]], device='cuda:0', grad_fn=<SigmoidBackward0>)
Epoch [9/100], T_AUC: [4m0.8249[0m
Epoch [9/100], Loss: 14.1323
val_Accuracy: [92m0.7965[0m
val_Precision: [4;34m0.8061[0m,               val_Recall: [4;33m0.7707[0m,                 val_F1 Score: [4;35m0.7830[0m
æ ‡ç­¾é‡Œ1çš„ä¸ªæ•°:  430
æ ‡ç­¾é‡Œ0çš„ä¸ªæ•°:  430
æ€»æ•°:  860
æ­£ç¡®çš„ä¸ªæ•°:  685
Epoch [9/100], V_AUC: [4m0.7942[0m
Epoch [10/100], Loss: 56.7123
train_Accuracy: [91m0.8221[0m
train_Precision: [4;34m0.8146[0m,               train_Recall: [4;33m0.8429[0m,                 train_F1 Score: [4;35m0.8235[0m
æ ‡ç­¾é‡Œ1çš„ä¸ªæ•°:  2150
æ ‡ç­¾é‡Œ0çš„ä¸ªæ•°:  2150
æ€»æ•°:  4300
æ­£ç¡®çš„ä¸ªæ•°:  3535
æœ€åä¸€ä¸ªæ‰¹æ¬¡çš„è¾“å‡º, ä¸æ»¡batchsizeæ˜¯æ­£å¸¸çš„:
 tensor([[0.8872],
        [0.8291],
        [0.9844],
        [0.1399],
        [0.8235],
        [0.1523],
        [0.4575],
        [0.3533],
        [0.6132],
        [0.8578],
        [0.0318],
        [0.0553]], device='cuda:0', grad_fn=<SigmoidBackward0>)
Epoch [10/100], T_AUC: [4m0.8271[0m
Epoch [10/100], Loss: 14.1675
val_Accuracy: [92m0.7907[0m
val_Precision: [4;34m0.7969[0m,               val_Recall: [4;33m0.7681[0m,                 val_F1 Score: [4;35m0.7772[0m
æ ‡ç­¾é‡Œ1çš„ä¸ªæ•°:  430
æ ‡ç­¾é‡Œ0çš„ä¸ªæ•°:  430
æ€»æ•°:  860
æ­£ç¡®çš„ä¸ªæ•°:  680
Epoch [10/100], V_AUC: [4m0.7883[0m
Epoch [11/100], Loss: 56.3828
train_Accuracy: [91m0.8193[0m
train_Precision: [4;34m0.8101[0m,               train_Recall: [4;33m0.8423[0m,                 train_F1 Score: [4;35m0.8208[0m
æ ‡ç­¾é‡Œ1çš„ä¸ªæ•°:  2150
æ ‡ç­¾é‡Œ0çš„ä¸ªæ•°:  2150
æ€»æ•°:  4300
æ­£ç¡®çš„ä¸ªæ•°:  3523
æœ€åä¸€ä¸ªæ‰¹æ¬¡çš„è¾“å‡º, ä¸æ»¡batchsizeæ˜¯æ­£å¸¸çš„:
 tensor([[0.8851],
        [0.8168],
        [0.9832],
        [0.1299],
        [0.8569],
        [0.1577],
        [0.4147],
        [0.3870],
        [0.6277],
        [0.8486],
        [0.0249],
        [0.0617]], device='cuda:0', grad_fn=<SigmoidBackward0>)
Epoch [11/100], T_AUC: [4m0.8245[0m
Epoch [11/100], Loss: 14.2662
val_Accuracy: [92m0.7872[0m
val_Precision: [4;34m0.7940[0m,               val_Recall: [4;33m0.7638[0m,                 val_F1 Score: [4;35m0.7736[0m
æ ‡ç­¾é‡Œ1çš„ä¸ªæ•°:  430
æ ‡ç­¾é‡Œ0çš„ä¸ªæ•°:  430
æ€»æ•°:  860
æ­£ç¡®çš„ä¸ªæ•°:  677
Epoch [11/100], V_AUC: [4m0.7852[0m
Epoch [12/100], Loss: 56.0322
train_Accuracy: [91m0.8221[0m
train_Precision: [4;34m0.8137[0m,               train_Recall: [4;33m0.8440[0m,                 train_F1 Score: [4;35m0.8237[0m
æ ‡ç­¾é‡Œ1çš„ä¸ªæ•°:  2150
æ ‡ç­¾é‡Œ0çš„ä¸ªæ•°:  2150
æ€»æ•°:  4300
æ­£ç¡®çš„ä¸ªæ•°:  3535
æœ€åä¸€ä¸ªæ‰¹æ¬¡çš„è¾“å‡º, ä¸æ»¡batchsizeæ˜¯æ­£å¸¸çš„:
 tensor([[0.8615],
        [0.8102],
        [0.9841],
        [0.1344],
        [0.8715],
        [0.1330],
        [0.4076],
        [0.3316],
        [0.6866],
        [0.8421],
        [0.0278],
        [0.0877]], device='cuda:0', grad_fn=<SigmoidBackward0>)
Epoch [12/100], T_AUC: [4m0.8273[0m
Epoch [12/100], Loss: 14.4603
val_Accuracy: [92m0.7930[0m
val_Precision: [4;34m0.8006[0m,               val_Recall: [4;33m0.7664[0m,                 val_F1 Score: [4;35m0.7785[0m
æ ‡ç­¾é‡Œ1çš„ä¸ªæ•°:  430
æ ‡ç­¾é‡Œ0çš„ä¸ªæ•°:  430
æ€»æ•°:  860
æ­£ç¡®çš„ä¸ªæ•°:  682
Epoch [12/100], V_AUC: [4m0.7895[0m
Epoch [13/100], Loss: 55.4871
train_Accuracy: [91m0.8272[0m
train_Precision: [4;34m0.8165[0m,               train_Recall: [4;33m0.8524[0m,                 train_F1 Score: [4;35m0.8291[0m
æ ‡ç­¾é‡Œ1çš„ä¸ªæ•°:  2150
æ ‡ç­¾é‡Œ0çš„ä¸ªæ•°:  2150
æ€»æ•°:  4300
æ­£ç¡®çš„ä¸ªæ•°:  3557
æœ€åä¸€ä¸ªæ‰¹æ¬¡çš„è¾“å‡º, ä¸æ»¡batchsizeæ˜¯æ­£å¸¸çš„:
 tensor([[0.8746],
        [0.8113],
        [0.9860],
        [0.1101],
        [0.8123],
        [0.1319],
        [0.4726],
        [0.3420],
        [0.6723],
        [0.8833],
        [0.0220],
        [0.0660]], device='cuda:0', grad_fn=<SigmoidBackward0>)
Epoch [13/100], T_AUC: [4m0.8320[0m
Epoch [13/100], Loss: 14.5847
val_Accuracy: [92m0.7860[0m
val_Precision: [4;34m0.7982[0m,               val_Recall: [4;33m0.7542[0m,                 val_F1 Score: [4;35m0.7703[0m
æ ‡ç­¾é‡Œ1çš„ä¸ªæ•°:  430
æ ‡ç­¾é‡Œ0çš„ä¸ªæ•°:  430
æ€»æ•°:  860
æ­£ç¡®çš„ä¸ªæ•°:  676
Epoch [13/100], V_AUC: [4m0.7837[0m
Epoch [14/100], Loss: 55.5081
train_Accuracy: [91m0.8237[0m
train_Precision: [4;34m0.8098[0m,               train_Recall: [4;33m0.8538[0m,                 train_F1 Score: [4;35m0.8261[0m
æ ‡ç­¾é‡Œ1çš„ä¸ªæ•°:  2150
æ ‡ç­¾é‡Œ0çš„ä¸ªæ•°:  2150
æ€»æ•°:  4300
æ­£ç¡®çš„ä¸ªæ•°:  3542
æœ€åä¸€ä¸ªæ‰¹æ¬¡çš„è¾“å‡º, ä¸æ»¡batchsizeæ˜¯æ­£å¸¸çš„:
 tensor([[0.8696],
        [0.8225],
        [0.9821],
        [0.1253],
        [0.7285],
        [0.1302],
        [0.5143],
        [0.4915],
        [0.7063],
        [0.8429],
        [0.0173],
        [0.0800]], device='cuda:0', grad_fn=<SigmoidBackward0>)
Epoch [14/100], T_AUC: [4m0.8278[0m
Epoch [14/100], Loss: 14.4696
val_Accuracy: [92m0.7884[0m
val_Precision: [4;34m0.8027[0m,               val_Recall: [4;33m0.7549[0m,                 val_F1 Score: [4;35m0.7736[0m
æ ‡ç­¾é‡Œ1çš„ä¸ªæ•°:  430
æ ‡ç­¾é‡Œ0çš„ä¸ªæ•°:  430
æ€»æ•°:  860
æ­£ç¡®çš„ä¸ªæ•°:  678
Epoch [14/100], V_AUC: [4m0.7853[0m
Epoch [15/100], Loss: 55.2071
train_Accuracy: [91m0.8226[0m
train_Precision: [4;34m0.8147[0m,               train_Recall: [4;33m0.8473[0m,                 train_F1 Score: [4;35m0.8250[0m
æ ‡ç­¾é‡Œ1çš„ä¸ªæ•°:  2150
æ ‡ç­¾é‡Œ0çš„ä¸ªæ•°:  2150
æ€»æ•°:  4300
æ­£ç¡®çš„ä¸ªæ•°:  3537
æœ€åä¸€ä¸ªæ‰¹æ¬¡çš„è¾“å‡º, ä¸æ»¡batchsizeæ˜¯æ­£å¸¸çš„:
 tensor([[0.8907],
        [0.8343],
        [0.9870],
        [0.1125],
        [0.7603],
        [0.1235],
        [0.3509],
        [0.3560],
        [0.6912],
        [0.8576],
        [0.0360],
        [0.0768]], device='cuda:0', grad_fn=<SigmoidBackward0>)
Epoch [15/100], T_AUC: [4m0.8283[0m
Epoch [15/100], Loss: 15.1550
val_Accuracy: [92m0.7814[0m
val_Precision: [4;34m0.7895[0m,               val_Recall: [4;33m0.7542[0m,                 val_F1 Score: [4;35m0.7666[0m
æ ‡ç­¾é‡Œ1çš„ä¸ªæ•°:  430
æ ‡ç­¾é‡Œ0çš„ä¸ªæ•°:  430
æ€»æ•°:  860
æ­£ç¡®çš„ä¸ªæ•°:  672
Epoch [15/100], V_AUC: [4m0.7796[0m
Epoch [16/100], Loss: 54.7330
train_Accuracy: [91m0.8284[0m
train_Precision: [4;34m0.8160[0m,               train_Recall: [4;33m0.8576[0m,                 train_F1 Score: [4;35m0.8314[0m
æ ‡ç­¾é‡Œ1çš„ä¸ªæ•°:  2150
æ ‡ç­¾é‡Œ0çš„ä¸ªæ•°:  2150
æ€»æ•°:  4300
æ­£ç¡®çš„ä¸ªæ•°:  3562
æœ€åä¸€ä¸ªæ‰¹æ¬¡çš„è¾“å‡º, ä¸æ»¡batchsizeæ˜¯æ­£å¸¸çš„:
 tensor([[0.8926],
        [0.8431],
        [0.9838],
        [0.0989],
        [0.8880],
        [0.1103],
        [0.3520],
        [0.3484],
        [0.8477],
        [0.8133],
        [0.0191],
        [0.0554]], device='cuda:0', grad_fn=<SigmoidBackward0>)
Epoch [16/100], T_AUC: [4m0.8335[0m
Epoch [16/100], Loss: 15.0574
val_Accuracy: [92m0.7837[0m
val_Precision: [4;34m0.7904[0m,               val_Recall: [4;33m0.7605[0m,                 val_F1 Score: [4;35m0.7702[0m
æ ‡ç­¾é‡Œ1çš„ä¸ªæ•°:  430
æ ‡ç­¾é‡Œ0çš„ä¸ªæ•°:  430
æ€»æ•°:  860
æ­£ç¡®çš„ä¸ªæ•°:  674
Epoch [16/100], V_AUC: [4m0.7808[0m
Epoch [17/100], Loss: 54.3322
train_Accuracy: [91m0.8281[0m
train_Precision: [4;34m0.8179[0m,               train_Recall: [4;33m0.8546[0m,                 train_F1 Score: [4;35m0.8308[0m
æ ‡ç­¾é‡Œ1çš„ä¸ªæ•°:  2150
æ ‡ç­¾é‡Œ0çš„ä¸ªæ•°:  2150
æ€»æ•°:  4300
æ­£ç¡®çš„ä¸ªæ•°:  3561
æœ€åä¸€ä¸ªæ‰¹æ¬¡çš„è¾“å‡º, ä¸æ»¡batchsizeæ˜¯æ­£å¸¸çš„:
 tensor([[0.9063],
        [0.8066],
        [0.9881],
        [0.0949],
        [0.7835],
        [0.0965],
        [0.3696],
        [0.3159],
        [0.8979],
        [0.8369],
        [0.0188],
        [0.0767]], device='cuda:0', grad_fn=<SigmoidBackward0>)
Epoch [17/100], T_AUC: [4m0.8333[0m
Epoch [17/100], Loss: 14.8922
val_Accuracy: [92m0.7884[0m
val_Precision: [4;34m0.7999[0m,               val_Recall: [4;33m0.7554[0m,                 val_F1 Score: [4;35m0.7724[0m
æ ‡ç­¾é‡Œ1çš„ä¸ªæ•°:  430
æ ‡ç­¾é‡Œ0çš„ä¸ªæ•°:  430
æ€»æ•°:  860
æ­£ç¡®çš„ä¸ªæ•°:  678
Epoch [17/100], V_AUC: [4m0.7856[0m
Epoch [18/100], Loss: 54.2440
train_Accuracy: [91m0.8284[0m
train_Precision: [4;34m0.8160[0m,               train_Recall: [4;33m0.8569[0m,                 train_F1 Score: [4;35m0.8308[0m
æ ‡ç­¾é‡Œ1çš„ä¸ªæ•°:  2150
æ ‡ç­¾é‡Œ0çš„ä¸ªæ•°:  2150
æ€»æ•°:  4300
æ­£ç¡®çš„ä¸ªæ•°:  3562
æœ€åä¸€ä¸ªæ‰¹æ¬¡çš„è¾“å‡º, ä¸æ»¡batchsizeæ˜¯æ­£å¸¸çš„:
 tensor([[0.8836],
        [0.8610],
        [0.9882],
        [0.0921],
        [0.7957],
        [0.1071],
        [0.3696],
        [0.4091],
        [0.9004],
        [0.7668],
        [0.0160],
        [0.0804]], device='cuda:0', grad_fn=<SigmoidBackward0>)
Epoch [18/100], T_AUC: [4m0.8336[0m
Epoch [18/100], Loss: 15.0314
val_Accuracy: [92m0.7872[0m
val_Precision: [4;34m0.7965[0m,               val_Recall: [4;33m0.7613[0m,                 val_F1 Score: [4;35m0.7737[0m
æ ‡ç­¾é‡Œ1çš„ä¸ªæ•°:  430
æ ‡ç­¾é‡Œ0çš„ä¸ªæ•°:  430
æ€»æ•°:  860
æ­£ç¡®çš„ä¸ªæ•°:  677
Epoch [18/100], V_AUC: [4m0.7846[0m
Epoch [19/100], Loss: 53.9937
train_Accuracy: [91m0.8272[0m
train_Precision: [4;34m0.8153[0m,               train_Recall: [4;33m0.8550[0m,                 train_F1 Score: [4;35m0.8291[0m
æ ‡ç­¾é‡Œ1çš„ä¸ªæ•°:  2150
æ ‡ç­¾é‡Œ0çš„ä¸ªæ•°:  2150
æ€»æ•°:  4300
æ­£ç¡®çš„ä¸ªæ•°:  3557
æœ€åä¸€ä¸ªæ‰¹æ¬¡çš„è¾“å‡º, ä¸æ»¡batchsizeæ˜¯æ­£å¸¸çš„:
 tensor([[0.9216],
        [0.8207],
        [0.9823],
        [0.1031],
        [0.8502],
        [0.0773],
        [0.3811],
        [0.4004],
        [0.8673],
        [0.8503],
        [0.0164],
        [0.0666]], device='cuda:0', grad_fn=<SigmoidBackward0>)
Epoch [19/100], T_AUC: [4m0.8324[0m
Epoch [19/100], Loss: 15.0228
val_Accuracy: [92m0.7756[0m
val_Precision: [4;34m0.7747[0m,               val_Recall: [4;33m0.7646[0m,                 val_F1 Score: [4;35m0.7647[0m
æ ‡ç­¾é‡Œ1çš„ä¸ªæ•°:  430
æ ‡ç­¾é‡Œ0çš„ä¸ªæ•°:  430
æ€»æ•°:  860
æ­£ç¡®çš„ä¸ªæ•°:  667
Epoch [19/100], V_AUC: [4m0.7723[0m
Epoch [20/100], Loss: 53.2056
train_Accuracy: [91m0.8302[0m
train_Precision: [4;34m0.8176[0m,               train_Recall: [4;33m0.8607[0m,                 train_F1 Score: [4;35m0.8336[0m
æ ‡ç­¾é‡Œ1çš„ä¸ªæ•°:  2150
æ ‡ç­¾é‡Œ0çš„ä¸ªæ•°:  2150
æ€»æ•°:  4300
æ­£ç¡®çš„ä¸ªæ•°:  3570
æœ€åä¸€ä¸ªæ‰¹æ¬¡çš„è¾“å‡º, ä¸æ»¡batchsizeæ˜¯æ­£å¸¸çš„:
 tensor([[0.9218],
        [0.8739],
        [0.9825],
        [0.1085],
        [0.8080],
        [0.0731],
        [0.3517],
        [0.3371],
        [0.8671],
        [0.8221],
        [0.0186],
        [0.0672]], device='cuda:0', grad_fn=<SigmoidBackward0>)
Epoch [20/100], T_AUC: [4m0.8359[0m
Epoch [20/100], Loss: 15.4652
val_Accuracy: [92m0.7895[0m
val_Precision: [4;34m0.8022[0m,               val_Recall: [4;33m0.7558[0m,                 val_F1 Score: [4;35m0.7741[0m
æ ‡ç­¾é‡Œ1çš„ä¸ªæ•°:  430
æ ‡ç­¾é‡Œ0çš„ä¸ªæ•°:  430
æ€»æ•°:  860
æ­£ç¡®çš„ä¸ªæ•°:  679
Epoch [20/100], V_AUC: [4m0.7871[0m
Epoch [21/100], Loss: 53.1694
train_Accuracy: [91m0.8279[0m
train_Precision: [4;34m0.8164[0m,               train_Recall: [4;33m0.8577[0m,                 train_F1 Score: [4;35m0.8307[0m
æ ‡ç­¾é‡Œ1çš„ä¸ªæ•°:  2150
æ ‡ç­¾é‡Œ0çš„ä¸ªæ•°:  2150
æ€»æ•°:  4300
æ­£ç¡®çš„ä¸ªæ•°:  3560
æœ€åä¸€ä¸ªæ‰¹æ¬¡çš„è¾“å‡º, ä¸æ»¡batchsizeæ˜¯æ­£å¸¸çš„:
 tensor([[0.8968],
        [0.8398],
        [0.9856],
        [0.0999],
        [0.8436],
        [0.0569],
        [0.3811],
        [0.2852],
        [0.8026],
        [0.8410],
        [0.0153],
        [0.1557]], device='cuda:0', grad_fn=<SigmoidBackward0>)
Epoch [21/100], T_AUC: [4m0.8342[0m
Epoch [21/100], Loss: 15.6206
val_Accuracy: [92m0.7779[0m
val_Precision: [4;34m0.7752[0m,               val_Recall: [4;33m0.7656[0m,                 val_F1 Score: [4;35m0.7665[0m
æ ‡ç­¾é‡Œ1çš„ä¸ªæ•°:  430
æ ‡ç­¾é‡Œ0çš„ä¸ªæ•°:  430
æ€»æ•°:  860
æ­£ç¡®çš„ä¸ªæ•°:  669
Epoch [21/100], V_AUC: [4m0.7747[0m
Epoch [22/100], Loss: 53.5022
train_Accuracy: [91m0.8286[0m
train_Precision: [4;34m0.8209[0m,               train_Recall: [4;33m0.8508[0m,                 train_F1 Score: [4;35m0.8306[0m
æ ‡ç­¾é‡Œ1çš„ä¸ªæ•°:  2150
æ ‡ç­¾é‡Œ0çš„ä¸ªæ•°:  2150
æ€»æ•°:  4300
æ­£ç¡®çš„ä¸ªæ•°:  3563
æœ€åä¸€ä¸ªæ‰¹æ¬¡çš„è¾“å‡º, ä¸æ»¡batchsizeæ˜¯æ­£å¸¸çš„:
 tensor([[0.9201],
        [0.9052],
        [0.9819],
        [0.0725],
        [0.9104],
        [0.0721],
        [0.3144],
        [0.3359],
        [0.6833],
        [0.9073],
        [0.0193],
        [0.0809]], device='cuda:0', grad_fn=<SigmoidBackward0>)
Epoch [22/100], T_AUC: [4m0.8341[0m
Epoch [22/100], Loss: 15.4526
val_Accuracy: [92m0.7802[0m
val_Precision: [4;34m0.7725[0m,               val_Recall: [4;33m0.7754[0m,                 val_F1 Score: [4;35m0.7694[0m
æ ‡ç­¾é‡Œ1çš„ä¸ªæ•°:  430
æ ‡ç­¾é‡Œ0çš„ä¸ªæ•°:  430
æ€»æ•°:  860
æ­£ç¡®çš„ä¸ªæ•°:  671
Epoch [22/100], V_AUC: [4m0.7775[0m
Epoch [23/100], Loss: 52.3833
train_Accuracy: [91m0.8353[0m
train_Precision: [4;34m0.8225[0m,               train_Recall: [4;33m0.8642[0m,                 train_F1 Score: [4;35m0.8380[0m
æ ‡ç­¾é‡Œ1çš„ä¸ªæ•°:  2150
æ ‡ç­¾é‡Œ0çš„ä¸ªæ•°:  2150
æ€»æ•°:  4300
æ­£ç¡®çš„ä¸ªæ•°:  3592
æœ€åä¸€ä¸ªæ‰¹æ¬¡çš„è¾“å‡º, ä¸æ»¡batchsizeæ˜¯æ­£å¸¸çš„:
 tensor([[0.8843],
        [0.9363],
        [0.9847],
        [0.0902],
        [0.8646],
        [0.0708],
        [0.3200],
        [0.3327],
        [0.8855],
        [0.7645],
        [0.0204],
        [0.0882]], device='cuda:0', grad_fn=<SigmoidBackward0>)
Epoch [23/100], T_AUC: [4m0.8408[0m
Epoch [23/100], Loss: 15.8363
val_Accuracy: [92m0.7791[0m
val_Precision: [4;34m0.7809[0m,               val_Recall: [4;33m0.7622[0m,                 val_F1 Score: [4;35m0.7666[0m
æ ‡ç­¾é‡Œ1çš„ä¸ªæ•°:  430
æ ‡ç­¾é‡Œ0çš„ä¸ªæ•°:  430
æ€»æ•°:  860
æ­£ç¡®çš„ä¸ªæ•°:  670
Epoch [23/100], V_AUC: [4m0.7762[0m
Epoch [24/100], Loss: 52.2914
train_Accuracy: [91m0.8288[0m
train_Precision: [4;34m0.8157[0m,               train_Recall: [4;33m0.8613[0m,                 train_F1 Score: [4;35m0.8322[0m
æ ‡ç­¾é‡Œ1çš„ä¸ªæ•°:  2150
æ ‡ç­¾é‡Œ0çš„ä¸ªæ•°:  2150
æ€»æ•°:  4300
æ­£ç¡®çš„ä¸ªæ•°:  3564
æœ€åä¸€ä¸ªæ‰¹æ¬¡çš„è¾“å‡º, ä¸æ»¡batchsizeæ˜¯æ­£å¸¸çš„:
 tensor([[0.9374],
        [0.9122],
        [0.9746],
        [0.0280],
        [0.9561],
        [0.0634],
        [0.2946],
        [0.3683],
        [0.7471],
        [0.8321],
        [0.0167],
        [0.1337]], device='cuda:0', grad_fn=<SigmoidBackward0>)
Epoch [24/100], T_AUC: [4m0.8348[0m
Epoch [24/100], Loss: 15.9181
val_Accuracy: [92m0.7802[0m
val_Precision: [4;34m0.7783[0m,               val_Recall: [4;33m0.7640[0m,                 val_F1 Score: [4;35m0.7674[0m
æ ‡ç­¾é‡Œ1çš„ä¸ªæ•°:  430
æ ‡ç­¾é‡Œ0çš„ä¸ªæ•°:  430
æ€»æ•°:  860
æ­£ç¡®çš„ä¸ªæ•°:  671
Epoch [24/100], V_AUC: [4m0.7771[0m
Epoch [25/100], Loss: 52.7663
train_Accuracy: [91m0.8309[0m
train_Precision: [4;34m0.8246[0m,               train_Recall: [4;33m0.8531[0m,                 train_F1 Score: [4;35m0.8333[0m
æ ‡ç­¾é‡Œ1çš„ä¸ªæ•°:  2150
æ ‡ç­¾é‡Œ0çš„ä¸ªæ•°:  2150
æ€»æ•°:  4300
æ­£ç¡®çš„ä¸ªæ•°:  3573
æœ€åä¸€ä¸ªæ‰¹æ¬¡çš„è¾“å‡º, ä¸æ»¡batchsizeæ˜¯æ­£å¸¸çš„:
 tensor([[0.8543],
        [0.9679],
        [0.9937],
        [0.0926],
        [0.6749],
        [0.0746],
        [0.2453],
        [0.2817],
        [0.8943],
        [0.7150],
        [0.0194],
        [0.1474]], device='cuda:0', grad_fn=<SigmoidBackward0>)
Epoch [25/100], T_AUC: [4m0.8366[0m
Epoch [25/100], Loss: 15.6347
val_Accuracy: [92m0.7721[0m
val_Precision: [4;34m0.7651[0m,               val_Recall: [4;33m0.7693[0m,                 val_F1 Score: [4;35m0.7628[0m
æ ‡ç­¾é‡Œ1çš„ä¸ªæ•°:  430
æ ‡ç­¾é‡Œ0çš„ä¸ªæ•°:  430
æ€»æ•°:  860
æ­£ç¡®çš„ä¸ªæ•°:  664
Epoch [25/100], V_AUC: [4m0.7686[0m
Epoch [26/100], Loss: 51.7462
train_Accuracy: [91m0.8353[0m
train_Precision: [4;34m0.8259[0m,               train_Recall: [4;33m0.8601[0m,                 train_F1 Score: [4;35m0.8378[0m
æ ‡ç­¾é‡Œ1çš„ä¸ªæ•°:  2150
æ ‡ç­¾é‡Œ0çš„ä¸ªæ•°:  2150
æ€»æ•°:  4300
æ­£ç¡®çš„ä¸ªæ•°:  3592
æœ€åä¸€ä¸ªæ‰¹æ¬¡çš„è¾“å‡º, ä¸æ»¡batchsizeæ˜¯æ­£å¸¸çš„:
 tensor([[0.8490],
        [0.9553],
        [0.9821],
        [0.0610],
        [0.8785],
        [0.0977],
        [0.2950],
        [0.2444],
        [0.9219],
        [0.7766],
        [0.0212],
        [0.0757]], device='cuda:0', grad_fn=<SigmoidBackward0>)
Epoch [26/100], T_AUC: [4m0.8407[0m
Epoch [26/100], Loss: 15.6960
val_Accuracy: [92m0.7767[0m
val_Precision: [4;34m0.7747[0m,               val_Recall: [4;33m0.7674[0m,                 val_F1 Score: [4;35m0.7660[0m
æ ‡ç­¾é‡Œ1çš„ä¸ªæ•°:  430
æ ‡ç­¾é‡Œ0çš„ä¸ªæ•°:  430
æ€»æ•°:  860
æ­£ç¡®çš„ä¸ªæ•°:  668
Epoch [26/100], V_AUC: [4m0.7740[0m
Epoch [27/100], Loss: 50.9202
train_Accuracy: [91m0.8370[0m
train_Precision: [4;34m0.8286[0m,               train_Recall: [4;33m0.8610[0m,                 train_F1 Score: [4;35m0.8392[0m
æ ‡ç­¾é‡Œ1çš„ä¸ªæ•°:  2150
æ ‡ç­¾é‡Œ0çš„ä¸ªæ•°:  2150
æ€»æ•°:  4300
æ­£ç¡®çš„ä¸ªæ•°:  3599
æœ€åä¸€ä¸ªæ‰¹æ¬¡çš„è¾“å‡º, ä¸æ»¡batchsizeæ˜¯æ­£å¸¸çš„:
 tensor([[0.8491],
        [0.9550],
        [0.9787],
        [0.1214],
        [0.7807],
        [0.0917],
        [0.3819],
        [0.2102],
        [0.8920],
        [0.8142],
        [0.0057],
        [0.2129]], device='cuda:0', grad_fn=<SigmoidBackward0>)
Epoch [27/100], T_AUC: [4m0.8423[0m
Epoch [27/100], Loss: 16.2716
val_Accuracy: [92m0.7663[0m
val_Precision: [4;34m0.7636[0m,               val_Recall: [4;33m0.7607[0m,                 val_F1 Score: [4;35m0.7564[0m
æ ‡ç­¾é‡Œ1çš„ä¸ªæ•°:  430
æ ‡ç­¾é‡Œ0çš„ä¸ªæ•°:  430
æ€»æ•°:  860
æ­£ç¡®çš„ä¸ªæ•°:  659
Epoch [27/100], V_AUC: [4m0.7633[0m
Epoch [28/100], Loss: 49.9571
train_Accuracy: [91m0.8423[0m
train_Precision: [4;34m0.8332[0m,               train_Recall: [4;33m0.8645[0m,                 train_F1 Score: [4;35m0.8434[0m
æ ‡ç­¾é‡Œ1çš„ä¸ªæ•°:  2150
æ ‡ç­¾é‡Œ0çš„ä¸ªæ•°:  2150
æ€»æ•°:  4300
æ­£ç¡®çš„ä¸ªæ•°:  3622
æœ€åä¸€ä¸ªæ‰¹æ¬¡çš„è¾“å‡º, ä¸æ»¡batchsizeæ˜¯æ­£å¸¸çš„:
 tensor([[0.8801],
        [0.9493],
        [0.9790],
        [0.0502],
        [0.8708],
        [0.0368],
        [0.3369],
        [0.2325],
        [0.9546],
        [0.6952],
        [0.0165],
        [0.1569]], device='cuda:0', grad_fn=<SigmoidBackward0>)
Epoch [28/100], T_AUC: [4m0.8475[0m
Epoch [28/100], Loss: 16.1087
val_Accuracy: [92m0.7733[0m
val_Precision: [4;34m0.7725[0m,               val_Recall: [4;33m0.7610[0m,                 val_F1 Score: [4;35m0.7614[0m
æ ‡ç­¾é‡Œ1çš„ä¸ªæ•°:  430
æ ‡ç­¾é‡Œ0çš„ä¸ªæ•°:  430
æ€»æ•°:  860
æ­£ç¡®çš„ä¸ªæ•°:  665
Epoch [28/100], V_AUC: [4m0.7712[0m
Epoch [29/100], Loss: 50.1286
train_Accuracy: [91m0.8349[0m
train_Precision: [4;34m0.8240[0m,               train_Recall: [4;33m0.8615[0m,                 train_F1 Score: [4;35m0.8366[0m
æ ‡ç­¾é‡Œ1çš„ä¸ªæ•°:  2150
æ ‡ç­¾é‡Œ0çš„ä¸ªæ•°:  2150
æ€»æ•°:  4300
æ­£ç¡®çš„ä¸ªæ•°:  3590
æœ€åä¸€ä¸ªæ‰¹æ¬¡çš„è¾“å‡º, ä¸æ»¡batchsizeæ˜¯æ­£å¸¸çš„:
 tensor([[0.8052],
        [0.9465],
        [0.9887],
        [0.0506],
        [0.9406],
        [0.0554],
        [0.4347],
        [0.2274],
        [0.8480],
        [0.8154],
        [0.0111],
        [0.1118]], device='cuda:0', grad_fn=<SigmoidBackward0>)
Epoch [29/100], T_AUC: [4m0.8400[0m
Epoch [29/100], Loss: 15.9422
val_Accuracy: [92m0.7814[0m
val_Precision: [4;34m0.7909[0m,               val_Recall: [4;33m0.7560[0m,                 val_F1 Score: [4;35m0.7682[0m
æ ‡ç­¾é‡Œ1çš„ä¸ªæ•°:  430
æ ‡ç­¾é‡Œ0çš„ä¸ªæ•°:  430
æ€»æ•°:  860
æ­£ç¡®çš„ä¸ªæ•°:  672
Epoch [29/100], V_AUC: [4m0.7801[0m
Epoch [30/100], Loss: 48.9466
train_Accuracy: [91m0.8444[0m
train_Precision: [4;34m0.8339[0m,               train_Recall: [4;33m0.8685[0m,                 train_F1 Score: [4;35m0.8460[0m
æ ‡ç­¾é‡Œ1çš„ä¸ªæ•°:  2150
æ ‡ç­¾é‡Œ0çš„ä¸ªæ•°:  2150
æ€»æ•°:  4300
æ­£ç¡®çš„ä¸ªæ•°:  3631
æœ€åä¸€ä¸ªæ‰¹æ¬¡çš„è¾“å‡º, ä¸æ»¡batchsizeæ˜¯æ­£å¸¸çš„:
 tensor([[0.8642],
        [0.9608],
        [0.9952],
        [0.0545],
        [0.9135],
        [0.0346],
        [0.2536],
        [0.2342],
        [0.8504],
        [0.7915],
        [0.0094],
        [0.1591]], device='cuda:0', grad_fn=<SigmoidBackward0>)
Epoch [30/100], T_AUC: [4m0.8491[0m
Epoch [30/100], Loss: 16.9396
val_Accuracy: [92m0.7674[0m
val_Precision: [4;34m0.7625[0m,               val_Recall: [4;33m0.7664[0m,                 val_F1 Score: [4;35m0.7602[0m
æ ‡ç­¾é‡Œ1çš„ä¸ªæ•°:  430
æ ‡ç­¾é‡Œ0çš„ä¸ªæ•°:  430
æ€»æ•°:  860
æ­£ç¡®çš„ä¸ªæ•°:  660
Epoch [30/100], V_AUC: [4m0.7661[0m
Epoch [31/100], Loss: 48.3046
train_Accuracy: [91m0.8465[0m
train_Precision: [4;34m0.8368[0m,               train_Recall: [4;33m0.8701[0m,                 train_F1 Score: [4;35m0.8482[0m
æ ‡ç­¾é‡Œ1çš„ä¸ªæ•°:  2150
æ ‡ç­¾é‡Œ0çš„ä¸ªæ•°:  2150
æ€»æ•°:  4300
æ­£ç¡®çš„ä¸ªæ•°:  3640
æœ€åä¸€ä¸ªæ‰¹æ¬¡çš„è¾“å‡º, ä¸æ»¡batchsizeæ˜¯æ­£å¸¸çš„:
 tensor([[0.8724],
        [0.9897],
        [0.9828],
        [0.0596],
        [0.8032],
        [0.0388],
        [0.3523],
        [0.2563],
        [0.9065],
        [0.8348],
        [0.0053],
        [0.0884]], device='cuda:0', grad_fn=<SigmoidBackward0>)
Epoch [31/100], T_AUC: [4m0.8513[0m
Epoch [31/100], Loss: 17.5970
val_Accuracy: [92m0.7709[0m
val_Precision: [4;34m0.7750[0m,               val_Recall: [4;33m0.7556[0m,                 val_F1 Score: [4;35m0.7593[0m
æ ‡ç­¾é‡Œ1çš„ä¸ªæ•°:  430
æ ‡ç­¾é‡Œ0çš„ä¸ªæ•°:  430
æ€»æ•°:  860
æ­£ç¡®çš„ä¸ªæ•°:  663
Epoch [31/100], V_AUC: [4m0.7701[0m
Epoch [32/100], Loss: 47.6527
train_Accuracy: [91m0.8498[0m
train_Precision: [4;34m0.8402[0m,               train_Recall: [4;33m0.8723[0m,                 train_F1 Score: [4;35m0.8510[0m
æ ‡ç­¾é‡Œ1çš„ä¸ªæ•°:  2150
æ ‡ç­¾é‡Œ0çš„ä¸ªæ•°:  2150
æ€»æ•°:  4300
æ­£ç¡®çš„ä¸ªæ•°:  3654
æœ€åä¸€ä¸ªæ‰¹æ¬¡çš„è¾“å‡º, ä¸æ»¡batchsizeæ˜¯æ­£å¸¸çš„:
 tensor([[0.8578],
        [0.9863],
        [0.9774],
        [0.0604],
        [0.9753],
        [0.0178],
        [0.2851],
        [0.2291],
        [0.8499],
        [0.8499],
        [0.0046],
        [0.1155]], device='cuda:0', grad_fn=<SigmoidBackward0>)
Epoch [32/100], T_AUC: [4m0.8549[0m
Epoch [32/100], Loss: 18.1504
val_Accuracy: [92m0.7767[0m
val_Precision: [4;34m0.7750[0m,               val_Recall: [4;33m0.7687[0m,                 val_F1 Score: [4;35m0.7669[0m
æ ‡ç­¾é‡Œ1çš„ä¸ªæ•°:  430
æ ‡ç­¾é‡Œ0çš„ä¸ªæ•°:  430
æ€»æ•°:  860
æ­£ç¡®çš„ä¸ªæ•°:  668
Epoch [32/100], V_AUC: [4m0.7756[0m
Epoch [33/100], Loss: 47.5995
train_Accuracy: [91m0.8481[0m
train_Precision: [4;34m0.8357[0m,               train_Recall: [4;33m0.8768[0m,                 train_F1 Score: [4;35m0.8506[0m
æ ‡ç­¾é‡Œ1çš„ä¸ªæ•°:  2150
æ ‡ç­¾é‡Œ0çš„ä¸ªæ•°:  2150
æ€»æ•°:  4300
æ­£ç¡®çš„ä¸ªæ•°:  3647
æœ€åä¸€ä¸ªæ‰¹æ¬¡çš„è¾“å‡º, ä¸æ»¡batchsizeæ˜¯æ­£å¸¸çš„:
 tensor([[0.8675],
        [0.9814],
        [0.9880],
        [0.0623],
        [0.9628],
        [0.0477],
        [0.2211],
        [0.1902],
        [0.8636],
        [0.8500],
        [0.0012],
        [0.1412]], device='cuda:0', grad_fn=<SigmoidBackward0>)
Epoch [33/100], T_AUC: [4m0.8530[0m
Epoch [33/100], Loss: 17.5082
val_Accuracy: [92m0.7779[0m
val_Precision: [4;34m0.7771[0m,               val_Recall: [4;33m0.7653[0m,                 val_F1 Score: [4;35m0.7671[0m
æ ‡ç­¾é‡Œ1çš„ä¸ªæ•°:  430
æ ‡ç­¾é‡Œ0çš„ä¸ªæ•°:  430
æ€»æ•°:  860
æ­£ç¡®çš„ä¸ªæ•°:  669
Epoch [33/100], V_AUC: [4m0.7753[0m
Epoch [34/100], Loss: 48.9203
train_Accuracy: [91m0.8400[0m
train_Precision: [4;34m0.8269[0m,               train_Recall: [4;33m0.8700[0m,                 train_F1 Score: [4;35m0.8427[0m
æ ‡ç­¾é‡Œ1çš„ä¸ªæ•°:  2150
æ ‡ç­¾é‡Œ0çš„ä¸ªæ•°:  2150
æ€»æ•°:  4300
æ­£ç¡®çš„ä¸ªæ•°:  3612
æœ€åä¸€ä¸ªæ‰¹æ¬¡çš„è¾“å‡º, ä¸æ»¡batchsizeæ˜¯æ­£å¸¸çš„:
 tensor([[0.8262],
        [0.9559],
        [0.9963],
        [0.1252],
        [0.9459],
        [0.0768],
        [0.2076],
        [0.2378],
        [0.7849],
        [0.8168],
        [0.0019],
        [0.0891]], device='cuda:0', grad_fn=<SigmoidBackward0>)
Epoch [34/100], T_AUC: [4m0.8448[0m
Epoch [34/100], Loss: 17.9229
val_Accuracy: [92m0.7733[0m
val_Precision: [4;34m0.7799[0m,               val_Recall: [4;33m0.7554[0m,                 val_F1 Score: [4;35m0.7617[0m
æ ‡ç­¾é‡Œ1çš„ä¸ªæ•°:  430
æ ‡ç­¾é‡Œ0çš„ä¸ªæ•°:  430
æ€»æ•°:  860
æ­£ç¡®çš„ä¸ªæ•°:  665
Epoch [34/100], V_AUC: [4m0.7719[0m
Epoch [35/100], Loss: 47.9568
train_Accuracy: [91m0.8437[0m
train_Precision: [4;34m0.8284[0m,               train_Recall: [4;33m0.8756[0m,                 train_F1 Score: [4;35m0.8463[0m
æ ‡ç­¾é‡Œ1çš„ä¸ªæ•°:  2150
æ ‡ç­¾é‡Œ0çš„ä¸ªæ•°:  2150
æ€»æ•°:  4300
æ­£ç¡®çš„ä¸ªæ•°:  3628
æœ€åä¸€ä¸ªæ‰¹æ¬¡çš„è¾“å‡º, ä¸æ»¡batchsizeæ˜¯æ­£å¸¸çš„:
 tensor([[0.8013],
        [0.9748],
        [0.9898],
        [0.1047],
        [0.9014],
        [0.0206],
        [0.2568],
        [0.2674],
        [0.9501],
        [0.7753],
        [0.0037],
        [0.1248]], device='cuda:0', grad_fn=<SigmoidBackward0>)
Epoch [35/100], T_AUC: [4m0.8487[0m
Epoch [35/100], Loss: 17.4743
val_Accuracy: [92m0.7616[0m
val_Precision: [4;34m0.7661[0m,               val_Recall: [4;33m0.7436[0m,                 val_F1 Score: [4;35m0.7497[0m
æ ‡ç­¾é‡Œ1çš„ä¸ªæ•°:  430
æ ‡ç­¾é‡Œ0çš„ä¸ªæ•°:  430
æ€»æ•°:  860
æ­£ç¡®çš„ä¸ªæ•°:  655
Epoch [35/100], V_AUC: [4m0.7594[0m
Epoch [36/100], Loss: 46.1191
train_Accuracy: [91m0.8537[0m
train_Precision: [4;34m0.8421[0m,               train_Recall: [4;33m0.8798[0m,                 train_F1 Score: [4;35m0.8557[0m
æ ‡ç­¾é‡Œ1çš„ä¸ªæ•°:  2150
æ ‡ç­¾é‡Œ0çš„ä¸ªæ•°:  2150
æ€»æ•°:  4300
æ­£ç¡®çš„ä¸ªæ•°:  3671
æœ€åä¸€ä¸ªæ‰¹æ¬¡çš„è¾“å‡º, ä¸æ»¡batchsizeæ˜¯æ­£å¸¸çš„:
 tensor([[8.5560e-01],
        [9.5110e-01],
        [9.9403e-01],
        [8.1561e-02],
        [9.7687e-01],
        [3.6353e-02],
        [2.3312e-01],
        [2.6553e-01],
        [8.7775e-01],
        [7.3473e-01],
        [7.3399e-04],
        [1.6339e-01]], device='cuda:0', grad_fn=<SigmoidBackward0>)
Epoch [36/100], T_AUC: [4m0.8586[0m
Epoch [36/100], Loss: 19.1410
val_Accuracy: [92m0.7616[0m
val_Precision: [4;34m0.7568[0m,               val_Recall: [4;33m0.7596[0m,                 val_F1 Score: [4;35m0.7530[0m
æ ‡ç­¾é‡Œ1çš„ä¸ªæ•°:  430
æ ‡ç­¾é‡Œ0çš„ä¸ªæ•°:  430
æ€»æ•°:  860
æ­£ç¡®çš„ä¸ªæ•°:  655
Epoch [36/100], V_AUC: [4m0.7597[0m
Epoch [37/100], Loss: 46.1766
train_Accuracy: [91m0.8500[0m
train_Precision: [4;34m0.8367[0m,               train_Recall: [4;33m0.8799[0m,                 train_F1 Score: [4;35m0.8525[0m
æ ‡ç­¾é‡Œ1çš„ä¸ªæ•°:  2150
æ ‡ç­¾é‡Œ0çš„ä¸ªæ•°:  2150
æ€»æ•°:  4300
æ­£ç¡®çš„ä¸ªæ•°:  3655
æœ€åä¸€ä¸ªæ‰¹æ¬¡çš„è¾“å‡º, ä¸æ»¡batchsizeæ˜¯æ­£å¸¸çš„:
 tensor([[9.0452e-01],
        [9.7616e-01],
        [9.9087e-01],
        [6.7212e-02],
        [9.4998e-01],
        [1.1947e-02],
        [2.9399e-01],
        [2.4029e-01],
        [9.2110e-01],
        [9.3698e-01],
        [7.5042e-04],
        [8.4986e-02]], device='cuda:0', grad_fn=<SigmoidBackward0>)
Epoch [37/100], T_AUC: [4m0.8554[0m
Epoch [37/100], Loss: 19.0922
val_Accuracy: [92m0.7767[0m
val_Precision: [4;34m0.7736[0m,               val_Recall: [4;33m0.7709[0m,                 val_F1 Score: [4;35m0.7685[0m
æ ‡ç­¾é‡Œ1çš„ä¸ªæ•°:  430
æ ‡ç­¾é‡Œ0çš„ä¸ªæ•°:  430
æ€»æ•°:  860
æ­£ç¡®çš„ä¸ªæ•°:  668
Epoch [37/100], V_AUC: [4m0.7743[0m
Epoch [38/100], Loss: 44.3983
train_Accuracy: [91m0.8619[0m
train_Precision: [4;34m0.8505[0m,               train_Recall: [4;33m0.8871[0m,                 train_F1 Score: [4;35m0.8630[0m
æ ‡ç­¾é‡Œ1çš„ä¸ªæ•°:  2150
æ ‡ç­¾é‡Œ0çš„ä¸ªæ•°:  2150
æ€»æ•°:  4300
æ­£ç¡®çš„ä¸ªæ•°:  3706
æœ€åä¸€ä¸ªæ‰¹æ¬¡çš„è¾“å‡º, ä¸æ»¡batchsizeæ˜¯æ­£å¸¸çš„:
 tensor([[8.7818e-01],
        [9.8222e-01],
        [9.7048e-01],
        [8.0704e-02],
        [9.9574e-01],
        [3.7681e-02],
        [1.5043e-01],
        [2.9030e-01],
        [7.8215e-01],
        [8.9121e-01],
        [1.8263e-04],
        [1.4142e-01]], device='cuda:0', grad_fn=<SigmoidBackward0>)
Epoch [38/100], T_AUC: [4m0.8676[0m
Epoch [38/100], Loss: 18.6932
val_Accuracy: [92m0.7686[0m
val_Precision: [4;34m0.7650[0m,               val_Recall: [4;33m0.7650[0m,                 val_F1 Score: [4;35m0.7600[0m
æ ‡ç­¾é‡Œ1çš„ä¸ªæ•°:  430
æ ‡ç­¾é‡Œ0çš„ä¸ªæ•°:  430
æ€»æ•°:  860
æ­£ç¡®çš„ä¸ªæ•°:  661
Epoch [38/100], V_AUC: [4m0.7652[0m
Epoch [39/100], Loss: 43.8326
train_Accuracy: [91m0.8644[0m
train_Precision: [4;34m0.8520[0m,               train_Recall: [4;33m0.8897[0m,                 train_F1 Score: [4;35m0.8656[0m
æ ‡ç­¾é‡Œ1çš„ä¸ªæ•°:  2150
æ ‡ç­¾é‡Œ0çš„ä¸ªæ•°:  2150
æ€»æ•°:  4300
æ­£ç¡®çš„ä¸ªæ•°:  3717
æœ€åä¸€ä¸ªæ‰¹æ¬¡çš„è¾“å‡º, ä¸æ»¡batchsizeæ˜¯æ­£å¸¸çš„:
 tensor([[0.9490],
        [0.9791],
        [0.9546],
        [0.0640],
        [0.9839],
        [0.0489],
        [0.1823],
        [0.2311],
        [0.9111],
        [0.4922],
        [0.0019],
        [0.0973]], device='cuda:0', grad_fn=<SigmoidBackward0>)
Epoch [39/100], T_AUC: [4m0.8695[0m
Epoch [39/100], Loss: 18.8636
val_Accuracy: [92m0.7674[0m
val_Precision: [4;34m0.7569[0m,               val_Recall: [4;33m0.7715[0m,                 val_F1 Score: [4;35m0.7593[0m
æ ‡ç­¾é‡Œ1çš„ä¸ªæ•°:  430
æ ‡ç­¾é‡Œ0çš„ä¸ªæ•°:  430
æ€»æ•°:  860
æ­£ç¡®çš„ä¸ªæ•°:  660
Epoch [39/100], V_AUC: [4m0.7653[0m
Epoch [40/100], Loss: 44.9076
train_Accuracy: [91m0.8577[0m
train_Precision: [4;34m0.8440[0m,               train_Recall: [4;33m0.8849[0m,                 train_F1 Score: [4;35m0.8591[0m
æ ‡ç­¾é‡Œ1çš„ä¸ªæ•°:  2150
æ ‡ç­¾é‡Œ0çš„ä¸ªæ•°:  2150
æ€»æ•°:  4300
æ­£ç¡®çš„ä¸ªæ•°:  3688
æœ€åä¸€ä¸ªæ‰¹æ¬¡çš„è¾“å‡º, ä¸æ»¡batchsizeæ˜¯æ­£å¸¸çš„:
 tensor([[0.8222],
        [0.9787],
        [0.9360],
        [0.0870],
        [0.9897],
        [0.0114],
        [0.6363],
        [0.1679],
        [0.9469],
        [0.7049],
        [0.0010],
        [0.1440]], device='cuda:0', grad_fn=<SigmoidBackward0>)
Epoch [40/100], T_AUC: [4m0.8623[0m
Epoch [40/100], Loss: 20.5665
val_Accuracy: [92m0.7663[0m
val_Precision: [4;34m0.7519[0m,               val_Recall: [4;33m0.7899[0m,                 val_F1 Score: [4;35m0.7649[0m
æ ‡ç­¾é‡Œ1çš„ä¸ªæ•°:  430
æ ‡ç­¾é‡Œ0çš„ä¸ªæ•°:  430
æ€»æ•°:  860
æ­£ç¡®çš„ä¸ªæ•°:  659
Epoch [40/100], V_AUC: [4m0.7644[0m
Epoch [41/100], Loss: 44.0265
train_Accuracy: [91m0.8605[0m
train_Precision: [4;34m0.8459[0m,               train_Recall: [4;33m0.8881[0m,                 train_F1 Score: [4;35m0.8617[0m
æ ‡ç­¾é‡Œ1çš„ä¸ªæ•°:  2150
æ ‡ç­¾é‡Œ0çš„ä¸ªæ•°:  2150
æ€»æ•°:  4300
æ­£ç¡®çš„ä¸ªæ•°:  3700
æœ€åä¸€ä¸ªæ‰¹æ¬¡çš„è¾“å‡º, ä¸æ»¡batchsizeæ˜¯æ­£å¸¸çš„:
 tensor([[7.9484e-01],
        [9.8057e-01],
        [9.7286e-01],
        [1.5034e-01],
        [9.9901e-01],
        [7.8711e-02],
        [1.5661e-01],
        [2.3069e-01],
        [5.6103e-01],
        [7.5267e-01],
        [1.1848e-04],
        [1.6701e-01]], device='cuda:0', grad_fn=<SigmoidBackward0>)
Epoch [41/100], T_AUC: [4m0.8649[0m
Epoch [41/100], Loss: 20.3690
val_Accuracy: [92m0.7605[0m
val_Precision: [4;34m0.7680[0m,               val_Recall: [4;33m0.7433[0m,                 val_F1 Score: [4;35m0.7495[0m
æ ‡ç­¾é‡Œ1çš„ä¸ªæ•°:  430
æ ‡ç­¾é‡Œ0çš„ä¸ªæ•°:  430
æ€»æ•°:  860
æ­£ç¡®çš„ä¸ªæ•°:  654
Epoch [41/100], V_AUC: [4m0.7571[0m
Epoch [42/100], Loss: 42.4876
train_Accuracy: [91m0.8705[0m
train_Precision: [4;34m0.8556[0m,               train_Recall: [4;33m0.8968[0m,                 train_F1 Score: [4;35m0.8713[0m
æ ‡ç­¾é‡Œ1çš„ä¸ªæ•°:  2150
æ ‡ç­¾é‡Œ0çš„ä¸ªæ•°:  2150
æ€»æ•°:  4300
æ­£ç¡®çš„ä¸ªæ•°:  3743
æœ€åä¸€ä¸ªæ‰¹æ¬¡çš„è¾“å‡º, ä¸æ»¡batchsizeæ˜¯æ­£å¸¸çš„:
 tensor([[0.8541],
        [0.9887],
        [0.9770],
        [0.0233],
        [0.8092],
        [0.0661],
        [0.1816],
        [0.3213],
        [0.9020],
        [0.9073],
        [0.0013],
        [0.2274]], device='cuda:0', grad_fn=<SigmoidBackward0>)
Epoch [42/100], T_AUC: [4m0.8751[0m
Epoch [42/100], Loss: 19.7138
val_Accuracy: [92m0.7721[0m
val_Precision: [4;34m0.7747[0m,               val_Recall: [4;33m0.7618[0m,                 val_F1 Score: [4;35m0.7635[0m
æ ‡ç­¾é‡Œ1çš„ä¸ªæ•°:  430
æ ‡ç­¾é‡Œ0çš„ä¸ªæ•°:  430
æ€»æ•°:  860
æ­£ç¡®çš„ä¸ªæ•°:  664
Epoch [42/100], V_AUC: [4m0.7689[0m
Epoch [43/100], Loss: 42.2484
train_Accuracy: [91m0.8660[0m
train_Precision: [4;34m0.8511[0m,               train_Recall: [4;33m0.8970[0m,                 train_F1 Score: [4;35m0.8680[0m
æ ‡ç­¾é‡Œ1çš„ä¸ªæ•°:  2150
æ ‡ç­¾é‡Œ0çš„ä¸ªæ•°:  2150
æ€»æ•°:  4300
æ­£ç¡®çš„ä¸ªæ•°:  3724
æœ€åä¸€ä¸ªæ‰¹æ¬¡çš„è¾“å‡º, ä¸æ»¡batchsizeæ˜¯æ­£å¸¸çš„:
 tensor([[8.5539e-01],
        [9.8050e-01],
        [9.7742e-01],
        [3.1282e-02],
        [9.8772e-01],
        [1.1845e-02],
        [1.7580e-01],
        [3.3036e-01],
        [9.7711e-01],
        [8.6659e-01],
        [1.1514e-04],
        [1.9542e-01]], device='cuda:0', grad_fn=<SigmoidBackward0>)
Epoch [43/100], T_AUC: [4m0.8714[0m
Epoch [43/100], Loss: 21.0921
val_Accuracy: [92m0.7605[0m
val_Precision: [4;34m0.7539[0m,               val_Recall: [4;33m0.7674[0m,                 val_F1 Score: [4;35m0.7551[0m
æ ‡ç­¾é‡Œ1çš„ä¸ªæ•°:  430
æ ‡ç­¾é‡Œ0çš„ä¸ªæ•°:  430
æ€»æ•°:  860
æ­£ç¡®çš„ä¸ªæ•°:  654
Epoch [43/100], V_AUC: [4m0.7578[0m
Epoch [44/100], Loss: 41.4613
train_Accuracy: [91m0.8691[0m
train_Precision: [4;34m0.8550[0m,               train_Recall: [4;33m0.8978[0m,                 train_F1 Score: [4;35m0.8711[0m
æ ‡ç­¾é‡Œ1çš„ä¸ªæ•°:  2150
æ ‡ç­¾é‡Œ0çš„ä¸ªæ•°:  2150
æ€»æ•°:  4300
æ­£ç¡®çš„ä¸ªæ•°:  3737
æœ€åä¸€ä¸ªæ‰¹æ¬¡çš„è¾“å‡º, ä¸æ»¡batchsizeæ˜¯æ­£å¸¸çš„:
 tensor([[7.3605e-01],
        [9.6198e-01],
        [9.9351e-01],
        [2.7052e-02],
        [9.9222e-01],
        [2.9488e-02],
        [1.1737e-01],
        [2.7158e-01],
        [9.5270e-01],
        [8.3108e-01],
        [3.6457e-04],
        [1.2949e-01]], device='cuda:0', grad_fn=<SigmoidBackward0>)
Epoch [44/100], T_AUC: [4m0.8742[0m
Epoch [44/100], Loss: 21.0435
val_Accuracy: [92m0.7593[0m
val_Precision: [4;34m0.7629[0m,               val_Recall: [4;33m0.7504[0m,                 val_F1 Score: [4;35m0.7505[0m
æ ‡ç­¾é‡Œ1çš„ä¸ªæ•°:  430
æ ‡ç­¾é‡Œ0çš„ä¸ªæ•°:  430
æ€»æ•°:  860
æ­£ç¡®çš„ä¸ªæ•°:  653
Epoch [44/100], V_AUC: [4m0.7569[0m
Epoch [45/100], Loss: 40.9137
train_Accuracy: [91m0.8698[0m
train_Precision: [4;34m0.8540[0m,               train_Recall: [4;33m0.8992[0m,                 train_F1 Score: [4;35m0.8718[0m
æ ‡ç­¾é‡Œ1çš„ä¸ªæ•°:  2150
æ ‡ç­¾é‡Œ0çš„ä¸ªæ•°:  2150
æ€»æ•°:  4300
æ­£ç¡®çš„ä¸ªæ•°:  3740
æœ€åä¸€ä¸ªæ‰¹æ¬¡çš„è¾“å‡º, ä¸æ»¡batchsizeæ˜¯æ­£å¸¸çš„:
 tensor([[7.1494e-01],
        [9.5965e-01],
        [9.7863e-01],
        [3.7244e-02],
        [9.9878e-01],
        [2.7888e-02],
        [7.5006e-02],
        [1.9495e-01],
        [8.1211e-01],
        [9.8816e-01],
        [1.9207e-04],
        [1.2900e-01]], device='cuda:0', grad_fn=<SigmoidBackward0>)
Epoch [45/100], T_AUC: [4m0.8740[0m
Epoch [45/100], Loss: 21.0178
val_Accuracy: [92m0.7558[0m
val_Precision: [4;34m0.7584[0m,               val_Recall: [4;33m0.7480[0m,                 val_F1 Score: [4;35m0.7475[0m
æ ‡ç­¾é‡Œ1çš„ä¸ªæ•°:  430
æ ‡ç­¾é‡Œ0çš„ä¸ªæ•°:  430
æ€»æ•°:  860
æ­£ç¡®çš„ä¸ªæ•°:  650
Epoch [45/100], V_AUC: [4m0.7536[0m
Epoch [46/100], Loss: 40.0380
train_Accuracy: [91m0.8758[0m
train_Precision: [4;34m0.8640[0m,               train_Recall: [4;33m0.8996[0m,                 train_F1 Score: [4;35m0.8767[0m
æ ‡ç­¾é‡Œ1çš„ä¸ªæ•°:  2150
æ ‡ç­¾é‡Œ0çš„ä¸ªæ•°:  2150
æ€»æ•°:  4300
æ­£ç¡®çš„ä¸ªæ•°:  3766
æœ€åä¸€ä¸ªæ‰¹æ¬¡çš„è¾“å‡º, ä¸æ»¡batchsizeæ˜¯æ­£å¸¸çš„:
 tensor([[7.6706e-01],
        [9.7566e-01],
        [9.9430e-01],
        [6.4332e-02],
        [9.9637e-01],
        [1.5691e-02],
        [7.4239e-02],
        [2.7193e-01],
        [9.5546e-01],
        [9.7916e-01],
        [1.1367e-05],
        [1.4768e-01]], device='cuda:0', grad_fn=<SigmoidBackward0>)
Epoch [46/100], T_AUC: [4m0.8800[0m
Epoch [46/100], Loss: 21.6630
val_Accuracy: [92m0.7640[0m
val_Precision: [4;34m0.7699[0m,               val_Recall: [4;33m0.7487[0m,                 val_F1 Score: [4;35m0.7534[0m
æ ‡ç­¾é‡Œ1çš„ä¸ªæ•°:  430
æ ‡ç­¾é‡Œ0çš„ä¸ªæ•°:  430
æ€»æ•°:  860
æ­£ç¡®çš„ä¸ªæ•°:  657
Epoch [46/100], V_AUC: [4m0.7611[0m
Epoch [47/100], Loss: 40.7768
train_Accuracy: [91m0.8688[0m
train_Precision: [4;34m0.8519[0m,               train_Recall: [4;33m0.8999[0m,                 train_F1 Score: [4;35m0.8709[0m
æ ‡ç­¾é‡Œ1çš„ä¸ªæ•°:  2150
æ ‡ç­¾é‡Œ0çš„ä¸ªæ•°:  2150
æ€»æ•°:  4300
æ­£ç¡®çš„ä¸ªæ•°:  3736
æœ€åä¸€ä¸ªæ‰¹æ¬¡çš„è¾“å‡º, ä¸æ»¡batchsizeæ˜¯æ­£å¸¸çš„:
 tensor([[7.8105e-01],
        [9.8863e-01],
        [9.7235e-01],
        [1.3767e-02],
        [9.9848e-01],
        [3.4715e-02],
        [7.8098e-02],
        [1.4872e-01],
        [9.4980e-01],
        [9.4137e-01],
        [1.3311e-04],
        [2.4310e-01]], device='cuda:0', grad_fn=<SigmoidBackward0>)
Epoch [47/100], T_AUC: [4m0.8731[0m
Epoch [47/100], Loss: 21.4641
val_Accuracy: [92m0.7523[0m
val_Precision: [4;34m0.7428[0m,               val_Recall: [4;33m0.7698[0m,                 val_F1 Score: [4;35m0.7514[0m
æ ‡ç­¾é‡Œ1çš„ä¸ªæ•°:  430
æ ‡ç­¾é‡Œ0çš„ä¸ªæ•°:  430
æ€»æ•°:  860
æ­£ç¡®çš„ä¸ªæ•°:  647
Epoch [47/100], V_AUC: [4m0.7506[0m
Epoch [48/100], Loss: 39.9801
train_Accuracy: [91m0.8795[0m
train_Precision: [4;34m0.8667[0m,               train_Recall: [4;33m0.9050[0m,                 train_F1 Score: [4;35m0.8806[0m
æ ‡ç­¾é‡Œ1çš„ä¸ªæ•°:  2150
æ ‡ç­¾é‡Œ0çš„ä¸ªæ•°:  2150
æ€»æ•°:  4300
æ­£ç¡®çš„ä¸ªæ•°:  3782
æœ€åä¸€ä¸ªæ‰¹æ¬¡çš„è¾“å‡º, ä¸æ»¡batchsizeæ˜¯æ­£å¸¸çš„:
 tensor([[8.3765e-01],
        [9.8081e-01],
        [9.3577e-01],
        [3.9541e-02],
        [9.9731e-01],
        [4.5635e-03],
        [1.6472e-01],
        [2.3103e-01],
        [9.3665e-01],
        [9.7409e-01],
        [4.5884e-04],
        [6.8286e-02]], device='cuda:0', grad_fn=<SigmoidBackward0>)
Epoch [48/100], T_AUC: [4m0.8846[0m
Epoch [48/100], Loss: 22.0269
val_Accuracy: [92m0.7651[0m
val_Precision: [4;34m0.7739[0m,               val_Recall: [4;33m0.7463[0m,                 val_F1 Score: [4;35m0.7542[0m
æ ‡ç­¾é‡Œ1çš„ä¸ªæ•°:  430
æ ‡ç­¾é‡Œ0çš„ä¸ªæ•°:  430
æ€»æ•°:  860
æ­£ç¡®çš„ä¸ªæ•°:  658
Epoch [48/100], V_AUC: [4m0.7625[0m
Epoch [49/100], Loss: 37.9768
train_Accuracy: [91m0.8865[0m
train_Precision: [4;34m0.8709[0m,               train_Recall: [4;33m0.9136[0m,                 train_F1 Score: [4;35m0.8874[0m
æ ‡ç­¾é‡Œ1çš„ä¸ªæ•°:  2150
æ ‡ç­¾é‡Œ0çš„ä¸ªæ•°:  2150
æ€»æ•°:  4300
æ­£ç¡®çš„ä¸ªæ•°:  3812
æœ€åä¸€ä¸ªæ‰¹æ¬¡çš„è¾“å‡º, ä¸æ»¡batchsizeæ˜¯æ­£å¸¸çš„:
 tensor([[5.8786e-01],
        [9.5450e-01],
        [9.9289e-01],
        [2.6400e-02],
        [9.9892e-01],
        [5.1479e-02],
        [2.8839e-02],
        [1.6535e-01],
        [9.3549e-01],
        [9.8191e-01],
        [1.0711e-04],
        [6.0313e-02]], device='cuda:0', grad_fn=<SigmoidBackward0>)
Epoch [49/100], T_AUC: [4m0.8913[0m
Epoch [49/100], Loss: 24.6174
val_Accuracy: [92m0.7779[0m
val_Precision: [4;34m0.7912[0m,               val_Recall: [4;33m0.7461[0m,                 val_F1 Score: [4;35m0.7638[0m
æ ‡ç­¾é‡Œ1çš„ä¸ªæ•°:  430
æ ‡ç­¾é‡Œ0çš„ä¸ªæ•°:  430
æ€»æ•°:  860
æ­£ç¡®çš„ä¸ªæ•°:  669
Epoch [49/100], V_AUC: [4m0.7749[0m
Epoch [50/100], Loss: 38.2041
train_Accuracy: [91m0.8828[0m
train_Precision: [4;34m0.8688[0m,               train_Recall: [4;33m0.9105[0m,                 train_F1 Score: [4;35m0.8844[0m
æ ‡ç­¾é‡Œ1çš„ä¸ªæ•°:  2150
æ ‡ç­¾é‡Œ0çš„ä¸ªæ•°:  2150
æ€»æ•°:  4300
æ­£ç¡®çš„ä¸ªæ•°:  3796
æœ€åä¸€ä¸ªæ‰¹æ¬¡çš„è¾“å‡º, ä¸æ»¡batchsizeæ˜¯æ­£å¸¸çš„:
 tensor([[6.9414e-01],
        [9.9037e-01],
        [9.9636e-01],
        [1.5587e-02],
        [7.8943e-01],
        [8.8164e-02],
        [1.9492e-02],
        [2.3709e-01],
        [9.8977e-01],
        [9.5774e-01],
        [1.9227e-04],
        [1.5095e-01]], device='cuda:0', grad_fn=<SigmoidBackward0>)
Epoch [50/100], T_AUC: [4m0.8875[0m
Epoch [50/100], Loss: 22.3347
val_Accuracy: [92m0.7581[0m
val_Precision: [4;34m0.7757[0m,               val_Recall: [4;33m0.7230[0m,                 val_F1 Score: [4;35m0.7408[0m
æ ‡ç­¾é‡Œ1çš„ä¸ªæ•°:  430
æ ‡ç­¾é‡Œ0çš„ä¸ªæ•°:  430
æ€»æ•°:  860
æ­£ç¡®çš„ä¸ªæ•°:  652
Epoch [50/100], V_AUC: [4m0.7572[0m
Epoch [51/100], Loss: 38.3088
train_Accuracy: [91m0.8807[0m
train_Precision: [4;34m0.8662[0m,               train_Recall: [4;33m0.9064[0m,                 train_F1 Score: [4;35m0.8815[0m
æ ‡ç­¾é‡Œ1çš„ä¸ªæ•°:  2150
æ ‡ç­¾é‡Œ0çš„ä¸ªæ•°:  2150
æ€»æ•°:  4300
æ­£ç¡®çš„ä¸ªæ•°:  3787
æœ€åä¸€ä¸ªæ‰¹æ¬¡çš„è¾“å‡º, ä¸æ»¡batchsizeæ˜¯æ­£å¸¸çš„:
 tensor([[8.3046e-01],
        [9.9383e-01],
        [9.8783e-01],
        [6.7968e-03],
        [8.8082e-01],
        [8.2351e-02],
        [8.7783e-02],
        [2.3493e-01],
        [9.9164e-01],
        [9.6923e-01],
        [5.1911e-05],
        [1.1745e-01]], device='cuda:0', grad_fn=<SigmoidBackward0>)
Epoch [51/100], T_AUC: [4m0.8851[0m
Epoch [51/100], Loss: 22.5906
val_Accuracy: [92m0.7651[0m
val_Precision: [4;34m0.7581[0m,               val_Recall: [4;33m0.7755[0m,                 val_F1 Score: [4;35m0.7622[0m
æ ‡ç­¾é‡Œ1çš„ä¸ªæ•°:  430
æ ‡ç­¾é‡Œ0çš„ä¸ªæ•°:  430
æ€»æ•°:  860
æ­£ç¡®çš„ä¸ªæ•°:  658
Epoch [51/100], V_AUC: [4m0.7651[0m
Epoch [52/100], Loss: 37.2594
train_Accuracy: [91m0.8840[0m
train_Precision: [4;34m0.8711[0m,               train_Recall: [4;33m0.9081[0m,                 train_F1 Score: [4;35m0.8851[0m
æ ‡ç­¾é‡Œ1çš„ä¸ªæ•°:  2150
æ ‡ç­¾é‡Œ0çš„ä¸ªæ•°:  2150
æ€»æ•°:  4300
æ­£ç¡®çš„ä¸ªæ•°:  3801
æœ€åä¸€ä¸ªæ‰¹æ¬¡çš„è¾“å‡º, ä¸æ»¡batchsizeæ˜¯æ­£å¸¸çš„:
 tensor([[7.2464e-01],
        [9.8916e-01],
        [9.8700e-01],
        [2.6793e-03],
        [9.1427e-01],
        [1.0322e-01],
        [4.1593e-02],
        [1.9695e-01],
        [9.9431e-01],
        [9.9036e-01],
        [6.1170e-05],
        [2.2126e-01]], device='cuda:0', grad_fn=<SigmoidBackward0>)
Epoch [52/100], T_AUC: [4m0.8885[0m
Epoch [52/100], Loss: 23.0222
val_Accuracy: [92m0.7535[0m
val_Precision: [4;34m0.7507[0m,               val_Recall: [4;33m0.7471[0m,                 val_F1 Score: [4;35m0.7431[0m
æ ‡ç­¾é‡Œ1çš„ä¸ªæ•°:  430
æ ‡ç­¾é‡Œ0çš„ä¸ªæ•°:  430
æ€»æ•°:  860
æ­£ç¡®çš„ä¸ªæ•°:  648
Epoch [52/100], V_AUC: [4m0.7516[0m
Epoch [53/100], Loss: 36.3963
train_Accuracy: [91m0.8858[0m
train_Precision: [4;34m0.8740[0m,               train_Recall: [4;33m0.9076[0m,                 train_F1 Score: [4;35m0.8866[0m
æ ‡ç­¾é‡Œ1çš„ä¸ªæ•°:  2150
æ ‡ç­¾é‡Œ0çš„ä¸ªæ•°:  2150
æ€»æ•°:  4300
æ­£ç¡®çš„ä¸ªæ•°:  3809
æœ€åä¸€ä¸ªæ‰¹æ¬¡çš„è¾“å‡º, ä¸æ»¡batchsizeæ˜¯æ­£å¸¸çš„:
 tensor([[8.1565e-01],
        [9.8741e-01],
        [9.8365e-01],
        [1.1562e-02],
        [9.0163e-01],
        [1.0216e-01],
        [3.8137e-03],
        [2.6072e-01],
        [9.9293e-01],
        [9.8544e-01],
        [5.0188e-04],
        [9.5304e-02]], device='cuda:0', grad_fn=<SigmoidBackward0>)
Epoch [53/100], T_AUC: [4m0.8900[0m
Epoch [53/100], Loss: 23.3686
val_Accuracy: [92m0.7593[0m
val_Precision: [4;34m0.7697[0m,               val_Recall: [4;33m0.7408[0m,                 val_F1 Score: [4;35m0.7479[0m
æ ‡ç­¾é‡Œ1çš„ä¸ªæ•°:  430
æ ‡ç­¾é‡Œ0çš„ä¸ªæ•°:  430
æ€»æ•°:  860
æ­£ç¡®çš„ä¸ªæ•°:  653
Epoch [53/100], V_AUC: [4m0.7586[0m
Epoch [54/100], Loss: 36.1365
train_Accuracy: [91m0.8837[0m
train_Precision: [4;34m0.8690[0m,               train_Recall: [4;33m0.9099[0m,                 train_F1 Score: [4;35m0.8842[0m
æ ‡ç­¾é‡Œ1çš„ä¸ªæ•°:  2150
æ ‡ç­¾é‡Œ0çš„ä¸ªæ•°:  2150
æ€»æ•°:  4300
æ­£ç¡®çš„ä¸ªæ•°:  3800
æœ€åä¸€ä¸ªæ‰¹æ¬¡çš„è¾“å‡º, ä¸æ»¡batchsizeæ˜¯æ­£å¸¸çš„:
 tensor([[7.6280e-01],
        [9.9124e-01],
        [9.9687e-01],
        [3.4727e-04],
        [9.4022e-01],
        [1.1654e-01],
        [7.1747e-03],
        [4.4147e-01],
        [9.9080e-01],
        [9.9499e-01],
        [1.4282e-04],
        [1.0062e-01]], device='cuda:0', grad_fn=<SigmoidBackward0>)
Epoch [54/100], T_AUC: [4m0.8883[0m
Epoch [54/100], Loss: 24.3400
val_Accuracy: [92m0.7686[0m
val_Precision: [4;34m0.7809[0m,               val_Recall: [4;33m0.7407[0m,                 val_F1 Score: [4;35m0.7551[0m
æ ‡ç­¾é‡Œ1çš„ä¸ªæ•°:  430
æ ‡ç­¾é‡Œ0çš„ä¸ªæ•°:  430
æ€»æ•°:  860
æ­£ç¡®çš„ä¸ªæ•°:  661
Epoch [54/100], V_AUC: [4m0.7669[0m
Epoch [55/100], Loss: 34.9536
train_Accuracy: [91m0.8870[0m
train_Precision: [4;34m0.8743[0m,               train_Recall: [4;33m0.9103[0m,                 train_F1 Score: [4;35m0.8879[0m
æ ‡ç­¾é‡Œ1çš„ä¸ªæ•°:  2150
æ ‡ç­¾é‡Œ0çš„ä¸ªæ•°:  2150
æ€»æ•°:  4300
æ­£ç¡®çš„ä¸ªæ•°:  3814
æœ€åä¸€ä¸ªæ‰¹æ¬¡çš„è¾“å‡º, ä¸æ»¡batchsizeæ˜¯æ­£å¸¸çš„:
 tensor([[9.9431e-01],
        [9.9494e-01],
        [9.8720e-01],
        [5.7425e-02],
        [9.8727e-01],
        [8.7691e-02],
        [1.6076e-02],
        [1.8101e-01],
        [9.6942e-01],
        [9.8127e-01],
        [2.5976e-07],
        [7.8557e-02]], device='cuda:0', grad_fn=<SigmoidBackward0>)
Epoch [55/100], T_AUC: [4m0.8915[0m
Epoch [55/100], Loss: 26.3198
val_Accuracy: [92m0.7558[0m
val_Precision: [4;34m0.7550[0m,               val_Recall: [4;33m0.7529[0m,                 val_F1 Score: [4;35m0.7472[0m
æ ‡ç­¾é‡Œ1çš„ä¸ªæ•°:  430
æ ‡ç­¾é‡Œ0çš„ä¸ªæ•°:  430
æ€»æ•°:  860
æ­£ç¡®çš„ä¸ªæ•°:  650
Epoch [55/100], V_AUC: [4m0.7536[0m
Epoch [56/100], Loss: 34.3240
train_Accuracy: [91m0.8888[0m
train_Precision: [4;34m0.8724[0m,               train_Recall: [4;33m0.9173[0m,                 train_F1 Score: [4;35m0.8903[0m
æ ‡ç­¾é‡Œ1çš„ä¸ªæ•°:  2150
æ ‡ç­¾é‡Œ0çš„ä¸ªæ•°:  2150
æ€»æ•°:  4300
æ­£ç¡®çš„ä¸ªæ•°:  3822
æœ€åä¸€ä¸ªæ‰¹æ¬¡çš„è¾“å‡º, ä¸æ»¡batchsizeæ˜¯æ­£å¸¸çš„:
 tensor([[8.9420e-01],
        [9.9579e-01],
        [9.5599e-01],
        [5.0940e-03],
        [9.9123e-01],
        [8.3319e-02],
        [1.1173e-02],
        [1.2869e-01],
        [9.8479e-01],
        [9.8483e-01],
        [1.2892e-04],
        [6.2935e-02]], device='cuda:0', grad_fn=<SigmoidBackward0>)
Epoch [56/100], T_AUC: [4m0.8925[0m
Epoch [56/100], Loss: 26.6642
val_Accuracy: [92m0.7547[0m
val_Precision: [4;34m0.7568[0m,               val_Recall: [4;33m0.7429[0m,                 val_F1 Score: [4;35m0.7436[0m
æ ‡ç­¾é‡Œ1çš„ä¸ªæ•°:  430
æ ‡ç­¾é‡Œ0çš„ä¸ªæ•°:  430
æ€»æ•°:  860
æ­£ç¡®çš„ä¸ªæ•°:  649
Epoch [56/100], V_AUC: [4m0.7525[0m
Epoch [57/100], Loss: 33.4630
train_Accuracy: [91m0.8912[0m
train_Precision: [4;34m0.8762[0m,               train_Recall: [4;33m0.9174[0m,                 train_F1 Score: [4;35m0.8928[0m
æ ‡ç­¾é‡Œ1çš„ä¸ªæ•°:  2150
æ ‡ç­¾é‡Œ0çš„ä¸ªæ•°:  2150
æ€»æ•°:  4300
æ­£ç¡®çš„ä¸ªæ•°:  3832
æœ€åä¸€ä¸ªæ‰¹æ¬¡çš„è¾“å‡º, ä¸æ»¡batchsizeæ˜¯æ­£å¸¸çš„:
 tensor([[9.5441e-01],
        [9.9439e-01],
        [9.4348e-01],
        [1.3433e-02],
        [9.9973e-01],
        [6.2056e-02],
        [1.8827e-03],
        [1.1746e-01],
        [9.0350e-01],
        [9.8814e-01],
        [2.7384e-05],
        [6.4280e-02]], device='cuda:0', grad_fn=<SigmoidBackward0>)
Epoch [57/100], T_AUC: [4m0.8940[0m
Epoch [57/100], Loss: 26.0286
val_Accuracy: [92m0.7640[0m
val_Precision: [4;34m0.7742[0m,               val_Recall: [4;33m0.7383[0m,                 val_F1 Score: [4;35m0.7489[0m
æ ‡ç­¾é‡Œ1çš„ä¸ªæ•°:  430
æ ‡ç­¾é‡Œ0çš„ä¸ªæ•°:  430
æ€»æ•°:  860
æ­£ç¡®çš„ä¸ªæ•°:  657
Epoch [57/100], V_AUC: [4m0.7616[0m
Epoch [58/100], Loss: 38.4412
train_Accuracy: [91m0.8807[0m
train_Precision: [4;34m0.8657[0m,               train_Recall: [4;33m0.9061[0m,                 train_F1 Score: [4;35m0.8813[0m
æ ‡ç­¾é‡Œ1çš„ä¸ªæ•°:  2150
æ ‡ç­¾é‡Œ0çš„ä¸ªæ•°:  2150
æ€»æ•°:  4300
æ­£ç¡®çš„ä¸ªæ•°:  3787
æœ€åä¸€ä¸ªæ‰¹æ¬¡çš„è¾“å‡º, ä¸æ»¡batchsizeæ˜¯æ­£å¸¸çš„:
 tensor([[7.9006e-01],
        [9.6961e-01],
        [9.9815e-01],
        [2.1382e-02],
        [8.7225e-01],
        [9.3137e-02],
        [7.9968e-01],
        [4.4991e-01],
        [7.6352e-01],
        [9.3520e-01],
        [3.7851e-05],
        [1.9663e-02]], device='cuda:0', grad_fn=<SigmoidBackward0>)
Epoch [58/100], T_AUC: [4m0.8842[0m
Epoch [58/100], Loss: 25.3122
val_Accuracy: [92m0.7523[0m
val_Precision: [4;34m0.7479[0m,               val_Recall: [4;33m0.7594[0m,                 val_F1 Score: [4;35m0.7466[0m
æ ‡ç­¾é‡Œ1çš„ä¸ªæ•°:  430
æ ‡ç­¾é‡Œ0çš„ä¸ªæ•°:  430
æ€»æ•°:  860
æ­£ç¡®çš„ä¸ªæ•°:  647
Epoch [58/100], V_AUC: [4m0.7504[0m
Epoch [59/100], Loss: 35.2420
train_Accuracy: [91m0.8907[0m
train_Precision: [4;34m0.8755[0m,               train_Recall: [4;33m0.9141[0m,                 train_F1 Score: [4;35m0.8911[0m
æ ‡ç­¾é‡Œ1çš„ä¸ªæ•°:  2150
æ ‡ç­¾é‡Œ0çš„ä¸ªæ•°:  2150
æ€»æ•°:  4300
æ­£ç¡®çš„ä¸ªæ•°:  3830
æœ€åä¸€ä¸ªæ‰¹æ¬¡çš„è¾“å‡º, ä¸æ»¡batchsizeæ˜¯æ­£å¸¸çš„:
 tensor([[8.8247e-01],
        [9.8574e-01],
        [9.9659e-01],
        [1.1303e-02],
        [9.9975e-01],
        [5.7475e-03],
        [4.8809e-03],
        [2.4192e-01],
        [9.5187e-01],
        [9.9496e-01],
        [1.2708e-05],
        [4.4716e-02]], device='cuda:0', grad_fn=<SigmoidBackward0>)
Epoch [59/100], T_AUC: [4m0.8939[0m
Epoch [59/100], Loss: 23.8381
val_Accuracy: [92m0.7628[0m
val_Precision: [4;34m0.7638[0m,               val_Recall: [4;33m0.7516[0m,                 val_F1 Score: [4;35m0.7518[0m
æ ‡ç­¾é‡Œ1çš„ä¸ªæ•°:  430
æ ‡ç­¾é‡Œ0çš„ä¸ªæ•°:  430
æ€»æ•°:  860
æ­£ç¡®çš„ä¸ªæ•°:  656
Epoch [59/100], V_AUC: [4m0.7603[0m
Epoch [60/100], Loss: 32.5819
train_Accuracy: [91m0.8960[0m
train_Precision: [4;34m0.8800[0m,               train_Recall: [4;33m0.9220[0m,                 train_F1 Score: [4;35m0.8968[0m
æ ‡ç­¾é‡Œ1çš„ä¸ªæ•°:  2150
æ ‡ç­¾é‡Œ0çš„ä¸ªæ•°:  2150
æ€»æ•°:  4300
æ­£ç¡®çš„ä¸ªæ•°:  3853
æœ€åä¸€ä¸ªæ‰¹æ¬¡çš„è¾“å‡º, ä¸æ»¡batchsizeæ˜¯æ­£å¸¸çš„:
 tensor([[9.2797e-01],
        [9.8995e-01],
        [9.9872e-01],
        [2.0990e-02],
        [9.9873e-01],
        [2.4388e-03],
        [1.9905e-03],
        [1.9860e-01],
        [9.4228e-01],
        [9.9543e-01],
        [1.2939e-05],
        [8.2067e-02]], device='cuda:0', grad_fn=<SigmoidBackward0>)
Epoch [60/100], T_AUC: [4m0.9002[0m
Epoch [60/100], Loss: 25.3070
val_Accuracy: [92m0.7500[0m
val_Precision: [4;34m0.7601[0m,               val_Recall: [4;33m0.7310[0m,                 val_F1 Score: [4;35m0.7373[0m
æ ‡ç­¾é‡Œ1çš„ä¸ªæ•°:  430
æ ‡ç­¾é‡Œ0çš„ä¸ªæ•°:  430
æ€»æ•°:  860
æ­£ç¡®çš„ä¸ªæ•°:  645
Epoch [60/100], V_AUC: [4m0.7496[0m
Epoch [61/100], Loss: 35.0943
train_Accuracy: [91m0.8891[0m
train_Precision: [4;34m0.8751[0m,               train_Recall: [4;33m0.9137[0m,                 train_F1 Score: [4;35m0.8902[0m
æ ‡ç­¾é‡Œ1çš„ä¸ªæ•°:  2150
æ ‡ç­¾é‡Œ0çš„ä¸ªæ•°:  2150
æ€»æ•°:  4300
æ­£ç¡®çš„ä¸ªæ•°:  3823
æœ€åä¸€ä¸ªæ‰¹æ¬¡çš„è¾“å‡º, ä¸æ»¡batchsizeæ˜¯æ­£å¸¸çš„:
 tensor([[8.8549e-01],
        [9.8022e-01],
        [9.9731e-01],
        [1.4891e-01],
        [9.9886e-01],
        [8.2673e-02],
        [3.4892e-02],
        [1.5668e-01],
        [9.6072e-01],
        [9.9189e-01],
        [7.3283e-08],
        [3.8489e-02]], device='cuda:0', grad_fn=<SigmoidBackward0>)
Epoch [61/100], T_AUC: [4m0.8922[0m
Epoch [61/100], Loss: 27.1022
val_Accuracy: [92m0.7430[0m
val_Precision: [4;34m0.7490[0m,               val_Recall: [4;33m0.7383[0m,                 val_F1 Score: [4;35m0.7342[0m
æ ‡ç­¾é‡Œ1çš„ä¸ªæ•°:  430
æ ‡ç­¾é‡Œ0çš„ä¸ªæ•°:  430
æ€»æ•°:  860
æ­£ç¡®çš„ä¸ªæ•°:  639
Epoch [61/100], V_AUC: [4m0.7443[0m
Epoch [62/100], Loss: 34.1758
train_Accuracy: [91m0.8919[0m
train_Precision: [4;34m0.8790[0m,               train_Recall: [4;33m0.9164[0m,                 train_F1 Score: [4;35m0.8933[0m
æ ‡ç­¾é‡Œ1çš„ä¸ªæ•°:  2150
æ ‡ç­¾é‡Œ0çš„ä¸ªæ•°:  2150
æ€»æ•°:  4300
æ­£ç¡®çš„ä¸ªæ•°:  3835
æœ€åä¸€ä¸ªæ‰¹æ¬¡çš„è¾“å‡º, ä¸æ»¡batchsizeæ˜¯æ­£å¸¸çš„:
 tensor([[8.8324e-01],
        [9.7912e-01],
        [9.9445e-01],
        [9.2165e-05],
        [9.9856e-01],
        [1.1501e-01],
        [8.6495e-02],
        [2.1952e-01],
        [9.9470e-01],
        [9.9708e-01],
        [4.6512e-06],
        [2.3813e-02]], device='cuda:0', grad_fn=<SigmoidBackward0>)
Epoch [62/100], T_AUC: [4m0.8958[0m
Epoch [62/100], Loss: 27.3669
val_Accuracy: [92m0.7419[0m
val_Precision: [4;34m0.7477[0m,               val_Recall: [4;33m0.7327[0m,                 val_F1 Score: [4;35m0.7334[0m
æ ‡ç­¾é‡Œ1çš„ä¸ªæ•°:  430
æ ‡ç­¾é‡Œ0çš„ä¸ªæ•°:  430
æ€»æ•°:  860
æ­£ç¡®çš„ä¸ªæ•°:  638
Epoch [62/100], V_AUC: [4m0.7412[0m
Epoch [63/100], Loss: 31.3380
train_Accuracy: [91m0.9016[0m
train_Precision: [4;34m0.8885[0m,               train_Recall: [4;33m0.9230[0m,                 train_F1 Score: [4;35m0.9022[0m
æ ‡ç­¾é‡Œ1çš„ä¸ªæ•°:  2150
æ ‡ç­¾é‡Œ0çš„ä¸ªæ•°:  2150
æ€»æ•°:  4300
æ­£ç¡®çš„ä¸ªæ•°:  3877
æœ€åä¸€ä¸ªæ‰¹æ¬¡çš„è¾“å‡º, ä¸æ»¡batchsizeæ˜¯æ­£å¸¸çš„:
 tensor([[9.6352e-01],
        [9.8558e-01],
        [9.9854e-01],
        [5.5963e-04],
        [9.9725e-01],
        [1.6404e-02],
        [1.3355e-03],
        [1.9912e-01],
        [9.9735e-01],
        [9.9553e-01],
        [2.3420e-05],
        [6.7510e-02]], device='cuda:0', grad_fn=<SigmoidBackward0>)
Epoch [63/100], T_AUC: [4m0.9043[0m
Epoch [63/100], Loss: 28.0200
val_Accuracy: [92m0.7547[0m
val_Precision: [4;34m0.7647[0m,               val_Recall: [4;33m0.7420[0m,                 val_F1 Score: [4;35m0.7453[0m
æ ‡ç­¾é‡Œ1çš„ä¸ªæ•°:  430
æ ‡ç­¾é‡Œ0çš„ä¸ªæ•°:  430
æ€»æ•°:  860
æ­£ç¡®çš„ä¸ªæ•°:  649
Epoch [63/100], V_AUC: [4m0.7544[0m
Epoch [64/100], Loss: 29.6651
train_Accuracy: [91m0.9009[0m
train_Precision: [4;34m0.8893[0m,               train_Recall: [4;33m0.9217[0m,                 train_F1 Score: [4;35m0.9019[0m
æ ‡ç­¾é‡Œ1çš„ä¸ªæ•°:  2150
æ ‡ç­¾é‡Œ0çš„ä¸ªæ•°:  2150
æ€»æ•°:  4300
æ­£ç¡®çš„ä¸ªæ•°:  3874
æœ€åä¸€ä¸ªæ‰¹æ¬¡çš„è¾“å‡º, ä¸æ»¡batchsizeæ˜¯æ­£å¸¸çš„:
 tensor([[9.4081e-01],
        [9.9069e-01],
        [9.9952e-01],
        [8.8566e-05],
        [9.9857e-01],
        [8.0658e-03],
        [1.8826e-03],
        [1.8361e-01],
        [9.9732e-01],
        [9.9697e-01],
        [2.3960e-05],
        [3.6668e-02]], device='cuda:0', grad_fn=<SigmoidBackward0>)
Epoch [64/100], T_AUC: [4m0.9041[0m
Epoch [64/100], Loss: 28.3657
val_Accuracy: [92m0.7640[0m
val_Precision: [4;34m0.7732[0m,               val_Recall: [4;33m0.7454[0m,                 val_F1 Score: [4;35m0.7510[0m
æ ‡ç­¾é‡Œ1çš„ä¸ªæ•°:  430
æ ‡ç­¾é‡Œ0çš„ä¸ªæ•°:  430
æ€»æ•°:  860
æ­£ç¡®çš„ä¸ªæ•°:  657
Epoch [64/100], V_AUC: [4m0.7639[0m
Epoch [65/100], Loss: 29.6687
train_Accuracy: [91m0.9051[0m
train_Precision: [4;34m0.8923[0m,               train_Recall: [4;33m0.9266[0m,                 train_F1 Score: [4;35m0.9055[0m
æ ‡ç­¾é‡Œ1çš„ä¸ªæ•°:  2150
æ ‡ç­¾é‡Œ0çš„ä¸ªæ•°:  2150
æ€»æ•°:  4300
æ­£ç¡®çš„ä¸ªæ•°:  3892
æœ€åä¸€ä¸ªæ‰¹æ¬¡çš„è¾“å‡º, ä¸æ»¡batchsizeæ˜¯æ­£å¸¸çš„:
 tensor([[8.5178e-01],
        [9.8410e-01],
        [9.9941e-01],
        [6.9399e-06],
        [9.9885e-01],
        [1.2794e-01],
        [2.2267e-03],
        [1.0260e-01],
        [9.9615e-01],
        [9.9760e-01],
        [7.3618e-05],
        [3.9079e-02]], device='cuda:0', grad_fn=<SigmoidBackward0>)
Epoch [65/100], T_AUC: [4m0.9078[0m
Epoch [65/100], Loss: 29.2314
val_Accuracy: [92m0.7488[0m
val_Precision: [4;34m0.7577[0m,               val_Recall: [4;33m0.7380[0m,                 val_F1 Score: [4;35m0.7391[0m
æ ‡ç­¾é‡Œ1çš„ä¸ªæ•°:  430
æ ‡ç­¾é‡Œ0çš„ä¸ªæ•°:  430
æ€»æ•°:  860
æ­£ç¡®çš„ä¸ªæ•°:  644
Epoch [65/100], V_AUC: [4m0.7495[0m
Epoch [66/100], Loss: 30.9341
train_Accuracy: [91m0.8972[0m
train_Precision: [4;34m0.8871[0m,               train_Recall: [4;33m0.9152[0m,                 train_F1 Score: [4;35m0.8973[0m
æ ‡ç­¾é‡Œ1çš„ä¸ªæ•°:  2150
æ ‡ç­¾é‡Œ0çš„ä¸ªæ•°:  2150
æ€»æ•°:  4300
æ­£ç¡®çš„ä¸ªæ•°:  3858
æœ€åä¸€ä¸ªæ‰¹æ¬¡çš„è¾“å‡º, ä¸æ»¡batchsizeæ˜¯æ­£å¸¸çš„:
 tensor([[9.8545e-01],
        [9.7928e-01],
        [9.9906e-01],
        [3.0452e-02],
        [9.9956e-01],
        [5.5043e-02],
        [5.7964e-04],
        [1.9712e-01],
        [9.8994e-01],
        [9.9558e-01],
        [1.3613e-07],
        [1.8955e-02]], device='cuda:0', grad_fn=<SigmoidBackward0>)
Epoch [66/100], T_AUC: [4m0.8999[0m
Epoch [66/100], Loss: 31.4216
val_Accuracy: [92m0.7581[0m
val_Precision: [4;34m0.7715[0m,               val_Recall: [4;33m0.7245[0m,                 val_F1 Score: [4;35m0.7404[0m
æ ‡ç­¾é‡Œ1çš„ä¸ªæ•°:  430
æ ‡ç­¾é‡Œ0çš„ä¸ªæ•°:  430
æ€»æ•°:  860
æ­£ç¡®çš„ä¸ªæ•°:  652
Epoch [66/100], V_AUC: [4m0.7555[0m
Epoch [67/100], Loss: 33.2306
train_Accuracy: [91m0.8960[0m
train_Precision: [4;34m0.8884[0m,               train_Recall: [4;33m0.9121[0m,                 train_F1 Score: [4;35m0.8963[0m
æ ‡ç­¾é‡Œ1çš„ä¸ªæ•°:  2150
æ ‡ç­¾é‡Œ0çš„ä¸ªæ•°:  2150
æ€»æ•°:  4300
æ­£ç¡®çš„ä¸ªæ•°:  3853
æœ€åä¸€ä¸ªæ‰¹æ¬¡çš„è¾“å‡º, ä¸æ»¡batchsizeæ˜¯æ­£å¸¸çš„:
 tensor([[9.7890e-01],
        [9.5462e-01],
        [9.9908e-01],
        [1.4214e-04],
        [9.9930e-01],
        [9.7530e-02],
        [8.0542e-04],
        [4.5047e-01],
        [9.9810e-01],
        [9.9423e-01],
        [1.3799e-05],
        [2.0213e-02]], device='cuda:0', grad_fn=<SigmoidBackward0>)
Epoch [67/100], T_AUC: [4m0.8996[0m
Epoch [67/100], Loss: 29.2250
val_Accuracy: [92m0.7360[0m
val_Precision: [4;34m0.7368[0m,               val_Recall: [4;33m0.7305[0m,                 val_F1 Score: [4;35m0.7264[0m
æ ‡ç­¾é‡Œ1çš„ä¸ªæ•°:  430
æ ‡ç­¾é‡Œ0çš„ä¸ªæ•°:  430
æ€»æ•°:  860
æ­£ç¡®çš„ä¸ªæ•°:  633
Epoch [67/100], V_AUC: [4m0.7348[0m
Epoch [68/100], Loss: 32.4387
train_Accuracy: [91m0.8984[0m
train_Precision: [4;34m0.8865[0m,               train_Recall: [4;33m0.9187[0m,                 train_F1 Score: [4;35m0.8985[0m
æ ‡ç­¾é‡Œ1çš„ä¸ªæ•°:  2150
æ ‡ç­¾é‡Œ0çš„ä¸ªæ•°:  2150
æ€»æ•°:  4300
æ­£ç¡®çš„ä¸ªæ•°:  3863
æœ€åä¸€ä¸ªæ‰¹æ¬¡çš„è¾“å‡º, ä¸æ»¡batchsizeæ˜¯æ­£å¸¸çš„:
 tensor([[8.6923e-01],
        [9.8752e-01],
        [9.9636e-01],
        [2.6848e-03],
        [9.4790e-01],
        [7.7639e-03],
        [2.4063e-02],
        [2.3114e-01],
        [9.9984e-01],
        [9.9857e-01],
        [3.0607e-06],
        [2.7081e-02]], device='cuda:0', grad_fn=<SigmoidBackward0>)
Epoch [68/100], T_AUC: [4m0.9024[0m
Epoch [68/100], Loss: 29.6476
val_Accuracy: [92m0.7465[0m
val_Precision: [4;34m0.7453[0m,               val_Recall: [4;33m0.7432[0m,                 val_F1 Score: [4;35m0.7377[0m
æ ‡ç­¾é‡Œ1çš„ä¸ªæ•°:  430
æ ‡ç­¾é‡Œ0çš„ä¸ªæ•°:  430
æ€»æ•°:  860
æ­£ç¡®çš„ä¸ªæ•°:  642
Epoch [68/100], V_AUC: [4m0.7449[0m
Epoch [69/100], Loss: 30.6763
train_Accuracy: [91m0.8947[0m
train_Precision: [4;34m0.8803[0m,               train_Recall: [4;33m0.9199[0m,                 train_F1 Score: [4;35m0.8951[0m
æ ‡ç­¾é‡Œ1çš„ä¸ªæ•°:  2150
æ ‡ç­¾é‡Œ0çš„ä¸ªæ•°:  2150
æ€»æ•°:  4300
æ­£ç¡®çš„ä¸ªæ•°:  3847
æœ€åä¸€ä¸ªæ‰¹æ¬¡çš„è¾“å‡º, ä¸æ»¡batchsizeæ˜¯æ­£å¸¸çš„:
 tensor([[9.3695e-01],
        [9.8115e-01],
        [9.9686e-01],
        [1.5729e-04],
        [9.9997e-01],
        [9.8589e-02],
        [3.3677e-03],
        [1.4192e-01],
        [9.8613e-01],
        [9.9523e-01],
        [6.4866e-06],
        [4.1975e-02]], device='cuda:0', grad_fn=<SigmoidBackward0>)
Epoch [69/100], T_AUC: [4m0.8997[0m
Epoch [69/100], Loss: 29.4430
val_Accuracy: [92m0.7337[0m
val_Precision: [4;34m0.7266[0m,               val_Recall: [4;33m0.7407[0m,                 val_F1 Score: [4;35m0.7271[0m
æ ‡ç­¾é‡Œ1çš„ä¸ªæ•°:  430
æ ‡ç­¾é‡Œ0çš„ä¸ªæ•°:  430
æ€»æ•°:  860
æ­£ç¡®çš„ä¸ªæ•°:  631
Epoch [69/100], V_AUC: [4m0.7317[0m
Epoch [70/100], Loss: 28.0729
train_Accuracy: [91m0.9121[0m
train_Precision: [4;34m0.8983[0m,               train_Recall: [4;33m0.9334[0m,                 train_F1 Score: [4;35m0.9118[0m
æ ‡ç­¾é‡Œ1çš„ä¸ªæ•°:  2150
æ ‡ç­¾é‡Œ0çš„ä¸ªæ•°:  2150
æ€»æ•°:  4300
æ­£ç¡®çš„ä¸ªæ•°:  3922
æœ€åä¸€ä¸ªæ‰¹æ¬¡çš„è¾“å‡º, ä¸æ»¡batchsizeæ˜¯æ­£å¸¸çš„:
 tensor([[9.6308e-01],
        [9.1912e-01],
        [9.9642e-01],
        [1.8179e-02],
        [9.9647e-01],
        [6.2296e-02],
        [2.9651e-03],
        [1.3176e-02],
        [9.9925e-01],
        [9.9883e-01],
        [1.1860e-05],
        [8.5901e-03]], device='cuda:0', grad_fn=<SigmoidBackward0>)
Epoch [70/100], T_AUC: [4m0.9159[0m
Epoch [70/100], Loss: 34.3355
val_Accuracy: [92m0.7384[0m
val_Precision: [4;34m0.7395[0m,               val_Recall: [4;33m0.7395[0m,                 val_F1 Score: [4;35m0.7316[0m
æ ‡ç­¾é‡Œ1çš„ä¸ªæ•°:  430
æ ‡ç­¾é‡Œ0çš„ä¸ªæ•°:  430
æ€»æ•°:  860
æ­£ç¡®çš„ä¸ªæ•°:  635
Epoch [70/100], V_AUC: [4m0.7384[0m
Epoch [71/100], Loss: 26.8088
train_Accuracy: [91m0.9133[0m
train_Precision: [4;34m0.9028[0m,               train_Recall: [4;33m0.9316[0m,                 train_F1 Score: [4;35m0.9134[0m
æ ‡ç­¾é‡Œ1çš„ä¸ªæ•°:  2150
æ ‡ç­¾é‡Œ0çš„ä¸ªæ•°:  2150
æ€»æ•°:  4300
æ­£ç¡®çš„ä¸ªæ•°:  3927
æœ€åä¸€ä¸ªæ‰¹æ¬¡çš„è¾“å‡º, ä¸æ»¡batchsizeæ˜¯æ­£å¸¸çš„:
 tensor([[9.9615e-01],
        [9.7282e-01],
        [9.9963e-01],
        [1.1940e-04],
        [9.9991e-01],
        [6.8322e-02],
        [1.1118e-03],
        [1.2602e-02],
        [9.9900e-01],
        [9.9639e-01],
        [4.5474e-06],
        [2.8175e-03]], device='cuda:0', grad_fn=<SigmoidBackward0>)
Epoch [71/100], T_AUC: [4m0.9168[0m
Epoch [71/100], Loss: 31.7599
val_Accuracy: [92m0.7256[0m
val_Precision: [4;34m0.7401[0m,               val_Recall: [4;33m0.7022[0m,                 val_F1 Score: [4;35m0.7129[0m
æ ‡ç­¾é‡Œ1çš„ä¸ªæ•°:  430
æ ‡ç­¾é‡Œ0çš„ä¸ªæ•°:  430
æ€»æ•°:  860
æ­£ç¡®çš„ä¸ªæ•°:  624
Epoch [71/100], V_AUC: [4m0.7262[0m
Epoch [72/100], Loss: 28.0360
train_Accuracy: [91m0.9119[0m
train_Precision: [4;34m0.9019[0m,               train_Recall: [4;33m0.9293[0m,                 train_F1 Score: [4;35m0.9122[0m
æ ‡ç­¾é‡Œ1çš„ä¸ªæ•°:  2150
æ ‡ç­¾é‡Œ0çš„ä¸ªæ•°:  2150
æ€»æ•°:  4300
æ­£ç¡®çš„ä¸ªæ•°:  3921
æœ€åä¸€ä¸ªæ‰¹æ¬¡çš„è¾“å‡º, ä¸æ»¡batchsizeæ˜¯æ­£å¸¸çš„:
 tensor([[9.8621e-01],
        [9.6097e-01],
        [9.9926e-01],
        [4.2830e-05],
        [9.9996e-01],
        [9.7933e-02],
        [7.0539e-04],
        [2.0804e-02],
        [9.9967e-01],
        [9.8995e-01],
        [1.3985e-05],
        [7.7770e-03]], device='cuda:0', grad_fn=<SigmoidBackward0>)
Epoch [72/100], T_AUC: [4m0.9153[0m
Epoch [72/100], Loss: 31.5647
val_Accuracy: [92m0.7384[0m
val_Precision: [4;34m0.7484[0m,               val_Recall: [4;33m0.7203[0m,                 val_F1 Score: [4;35m0.7278[0m
æ ‡ç­¾é‡Œ1çš„ä¸ªæ•°:  430
æ ‡ç­¾é‡Œ0çš„ä¸ªæ•°:  430
æ€»æ•°:  860
æ­£ç¡®çš„ä¸ªæ•°:  635
Epoch [72/100], V_AUC: [4m0.7359[0m
Epoch [73/100], Loss: 28.9507
train_Accuracy: [91m0.9081[0m
train_Precision: [4;34m0.8945[0m,               train_Recall: [4;33m0.9283[0m,                 train_F1 Score: [4;35m0.9076[0m
æ ‡ç­¾é‡Œ1çš„ä¸ªæ•°:  2150
æ ‡ç­¾é‡Œ0çš„ä¸ªæ•°:  2150
æ€»æ•°:  4300
æ­£ç¡®çš„ä¸ªæ•°:  3905
æœ€åä¸€ä¸ªæ‰¹æ¬¡çš„è¾“å‡º, ä¸æ»¡batchsizeæ˜¯æ­£å¸¸çš„:
 tensor([[9.9250e-01],
        [9.6115e-01],
        [9.9904e-01],
        [3.6355e-03],
        [9.9997e-01],
        [6.6532e-02],
        [2.1564e-04],
        [7.2937e-02],
        [9.9499e-01],
        [9.8306e-01],
        [7.2051e-06],
        [2.2367e-03]], device='cuda:0', grad_fn=<SigmoidBackward0>)
Epoch [73/100], T_AUC: [4m0.9119[0m
Epoch [73/100], Loss: 31.6776
val_Accuracy: [92m0.7477[0m
val_Precision: [4;34m0.7582[0m,               val_Recall: [4;33m0.7221[0m,                 val_F1 Score: [4;35m0.7319[0m
æ ‡ç­¾é‡Œ1çš„ä¸ªæ•°:  430
æ ‡ç­¾é‡Œ0çš„ä¸ªæ•°:  430
æ€»æ•°:  860
æ­£ç¡®çš„ä¸ªæ•°:  643
Epoch [73/100], V_AUC: [4m0.7462[0m
Epoch [74/100], Loss: 26.9902
train_Accuracy: [91m0.9102[0m
train_Precision: [4;34m0.8962[0m,               train_Recall: [4;33m0.9312[0m,                 train_F1 Score: [4;35m0.9100[0m
æ ‡ç­¾é‡Œ1çš„ä¸ªæ•°:  2150
æ ‡ç­¾é‡Œ0çš„ä¸ªæ•°:  2150
æ€»æ•°:  4300
æ­£ç¡®çš„ä¸ªæ•°:  3914
æœ€åä¸€ä¸ªæ‰¹æ¬¡çš„è¾“å‡º, ä¸æ»¡batchsizeæ˜¯æ­£å¸¸çš„:
 tensor([[9.8184e-01],
        [9.4549e-01],
        [9.9635e-01],
        [1.1535e-02],
        [9.9998e-01],
        [3.6518e-02],
        [1.0834e-04],
        [2.1087e-02],
        [9.9665e-01],
        [9.9806e-01],
        [1.5256e-06],
        [5.6033e-03]], device='cuda:0', grad_fn=<SigmoidBackward0>)
Epoch [74/100], T_AUC: [4m0.9139[0m
Epoch [74/100], Loss: 36.3790
val_Accuracy: [92m0.7477[0m
val_Precision: [4;34m0.7738[0m,               val_Recall: [4;33m0.6946[0m,                 val_F1 Score: [4;35m0.7255[0m
æ ‡ç­¾é‡Œ1çš„ä¸ªæ•°:  430
æ ‡ç­¾é‡Œ0çš„ä¸ªæ•°:  430
æ€»æ•°:  860
æ­£ç¡®çš„ä¸ªæ•°:  643
Epoch [74/100], V_AUC: [4m0.7469[0m
Epoch [75/100], Loss: 27.8890
train_Accuracy: [91m0.9114[0m
train_Precision: [4;34m0.8990[0m,               train_Recall: [4;33m0.9330[0m,                 train_F1 Score: [4;35m0.9121[0m
æ ‡ç­¾é‡Œ1çš„ä¸ªæ•°:  2150
æ ‡ç­¾é‡Œ0çš„ä¸ªæ•°:  2150
æ€»æ•°:  4300
æ­£ç¡®çš„ä¸ªæ•°:  3919
æœ€åä¸€ä¸ªæ‰¹æ¬¡çš„è¾“å‡º, ä¸æ»¡batchsizeæ˜¯æ­£å¸¸çš„:
 tensor([[9.7422e-01],
        [9.7247e-01],
        [9.9928e-01],
        [1.0440e-02],
        [9.9991e-01],
        [3.6483e-02],
        [1.3841e-04],
        [8.6875e-02],
        [9.8960e-01],
        [9.9845e-01],
        [1.5004e-06],
        [7.5314e-03]], device='cuda:0', grad_fn=<SigmoidBackward0>)
Epoch [75/100], T_AUC: [4m0.9149[0m
Epoch [75/100], Loss: 35.3508
val_Accuracy: [92m0.7419[0m
val_Precision: [4;34m0.7405[0m,               val_Recall: [4;33m0.7429[0m,                 val_F1 Score: [4;35m0.7355[0m
æ ‡ç­¾é‡Œ1çš„ä¸ªæ•°:  430
æ ‡ç­¾é‡Œ0çš„ä¸ªæ•°:  430
æ€»æ•°:  860
æ­£ç¡®çš„ä¸ªæ•°:  638
Epoch [75/100], V_AUC: [4m0.7400[0m
Epoch [76/100], Loss: 26.4426
train_Accuracy: [91m0.9174[0m
train_Precision: [4;34m0.9000[0m,               train_Recall: [4;33m0.9413[0m,                 train_F1 Score: [4;35m0.9172[0m
æ ‡ç­¾é‡Œ1çš„ä¸ªæ•°:  2150
æ ‡ç­¾é‡Œ0çš„ä¸ªæ•°:  2150
æ€»æ•°:  4300
æ­£ç¡®çš„ä¸ªæ•°:  3945
æœ€åä¸€ä¸ªæ‰¹æ¬¡çš„è¾“å‡º, ä¸æ»¡batchsizeæ˜¯æ­£å¸¸çš„:
 tensor([[9.9758e-01],
        [9.8476e-01],
        [9.9943e-01],
        [1.0795e-02],
        [9.9997e-01],
        [9.3193e-05],
        [2.5465e-04],
        [5.9054e-02],
        [9.9764e-01],
        [9.9508e-01],
        [1.0216e-06],
        [6.1779e-03]], device='cuda:0', grad_fn=<SigmoidBackward0>)
Epoch [76/100], T_AUC: [4m0.9207[0m
Epoch [76/100], Loss: 35.6107
val_Accuracy: [92m0.7500[0m
val_Precision: [4;34m0.7717[0m,               val_Recall: [4;33m0.7160[0m,                 val_F1 Score: [4;35m0.7353[0m
æ ‡ç­¾é‡Œ1çš„ä¸ªæ•°:  430
æ ‡ç­¾é‡Œ0çš„ä¸ªæ•°:  430
æ€»æ•°:  860
æ­£ç¡®çš„ä¸ªæ•°:  645
Epoch [76/100], V_AUC: [4m0.7505[0m
Epoch [77/100], Loss: 28.3137
train_Accuracy: [91m0.9102[0m
train_Precision: [4;34m0.8968[0m,               train_Recall: [4;33m0.9295[0m,                 train_F1 Score: [4;35m0.9093[0m
æ ‡ç­¾é‡Œ1çš„ä¸ªæ•°:  2150
æ ‡ç­¾é‡Œ0çš„ä¸ªæ•°:  2150
æ€»æ•°:  4300
æ­£ç¡®çš„ä¸ªæ•°:  3914
æœ€åä¸€ä¸ªæ‰¹æ¬¡çš„è¾“å‡º, ä¸æ»¡batchsizeæ˜¯æ­£å¸¸çš„:
 tensor([[9.9100e-01],
        [9.7557e-01],
        [9.9986e-01],
        [2.2737e-05],
        [1.0000e+00],
        [6.6599e-02],
        [1.2880e-03],
        [9.7899e-03],
        [9.9274e-01],
        [9.9502e-01],
        [1.8727e-06],
        [4.9882e-03]], device='cuda:0', grad_fn=<SigmoidBackward0>)
Epoch [77/100], T_AUC: [4m0.9141[0m
Epoch [77/100], Loss: 33.6138
val_Accuracy: [92m0.7035[0m
val_Precision: [4;34m0.7017[0m,               val_Recall: [4;33m0.7001[0m,                 val_F1 Score: [4;35m0.6947[0m
æ ‡ç­¾é‡Œ1çš„ä¸ªæ•°:  430
æ ‡ç­¾é‡Œ0çš„ä¸ªæ•°:  430
æ€»æ•°:  860
æ­£ç¡®çš„ä¸ªæ•°:  605
Epoch [77/100], V_AUC: [4m0.7003[0m
Epoch [78/100], Loss: 30.7342
train_Accuracy: [91m0.8993[0m
train_Precision: [4;34m0.8857[0m,               train_Recall: [4;33m0.9218[0m,                 train_F1 Score: [4;35m0.8996[0m
æ ‡ç­¾é‡Œ1çš„ä¸ªæ•°:  2150
æ ‡ç­¾é‡Œ0çš„ä¸ªæ•°:  2150
æ€»æ•°:  4300
æ­£ç¡®çš„ä¸ªæ•°:  3867
æœ€åä¸€ä¸ªæ‰¹æ¬¡çš„è¾“å‡º, ä¸æ»¡batchsizeæ˜¯æ­£å¸¸çš„:
 tensor([[9.0383e-01],
        [9.9484e-01],
        [9.9916e-01],
        [7.2558e-05],
        [9.9996e-01],
        [2.6533e-01],
        [5.2607e-04],
        [2.8526e-02],
        [9.9600e-01],
        [9.9901e-01],
        [2.1250e-05],
        [1.4869e-03]], device='cuda:0', grad_fn=<SigmoidBackward0>)
Epoch [78/100], T_AUC: [4m0.9028[0m
Epoch [78/100], Loss: 37.0384
val_Accuracy: [92m0.7395[0m
val_Precision: [4;34m0.7428[0m,               val_Recall: [4;33m0.7364[0m,                 val_F1 Score: [4;35m0.7328[0m
æ ‡ç­¾é‡Œ1çš„ä¸ªæ•°:  430
æ ‡ç­¾é‡Œ0çš„ä¸ªæ•°:  430
æ€»æ•°:  860
æ­£ç¡®çš„ä¸ªæ•°:  636
Epoch [78/100], V_AUC: [4m0.7364[0m
Epoch [79/100], Loss: 28.4201
train_Accuracy: [91m0.9084[0m
train_Precision: [4;34m0.8968[0m,               train_Recall: [4;33m0.9255[0m,                 train_F1 Score: [4;35m0.9079[0m
æ ‡ç­¾é‡Œ1çš„ä¸ªæ•°:  2150
æ ‡ç­¾é‡Œ0çš„ä¸ªæ•°:  2150
æ€»æ•°:  4300
æ­£ç¡®çš„ä¸ªæ•°:  3906
æœ€åä¸€ä¸ªæ‰¹æ¬¡çš„è¾“å‡º, ä¸æ»¡batchsizeæ˜¯æ­£å¸¸çš„:
 tensor([[9.6398e-01],
        [9.7116e-01],
        [9.9448e-01],
        [2.0077e-01],
        [1.0000e+00],
        [7.2801e-02],
        [4.6772e-03],
        [5.3915e-03],
        [9.9892e-01],
        [9.8898e-01],
        [9.3557e-08],
        [1.6127e-02]], device='cuda:0', grad_fn=<SigmoidBackward0>)
Epoch [79/100], T_AUC: [4m0.9112[0m
Epoch [79/100], Loss: 32.3095
val_Accuracy: [92m0.7221[0m
val_Precision: [4;34m0.7235[0m,               val_Recall: [4;33m0.7190[0m,                 val_F1 Score: [4;35m0.7141[0m
æ ‡ç­¾é‡Œ1çš„ä¸ªæ•°:  430
æ ‡ç­¾é‡Œ0çš„ä¸ªæ•°:  430
æ€»æ•°:  860
æ­£ç¡®çš„ä¸ªæ•°:  621
Epoch [79/100], V_AUC: [4m0.7188[0m
Epoch [80/100], Loss: 26.9717
train_Accuracy: [91m0.9163[0m
train_Precision: [4;34m0.9033[0m,               train_Recall: [4;33m0.9374[0m,                 train_F1 Score: [4;35m0.9164[0m
æ ‡ç­¾é‡Œ1çš„ä¸ªæ•°:  2150
æ ‡ç­¾é‡Œ0çš„ä¸ªæ•°:  2150
æ€»æ•°:  4300
æ­£ç¡®çš„ä¸ªæ•°:  3940
æœ€åä¸€ä¸ªæ‰¹æ¬¡çš„è¾“å‡º, ä¸æ»¡batchsizeæ˜¯æ­£å¸¸çš„:
 tensor([[9.9888e-01],
        [9.7214e-01],
        [9.9984e-01],
        [2.6298e-06],
        [1.0000e+00],
        [8.6982e-02],
        [5.9567e-04],
        [1.6833e-02],
        [9.9582e-01],
        [9.9367e-01],
        [4.0583e-06],
        [4.2848e-03]], device='cuda:0', grad_fn=<SigmoidBackward0>)
Epoch [80/100], T_AUC: [4m0.9201[0m
Epoch [80/100], Loss: 37.0659
val_Accuracy: [92m0.7465[0m
val_Precision: [4;34m0.7481[0m,               val_Recall: [4;33m0.7416[0m,                 val_F1 Score: [4;35m0.7391[0m
æ ‡ç­¾é‡Œ1çš„ä¸ªæ•°:  430
æ ‡ç­¾é‡Œ0çš„ä¸ªæ•°:  430
æ€»æ•°:  860
æ­£ç¡®çš„ä¸ªæ•°:  642
Epoch [80/100], V_AUC: [4m0.7449[0m
Epoch [81/100], Loss: 25.3036
train_Accuracy: [91m0.9198[0m
train_Precision: [4;34m0.9033[0m,               train_Recall: [4;33m0.9397[0m,                 train_F1 Score: [4;35m0.9186[0m
æ ‡ç­¾é‡Œ1çš„ä¸ªæ•°:  2150
æ ‡ç­¾é‡Œ0çš„ä¸ªæ•°:  2150
æ€»æ•°:  4300
æ­£ç¡®çš„ä¸ªæ•°:  3955
æœ€åä¸€ä¸ªæ‰¹æ¬¡çš„è¾“å‡º, ä¸æ»¡batchsizeæ˜¯æ­£å¸¸çš„:
 tensor([[9.7539e-01],
        [9.9036e-01],
        [9.9951e-01],
        [5.3145e-01],
        [9.9979e-01],
        [8.3740e-02],
        [5.5832e-04],
        [3.1550e-03],
        [9.9880e-01],
        [9.8937e-01],
        [1.1664e-06],
        [1.6778e-03]], device='cuda:0', grad_fn=<SigmoidBackward0>)
Epoch [81/100], T_AUC: [4m0.9219[0m
Epoch [81/100], Loss: 35.3581
val_Accuracy: [92m0.7512[0m
val_Precision: [4;34m0.7576[0m,               val_Recall: [4;33m0.7277[0m,                 val_F1 Score: [4;35m0.7379[0m
æ ‡ç­¾é‡Œ1çš„ä¸ªæ•°:  430
æ ‡ç­¾é‡Œ0çš„ä¸ªæ•°:  430
æ€»æ•°:  860
æ­£ç¡®çš„ä¸ªæ•°:  646
Epoch [81/100], V_AUC: [4m0.7477[0m
Epoch [82/100], Loss: 23.1986
train_Accuracy: [91m0.9277[0m
train_Precision: [4;34m0.9164[0m,               train_Recall: [4;33m0.9443[0m,                 train_F1 Score: [4;35m0.9274[0m
æ ‡ç­¾é‡Œ1çš„ä¸ªæ•°:  2150
æ ‡ç­¾é‡Œ0çš„ä¸ªæ•°:  2150
æ€»æ•°:  4300
æ­£ç¡®çš„ä¸ªæ•°:  3989
æœ€åä¸€ä¸ªæ‰¹æ¬¡çš„è¾“å‡º, ä¸æ»¡batchsizeæ˜¯æ­£å¸¸çš„:
 tensor([[9.9443e-01],
        [9.6954e-01],
        [9.9927e-01],
        [5.9494e-03],
        [9.9999e-01],
        [4.9454e-02],
        [1.2368e-03],
        [5.3126e-04],
        [9.9935e-01],
        [9.9859e-01],
        [1.3335e-06],
        [9.7378e-04]], device='cuda:0', grad_fn=<SigmoidBackward0>)
Epoch [82/100], T_AUC: [4m0.9303[0m
Epoch [82/100], Loss: 37.5398
val_Accuracy: [92m0.7279[0m
val_Precision: [4;34m0.7269[0m,               val_Recall: [4;33m0.7275[0m,                 val_F1 Score: [4;35m0.7200[0m
æ ‡ç­¾é‡Œ1çš„ä¸ªæ•°:  430
æ ‡ç­¾é‡Œ0çš„ä¸ªæ•°:  430
æ€»æ•°:  860
æ­£ç¡®çš„ä¸ªæ•°:  626
Epoch [82/100], V_AUC: [4m0.7249[0m
Epoch [83/100], Loss: 22.2629
train_Accuracy: [91m0.9274[0m
train_Precision: [4;34m0.9136[0m,               train_Recall: [4;33m0.9458[0m,                 train_F1 Score: [4;35m0.9268[0m
æ ‡ç­¾é‡Œ1çš„ä¸ªæ•°:  2150
æ ‡ç­¾é‡Œ0çš„ä¸ªæ•°:  2150
æ€»æ•°:  4300
æ­£ç¡®çš„ä¸ªæ•°:  3988
æœ€åä¸€ä¸ªæ‰¹æ¬¡çš„è¾“å‡º, ä¸æ»¡batchsizeæ˜¯æ­£å¸¸çš„:
 tensor([[9.8674e-01],
        [9.6398e-01],
        [9.9922e-01],
        [2.3942e-03],
        [9.9996e-01],
        [1.0280e-01],
        [1.3896e-04],
        [2.9178e-03],
        [9.9989e-01],
        [9.9911e-01],
        [4.3979e-07],
        [1.1803e-03]], device='cuda:0', grad_fn=<SigmoidBackward0>)
Epoch [83/100], T_AUC: [4m0.9299[0m
Epoch [83/100], Loss: 36.4806
val_Accuracy: [92m0.7244[0m
val_Precision: [4;34m0.7441[0m,               val_Recall: [4;33m0.6906[0m,                 val_F1 Score: [4;35m0.7093[0m
æ ‡ç­¾é‡Œ1çš„ä¸ªæ•°:  430
æ ‡ç­¾é‡Œ0çš„ä¸ªæ•°:  430
æ€»æ•°:  860
æ­£ç¡®çš„ä¸ªæ•°:  623
Epoch [83/100], V_AUC: [4m0.7226[0m
Epoch [84/100], Loss: 23.1912
train_Accuracy: [91m0.9260[0m
train_Precision: [4;34m0.9137[0m,               train_Recall: [4;33m0.9433[0m,                 train_F1 Score: [4;35m0.9254[0m
æ ‡ç­¾é‡Œ1çš„ä¸ªæ•°:  2150
æ ‡ç­¾é‡Œ0çš„ä¸ªæ•°:  2150
æ€»æ•°:  4300
æ­£ç¡®çš„ä¸ªæ•°:  3982
æœ€åä¸€ä¸ªæ‰¹æ¬¡çš„è¾“å‡º, ä¸æ»¡batchsizeæ˜¯æ­£å¸¸çš„:
 tensor([[9.7757e-01],
        [9.4983e-01],
        [9.9901e-01],
        [2.3657e-03],
        [1.0000e+00],
        [4.0719e-02],
        [2.3810e-04],
        [4.7361e-03],
        [9.9997e-01],
        [9.9181e-01],
        [1.6922e-08],
        [1.4199e-02]], device='cuda:0', grad_fn=<SigmoidBackward0>)
Epoch [84/100], T_AUC: [4m0.9285[0m
Epoch [84/100], Loss: 42.5654
val_Accuracy: [92m0.6942[0m
val_Precision: [4;34m0.6943[0m,               val_Recall: [4;33m0.6864[0m,                 val_F1 Score: [4;35m0.6841[0m
æ ‡ç­¾é‡Œ1çš„ä¸ªæ•°:  430
æ ‡ç­¾é‡Œ0çš„ä¸ªæ•°:  430
æ€»æ•°:  860
æ­£ç¡®çš„ä¸ªæ•°:  597
Epoch [84/100], V_AUC: [4m0.6916[0m
Epoch [85/100], Loss: 30.0985
train_Accuracy: [91m0.9040[0m
train_Precision: [4;34m0.8907[0m,               train_Recall: [4;33m0.9240[0m,                 train_F1 Score: [4;35m0.9036[0m
æ ‡ç­¾é‡Œ1çš„ä¸ªæ•°:  2150
æ ‡ç­¾é‡Œ0çš„ä¸ªæ•°:  2150
æ€»æ•°:  4300
æ­£ç¡®çš„ä¸ªæ•°:  3887
æœ€åä¸€ä¸ªæ‰¹æ¬¡çš„è¾“å‡º, ä¸æ»¡batchsizeæ˜¯æ­£å¸¸çš„:
 tensor([[9.7143e-01],
        [9.8201e-01],
        [9.9999e-01],
        [2.7397e-04],
        [1.0000e+00],
        [4.3824e-04],
        [6.4796e-03],
        [2.2942e-03],
        [9.9767e-01],
        [9.9840e-01],
        [2.0374e-07],
        [5.5496e-03]], device='cuda:0', grad_fn=<SigmoidBackward0>)
Epoch [85/100], T_AUC: [4m0.9077[0m
Epoch [85/100], Loss: 36.6920
val_Accuracy: [92m0.7430[0m
val_Precision: [4;34m0.7451[0m,               val_Recall: [4;33m0.7273[0m,                 val_F1 Score: [4;35m0.7304[0m
æ ‡ç­¾é‡Œ1çš„ä¸ªæ•°:  430
æ ‡ç­¾é‡Œ0çš„ä¸ªæ•°:  430
æ€»æ•°:  860
æ­£ç¡®çš„ä¸ªæ•°:  639
Epoch [85/100], V_AUC: [4m0.7387[0m
Epoch [86/100], Loss: 25.3011
train_Accuracy: [91m0.9179[0m
train_Precision: [4;34m0.9010[0m,               train_Recall: [4;33m0.9402[0m,                 train_F1 Score: [4;35m0.9172[0m
æ ‡ç­¾é‡Œ1çš„ä¸ªæ•°:  2150
æ ‡ç­¾é‡Œ0çš„ä¸ªæ•°:  2150
æ€»æ•°:  4300
æ­£ç¡®çš„ä¸ªæ•°:  3947
æœ€åä¸€ä¸ªæ‰¹æ¬¡çš„è¾“å‡º, ä¸æ»¡batchsizeæ˜¯æ­£å¸¸çš„:
 tensor([[9.6932e-01],
        [9.7679e-01],
        [9.9992e-01],
        [4.1413e-01],
        [9.9995e-01],
        [2.3192e-04],
        [1.6592e-03],
        [1.2446e-03],
        [9.9370e-01],
        [9.9988e-01],
        [1.1007e-06],
        [2.6990e-04]], device='cuda:0', grad_fn=<SigmoidBackward0>)
Epoch [86/100], T_AUC: [4m0.9205[0m
Epoch [86/100], Loss: 37.3725
val_Accuracy: [92m0.7488[0m
val_Precision: [4;34m0.7603[0m,               val_Recall: [4;33m0.7247[0m,                 val_F1 Score: [4;35m0.7352[0m
æ ‡ç­¾é‡Œ1çš„ä¸ªæ•°:  430
æ ‡ç­¾é‡Œ0çš„ä¸ªæ•°:  430
æ€»æ•°:  860
æ­£ç¡®çš„ä¸ªæ•°:  644
Epoch [86/100], V_AUC: [4m0.7454[0m
Epoch [87/100], Loss: 22.9107
train_Accuracy: [91m0.9274[0m
train_Precision: [4;34m0.9166[0m,               train_Recall: [4;33m0.9435[0m,                 train_F1 Score: [4;35m0.9270[0m
æ ‡ç­¾é‡Œ1çš„ä¸ªæ•°:  2150
æ ‡ç­¾é‡Œ0çš„ä¸ªæ•°:  2150
æ€»æ•°:  4300
æ­£ç¡®çš„ä¸ªæ•°:  3988
æœ€åä¸€ä¸ªæ‰¹æ¬¡çš„è¾“å‡º, ä¸æ»¡batchsizeæ˜¯æ­£å¸¸çš„:
 tensor([[9.9615e-01],
        [9.0313e-01],
        [9.9992e-01],
        [2.8490e-02],
        [1.0000e+00],
        [1.2542e-04],
        [1.1424e-04],
        [4.2096e-03],
        [9.9768e-01],
        [9.9991e-01],
        [2.3443e-07],
        [5.1672e-03]], device='cuda:0', grad_fn=<SigmoidBackward0>)
Epoch [87/100], T_AUC: [4m0.9303[0m
Epoch [87/100], Loss: 33.7733
val_Accuracy: [92m0.7326[0m
val_Precision: [4;34m0.7462[0m,               val_Recall: [4;33m0.6998[0m,                 val_F1 Score: [4;35m0.7147[0m
æ ‡ç­¾é‡Œ1çš„ä¸ªæ•°:  430
æ ‡ç­¾é‡Œ0çš„ä¸ªæ•°:  430
æ€»æ•°:  860
æ­£ç¡®çš„ä¸ªæ•°:  630
Epoch [87/100], V_AUC: [4m0.7285[0m
Epoch [88/100], Loss: 19.5442
train_Accuracy: [91m0.9386[0m
train_Precision: [4;34m0.9272[0m,               train_Recall: [4;33m0.9549[0m,                 train_F1 Score: [4;35m0.9383[0m
æ ‡ç­¾é‡Œ1çš„ä¸ªæ•°:  2150
æ ‡ç­¾é‡Œ0çš„ä¸ªæ•°:  2150
æ€»æ•°:  4300
æ­£ç¡®çš„ä¸ªæ•°:  4036
æœ€åä¸€ä¸ªæ‰¹æ¬¡çš„è¾“å‡º, ä¸æ»¡batchsizeæ˜¯æ­£å¸¸çš„:
 tensor([[9.9333e-01],
        [9.6528e-01],
        [9.9993e-01],
        [2.2120e-03],
        [1.0000e+00],
        [1.9417e-04],
        [3.8557e-05],
        [4.4307e-02],
        [9.9886e-01],
        [9.9983e-01],
        [1.2526e-07],
        [3.7038e-02]], device='cuda:0', grad_fn=<SigmoidBackward0>)
Epoch [88/100], T_AUC: [4m0.9415[0m
Epoch [88/100], Loss: 41.6766
val_Accuracy: [92m0.7372[0m
val_Precision: [4;34m0.7415[0m,               val_Recall: [4;33m0.7221[0m,                 val_F1 Score: [4;35m0.7254[0m
æ ‡ç­¾é‡Œ1çš„ä¸ªæ•°:  430
æ ‡ç­¾é‡Œ0çš„ä¸ªæ•°:  430
æ€»æ•°:  860
æ­£ç¡®çš„ä¸ªæ•°:  634
Epoch [88/100], V_AUC: [4m0.7334[0m
Epoch [89/100], Loss: 21.4921
train_Accuracy: [91m0.9321[0m
train_Precision: [4;34m0.9184[0m,               train_Recall: [4;33m0.9501[0m,                 train_F1 Score: [4;35m0.9315[0m
æ ‡ç­¾é‡Œ1çš„ä¸ªæ•°:  2150
æ ‡ç­¾é‡Œ0çš„ä¸ªæ•°:  2150
æ€»æ•°:  4300
æ­£ç¡®çš„ä¸ªæ•°:  4008
æœ€åä¸€ä¸ªæ‰¹æ¬¡çš„è¾“å‡º, ä¸æ»¡batchsizeæ˜¯æ­£å¸¸çš„:
 tensor([[9.9662e-01],
        [9.6196e-01],
        [9.9980e-01],
        [1.9269e-03],
        [1.0000e+00],
        [2.9544e-04],
        [1.1697e-04],
        [1.6927e-01],
        [9.9974e-01],
        [9.9950e-01],
        [1.9875e-07],
        [1.4424e-04]], device='cuda:0', grad_fn=<SigmoidBackward0>)
Epoch [89/100], T_AUC: [4m0.9345[0m
Epoch [89/100], Loss: 42.6080
val_Accuracy: [92m0.7267[0m
val_Precision: [4;34m0.7346[0m,               val_Recall: [4;33m0.6977[0m,                 val_F1 Score: [4;35m0.7094[0m
æ ‡ç­¾é‡Œ1çš„ä¸ªæ•°:  430
æ ‡ç­¾é‡Œ0çš„ä¸ªæ•°:  430
æ€»æ•°:  860
æ­£ç¡®çš„ä¸ªæ•°:  625
Epoch [89/100], V_AUC: [4m0.7226[0m
Epoch [90/100], Loss: 25.5387
train_Accuracy: [91m0.9158[0m
train_Precision: [4;34m0.9004[0m,               train_Recall: [4;33m0.9388[0m,                 train_F1 Score: [4;35m0.9163[0m
æ ‡ç­¾é‡Œ1çš„ä¸ªæ•°:  2150
æ ‡ç­¾é‡Œ0çš„ä¸ªæ•°:  2150
æ€»æ•°:  4300
æ­£ç¡®çš„ä¸ªæ•°:  3938
æœ€åä¸€ä¸ªæ‰¹æ¬¡çš„è¾“å‡º, ä¸æ»¡batchsizeæ˜¯æ­£å¸¸çš„:
 tensor([[9.9985e-01],
        [9.9621e-01],
        [9.9987e-01],
        [6.5026e-03],
        [1.0000e+00],
        [3.2386e-05],
        [1.0506e-02],
        [2.4955e-03],
        [9.9980e-01],
        [9.9983e-01],
        [2.0081e-10],
        [1.4032e-04]], device='cuda:0', grad_fn=<SigmoidBackward0>)
Epoch [90/100], T_AUC: [4m0.9188[0m
Epoch [90/100], Loss: 40.0307
val_Accuracy: [92m0.7512[0m
val_Precision: [4;34m0.7496[0m,               val_Recall: [4;33m0.7450[0m,                 val_F1 Score: [4;35m0.7421[0m
æ ‡ç­¾é‡Œ1çš„ä¸ªæ•°:  430
æ ‡ç­¾é‡Œ0çš„ä¸ªæ•°:  430
æ€»æ•°:  860
æ­£ç¡®çš„ä¸ªæ•°:  646
Epoch [90/100], V_AUC: [4m0.7478[0m
Epoch [91/100], Loss: 25.3103
train_Accuracy: [91m0.9172[0m
train_Precision: [4;34m0.9031[0m,               train_Recall: [4;33m0.9372[0m,                 train_F1 Score: [4;35m0.9170[0m
æ ‡ç­¾é‡Œ1çš„ä¸ªæ•°:  2150
æ ‡ç­¾é‡Œ0çš„ä¸ªæ•°:  2150
æ€»æ•°:  4300
æ­£ç¡®çš„ä¸ªæ•°:  3944
æœ€åä¸€ä¸ªæ‰¹æ¬¡çš„è¾“å‡º, ä¸æ»¡batchsizeæ˜¯æ­£å¸¸çš„:
 tensor([[9.9737e-01],
        [9.9281e-01],
        [9.9944e-01],
        [1.8952e-02],
        [1.0000e+00],
        [1.5896e-04],
        [2.5858e-04],
        [1.5236e-02],
        [9.9944e-01],
        [9.9985e-01],
        [6.2666e-10],
        [1.7276e-03]], device='cuda:0', grad_fn=<SigmoidBackward0>)
Epoch [91/100], T_AUC: [4m0.9205[0m
Epoch [91/100], Loss: 39.2923
val_Accuracy: [92m0.7430[0m
val_Precision: [4;34m0.7528[0m,               val_Recall: [4;33m0.7234[0m,                 val_F1 Score: [4;35m0.7308[0m
æ ‡ç­¾é‡Œ1çš„ä¸ªæ•°:  430
æ ‡ç­¾é‡Œ0çš„ä¸ªæ•°:  430
æ€»æ•°:  860
æ­£ç¡®çš„ä¸ªæ•°:  639
Epoch [91/100], V_AUC: [4m0.7394[0m
Epoch [92/100], Loss: 22.8882
train_Accuracy: [91m0.9265[0m
train_Precision: [4;34m0.9161[0m,               train_Recall: [4;33m0.9438[0m,                 train_F1 Score: [4;35m0.9265[0m
æ ‡ç­¾é‡Œ1çš„ä¸ªæ•°:  2150
æ ‡ç­¾é‡Œ0çš„ä¸ªæ•°:  2150
æ€»æ•°:  4300
æ­£ç¡®çš„ä¸ªæ•°:  3984
æœ€åä¸€ä¸ªæ‰¹æ¬¡çš„è¾“å‡º, ä¸æ»¡batchsizeæ˜¯æ­£å¸¸çš„:
 tensor([[9.9449e-01],
        [9.8468e-01],
        [9.9898e-01],
        [3.1750e-01],
        [9.9988e-01],
        [1.1010e-04],
        [4.4476e-04],
        [8.2851e-03],
        [9.9985e-01],
        [9.9986e-01],
        [9.2875e-08],
        [8.0482e-04]], device='cuda:0', grad_fn=<SigmoidBackward0>)
Epoch [92/100], T_AUC: [4m0.9300[0m
Epoch [92/100], Loss: 42.8229
val_Accuracy: [92m0.7302[0m
val_Precision: [4;34m0.7282[0m,               val_Recall: [4;33m0.7180[0m,                 val_F1 Score: [4;35m0.7186[0m
æ ‡ç­¾é‡Œ1çš„ä¸ªæ•°:  430
æ ‡ç­¾é‡Œ0çš„ä¸ªæ•°:  430
æ€»æ•°:  860
æ­£ç¡®çš„ä¸ªæ•°:  628
Epoch [92/100], V_AUC: [4m0.7260[0m
Epoch [93/100], Loss: 19.8068
train_Accuracy: [91m0.9384[0m
train_Precision: [4;34m0.9279[0m,               train_Recall: [4;33m0.9546[0m,                 train_F1 Score: [4;35m0.9386[0m
æ ‡ç­¾é‡Œ1çš„ä¸ªæ•°:  2150
æ ‡ç­¾é‡Œ0çš„ä¸ªæ•°:  2150
æ€»æ•°:  4300
æ­£ç¡®çš„ä¸ªæ•°:  4035
æœ€åä¸€ä¸ªæ‰¹æ¬¡çš„è¾“å‡º, ä¸æ»¡batchsizeæ˜¯æ­£å¸¸çš„:
 tensor([[9.8977e-01],
        [9.8203e-01],
        [9.9999e-01],
        [6.1148e-02],
        [1.0000e+00],
        [1.3505e-02],
        [7.4318e-05],
        [1.1981e-03],
        [9.9930e-01],
        [9.9880e-01],
        [4.3948e-09],
        [8.9509e-04]], device='cuda:0', grad_fn=<SigmoidBackward0>)
Epoch [93/100], T_AUC: [4m0.9411[0m
Epoch [93/100], Loss: 41.3688
val_Accuracy: [92m0.7302[0m
val_Precision: [4;34m0.7335[0m,               val_Recall: [4;33m0.7089[0m,                 val_F1 Score: [4;35m0.7163[0m
æ ‡ç­¾é‡Œ1çš„ä¸ªæ•°:  430
æ ‡ç­¾é‡Œ0çš„ä¸ªæ•°:  430
æ€»æ•°:  860
æ­£ç¡®çš„ä¸ªæ•°:  628
Epoch [93/100], V_AUC: [4m0.7255[0m
Epoch [94/100], Loss: 18.8449
train_Accuracy: [91m0.9407[0m
train_Precision: [4;34m0.9259[0m,               train_Recall: [4;33m0.9578[0m,                 train_F1 Score: [4;35m0.9396[0m
æ ‡ç­¾é‡Œ1çš„ä¸ªæ•°:  2150
æ ‡ç­¾é‡Œ0çš„ä¸ªæ•°:  2150
æ€»æ•°:  4300
æ­£ç¡®çš„ä¸ªæ•°:  4045
æœ€åä¸€ä¸ªæ‰¹æ¬¡çš„è¾“å‡º, ä¸æ»¡batchsizeæ˜¯æ­£å¸¸çš„:
 tensor([[9.9563e-01],
        [9.8541e-01],
        [9.9982e-01],
        [1.2670e-03],
        [1.0000e+00],
        [6.2347e-03],
        [3.3652e-05],
        [2.1883e-04],
        [9.9899e-01],
        [9.9920e-01],
        [2.2679e-07],
        [9.6631e-04]], device='cuda:0', grad_fn=<SigmoidBackward0>)
Epoch [94/100], T_AUC: [4m0.9422[0m
Epoch [94/100], Loss: 47.2361
val_Accuracy: [92m0.7407[0m
val_Precision: [4;34m0.7500[0m,               val_Recall: [4;33m0.7142[0m,                 val_F1 Score: [4;35m0.7259[0m
æ ‡ç­¾é‡Œ1çš„ä¸ªæ•°:  430
æ ‡ç­¾é‡Œ0çš„ä¸ªæ•°:  430
æ€»æ•°:  860
æ­£ç¡®çš„ä¸ªæ•°:  637
Epoch [94/100], V_AUC: [4m0.7361[0m
Epoch [95/100], Loss: 18.8783
train_Accuracy: [91m0.9414[0m
train_Precision: [4;34m0.9326[0m,               train_Recall: [4;33m0.9552[0m,                 train_F1 Score: [4;35m0.9413[0m
æ ‡ç­¾é‡Œ1çš„ä¸ªæ•°:  2150
æ ‡ç­¾é‡Œ0çš„ä¸ªæ•°:  2150
æ€»æ•°:  4300
æ­£ç¡®çš„ä¸ªæ•°:  4048
æœ€åä¸€ä¸ªæ‰¹æ¬¡çš„è¾“å‡º, ä¸æ»¡batchsizeæ˜¯æ­£å¸¸çš„:
 tensor([[9.1918e-01],
        [9.6365e-01],
        [9.9979e-01],
        [1.4044e-02],
        [1.0000e+00],
        [1.6328e-02],
        [3.6269e-05],
        [4.9369e-04],
        [9.9886e-01],
        [9.9995e-01],
        [1.9048e-06],
        [1.2839e-04]], device='cuda:0', grad_fn=<SigmoidBackward0>)
Epoch [95/100], T_AUC: [4m0.9448[0m
Epoch [95/100], Loss: 48.3972
val_Accuracy: [92m0.7256[0m
val_Precision: [4;34m0.7452[0m,               val_Recall: [4;33m0.6847[0m,                 val_F1 Score: [4;35m0.7076[0m
æ ‡ç­¾é‡Œ1çš„ä¸ªæ•°:  430
æ ‡ç­¾é‡Œ0çš„ä¸ªæ•°:  430
æ€»æ•°:  860
æ­£ç¡®çš„ä¸ªæ•°:  624
Epoch [95/100], V_AUC: [4m0.7218[0m
Epoch [96/100], Loss: 20.2414
train_Accuracy: [91m0.9349[0m
train_Precision: [4;34m0.9231[0m,               train_Recall: [4;33m0.9513[0m,                 train_F1 Score: [4;35m0.9345[0m
æ ‡ç­¾é‡Œ1çš„ä¸ªæ•°:  2150
æ ‡ç­¾é‡Œ0çš„ä¸ªæ•°:  2150
æ€»æ•°:  4300
æ­£ç¡®çš„ä¸ªæ•°:  4020
æœ€åä¸€ä¸ªæ‰¹æ¬¡çš„è¾“å‡º, ä¸æ»¡batchsizeæ˜¯æ­£å¸¸çš„:
 tensor([[9.9408e-01],
        [9.8902e-01],
        [9.9930e-01],
        [2.6865e-03],
        [1.0000e+00],
        [1.8018e-02],
        [8.2997e-06],
        [3.3016e-02],
        [9.9897e-01],
        [9.9842e-01],
        [1.3213e-07],
        [1.7673e-04]], device='cuda:0', grad_fn=<SigmoidBackward0>)
Epoch [96/100], T_AUC: [4m0.9381[0m
Epoch [96/100], Loss: 47.0141
val_Accuracy: [92m0.7407[0m
val_Precision: [4;34m0.7441[0m,               val_Recall: [4;33m0.7274[0m,                 val_F1 Score: [4;35m0.7293[0m
æ ‡ç­¾é‡Œ1çš„ä¸ªæ•°:  430
æ ‡ç­¾é‡Œ0çš„ä¸ªæ•°:  430
æ€»æ•°:  860
æ­£ç¡®çš„ä¸ªæ•°:  637
Epoch [96/100], V_AUC: [4m0.7375[0m
Epoch [97/100], Loss: 19.9940
train_Accuracy: [91m0.9360[0m
train_Precision: [4;34m0.9259[0m,               train_Recall: [4;33m0.9514[0m,                 train_F1 Score: [4;35m0.9362[0m
æ ‡ç­¾é‡Œ1çš„ä¸ªæ•°:  2150
æ ‡ç­¾é‡Œ0çš„ä¸ªæ•°:  2150
æ€»æ•°:  4300
æ­£ç¡®çš„ä¸ªæ•°:  4025
æœ€åä¸€ä¸ªæ‰¹æ¬¡çš„è¾“å‡º, ä¸æ»¡batchsizeæ˜¯æ­£å¸¸çš„:
 tensor([[9.9847e-01],
        [9.9808e-01],
        [9.9980e-01],
        [7.6014e-04],
        [9.9996e-01],
        [3.1730e-06],
        [5.8428e-03],
        [3.4957e-03],
        [9.9998e-01],
        [9.9998e-01],
        [3.1739e-09],
        [1.9556e-02]], device='cuda:0', grad_fn=<SigmoidBackward0>)
Epoch [97/100], T_AUC: [4m0.9379[0m
Epoch [97/100], Loss: 48.1101
val_Accuracy: [92m0.7326[0m
val_Precision: [4;34m0.7375[0m,               val_Recall: [4;33m0.7137[0m,                 val_F1 Score: [4;35m0.7212[0m
æ ‡ç­¾é‡Œ1çš„ä¸ªæ•°:  430
æ ‡ç­¾é‡Œ0çš„ä¸ªæ•°:  430
æ€»æ•°:  860
æ­£ç¡®çš„ä¸ªæ•°:  630
Epoch [97/100], V_AUC: [4m0.7302[0m
Epoch [98/100], Loss: 23.1477
train_Accuracy: [91m0.9256[0m
train_Precision: [4;34m0.9176[0m,               train_Recall: [4;33m0.9390[0m,                 train_F1 Score: [4;35m0.9253[0m
æ ‡ç­¾é‡Œ1çš„ä¸ªæ•°:  2150
æ ‡ç­¾é‡Œ0çš„ä¸ªæ•°:  2150
æ€»æ•°:  4300
æ­£ç¡®çš„ä¸ªæ•°:  3980
æœ€åä¸€ä¸ªæ‰¹æ¬¡çš„è¾“å‡º, ä¸æ»¡batchsizeæ˜¯æ­£å¸¸çš„:
 tensor([[9.6278e-01],
        [9.7237e-01],
        [9.9718e-01],
        [4.6193e-01],
        [1.0000e+00],
        [1.8511e-01],
        [2.0708e-05],
        [1.0003e-02],
        [9.9263e-01],
        [9.9999e-01],
        [6.3889e-08],
        [7.6052e-04]], device='cuda:0', grad_fn=<SigmoidBackward0>)
Epoch [98/100], T_AUC: [4m0.9286[0m
Epoch [98/100], Loss: 47.3087
val_Accuracy: [92m0.7244[0m
val_Precision: [4;34m0.7369[0m,               val_Recall: [4;33m0.6919[0m,                 val_F1 Score: [4;35m0.7079[0m
æ ‡ç­¾é‡Œ1çš„ä¸ªæ•°:  430
æ ‡ç­¾é‡Œ0çš„ä¸ªæ•°:  430
æ€»æ•°:  860
æ­£ç¡®çš„ä¸ªæ•°:  623
Epoch [98/100], V_AUC: [4m0.7221[0m
Epoch [99/100], Loss: 20.4747
train_Accuracy: [91m0.9391[0m
train_Precision: [4;34m0.9299[0m,               train_Recall: [4;33m0.9521[0m,                 train_F1 Score: [4;35m0.9381[0m
æ ‡ç­¾é‡Œ1çš„ä¸ªæ•°:  2150
æ ‡ç­¾é‡Œ0çš„ä¸ªæ•°:  2150
æ€»æ•°:  4300
æ­£ç¡®çš„ä¸ªæ•°:  4038
æœ€åä¸€ä¸ªæ‰¹æ¬¡çš„è¾“å‡º, ä¸æ»¡batchsizeæ˜¯æ­£å¸¸çš„:
 tensor([[9.9878e-01],
        [9.9827e-01],
        [9.9931e-01],
        [2.0492e-04],
        [1.0000e+00],
        [1.6908e-01],
        [1.2973e-05],
        [3.2213e-01],
        [9.9273e-01],
        [9.9790e-01],
        [2.9745e-08],
        [6.6292e-04]], device='cuda:0', grad_fn=<SigmoidBackward0>)
Epoch [99/100], T_AUC: [4m0.9423[0m
Epoch [99/100], Loss: 47.6579
val_Accuracy: [92m0.7488[0m
val_Precision: [4;34m0.7522[0m,               val_Recall: [4;33m0.7294[0m,                 val_F1 Score: [4;35m0.7349[0m
æ ‡ç­¾é‡Œ1çš„ä¸ªæ•°:  430
æ ‡ç­¾é‡Œ0çš„ä¸ªæ•°:  430
æ€»æ•°:  860
æ­£ç¡®çš„ä¸ªæ•°:  644
Epoch [99/100], V_AUC: [4m0.7424[0m
Epoch [100/100], Loss: 18.1687
train_Accuracy: [91m0.9470[0m
train_Precision: [4;34m0.9394[0m,               train_Recall: [4;33m0.9577[0m,                 train_F1 Score: [4;35m0.9460[0m
æ ‡ç­¾é‡Œ1çš„ä¸ªæ•°:  2150
æ ‡ç­¾é‡Œ0çš„ä¸ªæ•°:  2150
æ€»æ•°:  4300
æ­£ç¡®çš„ä¸ªæ•°:  4072
æœ€åä¸€ä¸ªæ‰¹æ¬¡çš„è¾“å‡º, ä¸æ»¡batchsizeæ˜¯æ­£å¸¸çš„:
 tensor([[9.9785e-01],
        [9.9323e-01],
        [9.9991e-01],
        [8.3609e-04],
        [1.0000e+00],
        [1.0421e-01],
        [4.9220e-06],
        [2.7354e-03],
        [9.9623e-01],
        [9.9993e-01],
        [1.8780e-07],
        [2.7709e-03]], device='cuda:0', grad_fn=<SigmoidBackward0>)
Epoch [100/100], T_AUC: [4m0.9495[0m
Epoch [100/100], Loss: 55.6704
val_Accuracy: [92m0.7395[0m
val_Precision: [4;34m0.7406[0m,               val_Recall: [4;33m0.7241[0m,                 val_F1 Score: [4;35m0.7273[0m
æ ‡ç­¾é‡Œ1çš„ä¸ªæ•°:  430
æ ‡ç­¾é‡Œ0çš„ä¸ªæ•°:  430
æ€»æ•°:  860
æ­£ç¡®çš„ä¸ªæ•°:  636
Epoch [100/100], V_AUC: [4m0.7350[0m
ç¬¬0æ‰¹ç¬¬2ä¸ª, 100
ç¬¬0æ‰¹ç¬¬15ä¸ª, 100
ç¬¬1æ‰¹ç¬¬0ä¸ª, 100
ç¬¬1æ‰¹ç¬¬29ä¸ª, 100
ç¬¬1æ‰¹ç¬¬30ä¸ª, 100
send email successfully
