2024-06-25-19:10:12
1æ’åº128-0.4
åˆ›å»ºæ¨¡å‹å®ä¾‹
æ¨¡å‹å®ä¾‹åˆ›å»ºå®Œæˆ
åŠ è½½é¢„è®­ç»ƒå‚æ•°
é¢„è®­ç»ƒå‚æ•°åŠ è½½å®Œæˆ
Epoch [1/100], Loss: 60.5801
train_Accuracy: [91m0.7984[0m
train_Precision: [4;34m0.7934[0m,               train_Recall: [4;33m0.8222[0m,                 train_F1 Score: [4;35m0.8011[0m
æ ‡ç­¾é‡Œ1çš„ä¸ªæ•°:  2150
æ ‡ç­¾é‡Œ0çš„ä¸ªæ•°:  2150
æ€»æ•°:  4300
æ­£ç¡®çš„ä¸ªæ•°:  3433
æœ€åä¸€ä¸ªæ‰¹æ¬¡çš„è¾“å‡º, ä¸æ»¡batchsizeæ˜¯æ­£å¸¸çš„:
 tensor([[0.9352],
        [0.8706],
        [0.9767],
        [0.1656],
        [0.7657],
        [0.1566],
        [0.5431],
        [0.2862],
        [0.4396],
        [0.9028],
        [0.0264],
        [0.0487]], device='cuda:0', grad_fn=<SigmoidBackward0>)
Epoch [1/100], T_AUC: [4m0.8053[0m
Epoch [1/100], Loss: 13.7519
val_Accuracy: [92m0.7895[0m
val_Precision: [4;34m0.7874[0m,               val_Recall: [4;33m0.7826[0m,                 val_F1 Score: [4;35m0.7803[0m
æ ‡ç­¾é‡Œ1çš„ä¸ªæ•°:  430
æ ‡ç­¾é‡Œ0çš„ä¸ªæ•°:  430
æ€»æ•°:  860
æ­£ç¡®çš„ä¸ªæ•°:  679
Epoch [1/100], V_AUC: [4m0.7870[0m
Epoch [2/100], Loss: 59.1983
train_Accuracy: [91m0.8042[0m
train_Precision: [4;34m0.7999[0m,               train_Recall: [4;33m0.8227[0m,                 train_F1 Score: [4;35m0.8050[0m
æ ‡ç­¾é‡Œ1çš„ä¸ªæ•°:  2150
æ ‡ç­¾é‡Œ0çš„ä¸ªæ•°:  2150
æ€»æ•°:  4300
æ­£ç¡®çš„ä¸ªæ•°:  3458
æœ€åä¸€ä¸ªæ‰¹æ¬¡çš„è¾“å‡º, ä¸æ»¡batchsizeæ˜¯æ­£å¸¸çš„:
 tensor([[0.9239],
        [0.8561],
        [0.9750],
        [0.1608],
        [0.7398],
        [0.1453],
        [0.5510],
        [0.3120],
        [0.4680],
        [0.9002],
        [0.0302],
        [0.0638]], device='cuda:0', grad_fn=<SigmoidBackward0>)
Epoch [2/100], T_AUC: [4m0.8112[0m
Epoch [2/100], Loss: 13.6369
val_Accuracy: [92m0.7919[0m
val_Precision: [4;34m0.7934[0m,               val_Recall: [4;33m0.7806[0m,                 val_F1 Score: [4;35m0.7819[0m
æ ‡ç­¾é‡Œ1çš„ä¸ªæ•°:  430
æ ‡ç­¾é‡Œ0çš„ä¸ªæ•°:  430
æ€»æ•°:  860
æ­£ç¡®çš„ä¸ªæ•°:  681
Epoch [2/100], V_AUC: [4m0.7893[0m
Epoch [3/100], Loss: 58.9312
train_Accuracy: [91m0.8058[0m
train_Precision: [4;34m0.7999[0m,               train_Recall: [4;33m0.8265[0m,                 train_F1 Score: [4;35m0.8070[0m
æ ‡ç­¾é‡Œ1çš„ä¸ªæ•°:  2150
æ ‡ç­¾é‡Œ0çš„ä¸ªæ•°:  2150
æ€»æ•°:  4300
æ­£ç¡®çš„ä¸ªæ•°:  3465
æœ€åä¸€ä¸ªæ‰¹æ¬¡çš„è¾“å‡º, ä¸æ»¡batchsizeæ˜¯æ­£å¸¸çš„:
 tensor([[0.9099],
        [0.8507],
        [0.9659],
        [0.1632],
        [0.7604],
        [0.1430],
        [0.5472],
        [0.3154],
        [0.4821],
        [0.8908],
        [0.0396],
        [0.0691]], device='cuda:0', grad_fn=<SigmoidBackward0>)
Epoch [3/100], T_AUC: [4m0.8126[0m
Epoch [3/100], Loss: 13.5773
val_Accuracy: [92m0.7977[0m
val_Precision: [4;34m0.8074[0m,               val_Recall: [4;33m0.7733[0m,                 val_F1 Score: [4;35m0.7845[0m
æ ‡ç­¾é‡Œ1çš„ä¸ªæ•°:  430
æ ‡ç­¾é‡Œ0çš„ä¸ªæ•°:  430
æ€»æ•°:  860
æ­£ç¡®çš„ä¸ªæ•°:  686
Epoch [3/100], V_AUC: [4m0.7952[0m
Epoch [4/100], Loss: 58.7469
train_Accuracy: [91m0.8077[0m
train_Precision: [4;34m0.8032[0m,               train_Recall: [4;33m0.8240[0m,                 train_F1 Score: [4;35m0.8080[0m
æ ‡ç­¾é‡Œ1çš„ä¸ªæ•°:  2150
æ ‡ç­¾é‡Œ0çš„ä¸ªæ•°:  2150
æ€»æ•°:  4300
æ­£ç¡®çš„ä¸ªæ•°:  3473
æœ€åä¸€ä¸ªæ‰¹æ¬¡çš„è¾“å‡º, ä¸æ»¡batchsizeæ˜¯æ­£å¸¸çš„:
 tensor([[0.9031],
        [0.8533],
        [0.9581],
        [0.1493],
        [0.7622],
        [0.1350],
        [0.5606],
        [0.3532],
        [0.5014],
        [0.8888],
        [0.0415],
        [0.0739]], device='cuda:0', grad_fn=<SigmoidBackward0>)
Epoch [4/100], T_AUC: [4m0.8139[0m
Epoch [4/100], Loss: 13.5186
val_Accuracy: [92m0.7965[0m
val_Precision: [4;34m0.8039[0m,               val_Recall: [4;33m0.7752[0m,                 val_F1 Score: [4;35m0.7840[0m
æ ‡ç­¾é‡Œ1çš„ä¸ªæ•°:  430
æ ‡ç­¾é‡Œ0çš„ä¸ªæ•°:  430
æ€»æ•°:  860
æ­£ç¡®çš„ä¸ªæ•°:  685
Epoch [4/100], V_AUC: [4m0.7938[0m
Epoch [5/100], Loss: 58.6216
train_Accuracy: [91m0.8044[0m
train_Precision: [4;34m0.7973[0m,               train_Recall: [4;33m0.8259[0m,                 train_F1 Score: [4;35m0.8058[0m
æ ‡ç­¾é‡Œ1çš„ä¸ªæ•°:  2150
æ ‡ç­¾é‡Œ0çš„ä¸ªæ•°:  2150
æ€»æ•°:  4300
æ­£ç¡®çš„ä¸ªæ•°:  3459
æœ€åä¸€ä¸ªæ‰¹æ¬¡çš„è¾“å‡º, ä¸æ»¡batchsizeæ˜¯æ­£å¸¸çš„:
 tensor([[0.9030],
        [0.8523],
        [0.9529],
        [0.1446],
        [0.7724],
        [0.1343],
        [0.5399],
        [0.3661],
        [0.4960],
        [0.8805],
        [0.0452],
        [0.0810]], device='cuda:0', grad_fn=<SigmoidBackward0>)
Epoch [5/100], T_AUC: [4m0.8109[0m
Epoch [5/100], Loss: 13.4757
val_Accuracy: [92m0.7919[0m
val_Precision: [4;34m0.7981[0m,               val_Recall: [4;33m0.7740[0m,                 val_F1 Score: [4;35m0.7803[0m
æ ‡ç­¾é‡Œ1çš„ä¸ªæ•°:  430
æ ‡ç­¾é‡Œ0çš„ä¸ªæ•°:  430
æ€»æ•°:  860
æ­£ç¡®çš„ä¸ªæ•°:  681
Epoch [5/100], V_AUC: [4m0.7894[0m
Epoch [6/100], Loss: 58.5028
train_Accuracy: [91m0.8060[0m
train_Precision: [4;34m0.7996[0m,               train_Recall: [4;33m0.8267[0m,                 train_F1 Score: [4;35m0.8074[0m
æ ‡ç­¾é‡Œ1çš„ä¸ªæ•°:  2150
æ ‡ç­¾é‡Œ0çš„ä¸ªæ•°:  2150
æ€»æ•°:  4300
æ­£ç¡®çš„ä¸ªæ•°:  3466
æœ€åä¸€ä¸ªæ‰¹æ¬¡çš„è¾“å‡º, ä¸æ»¡batchsizeæ˜¯æ­£å¸¸çš„:
 tensor([[0.8988],
        [0.8533],
        [0.9540],
        [0.1477],
        [0.7684],
        [0.1335],
        [0.5419],
        [0.3763],
        [0.4990],
        [0.8740],
        [0.0482],
        [0.0768]], device='cuda:0', grad_fn=<SigmoidBackward0>)
Epoch [6/100], T_AUC: [4m0.8124[0m
Epoch [6/100], Loss: 13.5520
val_Accuracy: [92m0.7930[0m
val_Precision: [4;34m0.8009[0m,               val_Recall: [4;33m0.7712[0m,                 val_F1 Score: [4;35m0.7808[0m
æ ‡ç­¾é‡Œ1çš„ä¸ªæ•°:  430
æ ‡ç­¾é‡Œ0çš„ä¸ªæ•°:  430
æ€»æ•°:  860
æ­£ç¡®çš„ä¸ªæ•°:  682
Epoch [6/100], V_AUC: [4m0.7902[0m
Epoch [7/100], Loss: 58.2118
train_Accuracy: [91m0.8072[0m
train_Precision: [4;34m0.8007[0m,               train_Recall: [4;33m0.8289[0m,                 train_F1 Score: [4;35m0.8087[0m
æ ‡ç­¾é‡Œ1çš„ä¸ªæ•°:  2150
æ ‡ç­¾é‡Œ0çš„ä¸ªæ•°:  2150
æ€»æ•°:  4300
æ­£ç¡®çš„ä¸ªæ•°:  3471
æœ€åä¸€ä¸ªæ‰¹æ¬¡çš„è¾“å‡º, ä¸æ»¡batchsizeæ˜¯æ­£å¸¸çš„:
 tensor([[0.8939],
        [0.8598],
        [0.9569],
        [0.1539],
        [0.7636],
        [0.1305],
        [0.5386],
        [0.3576],
        [0.5134],
        [0.8727],
        [0.0455],
        [0.0752]], device='cuda:0', grad_fn=<SigmoidBackward0>)
Epoch [7/100], T_AUC: [4m0.8138[0m
Epoch [7/100], Loss: 13.6618
val_Accuracy: [92m0.7942[0m
val_Precision: [4;34m0.8029[0m,               val_Recall: [4;33m0.7711[0m,                 val_F1 Score: [4;35m0.7814[0m
æ ‡ç­¾é‡Œ1çš„ä¸ªæ•°:  430
æ ‡ç­¾é‡Œ0çš„ä¸ªæ•°:  430
æ€»æ•°:  860
æ­£ç¡®çš„ä¸ªæ•°:  683
Epoch [7/100], V_AUC: [4m0.7914[0m
Epoch [8/100], Loss: 58.1935
train_Accuracy: [91m0.8081[0m
train_Precision: [4;34m0.8008[0m,               train_Recall: [4;33m0.8306[0m,                 train_F1 Score: [4;35m0.8098[0m
æ ‡ç­¾é‡Œ1çš„ä¸ªæ•°:  2150
æ ‡ç­¾é‡Œ0çš„ä¸ªæ•°:  2150
æ€»æ•°:  4300
æ­£ç¡®çš„ä¸ªæ•°:  3475
æœ€åä¸€ä¸ªæ‰¹æ¬¡çš„è¾“å‡º, ä¸æ»¡batchsizeæ˜¯æ­£å¸¸çš„:
 tensor([[0.9000],
        [0.8419],
        [0.9442],
        [0.1554],
        [0.7890],
        [0.1243],
        [0.5590],
        [0.3877],
        [0.5181],
        [0.8854],
        [0.0413],
        [0.0709]], device='cuda:0', grad_fn=<SigmoidBackward0>)
Epoch [8/100], T_AUC: [4m0.8147[0m
Epoch [8/100], Loss: 13.5846
val_Accuracy: [92m0.7965[0m
val_Precision: [4;34m0.8044[0m,               val_Recall: [4;33m0.7740[0m,                 val_F1 Score: [4;35m0.7839[0m
æ ‡ç­¾é‡Œ1çš„ä¸ªæ•°:  430
æ ‡ç­¾é‡Œ0çš„ä¸ªæ•°:  430
æ€»æ•°:  860
æ­£ç¡®çš„ä¸ªæ•°:  685
Epoch [8/100], V_AUC: [4m0.7937[0m
Epoch [9/100], Loss: 57.9861
train_Accuracy: [91m0.8086[0m
train_Precision: [4;34m0.8025[0m,               train_Recall: [4;33m0.8297[0m,                 train_F1 Score: [4;35m0.8103[0m
æ ‡ç­¾é‡Œ1çš„ä¸ªæ•°:  2150
æ ‡ç­¾é‡Œ0çš„ä¸ªæ•°:  2150
æ€»æ•°:  4300
æ­£ç¡®çš„ä¸ªæ•°:  3477
æœ€åä¸€ä¸ªæ‰¹æ¬¡çš„è¾“å‡º, ä¸æ»¡batchsizeæ˜¯æ­£å¸¸çš„:
 tensor([[0.8902],
        [0.8418],
        [0.9551],
        [0.1436],
        [0.7921],
        [0.1138],
        [0.5383],
        [0.3851],
        [0.5079],
        [0.8816],
        [0.0435],
        [0.0746]], device='cuda:0', grad_fn=<SigmoidBackward0>)
Epoch [9/100], T_AUC: [4m0.8147[0m
Epoch [9/100], Loss: 13.7443
val_Accuracy: [92m0.7953[0m
val_Precision: [4;34m0.8056[0m,               val_Recall: [4;33m0.7685[0m,                 val_F1 Score: [4;35m0.7819[0m
æ ‡ç­¾é‡Œ1çš„ä¸ªæ•°:  430
æ ‡ç­¾é‡Œ0çš„ä¸ªæ•°:  430
æ€»æ•°:  860
æ­£ç¡®çš„ä¸ªæ•°:  684
Epoch [9/100], V_AUC: [4m0.7920[0m
Epoch [10/100], Loss: 57.8378
train_Accuracy: [91m0.8098[0m
train_Precision: [4;34m0.8021[0m,               train_Recall: [4;33m0.8320[0m,                 train_F1 Score: [4;35m0.8114[0m
æ ‡ç­¾é‡Œ1çš„ä¸ªæ•°:  2150
æ ‡ç­¾é‡Œ0çš„ä¸ªæ•°:  2150
æ€»æ•°:  4300
æ­£ç¡®çš„ä¸ªæ•°:  3482
æœ€åä¸€ä¸ªæ‰¹æ¬¡çš„è¾“å‡º, ä¸æ»¡batchsizeæ˜¯æ­£å¸¸çš„:
 tensor([[0.8942],
        [0.8454],
        [0.9583],
        [0.1321],
        [0.7963],
        [0.1004],
        [0.5426],
        [0.3721],
        [0.5198],
        [0.8809],
        [0.0496],
        [0.0777]], device='cuda:0', grad_fn=<SigmoidBackward0>)
Epoch [10/100], T_AUC: [4m0.8158[0m
Epoch [10/100], Loss: 13.7609
val_Accuracy: [92m0.7884[0m
val_Precision: [4;34m0.7978[0m,               val_Recall: [4;33m0.7620[0m,                 val_F1 Score: [4;35m0.7746[0m
æ ‡ç­¾é‡Œ1çš„ä¸ªæ•°:  430
æ ‡ç­¾é‡Œ0çš„ä¸ªæ•°:  430
æ€»æ•°:  860
æ­£ç¡®çš„ä¸ªæ•°:  678
Epoch [10/100], V_AUC: [4m0.7857[0m
Epoch [11/100], Loss: 57.7851
train_Accuracy: [91m0.8107[0m
train_Precision: [4;34m0.8008[0m,               train_Recall: [4;33m0.8360[0m,                 train_F1 Score: [4;35m0.8127[0m
æ ‡ç­¾é‡Œ1çš„ä¸ªæ•°:  2150
æ ‡ç­¾é‡Œ0çš„ä¸ªæ•°:  2150
æ€»æ•°:  4300
æ­£ç¡®çš„ä¸ªæ•°:  3486
æœ€åä¸€ä¸ªæ‰¹æ¬¡çš„è¾“å‡º, ä¸æ»¡batchsizeæ˜¯æ­£å¸¸çš„:
 tensor([[0.8950],
        [0.8256],
        [0.9636],
        [0.1483],
        [0.7874],
        [0.1101],
        [0.5405],
        [0.4147],
        [0.5454],
        [0.8863],
        [0.0342],
        [0.0748]], device='cuda:0', grad_fn=<SigmoidBackward0>)
Epoch [11/100], T_AUC: [4m0.8159[0m
Epoch [11/100], Loss: 13.8065
val_Accuracy: [92m0.7860[0m
val_Precision: [4;34m0.7910[0m,               val_Recall: [4;33m0.7689[0m,                 val_F1 Score: [4;35m0.7745[0m
æ ‡ç­¾é‡Œ1çš„ä¸ªæ•°:  430
æ ‡ç­¾é‡Œ0çš„ä¸ªæ•°:  430
æ€»æ•°:  860
æ­£ç¡®çš„ä¸ªæ•°:  676
Epoch [11/100], V_AUC: [4m0.7833[0m
Epoch [12/100], Loss: 57.6443
train_Accuracy: [91m0.8133[0m
train_Precision: [4;34m0.8033[0m,               train_Recall: [4;33m0.8379[0m,                 train_F1 Score: [4;35m0.8149[0m
æ ‡ç­¾é‡Œ1çš„ä¸ªæ•°:  2150
æ ‡ç­¾é‡Œ0çš„ä¸ªæ•°:  2150
æ€»æ•°:  4300
æ­£ç¡®çš„ä¸ªæ•°:  3497
æœ€åä¸€ä¸ªæ‰¹æ¬¡çš„è¾“å‡º, ä¸æ»¡batchsizeæ˜¯æ­£å¸¸çš„:
 tensor([[0.8887],
        [0.8129],
        [0.9662],
        [0.1266],
        [0.8034],
        [0.0971],
        [0.5423],
        [0.4137],
        [0.5685],
        [0.8799],
        [0.0430],
        [0.0711]], device='cuda:0', grad_fn=<SigmoidBackward0>)
Epoch [12/100], T_AUC: [4m0.8183[0m
Epoch [12/100], Loss: 14.0456
val_Accuracy: [92m0.7919[0m
val_Precision: [4;34m0.8005[0m,               val_Recall: [4;33m0.7663[0m,                 val_F1 Score: [4;35m0.7782[0m
æ ‡ç­¾é‡Œ1çš„ä¸ªæ•°:  430
æ ‡ç­¾é‡Œ0çš„ä¸ªæ•°:  430
æ€»æ•°:  860
æ­£ç¡®çš„ä¸ªæ•°:  681
Epoch [12/100], V_AUC: [4m0.7894[0m
Epoch [13/100], Loss: 57.4772
train_Accuracy: [91m0.8100[0m
train_Precision: [4;34m0.8008[0m,               train_Recall: [4;33m0.8337[0m,                 train_F1 Score: [4;35m0.8114[0m
æ ‡ç­¾é‡Œ1çš„ä¸ªæ•°:  2150
æ ‡ç­¾é‡Œ0çš„ä¸ªæ•°:  2150
æ€»æ•°:  4300
æ­£ç¡®çš„ä¸ªæ•°:  3483
æœ€åä¸€ä¸ªæ‰¹æ¬¡çš„è¾“å‡º, ä¸æ»¡batchsizeæ˜¯æ­£å¸¸çš„:
 tensor([[0.8763],
        [0.7837],
        [0.9710],
        [0.1341],
        [0.8250],
        [0.0935],
        [0.5432],
        [0.4190],
        [0.5830],
        [0.8798],
        [0.0368],
        [0.0795]], device='cuda:0', grad_fn=<SigmoidBackward0>)
Epoch [13/100], T_AUC: [4m0.8150[0m
Epoch [13/100], Loss: 13.8605
val_Accuracy: [92m0.7860[0m
val_Precision: [4;34m0.7890[0m,               val_Recall: [4;33m0.7712[0m,                 val_F1 Score: [4;35m0.7745[0m
æ ‡ç­¾é‡Œ1çš„ä¸ªæ•°:  430
æ ‡ç­¾é‡Œ0çš„ä¸ªæ•°:  430
æ€»æ•°:  860
æ­£ç¡®çš„ä¸ªæ•°:  676
Epoch [13/100], V_AUC: [4m0.7838[0m
Epoch [14/100], Loss: 57.4802
train_Accuracy: [91m0.8107[0m
train_Precision: [4;34m0.8019[0m,               train_Recall: [4;33m0.8328[0m,                 train_F1 Score: [4;35m0.8114[0m
æ ‡ç­¾é‡Œ1çš„ä¸ªæ•°:  2150
æ ‡ç­¾é‡Œ0çš„ä¸ªæ•°:  2150
æ€»æ•°:  4300
æ­£ç¡®çš„ä¸ªæ•°:  3486
æœ€åä¸€ä¸ªæ‰¹æ¬¡çš„è¾“å‡º, ä¸æ»¡batchsizeæ˜¯æ­£å¸¸çš„:
 tensor([[0.8726],
        [0.7978],
        [0.9640],
        [0.1294],
        [0.8114],
        [0.0844],
        [0.5558],
        [0.4284],
        [0.6138],
        [0.8806],
        [0.0377],
        [0.0832]], device='cuda:0', grad_fn=<SigmoidBackward0>)
Epoch [14/100], T_AUC: [4m0.8161[0m
Epoch [14/100], Loss: 13.6242
val_Accuracy: [92m0.7860[0m
val_Precision: [4;34m0.7900[0m,               val_Recall: [4;33m0.7719[0m,                 val_F1 Score: [4;35m0.7755[0m
æ ‡ç­¾é‡Œ1çš„ä¸ªæ•°:  430
æ ‡ç­¾é‡Œ0çš„ä¸ªæ•°:  430
æ€»æ•°:  860
æ­£ç¡®çš„ä¸ªæ•°:  676
Epoch [14/100], V_AUC: [4m0.7842[0m
Epoch [15/100], Loss: 57.4210
train_Accuracy: [91m0.8140[0m
train_Precision: [4;34m0.8055[0m,               train_Recall: [4;33m0.8360[0m,                 train_F1 Score: [4;35m0.8148[0m
æ ‡ç­¾é‡Œ1çš„ä¸ªæ•°:  2150
æ ‡ç­¾é‡Œ0çš„ä¸ªæ•°:  2150
æ€»æ•°:  4300
æ­£ç¡®çš„ä¸ªæ•°:  3500
æœ€åä¸€ä¸ªæ‰¹æ¬¡çš„è¾“å‡º, ä¸æ»¡batchsizeæ˜¯æ­£å¸¸çš„:
 tensor([[0.8889],
        [0.8021],
        [0.9644],
        [0.1244],
        [0.8205],
        [0.0802],
        [0.5593],
        [0.4007],
        [0.6038],
        [0.8818],
        [0.0343],
        [0.0877]], device='cuda:0', grad_fn=<SigmoidBackward0>)
Epoch [15/100], T_AUC: [4m0.8192[0m
Epoch [15/100], Loss: 13.8651
val_Accuracy: [92m0.7860[0m
val_Precision: [4;34m0.7905[0m,               val_Recall: [4;33m0.7685[0m,                 val_F1 Score: [4;35m0.7737[0m
æ ‡ç­¾é‡Œ1çš„ä¸ªæ•°:  430
æ ‡ç­¾é‡Œ0çš„ä¸ªæ•°:  430
æ€»æ•°:  860
æ­£ç¡®çš„ä¸ªæ•°:  676
Epoch [15/100], V_AUC: [4m0.7838[0m
Epoch [16/100], Loss: 57.2825
train_Accuracy: [91m0.8135[0m
train_Precision: [4;34m0.8060[0m,               train_Recall: [4;33m0.8344[0m,                 train_F1 Score: [4;35m0.8144[0m
æ ‡ç­¾é‡Œ1çš„ä¸ªæ•°:  2150
æ ‡ç­¾é‡Œ0çš„ä¸ªæ•°:  2150
æ€»æ•°:  4300
æ­£ç¡®çš„ä¸ªæ•°:  3498
æœ€åä¸€ä¸ªæ‰¹æ¬¡çš„è¾“å‡º, ä¸æ»¡batchsizeæ˜¯æ­£å¸¸çš„:
 tensor([[0.8896],
        [0.8166],
        [0.9637],
        [0.1271],
        [0.8284],
        [0.0803],
        [0.5520],
        [0.4111],
        [0.6043],
        [0.8803],
        [0.0339],
        [0.0869]], device='cuda:0', grad_fn=<SigmoidBackward0>)
Epoch [16/100], T_AUC: [4m0.8187[0m
Epoch [16/100], Loss: 13.8123
val_Accuracy: [92m0.7895[0m
val_Precision: [4;34m0.7959[0m,               val_Recall: [4;33m0.7719[0m,                 val_F1 Score: [4;35m0.7784[0m
æ ‡ç­¾é‡Œ1çš„ä¸ªæ•°:  430
æ ‡ç­¾é‡Œ0çš„ä¸ªæ•°:  430
æ€»æ•°:  860
æ­£ç¡®çš„ä¸ªæ•°:  679
Epoch [16/100], V_AUC: [4m0.7878[0m
Epoch [17/100], Loss: 57.2070
train_Accuracy: [91m0.8149[0m
train_Precision: [4;34m0.8080[0m,               train_Recall: [4;33m0.8357[0m,                 train_F1 Score: [4;35m0.8160[0m
æ ‡ç­¾é‡Œ1çš„ä¸ªæ•°:  2150
æ ‡ç­¾é‡Œ0çš„ä¸ªæ•°:  2150
æ€»æ•°:  4300
æ­£ç¡®çš„ä¸ªæ•°:  3504
æœ€åä¸€ä¸ªæ‰¹æ¬¡çš„è¾“å‡º, ä¸æ»¡batchsizeæ˜¯æ­£å¸¸çš„:
 tensor([[0.8910],
        [0.8237],
        [0.9674],
        [0.1164],
        [0.8296],
        [0.0805],
        [0.5374],
        [0.3819],
        [0.5818],
        [0.8833],
        [0.0394],
        [0.0823]], device='cuda:0', grad_fn=<SigmoidBackward0>)
Epoch [17/100], T_AUC: [4m0.8208[0m
Epoch [17/100], Loss: 14.1057
val_Accuracy: [92m0.7930[0m
val_Precision: [4;34m0.8038[0m,               val_Recall: [4;33m0.7636[0m,                 val_F1 Score: [4;35m0.7786[0m
æ ‡ç­¾é‡Œ1çš„ä¸ªæ•°:  430
æ ‡ç­¾é‡Œ0çš„ä¸ªæ•°:  430
æ€»æ•°:  860
æ­£ç¡®çš„ä¸ªæ•°:  682
Epoch [17/100], V_AUC: [4m0.7907[0m
Epoch [18/100], Loss: 57.0319
train_Accuracy: [91m0.8135[0m
train_Precision: [4;34m0.8066[0m,               train_Recall: [4;33m0.8339[0m,                 train_F1 Score: [4;35m0.8146[0m
æ ‡ç­¾é‡Œ1çš„ä¸ªæ•°:  2150
æ ‡ç­¾é‡Œ0çš„ä¸ªæ•°:  2150
æ€»æ•°:  4300
æ­£ç¡®çš„ä¸ªæ•°:  3498
æœ€åä¸€ä¸ªæ‰¹æ¬¡çš„è¾“å‡º, ä¸æ»¡batchsizeæ˜¯æ­£å¸¸çš„:
 tensor([[0.8857],
        [0.8345],
        [0.9652],
        [0.1137],
        [0.8402],
        [0.0760],
        [0.5350],
        [0.3699],
        [0.5851],
        [0.8915],
        [0.0367],
        [0.0923]], device='cuda:0', grad_fn=<SigmoidBackward0>)
Epoch [18/100], T_AUC: [4m0.8191[0m
Epoch [18/100], Loss: 14.2116
val_Accuracy: [92m0.7884[0m
val_Precision: [4;34m0.7975[0m,               val_Recall: [4;33m0.7610[0m,                 val_F1 Score: [4;35m0.7739[0m
æ ‡ç­¾é‡Œ1çš„ä¸ªæ•°:  430
æ ‡ç­¾é‡Œ0çš„ä¸ªæ•°:  430
æ€»æ•°:  860
æ­£ç¡®çš„ä¸ªæ•°:  678
Epoch [18/100], V_AUC: [4m0.7862[0m
Epoch [19/100], Loss: 56.9982
train_Accuracy: [91m0.8165[0m
train_Precision: [4;34m0.8105[0m,               train_Recall: [4;33m0.8353[0m,                 train_F1 Score: [4;35m0.8172[0m
æ ‡ç­¾é‡Œ1çš„ä¸ªæ•°:  2150
æ ‡ç­¾é‡Œ0çš„ä¸ªæ•°:  2150
æ€»æ•°:  4300
æ­£ç¡®çš„ä¸ªæ•°:  3511
æœ€åä¸€ä¸ªæ‰¹æ¬¡çš„è¾“å‡º, ä¸æ»¡batchsizeæ˜¯æ­£å¸¸çš„:
 tensor([[0.8804],
        [0.8347],
        [0.9694],
        [0.1112],
        [0.8488],
        [0.0802],
        [0.5141],
        [0.3612],
        [0.5749],
        [0.8919],
        [0.0415],
        [0.0887]], device='cuda:0', grad_fn=<SigmoidBackward0>)
Epoch [19/100], T_AUC: [4m0.8222[0m
Epoch [19/100], Loss: 14.2332
val_Accuracy: [92m0.7895[0m
val_Precision: [4;34m0.8036[0m,               val_Recall: [4;33m0.7540[0m,                 val_F1 Score: [4;35m0.7732[0m
æ ‡ç­¾é‡Œ1çš„ä¸ªæ•°:  430
æ ‡ç­¾é‡Œ0çš„ä¸ªæ•°:  430
æ€»æ•°:  860
æ­£ç¡®çš„ä¸ªæ•°:  679
Epoch [19/100], V_AUC: [4m0.7871[0m
Epoch [20/100], Loss: 57.0244
train_Accuracy: [91m0.8130[0m
train_Precision: [4;34m0.8060[0m,               train_Recall: [4;33m0.8334[0m,                 train_F1 Score: [4;35m0.8139[0m
æ ‡ç­¾é‡Œ1çš„ä¸ªæ•°:  2150
æ ‡ç­¾é‡Œ0çš„ä¸ªæ•°:  2150
æ€»æ•°:  4300
æ­£ç¡®çš„ä¸ªæ•°:  3496
æœ€åä¸€ä¸ªæ‰¹æ¬¡çš„è¾“å‡º, ä¸æ»¡batchsizeæ˜¯æ­£å¸¸çš„:
 tensor([[0.8839],
        [0.8332],
        [0.9658],
        [0.1222],
        [0.8376],
        [0.0779],
        [0.5182],
        [0.4038],
        [0.5720],
        [0.8830],
        [0.0352],
        [0.0898]], device='cuda:0', grad_fn=<SigmoidBackward0>)
Epoch [20/100], T_AUC: [4m0.8184[0m
Epoch [20/100], Loss: 13.9423
val_Accuracy: [92m0.7895[0m
val_Precision: [4;34m0.7995[0m,               val_Recall: [4;33m0.7644[0m,                 val_F1 Score: [4;35m0.7767[0m
æ ‡ç­¾é‡Œ1çš„ä¸ªæ•°:  430
æ ‡ç­¾é‡Œ0çš„ä¸ªæ•°:  430
æ€»æ•°:  860
æ­£ç¡®çš„ä¸ªæ•°:  679
Epoch [20/100], V_AUC: [4m0.7879[0m
Epoch [21/100], Loss: 57.0031
train_Accuracy: [91m0.8151[0m
train_Precision: [4;34m0.8099[0m,               train_Recall: [4;33m0.8332[0m,                 train_F1 Score: [4;35m0.8157[0m
æ ‡ç­¾é‡Œ1çš„ä¸ªæ•°:  2150
æ ‡ç­¾é‡Œ0çš„ä¸ªæ•°:  2150
æ€»æ•°:  4300
æ­£ç¡®çš„ä¸ªæ•°:  3505
æœ€åä¸€ä¸ªæ‰¹æ¬¡çš„è¾“å‡º, ä¸æ»¡batchsizeæ˜¯æ­£å¸¸çš„:
 tensor([[0.8731],
        [0.8403],
        [0.9706],
        [0.1204],
        [0.8568],
        [0.0795],
        [0.5048],
        [0.3616],
        [0.5632],
        [0.8912],
        [0.0432],
        [0.0860]], device='cuda:0', grad_fn=<SigmoidBackward0>)
Epoch [21/100], T_AUC: [4m0.8209[0m
Epoch [21/100], Loss: 14.3790
val_Accuracy: [92m0.7919[0m
val_Precision: [4;34m0.8065[0m,               val_Recall: [4;33m0.7561[0m,                 val_F1 Score: [4;35m0.7757[0m
æ ‡ç­¾é‡Œ1çš„ä¸ªæ•°:  430
æ ‡ç­¾é‡Œ0çš„ä¸ªæ•°:  430
æ€»æ•°:  860
æ­£ç¡®çš„ä¸ªæ•°:  681
Epoch [21/100], V_AUC: [4m0.7892[0m
Epoch [22/100], Loss: 56.8407
train_Accuracy: [91m0.8156[0m
train_Precision: [4;34m0.8106[0m,               train_Recall: [4;33m0.8333[0m,                 train_F1 Score: [4;35m0.8163[0m
æ ‡ç­¾é‡Œ1çš„ä¸ªæ•°:  2150
æ ‡ç­¾é‡Œ0çš„ä¸ªæ•°:  2150
æ€»æ•°:  4300
æ­£ç¡®çš„ä¸ªæ•°:  3507
æœ€åä¸€ä¸ªæ‰¹æ¬¡çš„è¾“å‡º, ä¸æ»¡batchsizeæ˜¯æ­£å¸¸çš„:
 tensor([[0.8829],
        [0.8393],
        [0.9709],
        [0.1219],
        [0.8622],
        [0.0772],
        [0.4988],
        [0.3689],
        [0.5583],
        [0.8939],
        [0.0404],
        [0.0794]], device='cuda:0', grad_fn=<SigmoidBackward0>)
Epoch [22/100], T_AUC: [4m0.8215[0m
Epoch [22/100], Loss: 14.3839
val_Accuracy: [92m0.7907[0m
val_Precision: [4;34m0.8043[0m,               val_Recall: [4;33m0.7561[0m,                 val_F1 Score: [4;35m0.7745[0m
æ ‡ç­¾é‡Œ1çš„ä¸ªæ•°:  430
æ ‡ç­¾é‡Œ0çš„ä¸ªæ•°:  430
æ€»æ•°:  860
æ­£ç¡®çš„ä¸ªæ•°:  680
Epoch [22/100], V_AUC: [4m0.7882[0m
Epoch [23/100], Loss: 56.8328
train_Accuracy: [91m0.8170[0m
train_Precision: [4;34m0.8115[0m,               train_Recall: [4;33m0.8343[0m,                 train_F1 Score: [4;35m0.8177[0m
æ ‡ç­¾é‡Œ1çš„ä¸ªæ•°:  2150
æ ‡ç­¾é‡Œ0çš„ä¸ªæ•°:  2150
æ€»æ•°:  4300
æ­£ç¡®çš„ä¸ªæ•°:  3513
æœ€åä¸€ä¸ªæ‰¹æ¬¡çš„è¾“å‡º, ä¸æ»¡batchsizeæ˜¯æ­£å¸¸çš„:
 tensor([[0.8852],
        [0.8542],
        [0.9686],
        [0.1216],
        [0.8582],
        [0.0712],
        [0.5141],
        [0.3799],
        [0.5593],
        [0.8892],
        [0.0398],
        [0.0797]], device='cuda:0', grad_fn=<SigmoidBackward0>)
Epoch [23/100], T_AUC: [4m0.8225[0m
Epoch [23/100], Loss: 14.4214
val_Accuracy: [92m0.7872[0m
val_Precision: [4;34m0.8006[0m,               val_Recall: [4;33m0.7540[0m,                 val_F1 Score: [4;35m0.7713[0m
æ ‡ç­¾é‡Œ1çš„ä¸ªæ•°:  430
æ ‡ç­¾é‡Œ0çš„ä¸ªæ•°:  430
æ€»æ•°:  860
æ­£ç¡®çš„ä¸ªæ•°:  677
Epoch [23/100], V_AUC: [4m0.7850[0m
Epoch [24/100], Loss: 56.8801
train_Accuracy: [91m0.8163[0m
train_Precision: [4;34m0.8108[0m,               train_Recall: [4;33m0.8338[0m,                 train_F1 Score: [4;35m0.8168[0m
æ ‡ç­¾é‡Œ1çš„ä¸ªæ•°:  2150
æ ‡ç­¾é‡Œ0çš„ä¸ªæ•°:  2150
æ€»æ•°:  4300
æ­£ç¡®çš„ä¸ªæ•°:  3510
æœ€åä¸€ä¸ªæ‰¹æ¬¡çš„è¾“å‡º, ä¸æ»¡batchsizeæ˜¯æ­£å¸¸çš„:
 tensor([[0.8772],
        [0.8471],
        [0.9672],
        [0.1463],
        [0.8558],
        [0.0687],
        [0.5267],
        [0.3709],
        [0.5857],
        [0.8817],
        [0.0351],
        [0.0874]], device='cuda:0', grad_fn=<SigmoidBackward0>)
Epoch [24/100], T_AUC: [4m0.8219[0m
Epoch [24/100], Loss: 13.9475
val_Accuracy: [92m0.7907[0m
val_Precision: [4;34m0.7936[0m,               val_Recall: [4;33m0.7749[0m,                 val_F1 Score: [4;35m0.7789[0m
æ ‡ç­¾é‡Œ1çš„ä¸ªæ•°:  430
æ ‡ç­¾é‡Œ0çš„ä¸ªæ•°:  430
æ€»æ•°:  860
æ­£ç¡®çš„ä¸ªæ•°:  680
Epoch [24/100], V_AUC: [4m0.7881[0m
Epoch [25/100], Loss: 56.8324
train_Accuracy: [91m0.8186[0m
train_Precision: [4;34m0.8119[0m,               train_Recall: [4;33m0.8367[0m,                 train_F1 Score: [4;35m0.8190[0m
æ ‡ç­¾é‡Œ1çš„ä¸ªæ•°:  2150
æ ‡ç­¾é‡Œ0çš„ä¸ªæ•°:  2150
æ€»æ•°:  4300
æ­£ç¡®çš„ä¸ªæ•°:  3520
æœ€åä¸€ä¸ªæ‰¹æ¬¡çš„è¾“å‡º, ä¸æ»¡batchsizeæ˜¯æ­£å¸¸çš„:
 tensor([[0.8698],
        [0.8504],
        [0.9689],
        [0.1484],
        [0.8556],
        [0.0686],
        [0.5067],
        [0.3834],
        [0.5948],
        [0.8795],
        [0.0320],
        [0.0968]], device='cuda:0', grad_fn=<SigmoidBackward0>)
Epoch [25/100], T_AUC: [4m0.8239[0m
Epoch [25/100], Loss: 13.9069
val_Accuracy: [92m0.7895[0m
val_Precision: [4;34m0.7912[0m,               val_Recall: [4;33m0.7806[0m,                 val_F1 Score: [4;35m0.7802[0m
æ ‡ç­¾é‡Œ1çš„ä¸ªæ•°:  430
æ ‡ç­¾é‡Œ0çš„ä¸ªæ•°:  430
æ€»æ•°:  860
æ­£ç¡®çš„ä¸ªæ•°:  679
Epoch [25/100], V_AUC: [4m0.7874[0m
Epoch [26/100], Loss: 56.7850
train_Accuracy: [91m0.8188[0m
train_Precision: [4;34m0.8123[0m,               train_Recall: [4;33m0.8372[0m,                 train_F1 Score: [4;35m0.8194[0m
æ ‡ç­¾é‡Œ1çš„ä¸ªæ•°:  2150
æ ‡ç­¾é‡Œ0çš„ä¸ªæ•°:  2150
æ€»æ•°:  4300
æ­£ç¡®çš„ä¸ªæ•°:  3521
æœ€åä¸€ä¸ªæ‰¹æ¬¡çš„è¾“å‡º, ä¸æ»¡batchsizeæ˜¯æ­£å¸¸çš„:
 tensor([[0.8689],
        [0.8477],
        [0.9675],
        [0.1552],
        [0.8629],
        [0.0671],
        [0.4963],
        [0.3710],
        [0.6022],
        [0.8821],
        [0.0303],
        [0.1049]], device='cuda:0', grad_fn=<SigmoidBackward0>)
Epoch [26/100], T_AUC: [4m0.8241[0m
Epoch [26/100], Loss: 13.8442
val_Accuracy: [92m0.7884[0m
val_Precision: [4;34m0.7895[0m,               val_Recall: [4;33m0.7806[0m,                 val_F1 Score: [4;35m0.7792[0m
æ ‡ç­¾é‡Œ1çš„ä¸ªæ•°:  430
æ ‡ç­¾é‡Œ0çš„ä¸ªæ•°:  430
æ€»æ•°:  860
æ­£ç¡®çš„ä¸ªæ•°:  678
Epoch [26/100], V_AUC: [4m0.7864[0m
Epoch [27/100], Loss: 56.8225
train_Accuracy: [91m0.8184[0m
train_Precision: [4;34m0.8120[0m,               train_Recall: [4;33m0.8367[0m,                 train_F1 Score: [4;35m0.8189[0m
æ ‡ç­¾é‡Œ1çš„ä¸ªæ•°:  2150
æ ‡ç­¾é‡Œ0çš„ä¸ªæ•°:  2150
æ€»æ•°:  4300
æ­£ç¡®çš„ä¸ªæ•°:  3519
æœ€åä¸€ä¸ªæ‰¹æ¬¡çš„è¾“å‡º, ä¸æ»¡batchsizeæ˜¯æ­£å¸¸çš„:
 tensor([[0.8466],
        [0.8550],
        [0.9697],
        [0.1511],
        [0.8524],
        [0.0654],
        [0.5119],
        [0.3886],
        [0.6326],
        [0.8718],
        [0.0307],
        [0.1093]], device='cuda:0', grad_fn=<SigmoidBackward0>)
Epoch [27/100], T_AUC: [4m0.8239[0m
Epoch [27/100], Loss: 13.7158
val_Accuracy: [92m0.7802[0m
val_Precision: [4;34m0.7776[0m,               val_Recall: [4;33m0.7785[0m,                 val_F1 Score: [4;35m0.7721[0m
æ ‡ç­¾é‡Œ1çš„ä¸ªæ•°:  430
æ ‡ç­¾é‡Œ0çš„ä¸ªæ•°:  430
æ€»æ•°:  860
æ­£ç¡®çš„ä¸ªæ•°:  671
Epoch [27/100], V_AUC: [4m0.7781[0m
Epoch [28/100], Loss: 56.7564
train_Accuracy: [91m0.8184[0m
train_Precision: [4;34m0.8114[0m,               train_Recall: [4;33m0.8370[0m,                 train_F1 Score: [4;35m0.8188[0m
æ ‡ç­¾é‡Œ1çš„ä¸ªæ•°:  2150
æ ‡ç­¾é‡Œ0çš„ä¸ªæ•°:  2150
æ€»æ•°:  4300
æ­£ç¡®çš„ä¸ªæ•°:  3519
æœ€åä¸€ä¸ªæ‰¹æ¬¡çš„è¾“å‡º, ä¸æ»¡batchsizeæ˜¯æ­£å¸¸çš„:
 tensor([[0.8623],
        [0.8524],
        [0.9672],
        [0.1346],
        [0.8722],
        [0.0669],
        [0.5104],
        [0.3613],
        [0.6095],
        [0.8838],
        [0.0350],
        [0.0999]], device='cuda:0', grad_fn=<SigmoidBackward0>)
Epoch [28/100], T_AUC: [4m0.8240[0m
Epoch [28/100], Loss: 14.0054
val_Accuracy: [92m0.7884[0m
val_Precision: [4;34m0.7978[0m,               val_Recall: [4;33m0.7673[0m,                 val_F1 Score: [4;35m0.7768[0m
æ ‡ç­¾é‡Œ1çš„ä¸ªæ•°:  430
æ ‡ç­¾é‡Œ0çš„ä¸ªæ•°:  430
æ€»æ•°:  860
æ­£ç¡®çš„ä¸ªæ•°:  678
Epoch [28/100], V_AUC: [4m0.7864[0m
Epoch [29/100], Loss: 56.7070
train_Accuracy: [91m0.8184[0m
train_Precision: [4;34m0.8133[0m,               train_Recall: [4;33m0.8352[0m,                 train_F1 Score: [4;35m0.8187[0m
æ ‡ç­¾é‡Œ1çš„ä¸ªæ•°:  2150
æ ‡ç­¾é‡Œ0çš„ä¸ªæ•°:  2150
æ€»æ•°:  4300
æ­£ç¡®çš„ä¸ªæ•°:  3519
æœ€åä¸€ä¸ªæ‰¹æ¬¡çš„è¾“å‡º, ä¸æ»¡batchsizeæ˜¯æ­£å¸¸çš„:
 tensor([[0.8553],
        [0.8545],
        [0.9703],
        [0.1317],
        [0.8815],
        [0.0731],
        [0.4830],
        [0.3299],
        [0.6046],
        [0.8868],
        [0.0435],
        [0.0773]], device='cuda:0', grad_fn=<SigmoidBackward0>)
Epoch [29/100], T_AUC: [4m0.8240[0m
Epoch [29/100], Loss: 14.5538
val_Accuracy: [92m0.7895[0m
val_Precision: [4;34m0.8138[0m,               val_Recall: [4;33m0.7407[0m,                 val_F1 Score: [4;35m0.7704[0m
æ ‡ç­¾é‡Œ1çš„ä¸ªæ•°:  430
æ ‡ç­¾é‡Œ0çš„ä¸ªæ•°:  430
æ€»æ•°:  860
æ­£ç¡®çš„ä¸ªæ•°:  679
Epoch [29/100], V_AUC: [4m0.7868[0m
Epoch [30/100], Loss: 56.6709
train_Accuracy: [91m0.8172[0m
train_Precision: [4;34m0.8118[0m,               train_Recall: [4;33m0.8342[0m,                 train_F1 Score: [4;35m0.8178[0m
æ ‡ç­¾é‡Œ1çš„ä¸ªæ•°:  2150
æ ‡ç­¾é‡Œ0çš„ä¸ªæ•°:  2150
æ€»æ•°:  4300
æ­£ç¡®çš„ä¸ªæ•°:  3514
æœ€åä¸€ä¸ªæ‰¹æ¬¡çš„è¾“å‡º, ä¸æ»¡batchsizeæ˜¯æ­£å¸¸çš„:
 tensor([[0.8528],
        [0.8545],
        [0.9667],
        [0.1385],
        [0.8769],
        [0.0663],
        [0.5257],
        [0.3582],
        [0.6467],
        [0.8758],
        [0.0393],
        [0.0829]], device='cuda:0', grad_fn=<SigmoidBackward0>)
Epoch [30/100], T_AUC: [4m0.8229[0m
Epoch [30/100], Loss: 13.7920
val_Accuracy: [92m0.7930[0m
val_Precision: [4;34m0.8007[0m,               val_Recall: [4;33m0.7741[0m,                 val_F1 Score: [4;35m0.7819[0m
æ ‡ç­¾é‡Œ1çš„ä¸ªæ•°:  430
æ ‡ç­¾é‡Œ0çš„ä¸ªæ•°:  430
æ€»æ•°:  860
æ­£ç¡®çš„ä¸ªæ•°:  682
Epoch [30/100], V_AUC: [4m0.7910[0m
Epoch [31/100], Loss: 56.5807
train_Accuracy: [91m0.8181[0m
train_Precision: [4;34m0.8120[0m,               train_Recall: [4;33m0.8355[0m,                 train_F1 Score: [4;35m0.8184[0m
æ ‡ç­¾é‡Œ1çš„ä¸ªæ•°:  2150
æ ‡ç­¾é‡Œ0çš„ä¸ªæ•°:  2150
æ€»æ•°:  4300
æ­£ç¡®çš„ä¸ªæ•°:  3518
æœ€åä¸€ä¸ªæ‰¹æ¬¡çš„è¾“å‡º, ä¸æ»¡batchsizeæ˜¯æ­£å¸¸çš„:
 tensor([[0.8507],
        [0.8547],
        [0.9650],
        [0.1386],
        [0.8810],
        [0.0683],
        [0.5174],
        [0.3576],
        [0.6475],
        [0.8737],
        [0.0321],
        [0.0970]], device='cuda:0', grad_fn=<SigmoidBackward0>)
Epoch [31/100], T_AUC: [4m0.8235[0m
Epoch [31/100], Loss: 13.7144
val_Accuracy: [92m0.7884[0m
val_Precision: [4;34m0.7902[0m,               val_Recall: [4;33m0.7785[0m,                 val_F1 Score: [4;35m0.7786[0m
æ ‡ç­¾é‡Œ1çš„ä¸ªæ•°:  430
æ ‡ç­¾é‡Œ0çš„ä¸ªæ•°:  430
æ€»æ•°:  860
æ­£ç¡®çš„ä¸ªæ•°:  678
Epoch [31/100], V_AUC: [4m0.7865[0m
Epoch [32/100], Loss: 56.6199
train_Accuracy: [91m0.8184[0m
train_Precision: [4;34m0.8129[0m,               train_Recall: [4;33m0.8353[0m,                 train_F1 Score: [4;35m0.8188[0m
æ ‡ç­¾é‡Œ1çš„ä¸ªæ•°:  2150
æ ‡ç­¾é‡Œ0çš„ä¸ªæ•°:  2150
æ€»æ•°:  4300
æ­£ç¡®çš„ä¸ªæ•°:  3519
æœ€åä¸€ä¸ªæ‰¹æ¬¡çš„è¾“å‡º, ä¸æ»¡batchsizeæ˜¯æ­£å¸¸çš„:
 tensor([[0.8549],
        [0.8539],
        [0.9667],
        [0.1346],
        [0.8867],
        [0.0658],
        [0.4996],
        [0.3593],
        [0.6266],
        [0.8858],
        [0.0380],
        [0.0866]], device='cuda:0', grad_fn=<SigmoidBackward0>)
Epoch [32/100], T_AUC: [4m0.8242[0m
Epoch [32/100], Loss: 14.5751
val_Accuracy: [92m0.7919[0m
val_Precision: [4;34m0.8121[0m,               val_Recall: [4;33m0.7493[0m,                 val_F1 Score: [4;35m0.7739[0m
æ ‡ç­¾é‡Œ1çš„ä¸ªæ•°:  430
æ ‡ç­¾é‡Œ0çš„ä¸ªæ•°:  430
æ€»æ•°:  860
æ­£ç¡®çš„ä¸ªæ•°:  681
Epoch [32/100], V_AUC: [4m0.7889[0m
Epoch [33/100], Loss: 56.5696
train_Accuracy: [91m0.8172[0m
train_Precision: [4;34m0.8116[0m,               train_Recall: [4;33m0.8348[0m,                 train_F1 Score: [4;35m0.8176[0m
æ ‡ç­¾é‡Œ1çš„ä¸ªæ•°:  2150
æ ‡ç­¾é‡Œ0çš„ä¸ªæ•°:  2150
æ€»æ•°:  4300
æ­£ç¡®çš„ä¸ªæ•°:  3514
æœ€åä¸€ä¸ªæ‰¹æ¬¡çš„è¾“å‡º, ä¸æ»¡batchsizeæ˜¯æ­£å¸¸çš„:
 tensor([[0.8507],
        [0.8440],
        [0.9646],
        [0.1484],
        [0.8850],
        [0.0651],
        [0.5230],
        [0.3709],
        [0.6579],
        [0.8809],
        [0.0302],
        [0.1046]], device='cuda:0', grad_fn=<SigmoidBackward0>)
Epoch [33/100], T_AUC: [4m0.8231[0m
Epoch [33/100], Loss: 13.7309
val_Accuracy: [92m0.7872[0m
val_Precision: [4;34m0.7870[0m,               val_Recall: [4;33m0.7806[0m,                 val_F1 Score: [4;35m0.7782[0m
æ ‡ç­¾é‡Œ1çš„ä¸ªæ•°:  430
æ ‡ç­¾é‡Œ0çš„ä¸ªæ•°:  430
æ€»æ•°:  860
æ­£ç¡®çš„ä¸ªæ•°:  677
Epoch [33/100], V_AUC: [4m0.7848[0m
Epoch [34/100], Loss: 56.4990
train_Accuracy: [91m0.8193[0m
train_Precision: [4;34m0.8123[0m,               train_Recall: [4;33m0.8379[0m,                 train_F1 Score: [4;35m0.8198[0m
æ ‡ç­¾é‡Œ1çš„ä¸ªæ•°:  2150
æ ‡ç­¾é‡Œ0çš„ä¸ªæ•°:  2150
æ€»æ•°:  4300
æ­£ç¡®çš„ä¸ªæ•°:  3523
æœ€åä¸€ä¸ªæ‰¹æ¬¡çš„è¾“å‡º, ä¸æ»¡batchsizeæ˜¯æ­£å¸¸çš„:
 tensor([[0.8563],
        [0.8485],
        [0.9672],
        [0.1326],
        [0.8954],
        [0.0663],
        [0.5034],
        [0.3418],
        [0.6410],
        [0.8861],
        [0.0380],
        [0.0867]], device='cuda:0', grad_fn=<SigmoidBackward0>)
Epoch [34/100], T_AUC: [4m0.8248[0m
Epoch [34/100], Loss: 14.6787
val_Accuracy: [92m0.7884[0m
val_Precision: [4;34m0.8106[0m,               val_Recall: [4;33m0.7428[0m,                 val_F1 Score: [4;35m0.7700[0m
æ ‡ç­¾é‡Œ1çš„ä¸ªæ•°:  430
æ ‡ç­¾é‡Œ0çš„ä¸ªæ•°:  430
æ€»æ•°:  860
æ­£ç¡®çš„ä¸ªæ•°:  678
Epoch [34/100], V_AUC: [4m0.7851[0m
Epoch [35/100], Loss: 56.5235
train_Accuracy: [91m0.8172[0m
train_Precision: [4;34m0.8116[0m,               train_Recall: [4;33m0.8348[0m,                 train_F1 Score: [4;35m0.8176[0m
æ ‡ç­¾é‡Œ1çš„ä¸ªæ•°:  2150
æ ‡ç­¾é‡Œ0çš„ä¸ªæ•°:  2150
æ€»æ•°:  4300
æ­£ç¡®çš„ä¸ªæ•°:  3514
æœ€åä¸€ä¸ªæ‰¹æ¬¡çš„è¾“å‡º, ä¸æ»¡batchsizeæ˜¯æ­£å¸¸çš„:
 tensor([[0.8456],
        [0.8449],
        [0.9648],
        [0.1454],
        [0.8945],
        [0.0693],
        [0.5196],
        [0.3613],
        [0.6756],
        [0.8788],
        [0.0325],
        [0.0971]], device='cuda:0', grad_fn=<SigmoidBackward0>)
Epoch [35/100], T_AUC: [4m0.8230[0m
Epoch [35/100], Loss: 13.5089
val_Accuracy: [92m0.7826[0m
val_Precision: [4;34m0.7809[0m,               val_Recall: [4;33m0.7771[0m,                 val_F1 Score: [4;35m0.7738[0m
æ ‡ç­¾é‡Œ1çš„ä¸ªæ•°:  430
æ ‡ç­¾é‡Œ0çš„ä¸ªæ•°:  430
æ€»æ•°:  860
æ­£ç¡®çš„ä¸ªæ•°:  673
Epoch [35/100], V_AUC: [4m0.7798[0m
Epoch [36/100], Loss: 56.6314
train_Accuracy: [91m0.8181[0m
train_Precision: [4;34m0.8108[0m,               train_Recall: [4;33m0.8380[0m,                 train_F1 Score: [4;35m0.8188[0m
æ ‡ç­¾é‡Œ1çš„ä¸ªæ•°:  2150
æ ‡ç­¾é‡Œ0çš„ä¸ªæ•°:  2150
æ€»æ•°:  4300
æ­£ç¡®çš„ä¸ªæ•°:  3518
æœ€åä¸€ä¸ªæ‰¹æ¬¡çš„è¾“å‡º, ä¸æ»¡batchsizeæ˜¯æ­£å¸¸çš„:
 tensor([[0.8418],
        [0.8451],
        [0.9696],
        [0.1467],
        [0.8893],
        [0.0662],
        [0.4868],
        [0.3598],
        [0.6502],
        [0.8793],
        [0.0315],
        [0.1140]], device='cuda:0', grad_fn=<SigmoidBackward0>)
Epoch [36/100], T_AUC: [4m0.8239[0m
Epoch [36/100], Loss: 13.9054
val_Accuracy: [92m0.7884[0m
val_Precision: [4;34m0.7961[0m,               val_Recall: [4;33m0.7680[0m,                 val_F1 Score: [4;35m0.7761[0m
æ ‡ç­¾é‡Œ1çš„ä¸ªæ•°:  430
æ ‡ç­¾é‡Œ0çš„ä¸ªæ•°:  430
æ€»æ•°:  860
æ­£ç¡®çš„ä¸ªæ•°:  678
Epoch [36/100], V_AUC: [4m0.7858[0m
Epoch [37/100], Loss: 56.5075
train_Accuracy: [91m0.8172[0m
train_Precision: [4;34m0.8095[0m,               train_Recall: [4;33m0.8378[0m,                 train_F1 Score: [4;35m0.8180[0m
æ ‡ç­¾é‡Œ1çš„ä¸ªæ•°:  2150
æ ‡ç­¾é‡Œ0çš„ä¸ªæ•°:  2150
æ€»æ•°:  4300
æ­£ç¡®çš„ä¸ªæ•°:  3514
æœ€åä¸€ä¸ªæ‰¹æ¬¡çš„è¾“å‡º, ä¸æ»¡batchsizeæ˜¯æ­£å¸¸çš„:
 tensor([[0.8428],
        [0.8464],
        [0.9677],
        [0.1472],
        [0.8876],
        [0.0657],
        [0.5122],
        [0.3636],
        [0.6553],
        [0.8759],
        [0.0293],
        [0.1103]], device='cuda:0', grad_fn=<SigmoidBackward0>)
Epoch [37/100], T_AUC: [4m0.8230[0m
Epoch [37/100], Loss: 13.7181
val_Accuracy: [92m0.7826[0m
val_Precision: [4;34m0.7818[0m,               val_Recall: [4;33m0.7755[0m,                 val_F1 Score: [4;35m0.7730[0m
æ ‡ç­¾é‡Œ1çš„ä¸ªæ•°:  430
æ ‡ç­¾é‡Œ0çš„ä¸ªæ•°:  430
æ€»æ•°:  860
æ­£ç¡®çš„ä¸ªæ•°:  673
Epoch [37/100], V_AUC: [4m0.7804[0m
Epoch [38/100], Loss: 56.4799
train_Accuracy: [91m0.8188[0m
train_Precision: [4;34m0.8115[0m,               train_Recall: [4;33m0.8378[0m,                 train_F1 Score: [4;35m0.8192[0m
æ ‡ç­¾é‡Œ1çš„ä¸ªæ•°:  2150
æ ‡ç­¾é‡Œ0çš„ä¸ªæ•°:  2150
æ€»æ•°:  4300
æ­£ç¡®çš„ä¸ªæ•°:  3521
æœ€åä¸€ä¸ªæ‰¹æ¬¡çš„è¾“å‡º, ä¸æ»¡batchsizeæ˜¯æ­£å¸¸çš„:
 tensor([[0.8420],
        [0.8494],
        [0.9709],
        [0.1412],
        [0.8952],
        [0.0679],
        [0.4916],
        [0.3500],
        [0.6453],
        [0.8786],
        [0.0348],
        [0.0971]], device='cuda:0', grad_fn=<SigmoidBackward0>)
Epoch [38/100], T_AUC: [4m0.8245[0m
Epoch [38/100], Loss: 14.1446
val_Accuracy: [92m0.7884[0m
val_Precision: [4;34m0.7977[0m,               val_Recall: [4;33m0.7665[0m,                 val_F1 Score: [4;35m0.7763[0m
æ ‡ç­¾é‡Œ1çš„ä¸ªæ•°:  430
æ ‡ç­¾é‡Œ0çš„ä¸ªæ•°:  430
æ€»æ•°:  860
æ­£ç¡®çš„ä¸ªæ•°:  678
Epoch [38/100], V_AUC: [4m0.7860[0m
Epoch [39/100], Loss: 56.4816
train_Accuracy: [91m0.8179[0m
train_Precision: [4;34m0.8111[0m,               train_Recall: [4;33m0.8367[0m,                 train_F1 Score: [4;35m0.8184[0m
æ ‡ç­¾é‡Œ1çš„ä¸ªæ•°:  2150
æ ‡ç­¾é‡Œ0çš„ä¸ªæ•°:  2150
æ€»æ•°:  4300
æ­£ç¡®çš„ä¸ªæ•°:  3517
æœ€åä¸€ä¸ªæ‰¹æ¬¡çš„è¾“å‡º, ä¸æ»¡batchsizeæ˜¯æ­£å¸¸çš„:
 tensor([[0.8390],
        [0.8537],
        [0.9682],
        [0.1507],
        [0.8883],
        [0.0655],
        [0.5013],
        [0.3499],
        [0.6547],
        [0.8755],
        [0.0311],
        [0.1082]], device='cuda:0', grad_fn=<SigmoidBackward0>)
Epoch [39/100], T_AUC: [4m0.8237[0m
Epoch [39/100], Loss: 13.6147
val_Accuracy: [92m0.7826[0m
val_Precision: [4;34m0.7818[0m,               val_Recall: [4;33m0.7755[0m,                 val_F1 Score: [4;35m0.7731[0m
æ ‡ç­¾é‡Œ1çš„ä¸ªæ•°:  430
æ ‡ç­¾é‡Œ0çš„ä¸ªæ•°:  430
æ€»æ•°:  860
æ­£ç¡®çš„ä¸ªæ•°:  673
Epoch [39/100], V_AUC: [4m0.7802[0m
Epoch [40/100], Loss: 56.4293
train_Accuracy: [91m0.8179[0m
train_Precision: [4;34m0.8112[0m,               train_Recall: [4;33m0.8360[0m,                 train_F1 Score: [4;35m0.8181[0m
æ ‡ç­¾é‡Œ1çš„ä¸ªæ•°:  2150
æ ‡ç­¾é‡Œ0çš„ä¸ªæ•°:  2150
æ€»æ•°:  4300
æ­£ç¡®çš„ä¸ªæ•°:  3517
æœ€åä¸€ä¸ªæ‰¹æ¬¡çš„è¾“å‡º, ä¸æ»¡batchsizeæ˜¯æ­£å¸¸çš„:
 tensor([[0.8470],
        [0.8550],
        [0.9694],
        [0.1426],
        [0.8934],
        [0.0661],
        [0.4852],
        [0.3540],
        [0.6502],
        [0.8813],
        [0.0314],
        [0.1170]], device='cuda:0', grad_fn=<SigmoidBackward0>)
Epoch [40/100], T_AUC: [4m0.8235[0m
Epoch [40/100], Loss: 13.7534
val_Accuracy: [92m0.7872[0m
val_Precision: [4;34m0.7875[0m,               val_Recall: [4;33m0.7777[0m,                 val_F1 Score: [4;35m0.7771[0m
æ ‡ç­¾é‡Œ1çš„ä¸ªæ•°:  430
æ ‡ç­¾é‡Œ0çš„ä¸ªæ•°:  430
æ€»æ•°:  860
æ­£ç¡®çš„ä¸ªæ•°:  677
Epoch [40/100], V_AUC: [4m0.7851[0m
Epoch [41/100], Loss: 56.3554
train_Accuracy: [91m0.8191[0m
train_Precision: [4;34m0.8114[0m,               train_Recall: [4;33m0.8382[0m,                 train_F1 Score: [4;35m0.8196[0m
æ ‡ç­¾é‡Œ1çš„ä¸ªæ•°:  2150
æ ‡ç­¾é‡Œ0çš„ä¸ªæ•°:  2150
æ€»æ•°:  4300
æ­£ç¡®çš„ä¸ªæ•°:  3522
æœ€åä¸€ä¸ªæ‰¹æ¬¡çš„è¾“å‡º, ä¸æ»¡batchsizeæ˜¯æ­£å¸¸çš„:
 tensor([[0.8475],
        [0.8560],
        [0.9703],
        [0.1343],
        [0.8952],
        [0.0720],
        [0.4927],
        [0.3272],
        [0.6525],
        [0.8847],
        [0.0387],
        [0.0825]], device='cuda:0', grad_fn=<SigmoidBackward0>)
Epoch [41/100], T_AUC: [4m0.8245[0m
Epoch [41/100], Loss: 14.7548
val_Accuracy: [92m0.7919[0m
val_Precision: [4;34m0.8143[0m,               val_Recall: [4;33m0.7446[0m,                 val_F1 Score: [4;35m0.7727[0m
æ ‡ç­¾é‡Œ1çš„ä¸ªæ•°:  430
æ ‡ç­¾é‡Œ0çš„ä¸ªæ•°:  430
æ€»æ•°:  860
æ­£ç¡®çš„ä¸ªæ•°:  681
Epoch [41/100], V_AUC: [4m0.7893[0m
Epoch [42/100], Loss: 56.3858
train_Accuracy: [91m0.8179[0m
train_Precision: [4;34m0.8116[0m,               train_Recall: [4;33m0.8359[0m,                 train_F1 Score: [4;35m0.8183[0m
æ ‡ç­¾é‡Œ1çš„ä¸ªæ•°:  2150
æ ‡ç­¾é‡Œ0çš„ä¸ªæ•°:  2150
æ€»æ•°:  4300
æ­£ç¡®çš„ä¸ªæ•°:  3517
æœ€åä¸€ä¸ªæ‰¹æ¬¡çš„è¾“å‡º, ä¸æ»¡batchsizeæ˜¯æ­£å¸¸çš„:
 tensor([[0.8434],
        [0.8439],
        [0.9656],
        [0.1450],
        [0.8961],
        [0.0633],
        [0.4918],
        [0.3633],
        [0.6650],
        [0.8818],
        [0.0303],
        [0.1127]], device='cuda:0', grad_fn=<SigmoidBackward0>)
Epoch [42/100], T_AUC: [4m0.8237[0m
Epoch [42/100], Loss: 13.6244
val_Accuracy: [92m0.7826[0m
val_Precision: [4;34m0.7794[0m,               val_Recall: [4;33m0.7799[0m,                 val_F1 Score: [4;35m0.7746[0m
æ ‡ç­¾é‡Œ1çš„ä¸ªæ•°:  430
æ ‡ç­¾é‡Œ0çš„ä¸ªæ•°:  430
æ€»æ•°:  860
æ­£ç¡®çš„ä¸ªæ•°:  673
Epoch [42/100], V_AUC: [4m0.7795[0m
Epoch [43/100], Loss: 56.3282
train_Accuracy: [91m0.8184[0m
train_Precision: [4;34m0.8115[0m,               train_Recall: [4;33m0.8361[0m,                 train_F1 Score: [4;35m0.8186[0m
æ ‡ç­¾é‡Œ1çš„ä¸ªæ•°:  2150
æ ‡ç­¾é‡Œ0çš„ä¸ªæ•°:  2150
æ€»æ•°:  4300
æ­£ç¡®çš„ä¸ªæ•°:  3519
æœ€åä¸€ä¸ªæ‰¹æ¬¡çš„è¾“å‡º, ä¸æ»¡batchsizeæ˜¯æ­£å¸¸çš„:
 tensor([[0.8499],
        [0.8485],
        [0.9685],
        [0.1473],
        [0.9028],
        [0.0700],
        [0.4866],
        [0.3061],
        [0.6416],
        [0.8863],
        [0.0362],
        [0.0920]], device='cuda:0', grad_fn=<SigmoidBackward0>)
Epoch [43/100], T_AUC: [4m0.8239[0m
Epoch [43/100], Loss: 14.0193
val_Accuracy: [92m0.7872[0m
val_Precision: [4;34m0.7947[0m,               val_Recall: [4;33m0.7663[0m,                 val_F1 Score: [4;35m0.7750[0m
æ ‡ç­¾é‡Œ1çš„ä¸ªæ•°:  430
æ ‡ç­¾é‡Œ0çš„ä¸ªæ•°:  430
æ€»æ•°:  860
æ­£ç¡®çš„ä¸ªæ•°:  677
Epoch [43/100], V_AUC: [4m0.7849[0m
Epoch [44/100], Loss: 56.3657
train_Accuracy: [91m0.8193[0m
train_Precision: [4;34m0.8127[0m,               train_Recall: [4;33m0.8375[0m,                 train_F1 Score: [4;35m0.8197[0m
æ ‡ç­¾é‡Œ1çš„ä¸ªæ•°:  2150
æ ‡ç­¾é‡Œ0çš„ä¸ªæ•°:  2150
æ€»æ•°:  4300
æ­£ç¡®çš„ä¸ªæ•°:  3523
æœ€åä¸€ä¸ªæ‰¹æ¬¡çš„è¾“å‡º, ä¸æ»¡batchsizeæ˜¯æ­£å¸¸çš„:
 tensor([[0.8500],
        [0.8506],
        [0.9672],
        [0.1450],
        [0.8972],
        [0.0648],
        [0.4933],
        [0.3280],
        [0.6522],
        [0.8851],
        [0.0354],
        [0.1017]], device='cuda:0', grad_fn=<SigmoidBackward0>)
Epoch [44/100], T_AUC: [4m0.8248[0m
Epoch [44/100], Loss: 13.8726
val_Accuracy: [92m0.7872[0m
val_Precision: [4;34m0.7892[0m,               val_Recall: [4;33m0.7754[0m,                 val_F1 Score: [4;35m0.7768[0m
æ ‡ç­¾é‡Œ1çš„ä¸ªæ•°:  430
æ ‡ç­¾é‡Œ0çš„ä¸ªæ•°:  430
æ€»æ•°:  860
æ­£ç¡®çš„ä¸ªæ•°:  677
Epoch [44/100], V_AUC: [4m0.7852[0m
Epoch [45/100], Loss: 56.3140
train_Accuracy: [91m0.8191[0m
train_Precision: [4;34m0.8133[0m,               train_Recall: [4;33m0.8358[0m,                 train_F1 Score: [4;35m0.8192[0m
æ ‡ç­¾é‡Œ1çš„ä¸ªæ•°:  2150
æ ‡ç­¾é‡Œ0çš„ä¸ªæ•°:  2150
æ€»æ•°:  4300
æ­£ç¡®çš„ä¸ªæ•°:  3522
æœ€åä¸€ä¸ªæ‰¹æ¬¡çš„è¾“å‡º, ä¸æ»¡batchsizeæ˜¯æ­£å¸¸çš„:
 tensor([[0.8548],
        [0.8487],
        [0.9682],
        [0.1452],
        [0.8980],
        [0.0649],
        [0.5011],
        [0.3073],
        [0.6465],
        [0.8870],
        [0.0370],
        [0.0971]], device='cuda:0', grad_fn=<SigmoidBackward0>)
Epoch [45/100], T_AUC: [4m0.8247[0m
Epoch [45/100], Loss: 14.1090
val_Accuracy: [92m0.7860[0m
val_Precision: [4;34m0.7931[0m,               val_Recall: [4;33m0.7663[0m,                 val_F1 Score: [4;35m0.7740[0m
æ ‡ç­¾é‡Œ1çš„ä¸ªæ•°:  430
æ ‡ç­¾é‡Œ0çš„ä¸ªæ•°:  430
æ€»æ•°:  860
æ­£ç¡®çš„ä¸ªæ•°:  676
Epoch [45/100], V_AUC: [4m0.7839[0m
Epoch [46/100], Loss: 56.2724
train_Accuracy: [91m0.8184[0m
train_Precision: [4;34m0.8122[0m,               train_Recall: [4;33m0.8362[0m,                 train_F1 Score: [4;35m0.8189[0m
æ ‡ç­¾é‡Œ1çš„ä¸ªæ•°:  2150
æ ‡ç­¾é‡Œ0çš„ä¸ªæ•°:  2150
æ€»æ•°:  4300
æ­£ç¡®çš„ä¸ªæ•°:  3519
æœ€åä¸€ä¸ªæ‰¹æ¬¡çš„è¾“å‡º, ä¸æ»¡batchsizeæ˜¯æ­£å¸¸çš„:
 tensor([[0.8536],
        [0.8448],
        [0.9670],
        [0.1426],
        [0.8969],
        [0.0631],
        [0.5010],
        [0.3309],
        [0.6575],
        [0.8851],
        [0.0344],
        [0.1055]], device='cuda:0', grad_fn=<SigmoidBackward0>)
Epoch [46/100], T_AUC: [4m0.8240[0m
Epoch [46/100], Loss: 13.8273
val_Accuracy: [92m0.7860[0m
val_Precision: [4;34m0.7875[0m,               val_Recall: [4;33m0.7754[0m,                 val_F1 Score: [4;35m0.7759[0m
æ ‡ç­¾é‡Œ1çš„ä¸ªæ•°:  430
æ ‡ç­¾é‡Œ0çš„ä¸ªæ•°:  430
æ€»æ•°:  860
æ­£ç¡®çš„ä¸ªæ•°:  676
Epoch [46/100], V_AUC: [4m0.7838[0m
Epoch [47/100], Loss: 56.2518
train_Accuracy: [91m0.8195[0m
train_Precision: [4;34m0.8130[0m,               train_Recall: [4;33m0.8382[0m,                 train_F1 Score: [4;35m0.8204[0m
æ ‡ç­¾é‡Œ1çš„ä¸ªæ•°:  2150
æ ‡ç­¾é‡Œ0çš„ä¸ªæ•°:  2150
æ€»æ•°:  4300
æ­£ç¡®çš„ä¸ªæ•°:  3524
æœ€åä¸€ä¸ªæ‰¹æ¬¡çš„è¾“å‡º, ä¸æ»¡batchsizeæ˜¯æ­£å¸¸çš„:
 tensor([[0.8471],
        [0.8528],
        [0.9694],
        [0.1445],
        [0.8970],
        [0.0674],
        [0.5038],
        [0.2988],
        [0.6510],
        [0.8887],
        [0.0396],
        [0.0856]], device='cuda:0', grad_fn=<SigmoidBackward0>)
Epoch [47/100], T_AUC: [4m0.8250[0m
Epoch [47/100], Loss: 14.1726
val_Accuracy: [92m0.7895[0m
val_Precision: [4;34m0.7992[0m,               val_Recall: [4;33m0.7608[0m,                 val_F1 Score: [4;35m0.7743[0m
æ ‡ç­¾é‡Œ1çš„ä¸ªæ•°:  430
æ ‡ç­¾é‡Œ0çš„ä¸ªæ•°:  430
æ€»æ•°:  860
æ­£ç¡®çš„ä¸ªæ•°:  679
Epoch [47/100], V_AUC: [4m0.7867[0m
Epoch [48/100], Loss: 56.2098
train_Accuracy: [91m0.8181[0m
train_Precision: [4;34m0.8116[0m,               train_Recall: [4;33m0.8364[0m,                 train_F1 Score: [4;35m0.8185[0m
æ ‡ç­¾é‡Œ1çš„ä¸ªæ•°:  2150
æ ‡ç­¾é‡Œ0çš„ä¸ªæ•°:  2150
æ€»æ•°:  4300
æ­£ç¡®çš„ä¸ªæ•°:  3518
æœ€åä¸€ä¸ªæ‰¹æ¬¡çš„è¾“å‡º, ä¸æ»¡batchsizeæ˜¯æ­£å¸¸çš„:
 tensor([[0.8372],
        [0.8539],
        [0.9678],
        [0.1427],
        [0.8912],
        [0.0642],
        [0.5227],
        [0.3147],
        [0.6663],
        [0.8805],
        [0.0345],
        [0.1047]], device='cuda:0', grad_fn=<SigmoidBackward0>)
Epoch [48/100], T_AUC: [4m0.8238[0m
Epoch [48/100], Loss: 13.6430
val_Accuracy: [92m0.7837[0m
val_Precision: [4;34m0.7881[0m,               val_Recall: [4;33m0.7686[0m,                 val_F1 Score: [4;35m0.7724[0m
æ ‡ç­¾é‡Œ1çš„ä¸ªæ•°:  430
æ ‡ç­¾é‡Œ0çš„ä¸ªæ•°:  430
æ€»æ•°:  860
æ­£ç¡®çš„ä¸ªæ•°:  674
Epoch [48/100], V_AUC: [4m0.7812[0m
Epoch [49/100], Loss: 56.3412
train_Accuracy: [91m0.8174[0m
train_Precision: [4;34m0.8092[0m,               train_Recall: [4;33m0.8378[0m,                 train_F1 Score: [4;35m0.8182[0m
æ ‡ç­¾é‡Œ1çš„ä¸ªæ•°:  2150
æ ‡ç­¾é‡Œ0çš„ä¸ªæ•°:  2150
æ€»æ•°:  4300
æ­£ç¡®çš„ä¸ªæ•°:  3515
æœ€åä¸€ä¸ªæ‰¹æ¬¡çš„è¾“å‡º, ä¸æ»¡batchsizeæ˜¯æ­£å¸¸çš„:
 tensor([[0.8247],
        [0.8738],
        [0.9722],
        [0.1364],
        [0.8934],
        [0.0643],
        [0.5008],
        [0.3250],
        [0.6289],
        [0.8820],
        [0.0422],
        [0.0844]], device='cuda:0', grad_fn=<SigmoidBackward0>)
Epoch [49/100], T_AUC: [4m0.8227[0m
Epoch [49/100], Loss: 14.5710
val_Accuracy: [92m0.7907[0m
val_Precision: [4;34m0.8071[0m,               val_Recall: [4;33m0.7518[0m,                 val_F1 Score: [4;35m0.7732[0m
æ ‡ç­¾é‡Œ1çš„ä¸ªæ•°:  430
æ ‡ç­¾é‡Œ0çš„ä¸ªæ•°:  430
æ€»æ•°:  860
æ­£ç¡®çš„ä¸ªæ•°:  680
Epoch [49/100], V_AUC: [4m0.7879[0m
Epoch [50/100], Loss: 56.2549
train_Accuracy: [91m0.8186[0m
train_Precision: [4;34m0.8129[0m,               train_Recall: [4;33m0.8359[0m,                 train_F1 Score: [4;35m0.8190[0m
æ ‡ç­¾é‡Œ1çš„ä¸ªæ•°:  2150
æ ‡ç­¾é‡Œ0çš„ä¸ªæ•°:  2150
æ€»æ•°:  4300
æ­£ç¡®çš„ä¸ªæ•°:  3520
æœ€åä¸€ä¸ªæ‰¹æ¬¡çš„è¾“å‡º, ä¸æ»¡batchsizeæ˜¯æ­£å¸¸çš„:
 tensor([[0.8289],
        [0.8708],
        [0.9668],
        [0.1436],
        [0.8840],
        [0.0670],
        [0.5263],
        [0.3505],
        [0.6603],
        [0.8763],
        [0.0333],
        [0.1026]], device='cuda:0', grad_fn=<SigmoidBackward0>)
Epoch [50/100], T_AUC: [4m0.8242[0m
Epoch [50/100], Loss: 13.5557
val_Accuracy: [92m0.7849[0m
val_Precision: [4;34m0.7851[0m,               val_Recall: [4;33m0.7751[0m,                 val_F1 Score: [4;35m0.7746[0m
æ ‡ç­¾é‡Œ1çš„ä¸ªæ•°:  430
æ ‡ç­¾é‡Œ0çš„ä¸ªæ•°:  430
æ€»æ•°:  860
æ­£ç¡®çš„ä¸ªæ•°:  675
Epoch [50/100], V_AUC: [4m0.7824[0m
Epoch [51/100], Loss: 56.3034
train_Accuracy: [91m0.8177[0m
train_Precision: [4;34m0.8107[0m,               train_Recall: [4;33m0.8364[0m,                 train_F1 Score: [4;35m0.8182[0m
æ ‡ç­¾é‡Œ1çš„ä¸ªæ•°:  2150
æ ‡ç­¾é‡Œ0çš„ä¸ªæ•°:  2150
æ€»æ•°:  4300
æ­£ç¡®çš„ä¸ªæ•°:  3516
æœ€åä¸€ä¸ªæ‰¹æ¬¡çš„è¾“å‡º, ä¸æ»¡batchsizeæ˜¯æ­£å¸¸çš„:
 tensor([[0.8395],
        [0.8717],
        [0.9690],
        [0.1395],
        [0.8871],
        [0.0637],
        [0.5015],
        [0.3247],
        [0.6368],
        [0.8903],
        [0.0402],
        [0.0900]], device='cuda:0', grad_fn=<SigmoidBackward0>)
Epoch [51/100], T_AUC: [4m0.8230[0m
Epoch [51/100], Loss: 14.7858
val_Accuracy: [92m0.7930[0m
val_Precision: [4;34m0.8179[0m,               val_Recall: [4;33m0.7426[0m,                 val_F1 Score: [4;35m0.7734[0m
æ ‡ç­¾é‡Œ1çš„ä¸ªæ•°:  430
æ ‡ç­¾é‡Œ0çš„ä¸ªæ•°:  430
æ€»æ•°:  860
æ­£ç¡®çš„ä¸ªæ•°:  682
Epoch [51/100], V_AUC: [4m0.7904[0m
Epoch [52/100], Loss: 56.2722
train_Accuracy: [91m0.8193[0m
train_Precision: [4;34m0.8146[0m,               train_Recall: [4;33m0.8349[0m,                 train_F1 Score: [4;35m0.8193[0m
æ ‡ç­¾é‡Œ1çš„ä¸ªæ•°:  2150
æ ‡ç­¾é‡Œ0çš„ä¸ªæ•°:  2150
æ€»æ•°:  4300
æ­£ç¡®çš„ä¸ªæ•°:  3523
æœ€åä¸€ä¸ªæ‰¹æ¬¡çš„è¾“å‡º, ä¸æ»¡batchsizeæ˜¯æ­£å¸¸çš„:
 tensor([[0.8284],
        [0.8731],
        [0.9689],
        [0.1474],
        [0.8768],
        [0.0747],
        [0.5325],
        [0.3557],
        [0.6637],
        [0.8728],
        [0.0324],
        [0.1028]], device='cuda:0', grad_fn=<SigmoidBackward0>)
Epoch [52/100], T_AUC: [4m0.8252[0m
Epoch [52/100], Loss: 13.4721
val_Accuracy: [92m0.7826[0m
val_Precision: [4;34m0.7793[0m,               val_Recall: [4;33m0.7772[0m,                 val_F1 Score: [4;35m0.7731[0m
æ ‡ç­¾é‡Œ1çš„ä¸ªæ•°:  430
æ ‡ç­¾é‡Œ0çš„ä¸ªæ•°:  430
æ€»æ•°:  860
æ­£ç¡®çš„ä¸ªæ•°:  673
Epoch [52/100], V_AUC: [4m0.7798[0m
Epoch [53/100], Loss: 56.2766
train_Accuracy: [91m0.8181[0m
train_Precision: [4;34m0.8086[0m,               train_Recall: [4;33m0.8404[0m,                 train_F1 Score: [4;35m0.8193[0m
æ ‡ç­¾é‡Œ1çš„ä¸ªæ•°:  2150
æ ‡ç­¾é‡Œ0çš„ä¸ªæ•°:  2150
æ€»æ•°:  4300
æ­£ç¡®çš„ä¸ªæ•°:  3518
æœ€åä¸€ä¸ªæ‰¹æ¬¡çš„è¾“å‡º, ä¸æ»¡batchsizeæ˜¯æ­£å¸¸çš„:
 tensor([[0.8267],
        [0.8678],
        [0.9704],
        [0.1472],
        [0.8872],
        [0.0608],
        [0.5023],
        [0.3465],
        [0.6410],
        [0.8853],
        [0.0354],
        [0.1129]], device='cuda:0', grad_fn=<SigmoidBackward0>)
Epoch [53/100], T_AUC: [4m0.8233[0m
Epoch [53/100], Loss: 14.1268
val_Accuracy: [92m0.7907[0m
val_Precision: [4;34m0.8027[0m,               val_Recall: [4;33m0.7616[0m,                 val_F1 Score: [4;35m0.7763[0m
æ ‡ç­¾é‡Œ1çš„ä¸ªæ•°:  430
æ ‡ç­¾é‡Œ0çš„ä¸ªæ•°:  430
æ€»æ•°:  860
æ­£ç¡®çš„ä¸ªæ•°:  680
Epoch [53/100], V_AUC: [4m0.7884[0m
Epoch [54/100], Loss: 56.2163
train_Accuracy: [91m0.8202[0m
train_Precision: [4;34m0.8136[0m,               train_Recall: [4;33m0.8383[0m,                 train_F1 Score: [4;35m0.8207[0m
æ ‡ç­¾é‡Œ1çš„ä¸ªæ•°:  2150
æ ‡ç­¾é‡Œ0çš„ä¸ªæ•°:  2150
æ€»æ•°:  4300
æ­£ç¡®çš„ä¸ªæ•°:  3527
æœ€åä¸€ä¸ªæ‰¹æ¬¡çš„è¾“å‡º, ä¸æ»¡batchsizeæ˜¯æ­£å¸¸çš„:
 tensor([[0.8280],
        [0.8691],
        [0.9682],
        [0.1491],
        [0.8731],
        [0.0692],
        [0.5351],
        [0.3517],
        [0.6602],
        [0.8747],
        [0.0313],
        [0.1053]], device='cuda:0', grad_fn=<SigmoidBackward0>)
Epoch [54/100], T_AUC: [4m0.8257[0m
Epoch [54/100], Loss: 13.5479
val_Accuracy: [92m0.7872[0m
val_Precision: [4;34m0.7901[0m,               val_Recall: [4;33m0.7731[0m,                 val_F1 Score: [4;35m0.7760[0m
æ ‡ç­¾é‡Œ1çš„ä¸ªæ•°:  430
æ ‡ç­¾é‡Œ0çš„ä¸ªæ•°:  430
æ€»æ•°:  860
æ­£ç¡®çš„ä¸ªæ•°:  677
Epoch [54/100], V_AUC: [4m0.7849[0m
Epoch [55/100], Loss: 56.2680
train_Accuracy: [91m0.8174[0m
train_Precision: [4;34m0.8093[0m,               train_Recall: [4;33m0.8373[0m,                 train_F1 Score: [4;35m0.8181[0m
æ ‡ç­¾é‡Œ1çš„ä¸ªæ•°:  2150
æ ‡ç­¾é‡Œ0çš„ä¸ªæ•°:  2150
æ€»æ•°:  4300
æ­£ç¡®çš„ä¸ªæ•°:  3515
æœ€åä¸€ä¸ªæ‰¹æ¬¡çš„è¾“å‡º, ä¸æ»¡batchsizeæ˜¯æ­£å¸¸çš„:
 tensor([[0.8097],
        [0.8690],
        [0.9723],
        [0.1419],
        [0.8865],
        [0.0612],
        [0.5006],
        [0.3480],
        [0.6385],
        [0.8805],
        [0.0342],
        [0.1217]], device='cuda:0', grad_fn=<SigmoidBackward0>)
Epoch [55/100], T_AUC: [4m0.8225[0m
Epoch [55/100], Loss: 14.1851
val_Accuracy: [92m0.7907[0m
val_Precision: [4;34m0.8036[0m,               val_Recall: [4;33m0.7617[0m,                 val_F1 Score: [4;35m0.7762[0m
æ ‡ç­¾é‡Œ1çš„ä¸ªæ•°:  430
æ ‡ç­¾é‡Œ0çš„ä¸ªæ•°:  430
æ€»æ•°:  860
æ­£ç¡®çš„ä¸ªæ•°:  680
Epoch [55/100], V_AUC: [4m0.7886[0m
Epoch [56/100], Loss: 56.2097
train_Accuracy: [91m0.8179[0m
train_Precision: [4;34m0.8103[0m,               train_Recall: [4;33m0.8379[0m,                 train_F1 Score: [4;35m0.8187[0m
æ ‡ç­¾é‡Œ1çš„ä¸ªæ•°:  2150
æ ‡ç­¾é‡Œ0çš„ä¸ªæ•°:  2150
æ€»æ•°:  4300
æ­£ç¡®çš„ä¸ªæ•°:  3517
æœ€åä¸€ä¸ªæ‰¹æ¬¡çš„è¾“å‡º, ä¸æ»¡batchsizeæ˜¯æ­£å¸¸çš„:
 tensor([[0.8298],
        [0.8686],
        [0.9688],
        [0.1553],
        [0.8761],
        [0.0672],
        [0.5345],
        [0.3569],
        [0.6568],
        [0.8741],
        [0.0315],
        [0.1096]], device='cuda:0', grad_fn=<SigmoidBackward0>)
Epoch [56/100], T_AUC: [4m0.8233[0m
Epoch [56/100], Loss: 13.5207
val_Accuracy: [92m0.7826[0m
val_Precision: [4;34m0.7838[0m,               val_Recall: [4;33m0.7708[0m,                 val_F1 Score: [4;35m0.7722[0m
æ ‡ç­¾é‡Œ1çš„ä¸ªæ•°:  430
æ ‡ç­¾é‡Œ0çš„ä¸ªæ•°:  430
æ€»æ•°:  860
æ­£ç¡®çš„ä¸ªæ•°:  673
Epoch [56/100], V_AUC: [4m0.7802[0m
Epoch [57/100], Loss: 56.1878
train_Accuracy: [91m0.8193[0m
train_Precision: [4;34m0.8114[0m,               train_Recall: [4;33m0.8389[0m,                 train_F1 Score: [4;35m0.8200[0m
æ ‡ç­¾é‡Œ1çš„ä¸ªæ•°:  2150
æ ‡ç­¾é‡Œ0çš„ä¸ªæ•°:  2150
æ€»æ•°:  4300
æ­£ç¡®çš„ä¸ªæ•°:  3523
æœ€åä¸€ä¸ªæ‰¹æ¬¡çš„è¾“å‡º, ä¸æ»¡batchsizeæ˜¯æ­£å¸¸çš„:
 tensor([[0.8242],
        [0.8660],
        [0.9692],
        [0.1466],
        [0.8930],
        [0.0626],
        [0.5015],
        [0.3537],
        [0.6340],
        [0.8827],
        [0.0355],
        [0.1062]], device='cuda:0', grad_fn=<SigmoidBackward0>)
Epoch [57/100], T_AUC: [4m0.8245[0m
Epoch [57/100], Loss: 14.2150
val_Accuracy: [92m0.7884[0m
val_Precision: [4;34m0.8020[0m,               val_Recall: [4;33m0.7577[0m,                 val_F1 Score: [4;35m0.7740[0m
æ ‡ç­¾é‡Œ1çš„ä¸ªæ•°:  430
æ ‡ç­¾é‡Œ0çš„ä¸ªæ•°:  430
æ€»æ•°:  860
æ­£ç¡®çš„ä¸ªæ•°:  678
Epoch [57/100], V_AUC: [4m0.7865[0m
Epoch [58/100], Loss: 56.1196
train_Accuracy: [91m0.8202[0m
train_Precision: [4;34m0.8130[0m,               train_Recall: [4;33m0.8380[0m,                 train_F1 Score: [4;35m0.8204[0m
æ ‡ç­¾é‡Œ1çš„ä¸ªæ•°:  2150
æ ‡ç­¾é‡Œ0çš„ä¸ªæ•°:  2150
æ€»æ•°:  4300
æ­£ç¡®çš„ä¸ªæ•°:  3527
æœ€åä¸€ä¸ªæ‰¹æ¬¡çš„è¾“å‡º, ä¸æ»¡batchsizeæ˜¯æ­£å¸¸çš„:
 tensor([[0.8222],
        [0.8673],
        [0.9691],
        [0.1535],
        [0.8846],
        [0.0657],
        [0.5309],
        [0.3622],
        [0.6610],
        [0.8700],
        [0.0308],
        [0.1148]], device='cuda:0', grad_fn=<SigmoidBackward0>)
Epoch [58/100], T_AUC: [4m0.8255[0m
Epoch [58/100], Loss: 13.5679
val_Accuracy: [92m0.7837[0m
val_Precision: [4;34m0.7859[0m,               val_Recall: [4;33m0.7708[0m,                 val_F1 Score: [4;35m0.7730[0m
æ ‡ç­¾é‡Œ1çš„ä¸ªæ•°:  430
æ ‡ç­¾é‡Œ0çš„ä¸ªæ•°:  430
æ€»æ•°:  860
æ­£ç¡®çš„ä¸ªæ•°:  674
Epoch [58/100], V_AUC: [4m0.7816[0m
Epoch [59/100], Loss: 56.2023
train_Accuracy: [91m0.8198[0m
train_Precision: [4;34m0.8116[0m,               train_Recall: [4;33m0.8404[0m,                 train_F1 Score: [4;35m0.8207[0m
æ ‡ç­¾é‡Œ1çš„ä¸ªæ•°:  2150
æ ‡ç­¾é‡Œ0çš„ä¸ªæ•°:  2150
æ€»æ•°:  4300
æ­£ç¡®çš„ä¸ªæ•°:  3525
æœ€åä¸€ä¸ªæ‰¹æ¬¡çš„è¾“å‡º, ä¸æ»¡batchsizeæ˜¯æ­£å¸¸çš„:
 tensor([[0.8142],
        [0.8665],
        [0.9694],
        [0.1399],
        [0.8912],
        [0.0616],
        [0.4915],
        [0.3640],
        [0.6387],
        [0.8814],
        [0.0350],
        [0.1110]], device='cuda:0', grad_fn=<SigmoidBackward0>)
Epoch [59/100], T_AUC: [4m0.8252[0m
Epoch [59/100], Loss: 14.2094
val_Accuracy: [92m0.7907[0m
val_Precision: [4;34m0.8036[0m,               val_Recall: [4;33m0.7616[0m,                 val_F1 Score: [4;35m0.7763[0m
æ ‡ç­¾é‡Œ1çš„ä¸ªæ•°:  430
æ ‡ç­¾é‡Œ0çš„ä¸ªæ•°:  430
æ€»æ•°:  860
æ­£ç¡®çš„ä¸ªæ•°:  680
Epoch [59/100], V_AUC: [4m0.7886[0m
Epoch [60/100], Loss: 56.1798
train_Accuracy: [91m0.8188[0m
train_Precision: [4;34m0.8111[0m,               train_Recall: [4;33m0.8384[0m,                 train_F1 Score: [4;35m0.8195[0m
æ ‡ç­¾é‡Œ1çš„ä¸ªæ•°:  2150
æ ‡ç­¾é‡Œ0çš„ä¸ªæ•°:  2150
æ€»æ•°:  4300
æ­£ç¡®çš„ä¸ªæ•°:  3521
æœ€åä¸€ä¸ªæ‰¹æ¬¡çš„è¾“å‡º, ä¸æ»¡batchsizeæ˜¯æ­£å¸¸çš„:
 tensor([[0.8267],
        [0.8649],
        [0.9686],
        [0.1486],
        [0.8778],
        [0.0661],
        [0.5381],
        [0.3582],
        [0.6555],
        [0.8704],
        [0.0317],
        [0.1133]], device='cuda:0', grad_fn=<SigmoidBackward0>)
Epoch [60/100], T_AUC: [4m0.8242[0m
Epoch [60/100], Loss: 13.5334
val_Accuracy: [92m0.7837[0m
val_Precision: [4;34m0.7839[0m,               val_Recall: [4;33m0.7728[0m,                 val_F1 Score: [4;35m0.7734[0m
æ ‡ç­¾é‡Œ1çš„ä¸ªæ•°:  430
æ ‡ç­¾é‡Œ0çš„ä¸ªæ•°:  430
æ€»æ•°:  860
æ­£ç¡®çš„ä¸ªæ•°:  674
Epoch [60/100], V_AUC: [4m0.7815[0m
Epoch [61/100], Loss: 56.2560
train_Accuracy: [91m0.8179[0m
train_Precision: [4;34m0.8095[0m,               train_Recall: [4;33m0.8385[0m,                 train_F1 Score: [4;35m0.8187[0m
æ ‡ç­¾é‡Œ1çš„ä¸ªæ•°:  2150
æ ‡ç­¾é‡Œ0çš„ä¸ªæ•°:  2150
æ€»æ•°:  4300
æ­£ç¡®çš„ä¸ªæ•°:  3517
æœ€åä¸€ä¸ªæ‰¹æ¬¡çš„è¾“å‡º, ä¸æ»¡batchsizeæ˜¯æ­£å¸¸çš„:
 tensor([[0.8278],
        [0.8688],
        [0.9685],
        [0.1446],
        [0.8862],
        [0.0621],
        [0.5005],
        [0.3703],
        [0.6337],
        [0.8862],
        [0.0364],
        [0.1105]], device='cuda:0', grad_fn=<SigmoidBackward0>)
Epoch [61/100], T_AUC: [4m0.8232[0m
Epoch [61/100], Loss: 14.0942
val_Accuracy: [92m0.7884[0m
val_Precision: [4;34m0.8007[0m,               val_Recall: [4;33m0.7594[0m,                 val_F1 Score: [4;35m0.7741[0m
æ ‡ç­¾é‡Œ1çš„ä¸ªæ•°:  430
æ ‡ç­¾é‡Œ0çš„ä¸ªæ•°:  430
æ€»æ•°:  860
æ­£ç¡®çš„ä¸ªæ•°:  678
Epoch [61/100], V_AUC: [4m0.7861[0m
Epoch [62/100], Loss: 56.0806
train_Accuracy: [91m0.8198[0m
train_Precision: [4;34m0.8123[0m,               train_Recall: [4;33m0.8379[0m,                 train_F1 Score: [4;35m0.8199[0m
æ ‡ç­¾é‡Œ1çš„ä¸ªæ•°:  2150
æ ‡ç­¾é‡Œ0çš„ä¸ªæ•°:  2150
æ€»æ•°:  4300
æ­£ç¡®çš„ä¸ªæ•°:  3525
æœ€åä¸€ä¸ªæ‰¹æ¬¡çš„è¾“å‡º, ä¸æ»¡batchsizeæ˜¯æ­£å¸¸çš„:
 tensor([[0.8328],
        [0.8667],
        [0.9679],
        [0.1506],
        [0.8818],
        [0.0654],
        [0.5394],
        [0.3446],
        [0.6514],
        [0.8721],
        [0.0318],
        [0.1107]], device='cuda:0', grad_fn=<SigmoidBackward0>)
Epoch [62/100], T_AUC: [4m0.8252[0m
Epoch [62/100], Loss: 13.5805
val_Accuracy: [92m0.7826[0m
val_Precision: [4;34m0.7837[0m,               val_Recall: [4;33m0.7708[0m,                 val_F1 Score: [4;35m0.7721[0m
æ ‡ç­¾é‡Œ1çš„ä¸ªæ•°:  430
æ ‡ç­¾é‡Œ0çš„ä¸ªæ•°:  430
æ€»æ•°:  860
æ­£ç¡®çš„ä¸ªæ•°:  673
Epoch [62/100], V_AUC: [4m0.7804[0m
Epoch [63/100], Loss: 56.2242
train_Accuracy: [91m0.8179[0m
train_Precision: [4;34m0.8095[0m,               train_Recall: [4;33m0.8384[0m,                 train_F1 Score: [4;35m0.8187[0m
æ ‡ç­¾é‡Œ1çš„ä¸ªæ•°:  2150
æ ‡ç­¾é‡Œ0çš„ä¸ªæ•°:  2150
æ€»æ•°:  4300
æ­£ç¡®çš„ä¸ªæ•°:  3517
æœ€åä¸€ä¸ªæ‰¹æ¬¡çš„è¾“å‡º, ä¸æ»¡batchsizeæ˜¯æ­£å¸¸çš„:
 tensor([[0.8325],
        [0.8680],
        [0.9678],
        [0.1507],
        [0.8852],
        [0.0618],
        [0.5027],
        [0.3681],
        [0.6327],
        [0.8835],
        [0.0353],
        [0.1147]], device='cuda:0', grad_fn=<SigmoidBackward0>)
Epoch [63/100], T_AUC: [4m0.8229[0m
Epoch [63/100], Loss: 13.9271
val_Accuracy: [92m0.7895[0m
val_Precision: [4;34m0.8012[0m,               val_Recall: [4;33m0.7616[0m,                 val_F1 Score: [4;35m0.7754[0m
æ ‡ç­¾é‡Œ1çš„ä¸ªæ•°:  430
æ ‡ç­¾é‡Œ0çš„ä¸ªæ•°:  430
æ€»æ•°:  860
æ­£ç¡®çš„ä¸ªæ•°:  679
Epoch [63/100], V_AUC: [4m0.7872[0m
Epoch [64/100], Loss: 56.0658
train_Accuracy: [91m0.8193[0m
train_Precision: [4;34m0.8115[0m,               train_Recall: [4;33m0.8379[0m,                 train_F1 Score: [4;35m0.8196[0m
æ ‡ç­¾é‡Œ1çš„ä¸ªæ•°:  2150
æ ‡ç­¾é‡Œ0çš„ä¸ªæ•°:  2150
æ€»æ•°:  4300
æ­£ç¡®çš„ä¸ªæ•°:  3523
æœ€åä¸€ä¸ªæ‰¹æ¬¡çš„è¾“å‡º, ä¸æ»¡batchsizeæ˜¯æ­£å¸¸çš„:
 tensor([[0.8174],
        [0.8750],
        [0.9700],
        [0.1504],
        [0.8814],
        [0.0644],
        [0.5320],
        [0.3570],
        [0.6517],
        [0.8636],
        [0.0321],
        [0.1235]], device='cuda:0', grad_fn=<SigmoidBackward0>)
Epoch [64/100], T_AUC: [4m0.8245[0m
Epoch [64/100], Loss: 13.5518
val_Accuracy: [92m0.7849[0m
val_Precision: [4;34m0.7874[0m,               val_Recall: [4;33m0.7708[0m,                 val_F1 Score: [4;35m0.7741[0m
æ ‡ç­¾é‡Œ1çš„ä¸ªæ•°:  430
æ ‡ç­¾é‡Œ0çš„ä¸ªæ•°:  430
æ€»æ•°:  860
æ­£ç¡®çš„ä¸ªæ•°:  675
Epoch [64/100], V_AUC: [4m0.7821[0m
Epoch [65/100], Loss: 56.2095
train_Accuracy: [91m0.8177[0m
train_Precision: [4;34m0.8097[0m,               train_Recall: [4;33m0.8374[0m,                 train_F1 Score: [4;35m0.8183[0m
æ ‡ç­¾é‡Œ1çš„ä¸ªæ•°:  2150
æ ‡ç­¾é‡Œ0çš„ä¸ªæ•°:  2150
æ€»æ•°:  4300
æ­£ç¡®çš„ä¸ªæ•°:  3516
æœ€åä¸€ä¸ªæ‰¹æ¬¡çš„è¾“å‡º, ä¸æ»¡batchsizeæ˜¯æ­£å¸¸çš„:
 tensor([[0.8196],
        [0.8714],
        [0.9701],
        [0.1456],
        [0.8892],
        [0.0610],
        [0.5094],
        [0.3581],
        [0.6333],
        [0.8712],
        [0.0360],
        [0.1226]], device='cuda:0', grad_fn=<SigmoidBackward0>)
Epoch [65/100], T_AUC: [4m0.8229[0m
Epoch [65/100], Loss: 13.9845
val_Accuracy: [92m0.7895[0m
val_Precision: [4;34m0.8023[0m,               val_Recall: [4;33m0.7594[0m,                 val_F1 Score: [4;35m0.7751[0m
æ ‡ç­¾é‡Œ1çš„ä¸ªæ•°:  430
æ ‡ç­¾é‡Œ0çš„ä¸ªæ•°:  430
æ€»æ•°:  860
æ­£ç¡®çš„ä¸ªæ•°:  679
Epoch [65/100], V_AUC: [4m0.7871[0m
Epoch [66/100], Loss: 56.1440
train_Accuracy: [91m0.8188[0m
train_Precision: [4;34m0.8114[0m,               train_Recall: [4;33m0.8376[0m,                 train_F1 Score: [4;35m0.8192[0m
æ ‡ç­¾é‡Œ1çš„ä¸ªæ•°:  2150
æ ‡ç­¾é‡Œ0çš„ä¸ªæ•°:  2150
æ€»æ•°:  4300
æ­£ç¡®çš„ä¸ªæ•°:  3521
æœ€åä¸€ä¸ªæ‰¹æ¬¡çš„è¾“å‡º, ä¸æ»¡batchsizeæ˜¯æ­£å¸¸çš„:
 tensor([[0.8301],
        [0.8724],
        [0.9679],
        [0.1555],
        [0.8813],
        [0.0678],
        [0.5379],
        [0.3435],
        [0.6515],
        [0.8645],
        [0.0333],
        [0.1128]], device='cuda:0', grad_fn=<SigmoidBackward0>)
Epoch [66/100], T_AUC: [4m0.8241[0m
Epoch [66/100], Loss: 13.4722
val_Accuracy: [92m0.7837[0m
val_Precision: [4;34m0.7827[0m,               val_Recall: [4;33m0.7751[0m,                 val_F1 Score: [4;35m0.7738[0m
æ ‡ç­¾é‡Œ1çš„ä¸ªæ•°:  430
æ ‡ç­¾é‡Œ0çš„ä¸ªæ•°:  430
æ€»æ•°:  860
æ­£ç¡®çš„ä¸ªæ•°:  674
Epoch [66/100], V_AUC: [4m0.7814[0m
Epoch [67/100], Loss: 56.1529
train_Accuracy: [91m0.8188[0m
train_Precision: [4;34m0.8101[0m,               train_Recall: [4;33m0.8399[0m,                 train_F1 Score: [4;35m0.8197[0m
æ ‡ç­¾é‡Œ1çš„ä¸ªæ•°:  2150
æ ‡ç­¾é‡Œ0çš„ä¸ªæ•°:  2150
æ€»æ•°:  4300
æ­£ç¡®çš„ä¸ªæ•°:  3521
æœ€åä¸€ä¸ªæ‰¹æ¬¡çš„è¾“å‡º, ä¸æ»¡batchsizeæ˜¯æ­£å¸¸çš„:
 tensor([[0.8285],
        [0.8681],
        [0.9677],
        [0.1493],
        [0.8910],
        [0.0608],
        [0.5068],
        [0.3422],
        [0.6422],
        [0.8749],
        [0.0362],
        [0.1163]], device='cuda:0', grad_fn=<SigmoidBackward0>)
Epoch [67/100], T_AUC: [4m0.8243[0m
Epoch [67/100], Loss: 14.0642
val_Accuracy: [92m0.7895[0m
val_Precision: [4;34m0.8028[0m,               val_Recall: [4;33m0.7569[0m,                 val_F1 Score: [4;35m0.7741[0m
æ ‡ç­¾é‡Œ1çš„ä¸ªæ•°:  430
æ ‡ç­¾é‡Œ0çš„ä¸ªæ•°:  430
æ€»æ•°:  860
æ­£ç¡®çš„ä¸ªæ•°:  679
Epoch [67/100], V_AUC: [4m0.7870[0m
Epoch [68/100], Loss: 56.1457
train_Accuracy: [91m0.8191[0m
train_Precision: [4;34m0.8115[0m,               train_Recall: [4;33m0.8389[0m,                 train_F1 Score: [4;35m0.8198[0m
æ ‡ç­¾é‡Œ1çš„ä¸ªæ•°:  2150
æ ‡ç­¾é‡Œ0çš„ä¸ªæ•°:  2150
æ€»æ•°:  4300
æ­£ç¡®çš„ä¸ªæ•°:  3522
æœ€åä¸€ä¸ªæ‰¹æ¬¡çš„è¾“å‡º, ä¸æ»¡batchsizeæ˜¯æ­£å¸¸çš„:
 tensor([[0.8172],
        [0.8762],
        [0.9701],
        [0.1542],
        [0.8739],
        [0.0647],
        [0.5396],
        [0.3552],
        [0.6475],
        [0.8575],
        [0.0306],
        [0.1314]], device='cuda:0', grad_fn=<SigmoidBackward0>)
Epoch [68/100], T_AUC: [4m0.8244[0m
Epoch [68/100], Loss: 13.4939
val_Accuracy: [92m0.7791[0m
val_Precision: [4;34m0.7759[0m,               val_Recall: [4;33m0.7753[0m,                 val_F1 Score: [4;35m0.7704[0m
æ ‡ç­¾é‡Œ1çš„ä¸ªæ•°:  430
æ ‡ç­¾é‡Œ0çš„ä¸ªæ•°:  430
æ€»æ•°:  860
æ­£ç¡®çš„ä¸ªæ•°:  670
Epoch [68/100], V_AUC: [4m0.7764[0m
Epoch [69/100], Loss: 56.1744
train_Accuracy: [91m0.8181[0m
train_Precision: [4;34m0.8090[0m,               train_Recall: [4;33m0.8398[0m,                 train_F1 Score: [4;35m0.8192[0m
æ ‡ç­¾é‡Œ1çš„ä¸ªæ•°:  2150
æ ‡ç­¾é‡Œ0çš„ä¸ªæ•°:  2150
æ€»æ•°:  4300
æ­£ç¡®çš„ä¸ªæ•°:  3518
æœ€åä¸€ä¸ªæ‰¹æ¬¡çš„è¾“å‡º, ä¸æ»¡batchsizeæ˜¯æ­£å¸¸çš„:
 tensor([[0.8220],
        [0.8698],
        [0.9669],
        [0.1490],
        [0.8846],
        [0.0622],
        [0.5115],
        [0.3535],
        [0.6457],
        [0.8729],
        [0.0346],
        [0.1197]], device='cuda:0', grad_fn=<SigmoidBackward0>)
Epoch [69/100], T_AUC: [4m0.8233[0m
Epoch [69/100], Loss: 13.8679
val_Accuracy: [92m0.7895[0m
val_Precision: [4;34m0.8018[0m,               val_Recall: [4;33m0.7589[0m,                 val_F1 Score: [4;35m0.7745[0m
æ ‡ç­¾é‡Œ1çš„ä¸ªæ•°:  430
æ ‡ç­¾é‡Œ0çš„ä¸ªæ•°:  430
æ€»æ•°:  860
æ­£ç¡®çš„ä¸ªæ•°:  679
Epoch [69/100], V_AUC: [4m0.7869[0m
Epoch [70/100], Loss: 56.0632
train_Accuracy: [91m0.8193[0m
train_Precision: [4;34m0.8116[0m,               train_Recall: [4;33m0.8383[0m,                 train_F1 Score: [4;35m0.8198[0m
æ ‡ç­¾é‡Œ1çš„ä¸ªæ•°:  2150
æ ‡ç­¾é‡Œ0çš„ä¸ªæ•°:  2150
æ€»æ•°:  4300
æ­£ç¡®çš„ä¸ªæ•°:  3523
æœ€åä¸€ä¸ªæ‰¹æ¬¡çš„è¾“å‡º, ä¸æ»¡batchsizeæ˜¯æ­£å¸¸çš„:
 tensor([[0.8488],
        [0.8559],
        [0.9648],
        [0.1650],
        [0.8823],
        [0.0690],
        [0.5476],
        [0.3276],
        [0.6521],
        [0.8768],
        [0.0324],
        [0.1101]], device='cuda:0', grad_fn=<SigmoidBackward0>)
Epoch [70/100], T_AUC: [4m0.8248[0m
Epoch [70/100], Loss: 13.4914
val_Accuracy: [92m0.7872[0m
val_Precision: [4;34m0.7933[0m,               val_Recall: [4;33m0.7686[0m,                 val_F1 Score: [4;35m0.7751[0m
æ ‡ç­¾é‡Œ1çš„ä¸ªæ•°:  430
æ ‡ç­¾é‡Œ0çš„ä¸ªæ•°:  430
æ€»æ•°:  860
æ­£ç¡®çš„ä¸ªæ•°:  677
Epoch [70/100], V_AUC: [4m0.7846[0m
Epoch [71/100], Loss: 56.1898
train_Accuracy: [91m0.8195[0m
train_Precision: [4;34m0.8110[0m,               train_Recall: [4;33m0.8405[0m,                 train_F1 Score: [4;35m0.8203[0m
æ ‡ç­¾é‡Œ1çš„ä¸ªæ•°:  2150
æ ‡ç­¾é‡Œ0çš„ä¸ªæ•°:  2150
æ€»æ•°:  4300
æ­£ç¡®çš„ä¸ªæ•°:  3524
æœ€åä¸€ä¸ªæ‰¹æ¬¡çš„è¾“å‡º, ä¸æ»¡batchsizeæ˜¯æ­£å¸¸çš„:
 tensor([[0.8213],
        [0.8632],
        [0.9684],
        [0.1547],
        [0.8871],
        [0.0641],
        [0.5272],
        [0.3622],
        [0.6479],
        [0.8641],
        [0.0304],
        [0.1307]], device='cuda:0', grad_fn=<SigmoidBackward0>)
Epoch [71/100], T_AUC: [4m0.8252[0m
Epoch [71/100], Loss: 13.8542
val_Accuracy: [92m0.7872[0m
val_Precision: [4;34m0.7959[0m,               val_Recall: [4;33m0.7636[0m,                 val_F1 Score: [4;35m0.7743[0m
æ ‡ç­¾é‡Œ1çš„ä¸ªæ•°:  430
æ ‡ç­¾é‡Œ0çš„ä¸ªæ•°:  430
æ€»æ•°:  860
æ­£ç¡®çš„ä¸ªæ•°:  677
Epoch [71/100], V_AUC: [4m0.7845[0m
Epoch [72/100], Loss: 56.0022
train_Accuracy: [91m0.8181[0m
train_Precision: [4;34m0.8104[0m,               train_Recall: [4;33m0.8378[0m,                 train_F1 Score: [4;35m0.8188[0m
æ ‡ç­¾é‡Œ1çš„ä¸ªæ•°:  2150
æ ‡ç­¾é‡Œ0çš„ä¸ªæ•°:  2150
æ€»æ•°:  4300
æ­£ç¡®çš„ä¸ªæ•°:  3518
æœ€åä¸€ä¸ªæ‰¹æ¬¡çš„è¾“å‡º, ä¸æ»¡batchsizeæ˜¯æ­£å¸¸çš„:
 tensor([[0.8312],
        [0.8556],
        [0.9652],
        [0.1583],
        [0.8894],
        [0.0662],
        [0.5301],
        [0.3244],
        [0.6614],
        [0.8710],
        [0.0321],
        [0.1169]], device='cuda:0', grad_fn=<SigmoidBackward0>)
Epoch [72/100], T_AUC: [4m0.8238[0m
Epoch [72/100], Loss: 13.5752
val_Accuracy: [92m0.7872[0m
val_Precision: [4;34m0.7945[0m,               val_Recall: [4;33m0.7659[0m,                 val_F1 Score: [4;35m0.7746[0m
æ ‡ç­¾é‡Œ1çš„ä¸ªæ•°:  430
æ ‡ç­¾é‡Œ0çš„ä¸ªæ•°:  430
æ€»æ•°:  860
æ­£ç¡®çš„ä¸ªæ•°:  677
Epoch [72/100], V_AUC: [4m0.7843[0m
Epoch [73/100], Loss: 56.1259
train_Accuracy: [91m0.8179[0m
train_Precision: [4;34m0.8091[0m,               train_Recall: [4;33m0.8390[0m,                 train_F1 Score: [4;35m0.8186[0m
æ ‡ç­¾é‡Œ1çš„ä¸ªæ•°:  2150
æ ‡ç­¾é‡Œ0çš„ä¸ªæ•°:  2150
æ€»æ•°:  4300
æ­£ç¡®çš„ä¸ªæ•°:  3517
æœ€åä¸€ä¸ªæ‰¹æ¬¡çš„è¾“å‡º, ä¸æ»¡batchsizeæ˜¯æ­£å¸¸çš„:
 tensor([[0.8321],
        [0.8529],
        [0.9705],
        [0.1535],
        [0.8903],
        [0.0690],
        [0.5262],
        [0.3183],
        [0.6354],
        [0.8618],
        [0.0333],
        [0.1102]], device='cuda:0', grad_fn=<SigmoidBackward0>)
Epoch [73/100], T_AUC: [4m0.8234[0m
Epoch [73/100], Loss: 14.1199
val_Accuracy: [92m0.7895[0m
val_Precision: [4;34m0.8022[0m,               val_Recall: [4;33m0.7589[0m,                 val_F1 Score: [4;35m0.7747[0m
æ ‡ç­¾é‡Œ1çš„ä¸ªæ•°:  430
æ ‡ç­¾é‡Œ0çš„ä¸ªæ•°:  430
æ€»æ•°:  860
æ­£ç¡®çš„ä¸ªæ•°:  679
Epoch [73/100], V_AUC: [4m0.7865[0m
Epoch [74/100], Loss: 55.9801
train_Accuracy: [91m0.8198[0m
train_Precision: [4;34m0.8099[0m,               train_Recall: [4;33m0.8421[0m,                 train_F1 Score: [4;35m0.8207[0m
æ ‡ç­¾é‡Œ1çš„ä¸ªæ•°:  2150
æ ‡ç­¾é‡Œ0çš„ä¸ªæ•°:  2150
æ€»æ•°:  4300
æ­£ç¡®çš„ä¸ªæ•°:  3525
æœ€åä¸€ä¸ªæ‰¹æ¬¡çš„è¾“å‡º, ä¸æ»¡batchsizeæ˜¯æ­£å¸¸çš„:
 tensor([[0.8305],
        [0.8624],
        [0.9694],
        [0.1413],
        [0.8827],
        [0.0645],
        [0.5294],
        [0.3220],
        [0.6226],
        [0.8623],
        [0.0397],
        [0.1202]], device='cuda:0', grad_fn=<SigmoidBackward0>)
Epoch [74/100], T_AUC: [4m0.8253[0m
Epoch [74/100], Loss: 13.5524
val_Accuracy: [92m0.7849[0m
val_Precision: [4;34m0.7937[0m,               val_Recall: [4;33m0.7612[0m,                 val_F1 Score: [4;35m0.7718[0m
æ ‡ç­¾é‡Œ1çš„ä¸ªæ•°:  430
æ ‡ç­¾é‡Œ0çš„ä¸ªæ•°:  430
æ€»æ•°:  860
æ­£ç¡®çš„ä¸ªæ•°:  675
Epoch [74/100], V_AUC: [4m0.7812[0m
Epoch [75/100], Loss: 56.1541
train_Accuracy: [91m0.8172[0m
train_Precision: [4;34m0.8076[0m,               train_Recall: [4;33m0.8401[0m,                 train_F1 Score: [4;35m0.8182[0m
æ ‡ç­¾é‡Œ1çš„ä¸ªæ•°:  2150
æ ‡ç­¾é‡Œ0çš„ä¸ªæ•°:  2150
æ€»æ•°:  4300
æ­£ç¡®çš„ä¸ªæ•°:  3514
æœ€åä¸€ä¸ªæ‰¹æ¬¡çš„è¾“å‡º, ä¸æ»¡batchsizeæ˜¯æ­£å¸¸çš„:
 tensor([[0.8394],
        [0.8637],
        [0.9681],
        [0.1544],
        [0.8858],
        [0.0641],
        [0.5348],
        [0.3021],
        [0.6172],
        [0.8703],
        [0.0367],
        [0.1027]], device='cuda:0', grad_fn=<SigmoidBackward0>)
Epoch [75/100], T_AUC: [4m0.8226[0m
Epoch [75/100], Loss: 14.2498
val_Accuracy: [92m0.7872[0m
val_Precision: [4;34m0.8021[0m,               val_Recall: [4;33m0.7527[0m,                 val_F1 Score: [4;35m0.7718[0m
æ ‡ç­¾é‡Œ1çš„ä¸ªæ•°:  430
æ ‡ç­¾é‡Œ0çš„ä¸ªæ•°:  430
æ€»æ•°:  860
æ­£ç¡®çš„ä¸ªæ•°:  677
Epoch [75/100], V_AUC: [4m0.7848[0m
Epoch [76/100], Loss: 55.9105
train_Accuracy: [91m0.8177[0m
train_Precision: [4;34m0.8100[0m,               train_Recall: [4;33m0.8379[0m,                 train_F1 Score: [4;35m0.8184[0m
æ ‡ç­¾é‡Œ1çš„ä¸ªæ•°:  2150
æ ‡ç­¾é‡Œ0çš„ä¸ªæ•°:  2150
æ€»æ•°:  4300
æ­£ç¡®çš„ä¸ªæ•°:  3516
æœ€åä¸€ä¸ªæ‰¹æ¬¡çš„è¾“å‡º, ä¸æ»¡batchsizeæ˜¯æ­£å¸¸çš„:
 tensor([[0.8482],
        [0.8545],
        [0.9655],
        [0.1668],
        [0.8802],
        [0.0680],
        [0.5582],
        [0.3097],
        [0.6416],
        [0.8697],
        [0.0317],
        [0.1149]], device='cuda:0', grad_fn=<SigmoidBackward0>)
Epoch [76/100], T_AUC: [4m0.8235[0m
Epoch [76/100], Loss: 13.5318
val_Accuracy: [92m0.7814[0m
val_Precision: [4;34m0.7830[0m,               val_Recall: [4;33m0.7678[0m,                 val_F1 Score: [4;35m0.7703[0m
æ ‡ç­¾é‡Œ1çš„ä¸ªæ•°:  430
æ ‡ç­¾é‡Œ0çš„ä¸ªæ•°:  430
æ€»æ•°:  860
æ­£ç¡®çš„ä¸ªæ•°:  672
Epoch [76/100], V_AUC: [4m0.7782[0m
Epoch [77/100], Loss: 55.9442
train_Accuracy: [91m0.8198[0m
train_Precision: [4;34m0.8098[0m,               train_Recall: [4;33m0.8421[0m,                 train_F1 Score: [4;35m0.8207[0m
æ ‡ç­¾é‡Œ1çš„ä¸ªæ•°:  2150
æ ‡ç­¾é‡Œ0çš„ä¸ªæ•°:  2150
æ€»æ•°:  4300
æ­£ç¡®çš„ä¸ªæ•°:  3525
æœ€åä¸€ä¸ªæ‰¹æ¬¡çš„è¾“å‡º, ä¸æ»¡batchsizeæ˜¯æ­£å¸¸çš„:
 tensor([[0.8452],
        [0.8496],
        [0.9646],
        [0.1561],
        [0.8979],
        [0.0654],
        [0.5524],
        [0.2860],
        [0.6342],
        [0.8804],
        [0.0386],
        [0.1069]], device='cuda:0', grad_fn=<SigmoidBackward0>)
Epoch [77/100], T_AUC: [4m0.8251[0m
Epoch [77/100], Loss: 14.1564
val_Accuracy: [92m0.7884[0m
val_Precision: [4;34m0.7978[0m,               val_Recall: [4;33m0.7609[0m,                 val_F1 Score: [4;35m0.7741[0m
æ ‡ç­¾é‡Œ1çš„ä¸ªæ•°:  430
æ ‡ç­¾é‡Œ0çš„ä¸ªæ•°:  430
æ€»æ•°:  860
æ­£ç¡®çš„ä¸ªæ•°:  678
Epoch [77/100], V_AUC: [4m0.7856[0m
Epoch [78/100], Loss: 55.8768
train_Accuracy: [91m0.8179[0m
train_Precision: [4;34m0.8087[0m,               train_Recall: [4;33m0.8389[0m,                 train_F1 Score: [4;35m0.8186[0m
æ ‡ç­¾é‡Œ1çš„ä¸ªæ•°:  2150
æ ‡ç­¾é‡Œ0çš„ä¸ªæ•°:  2150
æ€»æ•°:  4300
æ­£ç¡®çš„ä¸ªæ•°:  3517
æœ€åä¸€ä¸ªæ‰¹æ¬¡çš„è¾“å‡º, ä¸æ»¡batchsizeæ˜¯æ­£å¸¸çš„:
 tensor([[0.8402],
        [0.8477],
        [0.9621],
        [0.1668],
        [0.9047],
        [0.0656],
        [0.5430],
        [0.3142],
        [0.6482],
        [0.8770],
        [0.0334],
        [0.1037]], device='cuda:0', grad_fn=<SigmoidBackward0>)
Epoch [78/100], T_AUC: [4m0.8233[0m
Epoch [78/100], Loss: 13.8056
val_Accuracy: [92m0.7837[0m
val_Precision: [4;34m0.7858[0m,               val_Recall: [4;33m0.7703[0m,                 val_F1 Score: [4;35m0.7729[0m
æ ‡ç­¾é‡Œ1çš„ä¸ªæ•°:  430
æ ‡ç­¾é‡Œ0çš„ä¸ªæ•°:  430
æ€»æ•°:  860
æ­£ç¡®çš„ä¸ªæ•°:  674
Epoch [78/100], V_AUC: [4m0.7812[0m
Epoch [79/100], Loss: 55.9303
train_Accuracy: [91m0.8188[0m
train_Precision: [4;34m0.8095[0m,               train_Recall: [4;33m0.8404[0m,                 train_F1 Score: [4;35m0.8198[0m
æ ‡ç­¾é‡Œ1çš„ä¸ªæ•°:  2150
æ ‡ç­¾é‡Œ0çš„ä¸ªæ•°:  2150
æ€»æ•°:  4300
æ­£ç¡®çš„ä¸ªæ•°:  3521
æœ€åä¸€ä¸ªæ‰¹æ¬¡çš„è¾“å‡º, ä¸æ»¡batchsizeæ˜¯æ­£å¸¸çš„:
 tensor([[0.8580],
        [0.8473],
        [0.9607],
        [0.1660],
        [0.8959],
        [0.0636],
        [0.5688],
        [0.3065],
        [0.6425],
        [0.8795],
        [0.0322],
        [0.1225]], device='cuda:0', grad_fn=<SigmoidBackward0>)
Epoch [79/100], T_AUC: [4m0.8243[0m
Epoch [79/100], Loss: 13.5618
val_Accuracy: [92m0.7791[0m
val_Precision: [4;34m0.7792[0m,               val_Recall: [4;33m0.7678[0m,                 val_F1 Score: [4;35m0.7686[0m
æ ‡ç­¾é‡Œ1çš„ä¸ªæ•°:  430
æ ‡ç­¾é‡Œ0çš„ä¸ªæ•°:  430
æ€»æ•°:  860
æ­£ç¡®çš„ä¸ªæ•°:  670
Epoch [79/100], V_AUC: [4m0.7760[0m
Epoch [80/100], Loss: 55.9377
train_Accuracy: [91m0.8214[0m
train_Precision: [4;34m0.8126[0m,               train_Recall: [4;33m0.8415[0m,                 train_F1 Score: [4;35m0.8220[0m
æ ‡ç­¾é‡Œ1çš„ä¸ªæ•°:  2150
æ ‡ç­¾é‡Œ0çš„ä¸ªæ•°:  2150
æ€»æ•°:  4300
æ­£ç¡®çš„ä¸ªæ•°:  3532
æœ€åä¸€ä¸ªæ‰¹æ¬¡çš„è¾“å‡º, ä¸æ»¡batchsizeæ˜¯æ­£å¸¸çš„:
 tensor([[0.8458],
        [0.8547],
        [0.9625],
        [0.1485],
        [0.9041],
        [0.0633],
        [0.5535],
        [0.3039],
        [0.6431],
        [0.8681],
        [0.0341],
        [0.1321]], device='cuda:0', grad_fn=<SigmoidBackward0>)
Epoch [80/100], T_AUC: [4m0.8265[0m
Epoch [80/100], Loss: 13.8888
val_Accuracy: [92m0.7837[0m
val_Precision: [4;34m0.7900[0m,               val_Recall: [4;33m0.7632[0m,                 val_F1 Score: [4;35m0.7712[0m
æ ‡ç­¾é‡Œ1çš„ä¸ªæ•°:  430
æ ‡ç­¾é‡Œ0çš„ä¸ªæ•°:  430
æ€»æ•°:  860
æ­£ç¡®çš„ä¸ªæ•°:  674
Epoch [80/100], V_AUC: [4m0.7811[0m
Epoch [81/100], Loss: 55.8154
train_Accuracy: [91m0.8214[0m
train_Precision: [4;34m0.8126[0m,               train_Recall: [4;33m0.8415[0m,                 train_F1 Score: [4;35m0.8218[0m
æ ‡ç­¾é‡Œ1çš„ä¸ªæ•°:  2150
æ ‡ç­¾é‡Œ0çš„ä¸ªæ•°:  2150
æ€»æ•°:  4300
æ­£ç¡®çš„ä¸ªæ•°:  3532
æœ€åä¸€ä¸ªæ‰¹æ¬¡çš„è¾“å‡º, ä¸æ»¡batchsizeæ˜¯æ­£å¸¸çš„:
 tensor([[0.8406],
        [0.8495],
        [0.9604],
        [0.1615],
        [0.9030],
        [0.0617],
        [0.5540],
        [0.3153],
        [0.6633],
        [0.8671],
        [0.0294],
        [0.1369]], device='cuda:0', grad_fn=<SigmoidBackward0>)
Epoch [81/100], T_AUC: [4m0.8268[0m
Epoch [81/100], Loss: 13.6550
val_Accuracy: [92m0.7791[0m
val_Precision: [4;34m0.7793[0m,               val_Recall: [4;33m0.7678[0m,                 val_F1 Score: [4;35m0.7687[0m
æ ‡ç­¾é‡Œ1çš„ä¸ªæ•°:  430
æ ‡ç­¾é‡Œ0çš„ä¸ªæ•°:  430
æ€»æ•°:  860
æ­£ç¡®çš„ä¸ªæ•°:  670
Epoch [81/100], V_AUC: [4m0.7757[0m
Epoch [82/100], Loss: 55.9446
train_Accuracy: [91m0.8214[0m
train_Precision: [4;34m0.8102[0m,               train_Recall: [4;33m0.8470[0m,                 train_F1 Score: [4;35m0.8232[0m
æ ‡ç­¾é‡Œ1çš„ä¸ªæ•°:  2150
æ ‡ç­¾é‡Œ0çš„ä¸ªæ•°:  2150
æ€»æ•°:  4300
æ­£ç¡®çš„ä¸ªæ•°:  3532
æœ€åä¸€ä¸ªæ‰¹æ¬¡çš„è¾“å‡º, ä¸æ»¡batchsizeæ˜¯æ­£å¸¸çš„:
 tensor([[0.8411],
        [0.8700],
        [0.9633],
        [0.1497],
        [0.9052],
        [0.0678],
        [0.5501],
        [0.2631],
        [0.6303],
        [0.8756],
        [0.0424],
        [0.0913]], device='cuda:0', grad_fn=<SigmoidBackward0>)
Epoch [82/100], T_AUC: [4m0.8268[0m
Epoch [82/100], Loss: 14.6157
val_Accuracy: [92m0.7895[0m
val_Precision: [4;34m0.8119[0m,               val_Recall: [4;33m0.7422[0m,                 val_F1 Score: [4;35m0.7709[0m
æ ‡ç­¾é‡Œ1çš„ä¸ªæ•°:  430
æ ‡ç­¾é‡Œ0çš„ä¸ªæ•°:  430
æ€»æ•°:  860
æ­£ç¡®çš„ä¸ªæ•°:  679
Epoch [82/100], V_AUC: [4m0.7863[0m
Epoch [83/100], Loss: 55.9504
train_Accuracy: [91m0.8214[0m
train_Precision: [4;34m0.8114[0m,               train_Recall: [4;33m0.8438[0m,                 train_F1 Score: [4;35m0.8225[0m
æ ‡ç­¾é‡Œ1çš„ä¸ªæ•°:  2150
æ ‡ç­¾é‡Œ0çš„ä¸ªæ•°:  2150
æ€»æ•°:  4300
æ­£ç¡®çš„ä¸ªæ•°:  3532
æœ€åä¸€ä¸ªæ‰¹æ¬¡çš„è¾“å‡º, ä¸æ»¡batchsizeæ˜¯æ­£å¸¸çš„:
 tensor([[0.8435],
        [0.8203],
        [0.9579],
        [0.1556],
        [0.9144],
        [0.0622],
        [0.5454],
        [0.3095],
        [0.6545],
        [0.8691],
        [0.0332],
        [0.1205]], device='cuda:0', grad_fn=<SigmoidBackward0>)
Epoch [83/100], T_AUC: [4m0.8265[0m
Epoch [83/100], Loss: 13.6290
val_Accuracy: [92m0.7849[0m
val_Precision: [4;34m0.7890[0m,               val_Recall: [4;33m0.7678[0m,                 val_F1 Score: [4;35m0.7732[0m
æ ‡ç­¾é‡Œ1çš„ä¸ªæ•°:  430
æ ‡ç­¾é‡Œ0çš„ä¸ªæ•°:  430
æ€»æ•°:  860
æ­£ç¡®çš„ä¸ªæ•°:  675
Epoch [83/100], V_AUC: [4m0.7818[0m
Epoch [84/100], Loss: 55.8814
train_Accuracy: [91m0.8221[0m
train_Precision: [4;34m0.8124[0m,               train_Recall: [4;33m0.8433[0m,                 train_F1 Score: [4;35m0.8228[0m
æ ‡ç­¾é‡Œ1çš„ä¸ªæ•°:  2150
æ ‡ç­¾é‡Œ0çš„ä¸ªæ•°:  2150
æ€»æ•°:  4300
æ­£ç¡®çš„ä¸ªæ•°:  3535
æœ€åä¸€ä¸ªæ‰¹æ¬¡çš„è¾“å‡º, ä¸æ»¡batchsizeæ˜¯æ­£å¸¸çš„:
 tensor([[0.8313],
        [0.8260],
        [0.9653],
        [0.1413],
        [0.9167],
        [0.0625],
        [0.5345],
        [0.2967],
        [0.6441],
        [0.8626],
        [0.0364],
        [0.1189]], device='cuda:0', grad_fn=<SigmoidBackward0>)
Epoch [84/100], T_AUC: [4m0.8272[0m
Epoch [84/100], Loss: 14.2515
val_Accuracy: [92m0.7860[0m
val_Precision: [4;34m0.7961[0m,               val_Recall: [4;33m0.7585[0m,                 val_F1 Score: [4;35m0.7718[0m
æ ‡ç­¾é‡Œ1çš„ä¸ªæ•°:  430
æ ‡ç­¾é‡Œ0çš„ä¸ªæ•°:  430
æ€»æ•°:  860
æ­£ç¡®çš„ä¸ªæ•°:  676
Epoch [84/100], V_AUC: [4m0.7834[0m
Epoch [85/100], Loss: 55.8860
train_Accuracy: [91m0.8219[0m
train_Precision: [4;34m0.8135[0m,               train_Recall: [4;33m0.8417[0m,                 train_F1 Score: [4;35m0.8223[0m
æ ‡ç­¾é‡Œ1çš„ä¸ªæ•°:  2150
æ ‡ç­¾é‡Œ0çš„ä¸ªæ•°:  2150
æ€»æ•°:  4300
æ­£ç¡®çš„ä¸ªæ•°:  3534
æœ€åä¸€ä¸ªæ‰¹æ¬¡çš„è¾“å‡º, ä¸æ»¡batchsizeæ˜¯æ­£å¸¸çš„:
 tensor([[0.8500],
        [0.8412],
        [0.9591],
        [0.1657],
        [0.9125],
        [0.0671],
        [0.5575],
        [0.2935],
        [0.6476],
        [0.8717],
        [0.0328],
        [0.1215]], device='cuda:0', grad_fn=<SigmoidBackward0>)
Epoch [85/100], T_AUC: [4m0.8273[0m
Epoch [85/100], Loss: 13.5300
val_Accuracy: [92m0.7767[0m
val_Precision: [4;34m0.7732[0m,               val_Recall: [4;33m0.7703[0m,                 val_F1 Score: [4;35m0.7674[0m
æ ‡ç­¾é‡Œ1çš„ä¸ªæ•°:  430
æ ‡ç­¾é‡Œ0çš„ä¸ªæ•°:  430
æ€»æ•°:  860
æ­£ç¡®çš„ä¸ªæ•°:  668
Epoch [85/100], V_AUC: [4m0.7735[0m
Epoch [86/100], Loss: 55.8703
train_Accuracy: [91m0.8219[0m
train_Precision: [4;34m0.8119[0m,               train_Recall: [4;33m0.8449[0m,                 train_F1 Score: [4;35m0.8230[0m
æ ‡ç­¾é‡Œ1çš„ä¸ªæ•°:  2150
æ ‡ç­¾é‡Œ0çš„ä¸ªæ•°:  2150
æ€»æ•°:  4300
æ­£ç¡®çš„ä¸ªæ•°:  3534
æœ€åä¸€ä¸ªæ‰¹æ¬¡çš„è¾“å‡º, ä¸æ»¡batchsizeæ˜¯æ­£å¸¸çš„:
 tensor([[0.8298],
        [0.8289],
        [0.9639],
        [0.1455],
        [0.9169],
        [0.0641],
        [0.5520],
        [0.3052],
        [0.6462],
        [0.8603],
        [0.0343],
        [0.1352]], device='cuda:0', grad_fn=<SigmoidBackward0>)
Epoch [86/100], T_AUC: [4m0.8270[0m
Epoch [86/100], Loss: 13.9513
val_Accuracy: [92m0.7837[0m
val_Precision: [4;34m0.7908[0m,               val_Recall: [4;33m0.7636[0m,                 val_F1 Score: [4;35m0.7714[0m
æ ‡ç­¾é‡Œ1çš„ä¸ªæ•°:  430
æ ‡ç­¾é‡Œ0çš„ä¸ªæ•°:  430
æ€»æ•°:  860
æ­£ç¡®çš„ä¸ªæ•°:  674
Epoch [86/100], V_AUC: [4m0.7816[0m
Epoch [87/100], Loss: 55.9573
train_Accuracy: [91m0.8212[0m
train_Precision: [4;34m0.8134[0m,               train_Recall: [4;33m0.8399[0m,                 train_F1 Score: [4;35m0.8215[0m
æ ‡ç­¾é‡Œ1çš„ä¸ªæ•°:  2150
æ ‡ç­¾é‡Œ0çš„ä¸ªæ•°:  2150
æ€»æ•°:  4300
æ­£ç¡®çš„ä¸ªæ•°:  3531
æœ€åä¸€ä¸ªæ‰¹æ¬¡çš„è¾“å‡º, ä¸æ»¡batchsizeæ˜¯æ­£å¸¸çš„:
 tensor([[0.8331],
        [0.8217],
        [0.9643],
        [0.1535],
        [0.9149],
        [0.0695],
        [0.5547],
        [0.3007],
        [0.6471],
        [0.8583],
        [0.0333],
        [0.1216]], device='cuda:0', grad_fn=<SigmoidBackward0>)
Epoch [87/100], T_AUC: [4m0.8264[0m
Epoch [87/100], Loss: 13.5948
val_Accuracy: [92m0.7837[0m
val_Precision: [4;34m0.7851[0m,               val_Recall: [4;33m0.7698[0m,                 val_F1 Score: [4;35m0.7725[0m
æ ‡ç­¾é‡Œ1çš„ä¸ªæ•°:  430
æ ‡ç­¾é‡Œ0çš„ä¸ªæ•°:  430
æ€»æ•°:  860
æ­£ç¡®çš„ä¸ªæ•°:  674
Epoch [87/100], V_AUC: [4m0.7804[0m
Epoch [88/100], Loss: 55.7993
train_Accuracy: [91m0.8193[0m
train_Precision: [4;34m0.8089[0m,               train_Recall: [4;33m0.8426[0m,                 train_F1 Score: [4;35m0.8204[0m
æ ‡ç­¾é‡Œ1çš„ä¸ªæ•°:  2150
æ ‡ç­¾é‡Œ0çš„ä¸ªæ•°:  2150
æ€»æ•°:  4300
æ­£ç¡®çš„ä¸ªæ•°:  3523
æœ€åä¸€ä¸ªæ‰¹æ¬¡çš„è¾“å‡º, ä¸æ»¡batchsizeæ˜¯æ­£å¸¸çš„:
 tensor([[0.8486],
        [0.8364],
        [0.9651],
        [0.1222],
        [0.9181],
        [0.0649],
        [0.5441],
        [0.2696],
        [0.6246],
        [0.8751],
        [0.0528],
        [0.0934]], device='cuda:0', grad_fn=<SigmoidBackward0>)
Epoch [88/100], T_AUC: [4m0.8244[0m
Epoch [88/100], Loss: 15.0109
val_Accuracy: [92m0.7919[0m
val_Precision: [4;34m0.8244[0m,               val_Recall: [4;33m0.7304[0m,                 val_F1 Score: [4;35m0.7700[0m
æ ‡ç­¾é‡Œ1çš„ä¸ªæ•°:  430
æ ‡ç­¾é‡Œ0çš„ä¸ªæ•°:  430
æ€»æ•°:  860
æ­£ç¡®çš„ä¸ªæ•°:  681
Epoch [88/100], V_AUC: [4m0.7888[0m
Epoch [89/100], Loss: 55.8407
train_Accuracy: [91m0.8212[0m
train_Precision: [4;34m0.8118[0m,               train_Recall: [4;33m0.8425[0m,                 train_F1 Score: [4;35m0.8218[0m
æ ‡ç­¾é‡Œ1çš„ä¸ªæ•°:  2150
æ ‡ç­¾é‡Œ0çš„ä¸ªæ•°:  2150
æ€»æ•°:  4300
æ­£ç¡®çš„ä¸ªæ•°:  3531
æœ€åä¸€ä¸ªæ‰¹æ¬¡çš„è¾“å‡º, ä¸æ»¡batchsizeæ˜¯æ­£å¸¸çš„:
 tensor([[0.8372],
        [0.8244],
        [0.9666],
        [0.1465],
        [0.9070],
        [0.0664],
        [0.5563],
        [0.2789],
        [0.6333],
        [0.8507],
        [0.0355],
        [0.1259]], device='cuda:0', grad_fn=<SigmoidBackward0>)
Epoch [89/100], T_AUC: [4m0.8266[0m
Epoch [89/100], Loss: 13.6079
val_Accuracy: [92m0.7779[0m
val_Precision: [4;34m0.7789[0m,               val_Recall: [4;33m0.7652[0m,                 val_F1 Score: [4;35m0.7671[0m
æ ‡ç­¾é‡Œ1çš„ä¸ªæ•°:  430
æ ‡ç­¾é‡Œ0çš„ä¸ªæ•°:  430
æ€»æ•°:  860
æ­£ç¡®çš„ä¸ªæ•°:  669
Epoch [89/100], V_AUC: [4m0.7735[0m
Epoch [90/100], Loss: 55.8541
train_Accuracy: [91m0.8212[0m
train_Precision: [4;34m0.8118[0m,               train_Recall: [4;33m0.8426[0m,                 train_F1 Score: [4;35m0.8220[0m
æ ‡ç­¾é‡Œ1çš„ä¸ªæ•°:  2150
æ ‡ç­¾é‡Œ0çš„ä¸ªæ•°:  2150
æ€»æ•°:  4300
æ­£ç¡®çš„ä¸ªæ•°:  3531
æœ€åä¸€ä¸ªæ‰¹æ¬¡çš„è¾“å‡º, ä¸æ»¡batchsizeæ˜¯æ­£å¸¸çš„:
 tensor([[0.8618],
        [0.8254],
        [0.9659],
        [0.1443],
        [0.9122],
        [0.0644],
        [0.5514],
        [0.2863],
        [0.6230],
        [0.8769],
        [0.0432],
        [0.1126]], device='cuda:0', grad_fn=<SigmoidBackward0>)
Epoch [90/100], T_AUC: [4m0.8263[0m
Epoch [90/100], Loss: 14.2288
val_Accuracy: [92m0.7860[0m
val_Precision: [4;34m0.8007[0m,               val_Recall: [4;33m0.7524[0m,                 val_F1 Score: [4;35m0.7711[0m
æ ‡ç­¾é‡Œ1çš„ä¸ªæ•°:  430
æ ‡ç­¾é‡Œ0çš„ä¸ªæ•°:  430
æ€»æ•°:  860
æ­£ç¡®çš„ä¸ªæ•°:  676
Epoch [90/100], V_AUC: [4m0.7837[0m
Epoch [91/100], Loss: 55.8372
train_Accuracy: [91m0.8195[0m
train_Precision: [4;34m0.8098[0m,               train_Recall: [4;33m0.8423[0m,                 train_F1 Score: [4;35m0.8207[0m
æ ‡ç­¾é‡Œ1çš„ä¸ªæ•°:  2150
æ ‡ç­¾é‡Œ0çš„ä¸ªæ•°:  2150
æ€»æ•°:  4300
æ­£ç¡®çš„ä¸ªæ•°:  3524
æœ€åä¸€ä¸ªæ‰¹æ¬¡çš„è¾“å‡º, ä¸æ»¡batchsizeæ˜¯æ­£å¸¸çš„:
 tensor([[0.8539],
        [0.8262],
        [0.9662],
        [0.1463],
        [0.9059],
        [0.0699],
        [0.5765],
        [0.2765],
        [0.6294],
        [0.8649],
        [0.0393],
        [0.1207]], device='cuda:0', grad_fn=<SigmoidBackward0>)
Epoch [91/100], T_AUC: [4m0.8251[0m
Epoch [91/100], Loss: 13.6118
val_Accuracy: [92m0.7802[0m
val_Precision: [4;34m0.7799[0m,               val_Recall: [4;33m0.7696[0m,                 val_F1 Score: [4;35m0.7699[0m
æ ‡ç­¾é‡Œ1çš„ä¸ªæ•°:  430
æ ‡ç­¾é‡Œ0çš„ä¸ªæ•°:  430
æ€»æ•°:  860
æ­£ç¡®çš„ä¸ªæ•°:  671
Epoch [91/100], V_AUC: [4m0.7763[0m
Epoch [92/100], Loss: 55.8464
train_Accuracy: [91m0.8193[0m
train_Precision: [4;34m0.8092[0m,               train_Recall: [4;33m0.8431[0m,                 train_F1 Score: [4;35m0.8208[0m
æ ‡ç­¾é‡Œ1çš„ä¸ªæ•°:  2150
æ ‡ç­¾é‡Œ0çš„ä¸ªæ•°:  2150
æ€»æ•°:  4300
æ­£ç¡®çš„ä¸ªæ•°:  3523
æœ€åä¸€ä¸ªæ‰¹æ¬¡çš„è¾“å‡º, ä¸æ»¡batchsizeæ˜¯æ­£å¸¸çš„:
 tensor([[0.8396],
        [0.8304],
        [0.9677],
        [0.1350],
        [0.9064],
        [0.0644],
        [0.5486],
        [0.2971],
        [0.6273],
        [0.8633],
        [0.0383],
        [0.1209]], device='cuda:0', grad_fn=<SigmoidBackward0>)
Epoch [92/100], T_AUC: [4m0.8244[0m
Epoch [92/100], Loss: 14.2450
val_Accuracy: [92m0.7849[0m
val_Precision: [4;34m0.7943[0m,               val_Recall: [4;33m0.7589[0m,                 val_F1 Score: [4;35m0.7711[0m
æ ‡ç­¾é‡Œ1çš„ä¸ªæ•°:  430
æ ‡ç­¾é‡Œ0çš„ä¸ªæ•°:  430
æ€»æ•°:  860
æ­£ç¡®çš„ä¸ªæ•°:  675
Epoch [92/100], V_AUC: [4m0.7821[0m
Epoch [93/100], Loss: 55.7749
train_Accuracy: [91m0.8226[0m
train_Precision: [4;34m0.8140[0m,               train_Recall: [4;33m0.8435[0m,                 train_F1 Score: [4;35m0.8234[0m
æ ‡ç­¾é‡Œ1çš„ä¸ªæ•°:  2150
æ ‡ç­¾é‡Œ0çš„ä¸ªæ•°:  2150
æ€»æ•°:  4300
æ­£ç¡®çš„ä¸ªæ•°:  3537
æœ€åä¸€ä¸ªæ‰¹æ¬¡çš„è¾“å‡º, ä¸æ»¡batchsizeæ˜¯æ­£å¸¸çš„:
 tensor([[0.8615],
        [0.8220],
        [0.9681],
        [0.1456],
        [0.8966],
        [0.0721],
        [0.5722],
        [0.2920],
        [0.6336],
        [0.8640],
        [0.0389],
        [0.1093]], device='cuda:0', grad_fn=<SigmoidBackward0>)
Epoch [93/100], T_AUC: [4m0.8280[0m
Epoch [93/100], Loss: 13.6135
val_Accuracy: [92m0.7849[0m
val_Precision: [4;34m0.7887[0m,               val_Recall: [4;33m0.7671[0m,                 val_F1 Score: [4;35m0.7729[0m
æ ‡ç­¾é‡Œ1çš„ä¸ªæ•°:  430
æ ‡ç­¾é‡Œ0çš„ä¸ªæ•°:  430
æ€»æ•°:  860
æ­£ç¡®çš„ä¸ªæ•°:  675
Epoch [93/100], V_AUC: [4m0.7810[0m
Epoch [94/100], Loss: 55.8551
train_Accuracy: [91m0.8186[0m
train_Precision: [4;34m0.8093[0m,               train_Recall: [4;33m0.8432[0m,                 train_F1 Score: [4;35m0.8207[0m
æ ‡ç­¾é‡Œ1çš„ä¸ªæ•°:  2150
æ ‡ç­¾é‡Œ0çš„ä¸ªæ•°:  2150
æ€»æ•°:  4300
æ­£ç¡®çš„ä¸ªæ•°:  3520
æœ€åä¸€ä¸ªæ‰¹æ¬¡çš„è¾“å‡º, ä¸æ»¡batchsizeæ˜¯æ­£å¸¸çš„:
 tensor([[0.8371],
        [0.8152],
        [0.9720],
        [0.1364],
        [0.9138],
        [0.0674],
        [0.5356],
        [0.2764],
        [0.5896],
        [0.8692],
        [0.0458],
        [0.1182]], device='cuda:0', grad_fn=<SigmoidBackward0>)
Epoch [94/100], T_AUC: [4m0.8240[0m
Epoch [94/100], Loss: 14.3995
val_Accuracy: [92m0.7860[0m
val_Precision: [4;34m0.7995[0m,               val_Recall: [4;33m0.7549[0m,                 val_F1 Score: [4;35m0.7717[0m
æ ‡ç­¾é‡Œ1çš„ä¸ªæ•°:  430
æ ‡ç­¾é‡Œ0çš„ä¸ªæ•°:  430
æ€»æ•°:  860
æ­£ç¡®çš„ä¸ªæ•°:  676
Epoch [94/100], V_AUC: [4m0.7839[0m
Epoch [95/100], Loss: 55.8399
train_Accuracy: [91m0.8226[0m
train_Precision: [4;34m0.8144[0m,               train_Recall: [4;33m0.8419[0m,                 train_F1 Score: [4;35m0.8228[0m
æ ‡ç­¾é‡Œ1çš„ä¸ªæ•°:  2150
æ ‡ç­¾é‡Œ0çš„ä¸ªæ•°:  2150
æ€»æ•°:  4300
æ­£ç¡®çš„ä¸ªæ•°:  3537
æœ€åä¸€ä¸ªæ‰¹æ¬¡çš„è¾“å‡º, ä¸æ»¡batchsizeæ˜¯æ­£å¸¸çš„:
 tensor([[0.8494],
        [0.8311],
        [0.9698],
        [0.1433],
        [0.8887],
        [0.0721],
        [0.5625],
        [0.2931],
        [0.6425],
        [0.8599],
        [0.0373],
        [0.1175]], device='cuda:0', grad_fn=<SigmoidBackward0>)
Epoch [95/100], T_AUC: [4m0.8278[0m
Epoch [95/100], Loss: 13.5825
val_Accuracy: [92m0.7849[0m
val_Precision: [4;34m0.7923[0m,               val_Recall: [4;33m0.7632[0m,                 val_F1 Score: [4;35m0.7726[0m
æ ‡ç­¾é‡Œ1çš„ä¸ªæ•°:  430
æ ‡ç­¾é‡Œ0çš„ä¸ªæ•°:  430
æ€»æ•°:  860
æ­£ç¡®çš„ä¸ªæ•°:  675
Epoch [95/100], V_AUC: [4m0.7812[0m
Epoch [96/100], Loss: 55.8424
train_Accuracy: [91m0.8193[0m
train_Precision: [4;34m0.8101[0m,               train_Recall: [4;33m0.8424[0m,                 train_F1 Score: [4;35m0.8209[0m
æ ‡ç­¾é‡Œ1çš„ä¸ªæ•°:  2150
æ ‡ç­¾é‡Œ0çš„ä¸ªæ•°:  2150
æ€»æ•°:  4300
æ­£ç¡®çš„ä¸ªæ•°:  3523
æœ€åä¸€ä¸ªæ‰¹æ¬¡çš„è¾“å‡º, ä¸æ»¡batchsizeæ˜¯æ­£å¸¸çš„:
 tensor([[0.8451],
        [0.8398],
        [0.9716],
        [0.1392],
        [0.9000],
        [0.0730],
        [0.5491],
        [0.2679],
        [0.6244],
        [0.8580],
        [0.0408],
        [0.1160]], device='cuda:0', grad_fn=<SigmoidBackward0>)
Epoch [96/100], T_AUC: [4m0.8247[0m
Epoch [96/100], Loss: 14.1303
val_Accuracy: [92m0.7884[0m
val_Precision: [4;34m0.8020[0m,               val_Recall: [4;33m0.7566[0m,                 val_F1 Score: [4;35m0.7737[0m
æ ‡ç­¾é‡Œ1çš„ä¸ªæ•°:  430
æ ‡ç­¾é‡Œ0çš„ä¸ªæ•°:  430
æ€»æ•°:  860
æ­£ç¡®çš„ä¸ªæ•°:  678
Epoch [96/100], V_AUC: [4m0.7859[0m
Epoch [97/100], Loss: 55.7020
train_Accuracy: [91m0.8244[0m
train_Precision: [4;34m0.8148[0m,               train_Recall: [4;33m0.8467[0m,                 train_F1 Score: [4;35m0.8254[0m
æ ‡ç­¾é‡Œ1çš„ä¸ªæ•°:  2150
æ ‡ç­¾é‡Œ0çš„ä¸ªæ•°:  2150
æ€»æ•°:  4300
æ­£ç¡®çš„ä¸ªæ•°:  3545
æœ€åä¸€ä¸ªæ‰¹æ¬¡çš„è¾“å‡º, ä¸æ»¡batchsizeæ˜¯æ­£å¸¸çš„:
 tensor([[0.8498],
        [0.8340],
        [0.9698],
        [0.1425],
        [0.8903],
        [0.0663],
        [0.5546],
        [0.3011],
        [0.6460],
        [0.8570],
        [0.0336],
        [0.1418]], device='cuda:0', grad_fn=<SigmoidBackward0>)
Epoch [97/100], T_AUC: [4m0.8299[0m
Epoch [97/100], Loss: 13.7875
val_Accuracy: [92m0.7884[0m
val_Precision: [4;34m0.7977[0m,               val_Recall: [4;33m0.7634[0m,                 val_F1 Score: [4;35m0.7753[0m
æ ‡ç­¾é‡Œ1çš„ä¸ªæ•°:  430
æ ‡ç­¾é‡Œ0çš„ä¸ªæ•°:  430
æ€»æ•°:  860
æ­£ç¡®çš„ä¸ªæ•°:  678
Epoch [97/100], V_AUC: [4m0.7850[0m
Epoch [98/100], Loss: 55.8477
train_Accuracy: [91m0.8202[0m
train_Precision: [4;34m0.8105[0m,               train_Recall: [4;33m0.8438[0m,                 train_F1 Score: [4;35m0.8218[0m
æ ‡ç­¾é‡Œ1çš„ä¸ªæ•°:  2150
æ ‡ç­¾é‡Œ0çš„ä¸ªæ•°:  2150
æ€»æ•°:  4300
æ­£ç¡®çš„ä¸ªæ•°:  3527
æœ€åä¸€ä¸ªæ‰¹æ¬¡çš„è¾“å‡º, ä¸æ»¡batchsizeæ˜¯æ­£å¸¸çš„:
 tensor([[0.8345],
        [0.8204],
        [0.9707],
        [0.1344],
        [0.9098],
        [0.0728],
        [0.5482],
        [0.2714],
        [0.6139],
        [0.8735],
        [0.0448],
        [0.1223]], device='cuda:0', grad_fn=<SigmoidBackward0>)
Epoch [98/100], T_AUC: [4m0.8255[0m
Epoch [98/100], Loss: 14.0815
val_Accuracy: [92m0.7895[0m
val_Precision: [4;34m0.8037[0m,               val_Recall: [4;33m0.7566[0m,                 val_F1 Score: [4;35m0.7746[0m
æ ‡ç­¾é‡Œ1çš„ä¸ªæ•°:  430
æ ‡ç­¾é‡Œ0çš„ä¸ªæ•°:  430
æ€»æ•°:  860
æ­£ç¡®çš„ä¸ªæ•°:  679
Epoch [98/100], V_AUC: [4m0.7872[0m
Epoch [99/100], Loss: 55.7818
train_Accuracy: [91m0.8214[0m
train_Precision: [4;34m0.8120[0m,               train_Recall: [4;33m0.8429[0m,                 train_F1 Score: [4;35m0.8222[0m
æ ‡ç­¾é‡Œ1çš„ä¸ªæ•°:  2150
æ ‡ç­¾é‡Œ0çš„ä¸ªæ•°:  2150
æ€»æ•°:  4300
æ­£ç¡®çš„ä¸ªæ•°:  3532
æœ€åä¸€ä¸ªæ‰¹æ¬¡çš„è¾“å‡º, ä¸æ»¡batchsizeæ˜¯æ­£å¸¸çš„:
 tensor([[0.8490],
        [0.8265],
        [0.9682],
        [0.1464],
        [0.9088],
        [0.0780],
        [0.5627],
        [0.2673],
        [0.6511],
        [0.8535],
        [0.0378],
        [0.1173]], device='cuda:0', grad_fn=<SigmoidBackward0>)
Epoch [99/100], T_AUC: [4m0.8265[0m
Epoch [99/100], Loss: 13.5345
val_Accuracy: [92m0.7860[0m
val_Precision: [4;34m0.7894[0m,               val_Recall: [4;33m0.7726[0m,                 val_F1 Score: [4;35m0.7759[0m
æ ‡ç­¾é‡Œ1çš„ä¸ªæ•°:  430
æ ‡ç­¾é‡Œ0çš„ä¸ªæ•°:  430
æ€»æ•°:  860
æ­£ç¡®çš„ä¸ªæ•°:  676
Epoch [99/100], V_AUC: [4m0.7819[0m
Epoch [100/100], Loss: 55.7981
train_Accuracy: [91m0.8209[0m
train_Precision: [4;34m0.8102[0m,               train_Recall: [4;33m0.8456[0m,                 train_F1 Score: [4;35m0.8225[0m
æ ‡ç­¾é‡Œ1çš„ä¸ªæ•°:  2150
æ ‡ç­¾é‡Œ0çš„ä¸ªæ•°:  2150
æ€»æ•°:  4300
æ­£ç¡®çš„ä¸ªæ•°:  3530
æœ€åä¸€ä¸ªæ‰¹æ¬¡çš„è¾“å‡º, ä¸æ»¡batchsizeæ˜¯æ­£å¸¸çš„:
 tensor([[0.8512],
        [0.8237],
        [0.9697],
        [0.1238],
        [0.9004],
        [0.0730],
        [0.5497],
        [0.2532],
        [0.6030],
        [0.8806],
        [0.0572],
        [0.1043]], device='cuda:0', grad_fn=<SigmoidBackward0>)
Epoch [100/100], T_AUC: [4m0.8264[0m
Epoch [100/100], Loss: 14.8928
val_Accuracy: [92m0.7942[0m
val_Precision: [4;34m0.8235[0m,               val_Recall: [4;33m0.7372[0m,                 val_F1 Score: [4;35m0.7734[0m
æ ‡ç­¾é‡Œ1çš„ä¸ªæ•°:  430
æ ‡ç­¾é‡Œ0çš„ä¸ªæ•°:  430
æ€»æ•°:  860
æ­£ç¡®çš„ä¸ªæ•°:  683
Epoch [100/100], V_AUC: [4m0.7910[0m
ç¬¬0æ‰¹ç¬¬2ä¸ª, 100
ç¬¬0æ‰¹ç¬¬15ä¸ª, 100
ç¬¬1æ‰¹ç¬¬0ä¸ª, 100
ç¬¬1æ‰¹ç¬¬13ä¸ª, 100
ç¬¬1æ‰¹ç¬¬16ä¸ª, 100
send email successfully
