2024-06-24-19:16:08
1æ’åº128-0.4
åˆ›å»ºæ¨¡å‹å®ä¾‹
æ¨¡å‹å®ä¾‹åˆ›å»ºå®Œæˆ
åŠ è½½é¢„è®­ç»ƒå‚æ•°
é¢„è®­ç»ƒå‚æ•°åŠ è½½å®Œæˆ
Epoch [1/100], Loss: 60.6902
train_Accuracy: [91m0.7984[0m
train_Precision: [4;34m0.7917[0m,               train_Recall: [4;33m0.8244[0m,                 train_F1 Score: [4;35m0.8012[0m
æ ‡ç­¾é‡Œ1çš„ä¸ªæ•°:  2150
æ ‡ç­¾é‡Œ0çš„ä¸ªæ•°:  2150
æ€»æ•°:  4300
æ­£ç¡®çš„ä¸ªæ•°:  3433
æœ€åä¸€ä¸ªæ‰¹æ¬¡çš„è¾“å‡º, ä¸æ»¡batchsizeæ˜¯æ­£å¸¸çš„:
 tensor([[0.9236],
        [0.8116],
        [0.9743],
        [0.1622],
        [0.7789],
        [0.1458],
        [0.5106],
        [0.3494],
        [0.4471],
        [0.9224],
        [0.0427],
        [0.0527]], device='cuda:0', grad_fn=<SigmoidBackward0>)
Epoch [1/100], T_AUC: [4m0.8053[0m
Epoch [1/100], Loss: 13.7346
val_Accuracy: [92m0.7919[0m
val_Precision: [4;34m0.7855[0m,               val_Recall: [4;33m0.7943[0m,                 val_F1 Score: [4;35m0.7853[0m
æ ‡ç­¾é‡Œ1çš„ä¸ªæ•°:  430
æ ‡ç­¾é‡Œ0çš„ä¸ªæ•°:  430
æ€»æ•°:  860
æ­£ç¡®çš„ä¸ªæ•°:  681
Epoch [1/100], V_AUC: [4m0.7893[0m
Epoch [2/100], Loss: 58.0695
train_Accuracy: [91m0.8114[0m
train_Precision: [4;34m0.8014[0m,               train_Recall: [4;33m0.8368[0m,                 train_F1 Score: [4;35m0.8135[0m
æ ‡ç­¾é‡Œ1çš„ä¸ªæ•°:  2150
æ ‡ç­¾é‡Œ0çš„ä¸ªæ•°:  2150
æ€»æ•°:  4300
æ­£ç¡®çš„ä¸ªæ•°:  3489
æœ€åä¸€ä¸ªæ‰¹æ¬¡çš„è¾“å‡º, ä¸æ»¡batchsizeæ˜¯æ­£å¸¸çš„:
 tensor([[0.9053],
        [0.8345],
        [0.9758],
        [0.1579],
        [0.7508],
        [0.1552],
        [0.4931],
        [0.3645],
        [0.5147],
        [0.9054],
        [0.0454],
        [0.0594]], device='cuda:0', grad_fn=<SigmoidBackward0>)
Epoch [2/100], T_AUC: [4m0.8171[0m
Epoch [2/100], Loss: 13.7198
val_Accuracy: [92m0.7895[0m
val_Precision: [4;34m0.7830[0m,               val_Recall: [4;33m0.7922[0m,                 val_F1 Score: [4;35m0.7833[0m
æ ‡ç­¾é‡Œ1çš„ä¸ªæ•°:  430
æ ‡ç­¾é‡Œ0çš„ä¸ªæ•°:  430
æ€»æ•°:  860
æ­£ç¡®çš„ä¸ªæ•°:  679
Epoch [2/100], V_AUC: [4m0.7872[0m
Epoch [3/100], Loss: 57.3035
train_Accuracy: [91m0.8147[0m
train_Precision: [4;34m0.8056[0m,               train_Recall: [4;33m0.8366[0m,                 train_F1 Score: [4;35m0.8157[0m
æ ‡ç­¾é‡Œ1çš„ä¸ªæ•°:  2150
æ ‡ç­¾é‡Œ0çš„ä¸ªæ•°:  2150
æ€»æ•°:  4300
æ­£ç¡®çš„ä¸ªæ•°:  3503
æœ€åä¸€ä¸ªæ‰¹æ¬¡çš„è¾“å‡º, ä¸æ»¡batchsizeæ˜¯æ­£å¸¸çš„:
 tensor([[0.8924],
        [0.8433],
        [0.9808],
        [0.1592],
        [0.7404],
        [0.1556],
        [0.4676],
        [0.3771],
        [0.5589],
        [0.8933],
        [0.0455],
        [0.0573]], device='cuda:0', grad_fn=<SigmoidBackward0>)
Epoch [3/100], T_AUC: [4m0.8206[0m
Epoch [3/100], Loss: 13.9161
val_Accuracy: [92m0.7872[0m
val_Precision: [4;34m0.7826[0m,               val_Recall: [4;33m0.7857[0m,                 val_F1 Score: [4;35m0.7796[0m
æ ‡ç­¾é‡Œ1çš„ä¸ªæ•°:  430
æ ‡ç­¾é‡Œ0çš„ä¸ªæ•°:  430
æ€»æ•°:  860
æ­£ç¡®çš„ä¸ªæ•°:  677
Epoch [3/100], V_AUC: [4m0.7848[0m
Epoch [4/100], Loss: 56.8224
train_Accuracy: [91m0.8147[0m
train_Precision: [4;34m0.8045[0m,               train_Recall: [4;33m0.8393[0m,                 train_F1 Score: [4;35m0.8165[0m
æ ‡ç­¾é‡Œ1çš„ä¸ªæ•°:  2150
æ ‡ç­¾é‡Œ0çš„ä¸ªæ•°:  2150
æ€»æ•°:  4300
æ­£ç¡®çš„ä¸ªæ•°:  3503
æœ€åä¸€ä¸ªæ‰¹æ¬¡çš„è¾“å‡º, ä¸æ»¡batchsizeæ˜¯æ­£å¸¸çš„:
 tensor([[0.8794],
        [0.8480],
        [0.9847],
        [0.1464],
        [0.7674],
        [0.1368],
        [0.4804],
        [0.3440],
        [0.5849],
        [0.9004],
        [0.0439],
        [0.0539]], device='cuda:0', grad_fn=<SigmoidBackward0>)
Epoch [4/100], T_AUC: [4m0.8204[0m
Epoch [4/100], Loss: 14.0488
val_Accuracy: [92m0.7872[0m
val_Precision: [4;34m0.7855[0m,               val_Recall: [4;33m0.7802[0m,                 val_F1 Score: [4;35m0.7774[0m
æ ‡ç­¾é‡Œ1çš„ä¸ªæ•°:  430
æ ‡ç­¾é‡Œ0çš„ä¸ªæ•°:  430
æ€»æ•°:  860
æ­£ç¡®çš„ä¸ªæ•°:  677
Epoch [4/100], V_AUC: [4m0.7843[0m
Epoch [5/100], Loss: 56.2501
train_Accuracy: [91m0.8193[0m
train_Precision: [4;34m0.8097[0m,               train_Recall: [4;33m0.8423[0m,                 train_F1 Score: [4;35m0.8209[0m
æ ‡ç­¾é‡Œ1çš„ä¸ªæ•°:  2150
æ ‡ç­¾é‡Œ0çš„ä¸ªæ•°:  2150
æ€»æ•°:  4300
æ­£ç¡®çš„ä¸ªæ•°:  3523
æœ€åä¸€ä¸ªæ‰¹æ¬¡çš„è¾“å‡º, ä¸æ»¡batchsizeæ˜¯æ­£å¸¸çš„:
 tensor([[0.8600],
        [0.8355],
        [0.9857],
        [0.1495],
        [0.7470],
        [0.1114],
        [0.4839],
        [0.3549],
        [0.6420],
        [0.9048],
        [0.0509],
        [0.0591]], device='cuda:0', grad_fn=<SigmoidBackward0>)
Epoch [5/100], T_AUC: [4m0.8244[0m
Epoch [5/100], Loss: 14.0277
val_Accuracy: [92m0.7930[0m
val_Precision: [4;34m0.7949[0m,               val_Recall: [4;33m0.7829[0m,                 val_F1 Score: [4;35m0.7834[0m
æ ‡ç­¾é‡Œ1çš„ä¸ªæ•°:  430
æ ‡ç­¾é‡Œ0çš„ä¸ªæ•°:  430
æ€»æ•°:  860
æ­£ç¡®çš„ä¸ªæ•°:  682
Epoch [5/100], V_AUC: [4m0.7907[0m
Epoch [6/100], Loss: 55.8138
train_Accuracy: [91m0.8207[0m
train_Precision: [4;34m0.8121[0m,               train_Recall: [4;33m0.8459[0m,                 train_F1 Score: [4;35m0.8233[0m
æ ‡ç­¾é‡Œ1çš„ä¸ªæ•°:  2150
æ ‡ç­¾é‡Œ0çš„ä¸ªæ•°:  2150
æ€»æ•°:  4300
æ­£ç¡®çš„ä¸ªæ•°:  3529
æœ€åä¸€ä¸ªæ‰¹æ¬¡çš„è¾“å‡º, ä¸æ»¡batchsizeæ˜¯æ­£å¸¸çš„:
 tensor([[0.8553],
        [0.8084],
        [0.9863],
        [0.1431],
        [0.7979],
        [0.1148],
        [0.3940],
        [0.3336],
        [0.6740],
        [0.8841],
        [0.0615],
        [0.0733]], device='cuda:0', grad_fn=<SigmoidBackward0>)
Epoch [6/100], T_AUC: [4m0.8268[0m
Epoch [6/100], Loss: 14.2739
val_Accuracy: [92m0.7930[0m
val_Precision: [4;34m0.7958[0m,               val_Recall: [4;33m0.7805[0m,                 val_F1 Score: [4;35m0.7836[0m
æ ‡ç­¾é‡Œ1çš„ä¸ªæ•°:  430
æ ‡ç­¾é‡Œ0çš„ä¸ªæ•°:  430
æ€»æ•°:  860
æ­£ç¡®çš„ä¸ªæ•°:  682
Epoch [6/100], V_AUC: [4m0.7905[0m
Epoch [7/100], Loss: 55.2478
train_Accuracy: [91m0.8221[0m
train_Precision: [4;34m0.8121[0m,               train_Recall: [4;33m0.8476[0m,                 train_F1 Score: [4;35m0.8247[0m
æ ‡ç­¾é‡Œ1çš„ä¸ªæ•°:  2150
æ ‡ç­¾é‡Œ0çš„ä¸ªæ•°:  2150
æ€»æ•°:  4300
æ­£ç¡®çš„ä¸ªæ•°:  3535
æœ€åä¸€ä¸ªæ‰¹æ¬¡çš„è¾“å‡º, ä¸æ»¡batchsizeæ˜¯æ­£å¸¸çš„:
 tensor([[0.8289],
        [0.8372],
        [0.9881],
        [0.1545],
        [0.7384],
        [0.1249],
        [0.3799],
        [0.3385],
        [0.7423],
        [0.8624],
        [0.0483],
        [0.0828]], device='cuda:0', grad_fn=<SigmoidBackward0>)
Epoch [7/100], T_AUC: [4m0.8279[0m
Epoch [7/100], Loss: 14.0427
val_Accuracy: [92m0.7884[0m
val_Precision: [4;34m0.7879[0m,               val_Recall: [4;33m0.7815[0m,                 val_F1 Score: [4;35m0.7792[0m
æ ‡ç­¾é‡Œ1çš„ä¸ªæ•°:  430
æ ‡ç­¾é‡Œ0çš„ä¸ªæ•°:  430
æ€»æ•°:  860
æ­£ç¡®çš„ä¸ªæ•°:  678
Epoch [7/100], V_AUC: [4m0.7851[0m
Epoch [8/100], Loss: 54.9439
train_Accuracy: [91m0.8244[0m
train_Precision: [4;34m0.8144[0m,               train_Recall: [4;33m0.8477[0m,                 train_F1 Score: [4;35m0.8261[0m
æ ‡ç­¾é‡Œ1çš„ä¸ªæ•°:  2150
æ ‡ç­¾é‡Œ0çš„ä¸ªæ•°:  2150
æ€»æ•°:  4300
æ­£ç¡®çš„ä¸ªæ•°:  3545
æœ€åä¸€ä¸ªæ‰¹æ¬¡çš„è¾“å‡º, ä¸æ»¡batchsizeæ˜¯æ­£å¸¸çš„:
 tensor([[0.8247],
        [0.8229],
        [0.9871],
        [0.1476],
        [0.7856],
        [0.0958],
        [0.4605],
        [0.2445],
        [0.8079],
        [0.8888],
        [0.0439],
        [0.0802]], device='cuda:0', grad_fn=<SigmoidBackward0>)
Epoch [8/100], T_AUC: [4m0.8296[0m
Epoch [8/100], Loss: 14.3203
val_Accuracy: [92m0.7837[0m
val_Precision: [4;34m0.7946[0m,               val_Recall: [4;33m0.7537[0m,                 val_F1 Score: [4;35m0.7686[0m
æ ‡ç­¾é‡Œ1çš„ä¸ªæ•°:  430
æ ‡ç­¾é‡Œ0çš„ä¸ªæ•°:  430
æ€»æ•°:  860
æ­£ç¡®çš„ä¸ªæ•°:  674
Epoch [8/100], V_AUC: [4m0.7806[0m
Epoch [9/100], Loss: 54.4224
train_Accuracy: [91m0.8279[0m
train_Precision: [4;34m0.8193[0m,               train_Recall: [4;33m0.8498[0m,                 train_F1 Score: [4;35m0.8294[0m
æ ‡ç­¾é‡Œ1çš„ä¸ªæ•°:  2150
æ ‡ç­¾é‡Œ0çš„ä¸ªæ•°:  2150
æ€»æ•°:  4300
æ­£ç¡®çš„ä¸ªæ•°:  3560
æœ€åä¸€ä¸ªæ‰¹æ¬¡çš„è¾“å‡º, ä¸æ»¡batchsizeæ˜¯æ­£å¸¸çš„:
 tensor([[0.8559],
        [0.8922],
        [0.9784],
        [0.1316],
        [0.8438],
        [0.1082],
        [0.4056],
        [0.2910],
        [0.7582],
        [0.8935],
        [0.0461],
        [0.0550]], device='cuda:0', grad_fn=<SigmoidBackward0>)
Epoch [9/100], T_AUC: [4m0.8332[0m
Epoch [9/100], Loss: 14.2205
val_Accuracy: [92m0.7860[0m
val_Precision: [4;34m0.7854[0m,               val_Recall: [4;33m0.7801[0m,                 val_F1 Score: [4;35m0.7774[0m
æ ‡ç­¾é‡Œ1çš„ä¸ªæ•°:  430
æ ‡ç­¾é‡Œ0çš„ä¸ªæ•°:  430
æ€»æ•°:  860
æ­£ç¡®çš„ä¸ªæ•°:  676
Epoch [9/100], V_AUC: [4m0.7834[0m
Epoch [10/100], Loss: 53.5266
train_Accuracy: [91m0.8305[0m
train_Precision: [4;34m0.8210[0m,               train_Recall: [4;33m0.8547[0m,                 train_F1 Score: [4;35m0.8326[0m
æ ‡ç­¾é‡Œ1çš„ä¸ªæ•°:  2150
æ ‡ç­¾é‡Œ0çš„ä¸ªæ•°:  2150
æ€»æ•°:  4300
æ­£ç¡®çš„ä¸ªæ•°:  3571
æœ€åä¸€ä¸ªæ‰¹æ¬¡çš„è¾“å‡º, ä¸æ»¡batchsizeæ˜¯æ­£å¸¸çš„:
 tensor([[0.8766],
        [0.8798],
        [0.9911],
        [0.1244],
        [0.8792],
        [0.0867],
        [0.3728],
        [0.1519],
        [0.7337],
        [0.8581],
        [0.0411],
        [0.0941]], device='cuda:0', grad_fn=<SigmoidBackward0>)
Epoch [10/100], T_AUC: [4m0.8359[0m
Epoch [10/100], Loss: 14.7921
val_Accuracy: [92m0.7849[0m
val_Precision: [4;34m0.7799[0m,               val_Recall: [4;33m0.7810[0m,                 val_F1 Score: [4;35m0.7757[0m
æ ‡ç­¾é‡Œ1çš„ä¸ªæ•°:  430
æ ‡ç­¾é‡Œ0çš„ä¸ªæ•°:  430
æ€»æ•°:  860
æ­£ç¡®çš„ä¸ªæ•°:  675
Epoch [10/100], V_AUC: [4m0.7811[0m
Epoch [11/100], Loss: 53.3998
train_Accuracy: [91m0.8302[0m
train_Precision: [4;34m0.8227[0m,               train_Recall: [4;33m0.8500[0m,                 train_F1 Score: [4;35m0.8314[0m
æ ‡ç­¾é‡Œ1çš„ä¸ªæ•°:  2150
æ ‡ç­¾é‡Œ0çš„ä¸ªæ•°:  2150
æ€»æ•°:  4300
æ­£ç¡®çš„ä¸ªæ•°:  3570
æœ€åä¸€ä¸ªæ‰¹æ¬¡çš„è¾“å‡º, ä¸æ»¡batchsizeæ˜¯æ­£å¸¸çš„:
 tensor([[0.8996],
        [0.8907],
        [0.9866],
        [0.1146],
        [0.8834],
        [0.0659],
        [0.4184],
        [0.2717],
        [0.8020],
        [0.8712],
        [0.0316],
        [0.0575]], device='cuda:0', grad_fn=<SigmoidBackward0>)
Epoch [11/100], T_AUC: [4m0.8353[0m
Epoch [11/100], Loss: 14.9316
val_Accuracy: [92m0.7907[0m
val_Precision: [4;34m0.7935[0m,               val_Recall: [4;33m0.7744[0m,                 val_F1 Score: [4;35m0.7784[0m
æ ‡ç­¾é‡Œ1çš„ä¸ªæ•°:  430
æ ‡ç­¾é‡Œ0çš„ä¸ªæ•°:  430
æ€»æ•°:  860
æ­£ç¡®çš„ä¸ªæ•°:  680
Epoch [11/100], V_AUC: [4m0.7876[0m
Epoch [12/100], Loss: 52.6284
train_Accuracy: [91m0.8319[0m
train_Precision: [4;34m0.8234[0m,               train_Recall: [4;33m0.8556[0m,                 train_F1 Score: [4;35m0.8341[0m
æ ‡ç­¾é‡Œ1çš„ä¸ªæ•°:  2150
æ ‡ç­¾é‡Œ0çš„ä¸ªæ•°:  2150
æ€»æ•°:  4300
æ­£ç¡®çš„ä¸ªæ•°:  3577
æœ€åä¸€ä¸ªæ‰¹æ¬¡çš„è¾“å‡º, ä¸æ»¡batchsizeæ˜¯æ­£å¸¸çš„:
 tensor([[0.9199],
        [0.9043],
        [0.9810],
        [0.1148],
        [0.8146],
        [0.0708],
        [0.3271],
        [0.2280],
        [0.8365],
        [0.9236],
        [0.0266],
        [0.0710]], device='cuda:0', grad_fn=<SigmoidBackward0>)
Epoch [12/100], T_AUC: [4m0.8372[0m
Epoch [12/100], Loss: 15.2692
val_Accuracy: [92m0.7895[0m
val_Precision: [4;34m0.7925[0m,               val_Recall: [4;33m0.7749[0m,                 val_F1 Score: [4;35m0.7792[0m
æ ‡ç­¾é‡Œ1çš„ä¸ªæ•°:  430
æ ‡ç­¾é‡Œ0çš„ä¸ªæ•°:  430
æ€»æ•°:  860
æ­£ç¡®çš„ä¸ªæ•°:  679
Epoch [12/100], V_AUC: [4m0.7871[0m
Epoch [13/100], Loss: 51.4611
train_Accuracy: [91m0.8405[0m
train_Precision: [4;34m0.8328[0m,               train_Recall: [4;33m0.8606[0m,                 train_F1 Score: [4;35m0.8418[0m
æ ‡ç­¾é‡Œ1çš„ä¸ªæ•°:  2150
æ ‡ç­¾é‡Œ0çš„ä¸ªæ•°:  2150
æ€»æ•°:  4300
æ­£ç¡®çš„ä¸ªæ•°:  3614
æœ€åä¸€ä¸ªæ‰¹æ¬¡çš„è¾“å‡º, ä¸æ»¡batchsizeæ˜¯æ­£å¸¸çš„:
 tensor([[0.8918],
        [0.8887],
        [0.9798],
        [0.1191],
        [0.9009],
        [0.0561],
        [0.2952],
        [0.1836],
        [0.8497],
        [0.9254],
        [0.0323],
        [0.0760]], device='cuda:0', grad_fn=<SigmoidBackward0>)
Epoch [13/100], T_AUC: [4m0.8456[0m
Epoch [13/100], Loss: 15.0687
val_Accuracy: [92m0.7930[0m
val_Precision: [4;34m0.7972[0m,               val_Recall: [4;33m0.7746[0m,                 val_F1 Score: [4;35m0.7812[0m
æ ‡ç­¾é‡Œ1çš„ä¸ªæ•°:  430
æ ‡ç­¾é‡Œ0çš„ä¸ªæ•°:  430
æ€»æ•°:  860
æ­£ç¡®çš„ä¸ªæ•°:  682
Epoch [13/100], V_AUC: [4m0.7905[0m
Epoch [14/100], Loss: 52.1257
train_Accuracy: [91m0.8347[0m
train_Precision: [4;34m0.8242[0m,               train_Recall: [4;33m0.8597[0m,                 train_F1 Score: [4;35m0.8371[0m
æ ‡ç­¾é‡Œ1çš„ä¸ªæ•°:  2150
æ ‡ç­¾é‡Œ0çš„ä¸ªæ•°:  2150
æ€»æ•°:  4300
æ­£ç¡®çš„ä¸ªæ•°:  3589
æœ€åä¸€ä¸ªæ‰¹æ¬¡çš„è¾“å‡º, ä¸æ»¡batchsizeæ˜¯æ­£å¸¸çš„:
 tensor([[0.8982],
        [0.9063],
        [0.9851],
        [0.1102],
        [0.8375],
        [0.0774],
        [0.3139],
        [0.2029],
        [0.8346],
        [0.9020],
        [0.0393],
        [0.0666]], device='cuda:0', grad_fn=<SigmoidBackward0>)
Epoch [14/100], T_AUC: [4m0.8392[0m
Epoch [14/100], Loss: 15.5117
val_Accuracy: [92m0.7895[0m
val_Precision: [4;34m0.7952[0m,               val_Recall: [4;33m0.7701[0m,                 val_F1 Score: [4;35m0.7766[0m
æ ‡ç­¾é‡Œ1çš„ä¸ªæ•°:  430
æ ‡ç­¾é‡Œ0çš„ä¸ªæ•°:  430
æ€»æ•°:  860
æ­£ç¡®çš„ä¸ªæ•°:  679
Epoch [14/100], V_AUC: [4m0.7864[0m
Epoch [15/100], Loss: 51.5623
train_Accuracy: [91m0.8363[0m
train_Precision: [4;34m0.8249[0m,               train_Recall: [4;33m0.8624[0m,                 train_F1 Score: [4;35m0.8384[0m
æ ‡ç­¾é‡Œ1çš„ä¸ªæ•°:  2150
æ ‡ç­¾é‡Œ0çš„ä¸ªæ•°:  2150
æ€»æ•°:  4300
æ­£ç¡®çš„ä¸ªæ•°:  3596
æœ€åä¸€ä¸ªæ‰¹æ¬¡çš„è¾“å‡º, ä¸æ»¡batchsizeæ˜¯æ­£å¸¸çš„:
 tensor([[0.8530],
        [0.9338],
        [0.9791],
        [0.1103],
        [0.8842],
        [0.0579],
        [0.3116],
        [0.2339],
        [0.8746],
        [0.9294],
        [0.0307],
        [0.0456]], device='cuda:0', grad_fn=<SigmoidBackward0>)
Epoch [15/100], T_AUC: [4m0.8416[0m
Epoch [15/100], Loss: 15.4685
val_Accuracy: [92m0.7860[0m
val_Precision: [4;34m0.7895[0m,               val_Recall: [4;33m0.7703[0m,                 val_F1 Score: [4;35m0.7747[0m
æ ‡ç­¾é‡Œ1çš„ä¸ªæ•°:  430
æ ‡ç­¾é‡Œ0çš„ä¸ªæ•°:  430
æ€»æ•°:  860
æ­£ç¡®çš„ä¸ªæ•°:  676
Epoch [15/100], V_AUC: [4m0.7837[0m
Epoch [16/100], Loss: 50.0846
train_Accuracy: [91m0.8398[0m
train_Precision: [4;34m0.8296[0m,               train_Recall: [4;33m0.8645[0m,                 train_F1 Score: [4;35m0.8419[0m
æ ‡ç­¾é‡Œ1çš„ä¸ªæ•°:  2150
æ ‡ç­¾é‡Œ0çš„ä¸ªæ•°:  2150
æ€»æ•°:  4300
æ­£ç¡®çš„ä¸ªæ•°:  3611
æœ€åä¸€ä¸ªæ‰¹æ¬¡çš„è¾“å‡º, ä¸æ»¡batchsizeæ˜¯æ­£å¸¸çš„:
 tensor([[0.8344],
        [0.9148],
        [0.9791],
        [0.1033],
        [0.9406],
        [0.0532],
        [0.2823],
        [0.1956],
        [0.8396],
        [0.9291],
        [0.0347],
        [0.0677]], device='cuda:0', grad_fn=<SigmoidBackward0>)
Epoch [16/100], T_AUC: [4m0.8452[0m
Epoch [16/100], Loss: 15.4741
val_Accuracy: [92m0.7814[0m
val_Precision: [4;34m0.7870[0m,               val_Recall: [4;33m0.7605[0m,                 val_F1 Score: [4;35m0.7686[0m
æ ‡ç­¾é‡Œ1çš„ä¸ªæ•°:  430
æ ‡ç­¾é‡Œ0çš„ä¸ªæ•°:  430
æ€»æ•°:  860
æ­£ç¡®çš„ä¸ªæ•°:  672
Epoch [16/100], V_AUC: [4m0.7778[0m
Epoch [17/100], Loss: 49.1111
train_Accuracy: [91m0.8463[0m
train_Precision: [4;34m0.8354[0m,               train_Recall: [4;33m0.8713[0m,                 train_F1 Score: [4;35m0.8481[0m
æ ‡ç­¾é‡Œ1çš„ä¸ªæ•°:  2150
æ ‡ç­¾é‡Œ0çš„ä¸ªæ•°:  2150
æ€»æ•°:  4300
æ­£ç¡®çš„ä¸ªæ•°:  3639
æœ€åä¸€ä¸ªæ‰¹æ¬¡çš„è¾“å‡º, ä¸æ»¡batchsizeæ˜¯æ­£å¸¸çš„:
 tensor([[0.9275],
        [0.8569],
        [0.9743],
        [0.1139],
        [0.9206],
        [0.0654],
        [0.2376],
        [0.1606],
        [0.8960],
        [0.9574],
        [0.0173],
        [0.0772]], device='cuda:0', grad_fn=<SigmoidBackward0>)
Epoch [17/100], T_AUC: [4m0.8518[0m
Epoch [17/100], Loss: 15.6526
val_Accuracy: [92m0.7919[0m
val_Precision: [4;34m0.7948[0m,               val_Recall: [4;33m0.7761[0m,                 val_F1 Score: [4;35m0.7803[0m
æ ‡ç­¾é‡Œ1çš„ä¸ªæ•°:  430
æ ‡ç­¾é‡Œ0çš„ä¸ªæ•°:  430
æ€»æ•°:  860
æ­£ç¡®çš„ä¸ªæ•°:  681
Epoch [17/100], V_AUC: [4m0.7883[0m
Epoch [18/100], Loss: 48.0428
train_Accuracy: [91m0.8526[0m
train_Precision: [4;34m0.8441[0m,               train_Recall: [4;33m0.8726[0m,                 train_F1 Score: [4;35m0.8535[0m
æ ‡ç­¾é‡Œ1çš„ä¸ªæ•°:  2150
æ ‡ç­¾é‡Œ0çš„ä¸ªæ•°:  2150
æ€»æ•°:  4300
æ­£ç¡®çš„ä¸ªæ•°:  3666
æœ€åä¸€ä¸ªæ‰¹æ¬¡çš„è¾“å‡º, ä¸æ»¡batchsizeæ˜¯æ­£å¸¸çš„:
 tensor([[0.9049],
        [0.9346],
        [0.9894],
        [0.0911],
        [0.8854],
        [0.0665],
        [0.1080],
        [0.2043],
        [0.9230],
        [0.9343],
        [0.0256],
        [0.0578]], device='cuda:0', grad_fn=<SigmoidBackward0>)
Epoch [18/100], T_AUC: [4m0.8581[0m
Epoch [18/100], Loss: 16.4491
val_Accuracy: [92m0.7895[0m
val_Precision: [4;34m0.7994[0m,               val_Recall: [4;33m0.7629[0m,                 val_F1 Score: [4;35m0.7756[0m
æ ‡ç­¾é‡Œ1çš„ä¸ªæ•°:  430
æ ‡ç­¾é‡Œ0çš„ä¸ªæ•°:  430
æ€»æ•°:  860
æ­£ç¡®çš„ä¸ªæ•°:  679
Epoch [18/100], V_AUC: [4m0.7882[0m
Epoch [19/100], Loss: 48.0602
train_Accuracy: [91m0.8500[0m
train_Precision: [4;34m0.8428[0m,               train_Recall: [4;33m0.8687[0m,                 train_F1 Score: [4;35m0.8509[0m
æ ‡ç­¾é‡Œ1çš„ä¸ªæ•°:  2150
æ ‡ç­¾é‡Œ0çš„ä¸ªæ•°:  2150
æ€»æ•°:  4300
æ­£ç¡®çš„ä¸ªæ•°:  3655
æœ€åä¸€ä¸ªæ‰¹æ¬¡çš„è¾“å‡º, ä¸æ»¡batchsizeæ˜¯æ­£å¸¸çš„:
 tensor([[0.9434],
        [0.9511],
        [0.9850],
        [0.0913],
        [0.8340],
        [0.0460],
        [0.2556],
        [0.1548],
        [0.9302],
        [0.8336],
        [0.0340],
        [0.0922]], device='cuda:0', grad_fn=<SigmoidBackward0>)
Epoch [19/100], T_AUC: [4m0.8552[0m
Epoch [19/100], Loss: 16.6762
val_Accuracy: [92m0.7767[0m
val_Precision: [4;34m0.7796[0m,               val_Recall: [4;33m0.7603[0m,                 val_F1 Score: [4;35m0.7656[0m
æ ‡ç­¾é‡Œ1çš„ä¸ªæ•°:  430
æ ‡ç­¾é‡Œ0çš„ä¸ªæ•°:  430
æ€»æ•°:  860
æ­£ç¡®çš„ä¸ªæ•°:  668
Epoch [19/100], V_AUC: [4m0.7728[0m
Epoch [20/100], Loss: 46.5643
train_Accuracy: [91m0.8570[0m
train_Precision: [4;34m0.8501[0m,               train_Recall: [4;33m0.8745[0m,                 train_F1 Score: [4;35m0.8572[0m
æ ‡ç­¾é‡Œ1çš„ä¸ªæ•°:  2150
æ ‡ç­¾é‡Œ0çš„ä¸ªæ•°:  2150
æ€»æ•°:  4300
æ­£ç¡®çš„ä¸ªæ•°:  3685
æœ€åä¸€ä¸ªæ‰¹æ¬¡çš„è¾“å‡º, ä¸æ»¡batchsizeæ˜¯æ­£å¸¸çš„:
 tensor([[0.9054],
        [0.9294],
        [0.9790],
        [0.0879],
        [0.9754],
        [0.0302],
        [0.2556],
        [0.2479],
        [0.9184],
        [0.8901],
        [0.0136],
        [0.0727]], device='cuda:0', grad_fn=<SigmoidBackward0>)
Epoch [20/100], T_AUC: [4m0.8626[0m
Epoch [20/100], Loss: 16.4867
val_Accuracy: [92m0.7826[0m
val_Precision: [4;34m0.7875[0m,               val_Recall: [4;33m0.7657[0m,                 val_F1 Score: [4;35m0.7715[0m
æ ‡ç­¾é‡Œ1çš„ä¸ªæ•°:  430
æ ‡ç­¾é‡Œ0çš„ä¸ªæ•°:  430
æ€»æ•°:  860
æ­£ç¡®çš„ä¸ªæ•°:  673
Epoch [20/100], V_AUC: [4m0.7795[0m
Epoch [21/100], Loss: 46.6291
train_Accuracy: [91m0.8523[0m
train_Precision: [4;34m0.8440[0m,               train_Recall: [4;33m0.8720[0m,                 train_F1 Score: [4;35m0.8532[0m
æ ‡ç­¾é‡Œ1çš„ä¸ªæ•°:  2150
æ ‡ç­¾é‡Œ0çš„ä¸ªæ•°:  2150
æ€»æ•°:  4300
æ­£ç¡®çš„ä¸ªæ•°:  3665
æœ€åä¸€ä¸ªæ‰¹æ¬¡çš„è¾“å‡º, ä¸æ»¡batchsizeæ˜¯æ­£å¸¸çš„:
 tensor([[0.8900],
        [0.9747],
        [0.9843],
        [0.0717],
        [0.9401],
        [0.0418],
        [0.2166],
        [0.1543],
        [0.9487],
        [0.9181],
        [0.0150],
        [0.0488]], device='cuda:0', grad_fn=<SigmoidBackward0>)
Epoch [21/100], T_AUC: [4m0.8578[0m
Epoch [21/100], Loss: 16.8097
val_Accuracy: [92m0.7709[0m
val_Precision: [4;34m0.7668[0m,               val_Recall: [4;33m0.7666[0m,                 val_F1 Score: [4;35m0.7616[0m
æ ‡ç­¾é‡Œ1çš„ä¸ªæ•°:  430
æ ‡ç­¾é‡Œ0çš„ä¸ªæ•°:  430
æ€»æ•°:  860
æ­£ç¡®çš„ä¸ªæ•°:  663
Epoch [21/100], V_AUC: [4m0.7676[0m
Epoch [22/100], Loss: 45.5207
train_Accuracy: [91m0.8595[0m
train_Precision: [4;34m0.8503[0m,               train_Recall: [4;33m0.8811[0m,                 train_F1 Score: [4;35m0.8607[0m
æ ‡ç­¾é‡Œ1çš„ä¸ªæ•°:  2150
æ ‡ç­¾é‡Œ0çš„ä¸ªæ•°:  2150
æ€»æ•°:  4300
æ­£ç¡®çš„ä¸ªæ•°:  3696
æœ€åä¸€ä¸ªæ‰¹æ¬¡çš„è¾“å‡º, ä¸æ»¡batchsizeæ˜¯æ­£å¸¸çš„:
 tensor([[0.8696],
        [0.9521],
        [0.9830],
        [0.0513],
        [0.9124],
        [0.0492],
        [0.1668],
        [0.2777],
        [0.9698],
        [0.8717],
        [0.0263],
        [0.0609]], device='cuda:0', grad_fn=<SigmoidBackward0>)
Epoch [22/100], T_AUC: [4m0.8652[0m
Epoch [22/100], Loss: 16.6862
val_Accuracy: [92m0.7709[0m
val_Precision: [4;34m0.7704[0m,               val_Recall: [4;33m0.7601[0m,                 val_F1 Score: [4;35m0.7606[0m
æ ‡ç­¾é‡Œ1çš„ä¸ªæ•°:  430
æ ‡ç­¾é‡Œ0çš„ä¸ªæ•°:  430
æ€»æ•°:  860
æ­£ç¡®çš„ä¸ªæ•°:  663
Epoch [22/100], V_AUC: [4m0.7671[0m
Epoch [23/100], Loss: 44.3226
train_Accuracy: [91m0.8633[0m
train_Precision: [4;34m0.8552[0m,               train_Recall: [4;33m0.8832[0m,                 train_F1 Score: [4;35m0.8642[0m
æ ‡ç­¾é‡Œ1çš„ä¸ªæ•°:  2150
æ ‡ç­¾é‡Œ0çš„ä¸ªæ•°:  2150
æ€»æ•°:  4300
æ­£ç¡®çš„ä¸ªæ•°:  3712
æœ€åä¸€ä¸ªæ‰¹æ¬¡çš„è¾“å‡º, ä¸æ»¡batchsizeæ˜¯æ­£å¸¸çš„:
 tensor([[0.9490],
        [0.9839],
        [0.9673],
        [0.0605],
        [0.9798],
        [0.0280],
        [0.0853],
        [0.1088],
        [0.8773],
        [0.9506],
        [0.0459],
        [0.0306]], device='cuda:0', grad_fn=<SigmoidBackward0>)
Epoch [23/100], T_AUC: [4m0.8691[0m
Epoch [23/100], Loss: 17.6957
val_Accuracy: [92m0.7791[0m
val_Precision: [4;34m0.7887[0m,               val_Recall: [4;33m0.7514[0m,                 val_F1 Score: [4;35m0.7651[0m
æ ‡ç­¾é‡Œ1çš„ä¸ªæ•°:  430
æ ‡ç­¾é‡Œ0çš„ä¸ªæ•°:  430
æ€»æ•°:  860
æ­£ç¡®çš„ä¸ªæ•°:  670
Epoch [23/100], V_AUC: [4m0.7762[0m
Epoch [24/100], Loss: 43.0683
train_Accuracy: [91m0.8716[0m
train_Precision: [4;34m0.8629[0m,               train_Recall: [4;33m0.8880[0m,                 train_F1 Score: [4;35m0.8718[0m
æ ‡ç­¾é‡Œ1çš„ä¸ªæ•°:  2150
æ ‡ç­¾é‡Œ0çš„ä¸ªæ•°:  2150
æ€»æ•°:  4300
æ­£ç¡®çš„ä¸ªæ•°:  3748
æœ€åä¸€ä¸ªæ‰¹æ¬¡çš„è¾“å‡º, ä¸æ»¡batchsizeæ˜¯æ­£å¸¸çš„:
 tensor([[0.9058],
        [0.9845],
        [0.9649],
        [0.0593],
        [0.9842],
        [0.0110],
        [0.1975],
        [0.0826],
        [0.9719],
        [0.8934],
        [0.0363],
        [0.0508]], device='cuda:0', grad_fn=<SigmoidBackward0>)
Epoch [24/100], T_AUC: [4m0.8758[0m
Epoch [24/100], Loss: 17.4172
val_Accuracy: [92m0.7860[0m
val_Precision: [4;34m0.7978[0m,               val_Recall: [4;33m0.7496[0m,                 val_F1 Score: [4;35m0.7687[0m
æ ‡ç­¾é‡Œ1çš„ä¸ªæ•°:  430
æ ‡ç­¾é‡Œ0çš„ä¸ªæ•°:  430
æ€»æ•°:  860
æ­£ç¡®çš„ä¸ªæ•°:  676
Epoch [24/100], V_AUC: [4m0.7820[0m
Epoch [25/100], Loss: 42.4760
train_Accuracy: [91m0.8702[0m
train_Precision: [4;34m0.8624[0m,               train_Recall: [4;33m0.8878[0m,                 train_F1 Score: [4;35m0.8707[0m
æ ‡ç­¾é‡Œ1çš„ä¸ªæ•°:  2150
æ ‡ç­¾é‡Œ0çš„ä¸ªæ•°:  2150
æ€»æ•°:  4300
æ­£ç¡®çš„ä¸ªæ•°:  3742
æœ€åä¸€ä¸ªæ‰¹æ¬¡çš„è¾“å‡º, ä¸æ»¡batchsizeæ˜¯æ­£å¸¸çš„:
 tensor([[0.9415],
        [0.9639],
        [0.9837],
        [0.0966],
        [0.9854],
        [0.0250],
        [0.0810],
        [0.0251],
        [0.9598],
        [0.9527],
        [0.0390],
        [0.0466]], device='cuda:0', grad_fn=<SigmoidBackward0>)
Epoch [25/100], T_AUC: [4m0.8750[0m
Epoch [25/100], Loss: 18.4990
val_Accuracy: [92m0.7744[0m
val_Precision: [4;34m0.7813[0m,               val_Recall: [4;33m0.7504[0m,                 val_F1 Score: [4;35m0.7603[0m
æ ‡ç­¾é‡Œ1çš„ä¸ªæ•°:  430
æ ‡ç­¾é‡Œ0çš„ä¸ªæ•°:  430
æ€»æ•°:  860
æ­£ç¡®çš„ä¸ªæ•°:  666
Epoch [25/100], V_AUC: [4m0.7705[0m
Epoch [26/100], Loss: 40.7301
train_Accuracy: [91m0.8774[0m
train_Precision: [4;34m0.8658[0m,               train_Recall: [4;33m0.8988[0m,                 train_F1 Score: [4;35m0.8783[0m
æ ‡ç­¾é‡Œ1çš„ä¸ªæ•°:  2150
æ ‡ç­¾é‡Œ0çš„ä¸ªæ•°:  2150
æ€»æ•°:  4300
æ­£ç¡®çš„ä¸ªæ•°:  3773
æœ€åä¸€ä¸ªæ‰¹æ¬¡çš„è¾“å‡º, ä¸æ»¡batchsizeæ˜¯æ­£å¸¸çš„:
 tensor([[0.9749],
        [0.9842],
        [0.9650],
        [0.0364],
        [0.9882],
        [0.0120],
        [0.0941],
        [0.0495],
        [0.9753],
        [0.9600],
        [0.0157],
        [0.0627]], device='cuda:0', grad_fn=<SigmoidBackward0>)
Epoch [26/100], T_AUC: [4m0.8823[0m
Epoch [26/100], Loss: 18.5328
val_Accuracy: [92m0.7895[0m
val_Precision: [4;34m0.8069[0m,               val_Recall: [4;33m0.7513[0m,                 val_F1 Score: [4;35m0.7745[0m
æ ‡ç­¾é‡Œ1çš„ä¸ªæ•°:  430
æ ‡ç­¾é‡Œ0çš„ä¸ªæ•°:  430
æ€»æ•°:  860
æ­£ç¡®çš„ä¸ªæ•°:  679
Epoch [26/100], V_AUC: [4m0.7860[0m
Epoch [27/100], Loss: 39.6074
train_Accuracy: [91m0.8788[0m
train_Precision: [4;34m0.8657[0m,               train_Recall: [4;33m0.9021[0m,                 train_F1 Score: [4;35m0.8798[0m
æ ‡ç­¾é‡Œ1çš„ä¸ªæ•°:  2150
æ ‡ç­¾é‡Œ0çš„ä¸ªæ•°:  2150
æ€»æ•°:  4300
æ­£ç¡®çš„ä¸ªæ•°:  3779
æœ€åä¸€ä¸ªæ‰¹æ¬¡çš„è¾“å‡º, ä¸æ»¡batchsizeæ˜¯æ­£å¸¸çš„:
 tensor([[0.9229],
        [0.9869],
        [0.9849],
        [0.0234],
        [0.9958],
        [0.0059],
        [0.1898],
        [0.2357],
        [0.9567],
        [0.8224],
        [0.0053],
        [0.0929]], device='cuda:0', grad_fn=<SigmoidBackward0>)
Epoch [27/100], T_AUC: [4m0.8834[0m
Epoch [27/100], Loss: 19.3240
val_Accuracy: [92m0.7733[0m
val_Precision: [4;34m0.7753[0m,               val_Recall: [4;33m0.7551[0m,                 val_F1 Score: [4;35m0.7602[0m
æ ‡ç­¾é‡Œ1çš„ä¸ªæ•°:  430
æ ‡ç­¾é‡Œ0çš„ä¸ªæ•°:  430
æ€»æ•°:  860
æ­£ç¡®çš„ä¸ªæ•°:  665
Epoch [27/100], V_AUC: [4m0.7706[0m
Epoch [28/100], Loss: 38.7821
train_Accuracy: [91m0.8877[0m
train_Precision: [4;34m0.8785[0m,               train_Recall: [4;33m0.9057[0m,                 train_F1 Score: [4;35m0.8884[0m
æ ‡ç­¾é‡Œ1çš„ä¸ªæ•°:  2150
æ ‡ç­¾é‡Œ0çš„ä¸ªæ•°:  2150
æ€»æ•°:  4300
æ­£ç¡®çš„ä¸ªæ•°:  3817
æœ€åä¸€ä¸ªæ‰¹æ¬¡çš„è¾“å‡º, ä¸æ»¡batchsizeæ˜¯æ­£å¸¸çš„:
 tensor([[0.9797],
        [0.9928],
        [0.9768],
        [0.0236],
        [0.9892],
        [0.0067],
        [0.0420],
        [0.0637],
        [0.9657],
        [0.9815],
        [0.0135],
        [0.0463]], device='cuda:0', grad_fn=<SigmoidBackward0>)
Epoch [28/100], T_AUC: [4m0.8918[0m
Epoch [28/100], Loss: 21.0083
val_Accuracy: [92m0.7756[0m
val_Precision: [4;34m0.7840[0m,               val_Recall: [4;33m0.7457[0m,                 val_F1 Score: [4;35m0.7599[0m
æ ‡ç­¾é‡Œ1çš„ä¸ªæ•°:  430
æ ‡ç­¾é‡Œ0çš„ä¸ªæ•°:  430
æ€»æ•°:  860
æ­£ç¡®çš„ä¸ªæ•°:  667
Epoch [28/100], V_AUC: [4m0.7727[0m
Epoch [29/100], Loss: 37.1978
train_Accuracy: [91m0.8923[0m
train_Precision: [4;34m0.8850[0m,               train_Recall: [4;33m0.9078[0m,                 train_F1 Score: [4;35m0.8922[0m
æ ‡ç­¾é‡Œ1çš„ä¸ªæ•°:  2150
æ ‡ç­¾é‡Œ0çš„ä¸ªæ•°:  2150
æ€»æ•°:  4300
æ­£ç¡®çš„ä¸ªæ•°:  3837
æœ€åä¸€ä¸ªæ‰¹æ¬¡çš„è¾“å‡º, ä¸æ»¡batchsizeæ˜¯æ­£å¸¸çš„:
 tensor([[0.9600],
        [0.9947],
        [0.9758],
        [0.0284],
        [0.9977],
        [0.0059],
        [0.0590],
        [0.2701],
        [0.7625],
        [0.9473],
        [0.0132],
        [0.0662]], device='cuda:0', grad_fn=<SigmoidBackward0>)
Epoch [29/100], T_AUC: [4m0.8969[0m
Epoch [29/100], Loss: 19.9541
val_Accuracy: [92m0.7744[0m
val_Precision: [4;34m0.7929[0m,               val_Recall: [4;33m0.7302[0m,                 val_F1 Score: [4;35m0.7559[0m
æ ‡ç­¾é‡Œ1çš„ä¸ªæ•°:  430
æ ‡ç­¾é‡Œ0çš„ä¸ªæ•°:  430
æ€»æ•°:  860
æ­£ç¡®çš„ä¸ªæ•°:  666
Epoch [29/100], V_AUC: [4m0.7709[0m
Epoch [30/100], Loss: 36.9316
train_Accuracy: [91m0.8907[0m
train_Precision: [4;34m0.8811[0m,               train_Recall: [4;33m0.9073[0m,                 train_F1 Score: [4;35m0.8909[0m
æ ‡ç­¾é‡Œ1çš„ä¸ªæ•°:  2150
æ ‡ç­¾é‡Œ0çš„ä¸ªæ•°:  2150
æ€»æ•°:  4300
æ­£ç¡®çš„ä¸ªæ•°:  3830
æœ€åä¸€ä¸ªæ‰¹æ¬¡çš„è¾“å‡º, ä¸æ»¡batchsizeæ˜¯æ­£å¸¸çš„:
 tensor([[0.9418],
        [0.9948],
        [0.9878],
        [0.0361],
        [0.9914],
        [0.0040],
        [0.0684],
        [0.0402],
        [0.9944],
        [0.9147],
        [0.0087],
        [0.0742]], device='cuda:0', grad_fn=<SigmoidBackward0>)
Epoch [30/100], T_AUC: [4m0.8947[0m
Epoch [30/100], Loss: 20.2437
val_Accuracy: [92m0.7721[0m
val_Precision: [4;34m0.7789[0m,               val_Recall: [4;33m0.7518[0m,                 val_F1 Score: [4;35m0.7603[0m
æ ‡ç­¾é‡Œ1çš„ä¸ªæ•°:  430
æ ‡ç­¾é‡Œ0çš„ä¸ªæ•°:  430
æ€»æ•°:  860
æ­£ç¡®çš„ä¸ªæ•°:  664
Epoch [30/100], V_AUC: [4m0.7696[0m
Epoch [31/100], Loss: 35.6086
train_Accuracy: [91m0.8956[0m
train_Precision: [4;34m0.8880[0m,               train_Recall: [4;33m0.9114[0m,                 train_F1 Score: [4;35m0.8961[0m
æ ‡ç­¾é‡Œ1çš„ä¸ªæ•°:  2150
æ ‡ç­¾é‡Œ0çš„ä¸ªæ•°:  2150
æ€»æ•°:  4300
æ­£ç¡®çš„ä¸ªæ•°:  3851
æœ€åä¸€ä¸ªæ‰¹æ¬¡çš„è¾“å‡º, ä¸æ»¡batchsizeæ˜¯æ­£å¸¸çš„:
 tensor([[0.9897],
        [0.9849],
        [0.9773],
        [0.0221],
        [0.9949],
        [0.0038],
        [0.2061],
        [0.0223],
        [0.9860],
        [0.9675],
        [0.0116],
        [0.0237]], device='cuda:0', grad_fn=<SigmoidBackward0>)
Epoch [31/100], T_AUC: [4m0.8991[0m
Epoch [31/100], Loss: 20.2380
val_Accuracy: [92m0.7756[0m
val_Precision: [4;34m0.7825[0m,               val_Recall: [4;33m0.7536[0m,                 val_F1 Score: [4;35m0.7633[0m
æ ‡ç­¾é‡Œ1çš„ä¸ªæ•°:  430
æ ‡ç­¾é‡Œ0çš„ä¸ªæ•°:  430
æ€»æ•°:  860
æ­£ç¡®çš„ä¸ªæ•°:  667
Epoch [31/100], V_AUC: [4m0.7718[0m
Epoch [32/100], Loss: 34.7083
train_Accuracy: [91m0.8986[0m
train_Precision: [4;34m0.8919[0m,               train_Recall: [4;33m0.9106[0m,                 train_F1 Score: [4;35m0.8976[0m
æ ‡ç­¾é‡Œ1çš„ä¸ªæ•°:  2150
æ ‡ç­¾é‡Œ0çš„ä¸ªæ•°:  2150
æ€»æ•°:  4300
æ­£ç¡®çš„ä¸ªæ•°:  3864
æœ€åä¸€ä¸ªæ‰¹æ¬¡çš„è¾“å‡º, ä¸æ»¡batchsizeæ˜¯æ­£å¸¸çš„:
 tensor([[0.9927],
        [0.9975],
        [0.9984],
        [0.0259],
        [0.9780],
        [0.0034],
        [0.0402],
        [0.0738],
        [0.9519],
        [0.7136],
        [0.0263],
        [0.0356]], device='cuda:0', grad_fn=<SigmoidBackward0>)
Epoch [32/100], T_AUC: [4m0.9023[0m
Epoch [32/100], Loss: 21.0456
val_Accuracy: [92m0.7686[0m
val_Precision: [4;34m0.7821[0m,               val_Recall: [4;33m0.7294[0m,                 val_F1 Score: [4;35m0.7496[0m
æ ‡ç­¾é‡Œ1çš„ä¸ªæ•°:  430
æ ‡ç­¾é‡Œ0çš„ä¸ªæ•°:  430
æ€»æ•°:  860
æ­£ç¡®çš„ä¸ªæ•°:  661
Epoch [32/100], V_AUC: [4m0.7657[0m
Epoch [33/100], Loss: 35.0213
train_Accuracy: [91m0.8991[0m
train_Precision: [4;34m0.8908[0m,               train_Recall: [4;33m0.9145[0m,                 train_F1 Score: [4;35m0.8991[0m
æ ‡ç­¾é‡Œ1çš„ä¸ªæ•°:  2150
æ ‡ç­¾é‡Œ0çš„ä¸ªæ•°:  2150
æ€»æ•°:  4300
æ­£ç¡®çš„ä¸ªæ•°:  3866
æœ€åä¸€ä¸ªæ‰¹æ¬¡çš„è¾“å‡º, ä¸æ»¡batchsizeæ˜¯æ­£å¸¸çš„:
 tensor([[0.9729],
        [0.9920],
        [0.9780],
        [0.0788],
        [0.9931],
        [0.0047],
        [0.0194],
        [0.1400],
        [0.9786],
        [0.8976],
        [0.0328],
        [0.0343]], device='cuda:0', grad_fn=<SigmoidBackward0>)
Epoch [33/100], T_AUC: [4m0.9032[0m
Epoch [33/100], Loss: 20.6017
val_Accuracy: [92m0.7779[0m
val_Precision: [4;34m0.7954[0m,               val_Recall: [4;33m0.7382[0m,                 val_F1 Score: [4;35m0.7603[0m
æ ‡ç­¾é‡Œ1çš„ä¸ªæ•°:  430
æ ‡ç­¾é‡Œ0çš„ä¸ªæ•°:  430
æ€»æ•°:  860
æ­£ç¡®çš„ä¸ªæ•°:  669
Epoch [33/100], V_AUC: [4m0.7754[0m
Epoch [34/100], Loss: 33.3489
train_Accuracy: [91m0.9058[0m
train_Precision: [4;34m0.8959[0m,               train_Recall: [4;33m0.9231[0m,                 train_F1 Score: [4;35m0.9057[0m
æ ‡ç­¾é‡Œ1çš„ä¸ªæ•°:  2150
æ ‡ç­¾é‡Œ0çš„ä¸ªæ•°:  2150
æ€»æ•°:  4300
æ­£ç¡®çš„ä¸ªæ•°:  3895
æœ€åä¸€ä¸ªæ‰¹æ¬¡çš„è¾“å‡º, ä¸æ»¡batchsizeæ˜¯æ­£å¸¸çš„:
 tensor([[0.9723],
        [0.9952],
        [0.9949],
        [0.0361],
        [0.9988],
        [0.0028],
        [0.0156],
        [0.0557],
        [0.9734],
        [0.9362],
        [0.0069],
        [0.0430]], device='cuda:0', grad_fn=<SigmoidBackward0>)
Epoch [34/100], T_AUC: [4m0.9104[0m
Epoch [34/100], Loss: 21.8893
val_Accuracy: [92m0.7628[0m
val_Precision: [4;34m0.7600[0m,               val_Recall: [4;33m0.7495[0m,                 val_F1 Score: [4;35m0.7495[0m
æ ‡ç­¾é‡Œ1çš„ä¸ªæ•°:  430
æ ‡ç­¾é‡Œ0çš„ä¸ªæ•°:  430
æ€»æ•°:  860
æ­£ç¡®çš„ä¸ªæ•°:  656
Epoch [34/100], V_AUC: [4m0.7586[0m
Epoch [35/100], Loss: 31.6942
train_Accuracy: [91m0.9084[0m
train_Precision: [4;34m0.8991[0m,               train_Recall: [4;33m0.9233[0m,                 train_F1 Score: [4;35m0.9081[0m
æ ‡ç­¾é‡Œ1çš„ä¸ªæ•°:  2150
æ ‡ç­¾é‡Œ0çš„ä¸ªæ•°:  2150
æ€»æ•°:  4300
æ­£ç¡®çš„ä¸ªæ•°:  3906
æœ€åä¸€ä¸ªæ‰¹æ¬¡çš„è¾“å‡º, ä¸æ»¡batchsizeæ˜¯æ­£å¸¸çš„:
 tensor([[9.7964e-01],
        [9.9981e-01],
        [9.9813e-01],
        [2.2911e-02],
        [9.9917e-01],
        [4.6698e-04],
        [4.9576e-02],
        [7.8536e-02],
        [7.0468e-01],
        [8.5305e-01],
        [1.1022e-02],
        [2.9535e-02]], device='cuda:0', grad_fn=<SigmoidBackward0>)
Epoch [35/100], T_AUC: [4m0.9121[0m
Epoch [35/100], Loss: 22.8068
val_Accuracy: [92m0.7616[0m
val_Precision: [4;34m0.7740[0m,               val_Recall: [4;33m0.7315[0m,                 val_F1 Score: [4;35m0.7461[0m
æ ‡ç­¾é‡Œ1çš„ä¸ªæ•°:  430
æ ‡ç­¾é‡Œ0çš„ä¸ªæ•°:  430
æ€»æ•°:  860
æ­£ç¡®çš„ä¸ªæ•°:  655
Epoch [35/100], V_AUC: [4m0.7575[0m
Epoch [36/100], Loss: 30.5157
train_Accuracy: [91m0.9121[0m
train_Precision: [4;34m0.9081[0m,               train_Recall: [4;33m0.9213[0m,                 train_F1 Score: [4;35m0.9117[0m
æ ‡ç­¾é‡Œ1çš„ä¸ªæ•°:  2150
æ ‡ç­¾é‡Œ0çš„ä¸ªæ•°:  2150
æ€»æ•°:  4300
æ­£ç¡®çš„ä¸ªæ•°:  3922
æœ€åä¸€ä¸ªæ‰¹æ¬¡çš„è¾“å‡º, ä¸æ»¡batchsizeæ˜¯æ­£å¸¸çš„:
 tensor([[9.6336e-01],
        [9.9919e-01],
        [9.9361e-01],
        [3.4819e-02],
        [9.9952e-01],
        [6.0345e-04],
        [8.6724e-02],
        [2.2503e-02],
        [9.2162e-01],
        [7.6235e-01],
        [1.5288e-02],
        [1.1762e-01]], device='cuda:0', grad_fn=<SigmoidBackward0>)
Epoch [36/100], T_AUC: [4m0.9155[0m
Epoch [36/100], Loss: 24.6787
val_Accuracy: [92m0.7500[0m
val_Precision: [4;34m0.7526[0m,               val_Recall: [4;33m0.7377[0m,                 val_F1 Score: [4;35m0.7390[0m
æ ‡ç­¾é‡Œ1çš„ä¸ªæ•°:  430
æ ‡ç­¾é‡Œ0çš„ä¸ªæ•°:  430
æ€»æ•°:  860
æ­£ç¡®çš„ä¸ªæ•°:  645
Epoch [36/100], V_AUC: [4m0.7477[0m
Epoch [37/100], Loss: 31.7843
train_Accuracy: [91m0.9030[0m
train_Precision: [4;34m0.8961[0m,               train_Recall: [4;33m0.9160[0m,                 train_F1 Score: [4;35m0.9026[0m
æ ‡ç­¾é‡Œ1çš„ä¸ªæ•°:  2150
æ ‡ç­¾é‡Œ0çš„ä¸ªæ•°:  2150
æ€»æ•°:  4300
æ­£ç¡®çš„ä¸ªæ•°:  3883
æœ€åä¸€ä¸ªæ‰¹æ¬¡çš„è¾“å‡º, ä¸æ»¡batchsizeæ˜¯æ­£å¸¸çš„:
 tensor([[0.9965],
        [0.9973],
        [0.9851],
        [0.0257],
        [0.9991],
        [0.0026],
        [0.0098],
        [0.0268],
        [0.9687],
        [0.8679],
        [0.0469],
        [0.0528]], device='cuda:0', grad_fn=<SigmoidBackward0>)
Epoch [37/100], T_AUC: [4m0.9066[0m
Epoch [37/100], Loss: 22.9042
val_Accuracy: [92m0.7616[0m
val_Precision: [4;34m0.7715[0m,               val_Recall: [4;33m0.7361[0m,                 val_F1 Score: [4;35m0.7475[0m
æ ‡ç­¾é‡Œ1çš„ä¸ªæ•°:  430
æ ‡ç­¾é‡Œ0çš„ä¸ªæ•°:  430
æ€»æ•°:  860
æ­£ç¡®çš„ä¸ªæ•°:  655
Epoch [37/100], V_AUC: [4m0.7587[0m
Epoch [38/100], Loss: 33.2381
train_Accuracy: [91m0.8979[0m
train_Precision: [4;34m0.8905[0m,               train_Recall: [4;33m0.9107[0m,                 train_F1 Score: [4;35m0.8974[0m
æ ‡ç­¾é‡Œ1çš„ä¸ªæ•°:  2150
æ ‡ç­¾é‡Œ0çš„ä¸ªæ•°:  2150
æ€»æ•°:  4300
æ­£ç¡®çš„ä¸ªæ•°:  3861
æœ€åä¸€ä¸ªæ‰¹æ¬¡çš„è¾“å‡º, ä¸æ»¡batchsizeæ˜¯æ­£å¸¸çš„:
 tensor([[9.9212e-01],
        [9.9906e-01],
        [9.9374e-01],
        [1.5850e-02],
        [9.9995e-01],
        [4.5523e-04],
        [8.7358e-02],
        [3.0476e-02],
        [8.3542e-01],
        [8.5212e-01],
        [6.0637e-03],
        [3.8166e-02]], device='cuda:0', grad_fn=<SigmoidBackward0>)
Epoch [38/100], T_AUC: [4m0.9015[0m
Epoch [38/100], Loss: 25.4400
val_Accuracy: [92m0.7465[0m
val_Precision: [4;34m0.7463[0m,               val_Recall: [4;33m0.7401[0m,                 val_F1 Score: [4;35m0.7361[0m
æ ‡ç­¾é‡Œ1çš„ä¸ªæ•°:  430
æ ‡ç­¾é‡Œ0çš„ä¸ªæ•°:  430
æ€»æ•°:  860
æ­£ç¡®çš„ä¸ªæ•°:  642
Epoch [38/100], V_AUC: [4m0.7421[0m
Epoch [39/100], Loss: 31.3263
train_Accuracy: [91m0.9067[0m
train_Precision: [4;34m0.8982[0m,               train_Recall: [4;33m0.9208[0m,                 train_F1 Score: [4;35m0.9059[0m
æ ‡ç­¾é‡Œ1çš„ä¸ªæ•°:  2150
æ ‡ç­¾é‡Œ0çš„ä¸ªæ•°:  2150
æ€»æ•°:  4300
æ­£ç¡®çš„ä¸ªæ•°:  3899
æœ€åä¸€ä¸ªæ‰¹æ¬¡çš„è¾“å‡º, ä¸æ»¡batchsizeæ˜¯æ­£å¸¸çš„:
 tensor([[9.8244e-01],
        [9.9572e-01],
        [9.5116e-01],
        [1.8028e-02],
        [9.9988e-01],
        [4.3236e-04],
        [1.0557e-02],
        [4.2714e-01],
        [9.6053e-01],
        [9.3717e-01],
        [4.5009e-02],
        [4.6720e-02]], device='cuda:0', grad_fn=<SigmoidBackward0>)
Epoch [39/100], T_AUC: [4m0.9099[0m
Epoch [39/100], Loss: 23.0593
val_Accuracy: [92m0.7442[0m
val_Precision: [4;34m0.7446[0m,               val_Recall: [4;33m0.7324[0m,                 val_F1 Score: [4;35m0.7327[0m
æ ‡ç­¾é‡Œ1çš„ä¸ªæ•°:  430
æ ‡ç­¾é‡Œ0çš„ä¸ªæ•°:  430
æ€»æ•°:  860
æ­£ç¡®çš„ä¸ªæ•°:  640
Epoch [39/100], V_AUC: [4m0.7407[0m
Epoch [40/100], Loss: 28.8478
train_Accuracy: [91m0.9119[0m
train_Precision: [4;34m0.9023[0m,               train_Recall: [4;33m0.9260[0m,                 train_F1 Score: [4;35m0.9110[0m
æ ‡ç­¾é‡Œ1çš„ä¸ªæ•°:  2150
æ ‡ç­¾é‡Œ0çš„ä¸ªæ•°:  2150
æ€»æ•°:  4300
æ­£ç¡®çš„ä¸ªæ•°:  3921
æœ€åä¸€ä¸ªæ‰¹æ¬¡çš„è¾“å‡º, ä¸æ»¡batchsizeæ˜¯æ­£å¸¸çš„:
 tensor([[0.9887],
        [0.9994],
        [0.9962],
        [0.0084],
        [0.9997],
        [0.0034],
        [0.0374],
        [0.0084],
        [0.8948],
        [0.9560],
        [0.0188],
        [0.0185]], device='cuda:0', grad_fn=<SigmoidBackward0>)
Epoch [40/100], T_AUC: [4m0.9157[0m
Epoch [40/100], Loss: 24.3108
val_Accuracy: [92m0.7767[0m
val_Precision: [4;34m0.7968[0m,               val_Recall: [4;33m0.7317[0m,                 val_F1 Score: [4;35m0.7564[0m
æ ‡ç­¾é‡Œ1çš„ä¸ªæ•°:  430
æ ‡ç­¾é‡Œ0çš„ä¸ªæ•°:  430
æ€»æ•°:  860
æ­£ç¡®çš„ä¸ªæ•°:  668
Epoch [40/100], V_AUC: [4m0.7739[0m
Epoch [41/100], Loss: 28.7637
train_Accuracy: [91m0.9177[0m
train_Precision: [4;34m0.9092[0m,               train_Recall: [4;33m0.9308[0m,                 train_F1 Score: [4;35m0.9168[0m
æ ‡ç­¾é‡Œ1çš„ä¸ªæ•°:  2150
æ ‡ç­¾é‡Œ0çš„ä¸ªæ•°:  2150
æ€»æ•°:  4300
æ­£ç¡®çš„ä¸ªæ•°:  3946
æœ€åä¸€ä¸ªæ‰¹æ¬¡çš„è¾“å‡º, ä¸æ»¡batchsizeæ˜¯æ­£å¸¸çš„:
 tensor([[9.9330e-01],
        [9.9853e-01],
        [9.9939e-01],
        [1.4345e-02],
        [9.9896e-01],
        [2.5599e-04],
        [1.3679e-02],
        [3.3390e-02],
        [9.2758e-01],
        [9.6242e-01],
        [2.7000e-02],
        [5.6134e-02]], device='cuda:0', grad_fn=<SigmoidBackward0>)
Epoch [41/100], T_AUC: [4m0.9213[0m
Epoch [41/100], Loss: 25.1874
val_Accuracy: [92m0.7628[0m
val_Precision: [4;34m0.7761[0m,               val_Recall: [4;33m0.7346[0m,                 val_F1 Score: [4;35m0.7476[0m
æ ‡ç­¾é‡Œ1çš„ä¸ªæ•°:  430
æ ‡ç­¾é‡Œ0çš„ä¸ªæ•°:  430
æ€»æ•°:  860
æ­£ç¡®çš„ä¸ªæ•°:  656
Epoch [41/100], V_AUC: [4m0.7608[0m
Epoch [42/100], Loss: 28.3199
train_Accuracy: [91m0.9195[0m
train_Precision: [4;34m0.9109[0m,               train_Recall: [4;33m0.9340[0m,                 train_F1 Score: [4;35m0.9191[0m
æ ‡ç­¾é‡Œ1çš„ä¸ªæ•°:  2150
æ ‡ç­¾é‡Œ0çš„ä¸ªæ•°:  2150
æ€»æ•°:  4300
æ­£ç¡®çš„ä¸ªæ•°:  3954
æœ€åä¸€ä¸ªæ‰¹æ¬¡çš„è¾“å‡º, ä¸æ»¡batchsizeæ˜¯æ­£å¸¸çš„:
 tensor([[9.9901e-01],
        [9.9350e-01],
        [9.9349e-01],
        [1.8768e-02],
        [9.9984e-01],
        [3.6501e-05],
        [2.2840e-02],
        [3.9700e-02],
        [9.8517e-01],
        [8.9900e-01],
        [3.0037e-02],
        [5.5002e-02]], device='cuda:0', grad_fn=<SigmoidBackward0>)
Epoch [42/100], T_AUC: [4m0.9232[0m
Epoch [42/100], Loss: 25.6272
val_Accuracy: [92m0.7581[0m
val_Precision: [4;34m0.7647[0m,               val_Recall: [4;33m0.7516[0m,                 val_F1 Score: [4;35m0.7505[0m
æ ‡ç­¾é‡Œ1çš„ä¸ªæ•°:  430
æ ‡ç­¾é‡Œ0çš„ä¸ªæ•°:  430
æ€»æ•°:  860
æ­£ç¡®çš„ä¸ªæ•°:  652
Epoch [42/100], V_AUC: [4m0.7571[0m
Epoch [43/100], Loss: 28.0978
train_Accuracy: [91m0.9179[0m
train_Precision: [4;34m0.9112[0m,               train_Recall: [4;33m0.9304[0m,                 train_F1 Score: [4;35m0.9174[0m
æ ‡ç­¾é‡Œ1çš„ä¸ªæ•°:  2150
æ ‡ç­¾é‡Œ0çš„ä¸ªæ•°:  2150
æ€»æ•°:  4300
æ­£ç¡®çš„ä¸ªæ•°:  3947
æœ€åä¸€ä¸ªæ‰¹æ¬¡çš„è¾“å‡º, ä¸æ»¡batchsizeæ˜¯æ­£å¸¸çš„:
 tensor([[9.7955e-01],
        [9.9894e-01],
        [9.9240e-01],
        [8.7234e-03],
        [9.9965e-01],
        [4.7288e-04],
        [2.6125e-02],
        [1.0702e-01],
        [5.1534e-01],
        [9.9097e-01],
        [2.1115e-02],
        [2.0077e-01]], device='cuda:0', grad_fn=<SigmoidBackward0>)
Epoch [43/100], T_AUC: [4m0.9218[0m
Epoch [43/100], Loss: 25.1853
val_Accuracy: [92m0.7523[0m
val_Precision: [4;34m0.7533[0m,               val_Recall: [4;33m0.7439[0m,                 val_F1 Score: [4;35m0.7422[0m
æ ‡ç­¾é‡Œ1çš„ä¸ªæ•°:  430
æ ‡ç­¾é‡Œ0çš„ä¸ªæ•°:  430
æ€»æ•°:  860
æ­£ç¡®çš„ä¸ªæ•°:  647
Epoch [43/100], V_AUC: [4m0.7499[0m
Epoch [44/100], Loss: 27.9595
train_Accuracy: [91m0.9193[0m
train_Precision: [4;34m0.9095[0m,               train_Recall: [4;33m0.9354[0m,                 train_F1 Score: [4;35m0.9190[0m
æ ‡ç­¾é‡Œ1çš„ä¸ªæ•°:  2150
æ ‡ç­¾é‡Œ0çš„ä¸ªæ•°:  2150
æ€»æ•°:  4300
æ­£ç¡®çš„ä¸ªæ•°:  3953
æœ€åä¸€ä¸ªæ‰¹æ¬¡çš„è¾“å‡º, ä¸æ»¡batchsizeæ˜¯æ­£å¸¸çš„:
 tensor([[9.9693e-01],
        [9.9921e-01],
        [9.9841e-01],
        [1.7373e-02],
        [9.9977e-01],
        [5.3726e-05],
        [3.8960e-03],
        [4.3447e-02],
        [9.7197e-01],
        [9.5176e-01],
        [1.0791e-02],
        [5.4807e-02]], device='cuda:0', grad_fn=<SigmoidBackward0>)
Epoch [44/100], T_AUC: [4m0.9237[0m
Epoch [44/100], Loss: 26.4867
val_Accuracy: [92m0.7616[0m
val_Precision: [4;34m0.7743[0m,               val_Recall: [4;33m0.7269[0m,                 val_F1 Score: [4;35m0.7438[0m
æ ‡ç­¾é‡Œ1çš„ä¸ªæ•°:  430
æ ‡ç­¾é‡Œ0çš„ä¸ªæ•°:  430
æ€»æ•°:  860
æ­£ç¡®çš„ä¸ªæ•°:  655
Epoch [44/100], V_AUC: [4m0.7581[0m
Epoch [45/100], Loss: 26.7789
train_Accuracy: [91m0.9233[0m
train_Precision: [4;34m0.9121[0m,               train_Recall: [4;33m0.9389[0m,                 train_F1 Score: [4;35m0.9224[0m
æ ‡ç­¾é‡Œ1çš„ä¸ªæ•°:  2150
æ ‡ç­¾é‡Œ0çš„ä¸ªæ•°:  2150
æ€»æ•°:  4300
æ­£ç¡®çš„ä¸ªæ•°:  3970
æœ€åä¸€ä¸ªæ‰¹æ¬¡çš„è¾“å‡º, ä¸æ»¡batchsizeæ˜¯æ­£å¸¸çš„:
 tensor([[9.9660e-01],
        [9.9977e-01],
        [9.9526e-01],
        [1.9902e-02],
        [9.9964e-01],
        [4.5942e-05],
        [1.1389e-02],
        [9.6864e-02],
        [9.7769e-01],
        [9.6341e-01],
        [1.2133e-02],
        [1.2544e-02]], device='cuda:0', grad_fn=<SigmoidBackward0>)
Epoch [45/100], T_AUC: [4m0.9269[0m
Epoch [45/100], Loss: 27.2654
val_Accuracy: [92m0.7686[0m
val_Precision: [4;34m0.7717[0m,               val_Recall: [4;33m0.7468[0m,                 val_F1 Score: [4;35m0.7520[0m
æ ‡ç­¾é‡Œ1çš„ä¸ªæ•°:  430
æ ‡ç­¾é‡Œ0çš„ä¸ªæ•°:  430
æ€»æ•°:  860
æ­£ç¡®çš„ä¸ªæ•°:  661
Epoch [45/100], V_AUC: [4m0.7649[0m
Epoch [46/100], Loss: 26.0623
train_Accuracy: [91m0.9279[0m
train_Precision: [4;34m0.9210[0m,               train_Recall: [4;33m0.9396[0m,                 train_F1 Score: [4;35m0.9276[0m
æ ‡ç­¾é‡Œ1çš„ä¸ªæ•°:  2150
æ ‡ç­¾é‡Œ0çš„ä¸ªæ•°:  2150
æ€»æ•°:  4300
æ­£ç¡®çš„ä¸ªæ•°:  3990
æœ€åä¸€ä¸ªæ‰¹æ¬¡çš„è¾“å‡º, ä¸æ»¡batchsizeæ˜¯æ­£å¸¸çš„:
 tensor([[9.9794e-01],
        [9.9907e-01],
        [9.9876e-01],
        [2.4263e-02],
        [9.9986e-01],
        [1.7683e-04],
        [8.5918e-03],
        [7.0608e-04],
        [9.8801e-01],
        [9.7511e-01],
        [1.4787e-02],
        [4.4473e-02]], device='cuda:0', grad_fn=<SigmoidBackward0>)
Epoch [46/100], T_AUC: [4m0.9312[0m
Epoch [46/100], Loss: 25.8830
val_Accuracy: [92m0.7593[0m
val_Precision: [4;34m0.7756[0m,               val_Recall: [4;33m0.7156[0m,                 val_F1 Score: [4;35m0.7376[0m
æ ‡ç­¾é‡Œ1çš„ä¸ªæ•°:  430
æ ‡ç­¾é‡Œ0çš„ä¸ªæ•°:  430
æ€»æ•°:  860
æ­£ç¡®çš„ä¸ªæ•°:  653
Epoch [46/100], V_AUC: [4m0.7564[0m
Epoch [47/100], Loss: 22.8841
train_Accuracy: [91m0.9388[0m
train_Precision: [4;34m0.9333[0m,               train_Recall: [4;33m0.9475[0m,                 train_F1 Score: [4;35m0.9380[0m
æ ‡ç­¾é‡Œ1çš„ä¸ªæ•°:  2150
æ ‡ç­¾é‡Œ0çš„ä¸ªæ•°:  2150
æ€»æ•°:  4300
æ­£ç¡®çš„ä¸ªæ•°:  4037
æœ€åä¸€ä¸ªæ‰¹æ¬¡çš„è¾“å‡º, ä¸æ»¡batchsizeæ˜¯æ­£å¸¸çš„:
 tensor([[9.9187e-01],
        [9.9786e-01],
        [9.9315e-01],
        [1.7258e-02],
        [9.9995e-01],
        [5.6297e-05],
        [6.2569e-03],
        [1.5778e-02],
        [9.9147e-01],
        [9.8084e-01],
        [6.5649e-03],
        [2.1212e-01]], device='cuda:0', grad_fn=<SigmoidBackward0>)
Epoch [47/100], T_AUC: [4m0.9417[0m
Epoch [47/100], Loss: 25.9553
val_Accuracy: [92m0.7651[0m
val_Precision: [4;34m0.7725[0m,               val_Recall: [4;33m0.7446[0m,                 val_F1 Score: [4;35m0.7519[0m
æ ‡ç­¾é‡Œ1çš„ä¸ªæ•°:  430
æ ‡ç­¾é‡Œ0çš„ä¸ªæ•°:  430
æ€»æ•°:  860
æ­£ç¡®çš„ä¸ªæ•°:  658
Epoch [47/100], V_AUC: [4m0.7625[0m
Epoch [48/100], Loss: 21.3029
train_Accuracy: [91m0.9442[0m
train_Precision: [4;34m0.9395[0m,               train_Recall: [4;33m0.9520[0m,                 train_F1 Score: [4;35m0.9436[0m
æ ‡ç­¾é‡Œ1çš„ä¸ªæ•°:  2150
æ ‡ç­¾é‡Œ0çš„ä¸ªæ•°:  2150
æ€»æ•°:  4300
æ­£ç¡®çš„ä¸ªæ•°:  4060
æœ€åä¸€ä¸ªæ‰¹æ¬¡çš„è¾“å‡º, ä¸æ»¡batchsizeæ˜¯æ­£å¸¸çš„:
 tensor([[9.9545e-01],
        [9.9812e-01],
        [9.9922e-01],
        [3.4194e-02],
        [9.9985e-01],
        [1.4200e-04],
        [4.1668e-02],
        [3.6849e-03],
        [9.2296e-01],
        [9.8889e-01],
        [1.6848e-02],
        [1.5233e-02]], device='cuda:0', grad_fn=<SigmoidBackward0>)
Epoch [48/100], T_AUC: [4m0.9468[0m
Epoch [48/100], Loss: 30.5737
val_Accuracy: [92m0.7535[0m
val_Precision: [4;34m0.7595[0m,               val_Recall: [4;33m0.7273[0m,                 val_F1 Score: [4;35m0.7368[0m
æ ‡ç­¾é‡Œ1çš„ä¸ªæ•°:  430
æ ‡ç­¾é‡Œ0çš„ä¸ªæ•°:  430
æ€»æ•°:  860
æ­£ç¡®çš„ä¸ªæ•°:  648
Epoch [48/100], V_AUC: [4m0.7508[0m
Epoch [49/100], Loss: 19.9300
train_Accuracy: [91m0.9465[0m
train_Precision: [4;34m0.9417[0m,               train_Recall: [4;33m0.9537[0m,                 train_F1 Score: [4;35m0.9456[0m
æ ‡ç­¾é‡Œ1çš„ä¸ªæ•°:  2150
æ ‡ç­¾é‡Œ0çš„ä¸ªæ•°:  2150
æ€»æ•°:  4300
æ­£ç¡®çš„ä¸ªæ•°:  4070
æœ€åä¸€ä¸ªæ‰¹æ¬¡çš„è¾“å‡º, ä¸æ»¡batchsizeæ˜¯æ­£å¸¸çš„:
 tensor([[9.8742e-01],
        [9.9608e-01],
        [9.9846e-01],
        [5.3300e-03],
        [9.9996e-01],
        [8.4368e-04],
        [1.3307e-02],
        [2.5137e-02],
        [9.3439e-01],
        [9.9497e-01],
        [4.8888e-03],
        [7.2148e-02]], device='cuda:0', grad_fn=<SigmoidBackward0>)
Epoch [49/100], T_AUC: [4m0.9493[0m
Epoch [49/100], Loss: 27.7624
val_Accuracy: [92m0.7488[0m
val_Precision: [4;34m0.7553[0m,               val_Recall: [4;33m0.7212[0m,                 val_F1 Score: [4;35m0.7322[0m
æ ‡ç­¾é‡Œ1çš„ä¸ªæ•°:  430
æ ‡ç­¾é‡Œ0çš„ä¸ªæ•°:  430
æ€»æ•°:  860
æ­£ç¡®çš„ä¸ªæ•°:  644
Epoch [49/100], V_AUC: [4m0.7467[0m
Epoch [50/100], Loss: 21.1035
train_Accuracy: [91m0.9430[0m
train_Precision: [4;34m0.9346[0m,               train_Recall: [4;33m0.9549[0m,                 train_F1 Score: [4;35m0.9427[0m
æ ‡ç­¾é‡Œ1çš„ä¸ªæ•°:  2150
æ ‡ç­¾é‡Œ0çš„ä¸ªæ•°:  2150
æ€»æ•°:  4300
æ­£ç¡®çš„ä¸ªæ•°:  4055
æœ€åä¸€ä¸ªæ‰¹æ¬¡çš„è¾“å‡º, ä¸æ»¡batchsizeæ˜¯æ­£å¸¸çš„:
 tensor([[9.9766e-01],
        [9.9903e-01],
        [9.9538e-01],
        [7.1223e-02],
        [9.9985e-01],
        [4.3766e-04],
        [1.1292e-02],
        [1.4934e-03],
        [9.0184e-01],
        [9.9756e-01],
        [3.2490e-03],
        [7.3726e-02]], device='cuda:0', grad_fn=<SigmoidBackward0>)
Epoch [50/100], T_AUC: [4m0.9458[0m
Epoch [50/100], Loss: 30.9946
val_Accuracy: [92m0.7547[0m
val_Precision: [4;34m0.7620[0m,               val_Recall: [4;33m0.7297[0m,                 val_F1 Score: [4;35m0.7389[0m
æ ‡ç­¾é‡Œ1çš„ä¸ªæ•°:  430
æ ‡ç­¾é‡Œ0çš„ä¸ªæ•°:  430
æ€»æ•°:  860
æ­£ç¡®çš„ä¸ªæ•°:  649
Epoch [50/100], V_AUC: [4m0.7503[0m
Epoch [51/100], Loss: 25.3046
train_Accuracy: [91m0.9274[0m
train_Precision: [4;34m0.9214[0m,               train_Recall: [4;33m0.9378[0m,                 train_F1 Score: [4;35m0.9270[0m
æ ‡ç­¾é‡Œ1çš„ä¸ªæ•°:  2150
æ ‡ç­¾é‡Œ0çš„ä¸ªæ•°:  2150
æ€»æ•°:  4300
æ­£ç¡®çš„ä¸ªæ•°:  3988
æœ€åä¸€ä¸ªæ‰¹æ¬¡çš„è¾“å‡º, ä¸æ»¡batchsizeæ˜¯æ­£å¸¸çš„:
 tensor([[0.9990],
        [0.9148],
        [0.9993],
        [0.1218],
        [0.9996],
        [0.0011],
        [0.0055],
        [0.0036],
        [0.9964],
        [0.7568],
        [0.0161],
        [0.1329]], device='cuda:0', grad_fn=<SigmoidBackward0>)
Epoch [51/100], T_AUC: [4m0.9308[0m
Epoch [51/100], Loss: 30.2823
val_Accuracy: [92m0.7605[0m
val_Precision: [4;34m0.7742[0m,               val_Recall: [4;33m0.7298[0m,                 val_F1 Score: [4;35m0.7446[0m
æ ‡ç­¾é‡Œ1çš„ä¸ªæ•°:  430
æ ‡ç­¾é‡Œ0çš„ä¸ªæ•°:  430
æ€»æ•°:  860
æ­£ç¡®çš„ä¸ªæ•°:  654
Epoch [51/100], V_AUC: [4m0.7591[0m
Epoch [52/100], Loss: 23.9606
train_Accuracy: [91m0.9302[0m
train_Precision: [4;34m0.9254[0m,               train_Recall: [4;33m0.9388[0m,                 train_F1 Score: [4;35m0.9291[0m
æ ‡ç­¾é‡Œ1çš„ä¸ªæ•°:  2150
æ ‡ç­¾é‡Œ0çš„ä¸ªæ•°:  2150
æ€»æ•°:  4300
æ­£ç¡®çš„ä¸ªæ•°:  4000
æœ€åä¸€ä¸ªæ‰¹æ¬¡çš„è¾“å‡º, ä¸æ»¡batchsizeæ˜¯æ­£å¸¸çš„:
 tensor([[9.9708e-01],
        [9.7937e-01],
        [9.9895e-01],
        [3.5366e-02],
        [9.9968e-01],
        [3.8914e-05],
        [2.7294e-03],
        [1.6802e-01],
        [9.8950e-01],
        [9.9394e-01],
        [1.2205e-02],
        [6.3389e-02]], device='cuda:0', grad_fn=<SigmoidBackward0>)
Epoch [52/100], T_AUC: [4m0.9337[0m
Epoch [52/100], Loss: 31.5135
val_Accuracy: [92m0.7558[0m
val_Precision: [4;34m0.7709[0m,               val_Recall: [4;33m0.7194[0m,                 val_F1 Score: [4;35m0.7357[0m
æ ‡ç­¾é‡Œ1çš„ä¸ªæ•°:  430
æ ‡ç­¾é‡Œ0çš„ä¸ªæ•°:  430
æ€»æ•°:  860
æ­£ç¡®çš„ä¸ªæ•°:  650
Epoch [52/100], V_AUC: [4m0.7531[0m
Epoch [53/100], Loss: 19.6277
train_Accuracy: [91m0.9509[0m
train_Precision: [4;34m0.9465[0m,               train_Recall: [4;33m0.9584[0m,                 train_F1 Score: [4;35m0.9503[0m
æ ‡ç­¾é‡Œ1çš„ä¸ªæ•°:  2150
æ ‡ç­¾é‡Œ0çš„ä¸ªæ•°:  2150
æ€»æ•°:  4300
æ­£ç¡®çš„ä¸ªæ•°:  4089
æœ€åä¸€ä¸ªæ‰¹æ¬¡çš„è¾“å‡º, ä¸æ»¡batchsizeæ˜¯æ­£å¸¸çš„:
 tensor([[9.7832e-01],
        [9.9787e-01],
        [9.9935e-01],
        [4.9596e-02],
        [9.9985e-01],
        [7.5739e-04],
        [6.3656e-03],
        [6.7336e-03],
        [9.8461e-01],
        [9.8465e-01],
        [8.6770e-03],
        [1.2454e-01]], device='cuda:0', grad_fn=<SigmoidBackward0>)
Epoch [53/100], T_AUC: [4m0.9533[0m
Epoch [53/100], Loss: 32.4037
val_Accuracy: [92m0.7453[0m
val_Precision: [4;34m0.7425[0m,               val_Recall: [4;33m0.7395[0m,                 val_F1 Score: [4;35m0.7357[0m
æ ‡ç­¾é‡Œ1çš„ä¸ªæ•°:  430
æ ‡ç­¾é‡Œ0çš„ä¸ªæ•°:  430
æ€»æ•°:  860
æ­£ç¡®çš„ä¸ªæ•°:  641
Epoch [53/100], V_AUC: [4m0.7420[0m
Epoch [54/100], Loss: 18.0981
train_Accuracy: [91m0.9526[0m
train_Precision: [4;34m0.9464[0m,               train_Recall: [4;33m0.9603[0m,                 train_F1 Score: [4;35m0.9512[0m
æ ‡ç­¾é‡Œ1çš„ä¸ªæ•°:  2150
æ ‡ç­¾é‡Œ0çš„ä¸ªæ•°:  2150
æ€»æ•°:  4300
æ­£ç¡®çš„ä¸ªæ•°:  4096
æœ€åä¸€ä¸ªæ‰¹æ¬¡çš„è¾“å‡º, ä¸æ»¡batchsizeæ˜¯æ­£å¸¸çš„:
 tensor([[9.9746e-01],
        [9.9903e-01],
        [9.7169e-01],
        [9.1228e-02],
        [9.9995e-01],
        [6.1972e-04],
        [2.8336e-03],
        [6.4713e-03],
        [9.8653e-01],
        [9.8375e-01],
        [9.0913e-03],
        [5.8336e-02]], device='cuda:0', grad_fn=<SigmoidBackward0>)
Epoch [54/100], T_AUC: [4m0.9554[0m
Epoch [54/100], Loss: 33.0871
val_Accuracy: [92m0.7314[0m
val_Precision: [4;34m0.7328[0m,               val_Recall: [4;33m0.7195[0m,                 val_F1 Score: [4;35m0.7184[0m
æ ‡ç­¾é‡Œ1çš„ä¸ªæ•°:  430
æ ‡ç­¾é‡Œ0çš„ä¸ªæ•°:  430
æ€»æ•°:  860
æ­£ç¡®çš„ä¸ªæ•°:  629
Epoch [54/100], V_AUC: [4m0.7284[0m
Epoch [55/100], Loss: 17.4968
train_Accuracy: [91m0.9577[0m
train_Precision: [4;34m0.9519[0m,               train_Recall: [4;33m0.9640[0m,                 train_F1 Score: [4;35m0.9561[0m
æ ‡ç­¾é‡Œ1çš„ä¸ªæ•°:  2150
æ ‡ç­¾é‡Œ0çš„ä¸ªæ•°:  2150
æ€»æ•°:  4300
æ­£ç¡®çš„ä¸ªæ•°:  4118
æœ€åä¸€ä¸ªæ‰¹æ¬¡çš„è¾“å‡º, ä¸æ»¡batchsizeæ˜¯æ­£å¸¸çš„:
 tensor([[9.8886e-01],
        [9.9254e-01],
        [9.9833e-01],
        [3.5687e-02],
        [9.9995e-01],
        [8.9259e-04],
        [2.5489e-04],
        [4.5817e-02],
        [9.7369e-01],
        [9.9739e-01],
        [8.5586e-03],
        [1.2011e-01]], device='cuda:0', grad_fn=<SigmoidBackward0>)
Epoch [55/100], T_AUC: [4m0.9600[0m
Epoch [55/100], Loss: 29.5758
val_Accuracy: [92m0.7291[0m
val_Precision: [4;34m0.7392[0m,               val_Recall: [4;33m0.7051[0m,                 val_F1 Score: [4;35m0.7149[0m
æ ‡ç­¾é‡Œ1çš„ä¸ªæ•°:  430
æ ‡ç­¾é‡Œ0çš„ä¸ªæ•°:  430
æ€»æ•°:  860
æ­£ç¡®çš„ä¸ªæ•°:  627
Epoch [55/100], V_AUC: [4m0.7275[0m
Epoch [56/100], Loss: 16.2404
train_Accuracy: [91m0.9577[0m
train_Precision: [4;34m0.9540[0m,               train_Recall: [4;33m0.9640[0m,                 train_F1 Score: [4;35m0.9571[0m
æ ‡ç­¾é‡Œ1çš„ä¸ªæ•°:  2150
æ ‡ç­¾é‡Œ0çš„ä¸ªæ•°:  2150
æ€»æ•°:  4300
æ­£ç¡®çš„ä¸ªæ•°:  4118
æœ€åä¸€ä¸ªæ‰¹æ¬¡çš„è¾“å‡º, ä¸æ»¡batchsizeæ˜¯æ­£å¸¸çš„:
 tensor([[9.9904e-01],
        [9.9812e-01],
        [9.9317e-01],
        [1.5555e-02],
        [9.9989e-01],
        [3.1046e-03],
        [8.2150e-04],
        [2.9931e-03],
        [9.7975e-01],
        [9.9644e-01],
        [1.1875e-02],
        [1.2850e-01]], device='cuda:0', grad_fn=<SigmoidBackward0>)
Epoch [56/100], T_AUC: [4m0.9603[0m
Epoch [56/100], Loss: 33.7383
val_Accuracy: [92m0.7291[0m
val_Precision: [4;34m0.7330[0m,               val_Recall: [4;33m0.7114[0m,                 val_F1 Score: [4;35m0.7166[0m
æ ‡ç­¾é‡Œ1çš„ä¸ªæ•°:  430
æ ‡ç­¾é‡Œ0çš„ä¸ªæ•°:  430
æ€»æ•°:  860
æ­£ç¡®çš„ä¸ªæ•°:  627
Epoch [56/100], V_AUC: [4m0.7277[0m
Epoch [57/100], Loss: 14.1809
train_Accuracy: [91m0.9653[0m
train_Precision: [4;34m0.9577[0m,               train_Recall: [4;33m0.9744[0m,                 train_F1 Score: [4;35m0.9645[0m
æ ‡ç­¾é‡Œ1çš„ä¸ªæ•°:  2150
æ ‡ç­¾é‡Œ0çš„ä¸ªæ•°:  2150
æ€»æ•°:  4300
æ­£ç¡®çš„ä¸ªæ•°:  4151
æœ€åä¸€ä¸ªæ‰¹æ¬¡çš„è¾“å‡º, ä¸æ»¡batchsizeæ˜¯æ­£å¸¸çš„:
 tensor([[0.9966],
        [0.9986],
        [0.9987],
        [0.0337],
        [0.9998],
        [0.0020],
        [0.0034],
        [0.0020],
        [0.9966],
        [0.9692],
        [0.0045],
        [0.0948]], device='cuda:0', grad_fn=<SigmoidBackward0>)
Epoch [57/100], T_AUC: [4m0.9676[0m
Epoch [57/100], Loss: 33.9685
val_Accuracy: [92m0.7233[0m
val_Precision: [4;34m0.7278[0m,               val_Recall: [4;33m0.7088[0m,                 val_F1 Score: [4;35m0.7116[0m
æ ‡ç­¾é‡Œ1çš„ä¸ªæ•°:  430
æ ‡ç­¾é‡Œ0çš„ä¸ªæ•°:  430
æ€»æ•°:  860
æ­£ç¡®çš„ä¸ªæ•°:  622
Epoch [57/100], V_AUC: [4m0.7206[0m
Epoch [58/100], Loss: 13.0982
train_Accuracy: [91m0.9698[0m
train_Precision: [4;34m0.9661[0m,               train_Recall: [4;33m0.9757[0m,                 train_F1 Score: [4;35m0.9697[0m
æ ‡ç­¾é‡Œ1çš„ä¸ªæ•°:  2150
æ ‡ç­¾é‡Œ0çš„ä¸ªæ•°:  2150
æ€»æ•°:  4300
æ­£ç¡®çš„ä¸ªæ•°:  4170
æœ€åä¸€ä¸ªæ‰¹æ¬¡çš„è¾“å‡º, ä¸æ»¡batchsizeæ˜¯æ­£å¸¸çš„:
 tensor([[9.9906e-01],
        [9.9608e-01],
        [9.9970e-01],
        [3.3215e-02],
        [9.9993e-01],
        [1.6105e-03],
        [2.1949e-04],
        [3.9029e-03],
        [9.9468e-01],
        [9.9514e-01],
        [9.0486e-04],
        [1.5891e-01]], device='cuda:0', grad_fn=<SigmoidBackward0>)
Epoch [58/100], T_AUC: [4m0.9715[0m
Epoch [58/100], Loss: 32.1778
val_Accuracy: [92m0.7326[0m
val_Precision: [4;34m0.7367[0m,               val_Recall: [4;33m0.7032[0m,                 val_F1 Score: [4;35m0.7140[0m
æ ‡ç­¾é‡Œ1çš„ä¸ªæ•°:  430
æ ‡ç­¾é‡Œ0çš„ä¸ªæ•°:  430
æ€»æ•°:  860
æ­£ç¡®çš„ä¸ªæ•°:  630
Epoch [58/100], V_AUC: [4m0.7277[0m
Epoch [59/100], Loss: 14.9075
train_Accuracy: [91m0.9619[0m
train_Precision: [4;34m0.9537[0m,               train_Recall: [4;33m0.9707[0m,                 train_F1 Score: [4;35m0.9607[0m
æ ‡ç­¾é‡Œ1çš„ä¸ªæ•°:  2150
æ ‡ç­¾é‡Œ0çš„ä¸ªæ•°:  2150
æ€»æ•°:  4300
æ­£ç¡®çš„ä¸ªæ•°:  4136
æœ€åä¸€ä¸ªæ‰¹æ¬¡çš„è¾“å‡º, ä¸æ»¡batchsizeæ˜¯æ­£å¸¸çš„:
 tensor([[9.9976e-01],
        [9.9464e-01],
        [9.9813e-01],
        [1.0788e-02],
        [9.9987e-01],
        [6.3512e-04],
        [5.1553e-04],
        [2.4509e-01],
        [7.2662e-01],
        [9.9932e-01],
        [3.3790e-03],
        [6.0753e-02]], device='cuda:0', grad_fn=<SigmoidBackward0>)
Epoch [59/100], T_AUC: [4m0.9636[0m
Epoch [59/100], Loss: 31.9994
val_Accuracy: [92m0.7244[0m
val_Precision: [4;34m0.7406[0m,               val_Recall: [4;33m0.6842[0m,                 val_F1 Score: [4;35m0.7052[0m
æ ‡ç­¾é‡Œ1çš„ä¸ªæ•°:  430
æ ‡ç­¾é‡Œ0çš„ä¸ªæ•°:  430
æ€»æ•°:  860
æ­£ç¡®çš„ä¸ªæ•°:  623
Epoch [59/100], V_AUC: [4m0.7228[0m
Epoch [60/100], Loss: 22.6740
train_Accuracy: [91m0.9344[0m
train_Precision: [4;34m0.9226[0m,               train_Recall: [4;33m0.9507[0m,                 train_F1 Score: [4;35m0.9339[0m
æ ‡ç­¾é‡Œ1çš„ä¸ªæ•°:  2150
æ ‡ç­¾é‡Œ0çš„ä¸ªæ•°:  2150
æ€»æ•°:  4300
æ­£ç¡®çš„ä¸ªæ•°:  4018
æœ€åä¸€ä¸ªæ‰¹æ¬¡çš„è¾“å‡º, ä¸æ»¡batchsizeæ˜¯æ­£å¸¸çš„:
 tensor([[0.9965],
        [0.9987],
        [0.9999],
        [0.0037],
        [0.9970],
        [0.0011],
        [0.0034],
        [0.0026],
        [0.9998],
        [0.9473],
        [0.0037],
        [0.0603]], device='cuda:0', grad_fn=<SigmoidBackward0>)
Epoch [60/100], T_AUC: [4m0.9373[0m
Epoch [60/100], Loss: 34.8164
val_Accuracy: [92m0.7337[0m
val_Precision: [4;34m0.7265[0m,               val_Recall: [4;33m0.7398[0m,                 val_F1 Score: [4;35m0.7284[0m
æ ‡ç­¾é‡Œ1çš„ä¸ªæ•°:  430
æ ‡ç­¾é‡Œ0çš„ä¸ªæ•°:  430
æ€»æ•°:  860
æ­£ç¡®çš„ä¸ªæ•°:  631
Epoch [60/100], V_AUC: [4m0.7309[0m
Epoch [61/100], Loss: 23.3242
train_Accuracy: [91m0.9344[0m
train_Precision: [4;34m0.9250[0m,               train_Recall: [4;33m0.9480[0m,                 train_F1 Score: [4;35m0.9334[0m
æ ‡ç­¾é‡Œ1çš„ä¸ªæ•°:  2150
æ ‡ç­¾é‡Œ0çš„ä¸ªæ•°:  2150
æ€»æ•°:  4300
æ­£ç¡®çš„ä¸ªæ•°:  4018
æœ€åä¸€ä¸ªæ‰¹æ¬¡çš„è¾“å‡º, ä¸æ»¡batchsizeæ˜¯æ­£å¸¸çš„:
 tensor([[9.9948e-01],
        [9.9748e-01],
        [9.9995e-01],
        [9.1642e-03],
        [9.9998e-01],
        [2.1377e-04],
        [1.7167e-03],
        [8.2436e-04],
        [8.2515e-01],
        [9.9614e-01],
        [1.0321e-02],
        [8.6292e-02]], device='cuda:0', grad_fn=<SigmoidBackward0>)
Epoch [61/100], T_AUC: [4m0.9380[0m
Epoch [61/100], Loss: 29.7991
val_Accuracy: [92m0.7465[0m
val_Precision: [4;34m0.7476[0m,               val_Recall: [4;33m0.7335[0m,                 val_F1 Score: [4;35m0.7345[0m
æ ‡ç­¾é‡Œ1çš„ä¸ªæ•°:  430
æ ‡ç­¾é‡Œ0çš„ä¸ªæ•°:  430
æ€»æ•°:  860
æ­£ç¡®çš„ä¸ªæ•°:  642
Epoch [61/100], V_AUC: [4m0.7424[0m
Epoch [62/100], Loss: 15.9739
train_Accuracy: [91m0.9593[0m
train_Precision: [4;34m0.9520[0m,               train_Recall: [4;33m0.9679[0m,                 train_F1 Score: [4;35m0.9585[0m
æ ‡ç­¾é‡Œ1çš„ä¸ªæ•°:  2150
æ ‡ç­¾é‡Œ0çš„ä¸ªæ•°:  2150
æ€»æ•°:  4300
æ­£ç¡®çš„ä¸ªæ•°:  4125
æœ€åä¸€ä¸ªæ‰¹æ¬¡çš„è¾“å‡º, ä¸æ»¡batchsizeæ˜¯æ­£å¸¸çš„:
 tensor([[9.9398e-01],
        [9.9914e-01],
        [9.9898e-01],
        [4.3884e-02],
        [9.9999e-01],
        [8.9218e-04],
        [3.1069e-04],
        [1.2030e-04],
        [9.9244e-01],
        [9.9908e-01],
        [3.2256e-03],
        [1.3920e-01]], device='cuda:0', grad_fn=<SigmoidBackward0>)
Epoch [62/100], T_AUC: [4m0.9612[0m
Epoch [62/100], Loss: 33.8911
val_Accuracy: [92m0.7267[0m
val_Precision: [4;34m0.7351[0m,               val_Recall: [4;33m0.7007[0m,                 val_F1 Score: [4;35m0.7101[0m
æ ‡ç­¾é‡Œ1çš„ä¸ªæ•°:  430
æ ‡ç­¾é‡Œ0çš„ä¸ªæ•°:  430
æ€»æ•°:  860
æ­£ç¡®çš„ä¸ªæ•°:  625
Epoch [62/100], V_AUC: [4m0.7233[0m
Epoch [63/100], Loss: 14.8479
train_Accuracy: [91m0.9633[0m
train_Precision: [4;34m0.9566[0m,               train_Recall: [4;33m0.9710[0m,                 train_F1 Score: [4;35m0.9623[0m
æ ‡ç­¾é‡Œ1çš„ä¸ªæ•°:  2150
æ ‡ç­¾é‡Œ0çš„ä¸ªæ•°:  2150
æ€»æ•°:  4300
æ­£ç¡®çš„ä¸ªæ•°:  4142
æœ€åä¸€ä¸ªæ‰¹æ¬¡çš„è¾“å‡º, ä¸æ»¡batchsizeæ˜¯æ­£å¸¸çš„:
 tensor([[9.9985e-01],
        [9.8602e-01],
        [9.9487e-01],
        [8.7730e-03],
        [1.0000e+00],
        [9.3842e-05],
        [1.5910e-03],
        [1.1114e-03],
        [9.9975e-01],
        [9.9690e-01],
        [1.5083e-03],
        [5.9479e-02]], device='cuda:0', grad_fn=<SigmoidBackward0>)
Epoch [63/100], T_AUC: [4m0.9649[0m
Epoch [63/100], Loss: 34.6617
val_Accuracy: [92m0.7302[0m
val_Precision: [4;34m0.7365[0m,               val_Recall: [4;33m0.7106[0m,                 val_F1 Score: [4;35m0.7164[0m
æ ‡ç­¾é‡Œ1çš„ä¸ªæ•°:  430
æ ‡ç­¾é‡Œ0çš„ä¸ªæ•°:  430
æ€»æ•°:  860
æ­£ç¡®çš„ä¸ªæ•°:  628
Epoch [63/100], V_AUC: [4m0.7259[0m
Epoch [64/100], Loss: 12.3278
train_Accuracy: [91m0.9688[0m
train_Precision: [4;34m0.9637[0m,               train_Recall: [4;33m0.9745[0m,                 train_F1 Score: [4;35m0.9678[0m
æ ‡ç­¾é‡Œ1çš„ä¸ªæ•°:  2150
æ ‡ç­¾é‡Œ0çš„ä¸ªæ•°:  2150
æ€»æ•°:  4300
æ­£ç¡®çš„ä¸ªæ•°:  4166
æœ€åä¸€ä¸ªæ‰¹æ¬¡çš„è¾“å‡º, ä¸æ»¡batchsizeæ˜¯æ­£å¸¸çš„:
 tensor([[9.9983e-01],
        [9.9897e-01],
        [9.9391e-01],
        [2.4504e-02],
        [9.9999e-01],
        [1.2699e-04],
        [3.2080e-03],
        [3.2295e-04],
        [9.9671e-01],
        [9.8846e-01],
        [9.5453e-04],
        [1.3927e-01]], device='cuda:0', grad_fn=<SigmoidBackward0>)
Epoch [64/100], T_AUC: [4m0.9706[0m
Epoch [64/100], Loss: 35.2732
val_Accuracy: [92m0.7337[0m
val_Precision: [4;34m0.7543[0m,               val_Recall: [4;33m0.6921[0m,                 val_F1 Score: [4;35m0.7143[0m
æ ‡ç­¾é‡Œ1çš„ä¸ªæ•°:  430
æ ‡ç­¾é‡Œ0çš„ä¸ªæ•°:  430
æ€»æ•°:  860
æ­£ç¡®çš„ä¸ªæ•°:  631
Epoch [64/100], V_AUC: [4m0.7314[0m
Epoch [65/100], Loss: 12.5309
train_Accuracy: [91m0.9663[0m
train_Precision: [4;34m0.9620[0m,               train_Recall: [4;33m0.9708[0m,                 train_F1 Score: [4;35m0.9651[0m
æ ‡ç­¾é‡Œ1çš„ä¸ªæ•°:  2150
æ ‡ç­¾é‡Œ0çš„ä¸ªæ•°:  2150
æ€»æ•°:  4300
æ­£ç¡®çš„ä¸ªæ•°:  4155
æœ€åä¸€ä¸ªæ‰¹æ¬¡çš„è¾“å‡º, ä¸æ»¡batchsizeæ˜¯æ­£å¸¸çš„:
 tensor([[9.9668e-01],
        [9.8845e-01],
        [9.9980e-01],
        [1.1257e-02],
        [1.0000e+00],
        [7.2263e-05],
        [2.8088e-03],
        [4.7442e-04],
        [9.9940e-01],
        [9.8405e-01],
        [2.5470e-03],
        [2.5418e-01]], device='cuda:0', grad_fn=<SigmoidBackward0>)
Epoch [65/100], T_AUC: [4m0.9677[0m
Epoch [65/100], Loss: 36.7794
val_Accuracy: [92m0.7093[0m
val_Precision: [4;34m0.7186[0m,               val_Recall: [4;33m0.6822[0m,                 val_F1 Score: [4;35m0.6928[0m
æ ‡ç­¾é‡Œ1çš„ä¸ªæ•°:  430
æ ‡ç­¾é‡Œ0çš„ä¸ªæ•°:  430
æ€»æ•°:  860
æ­£ç¡®çš„ä¸ªæ•°:  610
Epoch [65/100], V_AUC: [4m0.7063[0m
Epoch [66/100], Loss: 10.6697
train_Accuracy: [91m0.9749[0m
train_Precision: [4;34m0.9702[0m,               train_Recall: [4;33m0.9798[0m,                 train_F1 Score: [4;35m0.9742[0m
æ ‡ç­¾é‡Œ1çš„ä¸ªæ•°:  2150
æ ‡ç­¾é‡Œ0çš„ä¸ªæ•°:  2150
æ€»æ•°:  4300
æ­£ç¡®çš„ä¸ªæ•°:  4192
æœ€åä¸€ä¸ªæ‰¹æ¬¡çš„è¾“å‡º, ä¸æ»¡batchsizeæ˜¯æ­£å¸¸çš„:
 tensor([[9.9984e-01],
        [9.9696e-01],
        [9.9575e-01],
        [5.8721e-02],
        [1.0000e+00],
        [8.5195e-04],
        [1.5093e-03],
        [9.9734e-05],
        [9.8777e-01],
        [9.9852e-01],
        [5.2623e-04],
        [5.3870e-02]], device='cuda:0', grad_fn=<SigmoidBackward0>)
Epoch [66/100], T_AUC: [4m0.9762[0m
Epoch [66/100], Loss: 42.4374
val_Accuracy: [92m0.7174[0m
val_Precision: [4;34m0.7267[0m,               val_Recall: [4;33m0.6918[0m,                 val_F1 Score: [4;35m0.7009[0m
æ ‡ç­¾é‡Œ1çš„ä¸ªæ•°:  430
æ ‡ç­¾é‡Œ0çš„ä¸ªæ•°:  430
æ€»æ•°:  860
æ­£ç¡®çš„ä¸ªæ•°:  617
Epoch [66/100], V_AUC: [4m0.7149[0m
Epoch [67/100], Loss: 12.7877
train_Accuracy: [91m0.9695[0m
train_Precision: [4;34m0.9635[0m,               train_Recall: [4;33m0.9767[0m,                 train_F1 Score: [4;35m0.9691[0m
æ ‡ç­¾é‡Œ1çš„ä¸ªæ•°:  2150
æ ‡ç­¾é‡Œ0çš„ä¸ªæ•°:  2150
æ€»æ•°:  4300
æ­£ç¡®çš„ä¸ªæ•°:  4169
æœ€åä¸€ä¸ªæ‰¹æ¬¡çš„è¾“å‡º, ä¸æ»¡batchsizeæ˜¯æ­£å¸¸çš„:
 tensor([[9.9981e-01],
        [9.6075e-01],
        [9.9965e-01],
        [3.3869e-02],
        [9.9991e-01],
        [1.1257e-02],
        [5.9685e-04],
        [6.5973e-04],
        [9.9754e-01],
        [9.9726e-01],
        [1.2814e-03],
        [5.4390e-02]], device='cuda:0', grad_fn=<SigmoidBackward0>)
Epoch [67/100], T_AUC: [4m0.9710[0m
Epoch [67/100], Loss: 41.3389
val_Accuracy: [92m0.7314[0m
val_Precision: [4;34m0.7322[0m,               val_Recall: [4;33m0.7161[0m,                 val_F1 Score: [4;35m0.7175[0m
æ ‡ç­¾é‡Œ1çš„ä¸ªæ•°:  430
æ ‡ç­¾é‡Œ0çš„ä¸ªæ•°:  430
æ€»æ•°:  860
æ­£ç¡®çš„ä¸ªæ•°:  629
Epoch [67/100], V_AUC: [4m0.7294[0m
Epoch [68/100], Loss: 12.5782
train_Accuracy: [91m0.9665[0m
train_Precision: [4;34m0.9611[0m,               train_Recall: [4;33m0.9742[0m,                 train_F1 Score: [4;35m0.9664[0m
æ ‡ç­¾é‡Œ1çš„ä¸ªæ•°:  2150
æ ‡ç­¾é‡Œ0çš„ä¸ªæ•°:  2150
æ€»æ•°:  4300
æ­£ç¡®çš„ä¸ªæ•°:  4156
æœ€åä¸€ä¸ªæ‰¹æ¬¡çš„è¾“å‡º, ä¸æ»¡batchsizeæ˜¯æ­£å¸¸çš„:
 tensor([[9.9998e-01],
        [9.9535e-01],
        [9.9537e-01],
        [1.7321e-03],
        [1.0000e+00],
        [2.1629e-03],
        [8.4588e-04],
        [4.8413e-03],
        [9.9414e-01],
        [9.9520e-01],
        [2.1292e-04],
        [4.3073e-02]], device='cuda:0', grad_fn=<SigmoidBackward0>)
Epoch [68/100], T_AUC: [4m0.9682[0m
Epoch [68/100], Loss: 38.6843
val_Accuracy: [92m0.7279[0m
val_Precision: [4;34m0.7301[0m,               val_Recall: [4;33m0.7109[0m,                 val_F1 Score: [4;35m0.7138[0m
æ ‡ç­¾é‡Œ1çš„ä¸ªæ•°:  430
æ ‡ç­¾é‡Œ0çš„ä¸ªæ•°:  430
æ€»æ•°:  860
æ­£ç¡®çš„ä¸ªæ•°:  626
Epoch [68/100], V_AUC: [4m0.7246[0m
Epoch [69/100], Loss: 15.3551
train_Accuracy: [91m0.9572[0m
train_Precision: [4;34m0.9495[0m,               train_Recall: [4;33m0.9679[0m,                 train_F1 Score: [4;35m0.9568[0m
æ ‡ç­¾é‡Œ1çš„ä¸ªæ•°:  2150
æ ‡ç­¾é‡Œ0çš„ä¸ªæ•°:  2150
æ€»æ•°:  4300
æ­£ç¡®çš„ä¸ªæ•°:  4116
æœ€åä¸€ä¸ªæ‰¹æ¬¡çš„è¾“å‡º, ä¸æ»¡batchsizeæ˜¯æ­£å¸¸çš„:
 tensor([[9.9736e-01],
        [9.7325e-01],
        [9.9997e-01],
        [1.9631e-02],
        [9.9997e-01],
        [2.9249e-04],
        [4.2032e-03],
        [2.5404e-03],
        [9.9963e-01],
        [9.9323e-01],
        [3.2679e-04],
        [1.7955e-02]], device='cuda:0', grad_fn=<SigmoidBackward0>)
Epoch [69/100], T_AUC: [4m0.9601[0m
Epoch [69/100], Loss: 46.3105
val_Accuracy: [92m0.7488[0m
val_Precision: [4;34m0.7625[0m,               val_Recall: [4;33m0.7143[0m,                 val_F1 Score: [4;35m0.7322[0m
æ ‡ç­¾é‡Œ1çš„ä¸ªæ•°:  430
æ ‡ç­¾é‡Œ0çš„ä¸ªæ•°:  430
æ€»æ•°:  860
æ­£ç¡®çš„ä¸ªæ•°:  644
Epoch [69/100], V_AUC: [4m0.7463[0m
Epoch [70/100], Loss: 17.5646
train_Accuracy: [91m0.9502[0m
train_Precision: [4;34m0.9435[0m,               train_Recall: [4;33m0.9586[0m,                 train_F1 Score: [4;35m0.9491[0m
æ ‡ç­¾é‡Œ1çš„ä¸ªæ•°:  2150
æ ‡ç­¾é‡Œ0çš„ä¸ªæ•°:  2150
æ€»æ•°:  4300
æ­£ç¡®çš„ä¸ªæ•°:  4086
æœ€åä¸€ä¸ªæ‰¹æ¬¡çš„è¾“å‡º, ä¸æ»¡batchsizeæ˜¯æ­£å¸¸çš„:
 tensor([[9.9858e-01],
        [9.9550e-01],
        [9.9975e-01],
        [1.7557e-01],
        [9.9811e-01],
        [3.1623e-03],
        [1.4978e-01],
        [1.3475e-03],
        [9.9863e-01],
        [9.9464e-01],
        [4.3798e-05],
        [1.6912e-02]], device='cuda:0', grad_fn=<SigmoidBackward0>)
Epoch [70/100], T_AUC: [4m0.9524[0m
Epoch [70/100], Loss: 47.1496
val_Accuracy: [92m0.7430[0m
val_Precision: [4;34m0.7382[0m,               val_Recall: [4;33m0.7396[0m,                 val_F1 Score: [4;35m0.7327[0m
æ ‡ç­¾é‡Œ1çš„ä¸ªæ•°:  430
æ ‡ç­¾é‡Œ0çš„ä¸ªæ•°:  430
æ€»æ•°:  860
æ­£ç¡®çš„ä¸ªæ•°:  639
Epoch [70/100], V_AUC: [4m0.7379[0m
Epoch [71/100], Loss: 14.8219
train_Accuracy: [91m0.9612[0m
train_Precision: [4;34m0.9536[0m,               train_Recall: [4;33m0.9706[0m,                 train_F1 Score: [4;35m0.9605[0m
æ ‡ç­¾é‡Œ1çš„ä¸ªæ•°:  2150
æ ‡ç­¾é‡Œ0çš„ä¸ªæ•°:  2150
æ€»æ•°:  4300
æ­£ç¡®çš„ä¸ªæ•°:  4133
æœ€åä¸€ä¸ªæ‰¹æ¬¡çš„è¾“å‡º, ä¸æ»¡batchsizeæ˜¯æ­£å¸¸çš„:
 tensor([[9.9905e-01],
        [9.9554e-01],
        [9.9600e-01],
        [1.2674e-02],
        [9.9998e-01],
        [1.0324e-02],
        [1.4311e-03],
        [6.3288e-04],
        [9.9926e-01],
        [9.9011e-01],
        [7.2292e-04],
        [1.3266e-01]], device='cuda:0', grad_fn=<SigmoidBackward0>)
Epoch [71/100], T_AUC: [4m0.9630[0m
Epoch [71/100], Loss: 41.9963
val_Accuracy: [92m0.7209[0m
val_Precision: [4;34m0.7227[0m,               val_Recall: [4;33m0.7008[0m,                 val_F1 Score: [4;35m0.7060[0m
æ ‡ç­¾é‡Œ1çš„ä¸ªæ•°:  430
æ ‡ç­¾é‡Œ0çš„ä¸ªæ•°:  430
æ€»æ•°:  860
æ­£ç¡®çš„ä¸ªæ•°:  620
Epoch [71/100], V_AUC: [4m0.7175[0m
Epoch [72/100], Loss: 11.1593
train_Accuracy: [91m0.9730[0m
train_Precision: [4;34m0.9670[0m,               train_Recall: [4;33m0.9795[0m,                 train_F1 Score: [4;35m0.9720[0m
æ ‡ç­¾é‡Œ1çš„ä¸ªæ•°:  2150
æ ‡ç­¾é‡Œ0çš„ä¸ªæ•°:  2150
æ€»æ•°:  4300
æ­£ç¡®çš„ä¸ªæ•°:  4184
æœ€åä¸€ä¸ªæ‰¹æ¬¡çš„è¾“å‡º, ä¸æ»¡batchsizeæ˜¯æ­£å¸¸çš„:
 tensor([[9.9962e-01],
        [8.6518e-01],
        [9.8880e-01],
        [1.4042e-02],
        [9.9907e-01],
        [5.9271e-03],
        [2.0562e-03],
        [3.7069e-04],
        [1.0000e+00],
        [9.9974e-01],
        [6.7685e-04],
        [1.1646e-01]], device='cuda:0', grad_fn=<SigmoidBackward0>)
Epoch [72/100], T_AUC: [4m0.9751[0m
Epoch [72/100], Loss: 41.2472
val_Accuracy: [92m0.7256[0m
val_Precision: [4;34m0.7213[0m,               val_Recall: [4;33m0.7260[0m,                 val_F1 Score: [4;35m0.7187[0m
æ ‡ç­¾é‡Œ1çš„ä¸ªæ•°:  430
æ ‡ç­¾é‡Œ0çš„ä¸ªæ•°:  430
æ€»æ•°:  860
æ­£ç¡®çš„ä¸ªæ•°:  624
Epoch [72/100], V_AUC: [4m0.7227[0m
Epoch [73/100], Loss: 8.8739
train_Accuracy: [91m0.9793[0m
train_Precision: [4;34m0.9755[0m,               train_Recall: [4;33m0.9837[0m,                 train_F1 Score: [4;35m0.9789[0m
æ ‡ç­¾é‡Œ1çš„ä¸ªæ•°:  2150
æ ‡ç­¾é‡Œ0çš„ä¸ªæ•°:  2150
æ€»æ•°:  4300
æ­£ç¡®çš„ä¸ªæ•°:  4211
æœ€åä¸€ä¸ªæ‰¹æ¬¡çš„è¾“å‡º, ä¸æ»¡batchsizeæ˜¯æ­£å¸¸çš„:
 tensor([[9.9984e-01],
        [9.9763e-01],
        [9.8813e-01],
        [6.0902e-02],
        [9.9994e-01],
        [4.7780e-04],
        [2.4152e-03],
        [3.7692e-04],
        [9.9943e-01],
        [9.9942e-01],
        [5.7737e-04],
        [3.5983e-02]], device='cuda:0', grad_fn=<SigmoidBackward0>)
Epoch [73/100], T_AUC: [4m0.9807[0m
Epoch [73/100], Loss: 42.9738
val_Accuracy: [92m0.7174[0m
val_Precision: [4;34m0.7329[0m,               val_Recall: [4;33m0.6889[0m,                 val_F1 Score: [4;35m0.7029[0m
æ ‡ç­¾é‡Œ1çš„ä¸ªæ•°:  430
æ ‡ç­¾é‡Œ0çš„ä¸ªæ•°:  430
æ€»æ•°:  860
æ­£ç¡®çš„ä¸ªæ•°:  617
Epoch [73/100], V_AUC: [4m0.7159[0m
Epoch [74/100], Loss: 8.5977
train_Accuracy: [91m0.9809[0m
train_Precision: [4;34m0.9758[0m,               train_Recall: [4;33m0.9869[0m,                 train_F1 Score: [4;35m0.9807[0m
æ ‡ç­¾é‡Œ1çš„ä¸ªæ•°:  2150
æ ‡ç­¾é‡Œ0çš„ä¸ªæ•°:  2150
æ€»æ•°:  4300
æ­£ç¡®çš„ä¸ªæ•°:  4218
æœ€åä¸€ä¸ªæ‰¹æ¬¡çš„è¾“å‡º, ä¸æ»¡batchsizeæ˜¯æ­£å¸¸çš„:
 tensor([[9.9973e-01],
        [9.6695e-01],
        [9.9870e-01],
        [1.0132e-01],
        [9.9997e-01],
        [4.8319e-04],
        [1.0058e-04],
        [5.7924e-04],
        [9.9994e-01],
        [9.9981e-01],
        [1.5514e-04],
        [4.2559e-02]], device='cuda:0', grad_fn=<SigmoidBackward0>)
Epoch [74/100], T_AUC: [4m0.9820[0m
Epoch [74/100], Loss: 47.2341
val_Accuracy: [92m0.7349[0m
val_Precision: [4;34m0.7336[0m,               val_Recall: [4;33m0.7220[0m,                 val_F1 Score: [4;35m0.7228[0m
æ ‡ç­¾é‡Œ1çš„ä¸ªæ•°:  430
æ ‡ç­¾é‡Œ0çš„ä¸ªæ•°:  430
æ€»æ•°:  860
æ­£ç¡®çš„ä¸ªæ•°:  632
Epoch [74/100], V_AUC: [4m0.7326[0m
Epoch [75/100], Loss: 9.0039
train_Accuracy: [91m0.9781[0m
train_Precision: [4;34m0.9722[0m,               train_Recall: [4;33m0.9838[0m,                 train_F1 Score: [4;35m0.9770[0m
æ ‡ç­¾é‡Œ1çš„ä¸ªæ•°:  2150
æ ‡ç­¾é‡Œ0çš„ä¸ªæ•°:  2150
æ€»æ•°:  4300
æ­£ç¡®çš„ä¸ªæ•°:  4206
æœ€åä¸€ä¸ªæ‰¹æ¬¡çš„è¾“å‡º, ä¸æ»¡batchsizeæ˜¯æ­£å¸¸çš„:
 tensor([[9.9793e-01],
        [9.9587e-01],
        [9.9941e-01],
        [1.5566e-02],
        [9.9994e-01],
        [1.1895e-03],
        [1.0277e-03],
        [8.0849e-04],
        [9.9998e-01],
        [9.9835e-01],
        [5.1881e-05],
        [7.4227e-02]], device='cuda:0', grad_fn=<SigmoidBackward0>)
Epoch [75/100], T_AUC: [4m0.9795[0m
Epoch [75/100], Loss: 42.7046
val_Accuracy: [92m0.7209[0m
val_Precision: [4;34m0.7217[0m,               val_Recall: [4;33m0.7069[0m,                 val_F1 Score: [4;35m0.7070[0m
æ ‡ç­¾é‡Œ1çš„ä¸ªæ•°:  430
æ ‡ç­¾é‡Œ0çš„ä¸ªæ•°:  430
æ€»æ•°:  860
æ­£ç¡®çš„ä¸ªæ•°:  620
Epoch [75/100], V_AUC: [4m0.7167[0m
Epoch [76/100], Loss: 9.2947
train_Accuracy: [91m0.9770[0m
train_Precision: [4;34m0.9727[0m,               train_Recall: [4;33m0.9812[0m,                 train_F1 Score: [4;35m0.9760[0m
æ ‡ç­¾é‡Œ1çš„ä¸ªæ•°:  2150
æ ‡ç­¾é‡Œ0çš„ä¸ªæ•°:  2150
æ€»æ•°:  4300
æ­£ç¡®çš„ä¸ªæ•°:  4201
æœ€åä¸€ä¸ªæ‰¹æ¬¡çš„è¾“å‡º, ä¸æ»¡batchsizeæ˜¯æ­£å¸¸çš„:
 tensor([[9.9950e-01],
        [9.9594e-01],
        [9.9954e-01],
        [1.4082e-02],
        [1.0000e+00],
        [5.1161e-05],
        [6.5087e-04],
        [1.5876e-01],
        [9.8532e-01],
        [9.7900e-01],
        [2.3590e-04],
        [1.7183e-01]], device='cuda:0', grad_fn=<SigmoidBackward0>)
Epoch [76/100], T_AUC: [4m0.9785[0m
Epoch [76/100], Loss: 37.7781
val_Accuracy: [92m0.7302[0m
val_Precision: [4;34m0.7330[0m,               val_Recall: [4;33m0.7178[0m,                 val_F1 Score: [4;35m0.7206[0m
æ ‡ç­¾é‡Œ1çš„ä¸ªæ•°:  430
æ ‡ç­¾é‡Œ0çš„ä¸ªæ•°:  430
æ€»æ•°:  860
æ­£ç¡®çš„ä¸ªæ•°:  628
Epoch [76/100], V_AUC: [4m0.7274[0m
Epoch [77/100], Loss: 20.0185
train_Accuracy: [91m0.9444[0m
train_Precision: [4;34m0.9326[0m,               train_Recall: [4;33m0.9592[0m,                 train_F1 Score: [4;35m0.9434[0m
æ ‡ç­¾é‡Œ1çš„ä¸ªæ•°:  2150
æ ‡ç­¾é‡Œ0çš„ä¸ªæ•°:  2150
æ€»æ•°:  4300
æ­£ç¡®çš„ä¸ªæ•°:  4061
æœ€åä¸€ä¸ªæ‰¹æ¬¡çš„è¾“å‡º, ä¸æ»¡batchsizeæ˜¯æ­£å¸¸çš„:
 tensor([[9.9487e-01],
        [9.7405e-01],
        [9.9920e-01],
        [3.4630e-02],
        [1.0000e+00],
        [2.6806e-04],
        [2.5318e-03],
        [5.6537e-04],
        [9.9802e-01],
        [9.9996e-01],
        [1.2938e-03],
        [2.2824e-03]], device='cuda:0', grad_fn=<SigmoidBackward0>)
Epoch [77/100], T_AUC: [4m0.9483[0m
Epoch [77/100], Loss: 44.7250
val_Accuracy: [92m0.7407[0m
val_Precision: [4;34m0.7335[0m,               val_Recall: [4;33m0.7444[0m,                 val_F1 Score: [4;35m0.7329[0m
æ ‡ç­¾é‡Œ1çš„ä¸ªæ•°:  430
æ ‡ç­¾é‡Œ0çš„ä¸ªæ•°:  430
æ€»æ•°:  860
æ­£ç¡®çš„ä¸ªæ•°:  637
Epoch [77/100], V_AUC: [4m0.7383[0m
Epoch [78/100], Loss: 18.6040
train_Accuracy: [91m0.9440[0m
train_Precision: [4;34m0.9344[0m,               train_Recall: [4;33m0.9553[0m,                 train_F1 Score: [4;35m0.9427[0m
æ ‡ç­¾é‡Œ1çš„ä¸ªæ•°:  2150
æ ‡ç­¾é‡Œ0çš„ä¸ªæ•°:  2150
æ€»æ•°:  4300
æ­£ç¡®çš„ä¸ªæ•°:  4059
æœ€åä¸€ä¸ªæ‰¹æ¬¡çš„è¾“å‡º, ä¸æ»¡batchsizeæ˜¯æ­£å¸¸çš„:
 tensor([[9.9731e-01],
        [9.6141e-01],
        [9.9966e-01],
        [5.4960e-02],
        [9.9998e-01],
        [4.7582e-04],
        [5.8179e-02],
        [6.9254e-03],
        [9.9387e-01],
        [9.9681e-01],
        [1.1690e-03],
        [3.1695e-03]], device='cuda:0', grad_fn=<SigmoidBackward0>)
Epoch [78/100], T_AUC: [4m0.9473[0m
Epoch [78/100], Loss: 41.3168
val_Accuracy: [92m0.7337[0m
val_Precision: [4;34m0.7519[0m,               val_Recall: [4;33m0.6886[0m,                 val_F1 Score: [4;35m0.7132[0m
æ ‡ç­¾é‡Œ1çš„ä¸ªæ•°:  430
æ ‡ç­¾é‡Œ0çš„ä¸ªæ•°:  430
æ€»æ•°:  860
æ­£ç¡®çš„ä¸ªæ•°:  631
Epoch [78/100], V_AUC: [4m0.7317[0m
Epoch [79/100], Loss: 13.6245
train_Accuracy: [91m0.9600[0m
train_Precision: [4;34m0.9539[0m,               train_Recall: [4;33m0.9671[0m,                 train_F1 Score: [4;35m0.9595[0m
æ ‡ç­¾é‡Œ1çš„ä¸ªæ•°:  2150
æ ‡ç­¾é‡Œ0çš„ä¸ªæ•°:  2150
æ€»æ•°:  4300
æ­£ç¡®çš„ä¸ªæ•°:  4128
æœ€åä¸€ä¸ªæ‰¹æ¬¡çš„è¾“å‡º, ä¸æ»¡batchsizeæ˜¯æ­£å¸¸çš„:
 tensor([[9.9803e-01],
        [9.9657e-01],
        [9.9997e-01],
        [1.6169e-02],
        [1.0000e+00],
        [1.2514e-04],
        [4.6696e-04],
        [2.3288e-02],
        [9.8377e-01],
        [9.9338e-01],
        [1.6371e-04],
        [7.7395e-02]], device='cuda:0', grad_fn=<SigmoidBackward0>)
Epoch [79/100], T_AUC: [4m0.9612[0m
Epoch [79/100], Loss: 52.1124
val_Accuracy: [92m0.7523[0m
val_Precision: [4;34m0.7593[0m,               val_Recall: [4;33m0.7290[0m,                 val_F1 Score: [4;35m0.7391[0m
æ ‡ç­¾é‡Œ1çš„ä¸ªæ•°:  430
æ ‡ç­¾é‡Œ0çš„ä¸ªæ•°:  430
æ€»æ•°:  860
æ­£ç¡®çš„ä¸ªæ•°:  647
Epoch [79/100], V_AUC: [4m0.7499[0m
Epoch [80/100], Loss: 10.9179
train_Accuracy: [91m0.9707[0m
train_Precision: [4;34m0.9627[0m,               train_Recall: [4;33m0.9793[0m,                 train_F1 Score: [4;35m0.9697[0m
æ ‡ç­¾é‡Œ1çš„ä¸ªæ•°:  2150
æ ‡ç­¾é‡Œ0çš„ä¸ªæ•°:  2150
æ€»æ•°:  4300
æ­£ç¡®çš„ä¸ªæ•°:  4174
æœ€åä¸€ä¸ªæ‰¹æ¬¡çš„è¾“å‡º, ä¸æ»¡batchsizeæ˜¯æ­£å¸¸çš„:
 tensor([[9.9929e-01],
        [9.8366e-01],
        [9.9987e-01],
        [3.4320e-01],
        [1.0000e+00],
        [1.2418e-03],
        [1.9516e-04],
        [6.1106e-05],
        [9.9948e-01],
        [6.9811e-01],
        [2.4623e-03],
        [1.3824e-01]], device='cuda:0', grad_fn=<SigmoidBackward0>)
Epoch [80/100], T_AUC: [4m0.9725[0m
Epoch [80/100], Loss: 43.3601
val_Accuracy: [92m0.7093[0m
val_Precision: [4;34m0.7101[0m,               val_Recall: [4;33m0.6926[0m,                 val_F1 Score: [4;35m0.6927[0m
æ ‡ç­¾é‡Œ1çš„ä¸ªæ•°:  430
æ ‡ç­¾é‡Œ0çš„ä¸ªæ•°:  430
æ€»æ•°:  860
æ­£ç¡®çš„ä¸ªæ•°:  610
Epoch [80/100], V_AUC: [4m0.7064[0m
Epoch [81/100], Loss: 8.7538
train_Accuracy: [91m0.9802[0m
train_Precision: [4;34m0.9771[0m,               train_Recall: [4;33m0.9838[0m,                 train_F1 Score: [4;35m0.9794[0m
æ ‡ç­¾é‡Œ1çš„ä¸ªæ•°:  2150
æ ‡ç­¾é‡Œ0çš„ä¸ªæ•°:  2150
æ€»æ•°:  4300
æ­£ç¡®çš„ä¸ªæ•°:  4215
æœ€åä¸€ä¸ªæ‰¹æ¬¡çš„è¾“å‡º, ä¸æ»¡batchsizeæ˜¯æ­£å¸¸çš„:
 tensor([[9.9963e-01],
        [9.9608e-01],
        [9.9914e-01],
        [5.7974e-03],
        [9.9998e-01],
        [9.7400e-04],
        [2.9736e-04],
        [8.6313e-05],
        [9.9737e-01],
        [9.9997e-01],
        [1.0300e-03],
        [9.5133e-02]], device='cuda:0', grad_fn=<SigmoidBackward0>)
Epoch [81/100], T_AUC: [4m0.9819[0m
Epoch [81/100], Loss: 47.3671
val_Accuracy: [92m0.7163[0m
val_Precision: [4;34m0.7142[0m,               val_Recall: [4;33m0.7106[0m,                 val_F1 Score: [4;35m0.7070[0m
æ ‡ç­¾é‡Œ1çš„ä¸ªæ•°:  430
æ ‡ç­¾é‡Œ0çš„ä¸ªæ•°:  430
æ€»æ•°:  860
æ­£ç¡®çš„ä¸ªæ•°:  616
Epoch [81/100], V_AUC: [4m0.7128[0m
Epoch [82/100], Loss: 8.7680
train_Accuracy: [91m0.9795[0m
train_Precision: [4;34m0.9733[0m,               train_Recall: [4;33m0.9860[0m,                 train_F1 Score: [4;35m0.9789[0m
æ ‡ç­¾é‡Œ1çš„ä¸ªæ•°:  2150
æ ‡ç­¾é‡Œ0çš„ä¸ªæ•°:  2150
æ€»æ•°:  4300
æ­£ç¡®çš„ä¸ªæ•°:  4212
æœ€åä¸€ä¸ªæ‰¹æ¬¡çš„è¾“å‡º, ä¸æ»¡batchsizeæ˜¯æ­£å¸¸çš„:
 tensor([[9.9839e-01],
        [9.9052e-01],
        [9.9976e-01],
        [7.0176e-02],
        [9.9990e-01],
        [3.0773e-04],
        [4.2635e-04],
        [4.0139e-04],
        [9.9528e-01],
        [9.9988e-01],
        [2.2383e-03],
        [2.2213e-01]], device='cuda:0', grad_fn=<SigmoidBackward0>)
Epoch [82/100], T_AUC: [4m0.9810[0m
Epoch [82/100], Loss: 50.4168
val_Accuracy: [92m0.7256[0m
val_Precision: [4;34m0.7275[0m,               val_Recall: [4;33m0.7065[0m,                 val_F1 Score: [4;35m0.7099[0m
æ ‡ç­¾é‡Œ1çš„ä¸ªæ•°:  430
æ ‡ç­¾é‡Œ0çš„ä¸ªæ•°:  430
æ€»æ•°:  860
æ­£ç¡®çš„ä¸ªæ•°:  624
Epoch [82/100], V_AUC: [4m0.7208[0m
Epoch [83/100], Loss: 6.5878
train_Accuracy: [91m0.9886[0m
train_Precision: [4;34m0.9850[0m,               train_Recall: [4;33m0.9914[0m,                 train_F1 Score: [4;35m0.9878[0m
æ ‡ç­¾é‡Œ1çš„ä¸ªæ•°:  2150
æ ‡ç­¾é‡Œ0çš„ä¸ªæ•°:  2150
æ€»æ•°:  4300
æ­£ç¡®çš„ä¸ªæ•°:  4251
æœ€åä¸€ä¸ªæ‰¹æ¬¡çš„è¾“å‡º, ä¸æ»¡batchsizeæ˜¯æ­£å¸¸çš„:
 tensor([[9.9841e-01],
        [9.7743e-01],
        [9.9906e-01],
        [2.5377e-02],
        [9.9998e-01],
        [8.6210e-04],
        [5.3178e-04],
        [4.4584e-05],
        [9.9891e-01],
        [9.9999e-01],
        [7.6288e-04],
        [2.6147e-01]], device='cuda:0', grad_fn=<SigmoidBackward0>)
Epoch [83/100], T_AUC: [4m0.9896[0m
Epoch [83/100], Loss: 51.6495
val_Accuracy: [92m0.7256[0m
val_Precision: [4;34m0.7150[0m,               val_Recall: [4;33m0.7347[0m,                 val_F1 Score: [4;35m0.7188[0m
æ ‡ç­¾é‡Œ1çš„ä¸ªæ•°:  430
æ ‡ç­¾é‡Œ0çš„ä¸ªæ•°:  430
æ€»æ•°:  860
æ­£ç¡®çš„ä¸ªæ•°:  624
Epoch [83/100], V_AUC: [4m0.7221[0m
Epoch [84/100], Loss: 6.5302
train_Accuracy: [91m0.9870[0m
train_Precision: [4;34m0.9822[0m,               train_Recall: [4;33m0.9919[0m,                 train_F1 Score: [4;35m0.9864[0m
æ ‡ç­¾é‡Œ1çš„ä¸ªæ•°:  2150
æ ‡ç­¾é‡Œ0çš„ä¸ªæ•°:  2150
æ€»æ•°:  4300
æ­£ç¡®çš„ä¸ªæ•°:  4244
æœ€åä¸€ä¸ªæ‰¹æ¬¡çš„è¾“å‡º, ä¸æ»¡batchsizeæ˜¯æ­£å¸¸çš„:
 tensor([[9.9301e-01],
        [9.7109e-01],
        [9.9879e-01],
        [8.9118e-03],
        [9.9999e-01],
        [8.7321e-05],
        [2.0722e-03],
        [9.9707e-04],
        [9.9996e-01],
        [9.9998e-01],
        [8.4145e-04],
        [4.4575e-02]], device='cuda:0', grad_fn=<SigmoidBackward0>)
Epoch [84/100], T_AUC: [4m0.9879[0m
Epoch [84/100], Loss: 50.2552
val_Accuracy: [92m0.7128[0m
val_Precision: [4;34m0.7169[0m,               val_Recall: [4;33m0.6973[0m,                 val_F1 Score: [4;35m0.6996[0m
æ ‡ç­¾é‡Œ1çš„ä¸ªæ•°:  430
æ ‡ç­¾é‡Œ0çš„ä¸ªæ•°:  430
æ€»æ•°:  860
æ­£ç¡®çš„ä¸ªæ•°:  613
Epoch [84/100], V_AUC: [4m0.7109[0m
Epoch [85/100], Loss: 7.9628
train_Accuracy: [91m0.9798[0m
train_Precision: [4;34m0.9765[0m,               train_Recall: [4;33m0.9836[0m,                 train_F1 Score: [4;35m0.9795[0m
æ ‡ç­¾é‡Œ1çš„ä¸ªæ•°:  2150
æ ‡ç­¾é‡Œ0çš„ä¸ªæ•°:  2150
æ€»æ•°:  4300
æ­£ç¡®çš„ä¸ªæ•°:  4213
æœ€åä¸€ä¸ªæ‰¹æ¬¡çš„è¾“å‡º, ä¸æ»¡batchsizeæ˜¯æ­£å¸¸çš„:
 tensor([[9.9987e-01],
        [9.9705e-01],
        [9.9954e-01],
        [2.4546e-02],
        [9.9996e-01],
        [7.2008e-05],
        [2.9610e-04],
        [3.7716e-03],
        [9.9731e-01],
        [9.9980e-01],
        [9.0273e-04],
        [8.1256e-02]], device='cuda:0', grad_fn=<SigmoidBackward0>)
Epoch [85/100], T_AUC: [4m0.9804[0m
Epoch [85/100], Loss: 44.1373
val_Accuracy: [92m0.7093[0m
val_Precision: [4;34m0.7156[0m,               val_Recall: [4;33m0.7025[0m,                 val_F1 Score: [4;35m0.6994[0m
æ ‡ç­¾é‡Œ1çš„ä¸ªæ•°:  430
æ ‡ç­¾é‡Œ0çš„ä¸ªæ•°:  430
æ€»æ•°:  860
æ­£ç¡®çš„ä¸ªæ•°:  610
Epoch [85/100], V_AUC: [4m0.7094[0m
Epoch [86/100], Loss: 11.4024
train_Accuracy: [91m0.9667[0m
train_Precision: [4;34m0.9631[0m,               train_Recall: [4;33m0.9719[0m,                 train_F1 Score: [4;35m0.9661[0m
æ ‡ç­¾é‡Œ1çš„ä¸ªæ•°:  2150
æ ‡ç­¾é‡Œ0çš„ä¸ªæ•°:  2150
æ€»æ•°:  4300
æ­£ç¡®çš„ä¸ªæ•°:  4157
æœ€åä¸€ä¸ªæ‰¹æ¬¡çš„è¾“å‡º, ä¸æ»¡batchsizeæ˜¯æ­£å¸¸çš„:
 tensor([[9.9984e-01],
        [9.9681e-01],
        [9.9950e-01],
        [7.3024e-01],
        [9.9970e-01],
        [8.6038e-04],
        [3.1089e-04],
        [8.5088e-05],
        [9.8910e-01],
        [9.9995e-01],
        [1.0785e-03],
        [3.1994e-02]], device='cuda:0', grad_fn=<SigmoidBackward0>)
Epoch [86/100], T_AUC: [4m0.9679[0m
Epoch [86/100], Loss: 47.6064
val_Accuracy: [92m0.7372[0m
val_Precision: [4;34m0.7437[0m,               val_Recall: [4;33m0.7133[0m,                 val_F1 Score: [4;35m0.7217[0m
æ ‡ç­¾é‡Œ1çš„ä¸ªæ•°:  430
æ ‡ç­¾é‡Œ0çš„ä¸ªæ•°:  430
æ€»æ•°:  860
æ­£ç¡®çš„ä¸ªæ•°:  634
Epoch [86/100], V_AUC: [4m0.7321[0m
Epoch [87/100], Loss: 11.7208
train_Accuracy: [91m0.9684[0m
train_Precision: [4;34m0.9609[0m,               train_Recall: [4;33m0.9764[0m,                 train_F1 Score: [4;35m0.9676[0m
æ ‡ç­¾é‡Œ1çš„ä¸ªæ•°:  2150
æ ‡ç­¾é‡Œ0çš„ä¸ªæ•°:  2150
æ€»æ•°:  4300
æ­£ç¡®çš„ä¸ªæ•°:  4164
æœ€åä¸€ä¸ªæ‰¹æ¬¡çš„è¾“å‡º, ä¸æ»¡batchsizeæ˜¯æ­£å¸¸çš„:
 tensor([[9.9850e-01],
        [9.9932e-01],
        [9.9955e-01],
        [2.7064e-04],
        [9.9999e-01],
        [2.4279e-03],
        [5.4972e-03],
        [1.1831e-02],
        [9.8864e-01],
        [9.9893e-01],
        [8.6581e-04],
        [7.1375e-02]], device='cuda:0', grad_fn=<SigmoidBackward0>)
Epoch [87/100], T_AUC: [4m0.9697[0m
Epoch [87/100], Loss: 49.4444
val_Accuracy: [92m0.7407[0m
val_Precision: [4;34m0.7606[0m,               val_Recall: [4;33m0.6940[0m,                 val_F1 Score: [4;35m0.7199[0m
æ ‡ç­¾é‡Œ1çš„ä¸ªæ•°:  430
æ ‡ç­¾é‡Œ0çš„ä¸ªæ•°:  430
æ€»æ•°:  860
æ­£ç¡®çš„ä¸ªæ•°:  637
Epoch [87/100], V_AUC: [4m0.7380[0m
Epoch [88/100], Loss: 9.0839
train_Accuracy: [91m0.9788[0m
train_Precision: [4;34m0.9713[0m,               train_Recall: [4;33m0.9855[0m,                 train_F1 Score: [4;35m0.9775[0m
æ ‡ç­¾é‡Œ1çš„ä¸ªæ•°:  2150
æ ‡ç­¾é‡Œ0çš„ä¸ªæ•°:  2150
æ€»æ•°:  4300
æ­£ç¡®çš„ä¸ªæ•°:  4209
æœ€åä¸€ä¸ªæ‰¹æ¬¡çš„è¾“å‡º, ä¸æ»¡batchsizeæ˜¯æ­£å¸¸çš„:
 tensor([[9.9834e-01],
        [9.9933e-01],
        [9.9929e-01],
        [2.8363e-03],
        [9.9993e-01],
        [6.2210e-04],
        [2.2950e-04],
        [1.8276e-03],
        [9.8594e-01],
        [9.9996e-01],
        [3.2360e-03],
        [4.9480e-01]], device='cuda:0', grad_fn=<SigmoidBackward0>)
Epoch [88/100], T_AUC: [4m0.9794[0m
Epoch [88/100], Loss: 49.3612
val_Accuracy: [92m0.7174[0m
val_Precision: [4;34m0.7128[0m,               val_Recall: [4;33m0.7105[0m,                 val_F1 Score: [4;35m0.7058[0m
æ ‡ç­¾é‡Œ1çš„ä¸ªæ•°:  430
æ ‡ç­¾é‡Œ0çš„ä¸ªæ•°:  430
æ€»æ•°:  860
æ­£ç¡®çš„ä¸ªæ•°:  617
Epoch [88/100], V_AUC: [4m0.7127[0m
Epoch [89/100], Loss: 9.8591
train_Accuracy: [91m0.9721[0m
train_Precision: [4;34m0.9676[0m,               train_Recall: [4;33m0.9773[0m,                 train_F1 Score: [4;35m0.9713[0m
æ ‡ç­¾é‡Œ1çš„ä¸ªæ•°:  2150
æ ‡ç­¾é‡Œ0çš„ä¸ªæ•°:  2150
æ€»æ•°:  4300
æ­£ç¡®çš„ä¸ªæ•°:  4180
æœ€åä¸€ä¸ªæ‰¹æ¬¡çš„è¾“å‡º, ä¸æ»¡batchsizeæ˜¯æ­£å¸¸çš„:
 tensor([[9.9951e-01],
        [9.9770e-01],
        [9.9998e-01],
        [1.2698e-03],
        [9.9996e-01],
        [5.4133e-02],
        [3.4216e-04],
        [5.3277e-05],
        [9.9877e-01],
        [9.9962e-01],
        [3.6938e-04],
        [1.0404e-02]], device='cuda:0', grad_fn=<SigmoidBackward0>)
Epoch [89/100], T_AUC: [4m0.9741[0m
Epoch [89/100], Loss: 45.0839
val_Accuracy: [92m0.7256[0m
val_Precision: [4;34m0.7201[0m,               val_Recall: [4;33m0.7201[0m,                 val_F1 Score: [4;35m0.7152[0m
æ ‡ç­¾é‡Œ1çš„ä¸ªæ•°:  430
æ ‡ç­¾é‡Œ0çš„ä¸ªæ•°:  430
æ€»æ•°:  860
æ­£ç¡®çš„ä¸ªæ•°:  624
Epoch [89/100], V_AUC: [4m0.7221[0m
Epoch [90/100], Loss: 10.4313
train_Accuracy: [91m0.9735[0m
train_Precision: [4;34m0.9673[0m,               train_Recall: [4;33m0.9813[0m,                 train_F1 Score: [4;35m0.9733[0m
æ ‡ç­¾é‡Œ1çš„ä¸ªæ•°:  2150
æ ‡ç­¾é‡Œ0çš„ä¸ªæ•°:  2150
æ€»æ•°:  4300
æ­£ç¡®çš„ä¸ªæ•°:  4186
æœ€åä¸€ä¸ªæ‰¹æ¬¡çš„è¾“å‡º, ä¸æ»¡batchsizeæ˜¯æ­£å¸¸çš„:
 tensor([[9.9901e-01],
        [9.9968e-01],
        [9.9998e-01],
        [1.9970e-03],
        [9.9998e-01],
        [2.0052e-05],
        [7.3990e-04],
        [4.1014e-03],
        [8.8209e-01],
        [9.9994e-01],
        [1.1315e-03],
        [4.2919e-02]], device='cuda:0', grad_fn=<SigmoidBackward0>)
Epoch [90/100], T_AUC: [4m0.9750[0m
Epoch [90/100], Loss: 59.2590
val_Accuracy: [92m0.7233[0m
val_Precision: [4;34m0.7328[0m,               val_Recall: [4;33m0.6984[0m,                 val_F1 Score: [4;35m0.7089[0m
æ ‡ç­¾é‡Œ1çš„ä¸ªæ•°:  430
æ ‡ç­¾é‡Œ0çš„ä¸ªæ•°:  430
æ€»æ•°:  860
æ­£ç¡®çš„ä¸ªæ•°:  622
Epoch [90/100], V_AUC: [4m0.7218[0m
Epoch [91/100], Loss: 9.9153
train_Accuracy: [91m0.9753[0m
train_Precision: [4;34m0.9694[0m,               train_Recall: [4;33m0.9819[0m,                 train_F1 Score: [4;35m0.9747[0m
æ ‡ç­¾é‡Œ1çš„ä¸ªæ•°:  2150
æ ‡ç­¾é‡Œ0çš„ä¸ªæ•°:  2150
æ€»æ•°:  4300
æ­£ç¡®çš„ä¸ªæ•°:  4194
æœ€åä¸€ä¸ªæ‰¹æ¬¡çš„è¾“å‡º, ä¸æ»¡batchsizeæ˜¯æ­£å¸¸çš„:
 tensor([[9.9989e-01],
        [9.9627e-01],
        [9.9988e-01],
        [7.6823e-04],
        [9.9999e-01],
        [4.9257e-04],
        [2.7204e-05],
        [1.0393e-04],
        [9.9215e-01],
        [1.0000e+00],
        [1.1303e-03],
        [2.8323e-02]], device='cuda:0', grad_fn=<SigmoidBackward0>)
Epoch [91/100], T_AUC: [4m0.9768[0m
Epoch [91/100], Loss: 61.6850
val_Accuracy: [92m0.7407[0m
val_Precision: [4;34m0.7511[0m,               val_Recall: [4;33m0.7079[0m,                 val_F1 Score: [4;35m0.7239[0m
æ ‡ç­¾é‡Œ1çš„ä¸ªæ•°:  430
æ ‡ç­¾é‡Œ0çš„ä¸ªæ•°:  430
æ€»æ•°:  860
æ­£ç¡®çš„ä¸ªæ•°:  637
Epoch [91/100], V_AUC: [4m0.7373[0m
Epoch [92/100], Loss: 10.9890
train_Accuracy: [91m0.9728[0m
train_Precision: [4;34m0.9658[0m,               train_Recall: [4;33m0.9800[0m,                 train_F1 Score: [4;35m0.9719[0m
æ ‡ç­¾é‡Œ1çš„ä¸ªæ•°:  2150
æ ‡ç­¾é‡Œ0çš„ä¸ªæ•°:  2150
æ€»æ•°:  4300
æ­£ç¡®çš„ä¸ªæ•°:  4183
æœ€åä¸€ä¸ªæ‰¹æ¬¡çš„è¾“å‡º, ä¸æ»¡batchsizeæ˜¯æ­£å¸¸çš„:
 tensor([[9.9577e-01],
        [9.9383e-01],
        [9.9685e-01],
        [1.2618e-03],
        [1.0000e+00],
        [2.4221e-04],
        [8.5567e-04],
        [2.5879e-02],
        [9.9999e-01],
        [9.9655e-01],
        [3.6861e-04],
        [3.5460e-02]], device='cuda:0', grad_fn=<SigmoidBackward0>)
Epoch [92/100], T_AUC: [4m0.9747[0m
Epoch [92/100], Loss: 49.8220
val_Accuracy: [92m0.6895[0m
val_Precision: [4;34m0.6929[0m,               val_Recall: [4;33m0.6777[0m,                 val_F1 Score: [4;35m0.6755[0m
æ ‡ç­¾é‡Œ1çš„ä¸ªæ•°:  430
æ ‡ç­¾é‡Œ0çš„ä¸ªæ•°:  430
æ€»æ•°:  860
æ­£ç¡®çš„ä¸ªæ•°:  593
Epoch [92/100], V_AUC: [4m0.6862[0m
Epoch [93/100], Loss: 13.9225
train_Accuracy: [91m0.9619[0m
train_Precision: [4;34m0.9530[0m,               train_Recall: [4;33m0.9726[0m,                 train_F1 Score: [4;35m0.9612[0m
æ ‡ç­¾é‡Œ1çš„ä¸ªæ•°:  2150
æ ‡ç­¾é‡Œ0çš„ä¸ªæ•°:  2150
æ€»æ•°:  4300
æ­£ç¡®çš„ä¸ªæ•°:  4136
æœ€åä¸€ä¸ªæ‰¹æ¬¡çš„è¾“å‡º, ä¸æ»¡batchsizeæ˜¯æ­£å¸¸çš„:
 tensor([[9.9999e-01],
        [9.9803e-01],
        [9.9983e-01],
        [5.6406e-03],
        [9.9983e-01],
        [2.2710e-03],
        [3.1955e-05],
        [5.9070e-02],
        [9.9117e-01],
        [9.9980e-01],
        [1.5504e-04],
        [7.1188e-04]], device='cuda:0', grad_fn=<SigmoidBackward0>)
Epoch [93/100], T_AUC: [4m0.9642[0m
Epoch [93/100], Loss: 51.2129
val_Accuracy: [92m0.7267[0m
val_Precision: [4;34m0.7333[0m,               val_Recall: [4;33m0.7010[0m,                 val_F1 Score: [4;35m0.7102[0m
æ ‡ç­¾é‡Œ1çš„ä¸ªæ•°:  430
æ ‡ç­¾é‡Œ0çš„ä¸ªæ•°:  430
æ€»æ•°:  860
æ­£ç¡®çš„ä¸ªæ•°:  625
Epoch [93/100], V_AUC: [4m0.7248[0m
Epoch [94/100], Loss: 10.2512
train_Accuracy: [91m0.9714[0m
train_Precision: [4;34m0.9652[0m,               train_Recall: [4;33m0.9782[0m,                 train_F1 Score: [4;35m0.9705[0m
æ ‡ç­¾é‡Œ1çš„ä¸ªæ•°:  2150
æ ‡ç­¾é‡Œ0çš„ä¸ªæ•°:  2150
æ€»æ•°:  4300
æ­£ç¡®çš„ä¸ªæ•°:  4177
æœ€åä¸€ä¸ªæ‰¹æ¬¡çš„è¾“å‡º, ä¸æ»¡batchsizeæ˜¯æ­£å¸¸çš„:
 tensor([[9.9638e-01],
        [9.9682e-01],
        [9.9988e-01],
        [1.4146e-03],
        [9.9992e-01],
        [2.3879e-04],
        [3.0026e-03],
        [8.4134e-04],
        [9.9965e-01],
        [1.0000e+00],
        [9.6921e-04],
        [4.7548e-04]], device='cuda:0', grad_fn=<SigmoidBackward0>)
Epoch [94/100], T_AUC: [4m0.9727[0m
Epoch [94/100], Loss: 58.9831
val_Accuracy: [92m0.7337[0m
val_Precision: [4;34m0.7412[0m,               val_Recall: [4;33m0.7153[0m,                 val_F1 Score: [4;35m0.7228[0m
æ ‡ç­¾é‡Œ1çš„ä¸ªæ•°:  430
æ ‡ç­¾é‡Œ0çš„ä¸ªæ•°:  430
æ€»æ•°:  860
æ­£ç¡®çš„ä¸ªæ•°:  631
Epoch [94/100], V_AUC: [4m0.7316[0m
Epoch [95/100], Loss: 8.6863
train_Accuracy: [91m0.9802[0m
train_Precision: [4;34m0.9762[0m,               train_Recall: [4;33m0.9848[0m,                 train_F1 Score: [4;35m0.9798[0m
æ ‡ç­¾é‡Œ1çš„ä¸ªæ•°:  2150
æ ‡ç­¾é‡Œ0çš„ä¸ªæ•°:  2150
æ€»æ•°:  4300
æ­£ç¡®çš„ä¸ªæ•°:  4215
æœ€åä¸€ä¸ªæ‰¹æ¬¡çš„è¾“å‡º, ä¸æ»¡batchsizeæ˜¯æ­£å¸¸çš„:
 tensor([[9.9344e-01],
        [9.9038e-01],
        [9.9999e-01],
        [1.5808e-03],
        [9.9999e-01],
        [1.7629e-03],
        [4.0431e-05],
        [2.2725e-03],
        [9.9950e-01],
        [9.9993e-01],
        [9.1583e-04],
        [1.1937e-02]], device='cuda:0', grad_fn=<SigmoidBackward0>)
Epoch [95/100], T_AUC: [4m0.9812[0m
Epoch [95/100], Loss: 51.5105
val_Accuracy: [92m0.7430[0m
val_Precision: [4;34m0.7353[0m,               val_Recall: [4;33m0.7424[0m,                 val_F1 Score: [4;35m0.7336[0m
æ ‡ç­¾é‡Œ1çš„ä¸ªæ•°:  430
æ ‡ç­¾é‡Œ0çš„ä¸ªæ•°:  430
æ€»æ•°:  860
æ­£ç¡®çš„ä¸ªæ•°:  639
Epoch [95/100], V_AUC: [4m0.7402[0m
Epoch [96/100], Loss: 5.1379
train_Accuracy: [91m0.9921[0m
train_Precision: [4;34m0.9897[0m,               train_Recall: [4;33m0.9947[0m,                 train_F1 Score: [4;35m0.9919[0m
æ ‡ç­¾é‡Œ1çš„ä¸ªæ•°:  2150
æ ‡ç­¾é‡Œ0çš„ä¸ªæ•°:  2150
æ€»æ•°:  4300
æ­£ç¡®çš„ä¸ªæ•°:  4266
æœ€åä¸€ä¸ªæ‰¹æ¬¡çš„è¾“å‡º, ä¸æ»¡batchsizeæ˜¯æ­£å¸¸çš„:
 tensor([[9.9788e-01],
        [9.9345e-01],
        [9.9999e-01],
        [1.0222e-03],
        [9.9998e-01],
        [4.6983e-03],
        [2.9896e-04],
        [5.0684e-04],
        [9.7773e-01],
        [9.9998e-01],
        [1.4143e-03],
        [1.8553e-02]], device='cuda:0', grad_fn=<SigmoidBackward0>)
Epoch [96/100], T_AUC: [4m0.9927[0m
Epoch [96/100], Loss: 61.4746
val_Accuracy: [92m0.7209[0m
val_Precision: [4;34m0.7136[0m,               val_Recall: [4;33m0.7220[0m,                 val_F1 Score: [4;35m0.7126[0m
æ ‡ç­¾é‡Œ1çš„ä¸ªæ•°:  430
æ ‡ç­¾é‡Œ0çš„ä¸ªæ•°:  430
æ€»æ•°:  860
æ­£ç¡®çš„ä¸ªæ•°:  620
Epoch [96/100], V_AUC: [4m0.7177[0m
Epoch [97/100], Loss: 4.0666
train_Accuracy: [91m0.9949[0m
train_Precision: [4;34m0.9930[0m,               train_Recall: [4;33m0.9964[0m,                 train_F1 Score: [4;35m0.9945[0m
æ ‡ç­¾é‡Œ1çš„ä¸ªæ•°:  2150
æ ‡ç­¾é‡Œ0çš„ä¸ªæ•°:  2150
æ€»æ•°:  4300
æ­£ç¡®çš„ä¸ªæ•°:  4278
æœ€åä¸€ä¸ªæ‰¹æ¬¡çš„è¾“å‡º, ä¸æ»¡batchsizeæ˜¯æ­£å¸¸çš„:
 tensor([[9.8915e-01],
        [9.9536e-01],
        [9.9997e-01],
        [2.0778e-03],
        [9.9998e-01],
        [2.0486e-03],
        [1.0964e-04],
        [1.6736e-04],
        [9.9937e-01],
        [9.9999e-01],
        [5.3422e-04],
        [1.2062e-01]], device='cuda:0', grad_fn=<SigmoidBackward0>)
Epoch [97/100], T_AUC: [4m0.9955[0m
Epoch [97/100], Loss: 53.4219
val_Accuracy: [92m0.7070[0m
val_Precision: [4;34m0.6987[0m,               val_Recall: [4;33m0.7245[0m,                 val_F1 Score: [4;35m0.7051[0m
æ ‡ç­¾é‡Œ1çš„ä¸ªæ•°:  430
æ ‡ç­¾é‡Œ0çš„ä¸ªæ•°:  430
æ€»æ•°:  860
æ­£ç¡®çš„ä¸ªæ•°:  608
Epoch [97/100], V_AUC: [4m0.7049[0m
Epoch [98/100], Loss: 3.9163
train_Accuracy: [91m0.9928[0m
train_Precision: [4;34m0.9902[0m,               train_Recall: [4;33m0.9955[0m,                 train_F1 Score: [4;35m0.9925[0m
æ ‡ç­¾é‡Œ1çš„ä¸ªæ•°:  2150
æ ‡ç­¾é‡Œ0çš„ä¸ªæ•°:  2150
æ€»æ•°:  4300
æ­£ç¡®çš„ä¸ªæ•°:  4269
æœ€åä¸€ä¸ªæ‰¹æ¬¡çš„è¾“å‡º, ä¸æ»¡batchsizeæ˜¯æ­£å¸¸çš„:
 tensor([[9.9678e-01],
        [9.9573e-01],
        [9.9999e-01],
        [9.8327e-04],
        [1.0000e+00],
        [1.5623e-03],
        [4.2429e-03],
        [1.5887e-03],
        [9.9945e-01],
        [9.9946e-01],
        [6.2877e-03],
        [3.4632e-05]], device='cuda:0', grad_fn=<SigmoidBackward0>)
Epoch [98/100], T_AUC: [4m0.9933[0m
Epoch [98/100], Loss: 61.5931
val_Accuracy: [92m0.7349[0m
val_Precision: [4;34m0.7352[0m,               val_Recall: [4;33m0.7190[0m,                 val_F1 Score: [4;35m0.7223[0m
æ ‡ç­¾é‡Œ1çš„ä¸ªæ•°:  430
æ ‡ç­¾é‡Œ0çš„ä¸ªæ•°:  430
æ€»æ•°:  860
æ­£ç¡®çš„ä¸ªæ•°:  632
Epoch [98/100], V_AUC: [4m0.7309[0m
Epoch [99/100], Loss: 12.0020
train_Accuracy: [91m0.9686[0m
train_Precision: [4;34m0.9605[0m,               train_Recall: [4;33m0.9770[0m,                 train_F1 Score: [4;35m0.9675[0m
æ ‡ç­¾é‡Œ1çš„ä¸ªæ•°:  2150
æ ‡ç­¾é‡Œ0çš„ä¸ªæ•°:  2150
æ€»æ•°:  4300
æ­£ç¡®çš„ä¸ªæ•°:  4165
æœ€åä¸€ä¸ªæ‰¹æ¬¡çš„è¾“å‡º, ä¸æ»¡batchsizeæ˜¯æ­£å¸¸çš„:
 tensor([[9.9869e-01],
        [9.9829e-01],
        [9.9988e-01],
        [9.9229e-04],
        [9.9995e-01],
        [1.3358e-04],
        [3.6776e-04],
        [1.5376e-01],
        [9.9984e-01],
        [9.9998e-01],
        [4.7668e-05],
        [3.6209e-05]], device='cuda:0', grad_fn=<SigmoidBackward0>)
Epoch [99/100], T_AUC: [4m0.9695[0m
Epoch [99/100], Loss: 47.6720
val_Accuracy: [92m0.7384[0m
val_Precision: [4;34m0.7422[0m,               val_Recall: [4;33m0.7265[0m,                 val_F1 Score: [4;35m0.7286[0m
æ ‡ç­¾é‡Œ1çš„ä¸ªæ•°:  430
æ ‡ç­¾é‡Œ0çš„ä¸ªæ•°:  430
æ€»æ•°:  860
æ­£ç¡®çš„ä¸ªæ•°:  635
Epoch [99/100], V_AUC: [4m0.7358[0m
Epoch [100/100], Loss: 19.8913
train_Accuracy: [91m0.9407[0m
train_Precision: [4;34m0.9337[0m,               train_Recall: [4;33m0.9507[0m,                 train_F1 Score: [4;35m0.9401[0m
æ ‡ç­¾é‡Œ1çš„ä¸ªæ•°:  2150
æ ‡ç­¾é‡Œ0çš„ä¸ªæ•°:  2150
æ€»æ•°:  4300
æ­£ç¡®çš„ä¸ªæ•°:  4045
æœ€åä¸€ä¸ªæ‰¹æ¬¡çš„è¾“å‡º, ä¸æ»¡batchsizeæ˜¯æ­£å¸¸çš„:
 tensor([[9.9971e-01],
        [9.0876e-01],
        [9.9996e-01],
        [1.1079e-02],
        [9.9998e-01],
        [3.6559e-05],
        [1.5289e-04],
        [8.7368e-04],
        [9.4880e-01],
        [1.0000e+00],
        [1.4811e-04],
        [1.7849e-02]], device='cuda:0', grad_fn=<SigmoidBackward0>)
Epoch [100/100], T_AUC: [4m0.9430[0m
Epoch [100/100], Loss: 52.6585
val_Accuracy: [92m0.7314[0m
val_Precision: [4;34m0.7353[0m,               val_Recall: [4;33m0.7176[0m,                 val_F1 Score: [4;35m0.7206[0m
æ ‡ç­¾é‡Œ1çš„ä¸ªæ•°:  430
æ ‡ç­¾é‡Œ0çš„ä¸ªæ•°:  430
æ€»æ•°:  860
æ­£ç¡®çš„ä¸ªæ•°:  629
Epoch [100/100], V_AUC: [4m0.7292[0m
ç¬¬0æ‰¹ç¬¬2ä¸ª, 100
ç¬¬0æ‰¹ç¬¬15ä¸ª, 100
ç¬¬1æ‰¹ç¬¬0ä¸ª, 100
ç¬¬1æ‰¹ç¬¬13ä¸ª, 100
ç¬¬1æ‰¹ç¬¬29ä¸ª, 100
send email successfully
