2024-06-25-15:52:12
1æ’åº128-0.5
åˆ›å»ºæ¨¡å‹å®ä¾‹
æ¨¡å‹å®ä¾‹åˆ›å»ºå®Œæˆ
åŠ è½½é¢„è®­ç»ƒå‚æ•°
é¢„è®­ç»ƒå‚æ•°åŠ è½½å®Œæˆ
Epoch [1/100], Loss: 60.8379
train_Accuracy: [91m0.8023[0m
train_Precision: [4;34m0.8275[0m,               train_Recall: [4;33m0.7726[0m,                 train_F1 Score: [4;35m0.7934[0m
æ ‡ç­¾é‡Œ1çš„ä¸ªæ•°:  2150
æ ‡ç­¾é‡Œ0çš„ä¸ªæ•°:  2150
æ€»æ•°:  4300
æ­£ç¡®çš„ä¸ªæ•°:  3450
æœ€åä¸€ä¸ªæ‰¹æ¬¡çš„è¾“å‡º, ä¸æ»¡batchsizeæ˜¯æ­£å¸¸çš„:
 tensor([[0.9352],
        [0.8675],
        [0.9759],
        [0.1644],
        [0.7395],
        [0.1655],
        [0.5737],
        [0.2903],
        [0.4156],
        [0.9014],
        [0.0258],
        [0.0580]], device='cuda:0', grad_fn=<SigmoidBackward0>)
Epoch [1/100], T_AUC: [4m0.8079[0m
Epoch [1/100], Loss: 13.7587
val_Accuracy: [92m0.8012[0m
val_Precision: [4;34m0.8354[0m,               val_Recall: [4;33m0.7433[0m,                 val_F1 Score: [4;35m0.7824[0m
æ ‡ç­¾é‡Œ1çš„ä¸ªæ•°:  430
æ ‡ç­¾é‡Œ0çš„ä¸ªæ•°:  430
æ€»æ•°:  860
æ­£ç¡®çš„ä¸ªæ•°:  689
Epoch [1/100], V_AUC: [4m0.7977[0m
Epoch [2/100], Loss: 59.0994
train_Accuracy: [91m0.8100[0m
train_Precision: [4;34m0.8357[0m,               train_Recall: [4;33m0.7801[0m,                 train_F1 Score: [4;35m0.8016[0m
æ ‡ç­¾é‡Œ1çš„ä¸ªæ•°:  2150
æ ‡ç­¾é‡Œ0çš„ä¸ªæ•°:  2150
æ€»æ•°:  4300
æ­£ç¡®çš„ä¸ªæ•°:  3483
æœ€åä¸€ä¸ªæ‰¹æ¬¡çš„è¾“å‡º, ä¸æ»¡batchsizeæ˜¯æ­£å¸¸çš„:
 tensor([[0.9384],
        [0.8744],
        [0.9807],
        [0.1491],
        [0.7472],
        [0.1443],
        [0.5322],
        [0.3170],
        [0.4524],
        [0.9143],
        [0.0238],
        [0.0503]], device='cuda:0', grad_fn=<SigmoidBackward0>)
Epoch [2/100], T_AUC: [4m0.8151[0m
Epoch [2/100], Loss: 13.9021
val_Accuracy: [92m0.8012[0m
val_Precision: [4;34m0.8306[0m,               val_Recall: [4;33m0.7482[0m,                 val_F1 Score: [4;35m0.7833[0m
æ ‡ç­¾é‡Œ1çš„ä¸ªæ•°:  430
æ ‡ç­¾é‡Œ0çš„ä¸ªæ•°:  430
æ€»æ•°:  860
æ­£ç¡®çš„ä¸ªæ•°:  689
Epoch [2/100], V_AUC: [4m0.7980[0m
Epoch [3/100], Loss: 58.7374
train_Accuracy: [91m0.8095[0m
train_Precision: [4;34m0.8360[0m,               train_Recall: [4;33m0.7808[0m,                 train_F1 Score: [4;35m0.8019[0m
æ ‡ç­¾é‡Œ1çš„ä¸ªæ•°:  2150
æ ‡ç­¾é‡Œ0çš„ä¸ªæ•°:  2150
æ€»æ•°:  4300
æ­£ç¡®çš„ä¸ªæ•°:  3481
æœ€åä¸€ä¸ªæ‰¹æ¬¡çš„è¾“å‡º, ä¸æ»¡batchsizeæ˜¯æ­£å¸¸çš„:
 tensor([[0.9401],
        [0.8663],
        [0.9794],
        [0.1377],
        [0.7633],
        [0.1294],
        [0.5187],
        [0.3230],
        [0.4885],
        [0.9259],
        [0.0247],
        [0.0542]], device='cuda:0', grad_fn=<SigmoidBackward0>)
Epoch [3/100], T_AUC: [4m0.8158[0m
Epoch [3/100], Loss: 13.8976
val_Accuracy: [92m0.8023[0m
val_Precision: [4;34m0.8387[0m,               val_Recall: [4;33m0.7413[0m,                 val_F1 Score: [4;35m0.7823[0m
æ ‡ç­¾é‡Œ1çš„ä¸ªæ•°:  430
æ ‡ç­¾é‡Œ0çš„ä¸ªæ•°:  430
æ€»æ•°:  860
æ­£ç¡®çš„ä¸ªæ•°:  690
Epoch [3/100], V_AUC: [4m0.7994[0m
Epoch [4/100], Loss: 58.3814
train_Accuracy: [91m0.8112[0m
train_Precision: [4;34m0.8372[0m,               train_Recall: [4;33m0.7836[0m,                 train_F1 Score: [4;35m0.8039[0m
æ ‡ç­¾é‡Œ1çš„ä¸ªæ•°:  2150
æ ‡ç­¾é‡Œ0çš„ä¸ªæ•°:  2150
æ€»æ•°:  4300
æ­£ç¡®çš„ä¸ªæ•°:  3488
æœ€åä¸€ä¸ªæ‰¹æ¬¡çš„è¾“å‡º, ä¸æ»¡batchsizeæ˜¯æ­£å¸¸çš„:
 tensor([[0.9357],
        [0.8600],
        [0.9814],
        [0.1327],
        [0.7847],
        [0.1212],
        [0.5082],
        [0.3219],
        [0.5223],
        [0.9221],
        [0.0257],
        [0.0582]], device='cuda:0', grad_fn=<SigmoidBackward0>)
Epoch [4/100], T_AUC: [4m0.8177[0m
Epoch [4/100], Loss: 13.9309
val_Accuracy: [92m0.8012[0m
val_Precision: [4;34m0.8363[0m,               val_Recall: [4;33m0.7412[0m,                 val_F1 Score: [4;35m0.7810[0m
æ ‡ç­¾é‡Œ1çš„ä¸ªæ•°:  430
æ ‡ç­¾é‡Œ0çš„ä¸ªæ•°:  430
æ€»æ•°:  860
æ­£ç¡®çš„ä¸ªæ•°:  689
Epoch [4/100], V_AUC: [4m0.7982[0m
Epoch [5/100], Loss: 58.0970
train_Accuracy: [91m0.8135[0m
train_Precision: [4;34m0.8377[0m,               train_Recall: [4;33m0.7881[0m,                 train_F1 Score: [4;35m0.8068[0m
æ ‡ç­¾é‡Œ1çš„ä¸ªæ•°:  2150
æ ‡ç­¾é‡Œ0çš„ä¸ªæ•°:  2150
æ€»æ•°:  4300
æ­£ç¡®çš„ä¸ªæ•°:  3498
æœ€åä¸€ä¸ªæ‰¹æ¬¡çš„è¾“å‡º, ä¸æ»¡batchsizeæ˜¯æ­£å¸¸çš„:
 tensor([[0.9315],
        [0.8581],
        [0.9799],
        [0.1315],
        [0.7740],
        [0.1224],
        [0.5200],
        [0.3297],
        [0.5501],
        [0.9127],
        [0.0296],
        [0.0573]], device='cuda:0', grad_fn=<SigmoidBackward0>)
Epoch [5/100], T_AUC: [4m0.8199[0m
Epoch [5/100], Loss: 13.8923
val_Accuracy: [92m0.8012[0m
val_Precision: [4;34m0.8410[0m,               val_Recall: [4;33m0.7362[0m,                 val_F1 Score: [4;35m0.7799[0m
æ ‡ç­¾é‡Œ1çš„ä¸ªæ•°:  430
æ ‡ç­¾é‡Œ0çš„ä¸ªæ•°:  430
æ€»æ•°:  860
æ­£ç¡®çš„ä¸ªæ•°:  689
Epoch [5/100], V_AUC: [4m0.7978[0m
Epoch [6/100], Loss: 57.8583
train_Accuracy: [91m0.8137[0m
train_Precision: [4;34m0.8375[0m,               train_Recall: [4;33m0.7902[0m,                 train_F1 Score: [4;35m0.8080[0m
æ ‡ç­¾é‡Œ1çš„ä¸ªæ•°:  2150
æ ‡ç­¾é‡Œ0çš„ä¸ªæ•°:  2150
æ€»æ•°:  4300
æ­£ç¡®çš„ä¸ªæ•°:  3499
æœ€åä¸€ä¸ªæ‰¹æ¬¡çš„è¾“å‡º, ä¸æ»¡batchsizeæ˜¯æ­£å¸¸çš„:
 tensor([[0.9311],
        [0.8636],
        [0.9782],
        [0.1311],
        [0.7648],
        [0.1232],
        [0.4967],
        [0.3490],
        [0.5485],
        [0.9040],
        [0.0312],
        [0.0616]], device='cuda:0', grad_fn=<SigmoidBackward0>)
Epoch [6/100], T_AUC: [4m0.8204[0m
Epoch [6/100], Loss: 14.0970
val_Accuracy: [92m0.8000[0m
val_Precision: [4;34m0.8408[0m,               val_Recall: [4;33m0.7342[0m,                 val_F1 Score: [4;35m0.7785[0m
æ ‡ç­¾é‡Œ1çš„ä¸ªæ•°:  430
æ ‡ç­¾é‡Œ0çš„ä¸ªæ•°:  430
æ€»æ•°:  860
æ­£ç¡®çš„ä¸ªæ•°:  688
Epoch [6/100], V_AUC: [4m0.7967[0m
Epoch [7/100], Loss: 57.6220
train_Accuracy: [91m0.8144[0m
train_Precision: [4;34m0.8360[0m,               train_Recall: [4;33m0.7938[0m,                 train_F1 Score: [4;35m0.8091[0m
æ ‡ç­¾é‡Œ1çš„ä¸ªæ•°:  2150
æ ‡ç­¾é‡Œ0çš„ä¸ªæ•°:  2150
æ€»æ•°:  4300
æ­£ç¡®çš„ä¸ªæ•°:  3502
æœ€åä¸€ä¸ªæ‰¹æ¬¡çš„è¾“å‡º, ä¸æ»¡batchsizeæ˜¯æ­£å¸¸çš„:
 tensor([[0.9238],
        [0.8479],
        [0.9791],
        [0.1316],
        [0.7838],
        [0.1160],
        [0.4889],
        [0.3559],
        [0.5725],
        [0.9086],
        [0.0349],
        [0.0550]], device='cuda:0', grad_fn=<SigmoidBackward0>)
Epoch [7/100], T_AUC: [4m0.8212[0m
Epoch [7/100], Loss: 14.1323
val_Accuracy: [92m0.7977[0m
val_Precision: [4;34m0.8359[0m,               val_Recall: [4;33m0.7335[0m,                 val_F1 Score: [4;35m0.7760[0m
æ ‡ç­¾é‡Œ1çš„ä¸ªæ•°:  430
æ ‡ç­¾é‡Œ0çš„ä¸ªæ•°:  430
æ€»æ•°:  860
æ­£ç¡®çš„ä¸ªæ•°:  686
Epoch [7/100], V_AUC: [4m0.7938[0m
Epoch [8/100], Loss: 57.4842
train_Accuracy: [91m0.8153[0m
train_Precision: [4;34m0.8379[0m,               train_Recall: [4;33m0.7937[0m,                 train_F1 Score: [4;35m0.8098[0m
æ ‡ç­¾é‡Œ1çš„ä¸ªæ•°:  2150
æ ‡ç­¾é‡Œ0çš„ä¸ªæ•°:  2150
æ€»æ•°:  4300
æ­£ç¡®çš„ä¸ªæ•°:  3506
æœ€åä¸€ä¸ªæ‰¹æ¬¡çš„è¾“å‡º, ä¸æ»¡batchsizeæ˜¯æ­£å¸¸çš„:
 tensor([[0.9072],
        [0.8443],
        [0.9822],
        [0.1286],
        [0.7695],
        [0.1185],
        [0.4530],
        [0.4276],
        [0.5646],
        [0.8950],
        [0.0359],
        [0.0623]], device='cuda:0', grad_fn=<SigmoidBackward0>)
Epoch [8/100], T_AUC: [4m0.8224[0m
Epoch [8/100], Loss: 14.1602
val_Accuracy: [92m0.7988[0m
val_Precision: [4;34m0.8346[0m,               val_Recall: [4;33m0.7359[0m,                 val_F1 Score: [4;35m0.7774[0m
æ ‡ç­¾é‡Œ1çš„ä¸ªæ•°:  430
æ ‡ç­¾é‡Œ0çš„ä¸ªæ•°:  430
æ€»æ•°:  860
æ­£ç¡®çš„ä¸ªæ•°:  687
Epoch [8/100], V_AUC: [4m0.7957[0m
Epoch [9/100], Loss: 57.2615
train_Accuracy: [91m0.8181[0m
train_Precision: [4;34m0.8405[0m,               train_Recall: [4;33m0.7955[0m,                 train_F1 Score: [4;35m0.8124[0m
æ ‡ç­¾é‡Œ1çš„ä¸ªæ•°:  2150
æ ‡ç­¾é‡Œ0çš„ä¸ªæ•°:  2150
æ€»æ•°:  4300
æ­£ç¡®çš„ä¸ªæ•°:  3518
æœ€åä¸€ä¸ªæ‰¹æ¬¡çš„è¾“å‡º, ä¸æ»¡batchsizeæ˜¯æ­£å¸¸çš„:
 tensor([[0.9060],
        [0.8485],
        [0.9812],
        [0.1196],
        [0.7921],
        [0.1120],
        [0.4751],
        [0.3954],
        [0.5843],
        [0.8935],
        [0.0334],
        [0.0652]], device='cuda:0', grad_fn=<SigmoidBackward0>)
Epoch [9/100], T_AUC: [4m0.8246[0m
Epoch [9/100], Loss: 14.2318
val_Accuracy: [92m0.7988[0m
val_Precision: [4;34m0.8354[0m,               val_Recall: [4;33m0.7359[0m,                 val_F1 Score: [4;35m0.7773[0m
æ ‡ç­¾é‡Œ1çš„ä¸ªæ•°:  430
æ ‡ç­¾é‡Œ0çš„ä¸ªæ•°:  430
æ€»æ•°:  860
æ­£ç¡®çš„ä¸ªæ•°:  687
Epoch [9/100], V_AUC: [4m0.7952[0m
Epoch [10/100], Loss: 57.0127
train_Accuracy: [91m0.8188[0m
train_Precision: [4;34m0.8407[0m,               train_Recall: [4;33m0.7977[0m,                 train_F1 Score: [4;35m0.8135[0m
æ ‡ç­¾é‡Œ1çš„ä¸ªæ•°:  2150
æ ‡ç­¾é‡Œ0çš„ä¸ªæ•°:  2150
æ€»æ•°:  4300
æ­£ç¡®çš„ä¸ªæ•°:  3521
æœ€åä¸€ä¸ªæ‰¹æ¬¡çš„è¾“å‡º, ä¸æ»¡batchsizeæ˜¯æ­£å¸¸çš„:
 tensor([[0.9019],
        [0.8607],
        [0.9814],
        [0.1194],
        [0.7988],
        [0.1027],
        [0.4360],
        [0.3997],
        [0.5528],
        [0.8940],
        [0.0433],
        [0.0662]], device='cuda:0', grad_fn=<SigmoidBackward0>)
Epoch [10/100], T_AUC: [4m0.8253[0m
Epoch [10/100], Loss: 14.1270
val_Accuracy: [92m0.7977[0m
val_Precision: [4;34m0.8327[0m,               val_Recall: [4;33m0.7359[0m,                 val_F1 Score: [4;35m0.7763[0m
æ ‡ç­¾é‡Œ1çš„ä¸ªæ•°:  430
æ ‡ç­¾é‡Œ0çš„ä¸ªæ•°:  430
æ€»æ•°:  860
æ­£ç¡®çš„ä¸ªæ•°:  686
Epoch [10/100], V_AUC: [4m0.7942[0m
Epoch [11/100], Loss: 56.8616
train_Accuracy: [91m0.8188[0m
train_Precision: [4;34m0.8380[0m,               train_Recall: [4;33m0.8005[0m,                 train_F1 Score: [4;35m0.8136[0m
æ ‡ç­¾é‡Œ1çš„ä¸ªæ•°:  2150
æ ‡ç­¾é‡Œ0çš„ä¸ªæ•°:  2150
æ€»æ•°:  4300
æ­£ç¡®çš„ä¸ªæ•°:  3521
æœ€åä¸€ä¸ªæ‰¹æ¬¡çš„è¾“å‡º, ä¸æ»¡batchsizeæ˜¯æ­£å¸¸çš„:
 tensor([[0.8958],
        [0.8436],
        [0.9832],
        [0.1217],
        [0.8086],
        [0.1152],
        [0.4237],
        [0.3718],
        [0.5934],
        [0.8841],
        [0.0443],
        [0.0610]], device='cuda:0', grad_fn=<SigmoidBackward0>)
Epoch [11/100], T_AUC: [4m0.8254[0m
Epoch [11/100], Loss: 14.1369
val_Accuracy: [92m0.8012[0m
val_Precision: [4;34m0.8360[0m,               val_Recall: [4;33m0.7405[0m,                 val_F1 Score: [4;35m0.7803[0m
æ ‡ç­¾é‡Œ1çš„ä¸ªæ•°:  430
æ ‡ç­¾é‡Œ0çš„ä¸ªæ•°:  430
æ€»æ•°:  860
æ­£ç¡®çš„ä¸ªæ•°:  689
Epoch [11/100], V_AUC: [4m0.7972[0m
Epoch [12/100], Loss: 56.8072
train_Accuracy: [91m0.8202[0m
train_Precision: [4;34m0.8396[0m,               train_Recall: [4;33m0.8013[0m,                 train_F1 Score: [4;35m0.8152[0m
æ ‡ç­¾é‡Œ1çš„ä¸ªæ•°:  2150
æ ‡ç­¾é‡Œ0çš„ä¸ªæ•°:  2150
æ€»æ•°:  4300
æ­£ç¡®çš„ä¸ªæ•°:  3527
æœ€åä¸€ä¸ªæ‰¹æ¬¡çš„è¾“å‡º, ä¸æ»¡batchsizeæ˜¯æ­£å¸¸çš„:
 tensor([[0.8813],
        [0.8309],
        [0.9860],
        [0.1319],
        [0.7920],
        [0.1327],
        [0.4308],
        [0.3864],
        [0.5876],
        [0.8793],
        [0.0444],
        [0.0578]], device='cuda:0', grad_fn=<SigmoidBackward0>)
Epoch [12/100], T_AUC: [4m0.8263[0m
Epoch [12/100], Loss: 14.1751
val_Accuracy: [92m0.7930[0m
val_Precision: [4;34m0.8243[0m,               val_Recall: [4;33m0.7359[0m,                 val_F1 Score: [4;35m0.7724[0m
æ ‡ç­¾é‡Œ1çš„ä¸ªæ•°:  430
æ ‡ç­¾é‡Œ0çš„ä¸ªæ•°:  430
æ€»æ•°:  860
æ­£ç¡®çš„ä¸ªæ•°:  682
Epoch [12/100], V_AUC: [4m0.7901[0m
Epoch [13/100], Loss: 56.7076
train_Accuracy: [91m0.8219[0m
train_Precision: [4;34m0.8411[0m,               train_Recall: [4;33m0.8036[0m,                 train_F1 Score: [4;35m0.8171[0m
æ ‡ç­¾é‡Œ1çš„ä¸ªæ•°:  2150
æ ‡ç­¾é‡Œ0çš„ä¸ªæ•°:  2150
æ€»æ•°:  4300
æ­£ç¡®çš„ä¸ªæ•°:  3534
æœ€åä¸€ä¸ªæ‰¹æ¬¡çš„è¾“å‡º, ä¸æ»¡batchsizeæ˜¯æ­£å¸¸çš„:
 tensor([[0.8603],
        [0.8518],
        [0.9852],
        [0.1313],
        [0.7893],
        [0.1419],
        [0.4014],
        [0.4690],
        [0.5844],
        [0.8701],
        [0.0458],
        [0.0466]], device='cuda:0', grad_fn=<SigmoidBackward0>)
Epoch [13/100], T_AUC: [4m0.8276[0m
Epoch [13/100], Loss: 14.1199
val_Accuracy: [92m0.7988[0m
val_Precision: [4;34m0.8337[0m,               val_Recall: [4;33m0.7375[0m,                 val_F1 Score: [4;35m0.7779[0m
æ ‡ç­¾é‡Œ1çš„ä¸ªæ•°:  430
æ ‡ç­¾é‡Œ0çš„ä¸ªæ•°:  430
æ€»æ•°:  860
æ­£ç¡®çš„ä¸ªæ•°:  687
Epoch [13/100], V_AUC: [4m0.7948[0m
Epoch [14/100], Loss: 56.5603
train_Accuracy: [91m0.8219[0m
train_Precision: [4;34m0.8412[0m,               train_Recall: [4;33m0.8041[0m,                 train_F1 Score: [4;35m0.8172[0m
æ ‡ç­¾é‡Œ1çš„ä¸ªæ•°:  2150
æ ‡ç­¾é‡Œ0çš„ä¸ªæ•°:  2150
æ€»æ•°:  4300
æ­£ç¡®çš„ä¸ªæ•°:  3534
æœ€åä¸€ä¸ªæ‰¹æ¬¡çš„è¾“å‡º, ä¸æ»¡batchsizeæ˜¯æ­£å¸¸çš„:
 tensor([[0.8690],
        [0.8604],
        [0.9848],
        [0.1354],
        [0.8320],
        [0.1318],
        [0.4260],
        [0.3406],
        [0.5515],
        [0.8892],
        [0.0434],
        [0.0492]], device='cuda:0', grad_fn=<SigmoidBackward0>)
Epoch [14/100], T_AUC: [4m0.8280[0m
Epoch [14/100], Loss: 14.0431
val_Accuracy: [92m0.8000[0m
val_Precision: [4;34m0.8367[0m,               val_Recall: [4;33m0.7383[0m,                 val_F1 Score: [4;35m0.7793[0m
æ ‡ç­¾é‡Œ1çš„ä¸ªæ•°:  430
æ ‡ç­¾é‡Œ0çš„ä¸ªæ•°:  430
æ€»æ•°:  860
æ­£ç¡®çš„ä¸ªæ•°:  688
Epoch [14/100], V_AUC: [4m0.7965[0m
Epoch [15/100], Loss: 55.9767
train_Accuracy: [91m0.8253[0m
train_Precision: [4;34m0.8438[0m,               train_Recall: [4;33m0.8082[0m,                 train_F1 Score: [4;35m0.8207[0m
æ ‡ç­¾é‡Œ1çš„ä¸ªæ•°:  2150
æ ‡ç­¾é‡Œ0çš„ä¸ªæ•°:  2150
æ€»æ•°:  4300
æ­£ç¡®çš„ä¸ªæ•°:  3549
æœ€åä¸€ä¸ªæ‰¹æ¬¡çš„è¾“å‡º, ä¸æ»¡batchsizeæ˜¯æ­£å¸¸çš„:
 tensor([[0.8617],
        [0.8600],
        [0.9913],
        [0.1294],
        [0.8247],
        [0.1269],
        [0.3694],
        [0.3573],
        [0.5664],
        [0.8833],
        [0.0543],
        [0.0407]], device='cuda:0', grad_fn=<SigmoidBackward0>)
Epoch [15/100], T_AUC: [4m0.8316[0m
Epoch [15/100], Loss: 14.3534
val_Accuracy: [92m0.7977[0m
val_Precision: [4;34m0.8322[0m,               val_Recall: [4;33m0.7380[0m,                 val_F1 Score: [4;35m0.7767[0m
æ ‡ç­¾é‡Œ1çš„ä¸ªæ•°:  430
æ ‡ç­¾é‡Œ0çš„ä¸ªæ•°:  430
æ€»æ•°:  860
æ­£ç¡®çš„ä¸ªæ•°:  686
Epoch [15/100], V_AUC: [4m0.7943[0m
Epoch [16/100], Loss: 55.5556
train_Accuracy: [91m0.8265[0m
train_Precision: [4;34m0.8446[0m,               train_Recall: [4;33m0.8106[0m,                 train_F1 Score: [4;35m0.8223[0m
æ ‡ç­¾é‡Œ1çš„ä¸ªæ•°:  2150
æ ‡ç­¾é‡Œ0çš„ä¸ªæ•°:  2150
æ€»æ•°:  4300
æ­£ç¡®çš„ä¸ªæ•°:  3554
æœ€åä¸€ä¸ªæ‰¹æ¬¡çš„è¾“å‡º, ä¸æ»¡batchsizeæ˜¯æ­£å¸¸çš„:
 tensor([[0.8869],
        [0.8723],
        [0.9897],
        [0.1309],
        [0.7803],
        [0.1211],
        [0.4186],
        [0.3829],
        [0.5901],
        [0.8625],
        [0.0430],
        [0.0434]], device='cuda:0', grad_fn=<SigmoidBackward0>)
Epoch [16/100], T_AUC: [4m0.8322[0m
Epoch [16/100], Loss: 14.3388
val_Accuracy: [92m0.8035[0m
val_Precision: [4;34m0.8319[0m,               val_Recall: [4;33m0.7510[0m,                 val_F1 Score: [4;35m0.7838[0m
æ ‡ç­¾é‡Œ1çš„ä¸ªæ•°:  430
æ ‡ç­¾é‡Œ0çš„ä¸ªæ•°:  430
æ€»æ•°:  860
æ­£ç¡®çš„ä¸ªæ•°:  691
Epoch [16/100], V_AUC: [4m0.7996[0m
Epoch [17/100], Loss: 55.3898
train_Accuracy: [91m0.8260[0m
train_Precision: [4;34m0.8451[0m,               train_Recall: [4;33m0.8100[0m,                 train_F1 Score: [4;35m0.8217[0m
æ ‡ç­¾é‡Œ1çš„ä¸ªæ•°:  2150
æ ‡ç­¾é‡Œ0çš„ä¸ªæ•°:  2150
æ€»æ•°:  4300
æ­£ç¡®çš„ä¸ªæ•°:  3552
æœ€åä¸€ä¸ªæ‰¹æ¬¡çš„è¾“å‡º, ä¸æ»¡batchsizeæ˜¯æ­£å¸¸çš„:
 tensor([[0.8955],
        [0.8803],
        [0.9883],
        [0.1224],
        [0.8206],
        [0.1276],
        [0.4034],
        [0.3471],
        [0.5864],
        [0.8398],
        [0.0553],
        [0.0417]], device='cuda:0', grad_fn=<SigmoidBackward0>)
Epoch [17/100], T_AUC: [4m0.8324[0m
Epoch [17/100], Loss: 14.0307
val_Accuracy: [92m0.7930[0m
val_Precision: [4;34m0.8200[0m,               val_Recall: [4;33m0.7400[0m,                 val_F1 Score: [4;35m0.7728[0m
æ ‡ç­¾é‡Œ1çš„ä¸ªæ•°:  430
æ ‡ç­¾é‡Œ0çš„ä¸ªæ•°:  430
æ€»æ•°:  860
æ­£ç¡®çš„ä¸ªæ•°:  682
Epoch [17/100], V_AUC: [4m0.7896[0m
Epoch [18/100], Loss: 54.9152
train_Accuracy: [91m0.8293[0m
train_Precision: [4;34m0.8480[0m,               train_Recall: [4;33m0.8110[0m,                 train_F1 Score: [4;35m0.8244[0m
æ ‡ç­¾é‡Œ1çš„ä¸ªæ•°:  2150
æ ‡ç­¾é‡Œ0çš„ä¸ªæ•°:  2150
æ€»æ•°:  4300
æ­£ç¡®çš„ä¸ªæ•°:  3566
æœ€åä¸€ä¸ªæ‰¹æ¬¡çš„è¾“å‡º, ä¸æ»¡batchsizeæ˜¯æ­£å¸¸çš„:
 tensor([[0.8883],
        [0.9133],
        [0.9895],
        [0.1209],
        [0.8308],
        [0.1301],
        [0.4205],
        [0.2364],
        [0.4876],
        [0.8480],
        [0.0540],
        [0.0558]], device='cuda:0', grad_fn=<SigmoidBackward0>)
Epoch [18/100], T_AUC: [4m0.8343[0m
Epoch [18/100], Loss: 14.5303
val_Accuracy: [92m0.7884[0m
val_Precision: [4;34m0.8169[0m,               val_Recall: [4;33m0.7342[0m,                 val_F1 Score: [4;35m0.7684[0m
æ ‡ç­¾é‡Œ1çš„ä¸ªæ•°:  430
æ ‡ç­¾é‡Œ0çš„ä¸ªæ•°:  430
æ€»æ•°:  860
æ­£ç¡®çš„ä¸ªæ•°:  678
Epoch [18/100], V_AUC: [4m0.7864[0m
Epoch [19/100], Loss: 54.6232
train_Accuracy: [91m0.8316[0m
train_Precision: [4;34m0.8512[0m,               train_Recall: [4;33m0.8129[0m,                 train_F1 Score: [4;35m0.8266[0m
æ ‡ç­¾é‡Œ1çš„ä¸ªæ•°:  2150
æ ‡ç­¾é‡Œ0çš„ä¸ªæ•°:  2150
æ€»æ•°:  4300
æ­£ç¡®çš„ä¸ªæ•°:  3576
æœ€åä¸€ä¸ªæ‰¹æ¬¡çš„è¾“å‡º, ä¸æ»¡batchsizeæ˜¯æ­£å¸¸çš„:
 tensor([[0.9109],
        [0.8864],
        [0.9947],
        [0.1314],
        [0.8085],
        [0.1302],
        [0.4165],
        [0.2366],
        [0.5346],
        [0.8343],
        [0.0530],
        [0.0466]], device='cuda:0', grad_fn=<SigmoidBackward0>)
Epoch [19/100], T_AUC: [4m0.8374[0m
Epoch [19/100], Loss: 14.3645
val_Accuracy: [92m0.7930[0m
val_Precision: [4;34m0.8291[0m,               val_Recall: [4;33m0.7295[0m,                 val_F1 Score: [4;35m0.7709[0m
æ ‡ç­¾é‡Œ1çš„ä¸ªæ•°:  430
æ ‡ç­¾é‡Œ0çš„ä¸ªæ•°:  430
æ€»æ•°:  860
æ­£ç¡®çš„ä¸ªæ•°:  682
Epoch [19/100], V_AUC: [4m0.7899[0m
Epoch [20/100], Loss: 54.7897
train_Accuracy: [91m0.8321[0m
train_Precision: [4;34m0.8513[0m,               train_Recall: [4;33m0.8140[0m,                 train_F1 Score: [4;35m0.8274[0m
æ ‡ç­¾é‡Œ1çš„ä¸ªæ•°:  2150
æ ‡ç­¾é‡Œ0çš„ä¸ªæ•°:  2150
æ€»æ•°:  4300
æ­£ç¡®çš„ä¸ªæ•°:  3578
æœ€åä¸€ä¸ªæ‰¹æ¬¡çš„è¾“å‡º, ä¸æ»¡batchsizeæ˜¯æ­£å¸¸çš„:
 tensor([[0.8956],
        [0.8736],
        [0.9915],
        [0.0944],
        [0.8402],
        [0.1120],
        [0.3262],
        [0.4621],
        [0.7198],
        [0.8335],
        [0.0246],
        [0.0638]], device='cuda:0', grad_fn=<SigmoidBackward0>)
Epoch [20/100], T_AUC: [4m0.8372[0m
Epoch [20/100], Loss: 15.2072
val_Accuracy: [92m0.7953[0m
val_Precision: [4;34m0.8300[0m,               val_Recall: [4;33m0.7364[0m,                 val_F1 Score: [4;35m0.7748[0m
æ ‡ç­¾é‡Œ1çš„ä¸ªæ•°:  430
æ ‡ç­¾é‡Œ0çš„ä¸ªæ•°:  430
æ€»æ•°:  860
æ­£ç¡®çš„ä¸ªæ•°:  684
Epoch [20/100], V_AUC: [4m0.7926[0m
Epoch [21/100], Loss: 54.6305
train_Accuracy: [91m0.8300[0m
train_Precision: [4;34m0.8529[0m,               train_Recall: [4;33m0.8064[0m,                 train_F1 Score: [4;35m0.8241[0m
æ ‡ç­¾é‡Œ1çš„ä¸ªæ•°:  2150
æ ‡ç­¾é‡Œ0çš„ä¸ªæ•°:  2150
æ€»æ•°:  4300
æ­£ç¡®çš„ä¸ªæ•°:  3569
æœ€åä¸€ä¸ªæ‰¹æ¬¡çš„è¾“å‡º, ä¸æ»¡batchsizeæ˜¯æ­£å¸¸çš„:
 tensor([[0.9147],
        [0.8849],
        [0.9939],
        [0.1107],
        [0.8172],
        [0.1042],
        [0.3458],
        [0.3157],
        [0.6859],
        [0.8529],
        [0.0417],
        [0.0466]], device='cuda:0', grad_fn=<SigmoidBackward0>)
Epoch [21/100], T_AUC: [4m0.8354[0m
Epoch [21/100], Loss: 14.6348
val_Accuracy: [92m0.7895[0m
val_Precision: [4;34m0.8222[0m,               val_Recall: [4;33m0.7294[0m,                 val_F1 Score: [4;35m0.7678[0m
æ ‡ç­¾é‡Œ1çš„ä¸ªæ•°:  430
æ ‡ç­¾é‡Œ0çš„ä¸ªæ•°:  430
æ€»æ•°:  860
æ­£ç¡®çš„ä¸ªæ•°:  679
Epoch [21/100], V_AUC: [4m0.7864[0m
Epoch [22/100], Loss: 54.0869
train_Accuracy: [91m0.8337[0m
train_Precision: [4;34m0.8515[0m,               train_Recall: [4;33m0.8155[0m,                 train_F1 Score: [4;35m0.8287[0m
æ ‡ç­¾é‡Œ1çš„ä¸ªæ•°:  2150
æ ‡ç­¾é‡Œ0çš„ä¸ªæ•°:  2150
æ€»æ•°:  4300
æ­£ç¡®çš„ä¸ªæ•°:  3585
æœ€åä¸€ä¸ªæ‰¹æ¬¡çš„è¾“å‡º, ä¸æ»¡batchsizeæ˜¯æ­£å¸¸çš„:
 tensor([[0.8964],
        [0.8961],
        [0.9948],
        [0.1289],
        [0.8185],
        [0.1051],
        [0.3034],
        [0.3098],
        [0.7542],
        [0.8245],
        [0.0431],
        [0.0411]], device='cuda:0', grad_fn=<SigmoidBackward0>)
Epoch [22/100], T_AUC: [4m0.8392[0m
Epoch [22/100], Loss: 14.8670
val_Accuracy: [92m0.7872[0m
val_Precision: [4;34m0.8193[0m,               val_Recall: [4;33m0.7300[0m,                 val_F1 Score: [4;35m0.7666[0m
æ ‡ç­¾é‡Œ1çš„ä¸ªæ•°:  430
æ ‡ç­¾é‡Œ0çš„ä¸ªæ•°:  430
æ€»æ•°:  860
æ­£ç¡®çš„ä¸ªæ•°:  677
Epoch [22/100], V_AUC: [4m0.7843[0m
Epoch [23/100], Loss: 53.1537
train_Accuracy: [91m0.8353[0m
train_Precision: [4;34m0.8551[0m,               train_Recall: [4;33m0.8165[0m,                 train_F1 Score: [4;35m0.8305[0m
æ ‡ç­¾é‡Œ1çš„ä¸ªæ•°:  2150
æ ‡ç­¾é‡Œ0çš„ä¸ªæ•°:  2150
æ€»æ•°:  4300
æ­£ç¡®çš„ä¸ªæ•°:  3592
æœ€åä¸€ä¸ªæ‰¹æ¬¡çš„è¾“å‡º, ä¸æ»¡batchsizeæ˜¯æ­£å¸¸çš„:
 tensor([[0.9394],
        [0.9321],
        [0.9900],
        [0.0954],
        [0.8320],
        [0.0979],
        [0.3377],
        [0.1674],
        [0.6943],
        [0.8973],
        [0.0407],
        [0.0506]], device='cuda:0', grad_fn=<SigmoidBackward0>)
Epoch [23/100], T_AUC: [4m0.8408[0m
Epoch [23/100], Loss: 14.9229
val_Accuracy: [92m0.7849[0m
val_Precision: [4;34m0.8169[0m,               val_Recall: [4;33m0.7306[0m,                 val_F1 Score: [4;35m0.7653[0m
æ ‡ç­¾é‡Œ1çš„ä¸ªæ•°:  430
æ ‡ç­¾é‡Œ0çš„ä¸ªæ•°:  430
æ€»æ•°:  860
æ­£ç¡®çš„ä¸ªæ•°:  675
Epoch [23/100], V_AUC: [4m0.7818[0m
Epoch [24/100], Loss: 52.9003
train_Accuracy: [91m0.8391[0m
train_Precision: [4;34m0.8587[0m,               train_Recall: [4;33m0.8195[0m,                 train_F1 Score: [4;35m0.8341[0m
æ ‡ç­¾é‡Œ1çš„ä¸ªæ•°:  2150
æ ‡ç­¾é‡Œ0çš„ä¸ªæ•°:  2150
æ€»æ•°:  4300
æ­£ç¡®çš„ä¸ªæ•°:  3608
æœ€åä¸€ä¸ªæ‰¹æ¬¡çš„è¾“å‡º, ä¸æ»¡batchsizeæ˜¯æ­£å¸¸çš„:
 tensor([[0.9345],
        [0.9240],
        [0.9845],
        [0.0970],
        [0.9459],
        [0.1056],
        [0.2768],
        [0.2293],
        [0.6885],
        [0.8738],
        [0.0399],
        [0.0248]], device='cuda:0', grad_fn=<SigmoidBackward0>)
Epoch [24/100], T_AUC: [4m0.8443[0m
Epoch [24/100], Loss: 14.7225
val_Accuracy: [92m0.7826[0m
val_Precision: [4;34m0.8193[0m,               val_Recall: [4;33m0.7201[0m,                 val_F1 Score: [4;35m0.7601[0m
æ ‡ç­¾é‡Œ1çš„ä¸ªæ•°:  430
æ ‡ç­¾é‡Œ0çš„ä¸ªæ•°:  430
æ€»æ•°:  860
æ­£ç¡®çš„ä¸ªæ•°:  673
Epoch [24/100], V_AUC: [4m0.7789[0m
Epoch [25/100], Loss: 52.1634
train_Accuracy: [91m0.8388[0m
train_Precision: [4;34m0.8604[0m,               train_Recall: [4;33m0.8169[0m,                 train_F1 Score: [4;35m0.8335[0m
æ ‡ç­¾é‡Œ1çš„ä¸ªæ•°:  2150
æ ‡ç­¾é‡Œ0çš„ä¸ªæ•°:  2150
æ€»æ•°:  4300
æ­£ç¡®çš„ä¸ªæ•°:  3607
æœ€åä¸€ä¸ªæ‰¹æ¬¡çš„è¾“å‡º, ä¸æ»¡batchsizeæ˜¯æ­£å¸¸çš„:
 tensor([[0.9455],
        [0.9478],
        [0.9851],
        [0.0920],
        [0.9416],
        [0.1065],
        [0.2943],
        [0.1281],
        [0.6908],
        [0.8680],
        [0.0357],
        [0.0369]], device='cuda:0', grad_fn=<SigmoidBackward0>)
Epoch [25/100], T_AUC: [4m0.8438[0m
Epoch [25/100], Loss: 14.8058
val_Accuracy: [92m0.7860[0m
val_Precision: [4;34m0.8322[0m,               val_Recall: [4;33m0.7115[0m,                 val_F1 Score: [4;35m0.7606[0m
æ ‡ç­¾é‡Œ1çš„ä¸ªæ•°:  430
æ ‡ç­¾é‡Œ0çš„ä¸ªæ•°:  430
æ€»æ•°:  860
æ­£ç¡®çš„ä¸ªæ•°:  676
Epoch [25/100], V_AUC: [4m0.7835[0m
Epoch [26/100], Loss: 51.5140
train_Accuracy: [91m0.8402[0m
train_Precision: [4;34m0.8627[0m,               train_Recall: [4;33m0.8176[0m,                 train_F1 Score: [4;35m0.8351[0m
æ ‡ç­¾é‡Œ1çš„ä¸ªæ•°:  2150
æ ‡ç­¾é‡Œ0çš„ä¸ªæ•°:  2150
æ€»æ•°:  4300
æ­£ç¡®çš„ä¸ªæ•°:  3613
æœ€åä¸€ä¸ªæ‰¹æ¬¡çš„è¾“å‡º, ä¸æ»¡batchsizeæ˜¯æ­£å¸¸çš„:
 tensor([[0.9643],
        [0.9240],
        [0.9776],
        [0.1094],
        [0.9703],
        [0.1137],
        [0.2827],
        [0.0973],
        [0.4725],
        [0.9306],
        [0.0214],
        [0.0566]], device='cuda:0', grad_fn=<SigmoidBackward0>)
Epoch [26/100], T_AUC: [4m0.8452[0m
Epoch [26/100], Loss: 15.0666
val_Accuracy: [92m0.7826[0m
val_Precision: [4;34m0.8285[0m,               val_Recall: [4;33m0.7077[0m,                 val_F1 Score: [4;35m0.7561[0m
æ ‡ç­¾é‡Œ1çš„ä¸ªæ•°:  430
æ ‡ç­¾é‡Œ0çš„ä¸ªæ•°:  430
æ€»æ•°:  860
æ­£ç¡®çš„ä¸ªæ•°:  673
Epoch [26/100], V_AUC: [4m0.7806[0m
Epoch [27/100], Loss: 51.2762
train_Accuracy: [91m0.8421[0m
train_Precision: [4;34m0.8661[0m,               train_Recall: [4;33m0.8179[0m,                 train_F1 Score: [4;35m0.8367[0m
æ ‡ç­¾é‡Œ1çš„ä¸ªæ•°:  2150
æ ‡ç­¾é‡Œ0çš„ä¸ªæ•°:  2150
æ€»æ•°:  4300
æ­£ç¡®çš„ä¸ªæ•°:  3621
æœ€åä¸€ä¸ªæ‰¹æ¬¡çš„è¾“å‡º, ä¸æ»¡batchsizeæ˜¯æ­£å¸¸çš„:
 tensor([[0.9256],
        [0.8847],
        [0.9912],
        [0.1178],
        [0.9247],
        [0.1259],
        [0.2166],
        [0.1358],
        [0.7787],
        [0.9131],
        [0.0450],
        [0.0233]], device='cuda:0', grad_fn=<SigmoidBackward0>)
Epoch [27/100], T_AUC: [4m0.8471[0m
Epoch [27/100], Loss: 15.3687
val_Accuracy: [92m0.7837[0m
val_Precision: [4;34m0.8338[0m,               val_Recall: [4;33m0.7001[0m,                 val_F1 Score: [4;35m0.7549[0m
æ ‡ç­¾é‡Œ1çš„ä¸ªæ•°:  430
æ ‡ç­¾é‡Œ0çš„ä¸ªæ•°:  430
æ€»æ•°:  860
æ­£ç¡®çš„ä¸ªæ•°:  674
Epoch [27/100], V_AUC: [4m0.7804[0m
Epoch [28/100], Loss: 50.1248
train_Accuracy: [91m0.8484[0m
train_Precision: [4;34m0.8698[0m,               train_Recall: [4;33m0.8259[0m,                 train_F1 Score: [4;35m0.8430[0m
æ ‡ç­¾é‡Œ1çš„ä¸ªæ•°:  2150
æ ‡ç­¾é‡Œ0çš„ä¸ªæ•°:  2150
æ€»æ•°:  4300
æ­£ç¡®çš„ä¸ªæ•°:  3648
æœ€åä¸€ä¸ªæ‰¹æ¬¡çš„è¾“å‡º, ä¸æ»¡batchsizeæ˜¯æ­£å¸¸çš„:
 tensor([[0.8978],
        [0.9377],
        [0.9910],
        [0.0830],
        [0.9677],
        [0.1013],
        [0.2325],
        [0.1649],
        [0.4910],
        [0.9363],
        [0.0313],
        [0.0267]], device='cuda:0', grad_fn=<SigmoidBackward0>)
Epoch [28/100], T_AUC: [4m0.8528[0m
Epoch [28/100], Loss: 16.0786
val_Accuracy: [92m0.7744[0m
val_Precision: [4;34m0.8210[0m,               val_Recall: [4;33m0.6923[0m,                 val_F1 Score: [4;35m0.7445[0m
æ ‡ç­¾é‡Œ1çš„ä¸ªæ•°:  430
æ ‡ç­¾é‡Œ0çš„ä¸ªæ•°:  430
æ€»æ•°:  860
æ­£ç¡®çš„ä¸ªæ•°:  666
Epoch [28/100], V_AUC: [4m0.7719[0m
Epoch [29/100], Loss: 51.1389
train_Accuracy: [91m0.8421[0m
train_Precision: [4;34m0.8634[0m,               train_Recall: [4;33m0.8209[0m,                 train_F1 Score: [4;35m0.8365[0m
æ ‡ç­¾é‡Œ1çš„ä¸ªæ•°:  2150
æ ‡ç­¾é‡Œ0çš„ä¸ªæ•°:  2150
æ€»æ•°:  4300
æ­£ç¡®çš„ä¸ªæ•°:  3621
æœ€åä¸€ä¸ªæ‰¹æ¬¡çš„è¾“å‡º, ä¸æ»¡batchsizeæ˜¯æ­£å¸¸çš„:
 tensor([[0.9234],
        [0.9193],
        [0.9826],
        [0.0854],
        [0.9467],
        [0.0963],
        [0.2269],
        [0.2671],
        [0.7369],
        [0.9419],
        [0.0342],
        [0.0193]], device='cuda:0', grad_fn=<SigmoidBackward0>)
Epoch [29/100], T_AUC: [4m0.8479[0m
Epoch [29/100], Loss: 15.8162
val_Accuracy: [92m0.7826[0m
val_Precision: [4;34m0.8254[0m,               val_Recall: [4;33m0.7088[0m,                 val_F1 Score: [4;35m0.7568[0m
æ ‡ç­¾é‡Œ1çš„ä¸ªæ•°:  430
æ ‡ç­¾é‡Œ0çš„ä¸ªæ•°:  430
æ€»æ•°:  860
æ­£ç¡®çš„ä¸ªæ•°:  673
Epoch [29/100], V_AUC: [4m0.7794[0m
Epoch [30/100], Loss: 50.6427
train_Accuracy: [91m0.8398[0m
train_Precision: [4;34m0.8600[0m,               train_Recall: [4;33m0.8191[0m,                 train_F1 Score: [4;35m0.8346[0m
æ ‡ç­¾é‡Œ1çš„ä¸ªæ•°:  2150
æ ‡ç­¾é‡Œ0çš„ä¸ªæ•°:  2150
æ€»æ•°:  4300
æ­£ç¡®çš„ä¸ªæ•°:  3611
æœ€åä¸€ä¸ªæ‰¹æ¬¡çš„è¾“å‡º, ä¸æ»¡batchsizeæ˜¯æ­£å¸¸çš„:
 tensor([[0.8941],
        [0.9450],
        [0.9791],
        [0.0668],
        [0.9650],
        [0.0773],
        [0.2208],
        [0.2614],
        [0.7808],
        [0.9569],
        [0.0332],
        [0.0207]], device='cuda:0', grad_fn=<SigmoidBackward0>)
Epoch [30/100], T_AUC: [4m0.8447[0m
Epoch [30/100], Loss: 15.6329
val_Accuracy: [92m0.7744[0m
val_Precision: [4;34m0.8163[0m,               val_Recall: [4;33m0.7002[0m,                 val_F1 Score: [4;35m0.7498[0m
æ ‡ç­¾é‡Œ1çš„ä¸ªæ•°:  430
æ ‡ç­¾é‡Œ0çš„ä¸ªæ•°:  430
æ€»æ•°:  860
æ­£ç¡®çš„ä¸ªæ•°:  666
Epoch [30/100], V_AUC: [4m0.7713[0m
Epoch [31/100], Loss: 49.5610
train_Accuracy: [91m0.8460[0m
train_Precision: [4;34m0.8696[0m,               train_Recall: [4;33m0.8212[0m,                 train_F1 Score: [4;35m0.8407[0m
æ ‡ç­¾é‡Œ1çš„ä¸ªæ•°:  2150
æ ‡ç­¾é‡Œ0çš„ä¸ªæ•°:  2150
æ€»æ•°:  4300
æ­£ç¡®çš„ä¸ªæ•°:  3638
æœ€åä¸€ä¸ªæ‰¹æ¬¡çš„è¾“å‡º, ä¸æ»¡batchsizeæ˜¯æ­£å¸¸çš„:
 tensor([[0.8904],
        [0.9512],
        [0.9793],
        [0.0555],
        [0.9648],
        [0.0867],
        [0.1871],
        [0.2803],
        [0.8672],
        [0.9392],
        [0.0279],
        [0.0157]], device='cuda:0', grad_fn=<SigmoidBackward0>)
Epoch [31/100], T_AUC: [4m0.8501[0m
Epoch [31/100], Loss: 15.8522
val_Accuracy: [92m0.7756[0m
val_Precision: [4;34m0.8209[0m,               val_Recall: [4;33m0.6982[0m,                 val_F1 Score: [4;35m0.7493[0m
æ ‡ç­¾é‡Œ1çš„ä¸ªæ•°:  430
æ ‡ç­¾é‡Œ0çš„ä¸ªæ•°:  430
æ€»æ•°:  860
æ­£ç¡®çš„ä¸ªæ•°:  667
Epoch [31/100], V_AUC: [4m0.7727[0m
Epoch [32/100], Loss: 48.3065
train_Accuracy: [91m0.8502[0m
train_Precision: [4;34m0.8748[0m,               train_Recall: [4;33m0.8255[0m,                 train_F1 Score: [4;35m0.8454[0m
æ ‡ç­¾é‡Œ1çš„ä¸ªæ•°:  2150
æ ‡ç­¾é‡Œ0çš„ä¸ªæ•°:  2150
æ€»æ•°:  4300
æ­£ç¡®çš„ä¸ªæ•°:  3656
æœ€åä¸€ä¸ªæ‰¹æ¬¡çš„è¾“å‡º, ä¸æ»¡batchsizeæ˜¯æ­£å¸¸çš„:
 tensor([[0.8899],
        [0.9708],
        [0.9607],
        [0.0597],
        [0.9727],
        [0.0558],
        [0.2216],
        [0.1190],
        [0.7991],
        [0.9898],
        [0.0216],
        [0.0349]], device='cuda:0', grad_fn=<SigmoidBackward0>)
Epoch [32/100], T_AUC: [4m0.8543[0m
Epoch [32/100], Loss: 16.0679
val_Accuracy: [92m0.7756[0m
val_Precision: [4;34m0.8108[0m,               val_Recall: [4;33m0.7072[0m,                 val_F1 Score: [4;35m0.7495[0m
æ ‡ç­¾é‡Œ1çš„ä¸ªæ•°:  430
æ ‡ç­¾é‡Œ0çš„ä¸ªæ•°:  430
æ€»æ•°:  860
æ­£ç¡®çš„ä¸ªæ•°:  667
Epoch [32/100], V_AUC: [4m0.7710[0m
Epoch [33/100], Loss: 48.1183
train_Accuracy: [91m0.8512[0m
train_Precision: [4;34m0.8733[0m,               train_Recall: [4;33m0.8269[0m,                 train_F1 Score: [4;35m0.8457[0m
æ ‡ç­¾é‡Œ1çš„ä¸ªæ•°:  2150
æ ‡ç­¾é‡Œ0çš„ä¸ªæ•°:  2150
æ€»æ•°:  4300
æ­£ç¡®çš„ä¸ªæ•°:  3660
æœ€åä¸€ä¸ªæ‰¹æ¬¡çš„è¾“å‡º, ä¸æ»¡batchsizeæ˜¯æ­£å¸¸çš„:
 tensor([[0.9190],
        [0.9715],
        [0.9713],
        [0.0624],
        [0.9886],
        [0.0579],
        [0.2686],
        [0.2260],
        [0.7961],
        [0.9157],
        [0.0242],
        [0.0128]], device='cuda:0', grad_fn=<SigmoidBackward0>)
Epoch [33/100], T_AUC: [4m0.8549[0m
Epoch [33/100], Loss: 16.0016
val_Accuracy: [92m0.7814[0m
val_Precision: [4;34m0.8157[0m,               val_Recall: [4;33m0.7206[0m,                 val_F1 Score: [4;35m0.7598[0m
æ ‡ç­¾é‡Œ1çš„ä¸ªæ•°:  430
æ ‡ç­¾é‡Œ0çš„ä¸ªæ•°:  430
æ€»æ•°:  860
æ­£ç¡®çš„ä¸ªæ•°:  672
Epoch [33/100], V_AUC: [4m0.7783[0m
Epoch [34/100], Loss: 48.6976
train_Accuracy: [91m0.8530[0m
train_Precision: [4;34m0.8731[0m,               train_Recall: [4;33m0.8339[0m,                 train_F1 Score: [4;35m0.8487[0m
æ ‡ç­¾é‡Œ1çš„ä¸ªæ•°:  2150
æ ‡ç­¾é‡Œ0çš„ä¸ªæ•°:  2150
æ€»æ•°:  4300
æ­£ç¡®çš„ä¸ªæ•°:  3668
æœ€åä¸€ä¸ªæ‰¹æ¬¡çš„è¾“å‡º, ä¸æ»¡batchsizeæ˜¯æ­£å¸¸çš„:
 tensor([[0.8621],
        [0.9710],
        [0.9842],
        [0.0552],
        [0.9511],
        [0.0557],
        [0.2485],
        [0.1458],
        [0.8591],
        [0.9883],
        [0.0209],
        [0.0187]], device='cuda:0', grad_fn=<SigmoidBackward0>)
Epoch [34/100], T_AUC: [4m0.8570[0m
Epoch [34/100], Loss: 16.4511
val_Accuracy: [92m0.7802[0m
val_Precision: [4;34m0.8177[0m,               val_Recall: [4;33m0.7131[0m,                 val_F1 Score: [4;35m0.7565[0m
æ ‡ç­¾é‡Œ1çš„ä¸ªæ•°:  430
æ ‡ç­¾é‡Œ0çš„ä¸ªæ•°:  430
æ€»æ•°:  860
æ­£ç¡®çš„ä¸ªæ•°:  671
Epoch [34/100], V_AUC: [4m0.7763[0m
Epoch [35/100], Loss: 47.1693
train_Accuracy: [91m0.8565[0m
train_Precision: [4;34m0.8830[0m,               train_Recall: [4;33m0.8277[0m,                 train_F1 Score: [4;35m0.8507[0m
æ ‡ç­¾é‡Œ1çš„ä¸ªæ•°:  2150
æ ‡ç­¾é‡Œ0çš„ä¸ªæ•°:  2150
æ€»æ•°:  4300
æ­£ç¡®çš„ä¸ªæ•°:  3683
æœ€åä¸€ä¸ªæ‰¹æ¬¡çš„è¾“å‡º, ä¸æ»¡batchsizeæ˜¯æ­£å¸¸çš„:
 tensor([[0.8268],
        [0.9747],
        [0.9941],
        [0.0491],
        [0.9668],
        [0.0536],
        [0.2166],
        [0.0809],
        [0.8123],
        [0.9941],
        [0.0261],
        [0.0245]], device='cuda:0', grad_fn=<SigmoidBackward0>)
Epoch [35/100], T_AUC: [4m0.8602[0m
Epoch [35/100], Loss: 16.5617
val_Accuracy: [92m0.7802[0m
val_Precision: [4;34m0.8169[0m,               val_Recall: [4;33m0.7165[0m,                 val_F1 Score: [4;35m0.7576[0m
æ ‡ç­¾é‡Œ1çš„ä¸ªæ•°:  430
æ ‡ç­¾é‡Œ0çš„ä¸ªæ•°:  430
æ€»æ•°:  860
æ­£ç¡®çš„ä¸ªæ•°:  671
Epoch [35/100], V_AUC: [4m0.7778[0m
Epoch [36/100], Loss: 47.9268
train_Accuracy: [91m0.8526[0m
train_Precision: [4;34m0.8749[0m,               train_Recall: [4;33m0.8316[0m,                 train_F1 Score: [4;35m0.8484[0m
æ ‡ç­¾é‡Œ1çš„ä¸ªæ•°:  2150
æ ‡ç­¾é‡Œ0çš„ä¸ªæ•°:  2150
æ€»æ•°:  4300
æ­£ç¡®çš„ä¸ªæ•°:  3666
æœ€åä¸€ä¸ªæ‰¹æ¬¡çš„è¾“å‡º, ä¸æ»¡batchsizeæ˜¯æ­£å¸¸çš„:
 tensor([[0.9136],
        [0.9805],
        [0.9911],
        [0.0580],
        [0.9502],
        [0.0847],
        [0.2071],
        [0.1039],
        [0.6811],
        [0.9934],
        [0.0174],
        [0.0111]], device='cuda:0', grad_fn=<SigmoidBackward0>)
Epoch [36/100], T_AUC: [4m0.8567[0m
Epoch [36/100], Loss: 16.9804
val_Accuracy: [92m0.7698[0m
val_Precision: [4;34m0.7908[0m,               val_Recall: [4;33m0.7314[0m,                 val_F1 Score: [4;35m0.7550[0m
æ ‡ç­¾é‡Œ1çš„ä¸ªæ•°:  430
æ ‡ç­¾é‡Œ0çš„ä¸ªæ•°:  430
æ€»æ•°:  860
æ­£ç¡®çš„ä¸ªæ•°:  662
Epoch [36/100], V_AUC: [4m0.7680[0m
Epoch [37/100], Loss: 46.2246
train_Accuracy: [91m0.8619[0m
train_Precision: [4;34m0.8825[0m,               train_Recall: [4;33m0.8401[0m,                 train_F1 Score: [4;35m0.8575[0m
æ ‡ç­¾é‡Œ1çš„ä¸ªæ•°:  2150
æ ‡ç­¾é‡Œ0çš„ä¸ªæ•°:  2150
æ€»æ•°:  4300
æ­£ç¡®çš„ä¸ªæ•°:  3706
æœ€åä¸€ä¸ªæ‰¹æ¬¡çš„è¾“å‡º, ä¸æ»¡batchsizeæ˜¯æ­£å¸¸çš„:
 tensor([[0.9595],
        [0.9634],
        [0.9796],
        [0.0327],
        [0.9662],
        [0.0471],
        [0.2351],
        [0.0282],
        [0.8805],
        [0.9960],
        [0.0151],
        [0.0221]], device='cuda:0', grad_fn=<SigmoidBackward0>)
Epoch [37/100], T_AUC: [4m0.8654[0m
Epoch [37/100], Loss: 18.1341
val_Accuracy: [92m0.7744[0m
val_Precision: [4;34m0.8156[0m,               val_Recall: [4;33m0.7026[0m,                 val_F1 Score: [4;35m0.7494[0m
æ ‡ç­¾é‡Œ1çš„ä¸ªæ•°:  430
æ ‡ç­¾é‡Œ0çš„ä¸ªæ•°:  430
æ€»æ•°:  860
æ­£ç¡®çš„ä¸ªæ•°:  666
Epoch [37/100], V_AUC: [4m0.7707[0m
Epoch [38/100], Loss: 47.5977
train_Accuracy: [91m0.8565[0m
train_Precision: [4;34m0.8793[0m,               train_Recall: [4;33m0.8346[0m,                 train_F1 Score: [4;35m0.8523[0m
æ ‡ç­¾é‡Œ1çš„ä¸ªæ•°:  2150
æ ‡ç­¾é‡Œ0çš„ä¸ªæ•°:  2150
æ€»æ•°:  4300
æ­£ç¡®çš„ä¸ªæ•°:  3683
æœ€åä¸€ä¸ªæ‰¹æ¬¡çš„è¾“å‡º, ä¸æ»¡batchsizeæ˜¯æ­£å¸¸çš„:
 tensor([[0.9463],
        [0.9841],
        [0.9760],
        [0.0364],
        [0.9919],
        [0.0445],
        [0.1624],
        [0.1426],
        [0.8057],
        [0.9870],
        [0.0190],
        [0.0083]], device='cuda:0', grad_fn=<SigmoidBackward0>)
Epoch [38/100], T_AUC: [4m0.8606[0m
Epoch [38/100], Loss: 17.4517
val_Accuracy: [92m0.7721[0m
val_Precision: [4;34m0.8125[0m,               val_Recall: [4;33m0.7029[0m,                 val_F1 Score: [4;35m0.7487[0m
æ ‡ç­¾é‡Œ1çš„ä¸ªæ•°:  430
æ ‡ç­¾é‡Œ0çš„ä¸ªæ•°:  430
æ€»æ•°:  860
æ­£ç¡®çš„ä¸ªæ•°:  664
Epoch [38/100], V_AUC: [4m0.7681[0m
Epoch [39/100], Loss: 45.2769
train_Accuracy: [91m0.8614[0m
train_Precision: [4;34m0.8839[0m,               train_Recall: [4;33m0.8396[0m,                 train_F1 Score: [4;35m0.8572[0m
æ ‡ç­¾é‡Œ1çš„ä¸ªæ•°:  2150
æ ‡ç­¾é‡Œ0çš„ä¸ªæ•°:  2150
æ€»æ•°:  4300
æ­£ç¡®çš„ä¸ªæ•°:  3704
æœ€åä¸€ä¸ªæ‰¹æ¬¡çš„è¾“å‡º, ä¸æ»¡batchsizeæ˜¯æ­£å¸¸çš„:
 tensor([[0.9082],
        [0.9907],
        [0.9883],
        [0.0316],
        [0.9878],
        [0.0265],
        [0.1472],
        [0.0680],
        [0.9198],
        [0.9938],
        [0.0156],
        [0.0058]], device='cuda:0', grad_fn=<SigmoidBackward0>)
Epoch [39/100], T_AUC: [4m0.8657[0m
Epoch [39/100], Loss: 18.3554
val_Accuracy: [92m0.7779[0m
val_Precision: [4;34m0.8216[0m,               val_Recall: [4;33m0.7054[0m,                 val_F1 Score: [4;35m0.7531[0m
æ ‡ç­¾é‡Œ1çš„ä¸ªæ•°:  430
æ ‡ç­¾é‡Œ0çš„ä¸ªæ•°:  430
æ€»æ•°:  860
æ­£ç¡®çš„ä¸ªæ•°:  669
Epoch [39/100], V_AUC: [4m0.7741[0m
Epoch [40/100], Loss: 44.3212
train_Accuracy: [91m0.8670[0m
train_Precision: [4;34m0.8906[0m,               train_Recall: [4;33m0.8434[0m,                 train_F1 Score: [4;35m0.8626[0m
æ ‡ç­¾é‡Œ1çš„ä¸ªæ•°:  2150
æ ‡ç­¾é‡Œ0çš„ä¸ªæ•°:  2150
æ€»æ•°:  4300
æ­£ç¡®çš„ä¸ªæ•°:  3728
æœ€åä¸€ä¸ªæ‰¹æ¬¡çš„è¾“å‡º, ä¸æ»¡batchsizeæ˜¯æ­£å¸¸çš„:
 tensor([[0.8525],
        [0.9963],
        [0.9657],
        [0.0325],
        [0.9951],
        [0.0388],
        [0.1052],
        [0.0604],
        [0.7208],
        [0.9984],
        [0.0256],
        [0.0068]], device='cuda:0', grad_fn=<SigmoidBackward0>)
Epoch [40/100], T_AUC: [4m0.8707[0m
Epoch [40/100], Loss: 18.3102
val_Accuracy: [92m0.7791[0m
val_Precision: [4;34m0.8207[0m,               val_Recall: [4;33m0.7090[0m,                 val_F1 Score: [4;35m0.7557[0m
æ ‡ç­¾é‡Œ1çš„ä¸ªæ•°:  430
æ ‡ç­¾é‡Œ0çš„ä¸ªæ•°:  430
æ€»æ•°:  860
æ­£ç¡®çš„ä¸ªæ•°:  670
Epoch [40/100], V_AUC: [4m0.7744[0m
Epoch [41/100], Loss: 44.1782
train_Accuracy: [91m0.8702[0m
train_Precision: [4;34m0.8935[0m,               train_Recall: [4;33m0.8476[0m,                 train_F1 Score: [4;35m0.8663[0m
æ ‡ç­¾é‡Œ1çš„ä¸ªæ•°:  2150
æ ‡ç­¾é‡Œ0çš„ä¸ªæ•°:  2150
æ€»æ•°:  4300
æ­£ç¡®çš„ä¸ªæ•°:  3742
æœ€åä¸€ä¸ªæ‰¹æ¬¡çš„è¾“å‡º, ä¸æ»¡batchsizeæ˜¯æ­£å¸¸çš„:
 tensor([[0.9435],
        [0.9804],
        [0.9602],
        [0.0372],
        [0.9913],
        [0.0497],
        [0.1047],
        [0.0928],
        [0.9672],
        [0.9910],
        [0.0307],
        [0.0047]], device='cuda:0', grad_fn=<SigmoidBackward0>)
Epoch [41/100], T_AUC: [4m0.8740[0m
Epoch [41/100], Loss: 18.6515
val_Accuracy: [92m0.7744[0m
val_Precision: [4;34m0.8098[0m,               val_Recall: [4;33m0.7046[0m,                 val_F1 Score: [4;35m0.7485[0m
æ ‡ç­¾é‡Œ1çš„ä¸ªæ•°:  430
æ ‡ç­¾é‡Œ0çš„ä¸ªæ•°:  430
æ€»æ•°:  860
æ­£ç¡®çš„ä¸ªæ•°:  666
Epoch [41/100], V_AUC: [4m0.7691[0m
Epoch [42/100], Loss: 45.9838
train_Accuracy: [91m0.8579[0m
train_Precision: [4;34m0.8840[0m,               train_Recall: [4;33m0.8343[0m,                 train_F1 Score: [4;35m0.8537[0m
æ ‡ç­¾é‡Œ1çš„ä¸ªæ•°:  2150
æ ‡ç­¾é‡Œ0çš„ä¸ªæ•°:  2150
æ€»æ•°:  4300
æ­£ç¡®çš„ä¸ªæ•°:  3689
æœ€åä¸€ä¸ªæ‰¹æ¬¡çš„è¾“å‡º, ä¸æ»¡batchsizeæ˜¯æ­£å¸¸çš„:
 tensor([[0.7857],
        [0.9939],
        [0.9701],
        [0.0162],
        [0.9836],
        [0.0531],
        [0.1179],
        [0.1430],
        [0.9570],
        [0.9953],
        [0.0332],
        [0.0046]], device='cuda:0', grad_fn=<SigmoidBackward0>)
Epoch [42/100], T_AUC: [4m0.8626[0m
Epoch [42/100], Loss: 17.3593
val_Accuracy: [92m0.7721[0m
val_Precision: [4;34m0.8105[0m,               val_Recall: [4;33m0.7050[0m,                 val_F1 Score: [4;35m0.7486[0m
æ ‡ç­¾é‡Œ1çš„ä¸ªæ•°:  430
æ ‡ç­¾é‡Œ0çš„ä¸ªæ•°:  430
æ€»æ•°:  860
æ­£ç¡®çš„ä¸ªæ•°:  664
Epoch [42/100], V_AUC: [4m0.7687[0m
Epoch [43/100], Loss: 43.2197
train_Accuracy: [91m0.8691[0m
train_Precision: [4;34m0.8893[0m,               train_Recall: [4;33m0.8496[0m,                 train_F1 Score: [4;35m0.8652[0m
æ ‡ç­¾é‡Œ1çš„ä¸ªæ•°:  2150
æ ‡ç­¾é‡Œ0çš„ä¸ªæ•°:  2150
æ€»æ•°:  4300
æ­£ç¡®çš„ä¸ªæ•°:  3737
æœ€åä¸€ä¸ªæ‰¹æ¬¡çš„è¾“å‡º, ä¸æ»¡batchsizeæ˜¯æ­£å¸¸çš„:
 tensor([[0.9087],
        [0.9998],
        [0.9682],
        [0.0306],
        [0.9222],
        [0.0482],
        [0.1118],
        [0.0443],
        [0.9531],
        [0.9918],
        [0.0183],
        [0.0034]], device='cuda:0', grad_fn=<SigmoidBackward0>)
Epoch [43/100], T_AUC: [4m0.8728[0m
Epoch [43/100], Loss: 18.5414
val_Accuracy: [92m0.7744[0m
val_Precision: [4;34m0.8150[0m,               val_Recall: [4;33m0.7079[0m,                 val_F1 Score: [4;35m0.7518[0m
æ ‡ç­¾é‡Œ1çš„ä¸ªæ•°:  430
æ ‡ç­¾é‡Œ0çš„ä¸ªæ•°:  430
æ€»æ•°:  860
æ­£ç¡®çš„ä¸ªæ•°:  666
Epoch [43/100], V_AUC: [4m0.7711[0m
Epoch [44/100], Loss: 42.2822
train_Accuracy: [91m0.8733[0m
train_Precision: [4;34m0.8935[0m,               train_Recall: [4;33m0.8561[0m,                 train_F1 Score: [4;35m0.8703[0m
æ ‡ç­¾é‡Œ1çš„ä¸ªæ•°:  2150
æ ‡ç­¾é‡Œ0çš„ä¸ªæ•°:  2150
æ€»æ•°:  4300
æ­£ç¡®çš„ä¸ªæ•°:  3755
æœ€åä¸€ä¸ªæ‰¹æ¬¡çš„è¾“å‡º, ä¸æ»¡batchsizeæ˜¯æ­£å¸¸çš„:
 tensor([[0.9501],
        [0.9911],
        [0.9966],
        [0.0247],
        [0.9705],
        [0.0104],
        [0.0992],
        [0.0098],
        [0.9702],
        [0.9945],
        [0.0195],
        [0.0248]], device='cuda:0', grad_fn=<SigmoidBackward0>)
Epoch [44/100], T_AUC: [4m0.8771[0m
Epoch [44/100], Loss: 19.0718
val_Accuracy: [92m0.7779[0m
val_Precision: [4;34m0.8260[0m,               val_Recall: [4;33m0.6982[0m,                 val_F1 Score: [4;35m0.7522[0m
æ ‡ç­¾é‡Œ1çš„ä¸ªæ•°:  430
æ ‡ç­¾é‡Œ0çš„ä¸ªæ•°:  430
æ€»æ•°:  860
æ­£ç¡®çš„ä¸ªæ•°:  669
Epoch [44/100], V_AUC: [4m0.7740[0m
Epoch [45/100], Loss: 42.3233
train_Accuracy: [91m0.8758[0m
train_Precision: [4;34m0.8976[0m,               train_Recall: [4;33m0.8558[0m,                 train_F1 Score: [4;35m0.8723[0m
æ ‡ç­¾é‡Œ1çš„ä¸ªæ•°:  2150
æ ‡ç­¾é‡Œ0çš„ä¸ªæ•°:  2150
æ€»æ•°:  4300
æ­£ç¡®çš„ä¸ªæ•°:  3766
æœ€åä¸€ä¸ªæ‰¹æ¬¡çš„è¾“å‡º, ä¸æ»¡batchsizeæ˜¯æ­£å¸¸çš„:
 tensor([[0.9783],
        [0.9966],
        [0.9944],
        [0.0191],
        [0.9714],
        [0.0549],
        [0.1191],
        [0.0739],
        [0.9874],
        [0.9542],
        [0.0162],
        [0.0019]], device='cuda:0', grad_fn=<SigmoidBackward0>)
Epoch [45/100], T_AUC: [4m0.8802[0m
Epoch [45/100], Loss: 19.3921
val_Accuracy: [92m0.7791[0m
val_Precision: [4;34m0.8116[0m,               val_Recall: [4;33m0.7225[0m,                 val_F1 Score: [4;35m0.7605[0m
æ ‡ç­¾é‡Œ1çš„ä¸ªæ•°:  430
æ ‡ç­¾é‡Œ0çš„ä¸ªæ•°:  430
æ€»æ•°:  860
æ­£ç¡®çš„ä¸ªæ•°:  670
Epoch [45/100], V_AUC: [4m0.7766[0m
Epoch [46/100], Loss: 41.4193
train_Accuracy: [91m0.8781[0m
train_Precision: [4;34m0.8983[0m,               train_Recall: [4;33m0.8611[0m,                 train_F1 Score: [4;35m0.8753[0m
æ ‡ç­¾é‡Œ1çš„ä¸ªæ•°:  2150
æ ‡ç­¾é‡Œ0çš„ä¸ªæ•°:  2150
æ€»æ•°:  4300
æ­£ç¡®çš„ä¸ªæ•°:  3776
æœ€åä¸€ä¸ªæ‰¹æ¬¡çš„è¾“å‡º, ä¸æ»¡batchsizeæ˜¯æ­£å¸¸çš„:
 tensor([[0.8987],
        [0.9985],
        [0.9830],
        [0.0081],
        [0.9669],
        [0.0374],
        [0.0566],
        [0.2098],
        [0.9805],
        [0.9974],
        [0.0208],
        [0.0017]], device='cuda:0', grad_fn=<SigmoidBackward0>)
Epoch [46/100], T_AUC: [4m0.8826[0m
Epoch [46/100], Loss: 19.6617
val_Accuracy: [92m0.7698[0m
val_Precision: [4;34m0.8036[0m,               val_Recall: [4;33m0.7078[0m,                 val_F1 Score: [4;35m0.7481[0m
æ ‡ç­¾é‡Œ1çš„ä¸ªæ•°:  430
æ ‡ç­¾é‡Œ0çš„ä¸ªæ•°:  430
æ€»æ•°:  860
æ­£ç¡®çš„ä¸ªæ•°:  662
Epoch [46/100], V_AUC: [4m0.7668[0m
Epoch [47/100], Loss: 40.7207
train_Accuracy: [91m0.8807[0m
train_Precision: [4;34m0.8980[0m,               train_Recall: [4;33m0.8671[0m,                 train_F1 Score: [4;35m0.8784[0m
æ ‡ç­¾é‡Œ1çš„ä¸ªæ•°:  2150
æ ‡ç­¾é‡Œ0çš„ä¸ªæ•°:  2150
æ€»æ•°:  4300
æ­£ç¡®çš„ä¸ªæ•°:  3787
æœ€åä¸€ä¸ªæ‰¹æ¬¡çš„è¾“å‡º, ä¸æ»¡batchsizeæ˜¯æ­£å¸¸çš„:
 tensor([[0.7708],
        [0.9972],
        [0.9966],
        [0.0125],
        [0.9848],
        [0.0359],
        [0.0750],
        [0.0512],
        [0.9702],
        [0.9986],
        [0.0147],
        [0.0013]], device='cuda:0', grad_fn=<SigmoidBackward0>)
Epoch [47/100], T_AUC: [4m0.8845[0m
Epoch [47/100], Loss: 21.0381
val_Accuracy: [92m0.7733[0m
val_Precision: [4;34m0.8014[0m,               val_Recall: [4;33m0.7213[0m,                 val_F1 Score: [4;35m0.7550[0m
æ ‡ç­¾é‡Œ1çš„ä¸ªæ•°:  430
æ ‡ç­¾é‡Œ0çš„ä¸ªæ•°:  430
æ€»æ•°:  860
æ­£ç¡®çš„ä¸ªæ•°:  665
Epoch [47/100], V_AUC: [4m0.7698[0m
Epoch [48/100], Loss: 39.6246
train_Accuracy: [91m0.8835[0m
train_Precision: [4;34m0.9029[0m,               train_Recall: [4;33m0.8671[0m,                 train_F1 Score: [4;35m0.8805[0m
æ ‡ç­¾é‡Œ1çš„ä¸ªæ•°:  2150
æ ‡ç­¾é‡Œ0çš„ä¸ªæ•°:  2150
æ€»æ•°:  4300
æ­£ç¡®çš„ä¸ªæ•°:  3799
æœ€åä¸€ä¸ªæ‰¹æ¬¡çš„è¾“å‡º, ä¸æ»¡batchsizeæ˜¯æ­£å¸¸çš„:
 tensor([[0.8235],
        [0.9979],
        [0.9874],
        [0.0100],
        [0.9196],
        [0.0274],
        [0.0605],
        [0.0944],
        [0.9245],
        [0.9998],
        [0.0103],
        [0.0071]], device='cuda:0', grad_fn=<SigmoidBackward0>)
Epoch [48/100], T_AUC: [4m0.8882[0m
Epoch [48/100], Loss: 21.4062
val_Accuracy: [92m0.7674[0m
val_Precision: [4;34m0.8083[0m,               val_Recall: [4;33m0.6972[0m,                 val_F1 Score: [4;35m0.7432[0m
æ ‡ç­¾é‡Œ1çš„ä¸ªæ•°:  430
æ ‡ç­¾é‡Œ0çš„ä¸ªæ•°:  430
æ€»æ•°:  860
æ­£ç¡®çš„ä¸ªæ•°:  660
Epoch [48/100], V_AUC: [4m0.7649[0m
Epoch [49/100], Loss: 41.9592
train_Accuracy: [91m0.8728[0m
train_Precision: [4;34m0.8922[0m,               train_Recall: [4;33m0.8550[0m,                 train_F1 Score: [4;35m0.8694[0m
æ ‡ç­¾é‡Œ1çš„ä¸ªæ•°:  2150
æ ‡ç­¾é‡Œ0çš„ä¸ªæ•°:  2150
æ€»æ•°:  4300
æ­£ç¡®çš„ä¸ªæ•°:  3753
æœ€åä¸€ä¸ªæ‰¹æ¬¡çš„è¾“å‡º, ä¸æ»¡batchsizeæ˜¯æ­£å¸¸çš„:
 tensor([[0.8615],
        [0.9851],
        [0.9401],
        [0.0226],
        [0.9905],
        [0.0327],
        [0.0736],
        [0.1859],
        [0.9249],
        [0.9996],
        [0.0089],
        [0.0118]], device='cuda:0', grad_fn=<SigmoidBackward0>)
Epoch [49/100], T_AUC: [4m0.8768[0m
Epoch [49/100], Loss: 19.1515
val_Accuracy: [92m0.7709[0m
val_Precision: [4;34m0.7954[0m,               val_Recall: [4;33m0.7244[0m,                 val_F1 Score: [4;35m0.7529[0m
æ ‡ç­¾é‡Œ1çš„ä¸ªæ•°:  430
æ ‡ç­¾é‡Œ0çš„ä¸ªæ•°:  430
æ€»æ•°:  860
æ­£ç¡®çš„ä¸ªæ•°:  663
Epoch [49/100], V_AUC: [4m0.7700[0m
Epoch [50/100], Loss: 40.4685
train_Accuracy: [91m0.8772[0m
train_Precision: [4;34m0.8960[0m,               train_Recall: [4;33m0.8615[0m,                 train_F1 Score: [4;35m0.8748[0m
æ ‡ç­¾é‡Œ1çš„ä¸ªæ•°:  2150
æ ‡ç­¾é‡Œ0çš„ä¸ªæ•°:  2150
æ€»æ•°:  4300
æ­£ç¡®çš„ä¸ªæ•°:  3772
æœ€åä¸€ä¸ªæ‰¹æ¬¡çš„è¾“å‡º, ä¸æ»¡batchsizeæ˜¯æ­£å¸¸çš„:
 tensor([[0.9341],
        [0.9974],
        [0.9904],
        [0.0160],
        [0.9809],
        [0.0253],
        [0.1540],
        [0.0069],
        [0.6723],
        [0.9997],
        [0.0076],
        [0.0147]], device='cuda:0', grad_fn=<SigmoidBackward0>)
Epoch [50/100], T_AUC: [4m0.8810[0m
Epoch [50/100], Loss: 22.8996
val_Accuracy: [92m0.7721[0m
val_Precision: [4;34m0.7984[0m,               val_Recall: [4;33m0.7276[0m,                 val_F1 Score: [4;35m0.7565[0m
æ ‡ç­¾é‡Œ1çš„ä¸ªæ•°:  430
æ ‡ç­¾é‡Œ0çš„ä¸ªæ•°:  430
æ€»æ•°:  860
æ­£ç¡®çš„ä¸ªæ•°:  664
Epoch [50/100], V_AUC: [4m0.7710[0m
Epoch [51/100], Loss: 42.2623
train_Accuracy: [91m0.8730[0m
train_Precision: [4;34m0.8979[0m,               train_Recall: [4;33m0.8494[0m,                 train_F1 Score: [4;35m0.8688[0m
æ ‡ç­¾é‡Œ1çš„ä¸ªæ•°:  2150
æ ‡ç­¾é‡Œ0çš„ä¸ªæ•°:  2150
æ€»æ•°:  4300
æ­£ç¡®çš„ä¸ªæ•°:  3754
æœ€åä¸€ä¸ªæ‰¹æ¬¡çš„è¾“å‡º, ä¸æ»¡batchsizeæ˜¯æ­£å¸¸çš„:
 tensor([[0.8763],
        [0.9952],
        [0.9525],
        [0.0200],
        [0.9631],
        [0.0388],
        [0.1136],
        [0.1004],
        [0.8334],
        [0.9996],
        [0.0235],
        [0.0291]], device='cuda:0', grad_fn=<SigmoidBackward0>)
Epoch [51/100], T_AUC: [4m0.8777[0m
Epoch [51/100], Loss: 19.6490
val_Accuracy: [92m0.7674[0m
val_Precision: [4;34m0.7882[0m,               val_Recall: [4;33m0.7292[0m,                 val_F1 Score: [4;35m0.7517[0m
æ ‡ç­¾é‡Œ1çš„ä¸ªæ•°:  430
æ ‡ç­¾é‡Œ0çš„ä¸ªæ•°:  430
æ€»æ•°:  860
æ­£ç¡®çš„ä¸ªæ•°:  660
Epoch [51/100], V_AUC: [4m0.7658[0m
Epoch [52/100], Loss: 41.6396
train_Accuracy: [91m0.8747[0m
train_Precision: [4;34m0.9010[0m,               train_Recall: [4;33m0.8483[0m,                 train_F1 Score: [4;35m0.8700[0m
æ ‡ç­¾é‡Œ1çš„ä¸ªæ•°:  2150
æ ‡ç­¾é‡Œ0çš„ä¸ªæ•°:  2150
æ€»æ•°:  4300
æ­£ç¡®çš„ä¸ªæ•°:  3761
æœ€åä¸€ä¸ªæ‰¹æ¬¡çš„è¾“å‡º, ä¸æ»¡batchsizeæ˜¯æ­£å¸¸çš„:
 tensor([[0.8020],
        [0.9976],
        [0.9970],
        [0.0175],
        [0.9844],
        [0.0311],
        [0.1439],
        [0.0447],
        [0.9846],
        [0.9886],
        [0.0044],
        [0.0250]], device='cuda:0', grad_fn=<SigmoidBackward0>)
Epoch [52/100], T_AUC: [4m0.8786[0m
Epoch [52/100], Loss: 20.6335
val_Accuracy: [92m0.7640[0m
val_Precision: [4;34m0.8027[0m,               val_Recall: [4;33m0.6915[0m,                 val_F1 Score: [4;35m0.7374[0m
æ ‡ç­¾é‡Œ1çš„ä¸ªæ•°:  430
æ ‡ç­¾é‡Œ0çš„ä¸ªæ•°:  430
æ€»æ•°:  860
æ­£ç¡®çš„ä¸ªæ•°:  657
Epoch [52/100], V_AUC: [4m0.7600[0m
Epoch [53/100], Loss: 38.6161
train_Accuracy: [91m0.8863[0m
train_Precision: [4;34m0.9078[0m,               train_Recall: [4;33m0.8638[0m,                 train_F1 Score: [4;35m0.8819[0m
æ ‡ç­¾é‡Œ1çš„ä¸ªæ•°:  2150
æ ‡ç­¾é‡Œ0çš„ä¸ªæ•°:  2150
æ€»æ•°:  4300
æ­£ç¡®çš„ä¸ªæ•°:  3811
æœ€åä¸€ä¸ªæ‰¹æ¬¡çš„è¾“å‡º, ä¸æ»¡batchsizeæ˜¯æ­£å¸¸çš„:
 tensor([[0.8171],
        [0.9953],
        [0.9973],
        [0.0112],
        [0.9266],
        [0.0187],
        [0.8238],
        [0.1870],
        [0.9826],
        [0.9923],
        [0.0116],
        [0.0011]], device='cuda:0', grad_fn=<SigmoidBackward0>)
Epoch [53/100], T_AUC: [4m0.8897[0m
Epoch [53/100], Loss: 22.8570
val_Accuracy: [92m0.7674[0m
val_Precision: [4;34m0.7749[0m,               val_Recall: [4;33m0.7545[0m,                 val_F1 Score: [4;35m0.7596[0m
æ ‡ç­¾é‡Œ1çš„ä¸ªæ•°:  430
æ ‡ç­¾é‡Œ0çš„ä¸ªæ•°:  430
æ€»æ•°:  860
æ­£ç¡®çš„ä¸ªæ•°:  660
Epoch [53/100], V_AUC: [4m0.7668[0m
Epoch [54/100], Loss: 38.4419
train_Accuracy: [91m0.8851[0m
train_Precision: [4;34m0.9027[0m,               train_Recall: [4;33m0.8697[0m,                 train_F1 Score: [4;35m0.8817[0m
æ ‡ç­¾é‡Œ1çš„ä¸ªæ•°:  2150
æ ‡ç­¾é‡Œ0çš„ä¸ªæ•°:  2150
æ€»æ•°:  4300
æ­£ç¡®çš„ä¸ªæ•°:  3806
æœ€åä¸€ä¸ªæ‰¹æ¬¡çš„è¾“å‡º, ä¸æ»¡batchsizeæ˜¯æ­£å¸¸çš„:
 tensor([[0.8824],
        [0.9921],
        [0.9891],
        [0.0074],
        [0.9801],
        [0.0180],
        [0.0398],
        [0.0240],
        [0.9677],
        [0.9999],
        [0.0066],
        [0.0814]], device='cuda:0', grad_fn=<SigmoidBackward0>)
Epoch [54/100], T_AUC: [4m0.8895[0m
Epoch [54/100], Loss: 21.4383
val_Accuracy: [92m0.7593[0m
val_Precision: [4;34m0.7756[0m,               val_Recall: [4;33m0.7359[0m,                 val_F1 Score: [4;35m0.7495[0m
æ ‡ç­¾é‡Œ1çš„ä¸ªæ•°:  430
æ ‡ç­¾é‡Œ0çš„ä¸ªæ•°:  430
æ€»æ•°:  860
æ­£ç¡®çš„ä¸ªæ•°:  653
Epoch [54/100], V_AUC: [4m0.7586[0m
Epoch [55/100], Loss: 37.3905
train_Accuracy: [91m0.8895[0m
train_Precision: [4;34m0.9111[0m,               train_Recall: [4;33m0.8699[0m,                 train_F1 Score: [4;35m0.8859[0m
æ ‡ç­¾é‡Œ1çš„ä¸ªæ•°:  2150
æ ‡ç­¾é‡Œ0çš„ä¸ªæ•°:  2150
æ€»æ•°:  4300
æ­£ç¡®çš„ä¸ªæ•°:  3825
æœ€åä¸€ä¸ªæ‰¹æ¬¡çš„è¾“å‡º, ä¸æ»¡batchsizeæ˜¯æ­£å¸¸çš„:
 tensor([[0.9859],
        [0.9898],
        [0.9916],
        [0.0114],
        [0.9554],
        [0.0233],
        [0.0551],
        [0.0289],
        [0.9705],
        [1.0000],
        [0.0050],
        [0.0097]], device='cuda:0', grad_fn=<SigmoidBackward0>)
Epoch [55/100], T_AUC: [4m0.8939[0m
Epoch [55/100], Loss: 22.1439
val_Accuracy: [92m0.7663[0m
val_Precision: [4;34m0.7812[0m,               val_Recall: [4;33m0.7426[0m,                 val_F1 Score: [4;35m0.7557[0m
æ ‡ç­¾é‡Œ1çš„ä¸ªæ•°:  430
æ ‡ç­¾é‡Œ0çš„ä¸ªæ•°:  430
æ€»æ•°:  860
æ­£ç¡®çš„ä¸ªæ•°:  659
Epoch [55/100], V_AUC: [4m0.7663[0m
Epoch [56/100], Loss: 36.4925
train_Accuracy: [91m0.8921[0m
train_Precision: [4;34m0.9155[0m,               train_Recall: [4;33m0.8711[0m,                 train_F1 Score: [4;35m0.8897[0m
æ ‡ç­¾é‡Œ1çš„ä¸ªæ•°:  2150
æ ‡ç­¾é‡Œ0çš„ä¸ªæ•°:  2150
æ€»æ•°:  4300
æ­£ç¡®çš„ä¸ªæ•°:  3836
æœ€åä¸€ä¸ªæ‰¹æ¬¡çš„è¾“å‡º, ä¸æ»¡batchsizeæ˜¯æ­£å¸¸çš„:
 tensor([[0.9194],
        [0.9914],
        [0.9887],
        [0.0051],
        [0.9334],
        [0.0111],
        [0.0649],
        [0.0455],
        [0.9897],
        [1.0000],
        [0.0029],
        [0.0478]], device='cuda:0', grad_fn=<SigmoidBackward0>)
Epoch [56/100], T_AUC: [4m0.8953[0m
Epoch [56/100], Loss: 24.0613
val_Accuracy: [92m0.7581[0m
val_Precision: [4;34m0.7748[0m,               val_Recall: [4;33m0.7264[0m,                 val_F1 Score: [4;35m0.7440[0m
æ ‡ç­¾é‡Œ1çš„ä¸ªæ•°:  430
æ ‡ç­¾é‡Œ0çš„ä¸ªæ•°:  430
æ€»æ•°:  860
æ­£ç¡®çš„ä¸ªæ•°:  652
Epoch [56/100], V_AUC: [4m0.7563[0m
Epoch [57/100], Loss: 38.2990
train_Accuracy: [91m0.8849[0m
train_Precision: [4;34m0.9056[0m,               train_Recall: [4;33m0.8667[0m,                 train_F1 Score: [4;35m0.8814[0m
æ ‡ç­¾é‡Œ1çš„ä¸ªæ•°:  2150
æ ‡ç­¾é‡Œ0çš„ä¸ªæ•°:  2150
æ€»æ•°:  4300
æ­£ç¡®çš„ä¸ªæ•°:  3805
æœ€åä¸€ä¸ªæ‰¹æ¬¡çš„è¾“å‡º, ä¸æ»¡batchsizeæ˜¯æ­£å¸¸çš„:
 tensor([[0.9090],
        [0.9847],
        [0.9945],
        [0.0117],
        [0.9798],
        [0.0160],
        [0.0579],
        [0.8173],
        [0.7496],
        [1.0000],
        [0.0074],
        [0.0013]], device='cuda:0', grad_fn=<SigmoidBackward0>)
Epoch [57/100], T_AUC: [4m0.8884[0m
Epoch [57/100], Loss: 30.3398
val_Accuracy: [92m0.7477[0m
val_Precision: [4;34m0.7858[0m,               val_Recall: [4;33m0.6806[0m,                 val_F1 Score: [4;35m0.7227[0m
æ ‡ç­¾é‡Œ1çš„ä¸ªæ•°:  430
æ ‡ç­¾é‡Œ0çš„ä¸ªæ•°:  430
æ€»æ•°:  860
æ­£ç¡®çš„ä¸ªæ•°:  643
Epoch [57/100], V_AUC: [4m0.7452[0m
Epoch [58/100], Loss: 40.9536
train_Accuracy: [91m0.8821[0m
train_Precision: [4;34m0.9068[0m,               train_Recall: [4;33m0.8605[0m,                 train_F1 Score: [4;35m0.8787[0m
æ ‡ç­¾é‡Œ1çš„ä¸ªæ•°:  2150
æ ‡ç­¾é‡Œ0çš„ä¸ªæ•°:  2150
æ€»æ•°:  4300
æ­£ç¡®çš„ä¸ªæ•°:  3793
æœ€åä¸€ä¸ªæ‰¹æ¬¡çš„è¾“å‡º, ä¸æ»¡batchsizeæ˜¯æ­£å¸¸çš„:
 tensor([[0.9723],
        [0.9840],
        [0.9856],
        [0.0137],
        [0.9982],
        [0.0183],
        [0.1529],
        [0.0189],
        [0.9196],
        [0.9999],
        [0.0013],
        [0.0107]], device='cuda:0', grad_fn=<SigmoidBackward0>)
Epoch [58/100], T_AUC: [4m0.8868[0m
Epoch [58/100], Loss: 21.2798
val_Accuracy: [92m0.7709[0m
val_Precision: [4;34m0.7957[0m,               val_Recall: [4;33m0.7262[0m,                 val_F1 Score: [4;35m0.7542[0m
æ ‡ç­¾é‡Œ1çš„ä¸ªæ•°:  430
æ ‡ç­¾é‡Œ0çš„ä¸ªæ•°:  430
æ€»æ•°:  860
æ­£ç¡®çš„ä¸ªæ•°:  663
Epoch [58/100], V_AUC: [4m0.7695[0m
Epoch [59/100], Loss: 36.8421
train_Accuracy: [91m0.8951[0m
train_Precision: [4;34m0.9133[0m,               train_Recall: [4;33m0.8803[0m,                 train_F1 Score: [4;35m0.8927[0m
æ ‡ç­¾é‡Œ1çš„ä¸ªæ•°:  2150
æ ‡ç­¾é‡Œ0çš„ä¸ªæ•°:  2150
æ€»æ•°:  4300
æ­£ç¡®çš„ä¸ªæ•°:  3849
æœ€åä¸€ä¸ªæ‰¹æ¬¡çš„è¾“å‡º, ä¸æ»¡batchsizeæ˜¯æ­£å¸¸çš„:
 tensor([[0.9784],
        [0.9885],
        [0.9970],
        [0.0152],
        [0.9947],
        [0.0038],
        [0.0702],
        [0.0056],
        [0.9707],
        [0.9999],
        [0.0066],
        [0.0196]], device='cuda:0', grad_fn=<SigmoidBackward0>)
Epoch [59/100], T_AUC: [4m0.8995[0m
Epoch [59/100], Loss: 22.9037
val_Accuracy: [92m0.7605[0m
val_Precision: [4;34m0.7780[0m,               val_Recall: [4;33m0.7241[0m,                 val_F1 Score: [4;35m0.7452[0m
æ ‡ç­¾é‡Œ1çš„ä¸ªæ•°:  430
æ ‡ç­¾é‡Œ0çš„ä¸ªæ•°:  430
æ€»æ•°:  860
æ­£ç¡®çš„ä¸ªæ•°:  654
Epoch [59/100], V_AUC: [4m0.7570[0m
Epoch [60/100], Loss: 33.7309
train_Accuracy: [91m0.9042[0m
train_Precision: [4;34m0.9231[0m,               train_Recall: [4;33m0.8880[0m,                 train_F1 Score: [4;35m0.9020[0m
æ ‡ç­¾é‡Œ1çš„ä¸ªæ•°:  2150
æ ‡ç­¾é‡Œ0çš„ä¸ªæ•°:  2150
æ€»æ•°:  4300
æ­£ç¡®çš„ä¸ªæ•°:  3888
æœ€åä¸€ä¸ªæ‰¹æ¬¡çš„è¾“å‡º, ä¸æ»¡batchsizeæ˜¯æ­£å¸¸çš„:
 tensor([[0.9692],
        [0.9938],
        [0.9938],
        [0.0137],
        [0.9997],
        [0.0065],
        [0.0485],
        [0.0154],
        [0.9681],
        [0.9998],
        [0.0034],
        [0.0033]], device='cuda:0', grad_fn=<SigmoidBackward0>)
Epoch [60/100], T_AUC: [4m0.9079[0m
Epoch [60/100], Loss: 24.5345
val_Accuracy: [92m0.7628[0m
val_Precision: [4;34m0.7949[0m,               val_Recall: [4;33m0.7044[0m,                 val_F1 Score: [4;35m0.7421[0m
æ ‡ç­¾é‡Œ1çš„ä¸ªæ•°:  430
æ ‡ç­¾é‡Œ0çš„ä¸ªæ•°:  430
æ€»æ•°:  860
æ­£ç¡®çš„ä¸ªæ•°:  656
Epoch [60/100], V_AUC: [4m0.7625[0m
Epoch [61/100], Loss: 34.2479
train_Accuracy: [91m0.9021[0m
train_Precision: [4;34m0.9245[0m,               train_Recall: [4;33m0.8821[0m,                 train_F1 Score: [4;35m0.8996[0m
æ ‡ç­¾é‡Œ1çš„ä¸ªæ•°:  2150
æ ‡ç­¾é‡Œ0çš„ä¸ªæ•°:  2150
æ€»æ•°:  4300
æ­£ç¡®çš„ä¸ªæ•°:  3879
æœ€åä¸€ä¸ªæ‰¹æ¬¡çš„è¾“å‡º, ä¸æ»¡batchsizeæ˜¯æ­£å¸¸çš„:
 tensor([[0.9269],
        [0.9929],
        [0.9946],
        [0.0109],
        [0.9992],
        [0.0070],
        [0.0950],
        [0.0475],
        [0.9194],
        [0.9999],
        [0.0039],
        [0.0133]], device='cuda:0', grad_fn=<SigmoidBackward0>)
Epoch [61/100], T_AUC: [4m0.9060[0m
Epoch [61/100], Loss: 26.3818
val_Accuracy: [92m0.7593[0m
val_Precision: [4;34m0.7846[0m,               val_Recall: [4;33m0.7100[0m,                 val_F1 Score: [4;35m0.7413[0m
æ ‡ç­¾é‡Œ1çš„ä¸ªæ•°:  430
æ ‡ç­¾é‡Œ0çš„ä¸ªæ•°:  430
æ€»æ•°:  860
æ­£ç¡®çš„ä¸ªæ•°:  653
Epoch [61/100], V_AUC: [4m0.7589[0m
Epoch [62/100], Loss: 32.7150
train_Accuracy: [91m0.9060[0m
train_Precision: [4;34m0.9270[0m,               train_Recall: [4;33m0.8882[0m,                 train_F1 Score: [4;35m0.9039[0m
æ ‡ç­¾é‡Œ1çš„ä¸ªæ•°:  2150
æ ‡ç­¾é‡Œ0çš„ä¸ªæ•°:  2150
æ€»æ•°:  4300
æ­£ç¡®çš„ä¸ªæ•°:  3896
æœ€åä¸€ä¸ªæ‰¹æ¬¡çš„è¾“å‡º, ä¸æ»¡batchsizeæ˜¯æ­£å¸¸çš„:
 tensor([[9.7585e-01],
        [9.9382e-01],
        [9.9666e-01],
        [7.2160e-03],
        [9.9947e-01],
        [6.8920e-03],
        [4.0012e-02],
        [2.0489e-02],
        [9.8702e-01],
        [9.9999e-01],
        [2.6122e-04],
        [4.2668e-03]], device='cuda:0', grad_fn=<SigmoidBackward0>)
Epoch [62/100], T_AUC: [4m0.9100[0m
Epoch [62/100], Loss: 28.5412
val_Accuracy: [92m0.7663[0m
val_Precision: [4;34m0.7944[0m,               val_Recall: [4;33m0.7153[0m,                 val_F1 Score: [4;35m0.7472[0m
æ ‡ç­¾é‡Œ1çš„ä¸ªæ•°:  430
æ ‡ç­¾é‡Œ0çš„ä¸ªæ•°:  430
æ€»æ•°:  860
æ­£ç¡®çš„ä¸ªæ•°:  659
Epoch [62/100], V_AUC: [4m0.7659[0m
Epoch [63/100], Loss: 35.1561
train_Accuracy: [91m0.8972[0m
train_Precision: [4;34m0.9112[0m,               train_Recall: [4;33m0.8868[0m,                 train_F1 Score: [4;35m0.8954[0m
æ ‡ç­¾é‡Œ1çš„ä¸ªæ•°:  2150
æ ‡ç­¾é‡Œ0çš„ä¸ªæ•°:  2150
æ€»æ•°:  4300
æ­£ç¡®çš„ä¸ªæ•°:  3858
æœ€åä¸€ä¸ªæ‰¹æ¬¡çš„è¾“å‡º, ä¸æ»¡batchsizeæ˜¯æ­£å¸¸çš„:
 tensor([[0.9988],
        [0.9447],
        [0.9929],
        [0.0035],
        [0.9991],
        [0.0049],
        [0.0774],
        [0.3422],
        [0.9820],
        [0.9312],
        [0.0047],
        [0.0799]], device='cuda:0', grad_fn=<SigmoidBackward0>)
Epoch [63/100], T_AUC: [4m0.9011[0m
Epoch [63/100], Loss: 28.2971
val_Accuracy: [92m0.7721[0m
val_Precision: [4;34m0.7940[0m,               val_Recall: [4;33m0.7317[0m,                 val_F1 Score: [4;35m0.7568[0m
æ ‡ç­¾é‡Œ1çš„ä¸ªæ•°:  430
æ ‡ç­¾é‡Œ0çš„ä¸ªæ•°:  430
æ€»æ•°:  860
æ­£ç¡®çš„ä¸ªæ•°:  664
Epoch [63/100], V_AUC: [4m0.7701[0m
Epoch [64/100], Loss: 37.5954
train_Accuracy: [91m0.8916[0m
train_Precision: [4;34m0.9159[0m,               train_Recall: [4;33m0.8707[0m,                 train_F1 Score: [4;35m0.8888[0m
æ ‡ç­¾é‡Œ1çš„ä¸ªæ•°:  2150
æ ‡ç­¾é‡Œ0çš„ä¸ªæ•°:  2150
æ€»æ•°:  4300
æ­£ç¡®çš„ä¸ªæ•°:  3834
æœ€åä¸€ä¸ªæ‰¹æ¬¡çš„è¾“å‡º, ä¸æ»¡batchsizeæ˜¯æ­£å¸¸çš„:
 tensor([[0.9957],
        [0.9726],
        [0.9976],
        [0.0043],
        [0.9991],
        [0.0063],
        [0.0699],
        [0.0017],
        [0.9808],
        [0.9999],
        [0.0029],
        [0.0589]], device='cuda:0', grad_fn=<SigmoidBackward0>)
Epoch [64/100], T_AUC: [4m0.8960[0m
Epoch [64/100], Loss: 36.4446
val_Accuracy: [92m0.7640[0m
val_Precision: [4;34m0.7725[0m,               val_Recall: [4;33m0.7412[0m,                 val_F1 Score: [4;35m0.7516[0m
æ ‡ç­¾é‡Œ1çš„ä¸ªæ•°:  430
æ ‡ç­¾é‡Œ0çš„ä¸ªæ•°:  430
æ€»æ•°:  860
æ­£ç¡®çš„ä¸ªæ•°:  657
Epoch [64/100], V_AUC: [4m0.7622[0m
Epoch [65/100], Loss: 33.0665
train_Accuracy: [91m0.9065[0m
train_Precision: [4;34m0.9277[0m,               train_Recall: [4;33m0.8864[0m,                 train_F1 Score: [4;35m0.9033[0m
æ ‡ç­¾é‡Œ1çš„ä¸ªæ•°:  2150
æ ‡ç­¾é‡Œ0çš„ä¸ªæ•°:  2150
æ€»æ•°:  4300
æ­£ç¡®çš„ä¸ªæ•°:  3898
æœ€åä¸€ä¸ªæ‰¹æ¬¡çš„è¾“å‡º, ä¸æ»¡batchsizeæ˜¯æ­£å¸¸çš„:
 tensor([[0.9720],
        [0.9906],
        [0.9982],
        [0.0044],
        [1.0000],
        [0.0019],
        [0.0928],
        [0.0053],
        [0.9108],
        [1.0000],
        [0.0017],
        [0.0105]], device='cuda:0', grad_fn=<SigmoidBackward0>)
Epoch [65/100], T_AUC: [4m0.9101[0m
Epoch [65/100], Loss: 29.8096
val_Accuracy: [92m0.7605[0m
val_Precision: [4;34m0.7957[0m,               val_Recall: [4;33m0.6974[0m,                 val_F1 Score: [4;35m0.7373[0m
æ ‡ç­¾é‡Œ1çš„ä¸ªæ•°:  430
æ ‡ç­¾é‡Œ0çš„ä¸ªæ•°:  430
æ€»æ•°:  860
æ­£ç¡®çš„ä¸ªæ•°:  654
Epoch [65/100], V_AUC: [4m0.7607[0m
Epoch [66/100], Loss: 32.0276
train_Accuracy: [91m0.9091[0m
train_Precision: [4;34m0.9319[0m,               train_Recall: [4;33m0.8890[0m,                 train_F1 Score: [4;35m0.9067[0m
æ ‡ç­¾é‡Œ1çš„ä¸ªæ•°:  2150
æ ‡ç­¾é‡Œ0çš„ä¸ªæ•°:  2150
æ€»æ•°:  4300
æ­£ç¡®çš„ä¸ªæ•°:  3909
æœ€åä¸€ä¸ªæ‰¹æ¬¡çš„è¾“å‡º, ä¸æ»¡batchsizeæ˜¯æ­£å¸¸çš„:
 tensor([[0.9986],
        [0.9874],
        [0.9861],
        [0.0034],
        [0.9983],
        [0.0026],
        [0.1025],
        [0.0107],
        [0.7579],
        [1.0000],
        [0.0017],
        [0.0079]], device='cuda:0', grad_fn=<SigmoidBackward0>)
Epoch [66/100], T_AUC: [4m0.9126[0m
Epoch [66/100], Loss: 30.9930
val_Accuracy: [92m0.7663[0m
val_Precision: [4;34m0.8052[0m,               val_Recall: [4;33m0.6906[0m,                 val_F1 Score: [4;35m0.7379[0m
æ ‡ç­¾é‡Œ1çš„ä¸ªæ•°:  430
æ ‡ç­¾é‡Œ0çš„ä¸ªæ•°:  430
æ€»æ•°:  860
æ­£ç¡®çš„ä¸ªæ•°:  659
Epoch [66/100], V_AUC: [4m0.7647[0m
Epoch [67/100], Loss: 34.2745
train_Accuracy: [91m0.8995[0m
train_Precision: [4;34m0.9185[0m,               train_Recall: [4;33m0.8838[0m,                 train_F1 Score: [4;35m0.8972[0m
æ ‡ç­¾é‡Œ1çš„ä¸ªæ•°:  2150
æ ‡ç­¾é‡Œ0çš„ä¸ªæ•°:  2150
æ€»æ•°:  4300
æ­£ç¡®çš„ä¸ªæ•°:  3868
æœ€åä¸€ä¸ªæ‰¹æ¬¡çš„è¾“å‡º, ä¸æ»¡batchsizeæ˜¯æ­£å¸¸çš„:
 tensor([[9.7193e-01],
        [9.9684e-01],
        [9.9988e-01],
        [5.5428e-03],
        [9.9788e-01],
        [9.4205e-03],
        [1.3659e-01],
        [1.2936e-02],
        [9.9132e-01],
        [9.9987e-01],
        [3.4229e-03],
        [2.2825e-04]], device='cuda:0', grad_fn=<SigmoidBackward0>)
Epoch [67/100], T_AUC: [4m0.9037[0m
Epoch [67/100], Loss: 36.6604
val_Accuracy: [92m0.7686[0m
val_Precision: [4;34m0.7925[0m,               val_Recall: [4;33m0.7236[0m,                 val_F1 Score: [4;35m0.7516[0m
æ ‡ç­¾é‡Œ1çš„ä¸ªæ•°:  430
æ ‡ç­¾é‡Œ0çš„ä¸ªæ•°:  430
æ€»æ•°:  860
æ­£ç¡®çš„ä¸ªæ•°:  661
Epoch [67/100], V_AUC: [4m0.7685[0m
Epoch [68/100], Loss: 32.0235
train_Accuracy: [91m0.9088[0m
train_Precision: [4;34m0.9318[0m,               train_Recall: [4;33m0.8873[0m,                 train_F1 Score: [4;35m0.9056[0m
æ ‡ç­¾é‡Œ1çš„ä¸ªæ•°:  2150
æ ‡ç­¾é‡Œ0çš„ä¸ªæ•°:  2150
æ€»æ•°:  4300
æ­£ç¡®çš„ä¸ªæ•°:  3908
æœ€åä¸€ä¸ªæ‰¹æ¬¡çš„è¾“å‡º, ä¸æ»¡batchsizeæ˜¯æ­£å¸¸çš„:
 tensor([[0.9732],
        [0.9920],
        [0.9776],
        [0.0044],
        [0.9989],
        [0.0028],
        [0.0355],
        [0.0491],
        [0.9559],
        [1.0000],
        [0.0013],
        [0.0882]], device='cuda:0', grad_fn=<SigmoidBackward0>)
Epoch [68/100], T_AUC: [4m0.9126[0m
Epoch [68/100], Loss: 31.7551
val_Accuracy: [92m0.7570[0m
val_Precision: [4;34m0.7803[0m,               val_Recall: [4;33m0.7120[0m,                 val_F1 Score: [4;35m0.7387[0m
æ ‡ç­¾é‡Œ1çš„ä¸ªæ•°:  430
æ ‡ç­¾é‡Œ0çš„ä¸ªæ•°:  430
æ€»æ•°:  860
æ­£ç¡®çš„ä¸ªæ•°:  651
Epoch [68/100], V_AUC: [4m0.7556[0m
Epoch [69/100], Loss: 30.5771
train_Accuracy: [91m0.9135[0m
train_Precision: [4;34m0.9351[0m,               train_Recall: [4;33m0.8931[0m,                 train_F1 Score: [4;35m0.9103[0m
æ ‡ç­¾é‡Œ1çš„ä¸ªæ•°:  2150
æ ‡ç­¾é‡Œ0çš„ä¸ªæ•°:  2150
æ€»æ•°:  4300
æ­£ç¡®çš„ä¸ªæ•°:  3928
æœ€åä¸€ä¸ªæ‰¹æ¬¡çš„è¾“å‡º, ä¸æ»¡batchsizeæ˜¯æ­£å¸¸çš„:
 tensor([[9.8749e-01],
        [9.9435e-01],
        [9.6219e-01],
        [5.0070e-03],
        [9.9994e-01],
        [1.5989e-03],
        [3.7823e-02],
        [9.7625e-04],
        [9.7741e-01],
        [1.0000e+00],
        [9.7793e-04],
        [3.0003e-02]], device='cuda:0', grad_fn=<SigmoidBackward0>)
Epoch [69/100], T_AUC: [4m0.9172[0m
Epoch [69/100], Loss: 40.2652
val_Accuracy: [92m0.7512[0m
val_Precision: [4;34m0.7687[0m,               val_Recall: [4;33m0.7089[0m,                 val_F1 Score: [4;35m0.7317[0m
æ ‡ç­¾é‡Œ1çš„ä¸ªæ•°:  430
æ ‡ç­¾é‡Œ0çš„ä¸ªæ•°:  430
æ€»æ•°:  860
æ­£ç¡®çš„ä¸ªæ•°:  646
Epoch [69/100], V_AUC: [4m0.7491[0m
Epoch [70/100], Loss: 31.4305
train_Accuracy: [91m0.9093[0m
train_Precision: [4;34m0.9283[0m,               train_Recall: [4;33m0.8922[0m,                 train_F1 Score: [4;35m0.9068[0m
æ ‡ç­¾é‡Œ1çš„ä¸ªæ•°:  2150
æ ‡ç­¾é‡Œ0çš„ä¸ªæ•°:  2150
æ€»æ•°:  4300
æ­£ç¡®çš„ä¸ªæ•°:  3910
æœ€åä¸€ä¸ªæ‰¹æ¬¡çš„è¾“å‡º, ä¸æ»¡batchsizeæ˜¯æ­£å¸¸çš„:
 tensor([[9.5971e-01],
        [9.9877e-01],
        [9.8515e-01],
        [1.7716e-02],
        [9.8537e-01],
        [3.4262e-03],
        [5.5465e-02],
        [1.3244e-02],
        [9.9504e-01],
        [1.0000e+00],
        [1.4613e-03],
        [2.2830e-04]], device='cuda:0', grad_fn=<SigmoidBackward0>)
Epoch [70/100], T_AUC: [4m0.9125[0m
Epoch [70/100], Loss: 35.5883
val_Accuracy: [92m0.7581[0m
val_Precision: [4;34m0.7764[0m,               val_Recall: [4;33m0.7158[0m,                 val_F1 Score: [4;35m0.7402[0m
æ ‡ç­¾é‡Œ1çš„ä¸ªæ•°:  430
æ ‡ç­¾é‡Œ0çš„ä¸ªæ•°:  430
æ€»æ•°:  860
æ­£ç¡®çš„ä¸ªæ•°:  652
Epoch [70/100], V_AUC: [4m0.7574[0m
Epoch [71/100], Loss: 31.4547
train_Accuracy: [91m0.9042[0m
train_Precision: [4;34m0.9233[0m,               train_Recall: [4;33m0.8872[0m,                 train_F1 Score: [4;35m0.9016[0m
æ ‡ç­¾é‡Œ1çš„ä¸ªæ•°:  2150
æ ‡ç­¾é‡Œ0çš„ä¸ªæ•°:  2150
æ€»æ•°:  4300
æ­£ç¡®çš„ä¸ªæ•°:  3888
æœ€åä¸€ä¸ªæ‰¹æ¬¡çš„è¾“å‡º, ä¸æ»¡batchsizeæ˜¯æ­£å¸¸çš„:
 tensor([[9.4090e-01],
        [9.9870e-01],
        [9.7885e-01],
        [1.3491e-02],
        [9.9356e-01],
        [8.5606e-03],
        [9.5526e-02],
        [1.0533e-02],
        [7.5316e-01],
        [1.0000e+00],
        [3.7802e-04],
        [8.7452e-03]], device='cuda:0', grad_fn=<SigmoidBackward0>)
Epoch [71/100], T_AUC: [4m0.9082[0m
Epoch [71/100], Loss: 35.7894
val_Accuracy: [92m0.7337[0m
val_Precision: [4;34m0.7439[0m,               val_Recall: [4;33m0.7058[0m,                 val_F1 Score: [4;35m0.7189[0m
æ ‡ç­¾é‡Œ1çš„ä¸ªæ•°:  430
æ ‡ç­¾é‡Œ0çš„ä¸ªæ•°:  430
æ€»æ•°:  860
æ­£ç¡®çš„ä¸ªæ•°:  631
Epoch [71/100], V_AUC: [4m0.7328[0m
Epoch [72/100], Loss: 30.2409
train_Accuracy: [91m0.9112[0m
train_Precision: [4;34m0.9310[0m,               train_Recall: [4;33m0.8949[0m,                 train_F1 Score: [4;35m0.9092[0m
æ ‡ç­¾é‡Œ1çš„ä¸ªæ•°:  2150
æ ‡ç­¾é‡Œ0çš„ä¸ªæ•°:  2150
æ€»æ•°:  4300
æ­£ç¡®çš„ä¸ªæ•°:  3918
æœ€åä¸€ä¸ªæ‰¹æ¬¡çš„è¾“å‡º, ä¸æ»¡batchsizeæ˜¯æ­£å¸¸çš„:
 tensor([[0.9997],
        [0.9985],
        [0.9980],
        [0.0133],
        [0.9255],
        [0.0011],
        [0.0485],
        [0.0105],
        [0.9985],
        [0.9992],
        [0.0100],
        [0.0191]], device='cuda:0', grad_fn=<SigmoidBackward0>)
Epoch [72/100], T_AUC: [4m0.9154[0m
Epoch [72/100], Loss: 34.6664
val_Accuracy: [92m0.7512[0m
val_Precision: [4;34m0.7640[0m,               val_Recall: [4;33m0.7121[0m,                 val_F1 Score: [4;35m0.7310[0m
æ ‡ç­¾é‡Œ1çš„ä¸ªæ•°:  430
æ ‡ç­¾é‡Œ0çš„ä¸ªæ•°:  430
æ€»æ•°:  860
æ­£ç¡®çš„ä¸ªæ•°:  646
Epoch [72/100], V_AUC: [4m0.7483[0m
Epoch [73/100], Loss: 31.5417
train_Accuracy: [91m0.9100[0m
train_Precision: [4;34m0.9282[0m,               train_Recall: [4;33m0.8942[0m,                 train_F1 Score: [4;35m0.9076[0m
æ ‡ç­¾é‡Œ1çš„ä¸ªæ•°:  2150
æ ‡ç­¾é‡Œ0çš„ä¸ªæ•°:  2150
æ€»æ•°:  4300
æ­£ç¡®çš„ä¸ªæ•°:  3913
æœ€åä¸€ä¸ªæ‰¹æ¬¡çš„è¾“å‡º, ä¸æ»¡batchsizeæ˜¯æ­£å¸¸çš„:
 tensor([[9.9848e-01],
        [9.9772e-01],
        [9.8698e-01],
        [5.9055e-03],
        [9.9999e-01],
        [7.8016e-04],
        [3.4079e-02],
        [5.7492e-04],
        [9.7974e-01],
        [9.9973e-01],
        [1.7299e-03],
        [1.6611e-02]], device='cuda:0', grad_fn=<SigmoidBackward0>)
Epoch [73/100], T_AUC: [4m0.9135[0m
Epoch [73/100], Loss: 28.1578
val_Accuracy: [92m0.7547[0m
val_Precision: [4;34m0.7803[0m,               val_Recall: [4;33m0.7031[0m,                 val_F1 Score: [4;35m0.7340[0m
æ ‡ç­¾é‡Œ1çš„ä¸ªæ•°:  430
æ ‡ç­¾é‡Œ0çš„ä¸ªæ•°:  430
æ€»æ•°:  860
æ­£ç¡®çš„ä¸ªæ•°:  649
Epoch [73/100], V_AUC: [4m0.7532[0m
Epoch [74/100], Loss: 32.0137
train_Accuracy: [91m0.9079[0m
train_Precision: [4;34m0.9247[0m,               train_Recall: [4;33m0.8936[0m,                 train_F1 Score: [4;35m0.9055[0m
æ ‡ç­¾é‡Œ1çš„ä¸ªæ•°:  2150
æ ‡ç­¾é‡Œ0çš„ä¸ªæ•°:  2150
æ€»æ•°:  4300
æ­£ç¡®çš„ä¸ªæ•°:  3904
æœ€åä¸€ä¸ªæ‰¹æ¬¡çš„è¾“å‡º, ä¸æ»¡batchsizeæ˜¯æ­£å¸¸çš„:
 tensor([[9.9313e-01],
        [9.9934e-01],
        [8.3054e-01],
        [8.2298e-03],
        [9.9739e-01],
        [3.5523e-03],
        [9.9185e-01],
        [1.0059e-03],
        [9.9081e-01],
        [9.9028e-01],
        [7.8294e-04],
        [7.0400e-02]], device='cuda:0', grad_fn=<SigmoidBackward0>)
Epoch [74/100], T_AUC: [4m0.9114[0m
Epoch [74/100], Loss: 43.7918
val_Accuracy: [92m0.7500[0m
val_Precision: [4;34m0.7642[0m,               val_Recall: [4;33m0.7238[0m,                 val_F1 Score: [4;35m0.7375[0m
æ ‡ç­¾é‡Œ1çš„ä¸ªæ•°:  430
æ ‡ç­¾é‡Œ0çš„ä¸ªæ•°:  430
æ€»æ•°:  860
æ­£ç¡®çš„ä¸ªæ•°:  645
Epoch [74/100], V_AUC: [4m0.7497[0m
Epoch [75/100], Loss: 31.6843
train_Accuracy: [91m0.9107[0m
train_Precision: [4;34m0.9309[0m,               train_Recall: [4;33m0.8935[0m,                 train_F1 Score: [4;35m0.9083[0m
æ ‡ç­¾é‡Œ1çš„ä¸ªæ•°:  2150
æ ‡ç­¾é‡Œ0çš„ä¸ªæ•°:  2150
æ€»æ•°:  4300
æ­£ç¡®çš„ä¸ªæ•°:  3916
æœ€åä¸€ä¸ªæ‰¹æ¬¡çš„è¾“å‡º, ä¸æ»¡batchsizeæ˜¯æ­£å¸¸çš„:
 tensor([[0.9997],
        [0.9904],
        [0.9327],
        [0.0158],
        [1.0000],
        [0.0012],
        [0.0018],
        [0.0040],
        [0.9832],
        [1.0000],
        [0.0024],
        [0.0746]], device='cuda:0', grad_fn=<SigmoidBackward0>)
Epoch [75/100], T_AUC: [4m0.9144[0m
Epoch [75/100], Loss: 40.7362
val_Accuracy: [92m0.7535[0m
val_Precision: [4;34m0.7593[0m,               val_Recall: [4;33m0.7380[0m,                 val_F1 Score: [4;35m0.7428[0m
æ ‡ç­¾é‡Œ1çš„ä¸ªæ•°:  430
æ ‡ç­¾é‡Œ0çš„ä¸ªæ•°:  430
æ€»æ•°:  860
æ­£ç¡®çš„ä¸ªæ•°:  648
Epoch [75/100], V_AUC: [4m0.7525[0m
Epoch [76/100], Loss: 27.9313
train_Accuracy: [91m0.9247[0m
train_Precision: [4;34m0.9437[0m,               train_Recall: [4;33m0.9072[0m,                 train_F1 Score: [4;35m0.9226[0m
æ ‡ç­¾é‡Œ1çš„ä¸ªæ•°:  2150
æ ‡ç­¾é‡Œ0çš„ä¸ªæ•°:  2150
æ€»æ•°:  4300
æ­£ç¡®çš„ä¸ªæ•°:  3976
æœ€åä¸€ä¸ªæ‰¹æ¬¡çš„è¾“å‡º, ä¸æ»¡batchsizeæ˜¯æ­£å¸¸çš„:
 tensor([[0.9999],
        [0.9959],
        [0.9618],
        [0.0092],
        [1.0000],
        [0.0013],
        [0.0026],
        [0.0011],
        [0.9536],
        [0.9998],
        [0.0020],
        [0.0616]], device='cuda:0', grad_fn=<SigmoidBackward0>)
Epoch [76/100], T_AUC: [4m0.9275[0m
Epoch [76/100], Loss: 39.2248
val_Accuracy: [92m0.7488[0m
val_Precision: [4;34m0.7672[0m,               val_Recall: [4;33m0.7112[0m,                 val_F1 Score: [4;35m0.7335[0m
æ ‡ç­¾é‡Œ1çš„ä¸ªæ•°:  430
æ ‡ç­¾é‡Œ0çš„ä¸ªæ•°:  430
æ€»æ•°:  860
æ­£ç¡®çš„ä¸ªæ•°:  644
Epoch [76/100], V_AUC: [4m0.7477[0m
Epoch [77/100], Loss: 25.0360
train_Accuracy: [91m0.9316[0m
train_Precision: [4;34m0.9486[0m,               train_Recall: [4;33m0.9174[0m,                 train_F1 Score: [4;35m0.9300[0m
æ ‡ç­¾é‡Œ1çš„ä¸ªæ•°:  2150
æ ‡ç­¾é‡Œ0çš„ä¸ªæ•°:  2150
æ€»æ•°:  4300
æ­£ç¡®çš„ä¸ªæ•°:  4006
æœ€åä¸€ä¸ªæ‰¹æ¬¡çš„è¾“å‡º, ä¸æ»¡batchsizeæ˜¯æ­£å¸¸çš„:
 tensor([[9.9999e-01],
        [9.9785e-01],
        [9.9857e-01],
        [1.1590e-02],
        [9.9480e-01],
        [4.6429e-04],
        [4.5811e-03],
        [9.8291e-04],
        [9.2640e-01],
        [9.9996e-01],
        [1.3950e-03],
        [8.4186e-02]], device='cuda:0', grad_fn=<SigmoidBackward0>)
Epoch [77/100], T_AUC: [4m0.9351[0m
Epoch [77/100], Loss: 43.2315
val_Accuracy: [92m0.7558[0m
val_Precision: [4;34m0.7742[0m,               val_Recall: [4;33m0.7147[0m,                 val_F1 Score: [4;35m0.7384[0m
æ ‡ç­¾é‡Œ1çš„ä¸ªæ•°:  430
æ ‡ç­¾é‡Œ0çš„ä¸ªæ•°:  430
æ€»æ•°:  860
æ­£ç¡®çš„ä¸ªæ•°:  650
Epoch [77/100], V_AUC: [4m0.7543[0m
Epoch [78/100], Loss: 27.5958
train_Accuracy: [91m0.9237[0m
train_Precision: [4;34m0.9361[0m,               train_Recall: [4;33m0.9150[0m,                 train_F1 Score: [4;35m0.9223[0m
æ ‡ç­¾é‡Œ1çš„ä¸ªæ•°:  2150
æ ‡ç­¾é‡Œ0çš„ä¸ªæ•°:  2150
æ€»æ•°:  4300
æ­£ç¡®çš„ä¸ªæ•°:  3972
æœ€åä¸€ä¸ªæ‰¹æ¬¡çš„è¾“å‡º, ä¸æ»¡batchsizeæ˜¯æ­£å¸¸çš„:
 tensor([[9.9990e-01],
        [9.9906e-01],
        [9.9892e-01],
        [4.5381e-03],
        [9.9982e-01],
        [3.3237e-04],
        [1.2463e-02],
        [1.0593e-02],
        [8.6029e-01],
        [9.9997e-01],
        [3.2387e-04],
        [1.0323e-02]], device='cuda:0', grad_fn=<SigmoidBackward0>)
Epoch [78/100], T_AUC: [4m0.9272[0m
Epoch [78/100], Loss: 47.1085
val_Accuracy: [92m0.7512[0m
val_Precision: [4;34m0.7554[0m,               val_Recall: [4;33m0.7356[0m,                 val_F1 Score: [4;35m0.7403[0m
æ ‡ç­¾é‡Œ1çš„ä¸ªæ•°:  430
æ ‡ç­¾é‡Œ0çš„ä¸ªæ•°:  430
æ€»æ•°:  860
æ­£ç¡®çš„ä¸ªæ•°:  646
Epoch [78/100], V_AUC: [4m0.7481[0m
Epoch [79/100], Loss: 28.6702
train_Accuracy: [91m0.9174[0m
train_Precision: [4;34m0.9359[0m,               train_Recall: [4;33m0.9018[0m,                 train_F1 Score: [4;35m0.9157[0m
æ ‡ç­¾é‡Œ1çš„ä¸ªæ•°:  2150
æ ‡ç­¾é‡Œ0çš„ä¸ªæ•°:  2150
æ€»æ•°:  4300
æ­£ç¡®çš„ä¸ªæ•°:  3945
æœ€åä¸€ä¸ªæ‰¹æ¬¡çš„è¾“å‡º, ä¸æ»¡batchsizeæ˜¯æ­£å¸¸çš„:
 tensor([[9.9972e-01],
        [9.9756e-01],
        [9.9954e-01],
        [4.6838e-03],
        [9.9957e-01],
        [3.7225e-04],
        [5.7509e-03],
        [3.3275e-02],
        [9.4751e-01],
        [9.9994e-01],
        [2.4578e-03],
        [2.3141e-02]], device='cuda:0', grad_fn=<SigmoidBackward0>)
Epoch [79/100], T_AUC: [4m0.9203[0m
Epoch [79/100], Loss: 38.8353
val_Accuracy: [92m0.7488[0m
val_Precision: [4;34m0.7647[0m,               val_Recall: [4;33m0.7138[0m,                 val_F1 Score: [4;35m0.7328[0m
æ ‡ç­¾é‡Œ1çš„ä¸ªæ•°:  430
æ ‡ç­¾é‡Œ0çš„ä¸ªæ•°:  430
æ€»æ•°:  860
æ­£ç¡®çš„ä¸ªæ•°:  644
Epoch [79/100], V_AUC: [4m0.7465[0m
Epoch [80/100], Loss: 27.9511
train_Accuracy: [91m0.9214[0m
train_Precision: [4;34m0.9375[0m,               train_Recall: [4;33m0.9073[0m,                 train_F1 Score: [4;35m0.9192[0m
æ ‡ç­¾é‡Œ1çš„ä¸ªæ•°:  2150
æ ‡ç­¾é‡Œ0çš„ä¸ªæ•°:  2150
æ€»æ•°:  4300
æ­£ç¡®çš„ä¸ªæ•°:  3962
æœ€åä¸€ä¸ªæ‰¹æ¬¡çš„è¾“å‡º, ä¸æ»¡batchsizeæ˜¯æ­£å¸¸çš„:
 tensor([[9.9936e-01],
        [9.9286e-01],
        [9.8892e-01],
        [6.2017e-03],
        [9.9998e-01],
        [5.4312e-04],
        [7.7133e-02],
        [9.7454e-04],
        [9.8450e-01],
        [9.9895e-01],
        [5.0448e-03],
        [4.8758e-02]], device='cuda:0', grad_fn=<SigmoidBackward0>)
Epoch [80/100], T_AUC: [4m0.9244[0m
Epoch [80/100], Loss: 40.3873
val_Accuracy: [92m0.7453[0m
val_Precision: [4;34m0.7628[0m,               val_Recall: [4;33m0.7083[0m,                 val_F1 Score: [4;35m0.7291[0m
æ ‡ç­¾é‡Œ1çš„ä¸ªæ•°:  430
æ ‡ç­¾é‡Œ0çš„ä¸ªæ•°:  430
æ€»æ•°:  860
æ­£ç¡®çš„ä¸ªæ•°:  641
Epoch [80/100], V_AUC: [4m0.7448[0m
Epoch [81/100], Loss: 28.0059
train_Accuracy: [91m0.9207[0m
train_Precision: [4;34m0.9401[0m,               train_Recall: [4;33m0.9041[0m,                 train_F1 Score: [4;35m0.9191[0m
æ ‡ç­¾é‡Œ1çš„ä¸ªæ•°:  2150
æ ‡ç­¾é‡Œ0çš„ä¸ªæ•°:  2150
æ€»æ•°:  4300
æ­£ç¡®çš„ä¸ªæ•°:  3959
æœ€åä¸€ä¸ªæ‰¹æ¬¡çš„è¾“å‡º, ä¸æ»¡batchsizeæ˜¯æ­£å¸¸çš„:
 tensor([[1.0000e+00],
        [9.8249e-01],
        [9.9908e-01],
        [2.7980e-02],
        [9.9958e-01],
        [1.0548e-02],
        [1.3481e-02],
        [5.5132e-04],
        [4.2966e-01],
        [9.9976e-01],
        [5.6337e-02],
        [3.5554e-03]], device='cuda:0', grad_fn=<SigmoidBackward0>)
Epoch [81/100], T_AUC: [4m0.9230[0m
Epoch [81/100], Loss: 52.1066
val_Accuracy: [92m0.7465[0m
val_Precision: [4;34m0.7520[0m,               val_Recall: [4;33m0.7341[0m,                 val_F1 Score: [4;35m0.7379[0m
æ ‡ç­¾é‡Œ1çš„ä¸ªæ•°:  430
æ ‡ç­¾é‡Œ0çš„ä¸ªæ•°:  430
æ€»æ•°:  860
æ­£ç¡®çš„ä¸ªæ•°:  642
Epoch [81/100], V_AUC: [4m0.7460[0m
Epoch [82/100], Loss: 33.0013
train_Accuracy: [91m0.9030[0m
train_Precision: [4;34m0.9218[0m,               train_Recall: [4;33m0.8868[0m,                 train_F1 Score: [4;35m0.9008[0m
æ ‡ç­¾é‡Œ1çš„ä¸ªæ•°:  2150
æ ‡ç­¾é‡Œ0çš„ä¸ªæ•°:  2150
æ€»æ•°:  4300
æ­£ç¡®çš„ä¸ªæ•°:  3883
æœ€åä¸€ä¸ªæ‰¹æ¬¡çš„è¾“å‡º, ä¸æ»¡batchsizeæ˜¯æ­£å¸¸çš„:
 tensor([[0.9999],
        [0.9767],
        [0.9950],
        [0.0013],
        [0.9998],
        [0.0015],
        [0.0194],
        [0.1782],
        [0.9643],
        [0.9993],
        [0.0125],
        [0.0179]], device='cuda:0', grad_fn=<SigmoidBackward0>)
Epoch [82/100], T_AUC: [4m0.9062[0m
Epoch [82/100], Loss: 39.6622
val_Accuracy: [92m0.7523[0m
val_Precision: [4;34m0.7804[0m,               val_Recall: [4;33m0.7010[0m,                 val_F1 Score: [4;35m0.7334[0m
æ ‡ç­¾é‡Œ1çš„ä¸ªæ•°:  430
æ ‡ç­¾é‡Œ0çš„ä¸ªæ•°:  430
æ€»æ•°:  860
æ­£ç¡®çš„ä¸ªæ•°:  647
Epoch [82/100], V_AUC: [4m0.7512[0m
Epoch [83/100], Loss: 29.6800
train_Accuracy: [91m0.9137[0m
train_Precision: [4;34m0.9336[0m,               train_Recall: [4;33m0.8991[0m,                 train_F1 Score: [4;35m0.9128[0m
æ ‡ç­¾é‡Œ1çš„ä¸ªæ•°:  2150
æ ‡ç­¾é‡Œ0çš„ä¸ªæ•°:  2150
æ€»æ•°:  4300
æ­£ç¡®çš„ä¸ªæ•°:  3929
æœ€åä¸€ä¸ªæ‰¹æ¬¡çš„è¾“å‡º, ä¸æ»¡batchsizeæ˜¯æ­£å¸¸çš„:
 tensor([[1.0000e+00],
        [9.9977e-01],
        [9.6914e-01],
        [6.8625e-04],
        [9.8842e-01],
        [8.6656e-04],
        [1.7005e-02],
        [1.5430e-02],
        [9.7855e-01],
        [9.9999e-01],
        [1.6108e-02],
        [1.2914e-03]], device='cuda:0', grad_fn=<SigmoidBackward0>)
Epoch [83/100], T_AUC: [4m0.9177[0m
Epoch [83/100], Loss: 33.2863
val_Accuracy: [92m0.7430[0m
val_Precision: [4;34m0.7712[0m,               val_Recall: [4;33m0.6893[0m,                 val_F1 Score: [4;35m0.7216[0m
æ ‡ç­¾é‡Œ1çš„ä¸ªæ•°:  430
æ ‡ç­¾é‡Œ0çš„ä¸ªæ•°:  430
æ€»æ•°:  860
æ­£ç¡®çš„ä¸ªæ•°:  639
Epoch [83/100], V_AUC: [4m0.7413[0m
Epoch [84/100], Loss: 26.8516
train_Accuracy: [91m0.9263[0m
train_Precision: [4;34m0.9440[0m,               train_Recall: [4;33m0.9099[0m,                 train_F1 Score: [4;35m0.9239[0m
æ ‡ç­¾é‡Œ1çš„ä¸ªæ•°:  2150
æ ‡ç­¾é‡Œ0çš„ä¸ªæ•°:  2150
æ€»æ•°:  4300
æ­£ç¡®çš„ä¸ªæ•°:  3983
æœ€åä¸€ä¸ªæ‰¹æ¬¡çš„è¾“å‡º, ä¸æ»¡batchsizeæ˜¯æ­£å¸¸çš„:
 tensor([[1.0000e+00],
        [9.9978e-01],
        [9.9827e-01],
        [9.5897e-04],
        [7.9444e-01],
        [9.8309e-04],
        [1.5543e-01],
        [1.6080e-01],
        [4.6588e-01],
        [9.9950e-01],
        [1.3629e-02],
        [3.0598e-04]], device='cuda:0', grad_fn=<SigmoidBackward0>)
Epoch [84/100], T_AUC: [4m0.9292[0m
Epoch [84/100], Loss: 34.2219
val_Accuracy: [92m0.7384[0m
val_Precision: [4;34m0.7546[0m,               val_Recall: [4;33m0.7046[0m,                 val_F1 Score: [4;35m0.7237[0m
æ ‡ç­¾é‡Œ1çš„ä¸ªæ•°:  430
æ ‡ç­¾é‡Œ0çš„ä¸ªæ•°:  430
æ€»æ•°:  860
æ­£ç¡®çš„ä¸ªæ•°:  635
Epoch [84/100], V_AUC: [4m0.7372[0m
Epoch [85/100], Loss: 25.9265
train_Accuracy: [91m0.9270[0m
train_Precision: [4;34m0.9445[0m,               train_Recall: [4;33m0.9117[0m,                 train_F1 Score: [4;35m0.9253[0m
æ ‡ç­¾é‡Œ1çš„ä¸ªæ•°:  2150
æ ‡ç­¾é‡Œ0çš„ä¸ªæ•°:  2150
æ€»æ•°:  4300
æ­£ç¡®çš„ä¸ªæ•°:  3986
æœ€åä¸€ä¸ªæ‰¹æ¬¡çš„è¾“å‡º, ä¸æ»¡batchsizeæ˜¯æ­£å¸¸çš„:
 tensor([[1.0000e+00],
        [9.9970e-01],
        [9.8339e-01],
        [2.5588e-04],
        [9.9968e-01],
        [1.2106e-04],
        [4.4991e-02],
        [1.0742e-02],
        [7.5879e-01],
        [1.0000e+00],
        [4.7555e-03],
        [4.7336e-03]], device='cuda:0', grad_fn=<SigmoidBackward0>)
Epoch [85/100], T_AUC: [4m0.9300[0m
Epoch [85/100], Loss: 43.3698
val_Accuracy: [92m0.7453[0m
val_Precision: [4;34m0.7652[0m,               val_Recall: [4;33m0.7073[0m,                 val_F1 Score: [4;35m0.7299[0m
æ ‡ç­¾é‡Œ1çš„ä¸ªæ•°:  430
æ ‡ç­¾é‡Œ0çš„ä¸ªæ•°:  430
æ€»æ•°:  860
æ­£ç¡®çš„ä¸ªæ•°:  641
Epoch [85/100], V_AUC: [4m0.7438[0m
Epoch [86/100], Loss: 25.8982
train_Accuracy: [91m0.9270[0m
train_Precision: [4;34m0.9437[0m,               train_Recall: [4;33m0.9121[0m,                 train_F1 Score: [4;35m0.9251[0m
æ ‡ç­¾é‡Œ1çš„ä¸ªæ•°:  2150
æ ‡ç­¾é‡Œ0çš„ä¸ªæ•°:  2150
æ€»æ•°:  4300
æ­£ç¡®çš„ä¸ªæ•°:  3986
æœ€åä¸€ä¸ªæ‰¹æ¬¡çš„è¾“å‡º, ä¸æ»¡batchsizeæ˜¯æ­£å¸¸çš„:
 tensor([[9.9999e-01],
        [9.9888e-01],
        [9.9641e-01],
        [4.1429e-04],
        [9.9974e-01],
        [8.1697e-04],
        [6.9265e-02],
        [9.4761e-03],
        [9.9911e-01],
        [9.7539e-01],
        [7.1053e-03],
        [1.7660e-02]], device='cuda:0', grad_fn=<SigmoidBackward0>)
Epoch [86/100], T_AUC: [4m0.9302[0m
Epoch [86/100], Loss: 52.5484
val_Accuracy: [92m0.7581[0m
val_Precision: [4;34m0.7595[0m,               val_Recall: [4;33m0.7510[0m,                 val_F1 Score: [4;35m0.7512[0m
æ ‡ç­¾é‡Œ1çš„ä¸ªæ•°:  430
æ ‡ç­¾é‡Œ0çš„ä¸ªæ•°:  430
æ€»æ•°:  860
æ­£ç¡®çš„ä¸ªæ•°:  652
Epoch [86/100], V_AUC: [4m0.7563[0m
Epoch [87/100], Loss: 27.5193
train_Accuracy: [91m0.9240[0m
train_Precision: [4;34m0.9444[0m,               train_Recall: [4;33m0.9052[0m,                 train_F1 Score: [4;35m0.9214[0m
æ ‡ç­¾é‡Œ1çš„ä¸ªæ•°:  2150
æ ‡ç­¾é‡Œ0çš„ä¸ªæ•°:  2150
æ€»æ•°:  4300
æ­£ç¡®çš„ä¸ªæ•°:  3973
æœ€åä¸€ä¸ªæ‰¹æ¬¡çš„è¾“å‡º, ä¸æ»¡batchsizeæ˜¯æ­£å¸¸çš„:
 tensor([[1.0000e+00],
        [9.9977e-01],
        [9.9954e-01],
        [1.0979e-03],
        [9.9999e-01],
        [3.2141e-04],
        [5.1004e-02],
        [1.9602e-03],
        [2.6097e-01],
        [9.9913e-01],
        [1.4154e-02],
        [9.0295e-04]], device='cuda:0', grad_fn=<SigmoidBackward0>)
Epoch [87/100], T_AUC: [4m0.9267[0m
Epoch [87/100], Loss: 38.9063
val_Accuracy: [92m0.7349[0m
val_Precision: [4;34m0.7576[0m,               val_Recall: [4;33m0.6821[0m,                 val_F1 Score: [4;35m0.7132[0m
æ ‡ç­¾é‡Œ1çš„ä¸ªæ•°:  430
æ ‡ç­¾é‡Œ0çš„ä¸ªæ•°:  430
æ€»æ•°:  860
æ­£ç¡®çš„ä¸ªæ•°:  632
Epoch [87/100], V_AUC: [4m0.7330[0m
Epoch [88/100], Loss: 25.2790
train_Accuracy: [91m0.9267[0m
train_Precision: [4;34m0.9457[0m,               train_Recall: [4;33m0.9097[0m,                 train_F1 Score: [4;35m0.9248[0m
æ ‡ç­¾é‡Œ1çš„ä¸ªæ•°:  2150
æ ‡ç­¾é‡Œ0çš„ä¸ªæ•°:  2150
æ€»æ•°:  4300
æ­£ç¡®çš„ä¸ªæ•°:  3985
æœ€åä¸€ä¸ªæ‰¹æ¬¡çš„è¾“å‡º, ä¸æ»¡batchsizeæ˜¯æ­£å¸¸çš„:
 tensor([[1.0000e+00],
        [9.8937e-01],
        [9.9951e-01],
        [8.0293e-04],
        [9.9920e-01],
        [4.2003e-04],
        [9.5334e-03],
        [3.7280e-01],
        [9.9974e-01],
        [9.9697e-01],
        [1.8423e-03],
        [4.8554e-04]], device='cuda:0', grad_fn=<SigmoidBackward0>)
Epoch [88/100], T_AUC: [4m0.9294[0m
Epoch [88/100], Loss: 43.1386
val_Accuracy: [92m0.7453[0m
val_Precision: [4;34m0.7656[0m,               val_Recall: [4;33m0.6987[0m,                 val_F1 Score: [4;35m0.7265[0m
æ ‡ç­¾é‡Œ1çš„ä¸ªæ•°:  430
æ ‡ç­¾é‡Œ0çš„ä¸ªæ•°:  430
æ€»æ•°:  860
æ­£ç¡®çš„ä¸ªæ•°:  641
Epoch [88/100], V_AUC: [4m0.7423[0m
Epoch [89/100], Loss: 23.8762
train_Accuracy: [91m0.9358[0m
train_Precision: [4;34m0.9529[0m,               train_Recall: [4;33m0.9217[0m,                 train_F1 Score: [4;35m0.9349[0m
æ ‡ç­¾é‡Œ1çš„ä¸ªæ•°:  2150
æ ‡ç­¾é‡Œ0çš„ä¸ªæ•°:  2150
æ€»æ•°:  4300
æ­£ç¡®çš„ä¸ªæ•°:  4024
æœ€åä¸€ä¸ªæ‰¹æ¬¡çš„è¾“å‡º, ä¸æ»¡batchsizeæ˜¯æ­£å¸¸çš„:
 tensor([[1.0000e+00],
        [9.8695e-01],
        [9.9866e-01],
        [1.5177e-04],
        [9.7206e-01],
        [1.9725e-04],
        [1.7286e-02],
        [3.5606e-04],
        [9.9990e-01],
        [1.0000e+00],
        [3.2306e-03],
        [8.9588e-02]], device='cuda:0', grad_fn=<SigmoidBackward0>)
Epoch [89/100], T_AUC: [4m0.9380[0m
Epoch [89/100], Loss: 47.7285
val_Accuracy: [92m0.7314[0m
val_Precision: [4;34m0.7523[0m,               val_Recall: [4;33m0.6912[0m,                 val_F1 Score: [4;35m0.7154[0m
æ ‡ç­¾é‡Œ1çš„ä¸ªæ•°:  430
æ ‡ç­¾é‡Œ0çš„ä¸ªæ•°:  430
æ€»æ•°:  860
æ­£ç¡®çš„ä¸ªæ•°:  629
Epoch [89/100], V_AUC: [4m0.7299[0m
Epoch [90/100], Loss: 25.8729
train_Accuracy: [91m0.9272[0m
train_Precision: [4;34m0.9425[0m,               train_Recall: [4;33m0.9151[0m,                 train_F1 Score: [4;35m0.9261[0m
æ ‡ç­¾é‡Œ1çš„ä¸ªæ•°:  2150
æ ‡ç­¾é‡Œ0çš„ä¸ªæ•°:  2150
æ€»æ•°:  4300
æ­£ç¡®çš„ä¸ªæ•°:  3987
æœ€åä¸€ä¸ªæ‰¹æ¬¡çš„è¾“å‡º, ä¸æ»¡batchsizeæ˜¯æ­£å¸¸çš„:
 tensor([[9.9998e-01],
        [9.9504e-01],
        [9.9705e-01],
        [9.7898e-04],
        [9.9999e-01],
        [6.8797e-05],
        [2.6900e-01],
        [6.3658e-02],
        [9.9899e-01],
        [9.9936e-01],
        [3.8963e-03],
        [3.0793e-04]], device='cuda:0', grad_fn=<SigmoidBackward0>)
Epoch [90/100], T_AUC: [4m0.9303[0m
Epoch [90/100], Loss: 42.5558
val_Accuracy: [92m0.7395[0m
val_Precision: [4;34m0.7558[0m,               val_Recall: [4;33m0.7052[0m,                 val_F1 Score: [4;35m0.7246[0m
æ ‡ç­¾é‡Œ1çš„ä¸ªæ•°:  430
æ ‡ç­¾é‡Œ0çš„ä¸ªæ•°:  430
æ€»æ•°:  860
æ­£ç¡®çš„ä¸ªæ•°:  636
Epoch [90/100], V_AUC: [4m0.7365[0m
Epoch [91/100], Loss: 25.0819
train_Accuracy: [91m0.9293[0m
train_Precision: [4;34m0.9457[0m,               train_Recall: [4;33m0.9168[0m,                 train_F1 Score: [4;35m0.9281[0m
æ ‡ç­¾é‡Œ1çš„ä¸ªæ•°:  2150
æ ‡ç­¾é‡Œ0çš„ä¸ªæ•°:  2150
æ€»æ•°:  4300
æ­£ç¡®çš„ä¸ªæ•°:  3996
æœ€åä¸€ä¸ªæ‰¹æ¬¡çš„è¾“å‡º, ä¸æ»¡batchsizeæ˜¯æ­£å¸¸çš„:
 tensor([[9.9727e-01],
        [9.9788e-01],
        [9.9976e-01],
        [3.2244e-03],
        [1.0000e+00],
        [1.9339e-04],
        [5.6451e-03],
        [1.2891e-04],
        [9.9697e-01],
        [9.9999e-01],
        [4.2233e-03],
        [1.0645e-01]], device='cuda:0', grad_fn=<SigmoidBackward0>)
Epoch [91/100], T_AUC: [4m0.9328[0m
Epoch [91/100], Loss: 43.1928
val_Accuracy: [92m0.7186[0m
val_Precision: [4;34m0.7190[0m,               val_Recall: [4;33m0.7177[0m,                 val_F1 Score: [4;35m0.7131[0m
æ ‡ç­¾é‡Œ1çš„ä¸ªæ•°:  430
æ ‡ç­¾é‡Œ0çš„ä¸ªæ•°:  430
æ€»æ•°:  860
æ­£ç¡®çš„ä¸ªæ•°:  618
Epoch [91/100], V_AUC: [4m0.7195[0m
Epoch [92/100], Loss: 25.7524
train_Accuracy: [91m0.9260[0m
train_Precision: [4;34m0.9400[0m,               train_Recall: [4;33m0.9149[0m,                 train_F1 Score: [4;35m0.9245[0m
æ ‡ç­¾é‡Œ1çš„ä¸ªæ•°:  2150
æ ‡ç­¾é‡Œ0çš„ä¸ªæ•°:  2150
æ€»æ•°:  4300
æ­£ç¡®çš„ä¸ªæ•°:  3982
æœ€åä¸€ä¸ªæ‰¹æ¬¡çš„è¾“å‡º, ä¸æ»¡batchsizeæ˜¯æ­£å¸¸çš„:
 tensor([[9.9998e-01],
        [8.8029e-01],
        [9.8268e-01],
        [6.0741e-04],
        [1.0000e+00],
        [8.0521e-04],
        [1.0191e-03],
        [3.0541e-04],
        [9.9945e-01],
        [1.0000e+00],
        [2.3220e-03],
        [3.9710e-02]], device='cuda:0', grad_fn=<SigmoidBackward0>)
Epoch [92/100], T_AUC: [4m0.9288[0m
Epoch [92/100], Loss: 37.3129
val_Accuracy: [92m0.7384[0m
val_Precision: [4;34m0.7586[0m,               val_Recall: [4;33m0.6999[0m,                 val_F1 Score: [4;35m0.7227[0m
æ ‡ç­¾é‡Œ1çš„ä¸ªæ•°:  430
æ ‡ç­¾é‡Œ0çš„ä¸ªæ•°:  430
æ€»æ•°:  860
æ­£ç¡®çš„ä¸ªæ•°:  635
Epoch [92/100], V_AUC: [4m0.7385[0m
Epoch [93/100], Loss: 23.4104
train_Accuracy: [91m0.9358[0m
train_Precision: [4;34m0.9506[0m,               train_Recall: [4;33m0.9243[0m,                 train_F1 Score: [4;35m0.9351[0m
æ ‡ç­¾é‡Œ1çš„ä¸ªæ•°:  2150
æ ‡ç­¾é‡Œ0çš„ä¸ªæ•°:  2150
æ€»æ•°:  4300
æ­£ç¡®çš„ä¸ªæ•°:  4024
æœ€åä¸€ä¸ªæ‰¹æ¬¡çš„è¾“å‡º, ä¸æ»¡batchsizeæ˜¯æ­£å¸¸çš„:
 tensor([[9.9997e-01],
        [9.9994e-01],
        [9.8897e-01],
        [2.4197e-03],
        [1.0000e+00],
        [8.4202e-05],
        [4.5191e-03],
        [1.2947e-04],
        [9.4852e-01],
        [9.9999e-01],
        [3.9672e-04],
        [2.6212e-02]], device='cuda:0', grad_fn=<SigmoidBackward0>)
Epoch [93/100], T_AUC: [4m0.9378[0m
Epoch [93/100], Loss: 50.7086
val_Accuracy: [92m0.7453[0m
val_Precision: [4;34m0.7489[0m,               val_Recall: [4;33m0.7273[0m,                 val_F1 Score: [4;35m0.7328[0m
æ ‡ç­¾é‡Œ1çš„ä¸ªæ•°:  430
æ ‡ç­¾é‡Œ0çš„ä¸ªæ•°:  430
æ€»æ•°:  860
æ­£ç¡®çš„ä¸ªæ•°:  641
Epoch [93/100], V_AUC: [4m0.7423[0m
Epoch [94/100], Loss: 25.7542
train_Accuracy: [91m0.9305[0m
train_Precision: [4;34m0.9434[0m,               train_Recall: [4;33m0.9184[0m,                 train_F1 Score: [4;35m0.9284[0m
æ ‡ç­¾é‡Œ1çš„ä¸ªæ•°:  2150
æ ‡ç­¾é‡Œ0çš„ä¸ªæ•°:  2150
æ€»æ•°:  4300
æ­£ç¡®çš„ä¸ªæ•°:  4001
æœ€åä¸€ä¸ªæ‰¹æ¬¡çš„è¾“å‡º, ä¸æ»¡batchsizeæ˜¯æ­£å¸¸çš„:
 tensor([[9.9566e-01],
        [9.9865e-01],
        [9.5274e-01],
        [2.1093e-03],
        [1.0000e+00],
        [5.5009e-05],
        [1.5915e-02],
        [8.5808e-01],
        [7.9392e-01],
        [1.0000e+00],
        [3.1414e-03],
        [4.3772e-04]], device='cuda:0', grad_fn=<SigmoidBackward0>)
Epoch [94/100], T_AUC: [4m0.9328[0m
Epoch [94/100], Loss: 48.6750
val_Accuracy: [92m0.7581[0m
val_Precision: [4;34m0.7752[0m,               val_Recall: [4;33m0.7233[0m,                 val_F1 Score: [4;35m0.7440[0m
æ ‡ç­¾é‡Œ1çš„ä¸ªæ•°:  430
æ ‡ç­¾é‡Œ0çš„ä¸ªæ•°:  430
æ€»æ•°:  860
æ­£ç¡®çš„ä¸ªæ•°:  652
Epoch [94/100], V_AUC: [4m0.7561[0m
Epoch [95/100], Loss: 27.9608
train_Accuracy: [91m0.9186[0m
train_Precision: [4;34m0.9355[0m,               train_Recall: [4;33m0.9044[0m,                 train_F1 Score: [4;35m0.9170[0m
æ ‡ç­¾é‡Œ1çš„ä¸ªæ•°:  2150
æ ‡ç­¾é‡Œ0çš„ä¸ªæ•°:  2150
æ€»æ•°:  4300
æ­£ç¡®çš„ä¸ªæ•°:  3950
æœ€åä¸€ä¸ªæ‰¹æ¬¡çš„è¾“å‡º, ä¸æ»¡batchsizeæ˜¯æ­£å¸¸çš„:
 tensor([[1.0000e+00],
        [9.9956e-01],
        [9.6065e-01],
        [9.3772e-03],
        [9.9926e-01],
        [9.4527e-05],
        [7.9452e-02],
        [1.3401e-04],
        [9.9860e-01],
        [9.9998e-01],
        [1.3979e-03],
        [1.5589e-03]], device='cuda:0', grad_fn=<SigmoidBackward0>)
Epoch [95/100], T_AUC: [4m0.9203[0m
Epoch [95/100], Loss: 43.7594
val_Accuracy: [92m0.7349[0m
val_Precision: [4;34m0.7380[0m,               val_Recall: [4;33m0.7115[0m,                 val_F1 Score: [4;35m0.7196[0m
æ ‡ç­¾é‡Œ1çš„ä¸ªæ•°:  430
æ ‡ç­¾é‡Œ0çš„ä¸ªæ•°:  430
æ€»æ•°:  860
æ­£ç¡®çš„ä¸ªæ•°:  632
Epoch [95/100], V_AUC: [4m0.7317[0m
Epoch [96/100], Loss: 21.1070
train_Accuracy: [91m0.9437[0m
train_Precision: [4;34m0.9564[0m,               train_Recall: [4;33m0.9332[0m,                 train_F1 Score: [4;35m0.9426[0m
æ ‡ç­¾é‡Œ1çš„ä¸ªæ•°:  2150
æ ‡ç­¾é‡Œ0çš„ä¸ªæ•°:  2150
æ€»æ•°:  4300
æ­£ç¡®çš„ä¸ªæ•°:  4058
æœ€åä¸€ä¸ªæ‰¹æ¬¡çš„è¾“å‡º, ä¸æ»¡batchsizeæ˜¯æ­£å¸¸çš„:
 tensor([[1.0000e+00],
        [9.9925e-01],
        [9.9147e-01],
        [4.7212e-03],
        [9.9999e-01],
        [2.3141e-05],
        [8.8990e-02],
        [5.0774e-04],
        [9.7904e-01],
        [9.9999e-01],
        [4.7811e-04],
        [5.3599e-04]], device='cuda:0', grad_fn=<SigmoidBackward0>)
Epoch [96/100], T_AUC: [4m0.9464[0m
Epoch [96/100], Loss: 48.8696
val_Accuracy: [92m0.7302[0m
val_Precision: [4;34m0.7373[0m,               val_Recall: [4;33m0.7151[0m,                 val_F1 Score: [4;35m0.7196[0m
æ ‡ç­¾é‡Œ1çš„ä¸ªæ•°:  430
æ ‡ç­¾é‡Œ0çš„ä¸ªæ•°:  430
æ€»æ•°:  860
æ­£ç¡®çš„ä¸ªæ•°:  628
Epoch [96/100], V_AUC: [4m0.7295[0m
Epoch [97/100], Loss: 20.7014
train_Accuracy: [91m0.9430[0m
train_Precision: [4;34m0.9541[0m,               train_Recall: [4;33m0.9332[0m,                 train_F1 Score: [4;35m0.9414[0m
æ ‡ç­¾é‡Œ1çš„ä¸ªæ•°:  2150
æ ‡ç­¾é‡Œ0çš„ä¸ªæ•°:  2150
æ€»æ•°:  4300
æ­£ç¡®çš„ä¸ªæ•°:  4055
æœ€åä¸€ä¸ªæ‰¹æ¬¡çš„è¾“å‡º, ä¸æ»¡batchsizeæ˜¯æ­£å¸¸çš„:
 tensor([[1.0000e+00],
        [9.9956e-01],
        [9.7795e-01],
        [1.0949e-02],
        [9.9989e-01],
        [4.2376e-05],
        [7.3957e-02],
        [8.0070e-06],
        [3.3009e-01],
        [1.0000e+00],
        [8.5009e-04],
        [2.0411e-02]], device='cuda:0', grad_fn=<SigmoidBackward0>)
Epoch [97/100], T_AUC: [4m0.9454[0m
Epoch [97/100], Loss: 55.3618
val_Accuracy: [92m0.7279[0m
val_Precision: [4;34m0.7281[0m,               val_Recall: [4;33m0.7270[0m,                 val_F1 Score: [4;35m0.7232[0m
æ ‡ç­¾é‡Œ1çš„ä¸ªæ•°:  430
æ ‡ç­¾é‡Œ0çš„ä¸ªæ•°:  430
æ€»æ•°:  860
æ­£ç¡®çš„ä¸ªæ•°:  626
Epoch [97/100], V_AUC: [4m0.7272[0m
Epoch [98/100], Loss: 22.3646
train_Accuracy: [91m0.9395[0m
train_Precision: [4;34m0.9513[0m,               train_Recall: [4;33m0.9290[0m,                 train_F1 Score: [4;35m0.9377[0m
æ ‡ç­¾é‡Œ1çš„ä¸ªæ•°:  2150
æ ‡ç­¾é‡Œ0çš„ä¸ªæ•°:  2150
æ€»æ•°:  4300
æ­£ç¡®çš„ä¸ªæ•°:  4040
æœ€åä¸€ä¸ªæ‰¹æ¬¡çš„è¾“å‡º, ä¸æ»¡batchsizeæ˜¯æ­£å¸¸çš„:
 tensor([[1.0000e+00],
        [9.9874e-01],
        [9.9915e-01],
        [4.9529e-03],
        [9.9957e-01],
        [6.9270e-05],
        [1.2593e-02],
        [5.2301e-04],
        [9.9998e-01],
        [9.9950e-01],
        [2.5237e-03],
        [3.1146e-04]], device='cuda:0', grad_fn=<SigmoidBackward0>)
Epoch [98/100], T_AUC: [4m0.9420[0m
Epoch [98/100], Loss: 47.2541
val_Accuracy: [92m0.7488[0m
val_Precision: [4;34m0.7683[0m,               val_Recall: [4;33m0.7210[0m,                 val_F1 Score: [4;35m0.7385[0m
æ ‡ç­¾é‡Œ1çš„ä¸ªæ•°:  430
æ ‡ç­¾é‡Œ0çš„ä¸ªæ•°:  430
æ€»æ•°:  860
æ­£ç¡®çš„ä¸ªæ•°:  644
Epoch [98/100], V_AUC: [4m0.7488[0m
Epoch [99/100], Loss: 22.2016
train_Accuracy: [91m0.9402[0m
train_Precision: [4;34m0.9522[0m,               train_Recall: [4;33m0.9290[0m,                 train_F1 Score: [4;35m0.9386[0m
æ ‡ç­¾é‡Œ1çš„ä¸ªæ•°:  2150
æ ‡ç­¾é‡Œ0çš„ä¸ªæ•°:  2150
æ€»æ•°:  4300
æ­£ç¡®çš„ä¸ªæ•°:  4043
æœ€åä¸€ä¸ªæ‰¹æ¬¡çš„è¾“å‡º, ä¸æ»¡batchsizeæ˜¯æ­£å¸¸çš„:
 tensor([[1.0000e+00],
        [9.9944e-01],
        [4.1666e-01],
        [2.6394e-02],
        [9.9964e-01],
        [7.0983e-05],
        [7.9470e-03],
        [3.5204e-03],
        [9.9993e-01],
        [1.0000e+00],
        [2.0714e-04],
        [3.0451e-04]], device='cuda:0', grad_fn=<SigmoidBackward0>)
Epoch [99/100], T_AUC: [4m0.9425[0m
Epoch [99/100], Loss: 49.7925
val_Accuracy: [92m0.7302[0m
val_Precision: [4;34m0.7395[0m,               val_Recall: [4;33m0.7168[0m,                 val_F1 Score: [4;35m0.7226[0m
æ ‡ç­¾é‡Œ1çš„ä¸ªæ•°:  430
æ ‡ç­¾é‡Œ0çš„ä¸ªæ•°:  430
æ€»æ•°:  860
æ­£ç¡®çš„ä¸ªæ•°:  628
Epoch [99/100], V_AUC: [4m0.7316[0m
Epoch [100/100], Loss: 21.6859
train_Accuracy: [91m0.9398[0m
train_Precision: [4;34m0.9529[0m,               train_Recall: [4;33m0.9286[0m,                 train_F1 Score: [4;35m0.9381[0m
æ ‡ç­¾é‡Œ1çš„ä¸ªæ•°:  2150
æ ‡ç­¾é‡Œ0çš„ä¸ªæ•°:  2150
æ€»æ•°:  4300
æ­£ç¡®çš„ä¸ªæ•°:  4041
æœ€åä¸€ä¸ªæ‰¹æ¬¡çš„è¾“å‡º, ä¸æ»¡batchsizeæ˜¯æ­£å¸¸çš„:
 tensor([[1.0000e+00],
        [9.9937e-01],
        [9.6010e-01],
        [1.3272e-02],
        [9.8603e-01],
        [3.1585e-05],
        [4.9111e-02],
        [2.0182e-04],
        [9.9988e-01],
        [9.9994e-01],
        [3.0378e-03],
        [1.0729e-02]], device='cuda:0', grad_fn=<SigmoidBackward0>)
Epoch [100/100], T_AUC: [4m0.9429[0m
Epoch [100/100], Loss: 55.0753
val_Accuracy: [92m0.7488[0m
val_Precision: [4;34m0.7594[0m,               val_Recall: [4;33m0.7323[0m,                 val_F1 Score: [4;35m0.7408[0m
æ ‡ç­¾é‡Œ1çš„ä¸ªæ•°:  430
æ ‡ç­¾é‡Œ0çš„ä¸ªæ•°:  430
æ€»æ•°:  860
æ­£ç¡®çš„ä¸ªæ•°:  644
Epoch [100/100], V_AUC: [4m0.7492[0m
ç¬¬0æ‰¹ç¬¬2ä¸ª, 100
ç¬¬0æ‰¹ç¬¬15ä¸ª, 100
ç¬¬1æ‰¹ç¬¬0ä¸ª, 100
ç¬¬1æ‰¹ç¬¬6ä¸ª, 100
ç¬¬1æ‰¹ç¬¬13ä¸ª, 100
send email successfully
