2024-06-26-01:49:45
1æ’åº128-0.5
åˆ›å»ºæ¨¡å‹å®ä¾‹
æ¨¡å‹å®ä¾‹åˆ›å»ºå®Œæˆ
åŠ è½½é¢„è®­ç»ƒå‚æ•°
é¢„è®­ç»ƒå‚æ•°åŠ è½½å®Œæˆ
Epoch [1/100], Loss: 60.5307
train_Accuracy: [91m0.8026[0m
train_Precision: [4;34m0.8230[0m,               train_Recall: [4;33m0.7816[0m,                 train_F1 Score: [4;35m0.7962[0m
æ ‡ç­¾é‡Œ1çš„ä¸ªæ•°:  2150
æ ‡ç­¾é‡Œ0çš„ä¸ªæ•°:  2150
æ€»æ•°:  4300
æ­£ç¡®çš„ä¸ªæ•°:  3451
æœ€åä¸€ä¸ªæ‰¹æ¬¡çš„è¾“å‡º, ä¸æ»¡batchsizeæ˜¯æ­£å¸¸çš„:
 tensor([[0.9345],
        [0.8619],
        [0.9767],
        [0.1513],
        [0.7801],
        [0.1461],
        [0.5433],
        [0.2981],
        [0.4241],
        [0.9155],
        [0.0277],
        [0.0491]], device='cuda:0', grad_fn=<SigmoidBackward0>)
Epoch [1/100], T_AUC: [4m0.8077[0m
Epoch [1/100], Loss: 13.7653
val_Accuracy: [92m0.7919[0m
val_Precision: [4;34m0.8240[0m,               val_Recall: [4;33m0.7329[0m,                 val_F1 Score: [4;35m0.7711[0m
æ ‡ç­¾é‡Œ1çš„ä¸ªæ•°:  430
æ ‡ç­¾é‡Œ0çš„ä¸ªæ•°:  430
æ€»æ•°:  860
æ­£ç¡®çš„ä¸ªæ•°:  681
Epoch [1/100], V_AUC: [4m0.7882[0m
Epoch [2/100], Loss: 59.1534
train_Accuracy: [91m0.8091[0m
train_Precision: [4;34m0.8323[0m,               train_Recall: [4;33m0.7829[0m,                 train_F1 Score: [4;35m0.8019[0m
æ ‡ç­¾é‡Œ1çš„ä¸ªæ•°:  2150
æ ‡ç­¾é‡Œ0çš„ä¸ªæ•°:  2150
æ€»æ•°:  4300
æ­£ç¡®çš„ä¸ªæ•°:  3479
æœ€åä¸€ä¸ªæ‰¹æ¬¡çš„è¾“å‡º, ä¸æ»¡batchsizeæ˜¯æ­£å¸¸çš„:
 tensor([[0.9246],
        [0.8620],
        [0.9731],
        [0.1522],
        [0.7463],
        [0.1428],
        [0.5196],
        [0.3486],
        [0.4919],
        [0.9073],
        [0.0275],
        [0.0635]], device='cuda:0', grad_fn=<SigmoidBackward0>)
Epoch [2/100], T_AUC: [4m0.8145[0m
Epoch [2/100], Loss: 13.6129
val_Accuracy: [92m0.7965[0m
val_Precision: [4;34m0.8311[0m,               val_Recall: [4;33m0.7361[0m,                 val_F1 Score: [4;35m0.7757[0m
æ ‡ç­¾é‡Œ1çš„ä¸ªæ•°:  430
æ ‡ç­¾é‡Œ0çš„ä¸ªæ•°:  430
æ€»æ•°:  860
æ­£ç¡®çš„ä¸ªæ•°:  685
Epoch [2/100], V_AUC: [4m0.7935[0m
Epoch [3/100], Loss: 58.9583
train_Accuracy: [91m0.8105[0m
train_Precision: [4;34m0.8330[0m,               train_Recall: [4;33m0.7848[0m,                 train_F1 Score: [4;35m0.8032[0m
æ ‡ç­¾é‡Œ1çš„ä¸ªæ•°:  2150
æ ‡ç­¾é‡Œ0çš„ä¸ªæ•°:  2150
æ€»æ•°:  4300
æ­£ç¡®çš„ä¸ªæ•°:  3485
æœ€åä¸€ä¸ªæ‰¹æ¬¡çš„è¾“å‡º, ä¸æ»¡batchsizeæ˜¯æ­£å¸¸çš„:
 tensor([[0.9180],
        [0.8464],
        [0.9621],
        [0.1524],
        [0.7631],
        [0.1379],
        [0.5548],
        [0.3280],
        [0.4939],
        [0.9016],
        [0.0354],
        [0.0706]], device='cuda:0', grad_fn=<SigmoidBackward0>)
Epoch [3/100], T_AUC: [4m0.8160[0m
Epoch [3/100], Loss: 13.6255
val_Accuracy: [92m0.7965[0m
val_Precision: [4;34m0.8327[0m,               val_Recall: [4;33m0.7330[0m,                 val_F1 Score: [4;35m0.7749[0m
æ ‡ç­¾é‡Œ1çš„ä¸ªæ•°:  430
æ ‡ç­¾é‡Œ0çš„ä¸ªæ•°:  430
æ€»æ•°:  860
æ­£ç¡®çš„ä¸ªæ•°:  685
Epoch [3/100], V_AUC: [4m0.7931[0m
Epoch [4/100], Loss: 58.8580
train_Accuracy: [91m0.8128[0m
train_Precision: [4;34m0.8366[0m,               train_Recall: [4;33m0.7866[0m,                 train_F1 Score: [4;35m0.8057[0m
æ ‡ç­¾é‡Œ1çš„ä¸ªæ•°:  2150
æ ‡ç­¾é‡Œ0çš„ä¸ªæ•°:  2150
æ€»æ•°:  4300
æ­£ç¡®çš„ä¸ªæ•°:  3495
æœ€åä¸€ä¸ªæ‰¹æ¬¡çš„è¾“å‡º, ä¸æ»¡batchsizeæ˜¯æ­£å¸¸çš„:
 tensor([[0.9076],
        [0.8448],
        [0.9583],
        [0.1624],
        [0.7651],
        [0.1366],
        [0.5588],
        [0.3413],
        [0.5212],
        [0.8845],
        [0.0389],
        [0.0729]], device='cuda:0', grad_fn=<SigmoidBackward0>)
Epoch [4/100], T_AUC: [4m0.8188[0m
Epoch [4/100], Loss: 13.5210
val_Accuracy: [92m0.7965[0m
val_Precision: [4;34m0.8306[0m,               val_Recall: [4;33m0.7359[0m,                 val_F1 Score: [4;35m0.7756[0m
æ ‡ç­¾é‡Œ1çš„ä¸ªæ•°:  430
æ ‡ç­¾é‡Œ0çš„ä¸ªæ•°:  430
æ€»æ•°:  860
æ­£ç¡®çš„ä¸ªæ•°:  685
Epoch [4/100], V_AUC: [4m0.7936[0m
Epoch [5/100], Loss: 58.7252
train_Accuracy: [91m0.8128[0m
train_Precision: [4;34m0.8349[0m,               train_Recall: [4;33m0.7884[0m,                 train_F1 Score: [4;35m0.8056[0m
æ ‡ç­¾é‡Œ1çš„ä¸ªæ•°:  2150
æ ‡ç­¾é‡Œ0çš„ä¸ªæ•°:  2150
æ€»æ•°:  4300
æ­£ç¡®çš„ä¸ªæ•°:  3495
æœ€åä¸€ä¸ªæ‰¹æ¬¡çš„è¾“å‡º, ä¸æ»¡batchsizeæ˜¯æ­£å¸¸çš„:
 tensor([[0.8985],
        [0.8460],
        [0.9537],
        [0.1499],
        [0.7721],
        [0.1310],
        [0.5548],
        [0.3539],
        [0.5237],
        [0.8823],
        [0.0422],
        [0.0792]], device='cuda:0', grad_fn=<SigmoidBackward0>)
Epoch [5/100], T_AUC: [4m0.8189[0m
Epoch [5/100], Loss: 13.6221
val_Accuracy: [92m0.7942[0m
val_Precision: [4;34m0.8333[0m,               val_Recall: [4;33m0.7267[0m,                 val_F1 Score: [4;35m0.7715[0m
æ ‡ç­¾é‡Œ1çš„ä¸ªæ•°:  430
æ ‡ç­¾é‡Œ0çš„ä¸ªæ•°:  430
æ€»æ•°:  860
æ­£ç¡®çš„ä¸ªæ•°:  683
Epoch [5/100], V_AUC: [4m0.7910[0m
Epoch [6/100], Loss: 58.5418
train_Accuracy: [91m0.8121[0m
train_Precision: [4;34m0.8335[0m,               train_Recall: [4;33m0.7895[0m,                 train_F1 Score: [4;35m0.8057[0m
æ ‡ç­¾é‡Œ1çš„ä¸ªæ•°:  2150
æ ‡ç­¾é‡Œ0çš„ä¸ªæ•°:  2150
æ€»æ•°:  4300
æ­£ç¡®çš„ä¸ªæ•°:  3492
æœ€åä¸€ä¸ªæ‰¹æ¬¡çš„è¾“å‡º, ä¸æ»¡batchsizeæ˜¯æ­£å¸¸çš„:
 tensor([[0.9007],
        [0.8597],
        [0.9557],
        [0.1456],
        [0.7735],
        [0.1148],
        [0.5605],
        [0.3234],
        [0.4903],
        [0.8847],
        [0.0567],
        [0.0731]], device='cuda:0', grad_fn=<SigmoidBackward0>)
Epoch [6/100], T_AUC: [4m0.8177[0m
Epoch [6/100], Loss: 13.8038
val_Accuracy: [92m0.7965[0m
val_Precision: [4;34m0.8340[0m,               val_Recall: [4;33m0.7344[0m,                 val_F1 Score: [4;35m0.7760[0m
æ ‡ç­¾é‡Œ1çš„ä¸ªæ•°:  430
æ ‡ç­¾é‡Œ0çš„ä¸ªæ•°:  430
æ€»æ•°:  860
æ­£ç¡®çš„ä¸ªæ•°:  685
Epoch [6/100], V_AUC: [4m0.7930[0m
Epoch [7/100], Loss: 58.5687
train_Accuracy: [91m0.8107[0m
train_Precision: [4;34m0.8317[0m,               train_Recall: [4;33m0.7876[0m,                 train_F1 Score: [4;35m0.8040[0m
æ ‡ç­¾é‡Œ1çš„ä¸ªæ•°:  2150
æ ‡ç­¾é‡Œ0çš„ä¸ªæ•°:  2150
æ€»æ•°:  4300
æ­£ç¡®çš„ä¸ªæ•°:  3486
æœ€åä¸€ä¸ªæ‰¹æ¬¡çš„è¾“å‡º, ä¸æ»¡batchsizeæ˜¯æ­£å¸¸çš„:
 tensor([[0.9012],
        [0.8506],
        [0.9511],
        [0.1638],
        [0.7803],
        [0.1358],
        [0.5461],
        [0.4415],
        [0.4987],
        [0.8733],
        [0.0428],
        [0.0607]], device='cuda:0', grad_fn=<SigmoidBackward0>)
Epoch [7/100], T_AUC: [4m0.8163[0m
Epoch [7/100], Loss: 13.7846
val_Accuracy: [92m0.7977[0m
val_Precision: [4;34m0.8278[0m,               val_Recall: [4;33m0.7398[0m,                 val_F1 Score: [4;35m0.7769[0m
æ ‡ç­¾é‡Œ1çš„ä¸ªæ•°:  430
æ ‡ç­¾é‡Œ0çš„ä¸ªæ•°:  430
æ€»æ•°:  860
æ­£ç¡®çš„ä¸ªæ•°:  686
Epoch [7/100], V_AUC: [4m0.7947[0m
Epoch [8/100], Loss: 58.4379
train_Accuracy: [91m0.8128[0m
train_Precision: [4;34m0.8321[0m,               train_Recall: [4;33m0.7935[0m,                 train_F1 Score: [4;35m0.8071[0m
æ ‡ç­¾é‡Œ1çš„ä¸ªæ•°:  2150
æ ‡ç­¾é‡Œ0çš„ä¸ªæ•°:  2150
æ€»æ•°:  4300
æ­£ç¡®çš„ä¸ªæ•°:  3495
æœ€åä¸€ä¸ªæ‰¹æ¬¡çš„è¾“å‡º, ä¸æ»¡batchsizeæ˜¯æ­£å¸¸çš„:
 tensor([[0.8942],
        [0.8472],
        [0.9531],
        [0.1491],
        [0.7733],
        [0.1238],
        [0.5025],
        [0.4516],
        [0.5111],
        [0.8724],
        [0.0431],
        [0.0740]], device='cuda:0', grad_fn=<SigmoidBackward0>)
Epoch [8/100], T_AUC: [4m0.8189[0m
Epoch [8/100], Loss: 13.5932
val_Accuracy: [92m0.7965[0m
val_Precision: [4;34m0.8258[0m,               val_Recall: [4;33m0.7435[0m,                 val_F1 Score: [4;35m0.7778[0m
æ ‡ç­¾é‡Œ1çš„ä¸ªæ•°:  430
æ ‡ç­¾é‡Œ0çš„ä¸ªæ•°:  430
æ€»æ•°:  860
æ­£ç¡®çš„ä¸ªæ•°:  685
Epoch [8/100], V_AUC: [4m0.7940[0m
Epoch [9/100], Loss: 58.3188
train_Accuracy: [91m0.8135[0m
train_Precision: [4;34m0.8322[0m,               train_Recall: [4;33m0.7948[0m,                 train_F1 Score: [4;35m0.8080[0m
æ ‡ç­¾é‡Œ1çš„ä¸ªæ•°:  2150
æ ‡ç­¾é‡Œ0çš„ä¸ªæ•°:  2150
æ€»æ•°:  4300
æ­£ç¡®çš„ä¸ªæ•°:  3498
æœ€åä¸€ä¸ªæ‰¹æ¬¡çš„è¾“å‡º, ä¸æ»¡batchsizeæ˜¯æ­£å¸¸çš„:
 tensor([[0.8986],
        [0.8516],
        [0.9512],
        [0.1605],
        [0.7669],
        [0.1273],
        [0.5123],
        [0.4866],
        [0.5146],
        [0.8699],
        [0.0412],
        [0.0637]], device='cuda:0', grad_fn=<SigmoidBackward0>)
Epoch [9/100], T_AUC: [4m0.8194[0m
Epoch [9/100], Loss: 13.4730
val_Accuracy: [92m0.8000[0m
val_Precision: [4;34m0.8322[0m,               val_Recall: [4;33m0.7429[0m,                 val_F1 Score: [4;35m0.7802[0m
æ ‡ç­¾é‡Œ1çš„ä¸ªæ•°:  430
æ ‡ç­¾é‡Œ0çš„ä¸ªæ•°:  430
æ€»æ•°:  860
æ­£ç¡®çš„ä¸ªæ•°:  688
Epoch [9/100], V_AUC: [4m0.7971[0m
Epoch [10/100], Loss: 58.2606
train_Accuracy: [91m0.8160[0m
train_Precision: [4;34m0.8358[0m,               train_Recall: [4;33m0.7952[0m,                 train_F1 Score: [4;35m0.8100[0m
æ ‡ç­¾é‡Œ1çš„ä¸ªæ•°:  2150
æ ‡ç­¾é‡Œ0çš„ä¸ªæ•°:  2150
æ€»æ•°:  4300
æ­£ç¡®çš„ä¸ªæ•°:  3509
æœ€åä¸€ä¸ªæ‰¹æ¬¡çš„è¾“å‡º, ä¸æ»¡batchsizeæ˜¯æ­£å¸¸çš„:
 tensor([[0.9022],
        [0.8342],
        [0.9442],
        [0.1636],
        [0.7745],
        [0.1116],
        [0.5371],
        [0.4833],
        [0.5180],
        [0.8774],
        [0.0442],
        [0.0662]], device='cuda:0', grad_fn=<SigmoidBackward0>)
Epoch [10/100], T_AUC: [4m0.8219[0m
Epoch [10/100], Loss: 13.5284
val_Accuracy: [92m0.8000[0m
val_Precision: [4;34m0.8356[0m,               val_Recall: [4;33m0.7378[0m,                 val_F1 Score: [4;35m0.7788[0m
æ ‡ç­¾é‡Œ1çš„ä¸ªæ•°:  430
æ ‡ç­¾é‡Œ0çš„ä¸ªæ•°:  430
æ€»æ•°:  860
æ­£ç¡®çš„ä¸ªæ•°:  688
Epoch [10/100], V_AUC: [4m0.7964[0m
Epoch [11/100], Loss: 58.1129
train_Accuracy: [91m0.8151[0m
train_Precision: [4;34m0.8353[0m,               train_Recall: [4;33m0.7933[0m,                 train_F1 Score: [4;35m0.8089[0m
æ ‡ç­¾é‡Œ1çš„ä¸ªæ•°:  2150
æ ‡ç­¾é‡Œ0çš„ä¸ªæ•°:  2150
æ€»æ•°:  4300
æ­£ç¡®çš„ä¸ªæ•°:  3505
æœ€åä¸€ä¸ªæ‰¹æ¬¡çš„è¾“å‡º, ä¸æ»¡batchsizeæ˜¯æ­£å¸¸çš„:
 tensor([[0.8995],
        [0.8271],
        [0.9480],
        [0.1596],
        [0.7835],
        [0.1026],
        [0.5553],
        [0.4596],
        [0.5415],
        [0.8783],
        [0.0471],
        [0.0758]], device='cuda:0', grad_fn=<SigmoidBackward0>)
Epoch [11/100], T_AUC: [4m0.8208[0m
Epoch [11/100], Loss: 13.5227
val_Accuracy: [92m0.7977[0m
val_Precision: [4;34m0.8273[0m,               val_Recall: [4;33m0.7427[0m,                 val_F1 Score: [4;35m0.7785[0m
æ ‡ç­¾é‡Œ1çš„ä¸ªæ•°:  430
æ ‡ç­¾é‡Œ0çš„ä¸ªæ•°:  430
æ€»æ•°:  860
æ­£ç¡®çš„ä¸ªæ•°:  686
Epoch [11/100], V_AUC: [4m0.7946[0m
Epoch [12/100], Loss: 58.0262
train_Accuracy: [91m0.8167[0m
train_Precision: [4;34m0.8351[0m,               train_Recall: [4;33m0.7975[0m,                 train_F1 Score: [4;35m0.8108[0m
æ ‡ç­¾é‡Œ1çš„ä¸ªæ•°:  2150
æ ‡ç­¾é‡Œ0çš„ä¸ªæ•°:  2150
æ€»æ•°:  4300
æ­£ç¡®çš„ä¸ªæ•°:  3512
æœ€åä¸€ä¸ªæ‰¹æ¬¡çš„è¾“å‡º, ä¸æ»¡batchsizeæ˜¯æ­£å¸¸çš„:
 tensor([[0.9068],
        [0.8312],
        [0.9507],
        [0.1527],
        [0.7862],
        [0.1094],
        [0.5653],
        [0.3980],
        [0.5529],
        [0.8868],
        [0.0432],
        [0.0781]], device='cuda:0', grad_fn=<SigmoidBackward0>)
Epoch [12/100], T_AUC: [4m0.8228[0m
Epoch [12/100], Loss: 13.4414
val_Accuracy: [92m0.7953[0m
val_Precision: [4;34m0.8263[0m,               val_Recall: [4;33m0.7380[0m,                 val_F1 Score: [4;35m0.7756[0m
æ ‡ç­¾é‡Œ1çš„ä¸ªæ•°:  430
æ ‡ç­¾é‡Œ0çš„ä¸ªæ•°:  430
æ€»æ•°:  860
æ­£ç¡®çš„ä¸ªæ•°:  684
Epoch [12/100], V_AUC: [4m0.7922[0m
Epoch [13/100], Loss: 57.9248
train_Accuracy: [91m0.8156[0m
train_Precision: [4;34m0.8353[0m,               train_Recall: [4;33m0.7956[0m,                 train_F1 Score: [4;35m0.8097[0m
æ ‡ç­¾é‡Œ1çš„ä¸ªæ•°:  2150
æ ‡ç­¾é‡Œ0çš„ä¸ªæ•°:  2150
æ€»æ•°:  4300
æ­£ç¡®çš„ä¸ªæ•°:  3507
æœ€åä¸€ä¸ªæ‰¹æ¬¡çš„è¾“å‡º, ä¸æ»¡batchsizeæ˜¯æ­£å¸¸çš„:
 tensor([[0.9059],
        [0.8259],
        [0.9599],
        [0.1481],
        [0.7996],
        [0.1099],
        [0.5161],
        [0.3840],
        [0.5465],
        [0.8877],
        [0.0491],
        [0.0748]], device='cuda:0', grad_fn=<SigmoidBackward0>)
Epoch [13/100], T_AUC: [4m0.8220[0m
Epoch [13/100], Loss: 13.5496
val_Accuracy: [92m0.7942[0m
val_Precision: [4;34m0.8325[0m,               val_Recall: [4;33m0.7295[0m,                 val_F1 Score: [4;35m0.7728[0m
æ ‡ç­¾é‡Œ1çš„ä¸ªæ•°:  430
æ ‡ç­¾é‡Œ0çš„ä¸ªæ•°:  430
æ€»æ•°:  860
æ­£ç¡®çš„ä¸ªæ•°:  683
Epoch [13/100], V_AUC: [4m0.7914[0m
Epoch [14/100], Loss: 57.8592
train_Accuracy: [91m0.8158[0m
train_Precision: [4;34m0.8368[0m,               train_Recall: [4;33m0.7955[0m,                 train_F1 Score: [4;35m0.8104[0m
æ ‡ç­¾é‡Œ1çš„ä¸ªæ•°:  2150
æ ‡ç­¾é‡Œ0çš„ä¸ªæ•°:  2150
æ€»æ•°:  4300
æ­£ç¡®çš„ä¸ªæ•°:  3508
æœ€åä¸€ä¸ªæ‰¹æ¬¡çš„è¾“å‡º, ä¸æ»¡batchsizeæ˜¯æ­£å¸¸çš„:
 tensor([[0.9026],
        [0.8375],
        [0.9604],
        [0.1432],
        [0.7912],
        [0.1149],
        [0.4887],
        [0.4178],
        [0.5455],
        [0.8933],
        [0.0444],
        [0.0782]], device='cuda:0', grad_fn=<SigmoidBackward0>)
Epoch [14/100], T_AUC: [4m0.8225[0m
Epoch [14/100], Loss: 13.4919
val_Accuracy: [92m0.8012[0m
val_Precision: [4;34m0.8303[0m,               val_Recall: [4;33m0.7470[0m,                 val_F1 Score: [4;35m0.7815[0m
æ ‡ç­¾é‡Œ1çš„ä¸ªæ•°:  430
æ ‡ç­¾é‡Œ0çš„ä¸ªæ•°:  430
æ€»æ•°:  860
æ­£ç¡®çš„ä¸ªæ•°:  689
Epoch [14/100], V_AUC: [4m0.7979[0m
Epoch [15/100], Loss: 57.8744
train_Accuracy: [91m0.8158[0m
train_Precision: [4;34m0.8351[0m,               train_Recall: [4;33m0.7974[0m,                 train_F1 Score: [4;35m0.8105[0m
æ ‡ç­¾é‡Œ1çš„ä¸ªæ•°:  2150
æ ‡ç­¾é‡Œ0çš„ä¸ªæ•°:  2150
æ€»æ•°:  4300
æ­£ç¡®çš„ä¸ªæ•°:  3508
æœ€åä¸€ä¸ªæ‰¹æ¬¡çš„è¾“å‡º, ä¸æ»¡batchsizeæ˜¯æ­£å¸¸çš„:
 tensor([[0.8988],
        [0.8358],
        [0.9569],
        [0.1456],
        [0.7939],
        [0.1286],
        [0.5471],
        [0.4278],
        [0.5426],
        [0.8866],
        [0.0361],
        [0.0795]], device='cuda:0', grad_fn=<SigmoidBackward0>)
Epoch [15/100], T_AUC: [4m0.8222[0m
Epoch [15/100], Loss: 13.4935
val_Accuracy: [92m0.8023[0m
val_Precision: [4;34m0.8319[0m,               val_Recall: [4;33m0.7502[0m,                 val_F1 Score: [4;35m0.7840[0m
æ ‡ç­¾é‡Œ1çš„ä¸ªæ•°:  430
æ ‡ç­¾é‡Œ0çš„ä¸ªæ•°:  430
æ€»æ•°:  860
æ­£ç¡®çš„ä¸ªæ•°:  690
Epoch [15/100], V_AUC: [4m0.7996[0m
Epoch [16/100], Loss: 57.7250
train_Accuracy: [91m0.8158[0m
train_Precision: [4;34m0.8355[0m,               train_Recall: [4;33m0.7962[0m,                 train_F1 Score: [4;35m0.8100[0m
æ ‡ç­¾é‡Œ1çš„ä¸ªæ•°:  2150
æ ‡ç­¾é‡Œ0çš„ä¸ªæ•°:  2150
æ€»æ•°:  4300
æ­£ç¡®çš„ä¸ªæ•°:  3508
æœ€åä¸€ä¸ªæ‰¹æ¬¡çš„è¾“å‡º, ä¸æ»¡batchsizeæ˜¯æ­£å¸¸çš„:
 tensor([[0.9028],
        [0.8455],
        [0.9504],
        [0.1453],
        [0.7988],
        [0.1293],
        [0.5749],
        [0.4078],
        [0.5547],
        [0.8887],
        [0.0365],
        [0.0738]], device='cuda:0', grad_fn=<SigmoidBackward0>)
Epoch [16/100], T_AUC: [4m0.8221[0m
Epoch [16/100], Loss: 13.4521
val_Accuracy: [92m0.8000[0m
val_Precision: [4;34m0.8250[0m,               val_Recall: [4;33m0.7522[0m,                 val_F1 Score: [4;35m0.7822[0m
æ ‡ç­¾é‡Œ1çš„ä¸ªæ•°:  430
æ ‡ç­¾é‡Œ0çš„ä¸ªæ•°:  430
æ€»æ•°:  860
æ­£ç¡®çš„ä¸ªæ•°:  688
Epoch [16/100], V_AUC: [4m0.7975[0m
Epoch [17/100], Loss: 57.7617
train_Accuracy: [91m0.8158[0m
train_Precision: [4;34m0.8376[0m,               train_Recall: [4;33m0.7944[0m,                 train_F1 Score: [4;35m0.8099[0m
æ ‡ç­¾é‡Œ1çš„ä¸ªæ•°:  2150
æ ‡ç­¾é‡Œ0çš„ä¸ªæ•°:  2150
æ€»æ•°:  4300
æ­£ç¡®çš„ä¸ªæ•°:  3508
æœ€åä¸€ä¸ªæ‰¹æ¬¡çš„è¾“å‡º, ä¸æ»¡batchsizeæ˜¯æ­£å¸¸çš„:
 tensor([[0.8906],
        [0.8421],
        [0.9535],
        [0.1439],
        [0.7989],
        [0.1182],
        [0.5538],
        [0.4805],
        [0.5694],
        [0.8822],
        [0.0398],
        [0.0735]], device='cuda:0', grad_fn=<SigmoidBackward0>)
Epoch [17/100], T_AUC: [4m0.8224[0m
Epoch [17/100], Loss: 13.4982
val_Accuracy: [92m0.8000[0m
val_Precision: [4;34m0.8252[0m,               val_Recall: [4;33m0.7524[0m,                 val_F1 Score: [4;35m0.7823[0m
æ ‡ç­¾é‡Œ1çš„ä¸ªæ•°:  430
æ ‡ç­¾é‡Œ0çš„ä¸ªæ•°:  430
æ€»æ•°:  860
æ­£ç¡®çš„ä¸ªæ•°:  688
Epoch [17/100], V_AUC: [4m0.7976[0m
Epoch [18/100], Loss: 57.6383
train_Accuracy: [91m0.8172[0m
train_Precision: [4;34m0.8366[0m,               train_Recall: [4;33m0.7985[0m,                 train_F1 Score: [4;35m0.8116[0m
æ ‡ç­¾é‡Œ1çš„ä¸ªæ•°:  2150
æ ‡ç­¾é‡Œ0çš„ä¸ªæ•°:  2150
æ€»æ•°:  4300
æ­£ç¡®çš„ä¸ªæ•°:  3514
æœ€åä¸€ä¸ªæ‰¹æ¬¡çš„è¾“å‡º, ä¸æ»¡batchsizeæ˜¯æ­£å¸¸çš„:
 tensor([[0.9027],
        [0.8442],
        [0.9572],
        [0.1236],
        [0.8092],
        [0.1043],
        [0.5277],
        [0.4259],
        [0.5385],
        [0.8915],
        [0.0411],
        [0.0977]], device='cuda:0', grad_fn=<SigmoidBackward0>)
Epoch [18/100], T_AUC: [4m0.8232[0m
Epoch [18/100], Loss: 13.8148
val_Accuracy: [92m0.7988[0m
val_Precision: [4;34m0.8277[0m,               val_Recall: [4;33m0.7452[0m,                 val_F1 Score: [4;35m0.7795[0m
æ ‡ç­¾é‡Œ1çš„ä¸ªæ•°:  430
æ ‡ç­¾é‡Œ0çš„ä¸ªæ•°:  430
æ€»æ•°:  860
æ­£ç¡®çš„ä¸ªæ•°:  687
Epoch [18/100], V_AUC: [4m0.7962[0m
Epoch [19/100], Loss: 57.5801
train_Accuracy: [91m0.8200[0m
train_Precision: [4;34m0.8392[0m,               train_Recall: [4;33m0.8015[0m,                 train_F1 Score: [4;35m0.8145[0m
æ ‡ç­¾é‡Œ1çš„ä¸ªæ•°:  2150
æ ‡ç­¾é‡Œ0çš„ä¸ªæ•°:  2150
æ€»æ•°:  4300
æ­£ç¡®çš„ä¸ªæ•°:  3526
æœ€åä¸€ä¸ªæ‰¹æ¬¡çš„è¾“å‡º, ä¸æ»¡batchsizeæ˜¯æ­£å¸¸çš„:
 tensor([[0.9015],
        [0.8661],
        [0.9488],
        [0.1357],
        [0.8016],
        [0.1096],
        [0.5909],
        [0.4285],
        [0.5419],
        [0.8777],
        [0.0382],
        [0.0835]], device='cuda:0', grad_fn=<SigmoidBackward0>)
Epoch [19/100], T_AUC: [4m0.8260[0m
Epoch [19/100], Loss: 13.6643
val_Accuracy: [92m0.7953[0m
val_Precision: [4;34m0.8277[0m,               val_Recall: [4;33m0.7363[0m,                 val_F1 Score: [4;35m0.7749[0m
æ ‡ç­¾é‡Œ1çš„ä¸ªæ•°:  430
æ ‡ç­¾é‡Œ0çš„ä¸ªæ•°:  430
æ€»æ•°:  860
æ­£ç¡®çš„ä¸ªæ•°:  684
Epoch [19/100], V_AUC: [4m0.7928[0m
Epoch [20/100], Loss: 57.4541
train_Accuracy: [91m0.8181[0m
train_Precision: [4;34m0.8379[0m,               train_Recall: [4;33m0.7992[0m,                 train_F1 Score: [4;35m0.8125[0m
æ ‡ç­¾é‡Œ1çš„ä¸ªæ•°:  2150
æ ‡ç­¾é‡Œ0çš„ä¸ªæ•°:  2150
æ€»æ•°:  4300
æ­£ç¡®çš„ä¸ªæ•°:  3518
æœ€åä¸€ä¸ªæ‰¹æ¬¡çš„è¾“å‡º, ä¸æ»¡batchsizeæ˜¯æ­£å¸¸çš„:
 tensor([[0.9021],
        [0.8572],
        [0.9483],
        [0.1382],
        [0.8021],
        [0.1097],
        [0.5635],
        [0.4474],
        [0.5525],
        [0.8798],
        [0.0362],
        [0.0819]], device='cuda:0', grad_fn=<SigmoidBackward0>)
Epoch [20/100], T_AUC: [4m0.8243[0m
Epoch [20/100], Loss: 13.7099
val_Accuracy: [92m0.7977[0m
val_Precision: [4;34m0.8256[0m,               val_Recall: [4;33m0.7454[0m,                 val_F1 Score: [4;35m0.7788[0m
æ ‡ç­¾é‡Œ1çš„ä¸ªæ•°:  430
æ ‡ç­¾é‡Œ0çš„ä¸ªæ•°:  430
æ€»æ•°:  860
æ­£ç¡®çš„ä¸ªæ•°:  686
Epoch [20/100], V_AUC: [4m0.7945[0m
Epoch [21/100], Loss: 57.4232
train_Accuracy: [91m0.8205[0m
train_Precision: [4;34m0.8393[0m,               train_Recall: [4;33m0.8033[0m,                 train_F1 Score: [4;35m0.8154[0m
æ ‡ç­¾é‡Œ1çš„ä¸ªæ•°:  2150
æ ‡ç­¾é‡Œ0çš„ä¸ªæ•°:  2150
æ€»æ•°:  4300
æ­£ç¡®çš„ä¸ªæ•°:  3528
æœ€åä¸€ä¸ªæ‰¹æ¬¡çš„è¾“å‡º, ä¸æ»¡batchsizeæ˜¯æ­£å¸¸çš„:
 tensor([[0.8965],
        [0.8519],
        [0.9536],
        [0.1500],
        [0.7967],
        [0.1216],
        [0.5829],
        [0.4369],
        [0.5458],
        [0.8731],
        [0.0285],
        [0.0850]], device='cuda:0', grad_fn=<SigmoidBackward0>)
Epoch [21/100], T_AUC: [4m0.8263[0m
Epoch [21/100], Loss: 13.7862
val_Accuracy: [92m0.8000[0m
val_Precision: [4;34m0.8277[0m,               val_Recall: [4;33m0.7474[0m,                 val_F1 Score: [4;35m0.7809[0m
æ ‡ç­¾é‡Œ1çš„ä¸ªæ•°:  430
æ ‡ç­¾é‡Œ0çš„ä¸ªæ•°:  430
æ€»æ•°:  860
æ­£ç¡®çš„ä¸ªæ•°:  688
Epoch [21/100], V_AUC: [4m0.7967[0m
Epoch [22/100], Loss: 57.4288
train_Accuracy: [91m0.8193[0m
train_Precision: [4;34m0.8392[0m,               train_Recall: [4;33m0.7996[0m,                 train_F1 Score: [4;35m0.8135[0m
æ ‡ç­¾é‡Œ1çš„ä¸ªæ•°:  2150
æ ‡ç­¾é‡Œ0çš„ä¸ªæ•°:  2150
æ€»æ•°:  4300
æ­£ç¡®çš„ä¸ªæ•°:  3523
æœ€åä¸€ä¸ªæ‰¹æ¬¡çš„è¾“å‡º, ä¸æ»¡batchsizeæ˜¯æ­£å¸¸çš„:
 tensor([[0.9034],
        [0.8526],
        [0.9532],
        [0.1591],
        [0.7987],
        [0.1198],
        [0.5857],
        [0.4155],
        [0.5453],
        [0.8767],
        [0.0289],
        [0.0929]], device='cuda:0', grad_fn=<SigmoidBackward0>)
Epoch [22/100], T_AUC: [4m0.8252[0m
Epoch [22/100], Loss: 13.6824
val_Accuracy: [92m0.8012[0m
val_Precision: [4;34m0.8282[0m,               val_Recall: [4;33m0.7501[0m,                 val_F1 Score: [4;35m0.7826[0m
æ ‡ç­¾é‡Œ1çš„ä¸ªæ•°:  430
æ ‡ç­¾é‡Œ0çš„ä¸ªæ•°:  430
æ€»æ•°:  860
æ­£ç¡®çš„ä¸ªæ•°:  689
Epoch [22/100], V_AUC: [4m0.7980[0m
Epoch [23/100], Loss: 57.3635
train_Accuracy: [91m0.8198[0m
train_Precision: [4;34m0.8384[0m,               train_Recall: [4;33m0.8027[0m,                 train_F1 Score: [4;35m0.8145[0m
æ ‡ç­¾é‡Œ1çš„ä¸ªæ•°:  2150
æ ‡ç­¾é‡Œ0çš„ä¸ªæ•°:  2150
æ€»æ•°:  4300
æ­£ç¡®çš„ä¸ªæ•°:  3525
æœ€åä¸€ä¸ªæ‰¹æ¬¡çš„è¾“å‡º, ä¸æ»¡batchsizeæ˜¯æ­£å¸¸çš„:
 tensor([[0.8973],
        [0.8513],
        [0.9538],
        [0.1494],
        [0.7997],
        [0.1099],
        [0.5861],
        [0.4167],
        [0.5505],
        [0.8694],
        [0.0270],
        [0.1090]], device='cuda:0', grad_fn=<SigmoidBackward0>)
Epoch [23/100], T_AUC: [4m0.8257[0m
Epoch [23/100], Loss: 13.7617
val_Accuracy: [92m0.7988[0m
val_Precision: [4;34m0.8224[0m,               val_Recall: [4;33m0.7517[0m,                 val_F1 Score: [4;35m0.7805[0m
æ ‡ç­¾é‡Œ1çš„ä¸ªæ•°:  430
æ ‡ç­¾é‡Œ0çš„ä¸ªæ•°:  430
æ€»æ•°:  860
æ­£ç¡®çš„ä¸ªæ•°:  687
Epoch [23/100], V_AUC: [4m0.7956[0m
Epoch [24/100], Loss: 57.3584
train_Accuracy: [91m0.8205[0m
train_Precision: [4;34m0.8387[0m,               train_Recall: [4;33m0.8025[0m,                 train_F1 Score: [4;35m0.8148[0m
æ ‡ç­¾é‡Œ1çš„ä¸ªæ•°:  2150
æ ‡ç­¾é‡Œ0çš„ä¸ªæ•°:  2150
æ€»æ•°:  4300
æ­£ç¡®çš„ä¸ªæ•°:  3528
æœ€åä¸€ä¸ªæ‰¹æ¬¡çš„è¾“å‡º, ä¸æ»¡batchsizeæ˜¯æ­£å¸¸çš„:
 tensor([[0.8992],
        [0.8515],
        [0.9508],
        [0.1592],
        [0.8035],
        [0.1132],
        [0.5687],
        [0.4272],
        [0.5392],
        [0.8729],
        [0.0286],
        [0.0940]], device='cuda:0', grad_fn=<SigmoidBackward0>)
Epoch [24/100], T_AUC: [4m0.8262[0m
Epoch [24/100], Loss: 13.6751
val_Accuracy: [92m0.8012[0m
val_Precision: [4;34m0.8247[0m,               val_Recall: [4;33m0.7546[0m,                 val_F1 Score: [4;35m0.7831[0m
æ ‡ç­¾é‡Œ1çš„ä¸ªæ•°:  430
æ ‡ç­¾é‡Œ0çš„ä¸ªæ•°:  430
æ€»æ•°:  860
æ­£ç¡®çš„ä¸ªæ•°:  689
Epoch [24/100], V_AUC: [4m0.7982[0m
Epoch [25/100], Loss: 57.4058
train_Accuracy: [91m0.8193[0m
train_Precision: [4;34m0.8373[0m,               train_Recall: [4;33m0.8021[0m,                 train_F1 Score: [4;35m0.8139[0m
æ ‡ç­¾é‡Œ1çš„ä¸ªæ•°:  2150
æ ‡ç­¾é‡Œ0çš„ä¸ªæ•°:  2150
æ€»æ•°:  4300
æ­£ç¡®çš„ä¸ªæ•°:  3523
æœ€åä¸€ä¸ªæ‰¹æ¬¡çš„è¾“å‡º, ä¸æ»¡batchsizeæ˜¯æ­£å¸¸çš„:
 tensor([[0.9015],
        [0.8555],
        [0.9537],
        [0.1385],
        [0.7917],
        [0.1000],
        [0.5676],
        [0.4044],
        [0.5397],
        [0.8720],
        [0.0344],
        [0.1005]], device='cuda:0', grad_fn=<SigmoidBackward0>)
Epoch [25/100], T_AUC: [4m0.8251[0m
Epoch [25/100], Loss: 13.7611
val_Accuracy: [92m0.8035[0m
val_Precision: [4;34m0.8350[0m,               val_Recall: [4;33m0.7482[0m,                 val_F1 Score: [4;35m0.7842[0m
æ ‡ç­¾é‡Œ1çš„ä¸ªæ•°:  430
æ ‡ç­¾é‡Œ0çš„ä¸ªæ•°:  430
æ€»æ•°:  860
æ­£ç¡®çš„ä¸ªæ•°:  691
Epoch [25/100], V_AUC: [4m0.8009[0m
Epoch [26/100], Loss: 57.3543
train_Accuracy: [91m0.8184[0m
train_Precision: [4;34m0.8381[0m,               train_Recall: [4;33m0.7994[0m,                 train_F1 Score: [4;35m0.8129[0m
æ ‡ç­¾é‡Œ1çš„ä¸ªæ•°:  2150
æ ‡ç­¾é‡Œ0çš„ä¸ªæ•°:  2150
æ€»æ•°:  4300
æ­£ç¡®çš„ä¸ªæ•°:  3519
æœ€åä¸€ä¸ªæ‰¹æ¬¡çš„è¾“å‡º, ä¸æ»¡batchsizeæ˜¯æ­£å¸¸çš„:
 tensor([[0.9038],
        [0.8501],
        [0.9529],
        [0.1764],
        [0.7892],
        [0.1232],
        [0.5635],
        [0.4658],
        [0.5558],
        [0.8854],
        [0.0226],
        [0.0857]], device='cuda:0', grad_fn=<SigmoidBackward0>)
Epoch [26/100], T_AUC: [4m0.8240[0m
Epoch [26/100], Loss: 13.7066
val_Accuracy: [92m0.7988[0m
val_Precision: [4;34m0.8250[0m,               val_Recall: [4;33m0.7505[0m,                 val_F1 Score: [4;35m0.7805[0m
æ ‡ç­¾é‡Œ1çš„ä¸ªæ•°:  430
æ ‡ç­¾é‡Œ0çš„ä¸ªæ•°:  430
æ€»æ•°:  860
æ­£ç¡®çš„ä¸ªæ•°:  687
Epoch [26/100], V_AUC: [4m0.7964[0m
Epoch [27/100], Loss: 57.2816
train_Accuracy: [91m0.8181[0m
train_Precision: [4;34m0.8379[0m,               train_Recall: [4;33m0.7994[0m,                 train_F1 Score: [4;35m0.8126[0m
æ ‡ç­¾é‡Œ1çš„ä¸ªæ•°:  2150
æ ‡ç­¾é‡Œ0çš„ä¸ªæ•°:  2150
æ€»æ•°:  4300
æ­£ç¡®çš„ä¸ªæ•°:  3518
æœ€åä¸€ä¸ªæ‰¹æ¬¡çš„è¾“å‡º, ä¸æ»¡batchsizeæ˜¯æ­£å¸¸çš„:
 tensor([[0.8994],
        [0.8529],
        [0.9551],
        [0.1523],
        [0.7792],
        [0.1013],
        [0.5681],
        [0.3884],
        [0.5633],
        [0.8816],
        [0.0277],
        [0.1165]], device='cuda:0', grad_fn=<SigmoidBackward0>)
Epoch [27/100], T_AUC: [4m0.8240[0m
Epoch [27/100], Loss: 13.8515
val_Accuracy: [92m0.8000[0m
val_Precision: [4;34m0.8334[0m,               val_Recall: [4;33m0.7407[0m,                 val_F1 Score: [4;35m0.7795[0m
æ ‡ç­¾é‡Œ1çš„ä¸ªæ•°:  430
æ ‡ç­¾é‡Œ0çš„ä¸ªæ•°:  430
æ€»æ•°:  860
æ­£ç¡®çš„ä¸ªæ•°:  688
Epoch [27/100], V_AUC: [4m0.7973[0m
Epoch [28/100], Loss: 57.2487
train_Accuracy: [91m0.8177[0m
train_Precision: [4;34m0.8387[0m,               train_Recall: [4;33m0.7971[0m,                 train_F1 Score: [4;35m0.8120[0m
æ ‡ç­¾é‡Œ1çš„ä¸ªæ•°:  2150
æ ‡ç­¾é‡Œ0çš„ä¸ªæ•°:  2150
æ€»æ•°:  4300
æ­£ç¡®çš„ä¸ªæ•°:  3516
æœ€åä¸€ä¸ªæ‰¹æ¬¡çš„è¾“å‡º, ä¸æ»¡batchsizeæ˜¯æ­£å¸¸çš„:
 tensor([[0.9042],
        [0.8592],
        [0.9462],
        [0.1572],
        [0.7781],
        [0.1055],
        [0.5757],
        [0.4284],
        [0.5881],
        [0.8956],
        [0.0273],
        [0.0909]], device='cuda:0', grad_fn=<SigmoidBackward0>)
Epoch [28/100], T_AUC: [4m0.8233[0m
Epoch [28/100], Loss: 13.7937
val_Accuracy: [92m0.7965[0m
val_Precision: [4;34m0.8238[0m,               val_Recall: [4;33m0.7457[0m,                 val_F1 Score: [4;35m0.7778[0m
æ ‡ç­¾é‡Œ1çš„ä¸ªæ•°:  430
æ ‡ç­¾é‡Œ0çš„ä¸ªæ•°:  430
æ€»æ•°:  860
æ­£ç¡®çš„ä¸ªæ•°:  685
Epoch [28/100], V_AUC: [4m0.7941[0m
Epoch [29/100], Loss: 57.1965
train_Accuracy: [91m0.8193[0m
train_Precision: [4;34m0.8377[0m,               train_Recall: [4;33m0.8009[0m,                 train_F1 Score: [4;35m0.8137[0m
æ ‡ç­¾é‡Œ1çš„ä¸ªæ•°:  2150
æ ‡ç­¾é‡Œ0çš„ä¸ªæ•°:  2150
æ€»æ•°:  4300
æ­£ç¡®çš„ä¸ªæ•°:  3523
æœ€åä¸€ä¸ªæ‰¹æ¬¡çš„è¾“å‡º, ä¸æ»¡batchsizeæ˜¯æ­£å¸¸çš„:
 tensor([[0.8966],
        [0.8364],
        [0.9476],
        [0.1524],
        [0.7825],
        [0.1119],
        [0.5605],
        [0.4586],
        [0.6206],
        [0.8979],
        [0.0264],
        [0.0849]], device='cuda:0', grad_fn=<SigmoidBackward0>)
Epoch [29/100], T_AUC: [4m0.8248[0m
Epoch [29/100], Loss: 13.7103
val_Accuracy: [92m0.7965[0m
val_Precision: [4;34m0.8208[0m,               val_Recall: [4;33m0.7510[0m,                 val_F1 Score: [4;35m0.7792[0m
æ ‡ç­¾é‡Œ1çš„ä¸ªæ•°:  430
æ ‡ç­¾é‡Œ0çš„ä¸ªæ•°:  430
æ€»æ•°:  860
æ­£ç¡®çš„ä¸ªæ•°:  685
Epoch [29/100], V_AUC: [4m0.7941[0m
Epoch [30/100], Loss: 57.0347
train_Accuracy: [91m0.8188[0m
train_Precision: [4;34m0.8372[0m,               train_Recall: [4;33m0.8014[0m,                 train_F1 Score: [4;35m0.8136[0m
æ ‡ç­¾é‡Œ1çš„ä¸ªæ•°:  2150
æ ‡ç­¾é‡Œ0çš„ä¸ªæ•°:  2150
æ€»æ•°:  4300
æ­£ç¡®çš„ä¸ªæ•°:  3521
æœ€åä¸€ä¸ªæ‰¹æ¬¡çš„è¾“å‡º, ä¸æ»¡batchsizeæ˜¯æ­£å¸¸çš„:
 tensor([[0.8893],
        [0.8243],
        [0.9449],
        [0.1532],
        [0.8202],
        [0.1076],
        [0.5394],
        [0.4334],
        [0.6054],
        [0.9238],
        [0.0269],
        [0.0882]], device='cuda:0', grad_fn=<SigmoidBackward0>)
Epoch [30/100], T_AUC: [4m0.8246[0m
Epoch [30/100], Loss: 13.8276
val_Accuracy: [92m0.7977[0m
val_Precision: [4;34m0.8207[0m,               val_Recall: [4;33m0.7525[0m,                 val_F1 Score: [4;35m0.7802[0m
æ ‡ç­¾é‡Œ1çš„ä¸ªæ•°:  430
æ ‡ç­¾é‡Œ0çš„ä¸ªæ•°:  430
æ€»æ•°:  860
æ­£ç¡®çš„ä¸ªæ•°:  686
Epoch [30/100], V_AUC: [4m0.7947[0m
Epoch [31/100], Loss: 57.1028
train_Accuracy: [91m0.8177[0m
train_Precision: [4;34m0.8359[0m,               train_Recall: [4;33m0.7995[0m,                 train_F1 Score: [4;35m0.8121[0m
æ ‡ç­¾é‡Œ1çš„ä¸ªæ•°:  2150
æ ‡ç­¾é‡Œ0çš„ä¸ªæ•°:  2150
æ€»æ•°:  4300
æ­£ç¡®çš„ä¸ªæ•°:  3516
æœ€åä¸€ä¸ªæ‰¹æ¬¡çš„è¾“å‡º, ä¸æ»¡batchsizeæ˜¯æ­£å¸¸çš„:
 tensor([[0.9033],
        [0.8353],
        [0.9525],
        [0.1338],
        [0.7807],
        [0.0906],
        [0.5598],
        [0.4644],
        [0.5687],
        [0.9026],
        [0.0280],
        [0.1217]], device='cuda:0', grad_fn=<SigmoidBackward0>)
Epoch [31/100], T_AUC: [4m0.8232[0m
Epoch [31/100], Loss: 13.7224
val_Accuracy: [92m0.7988[0m
val_Precision: [4;34m0.8305[0m,               val_Recall: [4;33m0.7407[0m,                 val_F1 Score: [4;35m0.7782[0m
æ ‡ç­¾é‡Œ1çš„ä¸ªæ•°:  430
æ ‡ç­¾é‡Œ0çš„ä¸ªæ•°:  430
æ€»æ•°:  860
æ­£ç¡®çš„ä¸ªæ•°:  687
Epoch [31/100], V_AUC: [4m0.7960[0m
Epoch [32/100], Loss: 57.0108
train_Accuracy: [91m0.8179[0m
train_Precision: [4;34m0.8357[0m,               train_Recall: [4;33m0.8000[0m,                 train_F1 Score: [4;35m0.8123[0m
æ ‡ç­¾é‡Œ1çš„ä¸ªæ•°:  2150
æ ‡ç­¾é‡Œ0çš„ä¸ªæ•°:  2150
æ€»æ•°:  4300
æ­£ç¡®çš„ä¸ªæ•°:  3517
æœ€åä¸€ä¸ªæ‰¹æ¬¡çš„è¾“å‡º, ä¸æ»¡batchsizeæ˜¯æ­£å¸¸çš„:
 tensor([[0.9029],
        [0.8436],
        [0.9549],
        [0.1345],
        [0.7750],
        [0.0832],
        [0.5377],
        [0.4570],
        [0.5932],
        [0.9082],
        [0.0273],
        [0.1131]], device='cuda:0', grad_fn=<SigmoidBackward0>)
Epoch [32/100], T_AUC: [4m0.8231[0m
Epoch [32/100], Loss: 13.9983
val_Accuracy: [92m0.7930[0m
val_Precision: [4;34m0.8215[0m,               val_Recall: [4;33m0.7408[0m,                 val_F1 Score: [4;35m0.7741[0m
æ ‡ç­¾é‡Œ1çš„ä¸ªæ•°:  430
æ ‡ç­¾é‡Œ0çš„ä¸ªæ•°:  430
æ€»æ•°:  860
æ­£ç¡®çš„ä¸ªæ•°:  682
Epoch [32/100], V_AUC: [4m0.7895[0m
Epoch [33/100], Loss: 56.9528
train_Accuracy: [91m0.8172[0m
train_Precision: [4;34m0.8376[0m,               train_Recall: [4;33m0.7954[0m,                 train_F1 Score: [4;35m0.8107[0m
æ ‡ç­¾é‡Œ1çš„ä¸ªæ•°:  2150
æ ‡ç­¾é‡Œ0çš„ä¸ªæ•°:  2150
æ€»æ•°:  4300
æ­£ç¡®çš„ä¸ªæ•°:  3514
æœ€åä¸€ä¸ªæ‰¹æ¬¡çš„è¾“å‡º, ä¸æ»¡batchsizeæ˜¯æ­£å¸¸çš„:
 tensor([[0.8952],
        [0.8560],
        [0.9520],
        [0.1292],
        [0.7881],
        [0.0776],
        [0.5596],
        [0.4172],
        [0.5907],
        [0.8980],
        [0.0259],
        [0.1337]], device='cuda:0', grad_fn=<SigmoidBackward0>)
Epoch [33/100], T_AUC: [4m0.8227[0m
Epoch [33/100], Loss: 13.7247
val_Accuracy: [92m0.7953[0m
val_Precision: [4;34m0.8233[0m,               val_Recall: [4;33m0.7428[0m,                 val_F1 Score: [4;35m0.7764[0m
æ ‡ç­¾é‡Œ1çš„ä¸ªæ•°:  430
æ ‡ç­¾é‡Œ0çš„ä¸ªæ•°:  430
æ€»æ•°:  860
æ­£ç¡®çš„ä¸ªæ•°:  684
Epoch [33/100], V_AUC: [4m0.7918[0m
Epoch [34/100], Loss: 56.8611
train_Accuracy: [91m0.8177[0m
train_Precision: [4;34m0.8369[0m,               train_Recall: [4;33m0.7979[0m,                 train_F1 Score: [4;35m0.8116[0m
æ ‡ç­¾é‡Œ1çš„ä¸ªæ•°:  2150
æ ‡ç­¾é‡Œ0çš„ä¸ªæ•°:  2150
æ€»æ•°:  4300
æ­£ç¡®çš„ä¸ªæ•°:  3516
æœ€åä¸€ä¸ªæ‰¹æ¬¡çš„è¾“å‡º, ä¸æ»¡batchsizeæ˜¯æ­£å¸¸çš„:
 tensor([[0.9049],
        [0.8544],
        [0.9576],
        [0.1123],
        [0.7997],
        [0.0646],
        [0.5438],
        [0.3647],
        [0.5934],
        [0.9062],
        [0.0324],
        [0.1382]], device='cuda:0', grad_fn=<SigmoidBackward0>)
Epoch [34/100], T_AUC: [4m0.8229[0m
Epoch [34/100], Loss: 13.8360
val_Accuracy: [92m0.7930[0m
val_Precision: [4;34m0.8269[0m,               val_Recall: [4;33m0.7344[0m,                 val_F1 Score: [4;35m0.7725[0m
æ ‡ç­¾é‡Œ1çš„ä¸ªæ•°:  430
æ ‡ç­¾é‡Œ0çš„ä¸ªæ•°:  430
æ€»æ•°:  860
æ­£ç¡®çš„ä¸ªæ•°:  682
Epoch [34/100], V_AUC: [4m0.7901[0m
Epoch [35/100], Loss: 56.7703
train_Accuracy: [91m0.8193[0m
train_Precision: [4;34m0.8363[0m,               train_Recall: [4;33m0.8017[0m,                 train_F1 Score: [4;35m0.8137[0m
æ ‡ç­¾é‡Œ1çš„ä¸ªæ•°:  2150
æ ‡ç­¾é‡Œ0çš„ä¸ªæ•°:  2150
æ€»æ•°:  4300
æ­£ç¡®çš„ä¸ªæ•°:  3523
æœ€åä¸€ä¸ªæ‰¹æ¬¡çš„è¾“å‡º, ä¸æ»¡batchsizeæ˜¯æ­£å¸¸çš„:
 tensor([[0.9065],
        [0.8596],
        [0.9636],
        [0.1580],
        [0.8023],
        [0.0960],
        [0.5698],
        [0.2749],
        [0.5724],
        [0.8973],
        [0.0334],
        [0.0829]], device='cuda:0', grad_fn=<SigmoidBackward0>)
Epoch [35/100], T_AUC: [4m0.8243[0m
Epoch [35/100], Loss: 13.7737
val_Accuracy: [92m0.7930[0m
val_Precision: [4;34m0.8360[0m,               val_Recall: [4;33m0.7235[0m,                 val_F1 Score: [4;35m0.7702[0m
æ ‡ç­¾é‡Œ1çš„ä¸ªæ•°:  430
æ ‡ç­¾é‡Œ0çš„ä¸ªæ•°:  430
æ€»æ•°:  860
æ­£ç¡®çš„ä¸ªæ•°:  682
Epoch [35/100], V_AUC: [4m0.7902[0m
Epoch [36/100], Loss: 56.6509
train_Accuracy: [91m0.8198[0m
train_Precision: [4;34m0.8386[0m,               train_Recall: [4;33m0.8009[0m,                 train_F1 Score: [4;35m0.8140[0m
æ ‡ç­¾é‡Œ1çš„ä¸ªæ•°:  2150
æ ‡ç­¾é‡Œ0çš„ä¸ªæ•°:  2150
æ€»æ•°:  4300
æ­£ç¡®çš„ä¸ªæ•°:  3525
æœ€åä¸€ä¸ªæ‰¹æ¬¡çš„è¾“å‡º, ä¸æ»¡batchsizeæ˜¯æ­£å¸¸çš„:
 tensor([[0.9103],
        [0.8663],
        [0.9651],
        [0.1491],
        [0.7925],
        [0.0890],
        [0.5438],
        [0.2806],
        [0.5503],
        [0.8951],
        [0.0384],
        [0.0937]], device='cuda:0', grad_fn=<SigmoidBackward0>)
Epoch [36/100], T_AUC: [4m0.8247[0m
Epoch [36/100], Loss: 13.7415
val_Accuracy: [92m0.7965[0m
val_Precision: [4;34m0.8365[0m,               val_Recall: [4;33m0.7301[0m,                 val_F1 Score: [4;35m0.7743[0m
æ ‡ç­¾é‡Œ1çš„ä¸ªæ•°:  430
æ ‡ç­¾é‡Œ0çš„ä¸ªæ•°:  430
æ€»æ•°:  860
æ­£ç¡®çš„ä¸ªæ•°:  685
Epoch [36/100], V_AUC: [4m0.7937[0m
Epoch [37/100], Loss: 56.6645
train_Accuracy: [91m0.8205[0m
train_Precision: [4;34m0.8389[0m,               train_Recall: [4;33m0.8025[0m,                 train_F1 Score: [4;35m0.8153[0m
æ ‡ç­¾é‡Œ1çš„ä¸ªæ•°:  2150
æ ‡ç­¾é‡Œ0çš„ä¸ªæ•°:  2150
æ€»æ•°:  4300
æ­£ç¡®çš„ä¸ªæ•°:  3528
æœ€åä¸€ä¸ªæ‰¹æ¬¡çš„è¾“å‡º, ä¸æ»¡batchsizeæ˜¯æ­£å¸¸çš„:
 tensor([[0.9134],
        [0.8661],
        [0.9646],
        [0.1509],
        [0.8024],
        [0.0949],
        [0.5123],
        [0.3262],
        [0.5478],
        [0.8990],
        [0.0315],
        [0.0966]], device='cuda:0', grad_fn=<SigmoidBackward0>)
Epoch [37/100], T_AUC: [4m0.8252[0m
Epoch [37/100], Loss: 13.5907
val_Accuracy: [92m0.7988[0m
val_Precision: [4;34m0.8333[0m,               val_Recall: [4;33m0.7382[0m,                 val_F1 Score: [4;35m0.7772[0m
æ ‡ç­¾é‡Œ1çš„ä¸ªæ•°:  430
æ ‡ç­¾é‡Œ0çš„ä¸ªæ•°:  430
æ€»æ•°:  860
æ­£ç¡®çš„ä¸ªæ•°:  687
Epoch [37/100], V_AUC: [4m0.7957[0m
Epoch [38/100], Loss: 56.4623
train_Accuracy: [91m0.8223[0m
train_Precision: [4;34m0.8388[0m,               train_Recall: [4;33m0.8067[0m,                 train_F1 Score: [4;35m0.8172[0m
æ ‡ç­¾é‡Œ1çš„ä¸ªæ•°:  2150
æ ‡ç­¾é‡Œ0çš„ä¸ªæ•°:  2150
æ€»æ•°:  4300
æ­£ç¡®çš„ä¸ªæ•°:  3536
æœ€åä¸€ä¸ªæ‰¹æ¬¡çš„è¾“å‡º, ä¸æ»¡batchsizeæ˜¯æ­£å¸¸çš„:
 tensor([[0.9153],
        [0.8704],
        [0.9691],
        [0.1634],
        [0.7965],
        [0.0988],
        [0.5337],
        [0.2692],
        [0.5524],
        [0.8935],
        [0.0325],
        [0.0855]], device='cuda:0', grad_fn=<SigmoidBackward0>)
Epoch [38/100], T_AUC: [4m0.8275[0m
Epoch [38/100], Loss: 13.8357
val_Accuracy: [92m0.7919[0m
val_Precision: [4;34m0.8308[0m,               val_Recall: [4;33m0.7254[0m,                 val_F1 Score: [4;35m0.7693[0m
æ ‡ç­¾é‡Œ1çš„ä¸ªæ•°:  430
æ ‡ç­¾é‡Œ0çš„ä¸ªæ•°:  430
æ€»æ•°:  860
æ­£ç¡®çš„ä¸ªæ•°:  681
Epoch [38/100], V_AUC: [4m0.7892[0m
Epoch [39/100], Loss: 56.5490
train_Accuracy: [91m0.8193[0m
train_Precision: [4;34m0.8400[0m,               train_Recall: [4;33m0.7983[0m,                 train_F1 Score: [4;35m0.8134[0m
æ ‡ç­¾é‡Œ1çš„ä¸ªæ•°:  2150
æ ‡ç­¾é‡Œ0çš„ä¸ªæ•°:  2150
æ€»æ•°:  4300
æ­£ç¡®çš„ä¸ªæ•°:  3523
æœ€åä¸€ä¸ªæ‰¹æ¬¡çš„è¾“å‡º, ä¸æ»¡batchsizeæ˜¯æ­£å¸¸çš„:
 tensor([[0.9183],
        [0.8652],
        [0.9712],
        [0.1809],
        [0.8152],
        [0.0965],
        [0.5153],
        [0.2558],
        [0.5729],
        [0.8961],
        [0.0309],
        [0.0799]], device='cuda:0', grad_fn=<SigmoidBackward0>)
Epoch [39/100], T_AUC: [4m0.8245[0m
Epoch [39/100], Loss: 13.8339
val_Accuracy: [92m0.7942[0m
val_Precision: [4;34m0.8318[0m,               val_Recall: [4;33m0.7302[0m,                 val_F1 Score: [4;35m0.7722[0m
æ ‡ç­¾é‡Œ1çš„ä¸ªæ•°:  430
æ ‡ç­¾é‡Œ0çš„ä¸ªæ•°:  430
æ€»æ•°:  860
æ­£ç¡®çš„ä¸ªæ•°:  683
Epoch [39/100], V_AUC: [4m0.7916[0m
Epoch [40/100], Loss: 56.4248
train_Accuracy: [91m0.8221[0m
train_Precision: [4;34m0.8416[0m,               train_Recall: [4;33m0.8018[0m,                 train_F1 Score: [4;35m0.8163[0m
æ ‡ç­¾é‡Œ1çš„ä¸ªæ•°:  2150
æ ‡ç­¾é‡Œ0çš„ä¸ªæ•°:  2150
æ€»æ•°:  4300
æ­£ç¡®çš„ä¸ªæ•°:  3535
æœ€åä¸€ä¸ªæ‰¹æ¬¡çš„è¾“å‡º, ä¸æ»¡batchsizeæ˜¯æ­£å¸¸çš„:
 tensor([[0.9190],
        [0.8692],
        [0.9671],
        [0.1786],
        [0.8091],
        [0.0999],
        [0.5362],
        [0.2221],
        [0.5610],
        [0.8972],
        [0.0328],
        [0.0784]], device='cuda:0', grad_fn=<SigmoidBackward0>)
Epoch [40/100], T_AUC: [4m0.8270[0m
Epoch [40/100], Loss: 13.9007
val_Accuracy: [92m0.7930[0m
val_Precision: [4;34m0.8399[0m,               val_Recall: [4;33m0.7196[0m,                 val_F1 Score: [4;35m0.7698[0m
æ ‡ç­¾é‡Œ1çš„ä¸ªæ•°:  430
æ ‡ç­¾é‡Œ0çš„ä¸ªæ•°:  430
æ€»æ•°:  860
æ­£ç¡®çš„ä¸ªæ•°:  682
Epoch [40/100], V_AUC: [4m0.7908[0m
Epoch [41/100], Loss: 56.4200
train_Accuracy: [91m0.8216[0m
train_Precision: [4;34m0.8420[0m,               train_Recall: [4;33m0.8007[0m,                 train_F1 Score: [4;35m0.8158[0m
æ ‡ç­¾é‡Œ1çš„ä¸ªæ•°:  2150
æ ‡ç­¾é‡Œ0çš„ä¸ªæ•°:  2150
æ€»æ•°:  4300
æ­£ç¡®çš„ä¸ªæ•°:  3533
æœ€åä¸€ä¸ªæ‰¹æ¬¡çš„è¾“å‡º, ä¸æ»¡batchsizeæ˜¯æ­£å¸¸çš„:
 tensor([[0.9149],
        [0.8610],
        [0.9677],
        [0.1668],
        [0.8106],
        [0.1004],
        [0.5199],
        [0.2765],
        [0.5979],
        [0.8926],
        [0.0273],
        [0.0893]], device='cuda:0', grad_fn=<SigmoidBackward0>)
Epoch [41/100], T_AUC: [4m0.8266[0m
Epoch [41/100], Loss: 13.7609
val_Accuracy: [92m0.7953[0m
val_Precision: [4;34m0.8334[0m,               val_Recall: [4;33m0.7297[0m,                 val_F1 Score: [4;35m0.7725[0m
æ ‡ç­¾é‡Œ1çš„ä¸ªæ•°:  430
æ ‡ç­¾é‡Œ0çš„ä¸ªæ•°:  430
æ€»æ•°:  860
æ­£ç¡®çš„ä¸ªæ•°:  684
Epoch [41/100], V_AUC: [4m0.7925[0m
Epoch [42/100], Loss: 56.3477
train_Accuracy: [91m0.8219[0m
train_Precision: [4;34m0.8407[0m,               train_Recall: [4;33m0.8027[0m,                 train_F1 Score: [4;35m0.8164[0m
æ ‡ç­¾é‡Œ1çš„ä¸ªæ•°:  2150
æ ‡ç­¾é‡Œ0çš„ä¸ªæ•°:  2150
æ€»æ•°:  4300
æ­£ç¡®çš„ä¸ªæ•°:  3534
æœ€åä¸€ä¸ªæ‰¹æ¬¡çš„è¾“å‡º, ä¸æ»¡batchsizeæ˜¯æ­£å¸¸çš„:
 tensor([[0.9118],
        [0.8559],
        [0.9682],
        [0.1729],
        [0.8333],
        [0.1082],
        [0.5014],
        [0.2839],
        [0.5982],
        [0.8922],
        [0.0279],
        [0.0775]], device='cuda:0', grad_fn=<SigmoidBackward0>)
Epoch [42/100], T_AUC: [4m0.8268[0m
Epoch [42/100], Loss: 13.7800
val_Accuracy: [92m0.7895[0m
val_Precision: [4;34m0.8257[0m,               val_Recall: [4;33m0.7253[0m,                 val_F1 Score: [4;35m0.7672[0m
æ ‡ç­¾é‡Œ1çš„ä¸ªæ•°:  430
æ ‡ç­¾é‡Œ0çš„ä¸ªæ•°:  430
æ€»æ•°:  860
æ­£ç¡®çš„ä¸ªæ•°:  679
Epoch [42/100], V_AUC: [4m0.7872[0m
Epoch [43/100], Loss: 56.3601
train_Accuracy: [91m0.8205[0m
train_Precision: [4;34m0.8413[0m,               train_Recall: [4;33m0.7990[0m,                 train_F1 Score: [4;35m0.8146[0m
æ ‡ç­¾é‡Œ1çš„ä¸ªæ•°:  2150
æ ‡ç­¾é‡Œ0çš„ä¸ªæ•°:  2150
æ€»æ•°:  4300
æ­£ç¡®çš„ä¸ªæ•°:  3528
æœ€åä¸€ä¸ªæ‰¹æ¬¡çš„è¾“å‡º, ä¸æ»¡batchsizeæ˜¯æ­£å¸¸çš„:
 tensor([[0.8977],
        [0.8490],
        [0.9666],
        [0.1603],
        [0.8477],
        [0.1025],
        [0.4905],
        [0.2805],
        [0.6335],
        [0.9046],
        [0.0354],
        [0.0669]], device='cuda:0', grad_fn=<SigmoidBackward0>)
Epoch [43/100], T_AUC: [4m0.8257[0m
Epoch [43/100], Loss: 13.7101
val_Accuracy: [92m0.7977[0m
val_Precision: [4;34m0.8262[0m,               val_Recall: [4;33m0.7464[0m,                 val_F1 Score: [4;35m0.7795[0m
æ ‡ç­¾é‡Œ1çš„ä¸ªæ•°:  430
æ ‡ç­¾é‡Œ0çš„ä¸ªæ•°:  430
æ€»æ•°:  860
æ­£ç¡®çš„ä¸ªæ•°:  686
Epoch [43/100], V_AUC: [4m0.7954[0m
Epoch [44/100], Loss: 56.2872
train_Accuracy: [91m0.8193[0m
train_Precision: [4;34m0.8383[0m,               train_Recall: [4;33m0.8001[0m,                 train_F1 Score: [4;35m0.8137[0m
æ ‡ç­¾é‡Œ1çš„ä¸ªæ•°:  2150
æ ‡ç­¾é‡Œ0çš„ä¸ªæ•°:  2150
æ€»æ•°:  4300
æ­£ç¡®çš„ä¸ªæ•°:  3523
æœ€åä¸€ä¸ªæ‰¹æ¬¡çš„è¾“å‡º, ä¸æ»¡batchsizeæ˜¯æ­£å¸¸çš„:
 tensor([[0.8871],
        [0.8375],
        [0.9756],
        [0.1816],
        [0.8330],
        [0.1095],
        [0.4655],
        [0.2543],
        [0.6135],
        [0.8915],
        [0.0330],
        [0.0749]], device='cuda:0', grad_fn=<SigmoidBackward0>)
Epoch [44/100], T_AUC: [4m0.8246[0m
Epoch [44/100], Loss: 13.9451
val_Accuracy: [92m0.7930[0m
val_Precision: [4;34m0.8344[0m,               val_Recall: [4;33m0.7261[0m,                 val_F1 Score: [4;35m0.7710[0m
æ ‡ç­¾é‡Œ1çš„ä¸ªæ•°:  430
æ ‡ç­¾é‡Œ0çš„ä¸ªæ•°:  430
æ€»æ•°:  860
æ­£ç¡®çš„ä¸ªæ•°:  682
Epoch [44/100], V_AUC: [4m0.7906[0m
Epoch [45/100], Loss: 56.3037
train_Accuracy: [91m0.8216[0m
train_Precision: [4;34m0.8435[0m,               train_Recall: [4;33m0.7993[0m,                 train_F1 Score: [4;35m0.8160[0m
æ ‡ç­¾é‡Œ1çš„ä¸ªæ•°:  2150
æ ‡ç­¾é‡Œ0çš„ä¸ªæ•°:  2150
æ€»æ•°:  4300
æ­£ç¡®çš„ä¸ªæ•°:  3533
æœ€åä¸€ä¸ªæ‰¹æ¬¡çš„è¾“å‡º, ä¸æ»¡batchsizeæ˜¯æ­£å¸¸çš„:
 tensor([[0.9057],
        [0.8424],
        [0.9759],
        [0.1709],
        [0.8261],
        [0.1065],
        [0.4875],
        [0.2719],
        [0.6173],
        [0.8893],
        [0.0330],
        [0.0747]], device='cuda:0', grad_fn=<SigmoidBackward0>)
Epoch [45/100], T_AUC: [4m0.8267[0m
Epoch [45/100], Loss: 13.7765
val_Accuracy: [92m0.7907[0m
val_Precision: [4;34m0.8290[0m,               val_Recall: [4;33m0.7253[0m,                 val_F1 Score: [4;35m0.7681[0m
æ ‡ç­¾é‡Œ1çš„ä¸ªæ•°:  430
æ ‡ç­¾é‡Œ0çš„ä¸ªæ•°:  430
æ€»æ•°:  860
æ­£ç¡®çš„ä¸ªæ•°:  680
Epoch [45/100], V_AUC: [4m0.7878[0m
Epoch [46/100], Loss: 56.3194
train_Accuracy: [91m0.8235[0m
train_Precision: [4;34m0.8448[0m,               train_Recall: [4;33m0.8011[0m,                 train_F1 Score: [4;35m0.8174[0m
æ ‡ç­¾é‡Œ1çš„ä¸ªæ•°:  2150
æ ‡ç­¾é‡Œ0çš„ä¸ªæ•°:  2150
æ€»æ•°:  4300
æ­£ç¡®çš„ä¸ªæ•°:  3541
æœ€åä¸€ä¸ªæ‰¹æ¬¡çš„è¾“å‡º, ä¸æ»¡batchsizeæ˜¯æ­£å¸¸çš„:
 tensor([[0.8979],
        [0.8581],
        [0.9747],
        [0.1610],
        [0.8108],
        [0.1103],
        [0.5019],
        [0.2904],
        [0.5881],
        [0.8808],
        [0.0306],
        [0.0735]], device='cuda:0', grad_fn=<SigmoidBackward0>)
Epoch [46/100], T_AUC: [4m0.8285[0m
Epoch [46/100], Loss: 13.8475
val_Accuracy: [92m0.7965[0m
val_Precision: [4;34m0.8392[0m,               val_Recall: [4;33m0.7282[0m,                 val_F1 Score: [4;35m0.7744[0m
æ ‡ç­¾é‡Œ1çš„ä¸ªæ•°:  430
æ ‡ç­¾é‡Œ0çš„ä¸ªæ•°:  430
æ€»æ•°:  860
æ­£ç¡®çš„ä¸ªæ•°:  685
Epoch [46/100], V_AUC: [4m0.7935[0m
Epoch [47/100], Loss: 56.1717
train_Accuracy: [91m0.8209[0m
train_Precision: [4;34m0.8400[0m,               train_Recall: [4;33m0.8023[0m,                 train_F1 Score: [4;35m0.8158[0m
æ ‡ç­¾é‡Œ1çš„ä¸ªæ•°:  2150
æ ‡ç­¾é‡Œ0çš„ä¸ªæ•°:  2150
æ€»æ•°:  4300
æ­£ç¡®çš„ä¸ªæ•°:  3530
æœ€åä¸€ä¸ªæ‰¹æ¬¡çš„è¾“å‡º, ä¸æ»¡batchsizeæ˜¯æ­£å¸¸çš„:
 tensor([[0.9018],
        [0.8479],
        [0.9749],
        [0.1603],
        [0.8336],
        [0.1042],
        [0.4844],
        [0.2548],
        [0.6032],
        [0.8922],
        [0.0311],
        [0.0954]], device='cuda:0', grad_fn=<SigmoidBackward0>)
Epoch [47/100], T_AUC: [4m0.8260[0m
Epoch [47/100], Loss: 13.7496
val_Accuracy: [92m0.7953[0m
val_Precision: [4;34m0.8346[0m,               val_Recall: [4;33m0.7302[0m,                 val_F1 Score: [4;35m0.7733[0m
æ ‡ç­¾é‡Œ1çš„ä¸ªæ•°:  430
æ ‡ç­¾é‡Œ0çš„ä¸ªæ•°:  430
æ€»æ•°:  860
æ­£ç¡®çš„ä¸ªæ•°:  684
Epoch [47/100], V_AUC: [4m0.7925[0m
Epoch [48/100], Loss: 56.1970
train_Accuracy: [91m0.8198[0m
train_Precision: [4;34m0.8406[0m,               train_Recall: [4;33m0.7992[0m,                 train_F1 Score: [4;35m0.8143[0m
æ ‡ç­¾é‡Œ1çš„ä¸ªæ•°:  2150
æ ‡ç­¾é‡Œ0çš„ä¸ªæ•°:  2150
æ€»æ•°:  4300
æ­£ç¡®çš„ä¸ªæ•°:  3525
æœ€åä¸€ä¸ªæ‰¹æ¬¡çš„è¾“å‡º, ä¸æ»¡batchsizeæ˜¯æ­£å¸¸çš„:
 tensor([[0.9006],
        [0.8554],
        [0.9765],
        [0.1491],
        [0.8232],
        [0.0974],
        [0.4439],
        [0.2505],
        [0.5889],
        [0.8868],
        [0.0345],
        [0.1053]], device='cuda:0', grad_fn=<SigmoidBackward0>)
Epoch [48/100], T_AUC: [4m0.8253[0m
Epoch [48/100], Loss: 13.7540
val_Accuracy: [92m0.7919[0m
val_Precision: [4;34m0.8329[0m,               val_Recall: [4;33m0.7232[0m,                 val_F1 Score: [4;35m0.7687[0m
æ ‡ç­¾é‡Œ1çš„ä¸ªæ•°:  430
æ ‡ç­¾é‡Œ0çš„ä¸ªæ•°:  430
æ€»æ•°:  860
æ­£ç¡®çš„ä¸ªæ•°:  681
Epoch [48/100], V_AUC: [4m0.7890[0m
Epoch [49/100], Loss: 56.3053
train_Accuracy: [91m0.8191[0m
train_Precision: [4;34m0.8376[0m,               train_Recall: [4;33m0.8011[0m,                 train_F1 Score: [4;35m0.8138[0m
æ ‡ç­¾é‡Œ1çš„ä¸ªæ•°:  2150
æ ‡ç­¾é‡Œ0çš„ä¸ªæ•°:  2150
æ€»æ•°:  4300
æ­£ç¡®çš„ä¸ªæ•°:  3522
æœ€åä¸€ä¸ªæ‰¹æ¬¡çš„è¾“å‡º, ä¸æ»¡batchsizeæ˜¯æ­£å¸¸çš„:
 tensor([[0.9100],
        [0.8617],
        [0.9751],
        [0.1402],
        [0.8170],
        [0.0912],
        [0.4544],
        [0.2870],
        [0.5811],
        [0.8948],
        [0.0326],
        [0.1121]], device='cuda:0', grad_fn=<SigmoidBackward0>)
Epoch [49/100], T_AUC: [4m0.8248[0m
Epoch [49/100], Loss: 13.8642
val_Accuracy: [92m0.7930[0m
val_Precision: [4;34m0.8334[0m,               val_Recall: [4;33m0.7253[0m,                 val_F1 Score: [4;35m0.7700[0m
æ ‡ç­¾é‡Œ1çš„ä¸ªæ•°:  430
æ ‡ç­¾é‡Œ0çš„ä¸ªæ•°:  430
æ€»æ•°:  860
æ­£ç¡®çš„ä¸ªæ•°:  682
Epoch [49/100], V_AUC: [4m0.7900[0m
Epoch [50/100], Loss: 56.2279
train_Accuracy: [91m0.8200[0m
train_Precision: [4;34m0.8384[0m,               train_Recall: [4;33m0.8022[0m,                 train_F1 Score: [4;35m0.8149[0m
æ ‡ç­¾é‡Œ1çš„ä¸ªæ•°:  2150
æ ‡ç­¾é‡Œ0çš„ä¸ªæ•°:  2150
æ€»æ•°:  4300
æ­£ç¡®çš„ä¸ªæ•°:  3526
æœ€åä¸€ä¸ªæ‰¹æ¬¡çš„è¾“å‡º, ä¸æ»¡batchsizeæ˜¯æ­£å¸¸çš„:
 tensor([[0.9186],
        [0.8667],
        [0.9718],
        [0.1479],
        [0.8183],
        [0.0886],
        [0.4789],
        [0.2533],
        [0.5786],
        [0.8943],
        [0.0328],
        [0.1049]], device='cuda:0', grad_fn=<SigmoidBackward0>)
Epoch [50/100], T_AUC: [4m0.8253[0m
Epoch [50/100], Loss: 13.9456
val_Accuracy: [92m0.7953[0m
val_Precision: [4;34m0.8383[0m,               val_Recall: [4;33m0.7255[0m,                 val_F1 Score: [4;35m0.7725[0m
æ ‡ç­¾é‡Œ1çš„ä¸ªæ•°:  430
æ ‡ç­¾é‡Œ0çš„ä¸ªæ•°:  430
æ€»æ•°:  860
æ­£ç¡®çš„ä¸ªæ•°:  684
Epoch [50/100], V_AUC: [4m0.7925[0m
Epoch [51/100], Loss: 56.1882
train_Accuracy: [91m0.8198[0m
train_Precision: [4;34m0.8387[0m,               train_Recall: [4;33m0.8003[0m,                 train_F1 Score: [4;35m0.8141[0m
æ ‡ç­¾é‡Œ1çš„ä¸ªæ•°:  2150
æ ‡ç­¾é‡Œ0çš„ä¸ªæ•°:  2150
æ€»æ•°:  4300
æ­£ç¡®çš„ä¸ªæ•°:  3525
æœ€åä¸€ä¸ªæ‰¹æ¬¡çš„è¾“å‡º, ä¸æ»¡batchsizeæ˜¯æ­£å¸¸çš„:
 tensor([[0.9129],
        [0.8653],
        [0.9721],
        [0.1459],
        [0.8211],
        [0.0844],
        [0.4796],
        [0.2462],
        [0.5755],
        [0.8967],
        [0.0332],
        [0.1134]], device='cuda:0', grad_fn=<SigmoidBackward0>)
Epoch [51/100], T_AUC: [4m0.8253[0m
Epoch [51/100], Loss: 13.8921
val_Accuracy: [92m0.7965[0m
val_Precision: [4;34m0.8372[0m,               val_Recall: [4;33m0.7304[0m,                 val_F1 Score: [4;35m0.7747[0m
æ ‡ç­¾é‡Œ1çš„ä¸ªæ•°:  430
æ ‡ç­¾é‡Œ0çš„ä¸ªæ•°:  430
æ€»æ•°:  860
æ­£ç¡®çš„ä¸ªæ•°:  685
Epoch [51/100], V_AUC: [4m0.7936[0m
Epoch [52/100], Loss: 56.1694
train_Accuracy: [91m0.8193[0m
train_Precision: [4;34m0.8393[0m,               train_Recall: [4;33m0.7989[0m,                 train_F1 Score: [4;35m0.8134[0m
æ ‡ç­¾é‡Œ1çš„ä¸ªæ•°:  2150
æ ‡ç­¾é‡Œ0çš„ä¸ªæ•°:  2150
æ€»æ•°:  4300
æ­£ç¡®çš„ä¸ªæ•°:  3523
æœ€åä¸€ä¸ªæ‰¹æ¬¡çš„è¾“å‡º, ä¸æ»¡batchsizeæ˜¯æ­£å¸¸çš„:
 tensor([[0.9099],
        [0.8718],
        [0.9728],
        [0.1517],
        [0.8164],
        [0.0833],
        [0.4795],
        [0.2406],
        [0.5774],
        [0.8982],
        [0.0332],
        [0.1102]], device='cuda:0', grad_fn=<SigmoidBackward0>)
Epoch [52/100], T_AUC: [4m0.8248[0m
Epoch [52/100], Loss: 13.8813
val_Accuracy: [92m0.7953[0m
val_Precision: [4;34m0.8348[0m,               val_Recall: [4;33m0.7304[0m,                 val_F1 Score: [4;35m0.7735[0m
æ ‡ç­¾é‡Œ1çš„ä¸ªæ•°:  430
æ ‡ç­¾é‡Œ0çš„ä¸ªæ•°:  430
æ€»æ•°:  860
æ­£ç¡®çš„ä¸ªæ•°:  684
Epoch [52/100], V_AUC: [4m0.7926[0m
Epoch [53/100], Loss: 56.1479
train_Accuracy: [91m0.8209[0m
train_Precision: [4;34m0.8401[0m,               train_Recall: [4;33m0.8014[0m,                 train_F1 Score: [4;35m0.8153[0m
æ ‡ç­¾é‡Œ1çš„ä¸ªæ•°:  2150
æ ‡ç­¾é‡Œ0çš„ä¸ªæ•°:  2150
æ€»æ•°:  4300
æ­£ç¡®çš„ä¸ªæ•°:  3530
æœ€åä¸€ä¸ªæ‰¹æ¬¡çš„è¾“å‡º, ä¸æ»¡batchsizeæ˜¯æ­£å¸¸çš„:
 tensor([[0.9129],
        [0.8837],
        [0.9707],
        [0.1433],
        [0.8107],
        [0.0824],
        [0.4899],
        [0.2396],
        [0.5708],
        [0.9008],
        [0.0338],
        [0.1135]], device='cuda:0', grad_fn=<SigmoidBackward0>)
Epoch [53/100], T_AUC: [4m0.8261[0m
Epoch [53/100], Loss: 13.9412
val_Accuracy: [92m0.7942[0m
val_Precision: [4;34m0.8365[0m,               val_Recall: [4;33m0.7259[0m,                 val_F1 Score: [4;35m0.7719[0m
æ ‡ç­¾é‡Œ1çš„ä¸ªæ•°:  430
æ ‡ç­¾é‡Œ0çš„ä¸ªæ•°:  430
æ€»æ•°:  860
æ­£ç¡®çš„ä¸ªæ•°:  683
Epoch [53/100], V_AUC: [4m0.7914[0m
Epoch [54/100], Loss: 56.1360
train_Accuracy: [91m0.8209[0m
train_Precision: [4;34m0.8406[0m,               train_Recall: [4;33m0.8010[0m,                 train_F1 Score: [4;35m0.8154[0m
æ ‡ç­¾é‡Œ1çš„ä¸ªæ•°:  2150
æ ‡ç­¾é‡Œ0çš„ä¸ªæ•°:  2150
æ€»æ•°:  4300
æ­£ç¡®çš„ä¸ªæ•°:  3530
æœ€åä¸€ä¸ªæ‰¹æ¬¡çš„è¾“å‡º, ä¸æ»¡batchsizeæ˜¯æ­£å¸¸çš„:
 tensor([[0.9118],
        [0.8818],
        [0.9626],
        [0.1405],
        [0.8183],
        [0.0847],
        [0.4697],
        [0.2568],
        [0.5788],
        [0.9006],
        [0.0345],
        [0.1067]], device='cuda:0', grad_fn=<SigmoidBackward0>)
Epoch [54/100], T_AUC: [4m0.8260[0m
Epoch [54/100], Loss: 13.7811
val_Accuracy: [92m0.7953[0m
val_Precision: [4;34m0.8325[0m,               val_Recall: [4;33m0.7324[0m,                 val_F1 Score: [4;35m0.7735[0m
æ ‡ç­¾é‡Œ1çš„ä¸ªæ•°:  430
æ ‡ç­¾é‡Œ0çš„ä¸ªæ•°:  430
æ€»æ•°:  860
æ­£ç¡®çš„ä¸ªæ•°:  684
Epoch [54/100], V_AUC: [4m0.7926[0m
Epoch [55/100], Loss: 56.1813
train_Accuracy: [91m0.8214[0m
train_Precision: [4;34m0.8410[0m,               train_Recall: [4;33m0.8016[0m,                 train_F1 Score: [4;35m0.8161[0m
æ ‡ç­¾é‡Œ1çš„ä¸ªæ•°:  2150
æ ‡ç­¾é‡Œ0çš„ä¸ªæ•°:  2150
æ€»æ•°:  4300
æ­£ç¡®çš„ä¸ªæ•°:  3532
æœ€åä¸€ä¸ªæ‰¹æ¬¡çš„è¾“å‡º, ä¸æ»¡batchsizeæ˜¯æ­£å¸¸çš„:
 tensor([[0.9091],
        [0.8811],
        [0.9629],
        [0.1403],
        [0.8023],
        [0.0849],
        [0.4909],
        [0.2673],
        [0.6055],
        [0.8970],
        [0.0316],
        [0.1185]], device='cuda:0', grad_fn=<SigmoidBackward0>)
Epoch [55/100], T_AUC: [4m0.8265[0m
Epoch [55/100], Loss: 13.7957
val_Accuracy: [92m0.7953[0m
val_Precision: [4;34m0.8325[0m,               val_Recall: [4;33m0.7324[0m,                 val_F1 Score: [4;35m0.7735[0m
æ ‡ç­¾é‡Œ1çš„ä¸ªæ•°:  430
æ ‡ç­¾é‡Œ0çš„ä¸ªæ•°:  430
æ€»æ•°:  860
æ­£ç¡®çš„ä¸ªæ•°:  684
Epoch [55/100], V_AUC: [4m0.7926[0m
Epoch [56/100], Loss: 56.0715
train_Accuracy: [91m0.8226[0m
train_Precision: [4;34m0.8411[0m,               train_Recall: [4;33m0.8043[0m,                 train_F1 Score: [4;35m0.8170[0m
æ ‡ç­¾é‡Œ1çš„ä¸ªæ•°:  2150
æ ‡ç­¾é‡Œ0çš„ä¸ªæ•°:  2150
æ€»æ•°:  4300
æ­£ç¡®çš„ä¸ªæ•°:  3537
æœ€åä¸€ä¸ªæ‰¹æ¬¡çš„è¾“å‡º, ä¸æ»¡batchsizeæ˜¯æ­£å¸¸çš„:
 tensor([[0.9136],
        [0.8762],
        [0.9641],
        [0.1482],
        [0.8158],
        [0.0786],
        [0.5001],
        [0.2690],
        [0.5996],
        [0.8889],
        [0.0321],
        [0.1194]], device='cuda:0', grad_fn=<SigmoidBackward0>)
Epoch [56/100], T_AUC: [4m0.8282[0m
Epoch [56/100], Loss: 13.8265
val_Accuracy: [92m0.7942[0m
val_Precision: [4;34m0.8258[0m,               val_Recall: [4;33m0.7371[0m,                 val_F1 Score: [4;35m0.7738[0m
æ ‡ç­¾é‡Œ1çš„ä¸ªæ•°:  430
æ ‡ç­¾é‡Œ0çš„ä¸ªæ•°:  430
æ€»æ•°:  860
æ­£ç¡®çš„ä¸ªæ•°:  683
Epoch [56/100], V_AUC: [4m0.7914[0m
Epoch [57/100], Loss: 56.0515
train_Accuracy: [91m0.8223[0m
train_Precision: [4;34m0.8385[0m,               train_Recall: [4;33m0.8075[0m,                 train_F1 Score: [4;35m0.8178[0m
æ ‡ç­¾é‡Œ1çš„ä¸ªæ•°:  2150
æ ‡ç­¾é‡Œ0çš„ä¸ªæ•°:  2150
æ€»æ•°:  4300
æ­£ç¡®çš„ä¸ªæ•°:  3536
æœ€åä¸€ä¸ªæ‰¹æ¬¡çš„è¾“å‡º, ä¸æ»¡batchsizeæ˜¯æ­£å¸¸çš„:
 tensor([[0.9089],
        [0.8672],
        [0.9667],
        [0.1374],
        [0.8097],
        [0.0835],
        [0.4871],
        [0.2672],
        [0.6035],
        [0.8923],
        [0.0341],
        [0.1222]], device='cuda:0', grad_fn=<SigmoidBackward0>)
Epoch [57/100], T_AUC: [4m0.8282[0m
Epoch [57/100], Loss: 13.8170
val_Accuracy: [92m0.7942[0m
val_Precision: [4;34m0.8308[0m,               val_Recall: [4;33m0.7330[0m,                 val_F1 Score: [4;35m0.7731[0m
æ ‡ç­¾é‡Œ1çš„ä¸ªæ•°:  430
æ ‡ç­¾é‡Œ0çš„ä¸ªæ•°:  430
æ€»æ•°:  860
æ­£ç¡®çš„ä¸ªæ•°:  683
Epoch [57/100], V_AUC: [4m0.7912[0m
Epoch [58/100], Loss: 56.0130
train_Accuracy: [91m0.8233[0m
train_Precision: [4;34m0.8382[0m,               train_Recall: [4;33m0.8103[0m,                 train_F1 Score: [4;35m0.8190[0m
æ ‡ç­¾é‡Œ1çš„ä¸ªæ•°:  2150
æ ‡ç­¾é‡Œ0çš„ä¸ªæ•°:  2150
æ€»æ•°:  4300
æ­£ç¡®çš„ä¸ªæ•°:  3540
æœ€åä¸€ä¸ªæ‰¹æ¬¡çš„è¾“å‡º, ä¸æ»¡batchsizeæ˜¯æ­£å¸¸çš„:
 tensor([[0.9094],
        [0.8739],
        [0.9664],
        [0.1332],
        [0.8118],
        [0.0765],
        [0.5014],
        [0.2440],
        [0.6014],
        [0.8923],
        [0.0339],
        [0.1239]], device='cuda:0', grad_fn=<SigmoidBackward0>)
Epoch [58/100], T_AUC: [4m0.8287[0m
Epoch [58/100], Loss: 13.9431
val_Accuracy: [92m0.7942[0m
val_Precision: [4;34m0.8274[0m,               val_Recall: [4;33m0.7351[0m,                 val_F1 Score: [4;35m0.7733[0m
æ ‡ç­¾é‡Œ1çš„ä¸ªæ•°:  430
æ ‡ç­¾é‡Œ0çš„ä¸ªæ•°:  430
æ€»æ•°:  860
æ­£ç¡®çš„ä¸ªæ•°:  683
Epoch [58/100], V_AUC: [4m0.7913[0m
Epoch [59/100], Loss: 56.0192
train_Accuracy: [91m0.8230[0m
train_Precision: [4;34m0.8372[0m,               train_Recall: [4;33m0.8114[0m,                 train_F1 Score: [4;35m0.8189[0m
æ ‡ç­¾é‡Œ1çš„ä¸ªæ•°:  2150
æ ‡ç­¾é‡Œ0çš„ä¸ªæ•°:  2150
æ€»æ•°:  4300
æ­£ç¡®çš„ä¸ªæ•°:  3539
æœ€åä¸€ä¸ªæ‰¹æ¬¡çš„è¾“å‡º, ä¸æ»¡batchsizeæ˜¯æ­£å¸¸çš„:
 tensor([[0.9173],
        [0.8662],
        [0.9587],
        [0.1429],
        [0.8134],
        [0.0775],
        [0.5211],
        [0.2671],
        [0.6151],
        [0.8895],
        [0.0277],
        [0.1240]], device='cuda:0', grad_fn=<SigmoidBackward0>)
Epoch [59/100], T_AUC: [4m0.8285[0m
Epoch [59/100], Loss: 13.9864
val_Accuracy: [92m0.7965[0m
val_Precision: [4;34m0.8288[0m,               val_Recall: [4;33m0.7401[0m,                 val_F1 Score: [4;35m0.7769[0m
æ ‡ç­¾é‡Œ1çš„ä¸ªæ•°:  430
æ ‡ç­¾é‡Œ0çš„ä¸ªæ•°:  430
æ€»æ•°:  860
æ­£ç¡®çš„ä¸ªæ•°:  685
Epoch [59/100], V_AUC: [4m0.7939[0m
Epoch [60/100], Loss: 56.0288
train_Accuracy: [91m0.8221[0m
train_Precision: [4;34m0.8363[0m,               train_Recall: [4;33m0.8108[0m,                 train_F1 Score: [4;35m0.8180[0m
æ ‡ç­¾é‡Œ1çš„ä¸ªæ•°:  2150
æ ‡ç­¾é‡Œ0çš„ä¸ªæ•°:  2150
æ€»æ•°:  4300
æ­£ç¡®çš„ä¸ªæ•°:  3535
æœ€åä¸€ä¸ªæ‰¹æ¬¡çš„è¾“å‡º, ä¸æ»¡batchsizeæ˜¯æ­£å¸¸çš„:
 tensor([[0.9149],
        [0.8522],
        [0.9661],
        [0.1478],
        [0.8250],
        [0.0828],
        [0.5149],
        [0.2476],
        [0.6094],
        [0.8911],
        [0.0284],
        [0.1254]], device='cuda:0', grad_fn=<SigmoidBackward0>)
Epoch [60/100], T_AUC: [4m0.8279[0m
Epoch [60/100], Loss: 13.9285
val_Accuracy: [92m0.7965[0m
val_Precision: [4;34m0.8284[0m,               val_Recall: [4;33m0.7396[0m,                 val_F1 Score: [4;35m0.7766[0m
æ ‡ç­¾é‡Œ1çš„ä¸ªæ•°:  430
æ ‡ç­¾é‡Œ0çš„ä¸ªæ•°:  430
æ€»æ•°:  860
æ­£ç¡®çš„ä¸ªæ•°:  685
Epoch [60/100], V_AUC: [4m0.7936[0m
Epoch [61/100], Loss: 55.9594
train_Accuracy: [91m0.8240[0m
train_Precision: [4;34m0.8361[0m,               train_Recall: [4;33m0.8145[0m,                 train_F1 Score: [4;35m0.8201[0m
æ ‡ç­¾é‡Œ1çš„ä¸ªæ•°:  2150
æ ‡ç­¾é‡Œ0çš„ä¸ªæ•°:  2150
æ€»æ•°:  4300
æ­£ç¡®çš„ä¸ªæ•°:  3543
æœ€åä¸€ä¸ªæ‰¹æ¬¡çš„è¾“å‡º, ä¸æ»¡batchsizeæ˜¯æ­£å¸¸çš„:
 tensor([[0.9163],
        [0.8646],
        [0.9595],
        [0.1254],
        [0.8111],
        [0.0722],
        [0.5432],
        [0.2510],
        [0.6302],
        [0.8883],
        [0.0343],
        [0.1269]], device='cuda:0', grad_fn=<SigmoidBackward0>)
Epoch [61/100], T_AUC: [4m0.8293[0m
Epoch [61/100], Loss: 14.0376
val_Accuracy: [92m0.7919[0m
val_Precision: [4;34m0.8271[0m,               val_Recall: [4;33m0.7299[0m,                 val_F1 Score: [4;35m0.7708[0m
æ ‡ç­¾é‡Œ1çš„ä¸ªæ•°:  430
æ ‡ç­¾é‡Œ0çš„ä¸ªæ•°:  430
æ€»æ•°:  860
æ­£ç¡®çš„ä¸ªæ•°:  681
Epoch [61/100], V_AUC: [4m0.7888[0m
Epoch [62/100], Loss: 56.0083
train_Accuracy: [91m0.8237[0m
train_Precision: [4;34m0.8370[0m,               train_Recall: [4;33m0.8133[0m,                 train_F1 Score: [4;35m0.8199[0m
æ ‡ç­¾é‡Œ1çš„ä¸ªæ•°:  2150
æ ‡ç­¾é‡Œ0çš„ä¸ªæ•°:  2150
æ€»æ•°:  4300
æ­£ç¡®çš„ä¸ªæ•°:  3542
æœ€åä¸€ä¸ªæ‰¹æ¬¡çš„è¾“å‡º, ä¸æ»¡batchsizeæ˜¯æ­£å¸¸çš„:
 tensor([[0.9129],
        [0.8583],
        [0.9601],
        [0.1378],
        [0.8128],
        [0.0800],
        [0.5301],
        [0.2384],
        [0.6309],
        [0.8880],
        [0.0321],
        [0.1330]], device='cuda:0', grad_fn=<SigmoidBackward0>)
Epoch [62/100], T_AUC: [4m0.8290[0m
Epoch [62/100], Loss: 13.8832
val_Accuracy: [92m0.7965[0m
val_Precision: [4;34m0.8273[0m,               val_Recall: [4;33m0.7418[0m,                 val_F1 Score: [4;35m0.7773[0m
æ ‡ç­¾é‡Œ1çš„ä¸ªæ•°:  430
æ ‡ç­¾é‡Œ0çš„ä¸ªæ•°:  430
æ€»æ•°:  860
æ­£ç¡®çš„ä¸ªæ•°:  685
Epoch [62/100], V_AUC: [4m0.7936[0m
Epoch [63/100], Loss: 55.9191
train_Accuracy: [91m0.8253[0m
train_Precision: [4;34m0.8375[0m,               train_Recall: [4;33m0.8153[0m,                 train_F1 Score: [4;35m0.8210[0m
æ ‡ç­¾é‡Œ1çš„ä¸ªæ•°:  2150
æ ‡ç­¾é‡Œ0çš„ä¸ªæ•°:  2150
æ€»æ•°:  4300
æ­£ç¡®çš„ä¸ªæ•°:  3549
æœ€åä¸€ä¸ªæ‰¹æ¬¡çš„è¾“å‡º, ä¸æ»¡batchsizeæ˜¯æ­£å¸¸çš„:
 tensor([[0.9211],
        [0.8685],
        [0.9630],
        [0.1101],
        [0.8091],
        [0.0572],
        [0.5383],
        [0.2426],
        [0.6197],
        [0.8890],
        [0.0399],
        [0.1280]], device='cuda:0', grad_fn=<SigmoidBackward0>)
Epoch [63/100], T_AUC: [4m0.8307[0m
Epoch [63/100], Loss: 14.0075
val_Accuracy: [92m0.7965[0m
val_Precision: [4;34m0.8250[0m,               val_Recall: [4;33m0.7472[0m,                 val_F1 Score: [4;35m0.7792[0m
æ ‡ç­¾é‡Œ1çš„ä¸ªæ•°:  430
æ ‡ç­¾é‡Œ0çš„ä¸ªæ•°:  430
æ€»æ•°:  860
æ­£ç¡®çš„ä¸ªæ•°:  685
Epoch [63/100], V_AUC: [4m0.7942[0m
Epoch [64/100], Loss: 55.7970
train_Accuracy: [91m0.8258[0m
train_Precision: [4;34m0.8381[0m,               train_Recall: [4;33m0.8167[0m,                 train_F1 Score: [4;35m0.8221[0m
æ ‡ç­¾é‡Œ1çš„ä¸ªæ•°:  2150
æ ‡ç­¾é‡Œ0çš„ä¸ªæ•°:  2150
æ€»æ•°:  4300
æ­£ç¡®çš„ä¸ªæ•°:  3551
æœ€åä¸€ä¸ªæ‰¹æ¬¡çš„è¾“å‡º, ä¸æ»¡batchsizeæ˜¯æ­£å¸¸çš„:
 tensor([[0.9144],
        [0.8568],
        [0.9663],
        [0.1278],
        [0.8234],
        [0.0652],
        [0.5574],
        [0.2181],
        [0.6203],
        [0.8904],
        [0.0343],
        [0.1339]], device='cuda:0', grad_fn=<SigmoidBackward0>)
Epoch [64/100], T_AUC: [4m0.8309[0m
Epoch [64/100], Loss: 14.1553
val_Accuracy: [92m0.7953[0m
val_Precision: [4;34m0.8263[0m,               val_Recall: [4;33m0.7417[0m,                 val_F1 Score: [4;35m0.7771[0m
æ ‡ç­¾é‡Œ1çš„ä¸ªæ•°:  430
æ ‡ç­¾é‡Œ0çš„ä¸ªæ•°:  430
æ€»æ•°:  860
æ­£ç¡®çš„ä¸ªæ•°:  684
Epoch [64/100], V_AUC: [4m0.7926[0m
Epoch [65/100], Loss: 55.7991
train_Accuracy: [91m0.8247[0m
train_Precision: [4;34m0.8368[0m,               train_Recall: [4;33m0.8153[0m,                 train_F1 Score: [4;35m0.8208[0m
æ ‡ç­¾é‡Œ1çš„ä¸ªæ•°:  2150
æ ‡ç­¾é‡Œ0çš„ä¸ªæ•°:  2150
æ€»æ•°:  4300
æ­£ç¡®çš„ä¸ªæ•°:  3546
æœ€åä¸€ä¸ªæ‰¹æ¬¡çš„è¾“å‡º, ä¸æ»¡batchsizeæ˜¯æ­£å¸¸çš„:
 tensor([[0.9210],
        [0.8759],
        [0.9571],
        [0.1368],
        [0.8076],
        [0.0644],
        [0.5776],
        [0.1782],
        [0.6210],
        [0.8980],
        [0.0300],
        [0.1457]], device='cuda:0', grad_fn=<SigmoidBackward0>)
Epoch [65/100], T_AUC: [4m0.8300[0m
Epoch [65/100], Loss: 14.0428
val_Accuracy: [92m0.7895[0m
val_Precision: [4;34m0.8236[0m,               val_Recall: [4;33m0.7335[0m,                 val_F1 Score: [4;35m0.7705[0m
æ ‡ç­¾é‡Œ1çš„ä¸ªæ•°:  430
æ ‡ç­¾é‡Œ0çš„ä¸ªæ•°:  430
æ€»æ•°:  860
æ­£ç¡®çš„ä¸ªæ•°:  679
Epoch [65/100], V_AUC: [4m0.7874[0m
Epoch [66/100], Loss: 55.7022
train_Accuracy: [91m0.8253[0m
train_Precision: [4;34m0.8365[0m,               train_Recall: [4;33m0.8178[0m,                 train_F1 Score: [4;35m0.8218[0m
æ ‡ç­¾é‡Œ1çš„ä¸ªæ•°:  2150
æ ‡ç­¾é‡Œ0çš„ä¸ªæ•°:  2150
æ€»æ•°:  4300
æ­£ç¡®çš„ä¸ªæ•°:  3549
æœ€åä¸€ä¸ªæ‰¹æ¬¡çš„è¾“å‡º, ä¸æ»¡batchsizeæ˜¯æ­£å¸¸çš„:
 tensor([[0.9183],
        [0.8889],
        [0.9601],
        [0.1243],
        [0.8073],
        [0.0634],
        [0.5627],
        [0.2278],
        [0.5869],
        [0.8915],
        [0.0332],
        [0.1596]], device='cuda:0', grad_fn=<SigmoidBackward0>)
Epoch [66/100], T_AUC: [4m0.8309[0m
Epoch [66/100], Loss: 14.0299
val_Accuracy: [92m0.7942[0m
val_Precision: [4;34m0.8203[0m,               val_Recall: [4;33m0.7465[0m,                 val_F1 Score: [4;35m0.7762[0m
æ ‡ç­¾é‡Œ1çš„ä¸ªæ•°:  430
æ ‡ç­¾é‡Œ0çš„ä¸ªæ•°:  430
æ€»æ•°:  860
æ­£ç¡®çš„ä¸ªæ•°:  683
Epoch [66/100], V_AUC: [4m0.7918[0m
Epoch [67/100], Loss: 55.7465
train_Accuracy: [91m0.8251[0m
train_Precision: [4;34m0.8359[0m,               train_Recall: [4;33m0.8179[0m,                 train_F1 Score: [4;35m0.8216[0m
æ ‡ç­¾é‡Œ1çš„ä¸ªæ•°:  2150
æ ‡ç­¾é‡Œ0çš„ä¸ªæ•°:  2150
æ€»æ•°:  4300
æ­£ç¡®çš„ä¸ªæ•°:  3548
æœ€åä¸€ä¸ªæ‰¹æ¬¡çš„è¾“å‡º, ä¸æ»¡batchsizeæ˜¯æ­£å¸¸çš„:
 tensor([[0.9173],
        [0.8748],
        [0.9594],
        [0.1136],
        [0.8085],
        [0.0662],
        [0.5651],
        [0.2288],
        [0.5891],
        [0.8844],
        [0.0306],
        [0.1852]], device='cuda:0', grad_fn=<SigmoidBackward0>)
Epoch [67/100], T_AUC: [4m0.8307[0m
Epoch [67/100], Loss: 13.9958
val_Accuracy: [92m0.7919[0m
val_Precision: [4;34m0.8167[0m,               val_Recall: [4;33m0.7475[0m,                 val_F1 Score: [4;35m0.7753[0m
æ ‡ç­¾é‡Œ1çš„ä¸ªæ•°:  430
æ ‡ç­¾é‡Œ0çš„ä¸ªæ•°:  430
æ€»æ•°:  860
æ­£ç¡®çš„ä¸ªæ•°:  681
Epoch [67/100], V_AUC: [4m0.7898[0m
Epoch [68/100], Loss: 55.9298
train_Accuracy: [91m0.8235[0m
train_Precision: [4;34m0.8374[0m,               train_Recall: [4;33m0.8130[0m,                 train_F1 Score: [4;35m0.8195[0m
æ ‡ç­¾é‡Œ1çš„ä¸ªæ•°:  2150
æ ‡ç­¾é‡Œ0çš„ä¸ªæ•°:  2150
æ€»æ•°:  4300
æ­£ç¡®çš„ä¸ªæ•°:  3541
æœ€åä¸€ä¸ªæ‰¹æ¬¡çš„è¾“å‡º, ä¸æ»¡batchsizeæ˜¯æ­£å¸¸çš„:
 tensor([[0.9230],
        [0.8689],
        [0.9516],
        [0.1592],
        [0.7950],
        [0.0916],
        [0.5414],
        [0.2221],
        [0.5228],
        [0.8761],
        [0.0378],
        [0.1446]], device='cuda:0', grad_fn=<SigmoidBackward0>)
Epoch [68/100], T_AUC: [4m0.8293[0m
Epoch [68/100], Loss: 13.8602
val_Accuracy: [92m0.7965[0m
val_Precision: [4;34m0.8030[0m,               val_Recall: [4;33m0.7751[0m,                 val_F1 Score: [4;35m0.7840[0m
æ ‡ç­¾é‡Œ1çš„ä¸ªæ•°:  430
æ ‡ç­¾é‡Œ0çš„ä¸ªæ•°:  430
æ€»æ•°:  860
æ­£ç¡®çš„ä¸ªæ•°:  685
Epoch [68/100], V_AUC: [4m0.7936[0m
Epoch [69/100], Loss: 55.9246
train_Accuracy: [91m0.8230[0m
train_Precision: [4;34m0.8422[0m,               train_Recall: [4;33m0.8052[0m,                 train_F1 Score: [4;35m0.8181[0m
æ ‡ç­¾é‡Œ1çš„ä¸ªæ•°:  2150
æ ‡ç­¾é‡Œ0çš„ä¸ªæ•°:  2150
æ€»æ•°:  4300
æ­£ç¡®çš„ä¸ªæ•°:  3539
æœ€åä¸€ä¸ªæ‰¹æ¬¡çš„è¾“å‡º, ä¸æ»¡batchsizeæ˜¯æ­£å¸¸çš„:
 tensor([[0.9177],
        [0.8806],
        [0.9658],
        [0.1580],
        [0.8194],
        [0.0711],
        [0.5276],
        [0.2290],
        [0.5771],
        [0.9021],
        [0.0224],
        [0.1535]], device='cuda:0', grad_fn=<SigmoidBackward0>)
Epoch [69/100], T_AUC: [4m0.8277[0m
Epoch [69/100], Loss: 14.2356
val_Accuracy: [92m0.7919[0m
val_Precision: [4;34m0.8351[0m,               val_Recall: [4;33m0.7208[0m,                 val_F1 Score: [4;35m0.7686[0m
æ ‡ç­¾é‡Œ1çš„ä¸ªæ•°:  430
æ ‡ç­¾é‡Œ0çš„ä¸ªæ•°:  430
æ€»æ•°:  860
æ­£ç¡®çš„ä¸ªæ•°:  681
Epoch [69/100], V_AUC: [4m0.7888[0m
Epoch [70/100], Loss: 55.8816
train_Accuracy: [91m0.8221[0m
train_Precision: [4;34m0.8407[0m,               train_Recall: [4;33m0.8036[0m,                 train_F1 Score: [4;35m0.8169[0m
æ ‡ç­¾é‡Œ1çš„ä¸ªæ•°:  2150
æ ‡ç­¾é‡Œ0çš„ä¸ªæ•°:  2150
æ€»æ•°:  4300
æ­£ç¡®çš„ä¸ªæ•°:  3535
æœ€åä¸€ä¸ªæ‰¹æ¬¡çš„è¾“å‡º, ä¸æ»¡batchsizeæ˜¯æ­£å¸¸çš„:
 tensor([[0.9255],
        [0.8899],
        [0.9707],
        [0.1186],
        [0.8249],
        [0.0678],
        [0.5078],
        [0.2524],
        [0.5702],
        [0.9053],
        [0.0246],
        [0.1556]], device='cuda:0', grad_fn=<SigmoidBackward0>)
Epoch [70/100], T_AUC: [4m0.8268[0m
Epoch [70/100], Loss: 14.3277
val_Accuracy: [92m0.7919[0m
val_Precision: [4;34m0.8377[0m,               val_Recall: [4;33m0.7187[0m,                 val_F1 Score: [4;35m0.7688[0m
æ ‡ç­¾é‡Œ1çš„ä¸ªæ•°:  430
æ ‡ç­¾é‡Œ0çš„ä¸ªæ•°:  430
æ€»æ•°:  860
æ­£ç¡®çš„ä¸ªæ•°:  681
Epoch [70/100], V_AUC: [4m0.7889[0m
Epoch [71/100], Loss: 55.6983
train_Accuracy: [91m0.8233[0m
train_Precision: [4;34m0.8430[0m,               train_Recall: [4;33m0.8039[0m,                 train_F1 Score: [4;35m0.8178[0m
æ ‡ç­¾é‡Œ1çš„ä¸ªæ•°:  2150
æ ‡ç­¾é‡Œ0çš„ä¸ªæ•°:  2150
æ€»æ•°:  4300
æ­£ç¡®çš„ä¸ªæ•°:  3540
æœ€åä¸€ä¸ªæ‰¹æ¬¡çš„è¾“å‡º, ä¸æ»¡batchsizeæ˜¯æ­£å¸¸çš„:
 tensor([[0.9273],
        [0.8886],
        [0.9654],
        [0.1239],
        [0.8187],
        [0.0680],
        [0.5170],
        [0.2533],
        [0.5894],
        [0.9069],
        [0.0237],
        [0.1541]], device='cuda:0', grad_fn=<SigmoidBackward0>)
Epoch [71/100], T_AUC: [4m0.8281[0m
Epoch [71/100], Loss: 14.4615
val_Accuracy: [92m0.7907[0m
val_Precision: [4;34m0.8323[0m,               val_Recall: [4;33m0.7214[0m,                 val_F1 Score: [4;35m0.7682[0m
æ ‡ç­¾é‡Œ1çš„ä¸ªæ•°:  430
æ ‡ç­¾é‡Œ0çš„ä¸ªæ•°:  430
æ€»æ•°:  860
æ­£ç¡®çš„ä¸ªæ•°:  680
Epoch [71/100], V_AUC: [4m0.7877[0m
Epoch [72/100], Loss: 55.6519
train_Accuracy: [91m0.8228[0m
train_Precision: [4;34m0.8379[0m,               train_Recall: [4;33m0.8089[0m,                 train_F1 Score: [4;35m0.8181[0m
æ ‡ç­¾é‡Œ1çš„ä¸ªæ•°:  2150
æ ‡ç­¾é‡Œ0çš„ä¸ªæ•°:  2150
æ€»æ•°:  4300
æ­£ç¡®çš„ä¸ªæ•°:  3538
æœ€åä¸€ä¸ªæ‰¹æ¬¡çš„è¾“å‡º, ä¸æ»¡batchsizeæ˜¯æ­£å¸¸çš„:
 tensor([[0.9271],
        [0.8820],
        [0.9605],
        [0.1201],
        [0.8267],
        [0.0638],
        [0.5522],
        [0.2250],
        [0.6009],
        [0.9059],
        [0.0268],
        [0.1373]], device='cuda:0', grad_fn=<SigmoidBackward0>)
Epoch [72/100], T_AUC: [4m0.8279[0m
Epoch [72/100], Loss: 14.3012
val_Accuracy: [92m0.7965[0m
val_Precision: [4;34m0.8435[0m,               val_Recall: [4;33m0.7246[0m,                 val_F1 Score: [4;35m0.7743[0m
æ ‡ç­¾é‡Œ1çš„ä¸ªæ•°:  430
æ ‡ç­¾é‡Œ0çš„ä¸ªæ•°:  430
æ€»æ•°:  860
æ­£ç¡®çš„ä¸ªæ•°:  685
Epoch [72/100], V_AUC: [4m0.7943[0m
Epoch [73/100], Loss: 55.7133
train_Accuracy: [91m0.8223[0m
train_Precision: [4;34m0.8365[0m,               train_Recall: [4;33m0.8105[0m,                 train_F1 Score: [4;35m0.8179[0m
æ ‡ç­¾é‡Œ1çš„ä¸ªæ•°:  2150
æ ‡ç­¾é‡Œ0çš„ä¸ªæ•°:  2150
æ€»æ•°:  4300
æ­£ç¡®çš„ä¸ªæ•°:  3536
æœ€åä¸€ä¸ªæ‰¹æ¬¡çš„è¾“å‡º, ä¸æ»¡batchsizeæ˜¯æ­£å¸¸çš„:
 tensor([[0.9229],
        [0.8780],
        [0.9623],
        [0.1228],
        [0.8161],
        [0.0691],
        [0.5539],
        [0.2551],
        [0.5981],
        [0.8963],
        [0.0258],
        [0.1548]], device='cuda:0', grad_fn=<SigmoidBackward0>)
Epoch [73/100], T_AUC: [4m0.8273[0m
Epoch [73/100], Loss: 14.1397
val_Accuracy: [92m0.7907[0m
val_Precision: [4;34m0.8276[0m,               val_Recall: [4;33m0.7284[0m,                 val_F1 Score: [4;35m0.7699[0m
æ ‡ç­¾é‡Œ1çš„ä¸ªæ•°:  430
æ ‡ç­¾é‡Œ0çš„ä¸ªæ•°:  430
æ€»æ•°:  860
æ­£ç¡®çš„ä¸ªæ•°:  680
Epoch [73/100], V_AUC: [4m0.7880[0m
Epoch [74/100], Loss: 55.5656
train_Accuracy: [91m0.8212[0m
train_Precision: [4;34m0.8353[0m,               train_Recall: [4;33m0.8116[0m,                 train_F1 Score: [4;35m0.8177[0m
æ ‡ç­¾é‡Œ1çš„ä¸ªæ•°:  2150
æ ‡ç­¾é‡Œ0çš„ä¸ªæ•°:  2150
æ€»æ•°:  4300
æ­£ç¡®çš„ä¸ªæ•°:  3531
æœ€åä¸€ä¸ªæ‰¹æ¬¡çš„è¾“å‡º, ä¸æ»¡batchsizeæ˜¯æ­£å¸¸çš„:
 tensor([[0.9202],
        [0.8758],
        [0.9664],
        [0.0986],
        [0.8357],
        [0.0629],
        [0.4982],
        [0.2789],
        [0.5641],
        [0.8978],
        [0.0256],
        [0.1652]], device='cuda:0', grad_fn=<SigmoidBackward0>)
Epoch [74/100], T_AUC: [4m0.8276[0m
Epoch [74/100], Loss: 14.7429
val_Accuracy: [92m0.7919[0m
val_Precision: [4;34m0.8334[0m,               val_Recall: [4;33m0.7251[0m,                 val_F1 Score: [4;35m0.7708[0m
æ ‡ç­¾é‡Œ1çš„ä¸ªæ•°:  430
æ ‡ç­¾é‡Œ0çš„ä¸ªæ•°:  430
æ€»æ•°:  860
æ­£ç¡®çš„ä¸ªæ•°:  681
Epoch [74/100], V_AUC: [4m0.7896[0m
Epoch [75/100], Loss: 55.5294
train_Accuracy: [91m0.8244[0m
train_Precision: [4;34m0.8361[0m,               train_Recall: [4;33m0.8160[0m,                 train_F1 Score: [4;35m0.8206[0m
æ ‡ç­¾é‡Œ1çš„ä¸ªæ•°:  2150
æ ‡ç­¾é‡Œ0çš„ä¸ªæ•°:  2150
æ€»æ•°:  4300
æ­£ç¡®çš„ä¸ªæ•°:  3545
æœ€åä¸€ä¸ªæ‰¹æ¬¡çš„è¾“å‡º, ä¸æ»¡batchsizeæ˜¯æ­£å¸¸çš„:
 tensor([[0.9223],
        [0.8631],
        [0.9584],
        [0.1090],
        [0.8283],
        [0.0737],
        [0.5391],
        [0.2758],
        [0.5882],
        [0.8938],
        [0.0219],
        [0.1734]], device='cuda:0', grad_fn=<SigmoidBackward0>)
Epoch [75/100], T_AUC: [4m0.8299[0m
Epoch [75/100], Loss: 14.2049
val_Accuracy: [92m0.7942[0m
val_Precision: [4;34m0.8307[0m,               val_Recall: [4;33m0.7339[0m,                 val_F1 Score: [4;35m0.7748[0m
æ ‡ç­¾é‡Œ1çš„ä¸ªæ•°:  430
æ ‡ç­¾é‡Œ0çš„ä¸ªæ•°:  430
æ€»æ•°:  860
æ­£ç¡®çš„ä¸ªæ•°:  683
Epoch [75/100], V_AUC: [4m0.7916[0m
Epoch [76/100], Loss: 55.6752
train_Accuracy: [91m0.8200[0m
train_Precision: [4;34m0.8312[0m,               train_Recall: [4;33m0.8127[0m,                 train_F1 Score: [4;35m0.8162[0m
æ ‡ç­¾é‡Œ1çš„ä¸ªæ•°:  2150
æ ‡ç­¾é‡Œ0çš„ä¸ªæ•°:  2150
æ€»æ•°:  4300
æ­£ç¡®çš„ä¸ªæ•°:  3526
æœ€åä¸€ä¸ªæ‰¹æ¬¡çš„è¾“å‡º, ä¸æ»¡batchsizeæ˜¯æ­£å¸¸çš„:
 tensor([[0.9238],
        [0.8703],
        [0.9566],
        [0.1132],
        [0.8230],
        [0.0659],
        [0.5593],
        [0.2292],
        [0.6112],
        [0.8956],
        [0.0246],
        [0.1692]], device='cuda:0', grad_fn=<SigmoidBackward0>)
Epoch [76/100], T_AUC: [4m0.8257[0m
Epoch [76/100], Loss: 14.0380
val_Accuracy: [92m0.7907[0m
val_Precision: [4;34m0.8161[0m,               val_Recall: [4;33m0.7422[0m,                 val_F1 Score: [4;35m0.7727[0m
æ ‡ç­¾é‡Œ1çš„ä¸ªæ•°:  430
æ ‡ç­¾é‡Œ0çš„ä¸ªæ•°:  430
æ€»æ•°:  860
æ­£ç¡®çš„ä¸ªæ•°:  680
Epoch [76/100], V_AUC: [4m0.7884[0m
Epoch [77/100], Loss: 56.0092
train_Accuracy: [91m0.8207[0m
train_Precision: [4;34m0.8325[0m,               train_Recall: [4;33m0.8139[0m,                 train_F1 Score: [4;35m0.8176[0m
æ ‡ç­¾é‡Œ1çš„ä¸ªæ•°:  2150
æ ‡ç­¾é‡Œ0çš„ä¸ªæ•°:  2150
æ€»æ•°:  4300
æ­£ç¡®çš„ä¸ªæ•°:  3529
æœ€åä¸€ä¸ªæ‰¹æ¬¡çš„è¾“å‡º, ä¸æ»¡batchsizeæ˜¯æ­£å¸¸çš„:
 tensor([[0.9189],
        [0.8553],
        [0.9613],
        [0.1048],
        [0.8060],
        [0.0589],
        [0.5562],
        [0.2119],
        [0.6259],
        [0.8919],
        [0.0251],
        [0.1742]], device='cuda:0', grad_fn=<SigmoidBackward0>)
Epoch [77/100], T_AUC: [4m0.8263[0m
Epoch [77/100], Loss: 14.4024
val_Accuracy: [92m0.7919[0m
val_Precision: [4;34m0.8243[0m,               val_Recall: [4;33m0.7356[0m,                 val_F1 Score: [4;35m0.7730[0m
æ ‡ç­¾é‡Œ1çš„ä¸ªæ•°:  430
æ ‡ç­¾é‡Œ0çš„ä¸ªæ•°:  430
æ€»æ•°:  860
æ­£ç¡®çš„ä¸ªæ•°:  681
Epoch [77/100], V_AUC: [4m0.7895[0m
Epoch [78/100], Loss: 55.7087
train_Accuracy: [91m0.8219[0m
train_Precision: [4;34m0.8329[0m,               train_Recall: [4;33m0.8140[0m,                 train_F1 Score: [4;35m0.8181[0m
æ ‡ç­¾é‡Œ1çš„ä¸ªæ•°:  2150
æ ‡ç­¾é‡Œ0çš„ä¸ªæ•°:  2150
æ€»æ•°:  4300
æ­£ç¡®çš„ä¸ªæ•°:  3534
æœ€åä¸€ä¸ªæ‰¹æ¬¡çš„è¾“å‡º, ä¸æ»¡batchsizeæ˜¯æ­£å¸¸çš„:
 tensor([[0.9269],
        [0.8718],
        [0.9605],
        [0.1088],
        [0.8304],
        [0.0681],
        [0.5632],
        [0.2379],
        [0.6177],
        [0.8960],
        [0.0271],
        [0.1397]], device='cuda:0', grad_fn=<SigmoidBackward0>)
Epoch [78/100], T_AUC: [4m0.8272[0m
Epoch [78/100], Loss: 14.1933
val_Accuracy: [92m0.7919[0m
val_Precision: [4;34m0.8218[0m,               val_Recall: [4;33m0.7370[0m,                 val_F1 Score: [4;35m0.7726[0m
æ ‡ç­¾é‡Œ1çš„ä¸ªæ•°:  430
æ ‡ç­¾é‡Œ0çš„ä¸ªæ•°:  430
æ€»æ•°:  860
æ­£ç¡®çš„ä¸ªæ•°:  681
Epoch [78/100], V_AUC: [4m0.7890[0m
Epoch [79/100], Loss: 55.9627
train_Accuracy: [91m0.8242[0m
train_Precision: [4;34m0.8346[0m,               train_Recall: [4;33m0.8176[0m,                 train_F1 Score: [4;35m0.8208[0m
æ ‡ç­¾é‡Œ1çš„ä¸ªæ•°:  2150
æ ‡ç­¾é‡Œ0çš„ä¸ªæ•°:  2150
æ€»æ•°:  4300
æ­£ç¡®çš„ä¸ªæ•°:  3544
æœ€åä¸€ä¸ªæ‰¹æ¬¡çš„è¾“å‡º, ä¸æ»¡batchsizeæ˜¯æ­£å¸¸çš„:
 tensor([[0.9153],
        [0.8648],
        [0.9606],
        [0.1166],
        [0.8050],
        [0.0763],
        [0.5808],
        [0.1928],
        [0.6323],
        [0.8844],
        [0.0292],
        [0.1500]], device='cuda:0', grad_fn=<SigmoidBackward0>)
Epoch [79/100], T_AUC: [4m0.8296[0m
Epoch [79/100], Loss: 14.1573
val_Accuracy: [92m0.7930[0m
val_Precision: [4;34m0.8270[0m,               val_Recall: [4;33m0.7365[0m,                 val_F1 Score: [4;35m0.7741[0m
æ ‡ç­¾é‡Œ1çš„ä¸ªæ•°:  430
æ ‡ç­¾é‡Œ0çš„ä¸ªæ•°:  430
æ€»æ•°:  860
æ­£ç¡®çš„ä¸ªæ•°:  682
Epoch [79/100], V_AUC: [4m0.7913[0m
Epoch [80/100], Loss: 55.7903
train_Accuracy: [91m0.8214[0m
train_Precision: [4;34m0.8340[0m,               train_Recall: [4;33m0.8130[0m,                 train_F1 Score: [4;35m0.8178[0m
æ ‡ç­¾é‡Œ1çš„ä¸ªæ•°:  2150
æ ‡ç­¾é‡Œ0çš„ä¸ªæ•°:  2150
æ€»æ•°:  4300
æ­£ç¡®çš„ä¸ªæ•°:  3532
æœ€åä¸€ä¸ªæ‰¹æ¬¡çš„è¾“å‡º, ä¸æ»¡batchsizeæ˜¯æ­£å¸¸çš„:
 tensor([[0.9100],
        [0.8789],
        [0.9680],
        [0.1062],
        [0.8054],
        [0.0683],
        [0.5710],
        [0.2156],
        [0.5997],
        [0.8815],
        [0.0236],
        [0.1994]], device='cuda:0', grad_fn=<SigmoidBackward0>)
Epoch [80/100], T_AUC: [4m0.8270[0m
Epoch [80/100], Loss: 14.1446
val_Accuracy: [92m0.7942[0m
val_Precision: [4;34m0.8195[0m,               val_Recall: [4;33m0.7460[0m,                 val_F1 Score: [4;35m0.7762[0m
æ ‡ç­¾é‡Œ1çš„ä¸ªæ•°:  430
æ ‡ç­¾é‡Œ0çš„ä¸ªæ•°:  430
æ€»æ•°:  860
æ­£ç¡®çš„ä¸ªæ•°:  683
Epoch [80/100], V_AUC: [4m0.7914[0m
Epoch [81/100], Loss: 55.7623
train_Accuracy: [91m0.8221[0m
train_Precision: [4;34m0.8329[0m,               train_Recall: [4;33m0.8162[0m,                 train_F1 Score: [4;35m0.8190[0m
æ ‡ç­¾é‡Œ1çš„ä¸ªæ•°:  2150
æ ‡ç­¾é‡Œ0çš„ä¸ªæ•°:  2150
æ€»æ•°:  4300
æ­£ç¡®çš„ä¸ªæ•°:  3535
æœ€åä¸€ä¸ªæ‰¹æ¬¡çš„è¾“å‡º, ä¸æ»¡batchsizeæ˜¯æ­£å¸¸çš„:
 tensor([[0.9191],
        [0.8708],
        [0.9754],
        [0.1188],
        [0.8065],
        [0.0672],
        [0.5559],
        [0.2473],
        [0.6028],
        [0.8782],
        [0.0262],
        [0.1392]], device='cuda:0', grad_fn=<SigmoidBackward0>)
Epoch [81/100], T_AUC: [4m0.8278[0m
Epoch [81/100], Loss: 14.1805
val_Accuracy: [92m0.7942[0m
val_Precision: [4;34m0.8228[0m,               val_Recall: [4;33m0.7413[0m,                 val_F1 Score: [4;35m0.7753[0m
æ ‡ç­¾é‡Œ1çš„ä¸ªæ•°:  430
æ ‡ç­¾é‡Œ0çš„ä¸ªæ•°:  430
æ€»æ•°:  860
æ­£ç¡®çš„ä¸ªæ•°:  683
Epoch [81/100], V_AUC: [4m0.7913[0m
Epoch [82/100], Loss: 55.5140
train_Accuracy: [91m0.8221[0m
train_Precision: [4;34m0.8325[0m,               train_Recall: [4;33m0.8164[0m,                 train_F1 Score: [4;35m0.8189[0m
æ ‡ç­¾é‡Œ1çš„ä¸ªæ•°:  2150
æ ‡ç­¾é‡Œ0çš„ä¸ªæ•°:  2150
æ€»æ•°:  4300
æ­£ç¡®çš„ä¸ªæ•°:  3535
æœ€åä¸€ä¸ªæ‰¹æ¬¡çš„è¾“å‡º, ä¸æ»¡batchsizeæ˜¯æ­£å¸¸çš„:
 tensor([[0.9191],
        [0.8764],
        [0.9712],
        [0.1042],
        [0.8225],
        [0.0661],
        [0.5674],
        [0.2147],
        [0.6206],
        [0.8797],
        [0.0277],
        [0.1538]], device='cuda:0', grad_fn=<SigmoidBackward0>)
Epoch [82/100], T_AUC: [4m0.8281[0m
Epoch [82/100], Loss: 14.1318
val_Accuracy: [92m0.7930[0m
val_Precision: [4;34m0.8254[0m,               val_Recall: [4;33m0.7381[0m,                 val_F1 Score: [4;35m0.7745[0m
æ ‡ç­¾é‡Œ1çš„ä¸ªæ•°:  430
æ ‡ç­¾é‡Œ0çš„ä¸ªæ•°:  430
æ€»æ•°:  860
æ­£ç¡®çš„ä¸ªæ•°:  682
Epoch [82/100], V_AUC: [4m0.7907[0m
Epoch [83/100], Loss: 55.5158
train_Accuracy: [91m0.8209[0m
train_Precision: [4;34m0.8292[0m,               train_Recall: [4;33m0.8177[0m,                 train_F1 Score: [4;35m0.8182[0m
æ ‡ç­¾é‡Œ1çš„ä¸ªæ•°:  2150
æ ‡ç­¾é‡Œ0çš„ä¸ªæ•°:  2150
æ€»æ•°:  4300
æ­£ç¡®çš„ä¸ªæ•°:  3530
æœ€åä¸€ä¸ªæ‰¹æ¬¡çš„è¾“å‡º, ä¸æ»¡batchsizeæ˜¯æ­£å¸¸çš„:
 tensor([[0.9110],
        [0.8748],
        [0.9723],
        [0.0953],
        [0.8110],
        [0.0503],
        [0.5961],
        [0.2217],
        [0.6387],
        [0.8839],
        [0.0272],
        [0.1908]], device='cuda:0', grad_fn=<SigmoidBackward0>)
Epoch [83/100], T_AUC: [4m0.8266[0m
Epoch [83/100], Loss: 14.3834
val_Accuracy: [92m0.7953[0m
val_Precision: [4;34m0.8181[0m,               val_Recall: [4;33m0.7510[0m,                 val_F1 Score: [4;35m0.7787[0m
æ ‡ç­¾é‡Œ1çš„ä¸ªæ•°:  430
æ ‡ç­¾é‡Œ0çš„ä¸ªæ•°:  430
æ€»æ•°:  860
æ­£ç¡®çš„ä¸ªæ•°:  684
Epoch [83/100], V_AUC: [4m0.7928[0m
Epoch [84/100], Loss: 56.0188
train_Accuracy: [91m0.8228[0m
train_Precision: [4;34m0.8330[0m,               train_Recall: [4;33m0.8166[0m,                 train_F1 Score: [4;35m0.8193[0m
æ ‡ç­¾é‡Œ1çš„ä¸ªæ•°:  2150
æ ‡ç­¾é‡Œ0çš„ä¸ªæ•°:  2150
æ€»æ•°:  4300
æ­£ç¡®çš„ä¸ªæ•°:  3538
æœ€åä¸€ä¸ªæ‰¹æ¬¡çš„è¾“å‡º, ä¸æ»¡batchsizeæ˜¯æ­£å¸¸çš„:
 tensor([[0.9134],
        [0.8549],
        [0.9746],
        [0.1309],
        [0.8277],
        [0.0666],
        [0.5618],
        [0.1974],
        [0.6394],
        [0.8922],
        [0.0238],
        [0.0935]], device='cuda:0', grad_fn=<SigmoidBackward0>)
Epoch [84/100], T_AUC: [4m0.8283[0m
Epoch [84/100], Loss: 14.2145
val_Accuracy: [92m0.7860[0m
val_Precision: [4;34m0.8185[0m,               val_Recall: [4;33m0.7272[0m,                 val_F1 Score: [4;35m0.7654[0m
æ ‡ç­¾é‡Œ1çš„ä¸ªæ•°:  430
æ ‡ç­¾é‡Œ0çš„ä¸ªæ•°:  430
æ€»æ•°:  860
æ­£ç¡®çš„ä¸ªæ•°:  676
Epoch [84/100], V_AUC: [4m0.7827[0m
Epoch [85/100], Loss: 55.8320
train_Accuracy: [91m0.8221[0m
train_Precision: [4;34m0.8397[0m,               train_Recall: [4;33m0.8055[0m,                 train_F1 Score: [4;35m0.8171[0m
æ ‡ç­¾é‡Œ1çš„ä¸ªæ•°:  2150
æ ‡ç­¾é‡Œ0çš„ä¸ªæ•°:  2150
æ€»æ•°:  4300
æ­£ç¡®çš„ä¸ªæ•°:  3535
æœ€åä¸€ä¸ªæ‰¹æ¬¡çš„è¾“å‡º, ä¸æ»¡batchsizeæ˜¯æ­£å¸¸çš„:
 tensor([[0.9142],
        [0.8661],
        [0.9724],
        [0.1061],
        [0.8084],
        [0.0542],
        [0.5415],
        [0.2562],
        [0.6182],
        [0.8858],
        [0.0291],
        [0.1734]], device='cuda:0', grad_fn=<SigmoidBackward0>)
Epoch [85/100], T_AUC: [4m0.8269[0m
Epoch [85/100], Loss: 14.1102
val_Accuracy: [92m0.7907[0m
val_Precision: [4;34m0.8197[0m,               val_Recall: [4;33m0.7378[0m,                 val_F1 Score: [4;35m0.7720[0m
æ ‡ç­¾é‡Œ1çš„ä¸ªæ•°:  430
æ ‡ç­¾é‡Œ0çš„ä¸ªæ•°:  430
æ€»æ•°:  860
æ­£ç¡®çš„ä¸ªæ•°:  680
Epoch [85/100], V_AUC: [4m0.7884[0m
Epoch [86/100], Loss: 55.4621
train_Accuracy: [91m0.8244[0m
train_Precision: [4;34m0.8392[0m,               train_Recall: [4;33m0.8115[0m,                 train_F1 Score: [4;35m0.8200[0m
æ ‡ç­¾é‡Œ1çš„ä¸ªæ•°:  2150
æ ‡ç­¾é‡Œ0çš„ä¸ªæ•°:  2150
æ€»æ•°:  4300
æ­£ç¡®çš„ä¸ªæ•°:  3545
æœ€åä¸€ä¸ªæ‰¹æ¬¡çš„è¾“å‡º, ä¸æ»¡batchsizeæ˜¯æ­£å¸¸çš„:
 tensor([[0.9166],
        [0.8684],
        [0.9710],
        [0.1094],
        [0.8149],
        [0.0649],
        [0.5670],
        [0.2079],
        [0.6219],
        [0.8814],
        [0.0307],
        [0.1591]], device='cuda:0', grad_fn=<SigmoidBackward0>)
Epoch [86/100], T_AUC: [4m0.8297[0m
Epoch [86/100], Loss: 13.7447
val_Accuracy: [92m0.8000[0m
val_Precision: [4;34m0.8213[0m,               val_Recall: [4;33m0.7580[0m,                 val_F1 Score: [4;35m0.7839[0m
æ ‡ç­¾é‡Œ1çš„ä¸ªæ•°:  430
æ ‡ç­¾é‡Œ0çš„ä¸ªæ•°:  430
æ€»æ•°:  860
æ­£ç¡®çš„ä¸ªæ•°:  688
Epoch [86/100], V_AUC: [4m0.7973[0m
Epoch [87/100], Loss: 56.1850
train_Accuracy: [91m0.8212[0m
train_Precision: [4;34m0.8341[0m,               train_Recall: [4;33m0.8105[0m,                 train_F1 Score: [4;35m0.8173[0m
æ ‡ç­¾é‡Œ1çš„ä¸ªæ•°:  2150
æ ‡ç­¾é‡Œ0çš„ä¸ªæ•°:  2150
æ€»æ•°:  4300
æ­£ç¡®çš„ä¸ªæ•°:  3531
æœ€åä¸€ä¸ªæ‰¹æ¬¡çš„è¾“å‡º, ä¸æ»¡batchsizeæ˜¯æ­£å¸¸çš„:
 tensor([[0.9192],
        [0.8546],
        [0.9640],
        [0.1071],
        [0.8151],
        [0.0720],
        [0.5734],
        [0.2272],
        [0.6349],
        [0.8832],
        [0.0308],
        [0.1655]], device='cuda:0', grad_fn=<SigmoidBackward0>)
Epoch [87/100], T_AUC: [4m0.8262[0m
Epoch [87/100], Loss: 13.9934
val_Accuracy: [92m0.7919[0m
val_Precision: [4;34m0.8224[0m,               val_Recall: [4;33m0.7385[0m,                 val_F1 Score: [4;35m0.7740[0m
æ ‡ç­¾é‡Œ1çš„ä¸ªæ•°:  430
æ ‡ç­¾é‡Œ0çš„ä¸ªæ•°:  430
æ€»æ•°:  860
æ­£ç¡®çš„ä¸ªæ•°:  681
Epoch [87/100], V_AUC: [4m0.7899[0m
Epoch [88/100], Loss: 55.6025
train_Accuracy: [91m0.8216[0m
train_Precision: [4;34m0.8359[0m,               train_Recall: [4;33m0.8091[0m,                 train_F1 Score: [4;35m0.8174[0m
æ ‡ç­¾é‡Œ1çš„ä¸ªæ•°:  2150
æ ‡ç­¾é‡Œ0çš„ä¸ªæ•°:  2150
æ€»æ•°:  4300
æ­£ç¡®çš„ä¸ªæ•°:  3533
æœ€åä¸€ä¸ªæ‰¹æ¬¡çš„è¾“å‡º, ä¸æ»¡batchsizeæ˜¯æ­£å¸¸çš„:
 tensor([[0.9280],
        [0.8741],
        [0.9632],
        [0.1031],
        [0.8340],
        [0.0642],
        [0.5527],
        [0.1991],
        [0.6362],
        [0.8924],
        [0.0293],
        [0.1647]], device='cuda:0', grad_fn=<SigmoidBackward0>)
Epoch [88/100], T_AUC: [4m0.8268[0m
Epoch [88/100], Loss: 14.1774
val_Accuracy: [92m0.7895[0m
val_Precision: [4;34m0.8257[0m,               val_Recall: [4;33m0.7290[0m,                 val_F1 Score: [4;35m0.7697[0m
æ ‡ç­¾é‡Œ1çš„ä¸ªæ•°:  430
æ ‡ç­¾é‡Œ0çš„ä¸ªæ•°:  430
æ€»æ•°:  860
æ­£ç¡®çš„ä¸ªæ•°:  679
Epoch [88/100], V_AUC: [4m0.7871[0m
Epoch [89/100], Loss: 55.5544
train_Accuracy: [91m0.8233[0m
train_Precision: [4;34m0.8388[0m,               train_Recall: [4;33m0.8104[0m,                 train_F1 Score: [4;35m0.8194[0m
æ ‡ç­¾é‡Œ1çš„ä¸ªæ•°:  2150
æ ‡ç­¾é‡Œ0çš„ä¸ªæ•°:  2150
æ€»æ•°:  4300
æ­£ç¡®çš„ä¸ªæ•°:  3540
æœ€åä¸€ä¸ªæ‰¹æ¬¡çš„è¾“å‡º, ä¸æ»¡batchsizeæ˜¯æ­£å¸¸çš„:
 tensor([[0.9199],
        [0.8937],
        [0.9627],
        [0.1013],
        [0.8263],
        [0.0605],
        [0.5817],
        [0.2017],
        [0.6222],
        [0.8995],
        [0.0270],
        [0.1578]], device='cuda:0', grad_fn=<SigmoidBackward0>)
Epoch [89/100], T_AUC: [4m0.8284[0m
Epoch [89/100], Loss: 14.1037
val_Accuracy: [92m0.7919[0m
val_Precision: [4;34m0.8231[0m,               val_Recall: [4;33m0.7388[0m,                 val_F1 Score: [4;35m0.7739[0m
æ ‡ç­¾é‡Œ1çš„ä¸ªæ•°:  430
æ ‡ç­¾é‡Œ0çš„ä¸ªæ•°:  430
æ€»æ•°:  860
æ­£ç¡®çš„ä¸ªæ•°:  681
Epoch [89/100], V_AUC: [4m0.7899[0m
Epoch [90/100], Loss: 55.5148
train_Accuracy: [91m0.8214[0m
train_Precision: [4;34m0.8346[0m,               train_Recall: [4;33m0.8110[0m,                 train_F1 Score: [4;35m0.8176[0m
æ ‡ç­¾é‡Œ1çš„ä¸ªæ•°:  2150
æ ‡ç­¾é‡Œ0çš„ä¸ªæ•°:  2150
æ€»æ•°:  4300
æ­£ç¡®çš„ä¸ªæ•°:  3532
æœ€åä¸€ä¸ªæ‰¹æ¬¡çš„è¾“å‡º, ä¸æ»¡batchsizeæ˜¯æ­£å¸¸çš„:
 tensor([[0.9176],
        [0.8784],
        [0.9597],
        [0.1132],
        [0.8207],
        [0.0642],
        [0.5374],
        [0.2350],
        [0.6200],
        [0.8857],
        [0.0293],
        [0.1593]], device='cuda:0', grad_fn=<SigmoidBackward0>)
Epoch [90/100], T_AUC: [4m0.8267[0m
Epoch [90/100], Loss: 13.9189
val_Accuracy: [92m0.7872[0m
val_Precision: [4;34m0.8167[0m,               val_Recall: [4;33m0.7335[0m,                 val_F1 Score: [4;35m0.7684[0m
æ ‡ç­¾é‡Œ1çš„ä¸ªæ•°:  430
æ ‡ç­¾é‡Œ0çš„ä¸ªæ•°:  430
æ€»æ•°:  860
æ­£ç¡®çš„ä¸ªæ•°:  677
Epoch [90/100], V_AUC: [4m0.7848[0m
Epoch [91/100], Loss: 55.5413
train_Accuracy: [91m0.8242[0m
train_Precision: [4;34m0.8352[0m,               train_Recall: [4;33m0.8157[0m,                 train_F1 Score: [4;35m0.8202[0m
æ ‡ç­¾é‡Œ1çš„ä¸ªæ•°:  2150
æ ‡ç­¾é‡Œ0çš„ä¸ªæ•°:  2150
æ€»æ•°:  4300
æ­£ç¡®çš„ä¸ªæ•°:  3544
æœ€åä¸€ä¸ªæ‰¹æ¬¡çš„è¾“å‡º, ä¸æ»¡batchsizeæ˜¯æ­£å¸¸çš„:
 tensor([[0.9244],
        [0.8911],
        [0.9575],
        [0.1019],
        [0.8205],
        [0.0649],
        [0.6038],
        [0.2020],
        [0.6300],
        [0.8975],
        [0.0291],
        [0.1504]], device='cuda:0', grad_fn=<SigmoidBackward0>)
Epoch [91/100], T_AUC: [4m0.8294[0m
Epoch [91/100], Loss: 13.8394
val_Accuracy: [92m0.7895[0m
val_Precision: [4;34m0.8120[0m,               val_Recall: [4;33m0.7444[0m,                 val_F1 Score: [4;35m0.7727[0m
æ ‡ç­¾é‡Œ1çš„ä¸ªæ•°:  430
æ ‡ç­¾é‡Œ0çš„ä¸ªæ•°:  430
æ€»æ•°:  860
æ­£ç¡®çš„ä¸ªæ•°:  679
Epoch [91/100], V_AUC: [4m0.7869[0m
Epoch [92/100], Loss: 55.9696
train_Accuracy: [91m0.8223[0m
train_Precision: [4;34m0.8374[0m,               train_Recall: [4;33m0.8098[0m,                 train_F1 Score: [4;35m0.8180[0m
æ ‡ç­¾é‡Œ1çš„ä¸ªæ•°:  2150
æ ‡ç­¾é‡Œ0çš„ä¸ªæ•°:  2150
æ€»æ•°:  4300
æ­£ç¡®çš„ä¸ªæ•°:  3536
æœ€åä¸€ä¸ªæ‰¹æ¬¡çš„è¾“å‡º, ä¸æ»¡batchsizeæ˜¯æ­£å¸¸çš„:
 tensor([[0.9328],
        [0.8932],
        [0.9682],
        [0.1173],
        [0.8176],
        [0.0616],
        [0.5699],
        [0.1951],
        [0.6125],
        [0.8909],
        [0.0276],
        [0.1274]], device='cuda:0', grad_fn=<SigmoidBackward0>)
Epoch [92/100], T_AUC: [4m0.8275[0m
Epoch [92/100], Loss: 14.1552
val_Accuracy: [92m0.7953[0m
val_Precision: [4;34m0.8359[0m,               val_Recall: [4;33m0.7312[0m,                 val_F1 Score: [4;35m0.7751[0m
æ ‡ç­¾é‡Œ1çš„ä¸ªæ•°:  430
æ ‡ç­¾é‡Œ0çš„ä¸ªæ•°:  430
æ€»æ•°:  860
æ­£ç¡®çš„ä¸ªæ•°:  684
Epoch [92/100], V_AUC: [4m0.7928[0m
Epoch [93/100], Loss: 55.5201
train_Accuracy: [91m0.8226[0m
train_Precision: [4;34m0.8375[0m,               train_Recall: [4;33m0.8086[0m,                 train_F1 Score: [4;35m0.8179[0m
æ ‡ç­¾é‡Œ1çš„ä¸ªæ•°:  2150
æ ‡ç­¾é‡Œ0çš„ä¸ªæ•°:  2150
æ€»æ•°:  4300
æ­£ç¡®çš„ä¸ªæ•°:  3537
æœ€åä¸€ä¸ªæ‰¹æ¬¡çš„è¾“å‡º, ä¸æ»¡batchsizeæ˜¯æ­£å¸¸çš„:
 tensor([[0.9162],
        [0.8763],
        [0.9568],
        [0.1153],
        [0.8083],
        [0.0782],
        [0.5606],
        [0.3126],
        [0.6368],
        [0.8787],
        [0.0265],
        [0.1412]], device='cuda:0', grad_fn=<SigmoidBackward0>)
Epoch [93/100], T_AUC: [4m0.8277[0m
Epoch [93/100], Loss: 13.6330
val_Accuracy: [92m0.7965[0m
val_Precision: [4;34m0.8152[0m,               val_Recall: [4;33m0.7586[0m,                 val_F1 Score: [4;35m0.7810[0m
æ ‡ç­¾é‡Œ1çš„ä¸ªæ•°:  430
æ ‡ç­¾é‡Œ0çš„ä¸ªæ•°:  430
æ€»æ•°:  860
æ­£ç¡®çš„ä¸ªæ•°:  685
Epoch [93/100], V_AUC: [4m0.7941[0m
Epoch [94/100], Loss: 55.6228
train_Accuracy: [91m0.8226[0m
train_Precision: [4;34m0.8350[0m,               train_Recall: [4;33m0.8120[0m,                 train_F1 Score: [4;35m0.8183[0m
æ ‡ç­¾é‡Œ1çš„ä¸ªæ•°:  2150
æ ‡ç­¾é‡Œ0çš„ä¸ªæ•°:  2150
æ€»æ•°:  4300
æ­£ç¡®çš„ä¸ªæ•°:  3537
æœ€åä¸€ä¸ªæ‰¹æ¬¡çš„è¾“å‡º, ä¸æ»¡batchsizeæ˜¯æ­£å¸¸çš„:
 tensor([[0.9144],
        [0.8678],
        [0.9610],
        [0.1168],
        [0.8403],
        [0.0665],
        [0.5168],
        [0.2744],
        [0.6289],
        [0.8912],
        [0.0314],
        [0.1353]], device='cuda:0', grad_fn=<SigmoidBackward0>)
Epoch [94/100], T_AUC: [4m0.8275[0m
Epoch [94/100], Loss: 13.8366
val_Accuracy: [92m0.7884[0m
val_Precision: [4;34m0.8155[0m,               val_Recall: [4;33m0.7375[0m,                 val_F1 Score: [4;35m0.7699[0m
æ ‡ç­¾é‡Œ1çš„ä¸ªæ•°:  430
æ ‡ç­¾é‡Œ0çš„ä¸ªæ•°:  430
æ€»æ•°:  860
æ­£ç¡®çš„ä¸ªæ•°:  678
Epoch [94/100], V_AUC: [4m0.7858[0m
Epoch [95/100], Loss: 55.5755
train_Accuracy: [91m0.8240[0m
train_Precision: [4;34m0.8373[0m,               train_Recall: [4;33m0.8135[0m,                 train_F1 Score: [4;35m0.8199[0m
æ ‡ç­¾é‡Œ1çš„ä¸ªæ•°:  2150
æ ‡ç­¾é‡Œ0çš„ä¸ªæ•°:  2150
æ€»æ•°:  4300
æ­£ç¡®çš„ä¸ªæ•°:  3543
æœ€åä¸€ä¸ªæ‰¹æ¬¡çš„è¾“å‡º, ä¸æ»¡batchsizeæ˜¯æ­£å¸¸çš„:
 tensor([[0.9173],
        [0.8938],
        [0.9711],
        [0.1090],
        [0.8301],
        [0.0591],
        [0.5713],
        [0.1979],
        [0.6254],
        [0.9081],
        [0.0255],
        [0.1319]], device='cuda:0', grad_fn=<SigmoidBackward0>)
Epoch [95/100], T_AUC: [4m0.8296[0m
Epoch [95/100], Loss: 13.8782
val_Accuracy: [92m0.7919[0m
val_Precision: [4;34m0.8167[0m,               val_Recall: [4;33m0.7451[0m,                 val_F1 Score: [4;35m0.7752[0m
æ ‡ç­¾é‡Œ1çš„ä¸ªæ•°:  430
æ ‡ç­¾é‡Œ0çš„ä¸ªæ•°:  430
æ€»æ•°:  860
æ­£ç¡®çš„ä¸ªæ•°:  681
Epoch [95/100], V_AUC: [4m0.7895[0m
Epoch [96/100], Loss: 55.5055
train_Accuracy: [91m0.8212[0m
train_Precision: [4;34m0.8340[0m,               train_Recall: [4;33m0.8101[0m,                 train_F1 Score: [4;35m0.8170[0m
æ ‡ç­¾é‡Œ1çš„ä¸ªæ•°:  2150
æ ‡ç­¾é‡Œ0çš„ä¸ªæ•°:  2150
æ€»æ•°:  4300
æ­£ç¡®çš„ä¸ªæ•°:  3531
æœ€åä¸€ä¸ªæ‰¹æ¬¡çš„è¾“å‡º, ä¸æ»¡batchsizeæ˜¯æ­£å¸¸çš„:
 tensor([[0.9254],
        [0.9031],
        [0.9736],
        [0.1068],
        [0.8302],
        [0.0569],
        [0.5382],
        [0.1950],
        [0.6485],
        [0.9148],
        [0.0256],
        [0.1161]], device='cuda:0', grad_fn=<SigmoidBackward0>)
Epoch [96/100], T_AUC: [4m0.8259[0m
Epoch [96/100], Loss: 14.1223
val_Accuracy: [92m0.7907[0m
val_Precision: [4;34m0.8218[0m,               val_Recall: [4;33m0.7356[0m,                 val_F1 Score: [4;35m0.7719[0m
æ ‡ç­¾é‡Œ1çš„ä¸ªæ•°:  430
æ ‡ç­¾é‡Œ0çš„ä¸ªæ•°:  430
æ€»æ•°:  860
æ­£ç¡®çš„ä¸ªæ•°:  680
Epoch [96/100], V_AUC: [4m0.7881[0m
Epoch [97/100], Loss: 55.5171
train_Accuracy: [91m0.8251[0m
train_Precision: [4;34m0.8411[0m,               train_Recall: [4;33m0.8085[0m,                 train_F1 Score: [4;35m0.8201[0m
æ ‡ç­¾é‡Œ1çš„ä¸ªæ•°:  2150
æ ‡ç­¾é‡Œ0çš„ä¸ªæ•°:  2150
æ€»æ•°:  4300
æ­£ç¡®çš„ä¸ªæ•°:  3548
æœ€åä¸€ä¸ªæ‰¹æ¬¡çš„è¾“å‡º, ä¸æ»¡batchsizeæ˜¯æ­£å¸¸çš„:
 tensor([[0.9274],
        [0.9028],
        [0.9735],
        [0.1000],
        [0.8331],
        [0.0566],
        [0.5797],
        [0.1805],
        [0.6314],
        [0.9172],
        [0.0248],
        [0.1376]], device='cuda:0', grad_fn=<SigmoidBackward0>)
Epoch [97/100], T_AUC: [4m0.8295[0m
Epoch [97/100], Loss: 14.0167
val_Accuracy: [92m0.7895[0m
val_Precision: [4;34m0.8159[0m,               val_Recall: [4;33m0.7405[0m,                 val_F1 Score: [4;35m0.7724[0m
æ ‡ç­¾é‡Œ1çš„ä¸ªæ•°:  430
æ ‡ç­¾é‡Œ0çš„ä¸ªæ•°:  430
æ€»æ•°:  860
æ­£ç¡®çš„ä¸ªæ•°:  679
Epoch [97/100], V_AUC: [4m0.7871[0m
Epoch [98/100], Loss: 55.5278
train_Accuracy: [91m0.8219[0m
train_Precision: [4;34m0.8375[0m,               train_Recall: [4;33m0.8067[0m,                 train_F1 Score: [4;35m0.8168[0m
æ ‡ç­¾é‡Œ1çš„ä¸ªæ•°:  2150
æ ‡ç­¾é‡Œ0çš„ä¸ªæ•°:  2150
æ€»æ•°:  4300
æ­£ç¡®çš„ä¸ªæ•°:  3534
æœ€åä¸€ä¸ªæ‰¹æ¬¡çš„è¾“å‡º, ä¸æ»¡batchsizeæ˜¯æ­£å¸¸çš„:
 tensor([[0.9229],
        [0.8976],
        [0.9765],
        [0.1056],
        [0.8343],
        [0.0521],
        [0.5781],
        [0.1854],
        [0.6256],
        [0.9183],
        [0.0234],
        [0.1374]], device='cuda:0', grad_fn=<SigmoidBackward0>)
Epoch [98/100], T_AUC: [4m0.8270[0m
Epoch [98/100], Loss: 14.0197
val_Accuracy: [92m0.7930[0m
val_Precision: [4;34m0.8269[0m,               val_Recall: [4;33m0.7355[0m,                 val_F1 Score: [4;35m0.7738[0m
æ ‡ç­¾é‡Œ1çš„ä¸ªæ•°:  430
æ ‡ç­¾é‡Œ0çš„ä¸ªæ•°:  430
æ€»æ•°:  860
æ­£ç¡®çš„ä¸ªæ•°:  682
Epoch [98/100], V_AUC: [4m0.7906[0m
Epoch [99/100], Loss: 55.4374
train_Accuracy: [91m0.8242[0m
train_Precision: [4;34m0.8394[0m,               train_Recall: [4;33m0.8089[0m,                 train_F1 Score: [4;35m0.8190[0m
æ ‡ç­¾é‡Œ1çš„ä¸ªæ•°:  2150
æ ‡ç­¾é‡Œ0çš„ä¸ªæ•°:  2150
æ€»æ•°:  4300
æ­£ç¡®çš„ä¸ªæ•°:  3544
æœ€åä¸€ä¸ªæ‰¹æ¬¡çš„è¾“å‡º, ä¸æ»¡batchsizeæ˜¯æ­£å¸¸çš„:
 tensor([[0.9214],
        [0.9009],
        [0.9765],
        [0.1035],
        [0.8150],
        [0.0548],
        [0.5816],
        [0.2080],
        [0.6256],
        [0.9164],
        [0.0232],
        [0.1437]], device='cuda:0', grad_fn=<SigmoidBackward0>)
Epoch [99/100], T_AUC: [4m0.8290[0m
Epoch [99/100], Loss: 13.9376
val_Accuracy: [92m0.7872[0m
val_Precision: [4;34m0.8152[0m,               val_Recall: [4;33m0.7362[0m,                 val_F1 Score: [4;35m0.7698[0m
æ ‡ç­¾é‡Œ1çš„ä¸ªæ•°:  430
æ ‡ç­¾é‡Œ0çš„ä¸ªæ•°:  430
æ€»æ•°:  860
æ­£ç¡®çš„ä¸ªæ•°:  677
Epoch [99/100], V_AUC: [4m0.7850[0m
Epoch [100/100], Loss: 55.2732
train_Accuracy: [91m0.8221[0m
train_Precision: [4;34m0.8367[0m,               train_Recall: [4;33m0.8084[0m,                 train_F1 Score: [4;35m0.8171[0m
æ ‡ç­¾é‡Œ1çš„ä¸ªæ•°:  2150
æ ‡ç­¾é‡Œ0çš„ä¸ªæ•°:  2150
æ€»æ•°:  4300
æ­£ç¡®çš„ä¸ªæ•°:  3535
æœ€åä¸€ä¸ªæ‰¹æ¬¡çš„è¾“å‡º, ä¸æ»¡batchsizeæ˜¯æ­£å¸¸çš„:
 tensor([[0.9108],
        [0.8951],
        [0.9801],
        [0.0977],
        [0.8252],
        [0.0543],
        [0.5756],
        [0.2094],
        [0.6285],
        [0.9230],
        [0.0223],
        [0.1435]], device='cuda:0', grad_fn=<SigmoidBackward0>)
Epoch [100/100], T_AUC: [4m0.8271[0m
Epoch [100/100], Loss: 13.9655
val_Accuracy: [92m0.7884[0m
val_Precision: [4;34m0.8112[0m,               val_Recall: [4;33m0.7449[0m,                 val_F1 Score: [4;35m0.7726[0m
æ ‡ç­¾é‡Œ1çš„ä¸ªæ•°:  430
æ ‡ç­¾é‡Œ0çš„ä¸ªæ•°:  430
æ€»æ•°:  860
æ­£ç¡®çš„ä¸ªæ•°:  678
Epoch [100/100], V_AUC: [4m0.7859[0m
ç¬¬0æ‰¹ç¬¬2ä¸ª, 100
ç¬¬0æ‰¹ç¬¬15ä¸ª, 100
ç¬¬1æ‰¹ç¬¬0ä¸ª, 100
ç¬¬1æ‰¹ç¬¬13ä¸ª, 100
ç¬¬1æ‰¹ç¬¬29ä¸ª, 100
send email successfully
