2024-06-24-11:57:53
1æ’åº128-0.5
åˆ›å»ºæ¨¡å‹å®ä¾‹
æ¨¡å‹å®ä¾‹åˆ›å»ºå®Œæˆ
åŠ è½½é¢„è®­ç»ƒå‚æ•°
é¢„è®­ç»ƒå‚æ•°åŠ è½½å®Œæˆ
Epoch [1/100], Loss: 60.8637
train_Accuracy: [91m0.8044[0m
train_Precision: [4;34m0.8244[0m,               train_Recall: [4;33m0.7833[0m,                 train_F1 Score: [4;35m0.7979[0m
æ ‡ç­¾é‡Œ1çš„ä¸ªæ•°:  2150
æ ‡ç­¾é‡Œ0çš„ä¸ªæ•°:  2150
æ€»æ•°:  4300
æ­£ç¡®çš„ä¸ªæ•°:  3459
æœ€åä¸€ä¸ªæ‰¹æ¬¡çš„è¾“å‡º, ä¸æ»¡batchsizeæ˜¯æ­£å¸¸çš„:
 tensor([[0.9071],
        [0.8295],
        [0.9701],
        [0.1458],
        [0.7358],
        [0.1251],
        [0.5368],
        [0.3505],
        [0.4914],
        [0.9112],
        [0.0445],
        [0.0486]], device='cuda:0', grad_fn=<SigmoidBackward0>)
Epoch [1/100], T_AUC: [4m0.8105[0m
Epoch [1/100], Loss: 13.9086
val_Accuracy: [92m0.7977[0m
val_Precision: [4;34m0.8180[0m,               val_Recall: [4;33m0.7566[0m,                 val_F1 Score: [4;35m0.7809[0m
æ ‡ç­¾é‡Œ1çš„ä¸ªæ•°:  430
æ ‡ç­¾é‡Œ0çš„ä¸ªæ•°:  430
æ€»æ•°:  860
æ­£ç¡®çš„ä¸ªæ•°:  686
Epoch [1/100], V_AUC: [4m0.7947[0m
Epoch [2/100], Loss: 58.1294
train_Accuracy: [91m0.8144[0m
train_Precision: [4;34m0.8337[0m,               train_Recall: [4;33m0.7959[0m,                 train_F1 Score: [4;35m0.8092[0m
æ ‡ç­¾é‡Œ1çš„ä¸ªæ•°:  2150
æ ‡ç­¾é‡Œ0çš„ä¸ªæ•°:  2150
æ€»æ•°:  4300
æ­£ç¡®çš„ä¸ªæ•°:  3502
æœ€åä¸€ä¸ªæ‰¹æ¬¡çš„è¾“å‡º, ä¸æ»¡batchsizeæ˜¯æ­£å¸¸çš„:
 tensor([[0.8966],
        [0.8400],
        [0.9813],
        [0.1646],
        [0.7853],
        [0.1172],
        [0.4675],
        [0.3509],
        [0.5018],
        [0.9092],
        [0.0436],
        [0.0462]], device='cuda:0', grad_fn=<SigmoidBackward0>)
Epoch [2/100], T_AUC: [4m0.8208[0m
Epoch [2/100], Loss: 13.9487
val_Accuracy: [92m0.7965[0m
val_Precision: [4;34m0.8136[0m,               val_Recall: [4;33m0.7612[0m,                 val_F1 Score: [4;35m0.7810[0m
æ ‡ç­¾é‡Œ1çš„ä¸ªæ•°:  430
æ ‡ç­¾é‡Œ0çš„ä¸ªæ•°:  430
æ€»æ•°:  860
æ­£ç¡®çš„ä¸ªæ•°:  685
Epoch [2/100], V_AUC: [4m0.7934[0m
Epoch [3/100], Loss: 57.1903
train_Accuracy: [91m0.8156[0m
train_Precision: [4;34m0.8356[0m,               train_Recall: [4;33m0.7969[0m,                 train_F1 Score: [4;35m0.8104[0m
æ ‡ç­¾é‡Œ1çš„ä¸ªæ•°:  2150
æ ‡ç­¾é‡Œ0çš„ä¸ªæ•°:  2150
æ€»æ•°:  4300
æ­£ç¡®çš„ä¸ªæ•°:  3507
æœ€åä¸€ä¸ªæ‰¹æ¬¡çš„è¾“å‡º, ä¸æ»¡batchsizeæ˜¯æ­£å¸¸çš„:
 tensor([[0.8961],
        [0.8349],
        [0.9816],
        [0.1496],
        [0.7977],
        [0.0966],
        [0.4250],
        [0.3547],
        [0.5523],
        [0.9106],
        [0.0548],
        [0.0566]], device='cuda:0', grad_fn=<SigmoidBackward0>)
Epoch [3/100], T_AUC: [4m0.8222[0m
Epoch [3/100], Loss: 14.1944
val_Accuracy: [92m0.7919[0m
val_Precision: [4;34m0.8118[0m,               val_Recall: [4;33m0.7529[0m,                 val_F1 Score: [4;35m0.7754[0m
æ ‡ç­¾é‡Œ1çš„ä¸ªæ•°:  430
æ ‡ç­¾é‡Œ0çš„ä¸ªæ•°:  430
æ€»æ•°:  860
æ­£ç¡®çš„ä¸ªæ•°:  681
Epoch [3/100], V_AUC: [4m0.7895[0m
Epoch [4/100], Loss: 56.5596
train_Accuracy: [91m0.8205[0m
train_Precision: [4;34m0.8416[0m,               train_Recall: [4;33m0.7990[0m,                 train_F1 Score: [4;35m0.8148[0m
æ ‡ç­¾é‡Œ1çš„ä¸ªæ•°:  2150
æ ‡ç­¾é‡Œ0çš„ä¸ªæ•°:  2150
æ€»æ•°:  4300
æ­£ç¡®çš„ä¸ªæ•°:  3528
æœ€åä¸€ä¸ªæ‰¹æ¬¡çš„è¾“å‡º, ä¸æ»¡batchsizeæ˜¯æ­£å¸¸çš„:
 tensor([[0.8888],
        [0.8361],
        [0.9853],
        [0.1152],
        [0.8166],
        [0.0873],
        [0.3984],
        [0.3678],
        [0.5879],
        [0.9272],
        [0.0484],
        [0.0597]], device='cuda:0', grad_fn=<SigmoidBackward0>)
Epoch [4/100], T_AUC: [4m0.8269[0m
Epoch [4/100], Loss: 14.2257
val_Accuracy: [92m0.7965[0m
val_Precision: [4;34m0.8257[0m,               val_Recall: [4;33m0.7433[0m,                 val_F1 Score: [4;35m0.7771[0m
æ ‡ç­¾é‡Œ1çš„ä¸ªæ•°:  430
æ ‡ç­¾é‡Œ0çš„ä¸ªæ•°:  430
æ€»æ•°:  860
æ­£ç¡®çš„ä¸ªæ•°:  685
Epoch [4/100], V_AUC: [4m0.7942[0m
Epoch [5/100], Loss: 55.5731
train_Accuracy: [91m0.8247[0m
train_Precision: [4;34m0.8458[0m,               train_Recall: [4;33m0.8040[0m,                 train_F1 Score: [4;35m0.8193[0m
æ ‡ç­¾é‡Œ1çš„ä¸ªæ•°:  2150
æ ‡ç­¾é‡Œ0çš„ä¸ªæ•°:  2150
æ€»æ•°:  4300
æ­£ç¡®çš„ä¸ªæ•°:  3546
æœ€åä¸€ä¸ªæ‰¹æ¬¡çš„è¾“å‡º, ä¸æ»¡batchsizeæ˜¯æ­£å¸¸çš„:
 tensor([[0.8873],
        [0.8802],
        [0.9880],
        [0.0968],
        [0.8186],
        [0.0783],
        [0.3538],
        [0.3811],
        [0.6034],
        [0.9178],
        [0.0591],
        [0.0497]], device='cuda:0', grad_fn=<SigmoidBackward0>)
Epoch [5/100], T_AUC: [4m0.8309[0m
Epoch [5/100], Loss: 14.5268
val_Accuracy: [92m0.7907[0m
val_Precision: [4;34m0.8193[0m,               val_Recall: [4;33m0.7380[0m,                 val_F1 Score: [4;35m0.7707[0m
æ ‡ç­¾é‡Œ1çš„ä¸ªæ•°:  430
æ ‡ç­¾é‡Œ0çš„ä¸ªæ•°:  430
æ€»æ•°:  860
æ­£ç¡®çš„ä¸ªæ•°:  680
Epoch [5/100], V_AUC: [4m0.7878[0m
Epoch [6/100], Loss: 54.5969
train_Accuracy: [91m0.8293[0m
train_Precision: [4;34m0.8505[0m,               train_Recall: [4;33m0.8092[0m,                 train_F1 Score: [4;35m0.8241[0m
æ ‡ç­¾é‡Œ1çš„ä¸ªæ•°:  2150
æ ‡ç­¾é‡Œ0çš„ä¸ªæ•°:  2150
æ€»æ•°:  4300
æ­£ç¡®çš„ä¸ªæ•°:  3566
æœ€åä¸€ä¸ªæ‰¹æ¬¡çš„è¾“å‡º, ä¸æ»¡batchsizeæ˜¯æ­£å¸¸çš„:
 tensor([[0.8943],
        [0.8815],
        [0.9883],
        [0.0999],
        [0.7566],
        [0.0870],
        [0.3667],
        [0.3414],
        [0.7292],
        [0.8929],
        [0.0437],
        [0.0659]], device='cuda:0', grad_fn=<SigmoidBackward0>)
Epoch [6/100], T_AUC: [4m0.8357[0m
Epoch [6/100], Loss: 14.6768
val_Accuracy: [92m0.7884[0m
val_Precision: [4;34m0.8118[0m,               val_Recall: [4;33m0.7398[0m,                 val_F1 Score: [4;35m0.7694[0m
æ ‡ç­¾é‡Œ1çš„ä¸ªæ•°:  430
æ ‡ç­¾é‡Œ0çš„ä¸ªæ•°:  430
æ€»æ•°:  860
æ­£ç¡®çš„ä¸ªæ•°:  678
Epoch [6/100], V_AUC: [4m0.7851[0m
Epoch [7/100], Loss: 54.2103
train_Accuracy: [91m0.8314[0m
train_Precision: [4;34m0.8498[0m,               train_Recall: [4;33m0.8137[0m,                 train_F1 Score: [4;35m0.8263[0m
æ ‡ç­¾é‡Œ1çš„ä¸ªæ•°:  2150
æ ‡ç­¾é‡Œ0çš„ä¸ªæ•°:  2150
æ€»æ•°:  4300
æ­£ç¡®çš„ä¸ªæ•°:  3575
æœ€åä¸€ä¸ªæ‰¹æ¬¡çš„è¾“å‡º, ä¸æ»¡batchsizeæ˜¯æ­£å¸¸çš„:
 tensor([[0.8665],
        [0.9096],
        [0.9914],
        [0.0773],
        [0.8413],
        [0.0735],
        [0.4159],
        [0.3462],
        [0.6963],
        [0.8837],
        [0.0430],
        [0.0495]], device='cuda:0', grad_fn=<SigmoidBackward0>)
Epoch [7/100], T_AUC: [4m0.8377[0m
Epoch [7/100], Loss: 15.1300
val_Accuracy: [92m0.7895[0m
val_Precision: [4;34m0.8066[0m,               val_Recall: [4;33m0.7514[0m,                 val_F1 Score: [4;35m0.7725[0m
æ ‡ç­¾é‡Œ1çš„ä¸ªæ•°:  430
æ ‡ç­¾é‡Œ0çš„ä¸ªæ•°:  430
æ€»æ•°:  860
æ­£ç¡®çš„ä¸ªæ•°:  679
Epoch [7/100], V_AUC: [4m0.7871[0m
Epoch [8/100], Loss: 53.7093
train_Accuracy: [91m0.8319[0m
train_Precision: [4;34m0.8512[0m,               train_Recall: [4;33m0.8127[0m,                 train_F1 Score: [4;35m0.8268[0m
æ ‡ç­¾é‡Œ1çš„ä¸ªæ•°:  2150
æ ‡ç­¾é‡Œ0çš„ä¸ªæ•°:  2150
æ€»æ•°:  4300
æ­£ç¡®çš„ä¸ªæ•°:  3577
æœ€åä¸€ä¸ªæ‰¹æ¬¡çš„è¾“å‡º, ä¸æ»¡batchsizeæ˜¯æ­£å¸¸çš„:
 tensor([[0.9012],
        [0.8726],
        [0.9906],
        [0.0707],
        [0.8228],
        [0.0713],
        [0.3464],
        [0.3686],
        [0.7700],
        [0.9202],
        [0.0411],
        [0.0445]], device='cuda:0', grad_fn=<SigmoidBackward0>)
Epoch [8/100], T_AUC: [4m0.8376[0m
Epoch [8/100], Loss: 15.5133
val_Accuracy: [92m0.7930[0m
val_Precision: [4;34m0.8132[0m,               val_Recall: [4;33m0.7486[0m,                 val_F1 Score: [4;35m0.7751[0m
æ ‡ç­¾é‡Œ1çš„ä¸ªæ•°:  430
æ ‡ç­¾é‡Œ0çš„ä¸ªæ•°:  430
æ€»æ•°:  860
æ­£ç¡®çš„ä¸ªæ•°:  682
Epoch [8/100], V_AUC: [4m0.7888[0m
Epoch [9/100], Loss: 53.0141
train_Accuracy: [91m0.8340[0m
train_Precision: [4;34m0.8519[0m,               train_Recall: [4;33m0.8175[0m,                 train_F1 Score: [4;35m0.8293[0m
æ ‡ç­¾é‡Œ1çš„ä¸ªæ•°:  2150
æ ‡ç­¾é‡Œ0çš„ä¸ªæ•°:  2150
æ€»æ•°:  4300
æ­£ç¡®çš„ä¸ªæ•°:  3586
æœ€åä¸€ä¸ªæ‰¹æ¬¡çš„è¾“å‡º, ä¸æ»¡batchsizeæ˜¯æ­£å¸¸çš„:
 tensor([[0.8494],
        [0.9110],
        [0.9925],
        [0.0828],
        [0.8466],
        [0.0576],
        [0.3845],
        [0.3907],
        [0.7854],
        [0.8954],
        [0.0370],
        [0.0372]], device='cuda:0', grad_fn=<SigmoidBackward0>)
Epoch [9/100], T_AUC: [4m0.8401[0m
Epoch [9/100], Loss: 15.2355
val_Accuracy: [92m0.7884[0m
val_Precision: [4;34m0.8165[0m,               val_Recall: [4;33m0.7338[0m,                 val_F1 Score: [4;35m0.7682[0m
æ ‡ç­¾é‡Œ1çš„ä¸ªæ•°:  430
æ ‡ç­¾é‡Œ0çš„ä¸ªæ•°:  430
æ€»æ•°:  860
æ­£ç¡®çš„ä¸ªæ•°:  678
Epoch [9/100], V_AUC: [4m0.7858[0m
Epoch [10/100], Loss: 52.1214
train_Accuracy: [91m0.8365[0m
train_Precision: [4;34m0.8574[0m,               train_Recall: [4;33m0.8151[0m,                 train_F1 Score: [4;35m0.8312[0m
æ ‡ç­¾é‡Œ1çš„ä¸ªæ•°:  2150
æ ‡ç­¾é‡Œ0çš„ä¸ªæ•°:  2150
æ€»æ•°:  4300
æ­£ç¡®çš„ä¸ªæ•°:  3597
æœ€åä¸€ä¸ªæ‰¹æ¬¡çš„è¾“å‡º, ä¸æ»¡batchsizeæ˜¯æ­£å¸¸çš„:
 tensor([[0.8832],
        [0.9464],
        [0.9895],
        [0.0705],
        [0.8553],
        [0.0364],
        [0.3087],
        [0.3586],
        [0.8515],
        [0.8996],
        [0.0294],
        [0.0531]], device='cuda:0', grad_fn=<SigmoidBackward0>)
Epoch [10/100], T_AUC: [4m0.8421[0m
Epoch [10/100], Loss: 15.1443
val_Accuracy: [92m0.7942[0m
val_Precision: [4;34m0.8232[0m,               val_Recall: [4;33m0.7407[0m,                 val_F1 Score: [4;35m0.7745[0m
æ ‡ç­¾é‡Œ1çš„ä¸ªæ•°:  430
æ ‡ç­¾é‡Œ0çš„ä¸ªæ•°:  430
æ€»æ•°:  860
æ­£ç¡®çš„ä¸ªæ•°:  683
Epoch [10/100], V_AUC: [4m0.7909[0m
Epoch [11/100], Loss: 51.2361
train_Accuracy: [91m0.8423[0m
train_Precision: [4;34m0.8614[0m,               train_Recall: [4;33m0.8238[0m,                 train_F1 Score: [4;35m0.8375[0m
æ ‡ç­¾é‡Œ1çš„ä¸ªæ•°:  2150
æ ‡ç­¾é‡Œ0çš„ä¸ªæ•°:  2150
æ€»æ•°:  4300
æ­£ç¡®çš„ä¸ªæ•°:  3622
æœ€åä¸€ä¸ªæ‰¹æ¬¡çš„è¾“å‡º, ä¸æ»¡batchsizeæ˜¯æ­£å¸¸çš„:
 tensor([[0.8598],
        [0.9128],
        [0.9860],
        [0.0496],
        [0.9466],
        [0.0411],
        [0.3700],
        [0.4443],
        [0.7472],
        [0.9061],
        [0.0462],
        [0.0337]], device='cuda:0', grad_fn=<SigmoidBackward0>)
Epoch [11/100], T_AUC: [4m0.8475[0m
Epoch [11/100], Loss: 15.3934
val_Accuracy: [92m0.7907[0m
val_Precision: [4;34m0.8118[0m,               val_Recall: [4;33m0.7451[0m,                 val_F1 Score: [4;35m0.7716[0m
æ ‡ç­¾é‡Œ1çš„ä¸ªæ•°:  430
æ ‡ç­¾é‡Œ0çš„ä¸ªæ•°:  430
æ€»æ•°:  860
æ­£ç¡®çš„ä¸ªæ•°:  680
Epoch [11/100], V_AUC: [4m0.7850[0m
Epoch [12/100], Loss: 50.7575
train_Accuracy: [91m0.8500[0m
train_Precision: [4;34m0.8660[0m,               train_Recall: [4;33m0.8367[0m,                 train_F1 Score: [4;35m0.8465[0m
æ ‡ç­¾é‡Œ1çš„ä¸ªæ•°:  2150
æ ‡ç­¾é‡Œ0çš„ä¸ªæ•°:  2150
æ€»æ•°:  4300
æ­£ç¡®çš„ä¸ªæ•°:  3655
æœ€åä¸€ä¸ªæ‰¹æ¬¡çš„è¾“å‡º, ä¸æ»¡batchsizeæ˜¯æ­£å¸¸çš„:
 tensor([[0.8641],
        [0.8964],
        [0.9911],
        [0.0623],
        [0.9151],
        [0.0604],
        [0.3062],
        [0.2958],
        [0.8188],
        [0.8882],
        [0.0413],
        [0.0411]], device='cuda:0', grad_fn=<SigmoidBackward0>)
Epoch [12/100], T_AUC: [4m0.8552[0m
Epoch [12/100], Loss: 15.4661
val_Accuracy: [92m0.7919[0m
val_Precision: [4;34m0.8062[0m,               val_Recall: [4;33m0.7549[0m,                 val_F1 Score: [4;35m0.7756[0m
æ ‡ç­¾é‡Œ1çš„ä¸ªæ•°:  430
æ ‡ç­¾é‡Œ0çš„ä¸ªæ•°:  430
æ€»æ•°:  860
æ­£ç¡®çš„ä¸ªæ•°:  681
Epoch [12/100], V_AUC: [4m0.7871[0m
Epoch [13/100], Loss: 49.6966
train_Accuracy: [91m0.8502[0m
train_Precision: [4;34m0.8663[0m,               train_Recall: [4;33m0.8360[0m,                 train_F1 Score: [4;35m0.8463[0m
æ ‡ç­¾é‡Œ1çš„ä¸ªæ•°:  2150
æ ‡ç­¾é‡Œ0çš„ä¸ªæ•°:  2150
æ€»æ•°:  4300
æ­£ç¡®çš„ä¸ªæ•°:  3656
æœ€åä¸€ä¸ªæ‰¹æ¬¡çš„è¾“å‡º, ä¸æ»¡batchsizeæ˜¯æ­£å¸¸çš„:
 tensor([[0.8682],
        [0.8932],
        [0.9903],
        [0.0353],
        [0.9271],
        [0.0451],
        [0.3102],
        [0.2732],
        [0.9310],
        [0.8909],
        [0.0360],
        [0.0405]], device='cuda:0', grad_fn=<SigmoidBackward0>)
Epoch [13/100], T_AUC: [4m0.8559[0m
Epoch [13/100], Loss: 16.0911
val_Accuracy: [92m0.7930[0m
val_Precision: [4;34m0.7959[0m,               val_Recall: [4;33m0.7718[0m,                 val_F1 Score: [4;35m0.7789[0m
æ ‡ç­¾é‡Œ1çš„ä¸ªæ•°:  430
æ ‡ç­¾é‡Œ0çš„ä¸ªæ•°:  430
æ€»æ•°:  860
æ­£ç¡®çš„ä¸ªæ•°:  682
Epoch [13/100], V_AUC: [4m0.7875[0m
Epoch [14/100], Loss: 49.4753
train_Accuracy: [91m0.8477[0m
train_Precision: [4;34m0.8673[0m,               train_Recall: [4;33m0.8296[0m,                 train_F1 Score: [4;35m0.8431[0m
æ ‡ç­¾é‡Œ1çš„ä¸ªæ•°:  2150
æ ‡ç­¾é‡Œ0çš„ä¸ªæ•°:  2150
æ€»æ•°:  4300
æ­£ç¡®çš„ä¸ªæ•°:  3645
æœ€åä¸€ä¸ªæ‰¹æ¬¡çš„è¾“å‡º, ä¸æ»¡batchsizeæ˜¯æ­£å¸¸çš„:
 tensor([[0.8793],
        [0.9293],
        [0.9924],
        [0.0415],
        [0.9392],
        [0.0608],
        [0.3255],
        [0.1932],
        [0.8612],
        [0.9197],
        [0.0240],
        [0.0377]], device='cuda:0', grad_fn=<SigmoidBackward0>)
Epoch [14/100], T_AUC: [4m0.8535[0m
Epoch [14/100], Loss: 16.0099
val_Accuracy: [92m0.7919[0m
val_Precision: [4;34m0.8053[0m,               val_Recall: [4;33m0.7552[0m,                 val_F1 Score: [4;35m0.7755[0m
æ ‡ç­¾é‡Œ1çš„ä¸ªæ•°:  430
æ ‡ç­¾é‡Œ0çš„ä¸ªæ•°:  430
æ€»æ•°:  860
æ­£ç¡®çš„ä¸ªæ•°:  681
Epoch [14/100], V_AUC: [4m0.7870[0m
Epoch [15/100], Loss: 47.3348
train_Accuracy: [91m0.8579[0m
train_Precision: [4;34m0.8755[0m,               train_Recall: [4;33m0.8414[0m,                 train_F1 Score: [4;35m0.8533[0m
æ ‡ç­¾é‡Œ1çš„ä¸ªæ•°:  2150
æ ‡ç­¾é‡Œ0çš„ä¸ªæ•°:  2150
æ€»æ•°:  4300
æ­£ç¡®çš„ä¸ªæ•°:  3689
æœ€åä¸€ä¸ªæ‰¹æ¬¡çš„è¾“å‡º, ä¸æ»¡batchsizeæ˜¯æ­£å¸¸çš„:
 tensor([[0.9183],
        [0.9362],
        [0.9921],
        [0.0426],
        [0.9720],
        [0.0388],
        [0.2110],
        [0.1409],
        [0.9246],
        [0.8730],
        [0.0243],
        [0.0323]], device='cuda:0', grad_fn=<SigmoidBackward0>)
Epoch [15/100], T_AUC: [4m0.8637[0m
Epoch [15/100], Loss: 17.0471
val_Accuracy: [92m0.7826[0m
val_Precision: [4;34m0.7814[0m,               val_Recall: [4;33m0.7679[0m,                 val_F1 Score: [4;35m0.7711[0m
æ ‡ç­¾é‡Œ1çš„ä¸ªæ•°:  430
æ ‡ç­¾é‡Œ0çš„ä¸ªæ•°:  430
æ€»æ•°:  860
æ­£ç¡®çš„ä¸ªæ•°:  673
Epoch [15/100], V_AUC: [4m0.7775[0m
Epoch [16/100], Loss: 46.6598
train_Accuracy: [91m0.8595[0m
train_Precision: [4;34m0.8793[0m,               train_Recall: [4;33m0.8411[0m,                 train_F1 Score: [4;35m0.8551[0m
æ ‡ç­¾é‡Œ1çš„ä¸ªæ•°:  2150
æ ‡ç­¾é‡Œ0çš„ä¸ªæ•°:  2150
æ€»æ•°:  4300
æ­£ç¡®çš„ä¸ªæ•°:  3696
æœ€åä¸€ä¸ªæ‰¹æ¬¡çš„è¾“å‡º, ä¸æ»¡batchsizeæ˜¯æ­£å¸¸çš„:
 tensor([[0.9533],
        [0.9127],
        [0.9922],
        [0.0391],
        [0.9536],
        [0.0522],
        [0.2551],
        [0.1879],
        [0.8688],
        [0.9544],
        [0.0154],
        [0.0233]], device='cuda:0', grad_fn=<SigmoidBackward0>)
Epoch [16/100], T_AUC: [4m0.8656[0m
Epoch [16/100], Loss: 17.2534
val_Accuracy: [92m0.7849[0m
val_Precision: [4;34m0.7928[0m,               val_Recall: [4;33m0.7573[0m,                 val_F1 Score: [4;35m0.7710[0m
æ ‡ç­¾é‡Œ1çš„ä¸ªæ•°:  430
æ ‡ç­¾é‡Œ0çš„ä¸ªæ•°:  430
æ€»æ•°:  860
æ­£ç¡®çš„ä¸ªæ•°:  675
Epoch [16/100], V_AUC: [4m0.7811[0m
Epoch [17/100], Loss: 46.5406
train_Accuracy: [91m0.8591[0m
train_Precision: [4;34m0.8772[0m,               train_Recall: [4;33m0.8424[0m,                 train_F1 Score: [4;35m0.8550[0m
æ ‡ç­¾é‡Œ1çš„ä¸ªæ•°:  2150
æ ‡ç­¾é‡Œ0çš„ä¸ªæ•°:  2150
æ€»æ•°:  4300
æ­£ç¡®çš„ä¸ªæ•°:  3694
æœ€åä¸€ä¸ªæ‰¹æ¬¡çš„è¾“å‡º, ä¸æ»¡batchsizeæ˜¯æ­£å¸¸çš„:
 tensor([[0.9581],
        [0.9186],
        [0.9957],
        [0.0489],
        [0.9397],
        [0.0378],
        [0.3103],
        [0.2039],
        [0.8659],
        [0.9391],
        [0.0095],
        [0.0265]], device='cuda:0', grad_fn=<SigmoidBackward0>)
Epoch [17/100], T_AUC: [4m0.8648[0m
Epoch [17/100], Loss: 17.5631
val_Accuracy: [92m0.7860[0m
val_Precision: [4;34m0.8042[0m,               val_Recall: [4;33m0.7410[0m,                 val_F1 Score: [4;35m0.7665[0m
æ ‡ç­¾é‡Œ1çš„ä¸ªæ•°:  430
æ ‡ç­¾é‡Œ0çš„ä¸ªæ•°:  430
æ€»æ•°:  860
æ­£ç¡®çš„ä¸ªæ•°:  676
Epoch [17/100], V_AUC: [4m0.7820[0m
Epoch [18/100], Loss: 44.5410
train_Accuracy: [91m0.8693[0m
train_Precision: [4;34m0.8873[0m,               train_Recall: [4;33m0.8517[0m,                 train_F1 Score: [4;35m0.8650[0m
æ ‡ç­¾é‡Œ1çš„ä¸ªæ•°:  2150
æ ‡ç­¾é‡Œ0çš„ä¸ªæ•°:  2150
æ€»æ•°:  4300
æ­£ç¡®çš„ä¸ªæ•°:  3738
æœ€åä¸€ä¸ªæ‰¹æ¬¡çš„è¾“å‡º, ä¸æ»¡batchsizeæ˜¯æ­£å¸¸çš„:
 tensor([[0.9490],
        [0.9256],
        [0.9938],
        [0.0328],
        [0.9898],
        [0.0219],
        [0.2246],
        [0.1808],
        [0.9330],
        [0.9351],
        [0.0129],
        [0.0180]], device='cuda:0', grad_fn=<SigmoidBackward0>)
Epoch [18/100], T_AUC: [4m0.8748[0m
Epoch [18/100], Loss: 17.2333
val_Accuracy: [92m0.7849[0m
val_Precision: [4;34m0.7975[0m,               val_Recall: [4;33m0.7475[0m,                 val_F1 Score: [4;35m0.7668[0m
æ ‡ç­¾é‡Œ1çš„ä¸ªæ•°:  430
æ ‡ç­¾é‡Œ0çš„ä¸ªæ•°:  430
æ€»æ•°:  860
æ­£ç¡®çš„ä¸ªæ•°:  675
Epoch [18/100], V_AUC: [4m0.7809[0m
Epoch [19/100], Loss: 43.1506
train_Accuracy: [91m0.8733[0m
train_Precision: [4;34m0.8910[0m,               train_Recall: [4;33m0.8568[0m,                 train_F1 Score: [4;35m0.8696[0m
æ ‡ç­¾é‡Œ1çš„ä¸ªæ•°:  2150
æ ‡ç­¾é‡Œ0çš„ä¸ªæ•°:  2150
æ€»æ•°:  4300
æ­£ç¡®çš„ä¸ªæ•°:  3755
æœ€åä¸€ä¸ªæ‰¹æ¬¡çš„è¾“å‡º, ä¸æ»¡batchsizeæ˜¯æ­£å¸¸çš„:
 tensor([[0.9677],
        [0.9240],
        [0.9978],
        [0.0307],
        [0.9677],
        [0.0367],
        [0.2639],
        [0.1558],
        [0.8778],
        [0.9528],
        [0.0153],
        [0.0077]], device='cuda:0', grad_fn=<SigmoidBackward0>)
Epoch [19/100], T_AUC: [4m0.8785[0m
Epoch [19/100], Loss: 19.8593
val_Accuracy: [92m0.7837[0m
val_Precision: [4;34m0.8285[0m,               val_Recall: [4;33m0.7083[0m,                 val_F1 Score: [4;35m0.7574[0m
æ ‡ç­¾é‡Œ1çš„ä¸ªæ•°:  430
æ ‡ç­¾é‡Œ0çš„ä¸ªæ•°:  430
æ€»æ•°:  860
æ­£ç¡®çš„ä¸ªæ•°:  674
Epoch [19/100], V_AUC: [4m0.7803[0m
Epoch [20/100], Loss: 41.9784
train_Accuracy: [91m0.8712[0m
train_Precision: [4;34m0.8858[0m,               train_Recall: [4;33m0.8573[0m,                 train_F1 Score: [4;35m0.8676[0m
æ ‡ç­¾é‡Œ1çš„ä¸ªæ•°:  2150
æ ‡ç­¾é‡Œ0çš„ä¸ªæ•°:  2150
æ€»æ•°:  4300
æ­£ç¡®çš„ä¸ªæ•°:  3746
æœ€åä¸€ä¸ªæ‰¹æ¬¡çš„è¾“å‡º, ä¸æ»¡batchsizeæ˜¯æ­£å¸¸çš„:
 tensor([[0.9782],
        [0.9413],
        [0.9978],
        [0.0422],
        [0.9817],
        [0.0163],
        [0.1460],
        [0.0710],
        [0.9569],
        [0.9587],
        [0.0096],
        [0.0105]], device='cuda:0', grad_fn=<SigmoidBackward0>)
Epoch [20/100], T_AUC: [4m0.8762[0m
Epoch [20/100], Loss: 21.1980
val_Accuracy: [92m0.7826[0m
val_Precision: [4;34m0.7998[0m,               val_Recall: [4;33m0.7395[0m,                 val_F1 Score: [4;35m0.7648[0m
æ ‡ç­¾é‡Œ1çš„ä¸ªæ•°:  430
æ ‡ç­¾é‡Œ0çš„ä¸ªæ•°:  430
æ€»æ•°:  860
æ­£ç¡®çš„ä¸ªæ•°:  673
Epoch [20/100], V_AUC: [4m0.7785[0m
Epoch [21/100], Loss: 40.6374
train_Accuracy: [91m0.8835[0m
train_Precision: [4;34m0.8987[0m,               train_Recall: [4;33m0.8696[0m,                 train_F1 Score: [4;35m0.8801[0m
æ ‡ç­¾é‡Œ1çš„ä¸ªæ•°:  2150
æ ‡ç­¾é‡Œ0çš„ä¸ªæ•°:  2150
æ€»æ•°:  4300
æ­£ç¡®çš„ä¸ªæ•°:  3799
æœ€åä¸€ä¸ªæ‰¹æ¬¡çš„è¾“å‡º, ä¸æ»¡batchsizeæ˜¯æ­£å¸¸çš„:
 tensor([[0.9434],
        [0.9167],
        [0.9957],
        [0.0214],
        [0.9960],
        [0.0219],
        [0.1533],
        [0.0957],
        [0.9056],
        [0.9860],
        [0.0085],
        [0.0171]], device='cuda:0', grad_fn=<SigmoidBackward0>)
Epoch [21/100], T_AUC: [4m0.8882[0m
Epoch [21/100], Loss: 19.5123
val_Accuracy: [92m0.7826[0m
val_Precision: [4;34m0.8151[0m,               val_Recall: [4;33m0.7158[0m,                 val_F1 Score: [4;35m0.7572[0m
æ ‡ç­¾é‡Œ1çš„ä¸ªæ•°:  430
æ ‡ç­¾é‡Œ0çš„ä¸ªæ•°:  430
æ€»æ•°:  860
æ­£ç¡®çš„ä¸ªæ•°:  673
Epoch [21/100], V_AUC: [4m0.7790[0m
Epoch [22/100], Loss: 39.2834
train_Accuracy: [91m0.8826[0m
train_Precision: [4;34m0.9027[0m,               train_Recall: [4;33m0.8638[0m,                 train_F1 Score: [4;35m0.8792[0m
æ ‡ç­¾é‡Œ1çš„ä¸ªæ•°:  2150
æ ‡ç­¾é‡Œ0çš„ä¸ªæ•°:  2150
æ€»æ•°:  4300
æ­£ç¡®çš„ä¸ªæ•°:  3795
æœ€åä¸€ä¸ªæ‰¹æ¬¡çš„è¾“å‡º, ä¸æ»¡batchsizeæ˜¯æ­£å¸¸çš„:
 tensor([[0.9368],
        [0.9699],
        [0.9935],
        [0.0285],
        [0.9910],
        [0.0112],
        [0.1530],
        [0.1738],
        [0.9786],
        [0.9698],
        [0.0057],
        [0.0143]], device='cuda:0', grad_fn=<SigmoidBackward0>)
Epoch [22/100], T_AUC: [4m0.8877[0m
Epoch [22/100], Loss: 20.2268
val_Accuracy: [92m0.7744[0m
val_Precision: [4;34m0.7949[0m,               val_Recall: [4;33m0.7244[0m,                 val_F1 Score: [4;35m0.7532[0m
æ ‡ç­¾é‡Œ1çš„ä¸ªæ•°:  430
æ ‡ç­¾é‡Œ0çš„ä¸ªæ•°:  430
æ€»æ•°:  860
æ­£ç¡®çš„ä¸ªæ•°:  666
Epoch [22/100], V_AUC: [4m0.7725[0m
Epoch [23/100], Loss: 38.3981
train_Accuracy: [91m0.8886[0m
train_Precision: [4;34m0.9098[0m,               train_Recall: [4;33m0.8676[0m,                 train_F1 Score: [4;35m0.8851[0m
æ ‡ç­¾é‡Œ1çš„ä¸ªæ•°:  2150
æ ‡ç­¾é‡Œ0çš„ä¸ªæ•°:  2150
æ€»æ•°:  4300
æ­£ç¡®çš„ä¸ªæ•°:  3821
æœ€åä¸€ä¸ªæ‰¹æ¬¡çš„è¾“å‡º, ä¸æ»¡batchsizeæ˜¯æ­£å¸¸çš„:
 tensor([[0.9710],
        [0.9939],
        [0.9948],
        [0.0148],
        [0.9807],
        [0.0333],
        [0.3232],
        [0.1045],
        [0.9503],
        [0.9094],
        [0.0054],
        [0.0158]], device='cuda:0', grad_fn=<SigmoidBackward0>)
Epoch [23/100], T_AUC: [4m0.8922[0m
Epoch [23/100], Loss: 20.8956
val_Accuracy: [92m0.7663[0m
val_Precision: [4;34m0.7785[0m,               val_Recall: [4;33m0.7319[0m,                 val_F1 Score: [4;35m0.7492[0m
æ ‡ç­¾é‡Œ1çš„ä¸ªæ•°:  430
æ ‡ç­¾é‡Œ0çš„ä¸ªæ•°:  430
æ€»æ•°:  860
æ­£ç¡®çš„ä¸ªæ•°:  659
Epoch [23/100], V_AUC: [4m0.7652[0m
Epoch [24/100], Loss: 35.7336
train_Accuracy: [91m0.9016[0m
train_Precision: [4;34m0.9206[0m,               train_Recall: [4;33m0.8831[0m,                 train_F1 Score: [4;35m0.8980[0m
æ ‡ç­¾é‡Œ1çš„ä¸ªæ•°:  2150
æ ‡ç­¾é‡Œ0çš„ä¸ªæ•°:  2150
æ€»æ•°:  4300
æ­£ç¡®çš„ä¸ªæ•°:  3877
æœ€åä¸€ä¸ªæ‰¹æ¬¡çš„è¾“å‡º, ä¸æ»¡batchsizeæ˜¯æ­£å¸¸çš„:
 tensor([[0.9858],
        [0.9774],
        [0.9930],
        [0.0086],
        [0.9966],
        [0.0227],
        [0.0635],
        [0.0545],
        [0.9765],
        [0.9924],
        [0.0018],
        [0.0251]], device='cuda:0', grad_fn=<SigmoidBackward0>)
Epoch [24/100], T_AUC: [4m0.9060[0m
Epoch [24/100], Loss: 20.9380
val_Accuracy: [92m0.7698[0m
val_Precision: [4;34m0.7787[0m,               val_Recall: [4;33m0.7368[0m,                 val_F1 Score: [4;35m0.7520[0m
æ ‡ç­¾é‡Œ1çš„ä¸ªæ•°:  430
æ ‡ç­¾é‡Œ0çš„ä¸ªæ•°:  430
æ€»æ•°:  860
æ­£ç¡®çš„ä¸ªæ•°:  662
Epoch [24/100], V_AUC: [4m0.7676[0m
Epoch [25/100], Loss: 34.1136
train_Accuracy: [91m0.9033[0m
train_Precision: [4;34m0.9202[0m,               train_Recall: [4;33m0.8877[0m,                 train_F1 Score: [4;35m0.9008[0m
æ ‡ç­¾é‡Œ1çš„ä¸ªæ•°:  2150
æ ‡ç­¾é‡Œ0çš„ä¸ªæ•°:  2150
æ€»æ•°:  4300
æ­£ç¡®çš„ä¸ªæ•°:  3884
æœ€åä¸€ä¸ªæ‰¹æ¬¡çš„è¾“å‡º, ä¸æ»¡batchsizeæ˜¯æ­£å¸¸çš„:
 tensor([[0.9824],
        [0.9817],
        [0.9936],
        [0.0086],
        [0.9974],
        [0.0189],
        [0.0555],
        [0.0575],
        [0.9901],
        [0.9902],
        [0.0065],
        [0.0063]], device='cuda:0', grad_fn=<SigmoidBackward0>)
Epoch [25/100], T_AUC: [4m0.9074[0m
Epoch [25/100], Loss: 21.3046
val_Accuracy: [92m0.7651[0m
val_Precision: [4;34m0.7787[0m,               val_Recall: [4;33m0.7287[0m,                 val_F1 Score: [4;35m0.7473[0m
æ ‡ç­¾é‡Œ1çš„ä¸ªæ•°:  430
æ ‡ç­¾é‡Œ0çš„ä¸ªæ•°:  430
æ€»æ•°:  860
æ­£ç¡®çš„ä¸ªæ•°:  658
Epoch [25/100], V_AUC: [4m0.7634[0m
Epoch [26/100], Loss: 32.6996
train_Accuracy: [91m0.9063[0m
train_Precision: [4;34m0.9210[0m,               train_Recall: [4;33m0.8941[0m,                 train_F1 Score: [4;35m0.9040[0m
æ ‡ç­¾é‡Œ1çš„ä¸ªæ•°:  2150
æ ‡ç­¾é‡Œ0çš„ä¸ªæ•°:  2150
æ€»æ•°:  4300
æ­£ç¡®çš„ä¸ªæ•°:  3897
æœ€åä¸€ä¸ªæ‰¹æ¬¡çš„è¾“å‡º, ä¸æ»¡batchsizeæ˜¯æ­£å¸¸çš„:
 tensor([[0.9443],
        [0.9636],
        [0.9943],
        [0.0063],
        [0.9994],
        [0.0176],
        [0.0759],
        [0.0225],
        [0.9820],
        [0.9959],
        [0.0021],
        [0.0423]], device='cuda:0', grad_fn=<SigmoidBackward0>)
Epoch [26/100], T_AUC: [4m0.9104[0m
Epoch [26/100], Loss: 22.0781
val_Accuracy: [92m0.7733[0m
val_Precision: [4;34m0.7941[0m,               val_Recall: [4;33m0.7223[0m,                 val_F1 Score: [4;35m0.7515[0m
æ ‡ç­¾é‡Œ1çš„ä¸ªæ•°:  430
æ ‡ç­¾é‡Œ0çš„ä¸ªæ•°:  430
æ€»æ•°:  860
æ­£ç¡®çš„ä¸ªæ•°:  665
Epoch [26/100], V_AUC: [4m0.7699[0m
Epoch [27/100], Loss: 30.4329
train_Accuracy: [91m0.9149[0m
train_Precision: [4;34m0.9296[0m,               train_Recall: [4;33m0.9029[0m,                 train_F1 Score: [4;35m0.9130[0m
æ ‡ç­¾é‡Œ1çš„ä¸ªæ•°:  2150
æ ‡ç­¾é‡Œ0çš„ä¸ªæ•°:  2150
æ€»æ•°:  4300
æ­£ç¡®çš„ä¸ªæ•°:  3934
æœ€åä¸€ä¸ªæ‰¹æ¬¡çš„è¾“å‡º, ä¸æ»¡batchsizeæ˜¯æ­£å¸¸çš„:
 tensor([[9.8757e-01],
        [9.9639e-01],
        [9.9538e-01],
        [1.4795e-02],
        [9.9970e-01],
        [9.7759e-03],
        [3.0639e-03],
        [1.6730e-02],
        [9.2857e-01],
        [9.9887e-01],
        [9.8988e-04],
        [3.9573e-02]], device='cuda:0', grad_fn=<SigmoidBackward0>)
Epoch [27/100], T_AUC: [4m0.9185[0m
Epoch [27/100], Loss: 24.8359
val_Accuracy: [92m0.7779[0m
val_Precision: [4;34m0.8005[0m,               val_Recall: [4;33m0.7260[0m,                 val_F1 Score: [4;35m0.7567[0m
æ ‡ç­¾é‡Œ1çš„ä¸ªæ•°:  430
æ ‡ç­¾é‡Œ0çš„ä¸ªæ•°:  430
æ€»æ•°:  860
æ­£ç¡®çš„ä¸ªæ•°:  669
Epoch [27/100], V_AUC: [4m0.7746[0m
Epoch [28/100], Loss: 29.8326
train_Accuracy: [91m0.9174[0m
train_Precision: [4;34m0.9308[0m,               train_Recall: [4;33m0.9053[0m,                 train_F1 Score: [4;35m0.9153[0m
æ ‡ç­¾é‡Œ1çš„ä¸ªæ•°:  2150
æ ‡ç­¾é‡Œ0çš„ä¸ªæ•°:  2150
æ€»æ•°:  4300
æ­£ç¡®çš„ä¸ªæ•°:  3945
æœ€åä¸€ä¸ªæ‰¹æ¬¡çš„è¾“å‡º, ä¸æ»¡batchsizeæ˜¯æ­£å¸¸çš„:
 tensor([[0.9852],
        [0.9984],
        [0.9958],
        [0.0176],
        [0.9957],
        [0.0214],
        [0.0169],
        [0.0070],
        [0.9698],
        [0.9978],
        [0.0014],
        [0.0230]], device='cuda:0', grad_fn=<SigmoidBackward0>)
Epoch [28/100], T_AUC: [4m0.9213[0m
Epoch [28/100], Loss: 25.3928
val_Accuracy: [92m0.7640[0m
val_Precision: [4;34m0.7853[0m,               val_Recall: [4;33m0.7139[0m,                 val_F1 Score: [4;35m0.7426[0m
æ ‡ç­¾é‡Œ1çš„ä¸ªæ•°:  430
æ ‡ç­¾é‡Œ0çš„ä¸ªæ•°:  430
æ€»æ•°:  860
æ­£ç¡®çš„ä¸ªæ•°:  657
Epoch [28/100], V_AUC: [4m0.7610[0m
Epoch [29/100], Loss: 27.7744
train_Accuracy: [91m0.9249[0m
train_Precision: [4;34m0.9364[0m,               train_Recall: [4;33m0.9151[0m,                 train_F1 Score: [4;35m0.9230[0m
æ ‡ç­¾é‡Œ1çš„ä¸ªæ•°:  2150
æ ‡ç­¾é‡Œ0çš„ä¸ªæ•°:  2150
æ€»æ•°:  4300
æ­£ç¡®çš„ä¸ªæ•°:  3977
æœ€åä¸€ä¸ªæ‰¹æ¬¡çš„è¾“å‡º, ä¸æ»¡batchsizeæ˜¯æ­£å¸¸çš„:
 tensor([[0.9667],
        [0.9973],
        [0.9898],
        [0.0160],
        [0.9983],
        [0.0094],
        [0.0120],
        [0.0162],
        [0.9968],
        [0.9981],
        [0.0015],
        [0.0118]], device='cuda:0', grad_fn=<SigmoidBackward0>)
Epoch [29/100], T_AUC: [4m0.9285[0m
Epoch [29/100], Loss: 24.1420
val_Accuracy: [92m0.7709[0m
val_Precision: [4;34m0.7841[0m,               val_Recall: [4;33m0.7407[0m,                 val_F1 Score: [4;35m0.7567[0m
æ ‡ç­¾é‡Œ1çš„ä¸ªæ•°:  430
æ ‡ç­¾é‡Œ0çš„ä¸ªæ•°:  430
æ€»æ•°:  860
æ­£ç¡®çš„ä¸ªæ•°:  663
Epoch [29/100], V_AUC: [4m0.7674[0m
Epoch [30/100], Loss: 26.4715
train_Accuracy: [91m0.9298[0m
train_Precision: [4;34m0.9447[0m,               train_Recall: [4;33m0.9155[0m,                 train_F1 Score: [4;35m0.9277[0m
æ ‡ç­¾é‡Œ1çš„ä¸ªæ•°:  2150
æ ‡ç­¾é‡Œ0çš„ä¸ªæ•°:  2150
æ€»æ•°:  4300
æ­£ç¡®çš„ä¸ªæ•°:  3998
æœ€åä¸€ä¸ªæ‰¹æ¬¡çš„è¾“å‡º, ä¸æ»¡batchsizeæ˜¯æ­£å¸¸çš„:
 tensor([[9.8760e-01],
        [9.9661e-01],
        [9.7215e-01],
        [5.6035e-03],
        [9.9991e-01],
        [8.2721e-03],
        [4.3483e-03],
        [3.9270e-02],
        [9.9746e-01],
        [9.9791e-01],
        [2.3935e-04],
        [2.1865e-02]], device='cuda:0', grad_fn=<SigmoidBackward0>)
Epoch [30/100], T_AUC: [4m0.9323[0m
Epoch [30/100], Loss: 28.0718
val_Accuracy: [92m0.7698[0m
val_Precision: [4;34m0.8020[0m,               val_Recall: [4;33m0.7126[0m,                 val_F1 Score: [4;35m0.7495[0m
æ ‡ç­¾é‡Œ1çš„ä¸ªæ•°:  430
æ ‡ç­¾é‡Œ0çš„ä¸ªæ•°:  430
æ€»æ•°:  860
æ­£ç¡®çš„ä¸ªæ•°:  662
Epoch [30/100], V_AUC: [4m0.7672[0m
Epoch [31/100], Loss: 26.0120
train_Accuracy: [91m0.9295[0m
train_Precision: [4;34m0.9376[0m,               train_Recall: [4;33m0.9230[0m,                 train_F1 Score: [4;35m0.9276[0m
æ ‡ç­¾é‡Œ1çš„ä¸ªæ•°:  2150
æ ‡ç­¾é‡Œ0çš„ä¸ªæ•°:  2150
æ€»æ•°:  4300
æ­£ç¡®çš„ä¸ªæ•°:  3997
æœ€åä¸€ä¸ªæ‰¹æ¬¡çš„è¾“å‡º, ä¸æ»¡batchsizeæ˜¯æ­£å¸¸çš„:
 tensor([[9.7989e-01],
        [9.9909e-01],
        [9.8070e-01],
        [5.2190e-03],
        [9.9976e-01],
        [1.9708e-02],
        [8.5057e-03],
        [9.0092e-03],
        [9.9836e-01],
        [9.9821e-01],
        [2.5495e-04],
        [4.9530e-03]], device='cuda:0', grad_fn=<SigmoidBackward0>)
Epoch [31/100], T_AUC: [4m0.9328[0m
Epoch [31/100], Loss: 25.6843
val_Accuracy: [92m0.7733[0m
val_Precision: [4;34m0.7966[0m,               val_Recall: [4;33m0.7253[0m,                 val_F1 Score: [4;35m0.7551[0m
æ ‡ç­¾é‡Œ1çš„ä¸ªæ•°:  430
æ ‡ç­¾é‡Œ0çš„ä¸ªæ•°:  430
æ€»æ•°:  860
æ­£ç¡®çš„ä¸ªæ•°:  665
Epoch [31/100], V_AUC: [4m0.7711[0m
Epoch [32/100], Loss: 25.1326
train_Accuracy: [91m0.9309[0m
train_Precision: [4;34m0.9403[0m,               train_Recall: [4;33m0.9238[0m,                 train_F1 Score: [4;35m0.9298[0m
æ ‡ç­¾é‡Œ1çš„ä¸ªæ•°:  2150
æ ‡ç­¾é‡Œ0çš„ä¸ªæ•°:  2150
æ€»æ•°:  4300
æ­£ç¡®çš„ä¸ªæ•°:  4003
æœ€åä¸€ä¸ªæ‰¹æ¬¡çš„è¾“å‡º, ä¸æ»¡batchsizeæ˜¯æ­£å¸¸çš„:
 tensor([[0.9944],
        [0.9963],
        [0.9956],
        [0.0014],
        [0.9997],
        [0.0245],
        [0.0117],
        [0.0601],
        [0.9948],
        [0.9949],
        [0.0012],
        [0.0033]], device='cuda:0', grad_fn=<SigmoidBackward0>)
Epoch [32/100], T_AUC: [4m0.9340[0m
Epoch [32/100], Loss: 26.2295
val_Accuracy: [92m0.7674[0m
val_Precision: [4;34m0.7897[0m,               val_Recall: [4;33m0.7174[0m,                 val_F1 Score: [4;35m0.7473[0m
æ ‡ç­¾é‡Œ1çš„ä¸ªæ•°:  430
æ ‡ç­¾é‡Œ0çš„ä¸ªæ•°:  430
æ€»æ•°:  860
æ­£ç¡®çš„ä¸ªæ•°:  660
Epoch [32/100], V_AUC: [4m0.7642[0m
Epoch [33/100], Loss: 23.1425
train_Accuracy: [91m0.9386[0m
train_Precision: [4;34m0.9431[0m,               train_Recall: [4;33m0.9355[0m,                 train_F1 Score: [4;35m0.9372[0m
æ ‡ç­¾é‡Œ1çš„ä¸ªæ•°:  2150
æ ‡ç­¾é‡Œ0çš„ä¸ªæ•°:  2150
æ€»æ•°:  4300
æ­£ç¡®çš„ä¸ªæ•°:  4036
æœ€åä¸€ä¸ªæ‰¹æ¬¡çš„è¾“å‡º, ä¸æ»¡batchsizeæ˜¯æ­£å¸¸çš„:
 tensor([[9.9629e-01],
        [9.9662e-01],
        [9.9025e-01],
        [2.1831e-02],
        [9.9993e-01],
        [2.1607e-02],
        [4.0776e-03],
        [1.3039e-03],
        [9.9526e-01],
        [9.9822e-01],
        [1.5189e-04],
        [2.0353e-02]], device='cuda:0', grad_fn=<SigmoidBackward0>)
Epoch [33/100], T_AUC: [4m0.9413[0m
Epoch [33/100], Loss: 26.6659
val_Accuracy: [92m0.7616[0m
val_Precision: [4;34m0.7796[0m,               val_Recall: [4;33m0.7179[0m,                 val_F1 Score: [4;35m0.7430[0m
æ ‡ç­¾é‡Œ1çš„ä¸ªæ•°:  430
æ ‡ç­¾é‡Œ0çš„ä¸ªæ•°:  430
æ€»æ•°:  860
æ­£ç¡®çš„ä¸ªæ•°:  655
Epoch [33/100], V_AUC: [4m0.7589[0m
Epoch [34/100], Loss: 22.6389
train_Accuracy: [91m0.9386[0m
train_Precision: [4;34m0.9522[0m,               train_Recall: [4;33m0.9291[0m,                 train_F1 Score: [4;35m0.9383[0m
æ ‡ç­¾é‡Œ1çš„ä¸ªæ•°:  2150
æ ‡ç­¾é‡Œ0çš„ä¸ªæ•°:  2150
æ€»æ•°:  4300
æ­£ç¡®çš„ä¸ªæ•°:  4036
æœ€åä¸€ä¸ªæ‰¹æ¬¡çš„è¾“å‡º, ä¸æ»¡batchsizeæ˜¯æ­£å¸¸çš„:
 tensor([[9.8537e-01],
        [9.9227e-01],
        [9.9418e-01],
        [1.7546e-02],
        [9.9962e-01],
        [2.2035e-02],
        [2.4432e-03],
        [3.9884e-02],
        [9.9603e-01],
        [9.9987e-01],
        [7.0185e-04],
        [7.4959e-04]], device='cuda:0', grad_fn=<SigmoidBackward0>)
Epoch [34/100], T_AUC: [4m0.9417[0m
Epoch [34/100], Loss: 30.3752
val_Accuracy: [92m0.7733[0m
val_Precision: [4;34m0.7903[0m,               val_Recall: [4;33m0.7332[0m,                 val_F1 Score: [4;35m0.7572[0m
æ ‡ç­¾é‡Œ1çš„ä¸ªæ•°:  430
æ ‡ç­¾é‡Œ0çš„ä¸ªæ•°:  430
æ€»æ•°:  860
æ­£ç¡®çš„ä¸ªæ•°:  665
Epoch [34/100], V_AUC: [4m0.7697[0m
Epoch [35/100], Loss: 21.0325
train_Accuracy: [91m0.9430[0m
train_Precision: [4;34m0.9529[0m,               train_Recall: [4;33m0.9349[0m,                 train_F1 Score: [4;35m0.9419[0m
æ ‡ç­¾é‡Œ1çš„ä¸ªæ•°:  2150
æ ‡ç­¾é‡Œ0çš„ä¸ªæ•°:  2150
æ€»æ•°:  4300
æ­£ç¡®çš„ä¸ªæ•°:  4055
æœ€åä¸€ä¸ªæ‰¹æ¬¡çš„è¾“å‡º, ä¸æ»¡batchsizeæ˜¯æ­£å¸¸çš„:
 tensor([[9.7837e-01],
        [9.8575e-01],
        [9.9646e-01],
        [4.9669e-02],
        [9.9999e-01],
        [1.1933e-02],
        [5.3569e-04],
        [5.3487e-04],
        [9.9519e-01],
        [9.9901e-01],
        [1.0121e-03],
        [5.8498e-02]], device='cuda:0', grad_fn=<SigmoidBackward0>)
Epoch [35/100], T_AUC: [4m0.9457[0m
Epoch [35/100], Loss: 29.1217
val_Accuracy: [92m0.7663[0m
val_Precision: [4;34m0.7750[0m,               val_Recall: [4;33m0.7349[0m,                 val_F1 Score: [4;35m0.7501[0m
æ ‡ç­¾é‡Œ1çš„ä¸ªæ•°:  430
æ ‡ç­¾é‡Œ0çš„ä¸ªæ•°:  430
æ€»æ•°:  860
æ­£ç¡®çš„ä¸ªæ•°:  659
Epoch [35/100], V_AUC: [4m0.7635[0m
Epoch [36/100], Loss: 24.3561
train_Accuracy: [91m0.9274[0m
train_Precision: [4;34m0.9382[0m,               train_Recall: [4;33m0.9193[0m,                 train_F1 Score: [4;35m0.9259[0m
æ ‡ç­¾é‡Œ1çš„ä¸ªæ•°:  2150
æ ‡ç­¾é‡Œ0çš„ä¸ªæ•°:  2150
æ€»æ•°:  4300
æ­£ç¡®çš„ä¸ªæ•°:  3988
æœ€åä¸€ä¸ªæ‰¹æ¬¡çš„è¾“å‡º, ä¸æ»¡batchsizeæ˜¯æ­£å¸¸çš„:
 tensor([[9.8472e-01],
        [9.9912e-01],
        [9.8990e-01],
        [8.3639e-03],
        [1.0000e+00],
        [9.9991e-04],
        [1.1093e-02],
        [2.9293e-02],
        [9.5907e-01],
        [9.9823e-01],
        [5.2244e-05],
        [4.9769e-02]], device='cuda:0', grad_fn=<SigmoidBackward0>)
Epoch [36/100], T_AUC: [4m0.9311[0m
Epoch [36/100], Loss: 32.3548
val_Accuracy: [92m0.7640[0m
val_Precision: [4;34m0.7741[0m,               val_Recall: [4;33m0.7368[0m,                 val_F1 Score: [4;35m0.7508[0m
æ ‡ç­¾é‡Œ1çš„ä¸ªæ•°:  430
æ ‡ç­¾é‡Œ0çš„ä¸ªæ•°:  430
æ€»æ•°:  860
æ­£ç¡®çš„ä¸ªæ•°:  657
Epoch [36/100], V_AUC: [4m0.7620[0m
Epoch [37/100], Loss: 24.3883
train_Accuracy: [91m0.9286[0m
train_Precision: [4;34m0.9374[0m,               train_Recall: [4;33m0.9214[0m,                 train_F1 Score: [4;35m0.9270[0m
æ ‡ç­¾é‡Œ1çš„ä¸ªæ•°:  2150
æ ‡ç­¾é‡Œ0çš„ä¸ªæ•°:  2150
æ€»æ•°:  4300
æ­£ç¡®çš„ä¸ªæ•°:  3993
æœ€åä¸€ä¸ªæ‰¹æ¬¡çš„è¾“å‡º, ä¸æ»¡batchsizeæ˜¯æ­£å¸¸çš„:
 tensor([[9.9665e-01],
        [9.9952e-01],
        [9.8783e-01],
        [1.0683e-02],
        [1.0000e+00],
        [1.3314e-03],
        [1.9013e-04],
        [5.5476e-03],
        [9.7756e-01],
        [9.9842e-01],
        [2.2990e-04],
        [5.2944e-02]], device='cuda:0', grad_fn=<SigmoidBackward0>)
Epoch [37/100], T_AUC: [4m0.9319[0m
Epoch [37/100], Loss: 29.5640
val_Accuracy: [92m0.7663[0m
val_Precision: [4;34m0.7727[0m,               val_Recall: [4;33m0.7514[0m,                 val_F1 Score: [4;35m0.7573[0m
æ ‡ç­¾é‡Œ1çš„ä¸ªæ•°:  430
æ ‡ç­¾é‡Œ0çš„ä¸ªæ•°:  430
æ€»æ•°:  860
æ­£ç¡®çš„ä¸ªæ•°:  659
Epoch [37/100], V_AUC: [4m0.7628[0m
Epoch [38/100], Loss: 21.4141
train_Accuracy: [91m0.9428[0m
train_Precision: [4;34m0.9528[0m,               train_Recall: [4;33m0.9342[0m,                 train_F1 Score: [4;35m0.9412[0m
æ ‡ç­¾é‡Œ1çš„ä¸ªæ•°:  2150
æ ‡ç­¾é‡Œ0çš„ä¸ªæ•°:  2150
æ€»æ•°:  4300
æ­£ç¡®çš„ä¸ªæ•°:  4054
æœ€åä¸€ä¸ªæ‰¹æ¬¡çš„è¾“å‡º, ä¸æ»¡batchsizeæ˜¯æ­£å¸¸çš„:
 tensor([[9.9826e-01],
        [9.9320e-01],
        [9.9884e-01],
        [2.6407e-02],
        [9.9999e-01],
        [6.2175e-03],
        [3.4294e-04],
        [1.1688e-02],
        [9.9873e-01],
        [9.9743e-01],
        [2.7433e-05],
        [8.7639e-03]], device='cuda:0', grad_fn=<SigmoidBackward0>)
Epoch [38/100], T_AUC: [4m0.9459[0m
Epoch [38/100], Loss: 31.8411
val_Accuracy: [92m0.7721[0m
val_Precision: [4;34m0.7864[0m,               val_Recall: [4;33m0.7442[0m,                 val_F1 Score: [4;35m0.7602[0m
æ ‡ç­¾é‡Œ1çš„ä¸ªæ•°:  430
æ ‡ç­¾é‡Œ0çš„ä¸ªæ•°:  430
æ€»æ•°:  860
æ­£ç¡®çš„ä¸ªæ•°:  664
Epoch [38/100], V_AUC: [4m0.7695[0m
Epoch [39/100], Loss: 18.1104
train_Accuracy: [91m0.9481[0m
train_Precision: [4;34m0.9544[0m,               train_Recall: [4;33m0.9456[0m,                 train_F1 Score: [4;35m0.9480[0m
æ ‡ç­¾é‡Œ1çš„ä¸ªæ•°:  2150
æ ‡ç­¾é‡Œ0çš„ä¸ªæ•°:  2150
æ€»æ•°:  4300
æ­£ç¡®çš„ä¸ªæ•°:  4077
æœ€åä¸€ä¸ªæ‰¹æ¬¡çš„è¾“å‡º, ä¸æ»¡batchsizeæ˜¯æ­£å¸¸çš„:
 tensor([[9.9715e-01],
        [9.5479e-01],
        [9.9800e-01],
        [1.0006e-02],
        [1.0000e+00],
        [3.6221e-04],
        [3.9537e-04],
        [3.2724e-02],
        [9.9385e-01],
        [9.9931e-01],
        [5.0848e-03],
        [2.1546e-03]], device='cuda:0', grad_fn=<SigmoidBackward0>)
Epoch [39/100], T_AUC: [4m0.9508[0m
Epoch [39/100], Loss: 28.9029
val_Accuracy: [92m0.7733[0m
val_Precision: [4;34m0.7966[0m,               val_Recall: [4;33m0.7273[0m,                 val_F1 Score: [4;35m0.7561[0m
æ ‡ç­¾é‡Œ1çš„ä¸ªæ•°:  430
æ ‡ç­¾é‡Œ0çš„ä¸ªæ•°:  430
æ€»æ•°:  860
æ­£ç¡®çš„ä¸ªæ•°:  665
Epoch [39/100], V_AUC: [4m0.7692[0m
Epoch [40/100], Loss: 15.8271
train_Accuracy: [91m0.9593[0m
train_Precision: [4;34m0.9624[0m,               train_Recall: [4;33m0.9564[0m,                 train_F1 Score: [4;35m0.9580[0m
æ ‡ç­¾é‡Œ1çš„ä¸ªæ•°:  2150
æ ‡ç­¾é‡Œ0çš„ä¸ªæ•°:  2150
æ€»æ•°:  4300
æ­£ç¡®çš„ä¸ªæ•°:  4125
æœ€åä¸€ä¸ªæ‰¹æ¬¡çš„è¾“å‡º, ä¸æ»¡batchsizeæ˜¯æ­£å¸¸çš„:
 tensor([[9.9796e-01],
        [9.7766e-01],
        [9.9962e-01],
        [1.4041e-02],
        [9.9999e-01],
        [4.2568e-04],
        [2.2935e-04],
        [5.0149e-03],
        [9.9964e-01],
        [9.9484e-01],
        [1.1796e-03],
        [2.0641e-02]], device='cuda:0', grad_fn=<SigmoidBackward0>)
Epoch [40/100], T_AUC: [4m0.9614[0m
Epoch [40/100], Loss: 37.2159
val_Accuracy: [92m0.7663[0m
val_Precision: [4;34m0.7722[0m,               val_Recall: [4;33m0.7508[0m,                 val_F1 Score: [4;35m0.7575[0m
æ ‡ç­¾é‡Œ1çš„ä¸ªæ•°:  430
æ ‡ç­¾é‡Œ0çš„ä¸ªæ•°:  430
æ€»æ•°:  860
æ­£ç¡®çš„ä¸ªæ•°:  659
Epoch [40/100], V_AUC: [4m0.7634[0m
Epoch [41/100], Loss: 15.9692
train_Accuracy: [91m0.9556[0m
train_Precision: [4;34m0.9630[0m,               train_Recall: [4;33m0.9506[0m,                 train_F1 Score: [4;35m0.9552[0m
æ ‡ç­¾é‡Œ1çš„ä¸ªæ•°:  2150
æ ‡ç­¾é‡Œ0çš„ä¸ªæ•°:  2150
æ€»æ•°:  4300
æ­£ç¡®çš„ä¸ªæ•°:  4109
æœ€åä¸€ä¸ªæ‰¹æ¬¡çš„è¾“å‡º, ä¸æ»¡batchsizeæ˜¯æ­£å¸¸çš„:
 tensor([[9.9829e-01],
        [9.9664e-01],
        [9.9972e-01],
        [1.7655e-02],
        [9.9997e-01],
        [6.7382e-04],
        [1.4997e-04],
        [2.1864e-02],
        [9.9836e-01],
        [9.9646e-01],
        [9.2265e-04],
        [3.6483e-03]], device='cuda:0', grad_fn=<SigmoidBackward0>)
Epoch [41/100], T_AUC: [4m0.9573[0m
Epoch [41/100], Loss: 38.2216
val_Accuracy: [92m0.7756[0m
val_Precision: [4;34m0.7730[0m,               val_Recall: [4;33m0.7715[0m,                 val_F1 Score: [4;35m0.7680[0m
æ ‡ç­¾é‡Œ1çš„ä¸ªæ•°:  430
æ ‡ç­¾é‡Œ0çš„ä¸ªæ•°:  430
æ€»æ•°:  860
æ­£ç¡®çš„ä¸ªæ•°:  667
Epoch [41/100], V_AUC: [4m0.7732[0m
Epoch [42/100], Loss: 17.7965
train_Accuracy: [91m0.9528[0m
train_Precision: [4;34m0.9565[0m,               train_Recall: [4;33m0.9504[0m,                 train_F1 Score: [4;35m0.9516[0m
æ ‡ç­¾é‡Œ1çš„ä¸ªæ•°:  2150
æ ‡ç­¾é‡Œ0çš„ä¸ªæ•°:  2150
æ€»æ•°:  4300
æ­£ç¡®çš„ä¸ªæ•°:  4097
æœ€åä¸€ä¸ªæ‰¹æ¬¡çš„è¾“å‡º, ä¸æ»¡batchsizeæ˜¯æ­£å¸¸çš„:
 tensor([[9.9608e-01],
        [9.5213e-01],
        [9.9684e-01],
        [2.4719e-02],
        [1.0000e+00],
        [2.7461e-03],
        [9.4571e-05],
        [1.6991e-01],
        [9.9878e-01],
        [9.9967e-01],
        [8.8276e-05],
        [2.1753e-03]], device='cuda:0', grad_fn=<SigmoidBackward0>)
Epoch [42/100], T_AUC: [4m0.9548[0m
Epoch [42/100], Loss: 37.3826
val_Accuracy: [92m0.7651[0m
val_Precision: [4;34m0.7776[0m,               val_Recall: [4;33m0.7329[0m,                 val_F1 Score: [4;35m0.7502[0m
æ ‡ç­¾é‡Œ1çš„ä¸ªæ•°:  430
æ ‡ç­¾é‡Œ0çš„ä¸ªæ•°:  430
æ€»æ•°:  860
æ­£ç¡®çš„ä¸ªæ•°:  658
Epoch [42/100], V_AUC: [4m0.7606[0m
Epoch [43/100], Loss: 15.6644
train_Accuracy: [91m0.9595[0m
train_Precision: [4;34m0.9641[0m,               train_Recall: [4;33m0.9567[0m,                 train_F1 Score: [4;35m0.9590[0m
æ ‡ç­¾é‡Œ1çš„ä¸ªæ•°:  2150
æ ‡ç­¾é‡Œ0çš„ä¸ªæ•°:  2150
æ€»æ•°:  4300
æ­£ç¡®çš„ä¸ªæ•°:  4126
æœ€åä¸€ä¸ªæ‰¹æ¬¡çš„è¾“å‡º, ä¸æ»¡batchsizeæ˜¯æ­£å¸¸çš„:
 tensor([[9.9335e-01],
        [9.8975e-01],
        [9.9889e-01],
        [1.8973e-02],
        [9.9999e-01],
        [8.7716e-03],
        [1.6408e-04],
        [7.9812e-04],
        [9.9999e-01],
        [9.9934e-01],
        [1.0113e-05],
        [2.8887e-02]], device='cuda:0', grad_fn=<SigmoidBackward0>)
Epoch [43/100], T_AUC: [4m0.9614[0m
Epoch [43/100], Loss: 34.2500
val_Accuracy: [92m0.7384[0m
val_Precision: [4;34m0.7500[0m,               val_Recall: [4;33m0.7083[0m,                 val_F1 Score: [4;35m0.7246[0m
æ ‡ç­¾é‡Œ1çš„ä¸ªæ•°:  430
æ ‡ç­¾é‡Œ0çš„ä¸ªæ•°:  430
æ€»æ•°:  860
æ­£ç¡®çš„ä¸ªæ•°:  635
Epoch [43/100], V_AUC: [4m0.7340[0m
Epoch [44/100], Loss: 18.1775
train_Accuracy: [91m0.9502[0m
train_Precision: [4;34m0.9520[0m,               train_Recall: [4;33m0.9509[0m,                 train_F1 Score: [4;35m0.9498[0m
æ ‡ç­¾é‡Œ1çš„ä¸ªæ•°:  2150
æ ‡ç­¾é‡Œ0çš„ä¸ªæ•°:  2150
æ€»æ•°:  4300
æ­£ç¡®çš„ä¸ªæ•°:  4086
æœ€åä¸€ä¸ªæ‰¹æ¬¡çš„è¾“å‡º, ä¸æ»¡batchsizeæ˜¯æ­£å¸¸çš„:
 tensor([[9.9594e-01],
        [9.9996e-01],
        [9.9532e-01],
        [2.1919e-02],
        [1.0000e+00],
        [1.7572e-02],
        [1.1284e-03],
        [2.2757e-05],
        [9.1821e-01],
        [9.9058e-01],
        [3.1654e-06],
        [1.6567e-02]], device='cuda:0', grad_fn=<SigmoidBackward0>)
Epoch [44/100], T_AUC: [4m0.9530[0m
Epoch [44/100], Loss: 46.2599
val_Accuracy: [92m0.7686[0m
val_Precision: [4;34m0.7931[0m,               val_Recall: [4;33m0.7171[0m,                 val_F1 Score: [4;35m0.7478[0m
æ ‡ç­¾é‡Œ1çš„ä¸ªæ•°:  430
æ ‡ç­¾é‡Œ0çš„ä¸ªæ•°:  430
æ€»æ•°:  860
æ­£ç¡®çš„ä¸ªæ•°:  661
Epoch [44/100], V_AUC: [4m0.7640[0m
Epoch [45/100], Loss: 19.4755
train_Accuracy: [91m0.9430[0m
train_Precision: [4;34m0.9464[0m,               train_Recall: [4;33m0.9420[0m,                 train_F1 Score: [4;35m0.9421[0m
æ ‡ç­¾é‡Œ1çš„ä¸ªæ•°:  2150
æ ‡ç­¾é‡Œ0çš„ä¸ªæ•°:  2150
æ€»æ•°:  4300
æ­£ç¡®çš„ä¸ªæ•°:  4055
æœ€åä¸€ä¸ªæ‰¹æ¬¡çš„è¾“å‡º, ä¸æ»¡batchsizeæ˜¯æ­£å¸¸çš„:
 tensor([[9.9240e-01],
        [9.9998e-01],
        [9.6242e-01],
        [2.4761e-02],
        [1.0000e+00],
        [1.2496e-02],
        [1.1585e-03],
        [2.1027e-04],
        [9.8235e-01],
        [9.8796e-01],
        [3.1262e-04],
        [6.5579e-04]], device='cuda:0', grad_fn=<SigmoidBackward0>)
Epoch [45/100], T_AUC: [4m0.9464[0m
Epoch [45/100], Loss: 37.5330
val_Accuracy: [92m0.7686[0m
val_Precision: [4;34m0.7820[0m,               val_Recall: [4;33m0.7330[0m,                 val_F1 Score: [4;35m0.7524[0m
æ ‡ç­¾é‡Œ1çš„ä¸ªæ•°:  430
æ ‡ç­¾é‡Œ0çš„ä¸ªæ•°:  430
æ€»æ•°:  860
æ­£ç¡®çš„ä¸ªæ•°:  661
Epoch [45/100], V_AUC: [4m0.7643[0m
Epoch [46/100], Loss: 16.6692
train_Accuracy: [91m0.9549[0m
train_Precision: [4;34m0.9577[0m,               train_Recall: [4;33m0.9533[0m,                 train_F1 Score: [4;35m0.9537[0m
æ ‡ç­¾é‡Œ1çš„ä¸ªæ•°:  2150
æ ‡ç­¾é‡Œ0çš„ä¸ªæ•°:  2150
æ€»æ•°:  4300
æ­£ç¡®çš„ä¸ªæ•°:  4106
æœ€åä¸€ä¸ªæ‰¹æ¬¡çš„è¾“å‡º, ä¸æ»¡batchsizeæ˜¯æ­£å¸¸çš„:
 tensor([[9.9992e-01],
        [9.9715e-01],
        [9.7714e-01],
        [1.7786e-03],
        [1.0000e+00],
        [4.8644e-04],
        [6.4517e-04],
        [6.4897e-04],
        [9.9901e-01],
        [9.9809e-01],
        [4.4189e-05],
        [6.3470e-02]], device='cuda:0', grad_fn=<SigmoidBackward0>)
Epoch [46/100], T_AUC: [4m0.9577[0m
Epoch [46/100], Loss: 43.3327
val_Accuracy: [92m0.7791[0m
val_Precision: [4;34m0.8065[0m,               val_Recall: [4;33m0.7243[0m,                 val_F1 Score: [4;35m0.7580[0m
æ ‡ç­¾é‡Œ1çš„ä¸ªæ•°:  430
æ ‡ç­¾é‡Œ0çš„ä¸ªæ•°:  430
æ€»æ•°:  860
æ­£ç¡®çš„ä¸ªæ•°:  670
Epoch [46/100], V_AUC: [4m0.7751[0m
Epoch [47/100], Loss: 13.1385
train_Accuracy: [91m0.9653[0m
train_Precision: [4;34m0.9672[0m,               train_Recall: [4;33m0.9638[0m,                 train_F1 Score: [4;35m0.9643[0m
æ ‡ç­¾é‡Œ1çš„ä¸ªæ•°:  2150
æ ‡ç­¾é‡Œ0çš„ä¸ªæ•°:  2150
æ€»æ•°:  4300
æ­£ç¡®çš„ä¸ªæ•°:  4151
æœ€åä¸€ä¸ªæ‰¹æ¬¡çš„è¾“å‡º, ä¸æ»¡batchsizeæ˜¯æ­£å¸¸çš„:
 tensor([[9.9971e-01],
        [9.7878e-01],
        [9.9872e-01],
        [5.0248e-03],
        [1.0000e+00],
        [3.8374e-04],
        [1.6879e-05],
        [7.6230e-03],
        [9.9876e-01],
        [9.9929e-01],
        [3.2574e-05],
        [1.2928e-02]], device='cuda:0', grad_fn=<SigmoidBackward0>)
Epoch [47/100], T_AUC: [4m0.9668[0m
Epoch [47/100], Loss: 47.5349
val_Accuracy: [92m0.7779[0m
val_Precision: [4;34m0.7881[0m,               val_Recall: [4;33m0.7472[0m,                 val_F1 Score: [4;35m0.7630[0m
æ ‡ç­¾é‡Œ1çš„ä¸ªæ•°:  430
æ ‡ç­¾é‡Œ0çš„ä¸ªæ•°:  430
æ€»æ•°:  860
æ­£ç¡®çš„ä¸ªæ•°:  669
Epoch [47/100], V_AUC: [4m0.7732[0m
Epoch [48/100], Loss: 12.1148
train_Accuracy: [91m0.9716[0m
train_Precision: [4;34m0.9725[0m,               train_Recall: [4;33m0.9719[0m,                 train_F1 Score: [4;35m0.9710[0m
æ ‡ç­¾é‡Œ1çš„ä¸ªæ•°:  2150
æ ‡ç­¾é‡Œ0çš„ä¸ªæ•°:  2150
æ€»æ•°:  4300
æ­£ç¡®çš„ä¸ªæ•°:  4178
æœ€åä¸€ä¸ªæ‰¹æ¬¡çš„è¾“å‡º, ä¸æ»¡batchsizeæ˜¯æ­£å¸¸çš„:
 tensor([[9.9957e-01],
        [9.9832e-01],
        [9.9994e-01],
        [1.8656e-02],
        [1.0000e+00],
        [1.2077e-03],
        [1.1403e-04],
        [4.5231e-05],
        [9.9095e-01],
        [9.9928e-01],
        [1.2217e-04],
        [6.3291e-03]], device='cuda:0', grad_fn=<SigmoidBackward0>)
Epoch [48/100], T_AUC: [4m0.9731[0m
Epoch [48/100], Loss: 50.2144
val_Accuracy: [92m0.7779[0m
val_Precision: [4;34m0.7870[0m,               val_Recall: [4;33m0.7514[0m,                 val_F1 Score: [4;35m0.7648[0m
æ ‡ç­¾é‡Œ1çš„ä¸ªæ•°:  430
æ ‡ç­¾é‡Œ0çš„ä¸ªæ•°:  430
æ€»æ•°:  860
æ­£ç¡®çš„ä¸ªæ•°:  669
Epoch [48/100], V_AUC: [4m0.7728[0m
Epoch [49/100], Loss: 13.0347
train_Accuracy: [91m0.9663[0m
train_Precision: [4;34m0.9647[0m,               train_Recall: [4;33m0.9687[0m,                 train_F1 Score: [4;35m0.9654[0m
æ ‡ç­¾é‡Œ1çš„ä¸ªæ•°:  2150
æ ‡ç­¾é‡Œ0çš„ä¸ªæ•°:  2150
æ€»æ•°:  4300
æ­£ç¡®çš„ä¸ªæ•°:  4155
æœ€åä¸€ä¸ªæ‰¹æ¬¡çš„è¾“å‡º, ä¸æ»¡batchsizeæ˜¯æ­£å¸¸çš„:
 tensor([[9.9995e-01],
        [9.9097e-01],
        [9.9979e-01],
        [3.6552e-02],
        [1.0000e+00],
        [4.5115e-04],
        [3.1340e-05],
        [2.5326e-02],
        [5.6433e-01],
        [9.9907e-01],
        [9.1024e-04],
        [7.5740e-04]], device='cuda:0', grad_fn=<SigmoidBackward0>)
Epoch [49/100], T_AUC: [4m0.9680[0m
Epoch [49/100], Loss: 53.4076
val_Accuracy: [92m0.7674[0m
val_Precision: [4;34m0.7628[0m,               val_Recall: [4;33m0.7690[0m,                 val_F1 Score: [4;35m0.7622[0m
æ ‡ç­¾é‡Œ1çš„ä¸ªæ•°:  430
æ ‡ç­¾é‡Œ0çš„ä¸ªæ•°:  430
æ€»æ•°:  860
æ­£ç¡®çš„ä¸ªæ•°:  660
Epoch [49/100], V_AUC: [4m0.7646[0m
Epoch [50/100], Loss: 17.2389
train_Accuracy: [91m0.9509[0m
train_Precision: [4;34m0.9523[0m,               train_Recall: [4;33m0.9520[0m,                 train_F1 Score: [4;35m0.9505[0m
æ ‡ç­¾é‡Œ1çš„ä¸ªæ•°:  2150
æ ‡ç­¾é‡Œ0çš„ä¸ªæ•°:  2150
æ€»æ•°:  4300
æ­£ç¡®çš„ä¸ªæ•°:  4089
æœ€åä¸€ä¸ªæ‰¹æ¬¡çš„è¾“å‡º, ä¸æ»¡batchsizeæ˜¯æ­£å¸¸çš„:
 tensor([[9.9965e-01],
        [9.9713e-01],
        [9.9800e-01],
        [1.0612e-02],
        [1.0000e+00],
        [1.5227e-03],
        [2.6888e-05],
        [1.1760e-03],
        [9.9956e-01],
        [9.9672e-01],
        [2.5795e-04],
        [2.9360e-02]], device='cuda:0', grad_fn=<SigmoidBackward0>)
Epoch [50/100], T_AUC: [4m0.9527[0m
Epoch [50/100], Loss: 45.4239
val_Accuracy: [92m0.7593[0m
val_Precision: [4;34m0.7717[0m,               val_Recall: [4;33m0.7207[0m,                 val_F1 Score: [4;35m0.7417[0m
æ ‡ç­¾é‡Œ1çš„ä¸ªæ•°:  430
æ ‡ç­¾é‡Œ0çš„ä¸ªæ•°:  430
æ€»æ•°:  860
æ­£ç¡®çš„ä¸ªæ•°:  653
Epoch [50/100], V_AUC: [4m0.7545[0m
Epoch [51/100], Loss: 15.1887
train_Accuracy: [91m0.9591[0m
train_Precision: [4;34m0.9599[0m,               train_Recall: [4;33m0.9597[0m,                 train_F1 Score: [4;35m0.9584[0m
æ ‡ç­¾é‡Œ1çš„ä¸ªæ•°:  2150
æ ‡ç­¾é‡Œ0çš„ä¸ªæ•°:  2150
æ€»æ•°:  4300
æ­£ç¡®çš„ä¸ªæ•°:  4124
æœ€åä¸€ä¸ªæ‰¹æ¬¡çš„è¾“å‡º, ä¸æ»¡batchsizeæ˜¯æ­£å¸¸çš„:
 tensor([[9.9886e-01],
        [9.9940e-01],
        [9.9927e-01],
        [1.8279e-02],
        [1.0000e+00],
        [1.9456e-03],
        [3.5665e-04],
        [1.1192e-04],
        [1.0000e+00],
        [9.9661e-01],
        [3.0992e-06],
        [3.9194e-03]], device='cuda:0', grad_fn=<SigmoidBackward0>)
Epoch [51/100], T_AUC: [4m0.9609[0m
Epoch [51/100], Loss: 44.7804
val_Accuracy: [92m0.7686[0m
val_Precision: [4;34m0.7867[0m,               val_Recall: [4;33m0.7292[0m,                 val_F1 Score: [4;35m0.7515[0m
æ ‡ç­¾é‡Œ1çš„ä¸ªæ•°:  430
æ ‡ç­¾é‡Œ0çš„ä¸ªæ•°:  430
æ€»æ•°:  860
æ­£ç¡®çš„ä¸ªæ•°:  661
Epoch [51/100], V_AUC: [4m0.7657[0m
Epoch [52/100], Loss: 12.3127
train_Accuracy: [91m0.9707[0m
train_Precision: [4;34m0.9707[0m,               train_Recall: [4;33m0.9725[0m,                 train_F1 Score: [4;35m0.9705[0m
æ ‡ç­¾é‡Œ1çš„ä¸ªæ•°:  2150
æ ‡ç­¾é‡Œ0çš„ä¸ªæ•°:  2150
æ€»æ•°:  4300
æ­£ç¡®çš„ä¸ªæ•°:  4174
æœ€åä¸€ä¸ªæ‰¹æ¬¡çš„è¾“å‡º, ä¸æ»¡batchsizeæ˜¯æ­£å¸¸çš„:
 tensor([[9.9987e-01],
        [9.7842e-01],
        [9.7769e-01],
        [3.2466e-02],
        [1.0000e+00],
        [1.2846e-04],
        [1.5282e-04],
        [4.8365e-03],
        [9.9995e-01],
        [9.9928e-01],
        [3.0799e-05],
        [8.7407e-03]], device='cuda:0', grad_fn=<SigmoidBackward0>)
Epoch [52/100], T_AUC: [4m0.9728[0m
Epoch [52/100], Loss: 52.6262
val_Accuracy: [92m0.7616[0m
val_Precision: [4;34m0.7605[0m,               val_Recall: [4;33m0.7555[0m,                 val_F1 Score: [4;35m0.7535[0m
æ ‡ç­¾é‡Œ1çš„ä¸ªæ•°:  430
æ ‡ç­¾é‡Œ0çš„ä¸ªæ•°:  430
æ€»æ•°:  860
æ­£ç¡®çš„ä¸ªæ•°:  655
Epoch [52/100], V_AUC: [4m0.7585[0m
Epoch [53/100], Loss: 10.3288
train_Accuracy: [91m0.9753[0m
train_Precision: [4;34m0.9749[0m,               train_Recall: [4;33m0.9752[0m,                 train_F1 Score: [4;35m0.9742[0m
æ ‡ç­¾é‡Œ1çš„ä¸ªæ•°:  2150
æ ‡ç­¾é‡Œ0çš„ä¸ªæ•°:  2150
æ€»æ•°:  4300
æ­£ç¡®çš„ä¸ªæ•°:  4194
æœ€åä¸€ä¸ªæ‰¹æ¬¡çš„è¾“å‡º, ä¸æ»¡batchsizeæ˜¯æ­£å¸¸çš„:
 tensor([[9.9976e-01],
        [9.0501e-01],
        [9.9816e-01],
        [2.5293e-02],
        [1.0000e+00],
        [2.0092e-03],
        [2.4013e-04],
        [6.4263e-03],
        [9.9999e-01],
        [9.9885e-01],
        [1.5518e-07],
        [1.6582e-02]], device='cuda:0', grad_fn=<SigmoidBackward0>)
Epoch [53/100], T_AUC: [4m0.9765[0m
Epoch [53/100], Loss: 56.7668
val_Accuracy: [92m0.7709[0m
val_Precision: [4;34m0.7724[0m,               val_Recall: [4;33m0.7591[0m,                 val_F1 Score: [4;35m0.7604[0m
æ ‡ç­¾é‡Œ1çš„ä¸ªæ•°:  430
æ ‡ç­¾é‡Œ0çš„ä¸ªæ•°:  430
æ€»æ•°:  860
æ­£ç¡®çš„ä¸ªæ•°:  663
Epoch [53/100], V_AUC: [4m0.7676[0m
Epoch [54/100], Loss: 8.2784
train_Accuracy: [91m0.9833[0m
train_Precision: [4;34m0.9825[0m,               train_Recall: [4;33m0.9844[0m,                 train_F1 Score: [4;35m0.9828[0m
æ ‡ç­¾é‡Œ1çš„ä¸ªæ•°:  2150
æ ‡ç­¾é‡Œ0çš„ä¸ªæ•°:  2150
æ€»æ•°:  4300
æ­£ç¡®çš„ä¸ªæ•°:  4228
æœ€åä¸€ä¸ªæ‰¹æ¬¡çš„è¾“å‡º, ä¸æ»¡batchsizeæ˜¯æ­£å¸¸çš„:
 tensor([[9.9954e-01],
        [9.9754e-01],
        [9.9454e-01],
        [2.8426e-03],
        [1.0000e+00],
        [1.3580e-04],
        [3.0852e-04],
        [1.0381e-03],
        [9.9990e-01],
        [9.9909e-01],
        [3.4005e-06],
        [1.6199e-02]], device='cuda:0', grad_fn=<SigmoidBackward0>)
Epoch [54/100], T_AUC: [4m0.9841[0m
Epoch [54/100], Loss: 54.4037
val_Accuracy: [92m0.7860[0m
val_Precision: [4;34m0.7987[0m,               val_Recall: [4;33m0.7609[0m,                 val_F1 Score: [4;35m0.7750[0m
æ ‡ç­¾é‡Œ1çš„ä¸ªæ•°:  430
æ ‡ç­¾é‡Œ0çš„ä¸ªæ•°:  430
æ€»æ•°:  860
æ­£ç¡®çš„ä¸ªæ•°:  676
Epoch [54/100], V_AUC: [4m0.7824[0m
Epoch [55/100], Loss: 7.2774
train_Accuracy: [91m0.9863[0m
train_Precision: [4;34m0.9857[0m,               train_Recall: [4;33m0.9871[0m,                 train_F1 Score: [4;35m0.9859[0m
æ ‡ç­¾é‡Œ1çš„ä¸ªæ•°:  2150
æ ‡ç­¾é‡Œ0çš„ä¸ªæ•°:  2150
æ€»æ•°:  4300
æ­£ç¡®çš„ä¸ªæ•°:  4241
æœ€åä¸€ä¸ªæ‰¹æ¬¡çš„è¾“å‡º, ä¸æ»¡batchsizeæ˜¯æ­£å¸¸çš„:
 tensor([[9.9962e-01],
        [9.9909e-01],
        [9.9933e-01],
        [1.0221e-02],
        [1.0000e+00],
        [4.8318e-05],
        [3.3531e-06],
        [3.2719e-04],
        [9.9944e-01],
        [9.9964e-01],
        [1.5710e-05],
        [3.3698e-02]], device='cuda:0', grad_fn=<SigmoidBackward0>)
Epoch [55/100], T_AUC: [4m0.9872[0m
Epoch [55/100], Loss: 64.5474
val_Accuracy: [92m0.7814[0m
val_Precision: [4;34m0.7963[0m,               val_Recall: [4;33m0.7555[0m,                 val_F1 Score: [4;35m0.7698[0m
æ ‡ç­¾é‡Œ1çš„ä¸ªæ•°:  430
æ ‡ç­¾é‡Œ0çš„ä¸ªæ•°:  430
æ€»æ•°:  860
æ­£ç¡®çš„ä¸ªæ•°:  672
Epoch [55/100], V_AUC: [4m0.7779[0m
Epoch [56/100], Loss: 6.8129
train_Accuracy: [91m0.9874[0m
train_Precision: [4;34m0.9866[0m,               train_Recall: [4;33m0.9885[0m,                 train_F1 Score: [4;35m0.9870[0m
æ ‡ç­¾é‡Œ1çš„ä¸ªæ•°:  2150
æ ‡ç­¾é‡Œ0çš„ä¸ªæ•°:  2150
æ€»æ•°:  4300
æ­£ç¡®çš„ä¸ªæ•°:  4246
æœ€åä¸€ä¸ªæ‰¹æ¬¡çš„è¾“å‡º, ä¸æ»¡batchsizeæ˜¯æ­£å¸¸çš„:
 tensor([[9.9994e-01],
        [9.9989e-01],
        [9.9796e-01],
        [2.9048e-02],
        [1.0000e+00],
        [2.2509e-03],
        [4.5486e-04],
        [8.0296e-05],
        [9.9832e-01],
        [9.9994e-01],
        [1.7234e-07],
        [1.1771e-04]], device='cuda:0', grad_fn=<SigmoidBackward0>)
Epoch [56/100], T_AUC: [4m0.9884[0m
Epoch [56/100], Loss: 66.2157
val_Accuracy: [92m0.7744[0m
val_Precision: [4;34m0.7765[0m,               val_Recall: [4;33m0.7584[0m,                 val_F1 Score: [4;35m0.7636[0m
æ ‡ç­¾é‡Œ1çš„ä¸ªæ•°:  430
æ ‡ç­¾é‡Œ0çš„ä¸ªæ•°:  430
æ€»æ•°:  860
æ­£ç¡®çš„ä¸ªæ•°:  666
Epoch [56/100], V_AUC: [4m0.7696[0m
Epoch [57/100], Loss: 7.2894
train_Accuracy: [91m0.9842[0m
train_Precision: [4;34m0.9817[0m,               train_Recall: [4;33m0.9872[0m,                 train_F1 Score: [4;35m0.9838[0m
æ ‡ç­¾é‡Œ1çš„ä¸ªæ•°:  2150
æ ‡ç­¾é‡Œ0çš„ä¸ªæ•°:  2150
æ€»æ•°:  4300
æ­£ç¡®çš„ä¸ªæ•°:  4232
æœ€åä¸€ä¸ªæ‰¹æ¬¡çš„è¾“å‡º, ä¸æ»¡batchsizeæ˜¯æ­£å¸¸çš„:
 tensor([[9.9994e-01],
        [9.8167e-01],
        [9.7489e-01],
        [4.3491e-02],
        [1.0000e+00],
        [1.4580e-04],
        [7.4522e-03],
        [2.0253e-04],
        [9.9990e-01],
        [9.9994e-01],
        [2.1379e-08],
        [2.5293e-03]], device='cuda:0', grad_fn=<SigmoidBackward0>)
Epoch [57/100], T_AUC: [4m0.9852[0m
Epoch [57/100], Loss: 56.9149
val_Accuracy: [92m0.7581[0m
val_Precision: [4;34m0.7590[0m,               val_Recall: [4;33m0.7488[0m,                 val_F1 Score: [4;35m0.7492[0m
æ ‡ç­¾é‡Œ1çš„ä¸ªæ•°:  430
æ ‡ç­¾é‡Œ0çš„ä¸ªæ•°:  430
æ€»æ•°:  860
æ­£ç¡®çš„ä¸ªæ•°:  652
Epoch [57/100], V_AUC: [4m0.7552[0m
Epoch [58/100], Loss: 17.0067
train_Accuracy: [91m0.9533[0m
train_Precision: [4;34m0.9495[0m,               train_Recall: [4;33m0.9597[0m,                 train_F1 Score: [4;35m0.9531[0m
æ ‡ç­¾é‡Œ1çš„ä¸ªæ•°:  2150
æ ‡ç­¾é‡Œ0çš„ä¸ªæ•°:  2150
æ€»æ•°:  4300
æ­£ç¡®çš„ä¸ªæ•°:  4099
æœ€åä¸€ä¸ªæ‰¹æ¬¡çš„è¾“å‡º, ä¸æ»¡batchsizeæ˜¯æ­£å¸¸çš„:
 tensor([[9.9998e-01],
        [9.9497e-01],
        [9.9993e-01],
        [1.3460e-03],
        [1.0000e+00],
        [4.0407e-02],
        [1.0816e-04],
        [3.7621e-04],
        [9.9940e-01],
        [9.9980e-01],
        [1.6976e-08],
        [3.8093e-03]], device='cuda:0', grad_fn=<SigmoidBackward0>)
Epoch [58/100], T_AUC: [4m0.9562[0m
Epoch [58/100], Loss: 87.2701
val_Accuracy: [92m0.7814[0m
val_Precision: [4;34m0.7979[0m,               val_Recall: [4;33m0.7433[0m,                 val_F1 Score: [4;35m0.7645[0m
æ ‡ç­¾é‡Œ1çš„ä¸ªæ•°:  430
æ ‡ç­¾é‡Œ0çš„ä¸ªæ•°:  430
æ€»æ•°:  860
æ­£ç¡®çš„ä¸ªæ•°:  672
Epoch [58/100], V_AUC: [4m0.7776[0m
Epoch [59/100], Loss: 18.1611
train_Accuracy: [91m0.9486[0m
train_Precision: [4;34m0.9498[0m,               train_Recall: [4;33m0.9502[0m,                 train_F1 Score: [4;35m0.9482[0m
æ ‡ç­¾é‡Œ1çš„ä¸ªæ•°:  2150
æ ‡ç­¾é‡Œ0çš„ä¸ªæ•°:  2150
æ€»æ•°:  4300
æ­£ç¡®çš„ä¸ªæ•°:  4079
æœ€åä¸€ä¸ªæ‰¹æ¬¡çš„è¾“å‡º, ä¸æ»¡batchsizeæ˜¯æ­£å¸¸çš„:
 tensor([[9.9999e-01],
        [9.7850e-01],
        [9.9891e-01],
        [3.0335e-03],
        [9.9999e-01],
        [2.8992e-02],
        [4.9723e-05],
        [3.6338e-03],
        [9.9176e-01],
        [1.0000e+00],
        [4.1114e-05],
        [1.7457e-03]], device='cuda:0', grad_fn=<SigmoidBackward0>)
Epoch [59/100], T_AUC: [4m0.9509[0m
Epoch [59/100], Loss: 63.2556
val_Accuracy: [92m0.7709[0m
val_Precision: [4;34m0.7774[0m,               val_Recall: [4;33m0.7523[0m,                 val_F1 Score: [4;35m0.7602[0m
æ ‡ç­¾é‡Œ1çš„ä¸ªæ•°:  430
æ ‡ç­¾é‡Œ0çš„ä¸ªæ•°:  430
æ€»æ•°:  860
æ­£ç¡®çš„ä¸ªæ•°:  663
Epoch [59/100], V_AUC: [4m0.7669[0m
Epoch [60/100], Loss: 12.9646
train_Accuracy: [91m0.9665[0m
train_Precision: [4;34m0.9670[0m,               train_Recall: [4;33m0.9673[0m,                 train_F1 Score: [4;35m0.9660[0m
æ ‡ç­¾é‡Œ1çš„ä¸ªæ•°:  2150
æ ‡ç­¾é‡Œ0çš„ä¸ªæ•°:  2150
æ€»æ•°:  4300
æ­£ç¡®çš„ä¸ªæ•°:  4156
æœ€åä¸€ä¸ªæ‰¹æ¬¡çš„è¾“å‡º, ä¸æ»¡batchsizeæ˜¯æ­£å¸¸çš„:
 tensor([[9.9997e-01],
        [9.8788e-01],
        [9.9778e-01],
        [1.7025e-02],
        [1.0000e+00],
        [1.3476e-03],
        [1.2317e-04],
        [3.0729e-02],
        [9.9951e-01],
        [9.9995e-01],
        [1.3272e-08],
        [4.3993e-03]], device='cuda:0', grad_fn=<SigmoidBackward0>)
Epoch [60/100], T_AUC: [4m0.9682[0m
Epoch [60/100], Loss: 66.0034
val_Accuracy: [92m0.7698[0m
val_Precision: [4;34m0.7901[0m,               val_Recall: [4;33m0.7265[0m,                 val_F1 Score: [4;35m0.7536[0m
æ ‡ç­¾é‡Œ1çš„ä¸ªæ•°:  430
æ ‡ç­¾é‡Œ0çš„ä¸ªæ•°:  430
æ€»æ•°:  860
æ­£ç¡®çš„ä¸ªæ•°:  662
Epoch [60/100], V_AUC: [4m0.7660[0m
Epoch [61/100], Loss: 8.6613
train_Accuracy: [91m0.9816[0m
train_Precision: [4;34m0.9817[0m,               train_Recall: [4;33m0.9819[0m,                 train_F1 Score: [4;35m0.9810[0m
æ ‡ç­¾é‡Œ1çš„ä¸ªæ•°:  2150
æ ‡ç­¾é‡Œ0çš„ä¸ªæ•°:  2150
æ€»æ•°:  4300
æ­£ç¡®çš„ä¸ªæ•°:  4221
æœ€åä¸€ä¸ªæ‰¹æ¬¡çš„è¾“å‡º, ä¸æ»¡batchsizeæ˜¯æ­£å¸¸çš„:
 tensor([[9.9985e-01],
        [8.2867e-01],
        [9.9963e-01],
        [6.1002e-03],
        [1.0000e+00],
        [9.9695e-04],
        [4.2875e-05],
        [1.2711e-04],
        [9.9905e-01],
        [1.0000e+00],
        [3.1025e-06],
        [2.5034e-02]], device='cuda:0', grad_fn=<SigmoidBackward0>)
Epoch [61/100], T_AUC: [4m0.9826[0m
Epoch [61/100], Loss: 66.4824
val_Accuracy: [92m0.7674[0m
val_Precision: [4;34m0.7804[0m,               val_Recall: [4;33m0.7350[0m,                 val_F1 Score: [4;35m0.7524[0m
æ ‡ç­¾é‡Œ1çš„ä¸ªæ•°:  430
æ ‡ç­¾é‡Œ0çš„ä¸ªæ•°:  430
æ€»æ•°:  860
æ­£ç¡®çš„ä¸ªæ•°:  660
Epoch [61/100], V_AUC: [4m0.7646[0m
Epoch [62/100], Loss: 7.2906
train_Accuracy: [91m0.9849[0m
train_Precision: [4;34m0.9848[0m,               train_Recall: [4;33m0.9849[0m,                 train_F1 Score: [4;35m0.9844[0m
æ ‡ç­¾é‡Œ1çš„ä¸ªæ•°:  2150
æ ‡ç­¾é‡Œ0çš„ä¸ªæ•°:  2150
æ€»æ•°:  4300
æ­£ç¡®çš„ä¸ªæ•°:  4235
æœ€åä¸€ä¸ªæ‰¹æ¬¡çš„è¾“å‡º, ä¸æ»¡batchsizeæ˜¯æ­£å¸¸çš„:
 tensor([[9.9998e-01],
        [9.9973e-01],
        [9.9957e-01],
        [4.6607e-03],
        [1.0000e+00],
        [2.0385e-02],
        [3.0398e-05],
        [9.1966e-06],
        [9.9983e-01],
        [9.9997e-01],
        [1.0508e-07],
        [6.7739e-05]], device='cuda:0', grad_fn=<SigmoidBackward0>)
Epoch [62/100], T_AUC: [4m0.9855[0m
Epoch [62/100], Loss: 70.7504
val_Accuracy: [92m0.7779[0m
val_Precision: [4;34m0.7885[0m,               val_Recall: [4;33m0.7499[0m,                 val_F1 Score: [4;35m0.7626[0m
æ ‡ç­¾é‡Œ1çš„ä¸ªæ•°:  430
æ ‡ç­¾é‡Œ0çš„ä¸ªæ•°:  430
æ€»æ•°:  860
æ­£ç¡®çš„ä¸ªæ•°:  669
Epoch [62/100], V_AUC: [4m0.7735[0m
Epoch [63/100], Loss: 5.8675
train_Accuracy: [91m0.9898[0m
train_Precision: [4;34m0.9889[0m,               train_Recall: [4;33m0.9912[0m,                 train_F1 Score: [4;35m0.9898[0m
æ ‡ç­¾é‡Œ1çš„ä¸ªæ•°:  2150
æ ‡ç­¾é‡Œ0çš„ä¸ªæ•°:  2150
æ€»æ•°:  4300
æ­£ç¡®çš„ä¸ªæ•°:  4256
æœ€åä¸€ä¸ªæ‰¹æ¬¡çš„è¾“å‡º, ä¸æ»¡batchsizeæ˜¯æ­£å¸¸çš„:
 tensor([[9.9998e-01],
        [9.9986e-01],
        [9.9962e-01],
        [5.5824e-04],
        [1.0000e+00],
        [2.8790e-03],
        [1.9576e-06],
        [1.6587e-05],
        [9.9910e-01],
        [9.9995e-01],
        [3.9388e-06],
        [4.5686e-04]], device='cuda:0', grad_fn=<SigmoidBackward0>)
Epoch [63/100], T_AUC: [4m0.9901[0m
Epoch [63/100], Loss: 70.7378
val_Accuracy: [92m0.7640[0m
val_Precision: [4;34m0.7883[0m,               val_Recall: [4;33m0.7132[0m,                 val_F1 Score: [4;35m0.7441[0m
æ ‡ç­¾é‡Œ1çš„ä¸ªæ•°:  430
æ ‡ç­¾é‡Œ0çš„ä¸ªæ•°:  430
æ€»æ•°:  860
æ­£ç¡®çš„ä¸ªæ•°:  657
Epoch [63/100], V_AUC: [4m0.7585[0m
Epoch [64/100], Loss: 5.2102
train_Accuracy: [91m0.9893[0m
train_Precision: [4;34m0.9876[0m,               train_Recall: [4;33m0.9912[0m,                 train_F1 Score: [4;35m0.9891[0m
æ ‡ç­¾é‡Œ1çš„ä¸ªæ•°:  2150
æ ‡ç­¾é‡Œ0çš„ä¸ªæ•°:  2150
æ€»æ•°:  4300
æ­£ç¡®çš„ä¸ªæ•°:  4254
æœ€åä¸€ä¸ªæ‰¹æ¬¡çš„è¾“å‡º, ä¸æ»¡batchsizeæ˜¯æ­£å¸¸çš„:
 tensor([[9.9981e-01],
        [9.9991e-01],
        [9.9997e-01],
        [1.7018e-02],
        [1.0000e+00],
        [1.8845e-03],
        [2.3864e-06],
        [8.7632e-05],
        [9.9949e-01],
        [9.9967e-01],
        [3.1553e-07],
        [2.1586e-04]], device='cuda:0', grad_fn=<SigmoidBackward0>)
Epoch [64/100], T_AUC: [4m0.9898[0m
Epoch [64/100], Loss: 78.3272
val_Accuracy: [92m0.7686[0m
val_Precision: [4;34m0.7858[0m,               val_Recall: [4;33m0.7297[0m,                 val_F1 Score: [4;35m0.7510[0m
æ ‡ç­¾é‡Œ1çš„ä¸ªæ•°:  430
æ ‡ç­¾é‡Œ0çš„ä¸ªæ•°:  430
æ€»æ•°:  860
æ­£ç¡®çš„ä¸ªæ•°:  661
Epoch [64/100], V_AUC: [4m0.7635[0m
Epoch [65/100], Loss: 5.6603
train_Accuracy: [91m0.9898[0m
train_Precision: [4;34m0.9876[0m,               train_Recall: [4;33m0.9920[0m,                 train_F1 Score: [4;35m0.9894[0m
æ ‡ç­¾é‡Œ1çš„ä¸ªæ•°:  2150
æ ‡ç­¾é‡Œ0çš„ä¸ªæ•°:  2150
æ€»æ•°:  4300
æ­£ç¡®çš„ä¸ªæ•°:  4256
æœ€åä¸€ä¸ªæ‰¹æ¬¡çš„è¾“å‡º, ä¸æ»¡batchsizeæ˜¯æ­£å¸¸çš„:
 tensor([[9.9995e-01],
        [9.9996e-01],
        [9.9738e-01],
        [1.2871e-03],
        [1.0000e+00],
        [9.1187e-03],
        [7.9134e-07],
        [3.0905e-04],
        [9.9997e-01],
        [9.9984e-01],
        [1.1313e-08],
        [1.3212e-03]], device='cuda:0', grad_fn=<SigmoidBackward0>)
Epoch [65/100], T_AUC: [4m0.9906[0m
Epoch [65/100], Loss: 75.7151
val_Accuracy: [92m0.7802[0m
val_Precision: [4;34m0.7927[0m,               val_Recall: [4;33m0.7511[0m,                 val_F1 Score: [4;35m0.7676[0m
æ ‡ç­¾é‡Œ1çš„ä¸ªæ•°:  430
æ ‡ç­¾é‡Œ0çš„ä¸ªæ•°:  430
æ€»æ•°:  860
æ­£ç¡®çš„ä¸ªæ•°:  671
Epoch [65/100], V_AUC: [4m0.7753[0m
Epoch [66/100], Loss: 4.4503
train_Accuracy: [91m0.9916[0m
train_Precision: [4;34m0.9890[0m,               train_Recall: [4;33m0.9940[0m,                 train_F1 Score: [4;35m0.9911[0m
æ ‡ç­¾é‡Œ1çš„ä¸ªæ•°:  2150
æ ‡ç­¾é‡Œ0çš„ä¸ªæ•°:  2150
æ€»æ•°:  4300
æ­£ç¡®çš„ä¸ªæ•°:  4264
æœ€åä¸€ä¸ªæ‰¹æ¬¡çš„è¾“å‡º, ä¸æ»¡batchsizeæ˜¯æ­£å¸¸çš„:
 tensor([[9.9998e-01],
        [9.9994e-01],
        [9.9044e-01],
        [1.3381e-03],
        [1.0000e+00],
        [9.7513e-03],
        [1.0377e-06],
        [3.7606e-04],
        [9.9687e-01],
        [9.9999e-01],
        [5.2550e-07],
        [1.0435e-04]], device='cuda:0', grad_fn=<SigmoidBackward0>)
Epoch [66/100], T_AUC: [4m0.9922[0m
Epoch [66/100], Loss: 81.1938
val_Accuracy: [92m0.7767[0m
val_Precision: [4;34m0.7883[0m,               val_Recall: [4;33m0.7424[0m,                 val_F1 Score: [4;35m0.7608[0m
æ ‡ç­¾é‡Œ1çš„ä¸ªæ•°:  430
æ ‡ç­¾é‡Œ0çš„ä¸ªæ•°:  430
æ€»æ•°:  860
æ­£ç¡®çš„ä¸ªæ•°:  668
Epoch [66/100], V_AUC: [4m0.7715[0m
Epoch [67/100], Loss: 4.2652
train_Accuracy: [91m0.9919[0m
train_Precision: [4;34m0.9907[0m,               train_Recall: [4;33m0.9928[0m,                 train_F1 Score: [4;35m0.9913[0m
æ ‡ç­¾é‡Œ1çš„ä¸ªæ•°:  2150
æ ‡ç­¾é‡Œ0çš„ä¸ªæ•°:  2150
æ€»æ•°:  4300
æ­£ç¡®çš„ä¸ªæ•°:  4265
æœ€åä¸€ä¸ªæ‰¹æ¬¡çš„è¾“å‡º, ä¸æ»¡batchsizeæ˜¯æ­£å¸¸çš„:
 tensor([[9.9997e-01],
        [1.0000e+00],
        [9.8659e-01],
        [3.1032e-04],
        [1.0000e+00],
        [1.5057e-03],
        [2.6841e-06],
        [1.8238e-04],
        [9.9519e-01],
        [9.9998e-01],
        [7.1982e-07],
        [4.2545e-03]], device='cuda:0', grad_fn=<SigmoidBackward0>)
Epoch [67/100], T_AUC: [4m0.9921[0m
Epoch [67/100], Loss: 82.2203
val_Accuracy: [92m0.7709[0m
val_Precision: [4;34m0.7990[0m,               val_Recall: [4;33m0.7153[0m,                 val_F1 Score: [4;35m0.7497[0m
æ ‡ç­¾é‡Œ1çš„ä¸ªæ•°:  430
æ ‡ç­¾é‡Œ0çš„ä¸ªæ•°:  430
æ€»æ•°:  860
æ­£ç¡®çš„ä¸ªæ•°:  663
Epoch [67/100], V_AUC: [4m0.7664[0m
Epoch [68/100], Loss: 5.4915
train_Accuracy: [91m0.9865[0m
train_Precision: [4;34m0.9824[0m,               train_Recall: [4;33m0.9906[0m,                 train_F1 Score: [4;35m0.9860[0m
æ ‡ç­¾é‡Œ1çš„ä¸ªæ•°:  2150
æ ‡ç­¾é‡Œ0çš„ä¸ªæ•°:  2150
æ€»æ•°:  4300
æ­£ç¡®çš„ä¸ªæ•°:  4242
æœ€åä¸€ä¸ªæ‰¹æ¬¡çš„è¾“å‡º, ä¸æ»¡batchsizeæ˜¯æ­£å¸¸çš„:
 tensor([[1.0000e+00],
        [9.9638e-01],
        [9.9945e-01],
        [7.7842e-04],
        [1.0000e+00],
        [1.9658e-03],
        [3.5941e-07],
        [1.1708e-04],
        [9.9988e-01],
        [9.9998e-01],
        [2.6365e-06],
        [3.2055e-05]], device='cuda:0', grad_fn=<SigmoidBackward0>)
Epoch [68/100], T_AUC: [4m0.9870[0m
Epoch [68/100], Loss: 86.3009
val_Accuracy: [92m0.7674[0m
val_Precision: [4;34m0.7885[0m,               val_Recall: [4;33m0.7247[0m,                 val_F1 Score: [4;35m0.7514[0m
æ ‡ç­¾é‡Œ1çš„ä¸ªæ•°:  430
æ ‡ç­¾é‡Œ0çš„ä¸ªæ•°:  430
æ€»æ•°:  860
æ­£ç¡®çš„ä¸ªæ•°:  660
Epoch [68/100], V_AUC: [4m0.7641[0m
Epoch [69/100], Loss: 10.9002
train_Accuracy: [91m0.9744[0m
train_Precision: [4;34m0.9766[0m,               train_Recall: [4;33m0.9737[0m,                 train_F1 Score: [4;35m0.9741[0m
æ ‡ç­¾é‡Œ1çš„ä¸ªæ•°:  2150
æ ‡ç­¾é‡Œ0çš„ä¸ªæ•°:  2150
æ€»æ•°:  4300
æ­£ç¡®çš„ä¸ªæ•°:  4190
æœ€åä¸€ä¸ªæ‰¹æ¬¡çš„è¾“å‡º, ä¸æ»¡batchsizeæ˜¯æ­£å¸¸çš„:
 tensor([[9.9904e-01],
        [9.9992e-01],
        [9.9889e-01],
        [1.3451e-02],
        [1.0000e+00],
        [2.7088e-04],
        [7.2925e-03],
        [1.4277e-05],
        [9.9210e-01],
        [9.9999e-01],
        [6.1098e-07],
        [3.6202e-05]], device='cuda:0', grad_fn=<SigmoidBackward0>)
Epoch [69/100], T_AUC: [4m0.9758[0m
Epoch [69/100], Loss: 73.9936
val_Accuracy: [92m0.7674[0m
val_Precision: [4;34m0.7799[0m,               val_Recall: [4;33m0.7317[0m,                 val_F1 Score: [4;35m0.7510[0m
æ ‡ç­¾é‡Œ1çš„ä¸ªæ•°:  430
æ ‡ç­¾é‡Œ0çš„ä¸ªæ•°:  430
æ€»æ•°:  860
æ­£ç¡®çš„ä¸ªæ•°:  660
Epoch [69/100], V_AUC: [4m0.7635[0m
Epoch [70/100], Loss: 17.0807
train_Accuracy: [91m0.9547[0m
train_Precision: [4;34m0.9544[0m,               train_Recall: [4;33m0.9569[0m,                 train_F1 Score: [4;35m0.9541[0m
æ ‡ç­¾é‡Œ1çš„ä¸ªæ•°:  2150
æ ‡ç­¾é‡Œ0çš„ä¸ªæ•°:  2150
æ€»æ•°:  4300
æ­£ç¡®çš„ä¸ªæ•°:  4105
æœ€åä¸€ä¸ªæ‰¹æ¬¡çš„è¾“å‡º, ä¸æ»¡batchsizeæ˜¯æ­£å¸¸çš„:
 tensor([[9.9969e-01],
        [9.6730e-01],
        [9.9750e-01],
        [1.6827e-02],
        [1.0000e+00],
        [7.0367e-03],
        [5.1363e-07],
        [3.9447e-05],
        [9.8434e-01],
        [9.9950e-01],
        [2.4256e-04],
        [2.8189e-02]], device='cuda:0', grad_fn=<SigmoidBackward0>)
Epoch [70/100], T_AUC: [4m0.9572[0m
Epoch [70/100], Loss: 64.6211
val_Accuracy: [92m0.7267[0m
val_Precision: [4;34m0.7254[0m,               val_Recall: [4;33m0.7111[0m,                 val_F1 Score: [4;35m0.7146[0m
æ ‡ç­¾é‡Œ1çš„ä¸ªæ•°:  430
æ ‡ç­¾é‡Œ0çš„ä¸ªæ•°:  430
æ€»æ•°:  860
æ­£ç¡®çš„ä¸ªæ•°:  625
Epoch [70/100], V_AUC: [4m0.7225[0m
Epoch [71/100], Loss: 13.3382
train_Accuracy: [91m0.9588[0m
train_Precision: [4;34m0.9582[0m,               train_Recall: [4;33m0.9593[0m,                 train_F1 Score: [4;35m0.9571[0m
æ ‡ç­¾é‡Œ1çš„ä¸ªæ•°:  2150
æ ‡ç­¾é‡Œ0çš„ä¸ªæ•°:  2150
æ€»æ•°:  4300
æ­£ç¡®çš„ä¸ªæ•°:  4123
æœ€åä¸€ä¸ªæ‰¹æ¬¡çš„è¾“å‡º, ä¸æ»¡batchsizeæ˜¯æ­£å¸¸çš„:
 tensor([[1.0000e+00],
        [3.6897e-01],
        [9.9777e-01],
        [2.2557e-02],
        [1.0000e+00],
        [1.5014e-02],
        [1.6666e-07],
        [3.7696e-04],
        [9.9701e-01],
        [9.9998e-01],
        [9.7074e-05],
        [2.4579e-03]], device='cuda:0', grad_fn=<SigmoidBackward0>)
Epoch [71/100], T_AUC: [4m0.9608[0m
Epoch [71/100], Loss: 68.2750
val_Accuracy: [92m0.7558[0m
val_Precision: [4;34m0.7890[0m,               val_Recall: [4;33m0.6946[0m,                 val_F1 Score: [4;35m0.7324[0m
æ ‡ç­¾é‡Œ1çš„ä¸ªæ•°:  430
æ ‡ç­¾é‡Œ0çš„ä¸ªæ•°:  430
æ€»æ•°:  860
æ­£ç¡®çš„ä¸ªæ•°:  650
Epoch [71/100], V_AUC: [4m0.7495[0m
Epoch [72/100], Loss: 8.5898
train_Accuracy: [91m0.9795[0m
train_Precision: [4;34m0.9778[0m,               train_Recall: [4;33m0.9821[0m,                 train_F1 Score: [4;35m0.9792[0m
æ ‡ç­¾é‡Œ1çš„ä¸ªæ•°:  2150
æ ‡ç­¾é‡Œ0çš„ä¸ªæ•°:  2150
æ€»æ•°:  4300
æ­£ç¡®çš„ä¸ªæ•°:  4212
æœ€åä¸€ä¸ªæ‰¹æ¬¡çš„è¾“å‡º, ä¸æ»¡batchsizeæ˜¯æ­£å¸¸çš„:
 tensor([[9.9997e-01],
        [1.0000e+00],
        [6.4859e-01],
        [5.0815e-02],
        [1.0000e+00],
        [4.7279e-02],
        [2.1306e-07],
        [2.1740e-04],
        [9.8562e-01],
        [9.9964e-01],
        [7.3404e-07],
        [3.7869e-04]], device='cuda:0', grad_fn=<SigmoidBackward0>)
Epoch [72/100], T_AUC: [4m0.9809[0m
Epoch [72/100], Loss: 76.8560
val_Accuracy: [92m0.7709[0m
val_Precision: [4;34m0.7730[0m,               val_Recall: [4;33m0.7491[0m,                 val_F1 Score: [4;35m0.7569[0m
æ ‡ç­¾é‡Œ1çš„ä¸ªæ•°:  430
æ ‡ç­¾é‡Œ0çš„ä¸ªæ•°:  430
æ€»æ•°:  860
æ­£ç¡®çš„ä¸ªæ•°:  663
Epoch [72/100], V_AUC: [4m0.7649[0m
Epoch [73/100], Loss: 5.5154
train_Accuracy: [91m0.9893[0m
train_Precision: [4;34m0.9873[0m,               train_Recall: [4;33m0.9912[0m,                 train_F1 Score: [4;35m0.9889[0m
æ ‡ç­¾é‡Œ1çš„ä¸ªæ•°:  2150
æ ‡ç­¾é‡Œ0çš„ä¸ªæ•°:  2150
æ€»æ•°:  4300
æ­£ç¡®çš„ä¸ªæ•°:  4254
æœ€åä¸€ä¸ªæ‰¹æ¬¡çš„è¾“å‡º, ä¸æ»¡batchsizeæ˜¯æ­£å¸¸çš„:
 tensor([[9.9996e-01],
        [1.0000e+00],
        [9.9200e-01],
        [1.8531e-02],
        [1.0000e+00],
        [5.3209e-04],
        [4.1317e-08],
        [1.4651e-04],
        [9.5521e-01],
        [9.9962e-01],
        [1.6567e-05],
        [1.8245e-04]], device='cuda:0', grad_fn=<SigmoidBackward0>)
Epoch [73/100], T_AUC: [4m0.9899[0m
Epoch [73/100], Loss: 72.1890
val_Accuracy: [92m0.7733[0m
val_Precision: [4;34m0.7994[0m,               val_Recall: [4;33m0.7226[0m,                 val_F1 Score: [4;35m0.7540[0m
æ ‡ç­¾é‡Œ1çš„ä¸ªæ•°:  430
æ ‡ç­¾é‡Œ0çš„ä¸ªæ•°:  430
æ€»æ•°:  860
æ­£ç¡®çš„ä¸ªæ•°:  665
Epoch [73/100], V_AUC: [4m0.7678[0m
Epoch [74/100], Loss: 4.3178
train_Accuracy: [91m0.9914[0m
train_Precision: [4;34m0.9914[0m,               train_Recall: [4;33m0.9919[0m,                 train_F1 Score: [4;35m0.9914[0m
æ ‡ç­¾é‡Œ1çš„ä¸ªæ•°:  2150
æ ‡ç­¾é‡Œ0çš„ä¸ªæ•°:  2150
æ€»æ•°:  4300
æ­£ç¡®çš„ä¸ªæ•°:  4263
æœ€åä¸€ä¸ªæ‰¹æ¬¡çš„è¾“å‡º, ä¸æ»¡batchsizeæ˜¯æ­£å¸¸çš„:
 tensor([[9.9991e-01],
        [1.0000e+00],
        [9.9429e-01],
        [1.1829e-02],
        [1.0000e+00],
        [1.1628e-03],
        [4.1892e-07],
        [2.8357e-04],
        [9.9790e-01],
        [9.9999e-01],
        [1.4237e-07],
        [5.6827e-04]], device='cuda:0', grad_fn=<SigmoidBackward0>)
Epoch [74/100], T_AUC: [4m0.9919[0m
Epoch [74/100], Loss: 73.6094
val_Accuracy: [92m0.7686[0m
val_Precision: [4;34m0.7850[0m,               val_Recall: [4;33m0.7296[0m,                 val_F1 Score: [4;35m0.7516[0m
æ ‡ç­¾é‡Œ1çš„ä¸ªæ•°:  430
æ ‡ç­¾é‡Œ0çš„ä¸ªæ•°:  430
æ€»æ•°:  860
æ­£ç¡®çš„ä¸ªæ•°:  661
Epoch [74/100], V_AUC: [4m0.7635[0m
Epoch [75/100], Loss: 3.8438
train_Accuracy: [91m0.9937[0m
train_Precision: [4;34m0.9943[0m,               train_Recall: [4;33m0.9927[0m,                 train_F1 Score: [4;35m0.9933[0m
æ ‡ç­¾é‡Œ1çš„ä¸ªæ•°:  2150
æ ‡ç­¾é‡Œ0çš„ä¸ªæ•°:  2150
æ€»æ•°:  4300
æ­£ç¡®çš„ä¸ªæ•°:  4273
æœ€åä¸€ä¸ªæ‰¹æ¬¡çš„è¾“å‡º, ä¸æ»¡batchsizeæ˜¯æ­£å¸¸çš„:
 tensor([[1.0000e+00],
        [1.0000e+00],
        [9.8001e-01],
        [5.6130e-02],
        [1.0000e+00],
        [3.1298e-03],
        [6.1418e-09],
        [7.8414e-04],
        [9.9999e-01],
        [9.9999e-01],
        [4.7805e-07],
        [1.7289e-04]], device='cuda:0', grad_fn=<SigmoidBackward0>)
Epoch [75/100], T_AUC: [4m0.9940[0m
Epoch [75/100], Loss: 86.3589
val_Accuracy: [92m0.7570[0m
val_Precision: [4;34m0.7671[0m,               val_Recall: [4;33m0.7297[0m,                 val_F1 Score: [4;35m0.7426[0m
æ ‡ç­¾é‡Œ1çš„ä¸ªæ•°:  430
æ ‡ç­¾é‡Œ0çš„ä¸ªæ•°:  430
æ€»æ•°:  860
æ­£ç¡®çš„ä¸ªæ•°:  651
Epoch [75/100], V_AUC: [4m0.7519[0m
Epoch [76/100], Loss: 3.7611
train_Accuracy: [91m0.9928[0m
train_Precision: [4;34m0.9923[0m,               train_Recall: [4;33m0.9930[0m,                 train_F1 Score: [4;35m0.9924[0m
æ ‡ç­¾é‡Œ1çš„ä¸ªæ•°:  2150
æ ‡ç­¾é‡Œ0çš„ä¸ªæ•°:  2150
æ€»æ•°:  4300
æ­£ç¡®çš„ä¸ªæ•°:  4269
æœ€åä¸€ä¸ªæ‰¹æ¬¡çš„è¾“å‡º, ä¸æ»¡batchsizeæ˜¯æ­£å¸¸çš„:
 tensor([[9.9999e-01],
        [1.0000e+00],
        [9.9874e-01],
        [7.7282e-04],
        [1.0000e+00],
        [2.2673e-03],
        [8.7125e-07],
        [5.2558e-05],
        [9.9844e-01],
        [9.9911e-01],
        [3.6584e-07],
        [1.5885e-02]], device='cuda:0', grad_fn=<SigmoidBackward0>)
Epoch [76/100], T_AUC: [4m0.9929[0m
Epoch [76/100], Loss: 77.6857
val_Accuracy: [92m0.7535[0m
val_Precision: [4;34m0.7585[0m,               val_Recall: [4;33m0.7385[0m,                 val_F1 Score: [4;35m0.7436[0m
æ ‡ç­¾é‡Œ1çš„ä¸ªæ•°:  430
æ ‡ç­¾é‡Œ0çš„ä¸ªæ•°:  430
æ€»æ•°:  860
æ­£ç¡®çš„ä¸ªæ•°:  648
Epoch [76/100], V_AUC: [4m0.7492[0m
Epoch [77/100], Loss: 3.8639
train_Accuracy: [91m0.9928[0m
train_Precision: [4;34m0.9945[0m,               train_Recall: [4;33m0.9920[0m,                 train_F1 Score: [4;35m0.9930[0m
æ ‡ç­¾é‡Œ1çš„ä¸ªæ•°:  2150
æ ‡ç­¾é‡Œ0çš„ä¸ªæ•°:  2150
æ€»æ•°:  4300
æ­£ç¡®çš„ä¸ªæ•°:  4269
æœ€åä¸€ä¸ªæ‰¹æ¬¡çš„è¾“å‡º, ä¸æ»¡batchsizeæ˜¯æ­£å¸¸çš„:
 tensor([[1.0000e+00],
        [1.0000e+00],
        [9.8552e-01],
        [1.6490e-03],
        [1.0000e+00],
        [1.5997e-03],
        [3.0495e-08],
        [5.3321e-05],
        [9.9107e-01],
        [9.9994e-01],
        [3.0752e-07],
        [6.6109e-04]], device='cuda:0', grad_fn=<SigmoidBackward0>)
Epoch [77/100], T_AUC: [4m0.9932[0m
Epoch [77/100], Loss: 70.5164
val_Accuracy: [92m0.7605[0m
val_Precision: [4;34m0.7692[0m,               val_Recall: [4;33m0.7337[0m,                 val_F1 Score: [4;35m0.7463[0m
æ ‡ç­¾é‡Œ1çš„ä¸ªæ•°:  430
æ ‡ç­¾é‡Œ0çš„ä¸ªæ•°:  430
æ€»æ•°:  860
æ­£ç¡®çš„ä¸ªæ•°:  654
Epoch [77/100], V_AUC: [4m0.7551[0m
Epoch [78/100], Loss: 2.8232
train_Accuracy: [91m0.9963[0m
train_Precision: [4;34m0.9959[0m,               train_Recall: [4;33m0.9964[0m,                 train_F1 Score: [4;35m0.9960[0m
æ ‡ç­¾é‡Œ1çš„ä¸ªæ•°:  2150
æ ‡ç­¾é‡Œ0çš„ä¸ªæ•°:  2150
æ€»æ•°:  4300
æ­£ç¡®çš„ä¸ªæ•°:  4284
æœ€åä¸€ä¸ªæ‰¹æ¬¡çš„è¾“å‡º, ä¸æ»¡batchsizeæ˜¯æ­£å¸¸çš„:
 tensor([[9.9998e-01],
        [1.0000e+00],
        [9.9778e-01],
        [1.6334e-04],
        [1.0000e+00],
        [1.4744e-03],
        [2.1656e-08],
        [1.4095e-04],
        [9.6146e-01],
        [9.9998e-01],
        [1.3583e-06],
        [6.7025e-03]], device='cuda:0', grad_fn=<SigmoidBackward0>)
Epoch [78/100], T_AUC: [4m0.9965[0m
Epoch [78/100], Loss: 88.8422
val_Accuracy: [92m0.7709[0m
val_Precision: [4;34m0.7801[0m,               val_Recall: [4;33m0.7466[0m,                 val_F1 Score: [4;35m0.7587[0m
æ ‡ç­¾é‡Œ1çš„ä¸ªæ•°:  430
æ ‡ç­¾é‡Œ0çš„ä¸ªæ•°:  430
æ€»æ•°:  860
æ­£ç¡®çš„ä¸ªæ•°:  663
Epoch [78/100], V_AUC: [4m0.7666[0m
Epoch [79/100], Loss: 1.9278
train_Accuracy: [91m0.9984[0m
train_Precision: [4;34m0.9972[0m,               train_Recall: [4;33m0.9990[0m,                 train_F1 Score: [4;35m0.9980[0m
æ ‡ç­¾é‡Œ1çš„ä¸ªæ•°:  2150
æ ‡ç­¾é‡Œ0çš„ä¸ªæ•°:  2150
æ€»æ•°:  4300
æ­£ç¡®çš„ä¸ªæ•°:  4293
æœ€åä¸€ä¸ªæ‰¹æ¬¡çš„è¾“å‡º, ä¸æ»¡batchsizeæ˜¯æ­£å¸¸çš„:
 tensor([[9.9989e-01],
        [1.0000e+00],
        [9.9545e-01],
        [5.3087e-03],
        [1.0000e+00],
        [9.8101e-03],
        [7.4275e-09],
        [4.3917e-04],
        [9.7835e-01],
        [9.9999e-01],
        [1.0557e-06],
        [1.8404e-04]], device='cuda:0', grad_fn=<SigmoidBackward0>)
Epoch [79/100], T_AUC: [4m0.9985[0m
Epoch [79/100], Loss: 78.4926
val_Accuracy: [92m0.7477[0m
val_Precision: [4;34m0.7469[0m,               val_Recall: [4;33m0.7355[0m,                 val_F1 Score: [4;35m0.7371[0m
æ ‡ç­¾é‡Œ1çš„ä¸ªæ•°:  430
æ ‡ç­¾é‡Œ0çš„ä¸ªæ•°:  430
æ€»æ•°:  860
æ­£ç¡®çš„ä¸ªæ•°:  643
Epoch [79/100], V_AUC: [4m0.7431[0m
Epoch [80/100], Loss: 1.5413
train_Accuracy: [91m0.9984[0m
train_Precision: [4;34m0.9973[0m,               train_Recall: [4;33m0.9992[0m,                 train_F1 Score: [4;35m0.9982[0m
æ ‡ç­¾é‡Œ1çš„ä¸ªæ•°:  2150
æ ‡ç­¾é‡Œ0çš„ä¸ªæ•°:  2150
æ€»æ•°:  4300
æ­£ç¡®çš„ä¸ªæ•°:  4293
æœ€åä¸€ä¸ªæ‰¹æ¬¡çš„è¾“å‡º, ä¸æ»¡batchsizeæ˜¯æ­£å¸¸çš„:
 tensor([[9.9991e-01],
        [1.0000e+00],
        [9.1514e-01],
        [8.3602e-04],
        [1.0000e+00],
        [2.2500e-02],
        [3.0263e-08],
        [9.9303e-05],
        [9.9742e-01],
        [9.9997e-01],
        [3.2439e-07],
        [1.8510e-03]], device='cuda:0', grad_fn=<SigmoidBackward0>)
Epoch [80/100], T_AUC: [4m0.9985[0m
Epoch [80/100], Loss: 77.5696
val_Accuracy: [92m0.7419[0m
val_Precision: [4;34m0.7428[0m,               val_Recall: [4;33m0.7227[0m,                 val_F1 Score: [4;35m0.7290[0m
æ ‡ç­¾é‡Œ1çš„ä¸ªæ•°:  430
æ ‡ç­¾é‡Œ0çš„ä¸ªæ•°:  430
æ€»æ•°:  860
æ­£ç¡®çš„ä¸ªæ•°:  638
Epoch [80/100], V_AUC: [4m0.7379[0m
Epoch [81/100], Loss: 1.1376
train_Accuracy: [91m0.9991[0m
train_Precision: [4;34m0.9981[0m,               train_Recall: [4;33m1.0000[0m,                 train_F1 Score: [4;35m0.9990[0m
æ ‡ç­¾é‡Œ1çš„ä¸ªæ•°:  2150
æ ‡ç­¾é‡Œ0çš„ä¸ªæ•°:  2150
æ€»æ•°:  4300
æ­£ç¡®çš„ä¸ªæ•°:  4296
æœ€åä¸€ä¸ªæ‰¹æ¬¡çš„è¾“å‡º, ä¸æ»¡batchsizeæ˜¯æ­£å¸¸çš„:
 tensor([[9.9984e-01],
        [1.0000e+00],
        [9.8792e-01],
        [5.3744e-04],
        [1.0000e+00],
        [8.4545e-04],
        [1.9254e-07],
        [3.5761e-05],
        [9.9380e-01],
        [9.9998e-01],
        [1.4332e-08],
        [1.8467e-02]], device='cuda:0', grad_fn=<SigmoidBackward0>)
Epoch [81/100], T_AUC: [4m0.9991[0m
Epoch [81/100], Loss: 79.7152
val_Accuracy: [92m0.7395[0m
val_Precision: [4;34m0.7437[0m,               val_Recall: [4;33m0.7138[0m,                 val_F1 Score: [4;35m0.7245[0m
æ ‡ç­¾é‡Œ1çš„ä¸ªæ•°:  430
æ ‡ç­¾é‡Œ0çš„ä¸ªæ•°:  430
æ€»æ•°:  860
æ­£ç¡®çš„ä¸ªæ•°:  636
Epoch [81/100], V_AUC: [4m0.7349[0m
Epoch [82/100], Loss: 1.3231
train_Accuracy: [91m0.9986[0m
train_Precision: [4;34m0.9985[0m,               train_Recall: [4;33m0.9986[0m,                 train_F1 Score: [4;35m0.9985[0m
æ ‡ç­¾é‡Œ1çš„ä¸ªæ•°:  2150
æ ‡ç­¾é‡Œ0çš„ä¸ªæ•°:  2150
æ€»æ•°:  4300
æ­£ç¡®çš„ä¸ªæ•°:  4294
æœ€åä¸€ä¸ªæ‰¹æ¬¡çš„è¾“å‡º, ä¸æ»¡batchsizeæ˜¯æ­£å¸¸çš„:
 tensor([[9.9968e-01],
        [1.0000e+00],
        [9.9490e-01],
        [5.4872e-03],
        [1.0000e+00],
        [6.6163e-04],
        [1.7267e-08],
        [8.3681e-06],
        [9.9870e-01],
        [9.9998e-01],
        [9.5287e-08],
        [2.5878e-03]], device='cuda:0', grad_fn=<SigmoidBackward0>)
Epoch [82/100], T_AUC: [4m0.9987[0m
Epoch [82/100], Loss: 79.4427
val_Accuracy: [92m0.7395[0m
val_Precision: [4;34m0.7363[0m,               val_Recall: [4;33m0.7329[0m,                 val_F1 Score: [4;35m0.7301[0m
æ ‡ç­¾é‡Œ1çš„ä¸ªæ•°:  430
æ ‡ç­¾é‡Œ0çš„ä¸ªæ•°:  430
æ€»æ•°:  860
æ­£ç¡®çš„ä¸ªæ•°:  636
Epoch [82/100], V_AUC: [4m0.7362[0m
Epoch [83/100], Loss: 5.7497
train_Accuracy: [91m0.9867[0m
train_Precision: [4;34m0.9869[0m,               train_Recall: [4;33m0.9880[0m,                 train_F1 Score: [4;35m0.9870[0m
æ ‡ç­¾é‡Œ1çš„ä¸ªæ•°:  2150
æ ‡ç­¾é‡Œ0çš„ä¸ªæ•°:  2150
æ€»æ•°:  4300
æ­£ç¡®çš„ä¸ªæ•°:  4243
æœ€åä¸€ä¸ªæ‰¹æ¬¡çš„è¾“å‡º, ä¸æ»¡batchsizeæ˜¯æ­£å¸¸çš„:
 tensor([[9.9999e-01],
        [1.0000e+00],
        [9.9922e-01],
        [2.3209e-01],
        [1.0000e+00],
        [5.8967e-05],
        [4.1228e-09],
        [6.7321e-07],
        [9.9992e-01],
        [9.9962e-01],
        [4.1978e-07],
        [3.6099e-03]], device='cuda:0', grad_fn=<SigmoidBackward0>)
Epoch [83/100], T_AUC: [4m0.9872[0m
Epoch [83/100], Loss: 80.6467
val_Accuracy: [92m0.7512[0m
val_Precision: [4;34m0.7661[0m,               val_Recall: [4;33m0.7148[0m,                 val_F1 Score: [4;35m0.7335[0m
æ ‡ç­¾é‡Œ1çš„ä¸ªæ•°:  430
æ ‡ç­¾é‡Œ0çš„ä¸ªæ•°:  430
æ€»æ•°:  860
æ­£ç¡®çš„ä¸ªæ•°:  646
Epoch [83/100], V_AUC: [4m0.7466[0m
Epoch [84/100], Loss: 26.9147
train_Accuracy: [91m0.9295[0m
train_Precision: [4;34m0.9280[0m,               train_Recall: [4;33m0.9346[0m,                 train_F1 Score: [4;35m0.9287[0m
æ ‡ç­¾é‡Œ1çš„ä¸ªæ•°:  2150
æ ‡ç­¾é‡Œ0çš„ä¸ªæ•°:  2150
æ€»æ•°:  4300
æ­£ç¡®çš„ä¸ªæ•°:  3997
æœ€åä¸€ä¸ªæ‰¹æ¬¡çš„è¾“å‡º, ä¸æ»¡batchsizeæ˜¯æ­£å¸¸çš„:
 tensor([[9.8727e-01],
        [9.8955e-01],
        [9.9999e-01],
        [6.8100e-03],
        [1.0000e+00],
        [4.9742e-06],
        [5.8175e-04],
        [1.2871e-01],
        [9.8555e-01],
        [9.9845e-01],
        [3.6075e-06],
        [6.3088e-05]], device='cuda:0', grad_fn=<SigmoidBackward0>)
Epoch [84/100], T_AUC: [4m0.9322[0m
Epoch [84/100], Loss: 57.0009
val_Accuracy: [92m0.7477[0m
val_Precision: [4;34m0.7634[0m,               val_Recall: [4;33m0.7119[0m,                 val_F1 Score: [4;35m0.7314[0m
æ ‡ç­¾é‡Œ1çš„ä¸ªæ•°:  430
æ ‡ç­¾é‡Œ0çš„ä¸ªæ•°:  430
æ€»æ•°:  860
æ­£ç¡®çš„ä¸ªæ•°:  643
Epoch [84/100], V_AUC: [4m0.7446[0m
Epoch [85/100], Loss: 34.1064
train_Accuracy: [91m0.9188[0m
train_Precision: [4;34m0.9196[0m,               train_Recall: [4;33m0.9205[0m,                 train_F1 Score: [4;35m0.9167[0m
æ ‡ç­¾é‡Œ1çš„ä¸ªæ•°:  2150
æ ‡ç­¾é‡Œ0çš„ä¸ªæ•°:  2150
æ€»æ•°:  4300
æ­£ç¡®çš„ä¸ªæ•°:  3951
æœ€åä¸€ä¸ªæ‰¹æ¬¡çš„è¾“å‡º, ä¸æ»¡batchsizeæ˜¯æ­£å¸¸çš„:
 tensor([[9.9589e-01],
        [9.8893e-01],
        [9.9935e-01],
        [3.5369e-02],
        [9.9999e-01],
        [2.3640e-04],
        [3.9931e-04],
        [7.6114e-04],
        [9.9879e-01],
        [9.9999e-01],
        [8.7469e-06],
        [1.3161e-02]], device='cuda:0', grad_fn=<SigmoidBackward0>)
Epoch [85/100], T_AUC: [4m0.9221[0m
Epoch [85/100], Loss: 51.9913
val_Accuracy: [92m0.7453[0m
val_Precision: [4;34m0.7703[0m,               val_Recall: [4;33m0.6940[0m,                 val_F1 Score: [4;35m0.7226[0m
æ ‡ç­¾é‡Œ1çš„ä¸ªæ•°:  430
æ ‡ç­¾é‡Œ0çš„ä¸ªæ•°:  430
æ€»æ•°:  860
æ­£ç¡®çš„ä¸ªæ•°:  641
Epoch [85/100], V_AUC: [4m0.7422[0m
Epoch [86/100], Loss: 16.6220
train_Accuracy: [91m0.9551[0m
train_Precision: [4;34m0.9551[0m,               train_Recall: [4;33m0.9582[0m,                 train_F1 Score: [4;35m0.9548[0m
æ ‡ç­¾é‡Œ1çš„ä¸ªæ•°:  2150
æ ‡ç­¾é‡Œ0çš„ä¸ªæ•°:  2150
æ€»æ•°:  4300
æ­£ç¡®çš„ä¸ªæ•°:  4107
æœ€åä¸€ä¸ªæ‰¹æ¬¡çš„è¾“å‡º, ä¸æ»¡batchsizeæ˜¯æ­£å¸¸çš„:
 tensor([[9.7157e-01],
        [9.9925e-01],
        [9.9878e-01],
        [6.1626e-02],
        [1.0000e+00],
        [1.6993e-04],
        [2.5578e-03],
        [2.1474e-04],
        [9.8975e-01],
        [1.0000e+00],
        [1.1350e-06],
        [1.3583e-04]], device='cuda:0', grad_fn=<SigmoidBackward0>)
Epoch [86/100], T_AUC: [4m0.9581[0m
Epoch [86/100], Loss: 56.3770
val_Accuracy: [92m0.7593[0m
val_Precision: [4;34m0.7709[0m,               val_Recall: [4;33m0.7212[0m,                 val_F1 Score: [4;35m0.7404[0m
æ ‡ç­¾é‡Œ1çš„ä¸ªæ•°:  430
æ ‡ç­¾é‡Œ0çš„ä¸ªæ•°:  430
æ€»æ•°:  860
æ­£ç¡®çš„ä¸ªæ•°:  653
Epoch [86/100], V_AUC: [4m0.7546[0m
Epoch [87/100], Loss: 9.8001
train_Accuracy: [91m0.9749[0m
train_Precision: [4;34m0.9746[0m,               train_Recall: [4;33m0.9759[0m,                 train_F1 Score: [4;35m0.9743[0m
æ ‡ç­¾é‡Œ1çš„ä¸ªæ•°:  2150
æ ‡ç­¾é‡Œ0çš„ä¸ªæ•°:  2150
æ€»æ•°:  4300
æ­£ç¡®çš„ä¸ªæ•°:  4192
æœ€åä¸€ä¸ªæ‰¹æ¬¡çš„è¾“å‡º, ä¸æ»¡batchsizeæ˜¯æ­£å¸¸çš„:
 tensor([[9.9248e-01],
        [9.9991e-01],
        [9.9998e-01],
        [1.6680e-02],
        [1.0000e+00],
        [5.1581e-05],
        [3.3307e-05],
        [2.6216e-03],
        [9.9992e-01],
        [9.9992e-01],
        [1.5718e-05],
        [6.7012e-05]], device='cuda:0', grad_fn=<SigmoidBackward0>)
Epoch [87/100], T_AUC: [4m0.9767[0m
Epoch [87/100], Loss: 64.9458
val_Accuracy: [92m0.7512[0m
val_Precision: [4;34m0.7669[0m,               val_Recall: [4;33m0.7093[0m,                 val_F1 Score: [4;35m0.7309[0m
æ ‡ç­¾é‡Œ1çš„ä¸ªæ•°:  430
æ ‡ç­¾é‡Œ0çš„ä¸ªæ•°:  430
æ€»æ•°:  860
æ­£ç¡®çš„ä¸ªæ•°:  646
Epoch [87/100], V_AUC: [4m0.7466[0m
Epoch [88/100], Loss: 5.2212
train_Accuracy: [91m0.9912[0m
train_Precision: [4;34m0.9900[0m,               train_Recall: [4;33m0.9922[0m,                 train_F1 Score: [4;35m0.9908[0m
æ ‡ç­¾é‡Œ1çš„ä¸ªæ•°:  2150
æ ‡ç­¾é‡Œ0çš„ä¸ªæ•°:  2150
æ€»æ•°:  4300
æ­£ç¡®çš„ä¸ªæ•°:  4262
æœ€åä¸€ä¸ªæ‰¹æ¬¡çš„è¾“å‡º, ä¸æ»¡batchsizeæ˜¯æ­£å¸¸çš„:
 tensor([[9.8981e-01],
        [9.9995e-01],
        [9.9972e-01],
        [1.1375e-02],
        [1.0000e+00],
        [3.1419e-04],
        [5.0561e-05],
        [9.6220e-04],
        [9.9897e-01],
        [9.9999e-01],
        [5.9418e-08],
        [3.9951e-05]], device='cuda:0', grad_fn=<SigmoidBackward0>)
Epoch [88/100], T_AUC: [4m0.9919[0m
Epoch [88/100], Loss: 71.9910
val_Accuracy: [92m0.7547[0m
val_Precision: [4;34m0.7576[0m,               val_Recall: [4;33m0.7331[0m,                 val_F1 Score: [4;35m0.7417[0m
æ ‡ç­¾é‡Œ1çš„ä¸ªæ•°:  430
æ ‡ç­¾é‡Œ0çš„ä¸ªæ•°:  430
æ€»æ•°:  860
æ­£ç¡®çš„ä¸ªæ•°:  649
Epoch [88/100], V_AUC: [4m0.7511[0m
Epoch [89/100], Loss: 3.0735
train_Accuracy: [91m0.9972[0m
train_Precision: [4;34m0.9951[0m,               train_Recall: [4;33m0.9990[0m,                 train_F1 Score: [4;35m0.9969[0m
æ ‡ç­¾é‡Œ1çš„ä¸ªæ•°:  2150
æ ‡ç­¾é‡Œ0çš„ä¸ªæ•°:  2150
æ€»æ•°:  4300
æ­£ç¡®çš„ä¸ªæ•°:  4288
æœ€åä¸€ä¸ªæ‰¹æ¬¡çš„è¾“å‡º, ä¸æ»¡batchsizeæ˜¯æ­£å¸¸çš„:
 tensor([[9.9174e-01],
        [9.9997e-01],
        [9.8543e-01],
        [1.0087e-02],
        [1.0000e+00],
        [3.7835e-04],
        [2.5721e-06],
        [1.2247e-04],
        [9.9989e-01],
        [9.9994e-01],
        [9.9121e-06],
        [8.1375e-05]], device='cuda:0', grad_fn=<SigmoidBackward0>)
Epoch [89/100], T_AUC: [4m0.9973[0m
Epoch [89/100], Loss: 71.8512
val_Accuracy: [92m0.7442[0m
val_Precision: [4;34m0.7517[0m,               val_Recall: [4;33m0.7191[0m,                 val_F1 Score: [4;35m0.7304[0m
æ ‡ç­¾é‡Œ1çš„ä¸ªæ•°:  430
æ ‡ç­¾é‡Œ0çš„ä¸ªæ•°:  430
æ€»æ•°:  860
æ­£ç¡®çš„ä¸ªæ•°:  640
Epoch [89/100], V_AUC: [4m0.7417[0m
Epoch [90/100], Loss: 2.2039
train_Accuracy: [91m0.9988[0m
train_Precision: [4;34m0.9985[0m,               train_Recall: [4;33m0.9990[0m,                 train_F1 Score: [4;35m0.9987[0m
æ ‡ç­¾é‡Œ1çš„ä¸ªæ•°:  2150
æ ‡ç­¾é‡Œ0çš„ä¸ªæ•°:  2150
æ€»æ•°:  4300
æ­£ç¡®çš„ä¸ªæ•°:  4295
æœ€åä¸€ä¸ªæ‰¹æ¬¡çš„è¾“å‡º, ä¸æ»¡batchsizeæ˜¯æ­£å¸¸çš„:
 tensor([[9.9104e-01],
        [9.9998e-01],
        [9.8940e-01],
        [7.3168e-03],
        [1.0000e+00],
        [4.1534e-04],
        [8.0216e-06],
        [1.1645e-04],
        [9.9940e-01],
        [9.9986e-01],
        [4.3371e-05],
        [9.5212e-05]], device='cuda:0', grad_fn=<SigmoidBackward0>)
Epoch [90/100], T_AUC: [4m0.9988[0m
Epoch [90/100], Loss: 71.5595
val_Accuracy: [92m0.7314[0m
val_Precision: [4;34m0.7345[0m,               val_Recall: [4;33m0.7088[0m,                 val_F1 Score: [4;35m0.7164[0m
æ ‡ç­¾é‡Œ1çš„ä¸ªæ•°:  430
æ ‡ç­¾é‡Œ0çš„ä¸ªæ•°:  430
æ€»æ•°:  860
æ­£ç¡®çš„ä¸ªæ•°:  629
Epoch [90/100], V_AUC: [4m0.7284[0m
Epoch [91/100], Loss: 1.6374
train_Accuracy: [91m0.9991[0m
train_Precision: [4;34m0.9985[0m,               train_Recall: [4;33m0.9996[0m,                 train_F1 Score: [4;35m0.9990[0m
æ ‡ç­¾é‡Œ1çš„ä¸ªæ•°:  2150
æ ‡ç­¾é‡Œ0çš„ä¸ªæ•°:  2150
æ€»æ•°:  4300
æ­£ç¡®çš„ä¸ªæ•°:  4296
æœ€åä¸€ä¸ªæ‰¹æ¬¡çš„è¾“å‡º, ä¸æ»¡batchsizeæ˜¯æ­£å¸¸çš„:
 tensor([[9.9185e-01],
        [9.9997e-01],
        [9.9657e-01],
        [3.8805e-03],
        [1.0000e+00],
        [3.2284e-04],
        [1.1965e-05],
        [9.3204e-05],
        [9.9980e-01],
        [9.9987e-01],
        [5.4560e-06],
        [9.1354e-05]], device='cuda:0', grad_fn=<SigmoidBackward0>)
Epoch [91/100], T_AUC: [4m0.9991[0m
Epoch [91/100], Loss: 71.9606
val_Accuracy: [92m0.7302[0m
val_Precision: [4;34m0.7362[0m,               val_Recall: [4;33m0.7017[0m,                 val_F1 Score: [4;35m0.7148[0m
æ ‡ç­¾é‡Œ1çš„ä¸ªæ•°:  430
æ ‡ç­¾é‡Œ0çš„ä¸ªæ•°:  430
æ€»æ•°:  860
æ­£ç¡®çš„ä¸ªæ•°:  628
Epoch [91/100], V_AUC: [4m0.7259[0m
Epoch [92/100], Loss: 2.0891
train_Accuracy: [91m0.9977[0m
train_Precision: [4;34m0.9961[0m,               train_Recall: [4;33m0.9992[0m,                 train_F1 Score: [4;35m0.9976[0m
æ ‡ç­¾é‡Œ1çš„ä¸ªæ•°:  2150
æ ‡ç­¾é‡Œ0çš„ä¸ªæ•°:  2150
æ€»æ•°:  4300
æ­£ç¡®çš„ä¸ªæ•°:  4290
æœ€åä¸€ä¸ªæ‰¹æ¬¡çš„è¾“å‡º, ä¸æ»¡batchsizeæ˜¯æ­£å¸¸çš„:
 tensor([[9.9718e-01],
        [9.9999e-01],
        [9.9976e-01],
        [1.1382e-02],
        [1.0000e+00],
        [8.2891e-03],
        [9.8174e-07],
        [1.4276e-05],
        [9.9887e-01],
        [9.9990e-01],
        [1.5539e-07],
        [2.1589e-04]], device='cuda:0', grad_fn=<SigmoidBackward0>)
Epoch [92/100], T_AUC: [4m0.9977[0m
Epoch [92/100], Loss: 81.6197
val_Accuracy: [92m0.7477[0m
val_Precision: [4;34m0.7608[0m,               val_Recall: [4;33m0.7053[0m,                 val_F1 Score: [4;35m0.7274[0m
æ ‡ç­¾é‡Œ1çš„ä¸ªæ•°:  430
æ ‡ç­¾é‡Œ0çš„ä¸ªæ•°:  430
æ€»æ•°:  860
æ­£ç¡®çš„ä¸ªæ•°:  643
Epoch [92/100], V_AUC: [4m0.7425[0m
Epoch [93/100], Loss: 2.9481
train_Accuracy: [91m0.9960[0m
train_Precision: [4;34m0.9957[0m,               train_Recall: [4;33m0.9963[0m,                 train_F1 Score: [4;35m0.9959[0m
æ ‡ç­¾é‡Œ1çš„ä¸ªæ•°:  2150
æ ‡ç­¾é‡Œ0çš„ä¸ªæ•°:  2150
æ€»æ•°:  4300
æ­£ç¡®çš„ä¸ªæ•°:  4283
æœ€åä¸€ä¸ªæ‰¹æ¬¡çš„è¾“å‡º, ä¸æ»¡batchsizeæ˜¯æ­£å¸¸çš„:
 tensor([[9.9961e-01],
        [9.9994e-01],
        [9.9876e-01],
        [9.6195e-03],
        [1.0000e+00],
        [1.6427e-02],
        [7.0075e-06],
        [1.0194e-05],
        [9.9959e-01],
        [9.9942e-01],
        [9.3279e-07],
        [2.6227e-05]], device='cuda:0', grad_fn=<SigmoidBackward0>)
Epoch [93/100], T_AUC: [4m0.9964[0m
Epoch [93/100], Loss: 80.7884
val_Accuracy: [92m0.7453[0m
val_Precision: [4;34m0.7515[0m,               val_Recall: [4;33m0.7185[0m,                 val_F1 Score: [4;35m0.7304[0m
æ ‡ç­¾é‡Œ1çš„ä¸ªæ•°:  430
æ ‡ç­¾é‡Œ0çš„ä¸ªæ•°:  430
æ€»æ•°:  860
æ­£ç¡®çš„ä¸ªæ•°:  641
Epoch [93/100], V_AUC: [4m0.7420[0m
Epoch [94/100], Loss: 2.0727
train_Accuracy: [91m0.9981[0m
train_Precision: [4;34m0.9971[0m,               train_Recall: [4;33m0.9992[0m,                 train_F1 Score: [4;35m0.9981[0m
æ ‡ç­¾é‡Œ1çš„ä¸ªæ•°:  2150
æ ‡ç­¾é‡Œ0çš„ä¸ªæ•°:  2150
æ€»æ•°:  4300
æ­£ç¡®çš„ä¸ªæ•°:  4292
æœ€åä¸€ä¸ªæ‰¹æ¬¡çš„è¾“å‡º, ä¸æ»¡batchsizeæ˜¯æ­£å¸¸çš„:
 tensor([[9.9556e-01],
        [9.9996e-01],
        [9.9849e-01],
        [1.3438e-02],
        [1.0000e+00],
        [1.0337e-03],
        [9.3515e-06],
        [1.8550e-06],
        [9.9686e-01],
        [9.9958e-01],
        [1.4880e-03],
        [1.2747e-05]], device='cuda:0', grad_fn=<SigmoidBackward0>)
Epoch [94/100], T_AUC: [4m0.9983[0m
Epoch [94/100], Loss: 82.3916
val_Accuracy: [92m0.7465[0m
val_Precision: [4;34m0.7540[0m,               val_Recall: [4;33m0.7137[0m,                 val_F1 Score: [4;35m0.7289[0m
æ ‡ç­¾é‡Œ1çš„ä¸ªæ•°:  430
æ ‡ç­¾é‡Œ0çš„ä¸ªæ•°:  430
æ€»æ•°:  860
æ­£ç¡®çš„ä¸ªæ•°:  642
Epoch [94/100], V_AUC: [4m0.7421[0m
Epoch [95/100], Loss: 1.7273
train_Accuracy: [91m0.9988[0m
train_Precision: [4;34m0.9985[0m,               train_Recall: [4;33m0.9989[0m,                 train_F1 Score: [4;35m0.9987[0m
æ ‡ç­¾é‡Œ1çš„ä¸ªæ•°:  2150
æ ‡ç­¾é‡Œ0çš„ä¸ªæ•°:  2150
æ€»æ•°:  4300
æ­£ç¡®çš„ä¸ªæ•°:  4295
æœ€åä¸€ä¸ªæ‰¹æ¬¡çš„è¾“å‡º, ä¸æ»¡batchsizeæ˜¯æ­£å¸¸çš„:
 tensor([[9.9933e-01],
        [9.9992e-01],
        [9.8157e-01],
        [2.6950e-03],
        [1.0000e+00],
        [5.1540e-04],
        [9.4106e-05],
        [1.8304e-04],
        [1.0000e+00],
        [9.9930e-01],
        [1.1510e-05],
        [2.2955e-04]], device='cuda:0', grad_fn=<SigmoidBackward0>)
Epoch [95/100], T_AUC: [4m0.9988[0m
Epoch [95/100], Loss: 79.7648
val_Accuracy: [92m0.7384[0m
val_Precision: [4;34m0.7436[0m,               val_Recall: [4;33m0.7136[0m,                 val_F1 Score: [4;35m0.7233[0m
æ ‡ç­¾é‡Œ1çš„ä¸ªæ•°:  430
æ ‡ç­¾é‡Œ0çš„ä¸ªæ•°:  430
æ€»æ•°:  860
æ­£ç¡®çš„ä¸ªæ•°:  635
Epoch [95/100], V_AUC: [4m0.7343[0m
Epoch [96/100], Loss: 4.5776
train_Accuracy: [91m0.9895[0m
train_Precision: [4;34m0.9886[0m,               train_Recall: [4;33m0.9906[0m,                 train_F1 Score: [4;35m0.9891[0m
æ ‡ç­¾é‡Œ1çš„ä¸ªæ•°:  2150
æ ‡ç­¾é‡Œ0çš„ä¸ªæ•°:  2150
æ€»æ•°:  4300
æ­£ç¡®çš„ä¸ªæ•°:  4255
æœ€åä¸€ä¸ªæ‰¹æ¬¡çš„è¾“å‡º, ä¸æ»¡batchsizeæ˜¯æ­£å¸¸çš„:
 tensor([[9.9941e-01],
        [9.9923e-01],
        [9.9876e-01],
        [5.0378e-02],
        [1.0000e+00],
        [1.9506e-04],
        [2.7396e-07],
        [1.5974e-03],
        [9.9996e-01],
        [9.9928e-01],
        [2.4967e-06],
        [1.9115e-03]], device='cuda:0', grad_fn=<SigmoidBackward0>)
Epoch [96/100], T_AUC: [4m0.9902[0m
Epoch [96/100], Loss: 90.1505
val_Accuracy: [92m0.7407[0m
val_Precision: [4;34m0.7351[0m,               val_Recall: [4;33m0.7416[0m,                 val_F1 Score: [4;35m0.7346[0m
æ ‡ç­¾é‡Œ1çš„ä¸ªæ•°:  430
æ ‡ç­¾é‡Œ0çš„ä¸ªæ•°:  430
æ€»æ•°:  860
æ­£ç¡®çš„ä¸ªæ•°:  637
Epoch [96/100], V_AUC: [4m0.7370[0m
Epoch [97/100], Loss: 6.1977
train_Accuracy: [91m0.9851[0m
train_Precision: [4;34m0.9834[0m,               train_Recall: [4;33m0.9871[0m,                 train_F1 Score: [4;35m0.9849[0m
æ ‡ç­¾é‡Œ1çš„ä¸ªæ•°:  2150
æ ‡ç­¾é‡Œ0çš„ä¸ªæ•°:  2150
æ€»æ•°:  4300
æ­£ç¡®çš„ä¸ªæ•°:  4236
æœ€åä¸€ä¸ªæ‰¹æ¬¡çš„è¾“å‡º, ä¸æ»¡batchsizeæ˜¯æ­£å¸¸çš„:
 tensor([[9.9956e-01],
        [9.9968e-01],
        [9.9353e-01],
        [6.0611e-02],
        [1.0000e+00],
        [2.9294e-02],
        [2.9164e-04],
        [4.2277e-05],
        [8.1515e-01],
        [9.9995e-01],
        [1.3538e-07],
        [5.2452e-03]], device='cuda:0', grad_fn=<SigmoidBackward0>)
Epoch [97/100], T_AUC: [4m0.9861[0m
Epoch [97/100], Loss: 74.2311
val_Accuracy: [92m0.7337[0m
val_Precision: [4;34m0.7301[0m,               val_Recall: [4;33m0.7195[0m,                 val_F1 Score: [4;35m0.7210[0m
æ ‡ç­¾é‡Œ1çš„ä¸ªæ•°:  430
æ ‡ç­¾é‡Œ0çš„ä¸ªæ•°:  430
æ€»æ•°:  860
æ­£ç¡®çš„ä¸ªæ•°:  631
Epoch [97/100], V_AUC: [4m0.7290[0m
Epoch [98/100], Loss: 8.5450
train_Accuracy: [91m0.9763[0m
train_Precision: [4;34m0.9781[0m,               train_Recall: [4;33m0.9750[0m,                 train_F1 Score: [4;35m0.9758[0m
æ ‡ç­¾é‡Œ1çš„ä¸ªæ•°:  2150
æ ‡ç­¾é‡Œ0çš„ä¸ªæ•°:  2150
æ€»æ•°:  4300
æ­£ç¡®çš„ä¸ªæ•°:  4198
æœ€åä¸€ä¸ªæ‰¹æ¬¡çš„è¾“å‡º, ä¸æ»¡batchsizeæ˜¯æ­£å¸¸çš„:
 tensor([[9.9998e-01],
        [9.9996e-01],
        [9.9138e-01],
        [6.4550e-04],
        [1.0000e+00],
        [5.0671e-04],
        [4.2491e-06],
        [8.7363e-04],
        [9.9842e-01],
        [9.9634e-01],
        [8.3564e-07],
        [1.1012e-04]], device='cuda:0', grad_fn=<SigmoidBackward0>)
Epoch [98/100], T_AUC: [4m0.9773[0m
Epoch [98/100], Loss: 69.3408
val_Accuracy: [92m0.7221[0m
val_Precision: [4;34m0.7432[0m,               val_Recall: [4;33m0.6648[0m,                 val_F1 Score: [4;35m0.6968[0m
æ ‡ç­¾é‡Œ1çš„ä¸ªæ•°:  430
æ ‡ç­¾é‡Œ0çš„ä¸ªæ•°:  430
æ€»æ•°:  860
æ­£ç¡®çš„ä¸ªæ•°:  621
Epoch [98/100], V_AUC: [4m0.7199[0m
Epoch [99/100], Loss: 14.5194
train_Accuracy: [91m0.9616[0m
train_Precision: [4;34m0.9594[0m,               train_Recall: [4;33m0.9664[0m,                 train_F1 Score: [4;35m0.9618[0m
æ ‡ç­¾é‡Œ1çš„ä¸ªæ•°:  2150
æ ‡ç­¾é‡Œ0çš„ä¸ªæ•°:  2150
æ€»æ•°:  4300
æ­£ç¡®çš„ä¸ªæ•°:  4135
æœ€åä¸€ä¸ªæ‰¹æ¬¡çš„è¾“å‡º, ä¸æ»¡batchsizeæ˜¯æ­£å¸¸çš„:
 tensor([[9.9992e-01],
        [1.0000e+00],
        [9.7305e-01],
        [3.8449e-03],
        [1.0000e+00],
        [1.6146e-04],
        [1.2501e-05],
        [4.2619e-06],
        [9.7066e-01],
        [1.0000e+00],
        [5.2314e-07],
        [1.3779e-02]], device='cuda:0', grad_fn=<SigmoidBackward0>)
Epoch [99/100], T_AUC: [4m0.9635[0m
Epoch [99/100], Loss: 77.1636
val_Accuracy: [92m0.7302[0m
val_Precision: [4;34m0.7419[0m,               val_Recall: [4;33m0.6997[0m,                 val_F1 Score: [4;35m0.7154[0m
æ ‡ç­¾é‡Œ1çš„ä¸ªæ•°:  430
æ ‡ç­¾é‡Œ0çš„ä¸ªæ•°:  430
æ€»æ•°:  860
æ­£ç¡®çš„ä¸ªæ•°:  628
Epoch [99/100], V_AUC: [4m0.7288[0m
Epoch [100/100], Loss: 9.1288
train_Accuracy: [91m0.9730[0m
train_Precision: [4;34m0.9759[0m,               train_Recall: [4;33m0.9715[0m,                 train_F1 Score: [4;35m0.9728[0m
æ ‡ç­¾é‡Œ1çš„ä¸ªæ•°:  2150
æ ‡ç­¾é‡Œ0çš„ä¸ªæ•°:  2150
æ€»æ•°:  4300
æ­£ç¡®çš„ä¸ªæ•°:  4184
æœ€åä¸€ä¸ªæ‰¹æ¬¡çš„è¾“å‡º, ä¸æ»¡batchsizeæ˜¯æ­£å¸¸çš„:
 tensor([[9.9976e-01],
        [9.9924e-01],
        [9.9787e-01],
        [3.9147e-03],
        [1.0000e+00],
        [1.3032e-02],
        [4.2776e-05],
        [3.3467e-04],
        [9.9990e-01],
        [1.0000e+00],
        [1.4216e-10],
        [1.5032e-05]], device='cuda:0', grad_fn=<SigmoidBackward0>)
Epoch [100/100], T_AUC: [4m0.9742[0m
Epoch [100/100], Loss: 79.5724
val_Accuracy: [92m0.7547[0m
val_Precision: [4;34m0.7628[0m,               val_Recall: [4;33m0.7266[0m,                 val_F1 Score: [4;35m0.7401[0m
æ ‡ç­¾é‡Œ1çš„ä¸ªæ•°:  430
æ ‡ç­¾é‡Œ0çš„ä¸ªæ•°:  430
æ€»æ•°:  860
æ­£ç¡®çš„ä¸ªæ•°:  649
Epoch [100/100], V_AUC: [4m0.7501[0m
ç¬¬0æ‰¹ç¬¬2ä¸ª, 100
ç¬¬0æ‰¹ç¬¬15ä¸ª, 100
ç¬¬1æ‰¹ç¬¬0ä¸ª, 100
ç¬¬1æ‰¹ç¬¬13ä¸ª, 100
ç¬¬1æ‰¹ç¬¬29ä¸ª, 100
send email successfully
