2024-06-24-15:22:37
1æ’åº128-0.4
åˆ›å»ºæ¨¡å‹å®ä¾‹
æ¨¡å‹å®ä¾‹åˆ›å»ºå®Œæˆ
åŠ è½½é¢„è®­ç»ƒå‚æ•°
é¢„è®­ç»ƒå‚æ•°åŠ è½½å®Œæˆ
Epoch [1/100], Loss: 60.5410
train_Accuracy: [91m0.7970[0m
train_Precision: [4;34m0.7900[0m,               train_Recall: [4;33m0.8231[0m,                 train_F1 Score: [4;35m0.8001[0m
æ ‡ç­¾é‡Œ1çš„ä¸ªæ•°:  2150
æ ‡ç­¾é‡Œ0çš„ä¸ªæ•°:  2150
æ€»æ•°:  4300
æ­£ç¡®çš„ä¸ªæ•°:  3427
æœ€åä¸€ä¸ªæ‰¹æ¬¡çš„è¾“å‡º, ä¸æ»¡batchsizeæ˜¯æ­£å¸¸çš„:
 tensor([[0.9215],
        [0.8350],
        [0.9721],
        [0.1634],
        [0.7825],
        [0.1453],
        [0.5282],
        [0.3232],
        [0.4344],
        [0.9054],
        [0.0335],
        [0.0621]], device='cuda:0', grad_fn=<SigmoidBackward0>)
Epoch [1/100], T_AUC: [4m0.8030[0m
Epoch [1/100], Loss: 13.8333
val_Accuracy: [92m0.7814[0m
val_Precision: [4;34m0.7730[0m,               val_Recall: [4;33m0.7844[0m,                 val_F1 Score: [4;35m0.7745[0m
æ ‡ç­¾é‡Œ1çš„ä¸ªæ•°:  430
æ ‡ç­¾é‡Œ0çš„ä¸ªæ•°:  430
æ€»æ•°:  860
æ­£ç¡®çš„ä¸ªæ•°:  672
Epoch [1/100], V_AUC: [4m0.7782[0m
Epoch [2/100], Loss: 58.0020
train_Accuracy: [91m0.8105[0m
train_Precision: [4;34m0.8020[0m,               train_Recall: [4;33m0.8340[0m,                 train_F1 Score: [4;35m0.8123[0m
æ ‡ç­¾é‡Œ1çš„ä¸ªæ•°:  2150
æ ‡ç­¾é‡Œ0çš„ä¸ªæ•°:  2150
æ€»æ•°:  4300
æ­£ç¡®çš„ä¸ªæ•°:  3485
æœ€åä¸€ä¸ªæ‰¹æ¬¡çš„è¾“å‡º, ä¸æ»¡batchsizeæ˜¯æ­£å¸¸çš„:
 tensor([[0.9257],
        [0.8324],
        [0.9741],
        [0.1423],
        [0.7809],
        [0.1399],
        [0.4997],
        [0.3434],
        [0.4937],
        [0.9087],
        [0.0376],
        [0.0588]], device='cuda:0', grad_fn=<SigmoidBackward0>)
Epoch [2/100], T_AUC: [4m0.8168[0m
Epoch [2/100], Loss: 13.7915
val_Accuracy: [92m0.7837[0m
val_Precision: [4;34m0.7816[0m,               val_Recall: [4;33m0.7764[0m,                 val_F1 Score: [4;35m0.7744[0m
æ ‡ç­¾é‡Œ1çš„ä¸ªæ•°:  430
æ ‡ç­¾é‡Œ0çš„ä¸ªæ•°:  430
æ€»æ•°:  860
æ­£ç¡®çš„ä¸ªæ•°:  674
Epoch [2/100], V_AUC: [4m0.7817[0m
Epoch [3/100], Loss: 57.0131
train_Accuracy: [91m0.8151[0m
train_Precision: [4;34m0.8057[0m,               train_Recall: [4;33m0.8395[0m,                 train_F1 Score: [4;35m0.8171[0m
æ ‡ç­¾é‡Œ1çš„ä¸ªæ•°:  2150
æ ‡ç­¾é‡Œ0çš„ä¸ªæ•°:  2150
æ€»æ•°:  4300
æ­£ç¡®çš„ä¸ªæ•°:  3505
æœ€åä¸€ä¸ªæ‰¹æ¬¡çš„è¾“å‡º, ä¸æ»¡batchsizeæ˜¯æ­£å¸¸çš„:
 tensor([[0.9161],
        [0.8192],
        [0.9768],
        [0.1220],
        [0.8306],
        [0.1417],
        [0.4923],
        [0.3746],
        [0.5415],
        [0.9041],
        [0.0415],
        [0.0489]], device='cuda:0', grad_fn=<SigmoidBackward0>)
Epoch [3/100], T_AUC: [4m0.8210[0m
Epoch [3/100], Loss: 14.0109
val_Accuracy: [92m0.7826[0m
val_Precision: [4;34m0.7736[0m,               val_Recall: [4;33m0.7868[0m,                 val_F1 Score: [4;35m0.7753[0m
æ ‡ç­¾é‡Œ1çš„ä¸ªæ•°:  430
æ ‡ç­¾é‡Œ0çš„ä¸ªæ•°:  430
æ€»æ•°:  860
æ­£ç¡®çš„ä¸ªæ•°:  673
Epoch [3/100], V_AUC: [4m0.7800[0m
Epoch [4/100], Loss: 56.5263
train_Accuracy: [91m0.8200[0m
train_Precision: [4;34m0.8106[0m,               train_Recall: [4;33m0.8425[0m,                 train_F1 Score: [4;35m0.8213[0m
æ ‡ç­¾é‡Œ1çš„ä¸ªæ•°:  2150
æ ‡ç­¾é‡Œ0çš„ä¸ªæ•°:  2150
æ€»æ•°:  4300
æ­£ç¡®çš„ä¸ªæ•°:  3526
æœ€åä¸€ä¸ªæ‰¹æ¬¡çš„è¾“å‡º, ä¸æ»¡batchsizeæ˜¯æ­£å¸¸çš„:
 tensor([[0.9261],
        [0.8423],
        [0.9767],
        [0.1376],
        [0.7902],
        [0.1045],
        [0.4431],
        [0.3481],
        [0.5965],
        [0.9177],
        [0.0404],
        [0.0600]], device='cuda:0', grad_fn=<SigmoidBackward0>)
Epoch [4/100], T_AUC: [4m0.8255[0m
Epoch [4/100], Loss: 14.0947
val_Accuracy: [92m0.7872[0m
val_Precision: [4;34m0.7792[0m,               val_Recall: [4;33m0.7859[0m,                 val_F1 Score: [4;35m0.7783[0m
æ ‡ç­¾é‡Œ1çš„ä¸ªæ•°:  430
æ ‡ç­¾é‡Œ0çš„ä¸ªæ•°:  430
æ€»æ•°:  860
æ­£ç¡®çš„ä¸ªæ•°:  677
Epoch [4/100], V_AUC: [4m0.7843[0m
Epoch [5/100], Loss: 56.1092
train_Accuracy: [91m0.8207[0m
train_Precision: [4;34m0.8101[0m,               train_Recall: [4;33m0.8450[0m,                 train_F1 Score: [4;35m0.8224[0m
æ ‡ç­¾é‡Œ1çš„ä¸ªæ•°:  2150
æ ‡ç­¾é‡Œ0çš„ä¸ªæ•°:  2150
æ€»æ•°:  4300
æ­£ç¡®çš„ä¸ªæ•°:  3529
æœ€åä¸€ä¸ªæ‰¹æ¬¡çš„è¾“å‡º, ä¸æ»¡batchsizeæ˜¯æ­£å¸¸çš„:
 tensor([[0.9197],
        [0.8623],
        [0.9763],
        [0.1227],
        [0.8370],
        [0.1216],
        [0.4553],
        [0.4013],
        [0.6316],
        [0.8900],
        [0.0392],
        [0.0418]], device='cuda:0', grad_fn=<SigmoidBackward0>)
Epoch [5/100], T_AUC: [4m0.8254[0m
Epoch [5/100], Loss: 14.1888
val_Accuracy: [92m0.7895[0m
val_Precision: [4;34m0.7846[0m,               val_Recall: [4;33m0.7835[0m,                 val_F1 Score: [4;35m0.7798[0m
æ ‡ç­¾é‡Œ1çš„ä¸ªæ•°:  430
æ ‡ç­¾é‡Œ0çš„ä¸ªæ•°:  430
æ€»æ•°:  860
æ­£ç¡®çš„ä¸ªæ•°:  679
Epoch [5/100], V_AUC: [4m0.7871[0m
Epoch [6/100], Loss: 55.5251
train_Accuracy: [91m0.8235[0m
train_Precision: [4;34m0.8127[0m,               train_Recall: [4;33m0.8477[0m,                 train_F1 Score: [4;35m0.8252[0m
æ ‡ç­¾é‡Œ1çš„ä¸ªæ•°:  2150
æ ‡ç­¾é‡Œ0çš„ä¸ªæ•°:  2150
æ€»æ•°:  4300
æ­£ç¡®çš„ä¸ªæ•°:  3541
æœ€åä¸€ä¸ªæ‰¹æ¬¡çš„è¾“å‡º, ä¸æ»¡batchsizeæ˜¯æ­£å¸¸çš„:
 tensor([[0.9086],
        [0.8566],
        [0.9770],
        [0.1006],
        [0.8682],
        [0.0983],
        [0.4275],
        [0.4225],
        [0.6216],
        [0.8974],
        [0.0432],
        [0.0544]], device='cuda:0', grad_fn=<SigmoidBackward0>)
Epoch [6/100], T_AUC: [4m0.8274[0m
Epoch [6/100], Loss: 14.2036
val_Accuracy: [92m0.7895[0m
val_Precision: [4;34m0.7875[0m,               val_Recall: [4;33m0.7809[0m,                 val_F1 Score: [4;35m0.7782[0m
æ ‡ç­¾é‡Œ1çš„ä¸ªæ•°:  430
æ ‡ç­¾é‡Œ0çš„ä¸ªæ•°:  430
æ€»æ•°:  860
æ­£ç¡®çš„ä¸ªæ•°:  679
Epoch [6/100], V_AUC: [4m0.7862[0m
Epoch [7/100], Loss: 55.0990
train_Accuracy: [91m0.8279[0m
train_Precision: [4;34m0.8182[0m,               train_Recall: [4;33m0.8507[0m,                 train_F1 Score: [4;35m0.8295[0m
æ ‡ç­¾é‡Œ1çš„ä¸ªæ•°:  2150
æ ‡ç­¾é‡Œ0çš„ä¸ªæ•°:  2150
æ€»æ•°:  4300
æ­£ç¡®çš„ä¸ªæ•°:  3560
æœ€åä¸€ä¸ªæ‰¹æ¬¡çš„è¾“å‡º, ä¸æ»¡batchsizeæ˜¯æ­£å¸¸çš„:
 tensor([[0.9155],
        [0.8572],
        [0.9804],
        [0.0858],
        [0.8960],
        [0.1001],
        [0.3747],
        [0.4262],
        [0.6780],
        [0.8785],
        [0.0520],
        [0.0391]], device='cuda:0', grad_fn=<SigmoidBackward0>)
Epoch [7/100], T_AUC: [4m0.8326[0m
Epoch [7/100], Loss: 14.4772
val_Accuracy: [92m0.7860[0m
val_Precision: [4;34m0.7895[0m,               val_Recall: [4;33m0.7668[0m,                 val_F1 Score: [4;35m0.7730[0m
æ ‡ç­¾é‡Œ1çš„ä¸ªæ•°:  430
æ ‡ç­¾é‡Œ0çš„ä¸ªæ•°:  430
æ€»æ•°:  860
æ­£ç¡®çš„ä¸ªæ•°:  676
Epoch [7/100], V_AUC: [4m0.7827[0m
Epoch [8/100], Loss: 54.2677
train_Accuracy: [91m0.8274[0m
train_Precision: [4;34m0.8174[0m,               train_Recall: [4;33m0.8496[0m,                 train_F1 Score: [4;35m0.8287[0m
æ ‡ç­¾é‡Œ1çš„ä¸ªæ•°:  2150
æ ‡ç­¾é‡Œ0çš„ä¸ªæ•°:  2150
æ€»æ•°:  4300
æ­£ç¡®çš„ä¸ªæ•°:  3558
æœ€åä¸€ä¸ªæ‰¹æ¬¡çš„è¾“å‡º, ä¸æ»¡batchsizeæ˜¯æ­£å¸¸çš„:
 tensor([[0.9215],
        [0.8402],
        [0.9719],
        [0.0904],
        [0.8901],
        [0.0956],
        [0.3536],
        [0.4281],
        [0.7589],
        [0.8787],
        [0.0536],
        [0.0394]], device='cuda:0', grad_fn=<SigmoidBackward0>)
Epoch [8/100], T_AUC: [4m0.8323[0m
Epoch [8/100], Loss: 14.6567
val_Accuracy: [92m0.7860[0m
val_Precision: [4;34m0.7817[0m,               val_Recall: [4;33m0.7774[0m,                 val_F1 Score: [4;35m0.7745[0m
æ ‡ç­¾é‡Œ1çš„ä¸ªæ•°:  430
æ ‡ç­¾é‡Œ0çš„ä¸ªæ•°:  430
æ€»æ•°:  860
æ­£ç¡®çš„ä¸ªæ•°:  676
Epoch [8/100], V_AUC: [4m0.7825[0m
Epoch [9/100], Loss: 54.0308
train_Accuracy: [91m0.8286[0m
train_Precision: [4;34m0.8211[0m,               train_Recall: [4;33m0.8484[0m,                 train_F1 Score: [4;35m0.8299[0m
æ ‡ç­¾é‡Œ1çš„ä¸ªæ•°:  2150
æ ‡ç­¾é‡Œ0çš„ä¸ªæ•°:  2150
æ€»æ•°:  4300
æ­£ç¡®çš„ä¸ªæ•°:  3563
æœ€åä¸€ä¸ªæ‰¹æ¬¡çš„è¾“å‡º, ä¸æ»¡batchsizeæ˜¯æ­£å¸¸çš„:
 tensor([[0.9269],
        [0.8612],
        [0.9821],
        [0.0887],
        [0.7973],
        [0.1125],
        [0.3651],
        [0.4473],
        [0.6835],
        [0.8631],
        [0.0574],
        [0.0518]], device='cuda:0', grad_fn=<SigmoidBackward0>)
Epoch [9/100], T_AUC: [4m0.8334[0m
Epoch [9/100], Loss: 14.5321
val_Accuracy: [92m0.7872[0m
val_Precision: [4;34m0.7892[0m,               val_Recall: [4;33m0.7717[0m,                 val_F1 Score: [4;35m0.7753[0m
æ ‡ç­¾é‡Œ1çš„ä¸ªæ•°:  430
æ ‡ç­¾é‡Œ0çš„ä¸ªæ•°:  430
æ€»æ•°:  860
æ­£ç¡®çš„ä¸ªæ•°:  677
Epoch [9/100], V_AUC: [4m0.7841[0m
Epoch [10/100], Loss: 53.9752
train_Accuracy: [91m0.8284[0m
train_Precision: [4;34m0.8198[0m,               train_Recall: [4;33m0.8497[0m,                 train_F1 Score: [4;35m0.8297[0m
æ ‡ç­¾é‡Œ1çš„ä¸ªæ•°:  2150
æ ‡ç­¾é‡Œ0çš„ä¸ªæ•°:  2150
æ€»æ•°:  4300
æ­£ç¡®çš„ä¸ªæ•°:  3562
æœ€åä¸€ä¸ªæ‰¹æ¬¡çš„è¾“å‡º, ä¸æ»¡batchsizeæ˜¯æ­£å¸¸çš„:
 tensor([[0.9295],
        [0.9125],
        [0.9720],
        [0.0793],
        [0.8950],
        [0.0898],
        [0.4358],
        [0.3643],
        [0.7625],
        [0.8341],
        [0.0413],
        [0.0436]], device='cuda:0', grad_fn=<SigmoidBackward0>)
Epoch [10/100], T_AUC: [4m0.8333[0m
Epoch [10/100], Loss: 14.5397
val_Accuracy: [92m0.7872[0m
val_Precision: [4;34m0.7890[0m,               val_Recall: [4;33m0.7679[0m,                 val_F1 Score: [4;35m0.7734[0m
æ ‡ç­¾é‡Œ1çš„ä¸ªæ•°:  430
æ ‡ç­¾é‡Œ0çš„ä¸ªæ•°:  430
æ€»æ•°:  860
æ­£ç¡®çš„ä¸ªæ•°:  677
Epoch [10/100], V_AUC: [4m0.7833[0m
Epoch [11/100], Loss: 53.5028
train_Accuracy: [91m0.8288[0m
train_Precision: [4;34m0.8175[0m,               train_Recall: [4;33m0.8554[0m,                 train_F1 Score: [4;35m0.8311[0m
æ ‡ç­¾é‡Œ1çš„ä¸ªæ•°:  2150
æ ‡ç­¾é‡Œ0çš„ä¸ªæ•°:  2150
æ€»æ•°:  4300
æ­£ç¡®çš„ä¸ªæ•°:  3564
æœ€åä¸€ä¸ªæ‰¹æ¬¡çš„è¾“å‡º, ä¸æ»¡batchsizeæ˜¯æ­£å¸¸çš„:
 tensor([[0.9075],
        [0.8783],
        [0.9927],
        [0.0882],
        [0.8832],
        [0.0797],
        [0.3302],
        [0.3457],
        [0.6960],
        [0.9074],
        [0.0320],
        [0.0381]], device='cuda:0', grad_fn=<SigmoidBackward0>)
Epoch [11/100], T_AUC: [4m0.8346[0m
Epoch [11/100], Loss: 14.8944
val_Accuracy: [92m0.7744[0m
val_Precision: [4;34m0.7657[0m,               val_Recall: [4;33m0.7777[0m,                 val_F1 Score: [4;35m0.7664[0m
æ ‡ç­¾é‡Œ1çš„ä¸ªæ•°:  430
æ ‡ç­¾é‡Œ0çš„ä¸ªæ•°:  430
æ€»æ•°:  860
æ­£ç¡®çš„ä¸ªæ•°:  666
Epoch [11/100], V_AUC: [4m0.7699[0m
Epoch [12/100], Loss: 53.3467
train_Accuracy: [91m0.8270[0m
train_Precision: [4;34m0.8186[0m,               train_Recall: [4;33m0.8494[0m,                 train_F1 Score: [4;35m0.8284[0m
æ ‡ç­¾é‡Œ1çš„ä¸ªæ•°:  2150
æ ‡ç­¾é‡Œ0çš„ä¸ªæ•°:  2150
æ€»æ•°:  4300
æ­£ç¡®çš„ä¸ªæ•°:  3556
æœ€åä¸€ä¸ªæ‰¹æ¬¡çš„è¾“å‡º, ä¸æ»¡batchsizeæ˜¯æ­£å¸¸çš„:
 tensor([[0.9095],
        [0.9092],
        [0.9842],
        [0.0809],
        [0.9039],
        [0.0667],
        [0.3092],
        [0.3519],
        [0.7509],
        [0.9039],
        [0.0559],
        [0.0293]], device='cuda:0', grad_fn=<SigmoidBackward0>)
Epoch [12/100], T_AUC: [4m0.8330[0m
Epoch [12/100], Loss: 14.5016
val_Accuracy: [92m0.7849[0m
val_Precision: [4;34m0.7792[0m,               val_Recall: [4;33m0.7791[0m,                 val_F1 Score: [4;35m0.7743[0m
æ ‡ç­¾é‡Œ1çš„ä¸ªæ•°:  430
æ ‡ç­¾é‡Œ0çš„ä¸ªæ•°:  430
æ€»æ•°:  860
æ­£ç¡®çš„ä¸ªæ•°:  675
Epoch [12/100], V_AUC: [4m0.7806[0m
Epoch [13/100], Loss: 52.2238
train_Accuracy: [91m0.8351[0m
train_Precision: [4;34m0.8270[0m,               train_Recall: [4;33m0.8560[0m,                 train_F1 Score: [4;35m0.8366[0m
æ ‡ç­¾é‡Œ1çš„ä¸ªæ•°:  2150
æ ‡ç­¾é‡Œ0çš„ä¸ªæ•°:  2150
æ€»æ•°:  4300
æ­£ç¡®çš„ä¸ªæ•°:  3591
æœ€åä¸€ä¸ªæ‰¹æ¬¡çš„è¾“å‡º, ä¸æ»¡batchsizeæ˜¯æ­£å¸¸çš„:
 tensor([[0.9346],
        [0.9668],
        [0.9770],
        [0.0782],
        [0.8904],
        [0.0614],
        [0.2679],
        [0.3094],
        [0.7868],
        [0.8447],
        [0.0396],
        [0.0482]], device='cuda:0', grad_fn=<SigmoidBackward0>)
Epoch [13/100], T_AUC: [4m0.8403[0m
Epoch [13/100], Loss: 15.2126
val_Accuracy: [92m0.7826[0m
val_Precision: [4;34m0.7839[0m,               val_Recall: [4;33m0.7664[0m,                 val_F1 Score: [4;35m0.7695[0m
æ ‡ç­¾é‡Œ1çš„ä¸ªæ•°:  430
æ ‡ç­¾é‡Œ0çš„ä¸ªæ•°:  430
æ€»æ•°:  860
æ­£ç¡®çš„ä¸ªæ•°:  673
Epoch [13/100], V_AUC: [4m0.7788[0m
Epoch [14/100], Loss: 51.1923
train_Accuracy: [91m0.8386[0m
train_Precision: [4;34m0.8278[0m,               train_Recall: [4;33m0.8620[0m,                 train_F1 Score: [4;35m0.8402[0m
æ ‡ç­¾é‡Œ1çš„ä¸ªæ•°:  2150
æ ‡ç­¾é‡Œ0çš„ä¸ªæ•°:  2150
æ€»æ•°:  4300
æ­£ç¡®çš„ä¸ªæ•°:  3606
æœ€åä¸€ä¸ªæ‰¹æ¬¡çš„è¾“å‡º, ä¸æ»¡batchsizeæ˜¯æ­£å¸¸çš„:
 tensor([[0.9168],
        [0.9326],
        [0.9912],
        [0.0531],
        [0.9350],
        [0.0523],
        [0.2135],
        [0.4656],
        [0.7478],
        [0.8635],
        [0.0462],
        [0.0307]], device='cuda:0', grad_fn=<SigmoidBackward0>)
Epoch [14/100], T_AUC: [4m0.8432[0m
Epoch [14/100], Loss: 15.3585
val_Accuracy: [92m0.7779[0m
val_Precision: [4;34m0.7699[0m,               val_Recall: [4;33m0.7775[0m,                 val_F1 Score: [4;35m0.7684[0m
æ ‡ç­¾é‡Œ1çš„ä¸ªæ•°:  430
æ ‡ç­¾é‡Œ0çš„ä¸ªæ•°:  430
æ€»æ•°:  860
æ­£ç¡®çš„ä¸ªæ•°:  669
Epoch [14/100], V_AUC: [4m0.7730[0m
Epoch [15/100], Loss: 50.8419
train_Accuracy: [91m0.8423[0m
train_Precision: [4;34m0.8315[0m,               train_Recall: [4;33m0.8647[0m,                 train_F1 Score: [4;35m0.8435[0m
æ ‡ç­¾é‡Œ1çš„ä¸ªæ•°:  2150
æ ‡ç­¾é‡Œ0çš„ä¸ªæ•°:  2150
æ€»æ•°:  4300
æ­£ç¡®çš„ä¸ªæ•°:  3622
æœ€åä¸€ä¸ªæ‰¹æ¬¡çš„è¾“å‡º, ä¸æ»¡batchsizeæ˜¯æ­£å¸¸çš„:
 tensor([[0.9249],
        [0.9330],
        [0.9931],
        [0.0643],
        [0.8830],
        [0.0527],
        [0.1965],
        [0.3053],
        [0.8362],
        [0.8455],
        [0.0509],
        [0.0476]], device='cuda:0', grad_fn=<SigmoidBackward0>)
Epoch [15/100], T_AUC: [4m0.8478[0m
Epoch [15/100], Loss: 15.0437
val_Accuracy: [92m0.7791[0m
val_Precision: [4;34m0.7748[0m,               val_Recall: [4;33m0.7718[0m,                 val_F1 Score: [4;35m0.7692[0m
æ ‡ç­¾é‡Œ1çš„ä¸ªæ•°:  430
æ ‡ç­¾é‡Œ0çš„ä¸ªæ•°:  430
æ€»æ•°:  860
æ­£ç¡®çš„ä¸ªæ•°:  670
Epoch [15/100], V_AUC: [4m0.7748[0m
Epoch [16/100], Loss: 50.0502
train_Accuracy: [91m0.8456[0m
train_Precision: [4;34m0.8342[0m,               train_Recall: [4;33m0.8715[0m,                 train_F1 Score: [4;35m0.8475[0m
æ ‡ç­¾é‡Œ1çš„ä¸ªæ•°:  2150
æ ‡ç­¾é‡Œ0çš„ä¸ªæ•°:  2150
æ€»æ•°:  4300
æ­£ç¡®çš„ä¸ªæ•°:  3636
æœ€åä¸€ä¸ªæ‰¹æ¬¡çš„è¾“å‡º, ä¸æ»¡batchsizeæ˜¯æ­£å¸¸çš„:
 tensor([[0.9818],
        [0.9310],
        [0.9623],
        [0.0729],
        [0.9381],
        [0.0382],
        [0.1607],
        [0.2678],
        [0.8093],
        [0.9029],
        [0.0396],
        [0.0473]], device='cuda:0', grad_fn=<SigmoidBackward0>)
Epoch [16/100], T_AUC: [4m0.8511[0m
Epoch [16/100], Loss: 15.3719
val_Accuracy: [92m0.7779[0m
val_Precision: [4;34m0.7739[0m,               val_Recall: [4;33m0.7677[0m,                 val_F1 Score: [4;35m0.7663[0m
æ ‡ç­¾é‡Œ1çš„ä¸ªæ•°:  430
æ ‡ç­¾é‡Œ0çš„ä¸ªæ•°:  430
æ€»æ•°:  860
æ­£ç¡®çš„ä¸ªæ•°:  669
Epoch [16/100], V_AUC: [4m0.7731[0m
Epoch [17/100], Loss: 48.9828
train_Accuracy: [91m0.8488[0m
train_Precision: [4;34m0.8387[0m,               train_Recall: [4;33m0.8711[0m,                 train_F1 Score: [4;35m0.8497[0m
æ ‡ç­¾é‡Œ1çš„ä¸ªæ•°:  2150
æ ‡ç­¾é‡Œ0çš„ä¸ªæ•°:  2150
æ€»æ•°:  4300
æ­£ç¡®çš„ä¸ªæ•°:  3650
æœ€åä¸€ä¸ªæ‰¹æ¬¡çš„è¾“å‡º, ä¸æ»¡batchsizeæ˜¯æ­£å¸¸çš„:
 tensor([[0.9631],
        [0.9255],
        [0.9677],
        [0.0957],
        [0.8312],
        [0.0503],
        [0.1788],
        [0.3736],
        [0.8219],
        [0.9104],
        [0.0591],
        [0.0560]], device='cuda:0', grad_fn=<SigmoidBackward0>)
Epoch [17/100], T_AUC: [4m0.8547[0m
Epoch [17/100], Loss: 15.3216
val_Accuracy: [92m0.7814[0m
val_Precision: [4;34m0.7818[0m,               val_Recall: [4;33m0.7719[0m,                 val_F1 Score: [4;35m0.7721[0m
æ ‡ç­¾é‡Œ1çš„ä¸ªæ•°:  430
æ ‡ç­¾é‡Œ0çš„ä¸ªæ•°:  430
æ€»æ•°:  860
æ­£ç¡®çš„ä¸ªæ•°:  672
Epoch [17/100], V_AUC: [4m0.7770[0m
Epoch [18/100], Loss: 48.4122
train_Accuracy: [91m0.8442[0m
train_Precision: [4;34m0.8310[0m,               train_Recall: [4;33m0.8701[0m,                 train_F1 Score: [4;35m0.8457[0m
æ ‡ç­¾é‡Œ1çš„ä¸ªæ•°:  2150
æ ‡ç­¾é‡Œ0çš„ä¸ªæ•°:  2150
æ€»æ•°:  4300
æ­£ç¡®çš„ä¸ªæ•°:  3630
æœ€åä¸€ä¸ªæ‰¹æ¬¡çš„è¾“å‡º, ä¸æ»¡batchsizeæ˜¯æ­£å¸¸çš„:
 tensor([[0.9344],
        [0.9004],
        [0.9789],
        [0.0757],
        [0.8870],
        [0.0487],
        [0.2090],
        [0.1852],
        [0.9171],
        [0.8970],
        [0.0581],
        [0.0619]], device='cuda:0', grad_fn=<SigmoidBackward0>)
Epoch [18/100], T_AUC: [4m0.8495[0m
Epoch [18/100], Loss: 16.0191
val_Accuracy: [92m0.7814[0m
val_Precision: [4;34m0.7885[0m,               val_Recall: [4;33m0.7569[0m,                 val_F1 Score: [4;35m0.7680[0m
æ ‡ç­¾é‡Œ1çš„ä¸ªæ•°:  430
æ ‡ç­¾é‡Œ0çš„ä¸ªæ•°:  430
æ€»æ•°:  860
æ­£ç¡®çš„ä¸ªæ•°:  672
Epoch [18/100], V_AUC: [4m0.7772[0m
Epoch [19/100], Loss: 46.9176
train_Accuracy: [91m0.8526[0m
train_Precision: [4;34m0.8427[0m,               train_Recall: [4;33m0.8729[0m,                 train_F1 Score: [4;35m0.8530[0m
æ ‡ç­¾é‡Œ1çš„ä¸ªæ•°:  2150
æ ‡ç­¾é‡Œ0çš„ä¸ªæ•°:  2150
æ€»æ•°:  4300
æ­£ç¡®çš„ä¸ªæ•°:  3666
æœ€åä¸€ä¸ªæ‰¹æ¬¡çš„è¾“å‡º, ä¸æ»¡batchsizeæ˜¯æ­£å¸¸çš„:
 tensor([[0.9537],
        [0.9018],
        [0.9843],
        [0.0392],
        [0.9471],
        [0.0252],
        [0.2629],
        [0.1247],
        [0.8985],
        [0.8749],
        [0.0737],
        [0.0938]], device='cuda:0', grad_fn=<SigmoidBackward0>)
Epoch [19/100], T_AUC: [4m0.8580[0m
Epoch [19/100], Loss: 15.9007
val_Accuracy: [92m0.7802[0m
val_Precision: [4;34m0.7832[0m,               val_Recall: [4;33m0.7640[0m,                 val_F1 Score: [4;35m0.7688[0m
æ ‡ç­¾é‡Œ1çš„ä¸ªæ•°:  430
æ ‡ç­¾é‡Œ0çš„ä¸ªæ•°:  430
æ€»æ•°:  860
æ­£ç¡®çš„ä¸ªæ•°:  671
Epoch [19/100], V_AUC: [4m0.7753[0m
Epoch [20/100], Loss: 46.3647
train_Accuracy: [91m0.8549[0m
train_Precision: [4;34m0.8428[0m,               train_Recall: [4;33m0.8790[0m,                 train_F1 Score: [4;35m0.8564[0m
æ ‡ç­¾é‡Œ1çš„ä¸ªæ•°:  2150
æ ‡ç­¾é‡Œ0çš„ä¸ªæ•°:  2150
æ€»æ•°:  4300
æ­£ç¡®çš„ä¸ªæ•°:  3676
æœ€åä¸€ä¸ªæ‰¹æ¬¡çš„è¾“å‡º, ä¸æ»¡batchsizeæ˜¯æ­£å¸¸çš„:
 tensor([[0.9466],
        [0.9164],
        [0.9859],
        [0.0834],
        [0.9672],
        [0.0307],
        [0.1456],
        [0.1544],
        [0.9077],
        [0.9071],
        [0.0409],
        [0.0339]], device='cuda:0', grad_fn=<SigmoidBackward0>)
Epoch [20/100], T_AUC: [4m0.8594[0m
Epoch [20/100], Loss: 16.2692
val_Accuracy: [92m0.7767[0m
val_Precision: [4;34m0.7696[0m,               val_Recall: [4;33m0.7755[0m,                 val_F1 Score: [4;35m0.7688[0m
æ ‡ç­¾é‡Œ1çš„ä¸ªæ•°:  430
æ ‡ç­¾é‡Œ0çš„ä¸ªæ•°:  430
æ€»æ•°:  860
æ­£ç¡®çš„ä¸ªæ•°:  668
Epoch [20/100], V_AUC: [4m0.7721[0m
Epoch [21/100], Loss: 45.7543
train_Accuracy: [91m0.8581[0m
train_Precision: [4;34m0.8490[0m,               train_Recall: [4;33m0.8759[0m,                 train_F1 Score: [4;35m0.8580[0m
æ ‡ç­¾é‡Œ1çš„ä¸ªæ•°:  2150
æ ‡ç­¾é‡Œ0çš„ä¸ªæ•°:  2150
æ€»æ•°:  4300
æ­£ç¡®çš„ä¸ªæ•°:  3690
æœ€åä¸€ä¸ªæ‰¹æ¬¡çš„è¾“å‡º, ä¸æ»¡batchsizeæ˜¯æ­£å¸¸çš„:
 tensor([[0.9623],
        [0.9445],
        [0.9855],
        [0.0654],
        [0.9794],
        [0.0286],
        [0.0895],
        [0.1908],
        [0.8515],
        [0.9481],
        [0.0293],
        [0.0377]], device='cuda:0', grad_fn=<SigmoidBackward0>)
Epoch [21/100], T_AUC: [4m0.8631[0m
Epoch [21/100], Loss: 15.7653
val_Accuracy: [92m0.7802[0m
val_Precision: [4;34m0.7809[0m,               val_Recall: [4;33m0.7663[0m,                 val_F1 Score: [4;35m0.7678[0m
æ ‡ç­¾é‡Œ1çš„ä¸ªæ•°:  430
æ ‡ç­¾é‡Œ0çš„ä¸ªæ•°:  430
æ€»æ•°:  860
æ­£ç¡®çš„ä¸ªæ•°:  671
Epoch [21/100], V_AUC: [4m0.7756[0m
Epoch [22/100], Loss: 44.3667
train_Accuracy: [91m0.8623[0m
train_Precision: [4;34m0.8500[0m,               train_Recall: [4;33m0.8846[0m,                 train_F1 Score: [4;35m0.8632[0m
æ ‡ç­¾é‡Œ1çš„ä¸ªæ•°:  2150
æ ‡ç­¾é‡Œ0çš„ä¸ªæ•°:  2150
æ€»æ•°:  4300
æ­£ç¡®çš„ä¸ªæ•°:  3708
æœ€åä¸€ä¸ªæ‰¹æ¬¡çš„è¾“å‡º, ä¸æ»¡batchsizeæ˜¯æ­£å¸¸çš„:
 tensor([[0.9540],
        [0.9482],
        [0.9559],
        [0.0540],
        [0.9696],
        [0.0304],
        [0.1679],
        [0.0756],
        [0.8952],
        [0.9582],
        [0.0496],
        [0.0937]], device='cuda:0', grad_fn=<SigmoidBackward0>)
Epoch [22/100], T_AUC: [4m0.8670[0m
Epoch [22/100], Loss: 16.5942
val_Accuracy: [92m0.7791[0m
val_Precision: [4;34m0.7863[0m,               val_Recall: [4;33m0.7543[0m,                 val_F1 Score: [4;35m0.7657[0m
æ ‡ç­¾é‡Œ1çš„ä¸ªæ•°:  430
æ ‡ç­¾é‡Œ0çš„ä¸ªæ•°:  430
æ€»æ•°:  860
æ­£ç¡®çš„ä¸ªæ•°:  670
Epoch [22/100], V_AUC: [4m0.7746[0m
Epoch [23/100], Loss: 43.7512
train_Accuracy: [91m0.8623[0m
train_Precision: [4;34m0.8496[0m,               train_Recall: [4;33m0.8849[0m,                 train_F1 Score: [4;35m0.8631[0m
æ ‡ç­¾é‡Œ1çš„ä¸ªæ•°:  2150
æ ‡ç­¾é‡Œ0çš„ä¸ªæ•°:  2150
æ€»æ•°:  4300
æ­£ç¡®çš„ä¸ªæ•°:  3708
æœ€åä¸€ä¸ªæ‰¹æ¬¡çš„è¾“å‡º, ä¸æ»¡batchsizeæ˜¯æ­£å¸¸çš„:
 tensor([[0.9720],
        [0.9456],
        [0.9748],
        [0.0643],
        [0.9720],
        [0.0182],
        [0.0737],
        [0.1787],
        [0.9180],
        [0.9589],
        [0.0346],
        [0.0444]], device='cuda:0', grad_fn=<SigmoidBackward0>)
Epoch [23/100], T_AUC: [4m0.8668[0m
Epoch [23/100], Loss: 16.9316
val_Accuracy: [92m0.7767[0m
val_Precision: [4;34m0.7758[0m,               val_Recall: [4;33m0.7635[0m,                 val_F1 Score: [4;35m0.7648[0m
æ ‡ç­¾é‡Œ1çš„ä¸ªæ•°:  430
æ ‡ç­¾é‡Œ0çš„ä¸ªæ•°:  430
æ€»æ•°:  860
æ­£ç¡®çš„ä¸ªæ•°:  668
Epoch [23/100], V_AUC: [4m0.7731[0m
Epoch [24/100], Loss: 42.0038
train_Accuracy: [91m0.8705[0m
train_Precision: [4;34m0.8582[0m,               train_Recall: [4;33m0.8934[0m,                 train_F1 Score: [4;35m0.8714[0m
æ ‡ç­¾é‡Œ1çš„ä¸ªæ•°:  2150
æ ‡ç­¾é‡Œ0çš„ä¸ªæ•°:  2150
æ€»æ•°:  4300
æ­£ç¡®çš„ä¸ªæ•°:  3743
æœ€åä¸€ä¸ªæ‰¹æ¬¡çš„è¾“å‡º, ä¸æ»¡batchsizeæ˜¯æ­£å¸¸çš„:
 tensor([[0.9783],
        [0.9154],
        [0.9767],
        [0.0471],
        [0.9857],
        [0.0099],
        [0.0846],
        [0.1651],
        [0.9689],
        [0.8830],
        [0.1153],
        [0.0283]], device='cuda:0', grad_fn=<SigmoidBackward0>)
Epoch [24/100], T_AUC: [4m0.8751[0m
Epoch [24/100], Loss: 17.4246
val_Accuracy: [92m0.7733[0m
val_Precision: [4;34m0.7775[0m,               val_Recall: [4;33m0.7545[0m,                 val_F1 Score: [4;35m0.7613[0m
æ ‡ç­¾é‡Œ1çš„ä¸ªæ•°:  430
æ ‡ç­¾é‡Œ0çš„ä¸ªæ•°:  430
æ€»æ•°:  860
æ­£ç¡®çš„ä¸ªæ•°:  665
Epoch [24/100], V_AUC: [4m0.7696[0m
Epoch [25/100], Loss: 40.4732
train_Accuracy: [91m0.8763[0m
train_Precision: [4;34m0.8667[0m,               train_Recall: [4;33m0.8973[0m,                 train_F1 Score: [4;35m0.8772[0m
æ ‡ç­¾é‡Œ1çš„ä¸ªæ•°:  2150
æ ‡ç­¾é‡Œ0çš„ä¸ªæ•°:  2150
æ€»æ•°:  4300
æ­£ç¡®çš„ä¸ªæ•°:  3768
æœ€åä¸€ä¸ªæ‰¹æ¬¡çš„è¾“å‡º, ä¸æ»¡batchsizeæ˜¯æ­£å¸¸çš„:
 tensor([[0.9528],
        [0.9678],
        [0.9849],
        [0.0514],
        [0.9954],
        [0.0078],
        [0.0632],
        [0.1078],
        [0.8938],
        [0.9477],
        [0.0846],
        [0.0284]], device='cuda:0', grad_fn=<SigmoidBackward0>)
Epoch [25/100], T_AUC: [4m0.8820[0m
Epoch [25/100], Loss: 17.3949
val_Accuracy: [92m0.7721[0m
val_Precision: [4;34m0.7708[0m,               val_Recall: [4;33m0.7568[0m,                 val_F1 Score: [4;35m0.7595[0m
æ ‡ç­¾é‡Œ1çš„ä¸ªæ•°:  430
æ ‡ç­¾é‡Œ0çš„ä¸ªæ•°:  430
æ€»æ•°:  860
æ­£ç¡®çš„ä¸ªæ•°:  664
Epoch [25/100], V_AUC: [4m0.7669[0m
Epoch [26/100], Loss: 39.5059
train_Accuracy: [91m0.8765[0m
train_Precision: [4;34m0.8674[0m,               train_Recall: [4;33m0.8952[0m,                 train_F1 Score: [4;35m0.8771[0m
æ ‡ç­¾é‡Œ1çš„ä¸ªæ•°:  2150
æ ‡ç­¾é‡Œ0çš„ä¸ªæ•°:  2150
æ€»æ•°:  4300
æ­£ç¡®çš„ä¸ªæ•°:  3769
æœ€åä¸€ä¸ªæ‰¹æ¬¡çš„è¾“å‡º, ä¸æ»¡batchsizeæ˜¯æ­£å¸¸çš„:
 tensor([[0.9853],
        [0.9598],
        [0.9811],
        [0.0245],
        [0.9904],
        [0.0073],
        [0.1051],
        [0.0854],
        [0.9071],
        [0.8970],
        [0.2168],
        [0.0414]], device='cuda:0', grad_fn=<SigmoidBackward0>)
Epoch [26/100], T_AUC: [4m0.8812[0m
Epoch [26/100], Loss: 17.1941
val_Accuracy: [92m0.7767[0m
val_Precision: [4;34m0.7781[0m,               val_Recall: [4;33m0.7587[0m,                 val_F1 Score: [4;35m0.7638[0m
æ ‡ç­¾é‡Œ1çš„ä¸ªæ•°:  430
æ ‡ç­¾é‡Œ0çš„ä¸ªæ•°:  430
æ€»æ•°:  860
æ­£ç¡®çš„ä¸ªæ•°:  668
Epoch [26/100], V_AUC: [4m0.7713[0m
Epoch [27/100], Loss: 38.5850
train_Accuracy: [91m0.8853[0m
train_Precision: [4;34m0.8778[0m,               train_Recall: [4;33m0.9014[0m,                 train_F1 Score: [4;35m0.8860[0m
æ ‡ç­¾é‡Œ1çš„ä¸ªæ•°:  2150
æ ‡ç­¾é‡Œ0çš„ä¸ªæ•°:  2150
æ€»æ•°:  4300
æ­£ç¡®çš„ä¸ªæ•°:  3807
æœ€åä¸€ä¸ªæ‰¹æ¬¡çš„è¾“å‡º, ä¸æ»¡batchsizeæ˜¯æ­£å¸¸çš„:
 tensor([[0.9496],
        [0.9745],
        [0.9775],
        [0.0438],
        [0.9867],
        [0.0058],
        [0.1731],
        [0.1276],
        [0.9591],
        [0.9013],
        [0.0618],
        [0.0831]], device='cuda:0', grad_fn=<SigmoidBackward0>)
Epoch [27/100], T_AUC: [4m0.8895[0m
Epoch [27/100], Loss: 17.6443
val_Accuracy: [92m0.7698[0m
val_Precision: [4;34m0.7606[0m,               val_Recall: [4;33m0.7733[0m,                 val_F1 Score: [4;35m0.7631[0m
æ ‡ç­¾é‡Œ1çš„ä¸ªæ•°:  430
æ ‡ç­¾é‡Œ0çš„ä¸ªæ•°:  430
æ€»æ•°:  860
æ­£ç¡®çš„ä¸ªæ•°:  662
Epoch [27/100], V_AUC: [4m0.7654[0m
Epoch [28/100], Loss: 37.2839
train_Accuracy: [91m0.8865[0m
train_Precision: [4;34m0.8752[0m,               train_Recall: [4;33m0.9076[0m,                 train_F1 Score: [4;35m0.8874[0m
æ ‡ç­¾é‡Œ1çš„ä¸ªæ•°:  2150
æ ‡ç­¾é‡Œ0çš„ä¸ªæ•°:  2150
æ€»æ•°:  4300
æ­£ç¡®çš„ä¸ªæ•°:  3812
æœ€åä¸€ä¸ªæ‰¹æ¬¡çš„è¾“å‡º, ä¸æ»¡batchsizeæ˜¯æ­£å¸¸çš„:
 tensor([[0.9922],
        [0.9108],
        [0.9795],
        [0.0245],
        [0.9948],
        [0.0013],
        [0.0350],
        [0.1027],
        [0.9656],
        [0.9649],
        [0.1670],
        [0.0559]], device='cuda:0', grad_fn=<SigmoidBackward0>)
Epoch [28/100], T_AUC: [4m0.8909[0m
Epoch [28/100], Loss: 18.8855
val_Accuracy: [92m0.7814[0m
val_Precision: [4;34m0.7933[0m,               val_Recall: [4;33m0.7466[0m,                 val_F1 Score: [4;35m0.7650[0m
æ ‡ç­¾é‡Œ1çš„ä¸ªæ•°:  430
æ ‡ç­¾é‡Œ0çš„ä¸ªæ•°:  430
æ€»æ•°:  860
æ­£ç¡®çš„ä¸ªæ•°:  672
Epoch [28/100], V_AUC: [4m0.7768[0m
Epoch [29/100], Loss: 36.8856
train_Accuracy: [91m0.8856[0m
train_Precision: [4;34m0.8773[0m,               train_Recall: [4;33m0.9032[0m,                 train_F1 Score: [4;35m0.8859[0m
æ ‡ç­¾é‡Œ1çš„ä¸ªæ•°:  2150
æ ‡ç­¾é‡Œ0çš„ä¸ªæ•°:  2150
æ€»æ•°:  4300
æ­£ç¡®çš„ä¸ªæ•°:  3808
æœ€åä¸€ä¸ªæ‰¹æ¬¡çš„è¾“å‡º, ä¸æ»¡batchsizeæ˜¯æ­£å¸¸çš„:
 tensor([[0.9856],
        [0.9883],
        [0.9149],
        [0.0451],
        [0.9944],
        [0.0023],
        [0.0453],
        [0.0406],
        [0.9796],
        [0.9540],
        [0.0804],
        [0.0552]], device='cuda:0', grad_fn=<SigmoidBackward0>)
Epoch [29/100], T_AUC: [4m0.8900[0m
Epoch [29/100], Loss: 18.6942
val_Accuracy: [92m0.7779[0m
val_Precision: [4;34m0.8003[0m,               val_Recall: [4;33m0.7278[0m,                 val_F1 Score: [4;35m0.7567[0m
æ ‡ç­¾é‡Œ1çš„ä¸ªæ•°:  430
æ ‡ç­¾é‡Œ0çš„ä¸ªæ•°:  430
æ€»æ•°:  860
æ­£ç¡®çš„ä¸ªæ•°:  669
Epoch [29/100], V_AUC: [4m0.7729[0m
Epoch [30/100], Loss: 35.4559
train_Accuracy: [91m0.8940[0m
train_Precision: [4;34m0.8864[0m,               train_Recall: [4;33m0.9106[0m,                 train_F1 Score: [4;35m0.8944[0m
æ ‡ç­¾é‡Œ1çš„ä¸ªæ•°:  2150
æ ‡ç­¾é‡Œ0çš„ä¸ªæ•°:  2150
æ€»æ•°:  4300
æ­£ç¡®çš„ä¸ªæ•°:  3844
æœ€åä¸€ä¸ªæ‰¹æ¬¡çš„è¾“å‡º, ä¸æ»¡batchsizeæ˜¯æ­£å¸¸çš„:
 tensor([[9.6958e-01],
        [8.8937e-01],
        [9.8545e-01],
        [1.3125e-01],
        [9.9616e-01],
        [5.1519e-04],
        [5.3377e-02],
        [1.5016e-01],
        [9.6827e-01],
        [9.5276e-01],
        [7.2126e-02],
        [8.4950e-02]], device='cuda:0', grad_fn=<SigmoidBackward0>)
Epoch [30/100], T_AUC: [4m0.8987[0m
Epoch [30/100], Loss: 19.3512
val_Accuracy: [92m0.7814[0m
val_Precision: [4;34m0.7906[0m,               val_Recall: [4;33m0.7495[0m,                 val_F1 Score: [4;35m0.7651[0m
æ ‡ç­¾é‡Œ1çš„ä¸ªæ•°:  430
æ ‡ç­¾é‡Œ0çš„ä¸ªæ•°:  430
æ€»æ•°:  860
æ­£ç¡®çš„ä¸ªæ•°:  672
Epoch [30/100], V_AUC: [4m0.7752[0m
Epoch [31/100], Loss: 35.4676
train_Accuracy: [91m0.8902[0m
train_Precision: [4;34m0.8820[0m,               train_Recall: [4;33m0.9082[0m,                 train_F1 Score: [4;35m0.8907[0m
æ ‡ç­¾é‡Œ1çš„ä¸ªæ•°:  2150
æ ‡ç­¾é‡Œ0çš„ä¸ªæ•°:  2150
æ€»æ•°:  4300
æ­£ç¡®çš„ä¸ªæ•°:  3828
æœ€åä¸€ä¸ªæ‰¹æ¬¡çš„è¾“å‡º, ä¸æ»¡batchsizeæ˜¯æ­£å¸¸çš„:
 tensor([[9.9041e-01],
        [9.5918e-01],
        [9.1992e-01],
        [9.0954e-03],
        [9.9354e-01],
        [7.2379e-04],
        [1.5854e-01],
        [1.5270e-01],
        [9.8232e-01],
        [9.3424e-01],
        [1.1887e-01],
        [9.8684e-02]], device='cuda:0', grad_fn=<SigmoidBackward0>)
Epoch [31/100], T_AUC: [4m0.8949[0m
Epoch [31/100], Loss: 19.1415
val_Accuracy: [92m0.7523[0m
val_Precision: [4;34m0.7447[0m,               val_Recall: [4;33m0.7600[0m,                 val_F1 Score: [4;35m0.7464[0m
æ ‡ç­¾é‡Œ1çš„ä¸ªæ•°:  430
æ ‡ç­¾é‡Œ0çš„ä¸ªæ•°:  430
æ€»æ•°:  860
æ­£ç¡®çš„ä¸ªæ•°:  647
Epoch [31/100], V_AUC: [4m0.7493[0m
Epoch [32/100], Loss: 36.1107
train_Accuracy: [91m0.8919[0m
train_Precision: [4;34m0.8846[0m,               train_Recall: [4;33m0.9071[0m,                 train_F1 Score: [4;35m0.8920[0m
æ ‡ç­¾é‡Œ1çš„ä¸ªæ•°:  2150
æ ‡ç­¾é‡Œ0çš„ä¸ªæ•°:  2150
æ€»æ•°:  4300
æ­£ç¡®çš„ä¸ªæ•°:  3835
æœ€åä¸€ä¸ªæ‰¹æ¬¡çš„è¾“å‡º, ä¸æ»¡batchsizeæ˜¯æ­£å¸¸çš„:
 tensor([[0.9877],
        [0.9705],
        [0.9852],
        [0.0378],
        [0.9987],
        [0.0013],
        [0.0438],
        [0.0768],
        [0.9029],
        [0.9932],
        [0.0131],
        [0.0434]], device='cuda:0', grad_fn=<SigmoidBackward0>)
Epoch [32/100], T_AUC: [4m0.8964[0m
Epoch [32/100], Loss: 19.6826
val_Accuracy: [92m0.7663[0m
val_Precision: [4;34m0.7628[0m,               val_Recall: [4;33m0.7610[0m,                 val_F1 Score: [4;35m0.7569[0m
æ ‡ç­¾é‡Œ1çš„ä¸ªæ•°:  430
æ ‡ç­¾é‡Œ0çš„ä¸ªæ•°:  430
æ€»æ•°:  860
æ­£ç¡®çš„ä¸ªæ•°:  659
Epoch [32/100], V_AUC: [4m0.7609[0m
Epoch [33/100], Loss: 33.9432
train_Accuracy: [91m0.8977[0m
train_Precision: [4;34m0.8906[0m,               train_Recall: [4;33m0.9107[0m,                 train_F1 Score: [4;35m0.8974[0m
æ ‡ç­¾é‡Œ1çš„ä¸ªæ•°:  2150
æ ‡ç­¾é‡Œ0çš„ä¸ªæ•°:  2150
æ€»æ•°:  4300
æ­£ç¡®çš„ä¸ªæ•°:  3860
æœ€åä¸€ä¸ªæ‰¹æ¬¡çš„è¾“å‡º, ä¸æ»¡batchsizeæ˜¯æ­£å¸¸çš„:
 tensor([[9.7691e-01],
        [9.7768e-01],
        [9.3315e-01],
        [4.3151e-02],
        [9.9966e-01],
        [8.0320e-04],
        [4.8578e-02],
        [5.8209e-02],
        [9.8986e-01],
        [9.7953e-01],
        [1.6345e-02],
        [4.6749e-02]], device='cuda:0', grad_fn=<SigmoidBackward0>)
Epoch [33/100], T_AUC: [4m0.9011[0m
Epoch [33/100], Loss: 19.1866
val_Accuracy: [92m0.7791[0m
val_Precision: [4;34m0.7970[0m,               val_Recall: [4;33m0.7439[0m,                 val_F1 Score: [4;35m0.7639[0m
æ ‡ç­¾é‡Œ1çš„ä¸ªæ•°:  430
æ ‡ç­¾é‡Œ0çš„ä¸ªæ•°:  430
æ€»æ•°:  860
æ­£ç¡®çš„ä¸ªæ•°:  670
Epoch [33/100], V_AUC: [4m0.7739[0m
Epoch [34/100], Loss: 31.8776
train_Accuracy: [91m0.9030[0m
train_Precision: [4;34m0.8926[0m,               train_Recall: [4;33m0.9200[0m,                 train_F1 Score: [4;35m0.9029[0m
æ ‡ç­¾é‡Œ1çš„ä¸ªæ•°:  2150
æ ‡ç­¾é‡Œ0çš„ä¸ªæ•°:  2150
æ€»æ•°:  4300
æ­£ç¡®çš„ä¸ªæ•°:  3883
æœ€åä¸€ä¸ªæ‰¹æ¬¡çš„è¾“å‡º, ä¸æ»¡batchsizeæ˜¯æ­£å¸¸çš„:
 tensor([[9.9076e-01],
        [9.7421e-01],
        [9.4728e-01],
        [3.1754e-02],
        [9.9986e-01],
        [8.2256e-04],
        [4.2096e-02],
        [3.4392e-02],
        [9.9462e-01],
        [8.9849e-01],
        [3.8024e-02],
        [3.2372e-02]], device='cuda:0', grad_fn=<SigmoidBackward0>)
Epoch [34/100], T_AUC: [4m0.9075[0m
Epoch [34/100], Loss: 19.3493
val_Accuracy: [92m0.7767[0m
val_Precision: [4;34m0.7810[0m,               val_Recall: [4;33m0.7500[0m,                 val_F1 Score: [4;35m0.7609[0m
æ ‡ç­¾é‡Œ1çš„ä¸ªæ•°:  430
æ ‡ç­¾é‡Œ0çš„ä¸ªæ•°:  430
æ€»æ•°:  860
æ­£ç¡®çš„ä¸ªæ•°:  668
Epoch [34/100], V_AUC: [4m0.7711[0m
Epoch [35/100], Loss: 30.0249
train_Accuracy: [91m0.9163[0m
train_Precision: [4;34m0.9079[0m,               train_Recall: [4;33m0.9301[0m,                 train_F1 Score: [4;35m0.9159[0m
æ ‡ç­¾é‡Œ1çš„ä¸ªæ•°:  2150
æ ‡ç­¾é‡Œ0çš„ä¸ªæ•°:  2150
æ€»æ•°:  4300
æ­£ç¡®çš„ä¸ªæ•°:  3940
æœ€åä¸€ä¸ªæ‰¹æ¬¡çš„è¾“å‡º, ä¸æ»¡batchsizeæ˜¯æ­£å¸¸çš„:
 tensor([[9.7951e-01],
        [9.9192e-01],
        [9.5451e-01],
        [1.7290e-02],
        [9.9931e-01],
        [5.6864e-04],
        [3.6821e-02],
        [1.6700e-01],
        [9.8574e-01],
        [9.6282e-01],
        [9.4033e-02],
        [1.8671e-02]], device='cuda:0', grad_fn=<SigmoidBackward0>)
Epoch [35/100], T_AUC: [4m0.9202[0m
Epoch [35/100], Loss: 20.8800
val_Accuracy: [92m0.7523[0m
val_Precision: [4;34m0.7686[0m,               val_Recall: [4;33m0.7117[0m,                 val_F1 Score: [4;35m0.7328[0m
æ ‡ç­¾é‡Œ1çš„ä¸ªæ•°:  430
æ ‡ç­¾é‡Œ0çš„ä¸ªæ•°:  430
æ€»æ•°:  860
æ­£ç¡®çš„ä¸ªæ•°:  647
Epoch [35/100], V_AUC: [4m0.7475[0m
Epoch [36/100], Loss: 29.2462
train_Accuracy: [91m0.9137[0m
train_Precision: [4;34m0.9028[0m,               train_Recall: [4;33m0.9301[0m,                 train_F1 Score: [4;35m0.9132[0m
æ ‡ç­¾é‡Œ1çš„ä¸ªæ•°:  2150
æ ‡ç­¾é‡Œ0çš„ä¸ªæ•°:  2150
æ€»æ•°:  4300
æ­£ç¡®çš„ä¸ªæ•°:  3929
æœ€åä¸€ä¸ªæ‰¹æ¬¡çš„è¾“å‡º, ä¸æ»¡batchsizeæ˜¯æ­£å¸¸çš„:
 tensor([[9.8913e-01],
        [9.9817e-01],
        [9.0491e-01],
        [5.2489e-02],
        [9.9916e-01],
        [5.0601e-04],
        [2.0006e-02],
        [3.1078e-02],
        [9.8400e-01],
        [9.9640e-01],
        [2.0778e-02],
        [1.2241e-02]], device='cuda:0', grad_fn=<SigmoidBackward0>)
Epoch [36/100], T_AUC: [4m0.9177[0m
Epoch [36/100], Loss: 21.1089
val_Accuracy: [92m0.7709[0m
val_Precision: [4;34m0.7896[0m,               val_Recall: [4;33m0.7219[0m,                 val_F1 Score: [4;35m0.7489[0m
æ ‡ç­¾é‡Œ1çš„ä¸ªæ•°:  430
æ ‡ç­¾é‡Œ0çš„ä¸ªæ•°:  430
æ€»æ•°:  860
æ­£ç¡®çš„ä¸ªæ•°:  663
Epoch [36/100], V_AUC: [4m0.7658[0m
Epoch [37/100], Loss: 28.4076
train_Accuracy: [91m0.9200[0m
train_Precision: [4;34m0.9142[0m,               train_Recall: [4;33m0.9287[0m,                 train_F1 Score: [4;35m0.9188[0m
æ ‡ç­¾é‡Œ1çš„ä¸ªæ•°:  2150
æ ‡ç­¾é‡Œ0çš„ä¸ªæ•°:  2150
æ€»æ•°:  4300
æ­£ç¡®çš„ä¸ªæ•°:  3956
æœ€åä¸€ä¸ªæ‰¹æ¬¡çš„è¾“å‡º, ä¸æ»¡batchsizeæ˜¯æ­£å¸¸çš„:
 tensor([[9.9589e-01],
        [9.8967e-01],
        [9.9329e-01],
        [3.2889e-02],
        [9.9726e-01],
        [1.7810e-04],
        [4.5389e-02],
        [4.5821e-02],
        [9.6997e-01],
        [9.9345e-01],
        [5.3541e-02],
        [1.4812e-02]], device='cuda:0', grad_fn=<SigmoidBackward0>)
Epoch [37/100], T_AUC: [4m0.9232[0m
Epoch [37/100], Loss: 21.2934
val_Accuracy: [92m0.7593[0m
val_Precision: [4;34m0.7613[0m,               val_Recall: [4;33m0.7387[0m,                 val_F1 Score: [4;35m0.7453[0m
æ ‡ç­¾é‡Œ1çš„ä¸ªæ•°:  430
æ ‡ç­¾é‡Œ0çš„ä¸ªæ•°:  430
æ€»æ•°:  860
æ­£ç¡®çš„ä¸ªæ•°:  653
Epoch [37/100], V_AUC: [4m0.7535[0m
Epoch [38/100], Loss: 25.5357
train_Accuracy: [91m0.9326[0m
train_Precision: [4;34m0.9262[0m,               train_Recall: [4;33m0.9417[0m,                 train_F1 Score: [4;35m0.9316[0m
æ ‡ç­¾é‡Œ1çš„ä¸ªæ•°:  2150
æ ‡ç­¾é‡Œ0çš„ä¸ªæ•°:  2150
æ€»æ•°:  4300
æ­£ç¡®çš„ä¸ªæ•°:  4010
æœ€åä¸€ä¸ªæ‰¹æ¬¡çš„è¾“å‡º, ä¸æ»¡batchsizeæ˜¯æ­£å¸¸çš„:
 tensor([[9.9315e-01],
        [9.9020e-01],
        [9.8390e-01],
        [3.6768e-02],
        [9.9985e-01],
        [4.3348e-04],
        [1.2248e-02],
        [3.3177e-02],
        [9.2554e-01],
        [9.8668e-01],
        [1.2189e-01],
        [1.8896e-02]], device='cuda:0', grad_fn=<SigmoidBackward0>)
Epoch [38/100], T_AUC: [4m0.9355[0m
Epoch [38/100], Loss: 21.0937
val_Accuracy: [92m0.7709[0m
val_Precision: [4;34m0.7849[0m,               val_Recall: [4;33m0.7359[0m,                 val_F1 Score: [4;35m0.7548[0m
æ ‡ç­¾é‡Œ1çš„ä¸ªæ•°:  430
æ ‡ç­¾é‡Œ0çš„ä¸ªæ•°:  430
æ€»æ•°:  860
æ­£ç¡®çš„ä¸ªæ•°:  663
Epoch [38/100], V_AUC: [4m0.7679[0m
Epoch [39/100], Loss: 24.8493
train_Accuracy: [91m0.9353[0m
train_Precision: [4;34m0.9305[0m,               train_Recall: [4;33m0.9436[0m,                 train_F1 Score: [4;35m0.9348[0m
æ ‡ç­¾é‡Œ1çš„ä¸ªæ•°:  2150
æ ‡ç­¾é‡Œ0çš„ä¸ªæ•°:  2150
æ€»æ•°:  4300
æ­£ç¡®çš„ä¸ªæ•°:  4022
æœ€åä¸€ä¸ªæ‰¹æ¬¡çš„è¾“å‡º, ä¸æ»¡batchsizeæ˜¯æ­£å¸¸çš„:
 tensor([[9.8681e-01],
        [9.9836e-01],
        [9.9552e-01],
        [2.4604e-02],
        [9.9970e-01],
        [3.4916e-04],
        [1.2106e-02],
        [8.3675e-02],
        [9.8405e-01],
        [9.8147e-01],
        [2.6105e-02],
        [2.8041e-03]], device='cuda:0', grad_fn=<SigmoidBackward0>)
Epoch [39/100], T_AUC: [4m0.9386[0m
Epoch [39/100], Loss: 23.6786
val_Accuracy: [92m0.7547[0m
val_Precision: [4;34m0.7565[0m,               val_Recall: [4;33m0.7397[0m,                 val_F1 Score: [4;35m0.7436[0m
æ ‡ç­¾é‡Œ1çš„ä¸ªæ•°:  430
æ ‡ç­¾é‡Œ0çš„ä¸ªæ•°:  430
æ€»æ•°:  860
æ­£ç¡®çš„ä¸ªæ•°:  649
Epoch [39/100], V_AUC: [4m0.7525[0m
Epoch [40/100], Loss: 26.3623
train_Accuracy: [91m0.9274[0m
train_Precision: [4;34m0.9208[0m,               train_Recall: [4;33m0.9387[0m,                 train_F1 Score: [4;35m0.9272[0m
æ ‡ç­¾é‡Œ1çš„ä¸ªæ•°:  2150
æ ‡ç­¾é‡Œ0çš„ä¸ªæ•°:  2150
æ€»æ•°:  4300
æ­£ç¡®çš„ä¸ªæ•°:  3988
æœ€åä¸€ä¸ªæ‰¹æ¬¡çš„è¾“å‡º, ä¸æ»¡batchsizeæ˜¯æ­£å¸¸çš„:
 tensor([[9.9501e-01],
        [9.7882e-01],
        [9.5051e-01],
        [1.1511e-01],
        [9.9940e-01],
        [1.3432e-04],
        [1.5903e-02],
        [4.9059e-02],
        [9.9726e-01],
        [9.9470e-01],
        [2.7254e-02],
        [9.8177e-03]], device='cuda:0', grad_fn=<SigmoidBackward0>)
Epoch [40/100], T_AUC: [4m0.9314[0m
Epoch [40/100], Loss: 22.4612
val_Accuracy: [92m0.7523[0m
val_Precision: [4;34m0.7540[0m,               val_Recall: [4;33m0.7343[0m,                 val_F1 Score: [4;35m0.7394[0m
æ ‡ç­¾é‡Œ1çš„ä¸ªæ•°:  430
æ ‡ç­¾é‡Œ0çš„ä¸ªæ•°:  430
æ€»æ•°:  860
æ­£ç¡®çš„ä¸ªæ•°:  647
Epoch [40/100], V_AUC: [4m0.7488[0m
Epoch [41/100], Loss: 27.7050
train_Accuracy: [91m0.9191[0m
train_Precision: [4;34m0.9107[0m,               train_Recall: [4;33m0.9335[0m,                 train_F1 Score: [4;35m0.9192[0m
æ ‡ç­¾é‡Œ1çš„ä¸ªæ•°:  2150
æ ‡ç­¾é‡Œ0çš„ä¸ªæ•°:  2150
æ€»æ•°:  4300
æ­£ç¡®çš„ä¸ªæ•°:  3952
æœ€åä¸€ä¸ªæ‰¹æ¬¡çš„è¾“å‡º, ä¸æ»¡batchsizeæ˜¯æ­£å¸¸çš„:
 tensor([[9.9575e-01],
        [9.9700e-01],
        [9.4554e-01],
        [1.0963e-01],
        [9.9639e-01],
        [4.6026e-05],
        [3.3863e-02],
        [1.3424e-02],
        [9.9834e-01],
        [9.9922e-01],
        [1.0366e-02],
        [5.6348e-03]], device='cuda:0', grad_fn=<SigmoidBackward0>)
Epoch [41/100], T_AUC: [4m0.9226[0m
Epoch [41/100], Loss: 22.8731
val_Accuracy: [92m0.7616[0m
val_Precision: [4;34m0.7810[0m,               val_Recall: [4;33m0.7267[0m,                 val_F1 Score: [4;35m0.7454[0m
æ ‡ç­¾é‡Œ1çš„ä¸ªæ•°:  430
æ ‡ç­¾é‡Œ0çš„ä¸ªæ•°:  430
æ€»æ•°:  860
æ­£ç¡®çš„ä¸ªæ•°:  655
Epoch [41/100], V_AUC: [4m0.7575[0m
Epoch [42/100], Loss: 25.0582
train_Accuracy: [91m0.9309[0m
train_Precision: [4;34m0.9256[0m,               train_Recall: [4;33m0.9392[0m,                 train_F1 Score: [4;35m0.9300[0m
æ ‡ç­¾é‡Œ1çš„ä¸ªæ•°:  2150
æ ‡ç­¾é‡Œ0çš„ä¸ªæ•°:  2150
æ€»æ•°:  4300
æ­£ç¡®çš„ä¸ªæ•°:  4003
æœ€åä¸€ä¸ªæ‰¹æ¬¡çš„è¾“å‡º, ä¸æ»¡batchsizeæ˜¯æ­£å¸¸çš„:
 tensor([[9.9426e-01],
        [9.9712e-01],
        [9.4977e-01],
        [2.7704e-02],
        [9.9572e-01],
        [1.1224e-04],
        [4.0814e-02],
        [2.0543e-02],
        [9.9978e-01],
        [9.9526e-01],
        [1.0813e-02],
        [3.7917e-02]], device='cuda:0', grad_fn=<SigmoidBackward0>)
Epoch [42/100], T_AUC: [4m0.9334[0m
Epoch [42/100], Loss: 23.1044
val_Accuracy: [92m0.7407[0m
val_Precision: [4;34m0.7339[0m,               val_Recall: [4;33m0.7579[0m,                 val_F1 Score: [4;35m0.7396[0m
æ ‡ç­¾é‡Œ1çš„ä¸ªæ•°:  430
æ ‡ç­¾é‡Œ0çš„ä¸ªæ•°:  430
æ€»æ•°:  860
æ­£ç¡®çš„ä¸ªæ•°:  637
Epoch [42/100], V_AUC: [4m0.7405[0m
Epoch [43/100], Loss: 22.1489
train_Accuracy: [91m0.9426[0m
train_Precision: [4;34m0.9354[0m,               train_Recall: [4;33m0.9525[0m,                 train_F1 Score: [4;35m0.9419[0m
æ ‡ç­¾é‡Œ1çš„ä¸ªæ•°:  2150
æ ‡ç­¾é‡Œ0çš„ä¸ªæ•°:  2150
æ€»æ•°:  4300
æ­£ç¡®çš„ä¸ªæ•°:  4053
æœ€åä¸€ä¸ªæ‰¹æ¬¡çš„è¾“å‡º, ä¸æ»¡batchsizeæ˜¯æ­£å¸¸çš„:
 tensor([[9.9380e-01],
        [9.9946e-01],
        [8.1283e-01],
        [9.3869e-02],
        [9.9972e-01],
        [1.0874e-04],
        [2.1045e-02],
        [6.8093e-03],
        [9.9700e-01],
        [9.9332e-01],
        [1.2449e-02],
        [3.7966e-02]], device='cuda:0', grad_fn=<SigmoidBackward0>)
Epoch [43/100], T_AUC: [4m0.9451[0m
Epoch [43/100], Loss: 22.8019
val_Accuracy: [92m0.7465[0m
val_Precision: [4;34m0.7622[0m,               val_Recall: [4;33m0.7096[0m,                 val_F1 Score: [4;35m0.7282[0m
æ ‡ç­¾é‡Œ1çš„ä¸ªæ•°:  430
æ ‡ç­¾é‡Œ0çš„ä¸ªæ•°:  430
æ€»æ•°:  860
æ­£ç¡®çš„ä¸ªæ•°:  642
Epoch [43/100], V_AUC: [4m0.7455[0m
Epoch [44/100], Loss: 19.8647
train_Accuracy: [91m0.9505[0m
train_Precision: [4;34m0.9448[0m,               train_Recall: [4;33m0.9589[0m,                 train_F1 Score: [4;35m0.9501[0m
æ ‡ç­¾é‡Œ1çš„ä¸ªæ•°:  2150
æ ‡ç­¾é‡Œ0çš„ä¸ªæ•°:  2150
æ€»æ•°:  4300
æ­£ç¡®çš„ä¸ªæ•°:  4087
æœ€åä¸€ä¸ªæ‰¹æ¬¡çš„è¾“å‡º, ä¸æ»¡batchsizeæ˜¯æ­£å¸¸çš„:
 tensor([[9.9851e-01],
        [9.8033e-01],
        [9.4998e-01],
        [5.7060e-02],
        [9.9999e-01],
        [3.3867e-05],
        [1.0652e-01],
        [3.8331e-03],
        [9.8246e-01],
        [9.9660e-01],
        [2.7611e-02],
        [8.2148e-03]], device='cuda:0', grad_fn=<SigmoidBackward0>)
Epoch [44/100], T_AUC: [4m0.9523[0m
Epoch [44/100], Loss: 23.5590
val_Accuracy: [92m0.7698[0m
val_Precision: [4;34m0.7823[0m,               val_Recall: [4;33m0.7476[0m,                 val_F1 Score: [4;35m0.7585[0m
æ ‡ç­¾é‡Œ1çš„ä¸ªæ•°:  430
æ ‡ç­¾é‡Œ0çš„ä¸ªæ•°:  430
æ€»æ•°:  860
æ­£ç¡®çš„ä¸ªæ•°:  662
Epoch [44/100], V_AUC: [4m0.7679[0m
Epoch [45/100], Loss: 20.3731
train_Accuracy: [91m0.9458[0m
train_Precision: [4;34m0.9381[0m,               train_Recall: [4;33m0.9569[0m,                 train_F1 Score: [4;35m0.9452[0m
æ ‡ç­¾é‡Œ1çš„ä¸ªæ•°:  2150
æ ‡ç­¾é‡Œ0çš„ä¸ªæ•°:  2150
æ€»æ•°:  4300
æ­£ç¡®çš„ä¸ªæ•°:  4067
æœ€åä¸€ä¸ªæ‰¹æ¬¡çš„è¾“å‡º, ä¸æ»¡batchsizeæ˜¯æ­£å¸¸çš„:
 tensor([[9.9761e-01],
        [9.9761e-01],
        [9.9854e-01],
        [6.6573e-02],
        [9.9962e-01],
        [3.9483e-05],
        [9.4708e-03],
        [5.0358e-03],
        [9.9971e-01],
        [9.8691e-01],
        [1.9976e-03],
        [1.6490e-02]], device='cuda:0', grad_fn=<SigmoidBackward0>)
Epoch [45/100], T_AUC: [4m0.9483[0m
Epoch [45/100], Loss: 27.5535
val_Accuracy: [92m0.7709[0m
val_Precision: [4;34m0.7802[0m,               val_Recall: [4;33m0.7487[0m,                 val_F1 Score: [4;35m0.7599[0m
æ ‡ç­¾é‡Œ1çš„ä¸ªæ•°:  430
æ ‡ç­¾é‡Œ0çš„ä¸ªæ•°:  430
æ€»æ•°:  860
æ­£ç¡®çš„ä¸ªæ•°:  663
Epoch [45/100], V_AUC: [4m0.7697[0m
Epoch [46/100], Loss: 20.0696
train_Accuracy: [91m0.9458[0m
train_Precision: [4;34m0.9383[0m,               train_Recall: [4;33m0.9560[0m,                 train_F1 Score: [4;35m0.9451[0m
æ ‡ç­¾é‡Œ1çš„ä¸ªæ•°:  2150
æ ‡ç­¾é‡Œ0çš„ä¸ªæ•°:  2150
æ€»æ•°:  4300
æ­£ç¡®çš„ä¸ªæ•°:  4067
æœ€åä¸€ä¸ªæ‰¹æ¬¡çš„è¾“å‡º, ä¸æ»¡batchsizeæ˜¯æ­£å¸¸çš„:
 tensor([[9.9549e-01],
        [9.9649e-01],
        [9.8702e-01],
        [3.6574e-02],
        [9.9996e-01],
        [3.0695e-05],
        [1.2835e-02],
        [2.2235e-03],
        [9.9950e-01],
        [9.9526e-01],
        [8.4095e-03],
        [3.5237e-02]], device='cuda:0', grad_fn=<SigmoidBackward0>)
Epoch [46/100], T_AUC: [4m0.9482[0m
Epoch [46/100], Loss: 23.8230
val_Accuracy: [92m0.7744[0m
val_Precision: [4;34m0.7991[0m,               val_Recall: [4;33m0.7355[0m,                 val_F1 Score: [4;35m0.7593[0m
æ ‡ç­¾é‡Œ1çš„ä¸ªæ•°:  430
æ ‡ç­¾é‡Œ0çš„ä¸ªæ•°:  430
æ€»æ•°:  860
æ­£ç¡®çš„ä¸ªæ•°:  666
Epoch [46/100], V_AUC: [4m0.7723[0m
Epoch [47/100], Loss: 21.7289
train_Accuracy: [91m0.9386[0m
train_Precision: [4;34m0.9338[0m,               train_Recall: [4;33m0.9475[0m,                 train_F1 Score: [4;35m0.9383[0m
æ ‡ç­¾é‡Œ1çš„ä¸ªæ•°:  2150
æ ‡ç­¾é‡Œ0çš„ä¸ªæ•°:  2150
æ€»æ•°:  4300
æ­£ç¡®çš„ä¸ªæ•°:  4036
æœ€åä¸€ä¸ªæ‰¹æ¬¡çš„è¾“å‡º, ä¸æ»¡batchsizeæ˜¯æ­£å¸¸çš„:
 tensor([[9.9941e-01],
        [9.9767e-01],
        [9.7962e-01],
        [1.8967e-02],
        [9.9997e-01],
        [2.1505e-05],
        [6.4453e-03],
        [2.0797e-03],
        [9.9923e-01],
        [9.9039e-01],
        [4.0296e-03],
        [6.3733e-02]], device='cuda:0', grad_fn=<SigmoidBackward0>)
Epoch [47/100], T_AUC: [4m0.9419[0m
Epoch [47/100], Loss: 26.8594
val_Accuracy: [92m0.7523[0m
val_Precision: [4;34m0.7598[0m,               val_Recall: [4;33m0.7253[0m,                 val_F1 Score: [4;35m0.7369[0m
æ ‡ç­¾é‡Œ1çš„ä¸ªæ•°:  430
æ ‡ç­¾é‡Œ0çš„ä¸ªæ•°:  430
æ€»æ•°:  860
æ­£ç¡®çš„ä¸ªæ•°:  647
Epoch [47/100], V_AUC: [4m0.7489[0m
Epoch [48/100], Loss: 23.0633
train_Accuracy: [91m0.9349[0m
train_Precision: [4;34m0.9247[0m,               train_Recall: [4;33m0.9498[0m,                 train_F1 Score: [4;35m0.9347[0m
æ ‡ç­¾é‡Œ1çš„ä¸ªæ•°:  2150
æ ‡ç­¾é‡Œ0çš„ä¸ªæ•°:  2150
æ€»æ•°:  4300
æ­£ç¡®çš„ä¸ªæ•°:  4020
æœ€åä¸€ä¸ªæ‰¹æ¬¡çš„è¾“å‡º, ä¸æ»¡batchsizeæ˜¯æ­£å¸¸çš„:
 tensor([[9.9920e-01],
        [9.9954e-01],
        [9.9872e-01],
        [3.7156e-02],
        [9.9980e-01],
        [1.5618e-05],
        [5.4587e-03],
        [2.2795e-03],
        [9.9916e-01],
        [9.9390e-01],
        [9.6498e-04],
        [1.4482e-02]], device='cuda:0', grad_fn=<SigmoidBackward0>)
Epoch [48/100], T_AUC: [4m0.9381[0m
Epoch [48/100], Loss: 26.9614
val_Accuracy: [92m0.7547[0m
val_Precision: [4;34m0.7573[0m,               val_Recall: [4;33m0.7294[0m,                 val_F1 Score: [4;35m0.7380[0m
æ ‡ç­¾é‡Œ1çš„ä¸ªæ•°:  430
æ ‡ç­¾é‡Œ0çš„ä¸ªæ•°:  430
æ€»æ•°:  860
æ­£ç¡®çš„ä¸ªæ•°:  649
Epoch [48/100], V_AUC: [4m0.7513[0m
Epoch [49/100], Loss: 23.9862
train_Accuracy: [91m0.9298[0m
train_Precision: [4;34m0.9191[0m,               train_Recall: [4;33m0.9455[0m,                 train_F1 Score: [4;35m0.9296[0m
æ ‡ç­¾é‡Œ1çš„ä¸ªæ•°:  2150
æ ‡ç­¾é‡Œ0çš„ä¸ªæ•°:  2150
æ€»æ•°:  4300
æ­£ç¡®çš„ä¸ªæ•°:  3998
æœ€åä¸€ä¸ªæ‰¹æ¬¡çš„è¾“å‡º, ä¸æ»¡batchsizeæ˜¯æ­£å¸¸çš„:
 tensor([[9.9004e-01],
        [9.4027e-01],
        [9.6172e-01],
        [4.6692e-02],
        [9.9993e-01],
        [1.2089e-05],
        [1.4446e-02],
        [8.6136e-02],
        [9.9979e-01],
        [9.9980e-01],
        [1.3071e-03],
        [7.2153e-03]], device='cuda:0', grad_fn=<SigmoidBackward0>)
Epoch [49/100], T_AUC: [4m0.9329[0m
Epoch [49/100], Loss: 26.5854
val_Accuracy: [92m0.7453[0m
val_Precision: [4;34m0.7605[0m,               val_Recall: [4;33m0.7162[0m,                 val_F1 Score: [4;35m0.7303[0m
æ ‡ç­¾é‡Œ1çš„ä¸ªæ•°:  430
æ ‡ç­¾é‡Œ0çš„ä¸ªæ•°:  430
æ€»æ•°:  860
æ­£ç¡®çš„ä¸ªæ•°:  641
Epoch [49/100], V_AUC: [4m0.7451[0m
Epoch [50/100], Loss: 21.2670
train_Accuracy: [91m0.9421[0m
train_Precision: [4;34m0.9341[0m,               train_Recall: [4;33m0.9524[0m,                 train_F1 Score: [4;35m0.9408[0m
æ ‡ç­¾é‡Œ1çš„ä¸ªæ•°:  2150
æ ‡ç­¾é‡Œ0çš„ä¸ªæ•°:  2150
æ€»æ•°:  4300
æ­£ç¡®çš„ä¸ªæ•°:  4051
æœ€åä¸€ä¸ªæ‰¹æ¬¡çš„è¾“å‡º, ä¸æ»¡batchsizeæ˜¯æ­£å¸¸çš„:
 tensor([[9.9746e-01],
        [9.9983e-01],
        [9.8579e-01],
        [1.7148e-02],
        [9.9958e-01],
        [1.5290e-05],
        [2.6483e-02],
        [5.5595e-02],
        [9.9640e-01],
        [9.9524e-01],
        [2.2172e-03],
        [7.5565e-03]], device='cuda:0', grad_fn=<SigmoidBackward0>)
Epoch [50/100], T_AUC: [4m0.9448[0m
Epoch [50/100], Loss: 28.5647
val_Accuracy: [92m0.7674[0m
val_Precision: [4;34m0.7687[0m,               val_Recall: [4;33m0.7617[0m,                 val_F1 Score: [4;35m0.7612[0m
æ ‡ç­¾é‡Œ1çš„ä¸ªæ•°:  430
æ ‡ç­¾é‡Œ0çš„ä¸ªæ•°:  430
æ€»æ•°:  860
æ­£ç¡®çš„ä¸ªæ•°:  660
Epoch [50/100], V_AUC: [4m0.7654[0m
Epoch [51/100], Loss: 18.1340
train_Accuracy: [91m0.9530[0m
train_Precision: [4;34m0.9468[0m,               train_Recall: [4;33m0.9594[0m,                 train_F1 Score: [4;35m0.9515[0m
æ ‡ç­¾é‡Œ1çš„ä¸ªæ•°:  2150
æ ‡ç­¾é‡Œ0çš„ä¸ªæ•°:  2150
æ€»æ•°:  4300
æ­£ç¡®çš„ä¸ªæ•°:  4098
æœ€åä¸€ä¸ªæ‰¹æ¬¡çš„è¾“å‡º, ä¸æ»¡batchsizeæ˜¯æ­£å¸¸çš„:
 tensor([[9.9757e-01],
        [9.9484e-01],
        [9.9101e-01],
        [3.4874e-01],
        [9.9994e-01],
        [6.2344e-06],
        [2.0059e-02],
        [1.6236e-02],
        [9.9504e-01],
        [9.9863e-01],
        [1.7140e-03],
        [1.0606e-02]], device='cuda:0', grad_fn=<SigmoidBackward0>)
Epoch [51/100], T_AUC: [4m0.9558[0m
Epoch [51/100], Loss: 27.0089
val_Accuracy: [92m0.7465[0m
val_Precision: [4;34m0.7609[0m,               val_Recall: [4;33m0.7215[0m,                 val_F1 Score: [4;35m0.7342[0m
æ ‡ç­¾é‡Œ1çš„ä¸ªæ•°:  430
æ ‡ç­¾é‡Œ0çš„ä¸ªæ•°:  430
æ€»æ•°:  860
æ­£ç¡®çš„ä¸ªæ•°:  642
Epoch [51/100], V_AUC: [4m0.7461[0m
Epoch [52/100], Loss: 17.3427
train_Accuracy: [91m0.9533[0m
train_Precision: [4;34m0.9447[0m,               train_Recall: [4;33m0.9634[0m,                 train_F1 Score: [4;35m0.9522[0m
æ ‡ç­¾é‡Œ1çš„ä¸ªæ•°:  2150
æ ‡ç­¾é‡Œ0çš„ä¸ªæ•°:  2150
æ€»æ•°:  4300
æ­£ç¡®çš„ä¸ªæ•°:  4099
æœ€åä¸€ä¸ªæ‰¹æ¬¡çš„è¾“å‡º, ä¸æ»¡batchsizeæ˜¯æ­£å¸¸çš„:
 tensor([[9.9968e-01],
        [9.9806e-01],
        [9.7306e-01],
        [3.5113e-02],
        [9.9997e-01],
        [8.3535e-06],
        [2.0621e-02],
        [4.2172e-03],
        [9.9933e-01],
        [9.9273e-01],
        [1.1824e-03],
        [1.4718e-02]], device='cuda:0', grad_fn=<SigmoidBackward0>)
Epoch [52/100], T_AUC: [4m0.9560[0m
Epoch [52/100], Loss: 28.8847
val_Accuracy: [92m0.7337[0m
val_Precision: [4;34m0.7338[0m,               val_Recall: [4;33m0.7274[0m,                 val_F1 Score: [4;35m0.7255[0m
æ ‡ç­¾é‡Œ1çš„ä¸ªæ•°:  430
æ ‡ç­¾é‡Œ0çš„ä¸ªæ•°:  430
æ€»æ•°:  860
æ­£ç¡®çš„ä¸ªæ•°:  631
Epoch [52/100], V_AUC: [4m0.7324[0m
Epoch [53/100], Loss: 15.0234
train_Accuracy: [91m0.9637[0m
train_Precision: [4;34m0.9563[0m,               train_Recall: [4;33m0.9730[0m,                 train_F1 Score: [4;35m0.9632[0m
æ ‡ç­¾é‡Œ1çš„ä¸ªæ•°:  2150
æ ‡ç­¾é‡Œ0çš„ä¸ªæ•°:  2150
æ€»æ•°:  4300
æ­£ç¡®çš„ä¸ªæ•°:  4144
æœ€åä¸€ä¸ªæ‰¹æ¬¡çš„è¾“å‡º, ä¸æ»¡batchsizeæ˜¯æ­£å¸¸çš„:
 tensor([[9.9958e-01],
        [9.9923e-01],
        [9.9896e-01],
        [7.0486e-02],
        [9.9993e-01],
        [6.8475e-06],
        [1.4086e-03],
        [8.4827e-03],
        [9.9343e-01],
        [9.9894e-01],
        [2.7985e-03],
        [1.9693e-03]], device='cuda:0', grad_fn=<SigmoidBackward0>)
Epoch [53/100], T_AUC: [4m0.9655[0m
Epoch [53/100], Loss: 30.8935
val_Accuracy: [92m0.7616[0m
val_Precision: [4;34m0.7706[0m,               val_Recall: [4;33m0.7386[0m,                 val_F1 Score: [4;35m0.7507[0m
æ ‡ç­¾é‡Œ1çš„ä¸ªæ•°:  430
æ ‡ç­¾é‡Œ0çš„ä¸ªæ•°:  430
æ€»æ•°:  860
æ­£ç¡®çš„ä¸ªæ•°:  655
Epoch [53/100], V_AUC: [4m0.7604[0m
Epoch [54/100], Loss: 14.2246
train_Accuracy: [91m0.9647[0m
train_Precision: [4;34m0.9549[0m,               train_Recall: [4;33m0.9747[0m,                 train_F1 Score: [4;35m0.9631[0m
æ ‡ç­¾é‡Œ1çš„ä¸ªæ•°:  2150
æ ‡ç­¾é‡Œ0çš„ä¸ªæ•°:  2150
æ€»æ•°:  4300
æ­£ç¡®çš„ä¸ªæ•°:  4148
æœ€åä¸€ä¸ªæ‰¹æ¬¡çš„è¾“å‡º, ä¸æ»¡batchsizeæ˜¯æ­£å¸¸çš„:
 tensor([[9.9599e-01],
        [9.9983e-01],
        [9.9834e-01],
        [4.1439e-02],
        [1.0000e+00],
        [2.4717e-06],
        [3.0261e-03],
        [2.2555e-03],
        [9.9834e-01],
        [9.9933e-01],
        [1.0223e-03],
        [1.4414e-03]], device='cuda:0', grad_fn=<SigmoidBackward0>)
Epoch [54/100], T_AUC: [4m0.9672[0m
Epoch [54/100], Loss: 35.6278
val_Accuracy: [92m0.7616[0m
val_Precision: [4;34m0.7676[0m,               val_Recall: [4;33m0.7344[0m,                 val_F1 Score: [4;35m0.7473[0m
æ ‡ç­¾é‡Œ1çš„ä¸ªæ•°:  430
æ ‡ç­¾é‡Œ0çš„ä¸ªæ•°:  430
æ€»æ•°:  860
æ­£ç¡®çš„ä¸ªæ•°:  655
Epoch [54/100], V_AUC: [4m0.7576[0m
Epoch [55/100], Loss: 13.6869
train_Accuracy: [91m0.9660[0m
train_Precision: [4;34m0.9606[0m,               train_Recall: [4;33m0.9723[0m,                 train_F1 Score: [4;35m0.9652[0m
æ ‡ç­¾é‡Œ1çš„ä¸ªæ•°:  2150
æ ‡ç­¾é‡Œ0çš„ä¸ªæ•°:  2150
æ€»æ•°:  4300
æ­£ç¡®çš„ä¸ªæ•°:  4154
æœ€åä¸€ä¸ªæ‰¹æ¬¡çš„è¾“å‡º, ä¸æ»¡batchsizeæ˜¯æ­£å¸¸çš„:
 tensor([[9.9976e-01],
        [9.9976e-01],
        [9.9940e-01],
        [2.9492e-02],
        [9.9903e-01],
        [2.5329e-06],
        [5.7620e-03],
        [5.9495e-03],
        [9.9918e-01],
        [9.9884e-01],
        [2.1769e-03],
        [2.6702e-03]], device='cuda:0', grad_fn=<SigmoidBackward0>)
Epoch [55/100], T_AUC: [4m0.9684[0m
Epoch [55/100], Loss: 32.3387
val_Accuracy: [92m0.7581[0m
val_Precision: [4;34m0.7605[0m,               val_Recall: [4;33m0.7392[0m,                 val_F1 Score: [4;35m0.7464[0m
æ ‡ç­¾é‡Œ1çš„ä¸ªæ•°:  430
æ ‡ç­¾é‡Œ0çš„ä¸ªæ•°:  430
æ€»æ•°:  860
æ­£ç¡®çš„ä¸ªæ•°:  652
Epoch [55/100], V_AUC: [4m0.7554[0m
Epoch [56/100], Loss: 12.8252
train_Accuracy: [91m0.9695[0m
train_Precision: [4;34m0.9617[0m,               train_Recall: [4;33m0.9778[0m,                 train_F1 Score: [4;35m0.9684[0m
æ ‡ç­¾é‡Œ1çš„ä¸ªæ•°:  2150
æ ‡ç­¾é‡Œ0çš„ä¸ªæ•°:  2150
æ€»æ•°:  4300
æ­£ç¡®çš„ä¸ªæ•°:  4169
æœ€åä¸€ä¸ªæ‰¹æ¬¡çš„è¾“å‡º, ä¸æ»¡batchsizeæ˜¯æ­£å¸¸çš„:
 tensor([[9.9660e-01],
        [9.9987e-01],
        [9.9104e-01],
        [3.6260e-02],
        [9.9997e-01],
        [4.6703e-06],
        [6.0975e-03],
        [2.7907e-03],
        [9.9741e-01],
        [9.9951e-01],
        [3.5874e-03],
        [8.0724e-03]], device='cuda:0', grad_fn=<SigmoidBackward0>)
Epoch [56/100], T_AUC: [4m0.9715[0m
Epoch [56/100], Loss: 31.8694
val_Accuracy: [92m0.7512[0m
val_Precision: [4;34m0.7595[0m,               val_Recall: [4;33m0.7349[0m,                 val_F1 Score: [4;35m0.7418[0m
æ ‡ç­¾é‡Œ1çš„ä¸ªæ•°:  430
æ ‡ç­¾é‡Œ0çš„ä¸ªæ•°:  430
æ€»æ•°:  860
æ­£ç¡®çš„ä¸ªæ•°:  646
Epoch [56/100], V_AUC: [4m0.7506[0m
Epoch [57/100], Loss: 13.2812
train_Accuracy: [91m0.9691[0m
train_Precision: [4;34m0.9636[0m,               train_Recall: [4;33m0.9757[0m,                 train_F1 Score: [4;35m0.9684[0m
æ ‡ç­¾é‡Œ1çš„ä¸ªæ•°:  2150
æ ‡ç­¾é‡Œ0çš„ä¸ªæ•°:  2150
æ€»æ•°:  4300
æ­£ç¡®çš„ä¸ªæ•°:  4167
æœ€åä¸€ä¸ªæ‰¹æ¬¡çš„è¾“å‡º, ä¸æ»¡batchsizeæ˜¯æ­£å¸¸çš„:
 tensor([[9.9901e-01],
        [9.9993e-01],
        [9.9722e-01],
        [2.4484e-02],
        [9.9993e-01],
        [1.4764e-06],
        [5.8905e-03],
        [8.3145e-03],
        [9.9263e-01],
        [9.9969e-01],
        [1.1979e-03],
        [2.0774e-02]], device='cuda:0', grad_fn=<SigmoidBackward0>)
Epoch [57/100], T_AUC: [4m0.9708[0m
Epoch [57/100], Loss: 36.0682
val_Accuracy: [92m0.7663[0m
val_Precision: [4;34m0.7692[0m,               val_Recall: [4;33m0.7480[0m,                 val_F1 Score: [4;35m0.7549[0m
æ ‡ç­¾é‡Œ1çš„ä¸ªæ•°:  430
æ ‡ç­¾é‡Œ0çš„ä¸ªæ•°:  430
æ€»æ•°:  860
æ­£ç¡®çš„ä¸ªæ•°:  659
Epoch [57/100], V_AUC: [4m0.7639[0m
Epoch [58/100], Loss: 13.6863
train_Accuracy: [91m0.9642[0m
train_Precision: [4;34m0.9585[0m,               train_Recall: [4;33m0.9718[0m,                 train_F1 Score: [4;35m0.9635[0m
æ ‡ç­¾é‡Œ1çš„ä¸ªæ•°:  2150
æ ‡ç­¾é‡Œ0çš„ä¸ªæ•°:  2150
æ€»æ•°:  4300
æ­£ç¡®çš„ä¸ªæ•°:  4146
æœ€åä¸€ä¸ªæ‰¹æ¬¡çš„è¾“å‡º, ä¸æ»¡batchsizeæ˜¯æ­£å¸¸çš„:
 tensor([[9.9944e-01],
        [9.9699e-01],
        [9.9641e-01],
        [9.3844e-02],
        [1.0000e+00],
        [1.9514e-07],
        [1.9019e-03],
        [3.2963e-03],
        [9.9049e-01],
        [9.9962e-01],
        [5.8359e-03],
        [3.8058e-02]], device='cuda:0', grad_fn=<SigmoidBackward0>)
Epoch [58/100], T_AUC: [4m0.9661[0m
Epoch [58/100], Loss: 38.6028
val_Accuracy: [92m0.7570[0m
val_Precision: [4;34m0.7698[0m,               val_Recall: [4;33m0.7214[0m,                 val_F1 Score: [4;35m0.7380[0m
æ ‡ç­¾é‡Œ1çš„ä¸ªæ•°:  430
æ ‡ç­¾é‡Œ0çš„ä¸ªæ•°:  430
æ€»æ•°:  860
æ­£ç¡®çš„ä¸ªæ•°:  651
Epoch [58/100], V_AUC: [4m0.7536[0m
Epoch [59/100], Loss: 23.4297
train_Accuracy: [91m0.9321[0m
train_Precision: [4;34m0.9246[0m,               train_Recall: [4;33m0.9443[0m,                 train_F1 Score: [4;35m0.9320[0m
æ ‡ç­¾é‡Œ1çš„ä¸ªæ•°:  2150
æ ‡ç­¾é‡Œ0çš„ä¸ªæ•°:  2150
æ€»æ•°:  4300
æ­£ç¡®çš„ä¸ªæ•°:  4008
æœ€åä¸€ä¸ªæ‰¹æ¬¡çš„è¾“å‡º, ä¸æ»¡batchsizeæ˜¯æ­£å¸¸çš„:
 tensor([[9.9436e-01],
        [9.9805e-01],
        [9.9572e-01],
        [1.9694e-01],
        [9.9961e-01],
        [3.6943e-06],
        [4.9504e-02],
        [2.6471e-02],
        [8.6244e-01],
        [9.9973e-01],
        [1.2572e-02],
        [4.6007e-02]], device='cuda:0', grad_fn=<SigmoidBackward0>)
Epoch [59/100], T_AUC: [4m0.9358[0m
Epoch [59/100], Loss: 41.6756
val_Accuracy: [92m0.7419[0m
val_Precision: [4;34m0.7441[0m,               val_Recall: [4;33m0.7225[0m,                 val_F1 Score: [4;35m0.7295[0m
æ ‡ç­¾é‡Œ1çš„ä¸ªæ•°:  430
æ ‡ç­¾é‡Œ0çš„ä¸ªæ•°:  430
æ€»æ•°:  860
æ­£ç¡®çš„ä¸ªæ•°:  638
Epoch [59/100], V_AUC: [4m0.7401[0m
Epoch [60/100], Loss: 21.8839
train_Accuracy: [91m0.9381[0m
train_Precision: [4;34m0.9279[0m,               train_Recall: [4;33m0.9532[0m,                 train_F1 Score: [4;35m0.9383[0m
æ ‡ç­¾é‡Œ1çš„ä¸ªæ•°:  2150
æ ‡ç­¾é‡Œ0çš„ä¸ªæ•°:  2150
æ€»æ•°:  4300
æ­£ç¡®çš„ä¸ªæ•°:  4034
æœ€åä¸€ä¸ªæ‰¹æ¬¡çš„è¾“å‡º, ä¸æ»¡batchsizeæ˜¯æ­£å¸¸çš„:
 tensor([[9.9911e-01],
        [9.9400e-01],
        [9.9734e-01],
        [4.5589e-02],
        [9.9999e-01],
        [3.8515e-05],
        [4.5102e-03],
        [5.7564e-03],
        [9.9245e-01],
        [9.9973e-01],
        [5.8313e-04],
        [6.6876e-03]], device='cuda:0', grad_fn=<SigmoidBackward0>)
Epoch [60/100], T_AUC: [4m0.9412[0m
Epoch [60/100], Loss: 33.6719
val_Accuracy: [92m0.7488[0m
val_Precision: [4;34m0.7578[0m,               val_Recall: [4;33m0.7311[0m,                 val_F1 Score: [4;35m0.7381[0m
æ ‡ç­¾é‡Œ1çš„ä¸ªæ•°:  430
æ ‡ç­¾é‡Œ0çš„ä¸ªæ•°:  430
æ€»æ•°:  860
æ­£ç¡®çš„ä¸ªæ•°:  644
Epoch [60/100], V_AUC: [4m0.7492[0m
Epoch [61/100], Loss: 17.3968
train_Accuracy: [91m0.9556[0m
train_Precision: [4;34m0.9459[0m,               train_Recall: [4;33m0.9670[0m,                 train_F1 Score: [4;35m0.9543[0m
æ ‡ç­¾é‡Œ1çš„ä¸ªæ•°:  2150
æ ‡ç­¾é‡Œ0çš„ä¸ªæ•°:  2150
æ€»æ•°:  4300
æ­£ç¡®çš„ä¸ªæ•°:  4109
æœ€åä¸€ä¸ªæ‰¹æ¬¡çš„è¾“å‡º, ä¸æ»¡batchsizeæ˜¯æ­£å¸¸çš„:
 tensor([[9.9917e-01],
        [9.9676e-01],
        [9.9698e-01],
        [9.0913e-02],
        [9.9998e-01],
        [3.2417e-06],
        [4.6654e-03],
        [1.6715e-03],
        [9.3974e-01],
        [9.9987e-01],
        [7.3380e-04],
        [3.6032e-01]], device='cuda:0', grad_fn=<SigmoidBackward0>)
Epoch [61/100], T_AUC: [4m0.9582[0m
Epoch [61/100], Loss: 36.7530
val_Accuracy: [92m0.7547[0m
val_Precision: [4;34m0.7746[0m,               val_Recall: [4;33m0.7142[0m,                 val_F1 Score: [4;35m0.7385[0m
æ ‡ç­¾é‡Œ1çš„ä¸ªæ•°:  430
æ ‡ç­¾é‡Œ0çš„ä¸ªæ•°:  430
æ€»æ•°:  860
æ­£ç¡®çš„ä¸ªæ•°:  649
Epoch [61/100], V_AUC: [4m0.7533[0m
Epoch [62/100], Loss: 20.9783
train_Accuracy: [91m0.9393[0m
train_Precision: [4;34m0.9313[0m,               train_Recall: [4;33m0.9509[0m,                 train_F1 Score: [4;35m0.9388[0m
æ ‡ç­¾é‡Œ1çš„ä¸ªæ•°:  2150
æ ‡ç­¾é‡Œ0çš„ä¸ªæ•°:  2150
æ€»æ•°:  4300
æ­£ç¡®çš„ä¸ªæ•°:  4039
æœ€åä¸€ä¸ªæ‰¹æ¬¡çš„è¾“å‡º, ä¸æ»¡batchsizeæ˜¯æ­£å¸¸çš„:
 tensor([[9.9857e-01],
        [9.9888e-01],
        [8.3695e-01],
        [5.1194e-02],
        [1.0000e+00],
        [3.5264e-05],
        [1.8169e-03],
        [1.3795e-03],
        [9.9312e-01],
        [9.9978e-01],
        [8.9799e-04],
        [1.6060e-02]], device='cuda:0', grad_fn=<SigmoidBackward0>)
Epoch [62/100], T_AUC: [4m0.9423[0m
Epoch [62/100], Loss: 38.8311
val_Accuracy: [92m0.7570[0m
val_Precision: [4;34m0.7571[0m,               val_Recall: [4;33m0.7511[0m,                 val_F1 Score: [4;35m0.7475[0m
æ ‡ç­¾é‡Œ1çš„ä¸ªæ•°:  430
æ ‡ç­¾é‡Œ0çš„ä¸ªæ•°:  430
æ€»æ•°:  860
æ­£ç¡®çš„ä¸ªæ•°:  651
Epoch [62/100], V_AUC: [4m0.7545[0m
Epoch [63/100], Loss: 18.3149
train_Accuracy: [91m0.9470[0m
train_Precision: [4;34m0.9389[0m,               train_Recall: [4;33m0.9587[0m,                 train_F1 Score: [4;35m0.9467[0m
æ ‡ç­¾é‡Œ1çš„ä¸ªæ•°:  2150
æ ‡ç­¾é‡Œ0çš„ä¸ªæ•°:  2150
æ€»æ•°:  4300
æ­£ç¡®çš„ä¸ªæ•°:  4072
æœ€åä¸€ä¸ªæ‰¹æ¬¡çš„è¾“å‡º, ä¸æ»¡batchsizeæ˜¯æ­£å¸¸çš„:
 tensor([[9.9929e-01],
        [9.9723e-01],
        [9.8792e-01],
        [2.2804e-02],
        [1.0000e+00],
        [1.6981e-05],
        [7.0068e-03],
        [6.4239e-04],
        [9.9873e-01],
        [9.9919e-01],
        [4.8644e-04],
        [4.1237e-03]], device='cuda:0', grad_fn=<SigmoidBackward0>)
Epoch [63/100], T_AUC: [4m0.9501[0m
Epoch [63/100], Loss: 38.3816
val_Accuracy: [92m0.7605[0m
val_Precision: [4;34m0.7784[0m,               val_Recall: [4;33m0.7208[0m,                 val_F1 Score: [4;35m0.7432[0m
æ ‡ç­¾é‡Œ1çš„ä¸ªæ•°:  430
æ ‡ç­¾é‡Œ0çš„ä¸ªæ•°:  430
æ€»æ•°:  860
æ­£ç¡®çš„ä¸ªæ•°:  654
Epoch [63/100], V_AUC: [4m0.7594[0m
Epoch [64/100], Loss: 14.9528
train_Accuracy: [91m0.9609[0m
train_Precision: [4;34m0.9547[0m,               train_Recall: [4;33m0.9696[0m,                 train_F1 Score: [4;35m0.9602[0m
æ ‡ç­¾é‡Œ1çš„ä¸ªæ•°:  2150
æ ‡ç­¾é‡Œ0çš„ä¸ªæ•°:  2150
æ€»æ•°:  4300
æ­£ç¡®çš„ä¸ªæ•°:  4132
æœ€åä¸€ä¸ªæ‰¹æ¬¡çš„è¾“å‡º, ä¸æ»¡batchsizeæ˜¯æ­£å¸¸çš„:
 tensor([[9.9969e-01],
        [9.9756e-01],
        [8.9302e-01],
        [1.2621e-02],
        [9.9999e-01],
        [4.1876e-05],
        [3.3209e-03],
        [1.4073e-03],
        [9.9997e-01],
        [9.9986e-01],
        [1.4654e-04],
        [2.5210e-03]], device='cuda:0', grad_fn=<SigmoidBackward0>)
Epoch [64/100], T_AUC: [4m0.9631[0m
Epoch [64/100], Loss: 44.5474
val_Accuracy: [92m0.7419[0m
val_Precision: [4;34m0.7375[0m,               val_Recall: [4;33m0.7435[0m,                 val_F1 Score: [4;35m0.7343[0m
æ ‡ç­¾é‡Œ1çš„ä¸ªæ•°:  430
æ ‡ç­¾é‡Œ0çš„ä¸ªæ•°:  430
æ€»æ•°:  860
æ­£ç¡®çš„ä¸ªæ•°:  638
Epoch [64/100], V_AUC: [4m0.7414[0m
Epoch [65/100], Loss: 11.8159
train_Accuracy: [91m0.9728[0m
train_Precision: [4;34m0.9659[0m,               train_Recall: [4;33m0.9805[0m,                 train_F1 Score: [4;35m0.9720[0m
æ ‡ç­¾é‡Œ1çš„ä¸ªæ•°:  2150
æ ‡ç­¾é‡Œ0çš„ä¸ªæ•°:  2150
æ€»æ•°:  4300
æ­£ç¡®çš„ä¸ªæ•°:  4183
æœ€åä¸€ä¸ªæ‰¹æ¬¡çš„è¾“å‡º, ä¸æ»¡batchsizeæ˜¯æ­£å¸¸çš„:
 tensor([[9.9941e-01],
        [9.9657e-01],
        [9.8089e-01],
        [2.7273e-02],
        [9.9994e-01],
        [6.3399e-05],
        [7.9321e-03],
        [7.0483e-04],
        [9.9994e-01],
        [9.9994e-01],
        [3.4591e-04],
        [3.2484e-03]], device='cuda:0', grad_fn=<SigmoidBackward0>)
Epoch [65/100], T_AUC: [4m0.9749[0m
Epoch [65/100], Loss: 38.9111
val_Accuracy: [92m0.7349[0m
val_Precision: [4;34m0.7271[0m,               val_Recall: [4;33m0.7375[0m,                 val_F1 Score: [4;35m0.7276[0m
æ ‡ç­¾é‡Œ1çš„ä¸ªæ•°:  430
æ ‡ç­¾é‡Œ0çš„ä¸ªæ•°:  430
æ€»æ•°:  860
æ­£ç¡®çš„ä¸ªæ•°:  632
Epoch [65/100], V_AUC: [4m0.7333[0m
Epoch [66/100], Loss: 10.0188
train_Accuracy: [91m0.9781[0m
train_Precision: [4;34m0.9740[0m,               train_Recall: [4;33m0.9827[0m,                 train_F1 Score: [4;35m0.9776[0m
æ ‡ç­¾é‡Œ1çš„ä¸ªæ•°:  2150
æ ‡ç­¾é‡Œ0çš„ä¸ªæ•°:  2150
æ€»æ•°:  4300
æ­£ç¡®çš„ä¸ªæ•°:  4206
æœ€åä¸€ä¸ªæ‰¹æ¬¡çš„è¾“å‡º, ä¸æ»¡batchsizeæ˜¯æ­£å¸¸çš„:
 tensor([[9.9995e-01],
        [9.9617e-01],
        [9.4881e-01],
        [1.4499e-02],
        [1.0000e+00],
        [6.7332e-05],
        [3.8570e-03],
        [3.9985e-04],
        [9.9997e-01],
        [9.9977e-01],
        [1.3771e-04],
        [1.6491e-03]], device='cuda:0', grad_fn=<SigmoidBackward0>)
Epoch [66/100], T_AUC: [4m0.9789[0m
Epoch [66/100], Loss: 39.5866
val_Accuracy: [92m0.7442[0m
val_Precision: [4;34m0.7451[0m,               val_Recall: [4;33m0.7269[0m,                 val_F1 Score: [4;35m0.7314[0m
æ ‡ç­¾é‡Œ1çš„ä¸ªæ•°:  430
æ ‡ç­¾é‡Œ0çš„ä¸ªæ•°:  430
æ€»æ•°:  860
æ­£ç¡®çš„ä¸ªæ•°:  640
Epoch [66/100], V_AUC: [4m0.7417[0m
Epoch [67/100], Loss: 8.4144
train_Accuracy: [91m0.9830[0m
train_Precision: [4;34m0.9768[0m,               train_Recall: [4;33m0.9893[0m,                 train_F1 Score: [4;35m0.9822[0m
æ ‡ç­¾é‡Œ1çš„ä¸ªæ•°:  2150
æ ‡ç­¾é‡Œ0çš„ä¸ªæ•°:  2150
æ€»æ•°:  4300
æ­£ç¡®çš„ä¸ªæ•°:  4227
æœ€åä¸€ä¸ªæ‰¹æ¬¡çš„è¾“å‡º, ä¸æ»¡batchsizeæ˜¯æ­£å¸¸çš„:
 tensor([[9.9963e-01],
        [9.9618e-01],
        [9.9462e-01],
        [1.4684e-02],
        [1.0000e+00],
        [1.4435e-05],
        [2.9274e-03],
        [1.1193e-03],
        [9.9963e-01],
        [9.9992e-01],
        [4.0167e-04],
        [1.2136e-03]], device='cuda:0', grad_fn=<SigmoidBackward0>)
Epoch [67/100], T_AUC: [4m0.9843[0m
Epoch [67/100], Loss: 40.2672
val_Accuracy: [92m0.7384[0m
val_Precision: [4;34m0.7340[0m,               val_Recall: [4;33m0.7358[0m,                 val_F1 Score: [4;35m0.7294[0m
æ ‡ç­¾é‡Œ1çš„ä¸ªæ•°:  430
æ ‡ç­¾é‡Œ0çš„ä¸ªæ•°:  430
æ€»æ•°:  860
æ­£ç¡®çš„ä¸ªæ•°:  635
Epoch [67/100], V_AUC: [4m0.7372[0m
Epoch [68/100], Loss: 7.9412
train_Accuracy: [91m0.9844[0m
train_Precision: [4;34m0.9766[0m,               train_Recall: [4;33m0.9923[0m,                 train_F1 Score: [4;35m0.9836[0m
æ ‡ç­¾é‡Œ1çš„ä¸ªæ•°:  2150
æ ‡ç­¾é‡Œ0çš„ä¸ªæ•°:  2150
æ€»æ•°:  4300
æ­£ç¡®çš„ä¸ªæ•°:  4233
æœ€åä¸€ä¸ªæ‰¹æ¬¡çš„è¾“å‡º, ä¸æ»¡batchsizeæ˜¯æ­£å¸¸çš„:
 tensor([[9.9973e-01],
        [9.7583e-01],
        [9.9788e-01],
        [3.1201e-02],
        [1.0000e+00],
        [3.1679e-05],
        [7.8656e-03],
        [6.5908e-04],
        [9.9971e-01],
        [9.9874e-01],
        [1.1725e-04],
        [2.3821e-03]], device='cuda:0', grad_fn=<SigmoidBackward0>)
Epoch [68/100], T_AUC: [4m0.9854[0m
Epoch [68/100], Loss: 43.2076
val_Accuracy: [92m0.7384[0m
val_Precision: [4;34m0.7430[0m,               val_Recall: [4;33m0.7192[0m,                 val_F1 Score: [4;35m0.7255[0m
æ ‡ç­¾é‡Œ1çš„ä¸ªæ•°:  430
æ ‡ç­¾é‡Œ0çš„ä¸ªæ•°:  430
æ€»æ•°:  860
æ­£ç¡®çš„ä¸ªæ•°:  635
Epoch [68/100], V_AUC: [4m0.7377[0m
Epoch [69/100], Loss: 7.1233
train_Accuracy: [91m0.9870[0m
train_Precision: [4;34m0.9822[0m,               train_Recall: [4;33m0.9918[0m,                 train_F1 Score: [4;35m0.9865[0m
æ ‡ç­¾é‡Œ1çš„ä¸ªæ•°:  2150
æ ‡ç­¾é‡Œ0çš„ä¸ªæ•°:  2150
æ€»æ•°:  4300
æ­£ç¡®çš„ä¸ªæ•°:  4244
æœ€åä¸€ä¸ªæ‰¹æ¬¡çš„è¾“å‡º, ä¸æ»¡batchsizeæ˜¯æ­£å¸¸çš„:
 tensor([[9.9993e-01],
        [9.9793e-01],
        [9.9084e-01],
        [2.6735e-02],
        [1.0000e+00],
        [6.2955e-06],
        [1.7338e-03],
        [4.7209e-04],
        [9.9992e-01],
        [9.9979e-01],
        [9.4631e-05],
        [4.4780e-04]], device='cuda:0', grad_fn=<SigmoidBackward0>)
Epoch [69/100], T_AUC: [4m0.9876[0m
Epoch [69/100], Loss: 43.9458
val_Accuracy: [92m0.7523[0m
val_Precision: [4;34m0.7584[0m,               val_Recall: [4;33m0.7295[0m,                 val_F1 Score: [4;35m0.7382[0m
æ ‡ç­¾é‡Œ1çš„ä¸ªæ•°:  430
æ ‡ç­¾é‡Œ0çš„ä¸ªæ•°:  430
æ€»æ•°:  860
æ­£ç¡®çš„ä¸ªæ•°:  647
Epoch [69/100], V_AUC: [4m0.7520[0m
Epoch [70/100], Loss: 6.1103
train_Accuracy: [91m0.9895[0m
train_Precision: [4;34m0.9847[0m,               train_Recall: [4;33m0.9945[0m,                 train_F1 Score: [4;35m0.9892[0m
æ ‡ç­¾é‡Œ1çš„ä¸ªæ•°:  2150
æ ‡ç­¾é‡Œ0çš„ä¸ªæ•°:  2150
æ€»æ•°:  4300
æ­£ç¡®çš„ä¸ªæ•°:  4255
æœ€åä¸€ä¸ªæ‰¹æ¬¡çš„è¾“å‡º, ä¸æ»¡batchsizeæ˜¯æ­£å¸¸çš„:
 tensor([[9.9972e-01],
        [9.8007e-01],
        [9.9900e-01],
        [2.5858e-02],
        [1.0000e+00],
        [2.5738e-06],
        [1.6579e-03],
        [4.2348e-04],
        [9.9995e-01],
        [9.9986e-01],
        [3.8836e-04],
        [1.8061e-04]], device='cuda:0', grad_fn=<SigmoidBackward0>)
Epoch [70/100], T_AUC: [4m0.9901[0m
Epoch [70/100], Loss: 44.9570
val_Accuracy: [92m0.7477[0m
val_Precision: [4;34m0.7532[0m,               val_Recall: [4;33m0.7270[0m,                 val_F1 Score: [4;35m0.7346[0m
æ ‡ç­¾é‡Œ1çš„ä¸ªæ•°:  430
æ ‡ç­¾é‡Œ0çš„ä¸ªæ•°:  430
æ€»æ•°:  860
æ­£ç¡®çš„ä¸ªæ•°:  643
Epoch [70/100], V_AUC: [4m0.7472[0m
Epoch [71/100], Loss: 5.7522
train_Accuracy: [91m0.9907[0m
train_Precision: [4;34m0.9876[0m,               train_Recall: [4;33m0.9942[0m,                 train_F1 Score: [4;35m0.9905[0m
æ ‡ç­¾é‡Œ1çš„ä¸ªæ•°:  2150
æ ‡ç­¾é‡Œ0çš„ä¸ªæ•°:  2150
æ€»æ•°:  4300
æ­£ç¡®çš„ä¸ªæ•°:  4260
æœ€åä¸€ä¸ªæ‰¹æ¬¡çš„è¾“å‡º, ä¸æ»¡batchsizeæ˜¯æ­£å¸¸çš„:
 tensor([[9.9987e-01],
        [9.9681e-01],
        [9.9972e-01],
        [3.5199e-02],
        [1.0000e+00],
        [5.4370e-06],
        [3.3767e-03],
        [5.1980e-04],
        [9.9988e-01],
        [9.9981e-01],
        [3.4133e-04],
        [5.3710e-05]], device='cuda:0', grad_fn=<SigmoidBackward0>)
Epoch [71/100], T_AUC: [4m0.9914[0m
Epoch [71/100], Loss: 45.3466
val_Accuracy: [92m0.7360[0m
val_Precision: [4;34m0.7365[0m,               val_Recall: [4;33m0.7175[0m,                 val_F1 Score: [4;35m0.7223[0m
æ ‡ç­¾é‡Œ1çš„ä¸ªæ•°:  430
æ ‡ç­¾é‡Œ0çš„ä¸ªæ•°:  430
æ€»æ•°:  860
æ­£ç¡®çš„ä¸ªæ•°:  633
Epoch [71/100], V_AUC: [4m0.7332[0m
Epoch [72/100], Loss: 5.7859
train_Accuracy: [91m0.9900[0m
train_Precision: [4;34m0.9853[0m,               train_Recall: [4;33m0.9946[0m,                 train_F1 Score: [4;35m0.9894[0m
æ ‡ç­¾é‡Œ1çš„ä¸ªæ•°:  2150
æ ‡ç­¾é‡Œ0çš„ä¸ªæ•°:  2150
æ€»æ•°:  4300
æ­£ç¡®çš„ä¸ªæ•°:  4257
æœ€åä¸€ä¸ªæ‰¹æ¬¡çš„è¾“å‡º, ä¸æ»¡batchsizeæ˜¯æ­£å¸¸çš„:
 tensor([[9.9982e-01],
        [9.9786e-01],
        [9.9080e-01],
        [3.1864e-02],
        [1.0000e+00],
        [3.2570e-08],
        [1.1727e-03],
        [3.1668e-04],
        [9.9997e-01],
        [9.9999e-01],
        [2.3554e-04],
        [3.6105e-03]], device='cuda:0', grad_fn=<SigmoidBackward0>)
Epoch [72/100], T_AUC: [4m0.9908[0m
Epoch [72/100], Loss: 54.4128
val_Accuracy: [92m0.7593[0m
val_Precision: [4;34m0.7715[0m,               val_Recall: [4;33m0.7275[0m,                 val_F1 Score: [4;35m0.7431[0m
æ ‡ç­¾é‡Œ1çš„ä¸ªæ•°:  430
æ ‡ç­¾é‡Œ0çš„ä¸ªæ•°:  430
æ€»æ•°:  860
æ­£ç¡®çš„ä¸ªæ•°:  653
Epoch [72/100], V_AUC: [4m0.7574[0m
Epoch [73/100], Loss: 6.8071
train_Accuracy: [91m0.9851[0m
train_Precision: [4;34m0.9781[0m,               train_Recall: [4;33m0.9922[0m,                 train_F1 Score: [4;35m0.9845[0m
æ ‡ç­¾é‡Œ1çš„ä¸ªæ•°:  2150
æ ‡ç­¾é‡Œ0çš„ä¸ªæ•°:  2150
æ€»æ•°:  4300
æ­£ç¡®çš„ä¸ªæ•°:  4236
æœ€åä¸€ä¸ªæ‰¹æ¬¡çš„è¾“å‡º, ä¸æ»¡batchsizeæ˜¯æ­£å¸¸çš„:
 tensor([[9.9989e-01],
        [9.9990e-01],
        [9.9649e-01],
        [4.4909e-03],
        [1.0000e+00],
        [1.4896e-07],
        [3.2180e-03],
        [3.3743e-04],
        [9.9979e-01],
        [9.9998e-01],
        [9.6280e-05],
        [3.5795e-03]], device='cuda:0', grad_fn=<SigmoidBackward0>)
Epoch [73/100], T_AUC: [4m0.9855[0m
Epoch [73/100], Loss: 51.2969
val_Accuracy: [92m0.7593[0m
val_Precision: [4;34m0.7747[0m,               val_Recall: [4;33m0.7181[0m,                 val_F1 Score: [4;35m0.7405[0m
æ ‡ç­¾é‡Œ1çš„ä¸ªæ•°:  430
æ ‡ç­¾é‡Œ0çš„ä¸ªæ•°:  430
æ€»æ•°:  860
æ­£ç¡®çš„ä¸ªæ•°:  653
Epoch [73/100], V_AUC: [4m0.7582[0m
Epoch [74/100], Loss: 36.7003
train_Accuracy: [91m0.8977[0m
train_Precision: [4;34m0.8860[0m,               train_Recall: [4;33m0.9193[0m,                 train_F1 Score: [4;35m0.8981[0m
æ ‡ç­¾é‡Œ1çš„ä¸ªæ•°:  2150
æ ‡ç­¾é‡Œ0çš„ä¸ªæ•°:  2150
æ€»æ•°:  4300
æ­£ç¡®çš„ä¸ªæ•°:  3860
æœ€åä¸€ä¸ªæ‰¹æ¬¡çš„è¾“å‡º, ä¸æ»¡batchsizeæ˜¯æ­£å¸¸çš„:
 tensor([[9.9848e-01],
        [9.7711e-01],
        [9.9831e-01],
        [1.9458e-01],
        [9.9981e-01],
        [1.3986e-05],
        [8.6639e-03],
        [3.9830e-02],
        [9.9997e-01],
        [9.9677e-01],
        [1.3293e-05],
        [3.0584e-02]], device='cuda:0', grad_fn=<SigmoidBackward0>)
Epoch [74/100], T_AUC: [4m0.9024[0m
Epoch [74/100], Loss: 41.3117
val_Accuracy: [92m0.7651[0m
val_Precision: [4;34m0.7727[0m,               val_Recall: [4;33m0.7323[0m,                 val_F1 Score: [4;35m0.7468[0m
æ ‡ç­¾é‡Œ1çš„ä¸ªæ•°:  430
æ ‡ç­¾é‡Œ0çš„ä¸ªæ•°:  430
æ€»æ•°:  860
æ­£ç¡®çš„ä¸ªæ•°:  658
Epoch [74/100], V_AUC: [4m0.7602[0m
Epoch [75/100], Loss: 31.1269
train_Accuracy: [91m0.9063[0m
train_Precision: [4;34m0.8958[0m,               train_Recall: [4;33m0.9271[0m,                 train_F1 Score: [4;35m0.9079[0m
æ ‡ç­¾é‡Œ1çš„ä¸ªæ•°:  2150
æ ‡ç­¾é‡Œ0çš„ä¸ªæ•°:  2150
æ€»æ•°:  4300
æ­£ç¡®çš„ä¸ªæ•°:  3897
æœ€åä¸€ä¸ªæ‰¹æ¬¡çš„è¾“å‡º, ä¸æ»¡batchsizeæ˜¯æ­£å¸¸çš„:
 tensor([[9.9886e-01],
        [9.9915e-01],
        [9.9222e-01],
        [3.5540e-02],
        [9.9823e-01],
        [1.6883e-05],
        [5.0101e-03],
        [1.7636e-01],
        [9.9361e-01],
        [9.9997e-01],
        [5.4473e-04],
        [2.7463e-03]], device='cuda:0', grad_fn=<SigmoidBackward0>)
Epoch [75/100], T_AUC: [4m0.9101[0m
Epoch [75/100], Loss: 43.6284
val_Accuracy: [92m0.7663[0m
val_Precision: [4;34m0.7710[0m,               val_Recall: [4;33m0.7508[0m,                 val_F1 Score: [4;35m0.7566[0m
æ ‡ç­¾é‡Œ1çš„ä¸ªæ•°:  430
æ ‡ç­¾é‡Œ0çš„ä¸ªæ•°:  430
æ€»æ•°:  860
æ­£ç¡®çš„ä¸ªæ•°:  659
Epoch [75/100], V_AUC: [4m0.7642[0m
Epoch [76/100], Loss: 19.3489
train_Accuracy: [91m0.9451[0m
train_Precision: [4;34m0.9379[0m,               train_Recall: [4;33m0.9553[0m,                 train_F1 Score: [4;35m0.9443[0m
æ ‡ç­¾é‡Œ1çš„ä¸ªæ•°:  2150
æ ‡ç­¾é‡Œ0çš„ä¸ªæ•°:  2150
æ€»æ•°:  4300
æ­£ç¡®çš„ä¸ªæ•°:  4064
æœ€åä¸€ä¸ªæ‰¹æ¬¡çš„è¾“å‡º, ä¸æ»¡batchsizeæ˜¯æ­£å¸¸çš„:
 tensor([[9.9988e-01],
        [9.9084e-01],
        [9.7956e-01],
        [9.5135e-03],
        [9.9999e-01],
        [7.1977e-07],
        [1.4567e-02],
        [3.5766e-03],
        [9.9756e-01],
        [9.9998e-01],
        [2.3882e-03],
        [3.0265e-03]], device='cuda:0', grad_fn=<SigmoidBackward0>)
Epoch [76/100], T_AUC: [4m0.9473[0m
Epoch [76/100], Loss: 31.2961
val_Accuracy: [92m0.7547[0m
val_Precision: [4;34m0.7592[0m,               val_Recall: [4;33m0.7396[0m,                 val_F1 Score: [4;35m0.7449[0m
æ ‡ç­¾é‡Œ1çš„ä¸ªæ•°:  430
æ ‡ç­¾é‡Œ0çš„ä¸ªæ•°:  430
æ€»æ•°:  860
æ­£ç¡®çš„ä¸ªæ•°:  649
Epoch [76/100], V_AUC: [4m0.7523[0m
Epoch [77/100], Loss: 14.0395
train_Accuracy: [91m0.9656[0m
train_Precision: [4;34m0.9539[0m,               train_Recall: [4;33m0.9785[0m,                 train_F1 Score: [4;35m0.9646[0m
æ ‡ç­¾é‡Œ1çš„ä¸ªæ•°:  2150
æ ‡ç­¾é‡Œ0çš„ä¸ªæ•°:  2150
æ€»æ•°:  4300
æ­£ç¡®çš„ä¸ªæ•°:  4152
æœ€åä¸€ä¸ªæ‰¹æ¬¡çš„è¾“å‡º, ä¸æ»¡batchsizeæ˜¯æ­£å¸¸çš„:
 tensor([[9.9981e-01],
        [9.9415e-01],
        [9.9863e-01],
        [2.3877e-03],
        [1.0000e+00],
        [6.1475e-07],
        [4.5132e-03],
        [1.0612e-02],
        [9.9809e-01],
        [9.9991e-01],
        [5.9914e-04],
        [4.9081e-03]], device='cuda:0', grad_fn=<SigmoidBackward0>)
Epoch [77/100], T_AUC: [4m0.9678[0m
Epoch [77/100], Loss: 35.6984
val_Accuracy: [92m0.7488[0m
val_Precision: [4;34m0.7448[0m,               val_Recall: [4;33m0.7409[0m,                 val_F1 Score: [4;35m0.7393[0m
æ ‡ç­¾é‡Œ1çš„ä¸ªæ•°:  430
æ ‡ç­¾é‡Œ0çš„ä¸ªæ•°:  430
æ€»æ•°:  860
æ­£ç¡®çš„ä¸ªæ•°:  644
Epoch [77/100], V_AUC: [4m0.7463[0m
Epoch [78/100], Loss: 10.5672
train_Accuracy: [91m0.9758[0m
train_Precision: [4;34m0.9694[0m,               train_Recall: [4;33m0.9832[0m,                 train_F1 Score: [4;35m0.9754[0m
æ ‡ç­¾é‡Œ1çš„ä¸ªæ•°:  2150
æ ‡ç­¾é‡Œ0çš„ä¸ªæ•°:  2150
æ€»æ•°:  4300
æ­£ç¡®çš„ä¸ªæ•°:  4196
æœ€åä¸€ä¸ªæ‰¹æ¬¡çš„è¾“å‡º, ä¸æ»¡batchsizeæ˜¯æ­£å¸¸çš„:
 tensor([[9.9994e-01],
        [9.9671e-01],
        [9.8140e-01],
        [6.3397e-03],
        [1.0000e+00],
        [1.4908e-07],
        [8.7075e-04],
        [4.0932e-03],
        [9.9823e-01],
        [9.9997e-01],
        [3.8239e-03],
        [1.0603e-02]], device='cuda:0', grad_fn=<SigmoidBackward0>)
Epoch [78/100], T_AUC: [4m0.9770[0m
Epoch [78/100], Loss: 38.0985
val_Accuracy: [92m0.7616[0m
val_Precision: [4;34m0.7649[0m,               val_Recall: [4;33m0.7427[0m,                 val_F1 Score: [4;35m0.7496[0m
æ ‡ç­¾é‡Œ1çš„ä¸ªæ•°:  430
æ ‡ç­¾é‡Œ0çš„ä¸ªæ•°:  430
æ€»æ•°:  860
æ­£ç¡®çš„ä¸ªæ•°:  655
Epoch [78/100], V_AUC: [4m0.7578[0m
Epoch [79/100], Loss: 9.3791
train_Accuracy: [91m0.9795[0m
train_Precision: [4;34m0.9740[0m,               train_Recall: [4;33m0.9858[0m,                 train_F1 Score: [4;35m0.9792[0m
æ ‡ç­¾é‡Œ1çš„ä¸ªæ•°:  2150
æ ‡ç­¾é‡Œ0çš„ä¸ªæ•°:  2150
æ€»æ•°:  4300
æ­£ç¡®çš„ä¸ªæ•°:  4212
æœ€åä¸€ä¸ªæ‰¹æ¬¡çš„è¾“å‡º, ä¸æ»¡batchsizeæ˜¯æ­£å¸¸çš„:
 tensor([[9.9997e-01],
        [9.9653e-01],
        [9.4550e-01],
        [5.5281e-03],
        [1.0000e+00],
        [3.1101e-06],
        [2.2255e-03],
        [1.2031e-02],
        [9.9973e-01],
        [9.9981e-01],
        [7.3811e-04],
        [5.0967e-04]], device='cuda:0', grad_fn=<SigmoidBackward0>)
Epoch [79/100], T_AUC: [4m0.9803[0m
Epoch [79/100], Loss: 41.7914
val_Accuracy: [92m0.7477[0m
val_Precision: [4;34m0.7497[0m,               val_Recall: [4;33m0.7378[0m,                 val_F1 Score: [4;35m0.7393[0m
æ ‡ç­¾é‡Œ1çš„ä¸ªæ•°:  430
æ ‡ç­¾é‡Œ0çš„ä¸ªæ•°:  430
æ€»æ•°:  860
æ­£ç¡®çš„ä¸ªæ•°:  643
Epoch [79/100], V_AUC: [4m0.7464[0m
Epoch [80/100], Loss: 7.6989
train_Accuracy: [91m0.9837[0m
train_Precision: [4;34m0.9796[0m,               train_Recall: [4;33m0.9885[0m,                 train_F1 Score: [4;35m0.9834[0m
æ ‡ç­¾é‡Œ1çš„ä¸ªæ•°:  2150
æ ‡ç­¾é‡Œ0çš„ä¸ªæ•°:  2150
æ€»æ•°:  4300
æ­£ç¡®çš„ä¸ªæ•°:  4230
æœ€åä¸€ä¸ªæ‰¹æ¬¡çš„è¾“å‡º, ä¸æ»¡batchsizeæ˜¯æ­£å¸¸çš„:
 tensor([[9.9999e-01],
        [9.9849e-01],
        [9.8731e-01],
        [5.0425e-03],
        [1.0000e+00],
        [2.9417e-07],
        [1.1635e-03],
        [1.2074e-04],
        [9.9977e-01],
        [9.9994e-01],
        [1.2284e-03],
        [1.3822e-03]], device='cuda:0', grad_fn=<SigmoidBackward0>)
Epoch [80/100], T_AUC: [4m0.9851[0m
Epoch [80/100], Loss: 44.2581
val_Accuracy: [92m0.7512[0m
val_Precision: [4;34m0.7490[0m,               val_Recall: [4;33m0.7495[0m,                 val_F1 Score: [4;35m0.7450[0m
æ ‡ç­¾é‡Œ1çš„ä¸ªæ•°:  430
æ ‡ç­¾é‡Œ0çš„ä¸ªæ•°:  430
æ€»æ•°:  860
æ­£ç¡®çš„ä¸ªæ•°:  646
Epoch [80/100], V_AUC: [4m0.7502[0m
Epoch [81/100], Loss: 6.7269
train_Accuracy: [91m0.9867[0m
train_Precision: [4;34m0.9794[0m,               train_Recall: [4;33m0.9940[0m,                 train_F1 Score: [4;35m0.9860[0m
æ ‡ç­¾é‡Œ1çš„ä¸ªæ•°:  2150
æ ‡ç­¾é‡Œ0çš„ä¸ªæ•°:  2150
æ€»æ•°:  4300
æ­£ç¡®çš„ä¸ªæ•°:  4243
æœ€åä¸€ä¸ªæ‰¹æ¬¡çš„è¾“å‡º, ä¸æ»¡batchsizeæ˜¯æ­£å¸¸çš„:
 tensor([[9.9998e-01],
        [9.9640e-01],
        [9.9602e-01],
        [7.8065e-03],
        [1.0000e+00],
        [2.0816e-06],
        [6.5677e-04],
        [2.8677e-04],
        [9.9958e-01],
        [9.9996e-01],
        [1.5980e-03],
        [7.8268e-05]], device='cuda:0', grad_fn=<SigmoidBackward0>)
Epoch [81/100], T_AUC: [4m0.9873[0m
Epoch [81/100], Loss: 47.5710
val_Accuracy: [92m0.7512[0m
val_Precision: [4;34m0.7578[0m,               val_Recall: [4;33m0.7270[0m,                 val_F1 Score: [4;35m0.7379[0m
æ ‡ç­¾é‡Œ1çš„ä¸ªæ•°:  430
æ ‡ç­¾é‡Œ0çš„ä¸ªæ•°:  430
æ€»æ•°:  860
æ­£ç¡®çš„ä¸ªæ•°:  646
Epoch [81/100], V_AUC: [4m0.7497[0m
Epoch [82/100], Loss: 5.7380
train_Accuracy: [91m0.9912[0m
train_Precision: [4;34m0.9851[0m,               train_Recall: [4;33m0.9964[0m,                 train_F1 Score: [4;35m0.9903[0m
æ ‡ç­¾é‡Œ1çš„ä¸ªæ•°:  2150
æ ‡ç­¾é‡Œ0çš„ä¸ªæ•°:  2150
æ€»æ•°:  4300
æ­£ç¡®çš„ä¸ªæ•°:  4262
æœ€åä¸€ä¸ªæ‰¹æ¬¡çš„è¾“å‡º, ä¸æ»¡batchsizeæ˜¯æ­£å¸¸çš„:
 tensor([[9.9997e-01],
        [9.9935e-01],
        [9.9566e-01],
        [1.4171e-02],
        [1.0000e+00],
        [4.6882e-07],
        [6.3252e-04],
        [1.1986e-04],
        [9.9789e-01],
        [9.9998e-01],
        [1.3820e-03],
        [1.9587e-04]], device='cuda:0', grad_fn=<SigmoidBackward0>)
Epoch [82/100], T_AUC: [4m0.9917[0m
Epoch [82/100], Loss: 51.8483
val_Accuracy: [92m0.7547[0m
val_Precision: [4;34m0.7573[0m,               val_Recall: [4;33m0.7366[0m,                 val_F1 Score: [4;35m0.7424[0m
æ ‡ç­¾é‡Œ1çš„ä¸ªæ•°:  430
æ ‡ç­¾é‡Œ0çš„ä¸ªæ•°:  430
æ€»æ•°:  860
æ­£ç¡®çš„ä¸ªæ•°:  649
Epoch [82/100], V_AUC: [4m0.7530[0m
Epoch [83/100], Loss: 5.9648
train_Accuracy: [91m0.9877[0m
train_Precision: [4;34m0.9830[0m,               train_Recall: [4;33m0.9924[0m,                 train_F1 Score: [4;35m0.9873[0m
æ ‡ç­¾é‡Œ1çš„ä¸ªæ•°:  2150
æ ‡ç­¾é‡Œ0çš„ä¸ªæ•°:  2150
æ€»æ•°:  4300
æ­£ç¡®çš„ä¸ªæ•°:  4247
æœ€åä¸€ä¸ªæ‰¹æ¬¡çš„è¾“å‡º, ä¸æ»¡batchsizeæ˜¯æ­£å¸¸çš„:
 tensor([[9.9999e-01],
        [9.9978e-01],
        [9.8990e-01],
        [7.2739e-03],
        [1.0000e+00],
        [2.3808e-08],
        [1.3556e-04],
        [2.2755e-04],
        [9.9923e-01],
        [9.9996e-01],
        [7.9928e-03],
        [4.6252e-03]], device='cuda:0', grad_fn=<SigmoidBackward0>)
Epoch [83/100], T_AUC: [4m0.9882[0m
Epoch [83/100], Loss: 52.6738
val_Accuracy: [92m0.7442[0m
val_Precision: [4;34m0.7608[0m,               val_Recall: [4;33m0.6975[0m,                 val_F1 Score: [4;35m0.7238[0m
æ ‡ç­¾é‡Œ1çš„ä¸ªæ•°:  430
æ ‡ç­¾é‡Œ0çš„ä¸ªæ•°:  430
æ€»æ•°:  860
æ­£ç¡®çš„ä¸ªæ•°:  640
Epoch [83/100], V_AUC: [4m0.7414[0m
Epoch [84/100], Loss: 7.7400
train_Accuracy: [91m0.9840[0m
train_Precision: [4;34m0.9791[0m,               train_Recall: [4;33m0.9890[0m,                 train_F1 Score: [4;35m0.9833[0m
æ ‡ç­¾é‡Œ1çš„ä¸ªæ•°:  2150
æ ‡ç­¾é‡Œ0çš„ä¸ªæ•°:  2150
æ€»æ•°:  4300
æ­£ç¡®çš„ä¸ªæ•°:  4231
æœ€åä¸€ä¸ªæ‰¹æ¬¡çš„è¾“å‡º, ä¸æ»¡batchsizeæ˜¯æ­£å¸¸çš„:
 tensor([[1.0000e+00],
        [9.9794e-01],
        [9.8383e-01],
        [2.1448e-03],
        [9.9999e-01],
        [6.4010e-08],
        [2.1178e-03],
        [1.0065e-03],
        [9.9999e-01],
        [9.9998e-01],
        [1.0356e-04],
        [2.3684e-02]], device='cuda:0', grad_fn=<SigmoidBackward0>)
Epoch [84/100], T_AUC: [4m0.9848[0m
Epoch [84/100], Loss: 51.9511
val_Accuracy: [92m0.7326[0m
val_Precision: [4;34m0.7166[0m,               val_Recall: [4;33m0.7581[0m,                 val_F1 Score: [4;35m0.7322[0m
æ ‡ç­¾é‡Œ1çš„ä¸ªæ•°:  430
æ ‡ç­¾é‡Œ0çš„ä¸ªæ•°:  430
æ€»æ•°:  860
æ­£ç¡®çš„ä¸ªæ•°:  630
Epoch [84/100], V_AUC: [4m0.7318[0m
Epoch [85/100], Loss: 19.8382
train_Accuracy: [91m0.9449[0m
train_Precision: [4;34m0.9347[0m,               train_Recall: [4;33m0.9588[0m,                 train_F1 Score: [4;35m0.9447[0m
æ ‡ç­¾é‡Œ1çš„ä¸ªæ•°:  2150
æ ‡ç­¾é‡Œ0çš„ä¸ªæ•°:  2150
æ€»æ•°:  4300
æ­£ç¡®çš„ä¸ªæ•°:  4063
æœ€åä¸€ä¸ªæ‰¹æ¬¡çš„è¾“å‡º, ä¸æ»¡batchsizeæ˜¯æ­£å¸¸çš„:
 tensor([[9.9693e-01],
        [9.9996e-01],
        [9.9976e-01],
        [6.2259e-03],
        [9.9995e-01],
        [4.9937e-06],
        [1.2088e-03],
        [5.8338e-02],
        [9.9954e-01],
        [9.3280e-01],
        [3.2155e-04],
        [6.1129e-03]], device='cuda:0', grad_fn=<SigmoidBackward0>)
Epoch [85/100], T_AUC: [4m0.9470[0m
Epoch [85/100], Loss: 43.2899
val_Accuracy: [92m0.7407[0m
val_Precision: [4;34m0.7450[0m,               val_Recall: [4;33m0.7146[0m,                 val_F1 Score: [4;35m0.7250[0m
æ ‡ç­¾é‡Œ1çš„ä¸ªæ•°:  430
æ ‡ç­¾é‡Œ0çš„ä¸ªæ•°:  430
æ€»æ•°:  860
æ­£ç¡®çš„ä¸ªæ•°:  637
Epoch [85/100], V_AUC: [4m0.7382[0m
Epoch [86/100], Loss: 22.5058
train_Accuracy: [91m0.9347[0m
train_Precision: [4;34m0.9251[0m,               train_Recall: [4;33m0.9493[0m,                 train_F1 Score: [4;35m0.9344[0m
æ ‡ç­¾é‡Œ1çš„ä¸ªæ•°:  2150
æ ‡ç­¾é‡Œ0çš„ä¸ªæ•°:  2150
æ€»æ•°:  4300
æ­£ç¡®çš„ä¸ªæ•°:  4019
æœ€åä¸€ä¸ªæ‰¹æ¬¡çš„è¾“å‡º, ä¸æ»¡batchsizeæ˜¯æ­£å¸¸çš„:
 tensor([[9.9975e-01],
        [9.9998e-01],
        [9.9987e-01],
        [3.4053e-03],
        [9.9998e-01],
        [2.9025e-06],
        [4.9510e-02],
        [4.8032e-04],
        [9.1657e-01],
        [9.6752e-01],
        [8.2353e-03],
        [1.0927e-02]], device='cuda:0', grad_fn=<SigmoidBackward0>)
Epoch [86/100], T_AUC: [4m0.9379[0m
Epoch [86/100], Loss: 42.7630
val_Accuracy: [92m0.7407[0m
val_Precision: [4;34m0.7553[0m,               val_Recall: [4;33m0.7072[0m,                 val_F1 Score: [4;35m0.7244[0m
æ ‡ç­¾é‡Œ1çš„ä¸ªæ•°:  430
æ ‡ç­¾é‡Œ0çš„ä¸ªæ•°:  430
æ€»æ•°:  860
æ­£ç¡®çš„ä¸ªæ•°:  637
Epoch [86/100], V_AUC: [4m0.7403[0m
Epoch [87/100], Loss: 12.4662
train_Accuracy: [91m0.9677[0m
train_Precision: [4;34m0.9565[0m,               train_Recall: [4;33m0.9798[0m,                 train_F1 Score: [4;35m0.9667[0m
æ ‡ç­¾é‡Œ1çš„ä¸ªæ•°:  2150
æ ‡ç­¾é‡Œ0çš„ä¸ªæ•°:  2150
æ€»æ•°:  4300
æ­£ç¡®çš„ä¸ªæ•°:  4161
æœ€åä¸€ä¸ªæ‰¹æ¬¡çš„è¾“å‡º, ä¸æ»¡batchsizeæ˜¯æ­£å¸¸çš„:
 tensor([[9.9929e-01],
        [9.9204e-01],
        [9.9754e-01],
        [9.3151e-02],
        [9.9993e-01],
        [1.0383e-05],
        [4.9534e-03],
        [5.4760e-03],
        [9.9902e-01],
        [9.9999e-01],
        [7.5983e-04],
        [2.8265e-03]], device='cuda:0', grad_fn=<SigmoidBackward0>)
Epoch [87/100], T_AUC: [4m0.9696[0m
Epoch [87/100], Loss: 37.7460
val_Accuracy: [92m0.7500[0m
val_Precision: [4;34m0.7503[0m,               val_Recall: [4;33m0.7411[0m,                 val_F1 Score: [4;35m0.7401[0m
æ ‡ç­¾é‡Œ1çš„ä¸ªæ•°:  430
æ ‡ç­¾é‡Œ0çš„ä¸ªæ•°:  430
æ€»æ•°:  860
æ­£ç¡®çš„ä¸ªæ•°:  645
Epoch [87/100], V_AUC: [4m0.7484[0m
Epoch [88/100], Loss: 8.7502
train_Accuracy: [91m0.9791[0m
train_Precision: [4;34m0.9722[0m,               train_Recall: [4;33m0.9863[0m,                 train_F1 Score: [4;35m0.9783[0m
æ ‡ç­¾é‡Œ1çš„ä¸ªæ•°:  2150
æ ‡ç­¾é‡Œ0çš„ä¸ªæ•°:  2150
æ€»æ•°:  4300
æ­£ç¡®çš„ä¸ªæ•°:  4210
æœ€åä¸€ä¸ªæ‰¹æ¬¡çš„è¾“å‡º, ä¸æ»¡batchsizeæ˜¯æ­£å¸¸çš„:
 tensor([[9.9967e-01],
        [9.9946e-01],
        [9.7211e-01],
        [7.9817e-03],
        [1.0000e+00],
        [3.0656e-06],
        [4.5670e-03],
        [2.9333e-04],
        [9.9981e-01],
        [9.9983e-01],
        [4.8944e-04],
        [3.0186e-03]], device='cuda:0', grad_fn=<SigmoidBackward0>)
Epoch [88/100], T_AUC: [4m0.9801[0m
Epoch [88/100], Loss: 42.1208
val_Accuracy: [92m0.7419[0m
val_Precision: [4;34m0.7454[0m,               val_Recall: [4;33m0.7207[0m,                 val_F1 Score: [4;35m0.7273[0m
æ ‡ç­¾é‡Œ1çš„ä¸ªæ•°:  430
æ ‡ç­¾é‡Œ0çš„ä¸ªæ•°:  430
æ€»æ•°:  860
æ­£ç¡®çš„ä¸ªæ•°:  638
Epoch [88/100], V_AUC: [4m0.7405[0m
Epoch [89/100], Loss: 6.2518
train_Accuracy: [91m0.9886[0m
train_Precision: [4;34m0.9840[0m,               train_Recall: [4;33m0.9938[0m,                 train_F1 Score: [4;35m0.9884[0m
æ ‡ç­¾é‡Œ1çš„ä¸ªæ•°:  2150
æ ‡ç­¾é‡Œ0çš„ä¸ªæ•°:  2150
æ€»æ•°:  4300
æ­£ç¡®çš„ä¸ªæ•°:  4251
æœ€åä¸€ä¸ªæ‰¹æ¬¡çš„è¾“å‡º, ä¸æ»¡batchsizeæ˜¯æ­£å¸¸çš„:
 tensor([[9.9999e-01],
        [9.9542e-01],
        [6.5175e-01],
        [4.9709e-03],
        [1.0000e+00],
        [5.3788e-06],
        [6.5369e-03],
        [3.8775e-02],
        [9.9998e-01],
        [9.9988e-01],
        [3.1311e-04],
        [7.8577e-04]], device='cuda:0', grad_fn=<SigmoidBackward0>)
Epoch [89/100], T_AUC: [4m0.9892[0m
Epoch [89/100], Loss: 49.2464
val_Accuracy: [92m0.7442[0m
val_Precision: [4;34m0.7438[0m,               val_Recall: [4;33m0.7333[0m,                 val_F1 Score: [4;35m0.7340[0m
æ ‡ç­¾é‡Œ1çš„ä¸ªæ•°:  430
æ ‡ç­¾é‡Œ0çš„ä¸ªæ•°:  430
æ€»æ•°:  860
æ­£ç¡®çš„ä¸ªæ•°:  640
Epoch [89/100], V_AUC: [4m0.7423[0m
Epoch [90/100], Loss: 6.1203
train_Accuracy: [91m0.9879[0m
train_Precision: [4;34m0.9800[0m,               train_Recall: [4;33m0.9962[0m,                 train_F1 Score: [4;35m0.9877[0m
æ ‡ç­¾é‡Œ1çš„ä¸ªæ•°:  2150
æ ‡ç­¾é‡Œ0çš„ä¸ªæ•°:  2150
æ€»æ•°:  4300
æ­£ç¡®çš„ä¸ªæ•°:  4248
æœ€åä¸€ä¸ªæ‰¹æ¬¡çš„è¾“å‡º, ä¸æ»¡batchsizeæ˜¯æ­£å¸¸çš„:
 tensor([[9.9991e-01],
        [9.9661e-01],
        [9.9966e-01],
        [4.5665e-02],
        [9.9999e-01],
        [7.4915e-06],
        [2.8111e-03],
        [3.0093e-04],
        [9.9973e-01],
        [9.9952e-01],
        [2.3771e-04],
        [1.4896e-03]], device='cuda:0', grad_fn=<SigmoidBackward0>)
Epoch [90/100], T_AUC: [4m0.9883[0m
Epoch [90/100], Loss: 43.4512
val_Accuracy: [92m0.7337[0m
val_Precision: [4;34m0.7462[0m,               val_Recall: [4;33m0.6923[0m,                 val_F1 Score: [4;35m0.7133[0m
æ ‡ç­¾é‡Œ1çš„ä¸ªæ•°:  430
æ ‡ç­¾é‡Œ0çš„ä¸ªæ•°:  430
æ€»æ•°:  860
æ­£ç¡®çš„ä¸ªæ•°:  631
Epoch [90/100], V_AUC: [4m0.7333[0m
Epoch [91/100], Loss: 5.5962
train_Accuracy: [91m0.9914[0m
train_Precision: [4;34m0.9870[0m,               train_Recall: [4;33m0.9958[0m,                 train_F1 Score: [4;35m0.9910[0m
æ ‡ç­¾é‡Œ1çš„ä¸ªæ•°:  2150
æ ‡ç­¾é‡Œ0çš„ä¸ªæ•°:  2150
æ€»æ•°:  4300
æ­£ç¡®çš„ä¸ªæ•°:  4263
æœ€åä¸€ä¸ªæ‰¹æ¬¡çš„è¾“å‡º, ä¸æ»¡batchsizeæ˜¯æ­£å¸¸çš„:
 tensor([[9.9919e-01],
        [9.9964e-01],
        [9.9955e-01],
        [7.0714e-03],
        [1.0000e+00],
        [3.4021e-06],
        [1.1520e-02],
        [3.7014e-04],
        [9.9999e-01],
        [9.9835e-01],
        [4.9433e-05],
        [2.5862e-03]], device='cuda:0', grad_fn=<SigmoidBackward0>)
Epoch [91/100], T_AUC: [4m0.9920[0m
Epoch [91/100], Loss: 48.9144
val_Accuracy: [92m0.7384[0m
val_Precision: [4;34m0.7343[0m,               val_Recall: [4;33m0.7288[0m,                 val_F1 Score: [4;35m0.7277[0m
æ ‡ç­¾é‡Œ1çš„ä¸ªæ•°:  430
æ ‡ç­¾é‡Œ0çš„ä¸ªæ•°:  430
æ€»æ•°:  860
æ­£ç¡®çš„ä¸ªæ•°:  635
Epoch [91/100], V_AUC: [4m0.7353[0m
Epoch [92/100], Loss: 4.0417
train_Accuracy: [91m0.9958[0m
train_Precision: [4;34m0.9920[0m,               train_Recall: [4;33m0.9996[0m,                 train_F1 Score: [4;35m0.9956[0m
æ ‡ç­¾é‡Œ1çš„ä¸ªæ•°:  2150
æ ‡ç­¾é‡Œ0çš„ä¸ªæ•°:  2150
æ€»æ•°:  4300
æ­£ç¡®çš„ä¸ªæ•°:  4282
æœ€åä¸€ä¸ªæ‰¹æ¬¡çš„è¾“å‡º, ä¸æ»¡batchsizeæ˜¯æ­£å¸¸çš„:
 tensor([[9.9959e-01],
        [9.9797e-01],
        [9.9982e-01],
        [1.0918e-03],
        [1.0000e+00],
        [2.3743e-06],
        [3.7836e-03],
        [8.8562e-04],
        [9.9991e-01],
        [9.9966e-01],
        [7.5141e-04],
        [2.3865e-04]], device='cuda:0', grad_fn=<SigmoidBackward0>)
Epoch [92/100], T_AUC: [4m0.9958[0m
Epoch [92/100], Loss: 44.8215
val_Accuracy: [92m0.7349[0m
val_Precision: [4;34m0.7417[0m,               val_Recall: [4;33m0.7037[0m,                 val_F1 Score: [4;35m0.7178[0m
æ ‡ç­¾é‡Œ1çš„ä¸ªæ•°:  430
æ ‡ç­¾é‡Œ0çš„ä¸ªæ•°:  430
æ€»æ•°:  860
æ­£ç¡®çš„ä¸ªæ•°:  632
Epoch [92/100], V_AUC: [4m0.7330[0m
Epoch [93/100], Loss: 3.5323
train_Accuracy: [91m0.9972[0m
train_Precision: [4;34m0.9952[0m,               train_Recall: [4;33m0.9986[0m,                 train_F1 Score: [4;35m0.9968[0m
æ ‡ç­¾é‡Œ1çš„ä¸ªæ•°:  2150
æ ‡ç­¾é‡Œ0çš„ä¸ªæ•°:  2150
æ€»æ•°:  4300
æ­£ç¡®çš„ä¸ªæ•°:  4288
æœ€åä¸€ä¸ªæ‰¹æ¬¡çš„è¾“å‡º, ä¸æ»¡batchsizeæ˜¯æ­£å¸¸çš„:
 tensor([[9.9860e-01],
        [9.9971e-01],
        [9.9926e-01],
        [7.8423e-03],
        [1.0000e+00],
        [1.5924e-06],
        [6.9845e-03],
        [3.3637e-04],
        [9.9995e-01],
        [9.9978e-01],
        [3.5125e-05],
        [7.8541e-04]], device='cuda:0', grad_fn=<SigmoidBackward0>)
Epoch [93/100], T_AUC: [4m0.9974[0m
Epoch [93/100], Loss: 51.4534
val_Accuracy: [92m0.7488[0m
val_Precision: [4;34m0.7567[0m,               val_Recall: [4;33m0.7156[0m,                 val_F1 Score: [4;35m0.7323[0m
æ ‡ç­¾é‡Œ1çš„ä¸ªæ•°:  430
æ ‡ç­¾é‡Œ0çš„ä¸ªæ•°:  430
æ€»æ•°:  860
æ­£ç¡®çš„ä¸ªæ•°:  644
Epoch [93/100], V_AUC: [4m0.7460[0m
Epoch [94/100], Loss: 2.7558
train_Accuracy: [91m0.9984[0m
train_Precision: [4;34m0.9979[0m,               train_Recall: [4;33m0.9991[0m,                 train_F1 Score: [4;35m0.9985[0m
æ ‡ç­¾é‡Œ1çš„ä¸ªæ•°:  2150
æ ‡ç­¾é‡Œ0çš„ä¸ªæ•°:  2150
æ€»æ•°:  4300
æ­£ç¡®çš„ä¸ªæ•°:  4293
æœ€åä¸€ä¸ªæ‰¹æ¬¡çš„è¾“å‡º, ä¸æ»¡batchsizeæ˜¯æ­£å¸¸çš„:
 tensor([[9.9935e-01],
        [9.9959e-01],
        [9.9896e-01],
        [2.8557e-03],
        [1.0000e+00],
        [1.0420e-06],
        [2.0850e-03],
        [7.9226e-04],
        [9.9997e-01],
        [9.9966e-01],
        [3.7990e-05],
        [2.4337e-03]], device='cuda:0', grad_fn=<SigmoidBackward0>)
Epoch [94/100], T_AUC: [4m0.9983[0m
Epoch [94/100], Loss: 51.8824
val_Accuracy: [92m0.7477[0m
val_Precision: [4;34m0.7538[0m,               val_Recall: [4;33m0.7195[0m,                 val_F1 Score: [4;35m0.7325[0m
æ ‡ç­¾é‡Œ1çš„ä¸ªæ•°:  430
æ ‡ç­¾é‡Œ0çš„ä¸ªæ•°:  430
æ€»æ•°:  860
æ­£ç¡®çš„ä¸ªæ•°:  643
Epoch [94/100], V_AUC: [4m0.7452[0m
Epoch [95/100], Loss: 2.6665
train_Accuracy: [91m0.9977[0m
train_Precision: [4;34m0.9959[0m,               train_Recall: [4;33m0.9992[0m,                 train_F1 Score: [4;35m0.9975[0m
æ ‡ç­¾é‡Œ1çš„ä¸ªæ•°:  2150
æ ‡ç­¾é‡Œ0çš„ä¸ªæ•°:  2150
æ€»æ•°:  4300
æ­£ç¡®çš„ä¸ªæ•°:  4290
æœ€åä¸€ä¸ªæ‰¹æ¬¡çš„è¾“å‡º, ä¸æ»¡batchsizeæ˜¯æ­£å¸¸çš„:
 tensor([[9.9976e-01],
        [9.9922e-01],
        [9.9969e-01],
        [7.8621e-03],
        [1.0000e+00],
        [8.9165e-07],
        [2.2233e-03],
        [2.7276e-03],
        [9.9986e-01],
        [9.9897e-01],
        [3.8170e-05],
        [1.1727e-03]], device='cuda:0', grad_fn=<SigmoidBackward0>)
Epoch [95/100], T_AUC: [4m0.9979[0m
Epoch [95/100], Loss: 52.0984
val_Accuracy: [92m0.7419[0m
val_Precision: [4;34m0.7468[0m,               val_Recall: [4;33m0.7123[0m,                 val_F1 Score: [4;35m0.7250[0m
æ ‡ç­¾é‡Œ1çš„ä¸ªæ•°:  430
æ ‡ç­¾é‡Œ0çš„ä¸ªæ•°:  430
æ€»æ•°:  860
æ­£ç¡®çš„ä¸ªæ•°:  638
Epoch [95/100], V_AUC: [4m0.7396[0m
Epoch [96/100], Loss: 3.6088
train_Accuracy: [91m0.9944[0m
train_Precision: [4;34m0.9914[0m,               train_Recall: [4;33m0.9971[0m,                 train_F1 Score: [4;35m0.9940[0m
æ ‡ç­¾é‡Œ1çš„ä¸ªæ•°:  2150
æ ‡ç­¾é‡Œ0çš„ä¸ªæ•°:  2150
æ€»æ•°:  4300
æ­£ç¡®çš„ä¸ªæ•°:  4276
æœ€åä¸€ä¸ªæ‰¹æ¬¡çš„è¾“å‡º, ä¸æ»¡batchsizeæ˜¯æ­£å¸¸çš„:
 tensor([[9.9996e-01],
        [9.9988e-01],
        [9.9407e-01],
        [4.4214e-02],
        [1.0000e+00],
        [3.7394e-06],
        [1.0885e-03],
        [2.3494e-03],
        [9.9972e-01],
        [9.9909e-01],
        [3.9504e-05],
        [6.4563e-04]], device='cuda:0', grad_fn=<SigmoidBackward0>)
Epoch [96/100], T_AUC: [4m0.9949[0m
Epoch [96/100], Loss: 51.7336
val_Accuracy: [92m0.7360[0m
val_Precision: [4;34m0.7446[0m,               val_Recall: [4;33m0.7068[0m,                 val_F1 Score: [4;35m0.7212[0m
æ ‡ç­¾é‡Œ1çš„ä¸ªæ•°:  430
æ ‡ç­¾é‡Œ0çš„ä¸ªæ•°:  430
æ€»æ•°:  860
æ­£ç¡®çš„ä¸ªæ•°:  633
Epoch [96/100], V_AUC: [4m0.7331[0m
Epoch [97/100], Loss: 14.8711
train_Accuracy: [91m0.9567[0m
train_Precision: [4;34m0.9487[0m,               train_Recall: [4;33m0.9683[0m,                 train_F1 Score: [4;35m0.9570[0m
æ ‡ç­¾é‡Œ1çš„ä¸ªæ•°:  2150
æ ‡ç­¾é‡Œ0çš„ä¸ªæ•°:  2150
æ€»æ•°:  4300
æ­£ç¡®çš„ä¸ªæ•°:  4114
æœ€åä¸€ä¸ªæ‰¹æ¬¡çš„è¾“å‡º, ä¸æ»¡batchsizeæ˜¯æ­£å¸¸çš„:
 tensor([[9.9906e-01],
        [9.9907e-01],
        [1.0000e+00],
        [1.1588e-01],
        [9.9998e-01],
        [3.1613e-06],
        [7.4700e-03],
        [2.9582e-04],
        [9.9886e-01],
        [9.9682e-01],
        [5.1767e-05],
        [3.0672e-03]], device='cuda:0', grad_fn=<SigmoidBackward0>)
Epoch [97/100], T_AUC: [4m0.9582[0m
Epoch [97/100], Loss: 60.0383
val_Accuracy: [92m0.7558[0m
val_Precision: [4;34m0.7548[0m,               val_Recall: [4;33m0.7495[0m,                 val_F1 Score: [4;35m0.7468[0m
æ ‡ç­¾é‡Œ1çš„ä¸ªæ•°:  430
æ ‡ç­¾é‡Œ0çš„ä¸ªæ•°:  430
æ€»æ•°:  860
æ­£ç¡®çš„ä¸ªæ•°:  650
Epoch [97/100], V_AUC: [4m0.7557[0m
Epoch [98/100], Loss: 40.1735
train_Accuracy: [91m0.8886[0m
train_Precision: [4;34m0.8783[0m,               train_Recall: [4;33m0.9053[0m,                 train_F1 Score: [4;35m0.8875[0m
æ ‡ç­¾é‡Œ1çš„ä¸ªæ•°:  2150
æ ‡ç­¾é‡Œ0çš„ä¸ªæ•°:  2150
æ€»æ•°:  4300
æ­£ç¡®çš„ä¸ªæ•°:  3821
æœ€åä¸€ä¸ªæ‰¹æ¬¡çš„è¾“å‡º, ä¸æ»¡batchsizeæ˜¯æ­£å¸¸çš„:
 tensor([[9.9884e-01],
        [9.9698e-01],
        [4.6651e-01],
        [5.0665e-01],
        [9.9998e-01],
        [1.7817e-03],
        [1.8509e-02],
        [5.2581e-02],
        [9.9993e-01],
        [9.9949e-01],
        [5.3326e-05],
        [8.1677e-05]], device='cuda:0', grad_fn=<SigmoidBackward0>)
Epoch [98/100], T_AUC: [4m0.8924[0m
Epoch [98/100], Loss: 36.7918
val_Accuracy: [92m0.7349[0m
val_Precision: [4;34m0.7237[0m,               val_Recall: [4;33m0.7654[0m,                 val_F1 Score: [4;35m0.7379[0m
æ ‡ç­¾é‡Œ1çš„ä¸ªæ•°:  430
æ ‡ç­¾é‡Œ0çš„ä¸ªæ•°:  430
æ€»æ•°:  860
æ­£ç¡®çš„ä¸ªæ•°:  632
Epoch [98/100], V_AUC: [4m0.7325[0m
Epoch [99/100], Loss: 30.1631
train_Accuracy: [91m0.9114[0m
train_Precision: [4;34m0.8951[0m,               train_Recall: [4;33m0.9330[0m,                 train_F1 Score: [4;35m0.9109[0m
æ ‡ç­¾é‡Œ1çš„ä¸ªæ•°:  2150
æ ‡ç­¾é‡Œ0çš„ä¸ªæ•°:  2150
æ€»æ•°:  4300
æ­£ç¡®çš„ä¸ªæ•°:  3919
æœ€åä¸€ä¸ªæ‰¹æ¬¡çš„è¾“å‡º, ä¸æ»¡batchsizeæ˜¯æ­£å¸¸çš„:
 tensor([[9.9736e-01],
        [9.9864e-01],
        [9.8862e-01],
        [1.3168e-02],
        [9.9986e-01],
        [1.3522e-05],
        [4.1195e-02],
        [6.9111e-02],
        [9.9780e-01],
        [9.9962e-01],
        [1.0084e-04],
        [1.8032e-03]], device='cuda:0', grad_fn=<SigmoidBackward0>)
Epoch [99/100], T_AUC: [4m0.9149[0m
Epoch [99/100], Loss: 34.6223
val_Accuracy: [92m0.7488[0m
val_Precision: [4;34m0.7611[0m,               val_Recall: [4;33m0.7162[0m,                 val_F1 Score: [4;35m0.7331[0m
æ ‡ç­¾é‡Œ1çš„ä¸ªæ•°:  430
æ ‡ç­¾é‡Œ0çš„ä¸ªæ•°:  430
æ€»æ•°:  860
æ­£ç¡®çš„ä¸ªæ•°:  644
Epoch [99/100], V_AUC: [4m0.7451[0m
Epoch [100/100], Loss: 20.0716
train_Accuracy: [91m0.9379[0m
train_Precision: [4;34m0.9298[0m,               train_Recall: [4;33m0.9502[0m,                 train_F1 Score: [4;35m0.9378[0m
æ ‡ç­¾é‡Œ1çš„ä¸ªæ•°:  2150
æ ‡ç­¾é‡Œ0çš„ä¸ªæ•°:  2150
æ€»æ•°:  4300
æ­£ç¡®çš„ä¸ªæ•°:  4033
æœ€åä¸€ä¸ªæ‰¹æ¬¡çš„è¾“å‡º, ä¸æ»¡batchsizeæ˜¯æ­£å¸¸çš„:
 tensor([[9.9868e-01],
        [9.9788e-01],
        [9.9785e-01],
        [3.6428e-03],
        [9.9998e-01],
        [1.1153e-05],
        [4.7597e-03],
        [1.8760e-02],
        [9.5547e-01],
        [9.9997e-01],
        [2.0286e-03],
        [1.3233e-03]], device='cuda:0', grad_fn=<SigmoidBackward0>)
Epoch [100/100], T_AUC: [4m0.9412[0m
Epoch [100/100], Loss: 30.5384
val_Accuracy: [92m0.7407[0m
val_Precision: [4;34m0.7504[0m,               val_Recall: [4;33m0.7075[0m,                 val_F1 Score: [4;35m0.7246[0m
æ ‡ç­¾é‡Œ1çš„ä¸ªæ•°:  430
æ ‡ç­¾é‡Œ0çš„ä¸ªæ•°:  430
æ€»æ•°:  860
æ­£ç¡®çš„ä¸ªæ•°:  637
Epoch [100/100], V_AUC: [4m0.7389[0m
ç¬¬0æ‰¹ç¬¬2ä¸ª, 100
ç¬¬0æ‰¹ç¬¬15ä¸ª, 100
ç¬¬1æ‰¹ç¬¬0ä¸ª, 100
ç¬¬1æ‰¹ç¬¬29ä¸ª, 100
ç¬¬1æ‰¹ç¬¬30ä¸ª, 100
send email successfully
