2024-06-24-22:50:03
1æ’åº128-0.5
åˆ›å»ºæ¨¡å‹å®ä¾‹
æ¨¡å‹å®ä¾‹åˆ›å»ºå®Œæˆ
åŠ è½½é¢„è®­ç»ƒå‚æ•°
é¢„è®­ç»ƒå‚æ•°åŠ è½½å®Œæˆ
Epoch [1/100], Loss: 61.0974
train_Accuracy: [91m0.8030[0m
train_Precision: [4;34m0.8236[0m,               train_Recall: [4;33m0.7812[0m,                 train_F1 Score: [4;35m0.7965[0m
æ ‡ç­¾é‡Œ1çš„ä¸ªæ•°:  2150
æ ‡ç­¾é‡Œ0çš„ä¸ªæ•°:  2150
æ€»æ•°:  4300
æ­£ç¡®çš„ä¸ªæ•°:  3453
æœ€åä¸€ä¸ªæ‰¹æ¬¡çš„è¾“å‡º, ä¸æ»¡batchsizeæ˜¯æ­£å¸¸çš„:
 tensor([[0.8857],
        [0.8280],
        [0.9746],
        [0.1894],
        [0.8211],
        [0.1467],
        [0.4762],
        [0.3628],
        [0.4318],
        [0.8891],
        [0.0452],
        [0.0580]], device='cuda:0', grad_fn=<SigmoidBackward0>)
Epoch [1/100], T_AUC: [4m0.8091[0m
Epoch [1/100], Loss: 13.8144
val_Accuracy: [92m0.7942[0m
val_Precision: [4;34m0.8099[0m,               val_Recall: [4;33m0.7624[0m,                 val_F1 Score: [4;35m0.7802[0m
æ ‡ç­¾é‡Œ1çš„ä¸ªæ•°:  430
æ ‡ç­¾é‡Œ0çš„ä¸ªæ•°:  430
æ€»æ•°:  860
æ­£ç¡®çš„ä¸ªæ•°:  683
Epoch [1/100], V_AUC: [4m0.7912[0m
Epoch [2/100], Loss: 58.0039
train_Accuracy: [91m0.8137[0m
train_Precision: [4;34m0.8370[0m,               train_Recall: [4;33m0.7896[0m,                 train_F1 Score: [4;35m0.8075[0m
æ ‡ç­¾é‡Œ1çš„ä¸ªæ•°:  2150
æ ‡ç­¾é‡Œ0çš„ä¸ªæ•°:  2150
æ€»æ•°:  4300
æ­£ç¡®çš„ä¸ªæ•°:  3499
æœ€åä¸€ä¸ªæ‰¹æ¬¡çš„è¾“å‡º, ä¸æ»¡batchsizeæ˜¯æ­£å¸¸çš„:
 tensor([[0.9252],
        [0.8325],
        [0.9676],
        [0.1842],
        [0.7668],
        [0.1406],
        [0.4910],
        [0.3207],
        [0.5290],
        [0.9185],
        [0.0336],
        [0.0674]], device='cuda:0', grad_fn=<SigmoidBackward0>)
Epoch [2/100], T_AUC: [4m0.8202[0m
Epoch [2/100], Loss: 13.7242
val_Accuracy: [92m0.7907[0m
val_Precision: [4;34m0.8069[0m,               val_Recall: [4;33m0.7571[0m,                 val_F1 Score: [4;35m0.7761[0m
æ ‡ç­¾é‡Œ1çš„ä¸ªæ•°:  430
æ ‡ç­¾é‡Œ0çš„ä¸ªæ•°:  430
æ€»æ•°:  860
æ­£ç¡®çš„ä¸ªæ•°:  680
Epoch [2/100], V_AUC: [4m0.7875[0m
Epoch [3/100], Loss: 57.1665
train_Accuracy: [91m0.8165[0m
train_Precision: [4;34m0.8380[0m,               train_Recall: [4;33m0.7957[0m,                 train_F1 Score: [4;35m0.8108[0m
æ ‡ç­¾é‡Œ1çš„ä¸ªæ•°:  2150
æ ‡ç­¾é‡Œ0çš„ä¸ªæ•°:  2150
æ€»æ•°:  4300
æ­£ç¡®çš„ä¸ªæ•°:  3511
æœ€åä¸€ä¸ªæ‰¹æ¬¡çš„è¾“å‡º, ä¸æ»¡batchsizeæ˜¯æ­£å¸¸çš„:
 tensor([[0.9143],
        [0.8308],
        [0.9781],
        [0.1757],
        [0.8109],
        [0.1504],
        [0.4334],
        [0.2899],
        [0.5792],
        [0.9043],
        [0.0362],
        [0.0583]], device='cuda:0', grad_fn=<SigmoidBackward0>)
Epoch [3/100], T_AUC: [4m0.8233[0m
Epoch [3/100], Loss: 13.9673
val_Accuracy: [92m0.7965[0m
val_Precision: [4;34m0.8152[0m,               val_Recall: [4;33m0.7570[0m,                 val_F1 Score: [4;35m0.7806[0m
æ ‡ç­¾é‡Œ1çš„ä¸ªæ•°:  430
æ ‡ç­¾é‡Œ0çš„ä¸ªæ•°:  430
æ€»æ•°:  860
æ­£ç¡®çš„ä¸ªæ•°:  685
Epoch [3/100], V_AUC: [4m0.7933[0m
Epoch [4/100], Loss: 56.5576
train_Accuracy: [91m0.8209[0m
train_Precision: [4;34m0.8402[0m,               train_Recall: [4;33m0.8021[0m,                 train_F1 Score: [4;35m0.8157[0m
æ ‡ç­¾é‡Œ1çš„ä¸ªæ•°:  2150
æ ‡ç­¾é‡Œ0çš„ä¸ªæ•°:  2150
æ€»æ•°:  4300
æ­£ç¡®çš„ä¸ªæ•°:  3530
æœ€åä¸€ä¸ªæ‰¹æ¬¡çš„è¾“å‡º, ä¸æ»¡batchsizeæ˜¯æ­£å¸¸çš„:
 tensor([[0.9219],
        [0.8497],
        [0.9806],
        [0.1360],
        [0.8404],
        [0.1096],
        [0.4077],
        [0.3127],
        [0.6131],
        [0.9106],
        [0.0327],
        [0.0610]], device='cuda:0', grad_fn=<SigmoidBackward0>)
Epoch [4/100], T_AUC: [4m0.8273[0m
Epoch [4/100], Loss: 13.9417
val_Accuracy: [92m0.7965[0m
val_Precision: [4;34m0.8171[0m,               val_Recall: [4;33m0.7545[0m,                 val_F1 Score: [4;35m0.7796[0m
æ ‡ç­¾é‡Œ1çš„ä¸ªæ•°:  430
æ ‡ç­¾é‡Œ0çš„ä¸ªæ•°:  430
æ€»æ•°:  860
æ­£ç¡®çš„ä¸ªæ•°:  685
Epoch [4/100], V_AUC: [4m0.7937[0m
Epoch [5/100], Loss: 56.2851
train_Accuracy: [91m0.8200[0m
train_Precision: [4;34m0.8403[0m,               train_Recall: [4;33m0.7995[0m,                 train_F1 Score: [4;35m0.8143[0m
æ ‡ç­¾é‡Œ1çš„ä¸ªæ•°:  2150
æ ‡ç­¾é‡Œ0çš„ä¸ªæ•°:  2150
æ€»æ•°:  4300
æ­£ç¡®çš„ä¸ªæ•°:  3526
æœ€åä¸€ä¸ªæ‰¹æ¬¡çš„è¾“å‡º, ä¸æ»¡batchsizeæ˜¯æ­£å¸¸çš„:
 tensor([[0.9159],
        [0.8807],
        [0.9858],
        [0.1484],
        [0.8008],
        [0.1017],
        [0.4029],
        [0.2922],
        [0.5672],
        [0.9145],
        [0.0360],
        [0.0599]], device='cuda:0', grad_fn=<SigmoidBackward0>)
Epoch [5/100], T_AUC: [4m0.8264[0m
Epoch [5/100], Loss: 14.0192
val_Accuracy: [92m0.7977[0m
val_Precision: [4;34m0.8156[0m,               val_Recall: [4;33m0.7585[0m,                 val_F1 Score: [4;35m0.7807[0m
æ ‡ç­¾é‡Œ1çš„ä¸ªæ•°:  430
æ ‡ç­¾é‡Œ0çš„ä¸ªæ•°:  430
æ€»æ•°:  860
æ­£ç¡®çš„ä¸ªæ•°:  686
Epoch [5/100], V_AUC: [4m0.7946[0m
Epoch [6/100], Loss: 55.2746
train_Accuracy: [91m0.8253[0m
train_Precision: [4;34m0.8465[0m,               train_Recall: [4;33m0.8048[0m,                 train_F1 Score: [4;35m0.8199[0m
æ ‡ç­¾é‡Œ1çš„ä¸ªæ•°:  2150
æ ‡ç­¾é‡Œ0çš„ä¸ªæ•°:  2150
æ€»æ•°:  4300
æ­£ç¡®çš„ä¸ªæ•°:  3549
æœ€åä¸€ä¸ªæ‰¹æ¬¡çš„è¾“å‡º, ä¸æ»¡batchsizeæ˜¯æ­£å¸¸çš„:
 tensor([[0.8948],
        [0.8478],
        [0.9843],
        [0.1434],
        [0.8555],
        [0.1010],
        [0.3446],
        [0.3855],
        [0.6503],
        [0.9151],
        [0.0311],
        [0.0574]], device='cuda:0', grad_fn=<SigmoidBackward0>)
Epoch [6/100], T_AUC: [4m0.8319[0m
Epoch [6/100], Loss: 14.2940
val_Accuracy: [92m0.7930[0m
val_Precision: [4;34m0.8180[0m,               val_Recall: [4;33m0.7447[0m,                 val_F1 Score: [4;35m0.7742[0m
æ ‡ç­¾é‡Œ1çš„ä¸ªæ•°:  430
æ ‡ç­¾é‡Œ0çš„ä¸ªæ•°:  430
æ€»æ•°:  860
æ­£ç¡®çš„ä¸ªæ•°:  682
Epoch [6/100], V_AUC: [4m0.7896[0m
Epoch [7/100], Loss: 55.0471
train_Accuracy: [91m0.8267[0m
train_Precision: [4;34m0.8475[0m,               train_Recall: [4;33m0.8071[0m,                 train_F1 Score: [4;35m0.8213[0m
æ ‡ç­¾é‡Œ1çš„ä¸ªæ•°:  2150
æ ‡ç­¾é‡Œ0çš„ä¸ªæ•°:  2150
æ€»æ•°:  4300
æ­£ç¡®çš„ä¸ªæ•°:  3555
æœ€åä¸€ä¸ªæ‰¹æ¬¡çš„è¾“å‡º, ä¸æ»¡batchsizeæ˜¯æ­£å¸¸çš„:
 tensor([[0.8921],
        [0.8348],
        [0.9868],
        [0.1130],
        [0.8801],
        [0.0951],
        [0.3749],
        [0.3879],
        [0.6060],
        [0.9007],
        [0.0445],
        [0.0545]], device='cuda:0', grad_fn=<SigmoidBackward0>)
Epoch [7/100], T_AUC: [4m0.8329[0m
Epoch [7/100], Loss: 14.3250
val_Accuracy: [92m0.7860[0m
val_Precision: [4;34m0.8078[0m,               val_Recall: [4;33m0.7402[0m,                 val_F1 Score: [4;35m0.7677[0m
æ ‡ç­¾é‡Œ1çš„ä¸ªæ•°:  430
æ ‡ç­¾é‡Œ0çš„ä¸ªæ•°:  430
æ€»æ•°:  860
æ­£ç¡®çš„ä¸ªæ•°:  676
Epoch [7/100], V_AUC: [4m0.7831[0m
Epoch [8/100], Loss: 54.3097
train_Accuracy: [91m0.8309[0m
train_Precision: [4;34m0.8500[0m,               train_Recall: [4;33m0.8132[0m,                 train_F1 Score: [4;35m0.8262[0m
æ ‡ç­¾é‡Œ1çš„ä¸ªæ•°:  2150
æ ‡ç­¾é‡Œ0çš„ä¸ªæ•°:  2150
æ€»æ•°:  4300
æ­£ç¡®çš„ä¸ªæ•°:  3573
æœ€åä¸€ä¸ªæ‰¹æ¬¡çš„è¾“å‡º, ä¸æ»¡batchsizeæ˜¯æ­£å¸¸çš„:
 tensor([[0.8862],
        [0.8089],
        [0.9905],
        [0.1637],
        [0.8774],
        [0.0644],
        [0.3235],
        [0.2946],
        [0.7438],
        [0.8967],
        [0.0448],
        [0.0547]], device='cuda:0', grad_fn=<SigmoidBackward0>)
Epoch [8/100], T_AUC: [4m0.8370[0m
Epoch [8/100], Loss: 14.4737
val_Accuracy: [92m0.7919[0m
val_Precision: [4;34m0.8201[0m,               val_Recall: [4;33m0.7375[0m,                 val_F1 Score: [4;35m0.7726[0m
æ ‡ç­¾é‡Œ1çš„ä¸ªæ•°:  430
æ ‡ç­¾é‡Œ0çš„ä¸ªæ•°:  430
æ€»æ•°:  860
æ­£ç¡®çš„ä¸ªæ•°:  681
Epoch [8/100], V_AUC: [4m0.7883[0m
Epoch [9/100], Loss: 53.7646
train_Accuracy: [91m0.8344[0m
train_Precision: [4;34m0.8545[0m,               train_Recall: [4;33m0.8149[0m,                 train_F1 Score: [4;35m0.8290[0m
æ ‡ç­¾é‡Œ1çš„ä¸ªæ•°:  2150
æ ‡ç­¾é‡Œ0çš„ä¸ªæ•°:  2150
æ€»æ•°:  4300
æ­£ç¡®çš„ä¸ªæ•°:  3588
æœ€åä¸€ä¸ªæ‰¹æ¬¡çš„è¾“å‡º, ä¸æ»¡batchsizeæ˜¯æ­£å¸¸çš„:
 tensor([[0.9118],
        [0.8516],
        [0.9844],
        [0.1356],
        [0.8797],
        [0.0775],
        [0.3438],
        [0.3263],
        [0.6821],
        [0.9063],
        [0.0332],
        [0.0621]], device='cuda:0', grad_fn=<SigmoidBackward0>)
Epoch [9/100], T_AUC: [4m0.8408[0m
Epoch [9/100], Loss: 14.5717
val_Accuracy: [92m0.7884[0m
val_Precision: [4;34m0.8069[0m,               val_Recall: [4;33m0.7471[0m,                 val_F1 Score: [4;35m0.7712[0m
æ ‡ç­¾é‡Œ1çš„ä¸ªæ•°:  430
æ ‡ç­¾é‡Œ0çš„ä¸ªæ•°:  430
æ€»æ•°:  860
æ­£ç¡®çš„ä¸ªæ•°:  678
Epoch [9/100], V_AUC: [4m0.7860[0m
Epoch [10/100], Loss: 53.6428
train_Accuracy: [91m0.8340[0m
train_Precision: [4;34m0.8523[0m,               train_Recall: [4;33m0.8170[0m,                 train_F1 Score: [4;35m0.8292[0m
æ ‡ç­¾é‡Œ1çš„ä¸ªæ•°:  2150
æ ‡ç­¾é‡Œ0çš„ä¸ªæ•°:  2150
æ€»æ•°:  4300
æ­£ç¡®çš„ä¸ªæ•°:  3586
æœ€åä¸€ä¸ªæ‰¹æ¬¡çš„è¾“å‡º, ä¸æ»¡batchsizeæ˜¯æ­£å¸¸çš„:
 tensor([[0.9040],
        [0.8452],
        [0.9838],
        [0.1107],
        [0.9456],
        [0.0616],
        [0.3487],
        [0.3914],
        [0.7137],
        [0.8838],
        [0.0341],
        [0.0395]], device='cuda:0', grad_fn=<SigmoidBackward0>)
Epoch [10/100], T_AUC: [4m0.8401[0m
Epoch [10/100], Loss: 14.7980
val_Accuracy: [92m0.7884[0m
val_Precision: [4;34m0.8039[0m,               val_Recall: [4;33m0.7538[0m,                 val_F1 Score: [4;35m0.7727[0m
æ ‡ç­¾é‡Œ1çš„ä¸ªæ•°:  430
æ ‡ç­¾é‡Œ0çš„ä¸ªæ•°:  430
æ€»æ•°:  860
æ­£ç¡®çš„ä¸ªæ•°:  678
Epoch [10/100], V_AUC: [4m0.7857[0m
Epoch [11/100], Loss: 53.4071
train_Accuracy: [91m0.8360[0m
train_Precision: [4;34m0.8516[0m,               train_Recall: [4;33m0.8226[0m,                 train_F1 Score: [4;35m0.8319[0m
æ ‡ç­¾é‡Œ1çš„ä¸ªæ•°:  2150
æ ‡ç­¾é‡Œ0çš„ä¸ªæ•°:  2150
æ€»æ•°:  4300
æ­£ç¡®çš„ä¸ªæ•°:  3595
æœ€åä¸€ä¸ªæ‰¹æ¬¡çš„è¾“å‡º, ä¸æ»¡batchsizeæ˜¯æ­£å¸¸çš„:
 tensor([[0.9104],
        [0.8468],
        [0.9881],
        [0.1421],
        [0.9207],
        [0.0634],
        [0.3631],
        [0.3260],
        [0.7094],
        [0.8524],
        [0.0313],
        [0.0508]], device='cuda:0', grad_fn=<SigmoidBackward0>)
Epoch [11/100], T_AUC: [4m0.8420[0m
Epoch [11/100], Loss: 14.7206
val_Accuracy: [92m0.7814[0m
val_Precision: [4;34m0.7910[0m,               val_Recall: [4;33m0.7510[0m,                 val_F1 Score: [4;35m0.7658[0m
æ ‡ç­¾é‡Œ1çš„ä¸ªæ•°:  430
æ ‡ç­¾é‡Œ0çš„ä¸ªæ•°:  430
æ€»æ•°:  860
æ­£ç¡®çš„ä¸ªæ•°:  672
Epoch [11/100], V_AUC: [4m0.7780[0m
Epoch [12/100], Loss: 52.7022
train_Accuracy: [91m0.8367[0m
train_Precision: [4;34m0.8578[0m,               train_Recall: [4;33m0.8145[0m,                 train_F1 Score: [4;35m0.8309[0m
æ ‡ç­¾é‡Œ1çš„ä¸ªæ•°:  2150
æ ‡ç­¾é‡Œ0çš„ä¸ªæ•°:  2150
æ€»æ•°:  4300
æ­£ç¡®çš„ä¸ªæ•°:  3598
æœ€åä¸€ä¸ªæ‰¹æ¬¡çš„è¾“å‡º, ä¸æ»¡batchsizeæ˜¯æ­£å¸¸çš„:
 tensor([[0.9212],
        [0.8907],
        [0.9855],
        [0.1331],
        [0.9369],
        [0.0605],
        [0.2986],
        [0.2455],
        [0.7437],
        [0.9189],
        [0.0240],
        [0.0403]], device='cuda:0', grad_fn=<SigmoidBackward0>)
Epoch [12/100], T_AUC: [4m0.8423[0m
Epoch [12/100], Loss: 15.1076
val_Accuracy: [92m0.7814[0m
val_Precision: [4;34m0.8018[0m,               val_Recall: [4;33m0.7356[0m,                 val_F1 Score: [4;35m0.7631[0m
æ ‡ç­¾é‡Œ1çš„ä¸ªæ•°:  430
æ ‡ç­¾é‡Œ0çš„ä¸ªæ•°:  430
æ€»æ•°:  860
æ­£ç¡®çš„ä¸ªæ•°:  672
Epoch [12/100], V_AUC: [4m0.7786[0m
Epoch [13/100], Loss: 51.7518
train_Accuracy: [91m0.8391[0m
train_Precision: [4;34m0.8567[0m,               train_Recall: [4;33m0.8205[0m,                 train_F1 Score: [4;35m0.8336[0m
æ ‡ç­¾é‡Œ1çš„ä¸ªæ•°:  2150
æ ‡ç­¾é‡Œ0çš„ä¸ªæ•°:  2150
æ€»æ•°:  4300
æ­£ç¡®çš„ä¸ªæ•°:  3608
æœ€åä¸€ä¸ªæ‰¹æ¬¡çš„è¾“å‡º, ä¸æ»¡batchsizeæ˜¯æ­£å¸¸çš„:
 tensor([[0.9218],
        [0.9032],
        [0.9727],
        [0.0782],
        [0.9128],
        [0.0590],
        [0.2455],
        [0.4621],
        [0.8217],
        [0.8694],
        [0.0325],
        [0.0615]], device='cuda:0', grad_fn=<SigmoidBackward0>)
Epoch [13/100], T_AUC: [4m0.8444[0m
Epoch [13/100], Loss: 15.0213
val_Accuracy: [92m0.7826[0m
val_Precision: [4;34m0.7976[0m,               val_Recall: [4;33m0.7444[0m,                 val_F1 Score: [4;35m0.7660[0m
æ ‡ç­¾é‡Œ1çš„ä¸ªæ•°:  430
æ ‡ç­¾é‡Œ0çš„ä¸ªæ•°:  430
æ€»æ•°:  860
æ­£ç¡®çš„ä¸ªæ•°:  673
Epoch [13/100], V_AUC: [4m0.7797[0m
Epoch [14/100], Loss: 50.6035
train_Accuracy: [91m0.8472[0m
train_Precision: [4;34m0.8652[0m,               train_Recall: [4;33m0.8309[0m,                 train_F1 Score: [4;35m0.8433[0m
æ ‡ç­¾é‡Œ1çš„ä¸ªæ•°:  2150
æ ‡ç­¾é‡Œ0çš„ä¸ªæ•°:  2150
æ€»æ•°:  4300
æ­£ç¡®çš„ä¸ªæ•°:  3643
æœ€åä¸€ä¸ªæ‰¹æ¬¡çš„è¾“å‡º, ä¸æ»¡batchsizeæ˜¯æ­£å¸¸çš„:
 tensor([[0.9293],
        [0.8970],
        [0.9890],
        [0.0710],
        [0.8550],
        [0.0714],
        [0.2801],
        [0.2814],
        [0.8297],
        [0.8873],
        [0.0351],
        [0.0532]], device='cuda:0', grad_fn=<SigmoidBackward0>)
Epoch [14/100], T_AUC: [4m0.8527[0m
Epoch [14/100], Loss: 15.3149
val_Accuracy: [92m0.7779[0m
val_Precision: [4;34m0.7875[0m,               val_Recall: [4;33m0.7479[0m,                 val_F1 Score: [4;35m0.7632[0m
æ ‡ç­¾é‡Œ1çš„ä¸ªæ•°:  430
æ ‡ç­¾é‡Œ0çš„ä¸ªæ•°:  430
æ€»æ•°:  860
æ­£ç¡®çš„ä¸ªæ•°:  669
Epoch [14/100], V_AUC: [4m0.7752[0m
Epoch [15/100], Loss: 49.6837
train_Accuracy: [91m0.8498[0m
train_Precision: [4;34m0.8691[0m,               train_Recall: [4;33m0.8307[0m,                 train_F1 Score: [4;35m0.8455[0m
æ ‡ç­¾é‡Œ1çš„ä¸ªæ•°:  2150
æ ‡ç­¾é‡Œ0çš„ä¸ªæ•°:  2150
æ€»æ•°:  4300
æ­£ç¡®çš„ä¸ªæ•°:  3654
æœ€åä¸€ä¸ªæ‰¹æ¬¡çš„è¾“å‡º, ä¸æ»¡batchsizeæ˜¯æ­£å¸¸çš„:
 tensor([[0.8942],
        [0.9185],
        [0.9892],
        [0.0731],
        [0.9404],
        [0.0489],
        [0.1441],
        [0.2055],
        [0.8718],
        [0.9324],
        [0.0604],
        [0.0320]], device='cuda:0', grad_fn=<SigmoidBackward0>)
Epoch [15/100], T_AUC: [4m0.8547[0m
Epoch [15/100], Loss: 15.6266
val_Accuracy: [92m0.7779[0m
val_Precision: [4;34m0.7939[0m,               val_Recall: [4;33m0.7402[0m,                 val_F1 Score: [4;35m0.7610[0m
æ ‡ç­¾é‡Œ1çš„ä¸ªæ•°:  430
æ ‡ç­¾é‡Œ0çš„ä¸ªæ•°:  430
æ€»æ•°:  860
æ­£ç¡®çš„ä¸ªæ•°:  669
Epoch [15/100], V_AUC: [4m0.7742[0m
Epoch [16/100], Loss: 49.2218
train_Accuracy: [91m0.8484[0m
train_Precision: [4;34m0.8669[0m,               train_Recall: [4;33m0.8308[0m,                 train_F1 Score: [4;35m0.8446[0m
æ ‡ç­¾é‡Œ1çš„ä¸ªæ•°:  2150
æ ‡ç­¾é‡Œ0çš„ä¸ªæ•°:  2150
æ€»æ•°:  4300
æ­£ç¡®çš„ä¸ªæ•°:  3648
æœ€åä¸€ä¸ªæ‰¹æ¬¡çš„è¾“å‡º, ä¸æ»¡batchsizeæ˜¯æ­£å¸¸çš„:
 tensor([[0.9193],
        [0.9380],
        [0.9886],
        [0.0883],
        [0.9446],
        [0.0420],
        [0.1626],
        [0.2298],
        [0.8108],
        [0.9158],
        [0.0284],
        [0.0611]], device='cuda:0', grad_fn=<SigmoidBackward0>)
Epoch [16/100], T_AUC: [4m0.8536[0m
Epoch [16/100], Loss: 15.3785
val_Accuracy: [92m0.7744[0m
val_Precision: [4;34m0.7884[0m,               val_Recall: [4;33m0.7403[0m,                 val_F1 Score: [4;35m0.7589[0m
æ ‡ç­¾é‡Œ1çš„ä¸ªæ•°:  430
æ ‡ç­¾é‡Œ0çš„ä¸ªæ•°:  430
æ€»æ•°:  860
æ­£ç¡®çš„ä¸ªæ•°:  666
Epoch [16/100], V_AUC: [4m0.7712[0m
Epoch [17/100], Loss: 48.1334
train_Accuracy: [91m0.8537[0m
train_Precision: [4;34m0.8729[0m,               train_Recall: [4;33m0.8362[0m,                 train_F1 Score: [4;35m0.8497[0m
æ ‡ç­¾é‡Œ1çš„ä¸ªæ•°:  2150
æ ‡ç­¾é‡Œ0çš„ä¸ªæ•°:  2150
æ€»æ•°:  4300
æ­£ç¡®çš„ä¸ªæ•°:  3671
æœ€åä¸€ä¸ªæ‰¹æ¬¡çš„è¾“å‡º, ä¸æ»¡batchsizeæ˜¯æ­£å¸¸çš„:
 tensor([[0.9461],
        [0.9405],
        [0.9869],
        [0.0872],
        [0.9483],
        [0.0290],
        [0.1975],
        [0.1846],
        [0.7744],
        [0.9200],
        [0.0245],
        [0.0719]], device='cuda:0', grad_fn=<SigmoidBackward0>)
Epoch [17/100], T_AUC: [4m0.8591[0m
Epoch [17/100], Loss: 16.1524
val_Accuracy: [92m0.7802[0m
val_Precision: [4;34m0.7933[0m,               val_Recall: [4;33m0.7477[0m,                 val_F1 Score: [4;35m0.7652[0m
æ ‡ç­¾é‡Œ1çš„ä¸ªæ•°:  430
æ ‡ç­¾é‡Œ0çš„ä¸ªæ•°:  430
æ€»æ•°:  860
æ­£ç¡®çš„ä¸ªæ•°:  671
Epoch [17/100], V_AUC: [4m0.7777[0m
Epoch [18/100], Loss: 47.0465
train_Accuracy: [91m0.8598[0m
train_Precision: [4;34m0.8775[0m,               train_Recall: [4;33m0.8427[0m,                 train_F1 Score: [4;35m0.8558[0m
æ ‡ç­¾é‡Œ1çš„ä¸ªæ•°:  2150
æ ‡ç­¾é‡Œ0çš„ä¸ªæ•°:  2150
æ€»æ•°:  4300
æ­£ç¡®çš„ä¸ªæ•°:  3697
æœ€åä¸€ä¸ªæ‰¹æ¬¡çš„è¾“å‡º, ä¸æ»¡batchsizeæ˜¯æ­£å¸¸çš„:
 tensor([[0.9142],
        [0.9508],
        [0.9830],
        [0.0721],
        [0.9273],
        [0.0314],
        [0.2498],
        [0.2995],
        [0.8432],
        [0.8990],
        [0.0164],
        [0.1010]], device='cuda:0', grad_fn=<SigmoidBackward0>)
Epoch [18/100], T_AUC: [4m0.8651[0m
Epoch [18/100], Loss: 16.2321
val_Accuracy: [92m0.7814[0m
val_Precision: [4;34m0.8011[0m,               val_Recall: [4;33m0.7396[0m,                 val_F1 Score: [4;35m0.7646[0m
æ ‡ç­¾é‡Œ1çš„ä¸ªæ•°:  430
æ ‡ç­¾é‡Œ0çš„ä¸ªæ•°:  430
æ€»æ•°:  860
æ­£ç¡®çš„ä¸ªæ•°:  672
Epoch [18/100], V_AUC: [4m0.7796[0m
Epoch [19/100], Loss: 47.0193
train_Accuracy: [91m0.8619[0m
train_Precision: [4;34m0.8800[0m,               train_Recall: [4;33m0.8455[0m,                 train_F1 Score: [4;35m0.8588[0m
æ ‡ç­¾é‡Œ1çš„ä¸ªæ•°:  2150
æ ‡ç­¾é‡Œ0çš„ä¸ªæ•°:  2150
æ€»æ•°:  4300
æ­£ç¡®çš„ä¸ªæ•°:  3706
æœ€åä¸€ä¸ªæ‰¹æ¬¡çš„è¾“å‡º, ä¸æ»¡batchsizeæ˜¯æ­£å¸¸çš„:
 tensor([[0.9555],
        [0.9656],
        [0.9919],
        [0.0687],
        [0.9121],
        [0.0333],
        [0.1169],
        [0.2522],
        [0.8391],
        [0.9293],
        [0.0107],
        [0.0626]], device='cuda:0', grad_fn=<SigmoidBackward0>)
Epoch [19/100], T_AUC: [4m0.8672[0m
Epoch [19/100], Loss: 16.5023
val_Accuracy: [92m0.7826[0m
val_Precision: [4;34m0.7964[0m,               val_Recall: [4;33m0.7478[0m,                 val_F1 Score: [4;35m0.7662[0m
æ ‡ç­¾é‡Œ1çš„ä¸ªæ•°:  430
æ ‡ç­¾é‡Œ0çš„ä¸ªæ•°:  430
æ€»æ•°:  860
æ­£ç¡®çš„ä¸ªæ•°:  673
Epoch [19/100], V_AUC: [4m0.7798[0m
Epoch [20/100], Loss: 45.5388
train_Accuracy: [91m0.8640[0m
train_Precision: [4;34m0.8809[0m,               train_Recall: [4;33m0.8498[0m,                 train_F1 Score: [4;35m0.8607[0m
æ ‡ç­¾é‡Œ1çš„ä¸ªæ•°:  2150
æ ‡ç­¾é‡Œ0çš„ä¸ªæ•°:  2150
æ€»æ•°:  4300
æ­£ç¡®çš„ä¸ªæ•°:  3715
æœ€åä¸€ä¸ªæ‰¹æ¬¡çš„è¾“å‡º, ä¸æ»¡batchsizeæ˜¯æ­£å¸¸çš„:
 tensor([[0.8773],
        [0.9827],
        [0.9877],
        [0.0442],
        [0.9761],
        [0.0223],
        [0.1224],
        [0.3069],
        [0.8454],
        [0.9213],
        [0.0166],
        [0.0482]], device='cuda:0', grad_fn=<SigmoidBackward0>)
Epoch [20/100], T_AUC: [4m0.8692[0m
Epoch [20/100], Loss: 16.8847
val_Accuracy: [92m0.7884[0m
val_Precision: [4;34m0.7989[0m,               val_Recall: [4;33m0.7582[0m,                 val_F1 Score: [4;35m0.7726[0m
æ ‡ç­¾é‡Œ1çš„ä¸ªæ•°:  430
æ ‡ç­¾é‡Œ0çš„ä¸ªæ•°:  430
æ€»æ•°:  860
æ­£ç¡®çš„ä¸ªæ•°:  678
Epoch [20/100], V_AUC: [4m0.7854[0m
Epoch [21/100], Loss: 45.8934
train_Accuracy: [91m0.8614[0m
train_Precision: [4;34m0.8774[0m,               train_Recall: [4;33m0.8472[0m,                 train_F1 Score: [4;35m0.8580[0m
æ ‡ç­¾é‡Œ1çš„ä¸ªæ•°:  2150
æ ‡ç­¾é‡Œ0çš„ä¸ªæ•°:  2150
æ€»æ•°:  4300
æ­£ç¡®çš„ä¸ªæ•°:  3704
æœ€åä¸€ä¸ªæ‰¹æ¬¡çš„è¾“å‡º, ä¸æ»¡batchsizeæ˜¯æ­£å¸¸çš„:
 tensor([[0.9531],
        [0.9663],
        [0.9823],
        [0.0447],
        [0.9825],
        [0.0522],
        [0.1461],
        [0.2145],
        [0.9224],
        [0.9219],
        [0.0055],
        [0.0373]], device='cuda:0', grad_fn=<SigmoidBackward0>)
Epoch [21/100], T_AUC: [4m0.8665[0m
Epoch [21/100], Loss: 16.8178
val_Accuracy: [92m0.7860[0m
val_Precision: [4;34m0.8104[0m,               val_Recall: [4;33m0.7390[0m,                 val_F1 Score: [4;35m0.7674[0m
æ ‡ç­¾é‡Œ1çš„ä¸ªæ•°:  430
æ ‡ç­¾é‡Œ0çš„ä¸ªæ•°:  430
æ€»æ•°:  860
æ­£ç¡®çš„ä¸ªæ•°:  676
Epoch [21/100], V_AUC: [4m0.7835[0m
Epoch [22/100], Loss: 44.1689
train_Accuracy: [91m0.8667[0m
train_Precision: [4;34m0.8840[0m,               train_Recall: [4;33m0.8520[0m,                 train_F1 Score: [4;35m0.8637[0m
æ ‡ç­¾é‡Œ1çš„ä¸ªæ•°:  2150
æ ‡ç­¾é‡Œ0çš„ä¸ªæ•°:  2150
æ€»æ•°:  4300
æ­£ç¡®çš„ä¸ªæ•°:  3727
æœ€åä¸€ä¸ªæ‰¹æ¬¡çš„è¾“å‡º, ä¸æ»¡batchsizeæ˜¯æ­£å¸¸çš„:
 tensor([[0.9351],
        [0.9853],
        [0.9808],
        [0.0776],
        [0.9716],
        [0.0267],
        [0.0912],
        [0.1681],
        [0.9445],
        [0.9453],
        [0.0069],
        [0.0453]], device='cuda:0', grad_fn=<SigmoidBackward0>)
Epoch [22/100], T_AUC: [4m0.8721[0m
Epoch [22/100], Loss: 17.9014
val_Accuracy: [92m0.7802[0m
val_Precision: [4;34m0.7926[0m,               val_Recall: [4;33m0.7493[0m,                 val_F1 Score: [4;35m0.7658[0m
æ ‡ç­¾é‡Œ1çš„ä¸ªæ•°:  430
æ ‡ç­¾é‡Œ0çš„ä¸ªæ•°:  430
æ€»æ•°:  860
æ­£ç¡®çš„ä¸ªæ•°:  671
Epoch [22/100], V_AUC: [4m0.7783[0m
Epoch [23/100], Loss: 42.5868
train_Accuracy: [91m0.8765[0m
train_Precision: [4;34m0.8951[0m,               train_Recall: [4;33m0.8582[0m,                 train_F1 Score: [4;35m0.8728[0m
æ ‡ç­¾é‡Œ1çš„ä¸ªæ•°:  2150
æ ‡ç­¾é‡Œ0çš„ä¸ªæ•°:  2150
æ€»æ•°:  4300
æ­£ç¡®çš„ä¸ªæ•°:  3769
æœ€åä¸€ä¸ªæ‰¹æ¬¡çš„è¾“å‡º, ä¸æ»¡batchsizeæ˜¯æ­£å¸¸çš„:
 tensor([[0.9320],
        [0.9891],
        [0.9883],
        [0.0290],
        [0.9790],
        [0.0215],
        [0.0665],
        [0.2845],
        [0.9458],
        [0.9007],
        [0.0066],
        [0.0727]], device='cuda:0', grad_fn=<SigmoidBackward0>)
Epoch [23/100], T_AUC: [4m0.8813[0m
Epoch [23/100], Loss: 18.4537
val_Accuracy: [92m0.7709[0m
val_Precision: [4;34m0.7900[0m,               val_Recall: [4;33m0.7341[0m,                 val_F1 Score: [4;35m0.7555[0m
æ ‡ç­¾é‡Œ1çš„ä¸ªæ•°:  430
æ ‡ç­¾é‡Œ0çš„ä¸ªæ•°:  430
æ€»æ•°:  860
æ­£ç¡®çš„ä¸ªæ•°:  663
Epoch [23/100], V_AUC: [4m0.7700[0m
Epoch [24/100], Loss: 41.6767
train_Accuracy: [91m0.8819[0m
train_Precision: [4;34m0.8976[0m,               train_Recall: [4;33m0.8667[0m,                 train_F1 Score: [4;35m0.8782[0m
æ ‡ç­¾é‡Œ1çš„ä¸ªæ•°:  2150
æ ‡ç­¾é‡Œ0çš„ä¸ªæ•°:  2150
æ€»æ•°:  4300
æ­£ç¡®çš„ä¸ªæ•°:  3792
æœ€åä¸€ä¸ªæ‰¹æ¬¡çš„è¾“å‡º, ä¸æ»¡batchsizeæ˜¯æ­£å¸¸çš„:
 tensor([[0.9450],
        [0.9739],
        [0.9732],
        [0.0597],
        [0.9786],
        [0.0254],
        [0.1226],
        [0.1320],
        [0.9543],
        [0.9776],
        [0.0033],
        [0.0429]], device='cuda:0', grad_fn=<SigmoidBackward0>)
Epoch [24/100], T_AUC: [4m0.8870[0m
Epoch [24/100], Loss: 18.5982
val_Accuracy: [92m0.7779[0m
val_Precision: [4;34m0.7897[0m,               val_Recall: [4;33m0.7450[0m,                 val_F1 Score: [4;35m0.7630[0m
æ ‡ç­¾é‡Œ1çš„ä¸ªæ•°:  430
æ ‡ç­¾é‡Œ0çš„ä¸ªæ•°:  430
æ€»æ•°:  860
æ­£ç¡®çš„ä¸ªæ•°:  669
Epoch [24/100], V_AUC: [4m0.7748[0m
Epoch [25/100], Loss: 41.8715
train_Accuracy: [91m0.8758[0m
train_Precision: [4;34m0.8946[0m,               train_Recall: [4;33m0.8586[0m,                 train_F1 Score: [4;35m0.8725[0m
æ ‡ç­¾é‡Œ1çš„ä¸ªæ•°:  2150
æ ‡ç­¾é‡Œ0çš„ä¸ªæ•°:  2150
æ€»æ•°:  4300
æ­£ç¡®çš„ä¸ªæ•°:  3766
æœ€åä¸€ä¸ªæ‰¹æ¬¡çš„è¾“å‡º, ä¸æ»¡batchsizeæ˜¯æ­£å¸¸çš„:
 tensor([[0.9441],
        [0.9741],
        [0.9372],
        [0.0406],
        [0.9944],
        [0.0140],
        [0.0943],
        [0.0789],
        [0.9764],
        [0.9319],
        [0.0239],
        [0.0469]], device='cuda:0', grad_fn=<SigmoidBackward0>)
Epoch [25/100], T_AUC: [4m0.8806[0m
Epoch [25/100], Loss: 18.4824
val_Accuracy: [92m0.7733[0m
val_Precision: [4;34m0.7930[0m,               val_Recall: [4;33m0.7325[0m,                 val_F1 Score: [4;35m0.7556[0m
æ ‡ç­¾é‡Œ1çš„ä¸ªæ•°:  430
æ ‡ç­¾é‡Œ0çš„ä¸ªæ•°:  430
æ€»æ•°:  860
æ­£ç¡®çš„ä¸ªæ•°:  665
Epoch [25/100], V_AUC: [4m0.7729[0m
Epoch [26/100], Loss: 39.5898
train_Accuracy: [91m0.8860[0m
train_Precision: [4;34m0.9021[0m,               train_Recall: [4;33m0.8715[0m,                 train_F1 Score: [4;35m0.8833[0m
æ ‡ç­¾é‡Œ1çš„ä¸ªæ•°:  2150
æ ‡ç­¾é‡Œ0çš„ä¸ªæ•°:  2150
æ€»æ•°:  4300
æ­£ç¡®çš„ä¸ªæ•°:  3810
æœ€åä¸€ä¸ªæ‰¹æ¬¡çš„è¾“å‡º, ä¸æ»¡batchsizeæ˜¯æ­£å¸¸çš„:
 tensor([[0.9548],
        [0.9829],
        [0.9753],
        [0.0498],
        [0.9914],
        [0.0537],
        [0.0439],
        [0.1099],
        [0.8504],
        [0.9637],
        [0.0108],
        [0.0519]], device='cuda:0', grad_fn=<SigmoidBackward0>)
Epoch [26/100], T_AUC: [4m0.8909[0m
Epoch [26/100], Loss: 18.8072
val_Accuracy: [92m0.7756[0m
val_Precision: [4;34m0.7972[0m,               val_Recall: [4;33m0.7328[0m,                 val_F1 Score: [4;35m0.7579[0m
æ ‡ç­¾é‡Œ1çš„ä¸ªæ•°:  430
æ ‡ç­¾é‡Œ0çš„ä¸ªæ•°:  430
æ€»æ•°:  860
æ­£ç¡®çš„ä¸ªæ•°:  667
Epoch [26/100], V_AUC: [4m0.7738[0m
Epoch [27/100], Loss: 37.1061
train_Accuracy: [91m0.8958[0m
train_Precision: [4;34m0.9130[0m,               train_Recall: [4;33m0.8806[0m,                 train_F1 Score: [4;35m0.8933[0m
æ ‡ç­¾é‡Œ1çš„ä¸ªæ•°:  2150
æ ‡ç­¾é‡Œ0çš„ä¸ªæ•°:  2150
æ€»æ•°:  4300
æ­£ç¡®çš„ä¸ªæ•°:  3852
æœ€åä¸€ä¸ªæ‰¹æ¬¡çš„è¾“å‡º, ä¸æ»¡batchsizeæ˜¯æ­£å¸¸çš„:
 tensor([[0.9377],
        [0.9831],
        [0.9749],
        [0.1380],
        [0.9906],
        [0.0195],
        [0.0417],
        [0.0571],
        [0.9659],
        [0.9687],
        [0.0106],
        [0.0355]], device='cuda:0', grad_fn=<SigmoidBackward0>)
Epoch [27/100], T_AUC: [4m0.9009[0m
Epoch [27/100], Loss: 19.5600
val_Accuracy: [92m0.7826[0m
val_Precision: [4;34m0.7993[0m,               val_Recall: [4;33m0.7403[0m,                 val_F1 Score: [4;35m0.7645[0m
æ ‡ç­¾é‡Œ1çš„ä¸ªæ•°:  430
æ ‡ç­¾é‡Œ0çš„ä¸ªæ•°:  430
æ€»æ•°:  860
æ­£ç¡®çš„ä¸ªæ•°:  673
Epoch [27/100], V_AUC: [4m0.7802[0m
Epoch [28/100], Loss: 37.1001
train_Accuracy: [91m0.8940[0m
train_Precision: [4;34m0.9105[0m,               train_Recall: [4;33m0.8795[0m,                 train_F1 Score: [4;35m0.8915[0m
æ ‡ç­¾é‡Œ1çš„ä¸ªæ•°:  2150
æ ‡ç­¾é‡Œ0çš„ä¸ªæ•°:  2150
æ€»æ•°:  4300
æ­£ç¡®çš„ä¸ªæ•°:  3844
æœ€åä¸€ä¸ªæ‰¹æ¬¡çš„è¾“å‡º, ä¸æ»¡batchsizeæ˜¯æ­£å¸¸çš„:
 tensor([[0.9229],
        [0.9849],
        [0.9794],
        [0.0658],
        [0.9884],
        [0.0183],
        [0.1665],
        [0.0439],
        [0.9858],
        [0.9358],
        [0.0215],
        [0.0143]], device='cuda:0', grad_fn=<SigmoidBackward0>)
Epoch [28/100], T_AUC: [4m0.8987[0m
Epoch [28/100], Loss: 19.6965
val_Accuracy: [92m0.7744[0m
val_Precision: [4;34m0.7977[0m,               val_Recall: [4;33m0.7240[0m,                 val_F1 Score: [4;35m0.7530[0m
æ ‡ç­¾é‡Œ1çš„ä¸ªæ•°:  430
æ ‡ç­¾é‡Œ0çš„ä¸ªæ•°:  430
æ€»æ•°:  860
æ­£ç¡®çš„ä¸ªæ•°:  666
Epoch [28/100], V_AUC: [4m0.7722[0m
Epoch [29/100], Loss: 36.8887
train_Accuracy: [91m0.8944[0m
train_Precision: [4;34m0.9101[0m,               train_Recall: [4;33m0.8812[0m,                 train_F1 Score: [4;35m0.8925[0m
æ ‡ç­¾é‡Œ1çš„ä¸ªæ•°:  2150
æ ‡ç­¾é‡Œ0çš„ä¸ªæ•°:  2150
æ€»æ•°:  4300
æ­£ç¡®çš„ä¸ªæ•°:  3846
æœ€åä¸€ä¸ªæ‰¹æ¬¡çš„è¾“å‡º, ä¸æ»¡batchsizeæ˜¯æ­£å¸¸çš„:
 tensor([[0.9765],
        [0.9819],
        [0.9893],
        [0.0313],
        [0.9976],
        [0.0339],
        [0.0331],
        [0.0552],
        [0.9502],
        [0.9243],
        [0.0074],
        [0.0425]], device='cuda:0', grad_fn=<SigmoidBackward0>)
Epoch [29/100], T_AUC: [4m0.8993[0m
Epoch [29/100], Loss: 20.9093
val_Accuracy: [92m0.7756[0m
val_Precision: [4;34m0.7944[0m,               val_Recall: [4;33m0.7294[0m,                 val_F1 Score: [4;35m0.7560[0m
æ ‡ç­¾é‡Œ1çš„ä¸ªæ•°:  430
æ ‡ç­¾é‡Œ0çš„ä¸ªæ•°:  430
æ€»æ•°:  860
æ­£ç¡®çš„ä¸ªæ•°:  667
Epoch [29/100], V_AUC: [4m0.7732[0m
Epoch [30/100], Loss: 35.2863
train_Accuracy: [91m0.8981[0m
train_Precision: [4;34m0.9169[0m,               train_Recall: [4;33m0.8816[0m,                 train_F1 Score: [4;35m0.8957[0m
æ ‡ç­¾é‡Œ1çš„ä¸ªæ•°:  2150
æ ‡ç­¾é‡Œ0çš„ä¸ªæ•°:  2150
æ€»æ•°:  4300
æ­£ç¡®çš„ä¸ªæ•°:  3862
æœ€åä¸€ä¸ªæ‰¹æ¬¡çš„è¾“å‡º, ä¸æ»¡batchsizeæ˜¯æ­£å¸¸çš„:
 tensor([[0.9767],
        [0.9837],
        [0.9586],
        [0.1065],
        [0.9714],
        [0.0286],
        [0.0365],
        [0.1426],
        [0.9916],
        [0.9411],
        [0.0042],
        [0.0421]], device='cuda:0', grad_fn=<SigmoidBackward0>)
Epoch [30/100], T_AUC: [4m0.9033[0m
Epoch [30/100], Loss: 19.9279
val_Accuracy: [92m0.7779[0m
val_Precision: [4;34m0.7985[0m,               val_Recall: [4;33m0.7340[0m,                 val_F1 Score: [4;35m0.7603[0m
æ ‡ç­¾é‡Œ1çš„ä¸ªæ•°:  430
æ ‡ç­¾é‡Œ0çš„ä¸ªæ•°:  430
æ€»æ•°:  860
æ­£ç¡®çš„ä¸ªæ•°:  669
Epoch [30/100], V_AUC: [4m0.7746[0m
Epoch [31/100], Loss: 35.7779
train_Accuracy: [91m0.8965[0m
train_Precision: [4;34m0.9115[0m,               train_Recall: [4;33m0.8830[0m,                 train_F1 Score: [4;35m0.8939[0m
æ ‡ç­¾é‡Œ1çš„ä¸ªæ•°:  2150
æ ‡ç­¾é‡Œ0çš„ä¸ªæ•°:  2150
æ€»æ•°:  4300
æ­£ç¡®çš„ä¸ªæ•°:  3855
æœ€åä¸€ä¸ªæ‰¹æ¬¡çš„è¾“å‡º, ä¸æ»¡batchsizeæ˜¯æ­£å¸¸çš„:
 tensor([[0.9629],
        [0.9829],
        [0.9656],
        [0.0840],
        [0.9907],
        [0.0611],
        [0.0391],
        [0.0846],
        [0.9860],
        [0.9170],
        [0.0085],
        [0.0126]], device='cuda:0', grad_fn=<SigmoidBackward0>)
Epoch [31/100], T_AUC: [4m0.9008[0m
Epoch [31/100], Loss: 20.8138
val_Accuracy: [92m0.7698[0m
val_Precision: [4;34m0.7884[0m,               val_Recall: [4;33m0.7287[0m,                 val_F1 Score: [4;35m0.7521[0m
æ ‡ç­¾é‡Œ1çš„ä¸ªæ•°:  430
æ ‡ç­¾é‡Œ0çš„ä¸ªæ•°:  430
æ€»æ•°:  860
æ­£ç¡®çš„ä¸ªæ•°:  662
Epoch [31/100], V_AUC: [4m0.7668[0m
Epoch [32/100], Loss: 33.3258
train_Accuracy: [91m0.9037[0m
train_Precision: [4;34m0.9188[0m,               train_Recall: [4;33m0.8915[0m,                 train_F1 Score: [4;35m0.9020[0m
æ ‡ç­¾é‡Œ1çš„ä¸ªæ•°:  2150
æ ‡ç­¾é‡Œ0çš„ä¸ªæ•°:  2150
æ€»æ•°:  4300
æ­£ç¡®çš„ä¸ªæ•°:  3886
æœ€åä¸€ä¸ªæ‰¹æ¬¡çš„è¾“å‡º, ä¸æ»¡batchsizeæ˜¯æ­£å¸¸çš„:
 tensor([[0.9842],
        [0.9521],
        [0.9539],
        [0.0548],
        [0.9837],
        [0.0906],
        [0.0474],
        [0.0248],
        [0.9725],
        [0.9932],
        [0.0128],
        [0.0254]], device='cuda:0', grad_fn=<SigmoidBackward0>)
Epoch [32/100], T_AUC: [4m0.9085[0m
Epoch [32/100], Loss: 21.9333
val_Accuracy: [92m0.7698[0m
val_Precision: [4;34m0.7863[0m,               val_Recall: [4;33m0.7312[0m,                 val_F1 Score: [4;35m0.7524[0m
æ ‡ç­¾é‡Œ1çš„ä¸ªæ•°:  430
æ ‡ç­¾é‡Œ0çš„ä¸ªæ•°:  430
æ€»æ•°:  860
æ­£ç¡®çš„ä¸ªæ•°:  662
Epoch [32/100], V_AUC: [4m0.7672[0m
Epoch [33/100], Loss: 31.9185
train_Accuracy: [91m0.9084[0m
train_Precision: [4;34m0.9220[0m,               train_Recall: [4;33m0.8971[0m,                 train_F1 Score: [4;35m0.9064[0m
æ ‡ç­¾é‡Œ1çš„ä¸ªæ•°:  2150
æ ‡ç­¾é‡Œ0çš„ä¸ªæ•°:  2150
æ€»æ•°:  4300
æ­£ç¡®çš„ä¸ªæ•°:  3906
æœ€åä¸€ä¸ªæ‰¹æ¬¡çš„è¾“å‡º, ä¸æ»¡batchsizeæ˜¯æ­£å¸¸çš„:
 tensor([[0.9894],
        [0.9348],
        [0.9786],
        [0.1563],
        [0.9981],
        [0.0621],
        [0.0242],
        [0.0454],
        [0.7031],
        [0.9836],
        [0.0106],
        [0.0239]], device='cuda:0', grad_fn=<SigmoidBackward0>)
Epoch [33/100], T_AUC: [4m0.9131[0m
Epoch [33/100], Loss: 22.1921
val_Accuracy: [92m0.7674[0m
val_Precision: [4;34m0.7897[0m,               val_Recall: [4;33m0.7241[0m,                 val_F1 Score: [4;35m0.7500[0m
æ ‡ç­¾é‡Œ1çš„ä¸ªæ•°:  430
æ ‡ç­¾é‡Œ0çš„ä¸ªæ•°:  430
æ€»æ•°:  860
æ­£ç¡®çš„ä¸ªæ•°:  660
Epoch [33/100], V_AUC: [4m0.7632[0m
Epoch [34/100], Loss: 31.1897
train_Accuracy: [91m0.9126[0m
train_Precision: [4;34m0.9265[0m,               train_Recall: [4;33m0.9001[0m,                 train_F1 Score: [4;35m0.9103[0m
æ ‡ç­¾é‡Œ1çš„ä¸ªæ•°:  2150
æ ‡ç­¾é‡Œ0çš„ä¸ªæ•°:  2150
æ€»æ•°:  4300
æ­£ç¡®çš„ä¸ªæ•°:  3924
æœ€åä¸€ä¸ªæ‰¹æ¬¡çš„è¾“å‡º, ä¸æ»¡batchsizeæ˜¯æ­£å¸¸çš„:
 tensor([[0.9913],
        [0.9514],
        [0.9795],
        [0.0456],
        [0.9985],
        [0.0397],
        [0.0125],
        [0.0405],
        [0.8969],
        [0.9936],
        [0.0109],
        [0.0209]], device='cuda:0', grad_fn=<SigmoidBackward0>)
Epoch [34/100], T_AUC: [4m0.9165[0m
Epoch [34/100], Loss: 22.5878
val_Accuracy: [92m0.7756[0m
val_Precision: [4;34m0.7886[0m,               val_Recall: [4;33m0.7424[0m,                 val_F1 Score: [4;35m0.7603[0m
æ ‡ç­¾é‡Œ1çš„ä¸ªæ•°:  430
æ ‡ç­¾é‡Œ0çš„ä¸ªæ•°:  430
æ€»æ•°:  860
æ­£ç¡®çš„ä¸ªæ•°:  667
Epoch [34/100], V_AUC: [4m0.7729[0m
Epoch [35/100], Loss: 31.8168
train_Accuracy: [91m0.9102[0m
train_Precision: [4;34m0.9243[0m,               train_Recall: [4;33m0.8969[0m,                 train_F1 Score: [4;35m0.9076[0m
æ ‡ç­¾é‡Œ1çš„ä¸ªæ•°:  2150
æ ‡ç­¾é‡Œ0çš„ä¸ªæ•°:  2150
æ€»æ•°:  4300
æ­£ç¡®çš„ä¸ªæ•°:  3914
æœ€åä¸€ä¸ªæ‰¹æ¬¡çš„è¾“å‡º, ä¸æ»¡batchsizeæ˜¯æ­£å¸¸çš„:
 tensor([[0.9940],
        [0.9888],
        [0.9804],
        [0.1052],
        [0.9993],
        [0.0088],
        [0.0429],
        [0.0535],
        [0.9518],
        [0.9377],
        [0.0027],
        [0.0107]], device='cuda:0', grad_fn=<SigmoidBackward0>)
Epoch [35/100], T_AUC: [4m0.9144[0m
Epoch [35/100], Loss: 24.2571
val_Accuracy: [92m0.7837[0m
val_Precision: [4;34m0.8057[0m,               val_Recall: [4;33m0.7352[0m,                 val_F1 Score: [4;35m0.7636[0m
æ ‡ç­¾é‡Œ1çš„ä¸ªæ•°:  430
æ ‡ç­¾é‡Œ0çš„ä¸ªæ•°:  430
æ€»æ•°:  860
æ­£ç¡®çš„ä¸ªæ•°:  674
Epoch [35/100], V_AUC: [4m0.7805[0m
Epoch [36/100], Loss: 29.5945
train_Accuracy: [91m0.9160[0m
train_Precision: [4;34m0.9256[0m,               train_Recall: [4;33m0.9089[0m,                 train_F1 Score: [4;35m0.9144[0m
æ ‡ç­¾é‡Œ1çš„ä¸ªæ•°:  2150
æ ‡ç­¾é‡Œ0çš„ä¸ªæ•°:  2150
æ€»æ•°:  4300
æ­£ç¡®çš„ä¸ªæ•°:  3939
æœ€åä¸€ä¸ªæ‰¹æ¬¡çš„è¾“å‡º, ä¸æ»¡batchsizeæ˜¯æ­£å¸¸çš„:
 tensor([[0.9693],
        [0.8917],
        [0.9932],
        [0.2300],
        [0.9747],
        [0.0661],
        [0.0934],
        [0.0657],
        [0.9862],
        [0.9433],
        [0.0035],
        [0.0142]], device='cuda:0', grad_fn=<SigmoidBackward0>)
Epoch [36/100], T_AUC: [4m0.9201[0m
Epoch [36/100], Loss: 22.5980
val_Accuracy: [92m0.7605[0m
val_Precision: [4;34m0.7698[0m,               val_Recall: [4;33m0.7359[0m,                 val_F1 Score: [4;35m0.7472[0m
æ ‡ç­¾é‡Œ1çš„ä¸ªæ•°:  430
æ ‡ç­¾é‡Œ0çš„ä¸ªæ•°:  430
æ€»æ•°:  860
æ­£ç¡®çš„ä¸ªæ•°:  654
Epoch [36/100], V_AUC: [4m0.7577[0m
Epoch [37/100], Loss: 30.9638
train_Accuracy: [91m0.9107[0m
train_Precision: [4;34m0.9246[0m,               train_Recall: [4;33m0.9001[0m,                 train_F1 Score: [4;35m0.9088[0m
æ ‡ç­¾é‡Œ1çš„ä¸ªæ•°:  2150
æ ‡ç­¾é‡Œ0çš„ä¸ªæ•°:  2150
æ€»æ•°:  4300
æ­£ç¡®çš„ä¸ªæ•°:  3916
æœ€åä¸€ä¸ªæ‰¹æ¬¡çš„è¾“å‡º, ä¸æ»¡batchsizeæ˜¯æ­£å¸¸çš„:
 tensor([[0.9969],
        [0.9956],
        [0.9732],
        [0.1313],
        [0.9947],
        [0.0227],
        [0.0064],
        [0.0433],
        [0.7037],
        [0.9664],
        [0.0042],
        [0.1219]], device='cuda:0', grad_fn=<SigmoidBackward0>)
Epoch [37/100], T_AUC: [4m0.9153[0m
Epoch [37/100], Loss: 23.6580
val_Accuracy: [92m0.7674[0m
val_Precision: [4;34m0.7833[0m,               val_Recall: [4;33m0.7283[0m,                 val_F1 Score: [4;35m0.7488[0m
æ ‡ç­¾é‡Œ1çš„ä¸ªæ•°:  430
æ ‡ç­¾é‡Œ0çš„ä¸ªæ•°:  430
æ€»æ•°:  860
æ­£ç¡®çš„ä¸ªæ•°:  660
Epoch [37/100], V_AUC: [4m0.7642[0m
Epoch [38/100], Loss: 29.2019
train_Accuracy: [91m0.9186[0m
train_Precision: [4;34m0.9316[0m,               train_Recall: [4;33m0.9081[0m,                 train_F1 Score: [4;35m0.9173[0m
æ ‡ç­¾é‡Œ1çš„ä¸ªæ•°:  2150
æ ‡ç­¾é‡Œ0çš„ä¸ªæ•°:  2150
æ€»æ•°:  4300
æ­£ç¡®çš„ä¸ªæ•°:  3950
æœ€åä¸€ä¸ªæ‰¹æ¬¡çš„è¾“å‡º, ä¸æ»¡batchsizeæ˜¯æ­£å¸¸çš„:
 tensor([[0.9959],
        [0.9879],
        [0.9964],
        [0.0667],
        [0.9203],
        [0.0254],
        [0.0056],
        [0.0121],
        [0.9993],
        [0.9647],
        [0.0039],
        [0.0277]], device='cuda:0', grad_fn=<SigmoidBackward0>)
Epoch [38/100], T_AUC: [4m0.9223[0m
Epoch [38/100], Loss: 23.2716
val_Accuracy: [92m0.7686[0m
val_Precision: [4;34m0.7878[0m,               val_Recall: [4;33m0.7248[0m,                 val_F1 Score: [4;35m0.7509[0m
æ ‡ç­¾é‡Œ1çš„ä¸ªæ•°:  430
æ ‡ç­¾é‡Œ0çš„ä¸ªæ•°:  430
æ€»æ•°:  860
æ­£ç¡®çš„ä¸ªæ•°:  661
Epoch [38/100], V_AUC: [4m0.7655[0m
Epoch [39/100], Loss: 27.3215
train_Accuracy: [91m0.9260[0m
train_Precision: [4;34m0.9377[0m,               train_Recall: [4;33m0.9171[0m,                 train_F1 Score: [4;35m0.9248[0m
æ ‡ç­¾é‡Œ1çš„ä¸ªæ•°:  2150
æ ‡ç­¾é‡Œ0çš„ä¸ªæ•°:  2150
æ€»æ•°:  4300
æ­£ç¡®çš„ä¸ªæ•°:  3982
æœ€åä¸€ä¸ªæ‰¹æ¬¡çš„è¾“å‡º, ä¸æ»¡batchsizeæ˜¯æ­£å¸¸çš„:
 tensor([[0.9824],
        [0.9030],
        [0.9940],
        [0.1430],
        [0.9987],
        [0.0091],
        [0.0089],
        [0.0116],
        [0.9946],
        [0.9800],
        [0.0134],
        [0.0181]], device='cuda:0', grad_fn=<SigmoidBackward0>)
Epoch [39/100], T_AUC: [4m0.9298[0m
Epoch [39/100], Loss: 23.8291
val_Accuracy: [92m0.7686[0m
val_Precision: [4;34m0.7892[0m,               val_Recall: [4;33m0.7242[0m,                 val_F1 Score: [4;35m0.7502[0m
æ ‡ç­¾é‡Œ1çš„ä¸ªæ•°:  430
æ ‡ç­¾é‡Œ0çš„ä¸ªæ•°:  430
æ€»æ•°:  860
æ­£ç¡®çš„ä¸ªæ•°:  661
Epoch [39/100], V_AUC: [4m0.7653[0m
Epoch [40/100], Loss: 27.5847
train_Accuracy: [91m0.9198[0m
train_Precision: [4;34m0.9301[0m,               train_Recall: [4;33m0.9120[0m,                 train_F1 Score: [4;35m0.9183[0m
æ ‡ç­¾é‡Œ1çš„ä¸ªæ•°:  2150
æ ‡ç­¾é‡Œ0çš„ä¸ªæ•°:  2150
æ€»æ•°:  4300
æ­£ç¡®çš„ä¸ªæ•°:  3955
æœ€åä¸€ä¸ªæ‰¹æ¬¡çš„è¾“å‡º, ä¸æ»¡batchsizeæ˜¯æ­£å¸¸çš„:
 tensor([[0.9882],
        [0.8754],
        [0.9978],
        [0.0861],
        [0.9770],
        [0.0119],
        [0.0288],
        [0.0075],
        [0.9868],
        [0.9900],
        [0.0304],
        [0.0194]], device='cuda:0', grad_fn=<SigmoidBackward0>)
Epoch [40/100], T_AUC: [4m0.9237[0m
Epoch [40/100], Loss: 24.3584
val_Accuracy: [92m0.7628[0m
val_Precision: [4;34m0.7845[0m,               val_Recall: [4;33m0.7139[0m,                 val_F1 Score: [4;35m0.7421[0m
æ ‡ç­¾é‡Œ1çš„ä¸ªæ•°:  430
æ ‡ç­¾é‡Œ0çš„ä¸ªæ•°:  430
æ€»æ•°:  860
æ­£ç¡®çš„ä¸ªæ•°:  656
Epoch [40/100], V_AUC: [4m0.7607[0m
Epoch [41/100], Loss: 25.2236
train_Accuracy: [91m0.9335[0m
train_Precision: [4;34m0.9471[0m,               train_Recall: [4;33m0.9224[0m,                 train_F1 Score: [4;35m0.9322[0m
æ ‡ç­¾é‡Œ1çš„ä¸ªæ•°:  2150
æ ‡ç­¾é‡Œ0çš„ä¸ªæ•°:  2150
æ€»æ•°:  4300
æ­£ç¡®çš„ä¸ªæ•°:  4014
æœ€åä¸€ä¸ªæ‰¹æ¬¡çš„è¾“å‡º, ä¸æ»¡batchsizeæ˜¯æ­£å¸¸çš„:
 tensor([[0.9935],
        [0.9742],
        [0.9835],
        [0.1178],
        [0.9987],
        [0.0040],
        [0.0098],
        [0.0098],
        [0.9936],
        [0.9578],
        [0.0184],
        [0.0131]], device='cuda:0', grad_fn=<SigmoidBackward0>)
Epoch [41/100], T_AUC: [4m0.9369[0m
Epoch [41/100], Loss: 24.9065
val_Accuracy: [92m0.7628[0m
val_Precision: [4;34m0.7822[0m,               val_Recall: [4;33m0.7157[0m,                 val_F1 Score: [4;35m0.7422[0m
æ ‡ç­¾é‡Œ1çš„ä¸ªæ•°:  430
æ ‡ç­¾é‡Œ0çš„ä¸ªæ•°:  430
æ€»æ•°:  860
æ­£ç¡®çš„ä¸ªæ•°:  656
Epoch [41/100], V_AUC: [4m0.7594[0m
Epoch [42/100], Loss: 22.8778
train_Accuracy: [91m0.9349[0m
train_Precision: [4;34m0.9448[0m,               train_Recall: [4;33m0.9275[0m,                 train_F1 Score: [4;35m0.9339[0m
æ ‡ç­¾é‡Œ1çš„ä¸ªæ•°:  2150
æ ‡ç­¾é‡Œ0çš„ä¸ªæ•°:  2150
æ€»æ•°:  4300
æ­£ç¡®çš„ä¸ªæ•°:  4020
æœ€åä¸€ä¸ªæ‰¹æ¬¡çš„è¾“å‡º, ä¸æ»¡batchsizeæ˜¯æ­£å¸¸çš„:
 tensor([[0.9624],
        [0.9821],
        [0.9965],
        [0.0356],
        [0.9997],
        [0.0030],
        [0.0050],
        [0.0162],
        [0.9857],
        [0.9971],
        [0.0101],
        [0.0048]], device='cuda:0', grad_fn=<SigmoidBackward0>)
Epoch [42/100], T_AUC: [4m0.9381[0m
Epoch [42/100], Loss: 25.9339
val_Accuracy: [92m0.7709[0m
val_Precision: [4;34m0.7867[0m,               val_Recall: [4;33m0.7446[0m,                 val_F1 Score: [4;35m0.7605[0m
æ ‡ç­¾é‡Œ1çš„ä¸ªæ•°:  430
æ ‡ç­¾é‡Œ0çš„ä¸ªæ•°:  430
æ€»æ•°:  860
æ­£ç¡®çš„ä¸ªæ•°:  663
Epoch [42/100], V_AUC: [4m0.7688[0m
Epoch [43/100], Loss: 27.8997
train_Accuracy: [91m0.9179[0m
train_Precision: [4;34m0.9300[0m,               train_Recall: [4;33m0.9098[0m,                 train_F1 Score: [4;35m0.9170[0m
æ ‡ç­¾é‡Œ1çš„ä¸ªæ•°:  2150
æ ‡ç­¾é‡Œ0çš„ä¸ªæ•°:  2150
æ€»æ•°:  4300
æ­£ç¡®çš„ä¸ªæ•°:  3947
æœ€åä¸€ä¸ªæ‰¹æ¬¡çš„è¾“å‡º, ä¸æ»¡batchsizeæ˜¯æ­£å¸¸çš„:
 tensor([[0.9956],
        [0.9976],
        [0.9776],
        [0.0237],
        [0.9991],
        [0.0031],
        [0.1305],
        [0.0013],
        [0.9531],
        [0.9971],
        [0.0051],
        [0.0175]], device='cuda:0', grad_fn=<SigmoidBackward0>)
Epoch [43/100], T_AUC: [4m0.9225[0m
Epoch [43/100], Loss: 26.4999
val_Accuracy: [92m0.7709[0m
val_Precision: [4;34m0.8040[0m,               val_Recall: [4;33m0.7110[0m,                 val_F1 Score: [4;35m0.7488[0m
æ ‡ç­¾é‡Œ1çš„ä¸ªæ•°:  430
æ ‡ç­¾é‡Œ0çš„ä¸ªæ•°:  430
æ€»æ•°:  860
æ­£ç¡®çš„ä¸ªæ•°:  663
Epoch [43/100], V_AUC: [4m0.7684[0m
Epoch [44/100], Loss: 27.5039
train_Accuracy: [91m0.9191[0m
train_Precision: [4;34m0.9321[0m,               train_Recall: [4;33m0.9070[0m,                 train_F1 Score: [4;35m0.9169[0m
æ ‡ç­¾é‡Œ1çš„ä¸ªæ•°:  2150
æ ‡ç­¾é‡Œ0çš„ä¸ªæ•°:  2150
æ€»æ•°:  4300
æ­£ç¡®çš„ä¸ªæ•°:  3952
æœ€åä¸€ä¸ªæ‰¹æ¬¡çš„è¾“å‡º, ä¸æ»¡batchsizeæ˜¯æ­£å¸¸çš„:
 tensor([[0.9982],
        [0.9950],
        [0.9919],
        [0.3916],
        [0.9883],
        [0.0171],
        [0.0151],
        [0.0036],
        [0.8921],
        [0.9882],
        [0.0025],
        [0.0185]], device='cuda:0', grad_fn=<SigmoidBackward0>)
Epoch [44/100], T_AUC: [4m0.9222[0m
Epoch [44/100], Loss: 24.7139
val_Accuracy: [92m0.7651[0m
val_Precision: [4;34m0.7904[0m,               val_Recall: [4;33m0.7100[0m,                 val_F1 Score: [4;35m0.7420[0m
æ ‡ç­¾é‡Œ1çš„ä¸ªæ•°:  430
æ ‡ç­¾é‡Œ0çš„ä¸ªæ•°:  430
æ€»æ•°:  860
æ­£ç¡®çš„ä¸ªæ•°:  658
Epoch [44/100], V_AUC: [4m0.7626[0m
Epoch [45/100], Loss: 22.6068
train_Accuracy: [91m0.9384[0m
train_Precision: [4;34m0.9489[0m,               train_Recall: [4;33m0.9303[0m,                 train_F1 Score: [4;35m0.9374[0m
æ ‡ç­¾é‡Œ1çš„ä¸ªæ•°:  2150
æ ‡ç­¾é‡Œ0çš„ä¸ªæ•°:  2150
æ€»æ•°:  4300
æ­£ç¡®çš„ä¸ªæ•°:  4035
æœ€åä¸€ä¸ªæ‰¹æ¬¡çš„è¾“å‡º, ä¸æ»¡batchsizeæ˜¯æ­£å¸¸çš„:
 tensor([[0.9985],
        [0.9556],
        [0.9968],
        [0.0614],
        [0.9994],
        [0.0133],
        [0.0036],
        [0.0287],
        [0.9307],
        [0.9925],
        [0.0031],
        [0.0179]], device='cuda:0', grad_fn=<SigmoidBackward0>)
Epoch [45/100], T_AUC: [4m0.9418[0m
Epoch [45/100], Loss: 26.6573
val_Accuracy: [92m0.7698[0m
val_Precision: [4;34m0.7897[0m,               val_Recall: [4;33m0.7277[0m,                 val_F1 Score: [4;35m0.7529[0m
æ ‡ç­¾é‡Œ1çš„ä¸ªæ•°:  430
æ ‡ç­¾é‡Œ0çš„ä¸ªæ•°:  430
æ€»æ•°:  860
æ­£ç¡®çš„ä¸ªæ•°:  662
Epoch [45/100], V_AUC: [4m0.7672[0m
Epoch [46/100], Loss: 20.1427
train_Accuracy: [91m0.9442[0m
train_Precision: [4;34m0.9537[0m,               train_Recall: [4;33m0.9372[0m,                 train_F1 Score: [4;35m0.9434[0m
æ ‡ç­¾é‡Œ1çš„ä¸ªæ•°:  2150
æ ‡ç­¾é‡Œ0çš„ä¸ªæ•°:  2150
æ€»æ•°:  4300
æ­£ç¡®çš„ä¸ªæ•°:  4060
æœ€åä¸€ä¸ªæ‰¹æ¬¡çš„è¾“å‡º, ä¸æ»¡batchsizeæ˜¯æ­£å¸¸çš„:
 tensor([[0.9974],
        [0.9963],
        [0.9926],
        [0.1565],
        [0.9985],
        [0.0087],
        [0.0011],
        [0.0231],
        [0.9337],
        [0.9777],
        [0.0015],
        [0.2165]], device='cuda:0', grad_fn=<SigmoidBackward0>)
Epoch [46/100], T_AUC: [4m0.9472[0m
Epoch [46/100], Loss: 27.3149
val_Accuracy: [92m0.7593[0m
val_Precision: [4;34m0.7773[0m,               val_Recall: [4;33m0.7197[0m,                 val_F1 Score: [4;35m0.7424[0m
æ ‡ç­¾é‡Œ1çš„ä¸ªæ•°:  430
æ ‡ç­¾é‡Œ0çš„ä¸ªæ•°:  430
æ€»æ•°:  860
æ­£ç¡®çš„ä¸ªæ•°:  653
Epoch [46/100], V_AUC: [4m0.7576[0m
Epoch [47/100], Loss: 20.2410
train_Accuracy: [91m0.9514[0m
train_Precision: [4;34m0.9632[0m,               train_Recall: [4;33m0.9420[0m,                 train_F1 Score: [4;35m0.9508[0m
æ ‡ç­¾é‡Œ1çš„ä¸ªæ•°:  2150
æ ‡ç­¾é‡Œ0çš„ä¸ªæ•°:  2150
æ€»æ•°:  4300
æ­£ç¡®çš„ä¸ªæ•°:  4091
æœ€åä¸€ä¸ªæ‰¹æ¬¡çš„è¾“å‡º, ä¸æ»¡batchsizeæ˜¯æ­£å¸¸çš„:
 tensor([[9.9933e-01],
        [9.9541e-01],
        [9.9596e-01],
        [8.4164e-02],
        [9.9920e-01],
        [3.0977e-03],
        [3.1899e-03],
        [1.8374e-02],
        [9.3518e-01],
        [9.6137e-01],
        [8.0967e-04],
        [1.4433e-01]], device='cuda:0', grad_fn=<SigmoidBackward0>)
Epoch [47/100], T_AUC: [4m0.9539[0m
Epoch [47/100], Loss: 32.0507
val_Accuracy: [92m0.7663[0m
val_Precision: [4;34m0.7847[0m,               val_Recall: [4;33m0.7268[0m,                 val_F1 Score: [4;35m0.7506[0m
æ ‡ç­¾é‡Œ1çš„ä¸ªæ•°:  430
æ ‡ç­¾é‡Œ0çš„ä¸ªæ•°:  430
æ€»æ•°:  860
æ­£ç¡®çš„ä¸ªæ•°:  659
Epoch [47/100], V_AUC: [4m0.7634[0m
Epoch [48/100], Loss: 19.3375
train_Accuracy: [91m0.9486[0m
train_Precision: [4;34m0.9587[0m,               train_Recall: [4;33m0.9416[0m,                 train_F1 Score: [4;35m0.9480[0m
æ ‡ç­¾é‡Œ1çš„ä¸ªæ•°:  2150
æ ‡ç­¾é‡Œ0çš„ä¸ªæ•°:  2150
æ€»æ•°:  4300
æ­£ç¡®çš„ä¸ªæ•°:  4079
æœ€åä¸€ä¸ªæ‰¹æ¬¡çš„è¾“å‡º, ä¸æ»¡batchsizeæ˜¯æ­£å¸¸çš„:
 tensor([[9.9915e-01],
        [9.9680e-01],
        [9.9653e-01],
        [1.0794e-01],
        [9.9894e-01],
        [4.2032e-03],
        [4.2888e-04],
        [1.4940e-03],
        [9.9470e-01],
        [9.9221e-01],
        [6.5233e-03],
        [1.9306e-02]], device='cuda:0', grad_fn=<SigmoidBackward0>)
Epoch [48/100], T_AUC: [4m0.9519[0m
Epoch [48/100], Loss: 30.7858
val_Accuracy: [92m0.7674[0m
val_Precision: [4;34m0.7856[0m,               val_Recall: [4;33m0.7186[0m,                 val_F1 Score: [4;35m0.7465[0m
æ ‡ç­¾é‡Œ1çš„ä¸ªæ•°:  430
æ ‡ç­¾é‡Œ0çš„ä¸ªæ•°:  430
æ€»æ•°:  860
æ­£ç¡®çš„ä¸ªæ•°:  660
Epoch [48/100], V_AUC: [4m0.7635[0m
Epoch [49/100], Loss: 19.9952
train_Accuracy: [91m0.9463[0m
train_Precision: [4;34m0.9544[0m,               train_Recall: [4;33m0.9402[0m,                 train_F1 Score: [4;35m0.9453[0m
æ ‡ç­¾é‡Œ1çš„ä¸ªæ•°:  2150
æ ‡ç­¾é‡Œ0çš„ä¸ªæ•°:  2150
æ€»æ•°:  4300
æ­£ç¡®çš„ä¸ªæ•°:  4069
æœ€åä¸€ä¸ªæ‰¹æ¬¡çš„è¾“å‡º, ä¸æ»¡batchsizeæ˜¯æ­£å¸¸çš„:
 tensor([[9.9974e-01],
        [9.9515e-01],
        [9.8266e-01],
        [1.3403e-02],
        [9.9996e-01],
        [1.0797e-02],
        [3.8301e-02],
        [3.3403e-03],
        [9.9361e-01],
        [9.4164e-01],
        [7.9655e-04],
        [4.3967e-03]], device='cuda:0', grad_fn=<SigmoidBackward0>)
Epoch [49/100], T_AUC: [4m0.9493[0m
Epoch [49/100], Loss: 34.8323
val_Accuracy: [92m0.7651[0m
val_Precision: [4;34m0.7877[0m,               val_Recall: [4;33m0.7230[0m,                 val_F1 Score: [4;35m0.7482[0m
æ ‡ç­¾é‡Œ1çš„ä¸ªæ•°:  430
æ ‡ç­¾é‡Œ0çš„ä¸ªæ•°:  430
æ€»æ•°:  860
æ­£ç¡®çš„ä¸ªæ•°:  658
Epoch [49/100], V_AUC: [4m0.7631[0m
Epoch [50/100], Loss: 17.4328
train_Accuracy: [91m0.9565[0m
train_Precision: [4;34m0.9657[0m,               train_Recall: [4;33m0.9493[0m,                 train_F1 Score: [4;35m0.9556[0m
æ ‡ç­¾é‡Œ1çš„ä¸ªæ•°:  2150
æ ‡ç­¾é‡Œ0çš„ä¸ªæ•°:  2150
æ€»æ•°:  4300
æ­£ç¡®çš„ä¸ªæ•°:  4113
æœ€åä¸€ä¸ªæ‰¹æ¬¡çš„è¾“å‡º, ä¸æ»¡batchsizeæ˜¯æ­£å¸¸çš„:
 tensor([[9.9899e-01],
        [9.9442e-01],
        [9.9246e-01],
        [2.1247e-01],
        [9.9978e-01],
        [7.3981e-03],
        [2.8604e-03],
        [6.9895e-04],
        [9.9273e-01],
        [9.9491e-01],
        [5.4713e-03],
        [4.4835e-03]], device='cuda:0', grad_fn=<SigmoidBackward0>)
Epoch [50/100], T_AUC: [4m0.9590[0m
Epoch [50/100], Loss: 32.2781
val_Accuracy: [92m0.7628[0m
val_Precision: [4;34m0.7866[0m,               val_Recall: [4;33m0.7163[0m,                 val_F1 Score: [4;35m0.7455[0m
æ ‡ç­¾é‡Œ1çš„ä¸ªæ•°:  430
æ ‡ç­¾é‡Œ0çš„ä¸ªæ•°:  430
æ€»æ•°:  860
æ­£ç¡®çš„ä¸ªæ•°:  656
Epoch [50/100], V_AUC: [4m0.7602[0m
Epoch [51/100], Loss: 16.4187
train_Accuracy: [91m0.9593[0m
train_Precision: [4;34m0.9658[0m,               train_Recall: [4;33m0.9545[0m,                 train_F1 Score: [4;35m0.9586[0m
æ ‡ç­¾é‡Œ1çš„ä¸ªæ•°:  2150
æ ‡ç­¾é‡Œ0çš„ä¸ªæ•°:  2150
æ€»æ•°:  4300
æ­£ç¡®çš„ä¸ªæ•°:  4125
æœ€åä¸€ä¸ªæ‰¹æ¬¡çš„è¾“å‡º, ä¸æ»¡batchsizeæ˜¯æ­£å¸¸çš„:
 tensor([[0.9930],
        [0.9161],
        [0.9977],
        [0.0087],
        [1.0000],
        [0.0184],
        [0.0082],
        [0.0028],
        [0.9864],
        [0.9644],
        [0.0077],
        [0.0149]], device='cuda:0', grad_fn=<SigmoidBackward0>)
Epoch [51/100], T_AUC: [4m0.9614[0m
Epoch [51/100], Loss: 32.0960
val_Accuracy: [92m0.7547[0m
val_Precision: [4;34m0.7652[0m,               val_Recall: [4;33m0.7272[0m,                 val_F1 Score: [4;35m0.7406[0m
æ ‡ç­¾é‡Œ1çš„ä¸ªæ•°:  430
æ ‡ç­¾é‡Œ0çš„ä¸ªæ•°:  430
æ€»æ•°:  860
æ­£ç¡®çš„ä¸ªæ•°:  649
Epoch [51/100], V_AUC: [4m0.7519[0m
Epoch [52/100], Loss: 17.3009
train_Accuracy: [91m0.9542[0m
train_Precision: [4;34m0.9632[0m,               train_Recall: [4;33m0.9473[0m,                 train_F1 Score: [4;35m0.9537[0m
æ ‡ç­¾é‡Œ1çš„ä¸ªæ•°:  2150
æ ‡ç­¾é‡Œ0çš„ä¸ªæ•°:  2150
æ€»æ•°:  4300
æ­£ç¡®çš„ä¸ªæ•°:  4103
æœ€åä¸€ä¸ªæ‰¹æ¬¡çš„è¾“å‡º, ä¸æ»¡batchsizeæ˜¯æ­£å¸¸çš„:
 tensor([[9.9634e-01],
        [9.9747e-01],
        [9.9591e-01],
        [4.5828e-02],
        [1.0000e+00],
        [2.4406e-02],
        [3.5724e-04],
        [1.2763e-02],
        [7.6481e-01],
        [9.6732e-01],
        [6.0282e-04],
        [1.9363e-02]], device='cuda:0', grad_fn=<SigmoidBackward0>)
Epoch [52/100], T_AUC: [4m0.9570[0m
Epoch [52/100], Loss: 32.0923
val_Accuracy: [92m0.7593[0m
val_Precision: [4;34m0.7841[0m,               val_Recall: [4;33m0.7086[0m,                 val_F1 Score: [4;35m0.7386[0m
æ ‡ç­¾é‡Œ1çš„ä¸ªæ•°:  430
æ ‡ç­¾é‡Œ0çš„ä¸ªæ•°:  430
æ€»æ•°:  860
æ­£ç¡®çš„ä¸ªæ•°:  653
Epoch [52/100], V_AUC: [4m0.7575[0m
Epoch [53/100], Loss: 16.2180
train_Accuracy: [91m0.9560[0m
train_Precision: [4;34m0.9622[0m,               train_Recall: [4;33m0.9516[0m,                 train_F1 Score: [4;35m0.9553[0m
æ ‡ç­¾é‡Œ1çš„ä¸ªæ•°:  2150
æ ‡ç­¾é‡Œ0çš„ä¸ªæ•°:  2150
æ€»æ•°:  4300
æ­£ç¡®çš„ä¸ªæ•°:  4111
æœ€åä¸€ä¸ªæ‰¹æ¬¡çš„è¾“å‡º, ä¸æ»¡batchsizeæ˜¯æ­£å¸¸çš„:
 tensor([[9.8357e-01],
        [9.9785e-01],
        [9.9718e-01],
        [7.3024e-02],
        [9.9999e-01],
        [3.7811e-02],
        [6.8100e-04],
        [2.3809e-03],
        [8.2542e-01],
        [9.9536e-01],
        [3.1602e-03],
        [1.3632e-02]], device='cuda:0', grad_fn=<SigmoidBackward0>)
Epoch [53/100], T_AUC: [4m0.9585[0m
Epoch [53/100], Loss: 36.8683
val_Accuracy: [92m0.7616[0m
val_Precision: [4;34m0.7836[0m,               val_Recall: [4;33m0.7195[0m,                 val_F1 Score: [4;35m0.7438[0m
æ ‡ç­¾é‡Œ1çš„ä¸ªæ•°:  430
æ ‡ç­¾é‡Œ0çš„ä¸ªæ•°:  430
æ€»æ•°:  860
æ­£ç¡®çš„ä¸ªæ•°:  655
Epoch [53/100], V_AUC: [4m0.7580[0m
Epoch [54/100], Loss: 14.4922
train_Accuracy: [91m0.9614[0m
train_Precision: [4;34m0.9672[0m,               train_Recall: [4;33m0.9568[0m,                 train_F1 Score: [4;35m0.9606[0m
æ ‡ç­¾é‡Œ1çš„ä¸ªæ•°:  2150
æ ‡ç­¾é‡Œ0çš„ä¸ªæ•°:  2150
æ€»æ•°:  4300
æ­£ç¡®çš„ä¸ªæ•°:  4134
æœ€åä¸€ä¸ªæ‰¹æ¬¡çš„è¾“å‡º, ä¸æ»¡batchsizeæ˜¯æ­£å¸¸çš„:
 tensor([[9.8459e-01],
        [9.9511e-01],
        [9.8917e-01],
        [2.1112e-01],
        [1.0000e+00],
        [4.2862e-02],
        [9.7004e-04],
        [8.7266e-03],
        [9.7582e-01],
        [9.7981e-01],
        [8.5131e-04],
        [4.2440e-03]], device='cuda:0', grad_fn=<SigmoidBackward0>)
Epoch [54/100], T_AUC: [4m0.9637[0m
Epoch [54/100], Loss: 29.9071
val_Accuracy: [92m0.7407[0m
val_Precision: [4;34m0.7577[0m,               val_Recall: [4;33m0.7048[0m,                 val_F1 Score: [4;35m0.7240[0m
æ ‡ç­¾é‡Œ1çš„ä¸ªæ•°:  430
æ ‡ç­¾é‡Œ0çš„ä¸ªæ•°:  430
æ€»æ•°:  860
æ­£ç¡®çš„ä¸ªæ•°:  637
Epoch [54/100], V_AUC: [4m0.7374[0m
Epoch [55/100], Loss: 16.9385
train_Accuracy: [91m0.9565[0m
train_Precision: [4;34m0.9625[0m,               train_Recall: [4;33m0.9519[0m,                 train_F1 Score: [4;35m0.9557[0m
æ ‡ç­¾é‡Œ1çš„ä¸ªæ•°:  2150
æ ‡ç­¾é‡Œ0çš„ä¸ªæ•°:  2150
æ€»æ•°:  4300
æ­£ç¡®çš„ä¸ªæ•°:  4113
æœ€åä¸€ä¸ªæ‰¹æ¬¡çš„è¾“å‡º, ä¸æ»¡batchsizeæ˜¯æ­£å¸¸çš„:
 tensor([[0.9988],
        [0.9998],
        [0.9739],
        [0.0434],
        [1.0000],
        [0.0062],
        [0.0024],
        [0.0049],
        [0.7213],
        [0.9874],
        [0.0012],
        [0.0021]], device='cuda:0', grad_fn=<SigmoidBackward0>)
Epoch [55/100], T_AUC: [4m0.9587[0m
Epoch [55/100], Loss: 45.3097
val_Accuracy: [92m0.7616[0m
val_Precision: [4;34m0.7806[0m,               val_Recall: [4;33m0.7171[0m,                 val_F1 Score: [4;35m0.7417[0m
æ ‡ç­¾é‡Œ1çš„ä¸ªæ•°:  430
æ ‡ç­¾é‡Œ0çš„ä¸ªæ•°:  430
æ€»æ•°:  860
æ­£ç¡®çš„ä¸ªæ•°:  655
Epoch [55/100], V_AUC: [4m0.7596[0m
Epoch [56/100], Loss: 19.1808
train_Accuracy: [91m0.9465[0m
train_Precision: [4;34m0.9513[0m,               train_Recall: [4;33m0.9456[0m,                 train_F1 Score: [4;35m0.9463[0m
æ ‡ç­¾é‡Œ1çš„ä¸ªæ•°:  2150
æ ‡ç­¾é‡Œ0çš„ä¸ªæ•°:  2150
æ€»æ•°:  4300
æ­£ç¡®çš„ä¸ªæ•°:  4070
æœ€åä¸€ä¸ªæ‰¹æ¬¡çš„è¾“å‡º, ä¸æ»¡batchsizeæ˜¯æ­£å¸¸çš„:
 tensor([[9.9357e-01],
        [9.9552e-01],
        [9.5610e-01],
        [6.7121e-02],
        [9.9999e-01],
        [1.1018e-02],
        [3.5337e-04],
        [6.6952e-03],
        [9.9839e-01],
        [9.7736e-01],
        [2.5571e-03],
        [1.4910e-02]], device='cuda:0', grad_fn=<SigmoidBackward0>)
Epoch [56/100], T_AUC: [4m0.9497[0m
Epoch [56/100], Loss: 29.9743
val_Accuracy: [92m0.7488[0m
val_Precision: [4;34m0.7652[0m,               val_Recall: [4;33m0.7108[0m,                 val_F1 Score: [4;35m0.7321[0m
æ ‡ç­¾é‡Œ1çš„ä¸ªæ•°:  430
æ ‡ç­¾é‡Œ0çš„ä¸ªæ•°:  430
æ€»æ•°:  860
æ­£ç¡®çš„ä¸ªæ•°:  644
Epoch [56/100], V_AUC: [4m0.7477[0m
Epoch [57/100], Loss: 14.8620
train_Accuracy: [91m0.9640[0m
train_Precision: [4;34m0.9700[0m,               train_Recall: [4;33m0.9600[0m,                 train_F1 Score: [4;35m0.9635[0m
æ ‡ç­¾é‡Œ1çš„ä¸ªæ•°:  2150
æ ‡ç­¾é‡Œ0çš„ä¸ªæ•°:  2150
æ€»æ•°:  4300
æ­£ç¡®çš„ä¸ªæ•°:  4145
æœ€åä¸€ä¸ªæ‰¹æ¬¡çš„è¾“å‡º, ä¸æ»¡batchsizeæ˜¯æ­£å¸¸çš„:
 tensor([[9.9889e-01],
        [9.5150e-01],
        [9.9961e-01],
        [8.1598e-02],
        [9.9823e-01],
        [2.8616e-03],
        [3.6028e-04],
        [1.0481e-02],
        [9.9989e-01],
        [9.8933e-01],
        [4.5156e-03],
        [1.7695e-03]], device='cuda:0', grad_fn=<SigmoidBackward0>)
Epoch [57/100], T_AUC: [4m0.9660[0m
Epoch [57/100], Loss: 34.6421
val_Accuracy: [92m0.7326[0m
val_Precision: [4;34m0.7485[0m,               val_Recall: [4;33m0.6914[0m,                 val_F1 Score: [4;35m0.7125[0m
æ ‡ç­¾é‡Œ1çš„ä¸ªæ•°:  430
æ ‡ç­¾é‡Œ0çš„ä¸ªæ•°:  430
æ€»æ•°:  860
æ­£ç¡®çš„ä¸ªæ•°:  630
Epoch [57/100], V_AUC: [4m0.7314[0m
Epoch [58/100], Loss: 14.8473
train_Accuracy: [91m0.9637[0m
train_Precision: [4;34m0.9689[0m,               train_Recall: [4;33m0.9615[0m,                 train_F1 Score: [4;35m0.9635[0m
æ ‡ç­¾é‡Œ1çš„ä¸ªæ•°:  2150
æ ‡ç­¾é‡Œ0çš„ä¸ªæ•°:  2150
æ€»æ•°:  4300
æ­£ç¡®çš„ä¸ªæ•°:  4144
æœ€åä¸€ä¸ªæ‰¹æ¬¡çš„è¾“å‡º, ä¸æ»¡batchsizeæ˜¯æ­£å¸¸çš„:
 tensor([[9.9412e-01],
        [9.9948e-01],
        [9.9885e-01],
        [2.9194e-03],
        [1.0000e+00],
        [1.7557e-02],
        [6.4905e-05],
        [4.1437e-03],
        [9.8368e-01],
        [9.8899e-01],
        [2.3091e-03],
        [1.7174e-02]], device='cuda:0', grad_fn=<SigmoidBackward0>)
Epoch [58/100], T_AUC: [4m0.9664[0m
Epoch [58/100], Loss: 29.5931
val_Accuracy: [92m0.7419[0m
val_Precision: [4;34m0.7477[0m,               val_Recall: [4;33m0.7311[0m,                 val_F1 Score: [4;35m0.7332[0m
æ ‡ç­¾é‡Œ1çš„ä¸ªæ•°:  430
æ ‡ç­¾é‡Œ0çš„ä¸ªæ•°:  430
æ€»æ•°:  860
æ­£ç¡®çš„ä¸ªæ•°:  638
Epoch [58/100], V_AUC: [4m0.7388[0m
Epoch [59/100], Loss: 14.9706
train_Accuracy: [91m0.9605[0m
train_Precision: [4;34m0.9650[0m,               train_Recall: [4;33m0.9573[0m,                 train_F1 Score: [4;35m0.9598[0m
æ ‡ç­¾é‡Œ1çš„ä¸ªæ•°:  2150
æ ‡ç­¾é‡Œ0çš„ä¸ªæ•°:  2150
æ€»æ•°:  4300
æ­£ç¡®çš„ä¸ªæ•°:  4130
æœ€åä¸€ä¸ªæ‰¹æ¬¡çš„è¾“å‡º, ä¸æ»¡batchsizeæ˜¯æ­£å¸¸çš„:
 tensor([[0.9991],
        [0.9991],
        [0.9890],
        [0.0152],
        [0.9995],
        [0.0195],
        [0.0027],
        [0.0083],
        [0.9985],
        [0.9755],
        [0.0078],
        [0.0014]], device='cuda:0', grad_fn=<SigmoidBackward0>)
Epoch [59/100], T_AUC: [4m0.9627[0m
Epoch [59/100], Loss: 40.4299
val_Accuracy: [92m0.7465[0m
val_Precision: [4;34m0.7530[0m,               val_Recall: [4;33m0.7239[0m,                 val_F1 Score: [4;35m0.7337[0m
æ ‡ç­¾é‡Œ1çš„ä¸ªæ•°:  430
æ ‡ç­¾é‡Œ0çš„ä¸ªæ•°:  430
æ€»æ•°:  860
æ­£ç¡®çš„ä¸ªæ•°:  642
Epoch [59/100], V_AUC: [4m0.7440[0m
Epoch [60/100], Loss: 14.8444
train_Accuracy: [91m0.9605[0m
train_Precision: [4;34m0.9625[0m,               train_Recall: [4;33m0.9599[0m,                 train_F1 Score: [4;35m0.9595[0m
æ ‡ç­¾é‡Œ1çš„ä¸ªæ•°:  2150
æ ‡ç­¾é‡Œ0çš„ä¸ªæ•°:  2150
æ€»æ•°:  4300
æ­£ç¡®çš„ä¸ªæ•°:  4130
æœ€åä¸€ä¸ªæ‰¹æ¬¡çš„è¾“å‡º, ä¸æ»¡batchsizeæ˜¯æ­£å¸¸çš„:
 tensor([[9.9968e-01],
        [9.9845e-01],
        [9.8696e-01],
        [5.2486e-02],
        [9.9989e-01],
        [4.1973e-02],
        [1.7128e-04],
        [2.6578e-03],
        [9.9072e-01],
        [9.2308e-01],
        [4.0027e-03],
        [1.2405e-02]], device='cuda:0', grad_fn=<SigmoidBackward0>)
Epoch [60/100], T_AUC: [4m0.9632[0m
Epoch [60/100], Loss: 37.0964
val_Accuracy: [92m0.7384[0m
val_Precision: [4;34m0.7525[0m,               val_Recall: [4;33m0.7119[0m,                 val_F1 Score: [4;35m0.7242[0m
æ ‡ç­¾é‡Œ1çš„ä¸ªæ•°:  430
æ ‡ç­¾é‡Œ0çš„ä¸ªæ•°:  430
æ€»æ•°:  860
æ­£ç¡®çš„ä¸ªæ•°:  635
Epoch [60/100], V_AUC: [4m0.7372[0m
Epoch [61/100], Loss: 12.0719
train_Accuracy: [91m0.9700[0m
train_Precision: [4;34m0.9733[0m,               train_Recall: [4;33m0.9692[0m,                 train_F1 Score: [4;35m0.9700[0m
æ ‡ç­¾é‡Œ1çš„ä¸ªæ•°:  2150
æ ‡ç­¾é‡Œ0çš„ä¸ªæ•°:  2150
æ€»æ•°:  4300
æ­£ç¡®çš„ä¸ªæ•°:  4171
æœ€åä¸€ä¸ªæ‰¹æ¬¡çš„è¾“å‡º, ä¸æ»¡batchsizeæ˜¯æ­£å¸¸çš„:
 tensor([[9.9892e-01],
        [9.9829e-01],
        [9.9968e-01],
        [1.3898e-02],
        [9.9961e-01],
        [6.9463e-03],
        [1.9221e-04],
        [1.9973e-04],
        [9.8916e-01],
        [9.9932e-01],
        [3.0933e-03],
        [3.1466e-02]], device='cuda:0', grad_fn=<SigmoidBackward0>)
Epoch [61/100], T_AUC: [4m0.9725[0m
Epoch [61/100], Loss: 36.2381
val_Accuracy: [92m0.7570[0m
val_Precision: [4;34m0.7686[0m,               val_Recall: [4;33m0.7255[0m,                 val_F1 Score: [4;35m0.7393[0m
æ ‡ç­¾é‡Œ1çš„ä¸ªæ•°:  430
æ ‡ç­¾é‡Œ0çš„ä¸ªæ•°:  430
æ€»æ•°:  860
æ­£ç¡®çš„ä¸ªæ•°:  651
Epoch [61/100], V_AUC: [4m0.7542[0m
Epoch [62/100], Loss: 9.2906
train_Accuracy: [91m0.9814[0m
train_Precision: [4;34m0.9834[0m,               train_Recall: [4;33m0.9797[0m,                 train_F1 Score: [4;35m0.9808[0m
æ ‡ç­¾é‡Œ1çš„ä¸ªæ•°:  2150
æ ‡ç­¾é‡Œ0çš„ä¸ªæ•°:  2150
æ€»æ•°:  4300
æ­£ç¡®çš„ä¸ªæ•°:  4220
æœ€åä¸€ä¸ªæ‰¹æ¬¡çš„è¾“å‡º, ä¸æ»¡batchsizeæ˜¯æ­£å¸¸çš„:
 tensor([[9.9970e-01],
        [9.9586e-01],
        [9.9881e-01],
        [6.9712e-02],
        [9.9992e-01],
        [1.8530e-02],
        [1.0779e-04],
        [1.3252e-03],
        [9.7914e-01],
        [9.9962e-01],
        [5.4895e-04],
        [2.7588e-03]], device='cuda:0', grad_fn=<SigmoidBackward0>)
Epoch [62/100], T_AUC: [4m0.9827[0m
Epoch [62/100], Loss: 36.6844
val_Accuracy: [92m0.7547[0m
val_Precision: [4;34m0.7647[0m,               val_Recall: [4;33m0.7271[0m,                 val_F1 Score: [4;35m0.7396[0m
æ ‡ç­¾é‡Œ1çš„ä¸ªæ•°:  430
æ ‡ç­¾é‡Œ0çš„ä¸ªæ•°:  430
æ€»æ•°:  860
æ­£ç¡®çš„ä¸ªæ•°:  649
Epoch [62/100], V_AUC: [4m0.7524[0m
Epoch [63/100], Loss: 8.3386
train_Accuracy: [91m0.9840[0m
train_Precision: [4;34m0.9846[0m,               train_Recall: [4;33m0.9838[0m,                 train_F1 Score: [4;35m0.9837[0m
æ ‡ç­¾é‡Œ1çš„ä¸ªæ•°:  2150
æ ‡ç­¾é‡Œ0çš„ä¸ªæ•°:  2150
æ€»æ•°:  4300
æ­£ç¡®çš„ä¸ªæ•°:  4231
æœ€åä¸€ä¸ªæ‰¹æ¬¡çš„è¾“å‡º, ä¸æ»¡batchsizeæ˜¯æ­£å¸¸çš„:
 tensor([[9.9936e-01],
        [9.9947e-01],
        [9.9982e-01],
        [2.7161e-02],
        [9.9376e-01],
        [1.3332e-02],
        [6.6675e-04],
        [6.6900e-04],
        [9.9542e-01],
        [9.9789e-01],
        [5.7554e-03],
        [1.5697e-03]], device='cuda:0', grad_fn=<SigmoidBackward0>)
Epoch [63/100], T_AUC: [4m0.9845[0m
Epoch [63/100], Loss: 38.3025
val_Accuracy: [92m0.7395[0m
val_Precision: [4;34m0.7463[0m,               val_Recall: [4;33m0.7242[0m,                 val_F1 Score: [4;35m0.7309[0m
æ ‡ç­¾é‡Œ1çš„ä¸ªæ•°:  430
æ ‡ç­¾é‡Œ0çš„ä¸ªæ•°:  430
æ€»æ•°:  860
æ­£ç¡®çš„ä¸ªæ•°:  636
Epoch [63/100], V_AUC: [4m0.7359[0m
Epoch [64/100], Loss: 12.3097
train_Accuracy: [91m0.9700[0m
train_Precision: [4;34m0.9714[0m,               train_Recall: [4;33m0.9703[0m,                 train_F1 Score: [4;35m0.9693[0m
æ ‡ç­¾é‡Œ1çš„ä¸ªæ•°:  2150
æ ‡ç­¾é‡Œ0çš„ä¸ªæ•°:  2150
æ€»æ•°:  4300
æ­£ç¡®çš„ä¸ªæ•°:  4171
æœ€åä¸€ä¸ªæ‰¹æ¬¡çš„è¾“å‡º, ä¸æ»¡batchsizeæ˜¯æ­£å¸¸çš„:
 tensor([[0.9722],
        [0.9997],
        [0.9950],
        [0.0040],
        [0.9998],
        [0.0724],
        [0.0049],
        [0.0036],
        [0.9761],
        [0.9997],
        [0.0072],
        [0.0012]], device='cuda:0', grad_fn=<SigmoidBackward0>)
Epoch [64/100], T_AUC: [4m0.9724[0m
Epoch [64/100], Loss: 46.7211
val_Accuracy: [92m0.7395[0m
val_Precision: [4;34m0.7550[0m,               val_Recall: [4;33m0.7022[0m,                 val_F1 Score: [4;35m0.7204[0m
æ ‡ç­¾é‡Œ1çš„ä¸ªæ•°:  430
æ ‡ç­¾é‡Œ0çš„ä¸ªæ•°:  430
æ€»æ•°:  860
æ­£ç¡®çš„ä¸ªæ•°:  636
Epoch [64/100], V_AUC: [4m0.7368[0m
Epoch [65/100], Loss: 11.5963
train_Accuracy: [91m0.9744[0m
train_Precision: [4;34m0.9743[0m,               train_Recall: [4;33m0.9749[0m,                 train_F1 Score: [4;35m0.9736[0m
æ ‡ç­¾é‡Œ1çš„ä¸ªæ•°:  2150
æ ‡ç­¾é‡Œ0çš„ä¸ªæ•°:  2150
æ€»æ•°:  4300
æ­£ç¡®çš„ä¸ªæ•°:  4190
æœ€åä¸€ä¸ªæ‰¹æ¬¡çš„è¾“å‡º, ä¸æ»¡batchsizeæ˜¯æ­£å¸¸çš„:
 tensor([[9.9988e-01],
        [9.9978e-01],
        [9.2325e-01],
        [1.1706e-02],
        [1.0000e+00],
        [1.1442e-03],
        [5.3159e-03],
        [1.7947e-03],
        [9.3872e-01],
        [9.9886e-01],
        [5.6985e-04],
        [2.0488e-03]], device='cuda:0', grad_fn=<SigmoidBackward0>)
Epoch [65/100], T_AUC: [4m0.9762[0m
Epoch [65/100], Loss: 41.4686
val_Accuracy: [92m0.7547[0m
val_Precision: [4;34m0.7672[0m,               val_Recall: [4;33m0.7213[0m,                 val_F1 Score: [4;35m0.7388[0m
æ ‡ç­¾é‡Œ1çš„ä¸ªæ•°:  430
æ ‡ç­¾é‡Œ0çš„ä¸ªæ•°:  430
æ€»æ•°:  860
æ­£ç¡®çš„ä¸ªæ•°:  649
Epoch [65/100], V_AUC: [4m0.7525[0m
Epoch [66/100], Loss: 8.6689
train_Accuracy: [91m0.9809[0m
train_Precision: [4;34m0.9841[0m,               train_Recall: [4;33m0.9793[0m,                 train_F1 Score: [4;35m0.9810[0m
æ ‡ç­¾é‡Œ1çš„ä¸ªæ•°:  2150
æ ‡ç­¾é‡Œ0çš„ä¸ªæ•°:  2150
æ€»æ•°:  4300
æ­£ç¡®çš„ä¸ªæ•°:  4218
æœ€åä¸€ä¸ªæ‰¹æ¬¡çš„è¾“å‡º, ä¸æ»¡batchsizeæ˜¯æ­£å¸¸çš„:
 tensor([[9.9959e-01],
        [9.9651e-01],
        [9.9566e-01],
        [1.5454e-02],
        [9.9972e-01],
        [5.6425e-03],
        [1.4887e-04],
        [2.9261e-02],
        [8.8409e-01],
        [9.9978e-01],
        [3.5391e-03],
        [1.9698e-02]], device='cuda:0', grad_fn=<SigmoidBackward0>)
Epoch [66/100], T_AUC: [4m0.9823[0m
Epoch [66/100], Loss: 40.5544
val_Accuracy: [92m0.7395[0m
val_Precision: [4;34m0.7520[0m,               val_Recall: [4;33m0.7129[0m,                 val_F1 Score: [4;35m0.7256[0m
æ ‡ç­¾é‡Œ1çš„ä¸ªæ•°:  430
æ ‡ç­¾é‡Œ0çš„ä¸ªæ•°:  430
æ€»æ•°:  860
æ­£ç¡®çš„ä¸ªæ•°:  636
Epoch [66/100], V_AUC: [4m0.7387[0m
Epoch [67/100], Loss: 8.8819
train_Accuracy: [91m0.9786[0m
train_Precision: [4;34m0.9801[0m,               train_Recall: [4;33m0.9775[0m,                 train_F1 Score: [4;35m0.9780[0m
æ ‡ç­¾é‡Œ1çš„ä¸ªæ•°:  2150
æ ‡ç­¾é‡Œ0çš„ä¸ªæ•°:  2150
æ€»æ•°:  4300
æ­£ç¡®çš„ä¸ªæ•°:  4208
æœ€åä¸€ä¸ªæ‰¹æ¬¡çš„è¾“å‡º, ä¸æ»¡batchsizeæ˜¯æ­£å¸¸çš„:
 tensor([[9.9845e-01],
        [9.9924e-01],
        [9.9734e-01],
        [1.6001e-01],
        [9.9987e-01],
        [6.4066e-03],
        [2.0901e-04],
        [2.7677e-03],
        [9.9086e-01],
        [9.9944e-01],
        [2.5051e-03],
        [5.9326e-04]], device='cuda:0', grad_fn=<SigmoidBackward0>)
Epoch [67/100], T_AUC: [4m0.9796[0m
Epoch [67/100], Loss: 45.4919
val_Accuracy: [92m0.7570[0m
val_Precision: [4;34m0.7630[0m,               val_Recall: [4;33m0.7359[0m,                 val_F1 Score: [4;35m0.7443[0m
æ ‡ç­¾é‡Œ1çš„ä¸ªæ•°:  430
æ ‡ç­¾é‡Œ0çš„ä¸ªæ•°:  430
æ€»æ•°:  860
æ­£ç¡®çš„ä¸ªæ•°:  651
Epoch [67/100], V_AUC: [4m0.7541[0m
Epoch [68/100], Loss: 8.9119
train_Accuracy: [91m0.9802[0m
train_Precision: [4;34m0.9800[0m,               train_Recall: [4;33m0.9808[0m,                 train_F1 Score: [4;35m0.9795[0m
æ ‡ç­¾é‡Œ1çš„ä¸ªæ•°:  2150
æ ‡ç­¾é‡Œ0çš„ä¸ªæ•°:  2150
æ€»æ•°:  4300
æ­£ç¡®çš„ä¸ªæ•°:  4215
æœ€åä¸€ä¸ªæ‰¹æ¬¡çš„è¾“å‡º, ä¸æ»¡batchsizeæ˜¯æ­£å¸¸çš„:
 tensor([[9.9548e-01],
        [9.9974e-01],
        [9.9119e-01],
        [1.8063e-03],
        [1.0000e+00],
        [6.0285e-04],
        [6.9387e-03],
        [7.2065e-03],
        [9.9436e-01],
        [9.9939e-01],
        [2.6313e-04],
        [2.1664e-03]], device='cuda:0', grad_fn=<SigmoidBackward0>)
Epoch [68/100], T_AUC: [4m0.9818[0m
Epoch [68/100], Loss: 40.7831
val_Accuracy: [92m0.7291[0m
val_Precision: [4;34m0.7294[0m,               val_Recall: [4;33m0.7284[0m,                 val_F1 Score: [4;35m0.7229[0m
æ ‡ç­¾é‡Œ1çš„ä¸ªæ•°:  430
æ ‡ç­¾é‡Œ0çš„ä¸ªæ•°:  430
æ€»æ•°:  860
æ­£ç¡®çš„ä¸ªæ•°:  627
Epoch [68/100], V_AUC: [4m0.7267[0m
Epoch [69/100], Loss: 7.9332
train_Accuracy: [91m0.9858[0m
train_Precision: [4;34m0.9882[0m,               train_Recall: [4;33m0.9837[0m,                 train_F1 Score: [4;35m0.9854[0m
æ ‡ç­¾é‡Œ1çš„ä¸ªæ•°:  2150
æ ‡ç­¾é‡Œ0çš„ä¸ªæ•°:  2150
æ€»æ•°:  4300
æ­£ç¡®çš„ä¸ªæ•°:  4239
æœ€åä¸€ä¸ªæ‰¹æ¬¡çš„è¾“å‡º, ä¸æ»¡batchsizeæ˜¯æ­£å¸¸çš„:
 tensor([[9.9996e-01],
        [9.9965e-01],
        [9.9829e-01],
        [2.2178e-02],
        [9.9991e-01],
        [4.1578e-03],
        [4.0794e-03],
        [4.6834e-04],
        [8.2698e-01],
        [9.9964e-01],
        [5.6871e-04],
        [6.3063e-04]], device='cuda:0', grad_fn=<SigmoidBackward0>)
Epoch [69/100], T_AUC: [4m0.9866[0m
Epoch [69/100], Loss: 40.7309
val_Accuracy: [92m0.7523[0m
val_Precision: [4;34m0.7731[0m,               val_Recall: [4;33m0.7002[0m,                 val_F1 Score: [4;35m0.7304[0m
æ ‡ç­¾é‡Œ1çš„ä¸ªæ•°:  430
æ ‡ç­¾é‡Œ0çš„ä¸ªæ•°:  430
æ€»æ•°:  860
æ­£ç¡®çš„ä¸ªæ•°:  647
Epoch [69/100], V_AUC: [4m0.7482[0m
Epoch [70/100], Loss: 6.1401
train_Accuracy: [91m0.9898[0m
train_Precision: [4;34m0.9892[0m,               train_Recall: [4;33m0.9906[0m,                 train_F1 Score: [4;35m0.9896[0m
æ ‡ç­¾é‡Œ1çš„ä¸ªæ•°:  2150
æ ‡ç­¾é‡Œ0çš„ä¸ªæ•°:  2150
æ€»æ•°:  4300
æ­£ç¡®çš„ä¸ªæ•°:  4256
æœ€åä¸€ä¸ªæ‰¹æ¬¡çš„è¾“å‡º, ä¸æ»¡batchsizeæ˜¯æ­£å¸¸çš„:
 tensor([[9.9986e-01],
        [9.9894e-01],
        [9.9918e-01],
        [7.4298e-03],
        [9.9980e-01],
        [3.1894e-03],
        [6.7701e-04],
        [9.1669e-03],
        [9.9131e-01],
        [9.9796e-01],
        [9.5044e-04],
        [5.3016e-04]], device='cuda:0', grad_fn=<SigmoidBackward0>)
Epoch [70/100], T_AUC: [4m0.9903[0m
Epoch [70/100], Loss: 43.0687
val_Accuracy: [92m0.7512[0m
val_Precision: [4;34m0.7607[0m,               val_Recall: [4;33m0.7196[0m,                 val_F1 Score: [4;35m0.7342[0m
æ ‡ç­¾é‡Œ1çš„ä¸ªæ•°:  430
æ ‡ç­¾é‡Œ0çš„ä¸ªæ•°:  430
æ€»æ•°:  860
æ­£ç¡®çš„ä¸ªæ•°:  646
Epoch [70/100], V_AUC: [4m0.7474[0m
Epoch [71/100], Loss: 7.9714
train_Accuracy: [91m0.9826[0m
train_Precision: [4;34m0.9828[0m,               train_Recall: [4;33m0.9828[0m,                 train_F1 Score: [4;35m0.9823[0m
æ ‡ç­¾é‡Œ1çš„ä¸ªæ•°:  2150
æ ‡ç­¾é‡Œ0çš„ä¸ªæ•°:  2150
æ€»æ•°:  4300
æ­£ç¡®çš„ä¸ªæ•°:  4225
æœ€åä¸€ä¸ªæ‰¹æ¬¡çš„è¾“å‡º, ä¸æ»¡batchsizeæ˜¯æ­£å¸¸çš„:
 tensor([[9.9998e-01],
        [9.9750e-01],
        [9.9980e-01],
        [3.0951e-02],
        [9.9990e-01],
        [1.8047e-02],
        [8.1907e-05],
        [5.4613e-02],
        [9.7092e-01],
        [9.9891e-01],
        [3.5128e-04],
        [4.6415e-06]], device='cuda:0', grad_fn=<SigmoidBackward0>)
Epoch [71/100], T_AUC: [4m0.9836[0m
Epoch [71/100], Loss: 45.1432
val_Accuracy: [92m0.7651[0m
val_Precision: [4;34m0.7816[0m,               val_Recall: [4;33m0.7305[0m,                 val_F1 Score: [4;35m0.7509[0m
æ ‡ç­¾é‡Œ1çš„ä¸ªæ•°:  430
æ ‡ç­¾é‡Œ0çš„ä¸ªæ•°:  430
æ€»æ•°:  860
æ­£ç¡®çš„ä¸ªæ•°:  658
Epoch [71/100], V_AUC: [4m0.7642[0m
Epoch [72/100], Loss: 22.3760
train_Accuracy: [91m0.9372[0m
train_Precision: [4;34m0.9388[0m,               train_Recall: [4;33m0.9396[0m,                 train_F1 Score: [4;35m0.9366[0m
æ ‡ç­¾é‡Œ1çš„ä¸ªæ•°:  2150
æ ‡ç­¾é‡Œ0çš„ä¸ªæ•°:  2150
æ€»æ•°:  4300
æ­£ç¡®çš„ä¸ªæ•°:  4030
æœ€åä¸€ä¸ªæ‰¹æ¬¡çš„è¾“å‡º, ä¸æ»¡batchsizeæ˜¯æ­£å¸¸çš„:
 tensor([[9.7391e-01],
        [9.9886e-01],
        [9.9866e-01],
        [7.6668e-02],
        [9.9994e-01],
        [1.1876e-02],
        [5.7088e-04],
        [1.9292e-02],
        [9.9720e-01],
        [9.1386e-01],
        [1.0873e-03],
        [7.5291e-04]], device='cuda:0', grad_fn=<SigmoidBackward0>)
Epoch [72/100], T_AUC: [4m0.9411[0m
Epoch [72/100], Loss: 45.8543
val_Accuracy: [92m0.7198[0m
val_Precision: [4;34m0.7353[0m,               val_Recall: [4;33m0.6819[0m,                 val_F1 Score: [4;35m0.7018[0m
æ ‡ç­¾é‡Œ1çš„ä¸ªæ•°:  430
æ ‡ç­¾é‡Œ0çš„ä¸ªæ•°:  430
æ€»æ•°:  860
æ­£ç¡®çš„ä¸ªæ•°:  619
Epoch [72/100], V_AUC: [4m0.7158[0m
Epoch [73/100], Loss: 19.7560
train_Accuracy: [91m0.9444[0m
train_Precision: [4;34m0.9471[0m,               train_Recall: [4;33m0.9436[0m,                 train_F1 Score: [4;35m0.9436[0m
æ ‡ç­¾é‡Œ1çš„ä¸ªæ•°:  2150
æ ‡ç­¾é‡Œ0çš„ä¸ªæ•°:  2150
æ€»æ•°:  4300
æ­£ç¡®çš„ä¸ªæ•°:  4061
æœ€åä¸€ä¸ªæ‰¹æ¬¡çš„è¾“å‡º, ä¸æ»¡batchsizeæ˜¯æ­£å¸¸çš„:
 tensor([[0.9992],
        [0.9979],
        [0.9847],
        [0.0077],
        [0.9970],
        [0.0597],
        [0.0024],
        [0.0158],
        [0.9950],
        [0.9952],
        [0.0026],
        [0.0059]], device='cuda:0', grad_fn=<SigmoidBackward0>)
Epoch [73/100], T_AUC: [4m0.9465[0m
Epoch [73/100], Loss: 41.4611
val_Accuracy: [92m0.7314[0m
val_Precision: [4;34m0.7404[0m,               val_Recall: [4;33m0.7154[0m,                 val_F1 Score: [4;35m0.7217[0m
æ ‡ç­¾é‡Œ1çš„ä¸ªæ•°:  430
æ ‡ç­¾é‡Œ0çš„ä¸ªæ•°:  430
æ€»æ•°:  860
æ­£ç¡®çš„ä¸ªæ•°:  629
Epoch [73/100], V_AUC: [4m0.7308[0m
Epoch [74/100], Loss: 13.3027
train_Accuracy: [91m0.9642[0m
train_Precision: [4;34m0.9654[0m,               train_Recall: [4;33m0.9647[0m,                 train_F1 Score: [4;35m0.9637[0m
æ ‡ç­¾é‡Œ1çš„ä¸ªæ•°:  2150
æ ‡ç­¾é‡Œ0çš„ä¸ªæ•°:  2150
æ€»æ•°:  4300
æ­£ç¡®çš„ä¸ªæ•°:  4146
æœ€åä¸€ä¸ªæ‰¹æ¬¡çš„è¾“å‡º, ä¸æ»¡batchsizeæ˜¯æ­£å¸¸çš„:
 tensor([[9.9958e-01],
        [9.9835e-01],
        [9.9943e-01],
        [3.0398e-01],
        [9.9751e-01],
        [5.0293e-02],
        [2.0616e-03],
        [5.8169e-04],
        [9.9772e-01],
        [9.4902e-01],
        [5.5012e-04],
        [2.5116e-03]], device='cuda:0', grad_fn=<SigmoidBackward0>)
Epoch [74/100], T_AUC: [4m0.9666[0m
Epoch [74/100], Loss: 35.6727
val_Accuracy: [92m0.7326[0m
val_Precision: [4;34m0.7492[0m,               val_Recall: [4;33m0.6943[0m,                 val_F1 Score: [4;35m0.7165[0m
æ ‡ç­¾é‡Œ1çš„ä¸ªæ•°:  430
æ ‡ç­¾é‡Œ0çš„ä¸ªæ•°:  430
æ€»æ•°:  860
æ­£ç¡®çš„ä¸ªæ•°:  630
Epoch [74/100], V_AUC: [4m0.7308[0m
Epoch [75/100], Loss: 11.2361
train_Accuracy: [91m0.9735[0m
train_Precision: [4;34m0.9756[0m,               train_Recall: [4;33m0.9735[0m,                 train_F1 Score: [4;35m0.9735[0m
æ ‡ç­¾é‡Œ1çš„ä¸ªæ•°:  2150
æ ‡ç­¾é‡Œ0çš„ä¸ªæ•°:  2150
æ€»æ•°:  4300
æ­£ç¡®çš„ä¸ªæ•°:  4186
æœ€åä¸€ä¸ªæ‰¹æ¬¡çš„è¾“å‡º, ä¸æ»¡batchsizeæ˜¯æ­£å¸¸çš„:
 tensor([[8.8534e-01],
        [9.9933e-01],
        [9.9996e-01],
        [1.9906e-02],
        [9.8423e-01],
        [5.0840e-03],
        [7.3311e-04],
        [6.3023e-04],
        [9.9954e-01],
        [9.9993e-01],
        [4.3189e-03],
        [3.4959e-03]], device='cuda:0', grad_fn=<SigmoidBackward0>)
Epoch [75/100], T_AUC: [4m0.9758[0m
Epoch [75/100], Loss: 36.8981
val_Accuracy: [92m0.7500[0m
val_Precision: [4;34m0.7688[0m,               val_Recall: [4;33m0.7079[0m,                 val_F1 Score: [4;35m0.7330[0m
æ ‡ç­¾é‡Œ1çš„ä¸ªæ•°:  430
æ ‡ç­¾é‡Œ0çš„ä¸ªæ•°:  430
æ€»æ•°:  860
æ­£ç¡®çš„ä¸ªæ•°:  645
Epoch [75/100], V_AUC: [4m0.7471[0m
Epoch [76/100], Loss: 8.7834
train_Accuracy: [91m0.9793[0m
train_Precision: [4;34m0.9792[0m,               train_Recall: [4;33m0.9796[0m,                 train_F1 Score: [4;35m0.9786[0m
æ ‡ç­¾é‡Œ1çš„ä¸ªæ•°:  2150
æ ‡ç­¾é‡Œ0çš„ä¸ªæ•°:  2150
æ€»æ•°:  4300
æ­£ç¡®çš„ä¸ªæ•°:  4211
æœ€åä¸€ä¸ªæ‰¹æ¬¡çš„è¾“å‡º, ä¸æ»¡batchsizeæ˜¯æ­£å¸¸çš„:
 tensor([[9.9526e-01],
        [9.9808e-01],
        [9.9970e-01],
        [2.7467e-05],
        [9.9990e-01],
        [1.7200e-02],
        [9.3468e-04],
        [7.8949e-04],
        [9.9833e-01],
        [9.9967e-01],
        [1.2037e-02],
        [9.7368e-03]], device='cuda:0', grad_fn=<SigmoidBackward0>)
Epoch [76/100], T_AUC: [4m0.9807[0m
Epoch [76/100], Loss: 35.5795
val_Accuracy: [92m0.7465[0m
val_Precision: [4;34m0.7618[0m,               val_Recall: [4;33m0.7125[0m,                 val_F1 Score: [4;35m0.7312[0m
æ ‡ç­¾é‡Œ1çš„ä¸ªæ•°:  430
æ ‡ç­¾é‡Œ0çš„ä¸ªæ•°:  430
æ€»æ•°:  860
æ­£ç¡®çš„ä¸ªæ•°:  642
Epoch [76/100], V_AUC: [4m0.7443[0m
Epoch [77/100], Loss: 7.3871
train_Accuracy: [91m0.9865[0m
train_Precision: [4;34m0.9869[0m,               train_Recall: [4;33m0.9867[0m,                 train_F1 Score: [4;35m0.9863[0m
æ ‡ç­¾é‡Œ1çš„ä¸ªæ•°:  2150
æ ‡ç­¾é‡Œ0çš„ä¸ªæ•°:  2150
æ€»æ•°:  4300
æ­£ç¡®çš„ä¸ªæ•°:  4242
æœ€åä¸€ä¸ªæ‰¹æ¬¡çš„è¾“å‡º, ä¸æ»¡batchsizeæ˜¯æ­£å¸¸çš„:
 tensor([[9.9968e-01],
        [9.9654e-01],
        [9.9972e-01],
        [1.0276e-03],
        [9.9968e-01],
        [8.2254e-03],
        [4.3207e-03],
        [1.6377e-04],
        [9.9849e-01],
        [9.9984e-01],
        [7.4071e-04],
        [4.2749e-03]], device='cuda:0', grad_fn=<SigmoidBackward0>)
Epoch [77/100], T_AUC: [4m0.9878[0m
Epoch [77/100], Loss: 43.4547
val_Accuracy: [92m0.7628[0m
val_Precision: [4;34m0.7735[0m,               val_Recall: [4;33m0.7364[0m,                 val_F1 Score: [4;35m0.7506[0m
æ ‡ç­¾é‡Œ1çš„ä¸ªæ•°:  430
æ ‡ç­¾é‡Œ0çš„ä¸ªæ•°:  430
æ€»æ•°:  860
æ­£ç¡®çš„ä¸ªæ•°:  656
Epoch [77/100], V_AUC: [4m0.7595[0m
Epoch [78/100], Loss: 5.2458
train_Accuracy: [91m0.9919[0m
train_Precision: [4;34m0.9914[0m,               train_Recall: [4;33m0.9924[0m,                 train_F1 Score: [4;35m0.9915[0m
æ ‡ç­¾é‡Œ1çš„ä¸ªæ•°:  2150
æ ‡ç­¾é‡Œ0çš„ä¸ªæ•°:  2150
æ€»æ•°:  4300
æ­£ç¡®çš„ä¸ªæ•°:  4265
æœ€åä¸€ä¸ªæ‰¹æ¬¡çš„è¾“å‡º, ä¸æ»¡batchsizeæ˜¯æ­£å¸¸çš„:
 tensor([[9.9920e-01],
        [9.8866e-01],
        [9.8960e-01],
        [5.6116e-02],
        [9.9989e-01],
        [2.4543e-02],
        [8.0973e-04],
        [3.2306e-03],
        [9.9530e-01],
        [9.9970e-01],
        [1.2060e-03],
        [9.9759e-04]], device='cuda:0', grad_fn=<SigmoidBackward0>)
Epoch [78/100], T_AUC: [4m0.9927[0m
Epoch [78/100], Loss: 38.6491
val_Accuracy: [92m0.7384[0m
val_Precision: [4;34m0.7458[0m,               val_Recall: [4;33m0.7127[0m,                 val_F1 Score: [4;35m0.7238[0m
æ ‡ç­¾é‡Œ1çš„ä¸ªæ•°:  430
æ ‡ç­¾é‡Œ0çš„ä¸ªæ•°:  430
æ€»æ•°:  860
æ­£ç¡®çš„ä¸ªæ•°:  635
Epoch [78/100], V_AUC: [4m0.7359[0m
Epoch [79/100], Loss: 5.0171
train_Accuracy: [91m0.9928[0m
train_Precision: [4;34m0.9945[0m,               train_Recall: [4;33m0.9925[0m,                 train_F1 Score: [4;35m0.9933[0m
æ ‡ç­¾é‡Œ1çš„ä¸ªæ•°:  2150
æ ‡ç­¾é‡Œ0çš„ä¸ªæ•°:  2150
æ€»æ•°:  4300
æ­£ç¡®çš„ä¸ªæ•°:  4269
æœ€åä¸€ä¸ªæ‰¹æ¬¡çš„è¾“å‡º, ä¸æ»¡batchsizeæ˜¯æ­£å¸¸çš„:
 tensor([[9.9955e-01],
        [9.9668e-01],
        [9.9961e-01],
        [2.3304e-03],
        [9.9994e-01],
        [1.6692e-02],
        [2.4441e-03],
        [5.7535e-04],
        [9.9155e-01],
        [9.9903e-01],
        [8.6123e-04],
        [1.8730e-03]], device='cuda:0', grad_fn=<SigmoidBackward0>)
Epoch [79/100], T_AUC: [4m0.9935[0m
Epoch [79/100], Loss: 39.7583
val_Accuracy: [92m0.7535[0m
val_Precision: [4;34m0.7569[0m,               val_Recall: [4;33m0.7400[0m,                 val_F1 Score: [4;35m0.7439[0m
æ ‡ç­¾é‡Œ1çš„ä¸ªæ•°:  430
æ ‡ç­¾é‡Œ0çš„ä¸ªæ•°:  430
æ€»æ•°:  860
æ­£ç¡®çš„ä¸ªæ•°:  648
Epoch [79/100], V_AUC: [4m0.7515[0m
Epoch [80/100], Loss: 4.1641
train_Accuracy: [91m0.9958[0m
train_Precision: [4;34m0.9962[0m,               train_Recall: [4;33m0.9956[0m,                 train_F1 Score: [4;35m0.9957[0m
æ ‡ç­¾é‡Œ1çš„ä¸ªæ•°:  2150
æ ‡ç­¾é‡Œ0çš„ä¸ªæ•°:  2150
æ€»æ•°:  4300
æ­£ç¡®çš„ä¸ªæ•°:  4282
æœ€åä¸€ä¸ªæ‰¹æ¬¡çš„è¾“å‡º, ä¸æ»¡batchsizeæ˜¯æ­£å¸¸çš„:
 tensor([[9.9984e-01],
        [9.9935e-01],
        [9.9900e-01],
        [1.0392e-02],
        [9.9902e-01],
        [2.0290e-02],
        [1.1746e-04],
        [3.1284e-04],
        [9.9884e-01],
        [9.9977e-01],
        [2.5668e-04],
        [2.6618e-03]], device='cuda:0', grad_fn=<SigmoidBackward0>)
Epoch [80/100], T_AUC: [4m0.9960[0m
Epoch [80/100], Loss: 40.8671
val_Accuracy: [92m0.7535[0m
val_Precision: [4;34m0.7537[0m,               val_Recall: [4;33m0.7379[0m,                 val_F1 Score: [4;35m0.7426[0m
æ ‡ç­¾é‡Œ1çš„ä¸ªæ•°:  430
æ ‡ç­¾é‡Œ0çš„ä¸ªæ•°:  430
æ€»æ•°:  860
æ­£ç¡®çš„ä¸ªæ•°:  648
Epoch [80/100], V_AUC: [4m0.7495[0m
Epoch [81/100], Loss: 4.4112
train_Accuracy: [91m0.9942[0m
train_Precision: [4;34m0.9945[0m,               train_Recall: [4;33m0.9944[0m,                 train_F1 Score: [4;35m0.9943[0m
æ ‡ç­¾é‡Œ1çš„ä¸ªæ•°:  2150
æ ‡ç­¾é‡Œ0çš„ä¸ªæ•°:  2150
æ€»æ•°:  4300
æ­£ç¡®çš„ä¸ªæ•°:  4275
æœ€åä¸€ä¸ªæ‰¹æ¬¡çš„è¾“å‡º, ä¸æ»¡batchsizeæ˜¯æ­£å¸¸çš„:
 tensor([[9.9993e-01],
        [9.9940e-01],
        [9.9246e-01],
        [6.0518e-03],
        [9.9969e-01],
        [1.9973e-02],
        [2.9156e-03],
        [8.6895e-06],
        [9.8602e-01],
        [9.9993e-01],
        [1.2080e-03],
        [2.8576e-03]], device='cuda:0', grad_fn=<SigmoidBackward0>)
Epoch [81/100], T_AUC: [4m0.9944[0m
Epoch [81/100], Loss: 37.6835
val_Accuracy: [92m0.7407[0m
val_Precision: [4;34m0.7544[0m,               val_Recall: [4;33m0.7043[0m,                 val_F1 Score: [4;35m0.7242[0m
æ ‡ç­¾é‡Œ1çš„ä¸ªæ•°:  430
æ ‡ç­¾é‡Œ0çš„ä¸ªæ•°:  430
æ€»æ•°:  860
æ­£ç¡®çš„ä¸ªæ•°:  637
Epoch [81/100], V_AUC: [4m0.7392[0m
Epoch [82/100], Loss: 4.7421
train_Accuracy: [91m0.9933[0m
train_Precision: [4;34m0.9923[0m,               train_Recall: [4;33m0.9941[0m,                 train_F1 Score: [4;35m0.9930[0m
æ ‡ç­¾é‡Œ1çš„ä¸ªæ•°:  2150
æ ‡ç­¾é‡Œ0çš„ä¸ªæ•°:  2150
æ€»æ•°:  4300
æ­£ç¡®çš„ä¸ªæ•°:  4271
æœ€åä¸€ä¸ªæ‰¹æ¬¡çš„è¾“å‡º, ä¸æ»¡batchsizeæ˜¯æ­£å¸¸çš„:
 tensor([[9.9995e-01],
        [9.9908e-01],
        [9.9244e-01],
        [7.0025e-02],
        [9.9951e-01],
        [4.4628e-03],
        [2.9515e-05],
        [9.0177e-05],
        [9.9340e-01],
        [9.9999e-01],
        [4.6521e-04],
        [6.2638e-03]], device='cuda:0', grad_fn=<SigmoidBackward0>)
Epoch [82/100], T_AUC: [4m0.9939[0m
Epoch [82/100], Loss: 42.7444
val_Accuracy: [92m0.7430[0m
val_Precision: [4;34m0.7439[0m,               val_Recall: [4;33m0.7311[0m,                 val_F1 Score: [4;35m0.7325[0m
æ ‡ç­¾é‡Œ1çš„ä¸ªæ•°:  430
æ ‡ç­¾é‡Œ0çš„ä¸ªæ•°:  430
æ€»æ•°:  860
æ­£ç¡®çš„ä¸ªæ•°:  639
Epoch [82/100], V_AUC: [4m0.7391[0m
Epoch [83/100], Loss: 6.3684
train_Accuracy: [91m0.9874[0m
train_Precision: [4;34m0.9881[0m,               train_Recall: [4;33m0.9879[0m,                 train_F1 Score: [4;35m0.9876[0m
æ ‡ç­¾é‡Œ1çš„ä¸ªæ•°:  2150
æ ‡ç­¾é‡Œ0çš„ä¸ªæ•°:  2150
æ€»æ•°:  4300
æ­£ç¡®çš„ä¸ªæ•°:  4246
æœ€åä¸€ä¸ªæ‰¹æ¬¡çš„è¾“å‡º, ä¸æ»¡batchsizeæ˜¯æ­£å¸¸çš„:
 tensor([[9.9435e-01],
        [9.9916e-01],
        [9.9991e-01],
        [1.0829e-03],
        [1.0000e+00],
        [1.7917e-02],
        [8.3731e-05],
        [5.0676e-03],
        [9.6995e-01],
        [9.9909e-01],
        [1.5698e-03],
        [7.1476e-04]], device='cuda:0', grad_fn=<SigmoidBackward0>)
Epoch [83/100], T_AUC: [4m0.9881[0m
Epoch [83/100], Loss: 37.7960
val_Accuracy: [92m0.7477[0m
val_Precision: [4;34m0.7574[0m,               val_Recall: [4;33m0.7260[0m,                 val_F1 Score: [4;35m0.7360[0m
æ ‡ç­¾é‡Œ1çš„ä¸ªæ•°:  430
æ ‡ç­¾é‡Œ0çš„ä¸ªæ•°:  430
æ€»æ•°:  860
æ­£ç¡®çš„ä¸ªæ•°:  643
Epoch [83/100], V_AUC: [4m0.7443[0m
Epoch [84/100], Loss: 14.2835
train_Accuracy: [91m0.9628[0m
train_Precision: [4;34m0.9674[0m,               train_Recall: [4;33m0.9609[0m,                 train_F1 Score: [4;35m0.9627[0m
æ ‡ç­¾é‡Œ1çš„ä¸ªæ•°:  2150
æ ‡ç­¾é‡Œ0çš„ä¸ªæ•°:  2150
æ€»æ•°:  4300
æ­£ç¡®çš„ä¸ªæ•°:  4140
æœ€åä¸€ä¸ªæ‰¹æ¬¡çš„è¾“å‡º, ä¸æ»¡batchsizeæ˜¯æ­£å¸¸çš„:
 tensor([[9.9841e-01],
        [9.8786e-01],
        [9.9743e-01],
        [4.2918e-04],
        [9.9994e-01],
        [1.1899e-02],
        [1.5676e-01],
        [1.5798e-03],
        [9.9523e-01],
        [9.9950e-01],
        [1.0997e-03],
        [2.0847e-03]], device='cuda:0', grad_fn=<SigmoidBackward0>)
Epoch [84/100], T_AUC: [4m0.9653[0m
Epoch [84/100], Loss: 49.2534
val_Accuracy: [92m0.7395[0m
val_Precision: [4;34m0.7495[0m,               val_Recall: [4;33m0.7135[0m,                 val_F1 Score: [4;35m0.7255[0m
æ ‡ç­¾é‡Œ1çš„ä¸ªæ•°:  430
æ ‡ç­¾é‡Œ0çš„ä¸ªæ•°:  430
æ€»æ•°:  860
æ­£ç¡®çš„ä¸ªæ•°:  636
Epoch [84/100], V_AUC: [4m0.7383[0m
Epoch [85/100], Loss: 23.0777
train_Accuracy: [91m0.9379[0m
train_Precision: [4;34m0.9383[0m,               train_Recall: [4;33m0.9400[0m,                 train_F1 Score: [4;35m0.9372[0m
æ ‡ç­¾é‡Œ1çš„ä¸ªæ•°:  2150
æ ‡ç­¾é‡Œ0çš„ä¸ªæ•°:  2150
æ€»æ•°:  4300
æ­£ç¡®çš„ä¸ªæ•°:  4033
æœ€åä¸€ä¸ªæ‰¹æ¬¡çš„è¾“å‡º, ä¸æ»¡batchsizeæ˜¯æ­£å¸¸çš„:
 tensor([[9.8542e-01],
        [9.9977e-01],
        [9.9953e-01],
        [4.4573e-03],
        [9.8967e-01],
        [2.8023e-02],
        [1.5500e-01],
        [4.3790e-04],
        [7.5012e-01],
        [9.9962e-01],
        [5.2275e-03],
        [1.8157e-03]], device='cuda:0', grad_fn=<SigmoidBackward0>)
Epoch [85/100], T_AUC: [4m0.9407[0m
Epoch [85/100], Loss: 43.1197
val_Accuracy: [92m0.7453[0m
val_Precision: [4;34m0.7567[0m,               val_Recall: [4;33m0.7142[0m,                 val_F1 Score: [4;35m0.7303[0m
æ ‡ç­¾é‡Œ1çš„ä¸ªæ•°:  430
æ ‡ç­¾é‡Œ0çš„ä¸ªæ•°:  430
æ€»æ•°:  860
æ­£ç¡®çš„ä¸ªæ•°:  641
Epoch [85/100], V_AUC: [4m0.7420[0m
Epoch [86/100], Loss: 17.9436
train_Accuracy: [91m0.9467[0m
train_Precision: [4;34m0.9493[0m,               train_Recall: [4;33m0.9479[0m,                 train_F1 Score: [4;35m0.9468[0m
æ ‡ç­¾é‡Œ1çš„ä¸ªæ•°:  2150
æ ‡ç­¾é‡Œ0çš„ä¸ªæ•°:  2150
æ€»æ•°:  4300
æ­£ç¡®çš„ä¸ªæ•°:  4071
æœ€åä¸€ä¸ªæ‰¹æ¬¡çš„è¾“å‡º, ä¸æ»¡batchsizeæ˜¯æ­£å¸¸çš„:
 tensor([[9.9891e-01],
        [9.9791e-01],
        [9.9866e-01],
        [6.9361e-02],
        [9.9996e-01],
        [1.7751e-02],
        [6.9334e-04],
        [3.5055e-04],
        [9.1619e-01],
        [9.9760e-01],
        [2.2732e-04],
        [5.3047e-03]], device='cuda:0', grad_fn=<SigmoidBackward0>)
Epoch [86/100], T_AUC: [4m0.9494[0m
Epoch [86/100], Loss: 40.4546
val_Accuracy: [92m0.7581[0m
val_Precision: [4;34m0.7627[0m,               val_Recall: [4;33m0.7335[0m,                 val_F1 Score: [4;35m0.7446[0m
æ ‡ç­¾é‡Œ1çš„ä¸ªæ•°:  430
æ ‡ç­¾é‡Œ0çš„ä¸ªæ•°:  430
æ€»æ•°:  860
æ­£ç¡®çš„ä¸ªæ•°:  652
Epoch [86/100], V_AUC: [4m0.7545[0m
Epoch [87/100], Loss: 9.6537
train_Accuracy: [91m0.9786[0m
train_Precision: [4;34m0.9784[0m,               train_Recall: [4;33m0.9797[0m,                 train_F1 Score: [4;35m0.9782[0m
æ ‡ç­¾é‡Œ1çš„ä¸ªæ•°:  2150
æ ‡ç­¾é‡Œ0çš„ä¸ªæ•°:  2150
æ€»æ•°:  4300
æ­£ç¡®çš„ä¸ªæ•°:  4208
æœ€åä¸€ä¸ªæ‰¹æ¬¡çš„è¾“å‡º, ä¸æ»¡batchsizeæ˜¯æ­£å¸¸çš„:
 tensor([[9.9990e-01],
        [9.9902e-01],
        [9.9614e-01],
        [7.9701e-03],
        [9.8839e-01],
        [1.5810e-02],
        [1.3720e-04],
        [2.6042e-03],
        [9.9638e-01],
        [9.9998e-01],
        [1.8474e-04],
        [1.5436e-02]], device='cuda:0', grad_fn=<SigmoidBackward0>)
Epoch [87/100], T_AUC: [4m0.9802[0m
Epoch [87/100], Loss: 39.0429
val_Accuracy: [92m0.7535[0m
val_Precision: [4;34m0.7642[0m,               val_Recall: [4;33m0.7174[0m,                 val_F1 Score: [4;35m0.7361[0m
æ ‡ç­¾é‡Œ1çš„ä¸ªæ•°:  430
æ ‡ç­¾é‡Œ0çš„ä¸ªæ•°:  430
æ€»æ•°:  860
æ­£ç¡®çš„ä¸ªæ•°:  648
Epoch [87/100], V_AUC: [4m0.7487[0m
Epoch [88/100], Loss: 6.2517
train_Accuracy: [91m0.9902[0m
train_Precision: [4;34m0.9900[0m,               train_Recall: [4;33m0.9908[0m,                 train_F1 Score: [4;35m0.9900[0m
æ ‡ç­¾é‡Œ1çš„ä¸ªæ•°:  2150
æ ‡ç­¾é‡Œ0çš„ä¸ªæ•°:  2150
æ€»æ•°:  4300
æ­£ç¡®çš„ä¸ªæ•°:  4258
æœ€åä¸€ä¸ªæ‰¹æ¬¡çš„è¾“å‡º, ä¸æ»¡batchsizeæ˜¯æ­£å¸¸çš„:
 tensor([[9.9977e-01],
        [9.8826e-01],
        [9.9984e-01],
        [2.5940e-02],
        [9.9115e-01],
        [9.5388e-03],
        [7.9108e-04],
        [9.1948e-03],
        [9.9629e-01],
        [9.9982e-01],
        [3.1847e-05],
        [3.1678e-02]], device='cuda:0', grad_fn=<SigmoidBackward0>)
Epoch [88/100], T_AUC: [4m0.9911[0m
Epoch [88/100], Loss: 39.9274
val_Accuracy: [92m0.7628[0m
val_Precision: [4;34m0.7801[0m,               val_Recall: [4;33m0.7219[0m,                 val_F1 Score: [4;35m0.7458[0m
æ ‡ç­¾é‡Œ1çš„ä¸ªæ•°:  430
æ ‡ç­¾é‡Œ0çš„ä¸ªæ•°:  430
æ€»æ•°:  860
æ­£ç¡®çš„ä¸ªæ•°:  656
Epoch [88/100], V_AUC: [4m0.7582[0m
Epoch [89/100], Loss: 4.7697
train_Accuracy: [91m0.9937[0m
train_Precision: [4;34m0.9935[0m,               train_Recall: [4;33m0.9938[0m,                 train_F1 Score: [4;35m0.9934[0m
æ ‡ç­¾é‡Œ1çš„ä¸ªæ•°:  2150
æ ‡ç­¾é‡Œ0çš„ä¸ªæ•°:  2150
æ€»æ•°:  4300
æ­£ç¡®çš„ä¸ªæ•°:  4273
æœ€åä¸€ä¸ªæ‰¹æ¬¡çš„è¾“å‡º, ä¸æ»¡batchsizeæ˜¯æ­£å¸¸çš„:
 tensor([[9.9994e-01],
        [9.9902e-01],
        [9.9967e-01],
        [5.8755e-03],
        [9.9786e-01],
        [6.7591e-03],
        [5.1107e-04],
        [1.6991e-03],
        [9.8782e-01],
        [9.9997e-01],
        [1.8982e-04],
        [1.3519e-03]], device='cuda:0', grad_fn=<SigmoidBackward0>)
Epoch [89/100], T_AUC: [4m0.9945[0m
Epoch [89/100], Loss: 42.1419
val_Accuracy: [92m0.7558[0m
val_Precision: [4;34m0.7560[0m,               val_Recall: [4;33m0.7453[0m,                 val_F1 Score: [4;35m0.7462[0m
æ ‡ç­¾é‡Œ1çš„ä¸ªæ•°:  430
æ ‡ç­¾é‡Œ0çš„ä¸ªæ•°:  430
æ€»æ•°:  860
æ­£ç¡®çš„ä¸ªæ•°:  650
Epoch [89/100], V_AUC: [4m0.7521[0m
Epoch [90/100], Loss: 3.3894
train_Accuracy: [91m0.9977[0m
train_Precision: [4;34m0.9971[0m,               train_Recall: [4;33m0.9984[0m,                 train_F1 Score: [4;35m0.9977[0m
æ ‡ç­¾é‡Œ1çš„ä¸ªæ•°:  2150
æ ‡ç­¾é‡Œ0çš„ä¸ªæ•°:  2150
æ€»æ•°:  4300
æ­£ç¡®çš„ä¸ªæ•°:  4290
æœ€åä¸€ä¸ªæ‰¹æ¬¡çš„è¾“å‡º, ä¸æ»¡batchsizeæ˜¯æ­£å¸¸çš„:
 tensor([[9.9992e-01],
        [9.9746e-01],
        [9.9900e-01],
        [7.0595e-03],
        [9.9568e-01],
        [5.1231e-03],
        [3.8672e-04],
        [5.3018e-03],
        [9.9265e-01],
        [9.9993e-01],
        [5.1579e-05],
        [3.7759e-02]], device='cuda:0', grad_fn=<SigmoidBackward0>)
Epoch [90/100], T_AUC: [4m0.9978[0m
Epoch [90/100], Loss: 41.9746
val_Accuracy: [92m0.7593[0m
val_Precision: [4;34m0.7687[0m,               val_Recall: [4;33m0.7318[0m,                 val_F1 Score: [4;35m0.7457[0m
æ ‡ç­¾é‡Œ1çš„ä¸ªæ•°:  430
æ ‡ç­¾é‡Œ0çš„ä¸ªæ•°:  430
æ€»æ•°:  860
æ­£ç¡®çš„ä¸ªæ•°:  653
Epoch [90/100], V_AUC: [4m0.7556[0m
Epoch [91/100], Loss: 2.3650
train_Accuracy: [91m0.9991[0m
train_Precision: [4;34m0.9991[0m,               train_Recall: [4;33m0.9993[0m,                 train_F1 Score: [4;35m0.9992[0m
æ ‡ç­¾é‡Œ1çš„ä¸ªæ•°:  2150
æ ‡ç­¾é‡Œ0çš„ä¸ªæ•°:  2150
æ€»æ•°:  4300
æ­£ç¡®çš„ä¸ªæ•°:  4296
æœ€åä¸€ä¸ªæ‰¹æ¬¡çš„è¾“å‡º, ä¸æ»¡batchsizeæ˜¯æ­£å¸¸çš„:
 tensor([[9.9997e-01],
        [9.9887e-01],
        [9.9829e-01],
        [7.8568e-03],
        [9.9630e-01],
        [6.9157e-03],
        [9.3889e-04],
        [2.2103e-03],
        [9.9230e-01],
        [9.9992e-01],
        [4.7450e-05],
        [9.7447e-03]], device='cuda:0', grad_fn=<SigmoidBackward0>)
Epoch [91/100], T_AUC: [4m0.9992[0m
Epoch [91/100], Loss: 42.6192
val_Accuracy: [92m0.7593[0m
val_Precision: [4;34m0.7602[0m,               val_Recall: [4;33m0.7422[0m,                 val_F1 Score: [4;35m0.7479[0m
æ ‡ç­¾é‡Œ1çš„ä¸ªæ•°:  430
æ ‡ç­¾é‡Œ0çš„ä¸ªæ•°:  430
æ€»æ•°:  860
æ­£ç¡®çš„ä¸ªæ•°:  653
Epoch [91/100], V_AUC: [4m0.7559[0m
Epoch [92/100], Loss: 1.8573
train_Accuracy: [91m0.9998[0m
train_Precision: [4;34m1.0000[0m,               train_Recall: [4;33m0.9996[0m,                 train_F1 Score: [4;35m0.9998[0m
æ ‡ç­¾é‡Œ1çš„ä¸ªæ•°:  2150
æ ‡ç­¾é‡Œ0çš„ä¸ªæ•°:  2150
æ€»æ•°:  4300
æ­£ç¡®çš„ä¸ªæ•°:  4299
æœ€åä¸€ä¸ªæ‰¹æ¬¡çš„è¾“å‡º, ä¸æ»¡batchsizeæ˜¯æ­£å¸¸çš„:
 tensor([[9.9998e-01],
        [9.9812e-01],
        [9.9897e-01],
        [8.9110e-04],
        [9.9945e-01],
        [1.2710e-02],
        [7.4731e-04],
        [1.2167e-03],
        [9.9182e-01],
        [9.9988e-01],
        [3.6254e-05],
        [1.8312e-02]], device='cuda:0', grad_fn=<SigmoidBackward0>)
Epoch [92/100], T_AUC: [4m0.9998[0m
Epoch [92/100], Loss: 42.5605
val_Accuracy: [92m0.7593[0m
val_Precision: [4;34m0.7613[0m,               val_Recall: [4;33m0.7433[0m,                 val_F1 Score: [4;35m0.7487[0m
æ ‡ç­¾é‡Œ1çš„ä¸ªæ•°:  430
æ ‡ç­¾é‡Œ0çš„ä¸ªæ•°:  430
æ€»æ•°:  860
æ­£ç¡®çš„ä¸ªæ•°:  653
Epoch [92/100], V_AUC: [4m0.7562[0m
Epoch [93/100], Loss: 1.5759
train_Accuracy: [91m0.9998[0m
train_Precision: [4;34m1.0000[0m,               train_Recall: [4;33m0.9996[0m,                 train_F1 Score: [4;35m0.9998[0m
æ ‡ç­¾é‡Œ1çš„ä¸ªæ•°:  2150
æ ‡ç­¾é‡Œ0çš„ä¸ªæ•°:  2150
æ€»æ•°:  4300
æ­£ç¡®çš„ä¸ªæ•°:  4299
æœ€åä¸€ä¸ªæ‰¹æ¬¡çš„è¾“å‡º, ä¸æ»¡batchsizeæ˜¯æ­£å¸¸çš„:
 tensor([[9.9995e-01],
        [9.9754e-01],
        [9.9954e-01],
        [2.8099e-03],
        [9.9949e-01],
        [8.2878e-03],
        [3.9755e-04],
        [1.1675e-03],
        [9.9277e-01],
        [9.9992e-01],
        [3.7991e-05],
        [9.6827e-03]], device='cuda:0', grad_fn=<SigmoidBackward0>)
Epoch [93/100], T_AUC: [4m0.9998[0m
Epoch [93/100], Loss: 45.1588
val_Accuracy: [92m0.7547[0m
val_Precision: [4;34m0.7569[0m,               val_Recall: [4;33m0.7363[0m,                 val_F1 Score: [4;35m0.7433[0m
æ ‡ç­¾é‡Œ1çš„ä¸ªæ•°:  430
æ ‡ç­¾é‡Œ0çš„ä¸ªæ•°:  430
æ€»æ•°:  860
æ­£ç¡®çš„ä¸ªæ•°:  649
Epoch [93/100], V_AUC: [4m0.7511[0m
Epoch [94/100], Loss: 1.3863
train_Accuracy: [91m0.9998[0m
train_Precision: [4;34m1.0000[0m,               train_Recall: [4;33m0.9996[0m,                 train_F1 Score: [4;35m0.9998[0m
æ ‡ç­¾é‡Œ1çš„ä¸ªæ•°:  2150
æ ‡ç­¾é‡Œ0çš„ä¸ªæ•°:  2150
æ€»æ•°:  4300
æ­£ç¡®çš„ä¸ªæ•°:  4299
æœ€åä¸€ä¸ªæ‰¹æ¬¡çš„è¾“å‡º, ä¸æ»¡batchsizeæ˜¯æ­£å¸¸çš„:
 tensor([[9.9996e-01],
        [9.9829e-01],
        [9.9962e-01],
        [1.1355e-03],
        [9.9976e-01],
        [8.3223e-03],
        [3.2777e-04],
        [9.8884e-04],
        [9.9385e-01],
        [9.9992e-01],
        [2.7762e-05],
        [8.5962e-03]], device='cuda:0', grad_fn=<SigmoidBackward0>)
Epoch [94/100], T_AUC: [4m0.9998[0m
Epoch [94/100], Loss: 45.7672
val_Accuracy: [92m0.7663[0m
val_Precision: [4;34m0.7692[0m,               val_Recall: [4;33m0.7479[0m,                 val_F1 Score: [4;35m0.7552[0m
æ ‡ç­¾é‡Œ1çš„ä¸ªæ•°:  430
æ ‡ç­¾é‡Œ0çš„ä¸ªæ•°:  430
æ€»æ•°:  860
æ­£ç¡®çš„ä¸ªæ•°:  659
Epoch [94/100], V_AUC: [4m0.7639[0m
Epoch [95/100], Loss: 1.2002
train_Accuracy: [91m0.9998[0m
train_Precision: [4;34m1.0000[0m,               train_Recall: [4;33m0.9996[0m,                 train_F1 Score: [4;35m0.9998[0m
æ ‡ç­¾é‡Œ1çš„ä¸ªæ•°:  2150
æ ‡ç­¾é‡Œ0çš„ä¸ªæ•°:  2150
æ€»æ•°:  4300
æ­£ç¡®çš„ä¸ªæ•°:  4299
æœ€åä¸€ä¸ªæ‰¹æ¬¡çš„è¾“å‡º, ä¸æ»¡batchsizeæ˜¯æ­£å¸¸çš„:
 tensor([[9.9997e-01],
        [9.9845e-01],
        [9.9953e-01],
        [1.3837e-03],
        [9.9982e-01],
        [3.3755e-03],
        [4.4443e-04],
        [5.9835e-04],
        [9.9444e-01],
        [9.9992e-01],
        [2.4608e-05],
        [1.0563e-02]], device='cuda:0', grad_fn=<SigmoidBackward0>)
Epoch [95/100], T_AUC: [4m0.9998[0m
Epoch [95/100], Loss: 45.9079
val_Accuracy: [92m0.7674[0m
val_Precision: [4;34m0.7678[0m,               val_Recall: [4;33m0.7550[0m,                 val_F1 Score: [4;35m0.7579[0m
æ ‡ç­¾é‡Œ1çš„ä¸ªæ•°:  430
æ ‡ç­¾é‡Œ0çš„ä¸ªæ•°:  430
æ€»æ•°:  860
æ­£ç¡®çš„ä¸ªæ•°:  660
Epoch [95/100], V_AUC: [4m0.7653[0m
Epoch [96/100], Loss: 1.1203
train_Accuracy: [91m0.9998[0m
train_Precision: [4;34m1.0000[0m,               train_Recall: [4;33m0.9996[0m,                 train_F1 Score: [4;35m0.9998[0m
æ ‡ç­¾é‡Œ1çš„ä¸ªæ•°:  2150
æ ‡ç­¾é‡Œ0çš„ä¸ªæ•°:  2150
æ€»æ•°:  4300
æ­£ç¡®çš„ä¸ªæ•°:  4299
æœ€åä¸€ä¸ªæ‰¹æ¬¡çš„è¾“å‡º, ä¸æ»¡batchsizeæ˜¯æ­£å¸¸çš„:
 tensor([[9.9997e-01],
        [9.9766e-01],
        [9.9944e-01],
        [5.9968e-04],
        [9.9992e-01],
        [5.1501e-03],
        [3.8636e-04],
        [5.6393e-04],
        [9.9427e-01],
        [9.9992e-01],
        [2.7355e-05],
        [1.1871e-02]], device='cuda:0', grad_fn=<SigmoidBackward0>)
Epoch [96/100], T_AUC: [4m0.9998[0m
Epoch [96/100], Loss: 46.1755
val_Accuracy: [92m0.7733[0m
val_Precision: [4;34m0.7757[0m,               val_Recall: [4;33m0.7573[0m,                 val_F1 Score: [4;35m0.7630[0m
æ ‡ç­¾é‡Œ1çš„ä¸ªæ•°:  430
æ ‡ç­¾é‡Œ0çš„ä¸ªæ•°:  430
æ€»æ•°:  860
æ­£ç¡®çš„ä¸ªæ•°:  665
Epoch [96/100], V_AUC: [4m0.7709[0m
Epoch [97/100], Loss: 1.0596
train_Accuracy: [91m0.9998[0m
train_Precision: [4;34m1.0000[0m,               train_Recall: [4;33m0.9996[0m,                 train_F1 Score: [4;35m0.9998[0m
æ ‡ç­¾é‡Œ1çš„ä¸ªæ•°:  2150
æ ‡ç­¾é‡Œ0çš„ä¸ªæ•°:  2150
æ€»æ•°:  4300
æ­£ç¡®çš„ä¸ªæ•°:  4299
æœ€åä¸€ä¸ªæ‰¹æ¬¡çš„è¾“å‡º, ä¸æ»¡batchsizeæ˜¯æ­£å¸¸çš„:
 tensor([[9.9998e-01],
        [9.9713e-01],
        [9.9942e-01],
        [1.2334e-03],
        [9.9993e-01],
        [6.7230e-03],
        [2.1993e-04],
        [4.4290e-04],
        [9.9406e-01],
        [9.9991e-01],
        [2.1365e-05],
        [7.9400e-03]], device='cuda:0', grad_fn=<SigmoidBackward0>)
Epoch [97/100], T_AUC: [4m0.9998[0m
Epoch [97/100], Loss: 46.3006
val_Accuracy: [92m0.7709[0m
val_Precision: [4;34m0.7745[0m,               val_Recall: [4;33m0.7523[0m,                 val_F1 Score: [4;35m0.7600[0m
æ ‡ç­¾é‡Œ1çš„ä¸ªæ•°:  430
æ ‡ç­¾é‡Œ0çš„ä¸ªæ•°:  430
æ€»æ•°:  860
æ­£ç¡®çš„ä¸ªæ•°:  663
Epoch [97/100], V_AUC: [4m0.7676[0m
Epoch [98/100], Loss: 1.0189
train_Accuracy: [91m0.9998[0m
train_Precision: [4;34m1.0000[0m,               train_Recall: [4;33m0.9996[0m,                 train_F1 Score: [4;35m0.9998[0m
æ ‡ç­¾é‡Œ1çš„ä¸ªæ•°:  2150
æ ‡ç­¾é‡Œ0çš„ä¸ªæ•°:  2150
æ€»æ•°:  4300
æ­£ç¡®çš„ä¸ªæ•°:  4299
æœ€åä¸€ä¸ªæ‰¹æ¬¡çš„è¾“å‡º, ä¸æ»¡batchsizeæ˜¯æ­£å¸¸çš„:
 tensor([[9.9998e-01],
        [9.9719e-01],
        [9.9953e-01],
        [6.6009e-04],
        [9.9995e-01],
        [5.9083e-03],
        [2.3740e-04],
        [5.1196e-04],
        [9.9327e-01],
        [9.9991e-01],
        [1.8588e-05],
        [8.3841e-03]], device='cuda:0', grad_fn=<SigmoidBackward0>)
Epoch [98/100], T_AUC: [4m0.9998[0m
Epoch [98/100], Loss: 46.5435
val_Accuracy: [92m0.7744[0m
val_Precision: [4;34m0.7787[0m,               val_Recall: [4;33m0.7540[0m,                 val_F1 Score: [4;35m0.7630[0m
æ ‡ç­¾é‡Œ1çš„ä¸ªæ•°:  430
æ ‡ç­¾é‡Œ0çš„ä¸ªæ•°:  430
æ€»æ•°:  860
æ­£ç¡®çš„ä¸ªæ•°:  666
Epoch [98/100], V_AUC: [4m0.7712[0m
Epoch [99/100], Loss: 0.9884
train_Accuracy: [91m0.9998[0m
train_Precision: [4;34m1.0000[0m,               train_Recall: [4;33m0.9996[0m,                 train_F1 Score: [4;35m0.9998[0m
æ ‡ç­¾é‡Œ1çš„ä¸ªæ•°:  2150
æ ‡ç­¾é‡Œ0çš„ä¸ªæ•°:  2150
æ€»æ•°:  4300
æ­£ç¡®çš„ä¸ªæ•°:  4299
æœ€åä¸€ä¸ªæ‰¹æ¬¡çš„è¾“å‡º, ä¸æ»¡batchsizeæ˜¯æ­£å¸¸çš„:
 tensor([[9.9999e-01],
        [9.9850e-01],
        [9.9860e-01],
        [6.0177e-04],
        [9.9998e-01],
        [4.8503e-03],
        [2.4562e-04],
        [4.0526e-04],
        [9.9362e-01],
        [9.9992e-01],
        [2.1478e-05],
        [6.3604e-03]], device='cuda:0', grad_fn=<SigmoidBackward0>)
Epoch [99/100], T_AUC: [4m0.9998[0m
Epoch [99/100], Loss: 46.8200
val_Accuracy: [92m0.7791[0m
val_Precision: [4;34m0.7830[0m,               val_Recall: [4;33m0.7577[0m,                 val_F1 Score: [4;35m0.7671[0m
æ ‡ç­¾é‡Œ1çš„ä¸ªæ•°:  430
æ ‡ç­¾é‡Œ0çš„ä¸ªæ•°:  430
æ€»æ•°:  860
æ­£ç¡®çš„ä¸ªæ•°:  670
Epoch [99/100], V_AUC: [4m0.7753[0m
Epoch [100/100], Loss: 1.0840
train_Accuracy: [91m0.9998[0m
train_Precision: [4;34m1.0000[0m,               train_Recall: [4;33m0.9996[0m,                 train_F1 Score: [4;35m0.9998[0m
æ ‡ç­¾é‡Œ1çš„ä¸ªæ•°:  2150
æ ‡ç­¾é‡Œ0çš„ä¸ªæ•°:  2150
æ€»æ•°:  4300
æ­£ç¡®çš„ä¸ªæ•°:  4299
æœ€åä¸€ä¸ªæ‰¹æ¬¡çš„è¾“å‡º, ä¸æ»¡batchsizeæ˜¯æ­£å¸¸çš„:
 tensor([[9.9996e-01],
        [9.9934e-01],
        [9.9890e-01],
        [1.6963e-03],
        [9.9997e-01],
        [3.7319e-03],
        [1.5636e-04],
        [3.4391e-04],
        [9.9114e-01],
        [9.9991e-01],
        [3.7865e-05],
        [4.9808e-03]], device='cuda:0', grad_fn=<SigmoidBackward0>)
Epoch [100/100], T_AUC: [4m0.9998[0m
Epoch [100/100], Loss: 46.8509
val_Accuracy: [92m0.7791[0m
val_Precision: [4;34m0.7879[0m,               val_Recall: [4;33m0.7519[0m,                 val_F1 Score: [4;35m0.7659[0m
æ ‡ç­¾é‡Œ1çš„ä¸ªæ•°:  430
æ ‡ç­¾é‡Œ0çš„ä¸ªæ•°:  430
æ€»æ•°:  860
æ­£ç¡®çš„ä¸ªæ•°:  670
Epoch [100/100], V_AUC: [4m0.7757[0m
ç¬¬0æ‰¹ç¬¬2ä¸ª, 100
ç¬¬0æ‰¹ç¬¬15ä¸ª, 100
ç¬¬1æ‰¹ç¬¬0ä¸ª, 100
ç¬¬1æ‰¹ç¬¬13ä¸ª, 100
ç¬¬1æ‰¹ç¬¬29ä¸ª, 100
send email successfully
