2024-06-24-07:14:06
1æ’åº128-0.5
åˆ›å»ºæ¨¡å‹å®ä¾‹
æ¨¡å‹å®ä¾‹åˆ›å»ºå®Œæˆ
åŠ è½½é¢„è®­ç»ƒå‚æ•°
é¢„è®­ç»ƒå‚æ•°åŠ è½½å®Œæˆ
Epoch [1/100], Loss: 60.4493
train_Accuracy: [91m0.8067[0m
train_Precision: [4;34m0.8247[0m,               train_Recall: [4;33m0.7895[0m,                 train_F1 Score: [4;35m0.8012[0m
æ ‡ç­¾é‡Œ1çš„ä¸ªæ•°:  2150
æ ‡ç­¾é‡Œ0çš„ä¸ªæ•°:  2150
æ€»æ•°:  4300
æ­£ç¡®çš„ä¸ªæ•°:  3469
æœ€åä¸€ä¸ªæ‰¹æ¬¡çš„è¾“å‡º, ä¸æ»¡batchsizeæ˜¯æ­£å¸¸çš„:
 tensor([[0.9121],
        [0.8093],
        [0.9516],
        [0.1752],
        [0.7475],
        [0.1813],
        [0.5717],
        [0.3619],
        [0.5134],
        [0.8980],
        [0.0369],
        [0.0429]], device='cuda:0', grad_fn=<SigmoidBackward0>)
Epoch [1/100], T_AUC: [4m0.8130[0m
Epoch [1/100], Loss: 13.5516
val_Accuracy: [92m0.8000[0m
val_Precision: [4;34m0.8144[0m,               val_Recall: [4;33m0.7718[0m,                 val_F1 Score: [4;35m0.7873[0m
æ ‡ç­¾é‡Œ1çš„ä¸ªæ•°:  430
æ ‡ç­¾é‡Œ0çš„ä¸ªæ•°:  430
æ€»æ•°:  860
æ­£ç¡®çš„ä¸ªæ•°:  688
Epoch [1/100], V_AUC: [4m0.7961[0m
Epoch [2/100], Loss: 57.9855
train_Accuracy: [91m0.8133[0m
train_Precision: [4;34m0.8338[0m,               train_Recall: [4;33m0.7928[0m,                 train_F1 Score: [4;35m0.8072[0m
æ ‡ç­¾é‡Œ1çš„ä¸ªæ•°:  2150
æ ‡ç­¾é‡Œ0çš„ä¸ªæ•°:  2150
æ€»æ•°:  4300
æ­£ç¡®çš„ä¸ªæ•°:  3497
æœ€åä¸€ä¸ªæ‰¹æ¬¡çš„è¾“å‡º, ä¸æ»¡batchsizeæ˜¯æ­£å¸¸çš„:
 tensor([[0.8965],
        [0.7951],
        [0.9732],
        [0.1930],
        [0.7777],
        [0.1511],
        [0.5070],
        [0.3879],
        [0.5929],
        [0.9055],
        [0.0280],
        [0.0438]], device='cuda:0', grad_fn=<SigmoidBackward0>)
Epoch [2/100], T_AUC: [4m0.8199[0m
Epoch [2/100], Loss: 13.7866
val_Accuracy: [92m0.7977[0m
val_Precision: [4;34m0.8119[0m,               val_Recall: [4;33m0.7662[0m,                 val_F1 Score: [4;35m0.7838[0m
æ ‡ç­¾é‡Œ1çš„ä¸ªæ•°:  430
æ ‡ç­¾é‡Œ0çš„ä¸ªæ•°:  430
æ€»æ•°:  860
æ­£ç¡®çš„ä¸ªæ•°:  686
Epoch [2/100], V_AUC: [4m0.7936[0m
Epoch [3/100], Loss: 57.3017
train_Accuracy: [91m0.8158[0m
train_Precision: [4;34m0.8375[0m,               train_Recall: [4;33m0.7945[0m,                 train_F1 Score: [4;35m0.8103[0m
æ ‡ç­¾é‡Œ1çš„ä¸ªæ•°:  2150
æ ‡ç­¾é‡Œ0çš„ä¸ªæ•°:  2150
æ€»æ•°:  4300
æ­£ç¡®çš„ä¸ªæ•°:  3508
æœ€åä¸€ä¸ªæ‰¹æ¬¡çš„è¾“å‡º, ä¸æ»¡batchsizeæ˜¯æ­£å¸¸çš„:
 tensor([[0.9168],
        [0.7478],
        [0.9784],
        [0.1857],
        [0.7769],
        [0.1545],
        [0.4644],
        [0.3498],
        [0.5350],
        [0.8967],
        [0.0485],
        [0.0531]], device='cuda:0', grad_fn=<SigmoidBackward0>)
Epoch [3/100], T_AUC: [4m0.8226[0m
Epoch [3/100], Loss: 13.8354
val_Accuracy: [92m0.7953[0m
val_Precision: [4;34m0.8099[0m,               val_Recall: [4;33m0.7641[0m,                 val_F1 Score: [4;35m0.7810[0m
æ ‡ç­¾é‡Œ1çš„ä¸ªæ•°:  430
æ ‡ç­¾é‡Œ0çš„ä¸ªæ•°:  430
æ€»æ•°:  860
æ­£ç¡®çš„ä¸ªæ•°:  684
Epoch [3/100], V_AUC: [4m0.7923[0m
Epoch [4/100], Loss: 56.8972
train_Accuracy: [91m0.8198[0m
train_Precision: [4;34m0.8444[0m,               train_Recall: [4;33m0.7959[0m,                 train_F1 Score: [4;35m0.8141[0m
æ ‡ç­¾é‡Œ1çš„ä¸ªæ•°:  2150
æ ‡ç­¾é‡Œ0çš„ä¸ªæ•°:  2150
æ€»æ•°:  4300
æ­£ç¡®çš„ä¸ªæ•°:  3525
æœ€åä¸€ä¸ªæ‰¹æ¬¡çš„è¾“å‡º, ä¸æ»¡batchsizeæ˜¯æ­£å¸¸çš„:
 tensor([[0.8825],
        [0.8275],
        [0.9821],
        [0.2103],
        [0.7752],
        [0.1045],
        [0.4050],
        [0.4087],
        [0.5770],
        [0.8853],
        [0.0632],
        [0.0439]], device='cuda:0', grad_fn=<SigmoidBackward0>)
Epoch [4/100], T_AUC: [4m0.8267[0m
Epoch [4/100], Loss: 13.8428
val_Accuracy: [92m0.7907[0m
val_Precision: [4;34m0.8093[0m,               val_Recall: [4;33m0.7516[0m,                 val_F1 Score: [4;35m0.7739[0m
æ ‡ç­¾é‡Œ1çš„ä¸ªæ•°:  430
æ ‡ç­¾é‡Œ0çš„ä¸ªæ•°:  430
æ€»æ•°:  860
æ­£ç¡®çš„ä¸ªæ•°:  680
Epoch [4/100], V_AUC: [4m0.7870[0m
Epoch [5/100], Loss: 56.0900
train_Accuracy: [91m0.8221[0m
train_Precision: [4;34m0.8447[0m,               train_Recall: [4;33m0.8001[0m,                 train_F1 Score: [4;35m0.8169[0m
æ ‡ç­¾é‡Œ1çš„ä¸ªæ•°:  2150
æ ‡ç­¾é‡Œ0çš„ä¸ªæ•°:  2150
æ€»æ•°:  4300
æ­£ç¡®çš„ä¸ªæ•°:  3535
æœ€åä¸€ä¸ªæ‰¹æ¬¡çš„è¾“å‡º, ä¸æ»¡batchsizeæ˜¯æ­£å¸¸çš„:
 tensor([[0.8742],
        [0.8191],
        [0.9825],
        [0.1854],
        [0.7627],
        [0.1195],
        [0.4362],
        [0.4037],
        [0.6445],
        [0.8781],
        [0.0593],
        [0.0458]], device='cuda:0', grad_fn=<SigmoidBackward0>)
Epoch [5/100], T_AUC: [4m0.8284[0m
Epoch [5/100], Loss: 13.7989
val_Accuracy: [92m0.7919[0m
val_Precision: [4;34m0.8042[0m,               val_Recall: [4;33m0.7608[0m,                 val_F1 Score: [4;35m0.7772[0m
æ ‡ç­¾é‡Œ1çš„ä¸ªæ•°:  430
æ ‡ç­¾é‡Œ0çš„ä¸ªæ•°:  430
æ€»æ•°:  860
æ­£ç¡®çš„ä¸ªæ•°:  681
Epoch [5/100], V_AUC: [4m0.7880[0m
Epoch [6/100], Loss: 55.5884
train_Accuracy: [91m0.8247[0m
train_Precision: [4;34m0.8470[0m,               train_Recall: [4;33m0.8040[0m,                 train_F1 Score: [4;35m0.8198[0m
æ ‡ç­¾é‡Œ1çš„ä¸ªæ•°:  2150
æ ‡ç­¾é‡Œ0çš„ä¸ªæ•°:  2150
æ€»æ•°:  4300
æ­£ç¡®çš„ä¸ªæ•°:  3546
æœ€åä¸€ä¸ªæ‰¹æ¬¡çš„è¾“å‡º, ä¸æ»¡batchsizeæ˜¯æ­£å¸¸çš„:
 tensor([[0.8979],
        [0.8571],
        [0.9837],
        [0.1759],
        [0.7980],
        [0.0936],
        [0.4375],
        [0.3884],
        [0.5974],
        [0.8360],
        [0.0479],
        [0.0737]], device='cuda:0', grad_fn=<SigmoidBackward0>)
Epoch [6/100], T_AUC: [4m0.8314[0m
Epoch [6/100], Loss: 13.6737
val_Accuracy: [92m0.7977[0m
val_Precision: [4;34m0.8108[0m,               val_Recall: [4;33m0.7653[0m,                 val_F1 Score: [4;35m0.7829[0m
æ ‡ç­¾é‡Œ1çš„ä¸ªæ•°:  430
æ ‡ç­¾é‡Œ0çš„ä¸ªæ•°:  430
æ€»æ•°:  860
æ­£ç¡®çš„ä¸ªæ•°:  686
Epoch [6/100], V_AUC: [4m0.7938[0m
Epoch [7/100], Loss: 55.0895
train_Accuracy: [91m0.8260[0m
train_Precision: [4;34m0.8495[0m,               train_Recall: [4;33m0.8038[0m,                 train_F1 Score: [4;35m0.8204[0m
æ ‡ç­¾é‡Œ1çš„ä¸ªæ•°:  2150
æ ‡ç­¾é‡Œ0çš„ä¸ªæ•°:  2150
æ€»æ•°:  4300
æ­£ç¡®çš„ä¸ªæ•°:  3552
æœ€åä¸€ä¸ªæ‰¹æ¬¡çš„è¾“å‡º, ä¸æ»¡batchsizeæ˜¯æ­£å¸¸çš„:
 tensor([[0.9133],
        [0.8378],
        [0.9910],
        [0.1515],
        [0.7706],
        [0.0596],
        [0.3346],
        [0.4307],
        [0.6910],
        [0.9090],
        [0.0519],
        [0.0373]], device='cuda:0', grad_fn=<SigmoidBackward0>)
Epoch [7/100], T_AUC: [4m0.8331[0m
Epoch [7/100], Loss: 14.4044
val_Accuracy: [92m0.7953[0m
val_Precision: [4;34m0.8138[0m,               val_Recall: [4;33m0.7564[0m,                 val_F1 Score: [4;35m0.7788[0m
æ ‡ç­¾é‡Œ1çš„ä¸ªæ•°:  430
æ ‡ç­¾é‡Œ0çš„ä¸ªæ•°:  430
æ€»æ•°:  860
æ­£ç¡®çš„ä¸ªæ•°:  684
Epoch [7/100], V_AUC: [4m0.7924[0m
Epoch [8/100], Loss: 54.7550
train_Accuracy: [91m0.8307[0m
train_Precision: [4;34m0.8507[0m,               train_Recall: [4;33m0.8120[0m,                 train_F1 Score: [4;35m0.8256[0m
æ ‡ç­¾é‡Œ1çš„ä¸ªæ•°:  2150
æ ‡ç­¾é‡Œ0çš„ä¸ªæ•°:  2150
æ€»æ•°:  4300
æ­£ç¡®çš„ä¸ªæ•°:  3572
æœ€åä¸€ä¸ªæ‰¹æ¬¡çš„è¾“å‡º, ä¸æ»¡batchsizeæ˜¯æ­£å¸¸çš„:
 tensor([[0.8926],
        [0.8577],
        [0.9843],
        [0.1519],
        [0.7811],
        [0.0792],
        [0.3641],
        [0.4798],
        [0.6723],
        [0.9007],
        [0.0321],
        [0.0655]], device='cuda:0', grad_fn=<SigmoidBackward0>)
Epoch [8/100], T_AUC: [4m0.8371[0m
Epoch [8/100], Loss: 14.6791
val_Accuracy: [92m0.7977[0m
val_Precision: [4;34m0.8311[0m,               val_Recall: [4;33m0.7382[0m,                 val_F1 Score: [4;35m0.7772[0m
æ ‡ç­¾é‡Œ1çš„ä¸ªæ•°:  430
æ ‡ç­¾é‡Œ0çš„ä¸ªæ•°:  430
æ€»æ•°:  860
æ­£ç¡®çš„ä¸ªæ•°:  686
Epoch [8/100], V_AUC: [4m0.7940[0m
Epoch [9/100], Loss: 54.0329
train_Accuracy: [91m0.8298[0m
train_Precision: [4;34m0.8497[0m,               train_Recall: [4;33m0.8117[0m,                 train_F1 Score: [4;35m0.8252[0m
æ ‡ç­¾é‡Œ1çš„ä¸ªæ•°:  2150
æ ‡ç­¾é‡Œ0çš„ä¸ªæ•°:  2150
æ€»æ•°:  4300
æ­£ç¡®çš„ä¸ªæ•°:  3568
æœ€åä¸€ä¸ªæ‰¹æ¬¡çš„è¾“å‡º, ä¸æ»¡batchsizeæ˜¯æ­£å¸¸çš„:
 tensor([[0.9163],
        [0.8686],
        [0.9895],
        [0.1526],
        [0.7994],
        [0.0779],
        [0.3382],
        [0.3959],
        [0.7117],
        [0.9019],
        [0.0346],
        [0.0357]], device='cuda:0', grad_fn=<SigmoidBackward0>)
Epoch [9/100], T_AUC: [4m0.8360[0m
Epoch [9/100], Loss: 14.7107
val_Accuracy: [92m0.7895[0m
val_Precision: [4;34m0.8115[0m,               val_Recall: [4;33m0.7449[0m,                 val_F1 Score: [4;35m0.7717[0m
æ ‡ç­¾é‡Œ1çš„ä¸ªæ•°:  430
æ ‡ç­¾é‡Œ0çš„ä¸ªæ•°:  430
æ€»æ•°:  860
æ­£ç¡®çš„ä¸ªæ•°:  679
Epoch [9/100], V_AUC: [4m0.7864[0m
Epoch [10/100], Loss: 53.5966
train_Accuracy: [91m0.8333[0m
train_Precision: [4;34m0.8544[0m,               train_Recall: [4;33m0.8111[0m,                 train_F1 Score: [4;35m0.8276[0m
æ ‡ç­¾é‡Œ1çš„ä¸ªæ•°:  2150
æ ‡ç­¾é‡Œ0çš„ä¸ªæ•°:  2150
æ€»æ•°:  4300
æ­£ç¡®çš„ä¸ªæ•°:  3583
æœ€åä¸€ä¸ªæ‰¹æ¬¡çš„è¾“å‡º, ä¸æ»¡batchsizeæ˜¯æ­£å¸¸çš„:
 tensor([[0.8922],
        [0.7945],
        [0.9890],
        [0.1116],
        [0.8241],
        [0.0650],
        [0.3236],
        [0.4278],
        [0.7509],
        [0.9286],
        [0.0551],
        [0.0423]], device='cuda:0', grad_fn=<SigmoidBackward0>)
Epoch [10/100], T_AUC: [4m0.8390[0m
Epoch [10/100], Loss: 14.9508
val_Accuracy: [92m0.8000[0m
val_Precision: [4;34m0.8314[0m,               val_Recall: [4;33m0.7452[0m,                 val_F1 Score: [4;35m0.7812[0m
æ ‡ç­¾é‡Œ1çš„ä¸ªæ•°:  430
æ ‡ç­¾é‡Œ0çš„ä¸ªæ•°:  430
æ€»æ•°:  860
æ­£ç¡®çš„ä¸ªæ•°:  688
Epoch [10/100], V_AUC: [4m0.7961[0m
Epoch [11/100], Loss: 52.6076
train_Accuracy: [91m0.8360[0m
train_Precision: [4;34m0.8566[0m,               train_Recall: [4;33m0.8168[0m,                 train_F1 Score: [4;35m0.8315[0m
æ ‡ç­¾é‡Œ1çš„ä¸ªæ•°:  2150
æ ‡ç­¾é‡Œ0çš„ä¸ªæ•°:  2150
æ€»æ•°:  4300
æ­£ç¡®çš„ä¸ªæ•°:  3595
æœ€åä¸€ä¸ªæ‰¹æ¬¡çš„è¾“å‡º, ä¸æ»¡batchsizeæ˜¯æ­£å¸¸çš„:
 tensor([[0.8961],
        [0.9180],
        [0.9821],
        [0.1053],
        [0.8348],
        [0.0740],
        [0.4420],
        [0.2802],
        [0.8054],
        [0.8808],
        [0.0428],
        [0.0424]], device='cuda:0', grad_fn=<SigmoidBackward0>)
Epoch [11/100], T_AUC: [4m0.8419[0m
Epoch [11/100], Loss: 14.7577
val_Accuracy: [92m0.7895[0m
val_Precision: [4;34m0.8079[0m,               val_Recall: [4;33m0.7467[0m,                 val_F1 Score: [4;35m0.7722[0m
æ ‡ç­¾é‡Œ1çš„ä¸ªæ•°:  430
æ ‡ç­¾é‡Œ0çš„ä¸ªæ•°:  430
æ€»æ•°:  860
æ­£ç¡®çš„ä¸ªæ•°:  679
Epoch [11/100], V_AUC: [4m0.7861[0m
Epoch [12/100], Loss: 51.7635
train_Accuracy: [91m0.8409[0m
train_Precision: [4;34m0.8604[0m,               train_Recall: [4;33m0.8249[0m,                 train_F1 Score: [4;35m0.8370[0m
æ ‡ç­¾é‡Œ1çš„ä¸ªæ•°:  2150
æ ‡ç­¾é‡Œ0çš„ä¸ªæ•°:  2150
æ€»æ•°:  4300
æ­£ç¡®çš„ä¸ªæ•°:  3616
æœ€åä¸€ä¸ªæ‰¹æ¬¡çš„è¾“å‡º, ä¸æ»¡batchsizeæ˜¯æ­£å¸¸çš„:
 tensor([[0.9201],
        [0.9280],
        [0.9903],
        [0.1137],
        [0.8791],
        [0.0459],
        [0.2456],
        [0.2889],
        [0.8212],
        [0.8923],
        [0.0393],
        [0.0312]], device='cuda:0', grad_fn=<SigmoidBackward0>)
Epoch [12/100], T_AUC: [4m0.8481[0m
Epoch [12/100], Loss: 15.2850
val_Accuracy: [92m0.7953[0m
val_Precision: [4;34m0.8186[0m,               val_Recall: [4;33m0.7471[0m,                 val_F1 Score: [4;35m0.7776[0m
æ ‡ç­¾é‡Œ1çš„ä¸ªæ•°:  430
æ ‡ç­¾é‡Œ0çš„ä¸ªæ•°:  430
æ€»æ•°:  860
æ­£ç¡®çš„ä¸ªæ•°:  684
Epoch [12/100], V_AUC: [4m0.7922[0m
Epoch [13/100], Loss: 51.2244
train_Accuracy: [91m0.8407[0m
train_Precision: [4;34m0.8591[0m,               train_Recall: [4;33m0.8238[0m,                 train_F1 Score: [4;35m0.8361[0m
æ ‡ç­¾é‡Œ1çš„ä¸ªæ•°:  2150
æ ‡ç­¾é‡Œ0çš„ä¸ªæ•°:  2150
æ€»æ•°:  4300
æ­£ç¡®çš„ä¸ªæ•°:  3615
æœ€åä¸€ä¸ªæ‰¹æ¬¡çš„è¾“å‡º, ä¸æ»¡batchsizeæ˜¯æ­£å¸¸çš„:
 tensor([[0.9326],
        [0.9354],
        [0.9779],
        [0.1077],
        [0.9001],
        [0.0463],
        [0.2561],
        [0.1930],
        [0.8661],
        [0.9274],
        [0.0222],
        [0.0581]], device='cuda:0', grad_fn=<SigmoidBackward0>)
Epoch [13/100], T_AUC: [4m0.8472[0m
Epoch [13/100], Loss: 14.9954
val_Accuracy: [92m0.7930[0m
val_Precision: [4;34m0.8135[0m,               val_Recall: [4;33m0.7507[0m,                 val_F1 Score: [4;35m0.7768[0m
æ ‡ç­¾é‡Œ1çš„ä¸ªæ•°:  430
æ ‡ç­¾é‡Œ0çš„ä¸ªæ•°:  430
æ€»æ•°:  860
æ­£ç¡®çš„ä¸ªæ•°:  682
Epoch [13/100], V_AUC: [4m0.7906[0m
Epoch [14/100], Loss: 50.6033
train_Accuracy: [91m0.8421[0m
train_Precision: [4;34m0.8579[0m,               train_Recall: [4;33m0.8274[0m,                 train_F1 Score: [4;35m0.8377[0m
æ ‡ç­¾é‡Œ1çš„ä¸ªæ•°:  2150
æ ‡ç­¾é‡Œ0çš„ä¸ªæ•°:  2150
æ€»æ•°:  4300
æ­£ç¡®çš„ä¸ªæ•°:  3621
æœ€åä¸€ä¸ªæ‰¹æ¬¡çš„è¾“å‡º, ä¸æ»¡batchsizeæ˜¯æ­£å¸¸çš„:
 tensor([[0.9597],
        [0.9267],
        [0.9905],
        [0.1323],
        [0.8672],
        [0.0496],
        [0.2025],
        [0.2146],
        [0.8111],
        [0.9304],
        [0.0165],
        [0.0404]], device='cuda:0', grad_fn=<SigmoidBackward0>)
Epoch [14/100], T_AUC: [4m0.8482[0m
Epoch [14/100], Loss: 15.6158
val_Accuracy: [92m0.7919[0m
val_Precision: [4;34m0.8180[0m,               val_Recall: [4;33m0.7413[0m,                 val_F1 Score: [4;35m0.7736[0m
æ ‡ç­¾é‡Œ1çš„ä¸ªæ•°:  430
æ ‡ç­¾é‡Œ0çš„ä¸ªæ•°:  430
æ€»æ•°:  860
æ­£ç¡®çš„ä¸ªæ•°:  681
Epoch [14/100], V_AUC: [4m0.7898[0m
Epoch [15/100], Loss: 49.1037
train_Accuracy: [91m0.8477[0m
train_Precision: [4;34m0.8661[0m,               train_Recall: [4;33m0.8294[0m,                 train_F1 Score: [4;35m0.8430[0m
æ ‡ç­¾é‡Œ1çš„ä¸ªæ•°:  2150
æ ‡ç­¾é‡Œ0çš„ä¸ªæ•°:  2150
æ€»æ•°:  4300
æ­£ç¡®çš„ä¸ªæ•°:  3645
æœ€åä¸€ä¸ªæ‰¹æ¬¡çš„è¾“å‡º, ä¸æ»¡batchsizeæ˜¯æ­£å¸¸çš„:
 tensor([[0.9081],
        [0.9419],
        [0.9866],
        [0.0796],
        [0.9356],
        [0.0487],
        [0.3107],
        [0.1596],
        [0.8307],
        [0.9269],
        [0.0319],
        [0.0348]], device='cuda:0', grad_fn=<SigmoidBackward0>)
Epoch [15/100], T_AUC: [4m0.8533[0m
Epoch [15/100], Loss: 15.9580
val_Accuracy: [92m0.7849[0m
val_Precision: [4;34m0.8031[0m,               val_Recall: [4;33m0.7464[0m,                 val_F1 Score: [4;35m0.7691[0m
æ ‡ç­¾é‡Œ1çš„ä¸ªæ•°:  430
æ ‡ç­¾é‡Œ0çš„ä¸ªæ•°:  430
æ€»æ•°:  860
æ­£ç¡®çš„ä¸ªæ•°:  675
Epoch [15/100], V_AUC: [4m0.7829[0m
Epoch [16/100], Loss: 48.5031
train_Accuracy: [91m0.8465[0m
train_Precision: [4;34m0.8660[0m,               train_Recall: [4;33m0.8269[0m,                 train_F1 Score: [4;35m0.8419[0m
æ ‡ç­¾é‡Œ1çš„ä¸ªæ•°:  2150
æ ‡ç­¾é‡Œ0çš„ä¸ªæ•°:  2150
æ€»æ•°:  4300
æ­£ç¡®çš„ä¸ªæ•°:  3640
æœ€åä¸€ä¸ªæ‰¹æ¬¡çš„è¾“å‡º, ä¸æ»¡batchsizeæ˜¯æ­£å¸¸çš„:
 tensor([[0.8768],
        [0.9542],
        [0.9728],
        [0.1067],
        [0.9394],
        [0.0518],
        [0.1707],
        [0.4033],
        [0.8866],
        [0.9463],
        [0.0320],
        [0.0144]], device='cuda:0', grad_fn=<SigmoidBackward0>)
Epoch [16/100], T_AUC: [4m0.8516[0m
Epoch [16/100], Loss: 15.4327
val_Accuracy: [92m0.7860[0m
val_Precision: [4;34m0.8172[0m,               val_Recall: [4;33m0.7278[0m,                 val_F1 Score: [4;35m0.7660[0m
æ ‡ç­¾é‡Œ1çš„ä¸ªæ•°:  430
æ ‡ç­¾é‡Œ0çš„ä¸ªæ•°:  430
æ€»æ•°:  860
æ­£ç¡®çš„ä¸ªæ•°:  676
Epoch [16/100], V_AUC: [4m0.7834[0m
Epoch [17/100], Loss: 47.5276
train_Accuracy: [91m0.8533[0m
train_Precision: [4;34m0.8726[0m,               train_Recall: [4;33m0.8343[0m,                 train_F1 Score: [4;35m0.8487[0m
æ ‡ç­¾é‡Œ1çš„ä¸ªæ•°:  2150
æ ‡ç­¾é‡Œ0çš„ä¸ªæ•°:  2150
æ€»æ•°:  4300
æ­£ç¡®çš„ä¸ªæ•°:  3669
æœ€åä¸€ä¸ªæ‰¹æ¬¡çš„è¾“å‡º, ä¸æ»¡batchsizeæ˜¯æ­£å¸¸çš„:
 tensor([[0.9084],
        [0.9666],
        [0.9911],
        [0.0528],
        [0.9542],
        [0.0305],
        [0.2248],
        [0.1036],
        [0.9139],
        [0.9439],
        [0.0128],
        [0.0491]], device='cuda:0', grad_fn=<SigmoidBackward0>)
Epoch [17/100], T_AUC: [4m0.8587[0m
Epoch [17/100], Loss: 16.0372
val_Accuracy: [92m0.7895[0m
val_Precision: [4;34m0.8121[0m,               val_Recall: [4;33m0.7427[0m,                 val_F1 Score: [4;35m0.7710[0m
æ ‡ç­¾é‡Œ1çš„ä¸ªæ•°:  430
æ ‡ç­¾é‡Œ0çš„ä¸ªæ•°:  430
æ€»æ•°:  860
æ­£ç¡®çš„ä¸ªæ•°:  679
Epoch [17/100], V_AUC: [4m0.7858[0m
Epoch [18/100], Loss: 48.5312
train_Accuracy: [91m0.8526[0m
train_Precision: [4;34m0.8706[0m,               train_Recall: [4;33m0.8350[0m,                 train_F1 Score: [4;35m0.8486[0m
æ ‡ç­¾é‡Œ1çš„ä¸ªæ•°:  2150
æ ‡ç­¾é‡Œ0çš„ä¸ªæ•°:  2150
æ€»æ•°:  4300
æ­£ç¡®çš„ä¸ªæ•°:  3666
æœ€åä¸€ä¸ªæ‰¹æ¬¡çš„è¾“å‡º, ä¸æ»¡batchsizeæ˜¯æ­£å¸¸çš„:
 tensor([[0.8256],
        [0.9476],
        [0.9948],
        [0.0628],
        [0.9482],
        [0.0530],
        [0.1757],
        [0.4171],
        [0.9014],
        [0.8812],
        [0.0174],
        [0.0240]], device='cuda:0', grad_fn=<SigmoidBackward0>)
Epoch [18/100], T_AUC: [4m0.8578[0m
Epoch [18/100], Loss: 15.4714
val_Accuracy: [92m0.7884[0m
val_Precision: [4;34m0.8219[0m,               val_Recall: [4;33m0.7310[0m,                 val_F1 Score: [4;35m0.7693[0m
æ ‡ç­¾é‡Œ1çš„ä¸ªæ•°:  430
æ ‡ç­¾é‡Œ0çš„ä¸ªæ•°:  430
æ€»æ•°:  860
æ­£ç¡®çš„ä¸ªæ•°:  678
Epoch [18/100], V_AUC: [4m0.7868[0m
Epoch [19/100], Loss: 48.2118
train_Accuracy: [91m0.8523[0m
train_Precision: [4;34m0.8688[0m,               train_Recall: [4;33m0.8385[0m,                 train_F1 Score: [4;35m0.8490[0m
æ ‡ç­¾é‡Œ1çš„ä¸ªæ•°:  2150
æ ‡ç­¾é‡Œ0çš„ä¸ªæ•°:  2150
æ€»æ•°:  4300
æ­£ç¡®çš„ä¸ªæ•°:  3665
æœ€åä¸€ä¸ªæ‰¹æ¬¡çš„è¾“å‡º, ä¸æ»¡batchsizeæ˜¯æ­£å¸¸çš„:
 tensor([[0.8554],
        [0.9551],
        [0.9928],
        [0.0618],
        [0.9726],
        [0.0713],
        [0.2532],
        [0.1527],
        [0.9034],
        [0.9091],
        [0.0166],
        [0.0166]], device='cuda:0', grad_fn=<SigmoidBackward0>)
Epoch [19/100], T_AUC: [4m0.8579[0m
Epoch [19/100], Loss: 15.8563
val_Accuracy: [92m0.7860[0m
val_Precision: [4;34m0.8095[0m,               val_Recall: [4;33m0.7358[0m,                 val_F1 Score: [4;35m0.7673[0m
æ ‡ç­¾é‡Œ1çš„ä¸ªæ•°:  430
æ ‡ç­¾é‡Œ0çš„ä¸ªæ•°:  430
æ€»æ•°:  860
æ­£ç¡®çš„ä¸ªæ•°:  676
Epoch [19/100], V_AUC: [4m0.7829[0m
Epoch [20/100], Loss: 45.7693
train_Accuracy: [91m0.8614[0m
train_Precision: [4;34m0.8753[0m,               train_Recall: [4;33m0.8469[0m,                 train_F1 Score: [4;35m0.8574[0m
æ ‡ç­¾é‡Œ1çš„ä¸ªæ•°:  2150
æ ‡ç­¾é‡Œ0çš„ä¸ªæ•°:  2150
æ€»æ•°:  4300
æ­£ç¡®çš„ä¸ªæ•°:  3704
æœ€åä¸€ä¸ªæ‰¹æ¬¡çš„è¾“å‡º, ä¸æ»¡batchsizeæ˜¯æ­£å¸¸çš„:
 tensor([[0.9282],
        [0.9823],
        [0.9733],
        [0.0674],
        [0.9760],
        [0.0323],
        [0.2956],
        [0.1546],
        [0.8978],
        [0.9599],
        [0.0049],
        [0.0193]], device='cuda:0', grad_fn=<SigmoidBackward0>)
Epoch [20/100], T_AUC: [4m0.8661[0m
Epoch [20/100], Loss: 16.7711
val_Accuracy: [92m0.7884[0m
val_Precision: [4;34m0.8107[0m,               val_Recall: [4;33m0.7412[0m,                 val_F1 Score: [4;35m0.7706[0m
æ ‡ç­¾é‡Œ1çš„ä¸ªæ•°:  430
æ ‡ç­¾é‡Œ0çš„ä¸ªæ•°:  430
æ€»æ•°:  860
æ­£ç¡®çš„ä¸ªæ•°:  678
Epoch [20/100], V_AUC: [4m0.7863[0m
Epoch [21/100], Loss: 44.5280
train_Accuracy: [91m0.8644[0m
train_Precision: [4;34m0.8781[0m,               train_Recall: [4;33m0.8531[0m,                 train_F1 Score: [4;35m0.8612[0m
æ ‡ç­¾é‡Œ1çš„ä¸ªæ•°:  2150
æ ‡ç­¾é‡Œ0çš„ä¸ªæ•°:  2150
æ€»æ•°:  4300
æ­£ç¡®çš„ä¸ªæ•°:  3717
æœ€åä¸€ä¸ªæ‰¹æ¬¡çš„è¾“å‡º, ä¸æ»¡batchsizeæ˜¯æ­£å¸¸çš„:
 tensor([[0.9498],
        [0.9745],
        [0.9856],
        [0.0315],
        [0.9838],
        [0.0192],
        [0.4470],
        [0.0684],
        [0.9308],
        [0.9180],
        [0.0036],
        [0.0884]], device='cuda:0', grad_fn=<SigmoidBackward0>)
Epoch [21/100], T_AUC: [4m0.8697[0m
Epoch [21/100], Loss: 17.2710
val_Accuracy: [92m0.7814[0m
val_Precision: [4;34m0.8018[0m,               val_Recall: [4;33m0.7316[0m,                 val_F1 Score: [4;35m0.7597[0m
æ ‡ç­¾é‡Œ1çš„ä¸ªæ•°:  430
æ ‡ç­¾é‡Œ0çš„ä¸ªæ•°:  430
æ€»æ•°:  860
æ­£ç¡®çš„ä¸ªæ•°:  672
Epoch [21/100], V_AUC: [4m0.7771[0m
Epoch [22/100], Loss: 43.6451
train_Accuracy: [91m0.8712[0m
train_Precision: [4;34m0.8840[0m,               train_Recall: [4;33m0.8609[0m,                 train_F1 Score: [4;35m0.8680[0m
æ ‡ç­¾é‡Œ1çš„ä¸ªæ•°:  2150
æ ‡ç­¾é‡Œ0çš„ä¸ªæ•°:  2150
æ€»æ•°:  4300
æ­£ç¡®çš„ä¸ªæ•°:  3746
æœ€åä¸€ä¸ªæ‰¹æ¬¡çš„è¾“å‡º, ä¸æ»¡batchsizeæ˜¯æ­£å¸¸çš„:
 tensor([[0.9372],
        [0.9760],
        [0.9816],
        [0.0741],
        [0.9925],
        [0.0344],
        [0.1359],
        [0.0612],
        [0.8256],
        [0.9610],
        [0.0118],
        [0.0228]], device='cuda:0', grad_fn=<SigmoidBackward0>)
Epoch [22/100], T_AUC: [4m0.8767[0m
Epoch [22/100], Loss: 17.5107
val_Accuracy: [92m0.7837[0m
val_Precision: [4;34m0.8031[0m,               val_Recall: [4;33m0.7409[0m,                 val_F1 Score: [4;35m0.7662[0m
æ ‡ç­¾é‡Œ1çš„ä¸ªæ•°:  430
æ ‡ç­¾é‡Œ0çš„ä¸ªæ•°:  430
æ€»æ•°:  860
æ­£ç¡®çš„ä¸ªæ•°:  674
Epoch [22/100], V_AUC: [4m0.7807[0m
Epoch [23/100], Loss: 43.1896
train_Accuracy: [91m0.8733[0m
train_Precision: [4;34m0.8823[0m,               train_Recall: [4;33m0.8682[0m,                 train_F1 Score: [4;35m0.8708[0m
æ ‡ç­¾é‡Œ1çš„ä¸ªæ•°:  2150
æ ‡ç­¾é‡Œ0çš„ä¸ªæ•°:  2150
æ€»æ•°:  4300
æ­£ç¡®çš„ä¸ªæ•°:  3755
æœ€åä¸€ä¸ªæ‰¹æ¬¡çš„è¾“å‡º, ä¸æ»¡batchsizeæ˜¯æ­£å¸¸çš„:
 tensor([[0.9600],
        [0.9752],
        [0.9925],
        [0.0325],
        [0.9885],
        [0.0229],
        [0.2418],
        [0.0904],
        [0.9396],
        [0.9692],
        [0.0038],
        [0.0075]], device='cuda:0', grad_fn=<SigmoidBackward0>)
Epoch [23/100], T_AUC: [4m0.8787[0m
Epoch [23/100], Loss: 18.6584
val_Accuracy: [92m0.7826[0m
val_Precision: [4;34m0.8072[0m,               val_Recall: [4;33m0.7348[0m,                 val_F1 Score: [4;35m0.7650[0m
æ ‡ç­¾é‡Œ1çš„ä¸ªæ•°:  430
æ ‡ç­¾é‡Œ0çš„ä¸ªæ•°:  430
æ€»æ•°:  860
æ­£ç¡®çš„ä¸ªæ•°:  673
Epoch [23/100], V_AUC: [4m0.7795[0m
Epoch [24/100], Loss: 41.3078
train_Accuracy: [91m0.8798[0m
train_Precision: [4;34m0.8899[0m,               train_Recall: [4;33m0.8733[0m,                 train_F1 Score: [4;35m0.8777[0m
æ ‡ç­¾é‡Œ1çš„ä¸ªæ•°:  2150
æ ‡ç­¾é‡Œ0çš„ä¸ªæ•°:  2150
æ€»æ•°:  4300
æ­£ç¡®çš„ä¸ªæ•°:  3783
æœ€åä¸€ä¸ªæ‰¹æ¬¡çš„è¾“å‡º, ä¸æ»¡batchsizeæ˜¯æ­£å¸¸çš„:
 tensor([[0.9514],
        [0.9554],
        [0.9954],
        [0.0698],
        [0.9742],
        [0.0298],
        [0.1625],
        [0.0509],
        [0.9174],
        [0.9509],
        [0.0085],
        [0.0256]], device='cuda:0', grad_fn=<SigmoidBackward0>)
Epoch [24/100], T_AUC: [4m0.8850[0m
Epoch [24/100], Loss: 19.0289
val_Accuracy: [92m0.7884[0m
val_Precision: [4;34m0.8064[0m,               val_Recall: [4;33m0.7473[0m,                 val_F1 Score: [4;35m0.7717[0m
æ ‡ç­¾é‡Œ1çš„ä¸ªæ•°:  430
æ ‡ç­¾é‡Œ0çš„ä¸ªæ•°:  430
æ€»æ•°:  860
æ­£ç¡®çš„ä¸ªæ•°:  678
Epoch [24/100], V_AUC: [4m0.7844[0m
Epoch [25/100], Loss: 40.0997
train_Accuracy: [91m0.8851[0m
train_Precision: [4;34m0.8965[0m,               train_Recall: [4;33m0.8762[0m,                 train_F1 Score: [4;35m0.8828[0m
æ ‡ç­¾é‡Œ1çš„ä¸ªæ•°:  2150
æ ‡ç­¾é‡Œ0çš„ä¸ªæ•°:  2150
æ€»æ•°:  4300
æ­£ç¡®çš„ä¸ªæ•°:  3806
æœ€åä¸€ä¸ªæ‰¹æ¬¡çš„è¾“å‡º, ä¸æ»¡batchsizeæ˜¯æ­£å¸¸çš„:
 tensor([[0.9629],
        [0.9640],
        [0.9967],
        [0.0410],
        [0.9918],
        [0.0054],
        [0.0633],
        [0.0772],
        [0.8451],
        [0.9513],
        [0.0091],
        [0.1446]], device='cuda:0', grad_fn=<SigmoidBackward0>)
Epoch [25/100], T_AUC: [4m0.8902[0m
Epoch [25/100], Loss: 18.0395
val_Accuracy: [92m0.7884[0m
val_Precision: [4;34m0.7986[0m,               val_Recall: [4;33m0.7539[0m,                 val_F1 Score: [4;35m0.7709[0m
æ ‡ç­¾é‡Œ1çš„ä¸ªæ•°:  430
æ ‡ç­¾é‡Œ0çš„ä¸ªæ•°:  430
æ€»æ•°:  860
æ­£ç¡®çš„ä¸ªæ•°:  678
Epoch [25/100], V_AUC: [4m0.7825[0m
Epoch [26/100], Loss: 41.1514
train_Accuracy: [91m0.8749[0m
train_Precision: [4;34m0.8859[0m,               train_Recall: [4;33m0.8689[0m,                 train_F1 Score: [4;35m0.8730[0m
æ ‡ç­¾é‡Œ1çš„ä¸ªæ•°:  2150
æ ‡ç­¾é‡Œ0çš„ä¸ªæ•°:  2150
æ€»æ•°:  4300
æ­£ç¡®çš„ä¸ªæ•°:  3762
æœ€åä¸€ä¸ªæ‰¹æ¬¡çš„è¾“å‡º, ä¸æ»¡batchsizeæ˜¯æ­£å¸¸çš„:
 tensor([[0.9847],
        [0.9676],
        [0.9766],
        [0.0243],
        [0.9705],
        [0.0216],
        [0.1808],
        [0.0924],
        [0.9598],
        [0.9920],
        [0.0018],
        [0.0362]], device='cuda:0', grad_fn=<SigmoidBackward0>)
Epoch [26/100], T_AUC: [4m0.8807[0m
Epoch [26/100], Loss: 19.2257
val_Accuracy: [92m0.7837[0m
val_Precision: [4;34m0.8007[0m,               val_Recall: [4;33m0.7442[0m,                 val_F1 Score: [4;35m0.7660[0m
æ ‡ç­¾é‡Œ1çš„ä¸ªæ•°:  430
æ ‡ç­¾é‡Œ0çš„ä¸ªæ•°:  430
æ€»æ•°:  860
æ­£ç¡®çš„ä¸ªæ•°:  674
Epoch [26/100], V_AUC: [4m0.7792[0m
Epoch [27/100], Loss: 39.8747
train_Accuracy: [91m0.8805[0m
train_Precision: [4;34m0.8969[0m,               train_Recall: [4;33m0.8665[0m,                 train_F1 Score: [4;35m0.8774[0m
æ ‡ç­¾é‡Œ1çš„ä¸ªæ•°:  2150
æ ‡ç­¾é‡Œ0çš„ä¸ªæ•°:  2150
æ€»æ•°:  4300
æ­£ç¡®çš„ä¸ªæ•°:  3786
æœ€åä¸€ä¸ªæ‰¹æ¬¡çš„è¾“å‡º, ä¸æ»¡batchsizeæ˜¯æ­£å¸¸çš„:
 tensor([[0.9770],
        [0.9823],
        [0.9971],
        [0.0757],
        [0.9903],
        [0.0307],
        [0.1577],
        [0.0139],
        [0.8292],
        [0.9852],
        [0.0012],
        [0.0455]], device='cuda:0', grad_fn=<SigmoidBackward0>)
Epoch [27/100], T_AUC: [4m0.8856[0m
Epoch [27/100], Loss: 19.1200
val_Accuracy: [92m0.7837[0m
val_Precision: [4;34m0.8050[0m,               val_Recall: [4;33m0.7363[0m,                 val_F1 Score: [4;35m0.7634[0m
æ ‡ç­¾é‡Œ1çš„ä¸ªæ•°:  430
æ ‡ç­¾é‡Œ0çš„ä¸ªæ•°:  430
æ€»æ•°:  860
æ­£ç¡®çš„ä¸ªæ•°:  674
Epoch [27/100], V_AUC: [4m0.7792[0m
Epoch [28/100], Loss: 37.8290
train_Accuracy: [91m0.8856[0m
train_Precision: [4;34m0.8998[0m,               train_Recall: [4;33m0.8744[0m,                 train_F1 Score: [4;35m0.8829[0m
æ ‡ç­¾é‡Œ1çš„ä¸ªæ•°:  2150
æ ‡ç­¾é‡Œ0çš„ä¸ªæ•°:  2150
æ€»æ•°:  4300
æ­£ç¡®çš„ä¸ªæ•°:  3808
æœ€åä¸€ä¸ªæ‰¹æ¬¡çš„è¾“å‡º, ä¸æ»¡batchsizeæ˜¯æ­£å¸¸çš„:
 tensor([[0.9778],
        [0.9940],
        [0.9978],
        [0.0250],
        [0.9914],
        [0.0214],
        [0.0255],
        [0.0277],
        [0.9749],
        [0.9809],
        [0.0021],
        [0.0170]], device='cuda:0', grad_fn=<SigmoidBackward0>)
Epoch [28/100], T_AUC: [4m0.8904[0m
Epoch [28/100], Loss: 18.9584
val_Accuracy: [92m0.7814[0m
val_Precision: [4;34m0.8013[0m,               val_Recall: [4;33m0.7380[0m,                 val_F1 Score: [4;35m0.7616[0m
æ ‡ç­¾é‡Œ1çš„ä¸ªæ•°:  430
æ ‡ç­¾é‡Œ0çš„ä¸ªæ•°:  430
æ€»æ•°:  860
æ­£ç¡®çš„ä¸ªæ•°:  672
Epoch [28/100], V_AUC: [4m0.7782[0m
Epoch [29/100], Loss: 35.0961
train_Accuracy: [91m0.8977[0m
train_Precision: [4;34m0.9103[0m,               train_Recall: [4;33m0.8889[0m,                 train_F1 Score: [4;35m0.8961[0m
æ ‡ç­¾é‡Œ1çš„ä¸ªæ•°:  2150
æ ‡ç­¾é‡Œ0çš„ä¸ªæ•°:  2150
æ€»æ•°:  4300
æ­£ç¡®çš„ä¸ªæ•°:  3860
æœ€åä¸€ä¸ªæ‰¹æ¬¡çš„è¾“å‡º, ä¸æ»¡batchsizeæ˜¯æ­£å¸¸çš„:
 tensor([[9.6343e-01],
        [9.9286e-01],
        [9.9749e-01],
        [2.4749e-02],
        [9.9808e-01],
        [1.1699e-02],
        [4.1736e-02],
        [5.8576e-02],
        [9.0611e-01],
        [9.8397e-01],
        [4.4513e-04],
        [5.5796e-02]], device='cuda:0', grad_fn=<SigmoidBackward0>)
Epoch [29/100], T_AUC: [4m0.9022[0m
Epoch [29/100], Loss: 20.2108
val_Accuracy: [92m0.7779[0m
val_Precision: [4;34m0.7969[0m,               val_Recall: [4;33m0.7289[0m,                 val_F1 Score: [4;35m0.7560[0m
æ ‡ç­¾é‡Œ1çš„ä¸ªæ•°:  430
æ ‡ç­¾é‡Œ0çš„ä¸ªæ•°:  430
æ€»æ•°:  860
æ­£ç¡®çš„ä¸ªæ•°:  669
Epoch [29/100], V_AUC: [4m0.7731[0m
Epoch [30/100], Loss: 33.7441
train_Accuracy: [91m0.9035[0m
train_Precision: [4;34m0.9194[0m,               train_Recall: [4;33m0.8925[0m,                 train_F1 Score: [4;35m0.9021[0m
æ ‡ç­¾é‡Œ1çš„ä¸ªæ•°:  2150
æ ‡ç­¾é‡Œ0çš„ä¸ªæ•°:  2150
æ€»æ•°:  4300
æ­£ç¡®çš„ä¸ªæ•°:  3885
æœ€åä¸€ä¸ªæ‰¹æ¬¡çš„è¾“å‡º, ä¸æ»¡batchsizeæ˜¯æ­£å¸¸çš„:
 tensor([[0.9849],
        [0.9923],
        [0.9952],
        [0.0126],
        [0.9975],
        [0.0131],
        [0.0288],
        [0.0418],
        [0.8835],
        [0.9929],
        [0.0011],
        [0.0835]], device='cuda:0', grad_fn=<SigmoidBackward0>)
Epoch [30/100], T_AUC: [4m0.9086[0m
Epoch [30/100], Loss: 19.8285
val_Accuracy: [92m0.7802[0m
val_Precision: [4;34m0.8045[0m,               val_Recall: [4;33m0.7339[0m,                 val_F1 Score: [4;35m0.7622[0m
æ ‡ç­¾é‡Œ1çš„ä¸ªæ•°:  430
æ ‡ç­¾é‡Œ0çš„ä¸ªæ•°:  430
æ€»æ•°:  860
æ­£ç¡®çš„ä¸ªæ•°:  671
Epoch [30/100], V_AUC: [4m0.7765[0m
Epoch [31/100], Loss: 33.0609
train_Accuracy: [91m0.9053[0m
train_Precision: [4;34m0.9169[0m,               train_Recall: [4;33m0.8964[0m,                 train_F1 Score: [4;35m0.9031[0m
æ ‡ç­¾é‡Œ1çš„ä¸ªæ•°:  2150
æ ‡ç­¾é‡Œ0çš„ä¸ªæ•°:  2150
æ€»æ•°:  4300
æ­£ç¡®çš„ä¸ªæ•°:  3893
æœ€åä¸€ä¸ªæ‰¹æ¬¡çš„è¾“å‡º, ä¸æ»¡batchsizeæ˜¯æ­£å¸¸çš„:
 tensor([[0.9765],
        [0.9956],
        [0.9974],
        [0.0278],
        [0.9992],
        [0.0114],
        [0.0152],
        [0.0185],
        [0.7392],
        [0.9937],
        [0.0015],
        [0.0495]], device='cuda:0', grad_fn=<SigmoidBackward0>)
Epoch [31/100], T_AUC: [4m0.9098[0m
Epoch [31/100], Loss: 20.8044
val_Accuracy: [92m0.7698[0m
val_Precision: [4;34m0.7951[0m,               val_Recall: [4;33m0.7142[0m,                 val_F1 Score: [4;35m0.7481[0m
æ ‡ç­¾é‡Œ1çš„ä¸ªæ•°:  430
æ ‡ç­¾é‡Œ0çš„ä¸ªæ•°:  430
æ€»æ•°:  860
æ­£ç¡®çš„ä¸ªæ•°:  662
Epoch [31/100], V_AUC: [4m0.7652[0m
Epoch [32/100], Loss: 30.8122
train_Accuracy: [91m0.9147[0m
train_Precision: [4;34m0.9261[0m,               train_Recall: [4;33m0.9069[0m,                 train_F1 Score: [4;35m0.9134[0m
æ ‡ç­¾é‡Œ1çš„ä¸ªæ•°:  2150
æ ‡ç­¾é‡Œ0çš„ä¸ªæ•°:  2150
æ€»æ•°:  4300
æ­£ç¡®çš„ä¸ªæ•°:  3933
æœ€åä¸€ä¸ªæ‰¹æ¬¡çš„è¾“å‡º, ä¸æ»¡batchsizeæ˜¯æ­£å¸¸çš„:
 tensor([[9.9666e-01],
        [9.9254e-01],
        [9.8683e-01],
        [3.0598e-02],
        [9.9875e-01],
        [9.2253e-03],
        [1.7882e-01],
        [4.8616e-03],
        [7.8720e-01],
        [9.9360e-01],
        [3.2641e-04],
        [6.0749e-02]], device='cuda:0', grad_fn=<SigmoidBackward0>)
Epoch [32/100], T_AUC: [4m0.9185[0m
Epoch [32/100], Loss: 22.0736
val_Accuracy: [92m0.7802[0m
val_Precision: [4;34m0.8054[0m,               val_Recall: [4;33m0.7256[0m,                 val_F1 Score: [4;35m0.7576[0m
æ ‡ç­¾é‡Œ1çš„ä¸ªæ•°:  430
æ ‡ç­¾é‡Œ0çš„ä¸ªæ•°:  430
æ€»æ•°:  860
æ­£ç¡®çš„ä¸ªæ•°:  671
Epoch [32/100], V_AUC: [4m0.7756[0m
Epoch [33/100], Loss: 30.9000
train_Accuracy: [91m0.9100[0m
train_Precision: [4;34m0.9200[0m,               train_Recall: [4;33m0.9051[0m,                 train_F1 Score: [4;35m0.9093[0m
æ ‡ç­¾é‡Œ1çš„ä¸ªæ•°:  2150
æ ‡ç­¾é‡Œ0çš„ä¸ªæ•°:  2150
æ€»æ•°:  4300
æ­£ç¡®çš„ä¸ªæ•°:  3913
æœ€åä¸€ä¸ªæ‰¹æ¬¡çš„è¾“å‡º, ä¸æ»¡batchsizeæ˜¯æ­£å¸¸çš„:
 tensor([[9.9275e-01],
        [9.9510e-01],
        [9.9809e-01],
        [1.3243e-02],
        [9.9848e-01],
        [1.5390e-03],
        [1.2014e-01],
        [3.2060e-02],
        [7.7594e-01],
        [9.9401e-01],
        [2.4757e-04],
        [7.4960e-02]], device='cuda:0', grad_fn=<SigmoidBackward0>)
Epoch [33/100], T_AUC: [4m0.9147[0m
Epoch [33/100], Loss: 22.3097
val_Accuracy: [92m0.7826[0m
val_Precision: [4;34m0.8046[0m,               val_Recall: [4;33m0.7331[0m,                 val_F1 Score: [4;35m0.7625[0m
æ ‡ç­¾é‡Œ1çš„ä¸ªæ•°:  430
æ ‡ç­¾é‡Œ0çš„ä¸ªæ•°:  430
æ€»æ•°:  860
æ­£ç¡®çš„ä¸ªæ•°:  673
Epoch [33/100], V_AUC: [4m0.7796[0m
Epoch [34/100], Loss: 29.7327
train_Accuracy: [91m0.9167[0m
train_Precision: [4;34m0.9256[0m,               train_Recall: [4;33m0.9108[0m,                 train_F1 Score: [4;35m0.9149[0m
æ ‡ç­¾é‡Œ1çš„ä¸ªæ•°:  2150
æ ‡ç­¾é‡Œ0çš„ä¸ªæ•°:  2150
æ€»æ•°:  4300
æ­£ç¡®çš„ä¸ªæ•°:  3942
æœ€åä¸€ä¸ªæ‰¹æ¬¡çš„è¾“å‡º, ä¸æ»¡batchsizeæ˜¯æ­£å¸¸çš„:
 tensor([[9.7210e-01],
        [9.9687e-01],
        [9.8266e-01],
        [5.2028e-03],
        [9.9989e-01],
        [1.9363e-02],
        [7.0805e-01],
        [2.0452e-03],
        [8.5025e-01],
        [9.9641e-01],
        [3.8214e-04],
        [5.3816e-03]], device='cuda:0', grad_fn=<SigmoidBackward0>)
Epoch [34/100], T_AUC: [4m0.9211[0m
Epoch [34/100], Loss: 23.5894
val_Accuracy: [92m0.7640[0m
val_Precision: [4;34m0.7799[0m,               val_Recall: [4;33m0.7201[0m,                 val_F1 Score: [4;35m0.7444[0m
æ ‡ç­¾é‡Œ1çš„ä¸ªæ•°:  430
æ ‡ç­¾é‡Œ0çš„ä¸ªæ•°:  430
æ€»æ•°:  860
æ­£ç¡®çš„ä¸ªæ•°:  657
Epoch [34/100], V_AUC: [4m0.7609[0m
Epoch [35/100], Loss: 29.6145
train_Accuracy: [91m0.9184[0m
train_Precision: [4;34m0.9262[0m,               train_Recall: [4;33m0.9149[0m,                 train_F1 Score: [4;35m0.9180[0m
æ ‡ç­¾é‡Œ1çš„ä¸ªæ•°:  2150
æ ‡ç­¾é‡Œ0çš„ä¸ªæ•°:  2150
æ€»æ•°:  4300
æ­£ç¡®çš„ä¸ªæ•°:  3949
æœ€åä¸€ä¸ªæ‰¹æ¬¡çš„è¾“å‡º, ä¸æ»¡batchsizeæ˜¯æ­£å¸¸çš„:
 tensor([[9.8263e-01],
        [9.9134e-01],
        [9.9840e-01],
        [4.2569e-03],
        [9.9991e-01],
        [9.0661e-03],
        [9.1300e-03],
        [9.8248e-03],
        [9.0347e-01],
        [9.9596e-01],
        [3.6648e-04],
        [8.2799e-02]], device='cuda:0', grad_fn=<SigmoidBackward0>)
Epoch [35/100], T_AUC: [4m0.9229[0m
Epoch [35/100], Loss: 23.3840
val_Accuracy: [92m0.7756[0m
val_Precision: [4;34m0.7978[0m,               val_Recall: [4;33m0.7252[0m,                 val_F1 Score: [4;35m0.7531[0m
æ ‡ç­¾é‡Œ1çš„ä¸ªæ•°:  430
æ ‡ç­¾é‡Œ0çš„ä¸ªæ•°:  430
æ€»æ•°:  860
æ­£ç¡®çš„ä¸ªæ•°:  667
Epoch [35/100], V_AUC: [4m0.7707[0m
Epoch [36/100], Loss: 26.5826
train_Accuracy: [91m0.9244[0m
train_Precision: [4;34m0.9331[0m,               train_Recall: [4;33m0.9187[0m,                 train_F1 Score: [4;35m0.9230[0m
æ ‡ç­¾é‡Œ1çš„ä¸ªæ•°:  2150
æ ‡ç­¾é‡Œ0çš„ä¸ªæ•°:  2150
æ€»æ•°:  4300
æ­£ç¡®çš„ä¸ªæ•°:  3975
æœ€åä¸€ä¸ªæ‰¹æ¬¡çš„è¾“å‡º, ä¸æ»¡batchsizeæ˜¯æ­£å¸¸çš„:
 tensor([[9.9412e-01],
        [9.9812e-01],
        [9.8917e-01],
        [5.1338e-03],
        [9.9993e-01],
        [7.8096e-03],
        [4.1351e-03],
        [6.5617e-03],
        [9.4025e-01],
        [9.9901e-01],
        [4.0192e-04],
        [2.3509e-02]], device='cuda:0', grad_fn=<SigmoidBackward0>)
Epoch [36/100], T_AUC: [4m0.9286[0m
Epoch [36/100], Loss: 24.5357
val_Accuracy: [92m0.7826[0m
val_Precision: [4;34m0.8038[0m,               val_Recall: [4;33m0.7319[0m,                 val_F1 Score: [4;35m0.7608[0m
æ ‡ç­¾é‡Œ1çš„ä¸ªæ•°:  430
æ ‡ç­¾é‡Œ0çš„ä¸ªæ•°:  430
æ€»æ•°:  860
æ­£ç¡®çš„ä¸ªæ•°:  673
Epoch [36/100], V_AUC: [4m0.7791[0m
Epoch [37/100], Loss: 25.4742
train_Accuracy: [91m0.9267[0m
train_Precision: [4;34m0.9361[0m,               train_Recall: [4;33m0.9182[0m,                 train_F1 Score: [4;35m0.9248[0m
æ ‡ç­¾é‡Œ1çš„ä¸ªæ•°:  2150
æ ‡ç­¾é‡Œ0çš„ä¸ªæ•°:  2150
æ€»æ•°:  4300
æ­£ç¡®çš„ä¸ªæ•°:  3985
æœ€åä¸€ä¸ªæ‰¹æ¬¡çš„è¾“å‡º, ä¸æ»¡batchsizeæ˜¯æ­£å¸¸çš„:
 tensor([[9.9126e-01],
        [9.9851e-01],
        [9.9361e-01],
        [4.3523e-03],
        [9.9991e-01],
        [2.2009e-03],
        [7.4378e-04],
        [2.6038e-02],
        [9.6896e-01],
        [9.9814e-01],
        [6.3600e-04],
        [1.2789e-01]], device='cuda:0', grad_fn=<SigmoidBackward0>)
Epoch [37/100], T_AUC: [4m0.9305[0m
Epoch [37/100], Loss: 23.6108
val_Accuracy: [92m0.7721[0m
val_Precision: [4;34m0.7787[0m,               val_Recall: [4;33m0.7462[0m,                 val_F1 Score: [4;35m0.7576[0m
æ ‡ç­¾é‡Œ1çš„ä¸ªæ•°:  430
æ ‡ç­¾é‡Œ0çš„ä¸ªæ•°:  430
æ€»æ•°:  860
æ­£ç¡®çš„ä¸ªæ•°:  664
Epoch [37/100], V_AUC: [4m0.7689[0m
Epoch [38/100], Loss: 25.4512
train_Accuracy: [91m0.9321[0m
train_Precision: [4;34m0.9380[0m,               train_Recall: [4;33m0.9281[0m,                 train_F1 Score: [4;35m0.9305[0m
æ ‡ç­¾é‡Œ1çš„ä¸ªæ•°:  2150
æ ‡ç­¾é‡Œ0çš„ä¸ªæ•°:  2150
æ€»æ•°:  4300
æ­£ç¡®çš„ä¸ªæ•°:  4008
æœ€åä¸€ä¸ªæ‰¹æ¬¡çš„è¾“å‡º, ä¸æ»¡batchsizeæ˜¯æ­£å¸¸çš„:
 tensor([[9.8438e-01],
        [9.9463e-01],
        [9.9930e-01],
        [3.8156e-03],
        [9.9988e-01],
        [5.0485e-03],
        [1.4583e-02],
        [1.8725e-03],
        [9.4723e-01],
        [9.9709e-01],
        [2.5292e-04],
        [1.3995e-01]], device='cuda:0', grad_fn=<SigmoidBackward0>)
Epoch [38/100], T_AUC: [4m0.9365[0m
Epoch [38/100], Loss: 24.1607
val_Accuracy: [92m0.7698[0m
val_Precision: [4;34m0.7817[0m,               val_Recall: [4;33m0.7301[0m,                 val_F1 Score: [4;35m0.7496[0m
æ ‡ç­¾é‡Œ1çš„ä¸ªæ•°:  430
æ ‡ç­¾é‡Œ0çš„ä¸ªæ•°:  430
æ€»æ•°:  860
æ­£ç¡®çš„ä¸ªæ•°:  662
Epoch [38/100], V_AUC: [4m0.7642[0m
Epoch [39/100], Loss: 24.6817
train_Accuracy: [91m0.9316[0m
train_Precision: [4;34m0.9438[0m,               train_Recall: [4;33m0.9234[0m,                 train_F1 Score: [4;35m0.9308[0m
æ ‡ç­¾é‡Œ1çš„ä¸ªæ•°:  2150
æ ‡ç­¾é‡Œ0çš„ä¸ªæ•°:  2150
æ€»æ•°:  4300
æ­£ç¡®çš„ä¸ªæ•°:  4006
æœ€åä¸€ä¸ªæ‰¹æ¬¡çš„è¾“å‡º, ä¸æ»¡batchsizeæ˜¯æ­£å¸¸çš„:
 tensor([[9.9780e-01],
        [9.9883e-01],
        [9.9863e-01],
        [7.3488e-04],
        [9.9996e-01],
        [2.9165e-03],
        [1.6849e-03],
        [2.7662e-02],
        [9.6280e-01],
        [9.9781e-01],
        [1.0096e-04],
        [2.6655e-02]], device='cuda:0', grad_fn=<SigmoidBackward0>)
Epoch [39/100], T_AUC: [4m0.9359[0m
Epoch [39/100], Loss: 24.9582
val_Accuracy: [92m0.7744[0m
val_Precision: [4;34m0.7944[0m,               val_Recall: [4;33m0.7324[0m,                 val_F1 Score: [4;35m0.7559[0m
æ ‡ç­¾é‡Œ1çš„ä¸ªæ•°:  430
æ ‡ç­¾é‡Œ0çš„ä¸ªæ•°:  430
æ€»æ•°:  860
æ­£ç¡®çš„ä¸ªæ•°:  666
Epoch [39/100], V_AUC: [4m0.7693[0m
Epoch [40/100], Loss: 26.4521
train_Accuracy: [91m0.9244[0m
train_Precision: [4;34m0.9305[0m,               train_Recall: [4;33m0.9221[0m,                 train_F1 Score: [4;35m0.9234[0m
æ ‡ç­¾é‡Œ1çš„ä¸ªæ•°:  2150
æ ‡ç­¾é‡Œ0çš„ä¸ªæ•°:  2150
æ€»æ•°:  4300
æ­£ç¡®çš„ä¸ªæ•°:  3975
æœ€åä¸€ä¸ªæ‰¹æ¬¡çš„è¾“å‡º, ä¸æ»¡batchsizeæ˜¯æ­£å¸¸çš„:
 tensor([[9.9924e-01],
        [9.8549e-01],
        [9.9745e-01],
        [7.3450e-03],
        [9.9894e-01],
        [6.8308e-02],
        [6.7803e-03],
        [5.2572e-02],
        [9.2624e-01],
        [9.9514e-01],
        [2.6929e-05],
        [6.7213e-02]], device='cuda:0', grad_fn=<SigmoidBackward0>)
Epoch [40/100], T_AUC: [4m0.9282[0m
Epoch [40/100], Loss: 25.2762
val_Accuracy: [92m0.7709[0m
val_Precision: [4;34m0.7805[0m,               val_Recall: [4;33m0.7446[0m,                 val_F1 Score: [4;35m0.7571[0m
æ ‡ç­¾é‡Œ1çš„ä¸ªæ•°:  430
æ ‡ç­¾é‡Œ0çš„ä¸ªæ•°:  430
æ€»æ•°:  860
æ­£ç¡®çš„ä¸ªæ•°:  663
Epoch [40/100], V_AUC: [4m0.7673[0m
Epoch [41/100], Loss: 27.2542
train_Accuracy: [91m0.9253[0m
train_Precision: [4;34m0.9351[0m,               train_Recall: [4;33m0.9167[0m,                 train_F1 Score: [4;35m0.9230[0m
æ ‡ç­¾é‡Œ1çš„ä¸ªæ•°:  2150
æ ‡ç­¾é‡Œ0çš„ä¸ªæ•°:  2150
æ€»æ•°:  4300
æ­£ç¡®çš„ä¸ªæ•°:  3979
æœ€åä¸€ä¸ªæ‰¹æ¬¡çš„è¾“å‡º, ä¸æ»¡batchsizeæ˜¯æ­£å¸¸çš„:
 tensor([[9.9803e-01],
        [9.3941e-01],
        [9.9803e-01],
        [9.7019e-03],
        [9.9968e-01],
        [4.5676e-03],
        [1.1974e-02],
        [4.5314e-02],
        [9.8667e-01],
        [9.9374e-01],
        [9.9764e-05],
        [7.9220e-02]], device='cuda:0', grad_fn=<SigmoidBackward0>)
Epoch [41/100], T_AUC: [4m0.9287[0m
Epoch [41/100], Loss: 23.3877
val_Accuracy: [92m0.7779[0m
val_Precision: [4;34m0.8006[0m,               val_Recall: [4;33m0.7335[0m,                 val_F1 Score: [4;35m0.7588[0m
æ ‡ç­¾é‡Œ1çš„ä¸ªæ•°:  430
æ ‡ç­¾é‡Œ0çš„ä¸ªæ•°:  430
æ€»æ•°:  860
æ­£ç¡®çš„ä¸ªæ•°:  669
Epoch [41/100], V_AUC: [4m0.7747[0m
Epoch [42/100], Loss: 24.8886
train_Accuracy: [91m0.9363[0m
train_Precision: [4;34m0.9426[0m,               train_Recall: [4;33m0.9325[0m,                 train_F1 Score: [4;35m0.9352[0m
æ ‡ç­¾é‡Œ1çš„ä¸ªæ•°:  2150
æ ‡ç­¾é‡Œ0çš„ä¸ªæ•°:  2150
æ€»æ•°:  4300
æ­£ç¡®çš„ä¸ªæ•°:  4026
æœ€åä¸€ä¸ªæ‰¹æ¬¡çš„è¾“å‡º, ä¸æ»¡batchsizeæ˜¯æ­£å¸¸çš„:
 tensor([[9.9671e-01],
        [9.9100e-01],
        [9.9788e-01],
        [4.6867e-03],
        [9.9997e-01],
        [2.2973e-02],
        [6.4454e-03],
        [4.8030e-02],
        [9.1724e-01],
        [9.8824e-01],
        [3.4687e-05],
        [3.4321e-02]], device='cuda:0', grad_fn=<SigmoidBackward0>)
Epoch [42/100], T_AUC: [4m0.9394[0m
Epoch [42/100], Loss: 24.0125
val_Accuracy: [92m0.7663[0m
val_Precision: [4;34m0.7848[0m,               val_Recall: [4;33m0.7266[0m,                 val_F1 Score: [4;35m0.7488[0m
æ ‡ç­¾é‡Œ1çš„ä¸ªæ•°:  430
æ ‡ç­¾é‡Œ0çš„ä¸ªæ•°:  430
æ€»æ•°:  860
æ­£ç¡®çš„ä¸ªæ•°:  659
Epoch [42/100], V_AUC: [4m0.7625[0m
Epoch [43/100], Loss: 20.2672
train_Accuracy: [91m0.9481[0m
train_Precision: [4;34m0.9576[0m,               train_Recall: [4;33m0.9420[0m,                 train_F1 Score: [4;35m0.9476[0m
æ ‡ç­¾é‡Œ1çš„ä¸ªæ•°:  2150
æ ‡ç­¾é‡Œ0çš„ä¸ªæ•°:  2150
æ€»æ•°:  4300
æ­£ç¡®çš„ä¸ªæ•°:  4077
æœ€åä¸€ä¸ªæ‰¹æ¬¡çš„è¾“å‡º, ä¸æ»¡batchsizeæ˜¯æ­£å¸¸çš„:
 tensor([[9.9852e-01],
        [9.8271e-01],
        [9.9892e-01],
        [8.0601e-03],
        [9.9998e-01],
        [1.9402e-02],
        [4.0802e-03],
        [1.3872e-02],
        [9.5161e-01],
        [9.9607e-01],
        [2.1825e-05],
        [2.0497e-02]], device='cuda:0', grad_fn=<SigmoidBackward0>)
Epoch [43/100], T_AUC: [4m0.9512[0m
Epoch [43/100], Loss: 25.5387
val_Accuracy: [92m0.7767[0m
val_Precision: [4;34m0.7997[0m,               val_Recall: [4;33m0.7313[0m,                 val_F1 Score: [4;35m0.7582[0m
æ ‡ç­¾é‡Œ1çš„ä¸ªæ•°:  430
æ ‡ç­¾é‡Œ0çš„ä¸ªæ•°:  430
æ€»æ•°:  860
æ­£ç¡®çš„ä¸ªæ•°:  668
Epoch [43/100], V_AUC: [4m0.7729[0m
Epoch [44/100], Loss: 17.8605
train_Accuracy: [91m0.9567[0m
train_Precision: [4;34m0.9641[0m,               train_Recall: [4;33m0.9516[0m,                 train_F1 Score: [4;35m0.9561[0m
æ ‡ç­¾é‡Œ1çš„ä¸ªæ•°:  2150
æ ‡ç­¾é‡Œ0çš„ä¸ªæ•°:  2150
æ€»æ•°:  4300
æ­£ç¡®çš„ä¸ªæ•°:  4114
æœ€åä¸€ä¸ªæ‰¹æ¬¡çš„è¾“å‡º, ä¸æ»¡batchsizeæ˜¯æ­£å¸¸çš„:
 tensor([[9.9911e-01],
        [9.8668e-01],
        [9.9114e-01],
        [1.7308e-02],
        [9.9999e-01],
        [2.0468e-03],
        [2.2531e-03],
        [3.5613e-02],
        [9.7324e-01],
        [9.9904e-01],
        [3.7633e-05],
        [1.3384e-02]], device='cuda:0', grad_fn=<SigmoidBackward0>)
Epoch [44/100], T_AUC: [4m0.9592[0m
Epoch [44/100], Loss: 26.6299
val_Accuracy: [92m0.7570[0m
val_Precision: [4;34m0.7864[0m,               val_Recall: [4;33m0.7003[0m,                 val_F1 Score: [4;35m0.7339[0m
æ ‡ç­¾é‡Œ1çš„ä¸ªæ•°:  430
æ ‡ç­¾é‡Œ0çš„ä¸ªæ•°:  430
æ€»æ•°:  860
æ­£ç¡®çš„ä¸ªæ•°:  651
Epoch [44/100], V_AUC: [4m0.7553[0m
Epoch [45/100], Loss: 18.5171
train_Accuracy: [91m0.9542[0m
train_Precision: [4;34m0.9600[0m,               train_Recall: [4;33m0.9509[0m,                 train_F1 Score: [4;35m0.9535[0m
æ ‡ç­¾é‡Œ1çš„ä¸ªæ•°:  2150
æ ‡ç­¾é‡Œ0çš„ä¸ªæ•°:  2150
æ€»æ•°:  4300
æ­£ç¡®çš„ä¸ªæ•°:  4103
æœ€åä¸€ä¸ªæ‰¹æ¬¡çš„è¾“å‡º, ä¸æ»¡batchsizeæ˜¯æ­£å¸¸çš„:
 tensor([[9.9925e-01],
        [9.8047e-01],
        [9.9730e-01],
        [6.1348e-04],
        [9.9994e-01],
        [2.6363e-02],
        [1.1942e-03],
        [9.3323e-02],
        [9.6230e-01],
        [9.9902e-01],
        [5.1177e-05],
        [3.4628e-02]], device='cuda:0', grad_fn=<SigmoidBackward0>)
Epoch [45/100], T_AUC: [4m0.9572[0m
Epoch [45/100], Loss: 27.7517
val_Accuracy: [92m0.7360[0m
val_Precision: [4;34m0.7445[0m,               val_Recall: [4;33m0.7159[0m,                 val_F1 Score: [4;35m0.7233[0m
æ ‡ç­¾é‡Œ1çš„ä¸ªæ•°:  430
æ ‡ç­¾é‡Œ0çš„ä¸ªæ•°:  430
æ€»æ•°:  860
æ­£ç¡®çš„ä¸ªæ•°:  633
Epoch [45/100], V_AUC: [4m0.7323[0m
Epoch [46/100], Loss: 17.3413
train_Accuracy: [91m0.9544[0m
train_Precision: [4;34m0.9565[0m,               train_Recall: [4;33m0.9540[0m,                 train_F1 Score: [4;35m0.9534[0m
æ ‡ç­¾é‡Œ1çš„ä¸ªæ•°:  2150
æ ‡ç­¾é‡Œ0çš„ä¸ªæ•°:  2150
æ€»æ•°:  4300
æ­£ç¡®çš„ä¸ªæ•°:  4104
æœ€åä¸€ä¸ªæ‰¹æ¬¡çš„è¾“å‡º, ä¸æ»¡batchsizeæ˜¯æ­£å¸¸çš„:
 tensor([[9.9731e-01],
        [9.9057e-01],
        [9.9974e-01],
        [5.3959e-03],
        [9.9997e-01],
        [7.8659e-03],
        [1.3154e-03],
        [3.6593e-03],
        [9.5067e-01],
        [9.9797e-01],
        [4.3451e-05],
        [7.5056e-02]], device='cuda:0', grad_fn=<SigmoidBackward0>)
Epoch [46/100], T_AUC: [4m0.9572[0m
Epoch [46/100], Loss: 27.8287
val_Accuracy: [92m0.7547[0m
val_Precision: [4;34m0.7754[0m,               val_Recall: [4;33m0.7140[0m,                 val_F1 Score: [4;35m0.7374[0m
æ ‡ç­¾é‡Œ1çš„ä¸ªæ•°:  430
æ ‡ç­¾é‡Œ0çš„ä¸ªæ•°:  430
æ€»æ•°:  860
æ­£ç¡®çš„ä¸ªæ•°:  649
Epoch [46/100], V_AUC: [4m0.7507[0m
Epoch [47/100], Loss: 16.3892
train_Accuracy: [91m0.9605[0m
train_Precision: [4;34m0.9612[0m,               train_Recall: [4;33m0.9616[0m,                 train_F1 Score: [4;35m0.9595[0m
æ ‡ç­¾é‡Œ1çš„ä¸ªæ•°:  2150
æ ‡ç­¾é‡Œ0çš„ä¸ªæ•°:  2150
æ€»æ•°:  4300
æ­£ç¡®çš„ä¸ªæ•°:  4130
æœ€åä¸€ä¸ªæ‰¹æ¬¡çš„è¾“å‡º, ä¸æ»¡batchsizeæ˜¯æ­£å¸¸çš„:
 tensor([[9.9940e-01],
        [9.5832e-01],
        [9.9655e-01],
        [3.9664e-03],
        [1.0000e+00],
        [8.1596e-03],
        [2.9018e-04],
        [9.3828e-02],
        [9.2547e-01],
        [9.9717e-01],
        [7.5286e-06],
        [1.2733e-02]], device='cuda:0', grad_fn=<SigmoidBackward0>)
Epoch [47/100], T_AUC: [4m0.9634[0m
Epoch [47/100], Loss: 29.2785
val_Accuracy: [92m0.7395[0m
val_Precision: [4;34m0.7646[0m,               val_Recall: [4;33m0.6826[0m,                 val_F1 Score: [4;35m0.7161[0m
æ ‡ç­¾é‡Œ1çš„ä¸ªæ•°:  430
æ ‡ç­¾é‡Œ0çš„ä¸ªæ•°:  430
æ€»æ•°:  860
æ­£ç¡®çš„ä¸ªæ•°:  636
Epoch [47/100], V_AUC: [4m0.7350[0m
Epoch [48/100], Loss: 17.2763
train_Accuracy: [91m0.9563[0m
train_Precision: [4;34m0.9568[0m,               train_Recall: [4;33m0.9584[0m,                 train_F1 Score: [4;35m0.9556[0m
æ ‡ç­¾é‡Œ1çš„ä¸ªæ•°:  2150
æ ‡ç­¾é‡Œ0çš„ä¸ªæ•°:  2150
æ€»æ•°:  4300
æ­£ç¡®çš„ä¸ªæ•°:  4112
æœ€åä¸€ä¸ªæ‰¹æ¬¡çš„è¾“å‡º, ä¸æ»¡batchsizeæ˜¯æ­£å¸¸çš„:
 tensor([[9.9902e-01],
        [9.9818e-01],
        [9.9792e-01],
        [8.3010e-03],
        [1.0000e+00],
        [9.5248e-04],
        [1.3334e-02],
        [7.8186e-03],
        [7.9770e-01],
        [9.1073e-01],
        [8.6377e-06],
        [8.4399e-02]], device='cuda:0', grad_fn=<SigmoidBackward0>)
Epoch [48/100], T_AUC: [4m0.9593[0m
Epoch [48/100], Loss: 28.1972
val_Accuracy: [92m0.7465[0m
val_Precision: [4;34m0.7688[0m,               val_Recall: [4;33m0.6936[0m,                 val_F1 Score: [4;35m0.7239[0m
æ ‡ç­¾é‡Œ1çš„ä¸ªæ•°:  430
æ ‡ç­¾é‡Œ0çš„ä¸ªæ•°:  430
æ€»æ•°:  860
æ­£ç¡®çš„ä¸ªæ•°:  642
Epoch [48/100], V_AUC: [4m0.7420[0m
Epoch [49/100], Loss: 17.0929
train_Accuracy: [91m0.9567[0m
train_Precision: [4;34m0.9620[0m,               train_Recall: [4;33m0.9526[0m,                 train_F1 Score: [4;35m0.9557[0m
æ ‡ç­¾é‡Œ1çš„ä¸ªæ•°:  2150
æ ‡ç­¾é‡Œ0çš„ä¸ªæ•°:  2150
æ€»æ•°:  4300
æ­£ç¡®çš„ä¸ªæ•°:  4114
æœ€åä¸€ä¸ªæ‰¹æ¬¡çš„è¾“å‡º, ä¸æ»¡batchsizeæ˜¯æ­£å¸¸çš„:
 tensor([[9.9883e-01],
        [9.9958e-01],
        [9.9737e-01],
        [3.3876e-04],
        [1.0000e+00],
        [1.3805e-03],
        [8.6678e-04],
        [5.0465e-02],
        [9.8910e-01],
        [9.9647e-01],
        [1.1257e-05],
        [4.4368e-03]], device='cuda:0', grad_fn=<SigmoidBackward0>)
Epoch [49/100], T_AUC: [4m0.9592[0m
Epoch [49/100], Loss: 31.7067
val_Accuracy: [92m0.7616[0m
val_Precision: [4;34m0.7819[0m,               val_Recall: [4;33m0.7230[0m,                 val_F1 Score: [4;35m0.7449[0m
æ ‡ç­¾é‡Œ1çš„ä¸ªæ•°:  430
æ ‡ç­¾é‡Œ0çš„ä¸ªæ•°:  430
æ€»æ•°:  860
æ­£ç¡®çš„ä¸ªæ•°:  655
Epoch [49/100], V_AUC: [4m0.7579[0m
Epoch [50/100], Loss: 13.7175
train_Accuracy: [91m0.9670[0m
train_Precision: [4;34m0.9698[0m,               train_Recall: [4;33m0.9665[0m,                 train_F1 Score: [4;35m0.9669[0m
æ ‡ç­¾é‡Œ1çš„ä¸ªæ•°:  2150
æ ‡ç­¾é‡Œ0çš„ä¸ªæ•°:  2150
æ€»æ•°:  4300
æ­£ç¡®çš„ä¸ªæ•°:  4158
æœ€åä¸€ä¸ªæ‰¹æ¬¡çš„è¾“å‡º, ä¸æ»¡batchsizeæ˜¯æ­£å¸¸çš„:
 tensor([[9.9927e-01],
        [9.9634e-01],
        [9.9925e-01],
        [8.2354e-04],
        [1.0000e+00],
        [3.3664e-04],
        [3.6215e-04],
        [2.6130e-02],
        [9.8020e-01],
        [9.9890e-01],
        [2.7111e-05],
        [1.4370e-02]], device='cuda:0', grad_fn=<SigmoidBackward0>)
Epoch [50/100], T_AUC: [4m0.9693[0m
Epoch [50/100], Loss: 30.8795
val_Accuracy: [92m0.7547[0m
val_Precision: [4;34m0.7667[0m,               val_Recall: [4;33m0.7243[0m,                 val_F1 Score: [4;35m0.7401[0m
æ ‡ç­¾é‡Œ1çš„ä¸ªæ•°:  430
æ ‡ç­¾é‡Œ0çš„ä¸ªæ•°:  430
æ€»æ•°:  860
æ­£ç¡®çš„ä¸ªæ•°:  649
Epoch [50/100], V_AUC: [4m0.7498[0m
Epoch [51/100], Loss: 11.1690
train_Accuracy: [91m0.9767[0m
train_Precision: [4;34m0.9791[0m,               train_Recall: [4;33m0.9760[0m,                 train_F1 Score: [4;35m0.9768[0m
æ ‡ç­¾é‡Œ1çš„ä¸ªæ•°:  2150
æ ‡ç­¾é‡Œ0çš„ä¸ªæ•°:  2150
æ€»æ•°:  4300
æ­£ç¡®çš„ä¸ªæ•°:  4200
æœ€åä¸€ä¸ªæ‰¹æ¬¡çš„è¾“å‡º, ä¸æ»¡batchsizeæ˜¯æ­£å¸¸çš„:
 tensor([[9.9974e-01],
        [9.9525e-01],
        [9.8843e-01],
        [7.0451e-04],
        [1.0000e+00],
        [1.1770e-03],
        [8.1564e-04],
        [2.4183e-02],
        [9.8538e-01],
        [9.9926e-01],
        [5.8913e-06],
        [1.3153e-02]], device='cuda:0', grad_fn=<SigmoidBackward0>)
Epoch [51/100], T_AUC: [4m0.9784[0m
Epoch [51/100], Loss: 31.5851
val_Accuracy: [92m0.7523[0m
val_Precision: [4;34m0.7720[0m,               val_Recall: [4;33m0.7108[0m,                 val_F1 Score: [4;35m0.7337[0m
æ ‡ç­¾é‡Œ1çš„ä¸ªæ•°:  430
æ ‡ç­¾é‡Œ0çš„ä¸ªæ•°:  430
æ€»æ•°:  860
æ­£ç¡®çš„ä¸ªæ•°:  647
Epoch [51/100], V_AUC: [4m0.7490[0m
Epoch [52/100], Loss: 16.1925
train_Accuracy: [91m0.9563[0m
train_Precision: [4;34m0.9574[0m,               train_Recall: [4;33m0.9566[0m,                 train_F1 Score: [4;35m0.9556[0m
æ ‡ç­¾é‡Œ1çš„ä¸ªæ•°:  2150
æ ‡ç­¾é‡Œ0çš„ä¸ªæ•°:  2150
æ€»æ•°:  4300
æ­£ç¡®çš„ä¸ªæ•°:  4112
æœ€åä¸€ä¸ªæ‰¹æ¬¡çš„è¾“å‡º, ä¸æ»¡batchsizeæ˜¯æ­£å¸¸çš„:
 tensor([[9.9935e-01],
        [9.9834e-01],
        [9.7386e-01],
        [2.4343e-03],
        [1.0000e+00],
        [1.1931e-02],
        [3.8094e-02],
        [9.9610e-04],
        [9.9868e-01],
        [9.9441e-01],
        [4.2832e-07],
        [5.3370e-03]], device='cuda:0', grad_fn=<SigmoidBackward0>)
Epoch [52/100], T_AUC: [4m0.9585[0m
Epoch [52/100], Loss: 31.5780
val_Accuracy: [92m0.7535[0m
val_Precision: [4;34m0.7559[0m,               val_Recall: [4;33m0.7361[0m,                 val_F1 Score: [4;35m0.7417[0m
æ ‡ç­¾é‡Œ1çš„ä¸ªæ•°:  430
æ ‡ç­¾é‡Œ0çš„ä¸ªæ•°:  430
æ€»æ•°:  860
æ­£ç¡®çš„ä¸ªæ•°:  648
Epoch [52/100], V_AUC: [4m0.7502[0m
Epoch [53/100], Loss: 16.1888
train_Accuracy: [91m0.9581[0m
train_Precision: [4;34m0.9577[0m,               train_Recall: [4;33m0.9582[0m,                 train_F1 Score: [4;35m0.9564[0m
æ ‡ç­¾é‡Œ1çš„ä¸ªæ•°:  2150
æ ‡ç­¾é‡Œ0çš„ä¸ªæ•°:  2150
æ€»æ•°:  4300
æ­£ç¡®çš„ä¸ªæ•°:  4120
æœ€åä¸€ä¸ªæ‰¹æ¬¡çš„è¾“å‡º, ä¸æ»¡batchsizeæ˜¯æ­£å¸¸çš„:
 tensor([[9.9997e-01],
        [9.9907e-01],
        [9.9161e-01],
        [4.4127e-04],
        [1.0000e+00],
        [2.4019e-03],
        [1.1947e-02],
        [1.9875e-03],
        [9.3770e-01],
        [9.9639e-01],
        [1.5414e-06],
        [8.8818e-03]], device='cuda:0', grad_fn=<SigmoidBackward0>)
Epoch [53/100], T_AUC: [4m0.9605[0m
Epoch [53/100], Loss: 38.6111
val_Accuracy: [92m0.7442[0m
val_Precision: [4;34m0.7338[0m,               val_Recall: [4;33m0.7658[0m,                 val_F1 Score: [4;35m0.7455[0m
æ ‡ç­¾é‡Œ1çš„ä¸ªæ•°:  430
æ ‡ç­¾é‡Œ0çš„ä¸ªæ•°:  430
æ€»æ•°:  860
æ­£ç¡®çš„ä¸ªæ•°:  640
Epoch [53/100], V_AUC: [4m0.7416[0m
Epoch [54/100], Loss: 12.6276
train_Accuracy: [91m0.9677[0m
train_Precision: [4;34m0.9681[0m,               train_Recall: [4;33m0.9690[0m,                 train_F1 Score: [4;35m0.9675[0m
æ ‡ç­¾é‡Œ1çš„ä¸ªæ•°:  2150
æ ‡ç­¾é‡Œ0çš„ä¸ªæ•°:  2150
æ€»æ•°:  4300
æ­£ç¡®çš„ä¸ªæ•°:  4161
æœ€åä¸€ä¸ªæ‰¹æ¬¡çš„è¾“å‡º, ä¸æ»¡batchsizeæ˜¯æ­£å¸¸çš„:
 tensor([[9.9969e-01],
        [9.9861e-01],
        [9.5358e-01],
        [4.3781e-04],
        [1.0000e+00],
        [4.2619e-03],
        [5.9032e-04],
        [5.9429e-03],
        [9.5385e-01],
        [9.9983e-01],
        [6.6336e-06],
        [8.1722e-03]], device='cuda:0', grad_fn=<SigmoidBackward0>)
Epoch [54/100], T_AUC: [4m0.9699[0m
Epoch [54/100], Loss: 36.9088
val_Accuracy: [92m0.7523[0m
val_Precision: [4;34m0.7508[0m,               val_Recall: [4;33m0.7439[0m,                 val_F1 Score: [4;35m0.7440[0m
æ ‡ç­¾é‡Œ1çš„ä¸ªæ•°:  430
æ ‡ç­¾é‡Œ0çš„ä¸ªæ•°:  430
æ€»æ•°:  860
æ­£ç¡®çš„ä¸ªæ•°:  647
Epoch [54/100], V_AUC: [4m0.7476[0m
Epoch [55/100], Loss: 11.8904
train_Accuracy: [91m0.9709[0m
train_Precision: [4;34m0.9721[0m,               train_Recall: [4;33m0.9709[0m,                 train_F1 Score: [4;35m0.9703[0m
æ ‡ç­¾é‡Œ1çš„ä¸ªæ•°:  2150
æ ‡ç­¾é‡Œ0çš„ä¸ªæ•°:  2150
æ€»æ•°:  4300
æ­£ç¡®çš„ä¸ªæ•°:  4175
æœ€åä¸€ä¸ªæ‰¹æ¬¡çš„è¾“å‡º, ä¸æ»¡batchsizeæ˜¯æ­£å¸¸çš„:
 tensor([[9.9980e-01],
        [9.9327e-01],
        [9.9916e-01],
        [3.4172e-04],
        [1.0000e+00],
        [2.7320e-03],
        [1.2797e-03],
        [2.0155e-02],
        [9.7671e-01],
        [9.9562e-01],
        [9.8078e-07],
        [1.8580e-03]], device='cuda:0', grad_fn=<SigmoidBackward0>)
Epoch [55/100], T_AUC: [4m0.9735[0m
Epoch [55/100], Loss: 34.1381
val_Accuracy: [92m0.7395[0m
val_Precision: [4;34m0.7301[0m,               val_Recall: [4;33m0.7439[0m,                 val_F1 Score: [4;35m0.7335[0m
æ ‡ç­¾é‡Œ1çš„ä¸ªæ•°:  430
æ ‡ç­¾é‡Œ0çš„ä¸ªæ•°:  430
æ€»æ•°:  860
æ­£ç¡®çš„ä¸ªæ•°:  636
Epoch [55/100], V_AUC: [4m0.7348[0m
Epoch [56/100], Loss: 11.8751
train_Accuracy: [91m0.9723[0m
train_Precision: [4;34m0.9747[0m,               train_Recall: [4;33m0.9697[0m,                 train_F1 Score: [4;35m0.9713[0m
æ ‡ç­¾é‡Œ1çš„ä¸ªæ•°:  2150
æ ‡ç­¾é‡Œ0çš„ä¸ªæ•°:  2150
æ€»æ•°:  4300
æ­£ç¡®çš„ä¸ªæ•°:  4181
æœ€åä¸€ä¸ªæ‰¹æ¬¡çš„è¾“å‡º, ä¸æ»¡batchsizeæ˜¯æ­£å¸¸çš„:
 tensor([[9.9718e-01],
        [9.9868e-01],
        [9.9930e-01],
        [2.3362e-04],
        [1.0000e+00],
        [9.1009e-03],
        [1.4202e-03],
        [4.0192e-02],
        [9.8235e-01],
        [9.9815e-01],
        [3.1734e-07],
        [1.5402e-03]], device='cuda:0', grad_fn=<SigmoidBackward0>)
Epoch [56/100], T_AUC: [4m0.9737[0m
Epoch [56/100], Loss: 38.3029
val_Accuracy: [92m0.7477[0m
val_Precision: [4;34m0.7457[0m,               val_Recall: [4;33m0.7423[0m,                 val_F1 Score: [4;35m0.7402[0m
æ ‡ç­¾é‡Œ1çš„ä¸ªæ•°:  430
æ ‡ç­¾é‡Œ0çš„ä¸ªæ•°:  430
æ€»æ•°:  860
æ­£ç¡®çš„ä¸ªæ•°:  643
Epoch [56/100], V_AUC: [4m0.7438[0m
Epoch [57/100], Loss: 9.3506
train_Accuracy: [91m0.9786[0m
train_Precision: [4;34m0.9815[0m,               train_Recall: [4;33m0.9762[0m,                 train_F1 Score: [4;35m0.9780[0m
æ ‡ç­¾é‡Œ1çš„ä¸ªæ•°:  2150
æ ‡ç­¾é‡Œ0çš„ä¸ªæ•°:  2150
æ€»æ•°:  4300
æ­£ç¡®çš„ä¸ªæ•°:  4208
æœ€åä¸€ä¸ªæ‰¹æ¬¡çš„è¾“å‡º, ä¸æ»¡batchsizeæ˜¯æ­£å¸¸çš„:
 tensor([[9.9684e-01],
        [9.9823e-01],
        [9.9896e-01],
        [5.1014e-04],
        [1.0000e+00],
        [7.1679e-03],
        [9.8034e-04],
        [2.7363e-01],
        [9.8867e-01],
        [9.9768e-01],
        [8.5994e-08],
        [3.2893e-03]], device='cuda:0', grad_fn=<SigmoidBackward0>)
Epoch [57/100], T_AUC: [4m0.9801[0m
Epoch [57/100], Loss: 38.6220
val_Accuracy: [92m0.7372[0m
val_Precision: [4;34m0.7426[0m,               val_Recall: [4;33m0.7155[0m,                 val_F1 Score: [4;35m0.7248[0m
æ ‡ç­¾é‡Œ1çš„ä¸ªæ•°:  430
æ ‡ç­¾é‡Œ0çš„ä¸ªæ•°:  430
æ€»æ•°:  860
æ­£ç¡®çš„ä¸ªæ•°:  634
Epoch [57/100], V_AUC: [4m0.7338[0m
Epoch [58/100], Loss: 8.7235
train_Accuracy: [91m0.9819[0m
train_Precision: [4;34m0.9804[0m,               train_Recall: [4;33m0.9834[0m,                 train_F1 Score: [4;35m0.9812[0m
æ ‡ç­¾é‡Œ1çš„ä¸ªæ•°:  2150
æ ‡ç­¾é‡Œ0çš„ä¸ªæ•°:  2150
æ€»æ•°:  4300
æ­£ç¡®çš„ä¸ªæ•°:  4222
æœ€åä¸€ä¸ªæ‰¹æ¬¡çš„è¾“å‡º, ä¸æ»¡batchsizeæ˜¯æ­£å¸¸çš„:
 tensor([[9.9850e-01],
        [9.9973e-01],
        [9.9997e-01],
        [2.3733e-03],
        [1.0000e+00],
        [5.1511e-04],
        [1.0742e-02],
        [5.2185e-05],
        [8.9840e-01],
        [9.9973e-01],
        [1.9367e-07],
        [9.4359e-03]], device='cuda:0', grad_fn=<SigmoidBackward0>)
Epoch [58/100], T_AUC: [4m0.9828[0m
Epoch [58/100], Loss: 37.1471
val_Accuracy: [92m0.7477[0m
val_Precision: [4;34m0.7607[0m,               val_Recall: [4;33m0.7069[0m,                 val_F1 Score: [4;35m0.7282[0m
æ ‡ç­¾é‡Œ1çš„ä¸ªæ•°:  430
æ ‡ç­¾é‡Œ0çš„ä¸ªæ•°:  430
æ€»æ•°:  860
æ­£ç¡®çš„ä¸ªæ•°:  643
Epoch [58/100], V_AUC: [4m0.7433[0m
Epoch [59/100], Loss: 8.9177
train_Accuracy: [91m0.9802[0m
train_Precision: [4;34m0.9799[0m,               train_Recall: [4;33m0.9810[0m,                 train_F1 Score: [4;35m0.9796[0m
æ ‡ç­¾é‡Œ1çš„ä¸ªæ•°:  2150
æ ‡ç­¾é‡Œ0çš„ä¸ªæ•°:  2150
æ€»æ•°:  4300
æ­£ç¡®çš„ä¸ªæ•°:  4215
æœ€åä¸€ä¸ªæ‰¹æ¬¡çš„è¾“å‡º, ä¸æ»¡batchsizeæ˜¯æ­£å¸¸çš„:
 tensor([[9.9985e-01],
        [9.9970e-01],
        [9.9867e-01],
        [2.2960e-04],
        [1.0000e+00],
        [4.9722e-03],
        [8.8230e-04],
        [3.5492e-02],
        [9.7437e-01],
        [9.9864e-01],
        [3.2863e-08],
        [5.8311e-05]], device='cuda:0', grad_fn=<SigmoidBackward0>)
Epoch [59/100], T_AUC: [4m0.9816[0m
Epoch [59/100], Loss: 41.8197
val_Accuracy: [92m0.7581[0m
val_Precision: [4;34m0.7761[0m,               val_Recall: [4;33m0.7189[0m,                 val_F1 Score: [4;35m0.7418[0m
æ ‡ç­¾é‡Œ1çš„ä¸ªæ•°:  430
æ ‡ç­¾é‡Œ0çš„ä¸ªæ•°:  430
æ€»æ•°:  860
æ­£ç¡®çš„ä¸ªæ•°:  652
Epoch [59/100], V_AUC: [4m0.7543[0m
Epoch [60/100], Loss: 8.7925
train_Accuracy: [91m0.9823[0m
train_Precision: [4;34m0.9801[0m,               train_Recall: [4;33m0.9841[0m,                 train_F1 Score: [4;35m0.9814[0m
æ ‡ç­¾é‡Œ1çš„ä¸ªæ•°:  2150
æ ‡ç­¾é‡Œ0çš„ä¸ªæ•°:  2150
æ€»æ•°:  4300
æ­£ç¡®çš„ä¸ªæ•°:  4224
æœ€åä¸€ä¸ªæ‰¹æ¬¡çš„è¾“å‡º, ä¸æ»¡batchsizeæ˜¯æ­£å¸¸çš„:
 tensor([[8.9048e-01],
        [9.9965e-01],
        [9.9985e-01],
        [1.9647e-04],
        [1.0000e+00],
        [9.5509e-04],
        [2.0592e-02],
        [1.2213e-03],
        [9.9964e-01],
        [9.9800e-01],
        [1.6453e-08],
        [2.0703e-04]], device='cuda:0', grad_fn=<SigmoidBackward0>)
Epoch [60/100], T_AUC: [4m0.9835[0m
Epoch [60/100], Loss: 36.8485
val_Accuracy: [92m0.7337[0m
val_Precision: [4;34m0.7461[0m,               val_Recall: [4;33m0.7025[0m,                 val_F1 Score: [4;35m0.7197[0m
æ ‡ç­¾é‡Œ1çš„ä¸ªæ•°:  430
æ ‡ç­¾é‡Œ0çš„ä¸ªæ•°:  430
æ€»æ•°:  860
æ­£ç¡®çš„ä¸ªæ•°:  631
Epoch [60/100], V_AUC: [4m0.7289[0m
Epoch [61/100], Loss: 10.3764
train_Accuracy: [91m0.9726[0m
train_Precision: [4;34m0.9713[0m,               train_Recall: [4;33m0.9750[0m,                 train_F1 Score: [4;35m0.9718[0m
æ ‡ç­¾é‡Œ1çš„ä¸ªæ•°:  2150
æ ‡ç­¾é‡Œ0çš„ä¸ªæ•°:  2150
æ€»æ•°:  4300
æ­£ç¡®çš„ä¸ªæ•°:  4182
æœ€åä¸€ä¸ªæ‰¹æ¬¡çš„è¾“å‡º, ä¸æ»¡batchsizeæ˜¯æ­£å¸¸çš„:
 tensor([[9.9957e-01],
        [9.8459e-01],
        [9.9949e-01],
        [4.1810e-04],
        [1.0000e+00],
        [8.0875e-05],
        [1.3139e-02],
        [1.0709e-03],
        [9.9802e-01],
        [9.9241e-01],
        [1.5704e-08],
        [4.7760e-03]], device='cuda:0', grad_fn=<SigmoidBackward0>)
Epoch [61/100], T_AUC: [4m0.9753[0m
Epoch [61/100], Loss: 43.0148
val_Accuracy: [92m0.7500[0m
val_Precision: [4;34m0.7603[0m,               val_Recall: [4;33m0.7240[0m,                 val_F1 Score: [4;35m0.7372[0m
æ ‡ç­¾é‡Œ1çš„ä¸ªæ•°:  430
æ ‡ç­¾é‡Œ0çš„ä¸ªæ•°:  430
æ€»æ•°:  860
æ­£ç¡®çš„ä¸ªæ•°:  645
Epoch [61/100], V_AUC: [4m0.7451[0m
Epoch [62/100], Loss: 14.7202
train_Accuracy: [91m0.9584[0m
train_Precision: [4;34m0.9570[0m,               train_Recall: [4;33m0.9621[0m,                 train_F1 Score: [4;35m0.9580[0m
æ ‡ç­¾é‡Œ1çš„ä¸ªæ•°:  2150
æ ‡ç­¾é‡Œ0çš„ä¸ªæ•°:  2150
æ€»æ•°:  4300
æ­£ç¡®çš„ä¸ªæ•°:  4121
æœ€åä¸€ä¸ªæ‰¹æ¬¡çš„è¾“å‡º, ä¸æ»¡batchsizeæ˜¯æ­£å¸¸çš„:
 tensor([[9.9998e-01],
        [9.8504e-01],
        [9.9942e-01],
        [1.5903e-04],
        [1.0000e+00],
        [1.6542e-03],
        [3.8122e-02],
        [1.2780e-05],
        [9.9996e-01],
        [9.9741e-01],
        [3.1565e-07],
        [3.7967e-05]], device='cuda:0', grad_fn=<SigmoidBackward0>)
Epoch [62/100], T_AUC: [4m0.9605[0m
Epoch [62/100], Loss: 44.1737
val_Accuracy: [92m0.7616[0m
val_Precision: [4;34m0.7753[0m,               val_Recall: [4;33m0.7237[0m,                 val_F1 Score: [4;35m0.7427[0m
æ ‡ç­¾é‡Œ1çš„ä¸ªæ•°:  430
æ ‡ç­¾é‡Œ0çš„ä¸ªæ•°:  430
æ€»æ•°:  860
æ­£ç¡®çš„ä¸ªæ•°:  655
Epoch [62/100], V_AUC: [4m0.7557[0m
Epoch [63/100], Loss: 16.9394
train_Accuracy: [91m0.9512[0m
train_Precision: [4;34m0.9530[0m,               train_Recall: [4;33m0.9526[0m,                 train_F1 Score: [4;35m0.9511[0m
æ ‡ç­¾é‡Œ1çš„ä¸ªæ•°:  2150
æ ‡ç­¾é‡Œ0çš„ä¸ªæ•°:  2150
æ€»æ•°:  4300
æ­£ç¡®çš„ä¸ªæ•°:  4090
æœ€åä¸€ä¸ªæ‰¹æ¬¡çš„è¾“å‡º, ä¸æ»¡batchsizeæ˜¯æ­£å¸¸çš„:
 tensor([[9.9996e-01],
        [9.9818e-01],
        [9.9969e-01],
        [2.4887e-03],
        [1.0000e+00],
        [2.3436e-04],
        [7.8034e-04],
        [5.2453e-02],
        [9.8618e-01],
        [9.9841e-01],
        [5.8064e-08],
        [2.1075e-05]], device='cuda:0', grad_fn=<SigmoidBackward0>)
Epoch [63/100], T_AUC: [4m0.9538[0m
Epoch [63/100], Loss: 47.2210
val_Accuracy: [92m0.7570[0m
val_Precision: [4;34m0.7692[0m,               val_Recall: [4;33m0.7239[0m,                 val_F1 Score: [4;35m0.7408[0m
æ ‡ç­¾é‡Œ1çš„ä¸ªæ•°:  430
æ ‡ç­¾é‡Œ0çš„ä¸ªæ•°:  430
æ€»æ•°:  860
æ­£ç¡®çš„ä¸ªæ•°:  651
Epoch [63/100], V_AUC: [4m0.7527[0m
Epoch [64/100], Loss: 16.9739
train_Accuracy: [91m0.9523[0m
train_Precision: [4;34m0.9524[0m,               train_Recall: [4;33m0.9545[0m,                 train_F1 Score: [4;35m0.9515[0m
æ ‡ç­¾é‡Œ1çš„ä¸ªæ•°:  2150
æ ‡ç­¾é‡Œ0çš„ä¸ªæ•°:  2150
æ€»æ•°:  4300
æ­£ç¡®çš„ä¸ªæ•°:  4095
æœ€åä¸€ä¸ªæ‰¹æ¬¡çš„è¾“å‡º, ä¸æ»¡batchsizeæ˜¯æ­£å¸¸çš„:
 tensor([[9.9949e-01],
        [9.7730e-01],
        [9.9961e-01],
        [1.2156e-03],
        [1.0000e+00],
        [6.9195e-05],
        [4.3635e-03],
        [1.5574e-01],
        [9.6698e-01],
        [9.9368e-01],
        [1.4013e-08],
        [2.6189e-04]], device='cuda:0', grad_fn=<SigmoidBackward0>)
Epoch [64/100], T_AUC: [4m0.9554[0m
Epoch [64/100], Loss: 37.4290
val_Accuracy: [92m0.7465[0m
val_Precision: [4;34m0.7526[0m,               val_Recall: [4;33m0.7197[0m,                 val_F1 Score: [4;35m0.7304[0m
æ ‡ç­¾é‡Œ1çš„ä¸ªæ•°:  430
æ ‡ç­¾é‡Œ0çš„ä¸ªæ•°:  430
æ€»æ•°:  860
æ­£ç¡®çš„ä¸ªæ•°:  642
Epoch [64/100], V_AUC: [4m0.7412[0m
Epoch [65/100], Loss: 10.3510
train_Accuracy: [91m0.9740[0m
train_Precision: [4;34m0.9744[0m,               train_Recall: [4;33m0.9733[0m,                 train_F1 Score: [4;35m0.9728[0m
æ ‡ç­¾é‡Œ1çš„ä¸ªæ•°:  2150
æ ‡ç­¾é‡Œ0çš„ä¸ªæ•°:  2150
æ€»æ•°:  4300
æ­£ç¡®çš„ä¸ªæ•°:  4188
æœ€åä¸€ä¸ªæ‰¹æ¬¡çš„è¾“å‡º, ä¸æ»¡batchsizeæ˜¯æ­£å¸¸çš„:
 tensor([[9.9999e-01],
        [7.5411e-01],
        [9.9997e-01],
        [6.3201e-04],
        [1.0000e+00],
        [2.6506e-05],
        [2.0296e-03],
        [5.3066e-04],
        [9.8886e-01],
        [9.9927e-01],
        [2.0960e-08],
        [2.2941e-03]], device='cuda:0', grad_fn=<SigmoidBackward0>)
Epoch [65/100], T_AUC: [4m0.9759[0m
Epoch [65/100], Loss: 41.5611
val_Accuracy: [92m0.7465[0m
val_Precision: [4;34m0.7574[0m,               val_Recall: [4;33m0.7101[0m,                 val_F1 Score: [4;35m0.7272[0m
æ ‡ç­¾é‡Œ1çš„ä¸ªæ•°:  430
æ ‡ç­¾é‡Œ0çš„ä¸ªæ•°:  430
æ€»æ•°:  860
æ­£ç¡®çš„ä¸ªæ•°:  642
Epoch [65/100], V_AUC: [4m0.7414[0m
Epoch [66/100], Loss: 7.0024
train_Accuracy: [91m0.9860[0m
train_Precision: [4;34m0.9841[0m,               train_Recall: [4;33m0.9882[0m,                 train_F1 Score: [4;35m0.9856[0m
æ ‡ç­¾é‡Œ1çš„ä¸ªæ•°:  2150
æ ‡ç­¾é‡Œ0çš„ä¸ªæ•°:  2150
æ€»æ•°:  4300
æ­£ç¡®çš„ä¸ªæ•°:  4240
æœ€åä¸€ä¸ªæ‰¹æ¬¡çš„è¾“å‡º, ä¸æ»¡batchsizeæ˜¯æ­£å¸¸çš„:
 tensor([[9.9988e-01],
        [9.9921e-01],
        [9.9431e-01],
        [4.7895e-04],
        [1.0000e+00],
        [5.1971e-05],
        [6.9425e-03],
        [1.4372e-03],
        [9.8953e-01],
        [9.9955e-01],
        [6.8042e-09],
        [1.3430e-03]], device='cuda:0', grad_fn=<SigmoidBackward0>)
Epoch [66/100], T_AUC: [4m0.9876[0m
Epoch [66/100], Loss: 45.6176
val_Accuracy: [92m0.7500[0m
val_Precision: [4;34m0.7583[0m,               val_Recall: [4;33m0.7268[0m,                 val_F1 Score: [4;35m0.7364[0m
æ ‡ç­¾é‡Œ1çš„ä¸ªæ•°:  430
æ ‡ç­¾é‡Œ0çš„ä¸ªæ•°:  430
æ€»æ•°:  860
æ­£ç¡®çš„ä¸ªæ•°:  645
Epoch [66/100], V_AUC: [4m0.7465[0m
Epoch [67/100], Loss: 5.6702
train_Accuracy: [91m0.9900[0m
train_Precision: [4;34m0.9902[0m,               train_Recall: [4;33m0.9902[0m,                 train_F1 Score: [4;35m0.9898[0m
æ ‡ç­¾é‡Œ1çš„ä¸ªæ•°:  2150
æ ‡ç­¾é‡Œ0çš„ä¸ªæ•°:  2150
æ€»æ•°:  4300
æ­£ç¡®çš„ä¸ªæ•°:  4257
æœ€åä¸€ä¸ªæ‰¹æ¬¡çš„è¾“å‡º, ä¸æ»¡batchsizeæ˜¯æ­£å¸¸çš„:
 tensor([[9.9998e-01],
        [9.9941e-01],
        [9.9749e-01],
        [4.5111e-04],
        [1.0000e+00],
        [1.3888e-05],
        [5.5678e-03],
        [3.6657e-04],
        [9.9894e-01],
        [9.9989e-01],
        [2.2824e-09],
        [3.3842e-04]], device='cuda:0', grad_fn=<SigmoidBackward0>)
Epoch [67/100], T_AUC: [4m0.9911[0m
Epoch [67/100], Loss: 47.2885
val_Accuracy: [92m0.7500[0m
val_Precision: [4;34m0.7586[0m,               val_Recall: [4;33m0.7242[0m,                 val_F1 Score: [4;35m0.7341[0m
æ ‡ç­¾é‡Œ1çš„ä¸ªæ•°:  430
æ ‡ç­¾é‡Œ0çš„ä¸ªæ•°:  430
æ€»æ•°:  860
æ­£ç¡®çš„ä¸ªæ•°:  645
Epoch [67/100], V_AUC: [4m0.7444[0m
Epoch [68/100], Loss: 5.6785
train_Accuracy: [91m0.9891[0m
train_Precision: [4;34m0.9867[0m,               train_Recall: [4;33m0.9910[0m,                 train_F1 Score: [4;35m0.9884[0m
æ ‡ç­¾é‡Œ1çš„ä¸ªæ•°:  2150
æ ‡ç­¾é‡Œ0çš„ä¸ªæ•°:  2150
æ€»æ•°:  4300
æ­£ç¡®çš„ä¸ªæ•°:  4253
æœ€åä¸€ä¸ªæ‰¹æ¬¡çš„è¾“å‡º, ä¸æ»¡batchsizeæ˜¯æ­£å¸¸çš„:
 tensor([[9.9983e-01],
        [9.9963e-01],
        [9.9994e-01],
        [9.4683e-05],
        [1.0000e+00],
        [8.4143e-06],
        [1.0169e-02],
        [2.2814e-05],
        [9.9826e-01],
        [9.9964e-01],
        [1.8033e-09],
        [9.3647e-04]], device='cuda:0', grad_fn=<SigmoidBackward0>)
Epoch [68/100], T_AUC: [4m0.9898[0m
Epoch [68/100], Loss: 45.6059
val_Accuracy: [92m0.7558[0m
val_Precision: [4;34m0.7678[0m,               val_Recall: [4;33m0.7207[0m,                 val_F1 Score: [4;35m0.7368[0m
æ ‡ç­¾é‡Œ1çš„ä¸ªæ•°:  430
æ ‡ç­¾é‡Œ0çš„ä¸ªæ•°:  430
æ€»æ•°:  860
æ­£ç¡®çš„ä¸ªæ•°:  650
Epoch [68/100], V_AUC: [4m0.7493[0m
Epoch [69/100], Loss: 5.2205
train_Accuracy: [91m0.9902[0m
train_Precision: [4;34m0.9886[0m,               train_Recall: [4;33m0.9914[0m,                 train_F1 Score: [4;35m0.9896[0m
æ ‡ç­¾é‡Œ1çš„ä¸ªæ•°:  2150
æ ‡ç­¾é‡Œ0çš„ä¸ªæ•°:  2150
æ€»æ•°:  4300
æ­£ç¡®çš„ä¸ªæ•°:  4258
æœ€åä¸€ä¸ªæ‰¹æ¬¡çš„è¾“å‡º, ä¸æ»¡batchsizeæ˜¯æ­£å¸¸çš„:
 tensor([[9.9995e-01],
        [9.9985e-01],
        [9.9745e-01],
        [1.5678e-04],
        [1.0000e+00],
        [1.0587e-05],
        [4.7776e-03],
        [6.4740e-04],
        [9.8694e-01],
        [9.9920e-01],
        [8.9535e-09],
        [1.5561e-03]], device='cuda:0', grad_fn=<SigmoidBackward0>)
Epoch [69/100], T_AUC: [4m0.9910[0m
Epoch [69/100], Loss: 43.9276
val_Accuracy: [92m0.7535[0m
val_Precision: [4;34m0.7674[0m,               val_Recall: [4;33m0.7152[0m,                 val_F1 Score: [4;35m0.7360[0m
æ ‡ç­¾é‡Œ1çš„ä¸ªæ•°:  430
æ ‡ç­¾é‡Œ0çš„ä¸ªæ•°:  430
æ€»æ•°:  860
æ­£ç¡®çš„ä¸ªæ•°:  648
Epoch [69/100], V_AUC: [4m0.7483[0m
Epoch [70/100], Loss: 3.7350
train_Accuracy: [91m0.9951[0m
train_Precision: [4;34m0.9929[0m,               train_Recall: [4;33m0.9972[0m,                 train_F1 Score: [4;35m0.9948[0m
æ ‡ç­¾é‡Œ1çš„ä¸ªæ•°:  2150
æ ‡ç­¾é‡Œ0çš„ä¸ªæ•°:  2150
æ€»æ•°:  4300
æ­£ç¡®çš„ä¸ªæ•°:  4279
æœ€åä¸€ä¸ªæ‰¹æ¬¡çš„è¾“å‡º, ä¸æ»¡batchsizeæ˜¯æ­£å¸¸çš„:
 tensor([[1.0000e+00],
        [9.7885e-01],
        [9.9994e-01],
        [2.1428e-04],
        [1.0000e+00],
        [1.6761e-05],
        [2.2118e-03],
        [3.6329e-04],
        [9.9763e-01],
        [9.9952e-01],
        [2.5376e-09],
        [4.8128e-04]], device='cuda:0', grad_fn=<SigmoidBackward0>)
Epoch [70/100], T_AUC: [4m0.9956[0m
Epoch [70/100], Loss: 51.3328
val_Accuracy: [92m0.7558[0m
val_Precision: [4;34m0.7719[0m,               val_Recall: [4;33m0.7107[0m,                 val_F1 Score: [4;35m0.7357[0m
æ ‡ç­¾é‡Œ1çš„ä¸ªæ•°:  430
æ ‡ç­¾é‡Œ0çš„ä¸ªæ•°:  430
æ€»æ•°:  860
æ­£ç¡®çš„ä¸ªæ•°:  650
Epoch [70/100], V_AUC: [4m0.7500[0m
Epoch [71/100], Loss: 4.9157
train_Accuracy: [91m0.9902[0m
train_Precision: [4;34m0.9900[0m,               train_Recall: [4;33m0.9913[0m,                 train_F1 Score: [4;35m0.9903[0m
æ ‡ç­¾é‡Œ1çš„ä¸ªæ•°:  2150
æ ‡ç­¾é‡Œ0çš„ä¸ªæ•°:  2150
æ€»æ•°:  4300
æ­£ç¡®çš„ä¸ªæ•°:  4258
æœ€åä¸€ä¸ªæ‰¹æ¬¡çš„è¾“å‡º, ä¸æ»¡batchsizeæ˜¯æ­£å¸¸çš„:
 tensor([[9.9996e-01],
        [9.4679e-01],
        [9.9992e-01],
        [3.7037e-05],
        [1.0000e+00],
        [3.8275e-06],
        [2.9242e-03],
        [8.6458e-04],
        [9.9497e-01],
        [9.9968e-01],
        [2.4302e-08],
        [8.7880e-03]], device='cuda:0', grad_fn=<SigmoidBackward0>)
Epoch [71/100], T_AUC: [4m0.9909[0m
Epoch [71/100], Loss: 44.6917
val_Accuracy: [92m0.7360[0m
val_Precision: [4;34m0.7490[0m,               val_Recall: [4;33m0.6932[0m,                 val_F1 Score: [4;35m0.7146[0m
æ ‡ç­¾é‡Œ1çš„ä¸ªæ•°:  430
æ ‡ç­¾é‡Œ0çš„ä¸ªæ•°:  430
æ€»æ•°:  860
æ­£ç¡®çš„ä¸ªæ•°:  633
Epoch [71/100], V_AUC: [4m0.7298[0m
Epoch [72/100], Loss: 4.6376
train_Accuracy: [91m0.9930[0m
train_Precision: [4;34m0.9922[0m,               train_Recall: [4;33m0.9937[0m,                 train_F1 Score: [4;35m0.9927[0m
æ ‡ç­¾é‡Œ1çš„ä¸ªæ•°:  2150
æ ‡ç­¾é‡Œ0çš„ä¸ªæ•°:  2150
æ€»æ•°:  4300
æ­£ç¡®çš„ä¸ªæ•°:  4270
æœ€åä¸€ä¸ªæ‰¹æ¬¡çš„è¾“å‡º, ä¸æ»¡batchsizeæ˜¯æ­£å¸¸çš„:
 tensor([[9.9994e-01],
        [9.9576e-01],
        [9.9951e-01],
        [3.1232e-03],
        [1.0000e+00],
        [5.1978e-06],
        [9.6266e-02],
        [1.4747e-05],
        [9.0431e-01],
        [9.9964e-01],
        [3.2222e-08],
        [1.4547e-03]], device='cuda:0', grad_fn=<SigmoidBackward0>)
Epoch [72/100], T_AUC: [4m0.9938[0m
Epoch [72/100], Loss: 53.6307
val_Accuracy: [92m0.7465[0m
val_Precision: [4;34m0.7454[0m,               val_Recall: [4;33m0.7388[0m,                 val_F1 Score: [4;35m0.7387[0m
æ ‡ç­¾é‡Œ1çš„ä¸ªæ•°:  430
æ ‡ç­¾é‡Œ0çš„ä¸ªæ•°:  430
æ€»æ•°:  860
æ­£ç¡®çš„ä¸ªæ•°:  642
Epoch [72/100], V_AUC: [4m0.7399[0m
Epoch [73/100], Loss: 4.8956
train_Accuracy: [91m0.9926[0m
train_Precision: [4;34m0.9913[0m,               train_Recall: [4;33m0.9940[0m,                 train_F1 Score: [4;35m0.9924[0m
æ ‡ç­¾é‡Œ1çš„ä¸ªæ•°:  2150
æ ‡ç­¾é‡Œ0çš„ä¸ªæ•°:  2150
æ€»æ•°:  4300
æ­£ç¡®çš„ä¸ªæ•°:  4268
æœ€åä¸€ä¸ªæ‰¹æ¬¡çš„è¾“å‡º, ä¸æ»¡batchsizeæ˜¯æ­£å¸¸çš„:
 tensor([[1.0000e+00],
        [9.9585e-01],
        [9.9937e-01],
        [2.9747e-04],
        [1.0000e+00],
        [9.9498e-06],
        [4.5218e-03],
        [1.2182e-03],
        [9.9896e-01],
        [9.9151e-01],
        [3.0039e-09],
        [1.2546e-03]], device='cuda:0', grad_fn=<SigmoidBackward0>)
Epoch [73/100], T_AUC: [4m0.9934[0m
Epoch [73/100], Loss: 52.0170
val_Accuracy: [92m0.7395[0m
val_Precision: [4;34m0.7377[0m,               val_Recall: [4;33m0.7313[0m,                 val_F1 Score: [4;35m0.7305[0m
æ ‡ç­¾é‡Œ1çš„ä¸ªæ•°:  430
æ ‡ç­¾é‡Œ0çš„ä¸ªæ•°:  430
æ€»æ•°:  860
æ­£ç¡®çš„ä¸ªæ•°:  636
Epoch [73/100], V_AUC: [4m0.7329[0m
Epoch [74/100], Loss: 11.3640
train_Accuracy: [91m0.9723[0m
train_Precision: [4;34m0.9712[0m,               train_Recall: [4;33m0.9740[0m,                 train_F1 Score: [4;35m0.9716[0m
æ ‡ç­¾é‡Œ1çš„ä¸ªæ•°:  2150
æ ‡ç­¾é‡Œ0çš„ä¸ªæ•°:  2150
æ€»æ•°:  4300
æ­£ç¡®çš„ä¸ªæ•°:  4181
æœ€åä¸€ä¸ªæ‰¹æ¬¡çš„è¾“å‡º, ä¸æ»¡batchsizeæ˜¯æ­£å¸¸çš„:
 tensor([[1.0000e+00],
        [9.8425e-01],
        [9.2929e-01],
        [1.1888e-05],
        [1.0000e+00],
        [2.7485e-03],
        [8.6265e-01],
        [1.6046e-03],
        [9.9854e-01],
        [9.9987e-01],
        [9.8707e-09],
        [5.1554e-05]], device='cuda:0', grad_fn=<SigmoidBackward0>)
Epoch [74/100], T_AUC: [4m0.9732[0m
Epoch [74/100], Loss: 53.6428
val_Accuracy: [92m0.7326[0m
val_Precision: [4;34m0.7313[0m,               val_Recall: [4;33m0.7217[0m,                 val_F1 Score: [4;35m0.7222[0m
æ ‡ç­¾é‡Œ1çš„ä¸ªæ•°:  430
æ ‡ç­¾é‡Œ0çš„ä¸ªæ•°:  430
æ€»æ•°:  860
æ­£ç¡®çš„ä¸ªæ•°:  630
Epoch [74/100], V_AUC: [4m0.7282[0m
Epoch [75/100], Loss: 20.5786
train_Accuracy: [91m0.9395[0m
train_Precision: [4;34m0.9360[0m,               train_Recall: [4;33m0.9446[0m,                 train_F1 Score: [4;35m0.9383[0m
æ ‡ç­¾é‡Œ1çš„ä¸ªæ•°:  2150
æ ‡ç­¾é‡Œ0çš„ä¸ªæ•°:  2150
æ€»æ•°:  4300
æ­£ç¡®çš„ä¸ªæ•°:  4040
æœ€åä¸€ä¸ªæ‰¹æ¬¡çš„è¾“å‡º, ä¸æ»¡batchsizeæ˜¯æ­£å¸¸çš„:
 tensor([[9.9999e-01],
        [8.1736e-01],
        [9.9851e-01],
        [1.0303e-04],
        [1.0000e+00],
        [6.3740e-03],
        [3.8444e-07],
        [9.7310e-01],
        [9.9962e-01],
        [9.9725e-01],
        [9.1743e-07],
        [8.3548e-05]], device='cuda:0', grad_fn=<SigmoidBackward0>)
Epoch [75/100], T_AUC: [4m0.9426[0m
Epoch [75/100], Loss: 44.7108
val_Accuracy: [92m0.7186[0m
val_Precision: [4;34m0.7107[0m,               val_Recall: [4;33m0.7278[0m,                 val_F1 Score: [4;35m0.7141[0m
æ ‡ç­¾é‡Œ1çš„ä¸ªæ•°:  430
æ ‡ç­¾é‡Œ0çš„ä¸ªæ•°:  430
æ€»æ•°:  860
æ­£ç¡®çš„ä¸ªæ•°:  618
Epoch [75/100], V_AUC: [4m0.7158[0m
Epoch [76/100], Loss: 16.6905
train_Accuracy: [91m0.9574[0m
train_Precision: [4;34m0.9613[0m,               train_Recall: [4;33m0.9548[0m,                 train_F1 Score: [4;35m0.9564[0m
æ ‡ç­¾é‡Œ1çš„ä¸ªæ•°:  2150
æ ‡ç­¾é‡Œ0çš„ä¸ªæ•°:  2150
æ€»æ•°:  4300
æ­£ç¡®çš„ä¸ªæ•°:  4117
æœ€åä¸€ä¸ªæ‰¹æ¬¡çš„è¾“å‡º, ä¸æ»¡batchsizeæ˜¯æ­£å¸¸çš„:
 tensor([[9.9975e-01],
        [9.9669e-01],
        [9.9996e-01],
        [1.5673e-04],
        [1.0000e+00],
        [1.9768e-02],
        [6.5643e-08],
        [2.6069e-05],
        [9.8839e-01],
        [9.9997e-01],
        [5.4862e-06],
        [9.5189e-03]], device='cuda:0', grad_fn=<SigmoidBackward0>)
Epoch [76/100], T_AUC: [4m0.9592[0m
Epoch [76/100], Loss: 46.8628
val_Accuracy: [92m0.7500[0m
val_Precision: [4;34m0.7668[0m,               val_Recall: [4;33m0.7055[0m,                 val_F1 Score: [4;35m0.7303[0m
æ ‡ç­¾é‡Œ1çš„ä¸ªæ•°:  430
æ ‡ç­¾é‡Œ0çš„ä¸ªæ•°:  430
æ€»æ•°:  860
æ­£ç¡®çš„ä¸ªæ•°:  645
Epoch [76/100], V_AUC: [4m0.7447[0m
Epoch [77/100], Loss: 12.7002
train_Accuracy: [91m0.9630[0m
train_Precision: [4;34m0.9654[0m,               train_Recall: [4;33m0.9605[0m,                 train_F1 Score: [4;35m0.9616[0m
æ ‡ç­¾é‡Œ1çš„ä¸ªæ•°:  2150
æ ‡ç­¾é‡Œ0çš„ä¸ªæ•°:  2150
æ€»æ•°:  4300
æ­£ç¡®çš„ä¸ªæ•°:  4141
æœ€åä¸€ä¸ªæ‰¹æ¬¡çš„è¾“å‡º, ä¸æ»¡batchsizeæ˜¯æ­£å¸¸çš„:
 tensor([[9.9995e-01],
        [9.9913e-01],
        [9.9696e-01],
        [1.1754e-04],
        [1.0000e+00],
        [4.5934e-05],
        [5.0645e-07],
        [8.4607e-04],
        [9.9651e-01],
        [9.9995e-01],
        [1.2441e-05],
        [4.0911e-03]], device='cuda:0', grad_fn=<SigmoidBackward0>)
Epoch [77/100], T_AUC: [4m0.9652[0m
Epoch [77/100], Loss: 49.7579
val_Accuracy: [92m0.7523[0m
val_Precision: [4;34m0.7634[0m,               val_Recall: [4;33m0.7238[0m,                 val_F1 Score: [4;35m0.7383[0m
æ ‡ç­¾é‡Œ1çš„ä¸ªæ•°:  430
æ ‡ç­¾é‡Œ0çš„ä¸ªæ•°:  430
æ€»æ•°:  860
æ­£ç¡®çš„ä¸ªæ•°:  647
Epoch [77/100], V_AUC: [4m0.7472[0m
Epoch [78/100], Loss: 9.8899
train_Accuracy: [91m0.9760[0m
train_Precision: [4;34m0.9763[0m,               train_Recall: [4;33m0.9770[0m,                 train_F1 Score: [4;35m0.9758[0m
æ ‡ç­¾é‡Œ1çš„ä¸ªæ•°:  2150
æ ‡ç­¾é‡Œ0çš„ä¸ªæ•°:  2150
æ€»æ•°:  4300
æ­£ç¡®çš„ä¸ªæ•°:  4197
æœ€åä¸€ä¸ªæ‰¹æ¬¡çš„è¾“å‡º, ä¸æ»¡batchsizeæ˜¯æ­£å¸¸çš„:
 tensor([[9.9829e-01],
        [9.9901e-01],
        [9.9911e-01],
        [6.4942e-05],
        [1.0000e+00],
        [1.7432e-03],
        [3.8735e-05],
        [1.3870e-04],
        [9.9744e-01],
        [9.9995e-01],
        [9.8024e-08],
        [5.7974e-03]], device='cuda:0', grad_fn=<SigmoidBackward0>)
Epoch [78/100], T_AUC: [4m0.9774[0m
Epoch [78/100], Loss: 48.6306
val_Accuracy: [92m0.7488[0m
val_Precision: [4;34m0.7537[0m,               val_Recall: [4;33m0.7287[0m,                 val_F1 Score: [4;35m0.7359[0m
æ ‡ç­¾é‡Œ1çš„ä¸ªæ•°:  430
æ ‡ç­¾é‡Œ0çš„ä¸ªæ•°:  430
æ€»æ•°:  860
æ­£ç¡®çš„ä¸ªæ•°:  644
Epoch [78/100], V_AUC: [4m0.7447[0m
Epoch [79/100], Loss: 9.9346
train_Accuracy: [91m0.9723[0m
train_Precision: [4;34m0.9698[0m,               train_Recall: [4;33m0.9760[0m,                 train_F1 Score: [4;35m0.9719[0m
æ ‡ç­¾é‡Œ1çš„ä¸ªæ•°:  2150
æ ‡ç­¾é‡Œ0çš„ä¸ªæ•°:  2150
æ€»æ•°:  4300
æ­£ç¡®çš„ä¸ªæ•°:  4181
æœ€åä¸€ä¸ªæ‰¹æ¬¡çš„è¾“å‡º, ä¸æ»¡batchsizeæ˜¯æ­£å¸¸çš„:
 tensor([[9.8538e-01],
        [9.9710e-01],
        [9.9998e-01],
        [2.2658e-03],
        [1.0000e+00],
        [7.2419e-04],
        [2.8518e-05],
        [5.7576e-04],
        [9.0663e-01],
        [9.9948e-01],
        [1.3220e-08],
        [5.9732e-03]], device='cuda:0', grad_fn=<SigmoidBackward0>)
Epoch [79/100], T_AUC: [4m0.9736[0m
Epoch [79/100], Loss: 45.4940
val_Accuracy: [92m0.7419[0m
val_Precision: [4;34m0.7514[0m,               val_Recall: [4;33m0.7074[0m,                 val_F1 Score: [4;35m0.7242[0m
æ ‡ç­¾é‡Œ1çš„ä¸ªæ•°:  430
æ ‡ç­¾é‡Œ0çš„ä¸ªæ•°:  430
æ€»æ•°:  860
æ­£ç¡®çš„ä¸ªæ•°:  638
Epoch [79/100], V_AUC: [4m0.7381[0m
Epoch [80/100], Loss: 8.5795
train_Accuracy: [91m0.9807[0m
train_Precision: [4;34m0.9780[0m,               train_Recall: [4;33m0.9837[0m,                 train_F1 Score: [4;35m0.9800[0m
æ ‡ç­¾é‡Œ1çš„ä¸ªæ•°:  2150
æ ‡ç­¾é‡Œ0çš„ä¸ªæ•°:  2150
æ€»æ•°:  4300
æ­£ç¡®çš„ä¸ªæ•°:  4217
æœ€åä¸€ä¸ªæ‰¹æ¬¡çš„è¾“å‡º, ä¸æ»¡batchsizeæ˜¯æ­£å¸¸çš„:
 tensor([[9.9999e-01],
        [9.9904e-01],
        [9.9996e-01],
        [3.1476e-04],
        [1.0000e+00],
        [6.8135e-05],
        [8.3066e-07],
        [7.4702e-06],
        [9.9597e-01],
        [9.9998e-01],
        [2.1563e-09],
        [1.1088e-02]], device='cuda:0', grad_fn=<SigmoidBackward0>)
Epoch [80/100], T_AUC: [4m0.9821[0m
Epoch [80/100], Loss: 49.1966
val_Accuracy: [92m0.7616[0m
val_Precision: [4;34m0.7646[0m,               val_Recall: [4;33m0.7355[0m,                 val_F1 Score: [4;35m0.7466[0m
æ ‡ç­¾é‡Œ1çš„ä¸ªæ•°:  430
æ ‡ç­¾é‡Œ0çš„ä¸ªæ•°:  430
æ€»æ•°:  860
æ­£ç¡®çš„ä¸ªæ•°:  655
Epoch [80/100], V_AUC: [4m0.7565[0m
Epoch [81/100], Loss: 5.2745
train_Accuracy: [91m0.9907[0m
train_Precision: [4;34m0.9899[0m,               train_Recall: [4;33m0.9920[0m,                 train_F1 Score: [4;35m0.9906[0m
æ ‡ç­¾é‡Œ1çš„ä¸ªæ•°:  2150
æ ‡ç­¾é‡Œ0çš„ä¸ªæ•°:  2150
æ€»æ•°:  4300
æ­£ç¡®çš„ä¸ªæ•°:  4260
æœ€åä¸€ä¸ªæ‰¹æ¬¡çš„è¾“å‡º, ä¸æ»¡batchsizeæ˜¯æ­£å¸¸çš„:
 tensor([[1.0000e+00],
        [9.9906e-01],
        [9.9989e-01],
        [8.0477e-05],
        [1.0000e+00],
        [1.0221e-04],
        [7.1238e-07],
        [1.3675e-04],
        [9.8962e-01],
        [9.9998e-01],
        [6.4531e-09],
        [1.3493e-02]], device='cuda:0', grad_fn=<SigmoidBackward0>)
Epoch [81/100], T_AUC: [4m0.9914[0m
Epoch [81/100], Loss: 50.4660
val_Accuracy: [92m0.7465[0m
val_Precision: [4;34m0.7447[0m,               val_Recall: [4;33m0.7286[0m,                 val_F1 Score: [4;35m0.7319[0m
æ ‡ç­¾é‡Œ1çš„ä¸ªæ•°:  430
æ ‡ç­¾é‡Œ0çš„ä¸ªæ•°:  430
æ€»æ•°:  860
æ­£ç¡®çš„ä¸ªæ•°:  642
Epoch [81/100], V_AUC: [4m0.7408[0m
Epoch [82/100], Loss: 3.7670
train_Accuracy: [91m0.9951[0m
train_Precision: [4;34m0.9960[0m,               train_Recall: [4;33m0.9953[0m,                 train_F1 Score: [4;35m0.9955[0m
æ ‡ç­¾é‡Œ1çš„ä¸ªæ•°:  2150
æ ‡ç­¾é‡Œ0çš„ä¸ªæ•°:  2150
æ€»æ•°:  4300
æ­£ç¡®çš„ä¸ªæ•°:  4279
æœ€åä¸€ä¸ªæ‰¹æ¬¡çš„è¾“å‡º, ä¸æ»¡batchsizeæ˜¯æ­£å¸¸çš„:
 tensor([[1.0000e+00],
        [9.9950e-01],
        [9.9985e-01],
        [6.2760e-05],
        [1.0000e+00],
        [7.8038e-04],
        [6.9183e-07],
        [4.3446e-05],
        [9.9802e-01],
        [9.9954e-01],
        [5.0058e-09],
        [3.5608e-02]], device='cuda:0', grad_fn=<SigmoidBackward0>)
Epoch [82/100], T_AUC: [4m0.9956[0m
Epoch [82/100], Loss: 47.6217
val_Accuracy: [92m0.7314[0m
val_Precision: [4;34m0.7315[0m,               val_Recall: [4;33m0.7065[0m,                 val_F1 Score: [4;35m0.7151[0m
æ ‡ç­¾é‡Œ1çš„ä¸ªæ•°:  430
æ ‡ç­¾é‡Œ0çš„ä¸ªæ•°:  430
æ€»æ•°:  860
æ­£ç¡®çš„ä¸ªæ•°:  629
Epoch [82/100], V_AUC: [4m0.7259[0m
Epoch [83/100], Loss: 3.0848
train_Accuracy: [91m0.9958[0m
train_Precision: [4;34m0.9950[0m,               train_Recall: [4;33m0.9965[0m,                 train_F1 Score: [4;35m0.9956[0m
æ ‡ç­¾é‡Œ1çš„ä¸ªæ•°:  2150
æ ‡ç­¾é‡Œ0çš„ä¸ªæ•°:  2150
æ€»æ•°:  4300
æ­£ç¡®çš„ä¸ªæ•°:  4282
æœ€åä¸€ä¸ªæ‰¹æ¬¡çš„è¾“å‡º, ä¸æ»¡batchsizeæ˜¯æ­£å¸¸çš„:
 tensor([[1.0000e+00],
        [9.9785e-01],
        [9.9997e-01],
        [5.6352e-05],
        [1.0000e+00],
        [1.5935e-03],
        [7.7331e-07],
        [2.5230e-05],
        [9.9893e-01],
        [9.9972e-01],
        [1.5443e-09],
        [1.0180e-02]], device='cuda:0', grad_fn=<SigmoidBackward0>)
Epoch [83/100], T_AUC: [4m0.9961[0m
Epoch [83/100], Loss: 50.6978
val_Accuracy: [92m0.7186[0m
val_Precision: [4;34m0.7185[0m,               val_Recall: [4;33m0.6953[0m,                 val_F1 Score: [4;35m0.7028[0m
æ ‡ç­¾é‡Œ1çš„ä¸ªæ•°:  430
æ ‡ç­¾é‡Œ0çš„ä¸ªæ•°:  430
æ€»æ•°:  860
æ­£ç¡®çš„ä¸ªæ•°:  618
Epoch [83/100], V_AUC: [4m0.7118[0m
Epoch [84/100], Loss: 2.3652
train_Accuracy: [91m0.9981[0m
train_Precision: [4;34m0.9963[0m,               train_Recall: [4;33m0.9995[0m,                 train_F1 Score: [4;35m0.9978[0m
æ ‡ç­¾é‡Œ1çš„ä¸ªæ•°:  2150
æ ‡ç­¾é‡Œ0çš„ä¸ªæ•°:  2150
æ€»æ•°:  4300
æ­£ç¡®çš„ä¸ªæ•°:  4292
æœ€åä¸€ä¸ªæ‰¹æ¬¡çš„è¾“å‡º, ä¸æ»¡batchsizeæ˜¯æ­£å¸¸çš„:
 tensor([[1.0000e+00],
        [9.9975e-01],
        [9.9924e-01],
        [2.1754e-05],
        [1.0000e+00],
        [9.9260e-04],
        [4.0753e-07],
        [3.1372e-05],
        [9.9877e-01],
        [9.9984e-01],
        [5.3359e-09],
        [9.5796e-03]], device='cuda:0', grad_fn=<SigmoidBackward0>)
Epoch [84/100], T_AUC: [4m0.9983[0m
Epoch [84/100], Loss: 44.5420
val_Accuracy: [92m0.7174[0m
val_Precision: [4;34m0.7080[0m,               val_Recall: [4;33m0.7193[0m,                 val_F1 Score: [4;35m0.7107[0m
æ ‡ç­¾é‡Œ1çš„ä¸ªæ•°:  430
æ ‡ç­¾é‡Œ0çš„ä¸ªæ•°:  430
æ€»æ•°:  860
æ­£ç¡®çš„ä¸ªæ•°:  617
Epoch [84/100], V_AUC: [4m0.7113[0m
Epoch [85/100], Loss: 1.9986
train_Accuracy: [91m0.9993[0m
train_Precision: [4;34m0.9988[0m,               train_Recall: [4;33m1.0000[0m,                 train_F1 Score: [4;35m0.9994[0m
æ ‡ç­¾é‡Œ1çš„ä¸ªæ•°:  2150
æ ‡ç­¾é‡Œ0çš„ä¸ªæ•°:  2150
æ€»æ•°:  4300
æ­£ç¡®çš„ä¸ªæ•°:  4297
æœ€åä¸€ä¸ªæ‰¹æ¬¡çš„è¾“å‡º, ä¸æ»¡batchsizeæ˜¯æ­£å¸¸çš„:
 tensor([[1.0000e+00],
        [9.9954e-01],
        [9.9986e-01],
        [2.7064e-05],
        [1.0000e+00],
        [5.6659e-05],
        [1.1936e-06],
        [5.5967e-05],
        [9.9825e-01],
        [9.9990e-01],
        [1.3042e-09],
        [4.9820e-03]], device='cuda:0', grad_fn=<SigmoidBackward0>)
Epoch [85/100], T_AUC: [4m0.9993[0m
Epoch [85/100], Loss: 47.2510
val_Accuracy: [92m0.7233[0m
val_Precision: [4;34m0.7232[0m,               val_Recall: [4;33m0.7044[0m,                 val_F1 Score: [4;35m0.7101[0m
æ ‡ç­¾é‡Œ1çš„ä¸ªæ•°:  430
æ ‡ç­¾é‡Œ0çš„ä¸ªæ•°:  430
æ€»æ•°:  860
æ­£ç¡®çš„ä¸ªæ•°:  622
Epoch [85/100], V_AUC: [4m0.7182[0m
Epoch [86/100], Loss: 1.9329
train_Accuracy: [91m0.9984[0m
train_Precision: [4;34m0.9970[0m,               train_Recall: [4;33m0.9991[0m,                 train_F1 Score: [4;35m0.9979[0m
æ ‡ç­¾é‡Œ1çš„ä¸ªæ•°:  2150
æ ‡ç­¾é‡Œ0çš„ä¸ªæ•°:  2150
æ€»æ•°:  4300
æ­£ç¡®çš„ä¸ªæ•°:  4293
æœ€åä¸€ä¸ªæ‰¹æ¬¡çš„è¾“å‡º, ä¸æ»¡batchsizeæ˜¯æ­£å¸¸çš„:
 tensor([[1.0000e+00],
        [9.9997e-01],
        [9.9184e-01],
        [1.7313e-05],
        [1.0000e+00],
        [6.9635e-05],
        [2.1120e-07],
        [3.2735e-04],
        [9.9968e-01],
        [9.9986e-01],
        [1.8703e-09],
        [1.0644e-02]], device='cuda:0', grad_fn=<SigmoidBackward0>)
Epoch [86/100], T_AUC: [4m0.9986[0m
Epoch [86/100], Loss: 49.4979
val_Accuracy: [92m0.7105[0m
val_Precision: [4;34m0.7033[0m,               val_Recall: [4;33m0.7030[0m,                 val_F1 Score: [4;35m0.6999[0m
æ ‡ç­¾é‡Œ1çš„ä¸ªæ•°:  430
æ ‡ç­¾é‡Œ0çš„ä¸ªæ•°:  430
æ€»æ•°:  860
æ­£ç¡®çš„ä¸ªæ•°:  611
Epoch [86/100], V_AUC: [4m0.7045[0m
Epoch [87/100], Loss: 1.5784
train_Accuracy: [91m0.9986[0m
train_Precision: [4;34m0.9975[0m,               train_Recall: [4;33m0.9995[0m,                 train_F1 Score: [4;35m0.9984[0m
æ ‡ç­¾é‡Œ1çš„ä¸ªæ•°:  2150
æ ‡ç­¾é‡Œ0çš„ä¸ªæ•°:  2150
æ€»æ•°:  4300
æ­£ç¡®çš„ä¸ªæ•°:  4294
æœ€åä¸€ä¸ªæ‰¹æ¬¡çš„è¾“å‡º, ä¸æ»¡batchsizeæ˜¯æ­£å¸¸çš„:
 tensor([[1.0000e+00],
        [9.9984e-01],
        [9.9777e-01],
        [2.1512e-05],
        [1.0000e+00],
        [7.0566e-05],
        [2.2248e-07],
        [6.6216e-05],
        [9.9915e-01],
        [9.9955e-01],
        [7.7655e-09],
        [6.4050e-03]], device='cuda:0', grad_fn=<SigmoidBackward0>)
Epoch [87/100], T_AUC: [4m0.9987[0m
Epoch [87/100], Loss: 55.7809
val_Accuracy: [92m0.7081[0m
val_Precision: [4;34m0.6973[0m,               val_Recall: [4;33m0.7087[0m,                 val_F1 Score: [4;35m0.7004[0m
æ ‡ç­¾é‡Œ1çš„ä¸ªæ•°:  430
æ ‡ç­¾é‡Œ0çš„ä¸ªæ•°:  430
æ€»æ•°:  860
æ­£ç¡®çš„ä¸ªæ•°:  609
Epoch [87/100], V_AUC: [4m0.7020[0m
Epoch [88/100], Loss: 1.3872
train_Accuracy: [91m0.9993[0m
train_Precision: [4;34m0.9992[0m,               train_Recall: [4;33m0.9996[0m,                 train_F1 Score: [4;35m0.9994[0m
æ ‡ç­¾é‡Œ1çš„ä¸ªæ•°:  2150
æ ‡ç­¾é‡Œ0çš„ä¸ªæ•°:  2150
æ€»æ•°:  4300
æ­£ç¡®çš„ä¸ªæ•°:  4297
æœ€åä¸€ä¸ªæ‰¹æ¬¡çš„è¾“å‡º, ä¸æ»¡batchsizeæ˜¯æ­£å¸¸çš„:
 tensor([[1.0000e+00],
        [9.9974e-01],
        [9.9947e-01],
        [5.2796e-06],
        [1.0000e+00],
        [1.0173e-04],
        [2.3757e-07],
        [4.6336e-05],
        [9.9950e-01],
        [9.9992e-01],
        [8.7992e-10],
        [4.0699e-03]], device='cuda:0', grad_fn=<SigmoidBackward0>)
Epoch [88/100], T_AUC: [4m0.9993[0m
Epoch [88/100], Loss: 49.7464
val_Accuracy: [92m0.7116[0m
val_Precision: [4;34m0.7050[0m,               val_Recall: [4;33m0.7053[0m,                 val_F1 Score: [4;35m0.7023[0m
æ ‡ç­¾é‡Œ1çš„ä¸ªæ•°:  430
æ ‡ç­¾é‡Œ0çš„ä¸ªæ•°:  430
æ€»æ•°:  860
æ­£ç¡®çš„ä¸ªæ•°:  612
Epoch [88/100], V_AUC: [4m0.7049[0m
Epoch [89/100], Loss: 1.2136
train_Accuracy: [91m0.9991[0m
train_Precision: [4;34m0.9987[0m,               train_Recall: [4;33m0.9995[0m,                 train_F1 Score: [4;35m0.9991[0m
æ ‡ç­¾é‡Œ1çš„ä¸ªæ•°:  2150
æ ‡ç­¾é‡Œ0çš„ä¸ªæ•°:  2150
æ€»æ•°:  4300
æ­£ç¡®çš„ä¸ªæ•°:  4296
æœ€åä¸€ä¸ªæ‰¹æ¬¡çš„è¾“å‡º, ä¸æ»¡batchsizeæ˜¯æ­£å¸¸çš„:
 tensor([[1.0000e+00],
        [9.9980e-01],
        [9.9994e-01],
        [1.2972e-05],
        [1.0000e+00],
        [5.6588e-05],
        [1.3173e-07],
        [4.9444e-05],
        [9.9953e-01],
        [9.9993e-01],
        [1.2116e-09],
        [2.7087e-03]], device='cuda:0', grad_fn=<SigmoidBackward0>)
Epoch [89/100], T_AUC: [4m0.9990[0m
Epoch [89/100], Loss: 50.0689
val_Accuracy: [92m0.7116[0m
val_Precision: [4;34m0.7056[0m,               val_Recall: [4;33m0.7014[0m,                 val_F1 Score: [4;35m0.6999[0m
æ ‡ç­¾é‡Œ1çš„ä¸ªæ•°:  430
æ ‡ç­¾é‡Œ0çš„ä¸ªæ•°:  430
æ€»æ•°:  860
æ­£ç¡®çš„ä¸ªæ•°:  612
Epoch [89/100], V_AUC: [4m0.7042[0m
Epoch [90/100], Loss: 1.0886
train_Accuracy: [91m0.9991[0m
train_Precision: [4;34m0.9983[0m,               train_Recall: [4;33m1.0000[0m,                 train_F1 Score: [4;35m0.9991[0m
æ ‡ç­¾é‡Œ1çš„ä¸ªæ•°:  2150
æ ‡ç­¾é‡Œ0çš„ä¸ªæ•°:  2150
æ€»æ•°:  4300
æ­£ç¡®çš„ä¸ªæ•°:  4296
æœ€åä¸€ä¸ªæ‰¹æ¬¡çš„è¾“å‡º, ä¸æ»¡batchsizeæ˜¯æ­£å¸¸çš„:
 tensor([[1.0000e+00],
        [9.9995e-01],
        [9.9964e-01],
        [1.0962e-05],
        [1.0000e+00],
        [1.9416e-05],
        [7.2270e-08],
        [9.8229e-06],
        [9.9969e-01],
        [9.9998e-01],
        [6.0686e-10],
        [4.5772e-03]], device='cuda:0', grad_fn=<SigmoidBackward0>)
Epoch [90/100], T_AUC: [4m0.9991[0m
Epoch [90/100], Loss: 55.6053
val_Accuracy: [92m0.7140[0m
val_Precision: [4;34m0.7094[0m,               val_Recall: [4;33m0.7048[0m,                 val_F1 Score: [4;35m0.7030[0m
æ ‡ç­¾é‡Œ1çš„ä¸ªæ•°:  430
æ ‡ç­¾é‡Œ0çš„ä¸ªæ•°:  430
æ€»æ•°:  860
æ­£ç¡®çš„ä¸ªæ•°:  614
Epoch [90/100], V_AUC: [4m0.7086[0m
Epoch [91/100], Loss: 0.8831
train_Accuracy: [91m0.9998[0m
train_Precision: [4;34m0.9996[0m,               train_Recall: [4;33m1.0000[0m,                 train_F1 Score: [4;35m0.9998[0m
æ ‡ç­¾é‡Œ1çš„ä¸ªæ•°:  2150
æ ‡ç­¾é‡Œ0çš„ä¸ªæ•°:  2150
æ€»æ•°:  4300
æ­£ç¡®çš„ä¸ªæ•°:  4299
æœ€åä¸€ä¸ªæ‰¹æ¬¡çš„è¾“å‡º, ä¸æ»¡batchsizeæ˜¯æ­£å¸¸çš„:
 tensor([[1.0000e+00],
        [9.9995e-01],
        [9.9983e-01],
        [5.0813e-06],
        [1.0000e+00],
        [1.1657e-05],
        [1.5776e-07],
        [2.4362e-05],
        [9.9968e-01],
        [9.9996e-01],
        [3.0250e-10],
        [1.2099e-03]], device='cuda:0', grad_fn=<SigmoidBackward0>)
Epoch [91/100], T_AUC: [4m0.9997[0m
Epoch [91/100], Loss: 60.7628
val_Accuracy: [92m0.7140[0m
val_Precision: [4;34m0.7176[0m,               val_Recall: [4;33m0.6864[0m,                 val_F1 Score: [4;35m0.6976[0m
æ ‡ç­¾é‡Œ1çš„ä¸ªæ•°:  430
æ ‡ç­¾é‡Œ0çš„ä¸ªæ•°:  430
æ€»æ•°:  860
æ­£ç¡®çš„ä¸ªæ•°:  614
Epoch [91/100], V_AUC: [4m0.7086[0m
Epoch [92/100], Loss: 0.7515
train_Accuracy: [91m0.9998[0m
train_Precision: [4;34m0.9996[0m,               train_Recall: [4;33m1.0000[0m,                 train_F1 Score: [4;35m0.9998[0m
æ ‡ç­¾é‡Œ1çš„ä¸ªæ•°:  2150
æ ‡ç­¾é‡Œ0çš„ä¸ªæ•°:  2150
æ€»æ•°:  4300
æ­£ç¡®çš„ä¸ªæ•°:  4299
æœ€åä¸€ä¸ªæ‰¹æ¬¡çš„è¾“å‡º, ä¸æ»¡batchsizeæ˜¯æ­£å¸¸çš„:
 tensor([[1.0000e+00],
        [9.9995e-01],
        [9.9996e-01],
        [4.0720e-06],
        [1.0000e+00],
        [1.8656e-05],
        [4.3357e-08],
        [2.1448e-05],
        [9.9974e-01],
        [9.9999e-01],
        [7.5234e-11],
        [1.2633e-03]], device='cuda:0', grad_fn=<SigmoidBackward0>)
Epoch [92/100], T_AUC: [4m0.9997[0m
Epoch [92/100], Loss: 57.0525
val_Accuracy: [92m0.7221[0m
val_Precision: [4;34m0.7224[0m,               val_Recall: [4;33m0.7027[0m,                 val_F1 Score: [4;35m0.7081[0m
æ ‡ç­¾é‡Œ1çš„ä¸ªæ•°:  430
æ ‡ç­¾é‡Œ0çš„ä¸ªæ•°:  430
æ€»æ•°:  860
æ­£ç¡®çš„ä¸ªæ•°:  621
Epoch [92/100], V_AUC: [4m0.7168[0m
Epoch [93/100], Loss: 7.2812
train_Accuracy: [91m0.9821[0m
train_Precision: [4;34m0.9802[0m,               train_Recall: [4;33m0.9854[0m,                 train_F1 Score: [4;35m0.9823[0m
æ ‡ç­¾é‡Œ1çš„ä¸ªæ•°:  2150
æ ‡ç­¾é‡Œ0çš„ä¸ªæ•°:  2150
æ€»æ•°:  4300
æ­£ç¡®çš„ä¸ªæ•°:  4223
æœ€åä¸€ä¸ªæ‰¹æ¬¡çš„è¾“å‡º, ä¸æ»¡batchsizeæ˜¯æ­£å¸¸çš„:
 tensor([[9.9997e-01],
        [9.9953e-01],
        [9.9709e-01],
        [6.0784e-07],
        [1.0000e+00],
        [4.1115e-05],
        [1.0332e-04],
        [3.7901e-05],
        [9.9728e-01],
        [9.9932e-01],
        [1.9624e-06],
        [5.3426e-04]], device='cuda:0', grad_fn=<SigmoidBackward0>)
Epoch [93/100], T_AUC: [4m0.9828[0m
Epoch [93/100], Loss: 75.1425
val_Accuracy: [92m0.7523[0m
val_Precision: [4;34m0.7854[0m,               val_Recall: [4;33m0.6888[0m,                 val_F1 Score: [4;35m0.7280[0m
æ ‡ç­¾é‡Œ1çš„ä¸ªæ•°:  430
æ ‡ç­¾é‡Œ0çš„ä¸ªæ•°:  430
æ€»æ•°:  860
æ­£ç¡®çš„ä¸ªæ•°:  647
Epoch [93/100], V_AUC: [4m0.7503[0m
Epoch [94/100], Loss: 45.5008
train_Accuracy: [91m0.8847[0m
train_Precision: [4;34m0.8859[0m,               train_Recall: [4;33m0.8926[0m,                 train_F1 Score: [4;35m0.8845[0m
æ ‡ç­¾é‡Œ1çš„ä¸ªæ•°:  2150
æ ‡ç­¾é‡Œ0çš„ä¸ªæ•°:  2150
æ€»æ•°:  4300
æ­£ç¡®çš„ä¸ªæ•°:  3804
æœ€åä¸€ä¸ªæ‰¹æ¬¡çš„è¾“å‡º, ä¸æ»¡batchsizeæ˜¯æ­£å¸¸çš„:
 tensor([[1.0000e+00],
        [9.9941e-01],
        [9.9854e-01],
        [7.3245e-02],
        [1.0000e+00],
        [8.3235e-05],
        [2.5418e-03],
        [1.0896e-05],
        [9.3055e-01],
        [9.9793e-01],
        [3.7811e-04],
        [1.1112e-04]], device='cuda:0', grad_fn=<SigmoidBackward0>)
Epoch [94/100], T_AUC: [4m0.8905[0m
Epoch [94/100], Loss: 41.1487
val_Accuracy: [92m0.7302[0m
val_Precision: [4;34m0.7356[0m,               val_Recall: [4;33m0.7071[0m,                 val_F1 Score: [4;35m0.7153[0m
æ ‡ç­¾é‡Œ1çš„ä¸ªæ•°:  430
æ ‡ç­¾é‡Œ0çš„ä¸ªæ•°:  430
æ€»æ•°:  860
æ­£ç¡®çš„ä¸ªæ•°:  628
Epoch [94/100], V_AUC: [4m0.7269[0m
Epoch [95/100], Loss: 29.3668
train_Accuracy: [91m0.9167[0m
train_Precision: [4;34m0.9172[0m,               train_Recall: [4;33m0.9191[0m,                 train_F1 Score: [4;35m0.9147[0m
æ ‡ç­¾é‡Œ1çš„ä¸ªæ•°:  2150
æ ‡ç­¾é‡Œ0çš„ä¸ªæ•°:  2150
æ€»æ•°:  4300
æ­£ç¡®çš„ä¸ªæ•°:  3942
æœ€åä¸€ä¸ªæ‰¹æ¬¡çš„è¾“å‡º, ä¸æ»¡batchsizeæ˜¯æ­£å¸¸çš„:
 tensor([[1.0000e+00],
        [9.9865e-01],
        [9.9993e-01],
        [2.9264e-03],
        [1.0000e+00],
        [2.1840e-05],
        [6.9065e-05],
        [9.4963e-04],
        [9.9954e-01],
        [9.9989e-01],
        [2.9779e-08],
        [1.7416e-04]], device='cuda:0', grad_fn=<SigmoidBackward0>)
Epoch [95/100], T_AUC: [4m0.9215[0m
Epoch [95/100], Loss: 42.4910
val_Accuracy: [92m0.7337[0m
val_Precision: [4;34m0.7227[0m,               val_Recall: [4;33m0.7433[0m,                 val_F1 Score: [4;35m0.7279[0m
æ ‡ç­¾é‡Œ1çš„ä¸ªæ•°:  430
æ ‡ç­¾é‡Œ0çš„ä¸ªæ•°:  430
æ€»æ•°:  860
æ­£ç¡®çš„ä¸ªæ•°:  631
Epoch [95/100], V_AUC: [4m0.7289[0m
Epoch [96/100], Loss: 12.0376
train_Accuracy: [91m0.9677[0m
train_Precision: [4;34m0.9699[0m,               train_Recall: [4;33m0.9664[0m,                 train_F1 Score: [4;35m0.9669[0m
æ ‡ç­¾é‡Œ1çš„ä¸ªæ•°:  2150
æ ‡ç­¾é‡Œ0çš„ä¸ªæ•°:  2150
æ€»æ•°:  4300
æ­£ç¡®çš„ä¸ªæ•°:  4161
æœ€åä¸€ä¸ªæ‰¹æ¬¡çš„è¾“å‡º, ä¸æ»¡batchsizeæ˜¯æ­£å¸¸çš„:
 tensor([[1.0000e+00],
        [9.9411e-01],
        [9.9999e-01],
        [1.3482e-04],
        [1.0000e+00],
        [3.6525e-04],
        [4.0841e-04],
        [1.7005e-03],
        [9.9865e-01],
        [9.9816e-01],
        [3.3785e-07],
        [6.2930e-04]], device='cuda:0', grad_fn=<SigmoidBackward0>)
Epoch [96/100], T_AUC: [4m0.9695[0m
Epoch [96/100], Loss: 43.3583
val_Accuracy: [92m0.7477[0m
val_Precision: [4;34m0.7430[0m,               val_Recall: [4;33m0.7484[0m,                 val_F1 Score: [4;35m0.7423[0m
æ ‡ç­¾é‡Œ1çš„ä¸ªæ•°:  430
æ ‡ç­¾é‡Œ0çš„ä¸ªæ•°:  430
æ€»æ•°:  860
æ­£ç¡®çš„ä¸ªæ•°:  643
Epoch [96/100], V_AUC: [4m0.7431[0m
Epoch [97/100], Loss: 7.7572
train_Accuracy: [91m0.9821[0m
train_Precision: [4;34m0.9832[0m,               train_Recall: [4;33m0.9811[0m,                 train_F1 Score: [4;35m0.9816[0m
æ ‡ç­¾é‡Œ1çš„ä¸ªæ•°:  2150
æ ‡ç­¾é‡Œ0çš„ä¸ªæ•°:  2150
æ€»æ•°:  4300
æ­£ç¡®çš„ä¸ªæ•°:  4223
æœ€åä¸€ä¸ªæ‰¹æ¬¡çš„è¾“å‡º, ä¸æ»¡batchsizeæ˜¯æ­£å¸¸çš„:
 tensor([[1.0000e+00],
        [9.9971e-01],
        [9.9998e-01],
        [2.5995e-04],
        [1.0000e+00],
        [8.9244e-07],
        [7.6217e-04],
        [3.0344e-03],
        [9.9870e-01],
        [9.9938e-01],
        [2.3604e-08],
        [1.8174e-03]], device='cuda:0', grad_fn=<SigmoidBackward0>)
Epoch [97/100], T_AUC: [4m0.9831[0m
Epoch [97/100], Loss: 41.4624
val_Accuracy: [92m0.7326[0m
val_Precision: [4;34m0.7376[0m,               val_Recall: [4;33m0.7051[0m,                 val_F1 Score: [4;35m0.7165[0m
æ ‡ç­¾é‡Œ1çš„ä¸ªæ•°:  430
æ ‡ç­¾é‡Œ0çš„ä¸ªæ•°:  430
æ€»æ•°:  860
æ­£ç¡®çš„ä¸ªæ•°:  630
Epoch [97/100], V_AUC: [4m0.7277[0m
Epoch [98/100], Loss: 5.7832
train_Accuracy: [91m0.9884[0m
train_Precision: [4;34m0.9891[0m,               train_Recall: [4;33m0.9883[0m,                 train_F1 Score: [4;35m0.9883[0m
æ ‡ç­¾é‡Œ1çš„ä¸ªæ•°:  2150
æ ‡ç­¾é‡Œ0çš„ä¸ªæ•°:  2150
æ€»æ•°:  4300
æ­£ç¡®çš„ä¸ªæ•°:  4250
æœ€åä¸€ä¸ªæ‰¹æ¬¡çš„è¾“å‡º, ä¸æ»¡batchsizeæ˜¯æ­£å¸¸çš„:
 tensor([[1.0000e+00],
        [9.8986e-01],
        [9.9998e-01],
        [1.8453e-05],
        [1.0000e+00],
        [6.1534e-07],
        [2.6028e-04],
        [1.6967e-04],
        [9.9947e-01],
        [9.9953e-01],
        [1.2803e-05],
        [3.7069e-03]], device='cuda:0', grad_fn=<SigmoidBackward0>)
Epoch [98/100], T_AUC: [4m0.9894[0m
Epoch [98/100], Loss: 43.3508
val_Accuracy: [92m0.7384[0m
val_Precision: [4;34m0.7388[0m,               val_Recall: [4;33m0.7195[0m,                 val_F1 Score: [4;35m0.7239[0m
æ ‡ç­¾é‡Œ1çš„ä¸ªæ•°:  430
æ ‡ç­¾é‡Œ0çš„ä¸ªæ•°:  430
æ€»æ•°:  860
æ­£ç¡®çš„ä¸ªæ•°:  635
Epoch [98/100], V_AUC: [4m0.7329[0m
Epoch [99/100], Loss: 4.5102
train_Accuracy: [91m0.9928[0m
train_Precision: [4;34m0.9918[0m,               train_Recall: [4;33m0.9931[0m,                 train_F1 Score: [4;35m0.9921[0m
æ ‡ç­¾é‡Œ1çš„ä¸ªæ•°:  2150
æ ‡ç­¾é‡Œ0çš„ä¸ªæ•°:  2150
æ€»æ•°:  4300
æ­£ç¡®çš„ä¸ªæ•°:  4269
æœ€åä¸€ä¸ªæ‰¹æ¬¡çš„è¾“å‡º, ä¸æ»¡batchsizeæ˜¯æ­£å¸¸çš„:
 tensor([[1.0000e+00],
        [9.9980e-01],
        [9.9994e-01],
        [8.6824e-06],
        [1.0000e+00],
        [5.4989e-06],
        [5.0540e-06],
        [1.4497e-04],
        [9.9784e-01],
        [9.9979e-01],
        [1.9723e-05],
        [2.0385e-03]], device='cuda:0', grad_fn=<SigmoidBackward0>)
Epoch [99/100], T_AUC: [4m0.9935[0m
Epoch [99/100], Loss: 45.3617
val_Accuracy: [92m0.7430[0m
val_Precision: [4;34m0.7488[0m,               val_Recall: [4;33m0.7198[0m,                 val_F1 Score: [4;35m0.7309[0m
æ ‡ç­¾é‡Œ1çš„ä¸ªæ•°:  430
æ ‡ç­¾é‡Œ0çš„ä¸ªæ•°:  430
æ€»æ•°:  860
æ­£ç¡®çš„ä¸ªæ•°:  639
Epoch [99/100], V_AUC: [4m0.7400[0m
Epoch [100/100], Loss: 3.6806
train_Accuracy: [91m0.9953[0m
train_Precision: [4;34m0.9951[0m,               train_Recall: [4;33m0.9960[0m,                 train_F1 Score: [4;35m0.9954[0m
æ ‡ç­¾é‡Œ1çš„ä¸ªæ•°:  2150
æ ‡ç­¾é‡Œ0çš„ä¸ªæ•°:  2150
æ€»æ•°:  4300
æ­£ç¡®çš„ä¸ªæ•°:  4280
æœ€åä¸€ä¸ªæ‰¹æ¬¡çš„è¾“å‡º, ä¸æ»¡batchsizeæ˜¯æ­£å¸¸çš„:
 tensor([[1.0000e+00],
        [9.9648e-01],
        [9.9991e-01],
        [5.1976e-06],
        [1.0000e+00],
        [1.6284e-06],
        [2.6265e-05],
        [9.7110e-05],
        [9.9823e-01],
        [9.9998e-01],
        [1.0018e-05],
        [2.6558e-03]], device='cuda:0', grad_fn=<SigmoidBackward0>)
Epoch [100/100], T_AUC: [4m0.9955[0m
Epoch [100/100], Loss: 43.1663
val_Accuracy: [92m0.7395[0m
val_Precision: [4;34m0.7427[0m,               val_Recall: [4;33m0.7133[0m,                 val_F1 Score: [4;35m0.7240[0m
æ ‡ç­¾é‡Œ1çš„ä¸ªæ•°:  430
æ ‡ç­¾é‡Œ0çš„ä¸ªæ•°:  430
æ€»æ•°:  860
æ­£ç¡®çš„ä¸ªæ•°:  636
Epoch [100/100], V_AUC: [4m0.7344[0m
ç¬¬0æ‰¹ç¬¬2ä¸ª, 100
ç¬¬0æ‰¹ç¬¬15ä¸ª, 100
ç¬¬1æ‰¹ç¬¬0ä¸ª, 100
ç¬¬1æ‰¹ç¬¬13ä¸ª, 100
ç¬¬1æ‰¹ç¬¬29ä¸ª, 100
send email successfully
