2024-06-26-04:51:03
1æ’åº128-0.5
åˆ›å»ºæ¨¡å‹å®ä¾‹
æ¨¡å‹å®ä¾‹åˆ›å»ºå®Œæˆ
åŠ è½½é¢„è®­ç»ƒå‚æ•°
é¢„è®­ç»ƒå‚æ•°åŠ è½½å®Œæˆ
Epoch [1/100], Loss: 60.5274
train_Accuracy: [91m0.8042[0m
train_Precision: [4;34m0.8291[0m,               train_Recall: [4;33m0.7745[0m,                 train_F1 Score: [4;35m0.7955[0m
æ ‡ç­¾é‡Œ1çš„ä¸ªæ•°:  2150
æ ‡ç­¾é‡Œ0çš„ä¸ªæ•°:  2150
æ€»æ•°:  4300
æ­£ç¡®çš„ä¸ªæ•°:  3458
æœ€åä¸€ä¸ªæ‰¹æ¬¡çš„è¾“å‡º, ä¸æ»¡batchsizeæ˜¯æ­£å¸¸çš„:
 tensor([[0.9343],
        [0.8734],
        [0.9787],
        [0.1569],
        [0.7627],
        [0.1488],
        [0.5435],
        [0.3017],
        [0.4011],
        [0.9136],
        [0.0291],
        [0.0472]], device='cuda:0', grad_fn=<SigmoidBackward0>)
Epoch [1/100], T_AUC: [4m0.8092[0m
Epoch [1/100], Loss: 13.7468
val_Accuracy: [92m0.8000[0m
val_Precision: [4;34m0.8353[0m,               val_Recall: [4;33m0.7412[0m,                 val_F1 Score: [4;35m0.7804[0m
æ ‡ç­¾é‡Œ1çš„ä¸ªæ•°:  430
æ ‡ç­¾é‡Œ0çš„ä¸ªæ•°:  430
æ€»æ•°:  860
æ­£ç¡®çš„ä¸ªæ•°:  688
Epoch [1/100], V_AUC: [4m0.7973[0m
Epoch [2/100], Loss: 59.2039
train_Accuracy: [91m0.8109[0m
train_Precision: [4;34m0.8366[0m,               train_Recall: [4;33m0.7814[0m,                 train_F1 Score: [4;35m0.8030[0m
æ ‡ç­¾é‡Œ1çš„ä¸ªæ•°:  2150
æ ‡ç­¾é‡Œ0çš„ä¸ªæ•°:  2150
æ€»æ•°:  4300
æ­£ç¡®çš„ä¸ªæ•°:  3487
æœ€åä¸€ä¸ªæ‰¹æ¬¡çš„è¾“å‡º, ä¸æ»¡batchsizeæ˜¯æ­£å¸¸çš„:
 tensor([[0.9236],
        [0.8663],
        [0.9717],
        [0.1623],
        [0.7593],
        [0.1403],
        [0.5445],
        [0.3182],
        [0.4495],
        [0.9080],
        [0.0295],
        [0.0588]], device='cuda:0', grad_fn=<SigmoidBackward0>)
Epoch [2/100], T_AUC: [4m0.8166[0m
Epoch [2/100], Loss: 13.6801
val_Accuracy: [92m0.8023[0m
val_Precision: [4;34m0.8340[0m,               val_Recall: [4;33m0.7486[0m,                 val_F1 Score: [4;35m0.7842[0m
æ ‡ç­¾é‡Œ1çš„ä¸ªæ•°:  430
æ ‡ç­¾é‡Œ0çš„ä¸ªæ•°:  430
æ€»æ•°:  860
æ­£ç¡®çš„ä¸ªæ•°:  690
Epoch [2/100], V_AUC: [4m0.7999[0m
Epoch [3/100], Loss: 59.1488
train_Accuracy: [91m0.8116[0m
train_Precision: [4;34m0.8341[0m,               train_Recall: [4;33m0.7862[0m,                 train_F1 Score: [4;35m0.8045[0m
æ ‡ç­¾é‡Œ1çš„ä¸ªæ•°:  2150
æ ‡ç­¾é‡Œ0çš„ä¸ªæ•°:  2150
æ€»æ•°:  4300
æ­£ç¡®çš„ä¸ªæ•°:  3490
æœ€åä¸€ä¸ªæ‰¹æ¬¡çš„è¾“å‡º, ä¸æ»¡batchsizeæ˜¯æ­£å¸¸çš„:
 tensor([[0.9163],
        [0.8614],
        [0.9590],
        [0.1593],
        [0.7779],
        [0.1329],
        [0.5696],
        [0.3073],
        [0.4652],
        [0.8987],
        [0.0371],
        [0.0649]], device='cuda:0', grad_fn=<SigmoidBackward0>)
Epoch [3/100], T_AUC: [4m0.8170[0m
Epoch [3/100], Loss: 13.7323
val_Accuracy: [92m0.8000[0m
val_Precision: [4;34m0.8348[0m,               val_Recall: [4;33m0.7409[0m,                 val_F1 Score: [4;35m0.7802[0m
æ ‡ç­¾é‡Œ1çš„ä¸ªæ•°:  430
æ ‡ç­¾é‡Œ0çš„ä¸ªæ•°:  430
æ€»æ•°:  860
æ­£ç¡®çš„ä¸ªæ•°:  688
Epoch [3/100], V_AUC: [4m0.7971[0m
Epoch [4/100], Loss: 59.0807
train_Accuracy: [91m0.8128[0m
train_Precision: [4;34m0.8359[0m,               train_Recall: [4;33m0.7868[0m,                 train_F1 Score: [4;35m0.8055[0m
æ ‡ç­¾é‡Œ1çš„ä¸ªæ•°:  2150
æ ‡ç­¾é‡Œ0çš„ä¸ªæ•°:  2150
æ€»æ•°:  4300
æ­£ç¡®çš„ä¸ªæ•°:  3495
æœ€åä¸€ä¸ªæ‰¹æ¬¡çš„è¾“å‡º, ä¸æ»¡batchsizeæ˜¯æ­£å¸¸çš„:
 tensor([[0.9066],
        [0.8604],
        [0.9530],
        [0.1558],
        [0.7894],
        [0.1304],
        [0.5579],
        [0.3281],
        [0.4794],
        [0.8912],
        [0.0435],
        [0.0728]], device='cuda:0', grad_fn=<SigmoidBackward0>)
Epoch [4/100], T_AUC: [4m0.8183[0m
Epoch [4/100], Loss: 13.6879
val_Accuracy: [92m0.7953[0m
val_Precision: [4;34m0.8268[0m,               val_Recall: [4;33m0.7389[0m,                 val_F1 Score: [4;35m0.7757[0m
æ ‡ç­¾é‡Œ1çš„ä¸ªæ•°:  430
æ ‡ç­¾é‡Œ0çš„ä¸ªæ•°:  430
æ€»æ•°:  860
æ­£ç¡®çš„ä¸ªæ•°:  684
Epoch [4/100], V_AUC: [4m0.7931[0m
Epoch [5/100], Loss: 58.9713
train_Accuracy: [91m0.8130[0m
train_Precision: [4;34m0.8351[0m,               train_Recall: [4;33m0.7890[0m,                 train_F1 Score: [4;35m0.8062[0m
æ ‡ç­¾é‡Œ1çš„ä¸ªæ•°:  2150
æ ‡ç­¾é‡Œ0çš„ä¸ªæ•°:  2150
æ€»æ•°:  4300
æ­£ç¡®çš„ä¸ªæ•°:  3496
æœ€åä¸€ä¸ªæ‰¹æ¬¡çš„è¾“å‡º, ä¸æ»¡batchsizeæ˜¯æ­£å¸¸çš„:
 tensor([[0.8978],
        [0.8535],
        [0.9503],
        [0.1451],
        [0.7833],
        [0.1224],
        [0.5493],
        [0.3663],
        [0.4979],
        [0.8850],
        [0.0459],
        [0.0784]], device='cuda:0', grad_fn=<SigmoidBackward0>)
Epoch [5/100], T_AUC: [4m0.8188[0m
Epoch [5/100], Loss: 13.5194
val_Accuracy: [92m0.7977[0m
val_Precision: [4;34m0.8292[0m,               val_Recall: [4;33m0.7411[0m,                 val_F1 Score: [4;35m0.7779[0m
æ ‡ç­¾é‡Œ1çš„ä¸ªæ•°:  430
æ ‡ç­¾é‡Œ0çš„ä¸ªæ•°:  430
æ€»æ•°:  860
æ­£ç¡®çš„ä¸ªæ•°:  686
Epoch [5/100], V_AUC: [4m0.7949[0m
Epoch [6/100], Loss: 58.7772
train_Accuracy: [91m0.8105[0m
train_Precision: [4;34m0.8311[0m,               train_Recall: [4;33m0.7873[0m,                 train_F1 Score: [4;35m0.8037[0m
æ ‡ç­¾é‡Œ1çš„ä¸ªæ•°:  2150
æ ‡ç­¾é‡Œ0çš„ä¸ªæ•°:  2150
æ€»æ•°:  4300
æ­£ç¡®çš„ä¸ªæ•°:  3485
æœ€åä¸€ä¸ªæ‰¹æ¬¡çš„è¾“å‡º, ä¸æ»¡batchsizeæ˜¯æ­£å¸¸çš„:
 tensor([[0.9015],
        [0.8529],
        [0.9445],
        [0.1513],
        [0.8021],
        [0.1271],
        [0.5466],
        [0.3186],
        [0.4704],
        [0.8843],
        [0.0549],
        [0.0739]], device='cuda:0', grad_fn=<SigmoidBackward0>)
Epoch [6/100], T_AUC: [4m0.8156[0m
Epoch [6/100], Loss: 13.7144
val_Accuracy: [92m0.7942[0m
val_Precision: [4;34m0.8367[0m,               val_Recall: [4;33m0.7253[0m,                 val_F1 Score: [4;35m0.7719[0m
æ ‡ç­¾é‡Œ1çš„ä¸ªæ•°:  430
æ ‡ç­¾é‡Œ0çš„ä¸ªæ•°:  430
æ€»æ•°:  860
æ­£ç¡®çš„ä¸ªæ•°:  683
Epoch [6/100], V_AUC: [4m0.7912[0m
Epoch [7/100], Loss: 58.6031
train_Accuracy: [91m0.8112[0m
train_Precision: [4;34m0.8320[0m,               train_Recall: [4;33m0.7890[0m,                 train_F1 Score: [4;35m0.8049[0m
æ ‡ç­¾é‡Œ1çš„ä¸ªæ•°:  2150
æ ‡ç­¾é‡Œ0çš„ä¸ªæ•°:  2150
æ€»æ•°:  4300
æ­£ç¡®çš„ä¸ªæ•°:  3488
æœ€åä¸€ä¸ªæ‰¹æ¬¡çš„è¾“å‡º, ä¸æ»¡batchsizeæ˜¯æ­£å¸¸çš„:
 tensor([[0.9025],
        [0.8536],
        [0.9487],
        [0.1498],
        [0.7850],
        [0.1251],
        [0.5094],
        [0.3733],
        [0.4833],
        [0.8867],
        [0.0524],
        [0.0683]], device='cuda:0', grad_fn=<SigmoidBackward0>)
Epoch [7/100], T_AUC: [4m0.8167[0m
Epoch [7/100], Loss: 13.7213
val_Accuracy: [92m0.7930[0m
val_Precision: [4;34m0.8356[0m,               val_Recall: [4;33m0.7225[0m,                 val_F1 Score: [4;35m0.7698[0m
æ ‡ç­¾é‡Œ1çš„ä¸ªæ•°:  430
æ ‡ç­¾é‡Œ0çš„ä¸ªæ•°:  430
æ€»æ•°:  860
æ­£ç¡®çš„ä¸ªæ•°:  682
Epoch [7/100], V_AUC: [4m0.7898[0m
Epoch [8/100], Loss: 58.5674
train_Accuracy: [91m0.8133[0m
train_Precision: [4;34m0.8356[0m,               train_Recall: [4;33m0.7904[0m,                 train_F1 Score: [4;35m0.8071[0m
æ ‡ç­¾é‡Œ1çš„ä¸ªæ•°:  2150
æ ‡ç­¾é‡Œ0çš„ä¸ªæ•°:  2150
æ€»æ•°:  4300
æ­£ç¡®çš„ä¸ªæ•°:  3497
æœ€åä¸€ä¸ªæ‰¹æ¬¡çš„è¾“å‡º, ä¸æ»¡batchsizeæ˜¯æ­£å¸¸çš„:
 tensor([[0.9043],
        [0.8440],
        [0.9521],
        [0.1401],
        [0.7677],
        [0.1176],
        [0.5305],
        [0.4163],
        [0.5007],
        [0.8915],
        [0.0493],
        [0.0736]], device='cuda:0', grad_fn=<SigmoidBackward0>)
Epoch [8/100], T_AUC: [4m0.8191[0m
Epoch [8/100], Loss: 13.7324
val_Accuracy: [92m0.7988[0m
val_Precision: [4;34m0.8354[0m,               val_Recall: [4;33m0.7355[0m,                 val_F1 Score: [4;35m0.7773[0m
æ ‡ç­¾é‡Œ1çš„ä¸ªæ•°:  430
æ ‡ç­¾é‡Œ0çš„ä¸ªæ•°:  430
æ€»æ•°:  860
æ­£ç¡®çš„ä¸ªæ•°:  687
Epoch [8/100], V_AUC: [4m0.7953[0m
Epoch [9/100], Loss: 58.2246
train_Accuracy: [91m0.8151[0m
train_Precision: [4;34m0.8357[0m,               train_Recall: [4;33m0.7933[0m,                 train_F1 Score: [4;35m0.8091[0m
æ ‡ç­¾é‡Œ1çš„ä¸ªæ•°:  2150
æ ‡ç­¾é‡Œ0çš„ä¸ªæ•°:  2150
æ€»æ•°:  4300
æ­£ç¡®çš„ä¸ªæ•°:  3505
æœ€åä¸€ä¸ªæ‰¹æ¬¡çš„è¾“å‡º, ä¸æ»¡batchsizeæ˜¯æ­£å¸¸çš„:
 tensor([[0.8948],
        [0.8486],
        [0.9433],
        [0.1390],
        [0.7851],
        [0.1065],
        [0.5004],
        [0.4576],
        [0.5227],
        [0.8853],
        [0.0447],
        [0.0793]], device='cuda:0', grad_fn=<SigmoidBackward0>)
Epoch [9/100], T_AUC: [4m0.8202[0m
Epoch [9/100], Loss: 13.6268
val_Accuracy: [92m0.7977[0m
val_Precision: [4;34m0.8398[0m,               val_Recall: [4;33m0.7280[0m,                 val_F1 Score: [4;35m0.7742[0m
æ ‡ç­¾é‡Œ1çš„ä¸ªæ•°:  430
æ ‡ç­¾é‡Œ0çš„ä¸ªæ•°:  430
æ€»æ•°:  860
æ­£ç¡®çš„ä¸ªæ•°:  686
Epoch [9/100], V_AUC: [4m0.7934[0m
Epoch [10/100], Loss: 58.1412
train_Accuracy: [91m0.8151[0m
train_Precision: [4;34m0.8372[0m,               train_Recall: [4;33m0.7918[0m,                 train_F1 Score: [4;35m0.8088[0m
æ ‡ç­¾é‡Œ1çš„ä¸ªæ•°:  2150
æ ‡ç­¾é‡Œ0çš„ä¸ªæ•°:  2150
æ€»æ•°:  4300
æ­£ç¡®çš„ä¸ªæ•°:  3505
æœ€åä¸€ä¸ªæ‰¹æ¬¡çš„è¾“å‡º, ä¸æ»¡batchsizeæ˜¯æ­£å¸¸çš„:
 tensor([[0.9008],
        [0.8505],
        [0.9519],
        [0.1410],
        [0.7707],
        [0.1098],
        [0.5504],
        [0.4334],
        [0.5497],
        [0.8926],
        [0.0399],
        [0.0824]], device='cuda:0', grad_fn=<SigmoidBackward0>)
Epoch [10/100], T_AUC: [4m0.8208[0m
Epoch [10/100], Loss: 13.5642
val_Accuracy: [92m0.8058[0m
val_Precision: [4;34m0.8429[0m,               val_Recall: [4;33m0.7450[0m,                 val_F1 Score: [4;35m0.7852[0m
æ ‡ç­¾é‡Œ1çš„ä¸ªæ•°:  430
æ ‡ç­¾é‡Œ0çš„ä¸ªæ•°:  430
æ€»æ•°:  860
æ­£ç¡®çš„ä¸ªæ•°:  693
Epoch [10/100], V_AUC: [4m0.8019[0m
Epoch [11/100], Loss: 57.9877
train_Accuracy: [91m0.8133[0m
train_Precision: [4;34m0.8336[0m,               train_Recall: [4;33m0.7932[0m,                 train_F1 Score: [4;35m0.8076[0m
æ ‡ç­¾é‡Œ1çš„ä¸ªæ•°:  2150
æ ‡ç­¾é‡Œ0çš„ä¸ªæ•°:  2150
æ€»æ•°:  4300
æ­£ç¡®çš„ä¸ªæ•°:  3497
æœ€åä¸€ä¸ªæ‰¹æ¬¡çš„è¾“å‡º, ä¸æ»¡batchsizeæ˜¯æ­£å¸¸çš„:
 tensor([[0.9056],
        [0.8527],
        [0.9546],
        [0.1278],
        [0.7727],
        [0.1001],
        [0.5484],
        [0.4232],
        [0.5413],
        [0.8954],
        [0.0450],
        [0.0879]], device='cuda:0', grad_fn=<SigmoidBackward0>)
Epoch [11/100], T_AUC: [4m0.8190[0m
Epoch [11/100], Loss: 13.6466
val_Accuracy: [92m0.8000[0m
val_Precision: [4;34m0.8314[0m,               val_Recall: [4;33m0.7447[0m,                 val_F1 Score: [4;35m0.7797[0m
æ ‡ç­¾é‡Œ1çš„ä¸ªæ•°:  430
æ ‡ç­¾é‡Œ0çš„ä¸ªæ•°:  430
æ€»æ•°:  860
æ­£ç¡®çš„ä¸ªæ•°:  688
Epoch [11/100], V_AUC: [4m0.7957[0m
Epoch [12/100], Loss: 58.0223
train_Accuracy: [91m0.8123[0m
train_Precision: [4;34m0.8323[0m,               train_Recall: [4;33m0.7927[0m,                 train_F1 Score: [4;35m0.8067[0m
æ ‡ç­¾é‡Œ1çš„ä¸ªæ•°:  2150
æ ‡ç­¾é‡Œ0çš„ä¸ªæ•°:  2150
æ€»æ•°:  4300
æ­£ç¡®çš„ä¸ªæ•°:  3493
æœ€åä¸€ä¸ªæ‰¹æ¬¡çš„è¾“å‡º, ä¸æ»¡batchsizeæ˜¯æ­£å¸¸çš„:
 tensor([[0.9070],
        [0.8440],
        [0.9558],
        [0.1176],
        [0.7691],
        [0.1041],
        [0.5427],
        [0.4534],
        [0.5560],
        [0.8934],
        [0.0417],
        [0.0978]], device='cuda:0', grad_fn=<SigmoidBackward0>)
Epoch [12/100], T_AUC: [4m0.8186[0m
Epoch [12/100], Loss: 13.5492
val_Accuracy: [92m0.8047[0m
val_Precision: [4;34m0.8386[0m,               val_Recall: [4;33m0.7478[0m,                 val_F1 Score: [4;35m0.7850[0m
æ ‡ç­¾é‡Œ1çš„ä¸ªæ•°:  430
æ ‡ç­¾é‡Œ0çš„ä¸ªæ•°:  430
æ€»æ•°:  860
æ­£ç¡®çš„ä¸ªæ•°:  692
Epoch [12/100], V_AUC: [4m0.8014[0m
Epoch [13/100], Loss: 57.8817
train_Accuracy: [91m0.8160[0m
train_Precision: [4;34m0.8381[0m,               train_Recall: [4;33m0.7936[0m,                 train_F1 Score: [4;35m0.8101[0m
æ ‡ç­¾é‡Œ1çš„ä¸ªæ•°:  2150
æ ‡ç­¾é‡Œ0çš„ä¸ªæ•°:  2150
æ€»æ•°:  4300
æ­£ç¡®çš„ä¸ªæ•°:  3509
æœ€åä¸€ä¸ªæ‰¹æ¬¡çš„è¾“å‡º, ä¸æ»¡batchsizeæ˜¯æ­£å¸¸çš„:
 tensor([[0.8940],
        [0.8358],
        [0.9611],
        [0.1210],
        [0.7726],
        [0.0996],
        [0.5228],
        [0.4462],
        [0.5702],
        [0.8963],
        [0.0424],
        [0.0905]], device='cuda:0', grad_fn=<SigmoidBackward0>)
Epoch [13/100], T_AUC: [4m0.8218[0m
Epoch [13/100], Loss: 13.6448
val_Accuracy: [92m0.8000[0m
val_Precision: [4;34m0.8371[0m,               val_Recall: [4;33m0.7383[0m,                 val_F1 Score: [4;35m0.7790[0m
æ ‡ç­¾é‡Œ1çš„ä¸ªæ•°:  430
æ ‡ç­¾é‡Œ0çš„ä¸ªæ•°:  430
æ€»æ•°:  860
æ­£ç¡®çš„ä¸ªæ•°:  688
Epoch [13/100], V_AUC: [4m0.7966[0m
Epoch [14/100], Loss: 57.8046
train_Accuracy: [91m0.8174[0m
train_Precision: [4;34m0.8371[0m,               train_Recall: [4;33m0.7971[0m,                 train_F1 Score: [4;35m0.8117[0m
æ ‡ç­¾é‡Œ1çš„ä¸ªæ•°:  2150
æ ‡ç­¾é‡Œ0çš„ä¸ªæ•°:  2150
æ€»æ•°:  4300
æ­£ç¡®çš„ä¸ªæ•°:  3515
æœ€åä¸€ä¸ªæ‰¹æ¬¡çš„è¾“å‡º, ä¸æ»¡batchsizeæ˜¯æ­£å¸¸çš„:
 tensor([[0.8982],
        [0.8309],
        [0.9544],
        [0.1185],
        [0.7930],
        [0.1060],
        [0.5190],
        [0.4304],
        [0.5566],
        [0.9041],
        [0.0456],
        [0.0852]], device='cuda:0', grad_fn=<SigmoidBackward0>)
Epoch [14/100], T_AUC: [4m0.8229[0m
Epoch [14/100], Loss: 13.5655
val_Accuracy: [92m0.8035[0m
val_Precision: [4;34m0.8386[0m,               val_Recall: [4;33m0.7450[0m,                 val_F1 Score: [4;35m0.7834[0m
æ ‡ç­¾é‡Œ1çš„ä¸ªæ•°:  430
æ ‡ç­¾é‡Œ0çš„ä¸ªæ•°:  430
æ€»æ•°:  860
æ­£ç¡®çš„ä¸ªæ•°:  691
Epoch [14/100], V_AUC: [4m0.8000[0m
Epoch [15/100], Loss: 57.6467
train_Accuracy: [91m0.8170[0m
train_Precision: [4;34m0.8360[0m,               train_Recall: [4;33m0.7961[0m,                 train_F1 Score: [4;35m0.8108[0m
æ ‡ç­¾é‡Œ1çš„ä¸ªæ•°:  2150
æ ‡ç­¾é‡Œ0çš„ä¸ªæ•°:  2150
æ€»æ•°:  4300
æ­£ç¡®çš„ä¸ªæ•°:  3513
æœ€åä¸€ä¸ªæ‰¹æ¬¡çš„è¾“å‡º, ä¸æ»¡batchsizeæ˜¯æ­£å¸¸çš„:
 tensor([[0.9008],
        [0.8344],
        [0.9571],
        [0.1172],
        [0.7990],
        [0.0982],
        [0.5067],
        [0.4222],
        [0.5547],
        [0.9092],
        [0.0467],
        [0.0879]], device='cuda:0', grad_fn=<SigmoidBackward0>)
Epoch [15/100], T_AUC: [4m0.8224[0m
Epoch [15/100], Loss: 13.6599
val_Accuracy: [92m0.8000[0m
val_Precision: [4;34m0.8286[0m,               val_Recall: [4;33m0.7467[0m,                 val_F1 Score: [4;35m0.7802[0m
æ ‡ç­¾é‡Œ1çš„ä¸ªæ•°:  430
æ ‡ç­¾é‡Œ0çš„ä¸ªæ•°:  430
æ€»æ•°:  860
æ­£ç¡®çš„ä¸ªæ•°:  688
Epoch [15/100], V_AUC: [4m0.7965[0m
Epoch [16/100], Loss: 57.6173
train_Accuracy: [91m0.8167[0m
train_Precision: [4;34m0.8365[0m,               train_Recall: [4;33m0.7976[0m,                 train_F1 Score: [4;35m0.8115[0m
æ ‡ç­¾é‡Œ1çš„ä¸ªæ•°:  2150
æ ‡ç­¾é‡Œ0çš„ä¸ªæ•°:  2150
æ€»æ•°:  4300
æ­£ç¡®çš„ä¸ªæ•°:  3512
æœ€åä¸€ä¸ªæ‰¹æ¬¡çš„è¾“å‡º, ä¸æ»¡batchsizeæ˜¯æ­£å¸¸çš„:
 tensor([[0.8990],
        [0.8431],
        [0.9612],
        [0.1391],
        [0.7891],
        [0.1071],
        [0.4897],
        [0.4225],
        [0.5503],
        [0.9017],
        [0.0393],
        [0.0853]], device='cuda:0', grad_fn=<SigmoidBackward0>)
Epoch [16/100], T_AUC: [4m0.8231[0m
Epoch [16/100], Loss: 13.6754
val_Accuracy: [92m0.7988[0m
val_Precision: [4;34m0.8282[0m,               val_Recall: [4;33m0.7454[0m,                 val_F1 Score: [4;35m0.7796[0m
æ ‡ç­¾é‡Œ1çš„ä¸ªæ•°:  430
æ ‡ç­¾é‡Œ0çš„ä¸ªæ•°:  430
æ€»æ•°:  860
æ­£ç¡®çš„ä¸ªæ•°:  687
Epoch [16/100], V_AUC: [4m0.7963[0m
Epoch [17/100], Loss: 57.5541
train_Accuracy: [91m0.8151[0m
train_Precision: [4;34m0.8349[0m,               train_Recall: [4;33m0.7962[0m,                 train_F1 Score: [4;35m0.8098[0m
æ ‡ç­¾é‡Œ1çš„ä¸ªæ•°:  2150
æ ‡ç­¾é‡Œ0çš„ä¸ªæ•°:  2150
æ€»æ•°:  4300
æ­£ç¡®çš„ä¸ªæ•°:  3505
æœ€åä¸€ä¸ªæ‰¹æ¬¡çš„è¾“å‡º, ä¸æ»¡batchsizeæ˜¯æ­£å¸¸çš„:
 tensor([[0.9059],
        [0.8345],
        [0.9652],
        [0.1417],
        [0.7895],
        [0.1040],
        [0.4684],
        [0.4138],
        [0.5223],
        [0.9015],
        [0.0383],
        [0.0898]], device='cuda:0', grad_fn=<SigmoidBackward0>)
Epoch [17/100], T_AUC: [4m0.8214[0m
Epoch [17/100], Loss: 13.6830
val_Accuracy: [92m0.8023[0m
val_Precision: [4;34m0.8329[0m,               val_Recall: [4;33m0.7478[0m,                 val_F1 Score: [4;35m0.7830[0m
æ ‡ç­¾é‡Œ1çš„ä¸ªæ•°:  430
æ ‡ç­¾é‡Œ0çš„ä¸ªæ•°:  430
æ€»æ•°:  860
æ­£ç¡®çš„ä¸ªæ•°:  690
Epoch [17/100], V_AUC: [4m0.7997[0m
Epoch [18/100], Loss: 57.4324
train_Accuracy: [91m0.8165[0m
train_Precision: [4;34m0.8355[0m,               train_Recall: [4;33m0.7973[0m,                 train_F1 Score: [4;35m0.8110[0m
æ ‡ç­¾é‡Œ1çš„ä¸ªæ•°:  2150
æ ‡ç­¾é‡Œ0çš„ä¸ªæ•°:  2150
æ€»æ•°:  4300
æ­£ç¡®çš„ä¸ªæ•°:  3511
æœ€åä¸€ä¸ªæ‰¹æ¬¡çš„è¾“å‡º, ä¸æ»¡batchsizeæ˜¯æ­£å¸¸çš„:
 tensor([[0.9012],
        [0.8394],
        [0.9671],
        [0.1479],
        [0.7841],
        [0.1012],
        [0.4514],
        [0.4345],
        [0.5352],
        [0.8981],
        [0.0319],
        [0.0990]], device='cuda:0', grad_fn=<SigmoidBackward0>)
Epoch [18/100], T_AUC: [4m0.8223[0m
Epoch [18/100], Loss: 13.6815
val_Accuracy: [92m0.7988[0m
val_Precision: [4;34m0.8270[0m,               val_Recall: [4;33m0.7478[0m,                 val_F1 Score: [4;35m0.7802[0m
æ ‡ç­¾é‡Œ1çš„ä¸ªæ•°:  430
æ ‡ç­¾é‡Œ0çš„ä¸ªæ•°:  430
æ€»æ•°:  860
æ­£ç¡®çš„ä¸ªæ•°:  687
Epoch [18/100], V_AUC: [4m0.7964[0m
Epoch [19/100], Loss: 57.3787
train_Accuracy: [91m0.8172[0m
train_Precision: [4;34m0.8382[0m,               train_Recall: [4;33m0.7964[0m,                 train_F1 Score: [4;35m0.8118[0m
æ ‡ç­¾é‡Œ1çš„ä¸ªæ•°:  2150
æ ‡ç­¾é‡Œ0çš„ä¸ªæ•°:  2150
æ€»æ•°:  4300
æ­£ç¡®çš„ä¸ªæ•°:  3514
æœ€åä¸€ä¸ªæ‰¹æ¬¡çš„è¾“å‡º, ä¸æ»¡batchsizeæ˜¯æ­£å¸¸çš„:
 tensor([[0.9042],
        [0.8393],
        [0.9660],
        [0.1576],
        [0.7970],
        [0.1064],
        [0.4649],
        [0.4104],
        [0.5132],
        [0.8949],
        [0.0314],
        [0.0959]], device='cuda:0', grad_fn=<SigmoidBackward0>)
Epoch [19/100], T_AUC: [4m0.8229[0m
Epoch [19/100], Loss: 13.6333
val_Accuracy: [92m0.8023[0m
val_Precision: [4;34m0.8258[0m,               val_Recall: [4;33m0.7565[0m,                 val_F1 Score: [4;35m0.7852[0m
æ ‡ç­¾é‡Œ1çš„ä¸ªæ•°:  430
æ ‡ç­¾é‡Œ0çš„ä¸ªæ•°:  430
æ€»æ•°:  860
æ­£ç¡®çš„ä¸ªæ•°:  690
Epoch [19/100], V_AUC: [4m0.7991[0m
Epoch [20/100], Loss: 57.2438
train_Accuracy: [91m0.8193[0m
train_Precision: [4;34m0.8395[0m,               train_Recall: [4;33m0.7994[0m,                 train_F1 Score: [4;35m0.8139[0m
æ ‡ç­¾é‡Œ1çš„ä¸ªæ•°:  2150
æ ‡ç­¾é‡Œ0çš„ä¸ªæ•°:  2150
æ€»æ•°:  4300
æ­£ç¡®çš„ä¸ªæ•°:  3523
æœ€åä¸€ä¸ªæ‰¹æ¬¡çš„è¾“å‡º, ä¸æ»¡batchsizeæ˜¯æ­£å¸¸çš„:
 tensor([[0.9002],
        [0.8397],
        [0.9669],
        [0.1589],
        [0.8124],
        [0.1026],
        [0.4564],
        [0.3597],
        [0.5230],
        [0.8946],
        [0.0328],
        [0.1018]], device='cuda:0', grad_fn=<SigmoidBackward0>)
Epoch [20/100], T_AUC: [4m0.8249[0m
Epoch [20/100], Loss: 13.6759
val_Accuracy: [92m0.7977[0m
val_Precision: [4;34m0.8307[0m,               val_Recall: [4;33m0.7390[0m,                 val_F1 Score: [4;35m0.7777[0m
æ ‡ç­¾é‡Œ1çš„ä¸ªæ•°:  430
æ ‡ç­¾é‡Œ0çš„ä¸ªæ•°:  430
æ€»æ•°:  860
æ­£ç¡®çš„ä¸ªæ•°:  686
Epoch [20/100], V_AUC: [4m0.7955[0m
Epoch [21/100], Loss: 57.2299
train_Accuracy: [91m0.8184[0m
train_Precision: [4;34m0.8391[0m,               train_Recall: [4;33m0.7981[0m,                 train_F1 Score: [4;35m0.8130[0m
æ ‡ç­¾é‡Œ1çš„ä¸ªæ•°:  2150
æ ‡ç­¾é‡Œ0çš„ä¸ªæ•°:  2150
æ€»æ•°:  4300
æ­£ç¡®çš„ä¸ªæ•°:  3519
æœ€åä¸€ä¸ªæ‰¹æ¬¡çš„è¾“å‡º, ä¸æ»¡batchsizeæ˜¯æ­£å¸¸çš„:
 tensor([[0.9036],
        [0.8394],
        [0.9633],
        [0.1635],
        [0.8257],
        [0.1018],
        [0.4607],
        [0.3658],
        [0.5205],
        [0.8941],
        [0.0307],
        [0.1060]], device='cuda:0', grad_fn=<SigmoidBackward0>)
Epoch [21/100], T_AUC: [4m0.8241[0m
Epoch [21/100], Loss: 13.7313
val_Accuracy: [92m0.7977[0m
val_Precision: [4;34m0.8227[0m,               val_Recall: [4;33m0.7510[0m,                 val_F1 Score: [4;35m0.7806[0m
æ ‡ç­¾é‡Œ1çš„ä¸ªæ•°:  430
æ ‡ç­¾é‡Œ0çš„ä¸ªæ•°:  430
æ€»æ•°:  860
æ­£ç¡®çš„ä¸ªæ•°:  686
Epoch [21/100], V_AUC: [4m0.7951[0m
Epoch [22/100], Loss: 57.0724
train_Accuracy: [91m0.8188[0m
train_Precision: [4;34m0.8396[0m,               train_Recall: [4;33m0.7981[0m,                 train_F1 Score: [4;35m0.8133[0m
æ ‡ç­¾é‡Œ1çš„ä¸ªæ•°:  2150
æ ‡ç­¾é‡Œ0çš„ä¸ªæ•°:  2150
æ€»æ•°:  4300
æ­£ç¡®çš„ä¸ªæ•°:  3521
æœ€åä¸€ä¸ªæ‰¹æ¬¡çš„è¾“å‡º, ä¸æ»¡batchsizeæ˜¯æ­£å¸¸çš„:
 tensor([[0.8957],
        [0.8431],
        [0.9637],
        [0.1556],
        [0.8287],
        [0.0915],
        [0.4530],
        [0.3892],
        [0.5285],
        [0.8930],
        [0.0260],
        [0.1362]], device='cuda:0', grad_fn=<SigmoidBackward0>)
Epoch [22/100], T_AUC: [4m0.8245[0m
Epoch [22/100], Loss: 13.6454
val_Accuracy: [92m0.8000[0m
val_Precision: [4;34m0.8246[0m,               val_Recall: [4;33m0.7519[0m,                 val_F1 Score: [4;35m0.7820[0m
æ ‡ç­¾é‡Œ1çš„ä¸ªæ•°:  430
æ ‡ç­¾é‡Œ0çš„ä¸ªæ•°:  430
æ€»æ•°:  860
æ­£ç¡®çš„ä¸ªæ•°:  688
Epoch [22/100], V_AUC: [4m0.7973[0m
Epoch [23/100], Loss: 57.0405
train_Accuracy: [91m0.8212[0m
train_Precision: [4;34m0.8425[0m,               train_Recall: [4;33m0.7997[0m,                 train_F1 Score: [4;35m0.8158[0m
æ ‡ç­¾é‡Œ1çš„ä¸ªæ•°:  2150
æ ‡ç­¾é‡Œ0çš„ä¸ªæ•°:  2150
æ€»æ•°:  4300
æ­£ç¡®çš„ä¸ªæ•°:  3531
æœ€åä¸€ä¸ªæ‰¹æ¬¡çš„è¾“å‡º, ä¸æ»¡batchsizeæ˜¯æ­£å¸¸çš„:
 tensor([[0.8865],
        [0.8491],
        [0.9654],
        [0.1530],
        [0.8281],
        [0.0887],
        [0.4439],
        [0.3641],
        [0.5548],
        [0.8927],
        [0.0268],
        [0.1389]], device='cuda:0', grad_fn=<SigmoidBackward0>)
Epoch [23/100], T_AUC: [4m0.8266[0m
Epoch [23/100], Loss: 13.6818
val_Accuracy: [92m0.7988[0m
val_Precision: [4;34m0.8246[0m,               val_Recall: [4;33m0.7493[0m,                 val_F1 Score: [4;35m0.7808[0m
æ ‡ç­¾é‡Œ1çš„ä¸ªæ•°:  430
æ ‡ç­¾é‡Œ0çš„ä¸ªæ•°:  430
æ€»æ•°:  860
æ­£ç¡®çš„ä¸ªæ•°:  687
Epoch [23/100], V_AUC: [4m0.7960[0m
Epoch [24/100], Loss: 56.9600
train_Accuracy: [91m0.8193[0m
train_Precision: [4;34m0.8389[0m,               train_Recall: [4;33m0.8007[0m,                 train_F1 Score: [4;35m0.8142[0m
æ ‡ç­¾é‡Œ1çš„ä¸ªæ•°:  2150
æ ‡ç­¾é‡Œ0çš„ä¸ªæ•°:  2150
æ€»æ•°:  4300
æ­£ç¡®çš„ä¸ªæ•°:  3523
æœ€åä¸€ä¸ªæ‰¹æ¬¡çš„è¾“å‡º, ä¸æ»¡batchsizeæ˜¯æ­£å¸¸çš„:
 tensor([[0.8827],
        [0.8429],
        [0.9660],
        [0.1410],
        [0.8379],
        [0.0810],
        [0.4478],
        [0.3815],
        [0.5604],
        [0.8841],
        [0.0273],
        [0.1552]], device='cuda:0', grad_fn=<SigmoidBackward0>)
Epoch [24/100], T_AUC: [4m0.8251[0m
Epoch [24/100], Loss: 13.6513
val_Accuracy: [92m0.7965[0m
val_Precision: [4;34m0.8233[0m,               val_Recall: [4;33m0.7450[0m,                 val_F1 Score: [4;35m0.7771[0m
æ ‡ç­¾é‡Œ1çš„ä¸ªæ•°:  430
æ ‡ç­¾é‡Œ0çš„ä¸ªæ•°:  430
æ€»æ•°:  860
æ­£ç¡®çš„ä¸ªæ•°:  685
Epoch [24/100], V_AUC: [4m0.7940[0m
Epoch [25/100], Loss: 56.8448
train_Accuracy: [91m0.8193[0m
train_Precision: [4;34m0.8404[0m,               train_Recall: [4;33m0.7972[0m,                 train_F1 Score: [4;35m0.8133[0m
æ ‡ç­¾é‡Œ1çš„ä¸ªæ•°:  2150
æ ‡ç­¾é‡Œ0çš„ä¸ªæ•°:  2150
æ€»æ•°:  4300
æ­£ç¡®çš„ä¸ªæ•°:  3523
æœ€åä¸€ä¸ªæ‰¹æ¬¡çš„è¾“å‡º, ä¸æ»¡batchsizeæ˜¯æ­£å¸¸çš„:
 tensor([[0.8794],
        [0.8468],
        [0.9672],
        [0.1535],
        [0.8290],
        [0.0837],
        [0.4526],
        [0.3867],
        [0.5679],
        [0.8812],
        [0.0230],
        [0.1574]], device='cuda:0', grad_fn=<SigmoidBackward0>)
Epoch [25/100], T_AUC: [4m0.8248[0m
Epoch [25/100], Loss: 13.6834
val_Accuracy: [92m0.8000[0m
val_Precision: [4;34m0.8220[0m,               val_Recall: [4;33m0.7562[0m,                 val_F1 Score: [4;35m0.7830[0m
æ ‡ç­¾é‡Œ1çš„ä¸ªæ•°:  430
æ ‡ç­¾é‡Œ0çš„ä¸ªæ•°:  430
æ€»æ•°:  860
æ­£ç¡®çš„ä¸ªæ•°:  688
Epoch [25/100], V_AUC: [4m0.7973[0m
Epoch [26/100], Loss: 56.8681
train_Accuracy: [91m0.8198[0m
train_Precision: [4;34m0.8377[0m,               train_Recall: [4;33m0.8032[0m,                 train_F1 Score: [4;35m0.8149[0m
æ ‡ç­¾é‡Œ1çš„ä¸ªæ•°:  2150
æ ‡ç­¾é‡Œ0çš„ä¸ªæ•°:  2150
æ€»æ•°:  4300
æ­£ç¡®çš„ä¸ªæ•°:  3525
æœ€åä¸€ä¸ªæ‰¹æ¬¡çš„è¾“å‡º, ä¸æ»¡batchsizeæ˜¯æ­£å¸¸çš„:
 tensor([[0.8910],
        [0.8592],
        [0.9644],
        [0.1190],
        [0.8253],
        [0.0621],
        [0.4539],
        [0.4297],
        [0.5357],
        [0.8568],
        [0.0319],
        [0.1793]], device='cuda:0', grad_fn=<SigmoidBackward0>)
Epoch [26/100], T_AUC: [4m0.8255[0m
Epoch [26/100], Loss: 13.6362
val_Accuracy: [92m0.7942[0m
val_Precision: [4;34m0.8303[0m,               val_Recall: [4;33m0.7308[0m,                 val_F1 Score: [4;35m0.7720[0m
æ ‡ç­¾é‡Œ1çš„ä¸ªæ•°:  430
æ ‡ç­¾é‡Œ0çš„ä¸ªæ•°:  430
æ€»æ•°:  860
æ­£ç¡®çš„ä¸ªæ•°:  683
Epoch [26/100], V_AUC: [4m0.7909[0m
Epoch [27/100], Loss: 56.9077
train_Accuracy: [91m0.8228[0m
train_Precision: [4;34m0.8424[0m,               train_Recall: [4;33m0.8035[0m,                 train_F1 Score: [4;35m0.8174[0m
æ ‡ç­¾é‡Œ1çš„ä¸ªæ•°:  2150
æ ‡ç­¾é‡Œ0çš„ä¸ªæ•°:  2150
æ€»æ•°:  4300
æ­£ç¡®çš„ä¸ªæ•°:  3538
æœ€åä¸€ä¸ªæ‰¹æ¬¡çš„è¾“å‡º, ä¸æ»¡batchsizeæ˜¯æ­£å¸¸çš„:
 tensor([[0.8872],
        [0.8528],
        [0.9676],
        [0.1394],
        [0.8323],
        [0.0597],
        [0.4539],
        [0.4201],
        [0.5599],
        [0.8662],
        [0.0256],
        [0.1871]], device='cuda:0', grad_fn=<SigmoidBackward0>)
Epoch [27/100], T_AUC: [4m0.8284[0m
Epoch [27/100], Loss: 13.7249
val_Accuracy: [92m0.7942[0m
val_Precision: [4;34m0.8197[0m,               val_Recall: [4;33m0.7450[0m,                 val_F1 Score: [4;35m0.7753[0m
æ ‡ç­¾é‡Œ1çš„ä¸ªæ•°:  430
æ ‡ç­¾é‡Œ0çš„ä¸ªæ•°:  430
æ€»æ•°:  860
æ­£ç¡®çš„ä¸ªæ•°:  683
Epoch [27/100], V_AUC: [4m0.7917[0m
Epoch [28/100], Loss: 56.7316
train_Accuracy: [91m0.8219[0m
train_Precision: [4;34m0.8432[0m,               train_Recall: [4;33m0.8006[0m,                 train_F1 Score: [4;35m0.8163[0m
æ ‡ç­¾é‡Œ1çš„ä¸ªæ•°:  2150
æ ‡ç­¾é‡Œ0çš„ä¸ªæ•°:  2150
æ€»æ•°:  4300
æ­£ç¡®çš„ä¸ªæ•°:  3534
æœ€åä¸€ä¸ªæ‰¹æ¬¡çš„è¾“å‡º, ä¸æ»¡batchsizeæ˜¯æ­£å¸¸çš„:
 tensor([[0.8889],
        [0.8620],
        [0.9663],
        [0.1250],
        [0.8303],
        [0.0576],
        [0.4579],
        [0.4117],
        [0.5579],
        [0.8636],
        [0.0314],
        [0.1825]], device='cuda:0', grad_fn=<SigmoidBackward0>)
Epoch [28/100], T_AUC: [4m0.8275[0m
Epoch [28/100], Loss: 13.7727
val_Accuracy: [92m0.7942[0m
val_Precision: [4;34m0.8261[0m,               val_Recall: [4;33m0.7350[0m,                 val_F1 Score: [4;35m0.7729[0m
æ ‡ç­¾é‡Œ1çš„ä¸ªæ•°:  430
æ ‡ç­¾é‡Œ0çš„ä¸ªæ•°:  430
æ€»æ•°:  860
æ­£ç¡®çš„ä¸ªæ•°:  683
Epoch [28/100], V_AUC: [4m0.7911[0m
Epoch [29/100], Loss: 56.6744
train_Accuracy: [91m0.8212[0m
train_Precision: [4;34m0.8414[0m,               train_Recall: [4;33m0.8021[0m,                 train_F1 Score: [4;35m0.8160[0m
æ ‡ç­¾é‡Œ1çš„ä¸ªæ•°:  2150
æ ‡ç­¾é‡Œ0çš„ä¸ªæ•°:  2150
æ€»æ•°:  4300
æ­£ç¡®çš„ä¸ªæ•°:  3531
æœ€åä¸€ä¸ªæ‰¹æ¬¡çš„è¾“å‡º, ä¸æ»¡batchsizeæ˜¯æ­£å¸¸çš„:
 tensor([[0.8820],
        [0.8552],
        [0.9658],
        [0.1265],
        [0.8464],
        [0.0584],
        [0.4420],
        [0.4278],
        [0.5433],
        [0.8796],
        [0.0267],
        [0.1736]], device='cuda:0', grad_fn=<SigmoidBackward0>)
Epoch [29/100], T_AUC: [4m0.8270[0m
Epoch [29/100], Loss: 13.7778
val_Accuracy: [92m0.7965[0m
val_Precision: [4;34m0.8324[0m,               val_Recall: [4;33m0.7330[0m,                 val_F1 Score: [4;35m0.7744[0m
æ ‡ç­¾é‡Œ1çš„ä¸ªæ•°:  430
æ ‡ç­¾é‡Œ0çš„ä¸ªæ•°:  430
æ€»æ•°:  860
æ­£ç¡®çš„ä¸ªæ•°:  685
Epoch [29/100], V_AUC: [4m0.7933[0m
Epoch [30/100], Loss: 56.6424
train_Accuracy: [91m0.8209[0m
train_Precision: [4;34m0.8435[0m,               train_Recall: [4;33m0.7993[0m,                 train_F1 Score: [4;35m0.8156[0m
æ ‡ç­¾é‡Œ1çš„ä¸ªæ•°:  2150
æ ‡ç­¾é‡Œ0çš„ä¸ªæ•°:  2150
æ€»æ•°:  4300
æ­£ç¡®çš„ä¸ªæ•°:  3530
æœ€åä¸€ä¸ªæ‰¹æ¬¡çš„è¾“å‡º, ä¸æ»¡batchsizeæ˜¯æ­£å¸¸çš„:
 tensor([[0.8858],
        [0.8632],
        [0.9680],
        [0.1245],
        [0.8367],
        [0.0654],
        [0.4281],
        [0.4286],
        [0.5532],
        [0.8586],
        [0.0243],
        [0.1863]], device='cuda:0', grad_fn=<SigmoidBackward0>)
Epoch [30/100], T_AUC: [4m0.8269[0m
Epoch [30/100], Loss: 13.7782
val_Accuracy: [92m0.7942[0m
val_Precision: [4;34m0.8221[0m,               val_Recall: [4;33m0.7394[0m,                 val_F1 Score: [4;35m0.7742[0m
æ ‡ç­¾é‡Œ1çš„ä¸ªæ•°:  430
æ ‡ç­¾é‡Œ0çš„ä¸ªæ•°:  430
æ€»æ•°:  860
æ­£ç¡®çš„ä¸ªæ•°:  683
Epoch [30/100], V_AUC: [4m0.7911[0m
Epoch [31/100], Loss: 56.5247
train_Accuracy: [91m0.8223[0m
train_Precision: [4;34m0.8443[0m,               train_Recall: [4;33m0.8011[0m,                 train_F1 Score: [4;35m0.8169[0m
æ ‡ç­¾é‡Œ1çš„ä¸ªæ•°:  2150
æ ‡ç­¾é‡Œ0çš„ä¸ªæ•°:  2150
æ€»æ•°:  4300
æ­£ç¡®çš„ä¸ªæ•°:  3536
æœ€åä¸€ä¸ªæ‰¹æ¬¡çš„è¾“å‡º, ä¸æ»¡batchsizeæ˜¯æ­£å¸¸çš„:
 tensor([[0.8897],
        [0.8668],
        [0.9699],
        [0.1192],
        [0.8299],
        [0.0678],
        [0.4307],
        [0.4075],
        [0.5574],
        [0.8579],
        [0.0272],
        [0.1840]], device='cuda:0', grad_fn=<SigmoidBackward0>)
Epoch [31/100], T_AUC: [4m0.8280[0m
Epoch [31/100], Loss: 13.6247
val_Accuracy: [92m0.7965[0m
val_Precision: [4;34m0.8251[0m,               val_Recall: [4;33m0.7420[0m,                 val_F1 Score: [4;35m0.7768[0m
æ ‡ç­¾é‡Œ1çš„ä¸ªæ•°:  430
æ ‡ç­¾é‡Œ0çš„ä¸ªæ•°:  430
æ€»æ•°:  860
æ­£ç¡®çš„ä¸ªæ•°:  685
Epoch [31/100], V_AUC: [4m0.7934[0m
Epoch [32/100], Loss: 56.5386
train_Accuracy: [91m0.8237[0m
train_Precision: [4;34m0.8436[0m,               train_Recall: [4;33m0.8047[0m,                 train_F1 Score: [4;35m0.8185[0m
æ ‡ç­¾é‡Œ1çš„ä¸ªæ•°:  2150
æ ‡ç­¾é‡Œ0çš„ä¸ªæ•°:  2150
æ€»æ•°:  4300
æ­£ç¡®çš„ä¸ªæ•°:  3542
æœ€åä¸€ä¸ªæ‰¹æ¬¡çš„è¾“å‡º, ä¸æ»¡batchsizeæ˜¯æ­£å¸¸çš„:
 tensor([[0.8934],
        [0.8604],
        [0.9719],
        [0.1386],
        [0.8280],
        [0.0665],
        [0.4118],
        [0.4419],
        [0.5484],
        [0.8494],
        [0.0248],
        [0.1813]], device='cuda:0', grad_fn=<SigmoidBackward0>)
Epoch [32/100], T_AUC: [4m0.8296[0m
Epoch [32/100], Loss: 13.6551
val_Accuracy: [92m0.7919[0m
val_Precision: [4;34m0.8244[0m,               val_Recall: [4;33m0.7333[0m,                 val_F1 Score: [4;35m0.7709[0m
æ ‡ç­¾é‡Œ1çš„ä¸ªæ•°:  430
æ ‡ç­¾é‡Œ0çš„ä¸ªæ•°:  430
æ€»æ•°:  860
æ­£ç¡®çš„ä¸ªæ•°:  681
Epoch [32/100], V_AUC: [4m0.7889[0m
Epoch [33/100], Loss: 56.4675
train_Accuracy: [91m0.8216[0m
train_Precision: [4;34m0.8433[0m,               train_Recall: [4;33m0.8001[0m,                 train_F1 Score: [4;35m0.8161[0m
æ ‡ç­¾é‡Œ1çš„ä¸ªæ•°:  2150
æ ‡ç­¾é‡Œ0çš„ä¸ªæ•°:  2150
æ€»æ•°:  4300
æ­£ç¡®çš„ä¸ªæ•°:  3533
æœ€åä¸€ä¸ªæ‰¹æ¬¡çš„è¾“å‡º, ä¸æ»¡batchsizeæ˜¯æ­£å¸¸çš„:
 tensor([[0.8963],
        [0.8598],
        [0.9692],
        [0.1198],
        [0.8315],
        [0.0697],
        [0.4327],
        [0.3833],
        [0.5645],
        [0.8582],
        [0.0266],
        [0.2046]], device='cuda:0', grad_fn=<SigmoidBackward0>)
Epoch [33/100], T_AUC: [4m0.8272[0m
Epoch [33/100], Loss: 13.6683
val_Accuracy: [92m0.7930[0m
val_Precision: [4;34m0.8174[0m,               val_Recall: [4;33m0.7445[0m,                 val_F1 Score: [4;35m0.7749[0m
æ ‡ç­¾é‡Œ1çš„ä¸ªæ•°:  430
æ ‡ç­¾é‡Œ0çš„ä¸ªæ•°:  430
æ€»æ•°:  860
æ­£ç¡®çš„ä¸ªæ•°:  682
Epoch [33/100], V_AUC: [4m0.7900[0m
Epoch [34/100], Loss: 56.4773
train_Accuracy: [91m0.8216[0m
train_Precision: [4;34m0.8421[0m,               train_Recall: [4;33m0.8031[0m,                 train_F1 Score: [4;35m0.8166[0m
æ ‡ç­¾é‡Œ1çš„ä¸ªæ•°:  2150
æ ‡ç­¾é‡Œ0çš„ä¸ªæ•°:  2150
æ€»æ•°:  4300
æ­£ç¡®çš„ä¸ªæ•°:  3533
æœ€åä¸€ä¸ªæ‰¹æ¬¡çš„è¾“å‡º, ä¸æ»¡batchsizeæ˜¯æ­£å¸¸çš„:
 tensor([[0.8946],
        [0.8614],
        [0.9712],
        [0.1170],
        [0.8270],
        [0.0749],
        [0.4320],
        [0.3728],
        [0.5627],
        [0.8546],
        [0.0267],
        [0.2032]], device='cuda:0', grad_fn=<SigmoidBackward0>)
Epoch [34/100], T_AUC: [4m0.8277[0m
Epoch [34/100], Loss: 13.6181
val_Accuracy: [92m0.7965[0m
val_Precision: [4;34m0.8184[0m,               val_Recall: [4;33m0.7515[0m,                 val_F1 Score: [4;35m0.7790[0m
æ ‡ç­¾é‡Œ1çš„ä¸ªæ•°:  430
æ ‡ç­¾é‡Œ0çš„ä¸ªæ•°:  430
æ€»æ•°:  860
æ­£ç¡®çš„ä¸ªæ•°:  685
Epoch [34/100], V_AUC: [4m0.7935[0m
Epoch [35/100], Loss: 56.6488
train_Accuracy: [91m0.8228[0m
train_Precision: [4;34m0.8449[0m,               train_Recall: [4;33m0.8016[0m,                 train_F1 Score: [4;35m0.8174[0m
æ ‡ç­¾é‡Œ1çš„ä¸ªæ•°:  2150
æ ‡ç­¾é‡Œ0çš„ä¸ªæ•°:  2150
æ€»æ•°:  4300
æ­£ç¡®çš„ä¸ªæ•°:  3538
æœ€åä¸€ä¸ªæ‰¹æ¬¡çš„è¾“å‡º, ä¸æ»¡batchsizeæ˜¯æ­£å¸¸çš„:
 tensor([[0.8900],
        [0.8593],
        [0.9681],
        [0.1345],
        [0.8577],
        [0.0966],
        [0.4465],
        [0.3228],
        [0.5763],
        [0.8602],
        [0.0374],
        [0.1285]], device='cuda:0', grad_fn=<SigmoidBackward0>)
Epoch [35/100], T_AUC: [4m0.8284[0m
Epoch [35/100], Loss: 13.5252
val_Accuracy: [92m0.7919[0m
val_Precision: [4;34m0.8188[0m,               val_Recall: [4;33m0.7399[0m,                 val_F1 Score: [4;35m0.7730[0m
æ ‡ç­¾é‡Œ1çš„ä¸ªæ•°:  430
æ ‡ç­¾é‡Œ0çš„ä¸ªæ•°:  430
æ€»æ•°:  860
æ­£ç¡®çš„ä¸ªæ•°:  681
Epoch [35/100], V_AUC: [4m0.7890[0m
Epoch [36/100], Loss: 56.2747
train_Accuracy: [91m0.8226[0m
train_Precision: [4;34m0.8437[0m,               train_Recall: [4;33m0.8029[0m,                 train_F1 Score: [4;35m0.8174[0m
æ ‡ç­¾é‡Œ1çš„ä¸ªæ•°:  2150
æ ‡ç­¾é‡Œ0çš„ä¸ªæ•°:  2150
æ€»æ•°:  4300
æ­£ç¡®çš„ä¸ªæ•°:  3537
æœ€åä¸€ä¸ªæ‰¹æ¬¡çš„è¾“å‡º, ä¸æ»¡batchsizeæ˜¯æ­£å¸¸çš„:
 tensor([[0.8889],
        [0.8624],
        [0.9719],
        [0.1134],
        [0.8327],
        [0.0851],
        [0.4311],
        [0.3748],
        [0.5594],
        [0.8534],
        [0.0248],
        [0.2026]], device='cuda:0', grad_fn=<SigmoidBackward0>)
Epoch [36/100], T_AUC: [4m0.8282[0m
Epoch [36/100], Loss: 13.6507
val_Accuracy: [92m0.7907[0m
val_Precision: [4;34m0.8083[0m,               val_Recall: [4;33m0.7509[0m,                 val_F1 Score: [4;35m0.7740[0m
æ ‡ç­¾é‡Œ1çš„ä¸ªæ•°:  430
æ ‡ç­¾é‡Œ0çš„ä¸ªæ•°:  430
æ€»æ•°:  860
æ­£ç¡®çš„ä¸ªæ•°:  680
Epoch [36/100], V_AUC: [4m0.7868[0m
Epoch [37/100], Loss: 56.2936
train_Accuracy: [91m0.8228[0m
train_Precision: [4;34m0.8420[0m,               train_Recall: [4;33m0.8051[0m,                 train_F1 Score: [4;35m0.8179[0m
æ ‡ç­¾é‡Œ1çš„ä¸ªæ•°:  2150
æ ‡ç­¾é‡Œ0çš„ä¸ªæ•°:  2150
æ€»æ•°:  4300
æ­£ç¡®çš„ä¸ªæ•°:  3538
æœ€åä¸€ä¸ªæ‰¹æ¬¡çš„è¾“å‡º, ä¸æ»¡batchsizeæ˜¯æ­£å¸¸çš„:
 tensor([[0.8902],
        [0.8627],
        [0.9749],
        [0.1238],
        [0.8347],
        [0.0835],
        [0.4002],
        [0.3315],
        [0.5738],
        [0.8525],
        [0.0246],
        [0.2002]], device='cuda:0', grad_fn=<SigmoidBackward0>)
Epoch [37/100], T_AUC: [4m0.8285[0m
Epoch [37/100], Loss: 13.7439
val_Accuracy: [92m0.7907[0m
val_Precision: [4;34m0.8164[0m,               val_Recall: [4;33m0.7403[0m,                 val_F1 Score: [4;35m0.7724[0m
æ ‡ç­¾é‡Œ1çš„ä¸ªæ•°:  430
æ ‡ç­¾é‡Œ0çš„ä¸ªæ•°:  430
æ€»æ•°:  860
æ­£ç¡®çš„ä¸ªæ•°:  680
Epoch [37/100], V_AUC: [4m0.7877[0m
Epoch [38/100], Loss: 56.2655
train_Accuracy: [91m0.8235[0m
train_Precision: [4;34m0.8440[0m,               train_Recall: [4;33m0.8042[0m,                 train_F1 Score: [4;35m0.8183[0m
æ ‡ç­¾é‡Œ1çš„ä¸ªæ•°:  2150
æ ‡ç­¾é‡Œ0çš„ä¸ªæ•°:  2150
æ€»æ•°:  4300
æ­£ç¡®çš„ä¸ªæ•°:  3541
æœ€åä¸€ä¸ªæ‰¹æ¬¡çš„è¾“å‡º, ä¸æ»¡batchsizeæ˜¯æ­£å¸¸çš„:
 tensor([[0.8869],
        [0.8543],
        [0.9730],
        [0.1065],
        [0.8581],
        [0.0836],
        [0.4092],
        [0.3260],
        [0.5746],
        [0.8512],
        [0.0273],
        [0.1935]], device='cuda:0', grad_fn=<SigmoidBackward0>)
Epoch [38/100], T_AUC: [4m0.8292[0m
Epoch [38/100], Loss: 13.7408
val_Accuracy: [92m0.7919[0m
val_Precision: [4;34m0.8203[0m,               val_Recall: [4;33m0.7383[0m,                 val_F1 Score: [4;35m0.7728[0m
æ ‡ç­¾é‡Œ1çš„ä¸ªæ•°:  430
æ ‡ç­¾é‡Œ0çš„ä¸ªæ•°:  430
æ€»æ•°:  860
æ­£ç¡®çš„ä¸ªæ•°:  681
Epoch [38/100], V_AUC: [4m0.7892[0m
Epoch [39/100], Loss: 56.2326
train_Accuracy: [91m0.8244[0m
train_Precision: [4;34m0.8460[0m,               train_Recall: [4;33m0.8042[0m,                 train_F1 Score: [4;35m0.8194[0m
æ ‡ç­¾é‡Œ1çš„ä¸ªæ•°:  2150
æ ‡ç­¾é‡Œ0çš„ä¸ªæ•°:  2150
æ€»æ•°:  4300
æ­£ç¡®çš„ä¸ªæ•°:  3545
æœ€åä¸€ä¸ªæ‰¹æ¬¡çš„è¾“å‡º, ä¸æ»¡batchsizeæ˜¯æ­£å¸¸çš„:
 tensor([[0.8913],
        [0.8591],
        [0.9739],
        [0.1071],
        [0.8318],
        [0.0847],
        [0.4084],
        [0.3726],
        [0.5705],
        [0.8556],
        [0.0252],
        [0.1973]], device='cuda:0', grad_fn=<SigmoidBackward0>)
Epoch [39/100], T_AUC: [4m0.8300[0m
Epoch [39/100], Loss: 13.6589
val_Accuracy: [92m0.7907[0m
val_Precision: [4;34m0.8199[0m,               val_Recall: [4;33m0.7361[0m,                 val_F1 Score: [4;35m0.7713[0m
æ ‡ç­¾é‡Œ1çš„ä¸ªæ•°:  430
æ ‡ç­¾é‡Œ0çš„ä¸ªæ•°:  430
æ€»æ•°:  860
æ­£ç¡®çš„ä¸ªæ•°:  680
Epoch [39/100], V_AUC: [4m0.7881[0m
Epoch [40/100], Loss: 56.2021
train_Accuracy: [91m0.8240[0m
train_Precision: [4;34m0.8442[0m,               train_Recall: [4;33m0.8046[0m,                 train_F1 Score: [4;35m0.8189[0m
æ ‡ç­¾é‡Œ1çš„ä¸ªæ•°:  2150
æ ‡ç­¾é‡Œ0çš„ä¸ªæ•°:  2150
æ€»æ•°:  4300
æ­£ç¡®çš„ä¸ªæ•°:  3543
æœ€åä¸€ä¸ªæ‰¹æ¬¡çš„è¾“å‡º, ä¸æ»¡batchsizeæ˜¯æ­£å¸¸çš„:
 tensor([[0.8915],
        [0.8631],
        [0.9730],
        [0.0949],
        [0.8589],
        [0.0882],
        [0.3984],
        [0.3549],
        [0.5596],
        [0.8573],
        [0.0305],
        [0.2019]], device='cuda:0', grad_fn=<SigmoidBackward0>)
Epoch [40/100], T_AUC: [4m0.8292[0m
Epoch [40/100], Loss: 13.6782
val_Accuracy: [92m0.7907[0m
val_Precision: [4;34m0.8182[0m,               val_Recall: [4;33m0.7381[0m,                 val_F1 Score: [4;35m0.7720[0m
æ ‡ç­¾é‡Œ1çš„ä¸ªæ•°:  430
æ ‡ç­¾é‡Œ0çš„ä¸ªæ•°:  430
æ€»æ•°:  860
æ­£ç¡®çš„ä¸ªæ•°:  680
Epoch [40/100], V_AUC: [4m0.7868[0m
Epoch [41/100], Loss: 56.2072
train_Accuracy: [91m0.8253[0m
train_Precision: [4;34m0.8464[0m,               train_Recall: [4;33m0.8050[0m,                 train_F1 Score: [4;35m0.8201[0m
æ ‡ç­¾é‡Œ1çš„ä¸ªæ•°:  2150
æ ‡ç­¾é‡Œ0çš„ä¸ªæ•°:  2150
æ€»æ•°:  4300
æ­£ç¡®çš„ä¸ªæ•°:  3549
æœ€åä¸€ä¸ªæ‰¹æ¬¡çš„è¾“å‡º, ä¸æ»¡batchsizeæ˜¯æ­£å¸¸çš„:
 tensor([[0.8849],
        [0.8521],
        [0.9702],
        [0.1028],
        [0.8612],
        [0.0797],
        [0.4081],
        [0.3378],
        [0.5869],
        [0.8580],
        [0.0272],
        [0.2022]], device='cuda:0', grad_fn=<SigmoidBackward0>)
Epoch [41/100], T_AUC: [4m0.8305[0m
Epoch [41/100], Loss: 13.7213
val_Accuracy: [92m0.7919[0m
val_Precision: [4;34m0.8168[0m,               val_Recall: [4;33m0.7430[0m,                 val_F1 Score: [4;35m0.7742[0m
æ ‡ç­¾é‡Œ1çš„ä¸ªæ•°:  430
æ ‡ç­¾é‡Œ0çš„ä¸ªæ•°:  430
æ€»æ•°:  860
æ­£ç¡®çš„ä¸ªæ•°:  681
Epoch [41/100], V_AUC: [4m0.7883[0m
Epoch [42/100], Loss: 56.1221
train_Accuracy: [91m0.8242[0m
train_Precision: [4;34m0.8452[0m,               train_Recall: [4;33m0.8034[0m,                 train_F1 Score: [4;35m0.8188[0m
æ ‡ç­¾é‡Œ1çš„ä¸ªæ•°:  2150
æ ‡ç­¾é‡Œ0çš„ä¸ªæ•°:  2150
æ€»æ•°:  4300
æ­£ç¡®çš„ä¸ªæ•°:  3544
æœ€åä¸€ä¸ªæ‰¹æ¬¡çš„è¾“å‡º, ä¸æ»¡batchsizeæ˜¯æ­£å¸¸çš„:
 tensor([[0.8822],
        [0.8553],
        [0.9736],
        [0.1135],
        [0.8678],
        [0.0744],
        [0.3918],
        [0.3491],
        [0.5898],
        [0.8544],
        [0.0269],
        [0.1999]], device='cuda:0', grad_fn=<SigmoidBackward0>)
Epoch [42/100], T_AUC: [4m0.8297[0m
Epoch [42/100], Loss: 13.9353
val_Accuracy: [92m0.7895[0m
val_Precision: [4;34m0.8131[0m,               val_Recall: [4;33m0.7419[0m,                 val_F1 Score: [4;35m0.7720[0m
æ ‡ç­¾é‡Œ1çš„ä¸ªæ•°:  430
æ ‡ç­¾é‡Œ0çš„ä¸ªæ•°:  430
æ€»æ•°:  860
æ­£ç¡®çš„ä¸ªæ•°:  679
Epoch [42/100], V_AUC: [4m0.7853[0m
Epoch [43/100], Loss: 56.2194
train_Accuracy: [91m0.8242[0m
train_Precision: [4;34m0.8462[0m,               train_Recall: [4;33m0.8025[0m,                 train_F1 Score: [4;35m0.8187[0m
æ ‡ç­¾é‡Œ1çš„ä¸ªæ•°:  2150
æ ‡ç­¾é‡Œ0çš„ä¸ªæ•°:  2150
æ€»æ•°:  4300
æ­£ç¡®çš„ä¸ªæ•°:  3544
æœ€åä¸€ä¸ªæ‰¹æ¬¡çš„è¾“å‡º, ä¸æ»¡batchsizeæ˜¯æ­£å¸¸çš„:
 tensor([[0.8755],
        [0.8489],
        [0.9732],
        [0.1100],
        [0.8798],
        [0.0787],
        [0.4015],
        [0.3144],
        [0.5945],
        [0.8630],
        [0.0290],
        [0.1910]], device='cuda:0', grad_fn=<SigmoidBackward0>)
Epoch [43/100], T_AUC: [4m0.8295[0m
Epoch [43/100], Loss: 13.7803
val_Accuracy: [92m0.7930[0m
val_Precision: [4;34m0.8151[0m,               val_Recall: [4;33m0.7467[0m,                 val_F1 Score: [4;35m0.7752[0m
æ ‡ç­¾é‡Œ1çš„ä¸ªæ•°:  430
æ ‡ç­¾é‡Œ0çš„ä¸ªæ•°:  430
æ€»æ•°:  860
æ­£ç¡®çš„ä¸ªæ•°:  682
Epoch [43/100], V_AUC: [4m0.7892[0m
Epoch [44/100], Loss: 56.0720
train_Accuracy: [91m0.8263[0m
train_Precision: [4;34m0.8474[0m,               train_Recall: [4;33m0.8058[0m,                 train_F1 Score: [4;35m0.8212[0m
æ ‡ç­¾é‡Œ1çš„ä¸ªæ•°:  2150
æ ‡ç­¾é‡Œ0çš„ä¸ªæ•°:  2150
æ€»æ•°:  4300
æ­£ç¡®çš„ä¸ªæ•°:  3553
æœ€åä¸€ä¸ªæ‰¹æ¬¡çš„è¾“å‡º, ä¸æ»¡batchsizeæ˜¯æ­£å¸¸çš„:
 tensor([[0.8811],
        [0.8559],
        [0.9722],
        [0.1112],
        [0.8647],
        [0.0710],
        [0.4065],
        [0.3737],
        [0.5903],
        [0.8543],
        [0.0272],
        [0.1972]], device='cuda:0', grad_fn=<SigmoidBackward0>)
Epoch [44/100], T_AUC: [4m0.8315[0m
Epoch [44/100], Loss: 13.7917
val_Accuracy: [92m0.7919[0m
val_Precision: [4;34m0.8132[0m,               val_Recall: [4;33m0.7471[0m,                 val_F1 Score: [4;35m0.7740[0m
æ ‡ç­¾é‡Œ1çš„ä¸ªæ•°:  430
æ ‡ç­¾é‡Œ0çš„ä¸ªæ•°:  430
æ€»æ•°:  860
æ­£ç¡®çš„ä¸ªæ•°:  681
Epoch [44/100], V_AUC: [4m0.7882[0m
Epoch [45/100], Loss: 56.0975
train_Accuracy: [91m0.8235[0m
train_Precision: [4;34m0.8451[0m,               train_Recall: [4;33m0.8023[0m,                 train_F1 Score: [4;35m0.8180[0m
æ ‡ç­¾é‡Œ1çš„ä¸ªæ•°:  2150
æ ‡ç­¾é‡Œ0çš„ä¸ªæ•°:  2150
æ€»æ•°:  4300
æ­£ç¡®çš„ä¸ªæ•°:  3541
æœ€åä¸€ä¸ªæ‰¹æ¬¡çš„è¾“å‡º, ä¸æ»¡batchsizeæ˜¯æ­£å¸¸çš„:
 tensor([[0.8767],
        [0.8560],
        [0.9745],
        [0.1061],
        [0.8610],
        [0.0708],
        [0.4076],
        [0.3748],
        [0.5875],
        [0.8491],
        [0.0267],
        [0.1904]], device='cuda:0', grad_fn=<SigmoidBackward0>)
Epoch [45/100], T_AUC: [4m0.8290[0m
Epoch [45/100], Loss: 14.0304
val_Accuracy: [92m0.7919[0m
val_Precision: [4;34m0.8091[0m,               val_Recall: [4;33m0.7532[0m,                 val_F1 Score: [4;35m0.7752[0m
æ ‡ç­¾é‡Œ1çš„ä¸ªæ•°:  430
æ ‡ç­¾é‡Œ0çš„ä¸ªæ•°:  430
æ€»æ•°:  860
æ­£ç¡®çš„ä¸ªæ•°:  681
Epoch [45/100], V_AUC: [4m0.7880[0m
Epoch [46/100], Loss: 56.0909
train_Accuracy: [91m0.8240[0m
train_Precision: [4;34m0.8462[0m,               train_Recall: [4;33m0.8025[0m,                 train_F1 Score: [4;35m0.8188[0m
æ ‡ç­¾é‡Œ1çš„ä¸ªæ•°:  2150
æ ‡ç­¾é‡Œ0çš„ä¸ªæ•°:  2150
æ€»æ•°:  4300
æ­£ç¡®çš„ä¸ªæ•°:  3543
æœ€åä¸€ä¸ªæ‰¹æ¬¡çš„è¾“å‡º, ä¸æ»¡batchsizeæ˜¯æ­£å¸¸çš„:
 tensor([[0.8775],
        [0.8514],
        [0.9736],
        [0.1029],
        [0.8602],
        [0.0672],
        [0.4159],
        [0.3487],
        [0.5908],
        [0.8520],
        [0.0313],
        [0.1844]], device='cuda:0', grad_fn=<SigmoidBackward0>)
Epoch [46/100], T_AUC: [4m0.8293[0m
Epoch [46/100], Loss: 13.9074
val_Accuracy: [92m0.7895[0m
val_Precision: [4;34m0.8215[0m,               val_Recall: [4;33m0.7323[0m,                 val_F1 Score: [4;35m0.7700[0m
æ ‡ç­¾é‡Œ1çš„ä¸ªæ•°:  430
æ ‡ç­¾é‡Œ0çš„ä¸ªæ•°:  430
æ€»æ•°:  860
æ­£ç¡®çš„ä¸ªæ•°:  679
Epoch [46/100], V_AUC: [4m0.7864[0m
Epoch [47/100], Loss: 56.0746
train_Accuracy: [91m0.8235[0m
train_Precision: [4;34m0.8446[0m,               train_Recall: [4;33m0.8022[0m,                 train_F1 Score: [4;35m0.8179[0m
æ ‡ç­¾é‡Œ1çš„ä¸ªæ•°:  2150
æ ‡ç­¾é‡Œ0çš„ä¸ªæ•°:  2150
æ€»æ•°:  4300
æ­£ç¡®çš„ä¸ªæ•°:  3541
æœ€åä¸€ä¸ªæ‰¹æ¬¡çš„è¾“å‡º, ä¸æ»¡batchsizeæ˜¯æ­£å¸¸çš„:
 tensor([[0.8717],
        [0.8530],
        [0.9736],
        [0.1099],
        [0.8698],
        [0.0646],
        [0.3866],
        [0.3949],
        [0.5810],
        [0.8529],
        [0.0251],
        [0.1974]], device='cuda:0', grad_fn=<SigmoidBackward0>)
Epoch [47/100], T_AUC: [4m0.8288[0m
Epoch [47/100], Loss: 14.1065
val_Accuracy: [92m0.7930[0m
val_Precision: [4;34m0.8194[0m,               val_Recall: [4;33m0.7433[0m,                 val_F1 Score: [4;35m0.7750[0m
æ ‡ç­¾é‡Œ1çš„ä¸ªæ•°:  430
æ ‡ç­¾é‡Œ0çš„ä¸ªæ•°:  430
æ€»æ•°:  860
æ­£ç¡®çš„ä¸ªæ•°:  682
Epoch [47/100], V_AUC: [4m0.7894[0m
Epoch [48/100], Loss: 56.0732
train_Accuracy: [91m0.8233[0m
train_Precision: [4;34m0.8457[0m,               train_Recall: [4;33m0.8010[0m,                 train_F1 Score: [4;35m0.8178[0m
æ ‡ç­¾é‡Œ1çš„ä¸ªæ•°:  2150
æ ‡ç­¾é‡Œ0çš„ä¸ªæ•°:  2150
æ€»æ•°:  4300
æ­£ç¡®çš„ä¸ªæ•°:  3540
æœ€åä¸€ä¸ªæ‰¹æ¬¡çš„è¾“å‡º, ä¸æ»¡batchsizeæ˜¯æ­£å¸¸çš„:
 tensor([[0.8789],
        [0.8531],
        [0.9721],
        [0.1063],
        [0.8692],
        [0.0660],
        [0.3951],
        [0.4349],
        [0.5853],
        [0.8588],
        [0.0275],
        [0.1987]], device='cuda:0', grad_fn=<SigmoidBackward0>)
Epoch [48/100], T_AUC: [4m0.8285[0m
Epoch [48/100], Loss: 13.7886
val_Accuracy: [92m0.7895[0m
val_Precision: [4;34m0.8103[0m,               val_Recall: [4;33m0.7471[0m,                 val_F1 Score: [4;35m0.7728[0m
æ ‡ç­¾é‡Œ1çš„ä¸ªæ•°:  430
æ ‡ç­¾é‡Œ0çš„ä¸ªæ•°:  430
æ€»æ•°:  860
æ­£ç¡®çš„ä¸ªæ•°:  679
Epoch [48/100], V_AUC: [4m0.7856[0m
Epoch [49/100], Loss: 55.9652
train_Accuracy: [91m0.8272[0m
train_Precision: [4;34m0.8485[0m,               train_Recall: [4;33m0.8056[0m,                 train_F1 Score: [4;35m0.8218[0m
æ ‡ç­¾é‡Œ1çš„ä¸ªæ•°:  2150
æ ‡ç­¾é‡Œ0çš„ä¸ªæ•°:  2150
æ€»æ•°:  4300
æ­£ç¡®çš„ä¸ªæ•°:  3557
æœ€åä¸€ä¸ªæ‰¹æ¬¡çš„è¾“å‡º, ä¸æ»¡batchsizeæ˜¯æ­£å¸¸çš„:
 tensor([[0.8816],
        [0.8600],
        [0.9717],
        [0.1092],
        [0.8801],
        [0.0722],
        [0.4290],
        [0.2984],
        [0.5866],
        [0.8644],
        [0.0303],
        [0.2058]], device='cuda:0', grad_fn=<SigmoidBackward0>)
Epoch [49/100], T_AUC: [4m0.8324[0m
Epoch [49/100], Loss: 13.9284
val_Accuracy: [92m0.7919[0m
val_Precision: [4;34m0.8156[0m,               val_Recall: [4;33m0.7450[0m,                 val_F1 Score: [4;35m0.7747[0m
æ ‡ç­¾é‡Œ1çš„ä¸ªæ•°:  430
æ ‡ç­¾é‡Œ0çš„ä¸ªæ•°:  430
æ€»æ•°:  860
æ­£ç¡®çš„ä¸ªæ•°:  681
Epoch [49/100], V_AUC: [4m0.7876[0m
Epoch [50/100], Loss: 56.0404
train_Accuracy: [91m0.8260[0m
train_Precision: [4;34m0.8486[0m,               train_Recall: [4;33m0.8035[0m,                 train_F1 Score: [4;35m0.8206[0m
æ ‡ç­¾é‡Œ1çš„ä¸ªæ•°:  2150
æ ‡ç­¾é‡Œ0çš„ä¸ªæ•°:  2150
æ€»æ•°:  4300
æ­£ç¡®çš„ä¸ªæ•°:  3552
æœ€åä¸€ä¸ªæ‰¹æ¬¡çš„è¾“å‡º, ä¸æ»¡batchsizeæ˜¯æ­£å¸¸çš„:
 tensor([[0.8812],
        [0.8565],
        [0.9723],
        [0.1030],
        [0.8599],
        [0.0661],
        [0.4090],
        [0.3519],
        [0.5819],
        [0.8633],
        [0.0308],
        [0.1939]], device='cuda:0', grad_fn=<SigmoidBackward0>)
Epoch [50/100], T_AUC: [4m0.8312[0m
Epoch [50/100], Loss: 14.0573
val_Accuracy: [92m0.7826[0m
val_Precision: [4;34m0.8273[0m,               val_Recall: [4;33m0.7076[0m,                 val_F1 Score: [4;35m0.7588[0m
æ ‡ç­¾é‡Œ1çš„ä¸ªæ•°:  430
æ ‡ç­¾é‡Œ0çš„ä¸ªæ•°:  430
æ€»æ•°:  860
æ­£ç¡®çš„ä¸ªæ•°:  673
Epoch [50/100], V_AUC: [4m0.7802[0m
Epoch [51/100], Loss: 55.9203
train_Accuracy: [91m0.8228[0m
train_Precision: [4;34m0.8442[0m,               train_Recall: [4;33m0.8023[0m,                 train_F1 Score: [4;35m0.8178[0m
æ ‡ç­¾é‡Œ1çš„ä¸ªæ•°:  2150
æ ‡ç­¾é‡Œ0çš„ä¸ªæ•°:  2150
æ€»æ•°:  4300
æ­£ç¡®çš„ä¸ªæ•°:  3538
æœ€åä¸€ä¸ªæ‰¹æ¬¡çš„è¾“å‡º, ä¸æ»¡batchsizeæ˜¯æ­£å¸¸çš„:
 tensor([[0.8380],
        [0.8653],
        [0.9785],
        [0.1123],
        [0.8838],
        [0.0790],
        [0.3572],
        [0.2318],
        [0.5531],
        [0.8773],
        [0.0314],
        [0.2304]], device='cuda:0', grad_fn=<SigmoidBackward0>)
Epoch [51/100], T_AUC: [4m0.8284[0m
Epoch [51/100], Loss: 14.2001
val_Accuracy: [92m0.7930[0m
val_Precision: [4;34m0.8178[0m,               val_Recall: [4;33m0.7465[0m,                 val_F1 Score: [4;35m0.7760[0m
æ ‡ç­¾é‡Œ1çš„ä¸ªæ•°:  430
æ ‡ç­¾é‡Œ0çš„ä¸ªæ•°:  430
æ€»æ•°:  860
æ­£ç¡®çš„ä¸ªæ•°:  682
Epoch [51/100], V_AUC: [4m0.7906[0m
Epoch [52/100], Loss: 55.9737
train_Accuracy: [91m0.8244[0m
train_Precision: [4;34m0.8477[0m,               train_Recall: [4;33m0.8020[0m,                 train_F1 Score: [4;35m0.8191[0m
æ ‡ç­¾é‡Œ1çš„ä¸ªæ•°:  2150
æ ‡ç­¾é‡Œ0çš„ä¸ªæ•°:  2150
æ€»æ•°:  4300
æ­£ç¡®çš„ä¸ªæ•°:  3545
æœ€åä¸€ä¸ªæ‰¹æ¬¡çš„è¾“å‡º, ä¸æ»¡batchsizeæ˜¯æ­£å¸¸çš„:
 tensor([[0.8772],
        [0.8495],
        [0.9697],
        [0.1011],
        [0.8746],
        [0.0640],
        [0.4051],
        [0.3566],
        [0.6017],
        [0.8662],
        [0.0274],
        [0.2097]], device='cuda:0', grad_fn=<SigmoidBackward0>)
Epoch [52/100], T_AUC: [4m0.8301[0m
Epoch [52/100], Loss: 14.0991
val_Accuracy: [92m0.7860[0m
val_Precision: [4;34m0.8056[0m,               val_Recall: [4;33m0.7448[0m,                 val_F1 Score: [4;35m0.7694[0m
æ ‡ç­¾é‡Œ1çš„ä¸ªæ•°:  430
æ ‡ç­¾é‡Œ0çš„ä¸ªæ•°:  430
æ€»æ•°:  860
æ­£ç¡®çš„ä¸ªæ•°:  676
Epoch [52/100], V_AUC: [4m0.7824[0m
Epoch [53/100], Loss: 55.9377
train_Accuracy: [91m0.8267[0m
train_Precision: [4;34m0.8489[0m,               train_Recall: [4;33m0.8046[0m,                 train_F1 Score: [4;35m0.8212[0m
æ ‡ç­¾é‡Œ1çš„ä¸ªæ•°:  2150
æ ‡ç­¾é‡Œ0çš„ä¸ªæ•°:  2150
æ€»æ•°:  4300
æ­£ç¡®çš„ä¸ªæ•°:  3555
æœ€åä¸€ä¸ªæ‰¹æ¬¡çš„è¾“å‡º, ä¸æ»¡batchsizeæ˜¯æ­£å¸¸çš„:
 tensor([[0.8790],
        [0.8556],
        [0.9720],
        [0.1078],
        [0.8743],
        [0.0662],
        [0.4030],
        [0.3827],
        [0.5859],
        [0.8647],
        [0.0289],
        [0.1978]], device='cuda:0', grad_fn=<SigmoidBackward0>)
Epoch [53/100], T_AUC: [4m0.8319[0m
Epoch [53/100], Loss: 13.9582
val_Accuracy: [92m0.7907[0m
val_Precision: [4;34m0.8145[0m,               val_Recall: [4;33m0.7421[0m,                 val_F1 Score: [4;35m0.7727[0m
æ ‡ç­¾é‡Œ1çš„ä¸ªæ•°:  430
æ ‡ç­¾é‡Œ0çš„ä¸ªæ•°:  430
æ€»æ•°:  860
æ­£ç¡®çš„ä¸ªæ•°:  680
Epoch [53/100], V_AUC: [4m0.7865[0m
Epoch [54/100], Loss: 56.0102
train_Accuracy: [91m0.8247[0m
train_Precision: [4;34m0.8467[0m,               train_Recall: [4;33m0.8032[0m,                 train_F1 Score: [4;35m0.8192[0m
æ ‡ç­¾é‡Œ1çš„ä¸ªæ•°:  2150
æ ‡ç­¾é‡Œ0çš„ä¸ªæ•°:  2150
æ€»æ•°:  4300
æ­£ç¡®çš„ä¸ªæ•°:  3546
æœ€åä¸€ä¸ªæ‰¹æ¬¡çš„è¾“å‡º, ä¸æ»¡batchsizeæ˜¯æ­£å¸¸çš„:
 tensor([[0.8756],
        [0.8494],
        [0.9730],
        [0.1025],
        [0.8787],
        [0.0727],
        [0.4080],
        [0.3390],
        [0.5825],
        [0.8654],
        [0.0354],
        [0.1930]], device='cuda:0', grad_fn=<SigmoidBackward0>)
Epoch [54/100], T_AUC: [4m0.8306[0m
Epoch [54/100], Loss: 13.7164
val_Accuracy: [92m0.7895[0m
val_Precision: [4;34m0.8048[0m,               val_Recall: [4;33m0.7540[0m,                 val_F1 Score: [4;35m0.7739[0m
æ ‡ç­¾é‡Œ1çš„ä¸ªæ•°:  430
æ ‡ç­¾é‡Œ0çš„ä¸ªæ•°:  430
æ€»æ•°:  860
æ­£ç¡®çš„ä¸ªæ•°:  679
Epoch [54/100], V_AUC: [4m0.7860[0m
Epoch [55/100], Loss: 56.0348
train_Accuracy: [91m0.8233[0m
train_Precision: [4;34m0.8435[0m,               train_Recall: [4;33m0.8039[0m,                 train_F1 Score: [4;35m0.8182[0m
æ ‡ç­¾é‡Œ1çš„ä¸ªæ•°:  2150
æ ‡ç­¾é‡Œ0çš„ä¸ªæ•°:  2150
æ€»æ•°:  4300
æ­£ç¡®çš„ä¸ªæ•°:  3540
æœ€åä¸€ä¸ªæ‰¹æ¬¡çš„è¾“å‡º, ä¸æ»¡batchsizeæ˜¯æ­£å¸¸çš„:
 tensor([[0.8834],
        [0.8528],
        [0.9751],
        [0.1019],
        [0.8807],
        [0.0773],
        [0.3664],
        [0.4127],
        [0.5419],
        [0.8684],
        [0.0419],
        [0.1332]], device='cuda:0', grad_fn=<SigmoidBackward0>)
Epoch [55/100], T_AUC: [4m0.8290[0m
Epoch [55/100], Loss: 13.7636
val_Accuracy: [92m0.7930[0m
val_Precision: [4;34m0.8182[0m,               val_Recall: [4;33m0.7456[0m,                 val_F1 Score: [4;35m0.7758[0m
æ ‡ç­¾é‡Œ1çš„ä¸ªæ•°:  430
æ ‡ç­¾é‡Œ0çš„ä¸ªæ•°:  430
æ€»æ•°:  860
æ­£ç¡®çš„ä¸ªæ•°:  682
Epoch [55/100], V_AUC: [4m0.7898[0m
Epoch [56/100], Loss: 56.0172
train_Accuracy: [91m0.8256[0m
train_Precision: [4;34m0.8465[0m,               train_Recall: [4;33m0.8054[0m,                 train_F1 Score: [4;35m0.8205[0m
æ ‡ç­¾é‡Œ1çš„ä¸ªæ•°:  2150
æ ‡ç­¾é‡Œ0çš„ä¸ªæ•°:  2150
æ€»æ•°:  4300
æ­£ç¡®çš„ä¸ªæ•°:  3550
æœ€åä¸€ä¸ªæ‰¹æ¬¡çš„è¾“å‡º, ä¸æ»¡batchsizeæ˜¯æ­£å¸¸çš„:
 tensor([[0.8816],
        [0.8450],
        [0.9705],
        [0.0936],
        [0.8784],
        [0.0751],
        [0.3847],
        [0.3555],
        [0.5610],
        [0.8747],
        [0.0268],
        [0.1852]], device='cuda:0', grad_fn=<SigmoidBackward0>)
Epoch [56/100], T_AUC: [4m0.8309[0m
Epoch [56/100], Loss: 14.0319
val_Accuracy: [92m0.7895[0m
val_Precision: [4;34m0.8369[0m,               val_Recall: [4;33m0.7116[0m,                 val_F1 Score: [4;35m0.7652[0m
æ ‡ç­¾é‡Œ1çš„ä¸ªæ•°:  430
æ ‡ç­¾é‡Œ0çš„ä¸ªæ•°:  430
æ€»æ•°:  860
æ­£ç¡®çš„ä¸ªæ•°:  679
Epoch [56/100], V_AUC: [4m0.7868[0m
Epoch [57/100], Loss: 55.9053
train_Accuracy: [91m0.8253[0m
train_Precision: [4;34m0.8464[0m,               train_Recall: [4;33m0.8057[0m,                 train_F1 Score: [4;35m0.8206[0m
æ ‡ç­¾é‡Œ1çš„ä¸ªæ•°:  2150
æ ‡ç­¾é‡Œ0çš„ä¸ªæ•°:  2150
æ€»æ•°:  4300
æ­£ç¡®çš„ä¸ªæ•°:  3549
æœ€åä¸€ä¸ªæ‰¹æ¬¡çš„è¾“å‡º, ä¸æ»¡batchsizeæ˜¯æ­£å¸¸çš„:
 tensor([[0.8716],
        [0.8341],
        [0.9664],
        [0.0886],
        [0.8768],
        [0.0649],
        [0.4036],
        [0.3442],
        [0.6021],
        [0.8677],
        [0.0357],
        [0.1997]], device='cuda:0', grad_fn=<SigmoidBackward0>)
Epoch [57/100], T_AUC: [4m0.8308[0m
Epoch [57/100], Loss: 13.7209
val_Accuracy: [92m0.7953[0m
val_Precision: [4;34m0.8219[0m,               val_Recall: [4;33m0.7460[0m,                 val_F1 Score: [4;35m0.7781[0m
æ ‡ç­¾é‡Œ1çš„ä¸ªæ•°:  430
æ ‡ç­¾é‡Œ0çš„ä¸ªæ•°:  430
æ€»æ•°:  860
æ­£ç¡®çš„ä¸ªæ•°:  684
Epoch [57/100], V_AUC: [4m0.7916[0m
Epoch [58/100], Loss: 55.7557
train_Accuracy: [91m0.8281[0m
train_Precision: [4;34m0.8476[0m,               train_Recall: [4;33m0.8095[0m,                 train_F1 Score: [4;35m0.8233[0m
æ ‡ç­¾é‡Œ1çš„ä¸ªæ•°:  2150
æ ‡ç­¾é‡Œ0çš„ä¸ªæ•°:  2150
æ€»æ•°:  4300
æ­£ç¡®çš„ä¸ªæ•°:  3561
æœ€åä¸€ä¸ªæ‰¹æ¬¡çš„è¾“å‡º, ä¸æ»¡batchsizeæ˜¯æ­£å¸¸çš„:
 tensor([[0.8897],
        [0.8425],
        [0.9727],
        [0.1051],
        [0.8937],
        [0.0614],
        [0.4142],
        [0.2321],
        [0.6049],
        [0.8794],
        [0.0281],
        [0.1954]], device='cuda:0', grad_fn=<SigmoidBackward0>)
Epoch [58/100], T_AUC: [4m0.8334[0m
Epoch [58/100], Loss: 14.3981
val_Accuracy: [92m0.7895[0m
val_Precision: [4;34m0.8224[0m,               val_Recall: [4;33m0.7299[0m,                 val_F1 Score: [4;35m0.7695[0m
æ ‡ç­¾é‡Œ1çš„ä¸ªæ•°:  430
æ ‡ç­¾é‡Œ0çš„ä¸ªæ•°:  430
æ€»æ•°:  860
æ­£ç¡®çš„ä¸ªæ•°:  679
Epoch [58/100], V_AUC: [4m0.7866[0m
Epoch [59/100], Loss: 56.1111
train_Accuracy: [91m0.8247[0m
train_Precision: [4;34m0.8439[0m,               train_Recall: [4;33m0.8057[0m,                 train_F1 Score: [4;35m0.8196[0m
æ ‡ç­¾é‡Œ1çš„ä¸ªæ•°:  2150
æ ‡ç­¾é‡Œ0çš„ä¸ªæ•°:  2150
æ€»æ•°:  4300
æ­£ç¡®çš„ä¸ªæ•°:  3546
æœ€åä¸€ä¸ªæ‰¹æ¬¡çš„è¾“å‡º, ä¸æ»¡batchsizeæ˜¯æ­£å¸¸çš„:
 tensor([[0.8874],
        [0.8350],
        [0.9678],
        [0.0831],
        [0.8881],
        [0.0599],
        [0.4713],
        [0.3241],
        [0.5970],
        [0.8865],
        [0.0403],
        [0.1576]], device='cuda:0', grad_fn=<SigmoidBackward0>)
Epoch [59/100], T_AUC: [4m0.8299[0m
Epoch [59/100], Loss: 14.0768
val_Accuracy: [92m0.7919[0m
val_Precision: [4;34m0.8095[0m,               val_Recall: [4;33m0.7538[0m,                 val_F1 Score: [4;35m0.7756[0m
æ ‡ç­¾é‡Œ1çš„ä¸ªæ•°:  430
æ ‡ç­¾é‡Œ0çš„ä¸ªæ•°:  430
æ€»æ•°:  860
æ­£ç¡®çš„ä¸ªæ•°:  681
Epoch [59/100], V_AUC: [4m0.7888[0m
Epoch [60/100], Loss: 55.9585
train_Accuracy: [91m0.8253[0m
train_Precision: [4;34m0.8434[0m,               train_Recall: [4;33m0.8091[0m,                 train_F1 Score: [4;35m0.8211[0m
æ ‡ç­¾é‡Œ1çš„ä¸ªæ•°:  2150
æ ‡ç­¾é‡Œ0çš„ä¸ªæ•°:  2150
æ€»æ•°:  4300
æ­£ç¡®çš„ä¸ªæ•°:  3549
æœ€åä¸€ä¸ªæ‰¹æ¬¡çš„è¾“å‡º, ä¸æ»¡batchsizeæ˜¯æ­£å¸¸çš„:
 tensor([[0.8790],
        [0.8223],
        [0.9768],
        [0.1120],
        [0.8817],
        [0.0822],
        [0.3484],
        [0.2994],
        [0.5593],
        [0.8757],
        [0.0319],
        [0.1985]], device='cuda:0', grad_fn=<SigmoidBackward0>)
Epoch [60/100], T_AUC: [4m0.8309[0m
Epoch [60/100], Loss: 13.8862
val_Accuracy: [92m0.7942[0m
val_Precision: [4;34m0.8244[0m,               val_Recall: [4;33m0.7375[0m,                 val_F1 Score: [4;35m0.7747[0m
æ ‡ç­¾é‡Œ1çš„ä¸ªæ•°:  430
æ ‡ç­¾é‡Œ0çš„ä¸ªæ•°:  430
æ€»æ•°:  860
æ­£ç¡®çš„ä¸ªæ•°:  683
Epoch [60/100], V_AUC: [4m0.7911[0m
Epoch [61/100], Loss: 55.9816
train_Accuracy: [91m0.8249[0m
train_Precision: [4;34m0.8453[0m,               train_Recall: [4;33m0.8055[0m,                 train_F1 Score: [4;35m0.8199[0m
æ ‡ç­¾é‡Œ1çš„ä¸ªæ•°:  2150
æ ‡ç­¾é‡Œ0çš„ä¸ªæ•°:  2150
æ€»æ•°:  4300
æ­£ç¡®çš„ä¸ªæ•°:  3547
æœ€åä¸€ä¸ªæ‰¹æ¬¡çš„è¾“å‡º, ä¸æ»¡batchsizeæ˜¯æ­£å¸¸çš„:
 tensor([[0.8803],
        [0.8147],
        [0.9708],
        [0.1095],
        [0.8845],
        [0.0741],
        [0.3966],
        [0.2854],
        [0.5905],
        [0.8935],
        [0.0340],
        [0.1768]], device='cuda:0', grad_fn=<SigmoidBackward0>)
Epoch [61/100], T_AUC: [4m0.8306[0m
Epoch [61/100], Loss: 14.0177
val_Accuracy: [92m0.7953[0m
val_Precision: [4;34m0.8233[0m,               val_Recall: [4;33m0.7434[0m,                 val_F1 Score: [4;35m0.7772[0m
æ ‡ç­¾é‡Œ1çš„ä¸ªæ•°:  430
æ ‡ç­¾é‡Œ0çš„ä¸ªæ•°:  430
æ€»æ•°:  860
æ­£ç¡®çš„ä¸ªæ•°:  684
Epoch [61/100], V_AUC: [4m0.7919[0m
Epoch [62/100], Loss: 55.8712
train_Accuracy: [91m0.8244[0m
train_Precision: [4;34m0.8485[0m,               train_Recall: [4;33m0.8002[0m,                 train_F1 Score: [4;35m0.8186[0m
æ ‡ç­¾é‡Œ1çš„ä¸ªæ•°:  2150
æ ‡ç­¾é‡Œ0çš„ä¸ªæ•°:  2150
æ€»æ•°:  4300
æ­£ç¡®çš„ä¸ªæ•°:  3545
æœ€åä¸€ä¸ªæ‰¹æ¬¡çš„è¾“å‡º, ä¸æ»¡batchsizeæ˜¯æ­£å¸¸çš„:
 tensor([[0.8707],
        [0.8249],
        [0.9812],
        [0.0960],
        [0.8686],
        [0.0766],
        [0.3979],
        [0.3378],
        [0.5895],
        [0.8761],
        [0.0416],
        [0.1682]], device='cuda:0', grad_fn=<SigmoidBackward0>)
Epoch [62/100], T_AUC: [4m0.8299[0m
Epoch [62/100], Loss: 14.1167
val_Accuracy: [92m0.7919[0m
val_Precision: [4;34m0.8217[0m,               val_Recall: [4;33m0.7358[0m,                 val_F1 Score: [4;35m0.7724[0m
æ ‡ç­¾é‡Œ1çš„ä¸ªæ•°:  430
æ ‡ç­¾é‡Œ0çš„ä¸ªæ•°:  430
æ€»æ•°:  860
æ­£ç¡®çš„ä¸ªæ•°:  681
Epoch [62/100], V_AUC: [4m0.7882[0m
Epoch [63/100], Loss: 55.8955
train_Accuracy: [91m0.8251[0m
train_Precision: [4;34m0.8431[0m,               train_Recall: [4;33m0.8093[0m,                 train_F1 Score: [4;35m0.8208[0m
æ ‡ç­¾é‡Œ1çš„ä¸ªæ•°:  2150
æ ‡ç­¾é‡Œ0çš„ä¸ªæ•°:  2150
æ€»æ•°:  4300
æ­£ç¡®çš„ä¸ªæ•°:  3548
æœ€åä¸€ä¸ªæ‰¹æ¬¡çš„è¾“å‡º, ä¸æ»¡batchsizeæ˜¯æ­£å¸¸çš„:
 tensor([[0.8841],
        [0.8318],
        [0.9654],
        [0.0947],
        [0.8735],
        [0.0708],
        [0.4306],
        [0.2338],
        [0.6353],
        [0.8915],
        [0.0505],
        [0.1958]], device='cuda:0', grad_fn=<SigmoidBackward0>)
Epoch [63/100], T_AUC: [4m0.8307[0m
Epoch [63/100], Loss: 14.0267
val_Accuracy: [92m0.7884[0m
val_Precision: [4;34m0.8133[0m,               val_Recall: [4;33m0.7419[0m,                 val_F1 Score: [4;35m0.7712[0m
æ ‡ç­¾é‡Œ1çš„ä¸ªæ•°:  430
æ ‡ç­¾é‡Œ0çš„ä¸ªæ•°:  430
æ€»æ•°:  860
æ­£ç¡®çš„ä¸ªæ•°:  678
Epoch [63/100], V_AUC: [4m0.7852[0m
Epoch [64/100], Loss: 56.0512
train_Accuracy: [91m0.8244[0m
train_Precision: [4;34m0.8457[0m,               train_Recall: [4;33m0.8032[0m,                 train_F1 Score: [4;35m0.8190[0m
æ ‡ç­¾é‡Œ1çš„ä¸ªæ•°:  2150
æ ‡ç­¾é‡Œ0çš„ä¸ªæ•°:  2150
æ€»æ•°:  4300
æ­£ç¡®çš„ä¸ªæ•°:  3545
æœ€åä¸€ä¸ªæ‰¹æ¬¡çš„è¾“å‡º, ä¸æ»¡batchsizeæ˜¯æ­£å¸¸çš„:
 tensor([[0.8871],
        [0.8327],
        [0.9717],
        [0.1007],
        [0.8903],
        [0.0641],
        [0.4401],
        [0.2416],
        [0.5977],
        [0.8986],
        [0.0418],
        [0.1769]], device='cuda:0', grad_fn=<SigmoidBackward0>)
Epoch [64/100], T_AUC: [4m0.8298[0m
Epoch [64/100], Loss: 14.7077
val_Accuracy: [92m0.7872[0m
val_Precision: [4;34m0.8336[0m,               val_Recall: [4;33m0.7092[0m,                 val_F1 Score: [4;35m0.7624[0m
æ ‡ç­¾é‡Œ1çš„ä¸ªæ•°:  430
æ ‡ç­¾é‡Œ0çš„ä¸ªæ•°:  430
æ€»æ•°:  860
æ­£ç¡®çš„ä¸ªæ•°:  677
Epoch [64/100], V_AUC: [4m0.7844[0m
Epoch [65/100], Loss: 55.8316
train_Accuracy: [91m0.8253[0m
train_Precision: [4;34m0.8434[0m,               train_Recall: [4;33m0.8092[0m,                 train_F1 Score: [4;35m0.8208[0m
æ ‡ç­¾é‡Œ1çš„ä¸ªæ•°:  2150
æ ‡ç­¾é‡Œ0çš„ä¸ªæ•°:  2150
æ€»æ•°:  4300
æ­£ç¡®çš„ä¸ªæ•°:  3549
æœ€åä¸€ä¸ªæ‰¹æ¬¡çš„è¾“å‡º, ä¸æ»¡batchsizeæ˜¯æ­£å¸¸çš„:
 tensor([[0.8922],
        [0.8300],
        [0.9701],
        [0.0999],
        [0.8901],
        [0.0704],
        [0.4071],
        [0.1908],
        [0.6244],
        [0.9007],
        [0.0558],
        [0.1691]], device='cuda:0', grad_fn=<SigmoidBackward0>)
Epoch [65/100], T_AUC: [4m0.8309[0m
Epoch [65/100], Loss: 14.0986
val_Accuracy: [92m0.7884[0m
val_Precision: [4;34m0.8208[0m,               val_Recall: [4;33m0.7304[0m,                 val_F1 Score: [4;35m0.7685[0m
æ ‡ç­¾é‡Œ1çš„ä¸ªæ•°:  430
æ ‡ç­¾é‡Œ0çš„ä¸ªæ•°:  430
æ€»æ•°:  860
æ­£ç¡®çš„ä¸ªæ•°:  678
Epoch [65/100], V_AUC: [4m0.7857[0m
Epoch [66/100], Loss: 55.6637
train_Accuracy: [91m0.8237[0m
train_Precision: [4;34m0.8411[0m,               train_Recall: [4;33m0.8091[0m,                 train_F1 Score: [4;35m0.8195[0m
æ ‡ç­¾é‡Œ1çš„ä¸ªæ•°:  2150
æ ‡ç­¾é‡Œ0çš„ä¸ªæ•°:  2150
æ€»æ•°:  4300
æ­£ç¡®çš„ä¸ªæ•°:  3542
æœ€åä¸€ä¸ªæ‰¹æ¬¡çš„è¾“å‡º, ä¸æ»¡batchsizeæ˜¯æ­£å¸¸çš„:
 tensor([[0.8933],
        [0.8162],
        [0.9682],
        [0.0955],
        [0.8764],
        [0.0775],
        [0.4345],
        [0.2865],
        [0.6092],
        [0.8992],
        [0.0503],
        [0.1192]], device='cuda:0', grad_fn=<SigmoidBackward0>)
Epoch [66/100], T_AUC: [4m0.8296[0m
Epoch [66/100], Loss: 14.1101
val_Accuracy: [92m0.7942[0m
val_Precision: [4;34m0.8175[0m,               val_Recall: [4;33m0.7468[0m,                 val_F1 Score: [4;35m0.7762[0m
æ ‡ç­¾é‡Œ1çš„ä¸ªæ•°:  430
æ ‡ç­¾é‡Œ0çš„ä¸ªæ•°:  430
æ€»æ•°:  860
æ­£ç¡®çš„ä¸ªæ•°:  683
Epoch [66/100], V_AUC: [4m0.7906[0m
Epoch [67/100], Loss: 55.6571
train_Accuracy: [91m0.8270[0m
train_Precision: [4;34m0.8466[0m,               train_Recall: [4;33m0.8080[0m,                 train_F1 Score: [4;35m0.8219[0m
æ ‡ç­¾é‡Œ1çš„ä¸ªæ•°:  2150
æ ‡ç­¾é‡Œ0çš„ä¸ªæ•°:  2150
æ€»æ•°:  4300
æ­£ç¡®çš„ä¸ªæ•°:  3556
æœ€åä¸€ä¸ªæ‰¹æ¬¡çš„è¾“å‡º, ä¸æ»¡batchsizeæ˜¯æ­£å¸¸çš„:
 tensor([[0.8949],
        [0.8088],
        [0.9686],
        [0.0906],
        [0.8803],
        [0.0729],
        [0.3852],
        [0.3800],
        [0.5799],
        [0.9056],
        [0.0419],
        [0.1632]], device='cuda:0', grad_fn=<SigmoidBackward0>)
Epoch [67/100], T_AUC: [4m0.8322[0m
Epoch [67/100], Loss: 13.9680
val_Accuracy: [92m0.7919[0m
val_Precision: [4;34m0.8152[0m,               val_Recall: [4;33m0.7451[0m,                 val_F1 Score: [4;35m0.7740[0m
æ ‡ç­¾é‡Œ1çš„ä¸ªæ•°:  430
æ ‡ç­¾é‡Œ0çš„ä¸ªæ•°:  430
æ€»æ•°:  860
æ­£ç¡®çš„ä¸ªæ•°:  681
Epoch [67/100], V_AUC: [4m0.7882[0m
Epoch [68/100], Loss: 55.7650
train_Accuracy: [91m0.8235[0m
train_Precision: [4;34m0.8419[0m,               train_Recall: [4;33m0.8071[0m,                 train_F1 Score: [4;35m0.8191[0m
æ ‡ç­¾é‡Œ1çš„ä¸ªæ•°:  2150
æ ‡ç­¾é‡Œ0çš„ä¸ªæ•°:  2150
æ€»æ•°:  4300
æ­£ç¡®çš„ä¸ªæ•°:  3541
æœ€åä¸€ä¸ªæ‰¹æ¬¡çš„è¾“å‡º, ä¸æ»¡batchsizeæ˜¯æ­£å¸¸çš„:
 tensor([[0.8850],
        [0.8055],
        [0.9669],
        [0.1010],
        [0.8874],
        [0.0697],
        [0.3829],
        [0.3516],
        [0.5909],
        [0.9055],
        [0.0322],
        [0.1842]], device='cuda:0', grad_fn=<SigmoidBackward0>)
Epoch [68/100], T_AUC: [4m0.8290[0m
Epoch [68/100], Loss: 13.9635
val_Accuracy: [92m0.7907[0m
val_Precision: [4;34m0.8171[0m,               val_Recall: [4;33m0.7417[0m,                 val_F1 Score: [4;35m0.7729[0m
æ ‡ç­¾é‡Œ1çš„ä¸ªæ•°:  430
æ ‡ç­¾é‡Œ0çš„ä¸ªæ•°:  430
æ€»æ•°:  860
æ­£ç¡®çš„ä¸ªæ•°:  680
Epoch [68/100], V_AUC: [4m0.7877[0m
Epoch [69/100], Loss: 55.6089
train_Accuracy: [91m0.8251[0m
train_Precision: [4;34m0.8439[0m,               train_Recall: [4;33m0.8065[0m,                 train_F1 Score: [4;35m0.8199[0m
æ ‡ç­¾é‡Œ1çš„ä¸ªæ•°:  2150
æ ‡ç­¾é‡Œ0çš„ä¸ªæ•°:  2150
æ€»æ•°:  4300
æ­£ç¡®çš„ä¸ªæ•°:  3548
æœ€åä¸€ä¸ªæ‰¹æ¬¡çš„è¾“å‡º, ä¸æ»¡batchsizeæ˜¯æ­£å¸¸çš„:
 tensor([[0.8788],
        [0.7979],
        [0.9686],
        [0.1000],
        [0.8764],
        [0.0674],
        [0.3937],
        [0.4009],
        [0.6164],
        [0.8943],
        [0.0294],
        [0.1883]], device='cuda:0', grad_fn=<SigmoidBackward0>)
Epoch [69/100], T_AUC: [4m0.8303[0m
Epoch [69/100], Loss: 13.8880
val_Accuracy: [92m0.7872[0m
val_Precision: [4;34m0.8051[0m,               val_Recall: [4;33m0.7473[0m,                 val_F1 Score: [4;35m0.7710[0m
æ ‡ç­¾é‡Œ1çš„ä¸ªæ•°:  430
æ ‡ç­¾é‡Œ0çš„ä¸ªæ•°:  430
æ€»æ•°:  860
æ­£ç¡®çš„ä¸ªæ•°:  677
Epoch [69/100], V_AUC: [4m0.7836[0m
Epoch [70/100], Loss: 55.6296
train_Accuracy: [91m0.8249[0m
train_Precision: [4;34m0.8445[0m,               train_Recall: [4;33m0.8061[0m,                 train_F1 Score: [4;35m0.8198[0m
æ ‡ç­¾é‡Œ1çš„ä¸ªæ•°:  2150
æ ‡ç­¾é‡Œ0çš„ä¸ªæ•°:  2150
æ€»æ•°:  4300
æ­£ç¡®çš„ä¸ªæ•°:  3547
æœ€åä¸€ä¸ªæ‰¹æ¬¡çš„è¾“å‡º, ä¸æ»¡batchsizeæ˜¯æ­£å¸¸çš„:
 tensor([[0.9001],
        [0.8095],
        [0.9652],
        [0.1028],
        [0.8870],
        [0.0704],
        [0.4170],
        [0.2581],
        [0.6007],
        [0.9104],
        [0.0342],
        [0.1880]], device='cuda:0', grad_fn=<SigmoidBackward0>)
Epoch [70/100], T_AUC: [4m0.8300[0m
Epoch [70/100], Loss: 13.8739
val_Accuracy: [92m0.7930[0m
val_Precision: [4;34m0.8137[0m,               val_Recall: [4;33m0.7495[0m,                 val_F1 Score: [4;35m0.7761[0m
æ ‡ç­¾é‡Œ1çš„ä¸ªæ•°:  430
æ ‡ç­¾é‡Œ0çš„ä¸ªæ•°:  430
æ€»æ•°:  860
æ­£ç¡®çš„ä¸ªæ•°:  682
Epoch [70/100], V_AUC: [4m0.7892[0m
Epoch [71/100], Loss: 55.6354
train_Accuracy: [91m0.8260[0m
train_Precision: [4;34m0.8467[0m,               train_Recall: [4;33m0.8058[0m,                 train_F1 Score: [4;35m0.8209[0m
æ ‡ç­¾é‡Œ1çš„ä¸ªæ•°:  2150
æ ‡ç­¾é‡Œ0çš„ä¸ªæ•°:  2150
æ€»æ•°:  4300
æ­£ç¡®çš„ä¸ªæ•°:  3552
æœ€åä¸€ä¸ªæ‰¹æ¬¡çš„è¾“å‡º, ä¸æ»¡batchsizeæ˜¯æ­£å¸¸çš„:
 tensor([[0.8836],
        [0.8168],
        [0.9671],
        [0.1027],
        [0.8825],
        [0.0685],
        [0.4051],
        [0.3327],
        [0.6070],
        [0.9020],
        [0.0322],
        [0.1961]], device='cuda:0', grad_fn=<SigmoidBackward0>)
Epoch [71/100], T_AUC: [4m0.8313[0m
Epoch [71/100], Loss: 13.7951
val_Accuracy: [92m0.7907[0m
val_Precision: [4;34m0.8119[0m,               val_Recall: [4;33m0.7468[0m,                 val_F1 Score: [4;35m0.7733[0m
æ ‡ç­¾é‡Œ1çš„ä¸ªæ•°:  430
æ ‡ç­¾é‡Œ0çš„ä¸ªæ•°:  430
æ€»æ•°:  860
æ­£ç¡®çš„ä¸ªæ•°:  680
Epoch [71/100], V_AUC: [4m0.7867[0m
Epoch [72/100], Loss: 55.6207
train_Accuracy: [91m0.8277[0m
train_Precision: [4;34m0.8460[0m,               train_Recall: [4;33m0.8096[0m,                 train_F1 Score: [4;35m0.8225[0m
æ ‡ç­¾é‡Œ1çš„ä¸ªæ•°:  2150
æ ‡ç­¾é‡Œ0çš„ä¸ªæ•°:  2150
æ€»æ•°:  4300
æ­£ç¡®çš„ä¸ªæ•°:  3559
æœ€åä¸€ä¸ªæ‰¹æ¬¡çš„è¾“å‡º, ä¸æ»¡batchsizeæ˜¯æ­£å¸¸çš„:
 tensor([[0.8836],
        [0.8262],
        [0.9659],
        [0.1147],
        [0.8950],
        [0.0734],
        [0.3950],
        [0.2819],
        [0.6022],
        [0.9118],
        [0.0353],
        [0.1623]], device='cuda:0', grad_fn=<SigmoidBackward0>)
Epoch [72/100], T_AUC: [4m0.8330[0m
Epoch [72/100], Loss: 13.9775
val_Accuracy: [92m0.7919[0m
val_Precision: [4;34m0.8170[0m,               val_Recall: [4;33m0.7452[0m,                 val_F1 Score: [4;35m0.7744[0m
æ ‡ç­¾é‡Œ1çš„ä¸ªæ•°:  430
æ ‡ç­¾é‡Œ0çš„ä¸ªæ•°:  430
æ€»æ•°:  860
æ­£ç¡®çš„ä¸ªæ•°:  681
Epoch [72/100], V_AUC: [4m0.7878[0m
Epoch [73/100], Loss: 55.4729
train_Accuracy: [91m0.8240[0m
train_Precision: [4;34m0.8430[0m,               train_Recall: [4;33m0.8050[0m,                 train_F1 Score: [4;35m0.8188[0m
æ ‡ç­¾é‡Œ1çš„ä¸ªæ•°:  2150
æ ‡ç­¾é‡Œ0çš„ä¸ªæ•°:  2150
æ€»æ•°:  4300
æ­£ç¡®çš„ä¸ªæ•°:  3543
æœ€åä¸€ä¸ªæ‰¹æ¬¡çš„è¾“å‡º, ä¸æ»¡batchsizeæ˜¯æ­£å¸¸çš„:
 tensor([[0.8889],
        [0.8056],
        [0.9688],
        [0.1006],
        [0.8875],
        [0.0777],
        [0.3904],
        [0.2593],
        [0.6387],
        [0.9092],
        [0.0364],
        [0.1889]], device='cuda:0', grad_fn=<SigmoidBackward0>)
Epoch [73/100], T_AUC: [4m0.8290[0m
Epoch [73/100], Loss: 13.9680
val_Accuracy: [92m0.7895[0m
val_Precision: [4;34m0.8147[0m,               val_Recall: [4;33m0.7447[0m,                 val_F1 Score: [4;35m0.7741[0m
æ ‡ç­¾é‡Œ1çš„ä¸ªæ•°:  430
æ ‡ç­¾é‡Œ0çš„ä¸ªæ•°:  430
æ€»æ•°:  860
æ­£ç¡®çš„ä¸ªæ•°:  679
Epoch [73/100], V_AUC: [4m0.7866[0m
Epoch [74/100], Loss: 55.3832
train_Accuracy: [91m0.8265[0m
train_Precision: [4;34m0.8470[0m,               train_Recall: [4;33m0.8059[0m,                 train_F1 Score: [4;35m0.8211[0m
æ ‡ç­¾é‡Œ1çš„ä¸ªæ•°:  2150
æ ‡ç­¾é‡Œ0çš„ä¸ªæ•°:  2150
æ€»æ•°:  4300
æ­£ç¡®çš„ä¸ªæ•°:  3554
æœ€åä¸€ä¸ªæ‰¹æ¬¡çš„è¾“å‡º, ä¸æ»¡batchsizeæ˜¯æ­£å¸¸çš„:
 tensor([[0.8909],
        [0.8229],
        [0.9710],
        [0.0986],
        [0.8853],
        [0.0741],
        [0.3987],
        [0.2584],
        [0.6198],
        [0.9020],
        [0.0380],
        [0.1878]], device='cuda:0', grad_fn=<SigmoidBackward0>)
Epoch [74/100], T_AUC: [4m0.8317[0m
Epoch [74/100], Loss: 14.0343
val_Accuracy: [92m0.7895[0m
val_Precision: [4;34m0.8127[0m,               val_Recall: [4;33m0.7424[0m,                 val_F1 Score: [4;35m0.7718[0m
æ ‡ç­¾é‡Œ1çš„ä¸ªæ•°:  430
æ ‡ç­¾é‡Œ0çš„ä¸ªæ•°:  430
æ€»æ•°:  860
æ­£ç¡®çš„ä¸ªæ•°:  679
Epoch [74/100], V_AUC: [4m0.7855[0m
Epoch [75/100], Loss: 55.4279
train_Accuracy: [91m0.8221[0m
train_Precision: [4;34m0.8410[0m,               train_Recall: [4;33m0.8045[0m,                 train_F1 Score: [4;35m0.8170[0m
æ ‡ç­¾é‡Œ1çš„ä¸ªæ•°:  2150
æ ‡ç­¾é‡Œ0çš„ä¸ªæ•°:  2150
æ€»æ•°:  4300
æ­£ç¡®çš„ä¸ªæ•°:  3535
æœ€åä¸€ä¸ªæ‰¹æ¬¡çš„è¾“å‡º, ä¸æ»¡batchsizeæ˜¯æ­£å¸¸çš„:
 tensor([[0.8847],
        [0.8172],
        [0.9694],
        [0.0939],
        [0.8818],
        [0.0674],
        [0.3984],
        [0.3150],
        [0.6330],
        [0.8985],
        [0.0365],
        [0.1895]], device='cuda:0', grad_fn=<SigmoidBackward0>)
Epoch [75/100], T_AUC: [4m0.8279[0m
Epoch [75/100], Loss: 13.9478
val_Accuracy: [92m0.7907[0m
val_Precision: [4;34m0.8130[0m,               val_Recall: [4;33m0.7483[0m,                 val_F1 Score: [4;35m0.7753[0m
æ ‡ç­¾é‡Œ1çš„ä¸ªæ•°:  430
æ ‡ç­¾é‡Œ0çš„ä¸ªæ•°:  430
æ€»æ•°:  860
æ­£ç¡®çš„ä¸ªæ•°:  680
Epoch [75/100], V_AUC: [4m0.7874[0m
Epoch [76/100], Loss: 55.3654
train_Accuracy: [91m0.8247[0m
train_Precision: [4;34m0.8445[0m,               train_Recall: [4;33m0.8051[0m,                 train_F1 Score: [4;35m0.8192[0m
æ ‡ç­¾é‡Œ1çš„ä¸ªæ•°:  2150
æ ‡ç­¾é‡Œ0çš„ä¸ªæ•°:  2150
æ€»æ•°:  4300
æ­£ç¡®çš„ä¸ªæ•°:  3546
æœ€åä¸€ä¸ªæ‰¹æ¬¡çš„è¾“å‡º, ä¸æ»¡batchsizeæ˜¯æ­£å¸¸çš„:
 tensor([[0.8960],
        [0.8231],
        [0.9689],
        [0.1112],
        [0.8893],
        [0.0766],
        [0.4202],
        [0.1924],
        [0.5988],
        [0.9072],
        [0.0389],
        [0.2105]], device='cuda:0', grad_fn=<SigmoidBackward0>)
Epoch [76/100], T_AUC: [4m0.8301[0m
Epoch [76/100], Loss: 13.9986
val_Accuracy: [92m0.7895[0m
val_Precision: [4;34m0.8139[0m,               val_Recall: [4;33m0.7404[0m,                 val_F1 Score: [4;35m0.7712[0m
æ ‡ç­¾é‡Œ1çš„ä¸ªæ•°:  430
æ ‡ç­¾é‡Œ0çš„ä¸ªæ•°:  430
æ€»æ•°:  860
æ­£ç¡®çš„ä¸ªæ•°:  679
Epoch [76/100], V_AUC: [4m0.7855[0m
Epoch [77/100], Loss: 55.3109
train_Accuracy: [91m0.8240[0m
train_Precision: [4;34m0.8440[0m,               train_Recall: [4;33m0.8046[0m,                 train_F1 Score: [4;35m0.8187[0m
æ ‡ç­¾é‡Œ1çš„ä¸ªæ•°:  2150
æ ‡ç­¾é‡Œ0çš„ä¸ªæ•°:  2150
æ€»æ•°:  4300
æ­£ç¡®çš„ä¸ªæ•°:  3543
æœ€åä¸€ä¸ªæ‰¹æ¬¡çš„è¾“å‡º, ä¸æ»¡batchsizeæ˜¯æ­£å¸¸çš„:
 tensor([[0.8879],
        [0.8183],
        [0.9713],
        [0.0965],
        [0.8855],
        [0.0742],
        [0.4030],
        [0.3093],
        [0.5896],
        [0.9004],
        [0.0342],
        [0.1938]], device='cuda:0', grad_fn=<SigmoidBackward0>)
Epoch [77/100], T_AUC: [4m0.8294[0m
Epoch [77/100], Loss: 13.9752
val_Accuracy: [92m0.7907[0m
val_Precision: [4;34m0.8118[0m,               val_Recall: [4;33m0.7467[0m,                 val_F1 Score: [4;35m0.7735[0m
æ ‡ç­¾é‡Œ1çš„ä¸ªæ•°:  430
æ ‡ç­¾é‡Œ0çš„ä¸ªæ•°:  430
æ€»æ•°:  860
æ­£ç¡®çš„ä¸ªæ•°:  680
Epoch [77/100], V_AUC: [4m0.7864[0m
Epoch [78/100], Loss: 55.3876
train_Accuracy: [91m0.8249[0m
train_Precision: [4;34m0.8448[0m,               train_Recall: [4;33m0.8056[0m,                 train_F1 Score: [4;35m0.8196[0m
æ ‡ç­¾é‡Œ1çš„ä¸ªæ•°:  2150
æ ‡ç­¾é‡Œ0çš„ä¸ªæ•°:  2150
æ€»æ•°:  4300
æ­£ç¡®çš„ä¸ªæ•°:  3547
æœ€åä¸€ä¸ªæ‰¹æ¬¡çš„è¾“å‡º, ä¸æ»¡batchsizeæ˜¯æ­£å¸¸çš„:
 tensor([[0.9012],
        [0.8133],
        [0.9657],
        [0.0891],
        [0.8883],
        [0.0719],
        [0.4062],
        [0.3403],
        [0.5677],
        [0.9132],
        [0.0340],
        [0.1926]], device='cuda:0', grad_fn=<SigmoidBackward0>)
Epoch [78/100], T_AUC: [4m0.8303[0m
Epoch [78/100], Loss: 13.8625
val_Accuracy: [92m0.7919[0m
val_Precision: [4;34m0.8120[0m,               val_Recall: [4;33m0.7490[0m,                 val_F1 Score: [4;35m0.7746[0m
æ ‡ç­¾é‡Œ1çš„ä¸ªæ•°:  430
æ ‡ç­¾é‡Œ0çš„ä¸ªæ•°:  430
æ€»æ•°:  860
æ­£ç¡®çš„ä¸ªæ•°:  681
Epoch [78/100], V_AUC: [4m0.7877[0m
Epoch [79/100], Loss: 55.5727
train_Accuracy: [91m0.8235[0m
train_Precision: [4;34m0.8427[0m,               train_Recall: [4;33m0.8056[0m,                 train_F1 Score: [4;35m0.8187[0m
æ ‡ç­¾é‡Œ1çš„ä¸ªæ•°:  2150
æ ‡ç­¾é‡Œ0çš„ä¸ªæ•°:  2150
æ€»æ•°:  4300
æ­£ç¡®çš„ä¸ªæ•°:  3541
æœ€åä¸€ä¸ªæ‰¹æ¬¡çš„è¾“å‡º, ä¸æ»¡batchsizeæ˜¯æ­£å¸¸çš„:
 tensor([[0.9002],
        [0.8214],
        [0.9685],
        [0.0972],
        [0.8898],
        [0.0778],
        [0.3777],
        [0.3547],
        [0.5307],
        [0.9172],
        [0.0535],
        [0.1195]], device='cuda:0', grad_fn=<SigmoidBackward0>)
Epoch [79/100], T_AUC: [4m0.8288[0m
Epoch [79/100], Loss: 13.9344
val_Accuracy: [92m0.7953[0m
val_Precision: [4;34m0.8238[0m,               val_Recall: [4;33m0.7426[0m,                 val_F1 Score: [4;35m0.7763[0m
æ ‡ç­¾é‡Œ1çš„ä¸ªæ•°:  430
æ ‡ç­¾é‡Œ0çš„ä¸ªæ•°:  430
æ€»æ•°:  860
æ­£ç¡®çš„ä¸ªæ•°:  684
Epoch [79/100], V_AUC: [4m0.7917[0m
Epoch [80/100], Loss: 55.4770
train_Accuracy: [91m0.8270[0m
train_Precision: [4;34m0.8442[0m,               train_Recall: [4;33m0.8107[0m,                 train_F1 Score: [4;35m0.8224[0m
æ ‡ç­¾é‡Œ1çš„ä¸ªæ•°:  2150
æ ‡ç­¾é‡Œ0çš„ä¸ªæ•°:  2150
æ€»æ•°:  4300
æ­£ç¡®çš„ä¸ªæ•°:  3556
æœ€åä¸€ä¸ªæ‰¹æ¬¡çš„è¾“å‡º, ä¸æ»¡batchsizeæ˜¯æ­£å¸¸çš„:
 tensor([[0.8979],
        [0.8103],
        [0.9656],
        [0.0985],
        [0.8941],
        [0.0740],
        [0.4317],
        [0.2342],
        [0.5950],
        [0.9125],
        [0.0369],
        [0.1967]], device='cuda:0', grad_fn=<SigmoidBackward0>)
Epoch [80/100], T_AUC: [4m0.8322[0m
Epoch [80/100], Loss: 14.0027
val_Accuracy: [92m0.7919[0m
val_Precision: [4;34m0.8150[0m,               val_Recall: [4;33m0.7469[0m,                 val_F1 Score: [4;35m0.7743[0m
æ ‡ç­¾é‡Œ1çš„ä¸ªæ•°:  430
æ ‡ç­¾é‡Œ0çš„ä¸ªæ•°:  430
æ€»æ•°:  860
æ­£ç¡®çš„ä¸ªæ•°:  681
Epoch [80/100], V_AUC: [4m0.7876[0m
Epoch [81/100], Loss: 55.4822
train_Accuracy: [91m0.8244[0m
train_Precision: [4;34m0.8442[0m,               train_Recall: [4;33m0.8048[0m,                 train_F1 Score: [4;35m0.8191[0m
æ ‡ç­¾é‡Œ1çš„ä¸ªæ•°:  2150
æ ‡ç­¾é‡Œ0çš„ä¸ªæ•°:  2150
æ€»æ•°:  4300
æ­£ç¡®çš„ä¸ªæ•°:  3545
æœ€åä¸€ä¸ªæ‰¹æ¬¡çš„è¾“å‡º, ä¸æ»¡batchsizeæ˜¯æ­£å¸¸çš„:
 tensor([[0.8824],
        [0.8024],
        [0.9693],
        [0.0908],
        [0.8918],
        [0.0604],
        [0.3970],
        [0.3165],
        [0.6169],
        [0.9060],
        [0.0452],
        [0.1843]], device='cuda:0', grad_fn=<SigmoidBackward0>)
Epoch [81/100], T_AUC: [4m0.8296[0m
Epoch [81/100], Loss: 13.9774
val_Accuracy: [92m0.7930[0m
val_Precision: [4;34m0.8212[0m,               val_Recall: [4;33m0.7434[0m,                 val_F1 Score: [4;35m0.7748[0m
æ ‡ç­¾é‡Œ1çš„ä¸ªæ•°:  430
æ ‡ç­¾é‡Œ0çš„ä¸ªæ•°:  430
æ€»æ•°:  860
æ­£ç¡®çš„ä¸ªæ•°:  682
Epoch [81/100], V_AUC: [4m0.7901[0m
Epoch [82/100], Loss: 55.4931
train_Accuracy: [91m0.8263[0m
train_Precision: [4;34m0.8462[0m,               train_Recall: [4;33m0.8069[0m,                 train_F1 Score: [4;35m0.8210[0m
æ ‡ç­¾é‡Œ1çš„ä¸ªæ•°:  2150
æ ‡ç­¾é‡Œ0çš„ä¸ªæ•°:  2150
æ€»æ•°:  4300
æ­£ç¡®çš„ä¸ªæ•°:  3553
æœ€åä¸€ä¸ªæ‰¹æ¬¡çš„è¾“å‡º, ä¸æ»¡batchsizeæ˜¯æ­£å¸¸çš„:
 tensor([[0.8966],
        [0.7994],
        [0.9648],
        [0.1182],
        [0.9018],
        [0.0814],
        [0.4207],
        [0.1862],
        [0.5997],
        [0.9198],
        [0.0430],
        [0.1894]], device='cuda:0', grad_fn=<SigmoidBackward0>)
Epoch [82/100], T_AUC: [4m0.8316[0m
Epoch [82/100], Loss: 13.8255
val_Accuracy: [92m0.7919[0m
val_Precision: [4;34m0.8155[0m,               val_Recall: [4;33m0.7451[0m,                 val_F1 Score: [4;35m0.7742[0m
æ ‡ç­¾é‡Œ1çš„ä¸ªæ•°:  430
æ ‡ç­¾é‡Œ0çš„ä¸ªæ•°:  430
æ€»æ•°:  860
æ­£ç¡®çš„ä¸ªæ•°:  681
Epoch [82/100], V_AUC: [4m0.7880[0m
Epoch [83/100], Loss: 55.3206
train_Accuracy: [91m0.8265[0m
train_Precision: [4;34m0.8462[0m,               train_Recall: [4;33m0.8074[0m,                 train_F1 Score: [4;35m0.8213[0m
æ ‡ç­¾é‡Œ1çš„ä¸ªæ•°:  2150
æ ‡ç­¾é‡Œ0çš„ä¸ªæ•°:  2150
æ€»æ•°:  4300
æ­£ç¡®çš„ä¸ªæ•°:  3554
æœ€åä¸€ä¸ªæ‰¹æ¬¡çš„è¾“å‡º, ä¸æ»¡batchsizeæ˜¯æ­£å¸¸çš„:
 tensor([[0.8984],
        [0.7845],
        [0.9633],
        [0.1068],
        [0.9073],
        [0.0705],
        [0.4066],
        [0.3066],
        [0.5565],
        [0.9207],
        [0.0358],
        [0.1810]], device='cuda:0', grad_fn=<SigmoidBackward0>)
Epoch [83/100], T_AUC: [4m0.8318[0m
Epoch [83/100], Loss: 13.9135
val_Accuracy: [92m0.7907[0m
val_Precision: [4;34m0.8150[0m,               val_Recall: [4;33m0.7430[0m,                 val_F1 Score: [4;35m0.7727[0m
æ ‡ç­¾é‡Œ1çš„ä¸ªæ•°:  430
æ ‡ç­¾é‡Œ0çš„ä¸ªæ•°:  430
æ€»æ•°:  860
æ­£ç¡®çš„ä¸ªæ•°:  680
Epoch [83/100], V_AUC: [4m0.7873[0m
Epoch [84/100], Loss: 55.2586
train_Accuracy: [91m0.8253[0m
train_Precision: [4;34m0.8430[0m,               train_Recall: [4;33m0.8092[0m,                 train_F1 Score: [4;35m0.8207[0m
æ ‡ç­¾é‡Œ1çš„ä¸ªæ•°:  2150
æ ‡ç­¾é‡Œ0çš„ä¸ªæ•°:  2150
æ€»æ•°:  4300
æ­£ç¡®çš„ä¸ªæ•°:  3549
æœ€åä¸€ä¸ªæ‰¹æ¬¡çš„è¾“å‡º, ä¸æ»¡batchsizeæ˜¯æ­£å¸¸çš„:
 tensor([[0.8962],
        [0.7919],
        [0.9626],
        [0.0924],
        [0.9049],
        [0.0664],
        [0.4173],
        [0.2979],
        [0.5767],
        [0.9239],
        [0.0393],
        [0.1843]], device='cuda:0', grad_fn=<SigmoidBackward0>)
Epoch [84/100], T_AUC: [4m0.8309[0m
Epoch [84/100], Loss: 13.9764
val_Accuracy: [92m0.7919[0m
val_Precision: [4;34m0.8205[0m,               val_Recall: [4;33m0.7409[0m,                 val_F1 Score: [4;35m0.7727[0m
æ ‡ç­¾é‡Œ1çš„ä¸ªæ•°:  430
æ ‡ç­¾é‡Œ0çš„ä¸ªæ•°:  430
æ€»æ•°:  860
æ­£ç¡®çš„ä¸ªæ•°:  681
Epoch [84/100], V_AUC: [4m0.7888[0m
Epoch [85/100], Loss: 55.1935
train_Accuracy: [91m0.8256[0m
train_Precision: [4;34m0.8437[0m,               train_Recall: [4;33m0.8088[0m,                 train_F1 Score: [4;35m0.8209[0m
æ ‡ç­¾é‡Œ1çš„ä¸ªæ•°:  2150
æ ‡ç­¾é‡Œ0çš„ä¸ªæ•°:  2150
æ€»æ•°:  4300
æ­£ç¡®çš„ä¸ªæ•°:  3550
æœ€åä¸€ä¸ªæ‰¹æ¬¡çš„è¾“å‡º, ä¸æ»¡batchsizeæ˜¯æ­£å¸¸çš„:
 tensor([[0.8922],
        [0.7957],
        [0.9652],
        [0.0895],
        [0.9029],
        [0.0631],
        [0.4244],
        [0.2648],
        [0.6276],
        [0.9195],
        [0.0418],
        [0.1802]], device='cuda:0', grad_fn=<SigmoidBackward0>)
Epoch [85/100], T_AUC: [4m0.8311[0m
Epoch [85/100], Loss: 14.0325
val_Accuracy: [92m0.7919[0m
val_Precision: [4;34m0.8193[0m,               val_Recall: [4;33m0.7409[0m,                 val_F1 Score: [4;35m0.7729[0m
æ ‡ç­¾é‡Œ1çš„ä¸ªæ•°:  430
æ ‡ç­¾é‡Œ0çš„ä¸ªæ•°:  430
æ€»æ•°:  860
æ­£ç¡®çš„ä¸ªæ•°:  681
Epoch [85/100], V_AUC: [4m0.7889[0m
Epoch [86/100], Loss: 55.3539
train_Accuracy: [91m0.8230[0m
train_Precision: [4;34m0.8398[0m,               train_Recall: [4;33m0.8073[0m,                 train_F1 Score: [4;35m0.8184[0m
æ ‡ç­¾é‡Œ1çš„ä¸ªæ•°:  2150
æ ‡ç­¾é‡Œ0çš„ä¸ªæ•°:  2150
æ€»æ•°:  4300
æ­£ç¡®çš„ä¸ªæ•°:  3539
æœ€åä¸€ä¸ªæ‰¹æ¬¡çš„è¾“å‡º, ä¸æ»¡batchsizeæ˜¯æ­£å¸¸çš„:
 tensor([[0.8913],
        [0.7948],
        [0.9681],
        [0.0847],
        [0.8937],
        [0.0678],
        [0.4129],
        [0.3261],
        [0.5456],
        [0.9177],
        [0.0422],
        [0.1786]], device='cuda:0', grad_fn=<SigmoidBackward0>)
Epoch [86/100], T_AUC: [4m0.8282[0m
Epoch [86/100], Loss: 13.8988
val_Accuracy: [92m0.7953[0m
val_Precision: [4;34m0.8233[0m,               val_Recall: [4;33m0.7430[0m,                 val_F1 Score: [4;35m0.7765[0m
æ ‡ç­¾é‡Œ1çš„ä¸ªæ•°:  430
æ ‡ç­¾é‡Œ0çš„ä¸ªæ•°:  430
æ€»æ•°:  860
æ­£ç¡®çš„ä¸ªæ•°:  684
Epoch [86/100], V_AUC: [4m0.7926[0m
Epoch [87/100], Loss: 55.2390
train_Accuracy: [91m0.8260[0m
train_Precision: [4;34m0.8447[0m,               train_Recall: [4;33m0.8083[0m,                 train_F1 Score: [4;35m0.8212[0m
æ ‡ç­¾é‡Œ1çš„ä¸ªæ•°:  2150
æ ‡ç­¾é‡Œ0çš„ä¸ªæ•°:  2150
æ€»æ•°:  4300
æ­£ç¡®çš„ä¸ªæ•°:  3552
æœ€åä¸€ä¸ªæ‰¹æ¬¡çš„è¾“å‡º, ä¸æ»¡batchsizeæ˜¯æ­£å¸¸çš„:
 tensor([[0.8894],
        [0.7929],
        [0.9681],
        [0.0999],
        [0.8958],
        [0.0756],
        [0.4189],
        [0.2671],
        [0.5902],
        [0.9230],
        [0.0361],
        [0.1768]], device='cuda:0', grad_fn=<SigmoidBackward0>)
Epoch [87/100], T_AUC: [4m0.8313[0m
Epoch [87/100], Loss: 14.0097
val_Accuracy: [92m0.7953[0m
val_Precision: [4;34m0.8211[0m,               val_Recall: [4;33m0.7452[0m,                 val_F1 Score: [4;35m0.7775[0m
æ ‡ç­¾é‡Œ1çš„ä¸ªæ•°:  430
æ ‡ç­¾é‡Œ0çš„ä¸ªæ•°:  430
æ€»æ•°:  860
æ­£ç¡®çš„ä¸ªæ•°:  684
Epoch [87/100], V_AUC: [4m0.7921[0m
Epoch [88/100], Loss: 55.1545
train_Accuracy: [91m0.8260[0m
train_Precision: [4;34m0.8450[0m,               train_Recall: [4;33m0.8079[0m,                 train_F1 Score: [4;35m0.8211[0m
æ ‡ç­¾é‡Œ1çš„ä¸ªæ•°:  2150
æ ‡ç­¾é‡Œ0çš„ä¸ªæ•°:  2150
æ€»æ•°:  4300
æ­£ç¡®çš„ä¸ªæ•°:  3552
æœ€åä¸€ä¸ªæ‰¹æ¬¡çš„è¾“å‡º, ä¸æ»¡batchsizeæ˜¯æ­£å¸¸çš„:
 tensor([[0.8997],
        [0.8061],
        [0.9610],
        [0.1061],
        [0.9032],
        [0.0685],
        [0.4588],
        [0.2771],
        [0.5660],
        [0.9321],
        [0.0476],
        [0.1181]], device='cuda:0', grad_fn=<SigmoidBackward0>)
Epoch [88/100], T_AUC: [4m0.8314[0m
Epoch [88/100], Loss: 14.2395
val_Accuracy: [92m0.7988[0m
val_Precision: [4;34m0.8237[0m,               val_Recall: [4;33m0.7521[0m,                 val_F1 Score: [4;35m0.7814[0m
æ ‡ç­¾é‡Œ1çš„ä¸ªæ•°:  430
æ ‡ç­¾é‡Œ0çš„ä¸ªæ•°:  430
æ€»æ•°:  860
æ­£ç¡®çš„ä¸ªæ•°:  687
Epoch [88/100], V_AUC: [4m0.7960[0m
Epoch [89/100], Loss: 55.2378
train_Accuracy: [91m0.8260[0m
train_Precision: [4;34m0.8447[0m,               train_Recall: [4;33m0.8090[0m,                 train_F1 Score: [4;35m0.8214[0m
æ ‡ç­¾é‡Œ1çš„ä¸ªæ•°:  2150
æ ‡ç­¾é‡Œ0çš„ä¸ªæ•°:  2150
æ€»æ•°:  4300
æ­£ç¡®çš„ä¸ªæ•°:  3552
æœ€åä¸€ä¸ªæ‰¹æ¬¡çš„è¾“å‡º, ä¸æ»¡batchsizeæ˜¯æ­£å¸¸çš„:
 tensor([[0.8928],
        [0.8059],
        [0.9647],
        [0.0950],
        [0.8953],
        [0.0658],
        [0.4465],
        [0.2708],
        [0.5763],
        [0.9280],
        [0.0339],
        [0.1914]], device='cuda:0', grad_fn=<SigmoidBackward0>)
Epoch [89/100], T_AUC: [4m0.8317[0m
Epoch [89/100], Loss: 14.0973
val_Accuracy: [92m0.7942[0m
val_Precision: [4;34m0.8125[0m,               val_Recall: [4;33m0.7537[0m,                 val_F1 Score: [4;35m0.7778[0m
æ ‡ç­¾é‡Œ1çš„ä¸ªæ•°:  430
æ ‡ç­¾é‡Œ0çš„ä¸ªæ•°:  430
æ€»æ•°:  860
æ­£ç¡®çš„ä¸ªæ•°:  683
Epoch [89/100], V_AUC: [4m0.7908[0m
Epoch [90/100], Loss: 55.0969
train_Accuracy: [91m0.8256[0m
train_Precision: [4;34m0.8444[0m,               train_Recall: [4;33m0.8084[0m,                 train_F1 Score: [4;35m0.8209[0m
æ ‡ç­¾é‡Œ1çš„ä¸ªæ•°:  2150
æ ‡ç­¾é‡Œ0çš„ä¸ªæ•°:  2150
æ€»æ•°:  4300
æ­£ç¡®çš„ä¸ªæ•°:  3550
æœ€åä¸€ä¸ªæ‰¹æ¬¡çš„è¾“å‡º, ä¸æ»¡batchsizeæ˜¯æ­£å¸¸çš„:
 tensor([[0.8942],
        [0.8168],
        [0.9666],
        [0.0899],
        [0.9090],
        [0.0733],
        [0.4360],
        [0.2198],
        [0.5559],
        [0.9270],
        [0.0544],
        [0.1464]], device='cuda:0', grad_fn=<SigmoidBackward0>)
Epoch [90/100], T_AUC: [4m0.8311[0m
Epoch [90/100], Loss: 14.1126
val_Accuracy: [92m0.7942[0m
val_Precision: [4;34m0.8296[0m,               val_Recall: [4;33m0.7339[0m,                 val_F1 Score: [4;35m0.7732[0m
æ ‡ç­¾é‡Œ1çš„ä¸ªæ•°:  430
æ ‡ç­¾é‡Œ0çš„ä¸ªæ•°:  430
æ€»æ•°:  860
æ­£ç¡®çš„ä¸ªæ•°:  683
Epoch [90/100], V_AUC: [4m0.7912[0m
Epoch [91/100], Loss: 55.0468
train_Accuracy: [91m0.8258[0m
train_Precision: [4;34m0.8443[0m,               train_Recall: [4;33m0.8092[0m,                 train_F1 Score: [4;35m0.8212[0m
æ ‡ç­¾é‡Œ1çš„ä¸ªæ•°:  2150
æ ‡ç­¾é‡Œ0çš„ä¸ªæ•°:  2150
æ€»æ•°:  4300
æ­£ç¡®çš„ä¸ªæ•°:  3551
æœ€åä¸€ä¸ªæ‰¹æ¬¡çš„è¾“å‡º, ä¸æ»¡batchsizeæ˜¯æ­£å¸¸çš„:
 tensor([[0.8839],
        [0.8069],
        [0.9678],
        [0.0752],
        [0.8998],
        [0.0600],
        [0.4259],
        [0.3335],
        [0.5555],
        [0.9295],
        [0.0458],
        [0.1867]], device='cuda:0', grad_fn=<SigmoidBackward0>)
Epoch [91/100], T_AUC: [4m0.8316[0m
Epoch [91/100], Loss: 14.1599
val_Accuracy: [92m0.7965[0m
val_Precision: [4;34m0.8303[0m,               val_Recall: [4;33m0.7382[0m,                 val_F1 Score: [4;35m0.7758[0m
æ ‡ç­¾é‡Œ1çš„ä¸ªæ•°:  430
æ ‡ç­¾é‡Œ0çš„ä¸ªæ•°:  430
æ€»æ•°:  860
æ­£ç¡®çš„ä¸ªæ•°:  685
Epoch [91/100], V_AUC: [4m0.7934[0m
Epoch [92/100], Loss: 55.0918
train_Accuracy: [91m0.8256[0m
train_Precision: [4;34m0.8466[0m,               train_Recall: [4;33m0.8060[0m,                 train_F1 Score: [4;35m0.8205[0m
æ ‡ç­¾é‡Œ1çš„ä¸ªæ•°:  2150
æ ‡ç­¾é‡Œ0çš„ä¸ªæ•°:  2150
æ€»æ•°:  4300
æ­£ç¡®çš„ä¸ªæ•°:  3550
æœ€åä¸€ä¸ªæ‰¹æ¬¡çš„è¾“å‡º, ä¸æ»¡batchsizeæ˜¯æ­£å¸¸çš„:
 tensor([[0.8826],
        [0.8246],
        [0.9696],
        [0.0933],
        [0.9001],
        [0.0627],
        [0.4213],
        [0.3054],
        [0.5443],
        [0.9252],
        [0.0413],
        [0.1783]], device='cuda:0', grad_fn=<SigmoidBackward0>)
Epoch [92/100], T_AUC: [4m0.8311[0m
Epoch [92/100], Loss: 14.0527
val_Accuracy: [92m0.7895[0m
val_Precision: [4;34m0.8190[0m,               val_Recall: [4;33m0.7363[0m,                 val_F1 Score: [4;35m0.7697[0m
æ ‡ç­¾é‡Œ1çš„ä¸ªæ•°:  430
æ ‡ç­¾é‡Œ0çš„ä¸ªæ•°:  430
æ€»æ•°:  860
æ­£ç¡®çš„ä¸ªæ•°:  679
Epoch [92/100], V_AUC: [4m0.7865[0m
Epoch [93/100], Loss: 54.9400
train_Accuracy: [91m0.8277[0m
train_Precision: [4;34m0.8469[0m,               train_Recall: [4;33m0.8109[0m,                 train_F1 Score: [4;35m0.8231[0m
æ ‡ç­¾é‡Œ1çš„ä¸ªæ•°:  2150
æ ‡ç­¾é‡Œ0çš„ä¸ªæ•°:  2150
æ€»æ•°:  4300
æ­£ç¡®çš„ä¸ªæ•°:  3559
æœ€åä¸€ä¸ªæ‰¹æ¬¡çš„è¾“å‡º, ä¸æ»¡batchsizeæ˜¯æ­£å¸¸çš„:
 tensor([[0.8934],
        [0.8113],
        [0.9671],
        [0.0848],
        [0.8934],
        [0.0652],
        [0.4195],
        [0.3400],
        [0.5293],
        [0.9373],
        [0.0379],
        [0.1833]], device='cuda:0', grad_fn=<SigmoidBackward0>)
Epoch [93/100], T_AUC: [4m0.8336[0m
Epoch [93/100], Loss: 14.0394
val_Accuracy: [92m0.7953[0m
val_Precision: [4;34m0.8300[0m,               val_Recall: [4;33m0.7359[0m,                 val_F1 Score: [4;35m0.7745[0m
æ ‡ç­¾é‡Œ1çš„ä¸ªæ•°:  430
æ ‡ç­¾é‡Œ0çš„ä¸ªæ•°:  430
æ€»æ•°:  860
æ­£ç¡®çš„ä¸ªæ•°:  684
Epoch [93/100], V_AUC: [4m0.7918[0m
Epoch [94/100], Loss: 55.0908
train_Accuracy: [91m0.8258[0m
train_Precision: [4;34m0.8472[0m,               train_Recall: [4;33m0.8052[0m,                 train_F1 Score: [4;35m0.8205[0m
æ ‡ç­¾é‡Œ1çš„ä¸ªæ•°:  2150
æ ‡ç­¾é‡Œ0çš„ä¸ªæ•°:  2150
æ€»æ•°:  4300
æ­£ç¡®çš„ä¸ªæ•°:  3551
æœ€åä¸€ä¸ªæ‰¹æ¬¡çš„è¾“å‡º, ä¸æ»¡batchsizeæ˜¯æ­£å¸¸çš„:
 tensor([[0.8854],
        [0.8145],
        [0.9669],
        [0.0940],
        [0.8912],
        [0.0591],
        [0.4341],
        [0.3426],
        [0.5564],
        [0.9339],
        [0.0348],
        [0.1749]], device='cuda:0', grad_fn=<SigmoidBackward0>)
Epoch [94/100], T_AUC: [4m0.8314[0m
Epoch [94/100], Loss: 14.1000
val_Accuracy: [92m0.7977[0m
val_Precision: [4;34m0.8299[0m,               val_Recall: [4;33m0.7429[0m,                 val_F1 Score: [4;35m0.7779[0m
æ ‡ç­¾é‡Œ1çš„ä¸ªæ•°:  430
æ ‡ç­¾é‡Œ0çš„ä¸ªæ•°:  430
æ€»æ•°:  860
æ­£ç¡®çš„ä¸ªæ•°:  686
Epoch [94/100], V_AUC: [4m0.7948[0m
Epoch [95/100], Loss: 55.0510
train_Accuracy: [91m0.8279[0m
train_Precision: [4;34m0.8495[0m,               train_Recall: [4;33m0.8083[0m,                 train_F1 Score: [4;35m0.8231[0m
æ ‡ç­¾é‡Œ1çš„ä¸ªæ•°:  2150
æ ‡ç­¾é‡Œ0çš„ä¸ªæ•°:  2150
æ€»æ•°:  4300
æ­£ç¡®çš„ä¸ªæ•°:  3560
æœ€åä¸€ä¸ªæ‰¹æ¬¡çš„è¾“å‡º, ä¸æ»¡batchsizeæ˜¯æ­£å¸¸çš„:
 tensor([[0.8860],
        [0.8242],
        [0.9666],
        [0.1133],
        [0.9013],
        [0.0733],
        [0.4457],
        [0.2093],
        [0.5535],
        [0.9389],
        [0.0378],
        [0.1874]], device='cuda:0', grad_fn=<SigmoidBackward0>)
Epoch [95/100], T_AUC: [4m0.8336[0m
Epoch [95/100], Loss: 14.0098
val_Accuracy: [92m0.7942[0m
val_Precision: [4;34m0.8217[0m,               val_Recall: [4;33m0.7423[0m,                 val_F1 Score: [4;35m0.7748[0m
æ ‡ç­¾é‡Œ1çš„ä¸ªæ•°:  430
æ ‡ç­¾é‡Œ0çš„ä¸ªæ•°:  430
æ€»æ•°:  860
æ­£ç¡®çš„ä¸ªæ•°:  683
Epoch [95/100], V_AUC: [4m0.7908[0m
Epoch [96/100], Loss: 55.0825
train_Accuracy: [91m0.8272[0m
train_Precision: [4;34m0.8485[0m,               train_Recall: [4;33m0.8085[0m,                 train_F1 Score: [4;35m0.8225[0m
æ ‡ç­¾é‡Œ1çš„ä¸ªæ•°:  2150
æ ‡ç­¾é‡Œ0çš„ä¸ªæ•°:  2150
æ€»æ•°:  4300
æ­£ç¡®çš„ä¸ªæ•°:  3557
æœ€åä¸€ä¸ªæ‰¹æ¬¡çš„è¾“å‡º, ä¸æ»¡batchsizeæ˜¯æ­£å¸¸çš„:
 tensor([[0.8832],
        [0.8188],
        [0.9655],
        [0.0850],
        [0.8978],
        [0.0574],
        [0.4267],
        [0.3838],
        [0.5166],
        [0.9370],
        [0.0388],
        [0.1821]], device='cuda:0', grad_fn=<SigmoidBackward0>)
Epoch [96/100], T_AUC: [4m0.8332[0m
Epoch [96/100], Loss: 14.1451
val_Accuracy: [92m0.7988[0m
val_Precision: [4;34m0.8376[0m,               val_Recall: [4;33m0.7369[0m,                 val_F1 Score: [4;35m0.7787[0m
æ ‡ç­¾é‡Œ1çš„ä¸ªæ•°:  430
æ ‡ç­¾é‡Œ0çš„ä¸ªæ•°:  430
æ€»æ•°:  860
æ­£ç¡®çš„ä¸ªæ•°:  687
Epoch [96/100], V_AUC: [4m0.7957[0m
Epoch [97/100], Loss: 54.9338
train_Accuracy: [91m0.8256[0m
train_Precision: [4;34m0.8451[0m,               train_Recall: [4;33m0.8079[0m,                 train_F1 Score: [4;35m0.8207[0m
æ ‡ç­¾é‡Œ1çš„ä¸ªæ•°:  2150
æ ‡ç­¾é‡Œ0çš„ä¸ªæ•°:  2150
æ€»æ•°:  4300
æ­£ç¡®çš„ä¸ªæ•°:  3550
æœ€åä¸€ä¸ªæ‰¹æ¬¡çš„è¾“å‡º, ä¸æ»¡batchsizeæ˜¯æ­£å¸¸çš„:
 tensor([[0.8738],
        [0.8326],
        [0.9682],
        [0.0754],
        [0.8858],
        [0.0570],
        [0.4239],
        [0.4385],
        [0.4948],
        [0.9349],
        [0.0430],
        [0.1829]], device='cuda:0', grad_fn=<SigmoidBackward0>)
Epoch [97/100], T_AUC: [4m0.8313[0m
Epoch [97/100], Loss: 14.1276
val_Accuracy: [92m0.7965[0m
val_Precision: [4;34m0.8310[0m,               val_Recall: [4;33m0.7389[0m,                 val_F1 Score: [4;35m0.7765[0m
æ ‡ç­¾é‡Œ1çš„ä¸ªæ•°:  430
æ ‡ç­¾é‡Œ0çš„ä¸ªæ•°:  430
æ€»æ•°:  860
æ­£ç¡®çš„ä¸ªæ•°:  685
Epoch [97/100], V_AUC: [4m0.7938[0m
Epoch [98/100], Loss: 55.0008
train_Accuracy: [91m0.8267[0m
train_Precision: [4;34m0.8470[0m,               train_Recall: [4;33m0.8080[0m,                 train_F1 Score: [4;35m0.8217[0m
æ ‡ç­¾é‡Œ1çš„ä¸ªæ•°:  2150
æ ‡ç­¾é‡Œ0çš„ä¸ªæ•°:  2150
æ€»æ•°:  4300
æ­£ç¡®çš„ä¸ªæ•°:  3555
æœ€åä¸€ä¸ªæ‰¹æ¬¡çš„è¾“å‡º, ä¸æ»¡batchsizeæ˜¯æ­£å¸¸çš„:
 tensor([[0.8690],
        [0.8415],
        [0.9708],
        [0.0794],
        [0.8821],
        [0.0664],
        [0.4160],
        [0.3191],
        [0.4895],
        [0.9392],
        [0.0402],
        [0.1887]], device='cuda:0', grad_fn=<SigmoidBackward0>)
Epoch [98/100], T_AUC: [4m0.8323[0m
Epoch [98/100], Loss: 14.0666
val_Accuracy: [92m0.7953[0m
val_Precision: [4;34m0.8256[0m,               val_Recall: [4;33m0.7411[0m,                 val_F1 Score: [4;35m0.7764[0m
æ ‡ç­¾é‡Œ1çš„ä¸ªæ•°:  430
æ ‡ç­¾é‡Œ0çš„ä¸ªæ•°:  430
æ€»æ•°:  860
æ­£ç¡®çš„ä¸ªæ•°:  684
Epoch [98/100], V_AUC: [4m0.7930[0m
Epoch [99/100], Loss: 54.9001
train_Accuracy: [91m0.8272[0m
train_Precision: [4;34m0.8473[0m,               train_Recall: [4;33m0.8086[0m,                 train_F1 Score: [4;35m0.8225[0m
æ ‡ç­¾é‡Œ1çš„ä¸ªæ•°:  2150
æ ‡ç­¾é‡Œ0çš„ä¸ªæ•°:  2150
æ€»æ•°:  4300
æ­£ç¡®çš„ä¸ªæ•°:  3557
æœ€åä¸€ä¸ªæ‰¹æ¬¡çš„è¾“å‡º, ä¸æ»¡batchsizeæ˜¯æ­£å¸¸çš„:
 tensor([[0.8631],
        [0.8567],
        [0.9745],
        [0.0876],
        [0.8808],
        [0.0689],
        [0.4104],
        [0.2684],
        [0.4718],
        [0.9438],
        [0.0434],
        [0.1863]], device='cuda:0', grad_fn=<SigmoidBackward0>)
Epoch [99/100], T_AUC: [4m0.8324[0m
Epoch [99/100], Loss: 14.1912
val_Accuracy: [92m0.7930[0m
val_Precision: [4;34m0.8274[0m,               val_Recall: [4;33m0.7316[0m,                 val_F1 Score: [4;35m0.7719[0m
æ ‡ç­¾é‡Œ1çš„ä¸ªæ•°:  430
æ ‡ç­¾é‡Œ0çš„ä¸ªæ•°:  430
æ€»æ•°:  860
æ­£ç¡®çš„ä¸ªæ•°:  682
Epoch [99/100], V_AUC: [4m0.7903[0m
Epoch [100/100], Loss: 54.9961
train_Accuracy: [91m0.8281[0m
train_Precision: [4;34m0.8496[0m,               train_Recall: [4;33m0.8078[0m,                 train_F1 Score: [4;35m0.8230[0m
æ ‡ç­¾é‡Œ1çš„ä¸ªæ•°:  2150
æ ‡ç­¾é‡Œ0çš„ä¸ªæ•°:  2150
æ€»æ•°:  4300
æ­£ç¡®çš„ä¸ªæ•°:  3561
æœ€åä¸€ä¸ªæ‰¹æ¬¡çš„è¾“å‡º, ä¸æ»¡batchsizeæ˜¯æ­£å¸¸çš„:
 tensor([[0.8489],
        [0.8368],
        [0.9749],
        [0.0846],
        [0.8711],
        [0.0627],
        [0.3985],
        [0.4470],
        [0.4523],
        [0.9377],
        [0.0345],
        [0.1949]], device='cuda:0', grad_fn=<SigmoidBackward0>)
Epoch [100/100], T_AUC: [4m0.8335[0m
Epoch [100/100], Loss: 14.0238
val_Accuracy: [92m0.7860[0m
val_Precision: [4;34m0.8130[0m,               val_Recall: [4;33m0.7363[0m,                 val_F1 Score: [4;35m0.7674[0m
æ ‡ç­¾é‡Œ1çš„ä¸ªæ•°:  430
æ ‡ç­¾é‡Œ0çš„ä¸ªæ•°:  430
æ€»æ•°:  860
æ­£ç¡®çš„ä¸ªæ•°:  676
Epoch [100/100], V_AUC: [4m0.7823[0m
ç¬¬0æ‰¹ç¬¬2ä¸ª, 100
ç¬¬0æ‰¹ç¬¬15ä¸ª, 100
ç¬¬1æ‰¹ç¬¬0ä¸ª, 100
ç¬¬1æ‰¹ç¬¬6ä¸ª, 100
ç¬¬1æ‰¹ç¬¬13ä¸ª, 100
send email successfully
