2024-06-25-04:51:21
1æ’åº128-0.4
åˆ›å»ºæ¨¡å‹å®ä¾‹
æ¨¡å‹å®ä¾‹åˆ›å»ºå®Œæˆ
åŠ è½½é¢„è®­ç»ƒå‚æ•°
é¢„è®­ç»ƒå‚æ•°åŠ è½½å®Œæˆ
Epoch [1/100], Loss: 60.3415
train_Accuracy: [91m0.8016[0m
train_Precision: [4;34m0.7983[0m,               train_Recall: [4;33m0.8219[0m,                 train_F1 Score: [4;35m0.8036[0m
æ ‡ç­¾é‡Œ1çš„ä¸ªæ•°:  2150
æ ‡ç­¾é‡Œ0çš„ä¸ªæ•°:  2150
æ€»æ•°:  4300
æ­£ç¡®çš„ä¸ªæ•°:  3447
æœ€åä¸€ä¸ªæ‰¹æ¬¡çš„è¾“å‡º, ä¸æ»¡batchsizeæ˜¯æ­£å¸¸çš„:
 tensor([[0.9340],
        [0.8575],
        [0.9701],
        [0.1600],
        [0.7679],
        [0.1592],
        [0.6041],
        [0.3069],
        [0.4313],
        [0.9113],
        [0.0246],
        [0.0532]], device='cuda:0', grad_fn=<SigmoidBackward0>)
Epoch [1/100], T_AUC: [4m0.8083[0m
Epoch [1/100], Loss: 13.9509
val_Accuracy: [92m0.7930[0m
val_Precision: [4;34m0.7911[0m,               val_Recall: [4;33m0.7848[0m,                 val_F1 Score: [4;35m0.7831[0m
æ ‡ç­¾é‡Œ1çš„ä¸ªæ•°:  430
æ ‡ç­¾é‡Œ0çš„ä¸ªæ•°:  430
æ€»æ•°:  860
æ­£ç¡®çš„ä¸ªæ•°:  682
Epoch [1/100], V_AUC: [4m0.7904[0m
Epoch [2/100], Loss: 58.8417
train_Accuracy: [91m0.8079[0m
train_Precision: [4;34m0.8022[0m,               train_Recall: [4;33m0.8303[0m,                 train_F1 Score: [4;35m0.8098[0m
æ ‡ç­¾é‡Œ1çš„ä¸ªæ•°:  2150
æ ‡ç­¾é‡Œ0çš„ä¸ªæ•°:  2150
æ€»æ•°:  4300
æ­£ç¡®çš„ä¸ªæ•°:  3474
æœ€åä¸€ä¸ªæ‰¹æ¬¡çš„è¾“å‡º, ä¸æ»¡batchsizeæ˜¯æ­£å¸¸çš„:
 tensor([[0.9353],
        [0.8602],
        [0.9728],
        [0.1509],
        [0.7514],
        [0.1512],
        [0.5533],
        [0.3402],
        [0.4687],
        [0.9184],
        [0.0255],
        [0.0554]], device='cuda:0', grad_fn=<SigmoidBackward0>)
Epoch [2/100], T_AUC: [4m0.8149[0m
Epoch [2/100], Loss: 13.7642
val_Accuracy: [92m0.7884[0m
val_Precision: [4;34m0.7841[0m,               val_Recall: [4;33m0.7849[0m,                 val_F1 Score: [4;35m0.7790[0m
æ ‡ç­¾é‡Œ1çš„ä¸ªæ•°:  430
æ ‡ç­¾é‡Œ0çš„ä¸ªæ•°:  430
æ€»æ•°:  860
æ­£ç¡®çš„ä¸ªæ•°:  678
Epoch [2/100], V_AUC: [4m0.7860[0m
Epoch [3/100], Loss: 58.5030
train_Accuracy: [91m0.8072[0m
train_Precision: [4;34m0.8017[0m,               train_Recall: [4;33m0.8294[0m,                 train_F1 Score: [4;35m0.8092[0m
æ ‡ç­¾é‡Œ1çš„ä¸ªæ•°:  2150
æ ‡ç­¾é‡Œ0çš„ä¸ªæ•°:  2150
æ€»æ•°:  4300
æ­£ç¡®çš„ä¸ªæ•°:  3471
æœ€åä¸€ä¸ªæ‰¹æ¬¡çš„è¾“å‡º, ä¸æ»¡batchsizeæ˜¯æ­£å¸¸çš„:
 tensor([[0.9274],
        [0.8478],
        [0.9763],
        [0.1454],
        [0.7491],
        [0.1451],
        [0.5505],
        [0.3508],
        [0.5101],
        [0.9117],
        [0.0284],
        [0.0571]], device='cuda:0', grad_fn=<SigmoidBackward0>)
Epoch [3/100], T_AUC: [4m0.8139[0m
Epoch [3/100], Loss: 13.7385
val_Accuracy: [92m0.7953[0m
val_Precision: [4;34m0.7918[0m,               val_Recall: [4;33m0.7891[0m,                 val_F1 Score: [4;35m0.7859[0m
æ ‡ç­¾é‡Œ1çš„ä¸ªæ•°:  430
æ ‡ç­¾é‡Œ0çš„ä¸ªæ•°:  430
æ€»æ•°:  860
æ­£ç¡®çš„ä¸ªæ•°:  684
Epoch [3/100], V_AUC: [4m0.7923[0m
Epoch [4/100], Loss: 58.2229
train_Accuracy: [91m0.8100[0m
train_Precision: [4;34m0.8037[0m,               train_Recall: [4;33m0.8322[0m,                 train_F1 Score: [4;35m0.8117[0m
æ ‡ç­¾é‡Œ1çš„ä¸ªæ•°:  2150
æ ‡ç­¾é‡Œ0çš„ä¸ªæ•°:  2150
æ€»æ•°:  4300
æ­£ç¡®çš„ä¸ªæ•°:  3483
æœ€åä¸€ä¸ªæ‰¹æ¬¡çš„è¾“å‡º, ä¸æ»¡batchsizeæ˜¯æ­£å¸¸çš„:
 tensor([[0.9187],
        [0.8436],
        [0.9765],
        [0.1442],
        [0.7613],
        [0.1448],
        [0.5356],
        [0.3676],
        [0.5349],
        [0.9062],
        [0.0283],
        [0.0618]], device='cuda:0', grad_fn=<SigmoidBackward0>)
Epoch [4/100], T_AUC: [4m0.8167[0m
Epoch [4/100], Loss: 13.6928
val_Accuracy: [92m0.7942[0m
val_Precision: [4;34m0.7911[0m,               val_Recall: [4;33m0.7863[0m,                 val_F1 Score: [4;35m0.7843[0m
æ ‡ç­¾é‡Œ1çš„ä¸ªæ•°:  430
æ ‡ç­¾é‡Œ0çš„ä¸ªæ•°:  430
æ€»æ•°:  860
æ­£ç¡®çš„ä¸ªæ•°:  683
Epoch [4/100], V_AUC: [4m0.7909[0m
Epoch [5/100], Loss: 57.8599
train_Accuracy: [91m0.8121[0m
train_Precision: [4;34m0.8051[0m,               train_Recall: [4;33m0.8344[0m,                 train_F1 Score: [4;35m0.8139[0m
æ ‡ç­¾é‡Œ1çš„ä¸ªæ•°:  2150
æ ‡ç­¾é‡Œ0çš„ä¸ªæ•°:  2150
æ€»æ•°:  4300
æ­£ç¡®çš„ä¸ªæ•°:  3492
æœ€åä¸€ä¸ªæ‰¹æ¬¡çš„è¾“å‡º, ä¸æ»¡batchsizeæ˜¯æ­£å¸¸çš„:
 tensor([[0.9171],
        [0.8386],
        [0.9756],
        [0.1368],
        [0.7735],
        [0.1357],
        [0.5334],
        [0.3606],
        [0.5617],
        [0.8999],
        [0.0284],
        [0.0681]], device='cuda:0', grad_fn=<SigmoidBackward0>)
Epoch [5/100], T_AUC: [4m0.8185[0m
Epoch [5/100], Loss: 13.7959
val_Accuracy: [92m0.7907[0m
val_Precision: [4;34m0.7898[0m,               val_Recall: [4;33m0.7819[0m,                 val_F1 Score: [4;35m0.7808[0m
æ ‡ç­¾é‡Œ1çš„ä¸ªæ•°:  430
æ ‡ç­¾é‡Œ0çš„ä¸ªæ•°:  430
æ€»æ•°:  860
æ­£ç¡®çš„ä¸ªæ•°:  680
Epoch [5/100], V_AUC: [4m0.7878[0m
Epoch [6/100], Loss: 57.6589
train_Accuracy: [91m0.8140[0m
train_Precision: [4;34m0.8073[0m,               train_Recall: [4;33m0.8352[0m,                 train_F1 Score: [4;35m0.8155[0m
æ ‡ç­¾é‡Œ1çš„ä¸ªæ•°:  2150
æ ‡ç­¾é‡Œ0çš„ä¸ªæ•°:  2150
æ€»æ•°:  4300
æ­£ç¡®çš„ä¸ªæ•°:  3500
æœ€åä¸€ä¸ªæ‰¹æ¬¡çš„è¾“å‡º, ä¸æ»¡batchsizeæ˜¯æ­£å¸¸çš„:
 tensor([[0.9120],
        [0.8463],
        [0.9754],
        [0.1327],
        [0.7785],
        [0.1327],
        [0.5323],
        [0.3723],
        [0.5846],
        [0.8895],
        [0.0323],
        [0.0647]], device='cuda:0', grad_fn=<SigmoidBackward0>)
Epoch [6/100], T_AUC: [4m0.8200[0m
Epoch [6/100], Loss: 13.8161
val_Accuracy: [92m0.7849[0m
val_Precision: [4;34m0.7851[0m,               val_Recall: [4;33m0.7755[0m,                 val_F1 Score: [4;35m0.7743[0m
æ ‡ç­¾é‡Œ1çš„ä¸ªæ•°:  430
æ ‡ç­¾é‡Œ0çš„ä¸ªæ•°:  430
æ€»æ•°:  860
æ­£ç¡®çš„ä¸ªæ•°:  675
Epoch [6/100], V_AUC: [4m0.7824[0m
Epoch [7/100], Loss: 57.3304
train_Accuracy: [91m0.8151[0m
train_Precision: [4;34m0.8078[0m,               train_Recall: [4;33m0.8358[0m,                 train_F1 Score: [4;35m0.8164[0m
æ ‡ç­¾é‡Œ1çš„ä¸ªæ•°:  2150
æ ‡ç­¾é‡Œ0çš„ä¸ªæ•°:  2150
æ€»æ•°:  4300
æ­£ç¡®çš„ä¸ªæ•°:  3505
æœ€åä¸€ä¸ªæ‰¹æ¬¡çš„è¾“å‡º, ä¸æ»¡batchsizeæ˜¯æ­£å¸¸çš„:
 tensor([[0.9117],
        [0.8429],
        [0.9797],
        [0.1284],
        [0.7833],
        [0.1357],
        [0.4980],
        [0.3702],
        [0.5953],
        [0.8738],
        [0.0336],
        [0.0671]], device='cuda:0', grad_fn=<SigmoidBackward0>)
Epoch [7/100], T_AUC: [4m0.8209[0m
Epoch [7/100], Loss: 13.8883
val_Accuracy: [92m0.7837[0m
val_Precision: [4;34m0.7818[0m,               val_Recall: [4;33m0.7777[0m,                 val_F1 Score: [4;35m0.7738[0m
æ ‡ç­¾é‡Œ1çš„ä¸ªæ•°:  430
æ ‡ç­¾é‡Œ0çš„ä¸ªæ•°:  430
æ€»æ•°:  860
æ­£ç¡®çš„ä¸ªæ•°:  674
Epoch [7/100], V_AUC: [4m0.7812[0m
Epoch [8/100], Loss: 57.1672
train_Accuracy: [91m0.8163[0m
train_Precision: [4;34m0.8094[0m,               train_Recall: [4;33m0.8362[0m,                 train_F1 Score: [4;35m0.8175[0m
æ ‡ç­¾é‡Œ1çš„ä¸ªæ•°:  2150
æ ‡ç­¾é‡Œ0çš„ä¸ªæ•°:  2150
æ€»æ•°:  4300
æ­£ç¡®çš„ä¸ªæ•°:  3510
æœ€åä¸€ä¸ªæ‰¹æ¬¡çš„è¾“å‡º, ä¸æ»¡batchsizeæ˜¯æ­£å¸¸çš„:
 tensor([[0.9128],
        [0.8347],
        [0.9784],
        [0.1568],
        [0.7940],
        [0.1324],
        [0.4876],
        [0.3501],
        [0.5898],
        [0.8859],
        [0.0292],
        [0.0648]], device='cuda:0', grad_fn=<SigmoidBackward0>)
Epoch [8/100], T_AUC: [4m0.8220[0m
Epoch [8/100], Loss: 13.8506
val_Accuracy: [92m0.7849[0m
val_Precision: [4;34m0.7829[0m,               val_Recall: [4;33m0.7774[0m,                 val_F1 Score: [4;35m0.7747[0m
æ ‡ç­¾é‡Œ1çš„ä¸ªæ•°:  430
æ ‡ç­¾é‡Œ0çš„ä¸ªæ•°:  430
æ€»æ•°:  860
æ­£ç¡®çš„ä¸ªæ•°:  675
Epoch [8/100], V_AUC: [4m0.7822[0m
Epoch [9/100], Loss: 56.8640
train_Accuracy: [91m0.8156[0m
train_Precision: [4;34m0.8062[0m,               train_Recall: [4;33m0.8402[0m,                 train_F1 Score: [4;35m0.8176[0m
æ ‡ç­¾é‡Œ1çš„ä¸ªæ•°:  2150
æ ‡ç­¾é‡Œ0çš„ä¸ªæ•°:  2150
æ€»æ•°:  4300
æ­£ç¡®çš„ä¸ªæ•°:  3507
æœ€åä¸€ä¸ªæ‰¹æ¬¡çš„è¾“å‡º, ä¸æ»¡batchsizeæ˜¯æ­£å¸¸çš„:
 tensor([[0.9100],
        [0.8358],
        [0.9821],
        [0.1442],
        [0.8012],
        [0.1292],
        [0.5060],
        [0.3463],
        [0.6024],
        [0.8791],
        [0.0281],
        [0.0652]], device='cuda:0', grad_fn=<SigmoidBackward0>)
Epoch [9/100], T_AUC: [4m0.8209[0m
Epoch [9/100], Loss: 13.8705
val_Accuracy: [92m0.7884[0m
val_Precision: [4;34m0.7830[0m,               val_Recall: [4;33m0.7863[0m,                 val_F1 Score: [4;35m0.7793[0m
æ ‡ç­¾é‡Œ1çš„ä¸ªæ•°:  430
æ ‡ç­¾é‡Œ0çš„ä¸ªæ•°:  430
æ€»æ•°:  860
æ­£ç¡®çš„ä¸ªæ•°:  678
Epoch [9/100], V_AUC: [4m0.7855[0m
Epoch [10/100], Loss: 56.4200
train_Accuracy: [91m0.8167[0m
train_Precision: [4;34m0.8072[0m,               train_Recall: [4;33m0.8410[0m,                 train_F1 Score: [4;35m0.8186[0m
æ ‡ç­¾é‡Œ1çš„ä¸ªæ•°:  2150
æ ‡ç­¾é‡Œ0çš„ä¸ªæ•°:  2150
æ€»æ•°:  4300
æ­£ç¡®çš„ä¸ªæ•°:  3512
æœ€åä¸€ä¸ªæ‰¹æ¬¡çš„è¾“å‡º, ä¸æ»¡batchsizeæ˜¯æ­£å¸¸çš„:
 tensor([[0.9150],
        [0.8235],
        [0.9838],
        [0.1478],
        [0.7835],
        [0.1261],
        [0.5196],
        [0.3795],
        [0.6218],
        [0.8683],
        [0.0301],
        [0.0518]], device='cuda:0', grad_fn=<SigmoidBackward0>)
Epoch [10/100], T_AUC: [4m0.8218[0m
Epoch [10/100], Loss: 14.0258
val_Accuracy: [92m0.7872[0m
val_Precision: [4;34m0.7839[0m,               val_Recall: [4;33m0.7813[0m,                 val_F1 Score: [4;35m0.7765[0m
æ ‡ç­¾é‡Œ1çš„ä¸ªæ•°:  430
æ ‡ç­¾é‡Œ0çš„ä¸ªæ•°:  430
æ€»æ•°:  860
æ­£ç¡®çš„ä¸ªæ•°:  677
Epoch [10/100], V_AUC: [4m0.7842[0m
Epoch [11/100], Loss: 56.1231
train_Accuracy: [91m0.8170[0m
train_Precision: [4;34m0.8082[0m,               train_Recall: [4;33m0.8407[0m,                 train_F1 Score: [4;35m0.8190[0m
æ ‡ç­¾é‡Œ1çš„ä¸ªæ•°:  2150
æ ‡ç­¾é‡Œ0çš„ä¸ªæ•°:  2150
æ€»æ•°:  4300
æ­£ç¡®çš„ä¸ªæ•°:  3513
æœ€åä¸€ä¸ªæ‰¹æ¬¡çš„è¾“å‡º, ä¸æ»¡batchsizeæ˜¯æ­£å¸¸çš„:
 tensor([[0.9109],
        [0.8397],
        [0.9842],
        [0.1583],
        [0.7774],
        [0.1238],
        [0.4982],
        [0.3592],
        [0.6318],
        [0.8688],
        [0.0297],
        [0.0560]], device='cuda:0', grad_fn=<SigmoidBackward0>)
Epoch [11/100], T_AUC: [4m0.8220[0m
Epoch [11/100], Loss: 14.1588
val_Accuracy: [92m0.7849[0m
val_Precision: [4;34m0.7853[0m,               val_Recall: [4;33m0.7746[0m,                 val_F1 Score: [4;35m0.7738[0m
æ ‡ç­¾é‡Œ1çš„ä¸ªæ•°:  430
æ ‡ç­¾é‡Œ0çš„ä¸ªæ•°:  430
æ€»æ•°:  860
æ­£ç¡®çš„ä¸ªæ•°:  675
Epoch [11/100], V_AUC: [4m0.7826[0m
Epoch [12/100], Loss: 55.8805
train_Accuracy: [91m0.8184[0m
train_Precision: [4;34m0.8050[0m,               train_Recall: [4;33m0.8489[0m,                 train_F1 Score: [4;35m0.8211[0m
æ ‡ç­¾é‡Œ1çš„ä¸ªæ•°:  2150
æ ‡ç­¾é‡Œ0çš„ä¸ªæ•°:  2150
æ€»æ•°:  4300
æ­£ç¡®çš„ä¸ªæ•°:  3519
æœ€åä¸€ä¸ªæ‰¹æ¬¡çš„è¾“å‡º, ä¸æ»¡batchsizeæ˜¯æ­£å¸¸çš„:
 tensor([[0.8866],
        [0.8082],
        [0.9846],
        [0.1646],
        [0.7879],
        [0.1032],
        [0.4245],
        [0.4398],
        [0.6404],
        [0.8708],
        [0.0280],
        [0.0695]], device='cuda:0', grad_fn=<SigmoidBackward0>)
Epoch [12/100], T_AUC: [4m0.8229[0m
Epoch [12/100], Loss: 14.0057
val_Accuracy: [92m0.7884[0m
val_Precision: [4;34m0.7771[0m,               val_Recall: [4;33m0.7947[0m,                 val_F1 Score: [4;35m0.7817[0m
æ ‡ç­¾é‡Œ1çš„ä¸ªæ•°:  430
æ ‡ç­¾é‡Œ0çš„ä¸ªæ•°:  430
æ€»æ•°:  860
æ­£ç¡®çš„ä¸ªæ•°:  678
Epoch [12/100], V_AUC: [4m0.7855[0m
Epoch [13/100], Loss: 55.4746
train_Accuracy: [91m0.8226[0m
train_Precision: [4;34m0.8099[0m,               train_Recall: [4;33m0.8503[0m,                 train_F1 Score: [4;35m0.8246[0m
æ ‡ç­¾é‡Œ1çš„ä¸ªæ•°:  2150
æ ‡ç­¾é‡Œ0çš„ä¸ªæ•°:  2150
æ€»æ•°:  4300
æ­£ç¡®çš„ä¸ªæ•°:  3537
æœ€åä¸€ä¸ªæ‰¹æ¬¡çš„è¾“å‡º, ä¸æ»¡batchsizeæ˜¯æ­£å¸¸çš„:
 tensor([[0.9423],
        [0.7921],
        [0.9793],
        [0.2161],
        [0.7650],
        [0.1255],
        [0.4711],
        [0.3313],
        [0.5592],
        [0.8630],
        [0.0283],
        [0.0579]], device='cuda:0', grad_fn=<SigmoidBackward0>)
Epoch [13/100], T_AUC: [4m0.8272[0m
Epoch [13/100], Loss: 14.3394
val_Accuracy: [92m0.7826[0m
val_Precision: [4;34m0.7810[0m,               val_Recall: [4;33m0.7783[0m,                 val_F1 Score: [4;35m0.7739[0m
æ ‡ç­¾é‡Œ1çš„ä¸ªæ•°:  430
æ ‡ç­¾é‡Œ0çš„ä¸ªæ•°:  430
æ€»æ•°:  860
æ­£ç¡®çš„ä¸ªæ•°:  673
Epoch [13/100], V_AUC: [4m0.7806[0m
Epoch [14/100], Loss: 55.3714
train_Accuracy: [91m0.8184[0m
train_Precision: [4;34m0.8052[0m,               train_Recall: [4;33m0.8465[0m,                 train_F1 Score: [4;35m0.8204[0m
æ ‡ç­¾é‡Œ1çš„ä¸ªæ•°:  2150
æ ‡ç­¾é‡Œ0çš„ä¸ªæ•°:  2150
æ€»æ•°:  4300
æ­£ç¡®çš„ä¸ªæ•°:  3519
æœ€åä¸€ä¸ªæ‰¹æ¬¡çš„è¾“å‡º, ä¸æ»¡batchsizeæ˜¯æ­£å¸¸çš„:
 tensor([[0.8969],
        [0.8516],
        [0.9871],
        [0.1361],
        [0.7432],
        [0.1129],
        [0.5368],
        [0.3395],
        [0.6976],
        [0.8331],
        [0.0346],
        [0.0543]], device='cuda:0', grad_fn=<SigmoidBackward0>)
Epoch [14/100], T_AUC: [4m0.8230[0m
Epoch [14/100], Loss: 14.2449
val_Accuracy: [92m0.7791[0m
val_Precision: [4;34m0.7675[0m,               val_Recall: [4;33m0.7855[0m,                 val_F1 Score: [4;35m0.7715[0m
æ ‡ç­¾é‡Œ1çš„ä¸ªæ•°:  430
æ ‡ç­¾é‡Œ0çš„ä¸ªæ•°:  430
æ€»æ•°:  860
æ­£ç¡®çš„ä¸ªæ•°:  670
Epoch [14/100], V_AUC: [4m0.7761[0m
Epoch [15/100], Loss: 54.6382
train_Accuracy: [91m0.8216[0m
train_Precision: [4;34m0.8083[0m,               train_Recall: [4;33m0.8519[0m,                 train_F1 Score: [4;35m0.8244[0m
æ ‡ç­¾é‡Œ1çš„ä¸ªæ•°:  2150
æ ‡ç­¾é‡Œ0çš„ä¸ªæ•°:  2150
æ€»æ•°:  4300
æ­£ç¡®çš„ä¸ªæ•°:  3533
æœ€åä¸€ä¸ªæ‰¹æ¬¡çš„è¾“å‡º, ä¸æ»¡batchsizeæ˜¯æ­£å¸¸çš„:
 tensor([[0.8401],
        [0.8101],
        [0.9888],
        [0.1814],
        [0.8411],
        [0.1017],
        [0.5161],
        [0.2557],
        [0.7195],
        [0.8366],
        [0.0283],
        [0.0564]], device='cuda:0', grad_fn=<SigmoidBackward0>)
Epoch [15/100], T_AUC: [4m0.8265[0m
Epoch [15/100], Loss: 14.4270
val_Accuracy: [92m0.7826[0m
val_Precision: [4;34m0.7790[0m,               val_Recall: [4;33m0.7750[0m,                 val_F1 Score: [4;35m0.7723[0m
æ ‡ç­¾é‡Œ1çš„ä¸ªæ•°:  430
æ ‡ç­¾é‡Œ0çš„ä¸ªæ•°:  430
æ€»æ•°:  860
æ­£ç¡®çš„ä¸ªæ•°:  673
Epoch [15/100], V_AUC: [4m0.7796[0m
Epoch [16/100], Loss: 54.4272
train_Accuracy: [91m0.8226[0m
train_Precision: [4;34m0.8101[0m,               train_Recall: [4;33m0.8518[0m,                 train_F1 Score: [4;35m0.8249[0m
æ ‡ç­¾é‡Œ1çš„ä¸ªæ•°:  2150
æ ‡ç­¾é‡Œ0çš„ä¸ªæ•°:  2150
æ€»æ•°:  4300
æ­£ç¡®çš„ä¸ªæ•°:  3537
æœ€åä¸€ä¸ªæ‰¹æ¬¡çš„è¾“å‡º, ä¸æ»¡batchsizeæ˜¯æ­£å¸¸çš„:
 tensor([[0.8795],
        [0.8402],
        [0.9852],
        [0.1526],
        [0.8825],
        [0.0647],
        [0.4448],
        [0.2997],
        [0.6431],
        [0.8698],
        [0.0333],
        [0.0609]], device='cuda:0', grad_fn=<SigmoidBackward0>)
Epoch [16/100], T_AUC: [4m0.8276[0m
Epoch [16/100], Loss: 14.6820
val_Accuracy: [92m0.7849[0m
val_Precision: [4;34m0.7845[0m,               val_Recall: [4;33m0.7749[0m,                 val_F1 Score: [4;35m0.7741[0m
æ ‡ç­¾é‡Œ1çš„ä¸ªæ•°:  430
æ ‡ç­¾é‡Œ0çš„ä¸ªæ•°:  430
æ€»æ•°:  860
æ­£ç¡®çš„ä¸ªæ•°:  675
Epoch [16/100], V_AUC: [4m0.7825[0m
Epoch [17/100], Loss: 54.1944
train_Accuracy: [91m0.8219[0m
train_Precision: [4;34m0.8057[0m,               train_Recall: [4;33m0.8542[0m,                 train_F1 Score: [4;35m0.8242[0m
æ ‡ç­¾é‡Œ1çš„ä¸ªæ•°:  2150
æ ‡ç­¾é‡Œ0çš„ä¸ªæ•°:  2150
æ€»æ•°:  4300
æ­£ç¡®çš„ä¸ªæ•°:  3534
æœ€åä¸€ä¸ªæ‰¹æ¬¡çš„è¾“å‡º, ä¸æ»¡batchsizeæ˜¯æ­£å¸¸çš„:
 tensor([[0.8567],
        [0.8211],
        [0.9878],
        [0.1369],
        [0.8718],
        [0.0813],
        [0.4677],
        [0.2618],
        [0.7177],
        [0.8744],
        [0.0290],
        [0.0480]], device='cuda:0', grad_fn=<SigmoidBackward0>)
Epoch [17/100], T_AUC: [4m0.8268[0m
Epoch [17/100], Loss: 14.6635
val_Accuracy: [92m0.7767[0m
val_Precision: [4;34m0.7769[0m,               val_Recall: [4;33m0.7608[0m,                 val_F1 Score: [4;35m0.7649[0m
æ ‡ç­¾é‡Œ1çš„ä¸ªæ•°:  430
æ ‡ç­¾é‡Œ0çš„ä¸ªæ•°:  430
æ€»æ•°:  860
æ­£ç¡®çš„ä¸ªæ•°:  668
Epoch [17/100], V_AUC: [4m0.7734[0m
Epoch [18/100], Loss: 53.4518
train_Accuracy: [91m0.8298[0m
train_Precision: [4;34m0.8166[0m,               train_Recall: [4;33m0.8580[0m,                 train_F1 Score: [4;35m0.8318[0m
æ ‡ç­¾é‡Œ1çš„ä¸ªæ•°:  2150
æ ‡ç­¾é‡Œ0çš„ä¸ªæ•°:  2150
æ€»æ•°:  4300
æ­£ç¡®çš„ä¸ªæ•°:  3568
æœ€åä¸€ä¸ªæ‰¹æ¬¡çš„è¾“å‡º, ä¸æ»¡batchsizeæ˜¯æ­£å¸¸çš„:
 tensor([[0.7890],
        [0.8682],
        [0.9911],
        [0.1670],
        [0.8369],
        [0.0803],
        [0.4748],
        [0.3142],
        [0.7577],
        [0.8467],
        [0.0197],
        [0.0508]], device='cuda:0', grad_fn=<SigmoidBackward0>)
Epoch [18/100], T_AUC: [4m0.8347[0m
Epoch [18/100], Loss: 14.9515
val_Accuracy: [92m0.7779[0m
val_Precision: [4;34m0.7775[0m,               val_Recall: [4;33m0.7622[0m,                 val_F1 Score: [4;35m0.7651[0m
æ ‡ç­¾é‡Œ1çš„ä¸ªæ•°:  430
æ ‡ç­¾é‡Œ0çš„ä¸ªæ•°:  430
æ€»æ•°:  860
æ­£ç¡®çš„ä¸ªæ•°:  669
Epoch [18/100], V_AUC: [4m0.7751[0m
Epoch [19/100], Loss: 53.1251
train_Accuracy: [91m0.8281[0m
train_Precision: [4;34m0.8132[0m,               train_Recall: [4;33m0.8589[0m,                 train_F1 Score: [4;35m0.8301[0m
æ ‡ç­¾é‡Œ1çš„ä¸ªæ•°:  2150
æ ‡ç­¾é‡Œ0çš„ä¸ªæ•°:  2150
æ€»æ•°:  4300
æ­£ç¡®çš„ä¸ªæ•°:  3561
æœ€åä¸€ä¸ªæ‰¹æ¬¡çš„è¾“å‡º, ä¸æ»¡batchsizeæ˜¯æ­£å¸¸çš„:
 tensor([[0.8668],
        [0.8701],
        [0.9913],
        [0.1257],
        [0.8696],
        [0.0508],
        [0.4538],
        [0.2505],
        [0.7787],
        [0.8637],
        [0.0257],
        [0.0547]], device='cuda:0', grad_fn=<SigmoidBackward0>)
Epoch [19/100], T_AUC: [4m0.8337[0m
Epoch [19/100], Loss: 14.7757
val_Accuracy: [92m0.7709[0m
val_Precision: [4;34m0.7618[0m,               val_Recall: [4;33m0.7707[0m,                 val_F1 Score: [4;35m0.7617[0m
æ ‡ç­¾é‡Œ1çš„ä¸ªæ•°:  430
æ ‡ç­¾é‡Œ0çš„ä¸ªæ•°:  430
æ€»æ•°:  860
æ­£ç¡®çš„ä¸ªæ•°:  663
Epoch [19/100], V_AUC: [4m0.7675[0m
Epoch [20/100], Loss: 52.6090
train_Accuracy: [91m0.8298[0m
train_Precision: [4;34m0.8163[0m,               train_Recall: [4;33m0.8610[0m,                 train_F1 Score: [4;35m0.8324[0m
æ ‡ç­¾é‡Œ1çš„ä¸ªæ•°:  2150
æ ‡ç­¾é‡Œ0çš„ä¸ªæ•°:  2150
æ€»æ•°:  4300
æ­£ç¡®çš„ä¸ªæ•°:  3568
æœ€åä¸€ä¸ªæ‰¹æ¬¡çš„è¾“å‡º, ä¸æ»¡batchsizeæ˜¯æ­£å¸¸çš„:
 tensor([[0.9120],
        [0.8557],
        [0.9818],
        [0.1109],
        [0.8530],
        [0.0557],
        [0.4938],
        [0.1615],
        [0.7713],
        [0.8742],
        [0.0255],
        [0.0704]], device='cuda:0', grad_fn=<SigmoidBackward0>)
Epoch [20/100], T_AUC: [4m0.8356[0m
Epoch [20/100], Loss: 15.1764
val_Accuracy: [92m0.7616[0m
val_Precision: [4;34m0.7612[0m,               val_Recall: [4;33m0.7513[0m,                 val_F1 Score: [4;35m0.7506[0m
æ ‡ç­¾é‡Œ1çš„ä¸ªæ•°:  430
æ ‡ç­¾é‡Œ0çš„ä¸ªæ•°:  430
æ€»æ•°:  860
æ­£ç¡®çš„ä¸ªæ•°:  655
Epoch [20/100], V_AUC: [4m0.7596[0m
Epoch [21/100], Loss: 52.1938
train_Accuracy: [91m0.8286[0m
train_Precision: [4;34m0.8184[0m,               train_Recall: [4;33m0.8552[0m,                 train_F1 Score: [4;35m0.8304[0m
æ ‡ç­¾é‡Œ1çš„ä¸ªæ•°:  2150
æ ‡ç­¾é‡Œ0çš„ä¸ªæ•°:  2150
æ€»æ•°:  4300
æ­£ç¡®çš„ä¸ªæ•°:  3563
æœ€åä¸€ä¸ªæ‰¹æ¬¡çš„è¾“å‡º, ä¸æ»¡batchsizeæ˜¯æ­£å¸¸çš„:
 tensor([[0.8710],
        [0.8929],
        [0.9904],
        [0.0877],
        [0.8806],
        [0.0743],
        [0.4490],
        [0.1735],
        [0.9007],
        [0.8467],
        [0.0204],
        [0.0401]], device='cuda:0', grad_fn=<SigmoidBackward0>)
Epoch [21/100], T_AUC: [4m0.8348[0m
Epoch [21/100], Loss: 15.2439
val_Accuracy: [92m0.7698[0m
val_Precision: [4;34m0.7616[0m,               val_Recall: [4;33m0.7687[0m,                 val_F1 Score: [4;35m0.7597[0m
æ ‡ç­¾é‡Œ1çš„ä¸ªæ•°:  430
æ ‡ç­¾é‡Œ0çš„ä¸ªæ•°:  430
æ€»æ•°:  860
æ­£ç¡®çš„ä¸ªæ•°:  662
Epoch [21/100], V_AUC: [4m0.7673[0m
Epoch [22/100], Loss: 52.0391
train_Accuracy: [91m0.8312[0m
train_Precision: [4;34m0.8206[0m,               train_Recall: [4;33m0.8570[0m,                 train_F1 Score: [4;35m0.8330[0m
æ ‡ç­¾é‡Œ1çš„ä¸ªæ•°:  2150
æ ‡ç­¾é‡Œ0çš„ä¸ªæ•°:  2150
æ€»æ•°:  4300
æ­£ç¡®çš„ä¸ªæ•°:  3574
æœ€åä¸€ä¸ªæ‰¹æ¬¡çš„è¾“å‡º, ä¸æ»¡batchsizeæ˜¯æ­£å¸¸çš„:
 tensor([[0.8694],
        [0.8872],
        [0.9857],
        [0.1513],
        [0.8605],
        [0.0514],
        [0.4457],
        [0.1708],
        [0.8502],
        [0.9136],
        [0.0321],
        [0.0469]], device='cuda:0', grad_fn=<SigmoidBackward0>)
Epoch [22/100], T_AUC: [4m0.8368[0m
Epoch [22/100], Loss: 14.8383
val_Accuracy: [92m0.7698[0m
val_Precision: [4;34m0.7638[0m,               val_Recall: [4;33m0.7649[0m,                 val_F1 Score: [4;35m0.7594[0m
æ ‡ç­¾é‡Œ1çš„ä¸ªæ•°:  430
æ ‡ç­¾é‡Œ0çš„ä¸ªæ•°:  430
æ€»æ•°:  860
æ­£ç¡®çš„ä¸ªæ•°:  662
Epoch [22/100], V_AUC: [4m0.7671[0m
Epoch [23/100], Loss: 52.0820
train_Accuracy: [91m0.8314[0m
train_Precision: [4;34m0.8145[0m,               train_Recall: [4;33m0.8679[0m,                 train_F1 Score: [4;35m0.8346[0m
æ ‡ç­¾é‡Œ1çš„ä¸ªæ•°:  2150
æ ‡ç­¾é‡Œ0çš„ä¸ªæ•°:  2150
æ€»æ•°:  4300
æ­£ç¡®çš„ä¸ªæ•°:  3575
æœ€åä¸€ä¸ªæ‰¹æ¬¡çš„è¾“å‡º, ä¸æ»¡batchsizeæ˜¯æ­£å¸¸çš„:
 tensor([[0.8307],
        [0.8289],
        [0.9789],
        [0.1194],
        [0.9038],
        [0.0284],
        [0.4602],
        [0.5753],
        [0.8139],
        [0.8996],
        [0.0157],
        [0.0745]], device='cuda:0', grad_fn=<SigmoidBackward0>)
Epoch [23/100], T_AUC: [4m0.8368[0m
Epoch [23/100], Loss: 14.8730
val_Accuracy: [92m0.7733[0m
val_Precision: [4;34m0.7658[0m,               val_Recall: [4;33m0.7744[0m,                 val_F1 Score: [4;35m0.7644[0m
æ ‡ç­¾é‡Œ1çš„ä¸ªæ•°:  430
æ ‡ç­¾é‡Œ0çš„ä¸ªæ•°:  430
æ€»æ•°:  860
æ­£ç¡®çš„ä¸ªæ•°:  665
Epoch [23/100], V_AUC: [4m0.7705[0m
Epoch [24/100], Loss: 51.7893
train_Accuracy: [91m0.8309[0m
train_Precision: [4;34m0.8205[0m,               train_Recall: [4;33m0.8547[0m,                 train_F1 Score: [4;35m0.8321[0m
æ ‡ç­¾é‡Œ1çš„ä¸ªæ•°:  2150
æ ‡ç­¾é‡Œ0çš„ä¸ªæ•°:  2150
æ€»æ•°:  4300
æ­£ç¡®çš„ä¸ªæ•°:  3573
æœ€åä¸€ä¸ªæ‰¹æ¬¡çš„è¾“å‡º, ä¸æ»¡batchsizeæ˜¯æ­£å¸¸çš„:
 tensor([[0.8844],
        [0.9309],
        [0.9872],
        [0.1110],
        [0.9539],
        [0.0410],
        [0.4324],
        [0.1405],
        [0.7634],
        [0.9132],
        [0.0199],
        [0.0350]], device='cuda:0', grad_fn=<SigmoidBackward0>)
Epoch [24/100], T_AUC: [4m0.8363[0m
Epoch [24/100], Loss: 15.4935
val_Accuracy: [92m0.7814[0m
val_Precision: [4;34m0.7843[0m,               val_Recall: [4;33m0.7636[0m,                 val_F1 Score: [4;35m0.7694[0m
æ ‡ç­¾é‡Œ1çš„ä¸ªæ•°:  430
æ ‡ç­¾é‡Œ0çš„ä¸ªæ•°:  430
æ€»æ•°:  860
æ­£ç¡®çš„ä¸ªæ•°:  672
Epoch [24/100], V_AUC: [4m0.7777[0m
Epoch [25/100], Loss: 51.0575
train_Accuracy: [91m0.8374[0m
train_Precision: [4;34m0.8275[0m,               train_Recall: [4;33m0.8610[0m,                 train_F1 Score: [4;35m0.8385[0m
æ ‡ç­¾é‡Œ1çš„ä¸ªæ•°:  2150
æ ‡ç­¾é‡Œ0çš„ä¸ªæ•°:  2150
æ€»æ•°:  4300
æ­£ç¡®çš„ä¸ªæ•°:  3601
æœ€åä¸€ä¸ªæ‰¹æ¬¡çš„è¾“å‡º, ä¸æ»¡batchsizeæ˜¯æ­£å¸¸çš„:
 tensor([[0.8882],
        [0.9406],
        [0.9805],
        [0.0726],
        [0.9805],
        [0.0449],
        [0.4471],
        [0.0812],
        [0.7755],
        [0.9072],
        [0.0301],
        [0.0340]], device='cuda:0', grad_fn=<SigmoidBackward0>)
Epoch [25/100], T_AUC: [4m0.8430[0m
Epoch [25/100], Loss: 15.2277
val_Accuracy: [92m0.7733[0m
val_Precision: [4;34m0.7691[0m,               val_Recall: [4;33m0.7652[0m,                 val_F1 Score: [4;35m0.7619[0m
æ ‡ç­¾é‡Œ1çš„ä¸ªæ•°:  430
æ ‡ç­¾é‡Œ0çš„ä¸ªæ•°:  430
æ€»æ•°:  860
æ­£ç¡®çš„ä¸ªæ•°:  665
Epoch [25/100], V_AUC: [4m0.7711[0m
Epoch [26/100], Loss: 50.6627
train_Accuracy: [91m0.8391[0m
train_Precision: [4;34m0.8250[0m,               train_Recall: [4;33m0.8670[0m,                 train_F1 Score: [4;35m0.8406[0m
æ ‡ç­¾é‡Œ1çš„ä¸ªæ•°:  2150
æ ‡ç­¾é‡Œ0çš„ä¸ªæ•°:  2150
æ€»æ•°:  4300
æ­£ç¡®çš„ä¸ªæ•°:  3608
æœ€åä¸€ä¸ªæ‰¹æ¬¡çš„è¾“å‡º, ä¸æ»¡batchsizeæ˜¯æ­£å¸¸çš„:
 tensor([[0.8759],
        [0.9371],
        [0.9813],
        [0.0871],
        [0.9533],
        [0.0421],
        [0.4363],
        [0.1166],
        [0.8199],
        [0.9112],
        [0.0254],
        [0.0583]], device='cuda:0', grad_fn=<SigmoidBackward0>)
Epoch [26/100], T_AUC: [4m0.8440[0m
Epoch [26/100], Loss: 15.2154
val_Accuracy: [92m0.7791[0m
val_Precision: [4;34m0.7834[0m,               val_Recall: [4;33m0.7616[0m,                 val_F1 Score: [4;35m0.7664[0m
æ ‡ç­¾é‡Œ1çš„ä¸ªæ•°:  430
æ ‡ç­¾é‡Œ0çš„ä¸ªæ•°:  430
æ€»æ•°:  860
æ­£ç¡®çš„ä¸ªæ•°:  670
Epoch [26/100], V_AUC: [4m0.7771[0m
Epoch [27/100], Loss: 50.2393
train_Accuracy: [91m0.8423[0m
train_Precision: [4;34m0.8274[0m,               train_Recall: [4;33m0.8734[0m,                 train_F1 Score: [4;35m0.8444[0m
æ ‡ç­¾é‡Œ1çš„ä¸ªæ•°:  2150
æ ‡ç­¾é‡Œ0çš„ä¸ªæ•°:  2150
æ€»æ•°:  4300
æ­£ç¡®çš„ä¸ªæ•°:  3622
æœ€åä¸€ä¸ªæ‰¹æ¬¡çš„è¾“å‡º, ä¸æ»¡batchsizeæ˜¯æ­£å¸¸çš„:
 tensor([[0.9019],
        [0.8987],
        [0.9797],
        [0.0379],
        [0.9566],
        [0.0325],
        [0.4981],
        [0.0703],
        [0.8923],
        [0.8878],
        [0.0651],
        [0.0553]], device='cuda:0', grad_fn=<SigmoidBackward0>)
Epoch [27/100], T_AUC: [4m0.8482[0m
Epoch [27/100], Loss: 16.0180
val_Accuracy: [92m0.7558[0m
val_Precision: [4;34m0.7414[0m,               val_Recall: [4;33m0.7706[0m,                 val_F1 Score: [4;35m0.7498[0m
æ ‡ç­¾é‡Œ1çš„ä¸ªæ•°:  430
æ ‡ç­¾é‡Œ0çš„ä¸ªæ•°:  430
æ€»æ•°:  860
æ­£ç¡®çš„ä¸ªæ•°:  650
Epoch [27/100], V_AUC: [4m0.7527[0m
Epoch [28/100], Loss: 50.5996
train_Accuracy: [91m0.8379[0m
train_Precision: [4;34m0.8279[0m,               train_Recall: [4;33m0.8617[0m,                 train_F1 Score: [4;35m0.8394[0m
æ ‡ç­¾é‡Œ1çš„ä¸ªæ•°:  2150
æ ‡ç­¾é‡Œ0çš„ä¸ªæ•°:  2150
æ€»æ•°:  4300
æ­£ç¡®çš„ä¸ªæ•°:  3603
æœ€åä¸€ä¸ªæ‰¹æ¬¡çš„è¾“å‡º, ä¸æ»¡batchsizeæ˜¯æ­£å¸¸çš„:
 tensor([[0.8771],
        [0.9725],
        [0.9918],
        [0.0303],
        [0.9419],
        [0.0268],
        [0.7343],
        [0.1075],
        [0.6662],
        [0.9094],
        [0.0422],
        [0.0408]], device='cuda:0', grad_fn=<SigmoidBackward0>)
Epoch [28/100], T_AUC: [4m0.8433[0m
Epoch [28/100], Loss: 16.3831
val_Accuracy: [92m0.7733[0m
val_Precision: [4;34m0.7825[0m,               val_Recall: [4;33m0.7453[0m,                 val_F1 Score: [4;35m0.7581[0m
æ ‡ç­¾é‡Œ1çš„ä¸ªæ•°:  430
æ ‡ç­¾é‡Œ0çš„ä¸ªæ•°:  430
æ€»æ•°:  860
æ­£ç¡®çš„ä¸ªæ•°:  665
Epoch [28/100], V_AUC: [4m0.7682[0m
Epoch [29/100], Loss: 50.8738
train_Accuracy: [91m0.8416[0m
train_Precision: [4;34m0.8295[0m,               train_Recall: [4;33m0.8680[0m,                 train_F1 Score: [4;35m0.8432[0m
æ ‡ç­¾é‡Œ1çš„ä¸ªæ•°:  2150
æ ‡ç­¾é‡Œ0çš„ä¸ªæ•°:  2150
æ€»æ•°:  4300
æ­£ç¡®çš„ä¸ªæ•°:  3619
æœ€åä¸€ä¸ªæ‰¹æ¬¡çš„è¾“å‡º, ä¸æ»¡batchsizeæ˜¯æ­£å¸¸çš„:
 tensor([[0.8375],
        [0.9583],
        [0.9879],
        [0.1640],
        [0.9736],
        [0.0226],
        [0.4854],
        [0.0775],
        [0.7960],
        [0.9062],
        [0.0073],
        [0.0634]], device='cuda:0', grad_fn=<SigmoidBackward0>)
Epoch [29/100], T_AUC: [4m0.8467[0m
Epoch [29/100], Loss: 15.6699
val_Accuracy: [92m0.7709[0m
val_Precision: [4;34m0.7680[0m,               val_Recall: [4;33m0.7589[0m,                 val_F1 Score: [4;35m0.7577[0m
æ ‡ç­¾é‡Œ1çš„ä¸ªæ•°:  430
æ ‡ç­¾é‡Œ0çš„ä¸ªæ•°:  430
æ€»æ•°:  860
æ­£ç¡®çš„ä¸ªæ•°:  663
Epoch [29/100], V_AUC: [4m0.7672[0m
Epoch [30/100], Loss: 48.3781
train_Accuracy: [91m0.8479[0m
train_Precision: [4;34m0.8335[0m,               train_Recall: [4;33m0.8757[0m,                 train_F1 Score: [4;35m0.8489[0m
æ ‡ç­¾é‡Œ1çš„ä¸ªæ•°:  2150
æ ‡ç­¾é‡Œ0çš„ä¸ªæ•°:  2150
æ€»æ•°:  4300
æ­£ç¡®çš„ä¸ªæ•°:  3646
æœ€åä¸€ä¸ªæ‰¹æ¬¡çš„è¾“å‡º, ä¸æ»¡batchsizeæ˜¯æ­£å¸¸çš„:
 tensor([[0.8471],
        [0.9642],
        [0.9864],
        [0.0994],
        [0.9802],
        [0.0130],
        [0.4528],
        [0.0397],
        [0.9178],
        [0.8836],
        [0.0158],
        [0.0640]], device='cuda:0', grad_fn=<SigmoidBackward0>)
Epoch [30/100], T_AUC: [4m0.8531[0m
Epoch [30/100], Loss: 15.9403
val_Accuracy: [92m0.7779[0m
val_Precision: [4;34m0.7782[0m,               val_Recall: [4;33m0.7688[0m,                 val_F1 Score: [4;35m0.7685[0m
æ ‡ç­¾é‡Œ1çš„ä¸ªæ•°:  430
æ ‡ç­¾é‡Œ0çš„ä¸ªæ•°:  430
æ€»æ•°:  860
æ­£ç¡®çš„ä¸ªæ•°:  669
Epoch [30/100], V_AUC: [4m0.7748[0m
Epoch [31/100], Loss: 48.9275
train_Accuracy: [91m0.8386[0m
train_Precision: [4;34m0.8230[0m,               train_Recall: [4;33m0.8736[0m,                 train_F1 Score: [4;35m0.8419[0m
æ ‡ç­¾é‡Œ1çš„ä¸ªæ•°:  2150
æ ‡ç­¾é‡Œ0çš„ä¸ªæ•°:  2150
æ€»æ•°:  4300
æ­£ç¡®çš„ä¸ªæ•°:  3606
æœ€åä¸€ä¸ªæ‰¹æ¬¡çš„è¾“å‡º, ä¸æ»¡batchsizeæ˜¯æ­£å¸¸çš„:
 tensor([[0.8776],
        [0.9272],
        [0.9908],
        [0.1697],
        [0.9686],
        [0.0279],
        [0.3104],
        [0.0894],
        [0.8664],
        [0.9061],
        [0.0090],
        [0.0494]], device='cuda:0', grad_fn=<SigmoidBackward0>)
Epoch [31/100], T_AUC: [4m0.8449[0m
Epoch [31/100], Loss: 15.9828
val_Accuracy: [92m0.7709[0m
val_Precision: [4;34m0.7675[0m,               val_Recall: [4;33m0.7645[0m,                 val_F1 Score: [4;35m0.7611[0m
æ ‡ç­¾é‡Œ1çš„ä¸ªæ•°:  430
æ ‡ç­¾é‡Œ0çš„ä¸ªæ•°:  430
æ€»æ•°:  860
æ­£ç¡®çš„ä¸ªæ•°:  663
Epoch [31/100], V_AUC: [4m0.7710[0m
Epoch [32/100], Loss: 48.4585
train_Accuracy: [91m0.8493[0m
train_Precision: [4;34m0.8360[0m,               train_Recall: [4;33m0.8764[0m,                 train_F1 Score: [4;35m0.8504[0m
æ ‡ç­¾é‡Œ1çš„ä¸ªæ•°:  2150
æ ‡ç­¾é‡Œ0çš„ä¸ªæ•°:  2150
æ€»æ•°:  4300
æ­£ç¡®çš„ä¸ªæ•°:  3652
æœ€åä¸€ä¸ªæ‰¹æ¬¡çš„è¾“å‡º, ä¸æ»¡batchsizeæ˜¯æ­£å¸¸çš„:
 tensor([[0.8574],
        [0.9791],
        [0.9902],
        [0.0995],
        [0.9757],
        [0.0119],
        [0.3073],
        [0.2122],
        [0.8685],
        [0.9069],
        [0.0030],
        [0.0728]], device='cuda:0', grad_fn=<SigmoidBackward0>)
Epoch [32/100], T_AUC: [4m0.8551[0m
Epoch [32/100], Loss: 16.3466
val_Accuracy: [92m0.7791[0m
val_Precision: [4;34m0.7745[0m,               val_Recall: [4;33m0.7681[0m,                 val_F1 Score: [4;35m0.7663[0m
æ ‡ç­¾é‡Œ1çš„ä¸ªæ•°:  430
æ ‡ç­¾é‡Œ0çš„ä¸ªæ•°:  430
æ€»æ•°:  860
æ­£ç¡®çš„ä¸ªæ•°:  670
Epoch [32/100], V_AUC: [4m0.7760[0m
Epoch [33/100], Loss: 47.4749
train_Accuracy: [91m0.8498[0m
train_Precision: [4;34m0.8359[0m,               train_Recall: [4;33m0.8755[0m,                 train_F1 Score: [4;35m0.8506[0m
æ ‡ç­¾é‡Œ1çš„ä¸ªæ•°:  2150
æ ‡ç­¾é‡Œ0çš„ä¸ªæ•°:  2150
æ€»æ•°:  4300
æ­£ç¡®çš„ä¸ªæ•°:  3654
æœ€åä¸€ä¸ªæ‰¹æ¬¡çš„è¾“å‡º, ä¸æ»¡batchsizeæ˜¯æ­£å¸¸çš„:
 tensor([[0.8847],
        [0.9716],
        [0.9938],
        [0.0850],
        [0.9285],
        [0.0107],
        [0.3322],
        [0.1661],
        [0.9413],
        [0.9354],
        [0.0063],
        [0.0397]], device='cuda:0', grad_fn=<SigmoidBackward0>)
Epoch [33/100], T_AUC: [4m0.8553[0m
Epoch [33/100], Loss: 16.5506
val_Accuracy: [92m0.7756[0m
val_Precision: [4;34m0.7690[0m,               val_Recall: [4;33m0.7742[0m,                 val_F1 Score: [4;35m0.7665[0m
æ ‡ç­¾é‡Œ1çš„ä¸ªæ•°:  430
æ ‡ç­¾é‡Œ0çš„ä¸ªæ•°:  430
æ€»æ•°:  860
æ­£ç¡®çš„ä¸ªæ•°:  667
Epoch [33/100], V_AUC: [4m0.7732[0m
Epoch [34/100], Loss: 48.1091
train_Accuracy: [91m0.8440[0m
train_Precision: [4;34m0.8308[0m,               train_Recall: [4;33m0.8715[0m,                 train_F1 Score: [4;35m0.8455[0m
æ ‡ç­¾é‡Œ1çš„ä¸ªæ•°:  2150
æ ‡ç­¾é‡Œ0çš„ä¸ªæ•°:  2150
æ€»æ•°:  4300
æ­£ç¡®çš„ä¸ªæ•°:  3629
æœ€åä¸€ä¸ªæ‰¹æ¬¡çš„è¾“å‡º, ä¸æ»¡batchsizeæ˜¯æ­£å¸¸çš„:
 tensor([[0.9269],
        [0.9490],
        [0.9711],
        [0.1757],
        [0.9767],
        [0.0053],
        [0.3788],
        [0.0248],
        [0.7576],
        [0.9812],
        [0.0198],
        [0.1209]], device='cuda:0', grad_fn=<SigmoidBackward0>)
Epoch [34/100], T_AUC: [4m0.8499[0m
Epoch [34/100], Loss: 16.3671
val_Accuracy: [92m0.7674[0m
val_Precision: [4;34m0.7650[0m,               val_Recall: [4;33m0.7651[0m,                 val_F1 Score: [4;35m0.7606[0m
æ ‡ç­¾é‡Œ1çš„ä¸ªæ•°:  430
æ ‡ç­¾é‡Œ0çš„ä¸ªæ•°:  430
æ€»æ•°:  860
æ­£ç¡®çš„ä¸ªæ•°:  660
Epoch [34/100], V_AUC: [4m0.7647[0m
Epoch [35/100], Loss: 46.9721
train_Accuracy: [91m0.8526[0m
train_Precision: [4;34m0.8380[0m,               train_Recall: [4;33m0.8799[0m,                 train_F1 Score: [4;35m0.8540[0m
æ ‡ç­¾é‡Œ1çš„ä¸ªæ•°:  2150
æ ‡ç­¾é‡Œ0çš„ä¸ªæ•°:  2150
æ€»æ•°:  4300
æ­£ç¡®çš„ä¸ªæ•°:  3666
æœ€åä¸€ä¸ªæ‰¹æ¬¡çš„è¾“å‡º, ä¸æ»¡batchsizeæ˜¯æ­£å¸¸çš„:
 tensor([[0.9142],
        [0.9768],
        [0.9886],
        [0.1570],
        [0.9826],
        [0.0024],
        [0.3046],
        [0.0243],
        [0.8949],
        [0.9531],
        [0.0218],
        [0.0520]], device='cuda:0', grad_fn=<SigmoidBackward0>)
Epoch [35/100], T_AUC: [4m0.8576[0m
Epoch [35/100], Loss: 18.1737
val_Accuracy: [92m0.7640[0m
val_Precision: [4;34m0.7597[0m,               val_Recall: [4;33m0.7601[0m,                 val_F1 Score: [4;35m0.7552[0m
æ ‡ç­¾é‡Œ1çš„ä¸ªæ•°:  430
æ ‡ç­¾é‡Œ0çš„ä¸ªæ•°:  430
æ€»æ•°:  860
æ­£ç¡®çš„ä¸ªæ•°:  657
Epoch [35/100], V_AUC: [4m0.7624[0m
Epoch [36/100], Loss: 45.8115
train_Accuracy: [91m0.8528[0m
train_Precision: [4;34m0.8375[0m,               train_Recall: [4;33m0.8819[0m,                 train_F1 Score: [4;35m0.8543[0m
æ ‡ç­¾é‡Œ1çš„ä¸ªæ•°:  2150
æ ‡ç­¾é‡Œ0çš„ä¸ªæ•°:  2150
æ€»æ•°:  4300
æ­£ç¡®çš„ä¸ªæ•°:  3667
æœ€åä¸€ä¸ªæ‰¹æ¬¡çš„è¾“å‡º, ä¸æ»¡batchsizeæ˜¯æ­£å¸¸çš„:
 tensor([[0.9510],
        [0.9509],
        [0.9959],
        [0.0434],
        [0.9694],
        [0.0023],
        [0.3311],
        [0.0264],
        [0.9673],
        [0.8985],
        [0.0187],
        [0.0825]], device='cuda:0', grad_fn=<SigmoidBackward0>)
Epoch [36/100], T_AUC: [4m0.8576[0m
Epoch [36/100], Loss: 18.2517
val_Accuracy: [92m0.7733[0m
val_Precision: [4;34m0.7806[0m,               val_Recall: [4;33m0.7548[0m,                 val_F1 Score: [4;35m0.7630[0m
æ ‡ç­¾é‡Œ1çš„ä¸ªæ•°:  430
æ ‡ç­¾é‡Œ0çš„ä¸ªæ•°:  430
æ€»æ•°:  860
æ­£ç¡®çš„ä¸ªæ•°:  665
Epoch [36/100], V_AUC: [4m0.7722[0m
Epoch [37/100], Loss: 47.0402
train_Accuracy: [91m0.8463[0m
train_Precision: [4;34m0.8329[0m,               train_Recall: [4;33m0.8722[0m,                 train_F1 Score: [4;35m0.8470[0m
æ ‡ç­¾é‡Œ1çš„ä¸ªæ•°:  2150
æ ‡ç­¾é‡Œ0çš„ä¸ªæ•°:  2150
æ€»æ•°:  4300
æ­£ç¡®çš„ä¸ªæ•°:  3639
æœ€åä¸€ä¸ªæ‰¹æ¬¡çš„è¾“å‡º, ä¸æ»¡batchsizeæ˜¯æ­£å¸¸çš„:
 tensor([[0.9219],
        [0.9719],
        [0.9962],
        [0.1508],
        [0.9851],
        [0.0034],
        [0.4384],
        [0.0702],
        [0.6823],
        [0.9507],
        [0.0057],
        [0.0565]], device='cuda:0', grad_fn=<SigmoidBackward0>)
Epoch [37/100], T_AUC: [4m0.8516[0m
Epoch [37/100], Loss: 17.4662
val_Accuracy: [92m0.7570[0m
val_Precision: [4;34m0.7489[0m,               val_Recall: [4;33m0.7583[0m,                 val_F1 Score: [4;35m0.7492[0m
æ ‡ç­¾é‡Œ1çš„ä¸ªæ•°:  430
æ ‡ç­¾é‡Œ0çš„ä¸ªæ•°:  430
æ€»æ•°:  860
æ­£ç¡®çš„ä¸ªæ•°:  651
Epoch [37/100], V_AUC: [4m0.7559[0m
Epoch [38/100], Loss: 44.5941
train_Accuracy: [91m0.8579[0m
train_Precision: [4;34m0.8437[0m,               train_Recall: [4;33m0.8866[0m,                 train_F1 Score: [4;35m0.8594[0m
æ ‡ç­¾é‡Œ1çš„ä¸ªæ•°:  2150
æ ‡ç­¾é‡Œ0çš„ä¸ªæ•°:  2150
æ€»æ•°:  4300
æ­£ç¡®çš„ä¸ªæ•°:  3689
æœ€åä¸€ä¸ªæ‰¹æ¬¡çš„è¾“å‡º, ä¸æ»¡batchsizeæ˜¯æ­£å¸¸çš„:
 tensor([[0.9292],
        [0.9845],
        [0.9901],
        [0.0812],
        [0.9959],
        [0.0014],
        [0.4348],
        [0.0328],
        [0.9294],
        [0.9567],
        [0.0060],
        [0.0411]], device='cuda:0', grad_fn=<SigmoidBackward0>)
Epoch [38/100], T_AUC: [4m0.8634[0m
Epoch [38/100], Loss: 18.6621
val_Accuracy: [92m0.7709[0m
val_Precision: [4;34m0.7696[0m,               val_Recall: [4;33m0.7677[0m,                 val_F1 Score: [4;35m0.7643[0m
æ ‡ç­¾é‡Œ1çš„ä¸ªæ•°:  430
æ ‡ç­¾é‡Œ0çš„ä¸ªæ•°:  430
æ€»æ•°:  860
æ­£ç¡®çš„ä¸ªæ•°:  663
Epoch [38/100], V_AUC: [4m0.7693[0m
Epoch [39/100], Loss: 44.9309
train_Accuracy: [91m0.8574[0m
train_Precision: [4;34m0.8467[0m,               train_Recall: [4;33m0.8816[0m,                 train_F1 Score: [4;35m0.8585[0m
æ ‡ç­¾é‡Œ1çš„ä¸ªæ•°:  2150
æ ‡ç­¾é‡Œ0çš„ä¸ªæ•°:  2150
æ€»æ•°:  4300
æ­£ç¡®çš„ä¸ªæ•°:  3687
æœ€åä¸€ä¸ªæ‰¹æ¬¡çš„è¾“å‡º, ä¸æ»¡batchsizeæ˜¯æ­£å¸¸çš„:
 tensor([[0.9348],
        [0.9633],
        [0.9897],
        [0.1139],
        [0.9981],
        [0.0039],
        [0.3103],
        [0.0210],
        [0.9548],
        [0.9162],
        [0.0043],
        [0.0541]], device='cuda:0', grad_fn=<SigmoidBackward0>)
Epoch [39/100], T_AUC: [4m0.8631[0m
Epoch [39/100], Loss: 18.2246
val_Accuracy: [92m0.7686[0m
val_Precision: [4;34m0.7685[0m,               val_Recall: [4;33m0.7653[0m,                 val_F1 Score: [4;35m0.7621[0m
æ ‡ç­¾é‡Œ1çš„ä¸ªæ•°:  430
æ ‡ç­¾é‡Œ0çš„ä¸ªæ•°:  430
æ€»æ•°:  860
æ­£ç¡®çš„ä¸ªæ•°:  661
Epoch [39/100], V_AUC: [4m0.7669[0m
Epoch [40/100], Loss: 44.2344
train_Accuracy: [91m0.8574[0m
train_Precision: [4;34m0.8441[0m,               train_Recall: [4;33m0.8844[0m,                 train_F1 Score: [4;35m0.8585[0m
æ ‡ç­¾é‡Œ1çš„ä¸ªæ•°:  2150
æ ‡ç­¾é‡Œ0çš„ä¸ªæ•°:  2150
æ€»æ•°:  4300
æ­£ç¡®çš„ä¸ªæ•°:  3687
æœ€åä¸€ä¸ªæ‰¹æ¬¡çš„è¾“å‡º, ä¸æ»¡batchsizeæ˜¯æ­£å¸¸çš„:
 tensor([[0.9498],
        [0.9881],
        [0.9865],
        [0.1314],
        [0.9921],
        [0.0052],
        [0.1984],
        [0.0153],
        [0.9707],
        [0.9481],
        [0.0083],
        [0.0145]], device='cuda:0', grad_fn=<SigmoidBackward0>)
Epoch [40/100], T_AUC: [4m0.8639[0m
Epoch [40/100], Loss: 18.8440
val_Accuracy: [92m0.7686[0m
val_Precision: [4;34m0.7631[0m,               val_Recall: [4;33m0.7800[0m,                 val_F1 Score: [4;35m0.7655[0m
æ ‡ç­¾é‡Œ1çš„ä¸ªæ•°:  430
æ ‡ç­¾é‡Œ0çš„ä¸ªæ•°:  430
æ€»æ•°:  860
æ­£ç¡®çš„ä¸ªæ•°:  661
Epoch [40/100], V_AUC: [4m0.7681[0m
Epoch [41/100], Loss: 43.9761
train_Accuracy: [91m0.8588[0m
train_Precision: [4;34m0.8468[0m,               train_Recall: [4;33m0.8844[0m,                 train_F1 Score: [4;35m0.8600[0m
æ ‡ç­¾é‡Œ1çš„ä¸ªæ•°:  2150
æ ‡ç­¾é‡Œ0çš„ä¸ªæ•°:  2150
æ€»æ•°:  4300
æ­£ç¡®çš„ä¸ªæ•°:  3693
æœ€åä¸€ä¸ªæ‰¹æ¬¡çš„è¾“å‡º, ä¸æ»¡batchsizeæ˜¯æ­£å¸¸çš„:
 tensor([[0.9170],
        [0.9942],
        [0.9953],
        [0.0817],
        [0.9963],
        [0.0077],
        [0.1267],
        [0.0025],
        [0.9592],
        [0.9109],
        [0.0133],
        [0.0715]], device='cuda:0', grad_fn=<SigmoidBackward0>)
Epoch [41/100], T_AUC: [4m0.8649[0m
Epoch [41/100], Loss: 19.7150
val_Accuracy: [92m0.7512[0m
val_Precision: [4;34m0.7377[0m,               val_Recall: [4;33m0.7762[0m,                 val_F1 Score: [4;35m0.7508[0m
æ ‡ç­¾é‡Œ1çš„ä¸ªæ•°:  430
æ ‡ç­¾é‡Œ0çš„ä¸ªæ•°:  430
æ€»æ•°:  860
æ­£ç¡®çš„ä¸ªæ•°:  646
Epoch [41/100], V_AUC: [4m0.7504[0m
Epoch [42/100], Loss: 45.9527
train_Accuracy: [91m0.8551[0m
train_Precision: [4;34m0.8431[0m,               train_Recall: [4;33m0.8801[0m,                 train_F1 Score: [4;35m0.8559[0m
æ ‡ç­¾é‡Œ1çš„ä¸ªæ•°:  2150
æ ‡ç­¾é‡Œ0çš„ä¸ªæ•°:  2150
æ€»æ•°:  4300
æ­£ç¡®çš„ä¸ªæ•°:  3677
æœ€åä¸€ä¸ªæ‰¹æ¬¡çš„è¾“å‡º, ä¸æ»¡batchsizeæ˜¯æ­£å¸¸çš„:
 tensor([[9.0734e-01],
        [9.8030e-01],
        [9.9789e-01],
        [7.1701e-02],
        [9.7661e-01],
        [7.8980e-04],
        [5.1908e-01],
        [3.3470e-02],
        [8.8958e-01],
        [9.2188e-01],
        [1.3264e-02],
        [1.3034e-01]], device='cuda:0', grad_fn=<SigmoidBackward0>)
Epoch [42/100], T_AUC: [4m0.8608[0m
Epoch [42/100], Loss: 18.4527
val_Accuracy: [92m0.7640[0m
val_Precision: [4;34m0.7563[0m,               val_Recall: [4;33m0.7755[0m,                 val_F1 Score: [4;35m0.7609[0m
æ ‡ç­¾é‡Œ1çš„ä¸ªæ•°:  430
æ ‡ç­¾é‡Œ0çš„ä¸ªæ•°:  430
æ€»æ•°:  860
æ­£ç¡®çš„ä¸ªæ•°:  657
Epoch [42/100], V_AUC: [4m0.7627[0m
Epoch [43/100], Loss: 44.1883
train_Accuracy: [91m0.8609[0m
train_Precision: [4;34m0.8505[0m,               train_Recall: [4;33m0.8842[0m,                 train_F1 Score: [4;35m0.8620[0m
æ ‡ç­¾é‡Œ1çš„ä¸ªæ•°:  2150
æ ‡ç­¾é‡Œ0çš„ä¸ªæ•°:  2150
æ€»æ•°:  4300
æ­£ç¡®çš„ä¸ªæ•°:  3702
æœ€åä¸€ä¸ªæ‰¹æ¬¡çš„è¾“å‡º, ä¸æ»¡batchsizeæ˜¯æ­£å¸¸çš„:
 tensor([[0.9130],
        [0.9896],
        [0.9927],
        [0.0946],
        [0.9984],
        [0.0020],
        [0.2497],
        [0.0086],
        [0.7166],
        [0.9576],
        [0.0155],
        [0.0548]], device='cuda:0', grad_fn=<SigmoidBackward0>)
Epoch [43/100], T_AUC: [4m0.8670[0m
Epoch [43/100], Loss: 19.1811
val_Accuracy: [92m0.7616[0m
val_Precision: [4;34m0.7548[0m,               val_Recall: [4;33m0.7738[0m,                 val_F1 Score: [4;35m0.7599[0m
æ ‡ç­¾é‡Œ1çš„ä¸ªæ•°:  430
æ ‡ç­¾é‡Œ0çš„ä¸ªæ•°:  430
æ€»æ•°:  860
æ­£ç¡®çš„ä¸ªæ•°:  655
Epoch [43/100], V_AUC: [4m0.7601[0m
Epoch [44/100], Loss: 41.8279
train_Accuracy: [91m0.8702[0m
train_Precision: [4;34m0.8593[0m,               train_Recall: [4;33m0.8913[0m,                 train_F1 Score: [4;35m0.8710[0m
æ ‡ç­¾é‡Œ1çš„ä¸ªæ•°:  2150
æ ‡ç­¾é‡Œ0çš„ä¸ªæ•°:  2150
æ€»æ•°:  4300
æ­£ç¡®çš„ä¸ªæ•°:  3742
æœ€åä¸€ä¸ªæ‰¹æ¬¡çš„è¾“å‡º, ä¸æ»¡batchsizeæ˜¯æ­£å¸¸çš„:
 tensor([[9.8449e-01],
        [9.8460e-01],
        [9.8927e-01],
        [4.2641e-02],
        [9.9588e-01],
        [9.5531e-04],
        [3.4161e-01],
        [5.5435e-03],
        [9.9257e-01],
        [9.4280e-01],
        [4.8846e-03],
        [3.2628e-02]], device='cuda:0', grad_fn=<SigmoidBackward0>)
Epoch [44/100], T_AUC: [4m0.8756[0m
Epoch [44/100], Loss: 20.8939
val_Accuracy: [92m0.7651[0m
val_Precision: [4;34m0.7608[0m,               val_Recall: [4;33m0.7674[0m,                 val_F1 Score: [4;35m0.7599[0m
æ ‡ç­¾é‡Œ1çš„ä¸ªæ•°:  430
æ ‡ç­¾é‡Œ0çš„ä¸ªæ•°:  430
æ€»æ•°:  860
æ­£ç¡®çš„ä¸ªæ•°:  658
Epoch [44/100], V_AUC: [4m0.7638[0m
Epoch [45/100], Loss: 42.2165
train_Accuracy: [91m0.8709[0m
train_Precision: [4;34m0.8619[0m,               train_Recall: [4;33m0.8911[0m,                 train_F1 Score: [4;35m0.8713[0m
æ ‡ç­¾é‡Œ1çš„ä¸ªæ•°:  2150
æ ‡ç­¾é‡Œ0çš„ä¸ªæ•°:  2150
æ€»æ•°:  4300
æ­£ç¡®çš„ä¸ªæ•°:  3745
æœ€åä¸€ä¸ªæ‰¹æ¬¡çš„è¾“å‡º, ä¸æ»¡batchsizeæ˜¯æ­£å¸¸çš„:
 tensor([[9.5494e-01],
        [9.9196e-01],
        [9.8797e-01],
        [4.4661e-02],
        [9.9339e-01],
        [7.3321e-04],
        [1.8509e-01],
        [4.7005e-03],
        [9.8017e-01],
        [9.6960e-01],
        [8.3120e-03],
        [1.8824e-01]], device='cuda:0', grad_fn=<SigmoidBackward0>)
Epoch [45/100], T_AUC: [4m0.8770[0m
Epoch [45/100], Loss: 19.2969
val_Accuracy: [92m0.7628[0m
val_Precision: [4;34m0.7640[0m,               val_Recall: [4;33m0.7519[0m,                 val_F1 Score: [4;35m0.7529[0m
æ ‡ç­¾é‡Œ1çš„ä¸ªæ•°:  430
æ ‡ç­¾é‡Œ0çš„ä¸ªæ•°:  430
æ€»æ•°:  860
æ­£ç¡®çš„ä¸ªæ•°:  656
Epoch [45/100], V_AUC: [4m0.7600[0m
Epoch [46/100], Loss: 43.3802
train_Accuracy: [91m0.8598[0m
train_Precision: [4;34m0.8447[0m,               train_Recall: [4;33m0.8910[0m,                 train_F1 Score: [4;35m0.8620[0m
æ ‡ç­¾é‡Œ1çš„ä¸ªæ•°:  2150
æ ‡ç­¾é‡Œ0çš„ä¸ªæ•°:  2150
æ€»æ•°:  4300
æ­£ç¡®çš„ä¸ªæ•°:  3697
æœ€åä¸€ä¸ªæ‰¹æ¬¡çš„è¾“å‡º, ä¸æ»¡batchsizeæ˜¯æ­£å¸¸çš„:
 tensor([[0.9415],
        [0.9851],
        [0.9978],
        [0.1225],
        [0.9434],
        [0.0267],
        [0.3613],
        [0.0040],
        [0.4781],
        [0.9653],
        [0.0252],
        [0.0858]], device='cuda:0', grad_fn=<SigmoidBackward0>)
Epoch [46/100], T_AUC: [4m0.8661[0m
Epoch [46/100], Loss: 20.6807
val_Accuracy: [92m0.7488[0m
val_Precision: [4;34m0.7378[0m,               val_Recall: [4;33m0.7753[0m,                 val_F1 Score: [4;35m0.7503[0m
æ ‡ç­¾é‡Œ1çš„ä¸ªæ•°:  430
æ ‡ç­¾é‡Œ0çš„ä¸ªæ•°:  430
æ€»æ•°:  860
æ­£ç¡®çš„ä¸ªæ•°:  644
Epoch [46/100], V_AUC: [4m0.7486[0m
Epoch [47/100], Loss: 44.6467
train_Accuracy: [91m0.8579[0m
train_Precision: [4;34m0.8427[0m,               train_Recall: [4;33m0.8887[0m,                 train_F1 Score: [4;35m0.8601[0m
æ ‡ç­¾é‡Œ1çš„ä¸ªæ•°:  2150
æ ‡ç­¾é‡Œ0çš„ä¸ªæ•°:  2150
æ€»æ•°:  4300
æ­£ç¡®çš„ä¸ªæ•°:  3689
æœ€åä¸€ä¸ªæ‰¹æ¬¡çš„è¾“å‡º, ä¸æ»¡batchsizeæ˜¯æ­£å¸¸çš„:
 tensor([[0.8906],
        [0.9918],
        [0.9968],
        [0.1300],
        [0.9707],
        [0.0036],
        [0.1245],
        [0.0094],
        [0.9597],
        [0.9084],
        [0.0139],
        [0.0797]], device='cuda:0', grad_fn=<SigmoidBackward0>)
Epoch [47/100], T_AUC: [4m0.8636[0m
Epoch [47/100], Loss: 18.7479
val_Accuracy: [92m0.7570[0m
val_Precision: [4;34m0.7419[0m,               val_Recall: [4;33m0.7823[0m,                 val_F1 Score: [4;35m0.7565[0m
æ ‡ç­¾é‡Œ1çš„ä¸ªæ•°:  430
æ ‡ç­¾é‡Œ0çš„ä¸ªæ•°:  430
æ€»æ•°:  860
æ­£ç¡®çš„ä¸ªæ•°:  651
Epoch [47/100], V_AUC: [4m0.7561[0m
Epoch [48/100], Loss: 42.5685
train_Accuracy: [91m0.8621[0m
train_Precision: [4;34m0.8509[0m,               train_Recall: [4;33m0.8872[0m,                 train_F1 Score: [4;35m0.8637[0m
æ ‡ç­¾é‡Œ1çš„ä¸ªæ•°:  2150
æ ‡ç­¾é‡Œ0çš„ä¸ªæ•°:  2150
æ€»æ•°:  4300
æ­£ç¡®çš„ä¸ªæ•°:  3707
æœ€åä¸€ä¸ªæ‰¹æ¬¡çš„è¾“å‡º, ä¸æ»¡batchsizeæ˜¯æ­£å¸¸çš„:
 tensor([[9.3314e-01],
        [9.9083e-01],
        [9.9315e-01],
        [1.3420e-01],
        [9.9370e-01],
        [4.7909e-04],
        [8.4439e-02],
        [6.0696e-03],
        [9.8057e-01],
        [9.5602e-01],
        [1.0061e-02],
        [1.4572e-01]], device='cuda:0', grad_fn=<SigmoidBackward0>)
Epoch [48/100], T_AUC: [4m0.8680[0m
Epoch [48/100], Loss: 20.4957
val_Accuracy: [92m0.7500[0m
val_Precision: [4;34m0.7298[0m,               val_Recall: [4;33m0.7930[0m,                 val_F1 Score: [4;35m0.7544[0m
æ ‡ç­¾é‡Œ1çš„ä¸ªæ•°:  430
æ ‡ç­¾é‡Œ0çš„ä¸ªæ•°:  430
æ€»æ•°:  860
æ­£ç¡®çš„ä¸ªæ•°:  645
Epoch [48/100], V_AUC: [4m0.7497[0m
Epoch [49/100], Loss: 41.9768
train_Accuracy: [91m0.8670[0m
train_Precision: [4;34m0.8533[0m,               train_Recall: [4;33m0.8927[0m,                 train_F1 Score: [4;35m0.8675[0m
æ ‡ç­¾é‡Œ1çš„ä¸ªæ•°:  2150
æ ‡ç­¾é‡Œ0çš„ä¸ªæ•°:  2150
æ€»æ•°:  4300
æ­£ç¡®çš„ä¸ªæ•°:  3728
æœ€åä¸€ä¸ªæ‰¹æ¬¡çš„è¾“å‡º, ä¸æ»¡batchsizeæ˜¯æ­£å¸¸çš„:
 tensor([[0.9752],
        [0.8929],
        [0.9962],
        [0.1616],
        [0.9968],
        [0.0015],
        [0.1195],
        [0.0189],
        [0.9756],
        [0.9223],
        [0.0140],
        [0.0292]], device='cuda:0', grad_fn=<SigmoidBackward0>)
Epoch [49/100], T_AUC: [4m0.8727[0m
Epoch [49/100], Loss: 18.9108
val_Accuracy: [92m0.7593[0m
val_Precision: [4;34m0.7532[0m,               val_Recall: [4;33m0.7644[0m,                 val_F1 Score: [4;35m0.7535[0m
æ ‡ç­¾é‡Œ1çš„ä¸ªæ•°:  430
æ ‡ç­¾é‡Œ0çš„ä¸ªæ•°:  430
æ€»æ•°:  860
æ­£ç¡®çš„ä¸ªæ•°:  653
Epoch [49/100], V_AUC: [4m0.7581[0m
Epoch [50/100], Loss: 41.0125
train_Accuracy: [91m0.8693[0m
train_Precision: [4;34m0.8572[0m,               train_Recall: [4;33m0.8935[0m,                 train_F1 Score: [4;35m0.8698[0m
æ ‡ç­¾é‡Œ1çš„ä¸ªæ•°:  2150
æ ‡ç­¾é‡Œ0çš„ä¸ªæ•°:  2150
æ€»æ•°:  4300
æ­£ç¡®çš„ä¸ªæ•°:  3738
æœ€åä¸€ä¸ªæ‰¹æ¬¡çš„è¾“å‡º, ä¸æ»¡batchsizeæ˜¯æ­£å¸¸çš„:
 tensor([[9.1855e-01],
        [9.8207e-01],
        [9.9253e-01],
        [1.6162e-01],
        [9.9849e-01],
        [2.3243e-04],
        [6.9274e-02],
        [6.0819e-03],
        [9.7025e-01],
        [9.6482e-01],
        [1.8489e-02],
        [1.6404e-01]], device='cuda:0', grad_fn=<SigmoidBackward0>)
Epoch [50/100], T_AUC: [4m0.8753[0m
Epoch [50/100], Loss: 19.9524
val_Accuracy: [92m0.7593[0m
val_Precision: [4;34m0.7474[0m,               val_Recall: [4;33m0.7778[0m,                 val_F1 Score: [4;35m0.7562[0m
æ ‡ç­¾é‡Œ1çš„ä¸ªæ•°:  430
æ ‡ç­¾é‡Œ0çš„ä¸ªæ•°:  430
æ€»æ•°:  860
æ­£ç¡®çš„ä¸ªæ•°:  653
Epoch [50/100], V_AUC: [4m0.7585[0m
Epoch [51/100], Loss: 39.4903
train_Accuracy: [91m0.8751[0m
train_Precision: [4;34m0.8604[0m,               train_Recall: [4;33m0.9011[0m,                 train_F1 Score: [4;35m0.8759[0m
æ ‡ç­¾é‡Œ1çš„ä¸ªæ•°:  2150
æ ‡ç­¾é‡Œ0çš„ä¸ªæ•°:  2150
æ€»æ•°:  4300
æ­£ç¡®çš„ä¸ªæ•°:  3763
æœ€åä¸€ä¸ªæ‰¹æ¬¡çš„è¾“å‡º, ä¸æ»¡batchsizeæ˜¯æ­£å¸¸çš„:
 tensor([[9.9278e-01],
        [8.7687e-01],
        [9.8282e-01],
        [1.7406e-01],
        [9.9839e-01],
        [2.0974e-04],
        [1.9552e-01],
        [2.6509e-03],
        [9.8825e-01],
        [9.7873e-01],
        [6.8144e-03],
        [7.0690e-02]], device='cuda:0', grad_fn=<SigmoidBackward0>)
Epoch [51/100], T_AUC: [4m0.8805[0m
Epoch [51/100], Loss: 21.2988
val_Accuracy: [92m0.7663[0m
val_Precision: [4;34m0.7536[0m,               val_Recall: [4;33m0.7880[0m,                 val_F1 Score: [4;35m0.7650[0m
æ ‡ç­¾é‡Œ1çš„ä¸ªæ•°:  430
æ ‡ç­¾é‡Œ0çš„ä¸ªæ•°:  430
æ€»æ•°:  860
æ­£ç¡®çš„ä¸ªæ•°:  659
Epoch [51/100], V_AUC: [4m0.7642[0m
Epoch [52/100], Loss: 41.5484
train_Accuracy: [91m0.8721[0m
train_Precision: [4;34m0.8593[0m,               train_Recall: [4;33m0.8950[0m,                 train_F1 Score: [4;35m0.8723[0m
æ ‡ç­¾é‡Œ1çš„ä¸ªæ•°:  2150
æ ‡ç­¾é‡Œ0çš„ä¸ªæ•°:  2150
æ€»æ•°:  4300
æ­£ç¡®çš„ä¸ªæ•°:  3750
æœ€åä¸€ä¸ªæ‰¹æ¬¡çš„è¾“å‡º, ä¸æ»¡batchsizeæ˜¯æ­£å¸¸çš„:
 tensor([[0.9875],
        [0.9885],
        [0.9938],
        [0.0334],
        [0.9964],
        [0.0059],
        [0.0164],
        [0.0045],
        [0.8820],
        [0.9517],
        [0.0146],
        [0.1438]], device='cuda:0', grad_fn=<SigmoidBackward0>)
Epoch [52/100], T_AUC: [4m0.8773[0m
Epoch [52/100], Loss: 22.5808
val_Accuracy: [92m0.7465[0m
val_Precision: [4;34m0.7308[0m,               val_Recall: [4;33m0.7798[0m,                 val_F1 Score: [4;35m0.7491[0m
æ ‡ç­¾é‡Œ1çš„ä¸ªæ•°:  430
æ ‡ç­¾é‡Œ0çš„ä¸ªæ•°:  430
æ€»æ•°:  860
æ­£ç¡®çš„ä¸ªæ•°:  642
Epoch [52/100], V_AUC: [4m0.7449[0m
Epoch [53/100], Loss: 42.8404
train_Accuracy: [91m0.8607[0m
train_Precision: [4;34m0.8442[0m,               train_Recall: [4;33m0.8908[0m,                 train_F1 Score: [4;35m0.8623[0m
æ ‡ç­¾é‡Œ1çš„ä¸ªæ•°:  2150
æ ‡ç­¾é‡Œ0çš„ä¸ªæ•°:  2150
æ€»æ•°:  4300
æ­£ç¡®çš„ä¸ªæ•°:  3701
æœ€åä¸€ä¸ªæ‰¹æ¬¡çš„è¾“å‡º, ä¸æ»¡batchsizeæ˜¯æ­£å¸¸çš„:
 tensor([[0.9734],
        [0.9943],
        [0.9802],
        [0.0711],
        [0.9952],
        [0.0027],
        [0.0991],
        [0.0076],
        [0.9534],
        [0.9756],
        [0.0051],
        [0.0580]], device='cuda:0', grad_fn=<SigmoidBackward0>)
Epoch [53/100], T_AUC: [4m0.8666[0m
Epoch [53/100], Loss: 19.4160
val_Accuracy: [92m0.7558[0m
val_Precision: [4;34m0.7385[0m,               val_Recall: [4;33m0.7861[0m,                 val_F1 Score: [4;35m0.7568[0m
æ ‡ç­¾é‡Œ1çš„ä¸ªæ•°:  430
æ ‡ç­¾é‡Œ0çš„ä¸ªæ•°:  430
æ€»æ•°:  860
æ­£ç¡®çš„ä¸ªæ•°:  650
Epoch [53/100], V_AUC: [4m0.7558[0m
Epoch [54/100], Loss: 39.5928
train_Accuracy: [91m0.8691[0m
train_Precision: [4;34m0.8564[0m,               train_Recall: [4;33m0.8948[0m,                 train_F1 Score: [4;35m0.8699[0m
æ ‡ç­¾é‡Œ1çš„ä¸ªæ•°:  2150
æ ‡ç­¾é‡Œ0çš„ä¸ªæ•°:  2150
æ€»æ•°:  4300
æ­£ç¡®çš„ä¸ªæ•°:  3737
æœ€åä¸€ä¸ªæ‰¹æ¬¡çš„è¾“å‡º, ä¸æ»¡batchsizeæ˜¯æ­£å¸¸çš„:
 tensor([[9.9307e-01],
        [9.9597e-01],
        [9.9259e-01],
        [5.1837e-02],
        [9.9855e-01],
        [2.3361e-04],
        [5.1417e-02],
        [4.8130e-03],
        [7.1255e-01],
        [9.8438e-01],
        [6.2170e-03],
        [2.4555e-01]], device='cuda:0', grad_fn=<SigmoidBackward0>)
Epoch [54/100], T_AUC: [4m0.8755[0m
Epoch [54/100], Loss: 21.9320
val_Accuracy: [92m0.7628[0m
val_Precision: [4;34m0.7442[0m,               val_Recall: [4;33m0.7924[0m,                 val_F1 Score: [4;35m0.7629[0m
æ ‡ç­¾é‡Œ1çš„ä¸ªæ•°:  430
æ ‡ç­¾é‡Œ0çš„ä¸ªæ•°:  430
æ€»æ•°:  860
æ­£ç¡®çš„ä¸ªæ•°:  656
Epoch [54/100], V_AUC: [4m0.7618[0m
Epoch [55/100], Loss: 37.9557
train_Accuracy: [91m0.8816[0m
train_Precision: [4;34m0.8682[0m,               train_Recall: [4;33m0.9062[0m,                 train_F1 Score: [4;35m0.8820[0m
æ ‡ç­¾é‡Œ1çš„ä¸ªæ•°:  2150
æ ‡ç­¾é‡Œ0çš„ä¸ªæ•°:  2150
æ€»æ•°:  4300
æ­£ç¡®çš„ä¸ªæ•°:  3791
æœ€åä¸€ä¸ªæ‰¹æ¬¡çš„è¾“å‡º, ä¸æ»¡batchsizeæ˜¯æ­£å¸¸çš„:
 tensor([[9.9290e-01],
        [9.9702e-01],
        [9.9635e-01],
        [2.9139e-02],
        [9.9859e-01],
        [6.1549e-05],
        [5.0774e-02],
        [7.6545e-03],
        [9.4490e-01],
        [9.6325e-01],
        [3.5818e-03],
        [2.3590e-01]], device='cuda:0', grad_fn=<SigmoidBackward0>)
Epoch [55/100], T_AUC: [4m0.8878[0m
Epoch [55/100], Loss: 22.4038
val_Accuracy: [92m0.7640[0m
val_Precision: [4;34m0.7538[0m,               val_Recall: [4;33m0.7747[0m,                 val_F1 Score: [4;35m0.7581[0m
æ ‡ç­¾é‡Œ1çš„ä¸ªæ•°:  430
æ ‡ç­¾é‡Œ0çš„ä¸ªæ•°:  430
æ€»æ•°:  860
æ­£ç¡®çš„ä¸ªæ•°:  657
Epoch [55/100], V_AUC: [4m0.7638[0m
Epoch [56/100], Loss: 38.0010
train_Accuracy: [91m0.8749[0m
train_Precision: [4;34m0.8641[0m,               train_Recall: [4;33m0.9001[0m,                 train_F1 Score: [4;35m0.8764[0m
æ ‡ç­¾é‡Œ1çš„ä¸ªæ•°:  2150
æ ‡ç­¾é‡Œ0çš„ä¸ªæ•°:  2150
æ€»æ•°:  4300
æ­£ç¡®çš„ä¸ªæ•°:  3762
æœ€åä¸€ä¸ªæ‰¹æ¬¡çš„è¾“å‡º, ä¸æ»¡batchsizeæ˜¯æ­£å¸¸çš„:
 tensor([[9.9307e-01],
        [9.6003e-01],
        [9.7877e-01],
        [3.6962e-02],
        [9.9983e-01],
        [2.5963e-04],
        [1.6802e-01],
        [2.8593e-03],
        [9.8320e-01],
        [9.8217e-01],
        [5.2881e-03],
        [2.2243e-02]], device='cuda:0', grad_fn=<SigmoidBackward0>)
Epoch [56/100], T_AUC: [4m0.8812[0m
Epoch [56/100], Loss: 22.7699
val_Accuracy: [92m0.7698[0m
val_Precision: [4;34m0.7622[0m,               val_Recall: [4;33m0.7847[0m,                 val_F1 Score: [4;35m0.7681[0m
æ ‡ç­¾é‡Œ1çš„ä¸ªæ•°:  430
æ ‡ç­¾é‡Œ0çš„ä¸ªæ•°:  430
æ€»æ•°:  860
æ­£ç¡®çš„ä¸ªæ•°:  662
Epoch [56/100], V_AUC: [4m0.7701[0m
Epoch [57/100], Loss: 39.8959
train_Accuracy: [91m0.8767[0m
train_Precision: [4;34m0.8611[0m,               train_Recall: [4;33m0.9054[0m,                 train_F1 Score: [4;35m0.8781[0m
æ ‡ç­¾é‡Œ1çš„ä¸ªæ•°:  2150
æ ‡ç­¾é‡Œ0çš„ä¸ªæ•°:  2150
æ€»æ•°:  4300
æ­£ç¡®çš„ä¸ªæ•°:  3770
æœ€åä¸€ä¸ªæ‰¹æ¬¡çš„è¾“å‡º, ä¸æ»¡batchsizeæ˜¯æ­£å¸¸çš„:
 tensor([[9.9294e-01],
        [9.9062e-01],
        [9.7290e-01],
        [4.9331e-02],
        [9.9617e-01],
        [1.5448e-04],
        [3.0803e-01],
        [8.0346e-03],
        [9.3751e-01],
        [9.9289e-01],
        [7.6113e-03],
        [2.8135e-02]], device='cuda:0', grad_fn=<SigmoidBackward0>)
Epoch [57/100], T_AUC: [4m0.8821[0m
Epoch [57/100], Loss: 22.4111
val_Accuracy: [92m0.7523[0m
val_Precision: [4;34m0.7276[0m,               val_Recall: [4;33m0.7989[0m,                 val_F1 Score: [4;35m0.7571[0m
æ ‡ç­¾é‡Œ1çš„ä¸ªæ•°:  430
æ ‡ç­¾é‡Œ0çš„ä¸ªæ•°:  430
æ€»æ•°:  860
æ­£ç¡®çš„ä¸ªæ•°:  647
Epoch [57/100], V_AUC: [4m0.7512[0m
Epoch [58/100], Loss: 36.4376
train_Accuracy: [91m0.8842[0m
train_Precision: [4;34m0.8698[0m,               train_Recall: [4;33m0.9097[0m,                 train_F1 Score: [4;35m0.8849[0m
æ ‡ç­¾é‡Œ1çš„ä¸ªæ•°:  2150
æ ‡ç­¾é‡Œ0çš„ä¸ªæ•°:  2150
æ€»æ•°:  4300
æ­£ç¡®çš„ä¸ªæ•°:  3802
æœ€åä¸€ä¸ªæ‰¹æ¬¡çš„è¾“å‡º, ä¸æ»¡batchsizeæ˜¯æ­£å¸¸çš„:
 tensor([[9.9775e-01],
        [9.7533e-01],
        [9.8736e-01],
        [1.2748e-02],
        [9.9948e-01],
        [6.4171e-05],
        [6.0169e-02],
        [4.3304e-02],
        [9.7287e-01],
        [9.7515e-01],
        [8.2098e-03],
        [4.9947e-02]], device='cuda:0', grad_fn=<SigmoidBackward0>)
Epoch [58/100], T_AUC: [4m0.8896[0m
Epoch [58/100], Loss: 23.6853
val_Accuracy: [92m0.7628[0m
val_Precision: [4;34m0.7558[0m,               val_Recall: [4;33m0.7689[0m,                 val_F1 Score: [4;35m0.7565[0m
æ ‡ç­¾é‡Œ1çš„ä¸ªæ•°:  430
æ ‡ç­¾é‡Œ0çš„ä¸ªæ•°:  430
æ€»æ•°:  860
æ­£ç¡®çš„ä¸ªæ•°:  656
Epoch [58/100], V_AUC: [4m0.7617[0m
Epoch [59/100], Loss: 35.8271
train_Accuracy: [91m0.8860[0m
train_Precision: [4;34m0.8722[0m,               train_Recall: [4;33m0.9110[0m,                 train_F1 Score: [4;35m0.8867[0m
æ ‡ç­¾é‡Œ1çš„ä¸ªæ•°:  2150
æ ‡ç­¾é‡Œ0çš„ä¸ªæ•°:  2150
æ€»æ•°:  4300
æ­£ç¡®çš„ä¸ªæ•°:  3810
æœ€åä¸€ä¸ªæ‰¹æ¬¡çš„è¾“å‡º, ä¸æ»¡batchsizeæ˜¯æ­£å¸¸çš„:
 tensor([[9.8386e-01],
        [9.9406e-01],
        [9.9655e-01],
        [2.8601e-02],
        [9.9966e-01],
        [2.6827e-05],
        [3.4423e-02],
        [1.1037e-03],
        [9.9825e-01],
        [9.9033e-01],
        [3.9690e-03],
        [7.6535e-02]], device='cuda:0', grad_fn=<SigmoidBackward0>)
Epoch [59/100], T_AUC: [4m0.8919[0m
Epoch [59/100], Loss: 24.7050
val_Accuracy: [92m0.7616[0m
val_Precision: [4;34m0.7483[0m,               val_Recall: [4;33m0.7809[0m,                 val_F1 Score: [4;35m0.7593[0m
æ ‡ç­¾é‡Œ1çš„ä¸ªæ•°:  430
æ ‡ç­¾é‡Œ0çš„ä¸ªæ•°:  430
æ€»æ•°:  860
æ­£ç¡®çš„ä¸ªæ•°:  655
Epoch [59/100], V_AUC: [4m0.7605[0m
Epoch [60/100], Loss: 36.7766
train_Accuracy: [91m0.8837[0m
train_Precision: [4;34m0.8725[0m,               train_Recall: [4;33m0.9044[0m,                 train_F1 Score: [4;35m0.8838[0m
æ ‡ç­¾é‡Œ1çš„ä¸ªæ•°:  2150
æ ‡ç­¾é‡Œ0çš„ä¸ªæ•°:  2150
æ€»æ•°:  4300
æ­£ç¡®çš„ä¸ªæ•°:  3800
æœ€åä¸€ä¸ªæ‰¹æ¬¡çš„è¾“å‡º, ä¸æ»¡batchsizeæ˜¯æ­£å¸¸çš„:
 tensor([[9.9782e-01],
        [9.9851e-01],
        [9.8836e-01],
        [1.2619e-02],
        [9.9953e-01],
        [5.2686e-05],
        [1.5499e-01],
        [1.5591e-03],
        [9.7323e-01],
        [9.8644e-01],
        [7.0770e-04],
        [1.2255e-01]], device='cuda:0', grad_fn=<SigmoidBackward0>)
Epoch [60/100], T_AUC: [4m0.8893[0m
Epoch [60/100], Loss: 24.7036
val_Accuracy: [92m0.7581[0m
val_Precision: [4;34m0.7482[0m,               val_Recall: [4;33m0.7718[0m,                 val_F1 Score: [4;35m0.7540[0m
æ ‡ç­¾é‡Œ1çš„ä¸ªæ•°:  430
æ ‡ç­¾é‡Œ0çš„ä¸ªæ•°:  430
æ€»æ•°:  860
æ­£ç¡®çš„ä¸ªæ•°:  652
Epoch [60/100], V_AUC: [4m0.7573[0m
Epoch [61/100], Loss: 36.8900
train_Accuracy: [91m0.8835[0m
train_Precision: [4;34m0.8764[0m,               train_Recall: [4;33m0.9003[0m,                 train_F1 Score: [4;35m0.8839[0m
æ ‡ç­¾é‡Œ1çš„ä¸ªæ•°:  2150
æ ‡ç­¾é‡Œ0çš„ä¸ªæ•°:  2150
æ€»æ•°:  4300
æ­£ç¡®çš„ä¸ªæ•°:  3799
æœ€åä¸€ä¸ªæ‰¹æ¬¡çš„è¾“å‡º, ä¸æ»¡batchsizeæ˜¯æ­£å¸¸çš„:
 tensor([[9.9567e-01],
        [9.0386e-01],
        [9.9729e-01],
        [7.6521e-02],
        [9.9962e-01],
        [3.9963e-05],
        [1.2923e-01],
        [5.5411e-02],
        [9.9625e-01],
        [9.1837e-01],
        [2.7045e-03],
        [1.5455e-02]], device='cuda:0', grad_fn=<SigmoidBackward0>)
Epoch [61/100], T_AUC: [4m0.8882[0m
Epoch [61/100], Loss: 25.1970
val_Accuracy: [92m0.7500[0m
val_Precision: [4;34m0.7285[0m,               val_Recall: [4;33m0.7917[0m,                 val_F1 Score: [4;35m0.7523[0m
æ ‡ç­¾é‡Œ1çš„ä¸ªæ•°:  430
æ ‡ç­¾é‡Œ0çš„ä¸ªæ•°:  430
æ€»æ•°:  860
æ­£ç¡®çš„ä¸ªæ•°:  645
Epoch [61/100], V_AUC: [4m0.7486[0m
Epoch [62/100], Loss: 35.5518
train_Accuracy: [91m0.8863[0m
train_Precision: [4;34m0.8725[0m,               train_Recall: [4;33m0.9095[0m,                 train_F1 Score: [4;35m0.8864[0m
æ ‡ç­¾é‡Œ1çš„ä¸ªæ•°:  2150
æ ‡ç­¾é‡Œ0çš„ä¸ªæ•°:  2150
æ€»æ•°:  4300
æ­£ç¡®çš„ä¸ªæ•°:  3811
æœ€åä¸€ä¸ªæ‰¹æ¬¡çš„è¾“å‡º, ä¸æ»¡batchsizeæ˜¯æ­£å¸¸çš„:
 tensor([[9.9896e-01],
        [9.8681e-01],
        [9.9554e-01],
        [4.0315e-02],
        [9.9954e-01],
        [1.5489e-05],
        [3.0347e-01],
        [2.0267e-04],
        [9.9003e-01],
        [9.8782e-01],
        [2.3093e-03],
        [4.4106e-02]], device='cuda:0', grad_fn=<SigmoidBackward0>)
Epoch [62/100], T_AUC: [4m0.8922[0m
Epoch [62/100], Loss: 25.0489
val_Accuracy: [92m0.7698[0m
val_Precision: [4;34m0.7644[0m,               val_Recall: [4;33m0.7719[0m,                 val_F1 Score: [4;35m0.7616[0m
æ ‡ç­¾é‡Œ1çš„ä¸ªæ•°:  430
æ ‡ç­¾é‡Œ0çš„ä¸ªæ•°:  430
æ€»æ•°:  860
æ­£ç¡®çš„ä¸ªæ•°:  662
Epoch [62/100], V_AUC: [4m0.7670[0m
Epoch [63/100], Loss: 35.1466
train_Accuracy: [91m0.8916[0m
train_Precision: [4;34m0.8786[0m,               train_Recall: [4;33m0.9148[0m,                 train_F1 Score: [4;35m0.8924[0m
æ ‡ç­¾é‡Œ1çš„ä¸ªæ•°:  2150
æ ‡ç­¾é‡Œ0çš„ä¸ªæ•°:  2150
æ€»æ•°:  4300
æ­£ç¡®çš„ä¸ªæ•°:  3834
æœ€åä¸€ä¸ªæ‰¹æ¬¡çš„è¾“å‡º, ä¸æ»¡batchsizeæ˜¯æ­£å¸¸çš„:
 tensor([[9.9696e-01],
        [9.8652e-01],
        [9.9485e-01],
        [1.4534e-01],
        [9.9996e-01],
        [1.9019e-05],
        [3.5780e-02],
        [2.1293e-03],
        [9.7975e-01],
        [9.7959e-01],
        [2.6653e-03],
        [9.1701e-03]], device='cuda:0', grad_fn=<SigmoidBackward0>)
Epoch [63/100], T_AUC: [4m0.8968[0m
Epoch [63/100], Loss: 25.5288
val_Accuracy: [92m0.7547[0m
val_Precision: [4;34m0.7445[0m,               val_Recall: [4;33m0.7725[0m,                 val_F1 Score: [4;35m0.7517[0m
æ ‡ç­¾é‡Œ1çš„ä¸ªæ•°:  430
æ ‡ç­¾é‡Œ0çš„ä¸ªæ•°:  430
æ€»æ•°:  860
æ­£ç¡®çš„ä¸ªæ•°:  649
Epoch [63/100], V_AUC: [4m0.7528[0m
Epoch [64/100], Loss: 33.6131
train_Accuracy: [91m0.8977[0m
train_Precision: [4;34m0.8852[0m,               train_Recall: [4;33m0.9192[0m,                 train_F1 Score: [4;35m0.8979[0m
æ ‡ç­¾é‡Œ1çš„ä¸ªæ•°:  2150
æ ‡ç­¾é‡Œ0çš„ä¸ªæ•°:  2150
æ€»æ•°:  4300
æ­£ç¡®çš„ä¸ªæ•°:  3860
æœ€åä¸€ä¸ªæ‰¹æ¬¡çš„è¾“å‡º, ä¸æ»¡batchsizeæ˜¯æ­£å¸¸çš„:
 tensor([[9.9702e-01],
        [9.8285e-01],
        [9.9458e-01],
        [9.2488e-02],
        [9.9997e-01],
        [7.9229e-06],
        [2.0423e-02],
        [2.8378e-04],
        [9.9730e-01],
        [9.4662e-01],
        [2.6815e-03],
        [1.9635e-01]], device='cuda:0', grad_fn=<SigmoidBackward0>)
Epoch [64/100], T_AUC: [4m0.9025[0m
Epoch [64/100], Loss: 25.2843
val_Accuracy: [92m0.7605[0m
val_Precision: [4;34m0.7598[0m,               val_Recall: [4;33m0.7557[0m,                 val_F1 Score: [4;35m0.7527[0m
æ ‡ç­¾é‡Œ1çš„ä¸ªæ•°:  430
æ ‡ç­¾é‡Œ0çš„ä¸ªæ•°:  430
æ€»æ•°:  860
æ­£ç¡®çš„ä¸ªæ•°:  654
Epoch [64/100], V_AUC: [4m0.7591[0m
Epoch [65/100], Loss: 33.2889
train_Accuracy: [91m0.8930[0m
train_Precision: [4;34m0.8798[0m,               train_Recall: [4;33m0.9141[0m,                 train_F1 Score: [4;35m0.8925[0m
æ ‡ç­¾é‡Œ1çš„ä¸ªæ•°:  2150
æ ‡ç­¾é‡Œ0çš„ä¸ªæ•°:  2150
æ€»æ•°:  4300
æ­£ç¡®çš„ä¸ªæ•°:  3840
æœ€åä¸€ä¸ªæ‰¹æ¬¡çš„è¾“å‡º, ä¸æ»¡batchsizeæ˜¯æ­£å¸¸çš„:
 tensor([[9.9765e-01],
        [9.9393e-01],
        [9.8569e-01],
        [2.5523e-02],
        [9.9999e-01],
        [9.5526e-06],
        [2.8387e-02],
        [2.9685e-02],
        [9.9024e-01],
        [9.5558e-01],
        [2.3270e-03],
        [4.9718e-03]], device='cuda:0', grad_fn=<SigmoidBackward0>)
Epoch [65/100], T_AUC: [4m0.8983[0m
Epoch [65/100], Loss: 27.5948
val_Accuracy: [92m0.7500[0m
val_Precision: [4;34m0.7394[0m,               val_Recall: [4;33m0.7721[0m,                 val_F1 Score: [4;35m0.7487[0m
æ ‡ç­¾é‡Œ1çš„ä¸ªæ•°:  430
æ ‡ç­¾é‡Œ0çš„ä¸ªæ•°:  430
æ€»æ•°:  860
æ­£ç¡®çš„ä¸ªæ•°:  645
Epoch [65/100], V_AUC: [4m0.7496[0m
Epoch [66/100], Loss: 35.1455
train_Accuracy: [91m0.8928[0m
train_Precision: [4;34m0.8808[0m,               train_Recall: [4;33m0.9135[0m,                 train_F1 Score: [4;35m0.8929[0m
æ ‡ç­¾é‡Œ1çš„ä¸ªæ•°:  2150
æ ‡ç­¾é‡Œ0çš„ä¸ªæ•°:  2150
æ€»æ•°:  4300
æ­£ç¡®çš„ä¸ªæ•°:  3839
æœ€åä¸€ä¸ªæ‰¹æ¬¡çš„è¾“å‡º, ä¸æ»¡batchsizeæ˜¯æ­£å¸¸çš„:
 tensor([[9.9823e-01],
        [9.9310e-01],
        [9.8684e-01],
        [5.7255e-02],
        [9.9990e-01],
        [3.3242e-06],
        [2.4180e-02],
        [3.2327e-03],
        [9.9627e-01],
        [9.8375e-01],
        [2.1289e-03],
        [6.5823e-02]], device='cuda:0', grad_fn=<SigmoidBackward0>)
Epoch [66/100], T_AUC: [4m0.8971[0m
Epoch [66/100], Loss: 26.3756
val_Accuracy: [92m0.7605[0m
val_Precision: [4;34m0.7617[0m,               val_Recall: [4;33m0.7600[0m,                 val_F1 Score: [4;35m0.7537[0m
æ ‡ç­¾é‡Œ1çš„ä¸ªæ•°:  430
æ ‡ç­¾é‡Œ0çš„ä¸ªæ•°:  430
æ€»æ•°:  860
æ­£ç¡®çš„ä¸ªæ•°:  654
Epoch [66/100], V_AUC: [4m0.7590[0m
Epoch [67/100], Loss: 33.3141
train_Accuracy: [91m0.8979[0m
train_Precision: [4;34m0.8853[0m,               train_Recall: [4;33m0.9189[0m,                 train_F1 Score: [4;35m0.8976[0m
æ ‡ç­¾é‡Œ1çš„ä¸ªæ•°:  2150
æ ‡ç­¾é‡Œ0çš„ä¸ªæ•°:  2150
æ€»æ•°:  4300
æ­£ç¡®çš„ä¸ªæ•°:  3861
æœ€åä¸€ä¸ªæ‰¹æ¬¡çš„è¾“å‡º, ä¸æ»¡batchsizeæ˜¯æ­£å¸¸çš„:
 tensor([[9.9938e-01],
        [9.7626e-01],
        [9.7805e-01],
        [2.9465e-02],
        [9.9999e-01],
        [4.7324e-06],
        [4.9555e-02],
        [5.1472e-05],
        [9.9745e-01],
        [9.9174e-01],
        [9.7856e-03],
        [8.6872e-02]], device='cuda:0', grad_fn=<SigmoidBackward0>)
Epoch [67/100], T_AUC: [4m0.9026[0m
Epoch [67/100], Loss: 28.6671
val_Accuracy: [92m0.7605[0m
val_Precision: [4;34m0.7480[0m,               val_Recall: [4;33m0.7695[0m,                 val_F1 Score: [4;35m0.7540[0m
æ ‡ç­¾é‡Œ1çš„ä¸ªæ•°:  430
æ ‡ç­¾é‡Œ0çš„ä¸ªæ•°:  430
æ€»æ•°:  860
æ­£ç¡®çš„ä¸ªæ•°:  654
Epoch [67/100], V_AUC: [4m0.7582[0m
Epoch [68/100], Loss: 31.2051
train_Accuracy: [91m0.9047[0m
train_Precision: [4;34m0.8932[0m,               train_Recall: [4;33m0.9236[0m,                 train_F1 Score: [4;35m0.9041[0m
æ ‡ç­¾é‡Œ1çš„ä¸ªæ•°:  2150
æ ‡ç­¾é‡Œ0çš„ä¸ªæ•°:  2150
æ€»æ•°:  4300
æ­£ç¡®çš„ä¸ªæ•°:  3890
æœ€åä¸€ä¸ªæ‰¹æ¬¡çš„è¾“å‡º, ä¸æ»¡batchsizeæ˜¯æ­£å¸¸çš„:
 tensor([[9.9239e-01],
        [9.5618e-01],
        [9.3361e-01],
        [6.2140e-02],
        [1.0000e+00],
        [6.0249e-06],
        [8.6100e-02],
        [1.5775e-03],
        [9.9959e-01],
        [9.9522e-01],
        [1.2834e-05],
        [2.4955e-02]], device='cuda:0', grad_fn=<SigmoidBackward0>)
Epoch [68/100], T_AUC: [4m0.9092[0m
Epoch [68/100], Loss: 32.2505
val_Accuracy: [92m0.7360[0m
val_Precision: [4;34m0.7194[0m,               val_Recall: [4;33m0.7686[0m,                 val_F1 Score: [4;35m0.7361[0m
æ ‡ç­¾é‡Œ1çš„ä¸ªæ•°:  430
æ ‡ç­¾é‡Œ0çš„ä¸ªæ•°:  430
æ€»æ•°:  860
æ­£ç¡®çš„ä¸ªæ•°:  633
Epoch [68/100], V_AUC: [4m0.7335[0m
Epoch [69/100], Loss: 35.2153
train_Accuracy: [91m0.8900[0m
train_Precision: [4;34m0.8775[0m,               train_Recall: [4;33m0.9131[0m,                 train_F1 Score: [4;35m0.8901[0m
æ ‡ç­¾é‡Œ1çš„ä¸ªæ•°:  2150
æ ‡ç­¾é‡Œ0çš„ä¸ªæ•°:  2150
æ€»æ•°:  4300
æ­£ç¡®çš„ä¸ªæ•°:  3827
æœ€åä¸€ä¸ªæ‰¹æ¬¡çš„è¾“å‡º, ä¸æ»¡batchsizeæ˜¯æ­£å¸¸çš„:
 tensor([[9.9967e-01],
        [9.3788e-01],
        [9.6170e-01],
        [1.2420e-01],
        [9.9998e-01],
        [1.1156e-05],
        [3.4615e-03],
        [1.7114e-02],
        [9.9976e-01],
        [9.2560e-01],
        [1.2341e-03],
        [1.8112e-02]], device='cuda:0', grad_fn=<SigmoidBackward0>)
Epoch [69/100], T_AUC: [4m0.8957[0m
Epoch [69/100], Loss: 27.1336
val_Accuracy: [92m0.7593[0m
val_Precision: [4;34m0.7462[0m,               val_Recall: [4;33m0.7786[0m,                 val_F1 Score: [4;35m0.7575[0m
æ ‡ç­¾é‡Œ1çš„ä¸ªæ•°:  430
æ ‡ç­¾é‡Œ0çš„ä¸ªæ•°:  430
æ€»æ•°:  860
æ­£ç¡®çš„ä¸ªæ•°:  653
Epoch [69/100], V_AUC: [4m0.7597[0m
Epoch [70/100], Loss: 32.7038
train_Accuracy: [91m0.8979[0m
train_Precision: [4;34m0.8845[0m,               train_Recall: [4;33m0.9199[0m,                 train_F1 Score: [4;35m0.8979[0m
æ ‡ç­¾é‡Œ1çš„ä¸ªæ•°:  2150
æ ‡ç­¾é‡Œ0çš„ä¸ªæ•°:  2150
æ€»æ•°:  4300
æ­£ç¡®çš„ä¸ªæ•°:  3861
æœ€åä¸€ä¸ªæ‰¹æ¬¡çš„è¾“å‡º, ä¸æ»¡batchsizeæ˜¯æ­£å¸¸çš„:
 tensor([[9.9982e-01],
        [8.4959e-01],
        [9.9353e-01],
        [1.1311e-01],
        [9.9997e-01],
        [7.5935e-05],
        [2.5280e-02],
        [1.2479e-04],
        [9.9747e-01],
        [9.7625e-01],
        [3.2979e-03],
        [1.7331e-02]], device='cuda:0', grad_fn=<SigmoidBackward0>)
Epoch [70/100], T_AUC: [4m0.9029[0m
Epoch [70/100], Loss: 26.6932
val_Accuracy: [92m0.7698[0m
val_Precision: [4;34m0.7796[0m,               val_Recall: [4;33m0.7470[0m,                 val_F1 Score: [4;35m0.7571[0m
æ ‡ç­¾é‡Œ1çš„ä¸ªæ•°:  430
æ ‡ç­¾é‡Œ0çš„ä¸ªæ•°:  430
æ€»æ•°:  860
æ­£ç¡®çš„ä¸ªæ•°:  662
Epoch [70/100], V_AUC: [4m0.7699[0m
Epoch [71/100], Loss: 30.9550
train_Accuracy: [91m0.8991[0m
train_Precision: [4;34m0.8853[0m,               train_Recall: [4;33m0.9223[0m,                 train_F1 Score: [4;35m0.8997[0m
æ ‡ç­¾é‡Œ1çš„ä¸ªæ•°:  2150
æ ‡ç­¾é‡Œ0çš„ä¸ªæ•°:  2150
æ€»æ•°:  4300
æ­£ç¡®çš„ä¸ªæ•°:  3866
æœ€åä¸€ä¸ªæ‰¹æ¬¡çš„è¾“å‡º, ä¸æ»¡batchsizeæ˜¯æ­£å¸¸çš„:
 tensor([[9.9996e-01],
        [9.7156e-01],
        [9.9270e-01],
        [2.1035e-01],
        [9.9993e-01],
        [1.9905e-05],
        [3.6448e-03],
        [2.3966e-02],
        [9.9495e-01],
        [9.8854e-01],
        [2.1214e-04],
        [1.5287e-03]], device='cuda:0', grad_fn=<SigmoidBackward0>)
Epoch [71/100], T_AUC: [4m0.9038[0m
Epoch [71/100], Loss: 28.8356
val_Accuracy: [92m0.7581[0m
val_Precision: [4;34m0.7466[0m,               val_Recall: [4;33m0.7700[0m,                 val_F1 Score: [4;35m0.7530[0m
æ ‡ç­¾é‡Œ1çš„ä¸ªæ•°:  430
æ ‡ç­¾é‡Œ0çš„ä¸ªæ•°:  430
æ€»æ•°:  860
æ­£ç¡®çš„ä¸ªæ•°:  652
Epoch [71/100], V_AUC: [4m0.7560[0m
Epoch [72/100], Loss: 29.8662
train_Accuracy: [91m0.9056[0m
train_Precision: [4;34m0.8897[0m,               train_Recall: [4;33m0.9310[0m,                 train_F1 Score: [4;35m0.9059[0m
æ ‡ç­¾é‡Œ1çš„ä¸ªæ•°:  2150
æ ‡ç­¾é‡Œ0çš„ä¸ªæ•°:  2150
æ€»æ•°:  4300
æ­£ç¡®çš„ä¸ªæ•°:  3894
æœ€åä¸€ä¸ªæ‰¹æ¬¡çš„è¾“å‡º, ä¸æ»¡batchsizeæ˜¯æ­£å¸¸çš„:
 tensor([[9.9746e-01],
        [9.9944e-01],
        [9.8907e-01],
        [9.5446e-02],
        [1.0000e+00],
        [1.1281e-06],
        [3.0818e-02],
        [1.3599e-05],
        [9.9685e-01],
        [9.9143e-01],
        [6.1795e-04],
        [1.6310e-01]], device='cuda:0', grad_fn=<SigmoidBackward0>)
Epoch [72/100], T_AUC: [4m0.9110[0m
Epoch [72/100], Loss: 28.9945
val_Accuracy: [92m0.7640[0m
val_Precision: [4;34m0.7757[0m,               val_Recall: [4;33m0.7371[0m,                 val_F1 Score: [4;35m0.7503[0m
æ ‡ç­¾é‡Œ1çš„ä¸ªæ•°:  430
æ ‡ç­¾é‡Œ0çš„ä¸ªæ•°:  430
æ€»æ•°:  860
æ­£ç¡®çš„ä¸ªæ•°:  657
Epoch [72/100], V_AUC: [4m0.7641[0m
Epoch [73/100], Loss: 32.7188
train_Accuracy: [91m0.8967[0m
train_Precision: [4;34m0.8884[0m,               train_Recall: [4;33m0.9130[0m,                 train_F1 Score: [4;35m0.8965[0m
æ ‡ç­¾é‡Œ1çš„ä¸ªæ•°:  2150
æ ‡ç­¾é‡Œ0çš„ä¸ªæ•°:  2150
æ€»æ•°:  4300
æ­£ç¡®çš„ä¸ªæ•°:  3856
æœ€åä¸€ä¸ªæ‰¹æ¬¡çš„è¾“å‡º, ä¸æ»¡batchsizeæ˜¯æ­£å¸¸çš„:
 tensor([[9.9775e-01],
        [9.9279e-01],
        [9.5452e-01],
        [5.6630e-02],
        [9.9994e-01],
        [1.3137e-06],
        [1.4924e-01],
        [2.5471e-03],
        [9.9903e-01],
        [9.9818e-01],
        [4.7627e-04],
        [1.2139e-01]], device='cuda:0', grad_fn=<SigmoidBackward0>)
Epoch [73/100], T_AUC: [4m0.9020[0m
Epoch [73/100], Loss: 26.9429
val_Accuracy: [92m0.7686[0m
val_Precision: [4;34m0.7578[0m,               val_Recall: [4;33m0.7852[0m,                 val_F1 Score: [4;35m0.7668[0m
æ ‡ç­¾é‡Œ1çš„ä¸ªæ•°:  430
æ ‡ç­¾é‡Œ0çš„ä¸ªæ•°:  430
æ€»æ•°:  860
æ­£ç¡®çš„ä¸ªæ•°:  661
Epoch [73/100], V_AUC: [4m0.7671[0m
Epoch [74/100], Loss: 30.0427
train_Accuracy: [91m0.9058[0m
train_Precision: [4;34m0.8928[0m,               train_Recall: [4;33m0.9256[0m,                 train_F1 Score: [4;35m0.9053[0m
æ ‡ç­¾é‡Œ1çš„ä¸ªæ•°:  2150
æ ‡ç­¾é‡Œ0çš„ä¸ªæ•°:  2150
æ€»æ•°:  4300
æ­£ç¡®çš„ä¸ªæ•°:  3895
æœ€åä¸€ä¸ªæ‰¹æ¬¡çš„è¾“å‡º, ä¸æ»¡batchsizeæ˜¯æ­£å¸¸çš„:
 tensor([[9.9960e-01],
        [9.9463e-01],
        [9.7128e-01],
        [2.1148e-01],
        [9.9990e-01],
        [2.2488e-03],
        [4.7661e-03],
        [2.2228e-04],
        [9.9944e-01],
        [9.7073e-01],
        [4.7596e-04],
        [4.6267e-03]], device='cuda:0', grad_fn=<SigmoidBackward0>)
Epoch [74/100], T_AUC: [4m0.9105[0m
Epoch [74/100], Loss: 27.9814
val_Accuracy: [92m0.7593[0m
val_Precision: [4;34m0.7534[0m,               val_Recall: [4;33m0.7668[0m,                 val_F1 Score: [4;35m0.7539[0m
æ ‡ç­¾é‡Œ1çš„ä¸ªæ•°:  430
æ ‡ç­¾é‡Œ0çš„ä¸ªæ•°:  430
æ€»æ•°:  860
æ­£ç¡®çš„ä¸ªæ•°:  653
Epoch [74/100], V_AUC: [4m0.7588[0m
Epoch [75/100], Loss: 29.3167
train_Accuracy: [91m0.9098[0m
train_Precision: [4;34m0.8959[0m,               train_Recall: [4;33m0.9316[0m,                 train_F1 Score: [4;35m0.9101[0m
æ ‡ç­¾é‡Œ1çš„ä¸ªæ•°:  2150
æ ‡ç­¾é‡Œ0çš„ä¸ªæ•°:  2150
æ€»æ•°:  4300
æ­£ç¡®çš„ä¸ªæ•°:  3912
æœ€åä¸€ä¸ªæ‰¹æ¬¡çš„è¾“å‡º, ä¸æ»¡batchsizeæ˜¯æ­£å¸¸çš„:
 tensor([[9.9985e-01],
        [9.8121e-01],
        [9.9868e-01],
        [2.2199e-02],
        [9.9883e-01],
        [4.5407e-06],
        [7.6457e-01],
        [4.5165e-02],
        [9.9819e-01],
        [8.3233e-01],
        [4.6364e-04],
        [6.6765e-03]], device='cuda:0', grad_fn=<SigmoidBackward0>)
Epoch [75/100], T_AUC: [4m0.9135[0m
Epoch [75/100], Loss: 34.9579
val_Accuracy: [92m0.7547[0m
val_Precision: [4;34m0.7434[0m,               val_Recall: [4;33m0.7765[0m,                 val_F1 Score: [4;35m0.7533[0m
æ ‡ç­¾é‡Œ1çš„ä¸ªæ•°:  430
æ ‡ç­¾é‡Œ0çš„ä¸ªæ•°:  430
æ€»æ•°:  860
æ­£ç¡®çš„ä¸ªæ•°:  649
Epoch [75/100], V_AUC: [4m0.7544[0m
Epoch [76/100], Loss: 32.8524
train_Accuracy: [91m0.8949[0m
train_Precision: [4;34m0.8842[0m,               train_Recall: [4;33m0.9139[0m,                 train_F1 Score: [4;35m0.8948[0m
æ ‡ç­¾é‡Œ1çš„ä¸ªæ•°:  2150
æ ‡ç­¾é‡Œ0çš„ä¸ªæ•°:  2150
æ€»æ•°:  4300
æ­£ç¡®çš„ä¸ªæ•°:  3848
æœ€åä¸€ä¸ªæ‰¹æ¬¡çš„è¾“å‡º, ä¸æ»¡batchsizeæ˜¯æ­£å¸¸çš„:
 tensor([[9.9893e-01],
        [9.9822e-01],
        [9.9885e-01],
        [1.9744e-01],
        [9.9951e-01],
        [3.5703e-05],
        [5.6212e-03],
        [2.6496e-03],
        [9.9646e-01],
        [8.6795e-01],
        [2.3781e-04],
        [1.3732e-01]], device='cuda:0', grad_fn=<SigmoidBackward0>)
Epoch [76/100], T_AUC: [4m0.8991[0m
Epoch [76/100], Loss: 27.4662
val_Accuracy: [92m0.7605[0m
val_Precision: [4;34m0.7614[0m,               val_Recall: [4;33m0.7444[0m,                 val_F1 Score: [4;35m0.7484[0m
æ ‡ç­¾é‡Œ1çš„ä¸ªæ•°:  430
æ ‡ç­¾é‡Œ0çš„ä¸ªæ•°:  430
æ€»æ•°:  860
æ­£ç¡®çš„ä¸ªæ•°:  654
Epoch [76/100], V_AUC: [4m0.7584[0m
Epoch [77/100], Loss: 29.3816
train_Accuracy: [91m0.9056[0m
train_Precision: [4;34m0.8963[0m,               train_Recall: [4;33m0.9211[0m,                 train_F1 Score: [4;35m0.9053[0m
æ ‡ç­¾é‡Œ1çš„ä¸ªæ•°:  2150
æ ‡ç­¾é‡Œ0çš„ä¸ªæ•°:  2150
æ€»æ•°:  4300
æ­£ç¡®çš„ä¸ªæ•°:  3894
æœ€åä¸€ä¸ªæ‰¹æ¬¡çš„è¾“å‡º, ä¸æ»¡batchsizeæ˜¯æ­£å¸¸çš„:
 tensor([[9.9984e-01],
        [9.8493e-01],
        [9.9408e-01],
        [2.7985e-02],
        [9.9986e-01],
        [1.0984e-05],
        [1.2640e-02],
        [2.7487e-02],
        [9.9985e-01],
        [8.7992e-01],
        [2.0682e-03],
        [1.4692e-03]], device='cuda:0', grad_fn=<SigmoidBackward0>)
Epoch [77/100], T_AUC: [4m0.9094[0m
Epoch [77/100], Loss: 28.2946
val_Accuracy: [92m0.7570[0m
val_Precision: [4;34m0.7562[0m,               val_Recall: [4;33m0.7454[0m,                 val_F1 Score: [4;35m0.7461[0m
æ ‡ç­¾é‡Œ1çš„ä¸ªæ•°:  430
æ ‡ç­¾é‡Œ0çš„ä¸ªæ•°:  430
æ€»æ•°:  860
æ­£ç¡®çš„ä¸ªæ•°:  651
Epoch [77/100], V_AUC: [4m0.7553[0m
Epoch [78/100], Loss: 28.5373
train_Accuracy: [91m0.9102[0m
train_Precision: [4;34m0.9003[0m,               train_Recall: [4;33m0.9253[0m,                 train_F1 Score: [4;35m0.9095[0m
æ ‡ç­¾é‡Œ1çš„ä¸ªæ•°:  2150
æ ‡ç­¾é‡Œ0çš„ä¸ªæ•°:  2150
æ€»æ•°:  4300
æ­£ç¡®çš„ä¸ªæ•°:  3914
æœ€åä¸€ä¸ªæ‰¹æ¬¡çš„è¾“å‡º, ä¸æ»¡batchsizeæ˜¯æ­£å¸¸çš„:
 tensor([[9.9537e-01],
        [9.6393e-01],
        [9.9582e-01],
        [1.0749e-01],
        [9.9995e-01],
        [1.0316e-04],
        [9.0525e-02],
        [2.6257e-02],
        [9.9918e-01],
        [7.8302e-01],
        [1.4458e-03],
        [3.7193e-03]], device='cuda:0', grad_fn=<SigmoidBackward0>)
Epoch [78/100], T_AUC: [4m0.9138[0m
Epoch [78/100], Loss: 29.7952
val_Accuracy: [92m0.7616[0m
val_Precision: [4;34m0.7705[0m,               val_Recall: [4;33m0.7358[0m,                 val_F1 Score: [4;35m0.7465[0m
æ ‡ç­¾é‡Œ1çš„ä¸ªæ•°:  430
æ ‡ç­¾é‡Œ0çš„ä¸ªæ•°:  430
æ€»æ•°:  860
æ­£ç¡®çš„ä¸ªæ•°:  655
Epoch [78/100], V_AUC: [4m0.7600[0m
Epoch [79/100], Loss: 31.0569
train_Accuracy: [91m0.8995[0m
train_Precision: [4;34m0.8877[0m,               train_Recall: [4;33m0.9194[0m,                 train_F1 Score: [4;35m0.8995[0m
æ ‡ç­¾é‡Œ1çš„ä¸ªæ•°:  2150
æ ‡ç­¾é‡Œ0çš„ä¸ªæ•°:  2150
æ€»æ•°:  4300
æ­£ç¡®çš„ä¸ªæ•°:  3868
æœ€åä¸€ä¸ªæ‰¹æ¬¡çš„è¾“å‡º, ä¸æ»¡batchsizeæ˜¯æ­£å¸¸çš„:
 tensor([[9.9976e-01],
        [9.8309e-01],
        [9.9532e-01],
        [5.4307e-02],
        [9.9997e-01],
        [1.0471e-04],
        [2.6009e-03],
        [2.9188e-02],
        [9.9999e-01],
        [9.6930e-01],
        [5.4550e-06],
        [1.0053e-02]], device='cuda:0', grad_fn=<SigmoidBackward0>)
Epoch [79/100], T_AUC: [4m0.9048[0m
Epoch [79/100], Loss: 28.1675
val_Accuracy: [92m0.7640[0m
val_Precision: [4;34m0.7669[0m,               val_Recall: [4;33m0.7569[0m,                 val_F1 Score: [4;35m0.7560[0m
æ ‡ç­¾é‡Œ1çš„ä¸ªæ•°:  430
æ ‡ç­¾é‡Œ0çš„ä¸ªæ•°:  430
æ€»æ•°:  860
æ­£ç¡®çš„ä¸ªæ•°:  657
Epoch [79/100], V_AUC: [4m0.7649[0m
Epoch [80/100], Loss: 27.2145
train_Accuracy: [91m0.9123[0m
train_Precision: [4;34m0.9006[0m,               train_Recall: [4;33m0.9291[0m,                 train_F1 Score: [4;35m0.9117[0m
æ ‡ç­¾é‡Œ1çš„ä¸ªæ•°:  2150
æ ‡ç­¾é‡Œ0çš„ä¸ªæ•°:  2150
æ€»æ•°:  4300
æ­£ç¡®çš„ä¸ªæ•°:  3923
æœ€åä¸€ä¸ªæ‰¹æ¬¡çš„è¾“å‡º, ä¸æ»¡batchsizeæ˜¯æ­£å¸¸çš„:
 tensor([[9.9994e-01],
        [9.4627e-01],
        [9.9310e-01],
        [1.5888e-01],
        [9.9999e-01],
        [6.4334e-06],
        [4.1773e-02],
        [3.0104e-05],
        [9.9999e-01],
        [7.7616e-01],
        [3.0853e-04],
        [1.1793e-01]], device='cuda:0', grad_fn=<SigmoidBackward0>)
Epoch [80/100], T_AUC: [4m0.9162[0m
Epoch [80/100], Loss: 33.2253
val_Accuracy: [92m0.7535[0m
val_Precision: [4;34m0.7452[0m,               val_Recall: [4;33m0.7587[0m,                 val_F1 Score: [4;35m0.7460[0m
æ ‡ç­¾é‡Œ1çš„ä¸ªæ•°:  430
æ ‡ç­¾é‡Œ0çš„ä¸ªæ•°:  430
æ€»æ•°:  860
æ­£ç¡®çš„ä¸ªæ•°:  648
Epoch [80/100], V_AUC: [4m0.7529[0m
Epoch [81/100], Loss: 25.0339
train_Accuracy: [91m0.9219[0m
train_Precision: [4;34m0.9091[0m,               train_Recall: [4;33m0.9382[0m,                 train_F1 Score: [4;35m0.9208[0m
æ ‡ç­¾é‡Œ1çš„ä¸ªæ•°:  2150
æ ‡ç­¾é‡Œ0çš„ä¸ªæ•°:  2150
æ€»æ•°:  4300
æ­£ç¡®çš„ä¸ªæ•°:  3964
æœ€åä¸€ä¸ªæ‰¹æ¬¡çš„è¾“å‡º, ä¸æ»¡batchsizeæ˜¯æ­£å¸¸çš„:
 tensor([[9.9992e-01],
        [9.5813e-01],
        [9.9866e-01],
        [1.4780e-02],
        [9.9996e-01],
        [1.0719e-05],
        [2.7943e-02],
        [3.5238e-04],
        [9.9998e-01],
        [8.8617e-01],
        [1.3835e-04],
        [1.0172e-02]], device='cuda:0', grad_fn=<SigmoidBackward0>)
Epoch [81/100], T_AUC: [4m0.9254[0m
Epoch [81/100], Loss: 32.3185
val_Accuracy: [92m0.7547[0m
val_Precision: [4;34m0.7532[0m,               val_Recall: [4;33m0.7497[0m,                 val_F1 Score: [4;35m0.7457[0m
æ ‡ç­¾é‡Œ1çš„ä¸ªæ•°:  430
æ ‡ç­¾é‡Œ0çš„ä¸ªæ•°:  430
æ€»æ•°:  860
æ­£ç¡®çš„ä¸ªæ•°:  649
Epoch [81/100], V_AUC: [4m0.7547[0m
Epoch [82/100], Loss: 26.8963
train_Accuracy: [91m0.9163[0m
train_Precision: [4;34m0.9027[0m,               train_Recall: [4;33m0.9360[0m,                 train_F1 Score: [4;35m0.9160[0m
æ ‡ç­¾é‡Œ1çš„ä¸ªæ•°:  2150
æ ‡ç­¾é‡Œ0çš„ä¸ªæ•°:  2150
æ€»æ•°:  4300
æ­£ç¡®çš„ä¸ªæ•°:  3940
æœ€åä¸€ä¸ªæ‰¹æ¬¡çš„è¾“å‡º, ä¸æ»¡batchsizeæ˜¯æ­£å¸¸çš„:
 tensor([[9.9978e-01],
        [9.5829e-01],
        [9.9943e-01],
        [1.4202e-02],
        [9.9997e-01],
        [2.8435e-05],
        [7.3295e-02],
        [2.0773e-04],
        [1.0000e+00],
        [9.8081e-01],
        [4.1490e-06],
        [6.3711e-04]], device='cuda:0', grad_fn=<SigmoidBackward0>)
Epoch [82/100], T_AUC: [4m0.9205[0m
Epoch [82/100], Loss: 33.7311
val_Accuracy: [92m0.7593[0m
val_Precision: [4;34m0.7542[0m,               val_Recall: [4;33m0.7662[0m,                 val_F1 Score: [4;35m0.7546[0m
æ ‡ç­¾é‡Œ1çš„ä¸ªæ•°:  430
æ ‡ç­¾é‡Œ0çš„ä¸ªæ•°:  430
æ€»æ•°:  860
æ­£ç¡®çš„ä¸ªæ•°:  653
Epoch [82/100], V_AUC: [4m0.7591[0m
Epoch [83/100], Loss: 26.7378
train_Accuracy: [91m0.9191[0m
train_Precision: [4;34m0.9099[0m,               train_Recall: [4;33m0.9343[0m,                 train_F1 Score: [4;35m0.9183[0m
æ ‡ç­¾é‡Œ1çš„ä¸ªæ•°:  2150
æ ‡ç­¾é‡Œ0çš„ä¸ªæ•°:  2150
æ€»æ•°:  4300
æ­£ç¡®çš„ä¸ªæ•°:  3952
æœ€åä¸€ä¸ªæ‰¹æ¬¡çš„è¾“å‡º, ä¸æ»¡batchsizeæ˜¯æ­£å¸¸çš„:
 tensor([[9.9998e-01],
        [9.9883e-01],
        [9.9383e-01],
        [3.9147e-02],
        [1.0000e+00],
        [2.8084e-06],
        [7.0456e-03],
        [3.9592e-03],
        [9.9309e-01],
        [8.7347e-01],
        [1.7471e-03],
        [2.6932e-03]], device='cuda:0', grad_fn=<SigmoidBackward0>)
Epoch [83/100], T_AUC: [4m0.9229[0m
Epoch [83/100], Loss: 35.7758
val_Accuracy: [92m0.7686[0m
val_Precision: [4;34m0.7624[0m,               val_Recall: [4;33m0.7728[0m,                 val_F1 Score: [4;35m0.7623[0m
æ ‡ç­¾é‡Œ1çš„ä¸ªæ•°:  430
æ ‡ç­¾é‡Œ0çš„ä¸ªæ•°:  430
æ€»æ•°:  860
æ­£ç¡®çš„ä¸ªæ•°:  661
Epoch [83/100], V_AUC: [4m0.7684[0m
Epoch [84/100], Loss: 24.5767
train_Accuracy: [91m0.9230[0m
train_Precision: [4;34m0.9125[0m,               train_Recall: [4;33m0.9389[0m,                 train_F1 Score: [4;35m0.9224[0m
æ ‡ç­¾é‡Œ1çš„ä¸ªæ•°:  2150
æ ‡ç­¾é‡Œ0çš„ä¸ªæ•°:  2150
æ€»æ•°:  4300
æ­£ç¡®çš„ä¸ªæ•°:  3969
æœ€åä¸€ä¸ªæ‰¹æ¬¡çš„è¾“å‡º, ä¸æ»¡batchsizeæ˜¯æ­£å¸¸çš„:
 tensor([[9.9998e-01],
        [9.9770e-01],
        [9.9816e-01],
        [8.8370e-03],
        [9.9999e-01],
        [6.4252e-05],
        [5.0390e-02],
        [4.5964e-06],
        [9.9998e-01],
        [5.2603e-01],
        [1.3151e-05],
        [3.0579e-02]], device='cuda:0', grad_fn=<SigmoidBackward0>)
Epoch [84/100], T_AUC: [4m0.9276[0m
Epoch [84/100], Loss: 41.6681
val_Accuracy: [92m0.7640[0m
val_Precision: [4;34m0.7604[0m,               val_Recall: [4;33m0.7613[0m,                 val_F1 Score: [4;35m0.7557[0m
æ ‡ç­¾é‡Œ1çš„ä¸ªæ•°:  430
æ ‡ç­¾é‡Œ0çš„ä¸ªæ•°:  430
æ€»æ•°:  860
æ­£ç¡®çš„ä¸ªæ•°:  657
Epoch [84/100], V_AUC: [4m0.7635[0m
Epoch [85/100], Loss: 28.3615
train_Accuracy: [91m0.9086[0m
train_Precision: [4;34m0.8958[0m,               train_Recall: [4;33m0.9287[0m,                 train_F1 Score: [4;35m0.9083[0m
æ ‡ç­¾é‡Œ1çš„ä¸ªæ•°:  2150
æ ‡ç­¾é‡Œ0çš„ä¸ªæ•°:  2150
æ€»æ•°:  4300
æ­£ç¡®çš„ä¸ªæ•°:  3907
æœ€åä¸€ä¸ªæ‰¹æ¬¡çš„è¾“å‡º, ä¸æ»¡batchsizeæ˜¯æ­£å¸¸çš„:
 tensor([[9.9979e-01],
        [9.8954e-01],
        [9.9249e-01],
        [3.2478e-03],
        [1.0000e+00],
        [8.0426e-09],
        [2.7251e-03],
        [5.0141e-02],
        [9.9906e-01],
        [9.8928e-01],
        [7.8498e-04],
        [2.7442e-02]], device='cuda:0', grad_fn=<SigmoidBackward0>)
Epoch [85/100], T_AUC: [4m0.9128[0m
Epoch [85/100], Loss: 46.7418
val_Accuracy: [92m0.7802[0m
val_Precision: [4;34m0.7848[0m,               val_Recall: [4;33m0.7705[0m,                 val_F1 Score: [4;35m0.7733[0m
æ ‡ç­¾é‡Œ1çš„ä¸ªæ•°:  430
æ ‡ç­¾é‡Œ0çš„ä¸ªæ•°:  430
æ€»æ•°:  860
æ­£ç¡®çš„ä¸ªæ•°:  671
Epoch [85/100], V_AUC: [4m0.7801[0m
Epoch [86/100], Loss: 32.7655
train_Accuracy: [91m0.9016[0m
train_Precision: [4;34m0.8938[0m,               train_Recall: [4;33m0.9151[0m,                 train_F1 Score: [4;35m0.9009[0m
æ ‡ç­¾é‡Œ1çš„ä¸ªæ•°:  2150
æ ‡ç­¾é‡Œ0çš„ä¸ªæ•°:  2150
æ€»æ•°:  4300
æ­£ç¡®çš„ä¸ªæ•°:  3877
æœ€åä¸€ä¸ªæ‰¹æ¬¡çš„è¾“å‡º, ä¸æ»¡batchsizeæ˜¯æ­£å¸¸çš„:
 tensor([[9.9983e-01],
        [9.9782e-01],
        [9.9612e-01],
        [9.2523e-03],
        [9.9993e-01],
        [1.4257e-05],
        [6.7239e-01],
        [4.1809e-06],
        [9.9998e-01],
        [6.9216e-01],
        [1.3227e-04],
        [4.3202e-02]], device='cuda:0', grad_fn=<SigmoidBackward0>)
Epoch [86/100], T_AUC: [4m0.9045[0m
Epoch [86/100], Loss: 31.6455
val_Accuracy: [92m0.7674[0m
val_Precision: [4;34m0.7808[0m,               val_Recall: [4;33m0.7459[0m,                 val_F1 Score: [4;35m0.7566[0m
æ ‡ç­¾é‡Œ1çš„ä¸ªæ•°:  430
æ ‡ç­¾é‡Œ0çš„ä¸ªæ•°:  430
æ€»æ•°:  860
æ­£ç¡®çš„ä¸ªæ•°:  660
Epoch [86/100], V_AUC: [4m0.7674[0m
Epoch [87/100], Loss: 26.7241
train_Accuracy: [91m0.9200[0m
train_Precision: [4;34m0.9117[0m,               train_Recall: [4;33m0.9329[0m,                 train_F1 Score: [4;35m0.9190[0m
æ ‡ç­¾é‡Œ1çš„ä¸ªæ•°:  2150
æ ‡ç­¾é‡Œ0çš„ä¸ªæ•°:  2150
æ€»æ•°:  4300
æ­£ç¡®çš„ä¸ªæ•°:  3956
æœ€åä¸€ä¸ªæ‰¹æ¬¡çš„è¾“å‡º, ä¸æ»¡batchsizeæ˜¯æ­£å¸¸çš„:
 tensor([[9.9960e-01],
        [9.9991e-01],
        [9.7093e-01],
        [2.4787e-02],
        [9.9997e-01],
        [2.7559e-06],
        [4.7607e-02],
        [1.4268e-04],
        [9.9990e-01],
        [9.7123e-01],
        [1.1537e-03],
        [3.2492e-02]], device='cuda:0', grad_fn=<SigmoidBackward0>)
Epoch [87/100], T_AUC: [4m0.9238[0m
Epoch [87/100], Loss: 34.7205
val_Accuracy: [92m0.7674[0m
val_Precision: [4;34m0.7879[0m,               val_Recall: [4;33m0.7297[0m,                 val_F1 Score: [4;35m0.7518[0m
æ ‡ç­¾é‡Œ1çš„ä¸ªæ•°:  430
æ ‡ç­¾é‡Œ0çš„ä¸ªæ•°:  430
æ€»æ•°:  860
æ­£ç¡®çš„ä¸ªæ•°:  660
Epoch [87/100], V_AUC: [4m0.7681[0m
Epoch [88/100], Loss: 25.2670
train_Accuracy: [91m0.9202[0m
train_Precision: [4;34m0.9116[0m,               train_Recall: [4;33m0.9332[0m,                 train_F1 Score: [4;35m0.9190[0m
æ ‡ç­¾é‡Œ1çš„ä¸ªæ•°:  2150
æ ‡ç­¾é‡Œ0çš„ä¸ªæ•°:  2150
æ€»æ•°:  4300
æ­£ç¡®çš„ä¸ªæ•°:  3957
æœ€åä¸€ä¸ªæ‰¹æ¬¡çš„è¾“å‡º, ä¸æ»¡batchsizeæ˜¯æ­£å¸¸çš„:
 tensor([[1.0000e+00],
        [9.6718e-01],
        [9.9924e-01],
        [1.3713e-02],
        [1.0000e+00],
        [1.8946e-06],
        [5.2529e-01],
        [2.5338e-05],
        [9.9949e-01],
        [8.0906e-01],
        [2.3129e-04],
        [8.9657e-02]], device='cuda:0', grad_fn=<SigmoidBackward0>)
Epoch [88/100], T_AUC: [4m0.9235[0m
Epoch [88/100], Loss: 39.8498
val_Accuracy: [92m0.7663[0m
val_Precision: [4;34m0.7718[0m,               val_Recall: [4;33m0.7475[0m,                 val_F1 Score: [4;35m0.7544[0m
æ ‡ç­¾é‡Œ1çš„ä¸ªæ•°:  430
æ ‡ç­¾é‡Œ0çš„ä¸ªæ•°:  430
æ€»æ•°:  860
æ­£ç¡®çš„ä¸ªæ•°:  659
Epoch [88/100], V_AUC: [4m0.7662[0m
Epoch [89/100], Loss: 34.0989
train_Accuracy: [91m0.8905[0m
train_Precision: [4;34m0.8789[0m,               train_Recall: [4;33m0.9116[0m,                 train_F1 Score: [4;35m0.8908[0m
æ ‡ç­¾é‡Œ1çš„ä¸ªæ•°:  2150
æ ‡ç­¾é‡Œ0çš„ä¸ªæ•°:  2150
æ€»æ•°:  4300
æ­£ç¡®çš„ä¸ªæ•°:  3829
æœ€åä¸€ä¸ªæ‰¹æ¬¡çš„è¾“å‡º, ä¸æ»¡batchsizeæ˜¯æ­£å¸¸çš„:
 tensor([[9.9993e-01],
        [5.3889e-01],
        [9.9700e-01],
        [3.6680e-04],
        [9.9993e-01],
        [1.9043e-04],
        [4.3252e-02],
        [7.6616e-02],
        [9.9970e-01],
        [9.7242e-01],
        [1.1720e-04],
        [4.2401e-02]], device='cuda:0', grad_fn=<SigmoidBackward0>)
Epoch [89/100], T_AUC: [4m0.8954[0m
Epoch [89/100], Loss: 29.2386
val_Accuracy: [92m0.7605[0m
val_Precision: [4;34m0.7713[0m,               val_Recall: [4;33m0.7407[0m,                 val_F1 Score: [4;35m0.7513[0m
æ ‡ç­¾é‡Œ1çš„ä¸ªæ•°:  430
æ ‡ç­¾é‡Œ0çš„ä¸ªæ•°:  430
æ€»æ•°:  860
æ­£ç¡®çš„ä¸ªæ•°:  654
Epoch [89/100], V_AUC: [4m0.7594[0m
Epoch [90/100], Loss: 31.7688
train_Accuracy: [91m0.8998[0m
train_Precision: [4;34m0.8870[0m,               train_Recall: [4;33m0.9199[0m,                 train_F1 Score: [4;35m0.8998[0m
æ ‡ç­¾é‡Œ1çš„ä¸ªæ•°:  2150
æ ‡ç­¾é‡Œ0çš„ä¸ªæ•°:  2150
æ€»æ•°:  4300
æ­£ç¡®çš„ä¸ªæ•°:  3869
æœ€åä¸€ä¸ªæ‰¹æ¬¡çš„è¾“å‡º, ä¸æ»¡batchsizeæ˜¯æ­£å¸¸çš„:
 tensor([[9.9999e-01],
        [9.0900e-01],
        [9.9901e-01],
        [3.5860e-01],
        [9.9957e-01],
        [2.5531e-05],
        [6.6103e-02],
        [3.8471e-06],
        [9.9999e-01],
        [8.6847e-01],
        [1.7917e-03],
        [8.3091e-03]], device='cuda:0', grad_fn=<SigmoidBackward0>)
Epoch [90/100], T_AUC: [4m0.9036[0m
Epoch [90/100], Loss: 36.8147
val_Accuracy: [92m0.7651[0m
val_Precision: [4;34m0.7762[0m,               val_Recall: [4;33m0.7406[0m,                 val_F1 Score: [4;35m0.7520[0m
æ ‡ç­¾é‡Œ1çš„ä¸ªæ•°:  430
æ ‡ç­¾é‡Œ0çš„ä¸ªæ•°:  430
æ€»æ•°:  860
æ­£ç¡®çš„ä¸ªæ•°:  658
Epoch [90/100], V_AUC: [4m0.7656[0m
Epoch [91/100], Loss: 25.5628
train_Accuracy: [91m0.9195[0m
train_Precision: [4;34m0.9090[0m,               train_Recall: [4;33m0.9372[0m,                 train_F1 Score: [4;35m0.9196[0m
æ ‡ç­¾é‡Œ1çš„ä¸ªæ•°:  2150
æ ‡ç­¾é‡Œ0çš„ä¸ªæ•°:  2150
æ€»æ•°:  4300
æ­£ç¡®çš„ä¸ªæ•°:  3954
æœ€åä¸€ä¸ªæ‰¹æ¬¡çš„è¾“å‡º, ä¸æ»¡batchsizeæ˜¯æ­£å¸¸çš„:
 tensor([[9.9996e-01],
        [9.4586e-01],
        [9.9983e-01],
        [9.2972e-03],
        [9.9990e-01],
        [1.3604e-04],
        [1.7091e-02],
        [4.1336e-06],
        [9.9999e-01],
        [9.3045e-01],
        [2.3709e-03],
        [1.8505e-03]], device='cuda:0', grad_fn=<SigmoidBackward0>)
Epoch [91/100], T_AUC: [4m0.9231[0m
Epoch [91/100], Loss: 38.1580
val_Accuracy: [92m0.7593[0m
val_Precision: [4;34m0.7625[0m,               val_Recall: [4;33m0.7474[0m,                 val_F1 Score: [4;35m0.7490[0m
æ ‡ç­¾é‡Œ1çš„ä¸ªæ•°:  430
æ ‡ç­¾é‡Œ0çš„ä¸ªæ•°:  430
æ€»æ•°:  860
æ­£ç¡®çš„ä¸ªæ•°:  653
Epoch [91/100], V_AUC: [4m0.7590[0m
Epoch [92/100], Loss: 22.1478
train_Accuracy: [91m0.9337[0m
train_Precision: [4;34m0.9239[0m,               train_Recall: [4;33m0.9483[0m,                 train_F1 Score: [4;35m0.9334[0m
æ ‡ç­¾é‡Œ1çš„ä¸ªæ•°:  2150
æ ‡ç­¾é‡Œ0çš„ä¸ªæ•°:  2150
æ€»æ•°:  4300
æ­£ç¡®çš„ä¸ªæ•°:  4015
æœ€åä¸€ä¸ªæ‰¹æ¬¡çš„è¾“å‡º, ä¸æ»¡batchsizeæ˜¯æ­£å¸¸çš„:
 tensor([[9.9998e-01],
        [9.8804e-01],
        [9.9338e-01],
        [3.1766e-01],
        [9.9990e-01],
        [7.9302e-05],
        [2.6510e-02],
        [1.2983e-07],
        [1.0000e+00],
        [9.6181e-01],
        [7.7610e-04],
        [6.5020e-03]], device='cuda:0', grad_fn=<SigmoidBackward0>)
Epoch [92/100], T_AUC: [4m0.9365[0m
Epoch [92/100], Loss: 40.8019
val_Accuracy: [92m0.7640[0m
val_Precision: [4;34m0.7636[0m,               val_Recall: [4;33m0.7596[0m,                 val_F1 Score: [4;35m0.7550[0m
æ ‡ç­¾é‡Œ1çš„ä¸ªæ•°:  430
æ ‡ç­¾é‡Œ0çš„ä¸ªæ•°:  430
æ€»æ•°:  860
æ­£ç¡®çš„ä¸ªæ•°:  657
Epoch [92/100], V_AUC: [4m0.7644[0m
Epoch [93/100], Loss: 23.2030
train_Accuracy: [91m0.9291[0m
train_Precision: [4;34m0.9199[0m,               train_Recall: [4;33m0.9436[0m,                 train_F1 Score: [4;35m0.9288[0m
æ ‡ç­¾é‡Œ1çš„ä¸ªæ•°:  2150
æ ‡ç­¾é‡Œ0çš„ä¸ªæ•°:  2150
æ€»æ•°:  4300
æ­£ç¡®çš„ä¸ªæ•°:  3995
æœ€åä¸€ä¸ªæ‰¹æ¬¡çš„è¾“å‡º, ä¸æ»¡batchsizeæ˜¯æ­£å¸¸çš„:
 tensor([[1.0000e+00],
        [9.8948e-01],
        [9.9681e-01],
        [4.2791e-03],
        [1.0000e+00],
        [1.7920e-02],
        [1.5164e-03],
        [7.4175e-07],
        [9.9985e-01],
        [9.4930e-01],
        [9.9103e-06],
        [7.3323e-02]], device='cuda:0', grad_fn=<SigmoidBackward0>)
Epoch [93/100], T_AUC: [4m0.9331[0m
Epoch [93/100], Loss: 46.8044
val_Accuracy: [92m0.7663[0m
val_Precision: [4;34m0.7627[0m,               val_Recall: [4;33m0.7637[0m,                 val_F1 Score: [4;35m0.7581[0m
æ ‡ç­¾é‡Œ1çš„ä¸ªæ•°:  430
æ ‡ç­¾é‡Œ0çš„ä¸ªæ•°:  430
æ€»æ•°:  860
æ­£ç¡®çš„ä¸ªæ•°:  659
Epoch [93/100], V_AUC: [4m0.7649[0m
Epoch [94/100], Loss: 30.1500
train_Accuracy: [91m0.9077[0m
train_Precision: [4;34m0.8941[0m,               train_Recall: [4;33m0.9298[0m,                 train_F1 Score: [4;35m0.9082[0m
æ ‡ç­¾é‡Œ1çš„ä¸ªæ•°:  2150
æ ‡ç­¾é‡Œ0çš„ä¸ªæ•°:  2150
æ€»æ•°:  4300
æ­£ç¡®çš„ä¸ªæ•°:  3903
æœ€åä¸€ä¸ªæ‰¹æ¬¡çš„è¾“å‡º, ä¸æ»¡batchsizeæ˜¯æ­£å¸¸çš„:
 tensor([[9.9998e-01],
        [9.9714e-01],
        [9.9925e-01],
        [6.8172e-03],
        [9.9999e-01],
        [5.6954e-05],
        [1.4181e-01],
        [4.4262e-05],
        [9.9914e-01],
        [9.7781e-01],
        [7.9995e-05],
        [1.9788e-04]], device='cuda:0', grad_fn=<SigmoidBackward0>)
Epoch [94/100], T_AUC: [4m0.9119[0m
Epoch [94/100], Loss: 38.7936
val_Accuracy: [92m0.7733[0m
val_Precision: [4;34m0.7880[0m,               val_Recall: [4;33m0.7452[0m,                 val_F1 Score: [4;35m0.7600[0m
æ ‡ç­¾é‡Œ1çš„ä¸ªæ•°:  430
æ ‡ç­¾é‡Œ0çš„ä¸ªæ•°:  430
æ€»æ•°:  860
æ­£ç¡®çš„ä¸ªæ•°:  665
Epoch [94/100], V_AUC: [4m0.7735[0m
Epoch [95/100], Loss: 24.2132
train_Accuracy: [91m0.9200[0m
train_Precision: [4;34m0.9080[0m,               train_Recall: [4;33m0.9386[0m,                 train_F1 Score: [4;35m0.9195[0m
æ ‡ç­¾é‡Œ1çš„ä¸ªæ•°:  2150
æ ‡ç­¾é‡Œ0çš„ä¸ªæ•°:  2150
æ€»æ•°:  4300
æ­£ç¡®çš„ä¸ªæ•°:  3956
æœ€åä¸€ä¸ªæ‰¹æ¬¡çš„è¾“å‡º, ä¸æ»¡batchsizeæ˜¯æ­£å¸¸çš„:
 tensor([[9.9991e-01],
        [9.9995e-01],
        [9.8632e-01],
        [9.2683e-04],
        [1.0000e+00],
        [8.8780e-06],
        [3.5736e-01],
        [5.2994e-05],
        [9.9906e-01],
        [9.5106e-01],
        [1.4707e-03],
        [9.0695e-04]], device='cuda:0', grad_fn=<SigmoidBackward0>)
Epoch [95/100], T_AUC: [4m0.9248[0m
Epoch [95/100], Loss: 37.2168
val_Accuracy: [92m0.7523[0m
val_Precision: [4;34m0.7458[0m,               val_Recall: [4;33m0.7530[0m,                 val_F1 Score: [4;35m0.7442[0m
æ ‡ç­¾é‡Œ1çš„ä¸ªæ•°:  430
æ ‡ç­¾é‡Œ0çš„ä¸ªæ•°:  430
æ€»æ•°:  860
æ­£ç¡®çš„ä¸ªæ•°:  647
Epoch [95/100], V_AUC: [4m0.7491[0m
Epoch [96/100], Loss: 21.7030
train_Accuracy: [91m0.9302[0m
train_Precision: [4;34m0.9218[0m,               train_Recall: [4;33m0.9431[0m,                 train_F1 Score: [4;35m0.9297[0m
æ ‡ç­¾é‡Œ1çš„ä¸ªæ•°:  2150
æ ‡ç­¾é‡Œ0çš„ä¸ªæ•°:  2150
æ€»æ•°:  4300
æ­£ç¡®çš„ä¸ªæ•°:  4000
æœ€åä¸€ä¸ªæ‰¹æ¬¡çš„è¾“å‡º, ä¸æ»¡batchsizeæ˜¯æ­£å¸¸çš„:
 tensor([[9.9998e-01],
        [9.9910e-01],
        [9.9125e-01],
        [3.3127e-03],
        [1.0000e+00],
        [9.2240e-07],
        [5.7441e-02],
        [1.6615e-03],
        [9.9998e-01],
        [9.7311e-01],
        [1.6782e-04],
        [9.7359e-05]], device='cuda:0', grad_fn=<SigmoidBackward0>)
Epoch [96/100], T_AUC: [4m0.9336[0m
Epoch [96/100], Loss: 43.6358
val_Accuracy: [92m0.7442[0m
val_Precision: [4;34m0.7373[0m,               val_Recall: [4;33m0.7466[0m,                 val_F1 Score: [4;35m0.7366[0m
æ ‡ç­¾é‡Œ1çš„ä¸ªæ•°:  430
æ ‡ç­¾é‡Œ0çš„ä¸ªæ•°:  430
æ€»æ•°:  860
æ­£ç¡®çš„ä¸ªæ•°:  640
Epoch [96/100], V_AUC: [4m0.7426[0m
Epoch [97/100], Loss: 22.4530
train_Accuracy: [91m0.9286[0m
train_Precision: [4;34m0.9176[0m,               train_Recall: [4;33m0.9454[0m,                 train_F1 Score: [4;35m0.9281[0m
æ ‡ç­¾é‡Œ1çš„ä¸ªæ•°:  2150
æ ‡ç­¾é‡Œ0çš„ä¸ªæ•°:  2150
æ€»æ•°:  4300
æ­£ç¡®çš„ä¸ªæ•°:  3993
æœ€åä¸€ä¸ªæ‰¹æ¬¡çš„è¾“å‡º, ä¸æ»¡batchsizeæ˜¯æ­£å¸¸çš„:
 tensor([[1.0000e+00],
        [9.9720e-01],
        [9.9860e-01],
        [1.3653e-03],
        [1.0000e+00],
        [3.1922e-05],
        [9.8174e-04],
        [3.2355e-05],
        [9.9953e-01],
        [9.6498e-01],
        [6.4977e-03],
        [2.2818e-04]], device='cuda:0', grad_fn=<SigmoidBackward0>)
Epoch [97/100], T_AUC: [4m0.9321[0m
Epoch [97/100], Loss: 43.4476
val_Accuracy: [92m0.7581[0m
val_Precision: [4;34m0.7493[0m,               val_Recall: [4;33m0.7684[0m,                 val_F1 Score: [4;35m0.7520[0m
æ ‡ç­¾é‡Œ1çš„ä¸ªæ•°:  430
æ ‡ç­¾é‡Œ0çš„ä¸ªæ•°:  430
æ€»æ•°:  860
æ­£ç¡®çš„ä¸ªæ•°:  652
Epoch [97/100], V_AUC: [4m0.7561[0m
Epoch [98/100], Loss: 25.2113
train_Accuracy: [91m0.9256[0m
train_Precision: [4;34m0.9132[0m,               train_Recall: [4;33m0.9436[0m,                 train_F1 Score: [4;35m0.9250[0m
æ ‡ç­¾é‡Œ1çš„ä¸ªæ•°:  2150
æ ‡ç­¾é‡Œ0çš„ä¸ªæ•°:  2150
æ€»æ•°:  4300
æ­£ç¡®çš„ä¸ªæ•°:  3980
æœ€åä¸€ä¸ªæ‰¹æ¬¡çš„è¾“å‡º, ä¸æ»¡batchsizeæ˜¯æ­£å¸¸çš„:
 tensor([[9.9998e-01],
        [9.9824e-01],
        [9.9739e-01],
        [1.3274e-03],
        [1.0000e+00],
        [6.6766e-04],
        [1.6072e-04],
        [4.6633e-06],
        [9.9999e-01],
        [9.5602e-01],
        [3.9556e-03],
        [2.9462e-03]], device='cuda:0', grad_fn=<SigmoidBackward0>)
Epoch [98/100], T_AUC: [4m0.9300[0m
Epoch [98/100], Loss: 42.3512
val_Accuracy: [92m0.7465[0m
val_Precision: [4;34m0.7377[0m,               val_Recall: [4;33m0.7509[0m,                 val_F1 Score: [4;35m0.7391[0m
æ ‡ç­¾é‡Œ1çš„ä¸ªæ•°:  430
æ ‡ç­¾é‡Œ0çš„ä¸ªæ•°:  430
æ€»æ•°:  860
æ­£ç¡®çš„ä¸ªæ•°:  642
Epoch [98/100], V_AUC: [4m0.7457[0m
Epoch [99/100], Loss: 33.6699
train_Accuracy: [91m0.8998[0m
train_Precision: [4;34m0.8884[0m,               train_Recall: [4;33m0.9198[0m,                 train_F1 Score: [4;35m0.9000[0m
æ ‡ç­¾é‡Œ1çš„ä¸ªæ•°:  2150
æ ‡ç­¾é‡Œ0çš„ä¸ªæ•°:  2150
æ€»æ•°:  4300
æ­£ç¡®çš„ä¸ªæ•°:  3869
æœ€åä¸€ä¸ªæ‰¹æ¬¡çš„è¾“å‡º, ä¸æ»¡batchsizeæ˜¯æ­£å¸¸çš„:
 tensor([[9.9630e-01],
        [1.0000e+00],
        [9.9847e-01],
        [1.0175e-02],
        [9.9932e-01],
        [1.3194e-04],
        [7.5907e-04],
        [2.1349e-04],
        [9.9697e-01],
        [9.6277e-01],
        [5.1217e-04],
        [8.2944e-04]], device='cuda:0', grad_fn=<SigmoidBackward0>)
Epoch [99/100], T_AUC: [4m0.9050[0m
Epoch [99/100], Loss: 34.6545
val_Accuracy: [92m0.7651[0m
val_Precision: [4;34m0.7861[0m,               val_Recall: [4;33m0.7218[0m,                 val_F1 Score: [4;35m0.7465[0m
æ ‡ç­¾é‡Œ1çš„ä¸ªæ•°:  430
æ ‡ç­¾é‡Œ0çš„ä¸ªæ•°:  430
æ€»æ•°:  860
æ­£ç¡®çš„ä¸ªæ•°:  658
Epoch [99/100], V_AUC: [4m0.7653[0m
Epoch [100/100], Loss: 34.7066
train_Accuracy: [91m0.8949[0m
train_Precision: [4;34m0.8846[0m,               train_Recall: [4;33m0.9124[0m,                 train_F1 Score: [4;35m0.8946[0m
æ ‡ç­¾é‡Œ1çš„ä¸ªæ•°:  2150
æ ‡ç­¾é‡Œ0çš„ä¸ªæ•°:  2150
æ€»æ•°:  4300
æ­£ç¡®çš„ä¸ªæ•°:  3848
æœ€åä¸€ä¸ªæ‰¹æ¬¡çš„è¾“å‡º, ä¸æ»¡batchsizeæ˜¯æ­£å¸¸çš„:
 tensor([[9.9946e-01],
        [9.8920e-01],
        [9.9825e-01],
        [1.1964e-01],
        [9.9995e-01],
        [7.5568e-04],
        [1.0913e-01],
        [1.6783e-04],
        [9.9858e-01],
        [8.8184e-01],
        [4.8351e-05],
        [1.0829e-01]], device='cuda:0', grad_fn=<SigmoidBackward0>)
Epoch [100/100], T_AUC: [4m0.8996[0m
Epoch [100/100], Loss: 29.9664
val_Accuracy: [92m0.7593[0m
val_Precision: [4;34m0.7647[0m,               val_Recall: [4;33m0.7473[0m,                 val_F1 Score: [4;35m0.7497[0m
æ ‡ç­¾é‡Œ1çš„ä¸ªæ•°:  430
æ ‡ç­¾é‡Œ0çš„ä¸ªæ•°:  430
æ€»æ•°:  860
æ­£ç¡®çš„ä¸ªæ•°:  653
Epoch [100/100], V_AUC: [4m0.7583[0m
ç¬¬0æ‰¹ç¬¬2ä¸ª, 100
ç¬¬0æ‰¹ç¬¬15ä¸ª, 100
ç¬¬1æ‰¹ç¬¬0ä¸ª, 100
ç¬¬1æ‰¹ç¬¬29ä¸ª, 100
ç¬¬1æ‰¹ç¬¬30ä¸ª, 100
send email successfully
