2024-06-25-10:58:23
1æ’åº128-0.5
åˆ›å»ºæ¨¡å‹å®ä¾‹
æ¨¡å‹å®ä¾‹åˆ›å»ºå®Œæˆ
åŠ è½½é¢„è®­ç»ƒå‚æ•°
é¢„è®­ç»ƒå‚æ•°åŠ è½½å®Œæˆ
Epoch [1/100], Loss: 60.5182
train_Accuracy: [91m0.8028[0m
train_Precision: [4;34m0.8231[0m,               train_Recall: [4;33m0.7805[0m,                 train_F1 Score: [4;35m0.7958[0m
æ ‡ç­¾é‡Œ1çš„ä¸ªæ•°:  2150
æ ‡ç­¾é‡Œ0çš„ä¸ªæ•°:  2150
æ€»æ•°:  4300
æ­£ç¡®çš„ä¸ªæ•°:  3452
æœ€åä¸€ä¸ªæ‰¹æ¬¡çš„è¾“å‡º, ä¸æ»¡batchsizeæ˜¯æ­£å¸¸çš„:
 tensor([[0.9265],
        [0.8455],
        [0.9734],
        [0.1641],
        [0.7780],
        [0.1681],
        [0.5661],
        [0.3331],
        [0.4608],
        [0.8986],
        [0.0275],
        [0.0492]], device='cuda:0', grad_fn=<SigmoidBackward0>)
Epoch [1/100], T_AUC: [4m0.8083[0m
Epoch [1/100], Loss: 13.8423
val_Accuracy: [92m0.8035[0m
val_Precision: [4;34m0.8323[0m,               val_Recall: [4;33m0.7530[0m,                 val_F1 Score: [4;35m0.7859[0m
æ ‡ç­¾é‡Œ1çš„ä¸ªæ•°:  430
æ ‡ç­¾é‡Œ0çš„ä¸ªæ•°:  430
æ€»æ•°:  860
æ­£ç¡®çš„ä¸ªæ•°:  691
Epoch [1/100], V_AUC: [4m0.8006[0m
Epoch [2/100], Loss: 58.8561
train_Accuracy: [91m0.8109[0m
train_Precision: [4;34m0.8353[0m,               train_Recall: [4;33m0.7854[0m,                 train_F1 Score: [4;35m0.8042[0m
æ ‡ç­¾é‡Œ1çš„ä¸ªæ•°:  2150
æ ‡ç­¾é‡Œ0çš„ä¸ªæ•°:  2150
æ€»æ•°:  4300
æ­£ç¡®çš„ä¸ªæ•°:  3487
æœ€åä¸€ä¸ªæ‰¹æ¬¡çš„è¾“å‡º, ä¸æ»¡batchsizeæ˜¯æ­£å¸¸çš„:
 tensor([[0.9207],
        [0.8356],
        [0.9749],
        [0.1657],
        [0.7706],
        [0.1589],
        [0.5556],
        [0.3317],
        [0.5205],
        [0.9077],
        [0.0268],
        [0.0502]], device='cuda:0', grad_fn=<SigmoidBackward0>)
Epoch [2/100], T_AUC: [4m0.8172[0m
Epoch [2/100], Loss: 13.7597
val_Accuracy: [92m0.8012[0m
val_Precision: [4;34m0.8274[0m,               val_Recall: [4;33m0.7529[0m,                 val_F1 Score: [4;35m0.7840[0m
æ ‡ç­¾é‡Œ1çš„ä¸ªæ•°:  430
æ ‡ç­¾é‡Œ0çš„ä¸ªæ•°:  430
æ€»æ•°:  860
æ­£ç¡®çš„ä¸ªæ•°:  689
Epoch [2/100], V_AUC: [4m0.7983[0m
Epoch [3/100], Loss: 58.4692
train_Accuracy: [91m0.8119[0m
train_Precision: [4;34m0.8363[0m,               train_Recall: [4;33m0.7869[0m,                 train_F1 Score: [4;35m0.8053[0m
æ ‡ç­¾é‡Œ1çš„ä¸ªæ•°:  2150
æ ‡ç­¾é‡Œ0çš„ä¸ªæ•°:  2150
æ€»æ•°:  4300
æ­£ç¡®çš„ä¸ªæ•°:  3491
æœ€åä¸€ä¸ªæ‰¹æ¬¡çš„è¾“å‡º, ä¸æ»¡batchsizeæ˜¯æ­£å¸¸çš„:
 tensor([[0.9150],
        [0.8311],
        [0.9744],
        [0.1514],
        [0.8111],
        [0.1488],
        [0.5240],
        [0.3556],
        [0.5438],
        [0.9178],
        [0.0264],
        [0.0526]], device='cuda:0', grad_fn=<SigmoidBackward0>)
Epoch [3/100], T_AUC: [4m0.8184[0m
Epoch [3/100], Loss: 13.7214
val_Accuracy: [92m0.8047[0m
val_Precision: [4;34m0.8318[0m,               val_Recall: [4;33m0.7558[0m,                 val_F1 Score: [4;35m0.7877[0m
æ ‡ç­¾é‡Œ1çš„ä¸ªæ•°:  430
æ ‡ç­¾é‡Œ0çš„ä¸ªæ•°:  430
æ€»æ•°:  860
æ­£ç¡®çš„ä¸ªæ•°:  692
Epoch [3/100], V_AUC: [4m0.8024[0m
Epoch [4/100], Loss: 58.1579
train_Accuracy: [91m0.8140[0m
train_Precision: [4;34m0.8401[0m,               train_Recall: [4;33m0.7880[0m,                 train_F1 Score: [4;35m0.8078[0m
æ ‡ç­¾é‡Œ1çš„ä¸ªæ•°:  2150
æ ‡ç­¾é‡Œ0çš„ä¸ªæ•°:  2150
æ€»æ•°:  4300
æ­£ç¡®çš„ä¸ªæ•°:  3500
æœ€åä¸€ä¸ªæ‰¹æ¬¡çš„è¾“å‡º, ä¸æ»¡batchsizeæ˜¯æ­£å¸¸çš„:
 tensor([[0.9102],
        [0.8398],
        [0.9807],
        [0.1470],
        [0.7812],
        [0.1448],
        [0.4738],
        [0.3830],
        [0.5969],
        [0.9013],
        [0.0308],
        [0.0477]], device='cuda:0', grad_fn=<SigmoidBackward0>)
Epoch [4/100], T_AUC: [4m0.8206[0m
Epoch [4/100], Loss: 13.8535
val_Accuracy: [92m0.8012[0m
val_Precision: [4;34m0.8352[0m,               val_Recall: [4;33m0.7438[0m,                 val_F1 Score: [4;35m0.7818[0m
æ ‡ç­¾é‡Œ1çš„ä¸ªæ•°:  430
æ ‡ç­¾é‡Œ0çš„ä¸ªæ•°:  430
æ€»æ•°:  860
æ­£ç¡®çš„ä¸ªæ•°:  689
Epoch [4/100], V_AUC: [4m0.7984[0m
Epoch [5/100], Loss: 57.9395
train_Accuracy: [91m0.8135[0m
train_Precision: [4;34m0.8408[0m,               train_Recall: [4;33m0.7857[0m,                 train_F1 Score: [4;35m0.8069[0m
æ ‡ç­¾é‡Œ1çš„ä¸ªæ•°:  2150
æ ‡ç­¾é‡Œ0çš„ä¸ªæ•°:  2150
æ€»æ•°:  4300
æ­£ç¡®çš„ä¸ªæ•°:  3498
æœ€åä¸€ä¸ªæ‰¹æ¬¡çš„è¾“å‡º, ä¸æ»¡batchsizeæ˜¯æ­£å¸¸çš„:
 tensor([[0.9050],
        [0.8407],
        [0.9769],
        [0.1392],
        [0.8054],
        [0.1379],
        [0.4730],
        [0.3739],
        [0.6081],
        [0.9053],
        [0.0339],
        [0.0534]], device='cuda:0', grad_fn=<SigmoidBackward0>)
Epoch [5/100], T_AUC: [4m0.8204[0m
Epoch [5/100], Loss: 13.8366
val_Accuracy: [92m0.7988[0m
val_Precision: [4;34m0.8343[0m,               val_Recall: [4;33m0.7394[0m,                 val_F1 Score: [4;35m0.7787[0m
æ ‡ç­¾é‡Œ1çš„ä¸ªæ•°:  430
æ ‡ç­¾é‡Œ0çš„ä¸ªæ•°:  430
æ€»æ•°:  860
æ­£ç¡®çš„ä¸ªæ•°:  687
Epoch [5/100], V_AUC: [4m0.7961[0m
Epoch [6/100], Loss: 57.6932
train_Accuracy: [91m0.8156[0m
train_Precision: [4;34m0.8389[0m,               train_Recall: [4;33m0.7928[0m,                 train_F1 Score: [4;35m0.8097[0m
æ ‡ç­¾é‡Œ1çš„ä¸ªæ•°:  2150
æ ‡ç­¾é‡Œ0çš„ä¸ªæ•°:  2150
æ€»æ•°:  4300
æ­£ç¡®çš„ä¸ªæ•°:  3507
æœ€åä¸€ä¸ªæ‰¹æ¬¡çš„è¾“å‡º, ä¸æ»¡batchsizeæ˜¯æ­£å¸¸çš„:
 tensor([[0.9139],
        [0.8342],
        [0.9784],
        [0.1359],
        [0.7774],
        [0.1373],
        [0.5100],
        [0.3691],
        [0.6395],
        [0.8922],
        [0.0320],
        [0.0570]], device='cuda:0', grad_fn=<SigmoidBackward0>)
Epoch [6/100], T_AUC: [4m0.8222[0m
Epoch [6/100], Loss: 13.8567
val_Accuracy: [92m0.8000[0m
val_Precision: [4;34m0.8336[0m,               val_Recall: [4;33m0.7405[0m,                 val_F1 Score: [4;35m0.7795[0m
æ ‡ç­¾é‡Œ1çš„ä¸ªæ•°:  430
æ ‡ç­¾é‡Œ0çš„ä¸ªæ•°:  430
æ€»æ•°:  860
æ­£ç¡®çš„ä¸ªæ•°:  688
Epoch [6/100], V_AUC: [4m0.7966[0m
Epoch [7/100], Loss: 57.2944
train_Accuracy: [91m0.8158[0m
train_Precision: [4;34m0.8403[0m,               train_Recall: [4;33m0.7923[0m,                 train_F1 Score: [4;35m0.8101[0m
æ ‡ç­¾é‡Œ1çš„ä¸ªæ•°:  2150
æ ‡ç­¾é‡Œ0çš„ä¸ªæ•°:  2150
æ€»æ•°:  4300
æ­£ç¡®çš„ä¸ªæ•°:  3508
æœ€åä¸€ä¸ªæ‰¹æ¬¡çš„è¾“å‡º, ä¸æ»¡batchsizeæ˜¯æ­£å¸¸çš„:
 tensor([[0.9016],
        [0.8282],
        [0.9779],
        [0.1259],
        [0.8711],
        [0.1233],
        [0.4851],
        [0.3763],
        [0.5893],
        [0.8813],
        [0.0331],
        [0.0623]], device='cuda:0', grad_fn=<SigmoidBackward0>)
Epoch [7/100], T_AUC: [4m0.8229[0m
Epoch [7/100], Loss: 13.9921
val_Accuracy: [92m0.7965[0m
val_Precision: [4;34m0.8357[0m,               val_Recall: [4;33m0.7287[0m,                 val_F1 Score: [4;35m0.7739[0m
æ ‡ç­¾é‡Œ1çš„ä¸ªæ•°:  430
æ ‡ç­¾é‡Œ0çš„ä¸ªæ•°:  430
æ€»æ•°:  860
æ­£ç¡®çš„ä¸ªæ•°:  685
Epoch [7/100], V_AUC: [4m0.7929[0m
Epoch [8/100], Loss: 57.0278
train_Accuracy: [91m0.8181[0m
train_Precision: [4;34m0.8389[0m,               train_Recall: [4;33m0.7980[0m,                 train_F1 Score: [4;35m0.8127[0m
æ ‡ç­¾é‡Œ1çš„ä¸ªæ•°:  2150
æ ‡ç­¾é‡Œ0çš„ä¸ªæ•°:  2150
æ€»æ•°:  4300
æ­£ç¡®çš„ä¸ªæ•°:  3518
æœ€åä¸€ä¸ªæ‰¹æ¬¡çš„è¾“å‡º, ä¸æ»¡batchsizeæ˜¯æ­£å¸¸çš„:
 tensor([[0.8945],
        [0.8184],
        [0.9774],
        [0.1181],
        [0.8809],
        [0.1160],
        [0.4704],
        [0.3862],
        [0.6217],
        [0.8855],
        [0.0356],
        [0.0563]], device='cuda:0', grad_fn=<SigmoidBackward0>)
Epoch [8/100], T_AUC: [4m0.8246[0m
Epoch [8/100], Loss: 13.9974
val_Accuracy: [92m0.7988[0m
val_Precision: [4;34m0.8257[0m,               val_Recall: [4;33m0.7464[0m,                 val_F1 Score: [4;35m0.7789[0m
æ ‡ç­¾é‡Œ1çš„ä¸ªæ•°:  430
æ ‡ç­¾é‡Œ0çš„ä¸ªæ•°:  430
æ€»æ•°:  860
æ­£ç¡®çš„ä¸ªæ•°:  687
Epoch [8/100], V_AUC: [4m0.7948[0m
Epoch [9/100], Loss: 56.7609
train_Accuracy: [91m0.8181[0m
train_Precision: [4;34m0.8371[0m,               train_Recall: [4;33m0.7991[0m,                 train_F1 Score: [4;35m0.8124[0m
æ ‡ç­¾é‡Œ1çš„ä¸ªæ•°:  2150
æ ‡ç­¾é‡Œ0çš„ä¸ªæ•°:  2150
æ€»æ•°:  4300
æ­£ç¡®çš„ä¸ªæ•°:  3518
æœ€åä¸€ä¸ªæ‰¹æ¬¡çš„è¾“å‡º, ä¸æ»¡batchsizeæ˜¯æ­£å¸¸çš„:
 tensor([[0.8930],
        [0.8054],
        [0.9807],
        [0.1253],
        [0.8531],
        [0.1214],
        [0.5232],
        [0.3834],
        [0.6071],
        [0.8537],
        [0.0398],
        [0.0591]], device='cuda:0', grad_fn=<SigmoidBackward0>)
Epoch [9/100], T_AUC: [4m0.8243[0m
Epoch [9/100], Loss: 14.0914
val_Accuracy: [92m0.7988[0m
val_Precision: [4;34m0.8298[0m,               val_Recall: [4;33m0.7426[0m,                 val_F1 Score: [4;35m0.7793[0m
æ ‡ç­¾é‡Œ1çš„ä¸ªæ•°:  430
æ ‡ç­¾é‡Œ0çš„ä¸ªæ•°:  430
æ€»æ•°:  860
æ­£ç¡®çš„ä¸ªæ•°:  687
Epoch [9/100], V_AUC: [4m0.7949[0m
Epoch [10/100], Loss: 56.7605
train_Accuracy: [91m0.8195[0m
train_Precision: [4;34m0.8410[0m,               train_Recall: [4;33m0.7986[0m,                 train_F1 Score: [4;35m0.8135[0m
æ ‡ç­¾é‡Œ1çš„ä¸ªæ•°:  2150
æ ‡ç­¾é‡Œ0çš„ä¸ªæ•°:  2150
æ€»æ•°:  4300
æ­£ç¡®çš„ä¸ªæ•°:  3524
æœ€åä¸€ä¸ªæ‰¹æ¬¡çš„è¾“å‡º, ä¸æ»¡batchsizeæ˜¯æ­£å¸¸çš„:
 tensor([[0.8911],
        [0.7901],
        [0.9729],
        [0.1313],
        [0.8713],
        [0.1044],
        [0.5566],
        [0.3440],
        [0.6819],
        [0.8855],
        [0.0299],
        [0.0677]], device='cuda:0', grad_fn=<SigmoidBackward0>)
Epoch [10/100], T_AUC: [4m0.8259[0m
Epoch [10/100], Loss: 13.8002
val_Accuracy: [92m0.8035[0m
val_Precision: [4;34m0.8350[0m,               val_Recall: [4;33m0.7469[0m,                 val_F1 Score: [4;35m0.7834[0m
æ ‡ç­¾é‡Œ1çš„ä¸ªæ•°:  430
æ ‡ç­¾é‡Œ0çš„ä¸ªæ•°:  430
æ€»æ•°:  860
æ­£ç¡®çš„ä¸ªæ•°:  691
Epoch [10/100], V_AUC: [4m0.7994[0m
Epoch [11/100], Loss: 56.3849
train_Accuracy: [91m0.8214[0m
train_Precision: [4;34m0.8437[0m,               train_Recall: [4;33m0.7998[0m,                 train_F1 Score: [4;35m0.8155[0m
æ ‡ç­¾é‡Œ1çš„ä¸ªæ•°:  2150
æ ‡ç­¾é‡Œ0çš„ä¸ªæ•°:  2150
æ€»æ•°:  4300
æ­£ç¡®çš„ä¸ªæ•°:  3532
æœ€åä¸€ä¸ªæ‰¹æ¬¡çš„è¾“å‡º, ä¸æ»¡batchsizeæ˜¯æ­£å¸¸çš„:
 tensor([[0.8971],
        [0.7857],
        [0.9804],
        [0.1044],
        [0.8668],
        [0.1114],
        [0.5646],
        [0.3321],
        [0.6426],
        [0.8652],
        [0.0341],
        [0.0723]], device='cuda:0', grad_fn=<SigmoidBackward0>)
Epoch [11/100], T_AUC: [4m0.8277[0m
Epoch [11/100], Loss: 14.0730
val_Accuracy: [92m0.8000[0m
val_Precision: [4;34m0.8337[0m,               val_Recall: [4;33m0.7397[0m,                 val_F1 Score: [4;35m0.7790[0m
æ ‡ç­¾é‡Œ1çš„ä¸ªæ•°:  430
æ ‡ç­¾é‡Œ0çš„ä¸ªæ•°:  430
æ€»æ•°:  860
æ­£ç¡®çš„ä¸ªæ•°:  688
Epoch [11/100], V_AUC: [4m0.7958[0m
Epoch [12/100], Loss: 55.9940
train_Accuracy: [91m0.8240[0m
train_Precision: [4;34m0.8440[0m,               train_Recall: [4;33m0.8044[0m,                 train_F1 Score: [4;35m0.8181[0m
æ ‡ç­¾é‡Œ1çš„ä¸ªæ•°:  2150
æ ‡ç­¾é‡Œ0çš„ä¸ªæ•°:  2150
æ€»æ•°:  4300
æ­£ç¡®çš„ä¸ªæ•°:  3543
æœ€åä¸€ä¸ªæ‰¹æ¬¡çš„è¾“å‡º, ä¸æ»¡batchsizeæ˜¯æ­£å¸¸çš„:
 tensor([[0.9068],
        [0.7960],
        [0.9811],
        [0.1130],
        [0.8528],
        [0.1079],
        [0.5516],
        [0.3714],
        [0.6216],
        [0.8670],
        [0.0365],
        [0.0571]], device='cuda:0', grad_fn=<SigmoidBackward0>)
Epoch [12/100], T_AUC: [4m0.8303[0m
Epoch [12/100], Loss: 14.2654
val_Accuracy: [92m0.7919[0m
val_Precision: [4;34m0.8239[0m,               val_Recall: [4;33m0.7328[0m,                 val_F1 Score: [4;35m0.7704[0m
æ ‡ç­¾é‡Œ1çš„ä¸ªæ•°:  430
æ ‡ç­¾é‡Œ0çš„ä¸ªæ•°:  430
æ€»æ•°:  860
æ­£ç¡®çš„ä¸ªæ•°:  681
Epoch [12/100], V_AUC: [4m0.7877[0m
Epoch [13/100], Loss: 55.4511
train_Accuracy: [91m0.8267[0m
train_Precision: [4;34m0.8451[0m,               train_Recall: [4;33m0.8099[0m,                 train_F1 Score: [4;35m0.8217[0m
æ ‡ç­¾é‡Œ1çš„ä¸ªæ•°:  2150
æ ‡ç­¾é‡Œ0çš„ä¸ªæ•°:  2150
æ€»æ•°:  4300
æ­£ç¡®çš„ä¸ªæ•°:  3555
æœ€åä¸€ä¸ªæ‰¹æ¬¡çš„è¾“å‡º, ä¸æ»¡batchsizeæ˜¯æ­£å¸¸çš„:
 tensor([[0.9212],
        [0.7872],
        [0.9825],
        [0.1184],
        [0.8359],
        [0.1088],
        [0.5935],
        [0.2952],
        [0.6023],
        [0.8493],
        [0.0330],
        [0.0749]], device='cuda:0', grad_fn=<SigmoidBackward0>)
Epoch [13/100], T_AUC: [4m0.8327[0m
Epoch [13/100], Loss: 14.3408
val_Accuracy: [92m0.7919[0m
val_Precision: [4;34m0.8229[0m,               val_Recall: [4;33m0.7362[0m,                 val_F1 Score: [4;35m0.7715[0m
æ ‡ç­¾é‡Œ1çš„ä¸ªæ•°:  430
æ ‡ç­¾é‡Œ0çš„ä¸ªæ•°:  430
æ€»æ•°:  860
æ­£ç¡®çš„ä¸ªæ•°:  681
Epoch [13/100], V_AUC: [4m0.7886[0m
Epoch [14/100], Loss: 55.4397
train_Accuracy: [91m0.8253[0m
train_Precision: [4;34m0.8429[0m,               train_Recall: [4;33m0.8095[0m,                 train_F1 Score: [4;35m0.8202[0m
æ ‡ç­¾é‡Œ1çš„ä¸ªæ•°:  2150
æ ‡ç­¾é‡Œ0çš„ä¸ªæ•°:  2150
æ€»æ•°:  4300
æ­£ç¡®çš„ä¸ªæ•°:  3549
æœ€åä¸€ä¸ªæ‰¹æ¬¡çš„è¾“å‡º, ä¸æ»¡batchsizeæ˜¯æ­£å¸¸çš„:
 tensor([[0.8948],
        [0.7891],
        [0.9821],
        [0.0982],
        [0.9103],
        [0.0940],
        [0.5361],
        [0.3399],
        [0.5588],
        [0.8774],
        [0.0353],
        [0.0700]], device='cuda:0', grad_fn=<SigmoidBackward0>)
Epoch [14/100], T_AUC: [4m0.8315[0m
Epoch [14/100], Loss: 14.4230
val_Accuracy: [92m0.7872[0m
val_Precision: [4;34m0.8185[0m,               val_Recall: [4;33m0.7283[0m,                 val_F1 Score: [4;35m0.7658[0m
æ ‡ç­¾é‡Œ1çš„ä¸ªæ•°:  430
æ ‡ç­¾é‡Œ0çš„ä¸ªæ•°:  430
æ€»æ•°:  860
æ­£ç¡®çš„ä¸ªæ•°:  677
Epoch [14/100], V_AUC: [4m0.7830[0m
Epoch [15/100], Loss: 55.2097
train_Accuracy: [91m0.8260[0m
train_Precision: [4;34m0.8449[0m,               train_Recall: [4;33m0.8080[0m,                 train_F1 Score: [4;35m0.8209[0m
æ ‡ç­¾é‡Œ1çš„ä¸ªæ•°:  2150
æ ‡ç­¾é‡Œ0çš„ä¸ªæ•°:  2150
æ€»æ•°:  4300
æ­£ç¡®çš„ä¸ªæ•°:  3552
æœ€åä¸€ä¸ªæ‰¹æ¬¡çš„è¾“å‡º, ä¸æ»¡batchsizeæ˜¯æ­£å¸¸çš„:
 tensor([[0.8911],
        [0.8118],
        [0.9886],
        [0.1020],
        [0.8733],
        [0.1035],
        [0.5452],
        [0.3615],
        [0.5541],
        [0.8176],
        [0.0353],
        [0.0673]], device='cuda:0', grad_fn=<SigmoidBackward0>)
Epoch [15/100], T_AUC: [4m0.8316[0m
Epoch [15/100], Loss: 14.3378
val_Accuracy: [92m0.7965[0m
val_Precision: [4;34m0.8310[0m,               val_Recall: [4;33m0.7344[0m,                 val_F1 Score: [4;35m0.7743[0m
æ ‡ç­¾é‡Œ1çš„ä¸ªæ•°:  430
æ ‡ç­¾é‡Œ0çš„ä¸ªæ•°:  430
æ€»æ•°:  860
æ­£ç¡®çš„ä¸ªæ•°:  685
Epoch [15/100], V_AUC: [4m0.7920[0m
Epoch [16/100], Loss: 54.8942
train_Accuracy: [91m0.8251[0m
train_Precision: [4;34m0.8450[0m,               train_Recall: [4;33m0.8060[0m,                 train_F1 Score: [4;35m0.8193[0m
æ ‡ç­¾é‡Œ1çš„ä¸ªæ•°:  2150
æ ‡ç­¾é‡Œ0çš„ä¸ªæ•°:  2150
æ€»æ•°:  4300
æ­£ç¡®çš„ä¸ªæ•°:  3548
æœ€åä¸€ä¸ªæ‰¹æ¬¡çš„è¾“å‡º, ä¸æ»¡batchsizeæ˜¯æ­£å¸¸çš„:
 tensor([[0.9091],
        [0.8178],
        [0.9874],
        [0.1155],
        [0.7475],
        [0.1046],
        [0.5174],
        [0.3700],
        [0.7510],
        [0.8269],
        [0.0360],
        [0.0654]], device='cuda:0', grad_fn=<SigmoidBackward0>)
Epoch [16/100], T_AUC: [4m0.8311[0m
Epoch [16/100], Loss: 14.5657
val_Accuracy: [92m0.7930[0m
val_Precision: [4;34m0.8118[0m,               val_Recall: [4;33m0.7489[0m,                 val_F1 Score: [4;35m0.7751[0m
æ ‡ç­¾é‡Œ1çš„ä¸ªæ•°:  430
æ ‡ç­¾é‡Œ0çš„ä¸ªæ•°:  430
æ€»æ•°:  860
æ­£ç¡®çš„ä¸ªæ•°:  682
Epoch [16/100], V_AUC: [4m0.7887[0m
Epoch [17/100], Loss: 54.9945
train_Accuracy: [91m0.8286[0m
train_Precision: [4;34m0.8465[0m,               train_Recall: [4;33m0.8118[0m,                 train_F1 Score: [4;35m0.8237[0m
æ ‡ç­¾é‡Œ1çš„ä¸ªæ•°:  2150
æ ‡ç­¾é‡Œ0çš„ä¸ªæ•°:  2150
æ€»æ•°:  4300
æ­£ç¡®çš„ä¸ªæ•°:  3563
æœ€åä¸€ä¸ªæ‰¹æ¬¡çš„è¾“å‡º, ä¸æ»¡batchsizeæ˜¯æ­£å¸¸çš„:
 tensor([[0.8999],
        [0.8131],
        [0.9842],
        [0.1427],
        [0.8395],
        [0.1083],
        [0.4759],
        [0.3705],
        [0.6748],
        [0.8359],
        [0.0284],
        [0.0696]], device='cuda:0', grad_fn=<SigmoidBackward0>)
Epoch [17/100], T_AUC: [4m0.8347[0m
Epoch [17/100], Loss: 14.2812
val_Accuracy: [92m0.7814[0m
val_Precision: [4;34m0.8108[0m,               val_Recall: [4;33m0.7222[0m,                 val_F1 Score: [4;35m0.7593[0m
æ ‡ç­¾é‡Œ1çš„ä¸ªæ•°:  430
æ ‡ç­¾é‡Œ0çš„ä¸ªæ•°:  430
æ€»æ•°:  860
æ­£ç¡®çš„ä¸ªæ•°:  672
Epoch [17/100], V_AUC: [4m0.7781[0m
Epoch [18/100], Loss: 54.2503
train_Accuracy: [91m0.8281[0m
train_Precision: [4;34m0.8461[0m,               train_Recall: [4;33m0.8122[0m,                 train_F1 Score: [4;35m0.8233[0m
æ ‡ç­¾é‡Œ1çš„ä¸ªæ•°:  2150
æ ‡ç­¾é‡Œ0çš„ä¸ªæ•°:  2150
æ€»æ•°:  4300
æ­£ç¡®çš„ä¸ªæ•°:  3561
æœ€åä¸€ä¸ªæ‰¹æ¬¡çš„è¾“å‡º, ä¸æ»¡batchsizeæ˜¯æ­£å¸¸çš„:
 tensor([[0.9169],
        [0.8340],
        [0.9886],
        [0.1491],
        [0.8776],
        [0.1103],
        [0.4819],
        [0.2709],
        [0.6596],
        [0.8040],
        [0.0303],
        [0.0493]], device='cuda:0', grad_fn=<SigmoidBackward0>)
Epoch [18/100], T_AUC: [4m0.8341[0m
Epoch [18/100], Loss: 14.5991
val_Accuracy: [92m0.7837[0m
val_Precision: [4;34m0.8109[0m,               val_Recall: [4;33m0.7287[0m,                 val_F1 Score: [4;35m0.7626[0m
æ ‡ç­¾é‡Œ1çš„ä¸ªæ•°:  430
æ ‡ç­¾é‡Œ0çš„ä¸ªæ•°:  430
æ€»æ•°:  860
æ­£ç¡®çš„ä¸ªæ•°:  674
Epoch [18/100], V_AUC: [4m0.7800[0m
Epoch [19/100], Loss: 54.1615
train_Accuracy: [91m0.8277[0m
train_Precision: [4;34m0.8480[0m,               train_Recall: [4;33m0.8082[0m,                 train_F1 Score: [4;35m0.8225[0m
æ ‡ç­¾é‡Œ1çš„ä¸ªæ•°:  2150
æ ‡ç­¾é‡Œ0çš„ä¸ªæ•°:  2150
æ€»æ•°:  4300
æ­£ç¡®çš„ä¸ªæ•°:  3559
æœ€åä¸€ä¸ªæ‰¹æ¬¡çš„è¾“å‡º, ä¸æ»¡batchsizeæ˜¯æ­£å¸¸çš„:
 tensor([[0.9179],
        [0.8102],
        [0.9882],
        [0.1205],
        [0.8625],
        [0.0957],
        [0.4655],
        [0.3420],
        [0.7550],
        [0.8313],
        [0.0239],
        [0.0553]], device='cuda:0', grad_fn=<SigmoidBackward0>)
Epoch [19/100], T_AUC: [4m0.8334[0m
Epoch [19/100], Loss: 14.6938
val_Accuracy: [92m0.7849[0m
val_Precision: [4;34m0.8069[0m,               val_Recall: [4;33m0.7342[0m,                 val_F1 Score: [4;35m0.7640[0m
æ ‡ç­¾é‡Œ1çš„ä¸ªæ•°:  430
æ ‡ç­¾é‡Œ0çš„ä¸ªæ•°:  430
æ€»æ•°:  860
æ­£ç¡®çš„ä¸ªæ•°:  675
Epoch [19/100], V_AUC: [4m0.7802[0m
Epoch [20/100], Loss: 53.7261
train_Accuracy: [91m0.8326[0m
train_Precision: [4;34m0.8511[0m,               train_Recall: [4;33m0.8149[0m,                 train_F1 Score: [4;35m0.8279[0m
æ ‡ç­¾é‡Œ1çš„ä¸ªæ•°:  2150
æ ‡ç­¾é‡Œ0çš„ä¸ªæ•°:  2150
æ€»æ•°:  4300
æ­£ç¡®çš„ä¸ªæ•°:  3580
æœ€åä¸€ä¸ªæ‰¹æ¬¡çš„è¾“å‡º, ä¸æ»¡batchsizeæ˜¯æ­£å¸¸çš„:
 tensor([[0.8942],
        [0.8575],
        [0.9918],
        [0.1768],
        [0.8560],
        [0.1012],
        [0.4854],
        [0.3185],
        [0.5949],
        [0.8265],
        [0.0272],
        [0.0447]], device='cuda:0', grad_fn=<SigmoidBackward0>)
Epoch [20/100], T_AUC: [4m0.8376[0m
Epoch [20/100], Loss: 14.6317
val_Accuracy: [92m0.7826[0m
val_Precision: [4;34m0.8102[0m,               val_Recall: [4;33m0.7265[0m,                 val_F1 Score: [4;35m0.7612[0m
æ ‡ç­¾é‡Œ1çš„ä¸ªæ•°:  430
æ ‡ç­¾é‡Œ0çš„ä¸ªæ•°:  430
æ€»æ•°:  860
æ­£ç¡®çš„ä¸ªæ•°:  673
Epoch [20/100], V_AUC: [4m0.7788[0m
Epoch [21/100], Loss: 53.3866
train_Accuracy: [91m0.8349[0m
train_Precision: [4;34m0.8530[0m,               train_Recall: [4;33m0.8174[0m,                 train_F1 Score: [4;35m0.8300[0m
æ ‡ç­¾é‡Œ1çš„ä¸ªæ•°:  2150
æ ‡ç­¾é‡Œ0çš„ä¸ªæ•°:  2150
æ€»æ•°:  4300
æ­£ç¡®çš„ä¸ªæ•°:  3590
æœ€åä¸€ä¸ªæ‰¹æ¬¡çš„è¾“å‡º, ä¸æ»¡batchsizeæ˜¯æ­£å¸¸çš„:
 tensor([[0.8988],
        [0.8386],
        [0.9913],
        [0.1201],
        [0.8929],
        [0.0749],
        [0.4465],
        [0.3652],
        [0.7291],
        [0.8316],
        [0.0176],
        [0.0498]], device='cuda:0', grad_fn=<SigmoidBackward0>)
Epoch [21/100], T_AUC: [4m0.8401[0m
Epoch [21/100], Loss: 15.1096
val_Accuracy: [92m0.7802[0m
val_Precision: [4;34m0.8108[0m,               val_Recall: [4;33m0.7216[0m,                 val_F1 Score: [4;35m0.7574[0m
æ ‡ç­¾é‡Œ1çš„ä¸ªæ•°:  430
æ ‡ç­¾é‡Œ0çš„ä¸ªæ•°:  430
æ€»æ•°:  860
æ­£ç¡®çš„ä¸ªæ•°:  671
Epoch [21/100], V_AUC: [4m0.7772[0m
Epoch [22/100], Loss: 52.9547
train_Accuracy: [91m0.8316[0m
train_Precision: [4;34m0.8509[0m,               train_Recall: [4;33m0.8133[0m,                 train_F1 Score: [4;35m0.8266[0m
æ ‡ç­¾é‡Œ1çš„ä¸ªæ•°:  2150
æ ‡ç­¾é‡Œ0çš„ä¸ªæ•°:  2150
æ€»æ•°:  4300
æ­£ç¡®çš„ä¸ªæ•°:  3576
æœ€åä¸€ä¸ªæ‰¹æ¬¡çš„è¾“å‡º, ä¸æ»¡batchsizeæ˜¯æ­£å¸¸çš„:
 tensor([[0.8722],
        [0.8101],
        [0.9949],
        [0.1529],
        [0.7934],
        [0.0882],
        [0.5085],
        [0.4083],
        [0.7169],
        [0.7845],
        [0.0119],
        [0.0870]], device='cuda:0', grad_fn=<SigmoidBackward0>)
Epoch [22/100], T_AUC: [4m0.8367[0m
Epoch [22/100], Loss: 15.0935
val_Accuracy: [92m0.7872[0m
val_Precision: [4;34m0.8165[0m,               val_Recall: [4;33m0.7312[0m,                 val_F1 Score: [4;35m0.7650[0m
æ ‡ç­¾é‡Œ1çš„ä¸ªæ•°:  430
æ ‡ç­¾é‡Œ0çš„ä¸ªæ•°:  430
æ€»æ•°:  860
æ­£ç¡®çš„ä¸ªæ•°:  677
Epoch [22/100], V_AUC: [4m0.7835[0m
Epoch [23/100], Loss: 53.0033
train_Accuracy: [91m0.8349[0m
train_Precision: [4;34m0.8557[0m,               train_Recall: [4;33m0.8132[0m,                 train_F1 Score: [4;35m0.8290[0m
æ ‡ç­¾é‡Œ1çš„ä¸ªæ•°:  2150
æ ‡ç­¾é‡Œ0çš„ä¸ªæ•°:  2150
æ€»æ•°:  4300
æ­£ç¡®çš„ä¸ªæ•°:  3590
æœ€åä¸€ä¸ªæ‰¹æ¬¡çš„è¾“å‡º, ä¸æ»¡batchsizeæ˜¯æ­£å¸¸çš„:
 tensor([[0.9102],
        [0.8279],
        [0.9957],
        [0.1003],
        [0.8294],
        [0.0778],
        [0.5077],
        [0.3230],
        [0.7714],
        [0.7614],
        [0.0256],
        [0.0521]], device='cuda:0', grad_fn=<SigmoidBackward0>)
Epoch [23/100], T_AUC: [4m0.8401[0m
Epoch [23/100], Loss: 15.4756
val_Accuracy: [92m0.7849[0m
val_Precision: [4;34m0.8071[0m,               val_Recall: [4;33m0.7352[0m,                 val_F1 Score: [4;35m0.7648[0m
æ ‡ç­¾é‡Œ1çš„ä¸ªæ•°:  430
æ ‡ç­¾é‡Œ0çš„ä¸ªæ•°:  430
æ€»æ•°:  860
æ­£ç¡®çš„ä¸ªæ•°:  675
Epoch [23/100], V_AUC: [4m0.7819[0m
Epoch [24/100], Loss: 52.7380
train_Accuracy: [91m0.8321[0m
train_Precision: [4;34m0.8496[0m,               train_Recall: [4;33m0.8153[0m,                 train_F1 Score: [4;35m0.8267[0m
æ ‡ç­¾é‡Œ1çš„ä¸ªæ•°:  2150
æ ‡ç­¾é‡Œ0çš„ä¸ªæ•°:  2150
æ€»æ•°:  4300
æ­£ç¡®çš„ä¸ªæ•°:  3578
æœ€åä¸€ä¸ªæ‰¹æ¬¡çš„è¾“å‡º, ä¸æ»¡batchsizeæ˜¯æ­£å¸¸çš„:
 tensor([[0.8823],
        [0.8794],
        [0.9922],
        [0.1168],
        [0.7746],
        [0.0800],
        [0.5695],
        [0.4445],
        [0.8303],
        [0.7177],
        [0.0151],
        [0.0588]], device='cuda:0', grad_fn=<SigmoidBackward0>)
Epoch [24/100], T_AUC: [4m0.8376[0m
Epoch [24/100], Loss: 14.8912
val_Accuracy: [92m0.7860[0m
val_Precision: [4;34m0.8047[0m,               val_Recall: [4;33m0.7447[0m,                 val_F1 Score: [4;35m0.7676[0m
æ ‡ç­¾é‡Œ1çš„ä¸ªæ•°:  430
æ ‡ç­¾é‡Œ0çš„ä¸ªæ•°:  430
æ€»æ•°:  860
æ­£ç¡®çš„ä¸ªæ•°:  676
Epoch [24/100], V_AUC: [4m0.7820[0m
Epoch [25/100], Loss: 52.6441
train_Accuracy: [91m0.8393[0m
train_Precision: [4;34m0.8596[0m,               train_Recall: [4;33m0.8197[0m,                 train_F1 Score: [4;35m0.8345[0m
æ ‡ç­¾é‡Œ1çš„ä¸ªæ•°:  2150
æ ‡ç­¾é‡Œ0çš„ä¸ªæ•°:  2150
æ€»æ•°:  4300
æ­£ç¡®çš„ä¸ªæ•°:  3609
æœ€åä¸€ä¸ªæ‰¹æ¬¡çš„è¾“å‡º, ä¸æ»¡batchsizeæ˜¯æ­£å¸¸çš„:
 tensor([[0.8679],
        [0.8702],
        [0.9946],
        [0.1036],
        [0.8932],
        [0.0869],
        [0.4870],
        [0.3003],
        [0.7138],
        [0.8155],
        [0.0156],
        [0.0635]], device='cuda:0', grad_fn=<SigmoidBackward0>)
Epoch [25/100], T_AUC: [4m0.8447[0m
Epoch [25/100], Loss: 14.8008
val_Accuracy: [92m0.7826[0m
val_Precision: [4;34m0.8140[0m,               val_Recall: [4;33m0.7223[0m,                 val_F1 Score: [4;35m0.7602[0m
æ ‡ç­¾é‡Œ1çš„ä¸ªæ•°:  430
æ ‡ç­¾é‡Œ0çš„ä¸ªæ•°:  430
æ€»æ•°:  860
æ­£ç¡®çš„ä¸ªæ•°:  673
Epoch [25/100], V_AUC: [4m0.7794[0m
Epoch [26/100], Loss: 51.6606
train_Accuracy: [91m0.8395[0m
train_Precision: [4;34m0.8596[0m,               train_Recall: [4;33m0.8186[0m,                 train_F1 Score: [4;35m0.8338[0m
æ ‡ç­¾é‡Œ1çš„ä¸ªæ•°:  2150
æ ‡ç­¾é‡Œ0çš„ä¸ªæ•°:  2150
æ€»æ•°:  4300
æ­£ç¡®çš„ä¸ªæ•°:  3610
æœ€åä¸€ä¸ªæ‰¹æ¬¡çš„è¾“å‡º, ä¸æ»¡batchsizeæ˜¯æ­£å¸¸çš„:
 tensor([[0.9121],
        [0.8792],
        [0.9954],
        [0.1352],
        [0.8386],
        [0.0889],
        [0.4545],
        [0.3584],
        [0.8143],
        [0.7854],
        [0.0145],
        [0.0236]], device='cuda:0', grad_fn=<SigmoidBackward0>)
Epoch [26/100], T_AUC: [4m0.8450[0m
Epoch [26/100], Loss: 15.4133
val_Accuracy: [92m0.7814[0m
val_Precision: [4;34m0.8053[0m,               val_Recall: [4;33m0.7305[0m,                 val_F1 Score: [4;35m0.7605[0m
æ ‡ç­¾é‡Œ1çš„ä¸ªæ•°:  430
æ ‡ç­¾é‡Œ0çš„ä¸ªæ•°:  430
æ€»æ•°:  860
æ­£ç¡®çš„ä¸ªæ•°:  672
Epoch [26/100], V_AUC: [4m0.7782[0m
Epoch [27/100], Loss: 50.5574
train_Accuracy: [91m0.8414[0m
train_Precision: [4;34m0.8616[0m,               train_Recall: [4;33m0.8222[0m,                 train_F1 Score: [4;35m0.8364[0m
æ ‡ç­¾é‡Œ1çš„ä¸ªæ•°:  2150
æ ‡ç­¾é‡Œ0çš„ä¸ªæ•°:  2150
æ€»æ•°:  4300
æ­£ç¡®çš„ä¸ªæ•°:  3618
æœ€åä¸€ä¸ªæ‰¹æ¬¡çš„è¾“å‡º, ä¸æ»¡batchsizeæ˜¯æ­£å¸¸çš„:
 tensor([[0.8814],
        [0.8875],
        [0.9974],
        [0.0904],
        [0.8852],
        [0.0300],
        [0.4274],
        [0.2632],
        [0.8284],
        [0.7123],
        [0.0250],
        [0.0678]], device='cuda:0', grad_fn=<SigmoidBackward0>)
Epoch [27/100], T_AUC: [4m0.8469[0m
Epoch [27/100], Loss: 16.3657
val_Accuracy: [92m0.7849[0m
val_Precision: [4;34m0.8195[0m,               val_Recall: [4;33m0.7208[0m,                 val_F1 Score: [4;35m0.7610[0m
æ ‡ç­¾é‡Œ1çš„ä¸ªæ•°:  430
æ ‡ç­¾é‡Œ0çš„ä¸ªæ•°:  430
æ€»æ•°:  860
æ­£ç¡®çš„ä¸ªæ•°:  675
Epoch [27/100], V_AUC: [4m0.7816[0m
Epoch [28/100], Loss: 52.0996
train_Accuracy: [91m0.8398[0m
train_Precision: [4;34m0.8652[0m,               train_Recall: [4;33m0.8125[0m,                 train_F1 Score: [4;35m0.8330[0m
æ ‡ç­¾é‡Œ1çš„ä¸ªæ•°:  2150
æ ‡ç­¾é‡Œ0çš„ä¸ªæ•°:  2150
æ€»æ•°:  4300
æ­£ç¡®çš„ä¸ªæ•°:  3611
æœ€åä¸€ä¸ªæ‰¹æ¬¡çš„è¾“å‡º, ä¸æ»¡batchsizeæ˜¯æ­£å¸¸çš„:
 tensor([[0.9288],
        [0.8455],
        [0.9974],
        [0.0708],
        [0.8544],
        [0.0539],
        [0.5390],
        [0.3130],
        [0.8039],
        [0.7269],
        [0.0153],
        [0.0620]], device='cuda:0', grad_fn=<SigmoidBackward0>)
Epoch [28/100], T_AUC: [4m0.8449[0m
Epoch [28/100], Loss: 16.2636
val_Accuracy: [92m0.7849[0m
val_Precision: [4;34m0.8159[0m,               val_Recall: [4;33m0.7275[0m,                 val_F1 Score: [4;35m0.7630[0m
æ ‡ç­¾é‡Œ1çš„ä¸ªæ•°:  430
æ ‡ç­¾é‡Œ0çš„ä¸ªæ•°:  430
æ€»æ•°:  860
æ­£ç¡®çš„ä¸ªæ•°:  675
Epoch [28/100], V_AUC: [4m0.7823[0m
Epoch [29/100], Loss: 51.1631
train_Accuracy: [91m0.8402[0m
train_Precision: [4;34m0.8640[0m,               train_Recall: [4;33m0.8152[0m,                 train_F1 Score: [4;35m0.8339[0m
æ ‡ç­¾é‡Œ1çš„ä¸ªæ•°:  2150
æ ‡ç­¾é‡Œ0çš„ä¸ªæ•°:  2150
æ€»æ•°:  4300
æ­£ç¡®çš„ä¸ªæ•°:  3613
æœ€åä¸€ä¸ªæ‰¹æ¬¡çš„è¾“å‡º, ä¸æ»¡batchsizeæ˜¯æ­£å¸¸çš„:
 tensor([[0.8858],
        [0.8559],
        [0.9967],
        [0.1165],
        [0.9126],
        [0.0687],
        [0.4170],
        [0.2909],
        [0.8652],
        [0.8381],
        [0.0140],
        [0.0267]], device='cuda:0', grad_fn=<SigmoidBackward0>)
Epoch [29/100], T_AUC: [4m0.8458[0m
Epoch [29/100], Loss: 16.0053
val_Accuracy: [92m0.7791[0m
val_Precision: [4;34m0.8103[0m,               val_Recall: [4;33m0.7168[0m,                 val_F1 Score: [4;35m0.7556[0m
æ ‡ç­¾é‡Œ1çš„ä¸ªæ•°:  430
æ ‡ç­¾é‡Œ0çš„ä¸ªæ•°:  430
æ€»æ•°:  860
æ­£ç¡®çš„ä¸ªæ•°:  670
Epoch [29/100], V_AUC: [4m0.7761[0m
Epoch [30/100], Loss: 49.9999
train_Accuracy: [91m0.8470[0m
train_Precision: [4;34m0.8670[0m,               train_Recall: [4;33m0.8274[0m,                 train_F1 Score: [4;35m0.8418[0m
æ ‡ç­¾é‡Œ1çš„ä¸ªæ•°:  2150
æ ‡ç­¾é‡Œ0çš„ä¸ªæ•°:  2150
æ€»æ•°:  4300
æ­£ç¡®çš„ä¸ªæ•°:  3642
æœ€åä¸€ä¸ªæ‰¹æ¬¡çš„è¾“å‡º, ä¸æ»¡batchsizeæ˜¯æ­£å¸¸çš„:
 tensor([[0.9040],
        [0.8298],
        [0.9971],
        [0.1083],
        [0.9295],
        [0.0619],
        [0.3816],
        [0.3024],
        [0.8464],
        [0.7827],
        [0.0113],
        [0.0421]], device='cuda:0', grad_fn=<SigmoidBackward0>)
Epoch [30/100], T_AUC: [4m0.8520[0m
Epoch [30/100], Loss: 16.3583
val_Accuracy: [92m0.7860[0m
val_Precision: [4;34m0.8120[0m,               val_Recall: [4;33m0.7331[0m,                 val_F1 Score: [4;35m0.7650[0m
æ ‡ç­¾é‡Œ1çš„ä¸ªæ•°:  430
æ ‡ç­¾é‡Œ0çš„ä¸ªæ•°:  430
æ€»æ•°:  860
æ­£ç¡®çš„ä¸ªæ•°:  676
Epoch [30/100], V_AUC: [4m0.7827[0m
Epoch [31/100], Loss: 49.5081
train_Accuracy: [91m0.8493[0m
train_Precision: [4;34m0.8712[0m,               train_Recall: [4;33m0.8278[0m,                 train_F1 Score: [4;35m0.8441[0m
æ ‡ç­¾é‡Œ1çš„ä¸ªæ•°:  2150
æ ‡ç­¾é‡Œ0çš„ä¸ªæ•°:  2150
æ€»æ•°:  4300
æ­£ç¡®çš„ä¸ªæ•°:  3652
æœ€åä¸€ä¸ªæ‰¹æ¬¡çš„è¾“å‡º, ä¸æ»¡batchsizeæ˜¯æ­£å¸¸çš„:
 tensor([[0.9143],
        [0.8531],
        [0.9974],
        [0.0782],
        [0.9317],
        [0.0577],
        [0.4222],
        [0.3234],
        [0.8791],
        [0.7814],
        [0.0115],
        [0.0207]], device='cuda:0', grad_fn=<SigmoidBackward0>)
Epoch [31/100], T_AUC: [4m0.8549[0m
Epoch [31/100], Loss: 16.2682
val_Accuracy: [92m0.7849[0m
val_Precision: [4;34m0.8060[0m,               val_Recall: [4;33m0.7389[0m,                 val_F1 Score: [4;35m0.7660[0m
æ ‡ç­¾é‡Œ1çš„ä¸ªæ•°:  430
æ ‡ç­¾é‡Œ0çš„ä¸ªæ•°:  430
æ€»æ•°:  860
æ­£ç¡®çš„ä¸ªæ•°:  675
Epoch [31/100], V_AUC: [4m0.7825[0m
Epoch [32/100], Loss: 49.0350
train_Accuracy: [91m0.8537[0m
train_Precision: [4;34m0.8783[0m,               train_Recall: [4;33m0.8277[0m,                 train_F1 Score: [4;35m0.8482[0m
æ ‡ç­¾é‡Œ1çš„ä¸ªæ•°:  2150
æ ‡ç­¾é‡Œ0çš„ä¸ªæ•°:  2150
æ€»æ•°:  4300
æ­£ç¡®çš„ä¸ªæ•°:  3671
æœ€åä¸€ä¸ªæ‰¹æ¬¡çš„è¾“å‡º, ä¸æ»¡batchsizeæ˜¯æ­£å¸¸çš„:
 tensor([[0.9194],
        [0.7981],
        [0.9982],
        [0.0930],
        [0.9605],
        [0.0448],
        [0.3045],
        [0.2788],
        [0.8812],
        [0.7968],
        [0.0116],
        [0.0513]], device='cuda:0', grad_fn=<SigmoidBackward0>)
Epoch [32/100], T_AUC: [4m0.8587[0m
Epoch [32/100], Loss: 16.4249
val_Accuracy: [92m0.7849[0m
val_Precision: [4;34m0.8124[0m,               val_Recall: [4;33m0.7315[0m,                 val_F1 Score: [4;35m0.7642[0m
æ ‡ç­¾é‡Œ1çš„ä¸ªæ•°:  430
æ ‡ç­¾é‡Œ0çš„ä¸ªæ•°:  430
æ€»æ•°:  860
æ­£ç¡®çš„ä¸ªæ•°:  675
Epoch [32/100], V_AUC: [4m0.7826[0m
Epoch [33/100], Loss: 48.3042
train_Accuracy: [91m0.8528[0m
train_Precision: [4;34m0.8729[0m,               train_Recall: [4;33m0.8316[0m,                 train_F1 Score: [4;35m0.8476[0m
æ ‡ç­¾é‡Œ1çš„ä¸ªæ•°:  2150
æ ‡ç­¾é‡Œ0çš„ä¸ªæ•°:  2150
æ€»æ•°:  4300
æ­£ç¡®çš„ä¸ªæ•°:  3667
æœ€åä¸€ä¸ªæ‰¹æ¬¡çš„è¾“å‡º, ä¸æ»¡batchsizeæ˜¯æ­£å¸¸çš„:
 tensor([[0.9447],
        [0.9084],
        [0.9975],
        [0.0792],
        [0.9528],
        [0.0336],
        [0.3715],
        [0.2556],
        [0.8900],
        [0.7242],
        [0.0072],
        [0.0334]], device='cuda:0', grad_fn=<SigmoidBackward0>)
Epoch [33/100], T_AUC: [4m0.8577[0m
Epoch [33/100], Loss: 16.3336
val_Accuracy: [92m0.7791[0m
val_Precision: [4;34m0.8061[0m,               val_Recall: [4;33m0.7274[0m,                 val_F1 Score: [4;35m0.7585[0m
æ ‡ç­¾é‡Œ1çš„ä¸ªæ•°:  430
æ ‡ç­¾é‡Œ0çš„ä¸ªæ•°:  430
æ€»æ•°:  860
æ­£ç¡®çš„ä¸ªæ•°:  670
Epoch [33/100], V_AUC: [4m0.7776[0m
Epoch [34/100], Loss: 48.0727
train_Accuracy: [91m0.8530[0m
train_Precision: [4;34m0.8722[0m,               train_Recall: [4;33m0.8335[0m,                 train_F1 Score: [4;35m0.8480[0m
æ ‡ç­¾é‡Œ1çš„ä¸ªæ•°:  2150
æ ‡ç­¾é‡Œ0çš„ä¸ªæ•°:  2150
æ€»æ•°:  4300
æ­£ç¡®çš„ä¸ªæ•°:  3668
æœ€åä¸€ä¸ªæ‰¹æ¬¡çš„è¾“å‡º, ä¸æ»¡batchsizeæ˜¯æ­£å¸¸çš„:
 tensor([[0.9490],
        [0.9100],
        [0.9976],
        [0.0156],
        [0.9517],
        [0.0415],
        [0.3927],
        [0.3807],
        [0.9412],
        [0.8034],
        [0.0058],
        [0.0444]], device='cuda:0', grad_fn=<SigmoidBackward0>)
Epoch [34/100], T_AUC: [4m0.8578[0m
Epoch [34/100], Loss: 17.0818
val_Accuracy: [92m0.7849[0m
val_Precision: [4;34m0.7975[0m,               val_Recall: [4;33m0.7532[0m,                 val_F1 Score: [4;35m0.7697[0m
æ ‡ç­¾é‡Œ1çš„ä¸ªæ•°:  430
æ ‡ç­¾é‡Œ0çš„ä¸ªæ•°:  430
æ€»æ•°:  860
æ­£ç¡®çš„ä¸ªæ•°:  675
Epoch [34/100], V_AUC: [4m0.7807[0m
Epoch [35/100], Loss: 47.3203
train_Accuracy: [91m0.8586[0m
train_Precision: [4;34m0.8801[0m,               train_Recall: [4;33m0.8374[0m,                 train_F1 Score: [4;35m0.8540[0m
æ ‡ç­¾é‡Œ1çš„ä¸ªæ•°:  2150
æ ‡ç­¾é‡Œ0çš„ä¸ªæ•°:  2150
æ€»æ•°:  4300
æ­£ç¡®çš„ä¸ªæ•°:  3692
æœ€åä¸€ä¸ªæ‰¹æ¬¡çš„è¾“å‡º, ä¸æ»¡batchsizeæ˜¯æ­£å¸¸çš„:
 tensor([[0.9215],
        [0.9045],
        [0.9988],
        [0.0423],
        [0.9457],
        [0.0270],
        [0.3948],
        [0.0769],
        [0.9697],
        [0.7765],
        [0.0129],
        [0.0387]], device='cuda:0', grad_fn=<SigmoidBackward0>)
Epoch [35/100], T_AUC: [4m0.8634[0m
Epoch [35/100], Loss: 17.6437
val_Accuracy: [92m0.7860[0m
val_Precision: [4;34m0.8116[0m,               val_Recall: [4;33m0.7411[0m,                 val_F1 Score: [4;35m0.7683[0m
æ ‡ç­¾é‡Œ1çš„ä¸ªæ•°:  430
æ ‡ç­¾é‡Œ0çš„ä¸ªæ•°:  430
æ€»æ•°:  860
æ­£ç¡®çš„ä¸ªæ•°:  676
Epoch [35/100], V_AUC: [4m0.7823[0m
Epoch [36/100], Loss: 47.2147
train_Accuracy: [91m0.8581[0m
train_Precision: [4;34m0.8814[0m,               train_Recall: [4;33m0.8346[0m,                 train_F1 Score: [4;35m0.8534[0m
æ ‡ç­¾é‡Œ1çš„ä¸ªæ•°:  2150
æ ‡ç­¾é‡Œ0çš„ä¸ªæ•°:  2150
æ€»æ•°:  4300
æ­£ç¡®çš„ä¸ªæ•°:  3690
æœ€åä¸€ä¸ªæ‰¹æ¬¡çš„è¾“å‡º, ä¸æ»¡batchsizeæ˜¯æ­£å¸¸çš„:
 tensor([[0.8534],
        [0.8418],
        [0.9994],
        [0.0140],
        [0.9774],
        [0.0306],
        [0.3212],
        [0.3658],
        [0.9320],
        [0.8314],
        [0.0119],
        [0.0518]], device='cuda:0', grad_fn=<SigmoidBackward0>)
Epoch [36/100], T_AUC: [4m0.8624[0m
Epoch [36/100], Loss: 16.5264
val_Accuracy: [92m0.7849[0m
val_Precision: [4;34m0.8195[0m,               val_Recall: [4;33m0.7272[0m,                 val_F1 Score: [4;35m0.7643[0m
æ ‡ç­¾é‡Œ1çš„ä¸ªæ•°:  430
æ ‡ç­¾é‡Œ0çš„ä¸ªæ•°:  430
æ€»æ•°:  860
æ­£ç¡®çš„ä¸ªæ•°:  675
Epoch [36/100], V_AUC: [4m0.7813[0m
Epoch [37/100], Loss: 46.2341
train_Accuracy: [91m0.8588[0m
train_Precision: [4;34m0.8778[0m,               train_Recall: [4;33m0.8384[0m,                 train_F1 Score: [4;35m0.8536[0m
æ ‡ç­¾é‡Œ1çš„ä¸ªæ•°:  2150
æ ‡ç­¾é‡Œ0çš„ä¸ªæ•°:  2150
æ€»æ•°:  4300
æ­£ç¡®çš„ä¸ªæ•°:  3693
æœ€åä¸€ä¸ªæ‰¹æ¬¡çš„è¾“å‡º, ä¸æ»¡batchsizeæ˜¯æ­£å¸¸çš„:
 tensor([[0.8828],
        [0.9263],
        [0.9968],
        [0.1375],
        [0.9866],
        [0.0095],
        [0.3460],
        [0.1637],
        [0.9476],
        [0.8180],
        [0.0187],
        [0.0127]], device='cuda:0', grad_fn=<SigmoidBackward0>)
Epoch [37/100], T_AUC: [4m0.8634[0m
Epoch [37/100], Loss: 17.6216
val_Accuracy: [92m0.7826[0m
val_Precision: [4;34m0.8118[0m,               val_Recall: [4;33m0.7345[0m,                 val_F1 Score: [4;35m0.7643[0m
æ ‡ç­¾é‡Œ1çš„ä¸ªæ•°:  430
æ ‡ç­¾é‡Œ0çš„ä¸ªæ•°:  430
æ€»æ•°:  860
æ­£ç¡®çš„ä¸ªæ•°:  673
Epoch [37/100], V_AUC: [4m0.7785[0m
Epoch [38/100], Loss: 46.3332
train_Accuracy: [91m0.8609[0m
train_Precision: [4;34m0.8803[0m,               train_Recall: [4;33m0.8396[0m,                 train_F1 Score: [4;35m0.8555[0m
æ ‡ç­¾é‡Œ1çš„ä¸ªæ•°:  2150
æ ‡ç­¾é‡Œ0çš„ä¸ªæ•°:  2150
æ€»æ•°:  4300
æ­£ç¡®çš„ä¸ªæ•°:  3702
æœ€åä¸€ä¸ªæ‰¹æ¬¡çš„è¾“å‡º, ä¸æ»¡batchsizeæ˜¯æ­£å¸¸çš„:
 tensor([[0.9292],
        [0.9574],
        [0.9959],
        [0.1438],
        [0.9717],
        [0.0145],
        [0.3213],
        [0.2875],
        [0.9648],
        [0.7779],
        [0.0051],
        [0.0165]], device='cuda:0', grad_fn=<SigmoidBackward0>)
Epoch [38/100], T_AUC: [4m0.8655[0m
Epoch [38/100], Loss: 17.5612
val_Accuracy: [92m0.7721[0m
val_Precision: [4;34m0.7784[0m,               val_Recall: [4;33m0.7476[0m,                 val_F1 Score: [4;35m0.7589[0m
æ ‡ç­¾é‡Œ1çš„ä¸ªæ•°:  430
æ ‡ç­¾é‡Œ0çš„ä¸ªæ•°:  430
æ€»æ•°:  860
æ­£ç¡®çš„ä¸ªæ•°:  664
Epoch [38/100], V_AUC: [4m0.7693[0m
Epoch [39/100], Loss: 45.2109
train_Accuracy: [91m0.8614[0m
train_Precision: [4;34m0.8813[0m,               train_Recall: [4;33m0.8408[0m,                 train_F1 Score: [4;35m0.8562[0m
æ ‡ç­¾é‡Œ1çš„ä¸ªæ•°:  2150
æ ‡ç­¾é‡Œ0çš„ä¸ªæ•°:  2150
æ€»æ•°:  4300
æ­£ç¡®çš„ä¸ªæ•°:  3704
æœ€åä¸€ä¸ªæ‰¹æ¬¡çš„è¾“å‡º, ä¸æ»¡batchsizeæ˜¯æ­£å¸¸çš„:
 tensor([[0.9192],
        [0.9497],
        [0.9979],
        [0.0751],
        [0.9892],
        [0.0037],
        [0.3391],
        [0.1154],
        [0.9294],
        [0.8166],
        [0.0155],
        [0.0524]], device='cuda:0', grad_fn=<SigmoidBackward0>)
Epoch [39/100], T_AUC: [4m0.8663[0m
Epoch [39/100], Loss: 17.0915
val_Accuracy: [92m0.7744[0m
val_Precision: [4;34m0.7878[0m,               val_Recall: [4;33m0.7450[0m,                 val_F1 Score: [4;35m0.7601[0m
æ ‡ç­¾é‡Œ1çš„ä¸ªæ•°:  430
æ ‡ç­¾é‡Œ0çš„ä¸ªæ•°:  430
æ€»æ•°:  860
æ­£ç¡®çš„ä¸ªæ•°:  666
Epoch [39/100], V_AUC: [4m0.7710[0m
Epoch [40/100], Loss: 45.3282
train_Accuracy: [91m0.8595[0m
train_Precision: [4;34m0.8775[0m,               train_Recall: [4;33m0.8405[0m,                 train_F1 Score: [4;35m0.8546[0m
æ ‡ç­¾é‡Œ1çš„ä¸ªæ•°:  2150
æ ‡ç­¾é‡Œ0çš„ä¸ªæ•°:  2150
æ€»æ•°:  4300
æ­£ç¡®çš„ä¸ªæ•°:  3696
æœ€åä¸€ä¸ªæ‰¹æ¬¡çš„è¾“å‡º, ä¸æ»¡batchsizeæ˜¯æ­£å¸¸çš„:
 tensor([[0.9531],
        [0.9197],
        [0.9986],
        [0.0740],
        [0.9705],
        [0.0197],
        [0.1700],
        [0.1898],
        [0.9006],
        [0.7168],
        [0.0099],
        [0.0939]], device='cuda:0', grad_fn=<SigmoidBackward0>)
Epoch [40/100], T_AUC: [4m0.8639[0m
Epoch [40/100], Loss: 17.9821
val_Accuracy: [92m0.7628[0m
val_Precision: [4;34m0.7734[0m,               val_Recall: [4;33m0.7407[0m,                 val_F1 Score: [4;35m0.7508[0m
æ ‡ç­¾é‡Œ1çš„ä¸ªæ•°:  430
æ ‡ç­¾é‡Œ0çš„ä¸ªæ•°:  430
æ€»æ•°:  860
æ­£ç¡®çš„ä¸ªæ•°:  656
Epoch [40/100], V_AUC: [4m0.7594[0m
Epoch [41/100], Loss: 45.8083
train_Accuracy: [91m0.8600[0m
train_Precision: [4;34m0.8821[0m,               train_Recall: [4;33m0.8375[0m,                 train_F1 Score: [4;35m0.8550[0m
æ ‡ç­¾é‡Œ1çš„ä¸ªæ•°:  2150
æ ‡ç­¾é‡Œ0çš„ä¸ªæ•°:  2150
æ€»æ•°:  4300
æ­£ç¡®çš„ä¸ªæ•°:  3698
æœ€åä¸€ä¸ªæ‰¹æ¬¡çš„è¾“å‡º, ä¸æ»¡batchsizeæ˜¯æ­£å¸¸çš„:
 tensor([[0.8226],
        [0.8308],
        [0.9990],
        [0.0882],
        [0.9886],
        [0.0774],
        [0.2489],
        [0.2605],
        [0.9513],
        [0.7811],
        [0.0060],
        [0.0167]], device='cuda:0', grad_fn=<SigmoidBackward0>)
Epoch [41/100], T_AUC: [4m0.8648[0m
Epoch [41/100], Loss: 18.0089
val_Accuracy: [92m0.7721[0m
val_Precision: [4;34m0.7803[0m,               val_Recall: [4;33m0.7480[0m,                 val_F1 Score: [4;35m0.7588[0m
æ ‡ç­¾é‡Œ1çš„ä¸ªæ•°:  430
æ ‡ç­¾é‡Œ0çš„ä¸ªæ•°:  430
æ€»æ•°:  860
æ­£ç¡®çš„ä¸ªæ•°:  664
Epoch [41/100], V_AUC: [4m0.7674[0m
Epoch [42/100], Loss: 44.0892
train_Accuracy: [91m0.8628[0m
train_Precision: [4;34m0.8825[0m,               train_Recall: [4;33m0.8438[0m,                 train_F1 Score: [4;35m0.8582[0m
æ ‡ç­¾é‡Œ1çš„ä¸ªæ•°:  2150
æ ‡ç­¾é‡Œ0çš„ä¸ªæ•°:  2150
æ€»æ•°:  4300
æ­£ç¡®çš„ä¸ªæ•°:  3710
æœ€åä¸€ä¸ªæ‰¹æ¬¡çš„è¾“å‡º, ä¸æ»¡batchsizeæ˜¯æ­£å¸¸çš„:
 tensor([[0.8924],
        [0.9186],
        [0.9954],
        [0.0537],
        [0.9922],
        [0.0114],
        [0.2436],
        [0.3978],
        [0.9603],
        [0.8158],
        [0.0128],
        [0.0192]], device='cuda:0', grad_fn=<SigmoidBackward0>)
Epoch [42/100], T_AUC: [4m0.8673[0m
Epoch [42/100], Loss: 19.0100
val_Accuracy: [92m0.7616[0m
val_Precision: [4;34m0.7563[0m,               val_Recall: [4;33m0.7700[0m,                 val_F1 Score: [4;35m0.7581[0m
æ ‡ç­¾é‡Œ1çš„ä¸ªæ•°:  430
æ ‡ç­¾é‡Œ0çš„ä¸ªæ•°:  430
æ€»æ•°:  860
æ­£ç¡®çš„ä¸ªæ•°:  655
Epoch [42/100], V_AUC: [4m0.7614[0m
Epoch [43/100], Loss: 44.1834
train_Accuracy: [91m0.8612[0m
train_Precision: [4;34m0.8822[0m,               train_Recall: [4;33m0.8401[0m,                 train_F1 Score: [4;35m0.8563[0m
æ ‡ç­¾é‡Œ1çš„ä¸ªæ•°:  2150
æ ‡ç­¾é‡Œ0çš„ä¸ªæ•°:  2150
æ€»æ•°:  4300
æ­£ç¡®çš„ä¸ªæ•°:  3703
æœ€åä¸€ä¸ªæ‰¹æ¬¡çš„è¾“å‡º, ä¸æ»¡batchsizeæ˜¯æ­£å¸¸çš„:
 tensor([[0.8240],
        [0.9047],
        [0.9982],
        [0.0749],
        [0.9938],
        [0.0443],
        [0.2471],
        [0.2299],
        [0.9555],
        [0.8456],
        [0.0084],
        [0.0110]], device='cuda:0', grad_fn=<SigmoidBackward0>)
Epoch [43/100], T_AUC: [4m0.8661[0m
Epoch [43/100], Loss: 18.5941
val_Accuracy: [92m0.7616[0m
val_Precision: [4;34m0.7701[0m,               val_Recall: [4;33m0.7460[0m,                 val_F1 Score: [4;35m0.7513[0m
æ ‡ç­¾é‡Œ1çš„ä¸ªæ•°:  430
æ ‡ç­¾é‡Œ0çš„ä¸ªæ•°:  430
æ€»æ•°:  860
æ­£ç¡®çš„ä¸ªæ•°:  655
Epoch [43/100], V_AUC: [4m0.7605[0m
Epoch [44/100], Loss: 44.5556
train_Accuracy: [91m0.8649[0m
train_Precision: [4;34m0.8807[0m,               train_Recall: [4;33m0.8507[0m,                 train_F1 Score: [4;35m0.8611[0m
æ ‡ç­¾é‡Œ1çš„ä¸ªæ•°:  2150
æ ‡ç­¾é‡Œ0çš„ä¸ªæ•°:  2150
æ€»æ•°:  4300
æ­£ç¡®çš„ä¸ªæ•°:  3719
æœ€åä¸€ä¸ªæ‰¹æ¬¡çš„è¾“å‡º, ä¸æ»¡batchsizeæ˜¯æ­£å¸¸çš„:
 tensor([[0.9556],
        [0.8486],
        [0.9970],
        [0.1557],
        [0.9835],
        [0.0484],
        [0.1686],
        [0.3292],
        [0.9892],
        [0.7710],
        [0.0035],
        [0.0080]], device='cuda:0', grad_fn=<SigmoidBackward0>)
Epoch [44/100], T_AUC: [4m0.8702[0m
Epoch [44/100], Loss: 18.0228
val_Accuracy: [92m0.7651[0m
val_Precision: [4;34m0.7698[0m,               val_Recall: [4;33m0.7406[0m,                 val_F1 Score: [4;35m0.7501[0m
æ ‡ç­¾é‡Œ1çš„ä¸ªæ•°:  430
æ ‡ç­¾é‡Œ0çš„ä¸ªæ•°:  430
æ€»æ•°:  860
æ­£ç¡®çš„ä¸ªæ•°:  658
Epoch [44/100], V_AUC: [4m0.7620[0m
Epoch [45/100], Loss: 43.6610
train_Accuracy: [91m0.8698[0m
train_Precision: [4;34m0.8869[0m,               train_Recall: [4;33m0.8529[0m,                 train_F1 Score: [4;35m0.8656[0m
æ ‡ç­¾é‡Œ1çš„ä¸ªæ•°:  2150
æ ‡ç­¾é‡Œ0çš„ä¸ªæ•°:  2150
æ€»æ•°:  4300
æ­£ç¡®çš„ä¸ªæ•°:  3740
æœ€åä¸€ä¸ªæ‰¹æ¬¡çš„è¾“å‡º, ä¸æ»¡batchsizeæ˜¯æ­£å¸¸çš„:
 tensor([[0.9249],
        [0.9387],
        [0.9987],
        [0.0041],
        [0.9955],
        [0.0256],
        [0.2417],
        [0.2928],
        [0.9200],
        [0.8218],
        [0.0091],
        [0.0450]], device='cuda:0', grad_fn=<SigmoidBackward0>)
Epoch [45/100], T_AUC: [4m0.8741[0m
Epoch [45/100], Loss: 19.5531
val_Accuracy: [92m0.7709[0m
val_Precision: [4;34m0.7744[0m,               val_Recall: [4;33m0.7564[0m,                 val_F1 Score: [4;35m0.7613[0m
æ ‡ç­¾é‡Œ1çš„ä¸ªæ•°:  430
æ ‡ç­¾é‡Œ0çš„ä¸ªæ•°:  430
æ€»æ•°:  860
æ­£ç¡®çš„ä¸ªæ•°:  663
Epoch [45/100], V_AUC: [4m0.7680[0m
Epoch [46/100], Loss: 41.9029
train_Accuracy: [91m0.8723[0m
train_Precision: [4;34m0.8888[0m,               train_Recall: [4;33m0.8568[0m,                 train_F1 Score: [4;35m0.8686[0m
æ ‡ç­¾é‡Œ1çš„ä¸ªæ•°:  2150
æ ‡ç­¾é‡Œ0çš„ä¸ªæ•°:  2150
æ€»æ•°:  4300
æ­£ç¡®çš„ä¸ªæ•°:  3751
æœ€åä¸€ä¸ªæ‰¹æ¬¡çš„è¾“å‡º, ä¸æ»¡batchsizeæ˜¯æ­£å¸¸çš„:
 tensor([[0.8994],
        [0.7826],
        [0.9994],
        [0.0762],
        [0.9878],
        [0.0314],
        [0.1622],
        [0.1939],
        [0.9067],
        [0.8454],
        [0.0046],
        [0.1114]], device='cuda:0', grad_fn=<SigmoidBackward0>)
Epoch [46/100], T_AUC: [4m0.8766[0m
Epoch [46/100], Loss: 18.5817
val_Accuracy: [92m0.7593[0m
val_Precision: [4;34m0.7590[0m,               val_Recall: [4;33m0.7546[0m,                 val_F1 Score: [4;35m0.7517[0m
æ ‡ç­¾é‡Œ1çš„ä¸ªæ•°:  430
æ ‡ç­¾é‡Œ0çš„ä¸ªæ•°:  430
æ€»æ•°:  860
æ­£ç¡®çš„ä¸ªæ•°:  653
Epoch [46/100], V_AUC: [4m0.7576[0m
Epoch [47/100], Loss: 41.5517
train_Accuracy: [91m0.8751[0m
train_Precision: [4;34m0.8919[0m,               train_Recall: [4;33m0.8578[0m,                 train_F1 Score: [4;35m0.8706[0m
æ ‡ç­¾é‡Œ1çš„ä¸ªæ•°:  2150
æ ‡ç­¾é‡Œ0çš„ä¸ªæ•°:  2150
æ€»æ•°:  4300
æ­£ç¡®çš„ä¸ªæ•°:  3763
æœ€åä¸€ä¸ªæ‰¹æ¬¡çš„è¾“å‡º, ä¸æ»¡batchsizeæ˜¯æ­£å¸¸çš„:
 tensor([[0.6736],
        [0.9332],
        [0.9987],
        [0.0834],
        [0.9975],
        [0.0198],
        [0.2900],
        [0.4109],
        [0.9889],
        [0.9128],
        [0.0017],
        [0.0025]], device='cuda:0', grad_fn=<SigmoidBackward0>)
Epoch [47/100], T_AUC: [4m0.8795[0m
Epoch [47/100], Loss: 20.3857
val_Accuracy: [92m0.7628[0m
val_Precision: [4;34m0.7679[0m,               val_Recall: [4;33m0.7508[0m,                 val_F1 Score: [4;35m0.7534[0m
æ ‡ç­¾é‡Œ1çš„ä¸ªæ•°:  430
æ ‡ç­¾é‡Œ0çš„ä¸ªæ•°:  430
æ€»æ•°:  860
æ­£ç¡®çš„ä¸ªæ•°:  656
Epoch [47/100], V_AUC: [4m0.7609[0m
Epoch [48/100], Loss: 43.5986
train_Accuracy: [91m0.8640[0m
train_Precision: [4;34m0.8817[0m,               train_Recall: [4;33m0.8473[0m,                 train_F1 Score: [4;35m0.8598[0m
æ ‡ç­¾é‡Œ1çš„ä¸ªæ•°:  2150
æ ‡ç­¾é‡Œ0çš„ä¸ªæ•°:  2150
æ€»æ•°:  4300
æ­£ç¡®çš„ä¸ªæ•°:  3715
æœ€åä¸€ä¸ªæ‰¹æ¬¡çš„è¾“å‡º, ä¸æ»¡batchsizeæ˜¯æ­£å¸¸çš„:
 tensor([[0.9429],
        [0.9871],
        [0.9916],
        [0.2007],
        [0.9895],
        [0.0168],
        [0.3398],
        [0.2383],
        [0.9042],
        [0.9053],
        [0.0020],
        [0.0053]], device='cuda:0', grad_fn=<SigmoidBackward0>)
Epoch [48/100], T_AUC: [4m0.8683[0m
Epoch [48/100], Loss: 18.5342
val_Accuracy: [92m0.7651[0m
val_Precision: [4;34m0.7653[0m,               val_Recall: [4;33m0.7536[0m,                 val_F1 Score: [4;35m0.7550[0m
æ ‡ç­¾é‡Œ1çš„ä¸ªæ•°:  430
æ ‡ç­¾é‡Œ0çš„ä¸ªæ•°:  430
æ€»æ•°:  860
æ­£ç¡®çš„ä¸ªæ•°:  658
Epoch [48/100], V_AUC: [4m0.7621[0m
Epoch [49/100], Loss: 41.2826
train_Accuracy: [91m0.8772[0m
train_Precision: [4;34m0.8924[0m,               train_Recall: [4;33m0.8616[0m,                 train_F1 Score: [4;35m0.8724[0m
æ ‡ç­¾é‡Œ1çš„ä¸ªæ•°:  2150
æ ‡ç­¾é‡Œ0çš„ä¸ªæ•°:  2150
æ€»æ•°:  4300
æ­£ç¡®çš„ä¸ªæ•°:  3772
æœ€åä¸€ä¸ªæ‰¹æ¬¡çš„è¾“å‡º, ä¸æ»¡batchsizeæ˜¯æ­£å¸¸çš„:
 tensor([[9.7633e-01],
        [9.8332e-01],
        [9.9334e-01],
        [1.3287e-01],
        [8.8049e-01],
        [6.5241e-04],
        [1.7207e-01],
        [2.6537e-01],
        [9.5092e-01],
        [9.0766e-01],
        [8.0712e-03],
        [1.3676e-01]], device='cuda:0', grad_fn=<SigmoidBackward0>)
Epoch [49/100], T_AUC: [4m0.8818[0m
Epoch [49/100], Loss: 20.4133
val_Accuracy: [92m0.7721[0m
val_Precision: [4;34m0.7856[0m,               val_Recall: [4;33m0.7453[0m,                 val_F1 Score: [4;35m0.7603[0m
æ ‡ç­¾é‡Œ1çš„ä¸ªæ•°:  430
æ ‡ç­¾é‡Œ0çš„ä¸ªæ•°:  430
æ€»æ•°:  860
æ­£ç¡®çš„ä¸ªæ•°:  664
Epoch [49/100], V_AUC: [4m0.7696[0m
Epoch [50/100], Loss: 43.6440
train_Accuracy: [91m0.8628[0m
train_Precision: [4;34m0.8824[0m,               train_Recall: [4;33m0.8411[0m,                 train_F1 Score: [4;35m0.8570[0m
æ ‡ç­¾é‡Œ1çš„ä¸ªæ•°:  2150
æ ‡ç­¾é‡Œ0çš„ä¸ªæ•°:  2150
æ€»æ•°:  4300
æ­£ç¡®çš„ä¸ªæ•°:  3710
æœ€åä¸€ä¸ªæ‰¹æ¬¡çš„è¾“å‡º, ä¸æ»¡batchsizeæ˜¯æ­£å¸¸çš„:
 tensor([[0.6062],
        [0.9834],
        [0.9991],
        [0.1135],
        [0.9837],
        [0.0257],
        [0.1450],
        [0.1996],
        [0.9644],
        [0.8655],
        [0.0247],
        [0.0047]], device='cuda:0', grad_fn=<SigmoidBackward0>)
Epoch [50/100], T_AUC: [4m0.8670[0m
Epoch [50/100], Loss: 18.2175
val_Accuracy: [92m0.7744[0m
val_Precision: [4;34m0.7918[0m,               val_Recall: [4;33m0.7395[0m,                 val_F1 Score: [4;35m0.7589[0m
æ ‡ç­¾é‡Œ1çš„ä¸ªæ•°:  430
æ ‡ç­¾é‡Œ0çš„ä¸ªæ•°:  430
æ€»æ•°:  860
æ­£ç¡®çš„ä¸ªæ•°:  666
Epoch [50/100], V_AUC: [4m0.7707[0m
Epoch [51/100], Loss: 40.6135
train_Accuracy: [91m0.8758[0m
train_Precision: [4;34m0.8969[0m,               train_Recall: [4;33m0.8558[0m,                 train_F1 Score: [4;35m0.8714[0m
æ ‡ç­¾é‡Œ1çš„ä¸ªæ•°:  2150
æ ‡ç­¾é‡Œ0çš„ä¸ªæ•°:  2150
æ€»æ•°:  4300
æ­£ç¡®çš„ä¸ªæ•°:  3766
æœ€åä¸€ä¸ªæ‰¹æ¬¡çš„è¾“å‡º, ä¸æ»¡batchsizeæ˜¯æ­£å¸¸çš„:
 tensor([[0.9738],
        [0.9478],
        [0.9973],
        [0.1709],
        [0.9868],
        [0.0629],
        [0.1821],
        [0.3017],
        [0.9342],
        [0.9252],
        [0.0036],
        [0.0015]], device='cuda:0', grad_fn=<SigmoidBackward0>)
Epoch [51/100], T_AUC: [4m0.8805[0m
Epoch [51/100], Loss: 19.6219
val_Accuracy: [92m0.7547[0m
val_Precision: [4;34m0.7524[0m,               val_Recall: [4;33m0.7480[0m,                 val_F1 Score: [4;35m0.7445[0m
æ ‡ç­¾é‡Œ1çš„ä¸ªæ•°:  430
æ ‡ç­¾é‡Œ0çš„ä¸ªæ•°:  430
æ€»æ•°:  860
æ­£ç¡®çš„ä¸ªæ•°:  649
Epoch [51/100], V_AUC: [4m0.7511[0m
Epoch [52/100], Loss: 40.1176
train_Accuracy: [91m0.8770[0m
train_Precision: [4;34m0.8963[0m,               train_Recall: [4;33m0.8580[0m,                 train_F1 Score: [4;35m0.8724[0m
æ ‡ç­¾é‡Œ1çš„ä¸ªæ•°:  2150
æ ‡ç­¾é‡Œ0çš„ä¸ªæ•°:  2150
æ€»æ•°:  4300
æ­£ç¡®çš„ä¸ªæ•°:  3771
æœ€åä¸€ä¸ªæ‰¹æ¬¡çš„è¾“å‡º, ä¸æ»¡batchsizeæ˜¯æ­£å¸¸çš„:
 tensor([[0.8573],
        [0.9841],
        [0.9639],
        [0.2552],
        [0.9323],
        [0.0608],
        [0.2066],
        [0.2850],
        [0.9759],
        [0.9348],
        [0.0115],
        [0.0040]], device='cuda:0', grad_fn=<SigmoidBackward0>)
Epoch [52/100], T_AUC: [4m0.8818[0m
Epoch [52/100], Loss: 20.8199
val_Accuracy: [92m0.7628[0m
val_Precision: [4;34m0.7596[0m,               val_Recall: [4;33m0.7630[0m,                 val_F1 Score: [4;35m0.7561[0m
æ ‡ç­¾é‡Œ1çš„ä¸ªæ•°:  430
æ ‡ç­¾é‡Œ0çš„ä¸ªæ•°:  430
æ€»æ•°:  860
æ­£ç¡®çš„ä¸ªæ•°:  656
Epoch [52/100], V_AUC: [4m0.7601[0m
Epoch [53/100], Loss: 40.3434
train_Accuracy: [91m0.8765[0m
train_Precision: [4;34m0.8957[0m,               train_Recall: [4;33m0.8588[0m,                 train_F1 Score: [4;35m0.8724[0m
æ ‡ç­¾é‡Œ1çš„ä¸ªæ•°:  2150
æ ‡ç­¾é‡Œ0çš„ä¸ªæ•°:  2150
æ€»æ•°:  4300
æ­£ç¡®çš„ä¸ªæ•°:  3769
æœ€åä¸€ä¸ªæ‰¹æ¬¡çš„è¾“å‡º, ä¸æ»¡batchsizeæ˜¯æ­£å¸¸çš„:
 tensor([[7.8185e-01],
        [9.6753e-01],
        [9.9831e-01],
        [6.4585e-02],
        [9.9782e-01],
        [6.5523e-02],
        [2.0078e-01],
        [3.5228e-01],
        [9.8380e-01],
        [9.2333e-01],
        [1.1509e-03],
        [9.0354e-04]], device='cuda:0', grad_fn=<SigmoidBackward0>)
Epoch [53/100], T_AUC: [4m0.8813[0m
Epoch [53/100], Loss: 20.2609
val_Accuracy: [92m0.7581[0m
val_Precision: [4;34m0.7559[0m,               val_Recall: [4;33m0.7591[0m,                 val_F1 Score: [4;35m0.7522[0m
æ ‡ç­¾é‡Œ1çš„ä¸ªæ•°:  430
æ ‡ç­¾é‡Œ0çš„ä¸ªæ•°:  430
æ€»æ•°:  860
æ­£ç¡®çš„ä¸ªæ•°:  652
Epoch [53/100], V_AUC: [4m0.7553[0m
Epoch [54/100], Loss: 38.3859
train_Accuracy: [91m0.8840[0m
train_Precision: [4;34m0.9004[0m,               train_Recall: [4;33m0.8684[0m,                 train_F1 Score: [4;35m0.8798[0m
æ ‡ç­¾é‡Œ1çš„ä¸ªæ•°:  2150
æ ‡ç­¾é‡Œ0çš„ä¸ªæ•°:  2150
æ€»æ•°:  4300
æ­£ç¡®çš„ä¸ªæ•°:  3801
æœ€åä¸€ä¸ªæ‰¹æ¬¡çš„è¾“å‡º, ä¸æ»¡batchsizeæ˜¯æ­£å¸¸çš„:
 tensor([[9.7201e-01],
        [9.8898e-01],
        [9.9298e-01],
        [5.8203e-02],
        [9.9408e-01],
        [2.1573e-02],
        [2.9567e-01],
        [3.4796e-01],
        [9.7459e-01],
        [9.2875e-01],
        [6.0658e-04],
        [2.0948e-03]], device='cuda:0', grad_fn=<SigmoidBackward0>)
Epoch [54/100], T_AUC: [4m0.8886[0m
Epoch [54/100], Loss: 23.3908
val_Accuracy: [92m0.7663[0m
val_Precision: [4;34m0.7614[0m,               val_Recall: [4;33m0.7757[0m,                 val_F1 Score: [4;35m0.7637[0m
æ ‡ç­¾é‡Œ1çš„ä¸ªæ•°:  430
æ ‡ç­¾é‡Œ0çš„ä¸ªæ•°:  430
æ€»æ•°:  860
æ­£ç¡®çš„ä¸ªæ•°:  659
Epoch [54/100], V_AUC: [4m0.7639[0m
Epoch [55/100], Loss: 39.6791
train_Accuracy: [91m0.8795[0m
train_Precision: [4;34m0.8993[0m,               train_Recall: [4;33m0.8594[0m,                 train_F1 Score: [4;35m0.8745[0m
æ ‡ç­¾é‡Œ1çš„ä¸ªæ•°:  2150
æ ‡ç­¾é‡Œ0çš„ä¸ªæ•°:  2150
æ€»æ•°:  4300
æ­£ç¡®çš„ä¸ªæ•°:  3782
æœ€åä¸€ä¸ªæ‰¹æ¬¡çš„è¾“å‡º, ä¸æ»¡batchsizeæ˜¯æ­£å¸¸çš„:
 tensor([[7.2501e-01],
        [9.4403e-01],
        [9.9977e-01],
        [8.5708e-02],
        [9.9863e-01],
        [5.9188e-02],
        [1.6258e-01],
        [2.4853e-01],
        [9.2999e-01],
        [9.1207e-01],
        [8.2996e-04],
        [3.9648e-03]], device='cuda:0', grad_fn=<SigmoidBackward0>)
Epoch [55/100], T_AUC: [4m0.8837[0m
Epoch [55/100], Loss: 21.4945
val_Accuracy: [92m0.7512[0m
val_Precision: [4;34m0.7530[0m,               val_Recall: [4;33m0.7443[0m,                 val_F1 Score: [4;35m0.7426[0m
æ ‡ç­¾é‡Œ1çš„ä¸ªæ•°:  430
æ ‡ç­¾é‡Œ0çš„ä¸ªæ•°:  430
æ€»æ•°:  860
æ­£ç¡®çš„ä¸ªæ•°:  646
Epoch [55/100], V_AUC: [4m0.7491[0m
Epoch [56/100], Loss: 38.5223
train_Accuracy: [91m0.8851[0m
train_Precision: [4;34m0.9039[0m,               train_Recall: [4;33m0.8666[0m,                 train_F1 Score: [4;35m0.8810[0m
æ ‡ç­¾é‡Œ1çš„ä¸ªæ•°:  2150
æ ‡ç­¾é‡Œ0çš„ä¸ªæ•°:  2150
æ€»æ•°:  4300
æ­£ç¡®çš„ä¸ªæ•°:  3806
æœ€åä¸€ä¸ªæ‰¹æ¬¡çš„è¾“å‡º, ä¸æ»¡batchsizeæ˜¯æ­£å¸¸çš„:
 tensor([[0.9869],
        [0.9463],
        [0.9901],
        [0.0812],
        [0.9982],
        [0.0075],
        [0.2030],
        [0.3446],
        [0.9875],
        [0.9362],
        [0.0011],
        [0.0018]], device='cuda:0', grad_fn=<SigmoidBackward0>)
Epoch [56/100], T_AUC: [4m0.8893[0m
Epoch [56/100], Loss: 21.8737
val_Accuracy: [92m0.7477[0m
val_Precision: [4;34m0.7470[0m,               val_Recall: [4;33m0.7417[0m,                 val_F1 Score: [4;35m0.7398[0m
æ ‡ç­¾é‡Œ1çš„ä¸ªæ•°:  430
æ ‡ç­¾é‡Œ0çš„ä¸ªæ•°:  430
æ€»æ•°:  860
æ­£ç¡®çš„ä¸ªæ•°:  643
Epoch [56/100], V_AUC: [4m0.7452[0m
Epoch [57/100], Loss: 38.3727
train_Accuracy: [91m0.8865[0m
train_Precision: [4;34m0.9062[0m,               train_Recall: [4;33m0.8674[0m,                 train_F1 Score: [4;35m0.8825[0m
æ ‡ç­¾é‡Œ1çš„ä¸ªæ•°:  2150
æ ‡ç­¾é‡Œ0çš„ä¸ªæ•°:  2150
æ€»æ•°:  4300
æ­£ç¡®çš„ä¸ªæ•°:  3812
æœ€åä¸€ä¸ªæ‰¹æ¬¡çš„è¾“å‡º, ä¸æ»¡batchsizeæ˜¯æ­£å¸¸çš„:
 tensor([[9.7063e-01],
        [9.6258e-01],
        [9.9592e-01],
        [6.6622e-02],
        [9.9674e-01],
        [5.0969e-02],
        [1.4798e-01],
        [4.2932e-01],
        [9.7057e-01],
        [9.3705e-01],
        [6.1683e-04],
        [1.7769e-03]], device='cuda:0', grad_fn=<SigmoidBackward0>)
Epoch [57/100], T_AUC: [4m0.8904[0m
Epoch [57/100], Loss: 22.3052
val_Accuracy: [92m0.7523[0m
val_Precision: [4;34m0.7685[0m,               val_Recall: [4;33m0.7131[0m,                 val_F1 Score: [4;35m0.7341[0m
æ ‡ç­¾é‡Œ1çš„ä¸ªæ•°:  430
æ ‡ç­¾é‡Œ0çš„ä¸ªæ•°:  430
æ€»æ•°:  860
æ­£ç¡®çš„ä¸ªæ•°:  647
Epoch [57/100], V_AUC: [4m0.7493[0m
Epoch [58/100], Loss: 43.5825
train_Accuracy: [91m0.8637[0m
train_Precision: [4;34m0.8826[0m,               train_Recall: [4;33m0.8441[0m,                 train_F1 Score: [4;35m0.8592[0m
æ ‡ç­¾é‡Œ1çš„ä¸ªæ•°:  2150
æ ‡ç­¾é‡Œ0çš„ä¸ªæ•°:  2150
æ€»æ•°:  4300
æ­£ç¡®çš„ä¸ªæ•°:  3714
æœ€åä¸€ä¸ªæ‰¹æ¬¡çš„è¾“å‡º, ä¸æ»¡batchsizeæ˜¯æ­£å¸¸çš„:
 tensor([[9.1478e-01],
        [9.4289e-01],
        [9.9920e-01],
        [1.3195e-01],
        [9.7215e-01],
        [8.9933e-02],
        [2.5724e-01],
        [2.9073e-01],
        [9.5998e-01],
        [9.2496e-01],
        [3.1053e-04],
        [3.7032e-03]], device='cuda:0', grad_fn=<SigmoidBackward0>)
Epoch [58/100], T_AUC: [4m0.8674[0m
Epoch [58/100], Loss: 18.6842
val_Accuracy: [92m0.7686[0m
val_Precision: [4;34m0.7819[0m,               val_Recall: [4;33m0.7384[0m,                 val_F1 Score: [4;35m0.7548[0m
æ ‡ç­¾é‡Œ1çš„ä¸ªæ•°:  430
æ ‡ç­¾é‡Œ0çš„ä¸ªæ•°:  430
æ€»æ•°:  860
æ­£ç¡®çš„ä¸ªæ•°:  661
Epoch [58/100], V_AUC: [4m0.7661[0m
Epoch [59/100], Loss: 41.1726
train_Accuracy: [91m0.8779[0m
train_Precision: [4;34m0.8931[0m,               train_Recall: [4;33m0.8617[0m,                 train_F1 Score: [4;35m0.8736[0m
æ ‡ç­¾é‡Œ1çš„ä¸ªæ•°:  2150
æ ‡ç­¾é‡Œ0çš„ä¸ªæ•°:  2150
æ€»æ•°:  4300
æ­£ç¡®çš„ä¸ªæ•°:  3775
æœ€åä¸€ä¸ªæ‰¹æ¬¡çš„è¾“å‡º, ä¸æ»¡batchsizeæ˜¯æ­£å¸¸çš„:
 tensor([[0.9226],
        [0.9301],
        [0.9991],
        [0.0614],
        [0.9941],
        [0.0683],
        [0.1926],
        [0.3214],
        [0.9560],
        [0.9258],
        [0.0015],
        [0.0016]], device='cuda:0', grad_fn=<SigmoidBackward0>)
Epoch [59/100], T_AUC: [4m0.8818[0m
Epoch [59/100], Loss: 19.6645
val_Accuracy: [92m0.7779[0m
val_Precision: [4;34m0.7972[0m,               val_Recall: [4;33m0.7417[0m,                 val_F1 Score: [4;35m0.7633[0m
æ ‡ç­¾é‡Œ1çš„ä¸ªæ•°:  430
æ ‡ç­¾é‡Œ0çš„ä¸ªæ•°:  430
æ€»æ•°:  860
æ­£ç¡®çš„ä¸ªæ•°:  669
Epoch [59/100], V_AUC: [4m0.7740[0m
Epoch [60/100], Loss: 38.8479
train_Accuracy: [91m0.8807[0m
train_Precision: [4;34m0.8960[0m,               train_Recall: [4;33m0.8649[0m,                 train_F1 Score: [4;35m0.8762[0m
æ ‡ç­¾é‡Œ1çš„ä¸ªæ•°:  2150
æ ‡ç­¾é‡Œ0çš„ä¸ªæ•°:  2150
æ€»æ•°:  4300
æ­£ç¡®çš„ä¸ªæ•°:  3787
æœ€åä¸€ä¸ªæ‰¹æ¬¡çš„è¾“å‡º, ä¸æ»¡batchsizeæ˜¯æ­£å¸¸çš„:
 tensor([[0.9265],
        [0.9353],
        [0.9996],
        [0.0458],
        [0.9772],
        [0.0559],
        [0.2383],
        [0.3761],
        [0.9697],
        [0.9080],
        [0.0014],
        [0.0012]], device='cuda:0', grad_fn=<SigmoidBackward0>)
Epoch [60/100], T_AUC: [4m0.8852[0m
Epoch [60/100], Loss: 19.5244
val_Accuracy: [92m0.7733[0m
val_Precision: [4;34m0.7696[0m,               val_Recall: [4;33m0.7728[0m,                 val_F1 Score: [4;35m0.7676[0m
æ ‡ç­¾é‡Œ1çš„ä¸ªæ•°:  430
æ ‡ç­¾é‡Œ0çš„ä¸ªæ•°:  430
æ€»æ•°:  860
æ­£ç¡®çš„ä¸ªæ•°:  665
Epoch [60/100], V_AUC: [4m0.7701[0m
Epoch [61/100], Loss: 37.6320
train_Accuracy: [91m0.8842[0m
train_Precision: [4;34m0.8985[0m,               train_Recall: [4;33m0.8692[0m,                 train_F1 Score: [4;35m0.8798[0m
æ ‡ç­¾é‡Œ1çš„ä¸ªæ•°:  2150
æ ‡ç­¾é‡Œ0çš„ä¸ªæ•°:  2150
æ€»æ•°:  4300
æ­£ç¡®çš„ä¸ªæ•°:  3802
æœ€åä¸€ä¸ªæ‰¹æ¬¡çš„è¾“å‡º, ä¸æ»¡batchsizeæ˜¯æ­£å¸¸çš„:
 tensor([[9.4708e-01],
        [9.7924e-01],
        [9.9378e-01],
        [2.3532e-02],
        [9.9596e-01],
        [5.9284e-02],
        [1.9676e-01],
        [3.6596e-01],
        [9.9230e-01],
        [9.4914e-01],
        [1.0772e-04],
        [4.8190e-03]], device='cuda:0', grad_fn=<SigmoidBackward0>)
Epoch [61/100], T_AUC: [4m0.8882[0m
Epoch [61/100], Loss: 20.6498
val_Accuracy: [92m0.7581[0m
val_Precision: [4;34m0.7836[0m,               val_Recall: [4;33m0.7151[0m,                 val_F1 Score: [4;35m0.7419[0m
æ ‡ç­¾é‡Œ1çš„ä¸ªæ•°:  430
æ ‡ç­¾é‡Œ0çš„ä¸ªæ•°:  430
æ€»æ•°:  860
æ­£ç¡®çš„ä¸ªæ•°:  652
Epoch [61/100], V_AUC: [4m0.7582[0m
Epoch [62/100], Loss: 36.3429
train_Accuracy: [91m0.8891[0m
train_Precision: [4;34m0.9038[0m,               train_Recall: [4;33m0.8749[0m,                 train_F1 Score: [4;35m0.8850[0m
æ ‡ç­¾é‡Œ1çš„ä¸ªæ•°:  2150
æ ‡ç­¾é‡Œ0çš„ä¸ªæ•°:  2150
æ€»æ•°:  4300
æ­£ç¡®çš„ä¸ªæ•°:  3823
æœ€åä¸€ä¸ªæ‰¹æ¬¡çš„è¾“å‡º, ä¸æ»¡batchsizeæ˜¯æ­£å¸¸çš„:
 tensor([[9.5526e-01],
        [9.9325e-01],
        [9.9793e-01],
        [1.6719e-02],
        [9.9854e-01],
        [3.1032e-02],
        [1.4385e-01],
        [2.8303e-01],
        [9.6465e-01],
        [9.1498e-01],
        [1.8350e-04],
        [2.0326e-03]], device='cuda:0', grad_fn=<SigmoidBackward0>)
Epoch [62/100], T_AUC: [4m0.8936[0m
Epoch [62/100], Loss: 21.9209
val_Accuracy: [92m0.7744[0m
val_Precision: [4;34m0.7742[0m,               val_Recall: [4;33m0.7726[0m,                 val_F1 Score: [4;35m0.7693[0m
æ ‡ç­¾é‡Œ1çš„ä¸ªæ•°:  430
æ ‡ç­¾é‡Œ0çš„ä¸ªæ•°:  430
æ€»æ•°:  860
æ­£ç¡®çš„ä¸ªæ•°:  666
Epoch [62/100], V_AUC: [4m0.7731[0m
Epoch [63/100], Loss: 34.9992
train_Accuracy: [91m0.8916[0m
train_Precision: [4;34m0.9060[0m,               train_Recall: [4;33m0.8786[0m,                 train_F1 Score: [4;35m0.8882[0m
æ ‡ç­¾é‡Œ1çš„ä¸ªæ•°:  2150
æ ‡ç­¾é‡Œ0çš„ä¸ªæ•°:  2150
æ€»æ•°:  4300
æ­£ç¡®çš„ä¸ªæ•°:  3834
æœ€åä¸€ä¸ªæ‰¹æ¬¡çš„è¾“å‡º, ä¸æ»¡batchsizeæ˜¯æ­£å¸¸çš„:
 tensor([[9.6383e-01],
        [9.8915e-01],
        [9.9993e-01],
        [6.1508e-02],
        [9.9745e-01],
        [3.4929e-02],
        [1.9271e-01],
        [4.8060e-01],
        [9.2380e-01],
        [9.5916e-01],
        [1.3968e-05],
        [2.7899e-04]], device='cuda:0', grad_fn=<SigmoidBackward0>)
Epoch [63/100], T_AUC: [4m0.8956[0m
Epoch [63/100], Loss: 22.6705
val_Accuracy: [92m0.7535[0m
val_Precision: [4;34m0.7794[0m,               val_Recall: [4;33m0.7053[0m,                 val_F1 Score: [4;35m0.7353[0m
æ ‡ç­¾é‡Œ1çš„ä¸ªæ•°:  430
æ ‡ç­¾é‡Œ0çš„ä¸ªæ•°:  430
æ€»æ•°:  860
æ­£ç¡®çš„ä¸ªæ•°:  648
Epoch [63/100], V_AUC: [4m0.7522[0m
Epoch [64/100], Loss: 35.5697
train_Accuracy: [91m0.8870[0m
train_Precision: [4;34m0.9020[0m,               train_Recall: [4;33m0.8727[0m,                 train_F1 Score: [4;35m0.8830[0m
æ ‡ç­¾é‡Œ1çš„ä¸ªæ•°:  2150
æ ‡ç­¾é‡Œ0çš„ä¸ªæ•°:  2150
æ€»æ•°:  4300
æ­£ç¡®çš„ä¸ªæ•°:  3814
æœ€åä¸€ä¸ªæ‰¹æ¬¡çš„è¾“å‡º, ä¸æ»¡batchsizeæ˜¯æ­£å¸¸çš„:
 tensor([[9.9173e-01],
        [9.8170e-01],
        [9.9792e-01],
        [1.5742e-02],
        [9.9907e-01],
        [5.9008e-02],
        [2.6184e-01],
        [4.5573e-01],
        [9.8135e-01],
        [9.2502e-01],
        [1.2843e-05],
        [9.6937e-04]], device='cuda:0', grad_fn=<SigmoidBackward0>)
Epoch [64/100], T_AUC: [4m0.8908[0m
Epoch [64/100], Loss: 23.7512
val_Accuracy: [92m0.7616[0m
val_Precision: [4;34m0.7673[0m,               val_Recall: [4;33m0.7472[0m,                 val_F1 Score: [4;35m0.7526[0m
æ ‡ç­¾é‡Œ1çš„ä¸ªæ•°:  430
æ ‡ç­¾é‡Œ0çš„ä¸ªæ•°:  430
æ€»æ•°:  860
æ­£ç¡®çš„ä¸ªæ•°:  655
Epoch [64/100], V_AUC: [4m0.7616[0m
Epoch [65/100], Loss: 34.8208
train_Accuracy: [91m0.8888[0m
train_Precision: [4;34m0.9065[0m,               train_Recall: [4;33m0.8704[0m,                 train_F1 Score: [4;35m0.8845[0m
æ ‡ç­¾é‡Œ1çš„ä¸ªæ•°:  2150
æ ‡ç­¾é‡Œ0çš„ä¸ªæ•°:  2150
æ€»æ•°:  4300
æ­£ç¡®çš„ä¸ªæ•°:  3822
æœ€åä¸€ä¸ªæ‰¹æ¬¡çš„è¾“å‡º, ä¸æ»¡batchsizeæ˜¯æ­£å¸¸çš„:
 tensor([[9.8858e-01],
        [8.7103e-01],
        [9.9965e-01],
        [8.7329e-03],
        [9.2361e-01],
        [2.4979e-02],
        [2.0938e-01],
        [2.4205e-01],
        [9.9787e-01],
        [9.6718e-01],
        [9.0048e-06],
        [1.2648e-01]], device='cuda:0', grad_fn=<SigmoidBackward0>)
Epoch [65/100], T_AUC: [4m0.8920[0m
Epoch [65/100], Loss: 23.4635
val_Accuracy: [92m0.7570[0m
val_Precision: [4;34m0.7682[0m,               val_Recall: [4;33m0.7384[0m,                 val_F1 Score: [4;35m0.7468[0m
æ ‡ç­¾é‡Œ1çš„ä¸ªæ•°:  430
æ ‡ç­¾é‡Œ0çš„ä¸ªæ•°:  430
æ€»æ•°:  860
æ­£ç¡®çš„ä¸ªæ•°:  651
Epoch [65/100], V_AUC: [4m0.7575[0m
Epoch [66/100], Loss: 37.8972
train_Accuracy: [91m0.8828[0m
train_Precision: [4;34m0.8974[0m,               train_Recall: [4;33m0.8681[0m,                 train_F1 Score: [4;35m0.8784[0m
æ ‡ç­¾é‡Œ1çš„ä¸ªæ•°:  2150
æ ‡ç­¾é‡Œ0çš„ä¸ªæ•°:  2150
æ€»æ•°:  4300
æ­£ç¡®çš„ä¸ªæ•°:  3796
æœ€åä¸€ä¸ªæ‰¹æ¬¡çš„è¾“å‡º, ä¸æ»¡batchsizeæ˜¯æ­£å¸¸çš„:
 tensor([[9.6867e-01],
        [9.7119e-01],
        [9.9070e-01],
        [1.5716e-02],
        [9.9912e-01],
        [6.7710e-02],
        [1.5501e-01],
        [5.5893e-01],
        [9.9599e-01],
        [9.7026e-01],
        [3.1934e-05],
        [1.2097e-03]], device='cuda:0', grad_fn=<SigmoidBackward0>)
Epoch [66/100], T_AUC: [4m0.8861[0m
Epoch [66/100], Loss: 23.0348
val_Accuracy: [92m0.7663[0m
val_Precision: [4;34m0.7693[0m,               val_Recall: [4;33m0.7543[0m,                 val_F1 Score: [4;35m0.7582[0m
æ ‡ç­¾é‡Œ1çš„ä¸ªæ•°:  430
æ ‡ç­¾é‡Œ0çš„ä¸ªæ•°:  430
æ€»æ•°:  860
æ­£ç¡®çš„ä¸ªæ•°:  659
Epoch [66/100], V_AUC: [4m0.7648[0m
Epoch [67/100], Loss: 35.1994
train_Accuracy: [91m0.8865[0m
train_Precision: [4;34m0.9015[0m,               train_Recall: [4;33m0.8722[0m,                 train_F1 Score: [4;35m0.8826[0m
æ ‡ç­¾é‡Œ1çš„ä¸ªæ•°:  2150
æ ‡ç­¾é‡Œ0çš„ä¸ªæ•°:  2150
æ€»æ•°:  4300
æ­£ç¡®çš„ä¸ªæ•°:  3812
æœ€åä¸€ä¸ªæ‰¹æ¬¡çš„è¾“å‡º, ä¸æ»¡batchsizeæ˜¯æ­£å¸¸çš„:
 tensor([[9.8673e-01],
        [8.8290e-01],
        [9.9583e-01],
        [2.8703e-03],
        [9.9792e-01],
        [3.5187e-02],
        [1.1776e-01],
        [5.4769e-01],
        [9.8350e-01],
        [9.5744e-01],
        [5.4810e-04],
        [2.4371e-03]], device='cuda:0', grad_fn=<SigmoidBackward0>)
Epoch [67/100], T_AUC: [4m0.8897[0m
Epoch [67/100], Loss: 21.9532
val_Accuracy: [92m0.7500[0m
val_Precision: [4;34m0.7771[0m,               val_Recall: [4;33m0.7037[0m,                 val_F1 Score: [4;35m0.7328[0m
æ ‡ç­¾é‡Œ1çš„ä¸ªæ•°:  430
æ ‡ç­¾é‡Œ0çš„ä¸ªæ•°:  430
æ€»æ•°:  860
æ­£ç¡®çš„ä¸ªæ•°:  645
Epoch [67/100], V_AUC: [4m0.7499[0m
Epoch [68/100], Loss: 34.2734
train_Accuracy: [91m0.8907[0m
train_Precision: [4;34m0.9069[0m,               train_Recall: [4;33m0.8754[0m,                 train_F1 Score: [4;35m0.8872[0m
æ ‡ç­¾é‡Œ1çš„ä¸ªæ•°:  2150
æ ‡ç­¾é‡Œ0çš„ä¸ªæ•°:  2150
æ€»æ•°:  4300
æ­£ç¡®çš„ä¸ªæ•°:  3830
æœ€åä¸€ä¸ªæ‰¹æ¬¡çš„è¾“å‡º, ä¸æ»¡batchsizeæ˜¯æ­£å¸¸çš„:
 tensor([[9.6725e-01],
        [9.9660e-01],
        [9.9949e-01],
        [1.0243e-02],
        [9.9909e-01],
        [5.2640e-02],
        [1.8373e-01],
        [4.3574e-01],
        [9.8786e-01],
        [9.5123e-01],
        [6.4394e-06],
        [2.7844e-04]], device='cuda:0', grad_fn=<SigmoidBackward0>)
Epoch [68/100], T_AUC: [4m0.8948[0m
Epoch [68/100], Loss: 24.7095
val_Accuracy: [92m0.7523[0m
val_Precision: [4;34m0.7691[0m,               val_Recall: [4;33m0.7238[0m,                 val_F1 Score: [4;35m0.7397[0m
æ ‡ç­¾é‡Œ1çš„ä¸ªæ•°:  430
æ ‡ç­¾é‡Œ0çš„ä¸ªæ•°:  430
æ€»æ•°:  860
æ­£ç¡®çš„ä¸ªæ•°:  647
Epoch [68/100], V_AUC: [4m0.7510[0m
Epoch [69/100], Loss: 32.8197
train_Accuracy: [91m0.8993[0m
train_Precision: [4;34m0.9152[0m,               train_Recall: [4;33m0.8827[0m,                 train_F1 Score: [4;35m0.8955[0m
æ ‡ç­¾é‡Œ1çš„ä¸ªæ•°:  2150
æ ‡ç­¾é‡Œ0çš„ä¸ªæ•°:  2150
æ€»æ•°:  4300
æ­£ç¡®çš„ä¸ªæ•°:  3867
æœ€åä¸€ä¸ªæ‰¹æ¬¡çš„è¾“å‡º, ä¸æ»¡batchsizeæ˜¯æ­£å¸¸çš„:
 tensor([[9.8721e-01],
        [9.2248e-01],
        [9.9980e-01],
        [1.8662e-02],
        [9.9974e-01],
        [2.2360e-02],
        [1.0770e-01],
        [2.9573e-01],
        [9.9549e-01],
        [9.4639e-01],
        [2.7354e-06],
        [1.1145e-03]], device='cuda:0', grad_fn=<SigmoidBackward0>)
Epoch [69/100], T_AUC: [4m0.9030[0m
Epoch [69/100], Loss: 24.0078
val_Accuracy: [92m0.7605[0m
val_Precision: [4;34m0.7794[0m,               val_Recall: [4;33m0.7275[0m,                 val_F1 Score: [4;35m0.7472[0m
æ ‡ç­¾é‡Œ1çš„ä¸ªæ•°:  430
æ ‡ç­¾é‡Œ0çš„ä¸ªæ•°:  430
æ€»æ•°:  860
æ­£ç¡®çš„ä¸ªæ•°:  654
Epoch [69/100], V_AUC: [4m0.7593[0m
Epoch [70/100], Loss: 31.2891
train_Accuracy: [91m0.9021[0m
train_Precision: [4;34m0.9141[0m,               train_Recall: [4;33m0.8908[0m,                 train_F1 Score: [4;35m0.8991[0m
æ ‡ç­¾é‡Œ1çš„ä¸ªæ•°:  2150
æ ‡ç­¾é‡Œ0çš„ä¸ªæ•°:  2150
æ€»æ•°:  4300
æ­£ç¡®çš„ä¸ªæ•°:  3879
æœ€åä¸€ä¸ªæ‰¹æ¬¡çš„è¾“å‡º, ä¸æ»¡batchsizeæ˜¯æ­£å¸¸çš„:
 tensor([[9.7450e-01],
        [9.9525e-01],
        [9.9998e-01],
        [1.2615e-03],
        [9.9943e-01],
        [3.9750e-03],
        [1.4070e-01],
        [2.7930e-01],
        [9.9324e-01],
        [9.2021e-01],
        [8.7149e-06],
        [1.7597e-03]], device='cuda:0', grad_fn=<SigmoidBackward0>)
Epoch [70/100], T_AUC: [4m0.9058[0m
Epoch [70/100], Loss: 25.4900
val_Accuracy: [92m0.7581[0m
val_Precision: [4;34m0.7728[0m,               val_Recall: [4;33m0.7324[0m,                 val_F1 Score: [4;35m0.7481[0m
æ ‡ç­¾é‡Œ1çš„ä¸ªæ•°:  430
æ ‡ç­¾é‡Œ0çš„ä¸ªæ•°:  430
æ€»æ•°:  860
æ­£ç¡®çš„ä¸ªæ•°:  652
Epoch [70/100], V_AUC: [4m0.7569[0m
Epoch [71/100], Loss: 32.1028
train_Accuracy: [91m0.9053[0m
train_Precision: [4;34m0.9207[0m,               train_Recall: [4;33m0.8915[0m,                 train_F1 Score: [4;35m0.9024[0m
æ ‡ç­¾é‡Œ1çš„ä¸ªæ•°:  2150
æ ‡ç­¾é‡Œ0çš„ä¸ªæ•°:  2150
æ€»æ•°:  4300
æ­£ç¡®çš„ä¸ªæ•°:  3893
æœ€åä¸€ä¸ªæ‰¹æ¬¡çš„è¾“å‡º, ä¸æ»¡batchsizeæ˜¯æ­£å¸¸çš„:
 tensor([[9.9485e-01],
        [9.9872e-01],
        [9.9985e-01],
        [1.1185e-03],
        [9.8801e-01],
        [2.5509e-02],
        [3.1185e-01],
        [2.8857e-01],
        [9.9901e-01],
        [9.1981e-01],
        [1.0024e-06],
        [1.6485e-03]], device='cuda:0', grad_fn=<SigmoidBackward0>)
Epoch [71/100], T_AUC: [4m0.9094[0m
Epoch [71/100], Loss: 27.7135
val_Accuracy: [92m0.7581[0m
val_Precision: [4;34m0.7654[0m,               val_Recall: [4;33m0.7465[0m,                 val_F1 Score: [4;35m0.7504[0m
æ ‡ç­¾é‡Œ1çš„ä¸ªæ•°:  430
æ ‡ç­¾é‡Œ0çš„ä¸ªæ•°:  430
æ€»æ•°:  860
æ­£ç¡®çš„ä¸ªæ•°:  652
Epoch [71/100], V_AUC: [4m0.7567[0m
Epoch [72/100], Loss: 32.9207
train_Accuracy: [91m0.8965[0m
train_Precision: [4;34m0.9094[0m,               train_Recall: [4;33m0.8848[0m,                 train_F1 Score: [4;35m0.8931[0m
æ ‡ç­¾é‡Œ1çš„ä¸ªæ•°:  2150
æ ‡ç­¾é‡Œ0çš„ä¸ªæ•°:  2150
æ€»æ•°:  4300
æ­£ç¡®çš„ä¸ªæ•°:  3855
æœ€åä¸€ä¸ªæ‰¹æ¬¡çš„è¾“å‡º, ä¸æ»¡batchsizeæ˜¯æ­£å¸¸çš„:
 tensor([[9.9792e-01],
        [8.0264e-01],
        [9.8409e-01],
        [1.2013e-02],
        [9.9944e-01],
        [4.5797e-02],
        [1.0597e-01],
        [5.4399e-01],
        [9.9792e-01],
        [9.0864e-01],
        [9.6901e-07],
        [9.2352e-02]], device='cuda:0', grad_fn=<SigmoidBackward0>)
Epoch [72/100], T_AUC: [4m0.8989[0m
Epoch [72/100], Loss: 26.1563
val_Accuracy: [92m0.7570[0m
val_Precision: [4;34m0.7728[0m,               val_Recall: [4;33m0.7273[0m,                 val_F1 Score: [4;35m0.7441[0m
æ ‡ç­¾é‡Œ1çš„ä¸ªæ•°:  430
æ ‡ç­¾é‡Œ0çš„ä¸ªæ•°:  430
æ€»æ•°:  860
æ­£ç¡®çš„ä¸ªæ•°:  651
Epoch [72/100], V_AUC: [4m0.7582[0m
Epoch [73/100], Loss: 33.5237
train_Accuracy: [91m0.8974[0m
train_Precision: [4;34m0.9158[0m,               train_Recall: [4;33m0.8796[0m,                 train_F1 Score: [4;35m0.8939[0m
æ ‡ç­¾é‡Œ1çš„ä¸ªæ•°:  2150
æ ‡ç­¾é‡Œ0çš„ä¸ªæ•°:  2150
æ€»æ•°:  4300
æ­£ç¡®çš„ä¸ªæ•°:  3859
æœ€åä¸€ä¸ªæ‰¹æ¬¡çš„è¾“å‡º, ä¸æ»¡batchsizeæ˜¯æ­£å¸¸çš„:
 tensor([[9.9801e-01],
        [9.8670e-01],
        [9.9708e-01],
        [1.7782e-02],
        [9.9243e-01],
        [6.7365e-02],
        [1.5190e-01],
        [2.7555e-01],
        [9.9984e-01],
        [9.3570e-01],
        [3.4720e-06],
        [3.5744e-04]], device='cuda:0', grad_fn=<SigmoidBackward0>)
Epoch [73/100], T_AUC: [4m0.9012[0m
Epoch [73/100], Loss: 27.9894
val_Accuracy: [92m0.7547[0m
val_Precision: [4;34m0.7574[0m,               val_Recall: [4;33m0.7538[0m,                 val_F1 Score: [4;35m0.7499[0m
æ ‡ç­¾é‡Œ1çš„ä¸ªæ•°:  430
æ ‡ç­¾é‡Œ0çš„ä¸ªæ•°:  430
æ€»æ•°:  860
æ­£ç¡®çš„ä¸ªæ•°:  649
Epoch [73/100], V_AUC: [4m0.7536[0m
Epoch [74/100], Loss: 30.8185
train_Accuracy: [91m0.9049[0m
train_Precision: [4;34m0.9182[0m,               train_Recall: [4;33m0.8939[0m,                 train_F1 Score: [4;35m0.9027[0m
æ ‡ç­¾é‡Œ1çš„ä¸ªæ•°:  2150
æ ‡ç­¾é‡Œ0çš„ä¸ªæ•°:  2150
æ€»æ•°:  4300
æ­£ç¡®çš„ä¸ªæ•°:  3891
æœ€åä¸€ä¸ªæ‰¹æ¬¡çš„è¾“å‡º, ä¸æ»¡batchsizeæ˜¯æ­£å¸¸çš„:
 tensor([[9.9886e-01],
        [9.9970e-01],
        [9.9740e-01],
        [3.7643e-03],
        [9.9597e-01],
        [2.3622e-02],
        [2.5312e-01],
        [2.3264e-01],
        [9.6472e-01],
        [9.4598e-01],
        [1.8079e-06],
        [1.5256e-03]], device='cuda:0', grad_fn=<SigmoidBackward0>)
Epoch [74/100], T_AUC: [4m0.9081[0m
Epoch [74/100], Loss: 31.0548
val_Accuracy: [92m0.7512[0m
val_Precision: [4;34m0.7774[0m,               val_Recall: [4;33m0.7115[0m,                 val_F1 Score: [4;35m0.7367[0m
æ ‡ç­¾é‡Œ1çš„ä¸ªæ•°:  430
æ ‡ç­¾é‡Œ0çš„ä¸ªæ•°:  430
æ€»æ•°:  860
æ­£ç¡®çš„ä¸ªæ•°:  646
Epoch [74/100], V_AUC: [4m0.7497[0m
Epoch [75/100], Loss: 30.2164
train_Accuracy: [91m0.9074[0m
train_Precision: [4;34m0.9227[0m,               train_Recall: [4;33m0.8942[0m,                 train_F1 Score: [4;35m0.9054[0m
æ ‡ç­¾é‡Œ1çš„ä¸ªæ•°:  2150
æ ‡ç­¾é‡Œ0çš„ä¸ªæ•°:  2150
æ€»æ•°:  4300
æ­£ç¡®çš„ä¸ªæ•°:  3902
æœ€åä¸€ä¸ªæ‰¹æ¬¡çš„è¾“å‡º, ä¸æ»¡batchsizeæ˜¯æ­£å¸¸çš„:
 tensor([[9.8962e-01],
        [7.8557e-01],
        [9.9963e-01],
        [3.0035e-04],
        [9.9837e-01],
        [7.6316e-03],
        [6.1384e-02],
        [1.2862e-01],
        [9.9980e-01],
        [9.1676e-01],
        [2.2246e-05],
        [2.3804e-01]], device='cuda:0', grad_fn=<SigmoidBackward0>)
Epoch [75/100], T_AUC: [4m0.9106[0m
Epoch [75/100], Loss: 27.3108
val_Accuracy: [92m0.7279[0m
val_Precision: [4;34m0.7474[0m,               val_Recall: [4;33m0.6876[0m,                 val_F1 Score: [4;35m0.7095[0m
æ ‡ç­¾é‡Œ1çš„ä¸ªæ•°:  430
æ ‡ç­¾é‡Œ0çš„ä¸ªæ•°:  430
æ€»æ•°:  860
æ­£ç¡®çš„ä¸ªæ•°:  626
Epoch [75/100], V_AUC: [4m0.7263[0m
Epoch [76/100], Loss: 28.6641
train_Accuracy: [91m0.9107[0m
train_Precision: [4;34m0.9232[0m,               train_Recall: [4;33m0.8994[0m,                 train_F1 Score: [4;35m0.9080[0m
æ ‡ç­¾é‡Œ1çš„ä¸ªæ•°:  2150
æ ‡ç­¾é‡Œ0çš„ä¸ªæ•°:  2150
æ€»æ•°:  4300
æ­£ç¡®çš„ä¸ªæ•°:  3916
æœ€åä¸€ä¸ªæ‰¹æ¬¡çš„è¾“å‡º, ä¸æ»¡batchsizeæ˜¯æ­£å¸¸çš„:
 tensor([[9.9959e-01],
        [9.9908e-01],
        [9.9993e-01],
        [1.9958e-05],
        [9.9955e-01],
        [5.7797e-03],
        [3.7373e-02],
        [1.8299e-01],
        [9.8829e-01],
        [9.3435e-01],
        [3.1378e-05],
        [1.7219e-03]], device='cuda:0', grad_fn=<SigmoidBackward0>)
Epoch [76/100], T_AUC: [4m0.9145[0m
Epoch [76/100], Loss: 31.5814
val_Accuracy: [92m0.7465[0m
val_Precision: [4;34m0.7927[0m,               val_Recall: [4;33m0.6701[0m,                 val_F1 Score: [4;35m0.7209[0m
æ ‡ç­¾é‡Œ1çš„ä¸ªæ•°:  430
æ ‡ç­¾é‡Œ0çš„ä¸ªæ•°:  430
æ€»æ•°:  860
æ­£ç¡®çš„ä¸ªæ•°:  642
Epoch [76/100], V_AUC: [4m0.7453[0m
Epoch [77/100], Loss: 30.4022
train_Accuracy: [91m0.9053[0m
train_Precision: [4;34m0.9202[0m,               train_Recall: [4;33m0.8915[0m,                 train_F1 Score: [4;35m0.9027[0m
æ ‡ç­¾é‡Œ1çš„ä¸ªæ•°:  2150
æ ‡ç­¾é‡Œ0çš„ä¸ªæ•°:  2150
æ€»æ•°:  4300
æ­£ç¡®çš„ä¸ªæ•°:  3893
æœ€åä¸€ä¸ªæ‰¹æ¬¡çš„è¾“å‡º, ä¸æ»¡batchsizeæ˜¯æ­£å¸¸çš„:
 tensor([[9.9931e-01],
        [9.3256e-01],
        [9.9843e-01],
        [5.0894e-02],
        [9.4456e-01],
        [1.9510e-03],
        [3.2522e-01],
        [3.8089e-01],
        [9.9987e-01],
        [9.9193e-01],
        [4.8398e-06],
        [2.5225e-04]], device='cuda:0', grad_fn=<SigmoidBackward0>)
Epoch [77/100], T_AUC: [4m0.9089[0m
Epoch [77/100], Loss: 29.5830
val_Accuracy: [92m0.7419[0m
val_Precision: [4;34m0.7422[0m,               val_Recall: [4;33m0.7459[0m,                 val_F1 Score: [4;35m0.7386[0m
æ ‡ç­¾é‡Œ1çš„ä¸ªæ•°:  430
æ ‡ç­¾é‡Œ0çš„ä¸ªæ•°:  430
æ€»æ•°:  860
æ­£ç¡®çš„ä¸ªæ•°:  638
Epoch [77/100], V_AUC: [4m0.7409[0m
Epoch [78/100], Loss: 29.5877
train_Accuracy: [91m0.9077[0m
train_Precision: [4;34m0.9201[0m,               train_Recall: [4;33m0.8957[0m,                 train_F1 Score: [4;35m0.9044[0m
æ ‡ç­¾é‡Œ1çš„ä¸ªæ•°:  2150
æ ‡ç­¾é‡Œ0çš„ä¸ªæ•°:  2150
æ€»æ•°:  4300
æ­£ç¡®çš„ä¸ªæ•°:  3903
æœ€åä¸€ä¸ªæ‰¹æ¬¡çš„è¾“å‡º, ä¸æ»¡batchsizeæ˜¯æ­£å¸¸çš„:
 tensor([[9.9973e-01],
        [9.8474e-01],
        [9.9979e-01],
        [7.8487e-04],
        [9.9694e-01],
        [1.7717e-03],
        [1.1831e-01],
        [1.6712e-01],
        [9.8579e-01],
        [9.6578e-01],
        [4.8627e-07],
        [1.3532e-01]], device='cuda:0', grad_fn=<SigmoidBackward0>)
Epoch [78/100], T_AUC: [4m0.9114[0m
Epoch [78/100], Loss: 28.1163
val_Accuracy: [92m0.7233[0m
val_Precision: [4;34m0.7465[0m,               val_Recall: [4;33m0.6804[0m,                 val_F1 Score: [4;35m0.7053[0m
æ ‡ç­¾é‡Œ1çš„ä¸ªæ•°:  430
æ ‡ç­¾é‡Œ0çš„ä¸ªæ•°:  430
æ€»æ•°:  860
æ­£ç¡®çš„ä¸ªæ•°:  622
Epoch [78/100], V_AUC: [4m0.7226[0m
Epoch [79/100], Loss: 28.5049
train_Accuracy: [91m0.9107[0m
train_Precision: [4;34m0.9230[0m,               train_Recall: [4;33m0.9009[0m,                 train_F1 Score: [4;35m0.9089[0m
æ ‡ç­¾é‡Œ1çš„ä¸ªæ•°:  2150
æ ‡ç­¾é‡Œ0çš„ä¸ªæ•°:  2150
æ€»æ•°:  4300
æ­£ç¡®çš„ä¸ªæ•°:  3916
æœ€åä¸€ä¸ªæ‰¹æ¬¡çš„è¾“å‡º, ä¸æ»¡batchsizeæ˜¯æ­£å¸¸çš„:
 tensor([[9.9999e-01],
        [8.9716e-01],
        [9.9997e-01],
        [4.8696e-03],
        [8.1449e-01],
        [1.4265e-03],
        [8.3895e-02],
        [2.3078e-01],
        [9.9603e-01],
        [9.8810e-01],
        [1.5255e-06],
        [2.7943e-03]], device='cuda:0', grad_fn=<SigmoidBackward0>)
Epoch [79/100], T_AUC: [4m0.9138[0m
Epoch [79/100], Loss: 32.7354
val_Accuracy: [92m0.7430[0m
val_Precision: [4;34m0.7465[0m,               val_Recall: [4;33m0.7372[0m,                 val_F1 Score: [4;35m0.7366[0m
æ ‡ç­¾é‡Œ1çš„ä¸ªæ•°:  430
æ ‡ç­¾é‡Œ0çš„ä¸ªæ•°:  430
æ€»æ•°:  860
æ­£ç¡®çš„ä¸ªæ•°:  639
Epoch [79/100], V_AUC: [4m0.7427[0m
Epoch [80/100], Loss: 36.2530
train_Accuracy: [91m0.8893[0m
train_Precision: [4;34m0.9029[0m,               train_Recall: [4;33m0.8778[0m,                 train_F1 Score: [4;35m0.8859[0m
æ ‡ç­¾é‡Œ1çš„ä¸ªæ•°:  2150
æ ‡ç­¾é‡Œ0çš„ä¸ªæ•°:  2150
æ€»æ•°:  4300
æ­£ç¡®çš„ä¸ªæ•°:  3824
æœ€åä¸€ä¸ªæ‰¹æ¬¡çš„è¾“å‡º, ä¸æ»¡batchsizeæ˜¯æ­£å¸¸çš„:
 tensor([[9.9978e-01],
        [9.8934e-01],
        [9.9218e-01],
        [2.6013e-01],
        [9.9841e-01],
        [9.7211e-04],
        [6.5448e-02],
        [1.8441e-01],
        [7.1930e-01],
        [9.8279e-01],
        [1.2940e-04],
        [3.5548e-03]], device='cuda:0', grad_fn=<SigmoidBackward0>)
Epoch [80/100], T_AUC: [4m0.8935[0m
Epoch [80/100], Loss: 30.1349
val_Accuracy: [92m0.7605[0m
val_Precision: [4;34m0.7830[0m,               val_Recall: [4;33m0.7212[0m,                 val_F1 Score: [4;35m0.7453[0m
æ ‡ç­¾é‡Œ1çš„ä¸ªæ•°:  430
æ ‡ç­¾é‡Œ0çš„ä¸ªæ•°:  430
æ€»æ•°:  860
æ­£ç¡®çš„ä¸ªæ•°:  654
Epoch [80/100], V_AUC: [4m0.7580[0m
Epoch [81/100], Loss: 28.8996
train_Accuracy: [91m0.9144[0m
train_Precision: [4;34m0.9308[0m,               train_Recall: [4;33m0.8984[0m,                 train_F1 Score: [4;35m0.9118[0m
æ ‡ç­¾é‡Œ1çš„ä¸ªæ•°:  2150
æ ‡ç­¾é‡Œ0çš„ä¸ªæ•°:  2150
æ€»æ•°:  4300
æ­£ç¡®çš„ä¸ªæ•°:  3932
æœ€åä¸€ä¸ªæ‰¹æ¬¡çš„è¾“å‡º, ä¸æ»¡batchsizeæ˜¯æ­£å¸¸çš„:
 tensor([[9.9917e-01],
        [9.9698e-01],
        [9.9379e-01],
        [5.4125e-03],
        [9.9892e-01],
        [6.6262e-04],
        [3.4234e-02],
        [1.0720e-01],
        [9.1073e-01],
        [9.8949e-01],
        [6.0084e-05],
        [2.1425e-01]], device='cuda:0', grad_fn=<SigmoidBackward0>)
Epoch [81/100], T_AUC: [4m0.9170[0m
Epoch [81/100], Loss: 27.4643
val_Accuracy: [92m0.7407[0m
val_Precision: [4;34m0.7774[0m,               val_Recall: [4;33m0.6751[0m,                 val_F1 Score: [4;35m0.7170[0m
æ ‡ç­¾é‡Œ1çš„ä¸ªæ•°:  430
æ ‡ç­¾é‡Œ0çš„ä¸ªæ•°:  430
æ€»æ•°:  860
æ­£ç¡®çš„ä¸ªæ•°:  637
Epoch [81/100], V_AUC: [4m0.7381[0m
Epoch [82/100], Loss: 27.4662
train_Accuracy: [91m0.9160[0m
train_Precision: [4;34m0.9274[0m,               train_Recall: [4;33m0.9056[0m,                 train_F1 Score: [4;35m0.9133[0m
æ ‡ç­¾é‡Œ1çš„ä¸ªæ•°:  2150
æ ‡ç­¾é‡Œ0çš„ä¸ªæ•°:  2150
æ€»æ•°:  4300
æ­£ç¡®çš„ä¸ªæ•°:  3939
æœ€åä¸€ä¸ªæ‰¹æ¬¡çš„è¾“å‡º, ä¸æ»¡batchsizeæ˜¯æ­£å¸¸çš„:
 tensor([[9.9978e-01],
        [9.9971e-01],
        [9.9725e-01],
        [8.5052e-03],
        [9.9760e-01],
        [4.6527e-04],
        [5.5503e-02],
        [8.3596e-02],
        [9.7680e-01],
        [9.9083e-01],
        [1.2503e-05],
        [6.3075e-03]], device='cuda:0', grad_fn=<SigmoidBackward0>)
Epoch [82/100], T_AUC: [4m0.9196[0m
Epoch [82/100], Loss: 29.7735
val_Accuracy: [92m0.7547[0m
val_Precision: [4;34m0.7935[0m,               val_Recall: [4;33m0.6938[0m,                 val_F1 Score: [4;35m0.7331[0m
æ ‡ç­¾é‡Œ1çš„ä¸ªæ•°:  430
æ ‡ç­¾é‡Œ0çš„ä¸ªæ•°:  430
æ€»æ•°:  860
æ­£ç¡®çš„ä¸ªæ•°:  649
Epoch [82/100], V_AUC: [4m0.7520[0m
Epoch [83/100], Loss: 26.2916
train_Accuracy: [91m0.9179[0m
train_Precision: [4;34m0.9324[0m,               train_Recall: [4;33m0.9059[0m,                 train_F1 Score: [4;35m0.9160[0m
æ ‡ç­¾é‡Œ1çš„ä¸ªæ•°:  2150
æ ‡ç­¾é‡Œ0çš„ä¸ªæ•°:  2150
æ€»æ•°:  4300
æ­£ç¡®çš„ä¸ªæ•°:  3947
æœ€åä¸€ä¸ªæ‰¹æ¬¡çš„è¾“å‡º, ä¸æ»¡batchsizeæ˜¯æ­£å¸¸çš„:
 tensor([[9.9969e-01],
        [9.7699e-01],
        [9.9970e-01],
        [1.0965e-03],
        [9.8839e-01],
        [2.3870e-03],
        [4.8365e-01],
        [1.7007e-01],
        [9.9853e-01],
        [9.7523e-01],
        [1.1455e-05],
        [3.5328e-03]], device='cuda:0', grad_fn=<SigmoidBackward0>)
Epoch [83/100], T_AUC: [4m0.9210[0m
Epoch [83/100], Loss: 30.3781
val_Accuracy: [92m0.7372[0m
val_Precision: [4;34m0.7668[0m,               val_Recall: [4;33m0.6844[0m,                 val_F1 Score: [4;35m0.7169[0m
æ ‡ç­¾é‡Œ1çš„ä¸ªæ•°:  430
æ ‡ç­¾é‡Œ0çš„ä¸ªæ•°:  430
æ€»æ•°:  860
æ­£ç¡®çš„ä¸ªæ•°:  634
Epoch [83/100], V_AUC: [4m0.7370[0m
Epoch [84/100], Loss: 27.4546
train_Accuracy: [91m0.9114[0m
train_Precision: [4;34m0.9191[0m,               train_Recall: [4;33m0.9059[0m,                 train_F1 Score: [4;35m0.9091[0m
æ ‡ç­¾é‡Œ1çš„ä¸ªæ•°:  2150
æ ‡ç­¾é‡Œ0çš„ä¸ªæ•°:  2150
æ€»æ•°:  4300
æ­£ç¡®çš„ä¸ªæ•°:  3919
æœ€åä¸€ä¸ªæ‰¹æ¬¡çš„è¾“å‡º, ä¸æ»¡batchsizeæ˜¯æ­£å¸¸çš„:
 tensor([[9.9888e-01],
        [9.9573e-01],
        [9.9859e-01],
        [2.4361e-01],
        [9.8841e-01],
        [2.4671e-03],
        [5.0534e-02],
        [1.5943e-01],
        [9.9565e-01],
        [9.6576e-01],
        [2.6015e-06],
        [9.1064e-03]], device='cuda:0', grad_fn=<SigmoidBackward0>)
Epoch [84/100], T_AUC: [4m0.9147[0m
Epoch [84/100], Loss: 32.8258
val_Accuracy: [92m0.7163[0m
val_Precision: [4;34m0.7402[0m,               val_Recall: [4;33m0.6687[0m,                 val_F1 Score: [4;35m0.6948[0m
æ ‡ç­¾é‡Œ1çš„ä¸ªæ•°:  430
æ ‡ç­¾é‡Œ0çš„ä¸ªæ•°:  430
æ€»æ•°:  860
æ­£ç¡®çš„ä¸ªæ•°:  616
Epoch [84/100], V_AUC: [4m0.7157[0m
Epoch [85/100], Loss: 27.6526
train_Accuracy: [91m0.9102[0m
train_Precision: [4;34m0.9180[0m,               train_Recall: [4;33m0.9044[0m,                 train_F1 Score: [4;35m0.9078[0m
æ ‡ç­¾é‡Œ1çš„ä¸ªæ•°:  2150
æ ‡ç­¾é‡Œ0çš„ä¸ªæ•°:  2150
æ€»æ•°:  4300
æ­£ç¡®çš„ä¸ªæ•°:  3914
æœ€åä¸€ä¸ªæ‰¹æ¬¡çš„è¾“å‡º, ä¸æ»¡batchsizeæ˜¯æ­£å¸¸çš„:
 tensor([[9.9964e-01],
        [1.0000e+00],
        [9.9811e-01],
        [2.0796e-05],
        [9.9951e-01],
        [3.6537e-04],
        [1.1771e-01],
        [6.2691e-02],
        [8.6856e-01],
        [9.8159e-01],
        [1.6645e-06],
        [1.1291e-02]], device='cuda:0', grad_fn=<SigmoidBackward0>)
Epoch [85/100], T_AUC: [4m0.9142[0m
Epoch [85/100], Loss: 41.1131
val_Accuracy: [92m0.7314[0m
val_Precision: [4;34m0.7592[0m,               val_Recall: [4;33m0.6803[0m,                 val_F1 Score: [4;35m0.7112[0m
æ ‡ç­¾é‡Œ1çš„ä¸ªæ•°:  430
æ ‡ç­¾é‡Œ0çš„ä¸ªæ•°:  430
æ€»æ•°:  860
æ­£ç¡®çš„ä¸ªæ•°:  629
Epoch [85/100], V_AUC: [4m0.7310[0m
Epoch [86/100], Loss: 24.8160
train_Accuracy: [91m0.9279[0m
train_Precision: [4;34m0.9375[0m,               train_Recall: [4;33m0.9193[0m,                 train_F1 Score: [4;35m0.9256[0m
æ ‡ç­¾é‡Œ1çš„ä¸ªæ•°:  2150
æ ‡ç­¾é‡Œ0çš„ä¸ªæ•°:  2150
æ€»æ•°:  4300
æ­£ç¡®çš„ä¸ªæ•°:  3990
æœ€åä¸€ä¸ªæ‰¹æ¬¡çš„è¾“å‡º, ä¸æ»¡batchsizeæ˜¯æ­£å¸¸çš„:
 tensor([[9.9493e-01],
        [9.9999e-01],
        [9.9989e-01],
        [1.6028e-04],
        [9.9919e-01],
        [3.6633e-04],
        [1.5377e-02],
        [3.1574e-01],
        [9.9926e-01],
        [9.5501e-01],
        [1.2319e-06],
        [7.4038e-04]], device='cuda:0', grad_fn=<SigmoidBackward0>)
Epoch [86/100], T_AUC: [4m0.9304[0m
Epoch [86/100], Loss: 38.3158
val_Accuracy: [92m0.7314[0m
val_Precision: [4;34m0.7560[0m,               val_Recall: [4;33m0.6774[0m,                 val_F1 Score: [4;35m0.7095[0m
æ ‡ç­¾é‡Œ1çš„ä¸ªæ•°:  430
æ ‡ç­¾é‡Œ0çš„ä¸ªæ•°:  430
æ€»æ•°:  860
æ­£ç¡®çš„ä¸ªæ•°:  629
Epoch [86/100], V_AUC: [4m0.7293[0m
Epoch [87/100], Loss: 22.5503
train_Accuracy: [91m0.9340[0m
train_Precision: [4;34m0.9433[0m,               train_Recall: [4;33m0.9254[0m,                 train_F1 Score: [4;35m0.9322[0m
æ ‡ç­¾é‡Œ1çš„ä¸ªæ•°:  2150
æ ‡ç­¾é‡Œ0çš„ä¸ªæ•°:  2150
æ€»æ•°:  4300
æ­£ç¡®çš„ä¸ªæ•°:  4016
æœ€åä¸€ä¸ªæ‰¹æ¬¡çš„è¾“å‡º, ä¸æ»¡batchsizeæ˜¯æ­£å¸¸çš„:
 tensor([[9.9988e-01],
        [9.9975e-01],
        [9.9965e-01],
        [2.0050e-04],
        [9.8814e-01],
        [1.5136e-03],
        [3.9676e-02],
        [2.2543e-01],
        [9.9740e-01],
        [8.9654e-01],
        [1.7831e-06],
        [2.5488e-02]], device='cuda:0', grad_fn=<SigmoidBackward0>)
Epoch [87/100], T_AUC: [4m0.9367[0m
Epoch [87/100], Loss: 40.8066
val_Accuracy: [92m0.7244[0m
val_Precision: [4;34m0.7622[0m,               val_Recall: [4;33m0.6596[0m,                 val_F1 Score: [4;35m0.6992[0m
æ ‡ç­¾é‡Œ1çš„ä¸ªæ•°:  430
æ ‡ç­¾é‡Œ0çš„ä¸ªæ•°:  430
æ€»æ•°:  860
æ­£ç¡®çš„ä¸ªæ•°:  623
Epoch [87/100], V_AUC: [4m0.7260[0m
Epoch [88/100], Loss: 24.8647
train_Accuracy: [91m0.9214[0m
train_Precision: [4;34m0.9295[0m,               train_Recall: [4;33m0.9147[0m,                 train_F1 Score: [4;35m0.9195[0m
æ ‡ç­¾é‡Œ1çš„ä¸ªæ•°:  2150
æ ‡ç­¾é‡Œ0çš„ä¸ªæ•°:  2150
æ€»æ•°:  4300
æ­£ç¡®çš„ä¸ªæ•°:  3962
æœ€åä¸€ä¸ªæ‰¹æ¬¡çš„è¾“å‡º, ä¸æ»¡batchsizeæ˜¯æ­£å¸¸çš„:
 tensor([[9.9997e-01],
        [9.9679e-01],
        [9.9981e-01],
        [5.1585e-04],
        [9.4946e-01],
        [5.9627e-05],
        [8.8857e-02],
        [2.5154e-01],
        [9.9993e-01],
        [9.6571e-01],
        [1.0399e-06],
        [8.4860e-04]], device='cuda:0', grad_fn=<SigmoidBackward0>)
Epoch [88/100], T_AUC: [4m0.9249[0m
Epoch [88/100], Loss: 42.1993
val_Accuracy: [92m0.7407[0m
val_Precision: [4;34m0.7818[0m,               val_Recall: [4;33m0.6738[0m,                 val_F1 Score: [4;35m0.7168[0m
æ ‡ç­¾é‡Œ1çš„ä¸ªæ•°:  430
æ ‡ç­¾é‡Œ0çš„ä¸ªæ•°:  430
æ€»æ•°:  860
æ­£ç¡®çš„ä¸ªæ•°:  637
Epoch [88/100], V_AUC: [4m0.7399[0m
Epoch [89/100], Loss: 27.3155
train_Accuracy: [91m0.9123[0m
train_Precision: [4;34m0.9184[0m,               train_Recall: [4;33m0.9058[0m,                 train_F1 Score: [4;35m0.9095[0m
æ ‡ç­¾é‡Œ1çš„ä¸ªæ•°:  2150
æ ‡ç­¾é‡Œ0çš„ä¸ªæ•°:  2150
æ€»æ•°:  4300
æ­£ç¡®çš„ä¸ªæ•°:  3923
æœ€åä¸€ä¸ªæ‰¹æ¬¡çš„è¾“å‡º, ä¸æ»¡batchsizeæ˜¯æ­£å¸¸çš„:
 tensor([[9.9953e-01],
        [9.9901e-01],
        [9.9995e-01],
        [1.4103e-05],
        [9.9480e-01],
        [1.3501e-04],
        [8.4250e-01],
        [1.9363e-01],
        [9.9204e-01],
        [9.9257e-01],
        [1.4842e-06],
        [1.1688e-03]], device='cuda:0', grad_fn=<SigmoidBackward0>)
Epoch [89/100], T_AUC: [4m0.9147[0m
Epoch [89/100], Loss: 34.9537
val_Accuracy: [92m0.7302[0m
val_Precision: [4;34m0.7534[0m,               val_Recall: [4;33m0.6880[0m,                 val_F1 Score: [4;35m0.7127[0m
æ ‡ç­¾é‡Œ1çš„ä¸ªæ•°:  430
æ ‡ç­¾é‡Œ0çš„ä¸ªæ•°:  430
æ€»æ•°:  860
æ­£ç¡®çš„ä¸ªæ•°:  628
Epoch [89/100], V_AUC: [4m0.7300[0m
Epoch [90/100], Loss: 27.4576
train_Accuracy: [91m0.9165[0m
train_Precision: [4;34m0.9252[0m,               train_Recall: [4;33m0.9070[0m,                 train_F1 Score: [4;35m0.9133[0m
æ ‡ç­¾é‡Œ1çš„ä¸ªæ•°:  2150
æ ‡ç­¾é‡Œ0çš„ä¸ªæ•°:  2150
æ€»æ•°:  4300
æ­£ç¡®çš„ä¸ªæ•°:  3941
æœ€åä¸€ä¸ªæ‰¹æ¬¡çš„è¾“å‡º, ä¸æ»¡batchsizeæ˜¯æ­£å¸¸çš„:
 tensor([[9.9993e-01],
        [9.9558e-01],
        [9.9987e-01],
        [5.9522e-02],
        [9.9781e-01],
        [2.5396e-04],
        [7.2684e-02],
        [5.3735e-03],
        [9.9999e-01],
        [7.6700e-01],
        [2.5625e-07],
        [2.2524e-04]], device='cuda:0', grad_fn=<SigmoidBackward0>)
Epoch [90/100], T_AUC: [4m0.9198[0m
Epoch [90/100], Loss: 40.8389
val_Accuracy: [92m0.7477[0m
val_Precision: [4;34m0.7627[0m,               val_Recall: [4;33m0.7221[0m,                 val_F1 Score: [4;35m0.7345[0m
æ ‡ç­¾é‡Œ1çš„ä¸ªæ•°:  430
æ ‡ç­¾é‡Œ0çš„ä¸ªæ•°:  430
æ€»æ•°:  860
æ­£ç¡®çš„ä¸ªæ•°:  643
Epoch [90/100], V_AUC: [4m0.7484[0m
Epoch [91/100], Loss: 24.1925
train_Accuracy: [91m0.9253[0m
train_Precision: [4;34m0.9334[0m,               train_Recall: [4;33m0.9182[0m,                 train_F1 Score: [4;35m0.9231[0m
æ ‡ç­¾é‡Œ1çš„ä¸ªæ•°:  2150
æ ‡ç­¾é‡Œ0çš„ä¸ªæ•°:  2150
æ€»æ•°:  4300
æ­£ç¡®çš„ä¸ªæ•°:  3979
æœ€åä¸€ä¸ªæ‰¹æ¬¡çš„è¾“å‡º, ä¸æ»¡batchsizeæ˜¯æ­£å¸¸çš„:
 tensor([[9.9989e-01],
        [9.9349e-01],
        [9.9975e-01],
        [3.9078e-02],
        [6.0897e-01],
        [1.3007e-04],
        [4.5482e-02],
        [4.6454e-01],
        [9.9997e-01],
        [9.4206e-01],
        [1.3794e-06],
        [1.2018e-03]], device='cuda:0', grad_fn=<SigmoidBackward0>)
Epoch [91/100], T_AUC: [4m0.9282[0m
Epoch [91/100], Loss: 39.2459
val_Accuracy: [92m0.7337[0m
val_Precision: [4;34m0.7601[0m,               val_Recall: [4;33m0.6896[0m,                 val_F1 Score: [4;35m0.7147[0m
æ ‡ç­¾é‡Œ1çš„ä¸ªæ•°:  430
æ ‡ç­¾é‡Œ0çš„ä¸ªæ•°:  430
æ€»æ•°:  860
æ­£ç¡®çš„ä¸ªæ•°:  631
Epoch [91/100], V_AUC: [4m0.7361[0m
Epoch [92/100], Loss: 23.6254
train_Accuracy: [91m0.9260[0m
train_Precision: [4;34m0.9350[0m,               train_Recall: [4;33m0.9190[0m,                 train_F1 Score: [4;35m0.9244[0m
æ ‡ç­¾é‡Œ1çš„ä¸ªæ•°:  2150
æ ‡ç­¾é‡Œ0çš„ä¸ªæ•°:  2150
æ€»æ•°:  4300
æ­£ç¡®çš„ä¸ªæ•°:  3982
æœ€åä¸€ä¸ªæ‰¹æ¬¡çš„è¾“å‡º, ä¸æ»¡batchsizeæ˜¯æ­£å¸¸çš„:
 tensor([[9.9983e-01],
        [9.8626e-01],
        [9.9994e-01],
        [7.9685e-03],
        [9.6949e-01],
        [2.0582e-04],
        [1.2915e-01],
        [5.4308e-02],
        [9.9993e-01],
        [9.7912e-01],
        [2.2453e-06],
        [1.5608e-03]], device='cuda:0', grad_fn=<SigmoidBackward0>)
Epoch [92/100], T_AUC: [4m0.9286[0m
Epoch [92/100], Loss: 40.2426
val_Accuracy: [92m0.7372[0m
val_Precision: [4;34m0.7772[0m,               val_Recall: [4;33m0.6720[0m,                 val_F1 Score: [4;35m0.7127[0m
æ ‡ç­¾é‡Œ1çš„ä¸ªæ•°:  430
æ ‡ç­¾é‡Œ0çš„ä¸ªæ•°:  430
æ€»æ•°:  860
æ­£ç¡®çš„ä¸ªæ•°:  634
Epoch [92/100], V_AUC: [4m0.7366[0m
Epoch [93/100], Loss: 21.8168
train_Accuracy: [91m0.9316[0m
train_Precision: [4;34m0.9421[0m,               train_Recall: [4;33m0.9219[0m,                 train_F1 Score: [4;35m0.9293[0m
æ ‡ç­¾é‡Œ1çš„ä¸ªæ•°:  2150
æ ‡ç­¾é‡Œ0çš„ä¸ªæ•°:  2150
æ€»æ•°:  4300
æ­£ç¡®çš„ä¸ªæ•°:  4006
æœ€åä¸€ä¸ªæ‰¹æ¬¡çš„è¾“å‡º, ä¸æ»¡batchsizeæ˜¯æ­£å¸¸çš„:
 tensor([[9.9972e-01],
        [9.8234e-01],
        [9.9926e-01],
        [1.0584e-02],
        [9.9860e-01],
        [4.2422e-04],
        [2.2656e-02],
        [1.2132e-01],
        [9.9979e-01],
        [9.9339e-01],
        [4.7358e-07],
        [1.5553e-02]], device='cuda:0', grad_fn=<SigmoidBackward0>)
Epoch [93/100], T_AUC: [4m0.9344[0m
Epoch [93/100], Loss: 39.2075
val_Accuracy: [92m0.7372[0m
val_Precision: [4;34m0.7742[0m,               val_Recall: [4;33m0.6647[0m,                 val_F1 Score: [4;35m0.7077[0m
æ ‡ç­¾é‡Œ1çš„ä¸ªæ•°:  430
æ ‡ç­¾é‡Œ0çš„ä¸ªæ•°:  430
æ€»æ•°:  860
æ­£ç¡®çš„ä¸ªæ•°:  634
Epoch [93/100], V_AUC: [4m0.7365[0m
Epoch [94/100], Loss: 22.1067
train_Accuracy: [91m0.9326[0m
train_Precision: [4;34m0.9393[0m,               train_Recall: [4;33m0.9249[0m,                 train_F1 Score: [4;35m0.9297[0m
æ ‡ç­¾é‡Œ1çš„ä¸ªæ•°:  2150
æ ‡ç­¾é‡Œ0çš„ä¸ªæ•°:  2150
æ€»æ•°:  4300
æ­£ç¡®çš„ä¸ªæ•°:  4010
æœ€åä¸€ä¸ªæ‰¹æ¬¡çš„è¾“å‡º, ä¸æ»¡batchsizeæ˜¯æ­£å¸¸çš„:
 tensor([[9.9979e-01],
        [8.8907e-01],
        [9.9999e-01],
        [1.7027e-02],
        [9.5466e-01],
        [2.5204e-04],
        [7.3385e-01],
        [4.4117e-02],
        [4.1683e-01],
        [9.6911e-01],
        [2.2062e-06],
        [6.1970e-01]], device='cuda:0', grad_fn=<SigmoidBackward0>)
Epoch [94/100], T_AUC: [4m0.9342[0m
Epoch [94/100], Loss: 42.0057
val_Accuracy: [92m0.7256[0m
val_Precision: [4;34m0.7467[0m,               val_Recall: [4;33m0.6843[0m,                 val_F1 Score: [4;35m0.7077[0m
æ ‡ç­¾é‡Œ1çš„ä¸ªæ•°:  430
æ ‡ç­¾é‡Œ0çš„ä¸ªæ•°:  430
æ€»æ•°:  860
æ­£ç¡®çš„ä¸ªæ•°:  624
Epoch [94/100], V_AUC: [4m0.7252[0m
Epoch [95/100], Loss: 25.4649
train_Accuracy: [91m0.9230[0m
train_Precision: [4;34m0.9262[0m,               train_Recall: [4;33m0.9203[0m,                 train_F1 Score: [4;35m0.9211[0m
æ ‡ç­¾é‡Œ1çš„ä¸ªæ•°:  2150
æ ‡ç­¾é‡Œ0çš„ä¸ªæ•°:  2150
æ€»æ•°:  4300
æ­£ç¡®çš„ä¸ªæ•°:  3969
æœ€åä¸€ä¸ªæ‰¹æ¬¡çš„è¾“å‡º, ä¸æ»¡batchsizeæ˜¯æ­£å¸¸çš„:
 tensor([[9.9997e-01],
        [9.9857e-01],
        [9.9900e-01],
        [5.8408e-01],
        [9.8562e-01],
        [8.6119e-05],
        [1.8101e-02],
        [8.1270e-02],
        [9.9968e-01],
        [9.6611e-01],
        [1.6679e-06],
        [7.4335e-05]], device='cuda:0', grad_fn=<SigmoidBackward0>)
Epoch [95/100], T_AUC: [4m0.9252[0m
Epoch [95/100], Loss: 41.5683
val_Accuracy: [92m0.7442[0m
val_Precision: [4;34m0.7854[0m,               val_Recall: [4;33m0.6731[0m,                 val_F1 Score: [4;35m0.7189[0m
æ ‡ç­¾é‡Œ1çš„ä¸ªæ•°:  430
æ ‡ç­¾é‡Œ0çš„ä¸ªæ•°:  430
æ€»æ•°:  860
æ­£ç¡®çš„ä¸ªæ•°:  640
Epoch [95/100], V_AUC: [4m0.7435[0m
Epoch [96/100], Loss: 27.0173
train_Accuracy: [91m0.9160[0m
train_Precision: [4;34m0.9243[0m,               train_Recall: [4;33m0.9103[0m,                 train_F1 Score: [4;35m0.9141[0m
æ ‡ç­¾é‡Œ1çš„ä¸ªæ•°:  2150
æ ‡ç­¾é‡Œ0çš„ä¸ªæ•°:  2150
æ€»æ•°:  4300
æ­£ç¡®çš„ä¸ªæ•°:  3939
æœ€åä¸€ä¸ªæ‰¹æ¬¡çš„è¾“å‡º, ä¸æ»¡batchsizeæ˜¯æ­£å¸¸çš„:
 tensor([[9.9998e-01],
        [9.9703e-01],
        [9.9978e-01],
        [7.3381e-02],
        [8.0206e-01],
        [4.6140e-04],
        [2.2515e-02],
        [1.8430e-02],
        [9.9969e-01],
        [9.8335e-01],
        [5.4793e-06],
        [1.9859e-03]], device='cuda:0', grad_fn=<SigmoidBackward0>)
Epoch [96/100], T_AUC: [4m0.9201[0m
Epoch [96/100], Loss: 39.7176
val_Accuracy: [92m0.7395[0m
val_Precision: [4;34m0.7667[0m,               val_Recall: [4;33m0.6918[0m,                 val_F1 Score: [4;35m0.7193[0m
æ ‡ç­¾é‡Œ1çš„ä¸ªæ•°:  430
æ ‡ç­¾é‡Œ0çš„ä¸ªæ•°:  430
æ€»æ•°:  860
æ­£ç¡®çš„ä¸ªæ•°:  636
Epoch [96/100], V_AUC: [4m0.7408[0m
Epoch [97/100], Loss: 25.2481
train_Accuracy: [91m0.9228[0m
train_Precision: [4;34m0.9314[0m,               train_Recall: [4;33m0.9161[0m,                 train_F1 Score: [4;35m0.9212[0m
æ ‡ç­¾é‡Œ1çš„ä¸ªæ•°:  2150
æ ‡ç­¾é‡Œ0çš„ä¸ªæ•°:  2150
æ€»æ•°:  4300
æ­£ç¡®çš„ä¸ªæ•°:  3968
æœ€åä¸€ä¸ªæ‰¹æ¬¡çš„è¾“å‡º, ä¸æ»¡batchsizeæ˜¯æ­£å¸¸çš„:
 tensor([[9.9947e-01],
        [9.9937e-01],
        [9.9993e-01],
        [1.6671e-01],
        [9.8673e-01],
        [1.1143e-04],
        [2.1382e-01],
        [3.0809e-01],
        [9.9966e-01],
        [9.3328e-01],
        [2.1254e-07],
        [2.4023e-04]], device='cuda:0', grad_fn=<SigmoidBackward0>)
Epoch [97/100], T_AUC: [4m0.9254[0m
Epoch [97/100], Loss: 36.8577
val_Accuracy: [92m0.7360[0m
val_Precision: [4;34m0.7566[0m,               val_Recall: [4;33m0.6952[0m,                 val_F1 Score: [4;35m0.7179[0m
æ ‡ç­¾é‡Œ1çš„ä¸ªæ•°:  430
æ ‡ç­¾é‡Œ0çš„ä¸ªæ•°:  430
æ€»æ•°:  860
æ­£ç¡®çš„ä¸ªæ•°:  633
Epoch [97/100], V_AUC: [4m0.7357[0m
Epoch [98/100], Loss: 20.3932
train_Accuracy: [91m0.9381[0m
train_Precision: [4;34m0.9466[0m,               train_Recall: [4;33m0.9311[0m,                 train_F1 Score: [4;35m0.9367[0m
æ ‡ç­¾é‡Œ1çš„ä¸ªæ•°:  2150
æ ‡ç­¾é‡Œ0çš„ä¸ªæ•°:  2150
æ€»æ•°:  4300
æ­£ç¡®çš„ä¸ªæ•°:  4034
æœ€åä¸€ä¸ªæ‰¹æ¬¡çš„è¾“å‡º, ä¸æ»¡batchsizeæ˜¯æ­£å¸¸çš„:
 tensor([[9.9984e-01],
        [9.9995e-01],
        [9.9998e-01],
        [2.0281e-01],
        [8.0825e-01],
        [5.5144e-04],
        [4.0136e-01],
        [6.0449e-03],
        [9.9403e-01],
        [9.8030e-01],
        [1.9727e-07],
        [1.3414e-03]], device='cuda:0', grad_fn=<SigmoidBackward0>)
Epoch [98/100], T_AUC: [4m0.9399[0m
Epoch [98/100], Loss: 45.6858
val_Accuracy: [92m0.7523[0m
val_Precision: [4;34m0.7849[0m,               val_Recall: [4;33m0.7020[0m,                 val_F1 Score: [4;35m0.7343[0m
æ ‡ç­¾é‡Œ1çš„ä¸ªæ•°:  430
æ ‡ç­¾é‡Œ0çš„ä¸ªæ•°:  430
æ€»æ•°:  860
æ­£ç¡®çš„ä¸ªæ•°:  647
Epoch [98/100], V_AUC: [4m0.7529[0m
Epoch [99/100], Loss: 20.6407
train_Accuracy: [91m0.9386[0m
train_Precision: [4;34m0.9449[0m,               train_Recall: [4;33m0.9343[0m,                 train_F1 Score: [4;35m0.9374[0m
æ ‡ç­¾é‡Œ1çš„ä¸ªæ•°:  2150
æ ‡ç­¾é‡Œ0çš„ä¸ªæ•°:  2150
æ€»æ•°:  4300
æ­£ç¡®çš„ä¸ªæ•°:  4036
æœ€åä¸€ä¸ªæ‰¹æ¬¡çš„è¾“å‡º, ä¸æ»¡batchsizeæ˜¯æ­£å¸¸çš„:
 tensor([[9.9987e-01],
        [9.9998e-01],
        [9.9982e-01],
        [5.2103e-03],
        [9.9929e-01],
        [4.3665e-05],
        [1.1760e-01],
        [2.1736e-01],
        [9.9852e-01],
        [8.8632e-01],
        [9.2359e-08],
        [2.7831e-04]], device='cuda:0', grad_fn=<SigmoidBackward0>)
Epoch [99/100], T_AUC: [4m0.9416[0m
Epoch [99/100], Loss: 39.2414
val_Accuracy: [92m0.7407[0m
val_Precision: [4;34m0.7720[0m,               val_Recall: [4;33m0.6823[0m,                 val_F1 Score: [4;35m0.7162[0m
æ ‡ç­¾é‡Œ1çš„ä¸ªæ•°:  430
æ ‡ç­¾é‡Œ0çš„ä¸ªæ•°:  430
æ€»æ•°:  860
æ­£ç¡®çš„ä¸ªæ•°:  637
Epoch [99/100], V_AUC: [4m0.7407[0m
Epoch [100/100], Loss: 18.9396
train_Accuracy: [91m0.9444[0m
train_Precision: [4;34m0.9500[0m,               train_Recall: [4;33m0.9402[0m,                 train_F1 Score: [4;35m0.9428[0m
æ ‡ç­¾é‡Œ1çš„ä¸ªæ•°:  2150
æ ‡ç­¾é‡Œ0çš„ä¸ªæ•°:  2150
æ€»æ•°:  4300
æ­£ç¡®çš„ä¸ªæ•°:  4061
æœ€åä¸€ä¸ªæ‰¹æ¬¡çš„è¾“å‡º, ä¸æ»¡batchsizeæ˜¯æ­£å¸¸çš„:
 tensor([[9.9991e-01],
        [9.9995e-01],
        [9.9981e-01],
        [1.2362e-01],
        [9.9689e-01],
        [2.2838e-04],
        [1.1196e-01],
        [3.4857e-01],
        [9.9913e-01],
        [9.3978e-01],
        [6.8575e-10],
        [2.4045e-04]], device='cuda:0', grad_fn=<SigmoidBackward0>)
Epoch [100/100], T_AUC: [4m0.9468[0m
Epoch [100/100], Loss: 47.7536
val_Accuracy: [92m0.7488[0m
val_Precision: [4;34m0.7705[0m,               val_Recall: [4;33m0.7082[0m,                 val_F1 Score: [4;35m0.7315[0m
æ ‡ç­¾é‡Œ1çš„ä¸ªæ•°:  430
æ ‡ç­¾é‡Œ0çš„ä¸ªæ•°:  430
æ€»æ•°:  860
æ­£ç¡®çš„ä¸ªæ•°:  644
Epoch [100/100], V_AUC: [4m0.7486[0m
ç¬¬0æ‰¹ç¬¬2ä¸ª, 100
ç¬¬0æ‰¹ç¬¬15ä¸ª, 100
ç¬¬1æ‰¹ç¬¬0ä¸ª, 100
ç¬¬1æ‰¹ç¬¬6ä¸ª, 100
ç¬¬1æ‰¹ç¬¬16ä¸ª, 100
send email successfully
