2024-06-24-05:34:10
1æ’åº128-0.4
åˆ›å»ºæ¨¡å‹å®ä¾‹
æ¨¡å‹å®ä¾‹åˆ›å»ºå®Œæˆ
åŠ è½½é¢„è®­ç»ƒå‚æ•°
é¢„è®­ç»ƒå‚æ•°åŠ è½½å®Œæˆ
Epoch [1/100], Loss: 60.9353
train_Accuracy: [91m0.7974[0m
train_Precision: [4;34m0.7879[0m,               train_Recall: [4;33m0.8274[0m,                 train_F1 Score: [4;35m0.8013[0m
æ ‡ç­¾é‡Œ1çš„ä¸ªæ•°:  2150
æ ‡ç­¾é‡Œ0çš„ä¸ªæ•°:  2150
æ€»æ•°:  4300
æ­£ç¡®çš„ä¸ªæ•°:  3429
æœ€åä¸€ä¸ªæ‰¹æ¬¡çš„è¾“å‡º, ä¸æ»¡batchsizeæ˜¯æ­£å¸¸çš„:
 tensor([[0.9055],
        [0.8405],
        [0.9789],
        [0.1256],
        [0.7577],
        [0.1378],
        [0.5811],
        [0.2998],
        [0.5057],
        [0.9176],
        [0.0559],
        [0.0427]], device='cuda:0', grad_fn=<SigmoidBackward0>)
Epoch [1/100], T_AUC: [4m0.8040[0m
Epoch [1/100], Loss: 14.0316
val_Accuracy: [92m0.7872[0m
val_Precision: [4;34m0.7774[0m,               val_Recall: [4;33m0.7914[0m,                 val_F1 Score: [4;35m0.7796[0m
æ ‡ç­¾é‡Œ1çš„ä¸ªæ•°:  430
æ ‡ç­¾é‡Œ0çš„ä¸ªæ•°:  430
æ€»æ•°:  860
æ­£ç¡®çš„ä¸ªæ•°:  677
Epoch [1/100], V_AUC: [4m0.7843[0m
Epoch [2/100], Loss: 57.9178
train_Accuracy: [91m0.8130[0m
train_Precision: [4;34m0.8039[0m,               train_Recall: [4;33m0.8357[0m,                 train_F1 Score: [4;35m0.8144[0m
æ ‡ç­¾é‡Œ1çš„ä¸ªæ•°:  2150
æ ‡ç­¾é‡Œ0çš„ä¸ªæ•°:  2150
æ€»æ•°:  4300
æ­£ç¡®çš„ä¸ªæ•°:  3496
æœ€åä¸€ä¸ªæ‰¹æ¬¡çš„è¾“å‡º, ä¸æ»¡batchsizeæ˜¯æ­£å¸¸çš„:
 tensor([[0.8851],
        [0.8556],
        [0.9791],
        [0.1407],
        [0.7991],
        [0.1579],
        [0.5106],
        [0.2975],
        [0.5389],
        [0.9347],
        [0.0362],
        [0.0495]], device='cuda:0', grad_fn=<SigmoidBackward0>)
Epoch [2/100], T_AUC: [4m0.8192[0m
Epoch [2/100], Loss: 13.9059
val_Accuracy: [92m0.7837[0m
val_Precision: [4;34m0.7748[0m,               val_Recall: [4;33m0.7890[0m,                 val_F1 Score: [4;35m0.7767[0m
æ ‡ç­¾é‡Œ1çš„ä¸ªæ•°:  430
æ ‡ç­¾é‡Œ0çš„ä¸ªæ•°:  430
æ€»æ•°:  860
æ­£ç¡®çš„ä¸ªæ•°:  674
Epoch [2/100], V_AUC: [4m0.7811[0m
Epoch [3/100], Loss: 56.8963
train_Accuracy: [91m0.8144[0m
train_Precision: [4;34m0.8034[0m,               train_Recall: [4;33m0.8414[0m,                 train_F1 Score: [4;35m0.8166[0m
æ ‡ç­¾é‡Œ1çš„ä¸ªæ•°:  2150
æ ‡ç­¾é‡Œ0çš„ä¸ªæ•°:  2150
æ€»æ•°:  4300
æ­£ç¡®çš„ä¸ªæ•°:  3502
æœ€åä¸€ä¸ªæ‰¹æ¬¡çš„è¾“å‡º, ä¸æ»¡batchsizeæ˜¯æ­£å¸¸çš„:
 tensor([[0.9161],
        [0.8608],
        [0.9844],
        [0.1169],
        [0.8604],
        [0.1215],
        [0.4666],
        [0.2471],
        [0.5618],
        [0.9418],
        [0.0336],
        [0.0388]], device='cuda:0', grad_fn=<SigmoidBackward0>)
Epoch [3/100], T_AUC: [4m0.8204[0m
Epoch [3/100], Loss: 14.2263
val_Accuracy: [92m0.7837[0m
val_Precision: [4;34m0.7766[0m,               val_Recall: [4;33m0.7838[0m,                 val_F1 Score: [4;35m0.7760[0m
æ ‡ç­¾é‡Œ1çš„ä¸ªæ•°:  430
æ ‡ç­¾é‡Œ0çš„ä¸ªæ•°:  430
æ€»æ•°:  860
æ­£ç¡®çš„ä¸ªæ•°:  674
Epoch [3/100], V_AUC: [4m0.7806[0m
Epoch [4/100], Loss: 55.9186
train_Accuracy: [91m0.8167[0m
train_Precision: [4;34m0.8070[0m,               train_Recall: [4;33m0.8409[0m,                 train_F1 Score: [4;35m0.8185[0m
æ ‡ç­¾é‡Œ1çš„ä¸ªæ•°:  2150
æ ‡ç­¾é‡Œ0çš„ä¸ªæ•°:  2150
æ€»æ•°:  4300
æ­£ç¡®çš„ä¸ªæ•°:  3512
æœ€åä¸€ä¸ªæ‰¹æ¬¡çš„è¾“å‡º, ä¸æ»¡batchsizeæ˜¯æ­£å¸¸çš„:
 tensor([[0.9066],
        [0.8792],
        [0.9872],
        [0.1267],
        [0.8250],
        [0.0904],
        [0.4656],
        [0.3037],
        [0.6591],
        [0.8737],
        [0.0503],
        [0.0430]], device='cuda:0', grad_fn=<SigmoidBackward0>)
Epoch [4/100], T_AUC: [4m0.8225[0m
Epoch [4/100], Loss: 14.2913
val_Accuracy: [92m0.7872[0m
val_Precision: [4;34m0.7809[0m,               val_Recall: [4;33m0.7852[0m,                 val_F1 Score: [4;35m0.7786[0m
æ ‡ç­¾é‡Œ1çš„ä¸ªæ•°:  430
æ ‡ç­¾é‡Œ0çš„ä¸ªæ•°:  430
æ€»æ•°:  860
æ­£ç¡®çš„ä¸ªæ•°:  677
Epoch [4/100], V_AUC: [4m0.7833[0m
Epoch [5/100], Loss: 55.3745
train_Accuracy: [91m0.8202[0m
train_Precision: [4;34m0.8116[0m,               train_Recall: [4;33m0.8415[0m,                 train_F1 Score: [4;35m0.8216[0m
æ ‡ç­¾é‡Œ1çš„ä¸ªæ•°:  2150
æ ‡ç­¾é‡Œ0çš„ä¸ªæ•°:  2150
æ€»æ•°:  4300
æ­£ç¡®çš„ä¸ªæ•°:  3527
æœ€åä¸€ä¸ªæ‰¹æ¬¡çš„è¾“å‡º, ä¸æ»¡batchsizeæ˜¯æ­£å¸¸çš„:
 tensor([[0.8853],
        [0.8741],
        [0.9905],
        [0.0946],
        [0.8131],
        [0.0866],
        [0.4662],
        [0.3172],
        [0.6851],
        [0.8947],
        [0.0599],
        [0.0386]], device='cuda:0', grad_fn=<SigmoidBackward0>)
Epoch [5/100], T_AUC: [4m0.8250[0m
Epoch [5/100], Loss: 14.3482
val_Accuracy: [92m0.7895[0m
val_Precision: [4;34m0.7882[0m,               val_Recall: [4;33m0.7786[0m,                 val_F1 Score: [4;35m0.7794[0m
æ ‡ç­¾é‡Œ1çš„ä¸ªæ•°:  430
æ ‡ç­¾é‡Œ0çš„ä¸ªæ•°:  430
æ€»æ•°:  860
æ­£ç¡®çš„ä¸ªæ•°:  679
Epoch [5/100], V_AUC: [4m0.7858[0m
Epoch [6/100], Loss: 54.7746
train_Accuracy: [91m0.8242[0m
train_Precision: [4;34m0.8119[0m,               train_Recall: [4;33m0.8525[0m,                 train_F1 Score: [4;35m0.8267[0m
æ ‡ç­¾é‡Œ1çš„ä¸ªæ•°:  2150
æ ‡ç­¾é‡Œ0çš„ä¸ªæ•°:  2150
æ€»æ•°:  4300
æ­£ç¡®çš„ä¸ªæ•°:  3544
æœ€åä¸€ä¸ªæ‰¹æ¬¡çš„è¾“å‡º, ä¸æ»¡batchsizeæ˜¯æ­£å¸¸çš„:
 tensor([[0.8779],
        [0.8232],
        [0.9838],
        [0.1068],
        [0.8604],
        [0.1054],
        [0.4224],
        [0.3376],
        [0.6944],
        [0.9382],
        [0.0561],
        [0.0288]], device='cuda:0', grad_fn=<SigmoidBackward0>)
Epoch [6/100], T_AUC: [4m0.8294[0m
Epoch [6/100], Loss: 14.4715
val_Accuracy: [92m0.7872[0m
val_Precision: [4;34m0.7839[0m,               val_Recall: [4;33m0.7782[0m,                 val_F1 Score: [4;35m0.7772[0m
æ ‡ç­¾é‡Œ1çš„ä¸ªæ•°:  430
æ ‡ç­¾é‡Œ0çš„ä¸ªæ•°:  430
æ€»æ•°:  860
æ­£ç¡®çš„ä¸ªæ•°:  677
Epoch [6/100], V_AUC: [4m0.7830[0m
Epoch [7/100], Loss: 54.2009
train_Accuracy: [91m0.8258[0m
train_Precision: [4;34m0.8157[0m,               train_Recall: [4;33m0.8517[0m,                 train_F1 Score: [4;35m0.8281[0m
æ ‡ç­¾é‡Œ1çš„ä¸ªæ•°:  2150
æ ‡ç­¾é‡Œ0çš„ä¸ªæ•°:  2150
æ€»æ•°:  4300
æ­£ç¡®çš„ä¸ªæ•°:  3551
æœ€åä¸€ä¸ªæ‰¹æ¬¡çš„è¾“å‡º, ä¸æ»¡batchsizeæ˜¯æ­£å¸¸çš„:
 tensor([[0.8739],
        [0.8997],
        [0.9822],
        [0.1175],
        [0.9267],
        [0.1072],
        [0.3771],
        [0.1820],
        [0.7791],
        [0.9072],
        [0.0411],
        [0.0277]], device='cuda:0', grad_fn=<SigmoidBackward0>)
Epoch [7/100], T_AUC: [4m0.8313[0m
Epoch [7/100], Loss: 15.1355
val_Accuracy: [92m0.7814[0m
val_Precision: [4;34m0.7788[0m,               val_Recall: [4;33m0.7715[0m,                 val_F1 Score: [4;35m0.7705[0m
æ ‡ç­¾é‡Œ1çš„ä¸ªæ•°:  430
æ ‡ç­¾é‡Œ0çš„ä¸ªæ•°:  430
æ€»æ•°:  860
æ­£ç¡®çš„ä¸ªæ•°:  672
Epoch [7/100], V_AUC: [4m0.7779[0m
Epoch [8/100], Loss: 53.7687
train_Accuracy: [91m0.8307[0m
train_Precision: [4;34m0.8219[0m,               train_Recall: [4;33m0.8524[0m,                 train_F1 Score: [4;35m0.8320[0m
æ ‡ç­¾é‡Œ1çš„ä¸ªæ•°:  2150
æ ‡ç­¾é‡Œ0çš„ä¸ªæ•°:  2150
æ€»æ•°:  4300
æ­£ç¡®çš„ä¸ªæ•°:  3572
æœ€åä¸€ä¸ªæ‰¹æ¬¡çš„è¾“å‡º, ä¸æ»¡batchsizeæ˜¯æ­£å¸¸çš„:
 tensor([[0.8712],
        [0.9464],
        [0.9832],
        [0.0875],
        [0.9143],
        [0.0779],
        [0.3391],
        [0.2759],
        [0.7329],
        [0.9143],
        [0.0348],
        [0.0346]], device='cuda:0', grad_fn=<SigmoidBackward0>)
Epoch [8/100], T_AUC: [4m0.8361[0m
Epoch [8/100], Loss: 15.2528
val_Accuracy: [92m0.7814[0m
val_Precision: [4;34m0.7833[0m,               val_Recall: [4;33m0.7648[0m,                 val_F1 Score: [4;35m0.7686[0m
æ ‡ç­¾é‡Œ1çš„ä¸ªæ•°:  430
æ ‡ç­¾é‡Œ0çš„ä¸ªæ•°:  430
æ€»æ•°:  860
æ­£ç¡®çš„ä¸ªæ•°:  672
Epoch [8/100], V_AUC: [4m0.7778[0m
Epoch [9/100], Loss: 52.7678
train_Accuracy: [91m0.8293[0m
train_Precision: [4;34m0.8213[0m,               train_Recall: [4;33m0.8525[0m,                 train_F1 Score: [4;35m0.8314[0m
æ ‡ç­¾é‡Œ1çš„ä¸ªæ•°:  2150
æ ‡ç­¾é‡Œ0çš„ä¸ªæ•°:  2150
æ€»æ•°:  4300
æ­£ç¡®çš„ä¸ªæ•°:  3566
æœ€åä¸€ä¸ªæ‰¹æ¬¡çš„è¾“å‡º, ä¸æ»¡batchsizeæ˜¯æ­£å¸¸çš„:
 tensor([[0.9009],
        [0.9059],
        [0.9930],
        [0.0751],
        [0.9041],
        [0.0873],
        [0.3050],
        [0.1768],
        [0.8745],
        [0.8589],
        [0.0316],
        [0.0394]], device='cuda:0', grad_fn=<SigmoidBackward0>)
Epoch [9/100], T_AUC: [4m0.8346[0m
Epoch [9/100], Loss: 15.6744
val_Accuracy: [92m0.7814[0m
val_Precision: [4;34m0.7851[0m,               val_Recall: [4;33m0.7598[0m,                 val_F1 Score: [4;35m0.7680[0m
æ ‡ç­¾é‡Œ1çš„ä¸ªæ•°:  430
æ ‡ç­¾é‡Œ0çš„ä¸ªæ•°:  430
æ€»æ•°:  860
æ­£ç¡®çš„ä¸ªæ•°:  672
Epoch [9/100], V_AUC: [4m0.7779[0m
Epoch [10/100], Loss: 52.0184
train_Accuracy: [91m0.8349[0m
train_Precision: [4;34m0.8260[0m,               train_Recall: [4;33m0.8585[0m,                 train_F1 Score: [4;35m0.8371[0m
æ ‡ç­¾é‡Œ1çš„ä¸ªæ•°:  2150
æ ‡ç­¾é‡Œ0çš„ä¸ªæ•°:  2150
æ€»æ•°:  4300
æ­£ç¡®çš„ä¸ªæ•°:  3590
æœ€åä¸€ä¸ªæ‰¹æ¬¡çš„è¾“å‡º, ä¸æ»¡batchsizeæ˜¯æ­£å¸¸çš„:
 tensor([[0.8856],
        [0.8845],
        [0.9922],
        [0.1079],
        [0.8948],
        [0.0793],
        [0.3339],
        [0.2242],
        [0.8424],
        [0.8575],
        [0.0533],
        [0.0271]], device='cuda:0', grad_fn=<SigmoidBackward0>)
Epoch [10/100], T_AUC: [4m0.8404[0m
Epoch [10/100], Loss: 15.5184
val_Accuracy: [92m0.7814[0m
val_Precision: [4;34m0.7720[0m,               val_Recall: [4;33m0.7820[0m,                 val_F1 Score: [4;35m0.7728[0m
æ ‡ç­¾é‡Œ1çš„ä¸ªæ•°:  430
æ ‡ç­¾é‡Œ0çš„ä¸ªæ•°:  430
æ€»æ•°:  860
æ­£ç¡®çš„ä¸ªæ•°:  672
Epoch [10/100], V_AUC: [4m0.7774[0m
Epoch [11/100], Loss: 51.4899
train_Accuracy: [91m0.8342[0m
train_Precision: [4;34m0.8230[0m,               train_Recall: [4;33m0.8616[0m,                 train_F1 Score: [4;35m0.8369[0m
æ ‡ç­¾é‡Œ1çš„ä¸ªæ•°:  2150
æ ‡ç­¾é‡Œ0çš„ä¸ªæ•°:  2150
æ€»æ•°:  4300
æ­£ç¡®çš„ä¸ªæ•°:  3587
æœ€åä¸€ä¸ªæ‰¹æ¬¡çš„è¾“å‡º, ä¸æ»¡batchsizeæ˜¯æ­£å¸¸çš„:
 tensor([[0.8697],
        [0.9056],
        [0.9907],
        [0.0852],
        [0.9286],
        [0.0617],
        [0.3027],
        [0.1967],
        [0.9485],
        [0.8339],
        [0.0432],
        [0.0209]], device='cuda:0', grad_fn=<SigmoidBackward0>)
Epoch [11/100], T_AUC: [4m0.8393[0m
Epoch [11/100], Loss: 16.0686
val_Accuracy: [92m0.7779[0m
val_Precision: [4;34m0.7767[0m,               val_Recall: [4;33m0.7662[0m,                 val_F1 Score: [4;35m0.7663[0m
æ ‡ç­¾é‡Œ1çš„ä¸ªæ•°:  430
æ ‡ç­¾é‡Œ0çš„ä¸ªæ•°:  430
æ€»æ•°:  860
æ­£ç¡®çš„ä¸ªæ•°:  669
Epoch [11/100], V_AUC: [4m0.7739[0m
Epoch [12/100], Loss: 50.2394
train_Accuracy: [91m0.8423[0m
train_Precision: [4;34m0.8311[0m,               train_Recall: [4;33m0.8682[0m,                 train_F1 Score: [4;35m0.8445[0m
æ ‡ç­¾é‡Œ1çš„ä¸ªæ•°:  2150
æ ‡ç­¾é‡Œ0çš„ä¸ªæ•°:  2150
æ€»æ•°:  4300
æ­£ç¡®çš„ä¸ªæ•°:  3622
æœ€åä¸€ä¸ªæ‰¹æ¬¡çš„è¾“å‡º, ä¸æ»¡batchsizeæ˜¯æ­£å¸¸çš„:
 tensor([[0.8861],
        [0.8685],
        [0.9923],
        [0.0837],
        [0.9520],
        [0.0494],
        [0.2465],
        [0.1140],
        [0.9589],
        [0.8212],
        [0.0643],
        [0.0241]], device='cuda:0', grad_fn=<SigmoidBackward0>)
Epoch [12/100], T_AUC: [4m0.8474[0m
Epoch [12/100], Loss: 16.3540
val_Accuracy: [92m0.7826[0m
val_Precision: [4;34m0.7795[0m,               val_Recall: [4;33m0.7756[0m,                 val_F1 Score: [4;35m0.7733[0m
æ ‡ç­¾é‡Œ1çš„ä¸ªæ•°:  430
æ ‡ç­¾é‡Œ0çš„ä¸ªæ•°:  430
æ€»æ•°:  860
æ­£ç¡®çš„ä¸ªæ•°:  673
Epoch [12/100], V_AUC: [4m0.7787[0m
Epoch [13/100], Loss: 50.1581
train_Accuracy: [91m0.8398[0m
train_Precision: [4;34m0.8289[0m,               train_Recall: [4;33m0.8637[0m,                 train_F1 Score: [4;35m0.8413[0m
æ ‡ç­¾é‡Œ1çš„ä¸ªæ•°:  2150
æ ‡ç­¾é‡Œ0çš„ä¸ªæ•°:  2150
æ€»æ•°:  4300
æ­£ç¡®çš„ä¸ªæ•°:  3611
æœ€åä¸€ä¸ªæ‰¹æ¬¡çš„è¾“å‡º, ä¸æ»¡batchsizeæ˜¯æ­£å¸¸çš„:
 tensor([[0.8875],
        [0.8877],
        [0.9927],
        [0.0879],
        [0.9746],
        [0.0512],
        [0.1869],
        [0.1187],
        [0.9344],
        [0.8908],
        [0.0334],
        [0.0268]], device='cuda:0', grad_fn=<SigmoidBackward0>)
Epoch [13/100], T_AUC: [4m0.8446[0m
Epoch [13/100], Loss: 16.0389
val_Accuracy: [92m0.7767[0m
val_Precision: [4;34m0.7730[0m,               val_Recall: [4;33m0.7711[0m,                 val_F1 Score: [4;35m0.7677[0m
æ ‡ç­¾é‡Œ1çš„ä¸ªæ•°:  430
æ ‡ç­¾é‡Œ0çš„ä¸ªæ•°:  430
æ€»æ•°:  860
æ­£ç¡®çš„ä¸ªæ•°:  668
Epoch [13/100], V_AUC: [4m0.7734[0m
Epoch [14/100], Loss: 48.1262
train_Accuracy: [91m0.8509[0m
train_Precision: [4;34m0.8400[0m,               train_Recall: [4;33m0.8739[0m,                 train_F1 Score: [4;35m0.8522[0m
æ ‡ç­¾é‡Œ1çš„ä¸ªæ•°:  2150
æ ‡ç­¾é‡Œ0çš„ä¸ªæ•°:  2150
æ€»æ•°:  4300
æ­£ç¡®çš„ä¸ªæ•°:  3659
æœ€åä¸€ä¸ªæ‰¹æ¬¡çš„è¾“å‡º, ä¸æ»¡batchsizeæ˜¯æ­£å¸¸çš„:
 tensor([[0.9180],
        [0.9187],
        [0.9922],
        [0.0888],
        [0.9697],
        [0.0696],
        [0.2778],
        [0.0421],
        [0.9231],
        [0.8581],
        [0.0512],
        [0.0216]], device='cuda:0', grad_fn=<SigmoidBackward0>)
Epoch [14/100], T_AUC: [4m0.8562[0m
Epoch [14/100], Loss: 16.4832
val_Accuracy: [92m0.7686[0m
val_Precision: [4;34m0.7627[0m,               val_Recall: [4;33m0.7666[0m,                 val_F1 Score: [4;35m0.7603[0m
æ ‡ç­¾é‡Œ1çš„ä¸ªæ•°:  430
æ ‡ç­¾é‡Œ0çš„ä¸ªæ•°:  430
æ€»æ•°:  860
æ­£ç¡®çš„ä¸ªæ•°:  661
Epoch [14/100], V_AUC: [4m0.7658[0m
Epoch [15/100], Loss: 48.3932
train_Accuracy: [91m0.8528[0m
train_Precision: [4;34m0.8427[0m,               train_Recall: [4;33m0.8754[0m,                 train_F1 Score: [4;35m0.8540[0m
æ ‡ç­¾é‡Œ1çš„ä¸ªæ•°:  2150
æ ‡ç­¾é‡Œ0çš„ä¸ªæ•°:  2150
æ€»æ•°:  4300
æ­£ç¡®çš„ä¸ªæ•°:  3667
æœ€åä¸€ä¸ªæ‰¹æ¬¡çš„è¾“å‡º, ä¸æ»¡batchsizeæ˜¯æ­£å¸¸çš„:
 tensor([[0.9390],
        [0.8393],
        [0.9910],
        [0.0825],
        [0.9741],
        [0.0859],
        [0.3751],
        [0.0473],
        [0.9129],
        [0.8857],
        [0.0457],
        [0.0169]], device='cuda:0', grad_fn=<SigmoidBackward0>)
Epoch [15/100], T_AUC: [4m0.8579[0m
Epoch [15/100], Loss: 16.1642
val_Accuracy: [92m0.7605[0m
val_Precision: [4;34m0.7575[0m,               val_Recall: [4;33m0.7474[0m,                 val_F1 Score: [4;35m0.7483[0m
æ ‡ç­¾é‡Œ1çš„ä¸ªæ•°:  430
æ ‡ç­¾é‡Œ0çš„ä¸ªæ•°:  430
æ€»æ•°:  860
æ­£ç¡®çš„ä¸ªæ•°:  654
Epoch [15/100], V_AUC: [4m0.7561[0m
Epoch [16/100], Loss: 46.2458
train_Accuracy: [91m0.8540[0m
train_Precision: [4;34m0.8431[0m,               train_Recall: [4;33m0.8775[0m,                 train_F1 Score: [4;35m0.8550[0m
æ ‡ç­¾é‡Œ1çš„ä¸ªæ•°:  2150
æ ‡ç­¾é‡Œ0çš„ä¸ªæ•°:  2150
æ€»æ•°:  4300
æ­£ç¡®çš„ä¸ªæ•°:  3672
æœ€åä¸€ä¸ªæ‰¹æ¬¡çš„è¾“å‡º, ä¸æ»¡batchsizeæ˜¯æ­£å¸¸çš„:
 tensor([[0.9184],
        [0.9155],
        [0.9824],
        [0.0595],
        [0.9874],
        [0.0651],
        [0.1175],
        [0.0995],
        [0.9018],
        [0.9239],
        [0.0718],
        [0.0186]], device='cuda:0', grad_fn=<SigmoidBackward0>)
Epoch [16/100], T_AUC: [4m0.8597[0m
Epoch [16/100], Loss: 16.8005
val_Accuracy: [92m0.7767[0m
val_Precision: [4;34m0.7758[0m,               val_Recall: [4;33m0.7563[0m,                 val_F1 Score: [4;35m0.7620[0m
æ ‡ç­¾é‡Œ1çš„ä¸ªæ•°:  430
æ ‡ç­¾é‡Œ0çš„ä¸ªæ•°:  430
æ€»æ•°:  860
æ­£ç¡®çš„ä¸ªæ•°:  668
Epoch [16/100], V_AUC: [4m0.7709[0m
Epoch [17/100], Loss: 44.3854
train_Accuracy: [91m0.8616[0m
train_Precision: [4;34m0.8492[0m,               train_Recall: [4;33m0.8854[0m,                 train_F1 Score: [4;35m0.8629[0m
æ ‡ç­¾é‡Œ1çš„ä¸ªæ•°:  2150
æ ‡ç­¾é‡Œ0çš„ä¸ªæ•°:  2150
æ€»æ•°:  4300
æ­£ç¡®çš„ä¸ªæ•°:  3705
æœ€åä¸€ä¸ªæ‰¹æ¬¡çš„è¾“å‡º, ä¸æ»¡batchsizeæ˜¯æ­£å¸¸çš„:
 tensor([[0.9430],
        [0.8785],
        [0.9935],
        [0.0338],
        [0.9877],
        [0.0438],
        [0.1572],
        [0.0606],
        [0.9765],
        [0.8737],
        [0.0426],
        [0.0197]], device='cuda:0', grad_fn=<SigmoidBackward0>)
Epoch [17/100], T_AUC: [4m0.8663[0m
Epoch [17/100], Loss: 17.4898
val_Accuracy: [92m0.7791[0m
val_Precision: [4;34m0.7860[0m,               val_Recall: [4;33m0.7521[0m,                 val_F1 Score: [4;35m0.7641[0m
æ ‡ç­¾é‡Œ1çš„ä¸ªæ•°:  430
æ ‡ç­¾é‡Œ0çš„ä¸ªæ•°:  430
æ€»æ•°:  860
æ­£ç¡®çš„ä¸ªæ•°:  670
Epoch [17/100], V_AUC: [4m0.7749[0m
Epoch [18/100], Loss: 43.3326
train_Accuracy: [91m0.8698[0m
train_Precision: [4;34m0.8633[0m,               train_Recall: [4;33m0.8864[0m,                 train_F1 Score: [4;35m0.8707[0m
æ ‡ç­¾é‡Œ1çš„ä¸ªæ•°:  2150
æ ‡ç­¾é‡Œ0çš„ä¸ªæ•°:  2150
æ€»æ•°:  4300
æ­£ç¡®çš„ä¸ªæ•°:  3740
æœ€åä¸€ä¸ªæ‰¹æ¬¡çš„è¾“å‡º, ä¸æ»¡batchsizeæ˜¯æ­£å¸¸çš„:
 tensor([[0.9193],
        [0.9324],
        [0.9950],
        [0.0714],
        [0.9824],
        [0.0265],
        [0.1619],
        [0.0600],
        [0.9072],
        [0.9421],
        [0.0881],
        [0.0151]], device='cuda:0', grad_fn=<SigmoidBackward0>)
Epoch [18/100], T_AUC: [4m0.8749[0m
Epoch [18/100], Loss: 17.5554
val_Accuracy: [92m0.7674[0m
val_Precision: [4;34m0.7624[0m,               val_Recall: [4;33m0.7639[0m,                 val_F1 Score: [4;35m0.7578[0m
æ ‡ç­¾é‡Œ1çš„ä¸ªæ•°:  430
æ ‡ç­¾é‡Œ0çš„ä¸ªæ•°:  430
æ€»æ•°:  860
æ­£ç¡®çš„ä¸ªæ•°:  660
Epoch [18/100], V_AUC: [4m0.7640[0m
Epoch [19/100], Loss: 41.7264
train_Accuracy: [91m0.8726[0m
train_Precision: [4;34m0.8581[0m,               train_Recall: [4;33m0.8968[0m,                 train_F1 Score: [4;35m0.8731[0m
æ ‡ç­¾é‡Œ1çš„ä¸ªæ•°:  2150
æ ‡ç­¾é‡Œ0çš„ä¸ªæ•°:  2150
æ€»æ•°:  4300
æ­£ç¡®çš„ä¸ªæ•°:  3752
æœ€åä¸€ä¸ªæ‰¹æ¬¡çš„è¾“å‡º, ä¸æ»¡batchsizeæ˜¯æ­£å¸¸çš„:
 tensor([[0.8943],
        [0.9076],
        [0.9866],
        [0.0504],
        [0.9925],
        [0.0213],
        [0.1120],
        [0.0512],
        [0.9806],
        [0.9745],
        [0.0397],
        [0.0109]], device='cuda:0', grad_fn=<SigmoidBackward0>)
Epoch [19/100], T_AUC: [4m0.8777[0m
Epoch [19/100], Loss: 18.8398
val_Accuracy: [92m0.7837[0m
val_Precision: [4;34m0.7795[0m,               val_Recall: [4;33m0.7783[0m,                 val_F1 Score: [4;35m0.7755[0m
æ ‡ç­¾é‡Œ1çš„ä¸ªæ•°:  430
æ ‡ç­¾é‡Œ0çš„ä¸ªæ•°:  430
æ€»æ•°:  860
æ­£ç¡®çš„ä¸ªæ•°:  674
Epoch [19/100], V_AUC: [4m0.7802[0m
Epoch [20/100], Loss: 40.1612
train_Accuracy: [91m0.8779[0m
train_Precision: [4;34m0.8669[0m,               train_Recall: [4;33m0.8981[0m,                 train_F1 Score: [4;35m0.8784[0m
æ ‡ç­¾é‡Œ1çš„ä¸ªæ•°:  2150
æ ‡ç­¾é‡Œ0çš„ä¸ªæ•°:  2150
æ€»æ•°:  4300
æ­£ç¡®çš„ä¸ªæ•°:  3775
æœ€åä¸€ä¸ªæ‰¹æ¬¡çš„è¾“å‡º, ä¸æ»¡batchsizeæ˜¯æ­£å¸¸çš„:
 tensor([[0.9276],
        [0.9111],
        [0.9911],
        [0.0456],
        [0.9974],
        [0.0132],
        [0.0756],
        [0.0316],
        [0.9575],
        [0.9639],
        [0.0530],
        [0.0229]], device='cuda:0', grad_fn=<SigmoidBackward0>)
Epoch [20/100], T_AUC: [4m0.8827[0m
Epoch [20/100], Loss: 18.4966
val_Accuracy: [92m0.7663[0m
val_Precision: [4;34m0.7528[0m,               val_Recall: [4;33m0.7758[0m,                 val_F1 Score: [4;35m0.7604[0m
æ ‡ç­¾é‡Œ1çš„ä¸ªæ•°:  430
æ ‡ç­¾é‡Œ0çš„ä¸ªæ•°:  430
æ€»æ•°:  860
æ­£ç¡®çš„ä¸ªæ•°:  659
Epoch [20/100], V_AUC: [4m0.7624[0m
Epoch [21/100], Loss: 39.9547
train_Accuracy: [91m0.8814[0m
train_Precision: [4;34m0.8700[0m,               train_Recall: [4;33m0.9026[0m,                 train_F1 Score: [4;35m0.8825[0m
æ ‡ç­¾é‡Œ1çš„ä¸ªæ•°:  2150
æ ‡ç­¾é‡Œ0çš„ä¸ªæ•°:  2150
æ€»æ•°:  4300
æ­£ç¡®çš„ä¸ªæ•°:  3790
æœ€åä¸€ä¸ªæ‰¹æ¬¡çš„è¾“å‡º, ä¸æ»¡batchsizeæ˜¯æ­£å¸¸çš„:
 tensor([[0.9499],
        [0.8590],
        [0.9981],
        [0.0728],
        [0.9935],
        [0.0234],
        [0.2484],
        [0.0281],
        [0.9493],
        [0.9681],
        [0.0079],
        [0.0082]], device='cuda:0', grad_fn=<SigmoidBackward0>)
Epoch [21/100], T_AUC: [4m0.8853[0m
Epoch [21/100], Loss: 19.7289
val_Accuracy: [92m0.7779[0m
val_Precision: [4;34m0.7821[0m,               val_Recall: [4;33m0.7578[0m,                 val_F1 Score: [4;35m0.7660[0m
æ ‡ç­¾é‡Œ1çš„ä¸ªæ•°:  430
æ ‡ç­¾é‡Œ0çš„ä¸ªæ•°:  430
æ€»æ•°:  860
æ­£ç¡®çš„ä¸ªæ•°:  669
Epoch [21/100], V_AUC: [4m0.7737[0m
Epoch [22/100], Loss: 39.3135
train_Accuracy: [91m0.8793[0m
train_Precision: [4;34m0.8644[0m,               train_Recall: [4;33m0.9049[0m,                 train_F1 Score: [4;35m0.8805[0m
æ ‡ç­¾é‡Œ1çš„ä¸ªæ•°:  2150
æ ‡ç­¾é‡Œ0çš„ä¸ªæ•°:  2150
æ€»æ•°:  4300
æ­£ç¡®çš„ä¸ªæ•°:  3781
æœ€åä¸€ä¸ªæ‰¹æ¬¡çš„è¾“å‡º, ä¸æ»¡batchsizeæ˜¯æ­£å¸¸çš„:
 tensor([[0.9599],
        [0.7988],
        [0.9964],
        [0.0523],
        [0.9833],
        [0.0369],
        [0.0840],
        [0.0289],
        [0.9798],
        [0.9325],
        [0.0378],
        [0.0215]], device='cuda:0', grad_fn=<SigmoidBackward0>)
Epoch [22/100], T_AUC: [4m0.8836[0m
Epoch [22/100], Loss: 20.1783
val_Accuracy: [92m0.7605[0m
val_Precision: [4;34m0.7462[0m,               val_Recall: [4;33m0.7732[0m,                 val_F1 Score: [4;35m0.7552[0m
æ ‡ç­¾é‡Œ1çš„ä¸ªæ•°:  430
æ ‡ç­¾é‡Œ0çš„ä¸ªæ•°:  430
æ€»æ•°:  860
æ­£ç¡®çš„ä¸ªæ•°:  654
Epoch [22/100], V_AUC: [4m0.7587[0m
Epoch [23/100], Loss: 37.8013
train_Accuracy: [91m0.8923[0m
train_Precision: [4;34m0.8833[0m,               train_Recall: [4;33m0.9097[0m,                 train_F1 Score: [4;35m0.8922[0m
æ ‡ç­¾é‡Œ1çš„ä¸ªæ•°:  2150
æ ‡ç­¾é‡Œ0çš„ä¸ªæ•°:  2150
æ€»æ•°:  4300
æ­£ç¡®çš„ä¸ªæ•°:  3837
æœ€åä¸€ä¸ªæ‰¹æ¬¡çš„è¾“å‡º, ä¸æ»¡batchsizeæ˜¯æ­£å¸¸çš„:
 tensor([[0.9596],
        [0.9446],
        [0.9976],
        [0.0353],
        [0.9984],
        [0.0093],
        [0.0611],
        [0.0341],
        [0.9652],
        [0.9551],
        [0.0144],
        [0.0096]], device='cuda:0', grad_fn=<SigmoidBackward0>)
Epoch [23/100], T_AUC: [4m0.8975[0m
Epoch [23/100], Loss: 19.4298
val_Accuracy: [92m0.7581[0m
val_Precision: [4;34m0.7475[0m,               val_Recall: [4;33m0.7622[0m,                 val_F1 Score: [4;35m0.7509[0m
æ ‡ç­¾é‡Œ1çš„ä¸ªæ•°:  430
æ ‡ç­¾é‡Œ0çš„ä¸ªæ•°:  430
æ€»æ•°:  860
æ­£ç¡®çš„ä¸ªæ•°:  652
Epoch [23/100], V_AUC: [4m0.7529[0m
Epoch [24/100], Loss: 34.4236
train_Accuracy: [91m0.9023[0m
train_Precision: [4;34m0.8940[0m,               train_Recall: [4;33m0.9178[0m,                 train_F1 Score: [4;35m0.9022[0m
æ ‡ç­¾é‡Œ1çš„ä¸ªæ•°:  2150
æ ‡ç­¾é‡Œ0çš„ä¸ªæ•°:  2150
æ€»æ•°:  4300
æ­£ç¡®çš„ä¸ªæ•°:  3880
æœ€åä¸€ä¸ªæ‰¹æ¬¡çš„è¾“å‡º, ä¸æ»¡batchsizeæ˜¯æ­£å¸¸çš„:
 tensor([[0.9774],
        [0.9739],
        [0.9930],
        [0.0359],
        [0.9986],
        [0.0373],
        [0.0447],
        [0.0104],
        [0.9097],
        [0.9853],
        [0.0091],
        [0.0145]], device='cuda:0', grad_fn=<SigmoidBackward0>)
Epoch [24/100], T_AUC: [4m0.9070[0m
Epoch [24/100], Loss: 20.6168
val_Accuracy: [92m0.7628[0m
val_Precision: [4;34m0.7541[0m,               val_Recall: [4;33m0.7683[0m,                 val_F1 Score: [4;35m0.7553[0m
æ ‡ç­¾é‡Œ1çš„ä¸ªæ•°:  430
æ ‡ç­¾é‡Œ0çš„ä¸ªæ•°:  430
æ€»æ•°:  860
æ­£ç¡®çš„ä¸ªæ•°:  656
Epoch [24/100], V_AUC: [4m0.7590[0m
Epoch [25/100], Loss: 34.1744
train_Accuracy: [91m0.9012[0m
train_Precision: [4;34m0.8932[0m,               train_Recall: [4;33m0.9154[0m,                 train_F1 Score: [4;35m0.9010[0m
æ ‡ç­¾é‡Œ1çš„ä¸ªæ•°:  2150
æ ‡ç­¾é‡Œ0çš„ä¸ªæ•°:  2150
æ€»æ•°:  4300
æ­£ç¡®çš„ä¸ªæ•°:  3875
æœ€åä¸€ä¸ªæ‰¹æ¬¡çš„è¾“å‡º, ä¸æ»¡batchsizeæ˜¯æ­£å¸¸çš„:
 tensor([[0.9826],
        [0.9499],
        [0.9977],
        [0.0251],
        [0.9996],
        [0.0056],
        [0.0654],
        [0.0080],
        [0.9546],
        [0.9804],
        [0.0033],
        [0.0284]], device='cuda:0', grad_fn=<SigmoidBackward0>)
Epoch [25/100], T_AUC: [4m0.9053[0m
Epoch [25/100], Loss: 22.3114
val_Accuracy: [92m0.7628[0m
val_Precision: [4;34m0.7569[0m,               val_Recall: [4;33m0.7620[0m,                 val_F1 Score: [4;35m0.7542[0m
æ ‡ç­¾é‡Œ1çš„ä¸ªæ•°:  430
æ ‡ç­¾é‡Œ0çš„ä¸ªæ•°:  430
æ€»æ•°:  860
æ­£ç¡®çš„ä¸ªæ•°:  656
Epoch [25/100], V_AUC: [4m0.7584[0m
Epoch [26/100], Loss: 35.3587
train_Accuracy: [91m0.8972[0m
train_Precision: [4;34m0.8857[0m,               train_Recall: [4;33m0.9179[0m,                 train_F1 Score: [4;35m0.8981[0m
æ ‡ç­¾é‡Œ1çš„ä¸ªæ•°:  2150
æ ‡ç­¾é‡Œ0çš„ä¸ªæ•°:  2150
æ€»æ•°:  4300
æ­£ç¡®çš„ä¸ªæ•°:  3858
æœ€åä¸€ä¸ªæ‰¹æ¬¡çš„è¾“å‡º, ä¸æ»¡batchsizeæ˜¯æ­£å¸¸çš„:
 tensor([[0.9554],
        [0.9907],
        [0.9968],
        [0.0375],
        [0.9999],
        [0.0121],
        [0.0318],
        [0.0634],
        [0.8950],
        [0.9486],
        [0.0019],
        [0.0048]], device='cuda:0', grad_fn=<SigmoidBackward0>)
Epoch [26/100], T_AUC: [4m0.9016[0m
Epoch [26/100], Loss: 22.3896
val_Accuracy: [92m0.7570[0m
val_Precision: [4;34m0.7445[0m,               val_Recall: [4;33m0.7676[0m,                 val_F1 Score: [4;35m0.7510[0m
æ ‡ç­¾é‡Œ1çš„ä¸ªæ•°:  430
æ ‡ç­¾é‡Œ0çš„ä¸ªæ•°:  430
æ€»æ•°:  860
æ­£ç¡®çš„ä¸ªæ•°:  651
Epoch [26/100], V_AUC: [4m0.7522[0m
Epoch [27/100], Loss: 33.7818
train_Accuracy: [91m0.9044[0m
train_Precision: [4;34m0.8924[0m,               train_Recall: [4;33m0.9243[0m,                 train_F1 Score: [4;35m0.9044[0m
æ ‡ç­¾é‡Œ1çš„ä¸ªæ•°:  2150
æ ‡ç­¾é‡Œ0çš„ä¸ªæ•°:  2150
æ€»æ•°:  4300
æ­£ç¡®çš„ä¸ªæ•°:  3889
æœ€åä¸€ä¸ªæ‰¹æ¬¡çš„è¾“å‡º, ä¸æ»¡batchsizeæ˜¯æ­£å¸¸çš„:
 tensor([[0.8933],
        [0.9792],
        [0.9990],
        [0.0477],
        [0.9996],
        [0.0163],
        [0.0118],
        [0.0714],
        [0.9564],
        [0.9799],
        [0.0038],
        [0.0040]], device='cuda:0', grad_fn=<SigmoidBackward0>)
Epoch [27/100], T_AUC: [4m0.9092[0m
Epoch [27/100], Loss: 23.3377
val_Accuracy: [92m0.7512[0m
val_Precision: [4;34m0.7408[0m,               val_Recall: [4;33m0.7659[0m,                 val_F1 Score: [4;35m0.7480[0m
æ ‡ç­¾é‡Œ1çš„ä¸ªæ•°:  430
æ ‡ç­¾é‡Œ0çš„ä¸ªæ•°:  430
æ€»æ•°:  860
æ­£ç¡®çš„ä¸ªæ•°:  646
Epoch [27/100], V_AUC: [4m0.7488[0m
Epoch [28/100], Loss: 30.9479
train_Accuracy: [91m0.9149[0m
train_Precision: [4;34m0.9051[0m,               train_Recall: [4;33m0.9295[0m,                 train_F1 Score: [4;35m0.9145[0m
æ ‡ç­¾é‡Œ1çš„ä¸ªæ•°:  2150
æ ‡ç­¾é‡Œ0çš„ä¸ªæ•°:  2150
æ€»æ•°:  4300
æ­£ç¡®çš„ä¸ªæ•°:  3934
æœ€åä¸€ä¸ªæ‰¹æ¬¡çš„è¾“å‡º, ä¸æ»¡batchsizeæ˜¯æ­£å¸¸çš„:
 tensor([[0.9224],
        [0.9567],
        [0.9974],
        [0.0297],
        [0.9999],
        [0.0152],
        [0.0213],
        [0.0239],
        [0.9453],
        [0.9933],
        [0.0033],
        [0.0057]], device='cuda:0', grad_fn=<SigmoidBackward0>)
Epoch [28/100], T_AUC: [4m0.9189[0m
Epoch [28/100], Loss: 21.5856
val_Accuracy: [92m0.7698[0m
val_Precision: [4;34m0.7603[0m,               val_Recall: [4;33m0.7695[0m,                 val_F1 Score: [4;35m0.7607[0m
æ ‡ç­¾é‡Œ1çš„ä¸ªæ•°:  430
æ ‡ç­¾é‡Œ0çš„ä¸ªæ•°:  430
æ€»æ•°:  860
æ­£ç¡®çš„ä¸ªæ•°:  662
Epoch [28/100], V_AUC: [4m0.7653[0m
Epoch [29/100], Loss: 28.9479
train_Accuracy: [91m0.9198[0m
train_Precision: [4;34m0.9098[0m,               train_Recall: [4;33m0.9329[0m,                 train_F1 Score: [4;35m0.9186[0m
æ ‡ç­¾é‡Œ1çš„ä¸ªæ•°:  2150
æ ‡ç­¾é‡Œ0çš„ä¸ªæ•°:  2150
æ€»æ•°:  4300
æ­£ç¡®çš„ä¸ªæ•°:  3955
æœ€åä¸€ä¸ªæ‰¹æ¬¡çš„è¾“å‡º, ä¸æ»¡batchsizeæ˜¯æ­£å¸¸çš„:
 tensor([[0.9722],
        [0.9930],
        [0.9988],
        [0.0419],
        [1.0000],
        [0.0023],
        [0.0226],
        [0.0234],
        [0.6754],
        [0.9824],
        [0.0015],
        [0.0296]], device='cuda:0', grad_fn=<SigmoidBackward0>)
Epoch [29/100], T_AUC: [4m0.9232[0m
Epoch [29/100], Loss: 22.8222
val_Accuracy: [92m0.7593[0m
val_Precision: [4;34m0.7576[0m,               val_Recall: [4;33m0.7499[0m,                 val_F1 Score: [4;35m0.7486[0m
æ ‡ç­¾é‡Œ1çš„ä¸ªæ•°:  430
æ ‡ç­¾é‡Œ0çš„ä¸ªæ•°:  430
æ€»æ•°:  860
æ­£ç¡®çš„ä¸ªæ•°:  653
Epoch [29/100], V_AUC: [4m0.7559[0m
Epoch [30/100], Loss: 26.6652
train_Accuracy: [91m0.9307[0m
train_Precision: [4;34m0.9227[0m,               train_Recall: [4;33m0.9425[0m,                 train_F1 Score: [4;35m0.9302[0m
æ ‡ç­¾é‡Œ1çš„ä¸ªæ•°:  2150
æ ‡ç­¾é‡Œ0çš„ä¸ªæ•°:  2150
æ€»æ•°:  4300
æ­£ç¡®çš„ä¸ªæ•°:  4002
æœ€åä¸€ä¸ªæ‰¹æ¬¡çš„è¾“å‡º, ä¸æ»¡batchsizeæ˜¯æ­£å¸¸çš„:
 tensor([[9.8544e-01],
        [9.7466e-01],
        [9.9902e-01],
        [3.4132e-02],
        [9.9993e-01],
        [2.0558e-03],
        [2.7862e-02],
        [1.9931e-02],
        [9.7868e-01],
        [9.8459e-01],
        [7.8121e-04],
        [7.4477e-03]], device='cuda:0', grad_fn=<SigmoidBackward0>)
Epoch [30/100], T_AUC: [4m0.9338[0m
Epoch [30/100], Loss: 23.3202
val_Accuracy: [92m0.7593[0m
val_Precision: [4;34m0.7578[0m,               val_Recall: [4;33m0.7516[0m,                 val_F1 Score: [4;35m0.7494[0m
æ ‡ç­¾é‡Œ1çš„ä¸ªæ•°:  430
æ ‡ç­¾é‡Œ0çš„ä¸ªæ•°:  430
æ€»æ•°:  860
æ­£ç¡®çš„ä¸ªæ•°:  653
Epoch [30/100], V_AUC: [4m0.7572[0m
Epoch [31/100], Loss: 23.1851
train_Accuracy: [91m0.9419[0m
train_Precision: [4;34m0.9345[0m,               train_Recall: [4;33m0.9525[0m,                 train_F1 Score: [4;35m0.9410[0m
æ ‡ç­¾é‡Œ1çš„ä¸ªæ•°:  2150
æ ‡ç­¾é‡Œ0çš„ä¸ªæ•°:  2150
æ€»æ•°:  4300
æ­£ç¡®çš„ä¸ªæ•°:  4050
æœ€åä¸€ä¸ªæ‰¹æ¬¡çš„è¾“å‡º, ä¸æ»¡batchsizeæ˜¯æ­£å¸¸çš„:
 tensor([[9.8511e-01],
        [9.9557e-01],
        [9.9940e-01],
        [3.0829e-02],
        [9.9996e-01],
        [1.0382e-03],
        [2.9010e-02],
        [6.4487e-03],
        [9.5431e-01],
        [9.9544e-01],
        [5.1946e-04],
        [4.8488e-03]], device='cuda:0', grad_fn=<SigmoidBackward0>)
Epoch [31/100], T_AUC: [4m0.9452[0m
Epoch [31/100], Loss: 27.0845
val_Accuracy: [92m0.7593[0m
val_Precision: [4;34m0.7645[0m,               val_Recall: [4;33m0.7351[0m,                 val_F1 Score: [4;35m0.7447[0m
æ ‡ç­¾é‡Œ1çš„ä¸ªæ•°:  430
æ ‡ç­¾é‡Œ0çš„ä¸ªæ•°:  430
æ€»æ•°:  860
æ­£ç¡®çš„ä¸ªæ•°:  653
Epoch [31/100], V_AUC: [4m0.7551[0m
Epoch [32/100], Loss: 22.9671
train_Accuracy: [91m0.9379[0m
train_Precision: [4;34m0.9300[0m,               train_Recall: [4;33m0.9503[0m,                 train_F1 Score: [4;35m0.9372[0m
æ ‡ç­¾é‡Œ1çš„ä¸ªæ•°:  2150
æ ‡ç­¾é‡Œ0çš„ä¸ªæ•°:  2150
æ€»æ•°:  4300
æ­£ç¡®çš„ä¸ªæ•°:  4033
æœ€åä¸€ä¸ªæ‰¹æ¬¡çš„è¾“å‡º, ä¸æ»¡batchsizeæ˜¯æ­£å¸¸çš„:
 tensor([[0.9889],
        [0.9824],
        [0.9980],
        [0.0102],
        [1.0000],
        [0.0014],
        [0.0049],
        [0.0510],
        [0.9847],
        [0.9876],
        [0.0016],
        [0.0127]], device='cuda:0', grad_fn=<SigmoidBackward0>)
Epoch [32/100], T_AUC: [4m0.9414[0m
Epoch [32/100], Loss: 27.4114
val_Accuracy: [92m0.7326[0m
val_Precision: [4;34m0.7152[0m,               val_Recall: [4;33m0.7701[0m,                 val_F1 Score: [4;35m0.7365[0m
æ ‡ç­¾é‡Œ1çš„ä¸ªæ•°:  430
æ ‡ç­¾é‡Œ0çš„ä¸ªæ•°:  430
æ€»æ•°:  860
æ­£ç¡®çš„ä¸ªæ•°:  630
Epoch [32/100], V_AUC: [4m0.7313[0m
Epoch [33/100], Loss: 26.7103
train_Accuracy: [91m0.9230[0m
train_Precision: [4;34m0.9145[0m,               train_Recall: [4;33m0.9359[0m,                 train_F1 Score: [4;35m0.9222[0m
æ ‡ç­¾é‡Œ1çš„ä¸ªæ•°:  2150
æ ‡ç­¾é‡Œ0çš„ä¸ªæ•°:  2150
æ€»æ•°:  4300
æ­£ç¡®çš„ä¸ªæ•°:  3969
æœ€åä¸€ä¸ªæ‰¹æ¬¡çš„è¾“å‡º, ä¸æ»¡batchsizeæ˜¯æ­£å¸¸çš„:
 tensor([[9.1255e-01],
        [9.8789e-01],
        [9.9989e-01],
        [1.8023e-02],
        [9.9993e-01],
        [8.7958e-03],
        [1.5129e-01],
        [4.7533e-03],
        [9.6549e-01],
        [9.8456e-01],
        [9.6749e-04],
        [1.9693e-03]], device='cuda:0', grad_fn=<SigmoidBackward0>)
Epoch [33/100], T_AUC: [4m0.9260[0m
Epoch [33/100], Loss: 27.2457
val_Accuracy: [92m0.7686[0m
val_Precision: [4;34m0.7638[0m,               val_Recall: [4;33m0.7649[0m,                 val_F1 Score: [4;35m0.7596[0m
æ ‡ç­¾é‡Œ1çš„ä¸ªæ•°:  430
æ ‡ç­¾é‡Œ0çš„ä¸ªæ•°:  430
æ€»æ•°:  860
æ­£ç¡®çš„ä¸ªæ•°:  661
Epoch [33/100], V_AUC: [4m0.7662[0m
Epoch [34/100], Loss: 27.4645
train_Accuracy: [91m0.9200[0m
train_Precision: [4;34m0.9100[0m,               train_Recall: [4;33m0.9356[0m,                 train_F1 Score: [4;35m0.9196[0m
æ ‡ç­¾é‡Œ1çš„ä¸ªæ•°:  2150
æ ‡ç­¾é‡Œ0çš„ä¸ªæ•°:  2150
æ€»æ•°:  4300
æ­£ç¡®çš„ä¸ªæ•°:  3956
æœ€åä¸€ä¸ªæ‰¹æ¬¡çš„è¾“å‡º, ä¸æ»¡batchsizeæ˜¯æ­£å¸¸çš„:
 tensor([[9.8943e-01],
        [9.9826e-01],
        [9.9756e-01],
        [6.0422e-02],
        [9.9989e-01],
        [2.5637e-04],
        [3.4587e-02],
        [9.1223e-03],
        [8.4891e-01],
        [9.9861e-01],
        [2.8211e-03],
        [1.8214e-03]], device='cuda:0', grad_fn=<SigmoidBackward0>)
Epoch [34/100], T_AUC: [4m0.9234[0m
Epoch [34/100], Loss: 27.2186
val_Accuracy: [92m0.7500[0m
val_Precision: [4;34m0.7433[0m,               val_Recall: [4;33m0.7479[0m,                 val_F1 Score: [4;35m0.7415[0m
æ ‡ç­¾é‡Œ1çš„ä¸ªæ•°:  430
æ ‡ç­¾é‡Œ0çš„ä¸ªæ•°:  430
æ€»æ•°:  860
æ­£ç¡®çš„ä¸ªæ•°:  645
Epoch [34/100], V_AUC: [4m0.7469[0m
Epoch [35/100], Loss: 23.0210
train_Accuracy: [91m0.9356[0m
train_Precision: [4;34m0.9261[0m,               train_Recall: [4;33m0.9496[0m,                 train_F1 Score: [4;35m0.9348[0m
æ ‡ç­¾é‡Œ1çš„ä¸ªæ•°:  2150
æ ‡ç­¾é‡Œ0çš„ä¸ªæ•°:  2150
æ€»æ•°:  4300
æ­£ç¡®çš„ä¸ªæ•°:  4023
æœ€åä¸€ä¸ªæ‰¹æ¬¡çš„è¾“å‡º, ä¸æ»¡batchsizeæ˜¯æ­£å¸¸çš„:
 tensor([[9.9810e-01],
        [9.9404e-01],
        [9.9745e-01],
        [2.6357e-02],
        [9.9997e-01],
        [3.0974e-04],
        [8.7307e-03],
        [2.2881e-02],
        [9.7754e-01],
        [9.9683e-01],
        [7.6296e-04],
        [7.6913e-04]], device='cuda:0', grad_fn=<SigmoidBackward0>)
Epoch [35/100], T_AUC: [4m0.9394[0m
Epoch [35/100], Loss: 26.8300
val_Accuracy: [92m0.7605[0m
val_Precision: [4;34m0.7607[0m,               val_Recall: [4;33m0.7522[0m,                 val_F1 Score: [4;35m0.7511[0m
æ ‡ç­¾é‡Œ1çš„ä¸ªæ•°:  430
æ ‡ç­¾é‡Œ0çš„ä¸ªæ•°:  430
æ€»æ•°:  860
æ­£ç¡®çš„ä¸ªæ•°:  654
Epoch [35/100], V_AUC: [4m0.7597[0m
Epoch [36/100], Loss: 20.2475
train_Accuracy: [91m0.9460[0m
train_Precision: [4;34m0.9379[0m,               train_Recall: [4;33m0.9563[0m,                 train_F1 Score: [4;35m0.9449[0m
æ ‡ç­¾é‡Œ1çš„ä¸ªæ•°:  2150
æ ‡ç­¾é‡Œ0çš„ä¸ªæ•°:  2150
æ€»æ•°:  4300
æ­£ç¡®çš„ä¸ªæ•°:  4068
æœ€åä¸€ä¸ªæ‰¹æ¬¡çš„è¾“å‡º, ä¸æ»¡batchsizeæ˜¯æ­£å¸¸çš„:
 tensor([[9.8950e-01],
        [9.9417e-01],
        [9.9743e-01],
        [8.3431e-03],
        [1.0000e+00],
        [2.1044e-04],
        [4.6828e-02],
        [3.8801e-03],
        [9.6415e-01],
        [9.9937e-01],
        [3.5955e-04],
        [3.3673e-03]], device='cuda:0', grad_fn=<SigmoidBackward0>)
Epoch [36/100], T_AUC: [4m0.9486[0m
Epoch [36/100], Loss: 28.5522
val_Accuracy: [92m0.7581[0m
val_Precision: [4;34m0.7582[0m,               val_Recall: [4;33m0.7506[0m,                 val_F1 Score: [4;35m0.7500[0m
æ ‡ç­¾é‡Œ1çš„ä¸ªæ•°:  430
æ ‡ç­¾é‡Œ0çš„ä¸ªæ•°:  430
æ€»æ•°:  860
æ­£ç¡®çš„ä¸ªæ•°:  652
Epoch [36/100], V_AUC: [4m0.7572[0m
Epoch [37/100], Loss: 18.4636
train_Accuracy: [91m0.9514[0m
train_Precision: [4;34m0.9456[0m,               train_Recall: [4;33m0.9589[0m,                 train_F1 Score: [4;35m0.9499[0m
æ ‡ç­¾é‡Œ1çš„ä¸ªæ•°:  2150
æ ‡ç­¾é‡Œ0çš„ä¸ªæ•°:  2150
æ€»æ•°:  4300
æ­£ç¡®çš„ä¸ªæ•°:  4091
æœ€åä¸€ä¸ªæ‰¹æ¬¡çš„è¾“å‡º, ä¸æ»¡batchsizeæ˜¯æ­£å¸¸çš„:
 tensor([[9.9379e-01],
        [9.8710e-01],
        [9.9986e-01],
        [3.7661e-03],
        [1.0000e+00],
        [8.8576e-05],
        [1.6235e-02],
        [4.0768e-03],
        [9.7155e-01],
        [9.9858e-01],
        [8.1141e-05],
        [6.2230e-03]], device='cuda:0', grad_fn=<SigmoidBackward0>)
Epoch [37/100], T_AUC: [4m0.9544[0m
Epoch [37/100], Loss: 33.6613
val_Accuracy: [92m0.7779[0m
val_Precision: [4;34m0.7828[0m,               val_Recall: [4;33m0.7615[0m,                 val_F1 Score: [4;35m0.7674[0m
æ ‡ç­¾é‡Œ1çš„ä¸ªæ•°:  430
æ ‡ç­¾é‡Œ0çš„ä¸ªæ•°:  430
æ€»æ•°:  860
æ­£ç¡®çš„ä¸ªæ•°:  669
Epoch [37/100], V_AUC: [4m0.7752[0m
Epoch [38/100], Loss: 19.4037
train_Accuracy: [91m0.9481[0m
train_Precision: [4;34m0.9390[0m,               train_Recall: [4;33m0.9606[0m,                 train_F1 Score: [4;35m0.9476[0m
æ ‡ç­¾é‡Œ1çš„ä¸ªæ•°:  2150
æ ‡ç­¾é‡Œ0çš„ä¸ªæ•°:  2150
æ€»æ•°:  4300
æ­£ç¡®çš„ä¸ªæ•°:  4077
æœ€åä¸€ä¸ªæ‰¹æ¬¡çš„è¾“å‡º, ä¸æ»¡batchsizeæ˜¯æ­£å¸¸çš„:
 tensor([[9.9326e-01],
        [9.9344e-01],
        [9.9791e-01],
        [2.8341e-02],
        [1.0000e+00],
        [1.7810e-05],
        [1.5802e-02],
        [1.3728e-02],
        [9.6319e-01],
        [9.9878e-01],
        [6.8090e-04],
        [3.7012e-03]], device='cuda:0', grad_fn=<SigmoidBackward0>)
Epoch [38/100], T_AUC: [4m0.9509[0m
Epoch [38/100], Loss: 32.5109
val_Accuracy: [92m0.7616[0m
val_Precision: [4;34m0.7461[0m,               val_Recall: [4;33m0.7748[0m,                 val_F1 Score: [4;35m0.7543[0m
æ ‡ç­¾é‡Œ1çš„ä¸ªæ•°:  430
æ ‡ç­¾é‡Œ0çš„ä¸ªæ•°:  430
æ€»æ•°:  860
æ­£ç¡®çš„ä¸ªæ•°:  655
Epoch [38/100], V_AUC: [4m0.7584[0m
Epoch [39/100], Loss: 17.5238
train_Accuracy: [91m0.9570[0m
train_Precision: [4;34m0.9490[0m,               train_Recall: [4;33m0.9662[0m,                 train_F1 Score: [4;35m0.9557[0m
æ ‡ç­¾é‡Œ1çš„ä¸ªæ•°:  2150
æ ‡ç­¾é‡Œ0çš„ä¸ªæ•°:  2150
æ€»æ•°:  4300
æ­£ç¡®çš„ä¸ªæ•°:  4115
æœ€åä¸€ä¸ªæ‰¹æ¬¡çš„è¾“å‡º, ä¸æ»¡batchsizeæ˜¯æ­£å¸¸çš„:
 tensor([[9.9247e-01],
        [9.9905e-01],
        [9.9953e-01],
        [4.6350e-03],
        [1.0000e+00],
        [8.5235e-06],
        [1.1692e-02],
        [1.2060e-02],
        [6.2957e-01],
        [9.9036e-01],
        [1.1511e-03],
        [1.3412e-02]], device='cuda:0', grad_fn=<SigmoidBackward0>)
Epoch [39/100], T_AUC: [4m0.9590[0m
Epoch [39/100], Loss: 37.6028
val_Accuracy: [92m0.7756[0m
val_Precision: [4;34m0.7872[0m,               val_Recall: [4;33m0.7504[0m,                 val_F1 Score: [4;35m0.7630[0m
æ ‡ç­¾é‡Œ1çš„ä¸ªæ•°:  430
æ ‡ç­¾é‡Œ0çš„ä¸ªæ•°:  430
æ€»æ•°:  860
æ­£ç¡®çš„ä¸ªæ•°:  667
Epoch [39/100], V_AUC: [4m0.7723[0m
Epoch [40/100], Loss: 16.4303
train_Accuracy: [91m0.9553[0m
train_Precision: [4;34m0.9491[0m,               train_Recall: [4;33m0.9640[0m,                 train_F1 Score: [4;35m0.9545[0m
æ ‡ç­¾é‡Œ1çš„ä¸ªæ•°:  2150
æ ‡ç­¾é‡Œ0çš„ä¸ªæ•°:  2150
æ€»æ•°:  4300
æ­£ç¡®çš„ä¸ªæ•°:  4108
æœ€åä¸€ä¸ªæ‰¹æ¬¡çš„è¾“å‡º, ä¸æ»¡batchsizeæ˜¯æ­£å¸¸çš„:
 tensor([[9.7603e-01],
        [9.9883e-01],
        [9.9833e-01],
        [2.3739e-03],
        [1.0000e+00],
        [6.3169e-05],
        [7.5673e-03],
        [2.2697e-02],
        [9.9852e-01],
        [9.9937e-01],
        [2.5300e-04],
        [1.4930e-03]], device='cuda:0', grad_fn=<SigmoidBackward0>)
Epoch [40/100], T_AUC: [4m0.9579[0m
Epoch [40/100], Loss: 41.8659
val_Accuracy: [92m0.7651[0m
val_Precision: [4;34m0.7635[0m,               val_Recall: [4;33m0.7605[0m,                 val_F1 Score: [4;35m0.7571[0m
æ ‡ç­¾é‡Œ1çš„ä¸ªæ•°:  430
æ ‡ç­¾é‡Œ0çš„ä¸ªæ•°:  430
æ€»æ•°:  860
æ­£ç¡®çš„ä¸ªæ•°:  658
Epoch [40/100], V_AUC: [4m0.7620[0m
Epoch [41/100], Loss: 16.6495
train_Accuracy: [91m0.9535[0m
train_Precision: [4;34m0.9463[0m,               train_Recall: [4;33m0.9633[0m,                 train_F1 Score: [4;35m0.9529[0m
æ ‡ç­¾é‡Œ1çš„ä¸ªæ•°:  2150
æ ‡ç­¾é‡Œ0çš„ä¸ªæ•°:  2150
æ€»æ•°:  4300
æ­£ç¡®çš„ä¸ªæ•°:  4100
æœ€åä¸€ä¸ªæ‰¹æ¬¡çš„è¾“å‡º, ä¸æ»¡batchsizeæ˜¯æ­£å¸¸çš„:
 tensor([[9.9121e-01],
        [9.9494e-01],
        [9.9981e-01],
        [4.5757e-03],
        [9.9999e-01],
        [2.0093e-03],
        [5.4606e-03],
        [2.5463e-02],
        [8.9433e-01],
        [9.9265e-01],
        [2.0894e-04],
        [1.4801e-02]], device='cuda:0', grad_fn=<SigmoidBackward0>)
Epoch [41/100], T_AUC: [4m0.9556[0m
Epoch [41/100], Loss: 39.7930
val_Accuracy: [92m0.7558[0m
val_Precision: [4;34m0.7567[0m,               val_Recall: [4;33m0.7467[0m,                 val_F1 Score: [4;35m0.7461[0m
æ ‡ç­¾é‡Œ1çš„ä¸ªæ•°:  430
æ ‡ç­¾é‡Œ0çš„ä¸ªæ•°:  430
æ€»æ•°:  860
æ­£ç¡®çš„ä¸ªæ•°:  650
Epoch [41/100], V_AUC: [4m0.7528[0m
Epoch [42/100], Loss: 15.8699
train_Accuracy: [91m0.9581[0m
train_Precision: [4;34m0.9494[0m,               train_Recall: [4;33m0.9686[0m,                 train_F1 Score: [4;35m0.9569[0m
æ ‡ç­¾é‡Œ1çš„ä¸ªæ•°:  2150
æ ‡ç­¾é‡Œ0çš„ä¸ªæ•°:  2150
æ€»æ•°:  4300
æ­£ç¡®çš„ä¸ªæ•°:  4120
æœ€åä¸€ä¸ªæ‰¹æ¬¡çš„è¾“å‡º, ä¸æ»¡batchsizeæ˜¯æ­£å¸¸çš„:
 tensor([[9.9060e-01],
        [9.4332e-01],
        [9.9945e-01],
        [1.0597e-02],
        [9.9999e-01],
        [2.7207e-05],
        [3.5823e-02],
        [2.0407e-02],
        [9.9917e-01],
        [9.9973e-01],
        [6.4603e-05],
        [1.6622e-03]], device='cuda:0', grad_fn=<SigmoidBackward0>)
Epoch [42/100], T_AUC: [4m0.9606[0m
Epoch [42/100], Loss: 43.3565
val_Accuracy: [92m0.7616[0m
val_Precision: [4;34m0.7627[0m,               val_Recall: [4;33m0.7457[0m,                 val_F1 Score: [4;35m0.7484[0m
æ ‡ç­¾é‡Œ1çš„ä¸ªæ•°:  430
æ ‡ç­¾é‡Œ0çš„ä¸ªæ•°:  430
æ€»æ•°:  860
æ­£ç¡®çš„ä¸ªæ•°:  655
Epoch [42/100], V_AUC: [4m0.7586[0m
Epoch [43/100], Loss: 14.5545
train_Accuracy: [91m0.9616[0m
train_Precision: [4;34m0.9555[0m,               train_Recall: [4;33m0.9696[0m,                 train_F1 Score: [4;35m0.9611[0m
æ ‡ç­¾é‡Œ1çš„ä¸ªæ•°:  2150
æ ‡ç­¾é‡Œ0çš„ä¸ªæ•°:  2150
æ€»æ•°:  4300
æ­£ç¡®çš„ä¸ªæ•°:  4135
æœ€åä¸€ä¸ªæ‰¹æ¬¡çš„è¾“å‡º, ä¸æ»¡batchsizeæ˜¯æ­£å¸¸çš„:
 tensor([[9.9513e-01],
        [9.9899e-01],
        [9.9456e-01],
        [9.5143e-03],
        [9.9993e-01],
        [5.0090e-04],
        [8.4663e-04],
        [1.8263e-03],
        [9.9955e-01],
        [9.9964e-01],
        [1.4510e-03],
        [4.2198e-03]], device='cuda:0', grad_fn=<SigmoidBackward0>)
Epoch [43/100], T_AUC: [4m0.9634[0m
Epoch [43/100], Loss: 48.9386
val_Accuracy: [92m0.7012[0m
val_Precision: [4;34m0.6712[0m,               val_Recall: [4;33m0.7718[0m,                 val_F1 Score: [4;35m0.7132[0m
æ ‡ç­¾é‡Œ1çš„ä¸ªæ•°:  430
æ ‡ç­¾é‡Œ0çš„ä¸ªæ•°:  430
æ€»æ•°:  860
æ­£ç¡®çš„ä¸ªæ•°:  603
Epoch [43/100], V_AUC: [4m0.6996[0m
Epoch [44/100], Loss: 14.7401
train_Accuracy: [91m0.9598[0m
train_Precision: [4;34m0.9487[0m,               train_Recall: [4;33m0.9718[0m,                 train_F1 Score: [4;35m0.9585[0m
æ ‡ç­¾é‡Œ1çš„ä¸ªæ•°:  2150
æ ‡ç­¾é‡Œ0çš„ä¸ªæ•°:  2150
æ€»æ•°:  4300
æ­£ç¡®çš„ä¸ªæ•°:  4127
æœ€åä¸€ä¸ªæ‰¹æ¬¡çš„è¾“å‡º, ä¸æ»¡batchsizeæ˜¯æ­£å¸¸çš„:
 tensor([[9.9382e-01],
        [9.8281e-01],
        [9.9985e-01],
        [1.1596e-02],
        [9.9960e-01],
        [1.1592e-04],
        [4.2306e-01],
        [4.6017e-04],
        [9.9925e-01],
        [9.9891e-01],
        [1.9964e-04],
        [4.8865e-03]], device='cuda:0', grad_fn=<SigmoidBackward0>)
Epoch [44/100], T_AUC: [4m0.9615[0m
Epoch [44/100], Loss: 39.8216
val_Accuracy: [92m0.7407[0m
val_Precision: [4;34m0.7377[0m,               val_Recall: [4;33m0.7374[0m,                 val_F1 Score: [4;35m0.7320[0m
æ ‡ç­¾é‡Œ1çš„ä¸ªæ•°:  430
æ ‡ç­¾é‡Œ0çš„ä¸ªæ•°:  430
æ€»æ•°:  860
æ­£ç¡®çš„ä¸ªæ•°:  637
Epoch [44/100], V_AUC: [4m0.7400[0m
Epoch [45/100], Loss: 15.7519
train_Accuracy: [91m0.9560[0m
train_Precision: [4;34m0.9491[0m,               train_Recall: [4;33m0.9641[0m,                 train_F1 Score: [4;35m0.9549[0m
æ ‡ç­¾é‡Œ1çš„ä¸ªæ•°:  2150
æ ‡ç­¾é‡Œ0çš„ä¸ªæ•°:  2150
æ€»æ•°:  4300
æ­£ç¡®çš„ä¸ªæ•°:  4111
æœ€åä¸€ä¸ªæ‰¹æ¬¡çš„è¾“å‡º, ä¸æ»¡batchsizeæ˜¯æ­£å¸¸çš„:
 tensor([[9.9492e-01],
        [9.9569e-01],
        [9.9957e-01],
        [6.3806e-03],
        [1.0000e+00],
        [2.3504e-06],
        [1.4205e-03],
        [2.2772e-02],
        [9.9974e-01],
        [9.9993e-01],
        [8.8353e-06],
        [2.8689e-03]], device='cuda:0', grad_fn=<SigmoidBackward0>)
Epoch [45/100], T_AUC: [4m0.9582[0m
Epoch [45/100], Loss: 47.0595
val_Accuracy: [92m0.7535[0m
val_Precision: [4;34m0.7612[0m,               val_Recall: [4;33m0.7307[0m,                 val_F1 Score: [4;35m0.7400[0m
æ ‡ç­¾é‡Œ1çš„ä¸ªæ•°:  430
æ ‡ç­¾é‡Œ0çš„ä¸ªæ•°:  430
æ€»æ•°:  860
æ­£ç¡®çš„ä¸ªæ•°:  648
Epoch [45/100], V_AUC: [4m0.7499[0m
Epoch [46/100], Loss: 14.3846
train_Accuracy: [91m0.9628[0m
train_Precision: [4;34m0.9565[0m,               train_Recall: [4;33m0.9703[0m,                 train_F1 Score: [4;35m0.9622[0m
æ ‡ç­¾é‡Œ1çš„ä¸ªæ•°:  2150
æ ‡ç­¾é‡Œ0çš„ä¸ªæ•°:  2150
æ€»æ•°:  4300
æ­£ç¡®çš„ä¸ªæ•°:  4140
æœ€åä¸€ä¸ªæ‰¹æ¬¡çš„è¾“å‡º, ä¸æ»¡batchsizeæ˜¯æ­£å¸¸çš„:
 tensor([[9.9745e-01],
        [9.9991e-01],
        [9.9988e-01],
        [2.9733e-02],
        [1.0000e+00],
        [2.0835e-04],
        [5.0063e-04],
        [2.0372e-03],
        [9.5064e-01],
        [9.9993e-01],
        [2.3282e-05],
        [7.3326e-04]], device='cuda:0', grad_fn=<SigmoidBackward0>)
Epoch [46/100], T_AUC: [4m0.9643[0m
Epoch [46/100], Loss: 50.3395
val_Accuracy: [92m0.7535[0m
val_Precision: [4;34m0.7648[0m,               val_Recall: [4;33m0.7273[0m,                 val_F1 Score: [4;35m0.7376[0m
æ ‡ç­¾é‡Œ1çš„ä¸ªæ•°:  430
æ ‡ç­¾é‡Œ0çš„ä¸ªæ•°:  430
æ€»æ•°:  860
æ­£ç¡®çš„ä¸ªæ•°:  648
Epoch [46/100], V_AUC: [4m0.7502[0m
Epoch [47/100], Loss: 13.3828
train_Accuracy: [91m0.9635[0m
train_Precision: [4;34m0.9563[0m,               train_Recall: [4;33m0.9714[0m,                 train_F1 Score: [4;35m0.9626[0m
æ ‡ç­¾é‡Œ1çš„ä¸ªæ•°:  2150
æ ‡ç­¾é‡Œ0çš„ä¸ªæ•°:  2150
æ€»æ•°:  4300
æ­£ç¡®çš„ä¸ªæ•°:  4143
æœ€åä¸€ä¸ªæ‰¹æ¬¡çš„è¾“å‡º, ä¸æ»¡batchsizeæ˜¯æ­£å¸¸çš„:
 tensor([[9.9492e-01],
        [9.9972e-01],
        [9.9961e-01],
        [1.8311e-02],
        [1.0000e+00],
        [1.3096e-04],
        [2.8163e-05],
        [5.1835e-03],
        [9.8367e-01],
        [9.9880e-01],
        [2.3381e-03],
        [3.7348e-03]], device='cuda:0', grad_fn=<SigmoidBackward0>)
Epoch [47/100], T_AUC: [4m0.9654[0m
Epoch [47/100], Loss: 55.9178
val_Accuracy: [92m0.7640[0m
val_Precision: [4;34m0.7753[0m,               val_Recall: [4;33m0.7318[0m,                 val_F1 Score: [4;35m0.7478[0m
æ ‡ç­¾é‡Œ1çš„ä¸ªæ•°:  430
æ ‡ç­¾é‡Œ0çš„ä¸ªæ•°:  430
æ€»æ•°:  860
æ­£ç¡®çš„ä¸ªæ•°:  657
Epoch [47/100], V_AUC: [4m0.7598[0m
Epoch [48/100], Loss: 14.2331
train_Accuracy: [91m0.9621[0m
train_Precision: [4;34m0.9514[0m,               train_Recall: [4;33m0.9728[0m,                 train_F1 Score: [4;35m0.9608[0m
æ ‡ç­¾é‡Œ1çš„ä¸ªæ•°:  2150
æ ‡ç­¾é‡Œ0çš„ä¸ªæ•°:  2150
æ€»æ•°:  4300
æ­£ç¡®çš„ä¸ªæ•°:  4137
æœ€åä¸€ä¸ªæ‰¹æ¬¡çš„è¾“å‡º, ä¸æ»¡batchsizeæ˜¯æ­£å¸¸çš„:
 tensor([[9.9954e-01],
        [9.9986e-01],
        [9.9985e-01],
        [3.6307e-03],
        [1.0000e+00],
        [7.6615e-06],
        [4.1185e-05],
        [1.3337e-01],
        [9.1709e-01],
        [9.9968e-01],
        [2.3051e-05],
        [2.6334e-04]], device='cuda:0', grad_fn=<SigmoidBackward0>)
Epoch [48/100], T_AUC: [4m0.9636[0m
Epoch [48/100], Loss: 46.8019
val_Accuracy: [92m0.7640[0m
val_Precision: [4;34m0.7639[0m,               val_Recall: [4;33m0.7520[0m,                 val_F1 Score: [4;35m0.7531[0m
æ ‡ç­¾é‡Œ1çš„ä¸ªæ•°:  430
æ ‡ç­¾é‡Œ0çš„ä¸ªæ•°:  430
æ€»æ•°:  860
æ­£ç¡®çš„ä¸ªæ•°:  657
Epoch [48/100], V_AUC: [4m0.7592[0m
Epoch [49/100], Loss: 16.7003
train_Accuracy: [91m0.9535[0m
train_Precision: [4;34m0.9447[0m,               train_Recall: [4;33m0.9647[0m,                 train_F1 Score: [4;35m0.9533[0m
æ ‡ç­¾é‡Œ1çš„ä¸ªæ•°:  2150
æ ‡ç­¾é‡Œ0çš„ä¸ªæ•°:  2150
æ€»æ•°:  4300
æ­£ç¡®çš„ä¸ªæ•°:  4100
æœ€åä¸€ä¸ªæ‰¹æ¬¡çš„è¾“å‡º, ä¸æ»¡batchsizeæ˜¯æ­£å¸¸çš„:
 tensor([[9.9704e-01],
        [9.9986e-01],
        [9.9609e-01],
        [9.7469e-03],
        [1.0000e+00],
        [8.5846e-07],
        [2.5280e-04],
        [2.4410e-01],
        [9.7794e-01],
        [9.9909e-01],
        [6.8755e-04],
        [3.3815e-03]], device='cuda:0', grad_fn=<SigmoidBackward0>)
Epoch [49/100], T_AUC: [4m0.9554[0m
Epoch [49/100], Loss: 49.3277
val_Accuracy: [92m0.7500[0m
val_Precision: [4;34m0.7447[0m,               val_Recall: [4;33m0.7400[0m,                 val_F1 Score: [4;35m0.7379[0m
æ ‡ç­¾é‡Œ1çš„ä¸ªæ•°:  430
æ ‡ç­¾é‡Œ0çš„ä¸ªæ•°:  430
æ€»æ•°:  860
æ­£ç¡®çš„ä¸ªæ•°:  645
Epoch [49/100], V_AUC: [4m0.7474[0m
Epoch [50/100], Loss: 20.3463
train_Accuracy: [91m0.9437[0m
train_Precision: [4;34m0.9328[0m,               train_Recall: [4;33m0.9587[0m,                 train_F1 Score: [4;35m0.9433[0m
æ ‡ç­¾é‡Œ1çš„ä¸ªæ•°:  2150
æ ‡ç­¾é‡Œ0çš„ä¸ªæ•°:  2150
æ€»æ•°:  4300
æ­£ç¡®çš„ä¸ªæ•°:  4058
æœ€åä¸€ä¸ªæ‰¹æ¬¡çš„è¾“å‡º, ä¸æ»¡batchsizeæ˜¯æ­£å¸¸çš„:
 tensor([[9.9527e-01],
        [9.9753e-01],
        [9.9899e-01],
        [2.8180e-02],
        [9.9997e-01],
        [1.6852e-03],
        [3.3689e-02],
        [8.1617e-04],
        [9.0717e-01],
        [9.9991e-01],
        [1.6023e-03],
        [1.8320e-03]], device='cuda:0', grad_fn=<SigmoidBackward0>)
Epoch [50/100], T_AUC: [4m0.9468[0m
Epoch [50/100], Loss: 60.1808
val_Accuracy: [92m0.7337[0m
val_Precision: [4;34m0.7277[0m,               val_Recall: [4;33m0.7379[0m,                 val_F1 Score: [4;35m0.7253[0m
æ ‡ç­¾é‡Œ1çš„ä¸ªæ•°:  430
æ ‡ç­¾é‡Œ0çš„ä¸ªæ•°:  430
æ€»æ•°:  860
æ­£ç¡®çš„ä¸ªæ•°:  631
Epoch [50/100], V_AUC: [4m0.7310[0m
Epoch [51/100], Loss: 16.4498
train_Accuracy: [91m0.9563[0m
train_Precision: [4;34m0.9505[0m,               train_Recall: [4;33m0.9644[0m,                 train_F1 Score: [4;35m0.9552[0m
æ ‡ç­¾é‡Œ1çš„ä¸ªæ•°:  2150
æ ‡ç­¾é‡Œ0çš„ä¸ªæ•°:  2150
æ€»æ•°:  4300
æ­£ç¡®çš„ä¸ªæ•°:  4112
æœ€åä¸€ä¸ªæ‰¹æ¬¡çš„è¾“å‡º, ä¸æ»¡batchsizeæ˜¯æ­£å¸¸çš„:
 tensor([[9.9988e-01],
        [9.9825e-01],
        [9.9989e-01],
        [5.8533e-03],
        [1.0000e+00],
        [1.8285e-06],
        [3.8845e-04],
        [3.5330e-04],
        [8.9210e-01],
        [9.9996e-01],
        [3.2509e-03],
        [5.2241e-04]], device='cuda:0', grad_fn=<SigmoidBackward0>)
Epoch [51/100], T_AUC: [4m0.9597[0m
Epoch [51/100], Loss: 58.4533
val_Accuracy: [92m0.7640[0m
val_Precision: [4;34m0.7694[0m,               val_Recall: [4;33m0.7352[0m,                 val_F1 Score: [4;35m0.7478[0m
æ ‡ç­¾é‡Œ1çš„ä¸ªæ•°:  430
æ ‡ç­¾é‡Œ0çš„ä¸ªæ•°:  430
æ€»æ•°:  860
æ­£ç¡®çš„ä¸ªæ•°:  657
Epoch [51/100], V_AUC: [4m0.7601[0m
Epoch [52/100], Loss: 11.5150
train_Accuracy: [91m0.9712[0m
train_Precision: [4;34m0.9641[0m,               train_Recall: [4;33m0.9796[0m,                 train_F1 Score: [4;35m0.9707[0m
æ ‡ç­¾é‡Œ1çš„ä¸ªæ•°:  2150
æ ‡ç­¾é‡Œ0çš„ä¸ªæ•°:  2150
æ€»æ•°:  4300
æ­£ç¡®çš„ä¸ªæ•°:  4176
æœ€åä¸€ä¸ªæ‰¹æ¬¡çš„è¾“å‡º, ä¸æ»¡batchsizeæ˜¯æ­£å¸¸çš„:
 tensor([[9.9997e-01],
        [9.9711e-01],
        [9.9930e-01],
        [5.0926e-03],
        [1.0000e+00],
        [6.2522e-07],
        [5.9243e-05],
        [1.2568e-04],
        [9.9906e-01],
        [9.9996e-01],
        [3.4474e-03],
        [6.8693e-03]], device='cuda:0', grad_fn=<SigmoidBackward0>)
Epoch [52/100], T_AUC: [4m0.9728[0m
Epoch [52/100], Loss: 56.0038
val_Accuracy: [92m0.7570[0m
val_Precision: [4;34m0.7541[0m,               val_Recall: [4;33m0.7472[0m,                 val_F1 Score: [4;35m0.7459[0m
æ ‡ç­¾é‡Œ1çš„ä¸ªæ•°:  430
æ ‡ç­¾é‡Œ0çš„ä¸ªæ•°:  430
æ€»æ•°:  860
æ­£ç¡®çš„ä¸ªæ•°:  651
Epoch [52/100], V_AUC: [4m0.7539[0m
Epoch [53/100], Loss: 9.5151
train_Accuracy: [91m0.9767[0m
train_Precision: [4;34m0.9756[0m,               train_Recall: [4;33m0.9790[0m,                 train_F1 Score: [4;35m0.9762[0m
æ ‡ç­¾é‡Œ1çš„ä¸ªæ•°:  2150
æ ‡ç­¾é‡Œ0çš„ä¸ªæ•°:  2150
æ€»æ•°:  4300
æ­£ç¡®çš„ä¸ªæ•°:  4200
æœ€åä¸€ä¸ªæ‰¹æ¬¡çš„è¾“å‡º, ä¸æ»¡batchsizeæ˜¯æ­£å¸¸çš„:
 tensor([[9.9989e-01],
        [9.9974e-01],
        [9.9993e-01],
        [2.9580e-03],
        [1.0000e+00],
        [8.9062e-07],
        [2.6054e-05],
        [1.8831e-03],
        [9.9658e-01],
        [9.9996e-01],
        [1.4205e-02],
        [1.7860e-03]], device='cuda:0', grad_fn=<SigmoidBackward0>)
Epoch [53/100], T_AUC: [4m0.9783[0m
Epoch [53/100], Loss: 54.8376
val_Accuracy: [92m0.7512[0m
val_Precision: [4;34m0.7591[0m,               val_Recall: [4;33m0.7221[0m,                 val_F1 Score: [4;35m0.7355[0m
æ ‡ç­¾é‡Œ1çš„ä¸ªæ•°:  430
æ ‡ç­¾é‡Œ0çš„ä¸ªæ•°:  430
æ€»æ•°:  860
æ­£ç¡®çš„ä¸ªæ•°:  646
Epoch [53/100], V_AUC: [4m0.7492[0m
Epoch [54/100], Loss: 9.1728
train_Accuracy: [91m0.9784[0m
train_Precision: [4;34m0.9726[0m,               train_Recall: [4;33m0.9842[0m,                 train_F1 Score: [4;35m0.9775[0m
æ ‡ç­¾é‡Œ1çš„ä¸ªæ•°:  2150
æ ‡ç­¾é‡Œ0çš„ä¸ªæ•°:  2150
æ€»æ•°:  4300
æ­£ç¡®çš„ä¸ªæ•°:  4207
æœ€åä¸€ä¸ªæ‰¹æ¬¡çš„è¾“å‡º, ä¸æ»¡batchsizeæ˜¯æ­£å¸¸çš„:
 tensor([[9.9960e-01],
        [9.9939e-01],
        [9.9878e-01],
        [1.6721e-02],
        [1.0000e+00],
        [1.6474e-06],
        [1.9359e-04],
        [1.4149e-03],
        [9.9744e-01],
        [9.9998e-01],
        [6.6114e-04],
        [1.2791e-04]], device='cuda:0', grad_fn=<SigmoidBackward0>)
Epoch [54/100], T_AUC: [4m0.9795[0m
Epoch [54/100], Loss: 59.7740
val_Accuracy: [92m0.7430[0m
val_Precision: [4;34m0.7392[0m,               val_Recall: [4;33m0.7328[0m,                 val_F1 Score: [4;35m0.7309[0m
æ ‡ç­¾é‡Œ1çš„ä¸ªæ•°:  430
æ ‡ç­¾é‡Œ0çš„ä¸ªæ•°:  430
æ€»æ•°:  860
æ­£ç¡®çš„ä¸ªæ•°:  639
Epoch [54/100], V_AUC: [4m0.7399[0m
Epoch [55/100], Loss: 7.7779
train_Accuracy: [91m0.9823[0m
train_Precision: [4;34m0.9801[0m,               train_Recall: [4;33m0.9855[0m,                 train_F1 Score: [4;35m0.9822[0m
æ ‡ç­¾é‡Œ1çš„ä¸ªæ•°:  2150
æ ‡ç­¾é‡Œ0çš„ä¸ªæ•°:  2150
æ€»æ•°:  4300
æ­£ç¡®çš„ä¸ªæ•°:  4224
æœ€åä¸€ä¸ªæ‰¹æ¬¡çš„è¾“å‡º, ä¸æ»¡batchsizeæ˜¯æ­£å¸¸çš„:
 tensor([[9.9996e-01],
        [9.9993e-01],
        [9.9973e-01],
        [1.0008e-02],
        [1.0000e+00],
        [3.1413e-07],
        [8.7276e-05],
        [3.4909e-04],
        [9.9471e-01],
        [9.9989e-01],
        [8.9004e-04],
        [1.8997e-03]], device='cuda:0', grad_fn=<SigmoidBackward0>)
Epoch [55/100], T_AUC: [4m0.9834[0m
Epoch [55/100], Loss: 55.8892
val_Accuracy: [92m0.7628[0m
val_Precision: [4;34m0.7643[0m,               val_Recall: [4;33m0.7442[0m,                 val_F1 Score: [4;35m0.7487[0m
æ ‡ç­¾é‡Œ1çš„ä¸ªæ•°:  430
æ ‡ç­¾é‡Œ0çš„ä¸ªæ•°:  430
æ€»æ•°:  860
æ­£ç¡®çš„ä¸ªæ•°:  656
Epoch [55/100], V_AUC: [4m0.7592[0m
Epoch [56/100], Loss: 6.5718
train_Accuracy: [91m0.9844[0m
train_Precision: [4;34m0.9795[0m,               train_Recall: [4;33m0.9896[0m,                 train_F1 Score: [4;35m0.9839[0m
æ ‡ç­¾é‡Œ1çš„ä¸ªæ•°:  2150
æ ‡ç­¾é‡Œ0çš„ä¸ªæ•°:  2150
æ€»æ•°:  4300
æ­£ç¡®çš„ä¸ªæ•°:  4233
æœ€åä¸€ä¸ªæ‰¹æ¬¡çš„è¾“å‡º, ä¸æ»¡batchsizeæ˜¯æ­£å¸¸çš„:
 tensor([[9.9991e-01],
        [9.9975e-01],
        [9.9851e-01],
        [5.4411e-04],
        [1.0000e+00],
        [7.1955e-07],
        [4.0909e-04],
        [1.2110e-03],
        [9.9946e-01],
        [9.9992e-01],
        [5.2040e-04],
        [2.6132e-03]], device='cuda:0', grad_fn=<SigmoidBackward0>)
Epoch [56/100], T_AUC: [4m0.9853[0m
Epoch [56/100], Loss: 61.1920
val_Accuracy: [92m0.7674[0m
val_Precision: [4;34m0.7703[0m,               val_Recall: [4;33m0.7450[0m,                 val_F1 Score: [4;35m0.7530[0m
æ ‡ç­¾é‡Œ1çš„ä¸ªæ•°:  430
æ ‡ç­¾é‡Œ0çš„ä¸ªæ•°:  430
æ€»æ•°:  860
æ­£ç¡®çš„ä¸ªæ•°:  660
Epoch [56/100], V_AUC: [4m0.7635[0m
Epoch [57/100], Loss: 9.3359
train_Accuracy: [91m0.9728[0m
train_Precision: [4;34m0.9681[0m,               train_Recall: [4;33m0.9785[0m,                 train_F1 Score: [4;35m0.9722[0m
æ ‡ç­¾é‡Œ1çš„ä¸ªæ•°:  2150
æ ‡ç­¾é‡Œ0çš„ä¸ªæ•°:  2150
æ€»æ•°:  4300
æ­£ç¡®çš„ä¸ªæ•°:  4183
æœ€åä¸€ä¸ªæ‰¹æ¬¡çš„è¾“å‡º, ä¸æ»¡batchsizeæ˜¯æ­£å¸¸çš„:
 tensor([[9.9993e-01],
        [9.9991e-01],
        [1.0000e+00],
        [1.5099e-03],
        [1.0000e+00],
        [5.0024e-07],
        [3.8258e-04],
        [3.1129e-03],
        [9.9964e-01],
        [9.9700e-01],
        [9.4169e-05],
        [5.6036e-05]], device='cuda:0', grad_fn=<SigmoidBackward0>)
Epoch [57/100], T_AUC: [4m0.9745[0m
Epoch [57/100], Loss: 64.4451
val_Accuracy: [92m0.7674[0m
val_Precision: [4;34m0.7628[0m,               val_Recall: [4;33m0.7713[0m,                 val_F1 Score: [4;35m0.7612[0m
æ ‡ç­¾é‡Œ1çš„ä¸ªæ•°:  430
æ ‡ç­¾é‡Œ0çš„ä¸ªæ•°:  430
æ€»æ•°:  860
æ­£ç¡®çš„ä¸ªæ•°:  660
Epoch [57/100], V_AUC: [4m0.7660[0m
Epoch [58/100], Loss: 19.0325
train_Accuracy: [91m0.9470[0m
train_Precision: [4;34m0.9407[0m,               train_Recall: [4;33m0.9565[0m,                 train_F1 Score: [4;35m0.9465[0m
æ ‡ç­¾é‡Œ1çš„ä¸ªæ•°:  2150
æ ‡ç­¾é‡Œ0çš„ä¸ªæ•°:  2150
æ€»æ•°:  4300
æ­£ç¡®çš„ä¸ªæ•°:  4072
æœ€åä¸€ä¸ªæ‰¹æ¬¡çš„è¾“å‡º, ä¸æ»¡batchsizeæ˜¯æ­£å¸¸çš„:
 tensor([[8.6492e-01],
        [9.9899e-01],
        [1.0000e+00],
        [1.0593e-03],
        [9.9999e-01],
        [1.3615e-04],
        [8.2210e-05],
        [1.6917e-01],
        [4.8970e-01],
        [9.9999e-01],
        [1.7745e-03],
        [1.6355e-02]], device='cuda:0', grad_fn=<SigmoidBackward0>)
Epoch [58/100], T_AUC: [4m0.9499[0m
Epoch [58/100], Loss: 61.8274
val_Accuracy: [92m0.7523[0m
val_Precision: [4;34m0.7374[0m,               val_Recall: [4;33m0.7684[0m,                 val_F1 Score: [4;35m0.7479[0m
æ ‡ç­¾é‡Œ1çš„ä¸ªæ•°:  430
æ ‡ç­¾é‡Œ0çš„ä¸ªæ•°:  430
æ€»æ•°:  860
æ­£ç¡®çš„ä¸ªæ•°:  647
Epoch [58/100], V_AUC: [4m0.7501[0m
Epoch [59/100], Loss: 25.3150
train_Accuracy: [91m0.9263[0m
train_Precision: [4;34m0.9109[0m,               train_Recall: [4;33m0.9453[0m,                 train_F1 Score: [4;35m0.9253[0m
æ ‡ç­¾é‡Œ1çš„ä¸ªæ•°:  2150
æ ‡ç­¾é‡Œ0çš„ä¸ªæ•°:  2150
æ€»æ•°:  4300
æ­£ç¡®çš„ä¸ªæ•°:  3983
æœ€åä¸€ä¸ªæ‰¹æ¬¡çš„è¾“å‡º, ä¸æ»¡batchsizeæ˜¯æ­£å¸¸çš„:
 tensor([[9.9693e-01],
        [9.8719e-01],
        [9.9963e-01],
        [3.6013e-03],
        [1.0000e+00],
        [1.0491e-05],
        [4.5869e-03],
        [4.5006e-03],
        [9.9989e-01],
        [9.8269e-01],
        [1.4751e-03],
        [4.2428e-02]], device='cuda:0', grad_fn=<SigmoidBackward0>)
Epoch [59/100], T_AUC: [4m0.9294[0m
Epoch [59/100], Loss: 48.3918
val_Accuracy: [92m0.7512[0m
val_Precision: [4;34m0.7561[0m,               val_Recall: [4;33m0.7303[0m,                 val_F1 Score: [4;35m0.7378[0m
æ ‡ç­¾é‡Œ1çš„ä¸ªæ•°:  430
æ ‡ç­¾é‡Œ0çš„ä¸ªæ•°:  430
æ€»æ•°:  860
æ­£ç¡®çš„ä¸ªæ•°:  646
Epoch [59/100], V_AUC: [4m0.7501[0m
Epoch [60/100], Loss: 14.2555
train_Accuracy: [91m0.9593[0m
train_Precision: [4;34m0.9487[0m,               train_Recall: [4;33m0.9724[0m,                 train_F1 Score: [4;35m0.9587[0m
æ ‡ç­¾é‡Œ1çš„ä¸ªæ•°:  2150
æ ‡ç­¾é‡Œ0çš„ä¸ªæ•°:  2150
æ€»æ•°:  4300
æ­£ç¡®çš„ä¸ªæ•°:  4125
æœ€åä¸€ä¸ªæ‰¹æ¬¡çš„è¾“å‡º, ä¸æ»¡batchsizeæ˜¯æ­£å¸¸çš„:
 tensor([[9.9508e-01],
        [9.9947e-01],
        [9.9998e-01],
        [1.4890e-02],
        [9.9998e-01],
        [8.6736e-06],
        [9.1572e-03],
        [2.1019e-03],
        [9.9886e-01],
        [9.9985e-01],
        [6.5893e-04],
        [3.8070e-05]], device='cuda:0', grad_fn=<SigmoidBackward0>)
Epoch [60/100], T_AUC: [4m0.9617[0m
Epoch [60/100], Loss: 51.6087
val_Accuracy: [92m0.7523[0m
val_Precision: [4;34m0.7492[0m,               val_Recall: [4;33m0.7529[0m,                 val_F1 Score: [4;35m0.7460[0m
æ ‡ç­¾é‡Œ1çš„ä¸ªæ•°:  430
æ ‡ç­¾é‡Œ0çš„ä¸ªæ•°:  430
æ€»æ•°:  860
æ­£ç¡®çš„ä¸ªæ•°:  647
Epoch [60/100], V_AUC: [4m0.7491[0m
Epoch [61/100], Loss: 10.7155
train_Accuracy: [91m0.9723[0m
train_Precision: [4;34m0.9638[0m,               train_Recall: [4;33m0.9819[0m,                 train_F1 Score: [4;35m0.9712[0m
æ ‡ç­¾é‡Œ1çš„ä¸ªæ•°:  2150
æ ‡ç­¾é‡Œ0çš„ä¸ªæ•°:  2150
æ€»æ•°:  4300
æ­£ç¡®çš„ä¸ªæ•°:  4181
æœ€åä¸€ä¸ªæ‰¹æ¬¡çš„è¾“å‡º, ä¸æ»¡batchsizeæ˜¯æ­£å¸¸çš„:
 tensor([[9.9616e-01],
        [9.9974e-01],
        [9.9924e-01],
        [4.8847e-04],
        [1.0000e+00],
        [1.9274e-06],
        [3.5833e-04],
        [3.9836e-04],
        [9.9990e-01],
        [9.9997e-01],
        [1.0447e-03],
        [2.8030e-04]], device='cuda:0', grad_fn=<SigmoidBackward0>)
Epoch [61/100], T_AUC: [4m0.9747[0m
Epoch [61/100], Loss: 50.2120
val_Accuracy: [92m0.7570[0m
val_Precision: [4;34m0.7571[0m,               val_Recall: [4;33m0.7451[0m,                 val_F1 Score: [4;35m0.7462[0m
æ ‡ç­¾é‡Œ1çš„ä¸ªæ•°:  430
æ ‡ç­¾é‡Œ0çš„ä¸ªæ•°:  430
æ€»æ•°:  860
æ­£ç¡®çš„ä¸ªæ•°:  651
Epoch [61/100], V_AUC: [4m0.7537[0m
Epoch [62/100], Loss: 7.5336
train_Accuracy: [91m0.9826[0m
train_Precision: [4;34m0.9780[0m,               train_Recall: [4;33m0.9880[0m,                 train_F1 Score: [4;35m0.9824[0m
æ ‡ç­¾é‡Œ1çš„ä¸ªæ•°:  2150
æ ‡ç­¾é‡Œ0çš„ä¸ªæ•°:  2150
æ€»æ•°:  4300
æ­£ç¡®çš„ä¸ªæ•°:  4225
æœ€åä¸€ä¸ªæ‰¹æ¬¡çš„è¾“å‡º, ä¸æ»¡batchsizeæ˜¯æ­£å¸¸çš„:
 tensor([[9.9578e-01],
        [9.9972e-01],
        [9.9918e-01],
        [1.1007e-02],
        [9.9999e-01],
        [1.5154e-05],
        [4.8776e-04],
        [1.1310e-04],
        [9.9966e-01],
        [9.9990e-01],
        [4.2662e-02],
        [6.6784e-05]], device='cuda:0', grad_fn=<SigmoidBackward0>)
Epoch [62/100], T_AUC: [4m0.9836[0m
Epoch [62/100], Loss: 53.7176
val_Accuracy: [92m0.7512[0m
val_Precision: [4;34m0.7546[0m,               val_Recall: [4;33m0.7343[0m,                 val_F1 Score: [4;35m0.7394[0m
æ ‡ç­¾é‡Œ1çš„ä¸ªæ•°:  430
æ ‡ç­¾é‡Œ0çš„ä¸ªæ•°:  430
æ€»æ•°:  860
æ­£ç¡®çš„ä¸ªæ•°:  646
Epoch [62/100], V_AUC: [4m0.7478[0m
Epoch [63/100], Loss: 12.4482
train_Accuracy: [91m0.9644[0m
train_Precision: [4;34m0.9548[0m,               train_Recall: [4;33m0.9774[0m,                 train_F1 Score: [4;35m0.9645[0m
æ ‡ç­¾é‡Œ1çš„ä¸ªæ•°:  2150
æ ‡ç­¾é‡Œ0çš„ä¸ªæ•°:  2150
æ€»æ•°:  4300
æ­£ç¡®çš„ä¸ªæ•°:  4147
æœ€åä¸€ä¸ªæ‰¹æ¬¡çš„è¾“å‡º, ä¸æ»¡batchsizeæ˜¯æ­£å¸¸çš„:
 tensor([[9.9911e-01],
        [9.9985e-01],
        [9.9798e-01],
        [3.4956e-03],
        [9.9998e-01],
        [8.5180e-05],
        [2.1997e-03],
        [1.3253e-04],
        [9.9991e-01],
        [9.9927e-01],
        [4.5631e-03],
        [5.7267e-04]], device='cuda:0', grad_fn=<SigmoidBackward0>)
Epoch [63/100], T_AUC: [4m0.9665[0m
Epoch [63/100], Loss: 61.1391
val_Accuracy: [92m0.7372[0m
val_Precision: [4;34m0.7302[0m,               val_Recall: [4;33m0.7413[0m,                 val_F1 Score: [4;35m0.7305[0m
æ ‡ç­¾é‡Œ1çš„ä¸ªæ•°:  430
æ ‡ç­¾é‡Œ0çš„ä¸ªæ•°:  430
æ€»æ•°:  860
æ­£ç¡®çš„ä¸ªæ•°:  634
Epoch [63/100], V_AUC: [4m0.7339[0m
Epoch [64/100], Loss: 8.7051
train_Accuracy: [91m0.9795[0m
train_Precision: [4;34m0.9747[0m,               train_Recall: [4;33m0.9840[0m,                 train_F1 Score: [4;35m0.9785[0m
æ ‡ç­¾é‡Œ1çš„ä¸ªæ•°:  2150
æ ‡ç­¾é‡Œ0çš„ä¸ªæ•°:  2150
æ€»æ•°:  4300
æ­£ç¡®çš„ä¸ªæ•°:  4212
æœ€åä¸€ä¸ªæ‰¹æ¬¡çš„è¾“å‡º, ä¸æ»¡batchsizeæ˜¯æ­£å¸¸çš„:
 tensor([[9.9894e-01],
        [9.9826e-01],
        [9.9999e-01],
        [5.3384e-05],
        [9.9998e-01],
        [7.9775e-05],
        [8.1975e-04],
        [9.8973e-04],
        [9.9991e-01],
        [9.9961e-01],
        [2.4042e-03],
        [7.5238e-04]], device='cuda:0', grad_fn=<SigmoidBackward0>)
Epoch [64/100], T_AUC: [4m0.9810[0m
Epoch [64/100], Loss: 56.9253
val_Accuracy: [92m0.7465[0m
val_Precision: [4;34m0.7579[0m,               val_Recall: [4;33m0.7125[0m,                 val_F1 Score: [4;35m0.7303[0m
æ ‡ç­¾é‡Œ1çš„ä¸ªæ•°:  430
æ ‡ç­¾é‡Œ0çš„ä¸ªæ•°:  430
æ€»æ•°:  860
æ­£ç¡®çš„ä¸ªæ•°:  642
Epoch [64/100], V_AUC: [4m0.7439[0m
Epoch [65/100], Loss: 6.0301
train_Accuracy: [91m0.9886[0m
train_Precision: [4;34m0.9837[0m,               train_Recall: [4;33m0.9939[0m,                 train_F1 Score: [4;35m0.9883[0m
æ ‡ç­¾é‡Œ1çš„ä¸ªæ•°:  2150
æ ‡ç­¾é‡Œ0çš„ä¸ªæ•°:  2150
æ€»æ•°:  4300
æ­£ç¡®çš„ä¸ªæ•°:  4251
æœ€åä¸€ä¸ªæ‰¹æ¬¡çš„è¾“å‡º, ä¸æ»¡batchsizeæ˜¯æ­£å¸¸çš„:
 tensor([[9.9710e-01],
        [9.9999e-01],
        [9.9995e-01],
        [2.6061e-04],
        [1.0000e+00],
        [1.2930e-05],
        [1.3133e-04],
        [1.4793e-05],
        [9.9997e-01],
        [9.9992e-01],
        [5.8429e-05],
        [9.1993e-03]], device='cuda:0', grad_fn=<SigmoidBackward0>)
Epoch [65/100], T_AUC: [4m0.9890[0m
Epoch [65/100], Loss: 54.5405
val_Accuracy: [92m0.7430[0m
val_Precision: [4;34m0.7404[0m,               val_Recall: [4;33m0.7352[0m,                 val_F1 Score: [4;35m0.7317[0m
æ ‡ç­¾é‡Œ1çš„ä¸ªæ•°:  430
æ ‡ç­¾é‡Œ0çš„ä¸ªæ•°:  430
æ€»æ•°:  860
æ­£ç¡®çš„ä¸ªæ•°:  639
Epoch [65/100], V_AUC: [4m0.7413[0m
Epoch [66/100], Loss: 4.3878
train_Accuracy: [91m0.9926[0m
train_Precision: [4;34m0.9876[0m,               train_Recall: [4;33m0.9975[0m,                 train_F1 Score: [4;35m0.9922[0m
æ ‡ç­¾é‡Œ1çš„ä¸ªæ•°:  2150
æ ‡ç­¾é‡Œ0çš„ä¸ªæ•°:  2150
æ€»æ•°:  4300
æ­£ç¡®çš„ä¸ªæ•°:  4268
æœ€åä¸€ä¸ªæ‰¹æ¬¡çš„è¾“å‡º, ä¸æ»¡batchsizeæ˜¯æ­£å¸¸çš„:
 tensor([[9.9607e-01],
        [9.9995e-01],
        [1.0000e+00],
        [2.4954e-04],
        [1.0000e+00],
        [4.7900e-06],
        [9.6386e-04],
        [5.0703e-05],
        [9.9973e-01],
        [9.9885e-01],
        [8.9627e-04],
        [5.2670e-04]], device='cuda:0', grad_fn=<SigmoidBackward0>)
Epoch [66/100], T_AUC: [4m0.9930[0m
Epoch [66/100], Loss: 65.7924
val_Accuracy: [92m0.7547[0m
val_Precision: [4;34m0.7636[0m,               val_Recall: [4;33m0.7289[0m,                 val_F1 Score: [4;35m0.7409[0m
æ ‡ç­¾é‡Œ1çš„ä¸ªæ•°:  430
æ ‡ç­¾é‡Œ0çš„ä¸ªæ•°:  430
æ€»æ•°:  860
æ­£ç¡®çš„ä¸ªæ•°:  649
Epoch [66/100], V_AUC: [4m0.7514[0m
Epoch [67/100], Loss: 3.8372
train_Accuracy: [91m0.9949[0m
train_Precision: [4;34m0.9927[0m,               train_Recall: [4;33m0.9965[0m,                 train_F1 Score: [4;35m0.9945[0m
æ ‡ç­¾é‡Œ1çš„ä¸ªæ•°:  2150
æ ‡ç­¾é‡Œ0çš„ä¸ªæ•°:  2150
æ€»æ•°:  4300
æ­£ç¡®çš„ä¸ªæ•°:  4278
æœ€åä¸€ä¸ªæ‰¹æ¬¡çš„è¾“å‡º, ä¸æ»¡batchsizeæ˜¯æ­£å¸¸çš„:
 tensor([[9.9688e-01],
        [9.9985e-01],
        [1.0000e+00],
        [3.1170e-05],
        [1.0000e+00],
        [2.2070e-07],
        [1.6548e-03],
        [4.6906e-05],
        [9.9989e-01],
        [9.9999e-01],
        [1.7910e-03],
        [6.9288e-04]], device='cuda:0', grad_fn=<SigmoidBackward0>)
Epoch [67/100], T_AUC: [4m0.9952[0m
Epoch [67/100], Loss: 69.4828
val_Accuracy: [92m0.7570[0m
val_Precision: [4;34m0.7588[0m,               val_Recall: [4;33m0.7405[0m,                 val_F1 Score: [4;35m0.7445[0m
æ ‡ç­¾é‡Œ1çš„ä¸ªæ•°:  430
æ ‡ç­¾é‡Œ0çš„ä¸ªæ•°:  430
æ€»æ•°:  860
æ­£ç¡®çš„ä¸ªæ•°:  651
Epoch [67/100], V_AUC: [4m0.7545[0m
Epoch [68/100], Loss: 3.2356
train_Accuracy: [91m0.9963[0m
train_Precision: [4;34m0.9931[0m,               train_Recall: [4;33m0.9992[0m,                 train_F1 Score: [4;35m0.9960[0m
æ ‡ç­¾é‡Œ1çš„ä¸ªæ•°:  2150
æ ‡ç­¾é‡Œ0çš„ä¸ªæ•°:  2150
æ€»æ•°:  4300
æ­£ç¡®çš„ä¸ªæ•°:  4284
æœ€åä¸€ä¸ªæ‰¹æ¬¡çš„è¾“å‡º, ä¸æ»¡batchsizeæ˜¯æ­£å¸¸çš„:
 tensor([[9.9647e-01],
        [9.9998e-01],
        [9.9990e-01],
        [1.3417e-04],
        [1.0000e+00],
        [7.0261e-06],
        [5.1880e-04],
        [1.1681e-06],
        [9.9999e-01],
        [9.9982e-01],
        [1.2694e-04],
        [3.5635e-02]], device='cuda:0', grad_fn=<SigmoidBackward0>)
Epoch [68/100], T_AUC: [4m0.9965[0m
Epoch [68/100], Loss: 64.3236
val_Accuracy: [92m0.7442[0m
val_Precision: [4;34m0.7409[0m,               val_Recall: [4;33m0.7414[0m,                 val_F1 Score: [4;35m0.7363[0m
æ ‡ç­¾é‡Œ1çš„ä¸ªæ•°:  430
æ ‡ç­¾é‡Œ0çš„ä¸ªæ•°:  430
æ€»æ•°:  860
æ­£ç¡®çš„ä¸ªæ•°:  640
Epoch [68/100], V_AUC: [4m0.7429[0m
Epoch [69/100], Loss: 2.3050
train_Accuracy: [91m0.9977[0m
train_Precision: [4;34m0.9946[0m,               train_Recall: [4;33m1.0000[0m,                 train_F1 Score: [4;35m0.9972[0m
æ ‡ç­¾é‡Œ1çš„ä¸ªæ•°:  2150
æ ‡ç­¾é‡Œ0çš„ä¸ªæ•°:  2150
æ€»æ•°:  4300
æ­£ç¡®çš„ä¸ªæ•°:  4290
æœ€åä¸€ä¸ªæ‰¹æ¬¡çš„è¾“å‡º, ä¸æ»¡batchsizeæ˜¯æ­£å¸¸çš„:
 tensor([[9.9878e-01],
        [9.9994e-01],
        [9.9999e-01],
        [6.2118e-05],
        [1.0000e+00],
        [5.4662e-07],
        [1.7367e-03],
        [2.6062e-06],
        [1.0000e+00],
        [9.9984e-01],
        [2.5646e-06],
        [1.2963e-01]], device='cuda:0', grad_fn=<SigmoidBackward0>)
Epoch [69/100], T_AUC: [4m0.9980[0m
Epoch [69/100], Loss: 68.2669
val_Accuracy: [92m0.7500[0m
val_Precision: [4;34m0.7506[0m,               val_Recall: [4;33m0.7385[0m,                 val_F1 Score: [4;35m0.7384[0m
æ ‡ç­¾é‡Œ1çš„ä¸ªæ•°:  430
æ ‡ç­¾é‡Œ0çš„ä¸ªæ•°:  430
æ€»æ•°:  860
æ­£ç¡®çš„ä¸ªæ•°:  645
Epoch [69/100], V_AUC: [4m0.7469[0m
Epoch [70/100], Loss: 2.4576
train_Accuracy: [91m0.9972[0m
train_Precision: [4;34m0.9965[0m,               train_Recall: [4;33m0.9984[0m,                 train_F1 Score: [4;35m0.9973[0m
æ ‡ç­¾é‡Œ1çš„ä¸ªæ•°:  2150
æ ‡ç­¾é‡Œ0çš„ä¸ªæ•°:  2150
æ€»æ•°:  4300
æ­£ç¡®çš„ä¸ªæ•°:  4288
æœ€åä¸€ä¸ªæ‰¹æ¬¡çš„è¾“å‡º, ä¸æ»¡batchsizeæ˜¯æ­£å¸¸çš„:
 tensor([[9.9258e-01],
        [9.9998e-01],
        [9.9998e-01],
        [2.6923e-03],
        [9.9999e-01],
        [4.6419e-07],
        [4.0315e-04],
        [1.1429e-05],
        [1.0000e+00],
        [9.9996e-01],
        [9.7298e-05],
        [4.1214e-05]], device='cuda:0', grad_fn=<SigmoidBackward0>)
Epoch [70/100], T_AUC: [4m0.9973[0m
Epoch [70/100], Loss: 67.7815
val_Accuracy: [92m0.7465[0m
val_Precision: [4;34m0.7484[0m,               val_Recall: [4;33m0.7337[0m,                 val_F1 Score: [4;35m0.7347[0m
æ ‡ç­¾é‡Œ1çš„ä¸ªæ•°:  430
æ ‡ç­¾é‡Œ0çš„ä¸ªæ•°:  430
æ€»æ•°:  860
æ­£ç¡®çš„ä¸ªæ•°:  642
Epoch [70/100], V_AUC: [4m0.7444[0m
Epoch [71/100], Loss: 1.7792
train_Accuracy: [91m0.9981[0m
train_Precision: [4;34m0.9972[0m,               train_Recall: [4;33m0.9993[0m,                 train_F1 Score: [4;35m0.9982[0m
æ ‡ç­¾é‡Œ1çš„ä¸ªæ•°:  2150
æ ‡ç­¾é‡Œ0çš„ä¸ªæ•°:  2150
æ€»æ•°:  4300
æ­£ç¡®çš„ä¸ªæ•°:  4292
æœ€åä¸€ä¸ªæ‰¹æ¬¡çš„è¾“å‡º, ä¸æ»¡batchsizeæ˜¯æ­£å¸¸çš„:
 tensor([[9.9627e-01],
        [9.9993e-01],
        [1.0000e+00],
        [4.3332e-03],
        [1.0000e+00],
        [3.2794e-07],
        [2.3237e-04],
        [1.3702e-05],
        [1.0000e+00],
        [9.9970e-01],
        [9.6241e-06],
        [4.7680e-04]], device='cuda:0', grad_fn=<SigmoidBackward0>)
Epoch [71/100], T_AUC: [4m0.9982[0m
Epoch [71/100], Loss: 68.1590
val_Accuracy: [92m0.7419[0m
val_Precision: [4;34m0.7390[0m,               val_Recall: [4;33m0.7361[0m,                 val_F1 Score: [4;35m0.7323[0m
æ ‡ç­¾é‡Œ1çš„ä¸ªæ•°:  430
æ ‡ç­¾é‡Œ0çš„ä¸ªæ•°:  430
æ€»æ•°:  860
æ­£ç¡®çš„ä¸ªæ•°:  638
Epoch [71/100], V_AUC: [4m0.7402[0m
Epoch [72/100], Loss: 1.6876
train_Accuracy: [91m0.9981[0m
train_Precision: [4;34m0.9968[0m,               train_Recall: [4;33m0.9991[0m,                 train_F1 Score: [4;35m0.9979[0m
æ ‡ç­¾é‡Œ1çš„ä¸ªæ•°:  2150
æ ‡ç­¾é‡Œ0çš„ä¸ªæ•°:  2150
æ€»æ•°:  4300
æ­£ç¡®çš„ä¸ªæ•°:  4292
æœ€åä¸€ä¸ªæ‰¹æ¬¡çš„è¾“å‡º, ä¸æ»¡batchsizeæ˜¯æ­£å¸¸çš„:
 tensor([[9.5560e-01],
        [9.9912e-01],
        [1.0000e+00],
        [3.3583e-02],
        [1.0000e+00],
        [7.6850e-08],
        [7.9779e-05],
        [9.7179e-06],
        [1.0000e+00],
        [9.9967e-01],
        [2.5576e-04],
        [7.9580e-04]], device='cuda:0', grad_fn=<SigmoidBackward0>)
Epoch [72/100], T_AUC: [4m0.9983[0m
Epoch [72/100], Loss: 68.4980
val_Accuracy: [92m0.7512[0m
val_Precision: [4;34m0.7512[0m,               val_Recall: [4;33m0.7386[0m,                 val_F1 Score: [4;35m0.7396[0m
æ ‡ç­¾é‡Œ1çš„ä¸ªæ•°:  430
æ ‡ç­¾é‡Œ0çš„ä¸ªæ•°:  430
æ€»æ•°:  860
æ­£ç¡®çš„ä¸ªæ•°:  646
Epoch [72/100], V_AUC: [4m0.7484[0m
Epoch [73/100], Loss: 4.6238
train_Accuracy: [91m0.9891[0m
train_Precision: [4;34m0.9857[0m,               train_Recall: [4;33m0.9933[0m,                 train_F1 Score: [4;35m0.9892[0m
æ ‡ç­¾é‡Œ1çš„ä¸ªæ•°:  2150
æ ‡ç­¾é‡Œ0çš„ä¸ªæ•°:  2150
æ€»æ•°:  4300
æ­£ç¡®çš„ä¸ªæ•°:  4253
æœ€åä¸€ä¸ªæ‰¹æ¬¡çš„è¾“å‡º, ä¸æ»¡batchsizeæ˜¯æ­£å¸¸çš„:
 tensor([[9.9998e-01],
        [9.9906e-01],
        [1.0000e+00],
        [5.3204e-05],
        [1.0000e+00],
        [3.1867e-08],
        [8.3978e-02],
        [1.4850e-05],
        [9.9985e-01],
        [9.9996e-01],
        [7.9731e-08],
        [4.1549e-05]], device='cuda:0', grad_fn=<SigmoidBackward0>)
Epoch [73/100], T_AUC: [4m0.9896[0m
Epoch [73/100], Loss: 102.9808
val_Accuracy: [92m0.7686[0m
val_Precision: [4;34m0.7694[0m,               val_Recall: [4;33m0.7494[0m,                 val_F1 Score: [4;35m0.7563[0m
æ ‡ç­¾é‡Œ1çš„ä¸ªæ•°:  430
æ ‡ç­¾é‡Œ0çš„ä¸ªæ•°:  430
æ€»æ•°:  860
æ­£ç¡®çš„ä¸ªæ•°:  661
Epoch [73/100], V_AUC: [4m0.7641[0m
Epoch [74/100], Loss: 33.8015
train_Accuracy: [91m0.9156[0m
train_Precision: [4;34m0.9060[0m,               train_Recall: [4;33m0.9311[0m,                 train_F1 Score: [4;35m0.9151[0m
æ ‡ç­¾é‡Œ1çš„ä¸ªæ•°:  2150
æ ‡ç­¾é‡Œ0çš„ä¸ªæ•°:  2150
æ€»æ•°:  4300
æ­£ç¡®çš„ä¸ªæ•°:  3937
æœ€åä¸€ä¸ªæ‰¹æ¬¡çš„è¾“å‡º, ä¸æ»¡batchsizeæ˜¯æ­£å¸¸çš„:
 tensor([[9.7582e-01],
        [9.9989e-01],
        [9.9955e-01],
        [4.5457e-05],
        [9.9768e-01],
        [2.2857e-04],
        [5.2631e-04],
        [4.9493e-02],
        [1.0000e+00],
        [9.9960e-01],
        [2.2332e-04],
        [2.4042e-03]], device='cuda:0', grad_fn=<SigmoidBackward0>)
Epoch [74/100], T_AUC: [4m0.9193[0m
Epoch [74/100], Loss: 54.2438
val_Accuracy: [92m0.7302[0m
val_Precision: [4;34m0.7280[0m,               val_Recall: [4;33m0.7333[0m,                 val_F1 Score: [4;35m0.7246[0m
æ ‡ç­¾é‡Œ1çš„ä¸ªæ•°:  430
æ ‡ç­¾é‡Œ0çš„ä¸ªæ•°:  430
æ€»æ•°:  860
æ­£ç¡®çš„ä¸ªæ•°:  628
Epoch [74/100], V_AUC: [4m0.7293[0m
Epoch [75/100], Loss: 28.3137
train_Accuracy: [91m0.9135[0m
train_Precision: [4;34m0.9023[0m,               train_Recall: [4;33m0.9316[0m,                 train_F1 Score: [4;35m0.9132[0m
æ ‡ç­¾é‡Œ1çš„ä¸ªæ•°:  2150
æ ‡ç­¾é‡Œ0çš„ä¸ªæ•°:  2150
æ€»æ•°:  4300
æ­£ç¡®çš„ä¸ªæ•°:  3928
æœ€åä¸€ä¸ªæ‰¹æ¬¡çš„è¾“å‡º, ä¸æ»¡batchsizeæ˜¯æ­£å¸¸çš„:
 tensor([[9.4551e-01],
        [9.9860e-01],
        [9.9987e-01],
        [1.9296e-03],
        [9.9996e-01],
        [1.7243e-05],
        [6.0868e-05],
        [5.5477e-02],
        [9.9994e-01],
        [9.9979e-01],
        [1.8834e-01],
        [1.4003e-04]], device='cuda:0', grad_fn=<SigmoidBackward0>)
Epoch [75/100], T_AUC: [4m0.9172[0m
Epoch [75/100], Loss: 39.2420
val_Accuracy: [92m0.7279[0m
val_Precision: [4;34m0.7207[0m,               val_Recall: [4;33m0.7406[0m,                 val_F1 Score: [4;35m0.7249[0m
æ ‡ç­¾é‡Œ1çš„ä¸ªæ•°:  430
æ ‡ç­¾é‡Œ0çš„ä¸ªæ•°:  430
æ€»æ•°:  860
æ­£ç¡®çš„ä¸ªæ•°:  626
Epoch [75/100], V_AUC: [4m0.7266[0m
Epoch [76/100], Loss: 14.2397
train_Accuracy: [91m0.9612[0m
train_Precision: [4;34m0.9503[0m,               train_Recall: [4;33m0.9733[0m,                 train_F1 Score: [4;35m0.9602[0m
æ ‡ç­¾é‡Œ1çš„ä¸ªæ•°:  2150
æ ‡ç­¾é‡Œ0çš„ä¸ªæ•°:  2150
æ€»æ•°:  4300
æ­£ç¡®çš„ä¸ªæ•°:  4133
æœ€åä¸€ä¸ªæ‰¹æ¬¡çš„è¾“å‡º, ä¸æ»¡batchsizeæ˜¯æ­£å¸¸çš„:
 tensor([[9.8672e-01],
        [9.9994e-01],
        [9.9960e-01],
        [9.8714e-03],
        [1.0000e+00],
        [1.9301e-03],
        [1.6883e-05],
        [7.9728e-04],
        [9.9838e-01],
        [9.9997e-01],
        [3.6233e-04],
        [1.8275e-04]], device='cuda:0', grad_fn=<SigmoidBackward0>)
Epoch [76/100], T_AUC: [4m0.9635[0m
Epoch [76/100], Loss: 46.0995
val_Accuracy: [92m0.7535[0m
val_Precision: [4;34m0.7626[0m,               val_Recall: [4;33m0.7234[0m,                 val_F1 Score: [4;35m0.7373[0m
æ ‡ç­¾é‡Œ1çš„ä¸ªæ•°:  430
æ ‡ç­¾é‡Œ0çš„ä¸ªæ•°:  430
æ€»æ•°:  860
æ­£ç¡®çš„ä¸ªæ•°:  648
Epoch [76/100], V_AUC: [4m0.7508[0m
Epoch [77/100], Loss: 10.0465
train_Accuracy: [91m0.9763[0m
train_Precision: [4;34m0.9652[0m,               train_Recall: [4;33m0.9872[0m,                 train_F1 Score: [4;35m0.9751[0m
æ ‡ç­¾é‡Œ1çš„ä¸ªæ•°:  2150
æ ‡ç­¾é‡Œ0çš„ä¸ªæ•°:  2150
æ€»æ•°:  4300
æ­£ç¡®çš„ä¸ªæ•°:  4198
æœ€åä¸€ä¸ªæ‰¹æ¬¡çš„è¾“å‡º, ä¸æ»¡batchsizeæ˜¯æ­£å¸¸çš„:
 tensor([[9.9531e-01],
        [9.9999e-01],
        [9.9992e-01],
        [2.6884e-03],
        [1.0000e+00],
        [6.3402e-05],
        [1.9829e-05],
        [1.1448e-02],
        [9.9867e-01],
        [9.9992e-01],
        [7.8723e-06],
        [1.4530e-04]], device='cuda:0', grad_fn=<SigmoidBackward0>)
Epoch [77/100], T_AUC: [4m0.9780[0m
Epoch [77/100], Loss: 51.4391
val_Accuracy: [92m0.7419[0m
val_Precision: [4;34m0.7525[0m,               val_Recall: [4;33m0.7206[0m,                 val_F1 Score: [4;35m0.7307[0m
æ ‡ç­¾é‡Œ1çš„ä¸ªæ•°:  430
æ ‡ç­¾é‡Œ0çš„ä¸ªæ•°:  430
æ€»æ•°:  860
æ­£ç¡®çš„ä¸ªæ•°:  638
Epoch [77/100], V_AUC: [4m0.7397[0m
Epoch [78/100], Loss: 7.7846
train_Accuracy: [91m0.9816[0m
train_Precision: [4;34m0.9760[0m,               train_Recall: [4;33m0.9876[0m,                 train_F1 Score: [4;35m0.9811[0m
æ ‡ç­¾é‡Œ1çš„ä¸ªæ•°:  2150
æ ‡ç­¾é‡Œ0çš„ä¸ªæ•°:  2150
æ€»æ•°:  4300
æ­£ç¡®çš„ä¸ªæ•°:  4221
æœ€åä¸€ä¸ªæ‰¹æ¬¡çš„è¾“å‡º, ä¸æ»¡batchsizeæ˜¯æ­£å¸¸çš„:
 tensor([[9.9442e-01],
        [9.9997e-01],
        [9.9993e-01],
        [2.2077e-03],
        [1.0000e+00],
        [7.4606e-05],
        [2.6660e-05],
        [9.1926e-04],
        [9.9981e-01],
        [9.9998e-01],
        [4.7649e-06],
        [2.2825e-04]], device='cuda:0', grad_fn=<SigmoidBackward0>)
Epoch [78/100], T_AUC: [4m0.9823[0m
Epoch [78/100], Loss: 53.3996
val_Accuracy: [92m0.7523[0m
val_Precision: [4;34m0.7596[0m,               val_Recall: [4;33m0.7269[0m,                 val_F1 Score: [4;35m0.7380[0m
æ ‡ç­¾é‡Œ1çš„ä¸ªæ•°:  430
æ ‡ç­¾é‡Œ0çš„ä¸ªæ•°:  430
æ€»æ•°:  860
æ­£ç¡®çš„ä¸ªæ•°:  647
Epoch [78/100], V_AUC: [4m0.7506[0m
Epoch [79/100], Loss: 4.8167
train_Accuracy: [91m0.9914[0m
train_Precision: [4;34m0.9861[0m,               train_Recall: [4;33m0.9967[0m,                 train_F1 Score: [4;35m0.9910[0m
æ ‡ç­¾é‡Œ1çš„ä¸ªæ•°:  2150
æ ‡ç­¾é‡Œ0çš„ä¸ªæ•°:  2150
æ€»æ•°:  4300
æ­£ç¡®çš„ä¸ªæ•°:  4263
æœ€åä¸€ä¸ªæ‰¹æ¬¡çš„è¾“å‡º, ä¸æ»¡batchsizeæ˜¯æ­£å¸¸çš„:
 tensor([[9.9871e-01],
        [9.9999e-01],
        [9.9992e-01],
        [1.6760e-03],
        [1.0000e+00],
        [4.4028e-06],
        [6.5475e-05],
        [5.3238e-03],
        [9.9979e-01],
        [9.9990e-01],
        [2.0288e-07],
        [3.4230e-03]], device='cuda:0', grad_fn=<SigmoidBackward0>)
Epoch [79/100], T_AUC: [4m0.9919[0m
Epoch [79/100], Loss: 53.6532
val_Accuracy: [92m0.7616[0m
val_Precision: [4;34m0.7628[0m,               val_Recall: [4;33m0.7473[0m,                 val_F1 Score: [4;35m0.7504[0m
æ ‡ç­¾é‡Œ1çš„ä¸ªæ•°:  430
æ ‡ç­¾é‡Œ0çš„ä¸ªæ•°:  430
æ€»æ•°:  860
æ­£ç¡®çš„ä¸ªæ•°:  655
Epoch [79/100], V_AUC: [4m0.7593[0m
Epoch [80/100], Loss: 3.2218
train_Accuracy: [91m0.9958[0m
train_Precision: [4;34m0.9926[0m,               train_Recall: [4;33m0.9987[0m,                 train_F1 Score: [4;35m0.9955[0m
æ ‡ç­¾é‡Œ1çš„ä¸ªæ•°:  2150
æ ‡ç­¾é‡Œ0çš„ä¸ªæ•°:  2150
æ€»æ•°:  4300
æ­£ç¡®çš„ä¸ªæ•°:  4282
æœ€åä¸€ä¸ªæ‰¹æ¬¡çš„è¾“å‡º, ä¸æ»¡batchsizeæ˜¯æ­£å¸¸çš„:
 tensor([[9.9868e-01],
        [9.9998e-01],
        [9.9998e-01],
        [1.9962e-03],
        [1.0000e+00],
        [1.1302e-05],
        [2.0697e-05],
        [6.1370e-04],
        [9.9850e-01],
        [9.9995e-01],
        [1.5346e-05],
        [1.3472e-03]], device='cuda:0', grad_fn=<SigmoidBackward0>)
Epoch [80/100], T_AUC: [4m0.9961[0m
Epoch [80/100], Loss: 56.2989
val_Accuracy: [92m0.7442[0m
val_Precision: [4;34m0.7501[0m,               val_Recall: [4;33m0.7159[0m,                 val_F1 Score: [4;35m0.7278[0m
æ ‡ç­¾é‡Œ1çš„ä¸ªæ•°:  430
æ ‡ç­¾é‡Œ0çš„ä¸ªæ•°:  430
æ€»æ•°:  860
æ­£ç¡®çš„ä¸ªæ•°:  640
Epoch [80/100], V_AUC: [4m0.7415[0m
Epoch [81/100], Loss: 2.2835
train_Accuracy: [91m0.9988[0m
train_Precision: [4;34m0.9973[0m,               train_Recall: [4;33m1.0000[0m,                 train_F1 Score: [4;35m0.9986[0m
æ ‡ç­¾é‡Œ1çš„ä¸ªæ•°:  2150
æ ‡ç­¾é‡Œ0çš„ä¸ªæ•°:  2150
æ€»æ•°:  4300
æ­£ç¡®çš„ä¸ªæ•°:  4295
æœ€åä¸€ä¸ªæ‰¹æ¬¡çš„è¾“å‡º, ä¸æ»¡batchsizeæ˜¯æ­£å¸¸çš„:
 tensor([[9.9961e-01],
        [9.9999e-01],
        [9.9999e-01],
        [2.6822e-03],
        [1.0000e+00],
        [3.8894e-06],
        [1.8801e-05],
        [5.3655e-04],
        [9.9554e-01],
        [9.9989e-01],
        [1.3058e-05],
        [2.0789e-03]], device='cuda:0', grad_fn=<SigmoidBackward0>)
Epoch [81/100], T_AUC: [4m0.9990[0m
Epoch [81/100], Loss: 57.0529
val_Accuracy: [92m0.7477[0m
val_Precision: [4;34m0.7489[0m,               val_Recall: [4;33m0.7329[0m,                 val_F1 Score: [4;35m0.7355[0m
æ ‡ç­¾é‡Œ1çš„ä¸ªæ•°:  430
æ ‡ç­¾é‡Œ0çš„ä¸ªæ•°:  430
æ€»æ•°:  860
æ­£ç¡®çš„ä¸ªæ•°:  643
Epoch [81/100], V_AUC: [4m0.7458[0m
Epoch [82/100], Loss: 1.6729
train_Accuracy: [91m0.9993[0m
train_Precision: [4;34m0.9987[0m,               train_Recall: [4;33m1.0000[0m,                 train_F1 Score: [4;35m0.9993[0m
æ ‡ç­¾é‡Œ1çš„ä¸ªæ•°:  2150
æ ‡ç­¾é‡Œ0çš„ä¸ªæ•°:  2150
æ€»æ•°:  4300
æ­£ç¡®çš„ä¸ªæ•°:  4297
æœ€åä¸€ä¸ªæ‰¹æ¬¡çš„è¾“å‡º, ä¸æ»¡batchsizeæ˜¯æ­£å¸¸çš„:
 tensor([[9.9964e-01],
        [9.9997e-01],
        [1.0000e+00],
        [1.4300e-03],
        [1.0000e+00],
        [1.2730e-06],
        [1.2577e-04],
        [5.8953e-04],
        [9.9310e-01],
        [9.9987e-01],
        [2.1978e-06],
        [2.2961e-03]], device='cuda:0', grad_fn=<SigmoidBackward0>)
Epoch [82/100], T_AUC: [4m0.9993[0m
Epoch [82/100], Loss: 60.5462
val_Accuracy: [92m0.7453[0m
val_Precision: [4;34m0.7485[0m,               val_Recall: [4;33m0.7265[0m,                 val_F1 Score: [4;35m0.7324[0m
æ ‡ç­¾é‡Œ1çš„ä¸ªæ•°:  430
æ ‡ç­¾é‡Œ0çš„ä¸ªæ•°:  430
æ€»æ•°:  860
æ­£ç¡®çš„ä¸ªæ•°:  641
Epoch [82/100], V_AUC: [4m0.7435[0m
Epoch [83/100], Loss: 1.4006
train_Accuracy: [91m0.9998[0m
train_Precision: [4;34m0.9994[0m,               train_Recall: [4;33m1.0000[0m,                 train_F1 Score: [4;35m0.9997[0m
æ ‡ç­¾é‡Œ1çš„ä¸ªæ•°:  2150
æ ‡ç­¾é‡Œ0çš„ä¸ªæ•°:  2150
æ€»æ•°:  4300
æ­£ç¡®çš„ä¸ªæ•°:  4299
æœ€åä¸€ä¸ªæ‰¹æ¬¡çš„è¾“å‡º, ä¸æ»¡batchsizeæ˜¯æ­£å¸¸çš„:
 tensor([[9.9985e-01],
        [9.9999e-01],
        [1.0000e+00],
        [7.3977e-04],
        [1.0000e+00],
        [1.5754e-06],
        [1.4656e-04],
        [1.8832e-03],
        [9.9854e-01],
        [9.9992e-01],
        [8.1371e-07],
        [1.9746e-03]], device='cuda:0', grad_fn=<SigmoidBackward0>)
Epoch [83/100], T_AUC: [4m0.9998[0m
Epoch [83/100], Loss: 59.2545
val_Accuracy: [92m0.7512[0m
val_Precision: [4;34m0.7509[0m,               val_Recall: [4;33m0.7404[0m,                 val_F1 Score: [4;35m0.7405[0m
æ ‡ç­¾é‡Œ1çš„ä¸ªæ•°:  430
æ ‡ç­¾é‡Œ0çš„ä¸ªæ•°:  430
æ€»æ•°:  860
æ­£ç¡®çš„ä¸ªæ•°:  646
Epoch [83/100], V_AUC: [4m0.7491[0m
Epoch [84/100], Loss: 2.1343
train_Accuracy: [91m0.9965[0m
train_Precision: [4;34m0.9947[0m,               train_Recall: [4;33m0.9978[0m,                 train_F1 Score: [4;35m0.9961[0m
æ ‡ç­¾é‡Œ1çš„ä¸ªæ•°:  2150
æ ‡ç­¾é‡Œ0çš„ä¸ªæ•°:  2150
æ€»æ•°:  4300
æ­£ç¡®çš„ä¸ªæ•°:  4285
æœ€åä¸€ä¸ªæ‰¹æ¬¡çš„è¾“å‡º, ä¸æ»¡batchsizeæ˜¯æ­£å¸¸çš„:
 tensor([[9.9973e-01],
        [9.9992e-01],
        [9.9996e-01],
        [2.2358e-03],
        [1.0000e+00],
        [1.2842e-06],
        [9.5787e-06],
        [2.6142e-04],
        [9.9955e-01],
        [9.9997e-01],
        [4.1655e-05],
        [3.5868e-03]], device='cuda:0', grad_fn=<SigmoidBackward0>)
Epoch [84/100], T_AUC: [4m0.9968[0m
Epoch [84/100], Loss: 66.4227
val_Accuracy: [92m0.7337[0m
val_Precision: [4;34m0.7412[0m,               val_Recall: [4;33m0.7029[0m,                 val_F1 Score: [4;35m0.7165[0m
æ ‡ç­¾é‡Œ1çš„ä¸ªæ•°:  430
æ ‡ç­¾é‡Œ0çš„ä¸ªæ•°:  430
æ€»æ•°:  860
æ­£ç¡®çš„ä¸ªæ•°:  631
Epoch [84/100], V_AUC: [4m0.7318[0m
Epoch [85/100], Loss: 2.8616
train_Accuracy: [91m0.9937[0m
train_Precision: [4;34m0.9917[0m,               train_Recall: [4;33m0.9954[0m,                 train_F1 Score: [4;35m0.9933[0m
æ ‡ç­¾é‡Œ1çš„ä¸ªæ•°:  2150
æ ‡ç­¾é‡Œ0çš„ä¸ªæ•°:  2150
æ€»æ•°:  4300
æ­£ç¡®çš„ä¸ªæ•°:  4273
æœ€åä¸€ä¸ªæ‰¹æ¬¡çš„è¾“å‡º, ä¸æ»¡batchsizeæ˜¯æ­£å¸¸çš„:
 tensor([[9.9965e-01],
        [9.9996e-01],
        [1.0000e+00],
        [3.1006e-04],
        [1.0000e+00],
        [1.6726e-06],
        [2.5627e-05],
        [9.0432e-03],
        [9.9437e-01],
        [9.9986e-01],
        [1.3787e-05],
        [6.4725e-04]], device='cuda:0', grad_fn=<SigmoidBackward0>)
Epoch [85/100], T_AUC: [4m0.9940[0m
Epoch [85/100], Loss: 66.6344
val_Accuracy: [92m0.7558[0m
val_Precision: [4;34m0.7555[0m,               val_Recall: [4;33m0.7391[0m,                 val_F1 Score: [4;35m0.7432[0m
æ ‡ç­¾é‡Œ1çš„ä¸ªæ•°:  430
æ ‡ç­¾é‡Œ0çš„ä¸ªæ•°:  430
æ€»æ•°:  860
æ­£ç¡®çš„ä¸ªæ•°:  650
Epoch [85/100], V_AUC: [4m0.7509[0m
Epoch [86/100], Loss: 27.7082
train_Accuracy: [91m0.9281[0m
train_Precision: [4;34m0.9212[0m,               train_Recall: [4;33m0.9421[0m,                 train_F1 Score: [4;35m0.9288[0m
æ ‡ç­¾é‡Œ1çš„ä¸ªæ•°:  2150
æ ‡ç­¾é‡Œ0çš„ä¸ªæ•°:  2150
æ€»æ•°:  4300
æ­£ç¡®çš„ä¸ªæ•°:  3991
æœ€åä¸€ä¸ªæ‰¹æ¬¡çš„è¾“å‡º, ä¸æ»¡batchsizeæ˜¯æ­£å¸¸çš„:
 tensor([[9.9478e-01],
        [9.9981e-01],
        [1.0000e+00],
        [2.0158e-03],
        [9.9999e-01],
        [1.7423e-03],
        [1.9106e-04],
        [5.9163e-04],
        [9.9998e-01],
        [8.1150e-01],
        [1.2066e-04],
        [8.8385e-05]], device='cuda:0', grad_fn=<SigmoidBackward0>)
Epoch [86/100], T_AUC: [4m0.9313[0m
Epoch [86/100], Loss: 81.3554
val_Accuracy: [92m0.7337[0m
val_Precision: [4;34m0.7232[0m,               val_Recall: [4;33m0.7555[0m,                 val_F1 Score: [4;35m0.7335[0m
æ ‡ç­¾é‡Œ1çš„ä¸ªæ•°:  430
æ ‡ç­¾é‡Œ0çš„ä¸ªæ•°:  430
æ€»æ•°:  860
æ­£ç¡®çš„ä¸ªæ•°:  631
Epoch [86/100], V_AUC: [4m0.7326[0m
Epoch [87/100], Loss: 28.4375
train_Accuracy: [91m0.9163[0m
train_Precision: [4;34m0.9055[0m,               train_Recall: [4;33m0.9330[0m,                 train_F1 Score: [4;35m0.9162[0m
æ ‡ç­¾é‡Œ1çš„ä¸ªæ•°:  2150
æ ‡ç­¾é‡Œ0çš„ä¸ªæ•°:  2150
æ€»æ•°:  4300
æ­£ç¡®çš„ä¸ªæ•°:  3940
æœ€åä¸€ä¸ªæ‰¹æ¬¡çš„è¾“å‡º, ä¸æ»¡batchsizeæ˜¯æ­£å¸¸çš„:
 tensor([[9.8654e-01],
        [9.9932e-01],
        [1.0000e+00],
        [2.2666e-02],
        [9.9905e-01],
        [2.3964e-05],
        [3.4868e-02],
        [7.8695e-03],
        [9.9971e-01],
        [9.4407e-01],
        [4.8712e-05],
        [2.2443e-02]], device='cuda:0', grad_fn=<SigmoidBackward0>)
Epoch [87/100], T_AUC: [4m0.9204[0m
Epoch [87/100], Loss: 47.2439
val_Accuracy: [92m0.7186[0m
val_Precision: [4;34m0.7217[0m,               val_Recall: [4;33m0.7112[0m,                 val_F1 Score: [4;35m0.7110[0m
æ ‡ç­¾é‡Œ1çš„ä¸ªæ•°:  430
æ ‡ç­¾é‡Œ0çš„ä¸ªæ•°:  430
æ€»æ•°:  860
æ­£ç¡®çš„ä¸ªæ•°:  618
Epoch [87/100], V_AUC: [4m0.7173[0m
Epoch [88/100], Loss: 16.9981
train_Accuracy: [91m0.9500[0m
train_Precision: [4;34m0.9423[0m,               train_Recall: [4;33m0.9611[0m,                 train_F1 Score: [4;35m0.9497[0m
æ ‡ç­¾é‡Œ1çš„ä¸ªæ•°:  2150
æ ‡ç­¾é‡Œ0çš„ä¸ªæ•°:  2150
æ€»æ•°:  4300
æ­£ç¡®çš„ä¸ªæ•°:  4085
æœ€åä¸€ä¸ªæ‰¹æ¬¡çš„è¾“å‡º, ä¸æ»¡batchsizeæ˜¯æ­£å¸¸çš„:
 tensor([[9.8990e-01],
        [9.9998e-01],
        [9.9925e-01],
        [2.9954e-03],
        [1.0000e+00],
        [5.4724e-06],
        [6.5913e-02],
        [1.5547e-02],
        [9.0083e-01],
        [9.9982e-01],
        [2.0774e-05],
        [3.1922e-03]], device='cuda:0', grad_fn=<SigmoidBackward0>)
Epoch [88/100], T_AUC: [4m0.9525[0m
Epoch [88/100], Loss: 50.5485
val_Accuracy: [92m0.7407[0m
val_Precision: [4;34m0.7387[0m,               val_Recall: [4;33m0.7404[0m,                 val_F1 Score: [4;35m0.7351[0m
æ ‡ç­¾é‡Œ1çš„ä¸ªæ•°:  430
æ ‡ç­¾é‡Œ0çš„ä¸ªæ•°:  430
æ€»æ•°:  860
æ­£ç¡®çš„ä¸ªæ•°:  637
Epoch [88/100], V_AUC: [4m0.7403[0m
Epoch [89/100], Loss: 8.1923
train_Accuracy: [91m0.9805[0m
train_Precision: [4;34m0.9736[0m,               train_Recall: [4;33m0.9875[0m,                 train_F1 Score: [4;35m0.9798[0m
æ ‡ç­¾é‡Œ1çš„ä¸ªæ•°:  2150
æ ‡ç­¾é‡Œ0çš„ä¸ªæ•°:  2150
æ€»æ•°:  4300
æ­£ç¡®çš„ä¸ªæ•°:  4216
æœ€åä¸€ä¸ªæ‰¹æ¬¡çš„è¾“å‡º, ä¸æ»¡batchsizeæ˜¯æ­£å¸¸çš„:
 tensor([[9.9883e-01],
        [9.9800e-01],
        [1.0000e+00],
        [1.4886e-03],
        [1.0000e+00],
        [7.9815e-06],
        [6.4013e-03],
        [1.9819e-03],
        [8.0347e-01],
        [9.9993e-01],
        [1.0982e-06],
        [2.0628e-03]], device='cuda:0', grad_fn=<SigmoidBackward0>)
Epoch [89/100], T_AUC: [4m0.9820[0m
Epoch [89/100], Loss: 56.4887
val_Accuracy: [92m0.7674[0m
val_Precision: [4;34m0.7719[0m,               val_Recall: [4;33m0.7567[0m,                 val_F1 Score: [4;35m0.7599[0m
æ ‡ç­¾é‡Œ1çš„ä¸ªæ•°:  430
æ ‡ç­¾é‡Œ0çš„ä¸ªæ•°:  430
æ€»æ•°:  860
æ­£ç¡®çš„ä¸ªæ•°:  660
Epoch [89/100], V_AUC: [4m0.7651[0m
Epoch [90/100], Loss: 5.4019
train_Accuracy: [91m0.9886[0m
train_Precision: [4;34m0.9841[0m,               train_Recall: [4;33m0.9930[0m,                 train_F1 Score: [4;35m0.9882[0m
æ ‡ç­¾é‡Œ1çš„ä¸ªæ•°:  2150
æ ‡ç­¾é‡Œ0çš„ä¸ªæ•°:  2150
æ€»æ•°:  4300
æ­£ç¡®çš„ä¸ªæ•°:  4251
æœ€åä¸€ä¸ªæ‰¹æ¬¡çš„è¾“å‡º, ä¸æ»¡batchsizeæ˜¯æ­£å¸¸çš„:
 tensor([[9.9719e-01],
        [9.9997e-01],
        [1.0000e+00],
        [7.7456e-04],
        [1.0000e+00],
        [9.9408e-07],
        [1.9153e-02],
        [2.5049e-03],
        [9.9974e-01],
        [9.9941e-01],
        [1.8243e-06],
        [2.1541e-04]], device='cuda:0', grad_fn=<SigmoidBackward0>)
Epoch [90/100], T_AUC: [4m0.9891[0m
Epoch [90/100], Loss: 57.8390
val_Accuracy: [92m0.7651[0m
val_Precision: [4;34m0.7668[0m,               val_Recall: [4;33m0.7514[0m,                 val_F1 Score: [4;35m0.7552[0m
æ ‡ç­¾é‡Œ1çš„ä¸ªæ•°:  430
æ ‡ç­¾é‡Œ0çš„ä¸ªæ•°:  430
æ€»æ•°:  860
æ­£ç¡®çš„ä¸ªæ•°:  658
Epoch [90/100], V_AUC: [4m0.7626[0m
Epoch [91/100], Loss: 4.2613
train_Accuracy: [91m0.9928[0m
train_Precision: [4;34m0.9909[0m,               train_Recall: [4;33m0.9952[0m,                 train_F1 Score: [4;35m0.9929[0m
æ ‡ç­¾é‡Œ1çš„ä¸ªæ•°:  2150
æ ‡ç­¾é‡Œ0çš„ä¸ªæ•°:  2150
æ€»æ•°:  4300
æ­£ç¡®çš„ä¸ªæ•°:  4269
æœ€åä¸€ä¸ªæ‰¹æ¬¡çš„è¾“å‡º, ä¸æ»¡batchsizeæ˜¯æ­£å¸¸çš„:
 tensor([[9.9716e-01],
        [9.9999e-01],
        [1.0000e+00],
        [7.8076e-04],
        [1.0000e+00],
        [4.0269e-06],
        [1.2231e-04],
        [7.7109e-03],
        [9.9876e-01],
        [9.9987e-01],
        [1.5010e-05],
        [1.7823e-04]], device='cuda:0', grad_fn=<SigmoidBackward0>)
Epoch [91/100], T_AUC: [4m0.9930[0m
Epoch [91/100], Loss: 55.3664
val_Accuracy: [92m0.7581[0m
val_Precision: [4;34m0.7652[0m,               val_Recall: [4;33m0.7382[0m,                 val_F1 Score: [4;35m0.7472[0m
æ ‡ç­¾é‡Œ1çš„ä¸ªæ•°:  430
æ ‡ç­¾é‡Œ0çš„ä¸ªæ•°:  430
æ€»æ•°:  860
æ­£ç¡®çš„ä¸ªæ•°:  652
Epoch [91/100], V_AUC: [4m0.7565[0m
Epoch [92/100], Loss: 3.3130
train_Accuracy: [91m0.9958[0m
train_Precision: [4;34m0.9943[0m,               train_Recall: [4;33m0.9979[0m,                 train_F1 Score: [4;35m0.9960[0m
æ ‡ç­¾é‡Œ1çš„ä¸ªæ•°:  2150
æ ‡ç­¾é‡Œ0çš„ä¸ªæ•°:  2150
æ€»æ•°:  4300
æ­£ç¡®çš„ä¸ªæ•°:  4282
æœ€åä¸€ä¸ªæ‰¹æ¬¡çš„è¾“å‡º, ä¸æ»¡batchsizeæ˜¯æ­£å¸¸çš„:
 tensor([[9.9696e-01],
        [9.9999e-01],
        [9.9991e-01],
        [8.1325e-04],
        [1.0000e+00],
        [8.6649e-07],
        [1.3940e-04],
        [7.2270e-03],
        [9.9994e-01],
        [9.9990e-01],
        [1.3602e-06],
        [1.4790e-03]], device='cuda:0', grad_fn=<SigmoidBackward0>)
Epoch [92/100], T_AUC: [4m0.9958[0m
Epoch [92/100], Loss: 61.7317
val_Accuracy: [92m0.7535[0m
val_Precision: [4;34m0.7481[0m,               val_Recall: [4;33m0.7619[0m,                 val_F1 Score: [4;35m0.7496[0m
æ ‡ç­¾é‡Œ1çš„ä¸ªæ•°:  430
æ ‡ç­¾é‡Œ0çš„ä¸ªæ•°:  430
æ€»æ•°:  860
æ­£ç¡®çš„ä¸ªæ•°:  648
Epoch [92/100], V_AUC: [4m0.7525[0m
Epoch [93/100], Loss: 2.5073
train_Accuracy: [91m0.9965[0m
train_Precision: [4;34m0.9945[0m,               train_Recall: [4;33m0.9988[0m,                 train_F1 Score: [4;35m0.9965[0m
æ ‡ç­¾é‡Œ1çš„ä¸ªæ•°:  2150
æ ‡ç­¾é‡Œ0çš„ä¸ªæ•°:  2150
æ€»æ•°:  4300
æ­£ç¡®çš„ä¸ªæ•°:  4285
æœ€åä¸€ä¸ªæ‰¹æ¬¡çš„è¾“å‡º, ä¸æ»¡batchsizeæ˜¯æ­£å¸¸çš„:
 tensor([[9.9671e-01],
        [9.9999e-01],
        [9.9998e-01],
        [1.1489e-03],
        [1.0000e+00],
        [3.0154e-06],
        [4.4409e-05],
        [1.2321e-03],
        [9.9989e-01],
        [9.9998e-01],
        [6.3422e-06],
        [2.5130e-04]], device='cuda:0', grad_fn=<SigmoidBackward0>)
Epoch [93/100], T_AUC: [4m0.9967[0m
Epoch [93/100], Loss: 61.4783
val_Accuracy: [92m0.7395[0m
val_Precision: [4;34m0.7407[0m,               val_Recall: [4;33m0.7295[0m,                 val_F1 Score: [4;35m0.7293[0m
æ ‡ç­¾é‡Œ1çš„ä¸ªæ•°:  430
æ ‡ç­¾é‡Œ0çš„ä¸ªæ•°:  430
æ€»æ•°:  860
æ­£ç¡®çš„ä¸ªæ•°:  636
Epoch [93/100], V_AUC: [4m0.7360[0m
Epoch [94/100], Loss: 1.6304
train_Accuracy: [91m0.9998[0m
train_Precision: [4;34m0.9996[0m,               train_Recall: [4;33m1.0000[0m,                 train_F1 Score: [4;35m0.9998[0m
æ ‡ç­¾é‡Œ1çš„ä¸ªæ•°:  2150
æ ‡ç­¾é‡Œ0çš„ä¸ªæ•°:  2150
æ€»æ•°:  4300
æ­£ç¡®çš„ä¸ªæ•°:  4299
æœ€åä¸€ä¸ªæ‰¹æ¬¡çš„è¾“å‡º, ä¸æ»¡batchsizeæ˜¯æ­£å¸¸çš„:
 tensor([[9.9474e-01],
        [9.9998e-01],
        [1.0000e+00],
        [1.8936e-03],
        [1.0000e+00],
        [2.1931e-07],
        [5.9538e-05],
        [8.0303e-04],
        [9.9991e-01],
        [9.9999e-01],
        [2.0695e-06],
        [4.0000e-04]], device='cuda:0', grad_fn=<SigmoidBackward0>)
Epoch [94/100], T_AUC: [4m0.9998[0m
Epoch [94/100], Loss: 61.8274
val_Accuracy: [92m0.7523[0m
val_Precision: [4;34m0.7595[0m,               val_Recall: [4;33m0.7290[0m,                 val_F1 Score: [4;35m0.7386[0m
æ ‡ç­¾é‡Œ1çš„ä¸ªæ•°:  430
æ ‡ç­¾é‡Œ0çš„ä¸ªæ•°:  430
æ€»æ•°:  860
æ­£ç¡®çš„ä¸ªæ•°:  647
Epoch [94/100], V_AUC: [4m0.7486[0m
Epoch [95/100], Loss: 1.1875
train_Accuracy: [91m0.9998[0m
train_Precision: [4;34m0.9996[0m,               train_Recall: [4;33m1.0000[0m,                 train_F1 Score: [4;35m0.9998[0m
æ ‡ç­¾é‡Œ1çš„ä¸ªæ•°:  2150
æ ‡ç­¾é‡Œ0çš„ä¸ªæ•°:  2150
æ€»æ•°:  4300
æ­£ç¡®çš„ä¸ªæ•°:  4299
æœ€åä¸€ä¸ªæ‰¹æ¬¡çš„è¾“å‡º, ä¸æ»¡batchsizeæ˜¯æ­£å¸¸çš„:
 tensor([[9.9675e-01],
        [9.9999e-01],
        [1.0000e+00],
        [2.6752e-03],
        [1.0000e+00],
        [1.4174e-07],
        [5.3956e-05],
        [1.1989e-03],
        [9.9995e-01],
        [9.9995e-01],
        [2.3498e-06],
        [4.5120e-04]], device='cuda:0', grad_fn=<SigmoidBackward0>)
Epoch [95/100], T_AUC: [4m0.9998[0m
Epoch [95/100], Loss: 61.8289
val_Accuracy: [92m0.7442[0m
val_Precision: [4;34m0.7410[0m,               val_Recall: [4;33m0.7403[0m,                 val_F1 Score: [4;35m0.7355[0m
æ ‡ç­¾é‡Œ1çš„ä¸ªæ•°:  430
æ ‡ç­¾é‡Œ0çš„ä¸ªæ•°:  430
æ€»æ•°:  860
æ­£ç¡®çš„ä¸ªæ•°:  640
Epoch [95/100], V_AUC: [4m0.7412[0m
Epoch [96/100], Loss: 1.8905
train_Accuracy: [91m0.9981[0m
train_Precision: [4;34m0.9974[0m,               train_Recall: [4;33m0.9992[0m,                 train_F1 Score: [4;35m0.9983[0m
æ ‡ç­¾é‡Œ1çš„ä¸ªæ•°:  2150
æ ‡ç­¾é‡Œ0çš„ä¸ªæ•°:  2150
æ€»æ•°:  4300
æ­£ç¡®çš„ä¸ªæ•°:  4292
æœ€åä¸€ä¸ªæ‰¹æ¬¡çš„è¾“å‡º, ä¸æ»¡batchsizeæ˜¯æ­£å¸¸çš„:
 tensor([[9.9372e-01],
        [9.9993e-01],
        [1.0000e+00],
        [1.5709e-03],
        [1.0000e+00],
        [9.1537e-08],
        [7.2120e-06],
        [1.2147e-04],
        [9.9999e-01],
        [9.9992e-01],
        [1.2842e-05],
        [1.4447e-02]], device='cuda:0', grad_fn=<SigmoidBackward0>)
Epoch [96/100], T_AUC: [4m0.9982[0m
Epoch [96/100], Loss: 57.6786
val_Accuracy: [92m0.7105[0m
val_Precision: [4;34m0.7293[0m,               val_Recall: [4;33m0.6675[0m,                 val_F1 Score: [4;35m0.6915[0m
æ ‡ç­¾é‡Œ1çš„ä¸ªæ•°:  430
æ ‡ç­¾é‡Œ0çš„ä¸ªæ•°:  430
æ€»æ•°:  860
æ­£ç¡®çš„ä¸ªæ•°:  611
Epoch [96/100], V_AUC: [4m0.7088[0m
Epoch [97/100], Loss: 5.5533
train_Accuracy: [91m0.9856[0m
train_Precision: [4;34m0.9811[0m,               train_Recall: [4;33m0.9895[0m,                 train_F1 Score: [4;35m0.9849[0m
æ ‡ç­¾é‡Œ1çš„ä¸ªæ•°:  2150
æ ‡ç­¾é‡Œ0çš„ä¸ªæ•°:  2150
æ€»æ•°:  4300
æ­£ç¡®çš„ä¸ªæ•°:  4238
æœ€åä¸€ä¸ªæ‰¹æ¬¡çš„è¾“å‡º, ä¸æ»¡batchsizeæ˜¯æ­£å¸¸çš„:
 tensor([[9.9744e-01],
        [9.9964e-01],
        [1.0000e+00],
        [1.6087e-03],
        [1.0000e+00],
        [1.1539e-06],
        [9.1161e-05],
        [2.3350e-05],
        [9.9989e-01],
        [9.9997e-01],
        [2.4568e-05],
        [3.8873e-04]], device='cuda:0', grad_fn=<SigmoidBackward0>)
Epoch [97/100], T_AUC: [4m0.9860[0m
Epoch [97/100], Loss: 64.9538
val_Accuracy: [92m0.7360[0m
val_Precision: [4;34m0.7266[0m,               val_Recall: [4;33m0.7498[0m,                 val_F1 Score: [4;35m0.7333[0m
æ ‡ç­¾é‡Œ1çš„ä¸ªæ•°:  430
æ ‡ç­¾é‡Œ0çš„ä¸ªæ•°:  430
æ€»æ•°:  860
æ­£ç¡®çš„ä¸ªæ•°:  633
Epoch [97/100], V_AUC: [4m0.7328[0m
Epoch [98/100], Loss: 9.5013
train_Accuracy: [91m0.9733[0m
train_Precision: [4;34m0.9669[0m,               train_Recall: [4;33m0.9797[0m,                 train_F1 Score: [4;35m0.9724[0m
æ ‡ç­¾é‡Œ1çš„ä¸ªæ•°:  2150
æ ‡ç­¾é‡Œ0çš„ä¸ªæ•°:  2150
æ€»æ•°:  4300
æ­£ç¡®çš„ä¸ªæ•°:  4185
æœ€åä¸€ä¸ªæ‰¹æ¬¡çš„è¾“å‡º, ä¸æ»¡batchsizeæ˜¯æ­£å¸¸çš„:
 tensor([[9.9733e-01],
        [9.9991e-01],
        [9.9999e-01],
        [5.4599e-04],
        [1.0000e+00],
        [1.6444e-05],
        [3.3730e-05],
        [1.7855e-04],
        [9.9999e-01],
        [9.9957e-01],
        [2.2491e-03],
        [6.0285e-05]], device='cuda:0', grad_fn=<SigmoidBackward0>)
Epoch [98/100], T_AUC: [4m0.9746[0m
Epoch [98/100], Loss: 52.9663
val_Accuracy: [92m0.7360[0m
val_Precision: [4;34m0.7427[0m,               val_Recall: [4;33m0.7080[0m,                 val_F1 Score: [4;35m0.7215[0m
æ ‡ç­¾é‡Œ1çš„ä¸ªæ•°:  430
æ ‡ç­¾é‡Œ0çš„ä¸ªæ•°:  430
æ€»æ•°:  860
æ­£ç¡®çš„ä¸ªæ•°:  633
Epoch [98/100], V_AUC: [4m0.7325[0m
Epoch [99/100], Loss: 12.0899
train_Accuracy: [91m0.9665[0m
train_Precision: [4;34m0.9613[0m,               train_Recall: [4;33m0.9726[0m,                 train_F1 Score: [4;35m0.9655[0m
æ ‡ç­¾é‡Œ1çš„ä¸ªæ•°:  2150
æ ‡ç­¾é‡Œ0çš„ä¸ªæ•°:  2150
æ€»æ•°:  4300
æ­£ç¡®çš„ä¸ªæ•°:  4156
æœ€åä¸€ä¸ªæ‰¹æ¬¡çš„è¾“å‡º, ä¸æ»¡batchsizeæ˜¯æ­£å¸¸çš„:
 tensor([[9.8265e-01],
        [9.9995e-01],
        [9.9998e-01],
        [2.1246e-02],
        [1.0000e+00],
        [1.1773e-05],
        [1.2607e-06],
        [1.8751e-03],
        [9.9687e-01],
        [9.9999e-01],
        [6.2977e-05],
        [5.8065e-04]], device='cuda:0', grad_fn=<SigmoidBackward0>)
Epoch [99/100], T_AUC: [4m0.9685[0m
Epoch [99/100], Loss: 63.4789
val_Accuracy: [92m0.7407[0m
val_Precision: [4;34m0.7443[0m,               val_Recall: [4;33m0.7269[0m,                 val_F1 Score: [4;35m0.7312[0m
æ ‡ç­¾é‡Œ1çš„ä¸ªæ•°:  430
æ ‡ç­¾é‡Œ0çš„ä¸ªæ•°:  430
æ€»æ•°:  860
æ­£ç¡®çš„ä¸ªæ•°:  637
Epoch [99/100], V_AUC: [4m0.7377[0m
Epoch [100/100], Loss: 11.3083
train_Accuracy: [91m0.9681[0m
train_Precision: [4;34m0.9607[0m,               train_Recall: [4;33m0.9780[0m,                 train_F1 Score: [4;35m0.9681[0m
æ ‡ç­¾é‡Œ1çš„ä¸ªæ•°:  2150
æ ‡ç­¾é‡Œ0çš„ä¸ªæ•°:  2150
æ€»æ•°:  4300
æ­£ç¡®çš„ä¸ªæ•°:  4163
æœ€åä¸€ä¸ªæ‰¹æ¬¡çš„è¾“å‡º, ä¸æ»¡batchsizeæ˜¯æ­£å¸¸çš„:
 tensor([[8.2615e-01],
        [1.0000e+00],
        [9.9976e-01],
        [1.8367e-02],
        [1.0000e+00],
        [9.4516e-07],
        [6.7258e-05],
        [1.3081e-04],
        [9.9991e-01],
        [1.0000e+00],
        [2.0252e-06],
        [6.8054e-04]], device='cuda:0', grad_fn=<SigmoidBackward0>)
Epoch [100/100], T_AUC: [4m0.9704[0m
Epoch [100/100], Loss: 66.7728
val_Accuracy: [92m0.7116[0m
val_Precision: [4;34m0.7057[0m,               val_Recall: [4;33m0.7221[0m,                 val_F1 Score: [4;35m0.7087[0m
æ ‡ç­¾é‡Œ1çš„ä¸ªæ•°:  430
æ ‡ç­¾é‡Œ0çš„ä¸ªæ•°:  430
æ€»æ•°:  860
æ­£ç¡®çš„ä¸ªæ•°:  612
Epoch [100/100], V_AUC: [4m0.7118[0m
ç¬¬0æ‰¹ç¬¬2ä¸ª, 100
ç¬¬0æ‰¹ç¬¬15ä¸ª, 100
ç¬¬1æ‰¹ç¬¬0ä¸ª, 100
ç¬¬1æ‰¹ç¬¬29ä¸ª, 100
ç¬¬1æ‰¹ç¬¬30ä¸ª, 100
send email successfully
