2024-06-25-12:35:45
1æ’åº128-0.5
åˆ›å»ºæ¨¡å‹å®ä¾‹
æ¨¡å‹å®ä¾‹åˆ›å»ºå®Œæˆ
åŠ è½½é¢„è®­ç»ƒå‚æ•°
é¢„è®­ç»ƒå‚æ•°åŠ è½½å®Œæˆ
Epoch [1/100], Loss: 61.0106
train_Accuracy: [91m0.8019[0m
train_Precision: [4;34m0.8238[0m,               train_Recall: [4;33m0.7779[0m,                 train_F1 Score: [4;35m0.7945[0m
æ ‡ç­¾é‡Œ1çš„ä¸ªæ•°:  2150
æ ‡ç­¾é‡Œ0çš„ä¸ªæ•°:  2150
æ€»æ•°:  4300
æ­£ç¡®çš„ä¸ªæ•°:  3448
æœ€åä¸€ä¸ªæ‰¹æ¬¡çš„è¾“å‡º, ä¸æ»¡batchsizeæ˜¯æ­£å¸¸çš„:
 tensor([[0.9251],
        [0.8607],
        [0.9789],
        [0.1642],
        [0.7726],
        [0.1745],
        [0.5442],
        [0.3019],
        [0.4140],
        [0.8995],
        [0.0315],
        [0.0399]], device='cuda:0', grad_fn=<SigmoidBackward0>)
Epoch [1/100], T_AUC: [4m0.8075[0m
Epoch [1/100], Loss: 13.9266
val_Accuracy: [92m0.8023[0m
val_Precision: [4;34m0.8375[0m,               val_Recall: [4;33m0.7433[0m,                 val_F1 Score: [4;35m0.7833[0m
æ ‡ç­¾é‡Œ1çš„ä¸ªæ•°:  430
æ ‡ç­¾é‡Œ0çš„ä¸ªæ•°:  430
æ€»æ•°:  860
æ­£ç¡®çš„ä¸ªæ•°:  690
Epoch [1/100], V_AUC: [4m0.7994[0m
Epoch [2/100], Loss: 59.1635
train_Accuracy: [91m0.8091[0m
train_Precision: [4;34m0.8344[0m,               train_Recall: [4;33m0.7798[0m,                 train_F1 Score: [4;35m0.8010[0m
æ ‡ç­¾é‡Œ1çš„ä¸ªæ•°:  2150
æ ‡ç­¾é‡Œ0çš„ä¸ªæ•°:  2150
æ€»æ•°:  4300
æ­£ç¡®çš„ä¸ªæ•°:  3479
æœ€åä¸€ä¸ªæ‰¹æ¬¡çš„è¾“å‡º, ä¸æ»¡batchsizeæ˜¯æ­£å¸¸çš„:
 tensor([[0.9317],
        [0.8809],
        [0.9823],
        [0.1530],
        [0.7467],
        [0.1570],
        [0.5378],
        [0.3354],
        [0.4513],
        [0.9149],
        [0.0237],
        [0.0394]], device='cuda:0', grad_fn=<SigmoidBackward0>)
Epoch [2/100], T_AUC: [4m0.8146[0m
Epoch [2/100], Loss: 13.9973
val_Accuracy: [92m0.8035[0m
val_Precision: [4;34m0.8360[0m,               val_Recall: [4;33m0.7479[0m,                 val_F1 Score: [4;35m0.7848[0m
æ ‡ç­¾é‡Œ1çš„ä¸ªæ•°:  430
æ ‡ç­¾é‡Œ0çš„ä¸ªæ•°:  430
æ€»æ•°:  860
æ­£ç¡®çš„ä¸ªæ•°:  691
Epoch [2/100], V_AUC: [4m0.8007[0m
Epoch [3/100], Loss: 58.6920
train_Accuracy: [91m0.8105[0m
train_Precision: [4;34m0.8359[0m,               train_Recall: [4;33m0.7828[0m,                 train_F1 Score: [4;35m0.8030[0m
æ ‡ç­¾é‡Œ1çš„ä¸ªæ•°:  2150
æ ‡ç­¾é‡Œ0çš„ä¸ªæ•°:  2150
æ€»æ•°:  4300
æ­£ç¡®çš„ä¸ªæ•°:  3485
æœ€åä¸€ä¸ªæ‰¹æ¬¡çš„è¾“å‡º, ä¸æ»¡batchsizeæ˜¯æ­£å¸¸çš„:
 tensor([[0.9336],
        [0.8737],
        [0.9820],
        [0.1459],
        [0.7731],
        [0.1445],
        [0.5298],
        [0.3399],
        [0.4887],
        [0.9203],
        [0.0223],
        [0.0377]], device='cuda:0', grad_fn=<SigmoidBackward0>)
Epoch [3/100], T_AUC: [4m0.8167[0m
Epoch [3/100], Loss: 14.1439
val_Accuracy: [92m0.8012[0m
val_Precision: [4;34m0.8334[0m,               val_Recall: [4;33m0.7464[0m,                 val_F1 Score: [4;35m0.7828[0m
æ ‡ç­¾é‡Œ1çš„ä¸ªæ•°:  430
æ ‡ç­¾é‡Œ0çš„ä¸ªæ•°:  430
æ€»æ•°:  860
æ­£ç¡®çš„ä¸ªæ•°:  689
Epoch [3/100], V_AUC: [4m0.7981[0m
Epoch [4/100], Loss: 58.3463
train_Accuracy: [91m0.8119[0m
train_Precision: [4;34m0.8373[0m,               train_Recall: [4;33m0.7855[0m,                 train_F1 Score: [4;35m0.8050[0m
æ ‡ç­¾é‡Œ1çš„ä¸ªæ•°:  2150
æ ‡ç­¾é‡Œ0çš„ä¸ªæ•°:  2150
æ€»æ•°:  4300
æ­£ç¡®çš„ä¸ªæ•°:  3491
æœ€åä¸€ä¸ªæ‰¹æ¬¡çš„è¾“å‡º, ä¸æ»¡batchsizeæ˜¯æ­£å¸¸çš„:
 tensor([[0.9233],
        [0.8791],
        [0.9836],
        [0.1365],
        [0.7652],
        [0.1378],
        [0.5255],
        [0.3505],
        [0.5170],
        [0.9135],
        [0.0232],
        [0.0456]], device='cuda:0', grad_fn=<SigmoidBackward0>)
Epoch [4/100], T_AUC: [4m0.8183[0m
Epoch [4/100], Loss: 14.1242
val_Accuracy: [92m0.8035[0m
val_Precision: [4;34m0.8376[0m,               val_Recall: [4;33m0.7459[0m,                 val_F1 Score: [4;35m0.7842[0m
æ ‡ç­¾é‡Œ1çš„ä¸ªæ•°:  430
æ ‡ç­¾é‡Œ0çš„ä¸ªæ•°:  430
æ€»æ•°:  860
æ­£ç¡®çš„ä¸ªæ•°:  691
Epoch [4/100], V_AUC: [4m0.8003[0m
Epoch [5/100], Loss: 57.9970
train_Accuracy: [91m0.8149[0m
train_Precision: [4;34m0.8370[0m,               train_Recall: [4;33m0.7933[0m,                 train_F1 Score: [4;35m0.8090[0m
æ ‡ç­¾é‡Œ1çš„ä¸ªæ•°:  2150
æ ‡ç­¾é‡Œ0çš„ä¸ªæ•°:  2150
æ€»æ•°:  4300
æ­£ç¡®çš„ä¸ªæ•°:  3504
æœ€åä¸€ä¸ªæ‰¹æ¬¡çš„è¾“å‡º, ä¸æ»¡batchsizeæ˜¯æ­£å¸¸çš„:
 tensor([[0.9115],
        [0.8752],
        [0.9822],
        [0.1325],
        [0.7841],
        [0.1330],
        [0.5208],
        [0.3487],
        [0.5733],
        [0.9056],
        [0.0257],
        [0.0466]], device='cuda:0', grad_fn=<SigmoidBackward0>)
Epoch [5/100], T_AUC: [4m0.8214[0m
Epoch [5/100], Loss: 14.1582
val_Accuracy: [92m0.7988[0m
val_Precision: [4;34m0.8319[0m,               val_Recall: [4;33m0.7414[0m,                 val_F1 Score: [4;35m0.7792[0m
æ ‡ç­¾é‡Œ1çš„ä¸ªæ•°:  430
æ ‡ç­¾é‡Œ0çš„ä¸ªæ•°:  430
æ€»æ•°:  860
æ­£ç¡®çš„ä¸ªæ•°:  687
Epoch [5/100], V_AUC: [4m0.7958[0m
Epoch [6/100], Loss: 57.8932
train_Accuracy: [91m0.8149[0m
train_Precision: [4;34m0.8374[0m,               train_Recall: [4;33m0.7918[0m,                 train_F1 Score: [4;35m0.8086[0m
æ ‡ç­¾é‡Œ1çš„ä¸ªæ•°:  2150
æ ‡ç­¾é‡Œ0çš„ä¸ªæ•°:  2150
æ€»æ•°:  4300
æ­£ç¡®çš„ä¸ªæ•°:  3504
æœ€åä¸€ä¸ªæ‰¹æ¬¡çš„è¾“å‡º, ä¸æ»¡batchsizeæ˜¯æ­£å¸¸çš„:
 tensor([[0.8969],
        [0.8586],
        [0.9823],
        [0.1355],
        [0.7643],
        [0.1232],
        [0.5457],
        [0.3707],
        [0.5598],
        [0.8969],
        [0.0240],
        [0.0722]], device='cuda:0', grad_fn=<SigmoidBackward0>)
Epoch [6/100], T_AUC: [4m0.8212[0m
Epoch [6/100], Loss: 14.0429
val_Accuracy: [92m0.7953[0m
val_Precision: [4;34m0.8362[0m,               val_Recall: [4;33m0.7277[0m,                 val_F1 Score: [4;35m0.7731[0m
æ ‡ç­¾é‡Œ1çš„ä¸ªæ•°:  430
æ ‡ç­¾é‡Œ0çš„ä¸ªæ•°:  430
æ€»æ•°:  860
æ­£ç¡®çš„ä¸ªæ•°:  684
Epoch [6/100], V_AUC: [4m0.7926[0m
Epoch [7/100], Loss: 57.3681
train_Accuracy: [91m0.8165[0m
train_Precision: [4;34m0.8407[0m,               train_Recall: [4;33m0.7921[0m,                 train_F1 Score: [4;35m0.8105[0m
æ ‡ç­¾é‡Œ1çš„ä¸ªæ•°:  2150
æ ‡ç­¾é‡Œ0çš„ä¸ªæ•°:  2150
æ€»æ•°:  4300
æ­£ç¡®çš„ä¸ªæ•°:  3511
æœ€åä¸€ä¸ªæ‰¹æ¬¡çš„è¾“å‡º, ä¸æ»¡batchsizeæ˜¯æ­£å¸¸çš„:
 tensor([[0.8846],
        [0.8631],
        [0.9871],
        [0.1302],
        [0.7525],
        [0.1223],
        [0.4746],
        [0.3548],
        [0.6004],
        [0.8751],
        [0.0288],
        [0.0778]], device='cuda:0', grad_fn=<SigmoidBackward0>)
Epoch [7/100], T_AUC: [4m0.8231[0m
Epoch [7/100], Loss: 14.0810
val_Accuracy: [92m0.7965[0m
val_Precision: [4;34m0.8250[0m,               val_Recall: [4;33m0.7429[0m,                 val_F1 Score: [4;35m0.7774[0m
æ ‡ç­¾é‡Œ1çš„ä¸ªæ•°:  430
æ ‡ç­¾é‡Œ0çš„ä¸ªæ•°:  430
æ€»æ•°:  860
æ­£ç¡®çš„ä¸ªæ•°:  685
Epoch [7/100], V_AUC: [4m0.7936[0m
Epoch [8/100], Loss: 57.3114
train_Accuracy: [91m0.8170[0m
train_Precision: [4;34m0.8404[0m,               train_Recall: [4;33m0.7947[0m,                 train_F1 Score: [4;35m0.8115[0m
æ ‡ç­¾é‡Œ1çš„ä¸ªæ•°:  2150
æ ‡ç­¾é‡Œ0çš„ä¸ªæ•°:  2150
æ€»æ•°:  4300
æ­£ç¡®çš„ä¸ªæ•°:  3513
æœ€åä¸€ä¸ªæ‰¹æ¬¡çš„è¾“å‡º, ä¸æ»¡batchsizeæ˜¯æ­£å¸¸çš„:
 tensor([[0.8892],
        [0.8674],
        [0.9844],
        [0.1238],
        [0.7756],
        [0.1178],
        [0.4870],
        [0.3798],
        [0.5847],
        [0.8827],
        [0.0283],
        [0.0763]], device='cuda:0', grad_fn=<SigmoidBackward0>)
Epoch [8/100], T_AUC: [4m0.8237[0m
Epoch [8/100], Loss: 14.1649
val_Accuracy: [92m0.7895[0m
val_Precision: [4;34m0.8335[0m,               val_Recall: [4;33m0.7155[0m,                 val_F1 Score: [4;35m0.7657[0m
æ ‡ç­¾é‡Œ1çš„ä¸ªæ•°:  430
æ ‡ç­¾é‡Œ0çš„ä¸ªæ•°:  430
æ€»æ•°:  860
æ­£ç¡®çš„ä¸ªæ•°:  679
Epoch [8/100], V_AUC: [4m0.7865[0m
Epoch [9/100], Loss: 57.0846
train_Accuracy: [91m0.8179[0m
train_Precision: [4;34m0.8413[0m,               train_Recall: [4;33m0.7947[0m,                 train_F1 Score: [4;35m0.8121[0m
æ ‡ç­¾é‡Œ1çš„ä¸ªæ•°:  2150
æ ‡ç­¾é‡Œ0çš„ä¸ªæ•°:  2150
æ€»æ•°:  4300
æ­£ç¡®çš„ä¸ªæ•°:  3517
æœ€åä¸€ä¸ªæ‰¹æ¬¡çš„è¾“å‡º, ä¸æ»¡batchsizeæ˜¯æ­£å¸¸çš„:
 tensor([[0.8737],
        [0.8308],
        [0.9839],
        [0.1312],
        [0.8151],
        [0.1244],
        [0.4388],
        [0.3914],
        [0.6052],
        [0.8807],
        [0.0288],
        [0.0789]], device='cuda:0', grad_fn=<SigmoidBackward0>)
Epoch [9/100], T_AUC: [4m0.8245[0m
Epoch [9/100], Loss: 14.2063
val_Accuracy: [92m0.7942[0m
val_Precision: [4;34m0.8276[0m,               val_Recall: [4;33m0.7335[0m,                 val_F1 Score: [4;35m0.7729[0m
æ ‡ç­¾é‡Œ1çš„ä¸ªæ•°:  430
æ ‡ç­¾é‡Œ0çš„ä¸ªæ•°:  430
æ€»æ•°:  860
æ­£ç¡®çš„ä¸ªæ•°:  683
Epoch [9/100], V_AUC: [4m0.7911[0m
Epoch [10/100], Loss: 56.6980
train_Accuracy: [91m0.8205[0m
train_Precision: [4;34m0.8427[0m,               train_Recall: [4;33m0.7987[0m,                 train_F1 Score: [4;35m0.8152[0m
æ ‡ç­¾é‡Œ1çš„ä¸ªæ•°:  2150
æ ‡ç­¾é‡Œ0çš„ä¸ªæ•°:  2150
æ€»æ•°:  4300
æ­£ç¡®çš„ä¸ªæ•°:  3528
æœ€åä¸€ä¸ªæ‰¹æ¬¡çš„è¾“å‡º, ä¸æ»¡batchsizeæ˜¯æ­£å¸¸çš„:
 tensor([[0.8506],
        [0.8217],
        [0.9875],
        [0.1264],
        [0.8423],
        [0.1247],
        [0.4503],
        [0.3589],
        [0.5913],
        [0.8754],
        [0.0310],
        [0.0819]], device='cuda:0', grad_fn=<SigmoidBackward0>)
Epoch [10/100], T_AUC: [4m0.8265[0m
Epoch [10/100], Loss: 14.0937
val_Accuracy: [92m0.7942[0m
val_Precision: [4;34m0.8277[0m,               val_Recall: [4;33m0.7335[0m,                 val_F1 Score: [4;35m0.7731[0m
æ ‡ç­¾é‡Œ1çš„ä¸ªæ•°:  430
æ ‡ç­¾é‡Œ0çš„ä¸ªæ•°:  430
æ€»æ•°:  860
æ­£ç¡®çš„ä¸ªæ•°:  683
Epoch [10/100], V_AUC: [4m0.7911[0m
Epoch [11/100], Loss: 56.7154
train_Accuracy: [91m0.8226[0m
train_Precision: [4;34m0.8423[0m,               train_Recall: [4;33m0.8037[0m,                 train_F1 Score: [4;35m0.8174[0m
æ ‡ç­¾é‡Œ1çš„ä¸ªæ•°:  2150
æ ‡ç­¾é‡Œ0çš„ä¸ªæ•°:  2150
æ€»æ•°:  4300
æ­£ç¡®çš„ä¸ªæ•°:  3537
æœ€åä¸€ä¸ªæ‰¹æ¬¡çš„è¾“å‡º, ä¸æ»¡batchsizeæ˜¯æ­£å¸¸çš„:
 tensor([[0.8903],
        [0.8385],
        [0.9784],
        [0.1354],
        [0.7775],
        [0.1093],
        [0.4690],
        [0.4343],
        [0.6522],
        [0.8774],
        [0.0240],
        [0.0813]], device='cuda:0', grad_fn=<SigmoidBackward0>)
Epoch [11/100], T_AUC: [4m0.8288[0m
Epoch [11/100], Loss: 14.0836
val_Accuracy: [92m0.7919[0m
val_Precision: [4;34m0.8318[0m,               val_Recall: [4;33m0.7225[0m,                 val_F1 Score: [4;35m0.7687[0m
æ ‡ç­¾é‡Œ1çš„ä¸ªæ•°:  430
æ ‡ç­¾é‡Œ0çš„ä¸ªæ•°:  430
æ€»æ•°:  860
æ­£ç¡®çš„ä¸ªæ•°:  681
Epoch [11/100], V_AUC: [4m0.7887[0m
Epoch [12/100], Loss: 56.4115
train_Accuracy: [91m0.8205[0m
train_Precision: [4;34m0.8438[0m,               train_Recall: [4;33m0.7973[0m,                 train_F1 Score: [4;35m0.8144[0m
æ ‡ç­¾é‡Œ1çš„ä¸ªæ•°:  2150
æ ‡ç­¾é‡Œ0çš„ä¸ªæ•°:  2150
æ€»æ•°:  4300
æ­£ç¡®çš„ä¸ªæ•°:  3528
æœ€åä¸€ä¸ªæ‰¹æ¬¡çš„è¾“å‡º, ä¸æ»¡batchsizeæ˜¯æ­£å¸¸çš„:
 tensor([[0.8626],
        [0.7988],
        [0.9866],
        [0.1316],
        [0.8419],
        [0.1215],
        [0.4685],
        [0.2875],
        [0.6162],
        [0.8901],
        [0.0270],
        [0.0914]], device='cuda:0', grad_fn=<SigmoidBackward0>)
Epoch [12/100], T_AUC: [4m0.8272[0m
Epoch [12/100], Loss: 14.0413
val_Accuracy: [92m0.7942[0m
val_Precision: [4;34m0.8143[0m,               val_Recall: [4;33m0.7506[0m,                 val_F1 Score: [4;35m0.7759[0m
æ ‡ç­¾é‡Œ1çš„ä¸ªæ•°:  430
æ ‡ç­¾é‡Œ0çš„ä¸ªæ•°:  430
æ€»æ•°:  860
æ­£ç¡®çš„ä¸ªæ•°:  683
Epoch [12/100], V_AUC: [4m0.7898[0m
Epoch [13/100], Loss: 55.8265
train_Accuracy: [91m0.8267[0m
train_Precision: [4;34m0.8479[0m,               train_Recall: [4;33m0.8060[0m,                 train_F1 Score: [4;35m0.8212[0m
æ ‡ç­¾é‡Œ1çš„ä¸ªæ•°:  2150
æ ‡ç­¾é‡Œ0çš„ä¸ªæ•°:  2150
æ€»æ•°:  4300
æ­£ç¡®çš„ä¸ªæ•°:  3555
æœ€åä¸€ä¸ªæ‰¹æ¬¡çš„è¾“å‡º, ä¸æ»¡batchsizeæ˜¯æ­£å¸¸çš„:
 tensor([[0.8377],
        [0.8193],
        [0.9916],
        [0.1435],
        [0.8483],
        [0.1227],
        [0.3899],
        [0.3024],
        [0.6417],
        [0.8749],
        [0.0309],
        [0.0741]], device='cuda:0', grad_fn=<SigmoidBackward0>)
Epoch [13/100], T_AUC: [4m0.8332[0m
Epoch [13/100], Loss: 14.4879
val_Accuracy: [92m0.7826[0m
val_Precision: [4;34m0.8109[0m,               val_Recall: [4;33m0.7298[0m,                 val_F1 Score: [4;35m0.7637[0m
æ ‡ç­¾é‡Œ1çš„ä¸ªæ•°:  430
æ ‡ç­¾é‡Œ0çš„ä¸ªæ•°:  430
æ€»æ•°:  860
æ­£ç¡®çš„ä¸ªæ•°:  673
Epoch [13/100], V_AUC: [4m0.7786[0m
Epoch [14/100], Loss: 55.7533
train_Accuracy: [91m0.8247[0m
train_Precision: [4;34m0.8460[0m,               train_Recall: [4;33m0.8034[0m,                 train_F1 Score: [4;35m0.8194[0m
æ ‡ç­¾é‡Œ1çš„ä¸ªæ•°:  2150
æ ‡ç­¾é‡Œ0çš„ä¸ªæ•°:  2150
æ€»æ•°:  4300
æ­£ç¡®çš„ä¸ªæ•°:  3546
æœ€åä¸€ä¸ªæ‰¹æ¬¡çš„è¾“å‡º, ä¸æ»¡batchsizeæ˜¯æ­£å¸¸çš„:
 tensor([[0.8617],
        [0.7449],
        [0.9944],
        [0.1388],
        [0.7692],
        [0.1163],
        [0.4044],
        [0.3239],
        [0.7606],
        [0.8102],
        [0.0324],
        [0.0913]], device='cuda:0', grad_fn=<SigmoidBackward0>)
Epoch [14/100], T_AUC: [4m0.8307[0m
Epoch [14/100], Loss: 14.3639
val_Accuracy: [92m0.7779[0m
val_Precision: [4;34m0.8072[0m,               val_Recall: [4;33m0.7225[0m,                 val_F1 Score: [4;35m0.7578[0m
æ ‡ç­¾é‡Œ1çš„ä¸ªæ•°:  430
æ ‡ç­¾é‡Œ0çš„ä¸ªæ•°:  430
æ€»æ•°:  860
æ­£ç¡®çš„ä¸ªæ•°:  669
Epoch [14/100], V_AUC: [4m0.7744[0m
Epoch [15/100], Loss: 55.4565
train_Accuracy: [91m0.8291[0m
train_Precision: [4;34m0.8496[0m,               train_Recall: [4;33m0.8089[0m,                 train_F1 Score: [4;35m0.8238[0m
æ ‡ç­¾é‡Œ1çš„ä¸ªæ•°:  2150
æ ‡ç­¾é‡Œ0çš„ä¸ªæ•°:  2150
æ€»æ•°:  4300
æ­£ç¡®çš„ä¸ªæ•°:  3565
æœ€åä¸€ä¸ªæ‰¹æ¬¡çš„è¾“å‡º, ä¸æ»¡batchsizeæ˜¯æ­£å¸¸çš„:
 tensor([[0.8267],
        [0.8300],
        [0.9938],
        [0.1362],
        [0.8148],
        [0.1145],
        [0.3469],
        [0.3795],
        [0.7150],
        [0.8328],
        [0.0272],
        [0.0837]], device='cuda:0', grad_fn=<SigmoidBackward0>)
Epoch [15/100], T_AUC: [4m0.8353[0m
Epoch [15/100], Loss: 14.6421
val_Accuracy: [92m0.7744[0m
val_Precision: [4;34m0.8049[0m,               val_Recall: [4;33m0.7156[0m,                 val_F1 Score: [4;35m0.7529[0m
æ ‡ç­¾é‡Œ1çš„ä¸ªæ•°:  430
æ ‡ç­¾é‡Œ0çš„ä¸ªæ•°:  430
æ€»æ•°:  860
æ­£ç¡®çš„ä¸ªæ•°:  666
Epoch [15/100], V_AUC: [4m0.7712[0m
Epoch [16/100], Loss: 54.9943
train_Accuracy: [91m0.8302[0m
train_Precision: [4;34m0.8510[0m,               train_Recall: [4;33m0.8096[0m,                 train_F1 Score: [4;35m0.8249[0m
æ ‡ç­¾é‡Œ1çš„ä¸ªæ•°:  2150
æ ‡ç­¾é‡Œ0çš„ä¸ªæ•°:  2150
æ€»æ•°:  4300
æ­£ç¡®çš„ä¸ªæ•°:  3570
æœ€åä¸€ä¸ªæ‰¹æ¬¡çš„è¾“å‡º, ä¸æ»¡batchsizeæ˜¯æ­£å¸¸çš„:
 tensor([[0.8584],
        [0.7794],
        [0.9935],
        [0.1572],
        [0.8312],
        [0.0939],
        [0.4585],
        [0.2618],
        [0.7948],
        [0.8281],
        [0.0269],
        [0.0734]], device='cuda:0', grad_fn=<SigmoidBackward0>)
Epoch [16/100], T_AUC: [4m0.8363[0m
Epoch [16/100], Loss: 15.3882
val_Accuracy: [92m0.7791[0m
val_Precision: [4;34m0.8002[0m,               val_Recall: [4;33m0.7334[0m,                 val_F1 Score: [4;35m0.7610[0m
æ ‡ç­¾é‡Œ1çš„ä¸ªæ•°:  430
æ ‡ç­¾é‡Œ0çš„ä¸ªæ•°:  430
æ€»æ•°:  860
æ­£ç¡®çš„ä¸ªæ•°:  670
Epoch [16/100], V_AUC: [4m0.7756[0m
Epoch [17/100], Loss: 54.6075
train_Accuracy: [91m0.8288[0m
train_Precision: [4;34m0.8507[0m,               train_Recall: [4;33m0.8070[0m,                 train_F1 Score: [4;35m0.8231[0m
æ ‡ç­¾é‡Œ1çš„ä¸ªæ•°:  2150
æ ‡ç­¾é‡Œ0çš„ä¸ªæ•°:  2150
æ€»æ•°:  4300
æ­£ç¡®çš„ä¸ªæ•°:  3564
æœ€åä¸€ä¸ªæ‰¹æ¬¡çš„è¾“å‡º, ä¸æ»¡batchsizeæ˜¯æ­£å¸¸çš„:
 tensor([[0.8794],
        [0.7597],
        [0.9949],
        [0.1443],
        [0.8586],
        [0.0991],
        [0.3442],
        [0.3183],
        [0.8083],
        [0.8058],
        [0.0284],
        [0.0642]], device='cuda:0', grad_fn=<SigmoidBackward0>)
Epoch [17/100], T_AUC: [4m0.8350[0m
Epoch [17/100], Loss: 14.8920
val_Accuracy: [92m0.7744[0m
val_Precision: [4;34m0.8086[0m,               val_Recall: [4;33m0.7083[0m,                 val_F1 Score: [4;35m0.7509[0m
æ ‡ç­¾é‡Œ1çš„ä¸ªæ•°:  430
æ ‡ç­¾é‡Œ0çš„ä¸ªæ•°:  430
æ€»æ•°:  860
æ­£ç¡®çš„ä¸ªæ•°:  666
Epoch [17/100], V_AUC: [4m0.7712[0m
Epoch [18/100], Loss: 54.4864
train_Accuracy: [91m0.8326[0m
train_Precision: [4;34m0.8553[0m,               train_Recall: [4;33m0.8086[0m,                 train_F1 Score: [4;35m0.8267[0m
æ ‡ç­¾é‡Œ1çš„ä¸ªæ•°:  2150
æ ‡ç­¾é‡Œ0çš„ä¸ªæ•°:  2150
æ€»æ•°:  4300
æ­£ç¡®çš„ä¸ªæ•°:  3580
æœ€åä¸€ä¸ªæ‰¹æ¬¡çš„è¾“å‡º, ä¸æ»¡batchsizeæ˜¯æ­£å¸¸çš„:
 tensor([[0.8542],
        [0.7579],
        [0.9957],
        [0.1604],
        [0.9367],
        [0.1097],
        [0.2935],
        [0.2382],
        [0.6984],
        [0.7932],
        [0.0312],
        [0.0694]], device='cuda:0', grad_fn=<SigmoidBackward0>)
Epoch [18/100], T_AUC: [4m0.8377[0m
Epoch [18/100], Loss: 14.8913
val_Accuracy: [92m0.7767[0m
val_Precision: [4;34m0.8116[0m,               val_Recall: [4;33m0.7148[0m,                 val_F1 Score: [4;35m0.7556[0m
æ ‡ç­¾é‡Œ1çš„ä¸ªæ•°:  430
æ ‡ç­¾é‡Œ0çš„ä¸ªæ•°:  430
æ€»æ•°:  860
æ­£ç¡®çš„ä¸ªæ•°:  668
Epoch [18/100], V_AUC: [4m0.7738[0m
Epoch [19/100], Loss: 54.2415
train_Accuracy: [91m0.8342[0m
train_Precision: [4;34m0.8568[0m,               train_Recall: [4;33m0.8115[0m,                 train_F1 Score: [4;35m0.8287[0m
æ ‡ç­¾é‡Œ1çš„ä¸ªæ•°:  2150
æ ‡ç­¾é‡Œ0çš„ä¸ªæ•°:  2150
æ€»æ•°:  4300
æ­£ç¡®çš„ä¸ªæ•°:  3587
æœ€åä¸€ä¸ªæ‰¹æ¬¡çš„è¾“å‡º, ä¸æ»¡batchsizeæ˜¯æ­£å¸¸çš„:
 tensor([[0.8340],
        [0.8348],
        [0.9955],
        [0.1313],
        [0.9148],
        [0.1114],
        [0.2671],
        [0.3043],
        [0.7110],
        [0.8173],
        [0.0266],
        [0.0720]], device='cuda:0', grad_fn=<SigmoidBackward0>)
Epoch [19/100], T_AUC: [4m0.8398[0m
Epoch [19/100], Loss: 14.5609
val_Accuracy: [92m0.7837[0m
val_Precision: [4;34m0.8266[0m,               val_Recall: [4;33m0.7122[0m,                 val_F1 Score: [4;35m0.7602[0m
æ ‡ç­¾é‡Œ1çš„ä¸ªæ•°:  430
æ ‡ç­¾é‡Œ0çš„ä¸ªæ•°:  430
æ€»æ•°:  860
æ­£ç¡®çš„ä¸ªæ•°:  674
Epoch [19/100], V_AUC: [4m0.7815[0m
Epoch [20/100], Loss: 53.6991
train_Accuracy: [91m0.8377[0m
train_Precision: [4;34m0.8605[0m,               train_Recall: [4;33m0.8134[0m,                 train_F1 Score: [4;35m0.8315[0m
æ ‡ç­¾é‡Œ1çš„ä¸ªæ•°:  2150
æ ‡ç­¾é‡Œ0çš„ä¸ªæ•°:  2150
æ€»æ•°:  4300
æ­£ç¡®çš„ä¸ªæ•°:  3602
æœ€åä¸€ä¸ªæ‰¹æ¬¡çš„è¾“å‡º, ä¸æ»¡batchsizeæ˜¯æ­£å¸¸çš„:
 tensor([[0.8566],
        [0.8909],
        [0.9945],
        [0.1109],
        [0.8933],
        [0.0776],
        [0.2227],
        [0.2240],
        [0.7862],
        [0.8784],
        [0.0256],
        [0.0703]], device='cuda:0', grad_fn=<SigmoidBackward0>)
Epoch [20/100], T_AUC: [4m0.8432[0m
Epoch [20/100], Loss: 15.1796
val_Accuracy: [92m0.7802[0m
val_Precision: [4;34m0.8173[0m,               val_Recall: [4;33m0.7150[0m,                 val_F1 Score: [4;35m0.7585[0m
æ ‡ç­¾é‡Œ1çš„ä¸ªæ•°:  430
æ ‡ç­¾é‡Œ0çš„ä¸ªæ•°:  430
æ€»æ•°:  860
æ­£ç¡®çš„ä¸ªæ•°:  671
Epoch [20/100], V_AUC: [4m0.7781[0m
Epoch [21/100], Loss: 53.1583
train_Accuracy: [91m0.8400[0m
train_Precision: [4;34m0.8628[0m,               train_Recall: [4;33m0.8170[0m,                 train_F1 Score: [4;35m0.8345[0m
æ ‡ç­¾é‡Œ1çš„ä¸ªæ•°:  2150
æ ‡ç­¾é‡Œ0çš„ä¸ªæ•°:  2150
æ€»æ•°:  4300
æ­£ç¡®çš„ä¸ªæ•°:  3612
æœ€åä¸€ä¸ªæ‰¹æ¬¡çš„è¾“å‡º, ä¸æ»¡batchsizeæ˜¯æ­£å¸¸çš„:
 tensor([[0.8878],
        [0.8485],
        [0.9915],
        [0.1174],
        [0.9514],
        [0.0728],
        [0.2521],
        [0.2639],
        [0.6782],
        [0.9140],
        [0.0211],
        [0.0702]], device='cuda:0', grad_fn=<SigmoidBackward0>)
Epoch [21/100], T_AUC: [4m0.8454[0m
Epoch [21/100], Loss: 14.8646
val_Accuracy: [92m0.7849[0m
val_Precision: [4;34m0.8261[0m,               val_Recall: [4;33m0.7154[0m,                 val_F1 Score: [4;35m0.7633[0m
æ ‡ç­¾é‡Œ1çš„ä¸ªæ•°:  430
æ ‡ç­¾é‡Œ0çš„ä¸ªæ•°:  430
æ€»æ•°:  860
æ­£ç¡®çš„ä¸ªæ•°:  675
Epoch [21/100], V_AUC: [4m0.7830[0m
Epoch [22/100], Loss: 53.6047
train_Accuracy: [91m0.8360[0m
train_Precision: [4;34m0.8546[0m,               train_Recall: [4;33m0.8188[0m,                 train_F1 Score: [4;35m0.8313[0m
æ ‡ç­¾é‡Œ1çš„ä¸ªæ•°:  2150
æ ‡ç­¾é‡Œ0çš„ä¸ªæ•°:  2150
æ€»æ•°:  4300
æ­£ç¡®çš„ä¸ªæ•°:  3595
æœ€åä¸€ä¸ªæ‰¹æ¬¡çš„è¾“å‡º, ä¸æ»¡batchsizeæ˜¯æ­£å¸¸çš„:
 tensor([[0.8243],
        [0.8548],
        [0.9945],
        [0.1195],
        [0.9281],
        [0.0725],
        [0.2805],
        [0.2663],
        [0.6870],
        [0.8994],
        [0.0299],
        [0.0611]], device='cuda:0', grad_fn=<SigmoidBackward0>)
Epoch [22/100], T_AUC: [4m0.8414[0m
Epoch [22/100], Loss: 15.0784
val_Accuracy: [92m0.7826[0m
val_Precision: [4;34m0.8232[0m,               val_Recall: [4;33m0.7120[0m,                 val_F1 Score: [4;35m0.7597[0m
æ ‡ç­¾é‡Œ1çš„ä¸ªæ•°:  430
æ ‡ç­¾é‡Œ0çš„ä¸ªæ•°:  430
æ€»æ•°:  860
æ­£ç¡®çš„ä¸ªæ•°:  673
Epoch [22/100], V_AUC: [4m0.7801[0m
Epoch [23/100], Loss: 53.1598
train_Accuracy: [91m0.8356[0m
train_Precision: [4;34m0.8564[0m,               train_Recall: [4;33m0.8141[0m,                 train_F1 Score: [4;35m0.8297[0m
æ ‡ç­¾é‡Œ1çš„ä¸ªæ•°:  2150
æ ‡ç­¾é‡Œ0çš„ä¸ªæ•°:  2150
æ€»æ•°:  4300
æ­£ç¡®çš„ä¸ªæ•°:  3593
æœ€åä¸€ä¸ªæ‰¹æ¬¡çš„è¾“å‡º, ä¸æ»¡batchsizeæ˜¯æ­£å¸¸çš„:
 tensor([[0.7331],
        [0.9039],
        [0.9965],
        [0.1150],
        [0.9320],
        [0.0809],
        [0.1487],
        [0.3242],
        [0.7340],
        [0.8476],
        [0.0361],
        [0.0725]], device='cuda:0', grad_fn=<SigmoidBackward0>)
Epoch [23/100], T_AUC: [4m0.8406[0m
Epoch [23/100], Loss: 15.0950
val_Accuracy: [92m0.7767[0m
val_Precision: [4;34m0.8055[0m,               val_Recall: [4;33m0.7231[0m,                 val_F1 Score: [4;35m0.7576[0m
æ ‡ç­¾é‡Œ1çš„ä¸ªæ•°:  430
æ ‡ç­¾é‡Œ0çš„ä¸ªæ•°:  430
æ€»æ•°:  860
æ­£ç¡®çš„ä¸ªæ•°:  668
Epoch [23/100], V_AUC: [4m0.7751[0m
Epoch [24/100], Loss: 52.8157
train_Accuracy: [91m0.8358[0m
train_Precision: [4;34m0.8573[0m,               train_Recall: [4;33m0.8134[0m,                 train_F1 Score: [4;35m0.8298[0m
æ ‡ç­¾é‡Œ1çš„ä¸ªæ•°:  2150
æ ‡ç­¾é‡Œ0çš„ä¸ªæ•°:  2150
æ€»æ•°:  4300
æ­£ç¡®çš„ä¸ªæ•°:  3594
æœ€åä¸€ä¸ªæ‰¹æ¬¡çš„è¾“å‡º, ä¸æ»¡batchsizeæ˜¯æ­£å¸¸çš„:
 tensor([[0.8006],
        [0.8300],
        [0.9915],
        [0.0759],
        [0.9598],
        [0.0763],
        [0.2458],
        [0.2395],
        [0.8455],
        [0.9164],
        [0.0260],
        [0.0758]], device='cuda:0', grad_fn=<SigmoidBackward0>)
Epoch [24/100], T_AUC: [4m0.8411[0m
Epoch [24/100], Loss: 15.4273
val_Accuracy: [92m0.7709[0m
val_Precision: [4;34m0.8033[0m,               val_Recall: [4;33m0.7074[0m,                 val_F1 Score: [4;35m0.7484[0m
æ ‡ç­¾é‡Œ1çš„ä¸ªæ•°:  430
æ ‡ç­¾é‡Œ0çš„ä¸ªæ•°:  430
æ€»æ•°:  860
æ­£ç¡®çš„ä¸ªæ•°:  663
Epoch [24/100], V_AUC: [4m0.7683[0m
Epoch [25/100], Loss: 51.9939
train_Accuracy: [91m0.8400[0m
train_Precision: [4;34m0.8631[0m,               train_Recall: [4;33m0.8173[0m,                 train_F1 Score: [4;35m0.8344[0m
æ ‡ç­¾é‡Œ1çš„ä¸ªæ•°:  2150
æ ‡ç­¾é‡Œ0çš„ä¸ªæ•°:  2150
æ€»æ•°:  4300
æ­£ç¡®çš„ä¸ªæ•°:  3612
æœ€åä¸€ä¸ªæ‰¹æ¬¡çš„è¾“å‡º, ä¸æ»¡batchsizeæ˜¯æ­£å¸¸çš„:
 tensor([[0.8451],
        [0.8808],
        [0.9955],
        [0.0908],
        [0.9418],
        [0.0597],
        [0.1966],
        [0.3115],
        [0.8339],
        [0.7975],
        [0.0365],
        [0.0808]], device='cuda:0', grad_fn=<SigmoidBackward0>)
Epoch [25/100], T_AUC: [4m0.8456[0m
Epoch [25/100], Loss: 15.7166
val_Accuracy: [92m0.7686[0m
val_Precision: [4;34m0.7987[0m,               val_Recall: [4;33m0.7074[0m,                 val_F1 Score: [4;35m0.7460[0m
æ ‡ç­¾é‡Œ1çš„ä¸ªæ•°:  430
æ ‡ç­¾é‡Œ0çš„ä¸ªæ•°:  430
æ€»æ•°:  860
æ­£ç¡®çš„ä¸ªæ•°:  661
Epoch [25/100], V_AUC: [4m0.7649[0m
Epoch [26/100], Loss: 52.5024
train_Accuracy: [91m0.8374[0m
train_Precision: [4;34m0.8617[0m,               train_Recall: [4;33m0.8119[0m,                 train_F1 Score: [4;35m0.8311[0m
æ ‡ç­¾é‡Œ1çš„ä¸ªæ•°:  2150
æ ‡ç­¾é‡Œ0çš„ä¸ªæ•°:  2150
æ€»æ•°:  4300
æ­£ç¡®çš„ä¸ªæ•°:  3601
æœ€åä¸€ä¸ªæ‰¹æ¬¡çš„è¾“å‡º, ä¸æ»¡batchsizeæ˜¯æ­£å¸¸çš„:
 tensor([[0.8244],
        [0.8660],
        [0.9964],
        [0.1172],
        [0.9668],
        [0.0836],
        [0.1833],
        [0.2146],
        [0.7165],
        [0.9197],
        [0.0281],
        [0.0565]], device='cuda:0', grad_fn=<SigmoidBackward0>)
Epoch [26/100], T_AUC: [4m0.8424[0m
Epoch [26/100], Loss: 15.7181
val_Accuracy: [92m0.7779[0m
val_Precision: [4;34m0.8095[0m,               val_Recall: [4;33m0.7143[0m,                 val_F1 Score: [4;35m0.7547[0m
æ ‡ç­¾é‡Œ1çš„ä¸ªæ•°:  430
æ ‡ç­¾é‡Œ0çš„ä¸ªæ•°:  430
æ€»æ•°:  860
æ­£ç¡®çš„ä¸ªæ•°:  669
Epoch [26/100], V_AUC: [4m0.7753[0m
Epoch [27/100], Loss: 52.2964
train_Accuracy: [91m0.8367[0m
train_Precision: [4;34m0.8588[0m,               train_Recall: [4;33m0.8129[0m,                 train_F1 Score: [4;35m0.8309[0m
æ ‡ç­¾é‡Œ1çš„ä¸ªæ•°:  2150
æ ‡ç­¾é‡Œ0çš„ä¸ªæ•°:  2150
æ€»æ•°:  4300
æ­£ç¡®çš„ä¸ªæ•°:  3598
æœ€åä¸€ä¸ªæ‰¹æ¬¡çš„è¾“å‡º, ä¸æ»¡batchsizeæ˜¯æ­£å¸¸çš„:
 tensor([[0.7331],
        [0.8060],
        [0.9952],
        [0.1388],
        [0.9594],
        [0.0772],
        [0.1383],
        [0.4451],
        [0.8587],
        [0.9015],
        [0.0130],
        [0.0550]], device='cuda:0', grad_fn=<SigmoidBackward0>)
Epoch [27/100], T_AUC: [4m0.8410[0m
Epoch [27/100], Loss: 16.5992
val_Accuracy: [92m0.7733[0m
val_Precision: [4;34m0.8000[0m,               val_Recall: [4;33m0.7172[0m,                 val_F1 Score: [4;35m0.7524[0m
æ ‡ç­¾é‡Œ1çš„ä¸ªæ•°:  430
æ ‡ç­¾é‡Œ0çš„ä¸ªæ•°:  430
æ€»æ•°:  860
æ­£ç¡®çš„ä¸ªæ•°:  665
Epoch [27/100], V_AUC: [4m0.7710[0m
Epoch [28/100], Loss: 51.3840
train_Accuracy: [91m0.8414[0m
train_Precision: [4;34m0.8663[0m,               train_Recall: [4;33m0.8145[0m,                 train_F1 Score: [4;35m0.8347[0m
æ ‡ç­¾é‡Œ1çš„ä¸ªæ•°:  2150
æ ‡ç­¾é‡Œ0çš„ä¸ªæ•°:  2150
æ€»æ•°:  4300
æ­£ç¡®çš„ä¸ªæ•°:  3618
æœ€åä¸€ä¸ªæ‰¹æ¬¡çš„è¾“å‡º, ä¸æ»¡batchsizeæ˜¯æ­£å¸¸çš„:
 tensor([[0.7942],
        [0.9166],
        [0.9932],
        [0.0953],
        [0.9659],
        [0.0669],
        [0.1524],
        [0.4022],
        [0.8876],
        [0.8751],
        [0.0120],
        [0.0468]], device='cuda:0', grad_fn=<SigmoidBackward0>)
Epoch [28/100], T_AUC: [4m0.8461[0m
Epoch [28/100], Loss: 16.1282
val_Accuracy: [92m0.7756[0m
val_Precision: [4;34m0.8199[0m,               val_Recall: [4;33m0.6976[0m,                 val_F1 Score: [4;35m0.7501[0m
æ ‡ç­¾é‡Œ1çš„ä¸ªæ•°:  430
æ ‡ç­¾é‡Œ0çš„ä¸ªæ•°:  430
æ€»æ•°:  860
æ­£ç¡®çš„ä¸ªæ•°:  667
Epoch [28/100], V_AUC: [4m0.7736[0m
Epoch [29/100], Loss: 50.3274
train_Accuracy: [91m0.8433[0m
train_Precision: [4;34m0.8674[0m,               train_Recall: [4;33m0.8184[0m,                 train_F1 Score: [4;35m0.8369[0m
æ ‡ç­¾é‡Œ1çš„ä¸ªæ•°:  2150
æ ‡ç­¾é‡Œ0çš„ä¸ªæ•°:  2150
æ€»æ•°:  4300
æ­£ç¡®çš„ä¸ªæ•°:  3626
æœ€åä¸€ä¸ªæ‰¹æ¬¡çš„è¾“å‡º, ä¸æ»¡batchsizeæ˜¯æ­£å¸¸çš„:
 tensor([[0.7898],
        [0.8782],
        [0.9955],
        [0.0808],
        [0.9727],
        [0.0619],
        [0.1144],
        [0.3407],
        [0.9133],
        [0.9029],
        [0.0162],
        [0.0551]], device='cuda:0', grad_fn=<SigmoidBackward0>)
Epoch [29/100], T_AUC: [4m0.8484[0m
Epoch [29/100], Loss: 16.7987
val_Accuracy: [92m0.7802[0m
val_Precision: [4;34m0.8199[0m,               val_Recall: [4;33m0.7081[0m,                 val_F1 Score: [4;35m0.7559[0m
æ ‡ç­¾é‡Œ1çš„ä¸ªæ•°:  430
æ ‡ç­¾é‡Œ0çš„ä¸ªæ•°:  430
æ€»æ•°:  860
æ­£ç¡®çš„ä¸ªæ•°:  671
Epoch [29/100], V_AUC: [4m0.7775[0m
Epoch [30/100], Loss: 49.7679
train_Accuracy: [91m0.8488[0m
train_Precision: [4;34m0.8721[0m,               train_Recall: [4;33m0.8244[0m,                 train_F1 Score: [4;35m0.8428[0m
æ ‡ç­¾é‡Œ1çš„ä¸ªæ•°:  2150
æ ‡ç­¾é‡Œ0çš„ä¸ªæ•°:  2150
æ€»æ•°:  4300
æ­£ç¡®çš„ä¸ªæ•°:  3650
æœ€åä¸€ä¸ªæ‰¹æ¬¡çš„è¾“å‡º, ä¸æ»¡batchsizeæ˜¯æ­£å¸¸çš„:
 tensor([[0.7768],
        [0.9025],
        [0.9958],
        [0.1161],
        [0.9643],
        [0.0653],
        [0.1050],
        [0.3030],
        [0.9394],
        [0.9012],
        [0.0121],
        [0.0461]], device='cuda:0', grad_fn=<SigmoidBackward0>)
Epoch [30/100], T_AUC: [4m0.8536[0m
Epoch [30/100], Loss: 16.4732
val_Accuracy: [92m0.7791[0m
val_Precision: [4;34m0.8139[0m,               val_Recall: [4;33m0.7138[0m,                 val_F1 Score: [4;35m0.7570[0m
æ ‡ç­¾é‡Œ1çš„ä¸ªæ•°:  430
æ ‡ç­¾é‡Œ0çš„ä¸ªæ•°:  430
æ€»æ•°:  860
æ­£ç¡®çš„ä¸ªæ•°:  670
Epoch [30/100], V_AUC: [4m0.7767[0m
Epoch [31/100], Loss: 49.0295
train_Accuracy: [91m0.8481[0m
train_Precision: [4;34m0.8739[0m,               train_Recall: [4;33m0.8216[0m,                 train_F1 Score: [4;35m0.8421[0m
æ ‡ç­¾é‡Œ1çš„ä¸ªæ•°:  2150
æ ‡ç­¾é‡Œ0çš„ä¸ªæ•°:  2150
æ€»æ•°:  4300
æ­£ç¡®çš„ä¸ªæ•°:  3647
æœ€åä¸€ä¸ªæ‰¹æ¬¡çš„è¾“å‡º, ä¸æ»¡batchsizeæ˜¯æ­£å¸¸çš„:
 tensor([[0.8074],
        [0.9369],
        [0.9965],
        [0.1560],
        [0.9777],
        [0.0632],
        [0.0574],
        [0.2977],
        [0.8976],
        [0.8653],
        [0.0102],
        [0.0750]], device='cuda:0', grad_fn=<SigmoidBackward0>)
Epoch [31/100], T_AUC: [4m0.8530[0m
Epoch [31/100], Loss: 16.0678
val_Accuracy: [92m0.7744[0m
val_Precision: [4;34m0.7997[0m,               val_Recall: [4;33m0.7205[0m,                 val_F1 Score: [4;35m0.7547[0m
æ ‡ç­¾é‡Œ1çš„ä¸ªæ•°:  430
æ ‡ç­¾é‡Œ0çš„ä¸ªæ•°:  430
æ€»æ•°:  860
æ­£ç¡®çš„ä¸ªæ•°:  666
Epoch [31/100], V_AUC: [4m0.7716[0m
Epoch [32/100], Loss: 48.7281
train_Accuracy: [91m0.8542[0m
train_Precision: [4;34m0.8762[0m,               train_Recall: [4;33m0.8315[0m,                 train_F1 Score: [4;35m0.8488[0m
æ ‡ç­¾é‡Œ1çš„ä¸ªæ•°:  2150
æ ‡ç­¾é‡Œ0çš„ä¸ªæ•°:  2150
æ€»æ•°:  4300
æ­£ç¡®çš„ä¸ªæ•°:  3673
æœ€åä¸€ä¸ªæ‰¹æ¬¡çš„è¾“å‡º, ä¸æ»¡batchsizeæ˜¯æ­£å¸¸çš„:
 tensor([[0.8616],
        [0.8665],
        [0.9848],
        [0.1247],
        [0.9937],
        [0.0806],
        [0.1017],
        [0.1890],
        [0.8930],
        [0.9054],
        [0.0160],
        [0.0510]], device='cuda:0', grad_fn=<SigmoidBackward0>)
Epoch [32/100], T_AUC: [4m0.8594[0m
Epoch [32/100], Loss: 17.0308
val_Accuracy: [92m0.7744[0m
val_Precision: [4;34m0.8058[0m,               val_Recall: [4;33m0.7133[0m,                 val_F1 Score: [4;35m0.7524[0m
æ ‡ç­¾é‡Œ1çš„ä¸ªæ•°:  430
æ ‡ç­¾é‡Œ0çš„ä¸ªæ•°:  430
æ€»æ•°:  860
æ­£ç¡®çš„ä¸ªæ•°:  666
Epoch [32/100], V_AUC: [4m0.7720[0m
Epoch [33/100], Loss: 47.7517
train_Accuracy: [91m0.8560[0m
train_Precision: [4;34m0.8785[0m,               train_Recall: [4;33m0.8337[0m,                 train_F1 Score: [4;35m0.8511[0m
æ ‡ç­¾é‡Œ1çš„ä¸ªæ•°:  2150
æ ‡ç­¾é‡Œ0çš„ä¸ªæ•°:  2150
æ€»æ•°:  4300
æ­£ç¡®çš„ä¸ªæ•°:  3681
æœ€åä¸€ä¸ªæ‰¹æ¬¡çš„è¾“å‡º, ä¸æ»¡batchsizeæ˜¯æ­£å¸¸çš„:
 tensor([[0.8410],
        [0.9484],
        [0.9955],
        [0.0494],
        [0.9868],
        [0.0571],
        [0.0851],
        [0.1500],
        [0.9081],
        [0.9312],
        [0.0073],
        [0.1324]], device='cuda:0', grad_fn=<SigmoidBackward0>)
Epoch [33/100], T_AUC: [4m0.8605[0m
Epoch [33/100], Loss: 17.1448
val_Accuracy: [92m0.7686[0m
val_Precision: [4;34m0.7978[0m,               val_Recall: [4;33m0.7117[0m,                 val_F1 Score: [4;35m0.7481[0m
æ ‡ç­¾é‡Œ1çš„ä¸ªæ•°:  430
æ ‡ç­¾é‡Œ0çš„ä¸ªæ•°:  430
æ€»æ•°:  860
æ­£ç¡®çš„ä¸ªæ•°:  661
Epoch [33/100], V_AUC: [4m0.7660[0m
Epoch [34/100], Loss: 47.3793
train_Accuracy: [91m0.8612[0m
train_Precision: [4;34m0.8802[0m,               train_Recall: [4;33m0.8419[0m,                 train_F1 Score: [4;35m0.8571[0m
æ ‡ç­¾é‡Œ1çš„ä¸ªæ•°:  2150
æ ‡ç­¾é‡Œ0çš„ä¸ªæ•°:  2150
æ€»æ•°:  4300
æ­£ç¡®çš„ä¸ªæ•°:  3703
æœ€åä¸€ä¸ªæ‰¹æ¬¡çš„è¾“å‡º, ä¸æ»¡batchsizeæ˜¯æ­£å¸¸çš„:
 tensor([[0.8561],
        [0.9544],
        [0.9964],
        [0.0862],
        [0.9855],
        [0.0584],
        [0.0486],
        [0.1002],
        [0.9411],
        [0.9055],
        [0.0111],
        [0.0906]], device='cuda:0', grad_fn=<SigmoidBackward0>)
Epoch [34/100], T_AUC: [4m0.8655[0m
Epoch [34/100], Loss: 17.6350
val_Accuracy: [92m0.7779[0m
val_Precision: [4;34m0.8161[0m,               val_Recall: [4;33m0.7110[0m,                 val_F1 Score: [4;35m0.7550[0m
æ ‡ç­¾é‡Œ1çš„ä¸ªæ•°:  430
æ ‡ç­¾é‡Œ0çš„ä¸ªæ•°:  430
æ€»æ•°:  860
æ­£ç¡®çš„ä¸ªæ•°:  669
Epoch [34/100], V_AUC: [4m0.7758[0m
Epoch [35/100], Loss: 47.1233
train_Accuracy: [91m0.8581[0m
train_Precision: [4;34m0.8808[0m,               train_Recall: [4;33m0.8351[0m,                 train_F1 Score: [4;35m0.8532[0m
æ ‡ç­¾é‡Œ1çš„ä¸ªæ•°:  2150
æ ‡ç­¾é‡Œ0çš„ä¸ªæ•°:  2150
æ€»æ•°:  4300
æ­£ç¡®çš„ä¸ªæ•°:  3690
æœ€åä¸€ä¸ªæ‰¹æ¬¡çš„è¾“å‡º, ä¸æ»¡batchsizeæ˜¯æ­£å¸¸çš„:
 tensor([[0.8031],
        [0.9353],
        [0.9979],
        [0.1079],
        [0.9732],
        [0.0708],
        [0.1117],
        [0.1569],
        [0.9471],
        [0.8322],
        [0.0184],
        [0.0600]], device='cuda:0', grad_fn=<SigmoidBackward0>)
Epoch [35/100], T_AUC: [4m0.8624[0m
Epoch [35/100], Loss: 17.8652
val_Accuracy: [92m0.7709[0m
val_Precision: [4;34m0.7968[0m,               val_Recall: [4;33m0.7148[0m,                 val_F1 Score: [4;35m0.7488[0m
æ ‡ç­¾é‡Œ1çš„ä¸ªæ•°:  430
æ ‡ç­¾é‡Œ0çš„ä¸ªæ•°:  430
æ€»æ•°:  860
æ­£ç¡®çš„ä¸ªæ•°:  663
Epoch [35/100], V_AUC: [4m0.7670[0m
Epoch [36/100], Loss: 47.2109
train_Accuracy: [91m0.8572[0m
train_Precision: [4;34m0.8824[0m,               train_Recall: [4;33m0.8318[0m,                 train_F1 Score: [4;35m0.8520[0m
æ ‡ç­¾é‡Œ1çš„ä¸ªæ•°:  2150
æ ‡ç­¾é‡Œ0çš„ä¸ªæ•°:  2150
æ€»æ•°:  4300
æ­£ç¡®çš„ä¸ªæ•°:  3686
æœ€åä¸€ä¸ªæ‰¹æ¬¡çš„è¾“å‡º, ä¸æ»¡batchsizeæ˜¯æ­£å¸¸çš„:
 tensor([[0.9044],
        [0.9611],
        [0.9887],
        [0.1568],
        [0.9917],
        [0.0707],
        [0.1056],
        [0.1135],
        [0.8955],
        [0.8200],
        [0.0062],
        [0.1542]], device='cuda:0', grad_fn=<SigmoidBackward0>)
Epoch [36/100], T_AUC: [4m0.8622[0m
Epoch [36/100], Loss: 17.5901
val_Accuracy: [92m0.7744[0m
val_Precision: [4;34m0.8009[0m,               val_Recall: [4;33m0.7178[0m,                 val_F1 Score: [4;35m0.7529[0m
æ ‡ç­¾é‡Œ1çš„ä¸ªæ•°:  430
æ ‡ç­¾é‡Œ0çš„ä¸ªæ•°:  430
æ€»æ•°:  860
æ­£ç¡®çš„ä¸ªæ•°:  666
Epoch [36/100], V_AUC: [4m0.7715[0m
Epoch [37/100], Loss: 45.7627
train_Accuracy: [91m0.8623[0m
train_Precision: [4;34m0.8841[0m,               train_Recall: [4;33m0.8405[0m,                 train_F1 Score: [4;35m0.8574[0m
æ ‡ç­¾é‡Œ1çš„ä¸ªæ•°:  2150
æ ‡ç­¾é‡Œ0çš„ä¸ªæ•°:  2150
æ€»æ•°:  4300
æ­£ç¡®çš„ä¸ªæ•°:  3708
æœ€åä¸€ä¸ªæ‰¹æ¬¡çš„è¾“å‡º, ä¸æ»¡batchsizeæ˜¯æ­£å¸¸çš„:
 tensor([[0.8051],
        [0.9650],
        [0.9900],
        [0.1495],
        [0.9954],
        [0.0466],
        [0.0737],
        [0.3106],
        [0.9721],
        [0.9289],
        [0.0030],
        [0.0286]], device='cuda:0', grad_fn=<SigmoidBackward0>)
Epoch [37/100], T_AUC: [4m0.8663[0m
Epoch [37/100], Loss: 19.0494
val_Accuracy: [92m0.7616[0m
val_Precision: [4;34m0.7823[0m,               val_Recall: [4;33m0.7147[0m,                 val_F1 Score: [4;35m0.7425[0m
æ ‡ç­¾é‡Œ1çš„ä¸ªæ•°:  430
æ ‡ç­¾é‡Œ0çš„ä¸ªæ•°:  430
æ€»æ•°:  860
æ­£ç¡®çš„ä¸ªæ•°:  655
Epoch [37/100], V_AUC: [4m0.7607[0m
Epoch [38/100], Loss: 45.2945
train_Accuracy: [91m0.8653[0m
train_Precision: [4;34m0.8870[0m,               train_Recall: [4;33m0.8437[0m,                 train_F1 Score: [4;35m0.8606[0m
æ ‡ç­¾é‡Œ1çš„ä¸ªæ•°:  2150
æ ‡ç­¾é‡Œ0çš„ä¸ªæ•°:  2150
æ€»æ•°:  4300
æ­£ç¡®çš„ä¸ªæ•°:  3721
æœ€åä¸€ä¸ªæ‰¹æ¬¡çš„è¾“å‡º, ä¸æ»¡batchsizeæ˜¯æ­£å¸¸çš„:
 tensor([[0.8538],
        [0.9734],
        [0.9953],
        [0.1245],
        [0.9936],
        [0.0599],
        [0.0751],
        [0.1431],
        [0.9333],
        [0.7434],
        [0.0081],
        [0.0934]], device='cuda:0', grad_fn=<SigmoidBackward0>)
Epoch [38/100], T_AUC: [4m0.8698[0m
Epoch [38/100], Loss: 20.3681
val_Accuracy: [92m0.7802[0m
val_Precision: [4;34m0.8038[0m,               val_Recall: [4;33m0.7337[0m,                 val_F1 Score: [4;35m0.7631[0m
æ ‡ç­¾é‡Œ1çš„ä¸ªæ•°:  430
æ ‡ç­¾é‡Œ0çš„ä¸ªæ•°:  430
æ€»æ•°:  860
æ­£ç¡®çš„ä¸ªæ•°:  671
Epoch [38/100], V_AUC: [4m0.7783[0m
Epoch [39/100], Loss: 43.9912
train_Accuracy: [91m0.8640[0m
train_Precision: [4;34m0.8910[0m,               train_Recall: [4;33m0.8371[0m,                 train_F1 Score: [4;35m0.8585[0m
æ ‡ç­¾é‡Œ1çš„ä¸ªæ•°:  2150
æ ‡ç­¾é‡Œ0çš„ä¸ªæ•°:  2150
æ€»æ•°:  4300
æ­£ç¡®çš„ä¸ªæ•°:  3715
æœ€åä¸€ä¸ªæ‰¹æ¬¡çš„è¾“å‡º, ä¸æ»¡batchsizeæ˜¯æ­£å¸¸çš„:
 tensor([[0.9497],
        [0.9432],
        [0.9874],
        [0.0806],
        [0.9980],
        [0.0675],
        [0.0346],
        [0.2667],
        [0.9550],
        [0.8368],
        [0.0049],
        [0.0833]], device='cuda:0', grad_fn=<SigmoidBackward0>)
Epoch [39/100], T_AUC: [4m0.8688[0m
Epoch [39/100], Loss: 19.2199
val_Accuracy: [92m0.7663[0m
val_Precision: [4;34m0.7932[0m,               val_Recall: [4;33m0.7126[0m,                 val_F1 Score: [4;35m0.7470[0m
æ ‡ç­¾é‡Œ1çš„ä¸ªæ•°:  430
æ ‡ç­¾é‡Œ0çš„ä¸ªæ•°:  430
æ€»æ•°:  860
æ­£ç¡®çš„ä¸ªæ•°:  659
Epoch [39/100], V_AUC: [4m0.7642[0m
Epoch [40/100], Loss: 44.3152
train_Accuracy: [91m0.8684[0m
train_Precision: [4;34m0.8873[0m,               train_Recall: [4;33m0.8486[0m,                 train_F1 Score: [4;35m0.8635[0m
æ ‡ç­¾é‡Œ1çš„ä¸ªæ•°:  2150
æ ‡ç­¾é‡Œ0çš„ä¸ªæ•°:  2150
æ€»æ•°:  4300
æ­£ç¡®çš„ä¸ªæ•°:  3734
æœ€åä¸€ä¸ªæ‰¹æ¬¡çš„è¾“å‡º, ä¸æ»¡batchsizeæ˜¯æ­£å¸¸çš„:
 tensor([[0.9513],
        [0.8783],
        [0.9829],
        [0.0160],
        [0.9947],
        [0.0667],
        [0.3364],
        [0.0595],
        [0.9836],
        [0.7998],
        [0.0183],
        [0.0683]], device='cuda:0', grad_fn=<SigmoidBackward0>)
Epoch [40/100], T_AUC: [4m0.8726[0m
Epoch [40/100], Loss: 19.4661
val_Accuracy: [92m0.7709[0m
val_Precision: [4;34m0.7901[0m,               val_Recall: [4;33m0.7252[0m,                 val_F1 Score: [4;35m0.7515[0m
æ ‡ç­¾é‡Œ1çš„ä¸ªæ•°:  430
æ ‡ç­¾é‡Œ0çš„ä¸ªæ•°:  430
æ€»æ•°:  860
æ­£ç¡®çš„ä¸ªæ•°:  663
Epoch [40/100], V_AUC: [4m0.7675[0m
Epoch [41/100], Loss: 47.0462
train_Accuracy: [91m0.8567[0m
train_Precision: [4;34m0.8786[0m,               train_Recall: [4;33m0.8328[0m,                 train_F1 Score: [4;35m0.8505[0m
æ ‡ç­¾é‡Œ1çš„ä¸ªæ•°:  2150
æ ‡ç­¾é‡Œ0çš„ä¸ªæ•°:  2150
æ€»æ•°:  4300
æ­£ç¡®çš„ä¸ªæ•°:  3684
æœ€åä¸€ä¸ªæ‰¹æ¬¡çš„è¾“å‡º, ä¸æ»¡batchsizeæ˜¯æ­£å¸¸çš„:
 tensor([[0.8996],
        [0.9402],
        [0.8303],
        [0.0812],
        [0.9956],
        [0.0670],
        [0.0719],
        [0.7791],
        [0.8554],
        [0.9945],
        [0.0015],
        [0.1487]], device='cuda:0', grad_fn=<SigmoidBackward0>)
Epoch [41/100], T_AUC: [4m0.8607[0m
Epoch [41/100], Loss: 18.5409
val_Accuracy: [92m0.7709[0m
val_Precision: [4;34m0.7851[0m,               val_Recall: [4;33m0.7422[0m,                 val_F1 Score: [4;35m0.7587[0m
æ ‡ç­¾é‡Œ1çš„ä¸ªæ•°:  430
æ ‡ç­¾é‡Œ0çš„ä¸ªæ•°:  430
æ€»æ•°:  860
æ­£ç¡®çš„ä¸ªæ•°:  663
Epoch [41/100], V_AUC: [4m0.7694[0m
Epoch [42/100], Loss: 46.5040
train_Accuracy: [91m0.8530[0m
train_Precision: [4;34m0.8793[0m,               train_Recall: [4;33m0.8254[0m,                 train_F1 Score: [4;35m0.8466[0m
æ ‡ç­¾é‡Œ1çš„ä¸ªæ•°:  2150
æ ‡ç­¾é‡Œ0çš„ä¸ªæ•°:  2150
æ€»æ•°:  4300
æ­£ç¡®çš„ä¸ªæ•°:  3668
æœ€åä¸€ä¸ªæ‰¹æ¬¡çš„è¾“å‡º, ä¸æ»¡batchsizeæ˜¯æ­£å¸¸çš„:
 tensor([[0.9518],
        [0.8723],
        [0.9594],
        [0.0579],
        [0.9992],
        [0.0430],
        [0.0304],
        [0.3361],
        [0.9326],
        [0.9784],
        [0.0042],
        [0.1106]], device='cuda:0', grad_fn=<SigmoidBackward0>)
Epoch [42/100], T_AUC: [4m0.8573[0m
Epoch [42/100], Loss: 19.0499
val_Accuracy: [92m0.7686[0m
val_Precision: [4;34m0.7969[0m,               val_Recall: [4;33m0.7087[0m,                 val_F1 Score: [4;35m0.7456[0m
æ ‡ç­¾é‡Œ1çš„ä¸ªæ•°:  430
æ ‡ç­¾é‡Œ0çš„ä¸ªæ•°:  430
æ€»æ•°:  860
æ­£ç¡®çš„ä¸ªæ•°:  661
Epoch [42/100], V_AUC: [4m0.7670[0m
Epoch [43/100], Loss: 43.8866
train_Accuracy: [91m0.8612[0m
train_Precision: [4;34m0.8831[0m,               train_Recall: [4;33m0.8395[0m,                 train_F1 Score: [4;35m0.8560[0m
æ ‡ç­¾é‡Œ1çš„ä¸ªæ•°:  2150
æ ‡ç­¾é‡Œ0çš„ä¸ªæ•°:  2150
æ€»æ•°:  4300
æ­£ç¡®çš„ä¸ªæ•°:  3703
æœ€åä¸€ä¸ªæ‰¹æ¬¡çš„è¾“å‡º, ä¸æ»¡batchsizeæ˜¯æ­£å¸¸çš„:
 tensor([[0.9130],
        [0.9241],
        [0.9771],
        [0.0898],
        [0.9995],
        [0.0546],
        [0.0136],
        [0.2507],
        [0.9481],
        [0.9650],
        [0.0028],
        [0.1083]], device='cuda:0', grad_fn=<SigmoidBackward0>)
Epoch [43/100], T_AUC: [4m0.8656[0m
Epoch [43/100], Loss: 19.4700
val_Accuracy: [92m0.7733[0m
val_Precision: [4;34m0.7903[0m,               val_Recall: [4;33m0.7312[0m,                 val_F1 Score: [4;35m0.7549[0m
æ ‡ç­¾é‡Œ1çš„ä¸ªæ•°:  430
æ ‡ç­¾é‡Œ0çš„ä¸ªæ•°:  430
æ€»æ•°:  860
æ­£ç¡®çš„ä¸ªæ•°:  665
Epoch [43/100], V_AUC: [4m0.7715[0m
Epoch [44/100], Loss: 42.1994
train_Accuracy: [91m0.8758[0m
train_Precision: [4;34m0.8924[0m,               train_Recall: [4;33m0.8590[0m,                 train_F1 Score: [4;35m0.8715[0m
æ ‡ç­¾é‡Œ1çš„ä¸ªæ•°:  2150
æ ‡ç­¾é‡Œ0çš„ä¸ªæ•°:  2150
æ€»æ•°:  4300
æ­£ç¡®çš„ä¸ªæ•°:  3766
æœ€åä¸€ä¸ªæ‰¹æ¬¡çš„è¾“å‡º, ä¸æ»¡batchsizeæ˜¯æ­£å¸¸çš„:
 tensor([[0.8466],
        [0.9413],
        [0.9506],
        [0.1049],
        [1.0000],
        [0.0583],
        [0.0150],
        [0.2298],
        [0.9447],
        [0.8807],
        [0.0023],
        [0.1404]], device='cuda:0', grad_fn=<SigmoidBackward0>)
Epoch [44/100], T_AUC: [4m0.8800[0m
Epoch [44/100], Loss: 20.4358
val_Accuracy: [92m0.7674[0m
val_Precision: [4;34m0.7956[0m,               val_Recall: [4;33m0.7081[0m,                 val_F1 Score: [4;35m0.7455[0m
æ ‡ç­¾é‡Œ1çš„ä¸ªæ•°:  430
æ ‡ç­¾é‡Œ0çš„ä¸ªæ•°:  430
æ€»æ•°:  860
æ­£ç¡®çš„ä¸ªæ•°:  660
Epoch [44/100], V_AUC: [4m0.7658[0m
Epoch [45/100], Loss: 41.4538
train_Accuracy: [91m0.8733[0m
train_Precision: [4;34m0.8938[0m,               train_Recall: [4;33m0.8508[0m,                 train_F1 Score: [4;35m0.8680[0m
æ ‡ç­¾é‡Œ1çš„ä¸ªæ•°:  2150
æ ‡ç­¾é‡Œ0çš„ä¸ªæ•°:  2150
æ€»æ•°:  4300
æ­£ç¡®çš„ä¸ªæ•°:  3755
æœ€åä¸€ä¸ªæ‰¹æ¬¡çš„è¾“å‡º, ä¸æ»¡batchsizeæ˜¯æ­£å¸¸çš„:
 tensor([[8.7221e-01],
        [9.7478e-01],
        [9.1053e-01],
        [6.9764e-02],
        [9.9995e-01],
        [7.1013e-02],
        [1.9938e-02],
        [3.3311e-01],
        [9.6257e-01],
        [8.7948e-01],
        [9.4252e-04],
        [1.8685e-01]], device='cuda:0', grad_fn=<SigmoidBackward0>)
Epoch [45/100], T_AUC: [4m0.8769[0m
Epoch [45/100], Loss: 20.0474
val_Accuracy: [92m0.7686[0m
val_Precision: [4;34m0.7883[0m,               val_Recall: [4;33m0.7217[0m,                 val_F1 Score: [4;35m0.7478[0m
æ ‡ç­¾é‡Œ1çš„ä¸ªæ•°:  430
æ ‡ç­¾é‡Œ0çš„ä¸ªæ•°:  430
æ€»æ•°:  860
æ­£ç¡®çš„ä¸ªæ•°:  661
Epoch [45/100], V_AUC: [4m0.7664[0m
Epoch [46/100], Loss: 40.8064
train_Accuracy: [91m0.8777[0m
train_Precision: [4;34m0.9011[0m,               train_Recall: [4;33m0.8519[0m,                 train_F1 Score: [4;35m0.8720[0m
æ ‡ç­¾é‡Œ1çš„ä¸ªæ•°:  2150
æ ‡ç­¾é‡Œ0çš„ä¸ªæ•°:  2150
æ€»æ•°:  4300
æ­£ç¡®çš„ä¸ªæ•°:  3774
æœ€åä¸€ä¸ªæ‰¹æ¬¡çš„è¾“å‡º, ä¸æ»¡batchsizeæ˜¯æ­£å¸¸çš„:
 tensor([[0.9108],
        [0.9118],
        [0.9802],
        [0.0883],
        [1.0000],
        [0.0370],
        [0.0099],
        [0.5052],
        [0.9451],
        [0.9583],
        [0.0015],
        [0.1013]], device='cuda:0', grad_fn=<SigmoidBackward0>)
Epoch [46/100], T_AUC: [4m0.8803[0m
Epoch [46/100], Loss: 20.3902
val_Accuracy: [92m0.7709[0m
val_Precision: [4;34m0.7826[0m,               val_Recall: [4;33m0.7389[0m,                 val_F1 Score: [4;35m0.7562[0m
æ ‡ç­¾é‡Œ1çš„ä¸ªæ•°:  430
æ ‡ç­¾é‡Œ0çš„ä¸ªæ•°:  430
æ€»æ•°:  860
æ­£ç¡®çš„ä¸ªæ•°:  663
Epoch [46/100], V_AUC: [4m0.7691[0m
Epoch [47/100], Loss: 39.6856
train_Accuracy: [91m0.8816[0m
train_Precision: [4;34m0.8996[0m,               train_Recall: [4;33m0.8640[0m,                 train_F1 Score: [4;35m0.8776[0m
æ ‡ç­¾é‡Œ1çš„ä¸ªæ•°:  2150
æ ‡ç­¾é‡Œ0çš„ä¸ªæ•°:  2150
æ€»æ•°:  4300
æ­£ç¡®çš„ä¸ªæ•°:  3791
æœ€åä¸€ä¸ªæ‰¹æ¬¡çš„è¾“å‡º, ä¸æ»¡batchsizeæ˜¯æ­£å¸¸çš„:
 tensor([[0.9292],
        [0.9881],
        [0.9602],
        [0.0110],
        [1.0000],
        [0.0342],
        [0.0258],
        [0.0260],
        [0.8964],
        [0.9625],
        [0.0104],
        [0.1551]], device='cuda:0', grad_fn=<SigmoidBackward0>)
Epoch [47/100], T_AUC: [4m0.8855[0m
Epoch [47/100], Loss: 20.4508
val_Accuracy: [92m0.7640[0m
val_Precision: [4;34m0.7826[0m,               val_Recall: [4;33m0.7264[0m,                 val_F1 Score: [4;35m0.7490[0m
æ ‡ç­¾é‡Œ1çš„ä¸ªæ•°:  430
æ ‡ç­¾é‡Œ0çš„ä¸ªæ•°:  430
æ€»æ•°:  860
æ­£ç¡®çš„ä¸ªæ•°:  657
Epoch [47/100], V_AUC: [4m0.7626[0m
Epoch [48/100], Loss: 40.2307
train_Accuracy: [91m0.8798[0m
train_Precision: [4;34m0.9010[0m,               train_Recall: [4;33m0.8569[0m,                 train_F1 Score: [4;35m0.8750[0m
æ ‡ç­¾é‡Œ1çš„ä¸ªæ•°:  2150
æ ‡ç­¾é‡Œ0çš„ä¸ªæ•°:  2150
æ€»æ•°:  4300
æ­£ç¡®çš„ä¸ªæ•°:  3783
æœ€åä¸€ä¸ªæ‰¹æ¬¡çš„è¾“å‡º, ä¸æ»¡batchsizeæ˜¯æ­£å¸¸çš„:
 tensor([[0.8996],
        [0.9803],
        [0.9579],
        [0.0936],
        [1.0000],
        [0.0430],
        [0.0122],
        [0.1459],
        [0.8564],
        [0.9470],
        [0.0025],
        [0.1588]], device='cuda:0', grad_fn=<SigmoidBackward0>)
Epoch [48/100], T_AUC: [4m0.8832[0m
Epoch [48/100], Loss: 24.8378
val_Accuracy: [92m0.7837[0m
val_Precision: [4;34m0.8025[0m,               val_Recall: [4;33m0.7344[0m,                 val_F1 Score: [4;35m0.7612[0m
æ ‡ç­¾é‡Œ1çš„ä¸ªæ•°:  430
æ ‡ç­¾é‡Œ0çš„ä¸ªæ•°:  430
æ€»æ•°:  860
æ­£ç¡®çš„ä¸ªæ•°:  674
Epoch [48/100], V_AUC: [4m0.7806[0m
Epoch [49/100], Loss: 38.9248
train_Accuracy: [91m0.8870[0m
train_Precision: [4;34m0.9045[0m,               train_Recall: [4;33m0.8673[0m,                 train_F1 Score: [4;35m0.8821[0m
æ ‡ç­¾é‡Œ1çš„ä¸ªæ•°:  2150
æ ‡ç­¾é‡Œ0çš„ä¸ªæ•°:  2150
æ€»æ•°:  4300
æ­£ç¡®çš„ä¸ªæ•°:  3814
æœ€åä¸€ä¸ªæ‰¹æ¬¡çš„è¾“å‡º, ä¸æ»¡batchsizeæ˜¯æ­£å¸¸çš„:
 tensor([[0.9698],
        [0.9228],
        [0.9940],
        [0.0383],
        [1.0000],
        [0.0299],
        [0.0016],
        [0.2249],
        [0.9165],
        [0.9464],
        [0.0038],
        [0.1337]], device='cuda:0', grad_fn=<SigmoidBackward0>)
Epoch [49/100], T_AUC: [4m0.8893[0m
Epoch [49/100], Loss: 22.0049
val_Accuracy: [92m0.7686[0m
val_Precision: [4;34m0.7913[0m,               val_Recall: [4;33m0.7142[0m,                 val_F1 Score: [4;35m0.7460[0m
æ ‡ç­¾é‡Œ1çš„ä¸ªæ•°:  430
æ ‡ç­¾é‡Œ0çš„ä¸ªæ•°:  430
æ€»æ•°:  860
æ­£ç¡®çš„ä¸ªæ•°:  661
Epoch [49/100], V_AUC: [4m0.7657[0m
Epoch [50/100], Loss: 36.4700
train_Accuracy: [91m0.8914[0m
train_Precision: [4;34m0.9087[0m,               train_Recall: [4;33m0.8744[0m,                 train_F1 Score: [4;35m0.8878[0m
æ ‡ç­¾é‡Œ1çš„ä¸ªæ•°:  2150
æ ‡ç­¾é‡Œ0çš„ä¸ªæ•°:  2150
æ€»æ•°:  4300
æ­£ç¡®çš„ä¸ªæ•°:  3833
æœ€åä¸€ä¸ªæ‰¹æ¬¡çš„è¾“å‡º, ä¸æ»¡batchsizeæ˜¯æ­£å¸¸çš„:
 tensor([[9.7083e-01],
        [9.6715e-01],
        [8.9748e-01],
        [1.6993e-01],
        [9.9998e-01],
        [3.8367e-02],
        [2.9323e-04],
        [3.8358e-01],
        [9.6935e-01],
        [9.5078e-01],
        [9.2900e-03],
        [5.6904e-02]], device='cuda:0', grad_fn=<SigmoidBackward0>)
Epoch [50/100], T_AUC: [4m0.8950[0m
Epoch [50/100], Loss: 29.1809
val_Accuracy: [92m0.7640[0m
val_Precision: [4;34m0.7814[0m,               val_Recall: [4;33m0.7265[0m,                 val_F1 Score: [4;35m0.7476[0m
æ ‡ç­¾é‡Œ1çš„ä¸ªæ•°:  430
æ ‡ç­¾é‡Œ0çš„ä¸ªæ•°:  430
æ€»æ•°:  860
æ­£ç¡®çš„ä¸ªæ•°:  657
Epoch [50/100], V_AUC: [4m0.7626[0m
Epoch [51/100], Loss: 36.8971
train_Accuracy: [91m0.8884[0m
train_Precision: [4;34m0.9106[0m,               train_Recall: [4;33m0.8635[0m,                 train_F1 Score: [4;35m0.8832[0m
æ ‡ç­¾é‡Œ1çš„ä¸ªæ•°:  2150
æ ‡ç­¾é‡Œ0çš„ä¸ªæ•°:  2150
æ€»æ•°:  4300
æ­£ç¡®çš„ä¸ªæ•°:  3820
æœ€åä¸€ä¸ªæ‰¹æ¬¡çš„è¾“å‡º, ä¸æ»¡batchsizeæ˜¯æ­£å¸¸çš„:
 tensor([[0.8636],
        [0.9945],
        [0.9664],
        [0.0051],
        [1.0000],
        [0.0300],
        [0.0483],
        [0.2865],
        [0.9445],
        [0.9221],
        [0.0026],
        [0.0467]], device='cuda:0', grad_fn=<SigmoidBackward0>)
Epoch [51/100], T_AUC: [4m0.8915[0m
Epoch [51/100], Loss: 29.1606
val_Accuracy: [92m0.7628[0m
val_Precision: [4;34m0.7640[0m,               val_Recall: [4;33m0.7471[0m,                 val_F1 Score: [4;35m0.7512[0m
æ ‡ç­¾é‡Œ1çš„ä¸ªæ•°:  430
æ ‡ç­¾é‡Œ0çš„ä¸ªæ•°:  430
æ€»æ•°:  860
æ­£ç¡®çš„ä¸ªæ•°:  656
Epoch [51/100], V_AUC: [4m0.7601[0m
Epoch [52/100], Loss: 37.7757
train_Accuracy: [91m0.8865[0m
train_Precision: [4;34m0.9025[0m,               train_Recall: [4;33m0.8692[0m,                 train_F1 Score: [4;35m0.8827[0m
æ ‡ç­¾é‡Œ1çš„ä¸ªæ•°:  2150
æ ‡ç­¾é‡Œ0çš„ä¸ªæ•°:  2150
æ€»æ•°:  4300
æ­£ç¡®çš„ä¸ªæ•°:  3812
æœ€åä¸€ä¸ªæ‰¹æ¬¡çš„è¾“å‡º, ä¸æ»¡batchsizeæ˜¯æ­£å¸¸çš„:
 tensor([[0.9740],
        [0.9965],
        [0.9646],
        [0.0088],
        [1.0000],
        [0.0198],
        [0.0341],
        [0.0082],
        [0.8633],
        [0.9384],
        [0.0112],
        [0.0631]], device='cuda:0', grad_fn=<SigmoidBackward0>)
Epoch [52/100], T_AUC: [4m0.8894[0m
Epoch [52/100], Loss: 29.3145
val_Accuracy: [92m0.7674[0m
val_Precision: [4;34m0.7867[0m,               val_Recall: [4;33m0.7295[0m,                 val_F1 Score: [4;35m0.7517[0m
æ ‡ç­¾é‡Œ1çš„ä¸ªæ•°:  430
æ ‡ç­¾é‡Œ0çš„ä¸ªæ•°:  430
æ€»æ•°:  860
æ­£ç¡®çš„ä¸ªæ•°:  660
Epoch [52/100], V_AUC: [4m0.7666[0m
Epoch [53/100], Loss: 36.0866
train_Accuracy: [91m0.8937[0m
train_Precision: [4;34m0.9110[0m,               train_Recall: [4;33m0.8756[0m,                 train_F1 Score: [4;35m0.8895[0m
æ ‡ç­¾é‡Œ1çš„ä¸ªæ•°:  2150
æ ‡ç­¾é‡Œ0çš„ä¸ªæ•°:  2150
æ€»æ•°:  4300
æ­£ç¡®çš„ä¸ªæ•°:  3843
æœ€åä¸€ä¸ªæ‰¹æ¬¡çš„è¾“å‡º, ä¸æ»¡batchsizeæ˜¯æ­£å¸¸çš„:
 tensor([[9.5504e-01],
        [9.9672e-01],
        [9.7595e-01],
        [5.5120e-02],
        [1.0000e+00],
        [5.7871e-02],
        [1.0511e-02],
        [2.0553e-02],
        [9.4026e-01],
        [9.5461e-01],
        [1.8951e-04],
        [9.4738e-02]], device='cuda:0', grad_fn=<SigmoidBackward0>)
Epoch [53/100], T_AUC: [4m0.8970[0m
Epoch [53/100], Loss: 29.7886
val_Accuracy: [92m0.7593[0m
val_Precision: [4;34m0.7685[0m,               val_Recall: [4;33m0.7312[0m,                 val_F1 Score: [4;35m0.7443[0m
æ ‡ç­¾é‡Œ1çš„ä¸ªæ•°:  430
æ ‡ç­¾é‡Œ0çš„ä¸ªæ•°:  430
æ€»æ•°:  860
æ­£ç¡®çš„ä¸ªæ•°:  653
Epoch [53/100], V_AUC: [4m0.7570[0m
Epoch [54/100], Loss: 35.8511
train_Accuracy: [91m0.8928[0m
train_Precision: [4;34m0.9071[0m,               train_Recall: [4;33m0.8776[0m,                 train_F1 Score: [4;35m0.8885[0m
æ ‡ç­¾é‡Œ1çš„ä¸ªæ•°:  2150
æ ‡ç­¾é‡Œ0çš„ä¸ªæ•°:  2150
æ€»æ•°:  4300
æ­£ç¡®çš„ä¸ªæ•°:  3839
æœ€åä¸€ä¸ªæ‰¹æ¬¡çš„è¾“å‡º, ä¸æ»¡batchsizeæ˜¯æ­£å¸¸çš„:
 tensor([[0.9337],
        [0.9959],
        [0.9881],
        [0.0600],
        [1.0000],
        [0.0609],
        [0.0195],
        [0.0139],
        [0.8021],
        [0.6181],
        [0.0047],
        [0.0456]], device='cuda:0', grad_fn=<SigmoidBackward0>)
Epoch [54/100], T_AUC: [4m0.8961[0m
Epoch [54/100], Loss: 28.4146
val_Accuracy: [92m0.7523[0m
val_Precision: [4;34m0.7576[0m,               val_Recall: [4;33m0.7225[0m,                 val_F1 Score: [4;35m0.7341[0m
æ ‡ç­¾é‡Œ1çš„ä¸ªæ•°:  430
æ ‡ç­¾é‡Œ0çš„ä¸ªæ•°:  430
æ€»æ•°:  860
æ­£ç¡®çš„ä¸ªæ•°:  647
Epoch [54/100], V_AUC: [4m0.7482[0m
Epoch [55/100], Loss: 39.0063
train_Accuracy: [91m0.8833[0m
train_Precision: [4;34m0.8994[0m,               train_Recall: [4;33m0.8656[0m,                 train_F1 Score: [4;35m0.8785[0m
æ ‡ç­¾é‡Œ1çš„ä¸ªæ•°:  2150
æ ‡ç­¾é‡Œ0çš„ä¸ªæ•°:  2150
æ€»æ•°:  4300
æ­£ç¡®çš„ä¸ªæ•°:  3798
æœ€åä¸€ä¸ªæ‰¹æ¬¡çš„è¾“å‡º, ä¸æ»¡batchsizeæ˜¯æ­£å¸¸çš„:
 tensor([[0.9457],
        [0.9428],
        [0.9845],
        [0.0323],
        [1.0000],
        [0.1048],
        [0.0090],
        [0.0192],
        [0.9790],
        [0.9883],
        [0.0016],
        [0.0322]], device='cuda:0', grad_fn=<SigmoidBackward0>)
Epoch [55/100], T_AUC: [4m0.8868[0m
Epoch [55/100], Loss: 25.6271
val_Accuracy: [92m0.7558[0m
val_Precision: [4;34m0.7658[0m,               val_Recall: [4;33m0.7275[0m,                 val_F1 Score: [4;35m0.7414[0m
æ ‡ç­¾é‡Œ1çš„ä¸ªæ•°:  430
æ ‡ç­¾é‡Œ0çš„ä¸ªæ•°:  430
æ€»æ•°:  860
æ­£ç¡®çš„ä¸ªæ•°:  650
Epoch [55/100], V_AUC: [4m0.7540[0m
Epoch [56/100], Loss: 34.9724
train_Accuracy: [91m0.8988[0m
train_Precision: [4;34m0.9188[0m,               train_Recall: [4;33m0.8779[0m,                 train_F1 Score: [4;35m0.8948[0m
æ ‡ç­¾é‡Œ1çš„ä¸ªæ•°:  2150
æ ‡ç­¾é‡Œ0çš„ä¸ªæ•°:  2150
æ€»æ•°:  4300
æ­£ç¡®çš„ä¸ªæ•°:  3865
æœ€åä¸€ä¸ªæ‰¹æ¬¡çš„è¾“å‡º, ä¸æ»¡batchsizeæ˜¯æ­£å¸¸çš„:
 tensor([[9.6982e-01],
        [9.9383e-01],
        [9.9891e-01],
        [3.4335e-02],
        [1.0000e+00],
        [5.1047e-02],
        [2.8246e-03],
        [1.0517e-01],
        [6.3624e-01],
        [9.8649e-01],
        [4.1399e-05],
        [5.2853e-02]], device='cuda:0', grad_fn=<SigmoidBackward0>)
Epoch [56/100], T_AUC: [4m0.9021[0m
Epoch [56/100], Loss: 30.6603
val_Accuracy: [92m0.7570[0m
val_Precision: [4;34m0.7645[0m,               val_Recall: [4;33m0.7388[0m,                 val_F1 Score: [4;35m0.7466[0m
æ ‡ç­¾é‡Œ1çš„ä¸ªæ•°:  430
æ ‡ç­¾é‡Œ0çš„ä¸ªæ•°:  430
æ€»æ•°:  860
æ­£ç¡®çš„ä¸ªæ•°:  651
Epoch [56/100], V_AUC: [4m0.7571[0m
Epoch [57/100], Loss: 41.5790
train_Accuracy: [91m0.8747[0m
train_Precision: [4;34m0.8970[0m,               train_Recall: [4;33m0.8534[0m,                 train_F1 Score: [4;35m0.8705[0m
æ ‡ç­¾é‡Œ1çš„ä¸ªæ•°:  2150
æ ‡ç­¾é‡Œ0çš„ä¸ªæ•°:  2150
æ€»æ•°:  4300
æ­£ç¡®çš„ä¸ªæ•°:  3761
æœ€åä¸€ä¸ªæ‰¹æ¬¡çš„è¾“å‡º, ä¸æ»¡batchsizeæ˜¯æ­£å¸¸çš„:
 tensor([[0.9621],
        [0.9353],
        [0.9981],
        [0.0104],
        [1.0000],
        [0.0227],
        [0.0023],
        [0.2672],
        [0.9241],
        [0.9949],
        [0.0099],
        [0.0163]], device='cuda:0', grad_fn=<SigmoidBackward0>)
Epoch [57/100], T_AUC: [4m0.8786[0m
Epoch [57/100], Loss: 24.2247
val_Accuracy: [92m0.7709[0m
val_Precision: [4;34m0.7845[0m,               val_Recall: [4;33m0.7416[0m,                 val_F1 Score: [4;35m0.7560[0m
æ ‡ç­¾é‡Œ1çš„ä¸ªæ•°:  430
æ ‡ç­¾é‡Œ0çš„ä¸ªæ•°:  430
æ€»æ•°:  860
æ­£ç¡®çš„ä¸ªæ•°:  663
Epoch [57/100], V_AUC: [4m0.7700[0m
Epoch [58/100], Loss: 36.3652
train_Accuracy: [91m0.8958[0m
train_Precision: [4;34m0.9146[0m,               train_Recall: [4;33m0.8770[0m,                 train_F1 Score: [4;35m0.8923[0m
æ ‡ç­¾é‡Œ1çš„ä¸ªæ•°:  2150
æ ‡ç­¾é‡Œ0çš„ä¸ªæ•°:  2150
æ€»æ•°:  4300
æ­£ç¡®çš„ä¸ªæ•°:  3852
æœ€åä¸€ä¸ªæ‰¹æ¬¡çš„è¾“å‡º, ä¸æ»¡batchsizeæ˜¯æ­£å¸¸çš„:
 tensor([[0.9644],
        [0.9796],
        [0.9614],
        [0.0076],
        [1.0000],
        [0.0536],
        [0.0014],
        [0.1005],
        [0.9452],
        [0.9930],
        [0.0037],
        [0.0708]], device='cuda:0', grad_fn=<SigmoidBackward0>)
Epoch [58/100], T_AUC: [4m0.8985[0m
Epoch [58/100], Loss: 25.9517
val_Accuracy: [92m0.7535[0m
val_Precision: [4;34m0.7681[0m,               val_Recall: [4;33m0.7211[0m,                 val_F1 Score: [4;35m0.7393[0m
æ ‡ç­¾é‡Œ1çš„ä¸ªæ•°:  430
æ ‡ç­¾é‡Œ0çš„ä¸ªæ•°:  430
æ€»æ•°:  860
æ­£ç¡®çš„ä¸ªæ•°:  648
Epoch [58/100], V_AUC: [4m0.7524[0m
Epoch [59/100], Loss: 34.2065
train_Accuracy: [91m0.9035[0m
train_Precision: [4;34m0.9184[0m,               train_Recall: [4;33m0.8901[0m,                 train_F1 Score: [4;35m0.9006[0m
æ ‡ç­¾é‡Œ1çš„ä¸ªæ•°:  2150
æ ‡ç­¾é‡Œ0çš„ä¸ªæ•°:  2150
æ€»æ•°:  4300
æ­£ç¡®çš„ä¸ªæ•°:  3885
æœ€åä¸€ä¸ªæ‰¹æ¬¡çš„è¾“å‡º, ä¸æ»¡batchsizeæ˜¯æ­£å¸¸çš„:
 tensor([[0.9720],
        [0.9282],
        [0.9861],
        [0.0033],
        [1.0000],
        [0.0594],
        [0.0025],
        [0.0292],
        [0.9899],
        [0.9848],
        [0.0075],
        [0.0328]], device='cuda:0', grad_fn=<SigmoidBackward0>)
Epoch [59/100], T_AUC: [4m0.9065[0m
Epoch [59/100], Loss: 26.7101
val_Accuracy: [92m0.7465[0m
val_Precision: [4;34m0.7693[0m,               val_Recall: [4;33m0.6921[0m,                 val_F1 Score: [4;35m0.7226[0m
æ ‡ç­¾é‡Œ1çš„ä¸ªæ•°:  430
æ ‡ç­¾é‡Œ0çš„ä¸ªæ•°:  430
æ€»æ•°:  860
æ­£ç¡®çš„ä¸ªæ•°:  642
Epoch [59/100], V_AUC: [4m0.7444[0m
Epoch [60/100], Loss: 33.1203
train_Accuracy: [91m0.9007[0m
train_Precision: [4;34m0.9145[0m,               train_Recall: [4;33m0.8877[0m,                 train_F1 Score: [4;35m0.8978[0m
æ ‡ç­¾é‡Œ1çš„ä¸ªæ•°:  2150
æ ‡ç­¾é‡Œ0çš„ä¸ªæ•°:  2150
æ€»æ•°:  4300
æ­£ç¡®çš„ä¸ªæ•°:  3873
æœ€åä¸€ä¸ªæ‰¹æ¬¡çš„è¾“å‡º, ä¸æ»¡batchsizeæ˜¯æ­£å¸¸çš„:
 tensor([[0.9978],
        [0.9431],
        [0.9941],
        [0.0020],
        [1.0000],
        [0.0262],
        [0.0117],
        [0.0117],
        [0.9878],
        [0.9432],
        [0.0029],
        [0.0082]], device='cuda:0', grad_fn=<SigmoidBackward0>)
Epoch [60/100], T_AUC: [4m0.9040[0m
Epoch [60/100], Loss: 30.4975
val_Accuracy: [92m0.7674[0m
val_Precision: [4;34m0.7806[0m,               val_Recall: [4;33m0.7311[0m,                 val_F1 Score: [4;35m0.7486[0m
æ ‡ç­¾é‡Œ1çš„ä¸ªæ•°:  430
æ ‡ç­¾é‡Œ0çš„ä¸ªæ•°:  430
æ€»æ•°:  860
æ­£ç¡®çš„ä¸ªæ•°:  660
Epoch [60/100], V_AUC: [4m0.7650[0m
Epoch [61/100], Loss: 33.6147
train_Accuracy: [91m0.9002[0m
train_Precision: [4;34m0.9156[0m,               train_Recall: [4;33m0.8859[0m,                 train_F1 Score: [4;35m0.8974[0m
æ ‡ç­¾é‡Œ1çš„ä¸ªæ•°:  2150
æ ‡ç­¾é‡Œ0çš„ä¸ªæ•°:  2150
æ€»æ•°:  4300
æ­£ç¡®çš„ä¸ªæ•°:  3871
æœ€åä¸€ä¸ªæ‰¹æ¬¡çš„è¾“å‡º, ä¸æ»¡batchsizeæ˜¯æ­£å¸¸çš„:
 tensor([[9.7860e-01],
        [9.9206e-01],
        [9.8327e-01],
        [1.3363e-02],
        [1.0000e+00],
        [8.7591e-02],
        [2.1963e-02],
        [2.6847e-03],
        [9.6106e-01],
        [9.5535e-01],
        [7.5221e-04],
        [1.0546e-02]], device='cuda:0', grad_fn=<SigmoidBackward0>)
Epoch [61/100], T_AUC: [4m0.9040[0m
Epoch [61/100], Loss: 33.5072
val_Accuracy: [92m0.7721[0m
val_Precision: [4;34m0.7711[0m,               val_Recall: [4;33m0.7606[0m,                 val_F1 Score: [4;35m0.7615[0m
æ ‡ç­¾é‡Œ1çš„ä¸ªæ•°:  430
æ ‡ç­¾é‡Œ0çš„ä¸ªæ•°:  430
æ€»æ•°:  860
æ­£ç¡®çš„ä¸ªæ•°:  664
Epoch [61/100], V_AUC: [4m0.7693[0m
Epoch [62/100], Loss: 32.9800
train_Accuracy: [91m0.9035[0m
train_Precision: [4;34m0.9185[0m,               train_Recall: [4;33m0.8885[0m,                 train_F1 Score: [4;35m0.9002[0m
æ ‡ç­¾é‡Œ1çš„ä¸ªæ•°:  2150
æ ‡ç­¾é‡Œ0çš„ä¸ªæ•°:  2150
æ€»æ•°:  4300
æ­£ç¡®çš„ä¸ªæ•°:  3885
æœ€åä¸€ä¸ªæ‰¹æ¬¡çš„è¾“å‡º, ä¸æ»¡batchsizeæ˜¯æ­£å¸¸çš„:
 tensor([[0.9936],
        [0.9927],
        [0.9600],
        [0.0071],
        [1.0000],
        [0.0438],
        [0.0011],
        [0.0164],
        [0.9746],
        [0.9906],
        [0.0079],
        [0.0102]], device='cuda:0', grad_fn=<SigmoidBackward0>)
Epoch [62/100], T_AUC: [4m0.9064[0m
Epoch [62/100], Loss: 32.6043
val_Accuracy: [92m0.7523[0m
val_Precision: [4;34m0.7538[0m,               val_Recall: [4;33m0.7440[0m,                 val_F1 Score: [4;35m0.7430[0m
æ ‡ç­¾é‡Œ1çš„ä¸ªæ•°:  430
æ ‡ç­¾é‡Œ0çš„ä¸ªæ•°:  430
æ€»æ•°:  860
æ­£ç¡®çš„ä¸ªæ•°:  647
Epoch [62/100], V_AUC: [4m0.7507[0m
Epoch [63/100], Loss: 33.4864
train_Accuracy: [91m0.9042[0m
train_Precision: [4;34m0.9146[0m,               train_Recall: [4;33m0.8950[0m,                 train_F1 Score: [4;35m0.9015[0m
æ ‡ç­¾é‡Œ1çš„ä¸ªæ•°:  2150
æ ‡ç­¾é‡Œ0çš„ä¸ªæ•°:  2150
æ€»æ•°:  4300
æ­£ç¡®çš„ä¸ªæ•°:  3888
æœ€åä¸€ä¸ªæ‰¹æ¬¡çš„è¾“å‡º, ä¸æ»¡batchsizeæ˜¯æ­£å¸¸çš„:
 tensor([[0.9815],
        [0.7684],
        [0.9882],
        [0.0078],
        [1.0000],
        [0.0187],
        [0.3165],
        [0.0032],
        [0.6886],
        [0.9472],
        [0.0222],
        [0.0545]], device='cuda:0', grad_fn=<SigmoidBackward0>)
Epoch [63/100], T_AUC: [4m0.9072[0m
Epoch [63/100], Loss: 32.7687
val_Accuracy: [92m0.7349[0m
val_Precision: [4;34m0.7340[0m,               val_Recall: [4;33m0.7288[0m,                 val_F1 Score: [4;35m0.7270[0m
æ ‡ç­¾é‡Œ1çš„ä¸ªæ•°:  430
æ ‡ç­¾é‡Œ0çš„ä¸ªæ•°:  430
æ€»æ•°:  860
æ­£ç¡®çš„ä¸ªæ•°:  632
Epoch [63/100], V_AUC: [4m0.7348[0m
Epoch [64/100], Loss: 33.6130
train_Accuracy: [91m0.8995[0m
train_Precision: [4;34m0.9142[0m,               train_Recall: [4;33m0.8843[0m,                 train_F1 Score: [4;35m0.8964[0m
æ ‡ç­¾é‡Œ1çš„ä¸ªæ•°:  2150
æ ‡ç­¾é‡Œ0çš„ä¸ªæ•°:  2150
æ€»æ•°:  4300
æ­£ç¡®çš„ä¸ªæ•°:  3868
æœ€åä¸€ä¸ªæ‰¹æ¬¡çš„è¾“å‡º, ä¸æ»¡batchsizeæ˜¯æ­£å¸¸çš„:
 tensor([[9.9874e-01],
        [8.9148e-01],
        [9.5667e-01],
        [1.8269e-02],
        [1.0000e+00],
        [4.1394e-02],
        [1.4421e-02],
        [2.3569e-03],
        [9.8886e-01],
        [9.2295e-01],
        [4.9110e-04],
        [6.0915e-02]], device='cuda:0', grad_fn=<SigmoidBackward0>)
Epoch [64/100], T_AUC: [4m0.9024[0m
Epoch [64/100], Loss: 30.8987
val_Accuracy: [92m0.7535[0m
val_Precision: [4;34m0.7588[0m,               val_Recall: [4;33m0.7352[0m,                 val_F1 Score: [4;35m0.7409[0m
æ ‡ç­¾é‡Œ1çš„ä¸ªæ•°:  430
æ ‡ç­¾é‡Œ0çš„ä¸ªæ•°:  430
æ€»æ•°:  860
æ­£ç¡®çš„ä¸ªæ•°:  648
Epoch [64/100], V_AUC: [4m0.7517[0m
Epoch [65/100], Loss: 36.1911
train_Accuracy: [91m0.8967[0m
train_Precision: [4;34m0.9114[0m,               train_Recall: [4;33m0.8831[0m,                 train_F1 Score: [4;35m0.8938[0m
æ ‡ç­¾é‡Œ1çš„ä¸ªæ•°:  2150
æ ‡ç­¾é‡Œ0çš„ä¸ªæ•°:  2150
æ€»æ•°:  4300
æ­£ç¡®çš„ä¸ªæ•°:  3856
æœ€åä¸€ä¸ªæ‰¹æ¬¡çš„è¾“å‡º, ä¸æ»¡batchsizeæ˜¯æ­£å¸¸çš„:
 tensor([[9.9185e-01],
        [9.9896e-01],
        [9.7729e-01],
        [1.4361e-02],
        [1.0000e+00],
        [3.7077e-02],
        [4.8313e-04],
        [9.6387e-02],
        [9.2768e-01],
        [9.7475e-01],
        [4.4612e-04],
        [6.2789e-02]], device='cuda:0', grad_fn=<SigmoidBackward0>)
Epoch [65/100], T_AUC: [4m0.9002[0m
Epoch [65/100], Loss: 27.4178
val_Accuracy: [92m0.7663[0m
val_Precision: [4;34m0.8001[0m,               val_Recall: [4;33m0.7041[0m,                 val_F1 Score: [4;35m0.7415[0m
æ ‡ç­¾é‡Œ1çš„ä¸ªæ•°:  430
æ ‡ç­¾é‡Œ0çš„ä¸ªæ•°:  430
æ€»æ•°:  860
æ­£ç¡®çš„ä¸ªæ•°:  659
Epoch [65/100], V_AUC: [4m0.7618[0m
Epoch [66/100], Loss: 37.8227
train_Accuracy: [91m0.8849[0m
train_Precision: [4;34m0.9037[0m,               train_Recall: [4;33m0.8664[0m,                 train_F1 Score: [4;35m0.8815[0m
æ ‡ç­¾é‡Œ1çš„ä¸ªæ•°:  2150
æ ‡ç­¾é‡Œ0çš„ä¸ªæ•°:  2150
æ€»æ•°:  4300
æ­£ç¡®çš„ä¸ªæ•°:  3805
æœ€åä¸€ä¸ªæ‰¹æ¬¡çš„è¾“å‡º, ä¸æ»¡batchsizeæ˜¯æ­£å¸¸çš„:
 tensor([[0.9096],
        [0.9987],
        [0.9605],
        [0.0162],
        [1.0000],
        [0.1126],
        [0.0012],
        [0.0335],
        [0.9516],
        [0.9281],
        [0.0031],
        [0.0417]], device='cuda:0', grad_fn=<SigmoidBackward0>)
Epoch [66/100], T_AUC: [4m0.8883[0m
Epoch [66/100], Loss: 26.9655
val_Accuracy: [92m0.7651[0m
val_Precision: [4;34m0.7818[0m,               val_Recall: [4;33m0.7272[0m,                 val_F1 Score: [4;35m0.7475[0m
æ ‡ç­¾é‡Œ1çš„ä¸ªæ•°:  430
æ ‡ç­¾é‡Œ0çš„ä¸ªæ•°:  430
æ€»æ•°:  860
æ­£ç¡®çš„ä¸ªæ•°:  658
Epoch [66/100], V_AUC: [4m0.7629[0m
Epoch [67/100], Loss: 34.2946
train_Accuracy: [91m0.8960[0m
train_Precision: [4;34m0.9088[0m,               train_Recall: [4;33m0.8826[0m,                 train_F1 Score: [4;35m0.8929[0m
æ ‡ç­¾é‡Œ1çš„ä¸ªæ•°:  2150
æ ‡ç­¾é‡Œ0çš„ä¸ªæ•°:  2150
æ€»æ•°:  4300
æ­£ç¡®çš„ä¸ªæ•°:  3853
æœ€åä¸€ä¸ªæ‰¹æ¬¡çš„è¾“å‡º, ä¸æ»¡batchsizeæ˜¯æ­£å¸¸çš„:
 tensor([[9.6492e-01],
        [9.9872e-01],
        [9.1787e-01],
        [2.5635e-03],
        [1.0000e+00],
        [4.7711e-02],
        [7.7668e-02],
        [9.0898e-04],
        [9.0508e-01],
        [9.5179e-01],
        [1.9292e-02],
        [2.0344e-02]], device='cuda:0', grad_fn=<SigmoidBackward0>)
Epoch [67/100], T_AUC: [4m0.8979[0m
Epoch [67/100], Loss: 28.2829
val_Accuracy: [92m0.7651[0m
val_Precision: [4;34m0.7620[0m,               val_Recall: [4;33m0.7592[0m,                 val_F1 Score: [4;35m0.7563[0m
æ ‡ç­¾é‡Œ1çš„ä¸ªæ•°:  430
æ ‡ç­¾é‡Œ0çš„ä¸ªæ•°:  430
æ€»æ•°:  860
æ­£ç¡®çš„ä¸ªæ•°:  658
Epoch [67/100], V_AUC: [4m0.7612[0m
Epoch [68/100], Loss: 30.2732
train_Accuracy: [91m0.9079[0m
train_Precision: [4;34m0.9219[0m,               train_Recall: [4;33m0.8940[0m,                 train_F1 Score: [4;35m0.9052[0m
æ ‡ç­¾é‡Œ1çš„ä¸ªæ•°:  2150
æ ‡ç­¾é‡Œ0çš„ä¸ªæ•°:  2150
æ€»æ•°:  4300
æ­£ç¡®çš„ä¸ªæ•°:  3904
æœ€åä¸€ä¸ªæ‰¹æ¬¡çš„è¾“å‡º, ä¸æ»¡batchsizeæ˜¯æ­£å¸¸çš„:
 tensor([[8.1142e-01],
        [9.9961e-01],
        [9.9797e-01],
        [3.4763e-04],
        [1.0000e+00],
        [4.8661e-02],
        [5.1837e-04],
        [7.4485e-02],
        [9.3535e-01],
        [9.1017e-01],
        [8.4807e-03],
        [4.0557e-02]], device='cuda:0', grad_fn=<SigmoidBackward0>)
Epoch [68/100], T_AUC: [4m0.9097[0m
Epoch [68/100], Loss: 40.3381
val_Accuracy: [92m0.7686[0m
val_Precision: [4;34m0.7777[0m,               val_Recall: [4;33m0.7485[0m,                 val_F1 Score: [4;35m0.7566[0m
æ ‡ç­¾é‡Œ1çš„ä¸ªæ•°:  430
æ ‡ç­¾é‡Œ0çš„ä¸ªæ•°:  430
æ€»æ•°:  860
æ­£ç¡®çš„ä¸ªæ•°:  661
Epoch [68/100], V_AUC: [4m0.7659[0m
Epoch [69/100], Loss: 31.8767
train_Accuracy: [91m0.9047[0m
train_Precision: [4;34m0.9211[0m,               train_Recall: [4;33m0.8870[0m,                 train_F1 Score: [4;35m0.9011[0m
æ ‡ç­¾é‡Œ1çš„ä¸ªæ•°:  2150
æ ‡ç­¾é‡Œ0çš„ä¸ªæ•°:  2150
æ€»æ•°:  4300
æ­£ç¡®çš„ä¸ªæ•°:  3890
æœ€åä¸€ä¸ªæ‰¹æ¬¡çš„è¾“å‡º, ä¸æ»¡batchsizeæ˜¯æ­£å¸¸çš„:
 tensor([[9.9237e-01],
        [9.3892e-01],
        [9.7317e-01],
        [1.0395e-01],
        [1.0000e+00],
        [7.5096e-02],
        [7.4720e-05],
        [1.5965e-03],
        [9.8776e-01],
        [9.7589e-01],
        [6.8506e-03],
        [1.9410e-02]], device='cuda:0', grad_fn=<SigmoidBackward0>)
Epoch [69/100], T_AUC: [4m0.9071[0m
Epoch [69/100], Loss: 34.6971
val_Accuracy: [92m0.7593[0m
val_Precision: [4;34m0.7563[0m,               val_Recall: [4;33m0.7672[0m,                 val_F1 Score: [4;35m0.7553[0m
æ ‡ç­¾é‡Œ1çš„ä¸ªæ•°:  430
æ ‡ç­¾é‡Œ0çš„ä¸ªæ•°:  430
æ€»æ•°:  860
æ­£ç¡®çš„ä¸ªæ•°:  653
Epoch [69/100], V_AUC: [4m0.7588[0m
Epoch [70/100], Loss: 29.6545
train_Accuracy: [91m0.9116[0m
train_Precision: [4;34m0.9284[0m,               train_Recall: [4;33m0.8958[0m,                 train_F1 Score: [4;35m0.9092[0m
æ ‡ç­¾é‡Œ1çš„ä¸ªæ•°:  2150
æ ‡ç­¾é‡Œ0çš„ä¸ªæ•°:  2150
æ€»æ•°:  4300
æ­£ç¡®çš„ä¸ªæ•°:  3920
æœ€åä¸€ä¸ªæ‰¹æ¬¡çš„è¾“å‡º, ä¸æ»¡batchsizeæ˜¯æ­£å¸¸çš„:
 tensor([[0.9983],
        [0.7982],
        [0.9876],
        [0.0059],
        [1.0000],
        [0.0140],
        [0.0042],
        [0.0016],
        [0.9429],
        [0.9722],
        [0.0047],
        [0.0366]], device='cuda:0', grad_fn=<SigmoidBackward0>)
Epoch [70/100], T_AUC: [4m0.9142[0m
Epoch [70/100], Loss: 41.9645
val_Accuracy: [92m0.7512[0m
val_Precision: [4;34m0.7418[0m,               val_Recall: [4;33m0.7652[0m,                 val_F1 Score: [4;35m0.7480[0m
æ ‡ç­¾é‡Œ1çš„ä¸ªæ•°:  430
æ ‡ç­¾é‡Œ0çš„ä¸ªæ•°:  430
æ€»æ•°:  860
æ­£ç¡®çš„ä¸ªæ•°:  646
Epoch [70/100], V_AUC: [4m0.7487[0m
Epoch [71/100], Loss: 27.6641
train_Accuracy: [91m0.9184[0m
train_Precision: [4;34m0.9326[0m,               train_Recall: [4;33m0.9056[0m,                 train_F1 Score: [4;35m0.9165[0m
æ ‡ç­¾é‡Œ1çš„ä¸ªæ•°:  2150
æ ‡ç­¾é‡Œ0çš„ä¸ªæ•°:  2150
æ€»æ•°:  4300
æ­£ç¡®çš„ä¸ªæ•°:  3949
æœ€åä¸€ä¸ªæ‰¹æ¬¡çš„è¾“å‡º, ä¸æ»¡batchsizeæ˜¯æ­£å¸¸çš„:
 tensor([[6.9104e-01],
        [9.9984e-01],
        [9.9127e-01],
        [2.2354e-03],
        [1.0000e+00],
        [3.1701e-02],
        [9.8168e-02],
        [2.2585e-04],
        [9.9621e-01],
        [9.0811e-01],
        [3.3426e-03],
        [1.1127e-03]], device='cuda:0', grad_fn=<SigmoidBackward0>)
Epoch [71/100], T_AUC: [4m0.9206[0m
Epoch [71/100], Loss: 51.3771
val_Accuracy: [92m0.7663[0m
val_Precision: [4;34m0.7631[0m,               val_Recall: [4;33m0.7633[0m,                 val_F1 Score: [4;35m0.7585[0m
æ ‡ç­¾é‡Œ1çš„ä¸ªæ•°:  430
æ ‡ç­¾é‡Œ0çš„ä¸ªæ•°:  430
æ€»æ•°:  860
æ­£ç¡®çš„ä¸ªæ•°:  659
Epoch [71/100], V_AUC: [4m0.7645[0m
Epoch [72/100], Loss: 33.8328
train_Accuracy: [91m0.8993[0m
train_Precision: [4;34m0.9147[0m,               train_Recall: [4;33m0.8831[0m,                 train_F1 Score: [4;35m0.8955[0m
æ ‡ç­¾é‡Œ1çš„ä¸ªæ•°:  2150
æ ‡ç­¾é‡Œ0çš„ä¸ªæ•°:  2150
æ€»æ•°:  4300
æ­£ç¡®çš„ä¸ªæ•°:  3867
æœ€åä¸€ä¸ªæ‰¹æ¬¡çš„è¾“å‡º, ä¸æ»¡batchsizeæ˜¯æ­£å¸¸çš„:
 tensor([[9.9652e-01],
        [9.9289e-01],
        [9.8668e-01],
        [2.0919e-02],
        [1.0000e+00],
        [3.1225e-02],
        [2.1353e-02],
        [4.3428e-04],
        [9.6928e-01],
        [9.2667e-01],
        [6.4990e-04],
        [3.4612e-02]], device='cuda:0', grad_fn=<SigmoidBackward0>)
Epoch [72/100], T_AUC: [4m0.9026[0m
Epoch [72/100], Loss: 39.6958
val_Accuracy: [92m0.7616[0m
val_Precision: [4;34m0.7661[0m,               val_Recall: [4;33m0.7456[0m,                 val_F1 Score: [4;35m0.7499[0m
æ ‡ç­¾é‡Œ1çš„ä¸ªæ•°:  430
æ ‡ç­¾é‡Œ0çš„ä¸ªæ•°:  430
æ€»æ•°:  860
æ­£ç¡®çš„ä¸ªæ•°:  655
Epoch [72/100], V_AUC: [4m0.7582[0m
Epoch [73/100], Loss: 28.6722
train_Accuracy: [91m0.9151[0m
train_Precision: [4;34m0.9288[0m,               train_Recall: [4;33m0.9012[0m,                 train_F1 Score: [4;35m0.9124[0m
æ ‡ç­¾é‡Œ1çš„ä¸ªæ•°:  2150
æ ‡ç­¾é‡Œ0çš„ä¸ªæ•°:  2150
æ€»æ•°:  4300
æ­£ç¡®çš„ä¸ªæ•°:  3935
æœ€åä¸€ä¸ªæ‰¹æ¬¡çš„è¾“å‡º, ä¸æ»¡batchsizeæ˜¯æ­£å¸¸çš„:
 tensor([[0.9301],
        [0.9973],
        [0.9673],
        [0.0022],
        [1.0000],
        [0.0306],
        [0.0371],
        [0.0012],
        [0.9850],
        [0.9845],
        [0.0024],
        [0.0259]], device='cuda:0', grad_fn=<SigmoidBackward0>)
Epoch [73/100], T_AUC: [4m0.9181[0m
Epoch [73/100], Loss: 38.1467
val_Accuracy: [92m0.7500[0m
val_Precision: [4;34m0.7578[0m,               val_Recall: [4;33m0.7291[0m,                 val_F1 Score: [4;35m0.7386[0m
æ ‡ç­¾é‡Œ1çš„ä¸ªæ•°:  430
æ ‡ç­¾é‡Œ0çš„ä¸ªæ•°:  430
æ€»æ•°:  860
æ­£ç¡®çš„ä¸ªæ•°:  645
Epoch [73/100], V_AUC: [4m0.7479[0m
Epoch [74/100], Loss: 25.5770
train_Accuracy: [91m0.9274[0m
train_Precision: [4;34m0.9399[0m,               train_Recall: [4;33m0.9152[0m,                 train_F1 Score: [4;35m0.9251[0m
æ ‡ç­¾é‡Œ1çš„ä¸ªæ•°:  2150
æ ‡ç­¾é‡Œ0çš„ä¸ªæ•°:  2150
æ€»æ•°:  4300
æ­£ç¡®çš„ä¸ªæ•°:  3988
æœ€åä¸€ä¸ªæ‰¹æ¬¡çš„è¾“å‡º, ä¸æ»¡batchsizeæ˜¯æ­£å¸¸çš„:
 tensor([[9.7379e-01],
        [9.9405e-01],
        [9.8919e-01],
        [3.8213e-04],
        [1.0000e+00],
        [1.5671e-02],
        [5.9853e-04],
        [7.3067e-03],
        [9.9779e-01],
        [9.1502e-01],
        [5.6200e-02],
        [4.6744e-02]], device='cuda:0', grad_fn=<SigmoidBackward0>)
Epoch [74/100], T_AUC: [4m0.9297[0m
Epoch [74/100], Loss: 43.7195
val_Accuracy: [92m0.7430[0m
val_Precision: [4;34m0.7298[0m,               val_Recall: [4;33m0.7622[0m,                 val_F1 Score: [4;35m0.7407[0m
æ ‡ç­¾é‡Œ1çš„ä¸ªæ•°:  430
æ ‡ç­¾é‡Œ0çš„ä¸ªæ•°:  430
æ€»æ•°:  860
æ­£ç¡®çš„ä¸ªæ•°:  639
Epoch [74/100], V_AUC: [4m0.7409[0m
Epoch [75/100], Loss: 29.6175
train_Accuracy: [91m0.9135[0m
train_Precision: [4;34m0.9258[0m,               train_Recall: [4;33m0.9004[0m,                 train_F1 Score: [4;35m0.9103[0m
æ ‡ç­¾é‡Œ1çš„ä¸ªæ•°:  2150
æ ‡ç­¾é‡Œ0çš„ä¸ªæ•°:  2150
æ€»æ•°:  4300
æ­£ç¡®çš„ä¸ªæ•°:  3928
æœ€åä¸€ä¸ªæ‰¹æ¬¡çš„è¾“å‡º, ä¸æ»¡batchsizeæ˜¯æ­£å¸¸çš„:
 tensor([[9.8015e-01],
        [9.2790e-01],
        [9.9991e-01],
        [3.2045e-03],
        [1.0000e+00],
        [4.7687e-02],
        [1.4615e-04],
        [9.3831e-04],
        [8.6729e-01],
        [9.1189e-01],
        [1.3812e-02],
        [2.4933e-02]], device='cuda:0', grad_fn=<SigmoidBackward0>)
Epoch [75/100], T_AUC: [4m0.9158[0m
Epoch [75/100], Loss: 38.9451
val_Accuracy: [92m0.7442[0m
val_Precision: [4;34m0.7580[0m,               val_Recall: [4;33m0.7098[0m,                 val_F1 Score: [4;35m0.7274[0m
æ ‡ç­¾é‡Œ1çš„ä¸ªæ•°:  430
æ ‡ç­¾é‡Œ0çš„ä¸ªæ•°:  430
æ€»æ•°:  860
æ­£ç¡®çš„ä¸ªæ•°:  640
Epoch [75/100], V_AUC: [4m0.7425[0m
Epoch [76/100], Loss: 38.6079
train_Accuracy: [91m0.8928[0m
train_Precision: [4;34m0.9071[0m,               train_Recall: [4;33m0.8773[0m,                 train_F1 Score: [4;35m0.8888[0m
æ ‡ç­¾é‡Œ1çš„ä¸ªæ•°:  2150
æ ‡ç­¾é‡Œ0çš„ä¸ªæ•°:  2150
æ€»æ•°:  4300
æ­£ç¡®çš„ä¸ªæ•°:  3839
æœ€åä¸€ä¸ªæ‰¹æ¬¡çš„è¾“å‡º, ä¸æ»¡batchsizeæ˜¯æ­£å¸¸çš„:
 tensor([[0.9740],
        [0.6066],
        [0.9981],
        [0.0025],
        [1.0000],
        [0.0394],
        [0.0164],
        [0.0052],
        [0.5378],
        [0.9582],
        [0.0236],
        [0.0579]], device='cuda:0', grad_fn=<SigmoidBackward0>)
Epoch [76/100], T_AUC: [4m0.8956[0m
Epoch [76/100], Loss: 25.6823
val_Accuracy: [92m0.7547[0m
val_Precision: [4;34m0.7662[0m,               val_Recall: [4;33m0.7351[0m,                 val_F1 Score: [4;35m0.7435[0m
æ ‡ç­¾é‡Œ1çš„ä¸ªæ•°:  430
æ ‡ç­¾é‡Œ0çš„ä¸ªæ•°:  430
æ€»æ•°:  860
æ­£ç¡®çš„ä¸ªæ•°:  649
Epoch [76/100], V_AUC: [4m0.7534[0m
Epoch [77/100], Loss: 29.4315
train_Accuracy: [91m0.9114[0m
train_Precision: [4;34m0.9227[0m,               train_Recall: [4;33m0.8995[0m,                 train_F1 Score: [4;35m0.9083[0m
æ ‡ç­¾é‡Œ1çš„ä¸ªæ•°:  2150
æ ‡ç­¾é‡Œ0çš„ä¸ªæ•°:  2150
æ€»æ•°:  4300
æ­£ç¡®çš„ä¸ªæ•°:  3919
æœ€åä¸€ä¸ªæ‰¹æ¬¡çš„è¾“å‡º, ä¸æ»¡batchsizeæ˜¯æ­£å¸¸çš„:
 tensor([[9.6145e-01],
        [9.2389e-01],
        [9.8615e-01],
        [7.8198e-04],
        [1.0000e+00],
        [3.7121e-02],
        [4.5873e-04],
        [8.1209e-02],
        [9.4586e-01],
        [9.3683e-01],
        [2.5626e-02],
        [3.6340e-02]], device='cuda:0', grad_fn=<SigmoidBackward0>)
Epoch [77/100], T_AUC: [4m0.9142[0m
Epoch [77/100], Loss: 32.2040
val_Accuracy: [92m0.7581[0m
val_Precision: [4;34m0.7643[0m,               val_Recall: [4;33m0.7538[0m,                 val_F1 Score: [4;35m0.7523[0m
æ ‡ç­¾é‡Œ1çš„ä¸ªæ•°:  430
æ ‡ç­¾é‡Œ0çš„ä¸ªæ•°:  430
æ€»æ•°:  860
æ­£ç¡®çš„ä¸ªæ•°:  652
Epoch [77/100], V_AUC: [4m0.7580[0m
Epoch [78/100], Loss: 25.7722
train_Accuracy: [91m0.9256[0m
train_Precision: [4;34m0.9368[0m,               train_Recall: [4;33m0.9147[0m,                 train_F1 Score: [4;35m0.9235[0m
æ ‡ç­¾é‡Œ1çš„ä¸ªæ•°:  2150
æ ‡ç­¾é‡Œ0çš„ä¸ªæ•°:  2150
æ€»æ•°:  4300
æ­£ç¡®çš„ä¸ªæ•°:  3980
æœ€åä¸€ä¸ªæ‰¹æ¬¡çš„è¾“å‡º, ä¸æ»¡batchsizeæ˜¯æ­£å¸¸çš„:
 tensor([[0.8170],
        [0.9769],
        [0.9812],
        [0.0014],
        [1.0000],
        [0.0170],
        [0.0024],
        [0.0331],
        [0.9572],
        [0.9643],
        [0.0178],
        [0.0087]], device='cuda:0', grad_fn=<SigmoidBackward0>)
Epoch [78/100], T_AUC: [4m0.9274[0m
Epoch [78/100], Loss: 35.7183
val_Accuracy: [92m0.7477[0m
val_Precision: [4;34m0.7561[0m,               val_Recall: [4;33m0.7326[0m,                 val_F1 Score: [4;35m0.7379[0m
æ ‡ç­¾é‡Œ1çš„ä¸ªæ•°:  430
æ ‡ç­¾é‡Œ0çš„ä¸ªæ•°:  430
æ€»æ•°:  860
æ­£ç¡®çš„ä¸ªæ•°:  643
Epoch [78/100], V_AUC: [4m0.7470[0m
Epoch [79/100], Loss: 26.1404
train_Accuracy: [91m0.9202[0m
train_Precision: [4;34m0.9353[0m,               train_Recall: [4;33m0.9047[0m,                 train_F1 Score: [4;35m0.9174[0m
æ ‡ç­¾é‡Œ1çš„ä¸ªæ•°:  2150
æ ‡ç­¾é‡Œ0çš„ä¸ªæ•°:  2150
æ€»æ•°:  4300
æ­£ç¡®çš„ä¸ªæ•°:  3957
æœ€åä¸€ä¸ªæ‰¹æ¬¡çš„è¾“å‡º, ä¸æ»¡batchsizeæ˜¯æ­£å¸¸çš„:
 tensor([[0.8454],
        [0.8797],
        [0.9986],
        [0.0016],
        [1.0000],
        [0.0443],
        [0.0040],
        [0.0019],
        [0.9883],
        [0.7811],
        [0.0094],
        [0.0578]], device='cuda:0', grad_fn=<SigmoidBackward0>)
Epoch [79/100], T_AUC: [4m0.9229[0m
Epoch [79/100], Loss: 41.6691
val_Accuracy: [92m0.7267[0m
val_Precision: [4;34m0.7210[0m,               val_Recall: [4;33m0.7411[0m,                 val_F1 Score: [4;35m0.7260[0m
æ ‡ç­¾é‡Œ1çš„ä¸ªæ•°:  430
æ ‡ç­¾é‡Œ0çš„ä¸ªæ•°:  430
æ€»æ•°:  860
æ­£ç¡®çš„ä¸ªæ•°:  625
Epoch [79/100], V_AUC: [4m0.7257[0m
Epoch [80/100], Loss: 24.8915
train_Accuracy: [91m0.9205[0m
train_Precision: [4;34m0.9308[0m,               train_Recall: [4;33m0.9098[0m,                 train_F1 Score: [4;35m0.9176[0m
æ ‡ç­¾é‡Œ1çš„ä¸ªæ•°:  2150
æ ‡ç­¾é‡Œ0çš„ä¸ªæ•°:  2150
æ€»æ•°:  4300
æ­£ç¡®çš„ä¸ªæ•°:  3958
æœ€åä¸€ä¸ªæ‰¹æ¬¡çš„è¾“å‡º, ä¸æ»¡batchsizeæ˜¯æ­£å¸¸çš„:
 tensor([[9.9968e-01],
        [9.8556e-01],
        [9.5958e-01],
        [2.8545e-03],
        [1.0000e+00],
        [1.4488e-02],
        [5.4681e-01],
        [3.0477e-04],
        [8.5317e-01],
        [7.7357e-01],
        [9.4806e-04],
        [1.3427e-02]], device='cuda:0', grad_fn=<SigmoidBackward0>)
Epoch [80/100], T_AUC: [4m0.9226[0m
Epoch [80/100], Loss: 57.2567
val_Accuracy: [92m0.7442[0m
val_Precision: [4;34m0.7316[0m,               val_Recall: [4;33m0.7696[0m,                 val_F1 Score: [4;35m0.7448[0m
æ ‡ç­¾é‡Œ1çš„ä¸ªæ•°:  430
æ ‡ç­¾é‡Œ0çš„ä¸ªæ•°:  430
æ€»æ•°:  860
æ­£ç¡®çš„ä¸ªæ•°:  640
Epoch [80/100], V_AUC: [4m0.7431[0m
Epoch [81/100], Loss: 28.6212
train_Accuracy: [91m0.9088[0m
train_Precision: [4;34m0.9163[0m,               train_Recall: [4;33m0.9023[0m,                 train_F1 Score: [4;35m0.9068[0m
æ ‡ç­¾é‡Œ1çš„ä¸ªæ•°:  2150
æ ‡ç­¾é‡Œ0çš„ä¸ªæ•°:  2150
æ€»æ•°:  4300
æ­£ç¡®çš„ä¸ªæ•°:  3908
æœ€åä¸€ä¸ªæ‰¹æ¬¡çš„è¾“å‡º, ä¸æ»¡batchsizeæ˜¯æ­£å¸¸çš„:
 tensor([[9.9826e-01],
        [8.9681e-01],
        [9.9357e-01],
        [2.1682e-03],
        [1.0000e+00],
        [1.2922e-02],
        [1.1710e-06],
        [2.0182e-01],
        [9.9820e-01],
        [9.1377e-01],
        [3.7223e-03],
        [1.8191e-02]], device='cuda:0', grad_fn=<SigmoidBackward0>)
Epoch [81/100], T_AUC: [4m0.9112[0m
Epoch [81/100], Loss: 46.2283
val_Accuracy: [92m0.7500[0m
val_Precision: [4;34m0.7467[0m,               val_Recall: [4;33m0.7527[0m,                 val_F1 Score: [4;35m0.7448[0m
æ ‡ç­¾é‡Œ1çš„ä¸ªæ•°:  430
æ ‡ç­¾é‡Œ0çš„ä¸ªæ•°:  430
æ€»æ•°:  860
æ­£ç¡®çš„ä¸ªæ•°:  645
Epoch [81/100], V_AUC: [4m0.7472[0m
Epoch [82/100], Loss: 24.6888
train_Accuracy: [91m0.9300[0m
train_Precision: [4;34m0.9429[0m,               train_Recall: [4;33m0.9177[0m,                 train_F1 Score: [4;35m0.9280[0m
æ ‡ç­¾é‡Œ1çš„ä¸ªæ•°:  2150
æ ‡ç­¾é‡Œ0çš„ä¸ªæ•°:  2150
æ€»æ•°:  4300
æ­£ç¡®çš„ä¸ªæ•°:  3999
æœ€åä¸€ä¸ªæ‰¹æ¬¡çš„è¾“å‡º, ä¸æ»¡batchsizeæ˜¯æ­£å¸¸çš„:
 tensor([[9.9883e-01],
        [9.9924e-01],
        [9.9812e-01],
        [4.3099e-03],
        [1.0000e+00],
        [1.3991e-03],
        [4.1156e-05],
        [4.0615e-03],
        [9.9700e-01],
        [9.6185e-01],
        [1.6105e-03],
        [1.2687e-02]], device='cuda:0', grad_fn=<SigmoidBackward0>)
Epoch [82/100], T_AUC: [4m0.9324[0m
Epoch [82/100], Loss: 44.5806
val_Accuracy: [92m0.7465[0m
val_Precision: [4;34m0.7546[0m,               val_Recall: [4;33m0.7310[0m,                 val_F1 Score: [4;35m0.7378[0m
æ ‡ç­¾é‡Œ1çš„ä¸ªæ•°:  430
æ ‡ç­¾é‡Œ0çš„ä¸ªæ•°:  430
æ€»æ•°:  860
æ­£ç¡®çš„ä¸ªæ•°:  642
Epoch [82/100], V_AUC: [4m0.7452[0m
Epoch [83/100], Loss: 24.5875
train_Accuracy: [91m0.9286[0m
train_Precision: [4;34m0.9378[0m,               train_Recall: [4;33m0.9203[0m,                 train_F1 Score: [4;35m0.9264[0m
æ ‡ç­¾é‡Œ1çš„ä¸ªæ•°:  2150
æ ‡ç­¾é‡Œ0çš„ä¸ªæ•°:  2150
æ€»æ•°:  4300
æ­£ç¡®çš„ä¸ªæ•°:  3993
æœ€åä¸€ä¸ªæ‰¹æ¬¡çš„è¾“å‡º, ä¸æ»¡batchsizeæ˜¯æ­£å¸¸çš„:
 tensor([[9.9956e-01],
        [9.7823e-01],
        [9.9742e-01],
        [3.1055e-02],
        [1.0000e+00],
        [3.1206e-02],
        [6.4090e-06],
        [1.1798e-02],
        [9.9815e-01],
        [9.7385e-01],
        [4.7478e-05],
        [2.0206e-02]], device='cuda:0', grad_fn=<SigmoidBackward0>)
Epoch [83/100], T_AUC: [4m0.9311[0m
Epoch [83/100], Loss: 48.7382
val_Accuracy: [92m0.7512[0m
val_Precision: [4;34m0.7530[0m,               val_Recall: [4;33m0.7489[0m,                 val_F1 Score: [4;35m0.7466[0m
æ ‡ç­¾é‡Œ1çš„ä¸ªæ•°:  430
æ ‡ç­¾é‡Œ0çš„ä¸ªæ•°:  430
æ€»æ•°:  860
æ­£ç¡®çš„ä¸ªæ•°:  646
Epoch [83/100], V_AUC: [4m0.7481[0m
Epoch [84/100], Loss: 22.8648
train_Accuracy: [91m0.9330[0m
train_Precision: [4;34m0.9438[0m,               train_Recall: [4;33m0.9216[0m,                 train_F1 Score: [4;35m0.9305[0m
æ ‡ç­¾é‡Œ1çš„ä¸ªæ•°:  2150
æ ‡ç­¾é‡Œ0çš„ä¸ªæ•°:  2150
æ€»æ•°:  4300
æ­£ç¡®çš„ä¸ªæ•°:  4012
æœ€åä¸€ä¸ªæ‰¹æ¬¡çš„è¾“å‡º, ä¸æ»¡batchsizeæ˜¯æ­£å¸¸çš„:
 tensor([[9.9592e-01],
        [9.7179e-01],
        [9.9676e-01],
        [1.4248e-03],
        [1.0000e+00],
        [2.2216e-02],
        [3.5204e-07],
        [3.4049e-02],
        [9.9920e-01],
        [7.3780e-01],
        [1.5093e-02],
        [2.4734e-02]], device='cuda:0', grad_fn=<SigmoidBackward0>)
Epoch [84/100], T_AUC: [4m0.9350[0m
Epoch [84/100], Loss: 53.9211
val_Accuracy: [92m0.7407[0m
val_Precision: [4;34m0.7379[0m,               val_Recall: [4;33m0.7503[0m,                 val_F1 Score: [4;35m0.7377[0m
æ ‡ç­¾é‡Œ1çš„ä¸ªæ•°:  430
æ ‡ç­¾é‡Œ0çš„ä¸ªæ•°:  430
æ€»æ•°:  860
æ­£ç¡®çš„ä¸ªæ•°:  637
Epoch [84/100], V_AUC: [4m0.7386[0m
Epoch [85/100], Loss: 22.5852
train_Accuracy: [91m0.9349[0m
train_Precision: [4;34m0.9459[0m,               train_Recall: [4;33m0.9227[0m,                 train_F1 Score: [4;35m0.9323[0m
æ ‡ç­¾é‡Œ1çš„ä¸ªæ•°:  2150
æ ‡ç­¾é‡Œ0çš„ä¸ªæ•°:  2150
æ€»æ•°:  4300
æ­£ç¡®çš„ä¸ªæ•°:  4020
æœ€åä¸€ä¸ªæ‰¹æ¬¡çš„è¾“å‡º, ä¸æ»¡batchsizeæ˜¯æ­£å¸¸çš„:
 tensor([[9.9128e-01],
        [9.9357e-01],
        [9.9359e-01],
        [5.4437e-04],
        [1.0000e+00],
        [2.2817e-02],
        [4.5862e-07],
        [6.8615e-01],
        [9.9864e-01],
        [8.9008e-01],
        [2.8223e-03],
        [1.2787e-02]], device='cuda:0', grad_fn=<SigmoidBackward0>)
Epoch [85/100], T_AUC: [4m0.9355[0m
Epoch [85/100], Loss: 55.6347
val_Accuracy: [92m0.7477[0m
val_Precision: [4;34m0.7401[0m,               val_Recall: [4;33m0.7626[0m,                 val_F1 Score: [4;35m0.7473[0m
æ ‡ç­¾é‡Œ1çš„ä¸ªæ•°:  430
æ ‡ç­¾é‡Œ0çš„ä¸ªæ•°:  430
æ€»æ•°:  860
æ­£ç¡®çš„ä¸ªæ•°:  643
Epoch [85/100], V_AUC: [4m0.7455[0m
Epoch [86/100], Loss: 21.5115
train_Accuracy: [91m0.9412[0m
train_Precision: [4;34m0.9531[0m,               train_Recall: [4;33m0.9292[0m,                 train_F1 Score: [4;35m0.9391[0m
æ ‡ç­¾é‡Œ1çš„ä¸ªæ•°:  2150
æ ‡ç­¾é‡Œ0çš„ä¸ªæ•°:  2150
æ€»æ•°:  4300
æ­£ç¡®çš„ä¸ªæ•°:  4047
æœ€åä¸€ä¸ªæ‰¹æ¬¡çš„è¾“å‡º, ä¸æ»¡batchsizeæ˜¯æ­£å¸¸çš„:
 tensor([[9.9578e-01],
        [9.9996e-01],
        [9.9902e-01],
        [7.3431e-03],
        [1.0000e+00],
        [2.0273e-02],
        [4.5460e-04],
        [1.6923e-04],
        [9.9337e-01],
        [9.9345e-01],
        [1.0135e-05],
        [3.1034e-02]], device='cuda:0', grad_fn=<SigmoidBackward0>)
Epoch [86/100], T_AUC: [4m0.9431[0m
Epoch [86/100], Loss: 60.2943
val_Accuracy: [92m0.7500[0m
val_Precision: [4;34m0.7547[0m,               val_Recall: [4;33m0.7435[0m,                 val_F1 Score: [4;35m0.7447[0m
æ ‡ç­¾é‡Œ1çš„ä¸ªæ•°:  430
æ ‡ç­¾é‡Œ0çš„ä¸ªæ•°:  430
æ€»æ•°:  860
æ­£ç¡®çš„ä¸ªæ•°:  645
Epoch [86/100], V_AUC: [4m0.7486[0m
Epoch [87/100], Loss: 24.3786
train_Accuracy: [91m0.9302[0m
train_Precision: [4;34m0.9376[0m,               train_Recall: [4;33m0.9242[0m,                 train_F1 Score: [4;35m0.9286[0m
æ ‡ç­¾é‡Œ1çš„ä¸ªæ•°:  2150
æ ‡ç­¾é‡Œ0çš„ä¸ªæ•°:  2150
æ€»æ•°:  4300
æ­£ç¡®çš„ä¸ªæ•°:  4000
æœ€åä¸€ä¸ªæ‰¹æ¬¡çš„è¾“å‡º, ä¸æ»¡batchsizeæ˜¯æ­£å¸¸çš„:
 tensor([[9.9996e-01],
        [8.2497e-01],
        [9.9985e-01],
        [4.3626e-03],
        [1.0000e+00],
        [7.0027e-03],
        [6.7784e-02],
        [8.8209e-04],
        [9.4948e-01],
        [9.2134e-01],
        [1.1433e-05],
        [4.7321e-03]], device='cuda:0', grad_fn=<SigmoidBackward0>)
Epoch [87/100], T_AUC: [4m0.9330[0m
Epoch [87/100], Loss: 59.8380
val_Accuracy: [92m0.7581[0m
val_Precision: [4;34m0.7814[0m,               val_Recall: [4;33m0.7130[0m,                 val_F1 Score: [4;35m0.7408[0m
æ ‡ç­¾é‡Œ1çš„ä¸ªæ•°:  430
æ ‡ç­¾é‡Œ0çš„ä¸ªæ•°:  430
æ€»æ•°:  860
æ­£ç¡®çš„ä¸ªæ•°:  652
Epoch [87/100], V_AUC: [4m0.7554[0m
Epoch [88/100], Loss: 29.5375
train_Accuracy: [91m0.9093[0m
train_Precision: [4;34m0.9190[0m,               train_Recall: [4;33m0.8994[0m,                 train_F1 Score: [4;35m0.9067[0m
æ ‡ç­¾é‡Œ1çš„ä¸ªæ•°:  2150
æ ‡ç­¾é‡Œ0çš„ä¸ªæ•°:  2150
æ€»æ•°:  4300
æ­£ç¡®çš„ä¸ªæ•°:  3910
æœ€åä¸€ä¸ªæ‰¹æ¬¡çš„è¾“å‡º, ä¸æ»¡batchsizeæ˜¯æ­£å¸¸çš„:
 tensor([[9.9410e-01],
        [1.0000e+00],
        [5.6321e-01],
        [1.4643e-03],
        [1.0000e+00],
        [1.4510e-02],
        [2.0405e-06],
        [6.8996e-02],
        [9.6642e-01],
        [2.3827e-01],
        [1.3765e-02],
        [1.1042e-01]], device='cuda:0', grad_fn=<SigmoidBackward0>)
Epoch [88/100], T_AUC: [4m0.9115[0m
Epoch [88/100], Loss: 59.8100
val_Accuracy: [92m0.7395[0m
val_Precision: [4;34m0.7437[0m,               val_Recall: [4;33m0.7364[0m,                 val_F1 Score: [4;35m0.7326[0m
æ ‡ç­¾é‡Œ1çš„ä¸ªæ•°:  430
æ ‡ç­¾é‡Œ0çš„ä¸ªæ•°:  430
æ€»æ•°:  860
æ­£ç¡®çš„ä¸ªæ•°:  636
Epoch [88/100], V_AUC: [4m0.7406[0m
Epoch [89/100], Loss: 25.4000
train_Accuracy: [91m0.9270[0m
train_Precision: [4;34m0.9383[0m,               train_Recall: [4;33m0.9166[0m,                 train_F1 Score: [4;35m0.9249[0m
æ ‡ç­¾é‡Œ1çš„ä¸ªæ•°:  2150
æ ‡ç­¾é‡Œ0çš„ä¸ªæ•°:  2150
æ€»æ•°:  4300
æ­£ç¡®çš„ä¸ªæ•°:  3986
æœ€åä¸€ä¸ªæ‰¹æ¬¡çš„è¾“å‡º, ä¸æ»¡batchsizeæ˜¯æ­£å¸¸çš„:
 tensor([[9.9353e-01],
        [9.9979e-01],
        [9.8772e-01],
        [2.5440e-03],
        [1.0000e+00],
        [3.9485e-02],
        [4.4514e-05],
        [2.7093e-03],
        [9.9997e-01],
        [8.7989e-01],
        [1.8302e-03],
        [3.7286e-03]], device='cuda:0', grad_fn=<SigmoidBackward0>)
Epoch [89/100], T_AUC: [4m0.9298[0m
Epoch [89/100], Loss: 49.7079
val_Accuracy: [92m0.7302[0m
val_Precision: [4;34m0.7354[0m,               val_Recall: [4;33m0.7236[0m,                 val_F1 Score: [4;35m0.7234[0m
æ ‡ç­¾é‡Œ1çš„ä¸ªæ•°:  430
æ ‡ç­¾é‡Œ0çš„ä¸ªæ•°:  430
æ€»æ•°:  860
æ­£ç¡®çš„ä¸ªæ•°:  628
Epoch [89/100], V_AUC: [4m0.7303[0m
Epoch [90/100], Loss: 21.9453
train_Accuracy: [91m0.9351[0m
train_Precision: [4;34m0.9447[0m,               train_Recall: [4;33m0.9259[0m,                 train_F1 Score: [4;35m0.9331[0m
æ ‡ç­¾é‡Œ1çš„ä¸ªæ•°:  2150
æ ‡ç­¾é‡Œ0çš„ä¸ªæ•°:  2150
æ€»æ•°:  4300
æ­£ç¡®çš„ä¸ªæ•°:  4021
æœ€åä¸€ä¸ªæ‰¹æ¬¡çš„è¾“å‡º, ä¸æ»¡batchsizeæ˜¯æ­£å¸¸çš„:
 tensor([[9.4876e-01],
        [9.9999e-01],
        [9.6060e-01],
        [4.4614e-04],
        [1.0000e+00],
        [1.9343e-02],
        [4.9999e-07],
        [5.4484e-02],
        [9.9553e-01],
        [9.9478e-01],
        [6.6803e-03],
        [2.2874e-02]], device='cuda:0', grad_fn=<SigmoidBackward0>)
Epoch [90/100], T_AUC: [4m0.9369[0m
Epoch [90/100], Loss: 60.3120
val_Accuracy: [92m0.7256[0m
val_Precision: [4;34m0.7154[0m,               val_Recall: [4;33m0.7477[0m,                 val_F1 Score: [4;35m0.7246[0m
æ ‡ç­¾é‡Œ1çš„ä¸ªæ•°:  430
æ ‡ç­¾é‡Œ0çš„ä¸ªæ•°:  430
æ€»æ•°:  860
æ­£ç¡®çš„ä¸ªæ•°:  624
Epoch [90/100], V_AUC: [4m0.7249[0m
Epoch [91/100], Loss: 21.6044
train_Accuracy: [91m0.9388[0m
train_Precision: [4;34m0.9467[0m,               train_Recall: [4;33m0.9303[0m,                 train_F1 Score: [4;35m0.9364[0m
æ ‡ç­¾é‡Œ1çš„ä¸ªæ•°:  2150
æ ‡ç­¾é‡Œ0çš„ä¸ªæ•°:  2150
æ€»æ•°:  4300
æ­£ç¡®çš„ä¸ªæ•°:  4037
æœ€åä¸€ä¸ªæ‰¹æ¬¡çš„è¾“å‡º, ä¸æ»¡batchsizeæ˜¯æ­£å¸¸çš„:
 tensor([[9.7612e-01],
        [1.0000e+00],
        [9.8352e-01],
        [1.0789e-03],
        [1.0000e+00],
        [2.7851e-02],
        [3.5863e-06],
        [4.5427e-04],
        [9.9140e-01],
        [9.9486e-01],
        [2.5526e-02],
        [2.0300e-03]], device='cuda:0', grad_fn=<SigmoidBackward0>)
Epoch [91/100], T_AUC: [4m0.9407[0m
Epoch [91/100], Loss: 63.1857
val_Accuracy: [92m0.7523[0m
val_Precision: [4;34m0.7497[0m,               val_Recall: [4;33m0.7577[0m,                 val_F1 Score: [4;35m0.7479[0m
æ ‡ç­¾é‡Œ1çš„ä¸ªæ•°:  430
æ ‡ç­¾é‡Œ0çš„ä¸ªæ•°:  430
æ€»æ•°:  860
æ­£ç¡®çš„ä¸ªæ•°:  647
Epoch [91/100], V_AUC: [4m0.7505[0m
Epoch [92/100], Loss: 20.5505
train_Accuracy: [91m0.9391[0m
train_Precision: [4;34m0.9480[0m,               train_Recall: [4;33m0.9326[0m,                 train_F1 Score: [4;35m0.9384[0m
æ ‡ç­¾é‡Œ1çš„ä¸ªæ•°:  2150
æ ‡ç­¾é‡Œ0çš„ä¸ªæ•°:  2150
æ€»æ•°:  4300
æ­£ç¡®çš„ä¸ªæ•°:  4038
æœ€åä¸€ä¸ªæ‰¹æ¬¡çš„è¾“å‡º, ä¸æ»¡batchsizeæ˜¯æ­£å¸¸çš„:
 tensor([[9.9114e-01],
        [1.0000e+00],
        [9.9993e-01],
        [5.3942e-04],
        [1.0000e+00],
        [4.7908e-02],
        [2.0026e-06],
        [1.7342e-04],
        [9.3788e-01],
        [7.8802e-01],
        [1.7614e-02],
        [3.2238e-02]], device='cuda:0', grad_fn=<SigmoidBackward0>)
Epoch [92/100], T_AUC: [4m0.9404[0m
Epoch [92/100], Loss: 73.9614
val_Accuracy: [92m0.7419[0m
val_Precision: [4;34m0.7330[0m,               val_Recall: [4;33m0.7531[0m,                 val_F1 Score: [4;35m0.7386[0m
æ ‡ç­¾é‡Œ1çš„ä¸ªæ•°:  430
æ ‡ç­¾é‡Œ0çš„ä¸ªæ•°:  430
æ€»æ•°:  860
æ­£ç¡®çš„ä¸ªæ•°:  638
Epoch [92/100], V_AUC: [4m0.7376[0m
Epoch [93/100], Loss: 23.7961
train_Accuracy: [91m0.9277[0m
train_Precision: [4;34m0.9383[0m,               train_Recall: [4;33m0.9181[0m,                 train_F1 Score: [4;35m0.9258[0m
æ ‡ç­¾é‡Œ1çš„ä¸ªæ•°:  2150
æ ‡ç­¾é‡Œ0çš„ä¸ªæ•°:  2150
æ€»æ•°:  4300
æ­£ç¡®çš„ä¸ªæ•°:  3989
æœ€åä¸€ä¸ªæ‰¹æ¬¡çš„è¾“å‡º, ä¸æ»¡batchsizeæ˜¯æ­£å¸¸çš„:
 tensor([[9.7451e-01],
        [9.9986e-01],
        [9.9548e-01],
        [2.6843e-02],
        [1.0000e+00],
        [3.9567e-02],
        [3.8047e-04],
        [4.7975e-04],
        [9.9623e-01],
        [9.1296e-01],
        [1.2033e-04],
        [3.2471e-02]], device='cuda:0', grad_fn=<SigmoidBackward0>)
Epoch [93/100], T_AUC: [4m0.9298[0m
Epoch [93/100], Loss: 56.4527
val_Accuracy: [92m0.7337[0m
val_Precision: [4;34m0.7379[0m,               val_Recall: [4;33m0.7263[0m,                 val_F1 Score: [4;35m0.7261[0m
æ ‡ç­¾é‡Œ1çš„ä¸ªæ•°:  430
æ ‡ç­¾é‡Œ0çš„ä¸ªæ•°:  430
æ€»æ•°:  860
æ­£ç¡®çš„ä¸ªæ•°:  631
Epoch [93/100], V_AUC: [4m0.7323[0m
Epoch [94/100], Loss: 19.5497
train_Accuracy: [91m0.9451[0m
train_Precision: [4;34m0.9498[0m,               train_Recall: [4;33m0.9413[0m,                 train_F1 Score: [4;35m0.9437[0m
æ ‡ç­¾é‡Œ1çš„ä¸ªæ•°:  2150
æ ‡ç­¾é‡Œ0çš„ä¸ªæ•°:  2150
æ€»æ•°:  4300
æ­£ç¡®çš„ä¸ªæ•°:  4064
æœ€åä¸€ä¸ªæ‰¹æ¬¡çš„è¾“å‡º, ä¸æ»¡batchsizeæ˜¯æ­£å¸¸çš„:
 tensor([[9.9891e-01],
        [9.9998e-01],
        [9.8736e-01],
        [1.2100e-03],
        [1.0000e+00],
        [5.0463e-03],
        [2.1400e-06],
        [1.6284e-03],
        [8.3935e-01],
        [9.9718e-01],
        [2.7487e-03],
        [5.0333e-03]], device='cuda:0', grad_fn=<SigmoidBackward0>)
Epoch [94/100], T_AUC: [4m0.9468[0m
Epoch [94/100], Loss: 60.0852
val_Accuracy: [92m0.7372[0m
val_Precision: [4;34m0.7538[0m,               val_Recall: [4;33m0.7033[0m,                 val_F1 Score: [4;35m0.7224[0m
æ ‡ç­¾é‡Œ1çš„ä¸ªæ•°:  430
æ ‡ç­¾é‡Œ0çš„ä¸ªæ•°:  430
æ€»æ•°:  860
æ­£ç¡®çš„ä¸ªæ•°:  634
Epoch [94/100], V_AUC: [4m0.7351[0m
Epoch [95/100], Loss: 19.6170
train_Accuracy: [91m0.9433[0m
train_Precision: [4;34m0.9497[0m,               train_Recall: [4;33m0.9389[0m,                 train_F1 Score: [4;35m0.9421[0m
æ ‡ç­¾é‡Œ1çš„ä¸ªæ•°:  2150
æ ‡ç­¾é‡Œ0çš„ä¸ªæ•°:  2150
æ€»æ•°:  4300
æ­£ç¡®çš„ä¸ªæ•°:  4056
æœ€åä¸€ä¸ªæ‰¹æ¬¡çš„è¾“å‡º, ä¸æ»¡batchsizeæ˜¯æ­£å¸¸çš„:
 tensor([[9.9732e-01],
        [9.9999e-01],
        [9.2870e-01],
        [4.9253e-04],
        [1.0000e+00],
        [1.4554e-02],
        [3.4630e-04],
        [3.0290e-05],
        [9.9970e-01],
        [9.8108e-01],
        [7.0280e-06],
        [4.3437e-02]], device='cuda:0', grad_fn=<SigmoidBackward0>)
Epoch [95/100], T_AUC: [4m0.9452[0m
Epoch [95/100], Loss: 81.0133
val_Accuracy: [92m0.7360[0m
val_Precision: [4;34m0.7314[0m,               val_Recall: [4;33m0.7439[0m,                 val_F1 Score: [4;35m0.7336[0m
æ ‡ç­¾é‡Œ1çš„ä¸ªæ•°:  430
æ ‡ç­¾é‡Œ0çš„ä¸ªæ•°:  430
æ€»æ•°:  860
æ­£ç¡®çš„ä¸ªæ•°:  633
Epoch [95/100], V_AUC: [4m0.7330[0m
Epoch [96/100], Loss: 22.8166
train_Accuracy: [91m0.9284[0m
train_Precision: [4;34m0.9360[0m,               train_Recall: [4;33m0.9233[0m,                 train_F1 Score: [4;35m0.9271[0m
æ ‡ç­¾é‡Œ1çš„ä¸ªæ•°:  2150
æ ‡ç­¾é‡Œ0çš„ä¸ªæ•°:  2150
æ€»æ•°:  4300
æ­£ç¡®çš„ä¸ªæ•°:  3992
æœ€åä¸€ä¸ªæ‰¹æ¬¡çš„è¾“å‡º, ä¸æ»¡batchsizeæ˜¯æ­£å¸¸çš„:
 tensor([[9.1249e-01],
        [9.9997e-01],
        [9.9998e-01],
        [1.3006e-03],
        [1.0000e+00],
        [1.5502e-02],
        [4.0352e-04],
        [1.2119e-04],
        [9.9995e-01],
        [9.8483e-01],
        [6.7590e-06],
        [6.6653e-03]], device='cuda:0', grad_fn=<SigmoidBackward0>)
Epoch [96/100], T_AUC: [4m0.9312[0m
Epoch [96/100], Loss: 68.1810
val_Accuracy: [92m0.7337[0m
val_Precision: [4;34m0.7339[0m,               val_Recall: [4;33m0.7408[0m,                 val_F1 Score: [4;35m0.7312[0m
æ ‡ç­¾é‡Œ1çš„ä¸ªæ•°:  430
æ ‡ç­¾é‡Œ0çš„ä¸ªæ•°:  430
æ€»æ•°:  860
æ­£ç¡®çš„ä¸ªæ•°:  631
Epoch [96/100], V_AUC: [4m0.7310[0m
Epoch [97/100], Loss: 22.0605
train_Accuracy: [91m0.9319[0m
train_Precision: [4;34m0.9391[0m,               train_Recall: [4;33m0.9266[0m,                 train_F1 Score: [4;35m0.9303[0m
æ ‡ç­¾é‡Œ1çš„ä¸ªæ•°:  2150
æ ‡ç­¾é‡Œ0çš„ä¸ªæ•°:  2150
æ€»æ•°:  4300
æ­£ç¡®çš„ä¸ªæ•°:  4007
æœ€åä¸€ä¸ªæ‰¹æ¬¡çš„è¾“å‡º, ä¸æ»¡batchsizeæ˜¯æ­£å¸¸çš„:
 tensor([[9.9226e-01],
        [9.9980e-01],
        [9.9317e-01],
        [4.7786e-04],
        [1.0000e+00],
        [7.5247e-03],
        [3.0170e-05],
        [1.4682e-03],
        [9.9839e-01],
        [9.0696e-01],
        [3.8567e-04],
        [2.7070e-02]], device='cuda:0', grad_fn=<SigmoidBackward0>)
Epoch [97/100], T_AUC: [4m0.9339[0m
Epoch [97/100], Loss: 71.2835
val_Accuracy: [92m0.7279[0m
val_Precision: [4;34m0.7277[0m,               val_Recall: [4;33m0.7166[0m,                 val_F1 Score: [4;35m0.7164[0m
æ ‡ç­¾é‡Œ1çš„ä¸ªæ•°:  430
æ ‡ç­¾é‡Œ0çš„ä¸ªæ•°:  430
æ€»æ•°:  860
æ­£ç¡®çš„ä¸ªæ•°:  626
Epoch [97/100], V_AUC: [4m0.7235[0m
Epoch [98/100], Loss: 19.5331
train_Accuracy: [91m0.9423[0m
train_Precision: [4;34m0.9541[0m,               train_Recall: [4;33m0.9321[0m,                 train_F1 Score: [4;35m0.9412[0m
æ ‡ç­¾é‡Œ1çš„ä¸ªæ•°:  2150
æ ‡ç­¾é‡Œ0çš„ä¸ªæ•°:  2150
æ€»æ•°:  4300
æ­£ç¡®çš„ä¸ªæ•°:  4052
æœ€åä¸€ä¸ªæ‰¹æ¬¡çš„è¾“å‡º, ä¸æ»¡batchsizeæ˜¯æ­£å¸¸çš„:
 tensor([[9.9975e-01],
        [9.9878e-01],
        [8.5386e-01],
        [4.1025e-05],
        [1.0000e+00],
        [7.8318e-03],
        [1.5813e-01],
        [3.4626e-05],
        [9.9959e-01],
        [9.8074e-01],
        [4.2635e-04],
        [7.6468e-03]], device='cuda:0', grad_fn=<SigmoidBackward0>)
Epoch [98/100], T_AUC: [4m0.9435[0m
Epoch [98/100], Loss: 77.8586
val_Accuracy: [92m0.7291[0m
val_Precision: [4;34m0.7259[0m,               val_Recall: [4;33m0.7462[0m,                 val_F1 Score: [4;35m0.7302[0m
æ ‡ç­¾é‡Œ1çš„ä¸ªæ•°:  430
æ ‡ç­¾é‡Œ0çš„ä¸ªæ•°:  430
æ€»æ•°:  860
æ­£ç¡®çš„ä¸ªæ•°:  627
Epoch [98/100], V_AUC: [4m0.7274[0m
Epoch [99/100], Loss: 18.1350
train_Accuracy: [91m0.9521[0m
train_Precision: [4;34m0.9590[0m,               train_Recall: [4;33m0.9467[0m,                 train_F1 Score: [4;35m0.9514[0m
æ ‡ç­¾é‡Œ1çš„ä¸ªæ•°:  2150
æ ‡ç­¾é‡Œ0çš„ä¸ªæ•°:  2150
æ€»æ•°:  4300
æ­£ç¡®çš„ä¸ªæ•°:  4094
æœ€åä¸€ä¸ªæ‰¹æ¬¡çš„è¾“å‡º, ä¸æ»¡batchsizeæ˜¯æ­£å¸¸çš„:
 tensor([[9.3530e-01],
        [1.0000e+00],
        [9.9763e-01],
        [9.1357e-03],
        [1.0000e+00],
        [5.0222e-02],
        [2.3738e-04],
        [8.2671e-04],
        [9.3944e-01],
        [6.4634e-01],
        [3.6413e-04],
        [8.3321e-03]], device='cuda:0', grad_fn=<SigmoidBackward0>)
Epoch [99/100], T_AUC: [4m0.9535[0m
Epoch [99/100], Loss: 81.0772
val_Accuracy: [92m0.7395[0m
val_Precision: [4;34m0.7377[0m,               val_Recall: [4;33m0.7440[0m,                 val_F1 Score: [4;35m0.7360[0m
æ ‡ç­¾é‡Œ1çš„ä¸ªæ•°:  430
æ ‡ç­¾é‡Œ0çš„ä¸ªæ•°:  430
æ€»æ•°:  860
æ­£ç¡®çš„ä¸ªæ•°:  636
Epoch [99/100], V_AUC: [4m0.7370[0m
Epoch [100/100], Loss: 17.3057
train_Accuracy: [91m0.9516[0m
train_Precision: [4;34m0.9641[0m,               train_Recall: [4;33m0.9390[0m,                 train_F1 Score: [4;35m0.9500[0m
æ ‡ç­¾é‡Œ1çš„ä¸ªæ•°:  2150
æ ‡ç­¾é‡Œ0çš„ä¸ªæ•°:  2150
æ€»æ•°:  4300
æ­£ç¡®çš„ä¸ªæ•°:  4092
æœ€åä¸€ä¸ªæ‰¹æ¬¡çš„è¾“å‡º, ä¸æ»¡batchsizeæ˜¯æ­£å¸¸çš„:
 tensor([[9.9998e-01],
        [9.9847e-01],
        [9.9787e-01],
        [3.2942e-05],
        [1.0000e+00],
        [4.7372e-02],
        [3.8913e-08],
        [3.9289e-03],
        [9.9930e-01],
        [9.9584e-01],
        [6.9934e-07],
        [8.5695e-02]], device='cuda:0', grad_fn=<SigmoidBackward0>)
Epoch [100/100], T_AUC: [4m0.9527[0m
Epoch [100/100], Loss: 72.3862
val_Accuracy: [92m0.7349[0m
val_Precision: [4;34m0.7463[0m,               val_Recall: [4;33m0.7179[0m,                 val_F1 Score: [4;35m0.7269[0m
æ ‡ç­¾é‡Œ1çš„ä¸ªæ•°:  430
æ ‡ç­¾é‡Œ0çš„ä¸ªæ•°:  430
æ€»æ•°:  860
æ­£ç¡®çš„ä¸ªæ•°:  632
Epoch [100/100], V_AUC: [4m0.7344[0m
ç¬¬0æ‰¹ç¬¬2ä¸ª, 100
ç¬¬0æ‰¹ç¬¬15ä¸ª, 100
ç¬¬1æ‰¹ç¬¬0ä¸ª, 100
ç¬¬1æ‰¹ç¬¬29ä¸ª, 100
ç¬¬1æ‰¹ç¬¬30ä¸ª, 100
send email successfully
