2024-06-24-17:16:33
1æ’åº128-0.4
åˆ›å»ºæ¨¡å‹å®ä¾‹
æ¨¡å‹å®ä¾‹åˆ›å»ºå®Œæˆ
åŠ è½½é¢„è®­ç»ƒå‚æ•°
é¢„è®­ç»ƒå‚æ•°åŠ è½½å®Œæˆ
Epoch [1/100], Loss: 60.3590
train_Accuracy: [91m0.8012[0m
train_Precision: [4;34m0.7957[0m,               train_Recall: [4;33m0.8222[0m,                 train_F1 Score: [4;35m0.8027[0m
æ ‡ç­¾é‡Œ1çš„ä¸ªæ•°:  2150
æ ‡ç­¾é‡Œ0çš„ä¸ªæ•°:  2150
æ€»æ•°:  4300
æ­£ç¡®çš„ä¸ªæ•°:  3445
æœ€åä¸€ä¸ªæ‰¹æ¬¡çš„è¾“å‡º, ä¸æ»¡batchsizeæ˜¯æ­£å¸¸çš„:
 tensor([[0.9013],
        [0.8340],
        [0.9696],
        [0.1513],
        [0.6988],
        [0.1804],
        [0.5076],
        [0.4041],
        [0.4877],
        [0.8984],
        [0.0433],
        [0.0694]], device='cuda:0', grad_fn=<SigmoidBackward0>)
Epoch [1/100], T_AUC: [4m0.8077[0m
Epoch [1/100], Loss: 13.5058
val_Accuracy: [92m0.7907[0m
val_Precision: [4;34m0.7841[0m,               val_Recall: [4;33m0.7914[0m,                 val_F1 Score: [4;35m0.7824[0m
æ ‡ç­¾é‡Œ1çš„ä¸ªæ•°:  430
æ ‡ç­¾é‡Œ0çš„ä¸ªæ•°:  430
æ€»æ•°:  860
æ­£ç¡®çš„ä¸ªæ•°:  680
Epoch [1/100], V_AUC: [4m0.7881[0m
Epoch [2/100], Loss: 57.9791
train_Accuracy: [91m0.8123[0m
train_Precision: [4;34m0.8037[0m,               train_Recall: [4;33m0.8339[0m,                 train_F1 Score: [4;35m0.8134[0m
æ ‡ç­¾é‡Œ1çš„ä¸ªæ•°:  2150
æ ‡ç­¾é‡Œ0çš„ä¸ªæ•°:  2150
æ€»æ•°:  4300
æ­£ç¡®çš„ä¸ªæ•°:  3493
æœ€åä¸€ä¸ªæ‰¹æ¬¡çš„è¾“å‡º, ä¸æ»¡batchsizeæ˜¯æ­£å¸¸çš„:
 tensor([[0.9125],
        [0.8280],
        [0.9710],
        [0.1516],
        [0.7432],
        [0.1569],
        [0.4778],
        [0.4593],
        [0.5537],
        [0.8808],
        [0.0404],
        [0.0626]], device='cuda:0', grad_fn=<SigmoidBackward0>)
Epoch [2/100], T_AUC: [4m0.8178[0m
Epoch [2/100], Loss: 13.5745
val_Accuracy: [92m0.7919[0m
val_Precision: [4;34m0.7875[0m,               val_Recall: [4;33m0.7893[0m,                 val_F1 Score: [4;35m0.7833[0m
æ ‡ç­¾é‡Œ1çš„ä¸ªæ•°:  430
æ ‡ç­¾é‡Œ0çš„ä¸ªæ•°:  430
æ€»æ•°:  860
æ­£ç¡®çš„ä¸ªæ•°:  681
Epoch [2/100], V_AUC: [4m0.7889[0m
Epoch [3/100], Loss: 57.4775
train_Accuracy: [91m0.8135[0m
train_Precision: [4;34m0.8058[0m,               train_Recall: [4;33m0.8342[0m,                 train_F1 Score: [4;35m0.8146[0m
æ ‡ç­¾é‡Œ1çš„ä¸ªæ•°:  2150
æ ‡ç­¾é‡Œ0çš„ä¸ªæ•°:  2150
æ€»æ•°:  4300
æ­£ç¡®çš„ä¸ªæ•°:  3498
æœ€åä¸€ä¸ªæ‰¹æ¬¡çš„è¾“å‡º, ä¸æ»¡batchsizeæ˜¯æ­£å¸¸çš„:
 tensor([[0.9076],
        [0.8432],
        [0.9779],
        [0.1470],
        [0.7505],
        [0.1346],
        [0.4380],
        [0.4136],
        [0.5811],
        [0.9018],
        [0.0407],
        [0.0605]], device='cuda:0', grad_fn=<SigmoidBackward0>)
Epoch [3/100], T_AUC: [4m0.8188[0m
Epoch [3/100], Loss: 13.7115
val_Accuracy: [92m0.7860[0m
val_Precision: [4;34m0.7788[0m,               val_Recall: [4;33m0.7865[0m,                 val_F1 Score: [4;35m0.7777[0m
æ ‡ç­¾é‡Œ1çš„ä¸ªæ•°:  430
æ ‡ç­¾é‡Œ0çš„ä¸ªæ•°:  430
æ€»æ•°:  860
æ­£ç¡®çš„ä¸ªæ•°:  676
Epoch [3/100], V_AUC: [4m0.7831[0m
Epoch [4/100], Loss: 56.7900
train_Accuracy: [91m0.8165[0m
train_Precision: [4;34m0.8064[0m,               train_Recall: [4;33m0.8398[0m,                 train_F1 Score: [4;35m0.8179[0m
æ ‡ç­¾é‡Œ1çš„ä¸ªæ•°:  2150
æ ‡ç­¾é‡Œ0çš„ä¸ªæ•°:  2150
æ€»æ•°:  4300
æ­£ç¡®çš„ä¸ªæ•°:  3511
æœ€åä¸€ä¸ªæ‰¹æ¬¡çš„è¾“å‡º, ä¸æ»¡batchsizeæ˜¯æ­£å¸¸çš„:
 tensor([[0.9063],
        [0.8436],
        [0.9808],
        [0.1447],
        [0.7726],
        [0.1362],
        [0.4194],
        [0.4378],
        [0.5573],
        [0.8869],
        [0.0378],
        [0.0676]], device='cuda:0', grad_fn=<SigmoidBackward0>)
Epoch [4/100], T_AUC: [4m0.8216[0m
Epoch [4/100], Loss: 13.8273
val_Accuracy: [92m0.7837[0m
val_Precision: [4;34m0.7819[0m,               val_Recall: [4;33m0.7745[0m,                 val_F1 Score: [4;35m0.7734[0m
æ ‡ç­¾é‡Œ1çš„ä¸ªæ•°:  430
æ ‡ç­¾é‡Œ0çš„ä¸ªæ•°:  430
æ€»æ•°:  860
æ­£ç¡®çš„ä¸ªæ•°:  674
Epoch [4/100], V_AUC: [4m0.7806[0m
Epoch [5/100], Loss: 56.0633
train_Accuracy: [91m0.8212[0m
train_Precision: [4;34m0.8118[0m,               train_Recall: [4;33m0.8434[0m,                 train_F1 Score: [4;35m0.8227[0m
æ ‡ç­¾é‡Œ1çš„ä¸ªæ•°:  2150
æ ‡ç­¾é‡Œ0çš„ä¸ªæ•°:  2150
æ€»æ•°:  4300
æ­£ç¡®çš„ä¸ªæ•°:  3531
æœ€åä¸€ä¸ªæ‰¹æ¬¡çš„è¾“å‡º, ä¸æ»¡batchsizeæ˜¯æ­£å¸¸çš„:
 tensor([[0.9079],
        [0.8381],
        [0.9806],
        [0.1339],
        [0.8044],
        [0.1340],
        [0.3865],
        [0.3809],
        [0.6637],
        [0.8813],
        [0.0439],
        [0.0581]], device='cuda:0', grad_fn=<SigmoidBackward0>)
Epoch [5/100], T_AUC: [4m0.8266[0m
Epoch [5/100], Loss: 13.9215
val_Accuracy: [92m0.7802[0m
val_Precision: [4;34m0.7821[0m,               val_Recall: [4;33m0.7675[0m,                 val_F1 Score: [4;35m0.7685[0m
æ ‡ç­¾é‡Œ1çš„ä¸ªæ•°:  430
æ ‡ç­¾é‡Œ0çš„ä¸ªæ•°:  430
æ€»æ•°:  860
æ­£ç¡®çš„ä¸ªæ•°:  671
Epoch [5/100], V_AUC: [4m0.7773[0m
Epoch [6/100], Loss: 55.7552
train_Accuracy: [91m0.8209[0m
train_Precision: [4;34m0.8115[0m,               train_Recall: [4;33m0.8451[0m,                 train_F1 Score: [4;35m0.8227[0m
æ ‡ç­¾é‡Œ1çš„ä¸ªæ•°:  2150
æ ‡ç­¾é‡Œ0çš„ä¸ªæ•°:  2150
æ€»æ•°:  4300
æ­£ç¡®çš„ä¸ªæ•°:  3530
æœ€åä¸€ä¸ªæ‰¹æ¬¡çš„è¾“å‡º, ä¸æ»¡batchsizeæ˜¯æ­£å¸¸çš„:
 tensor([[0.8719],
        [0.8542],
        [0.9758],
        [0.1414],
        [0.8812],
        [0.1228],
        [0.3977],
        [0.2602],
        [0.6678],
        [0.8831],
        [0.0544],
        [0.0674]], device='cuda:0', grad_fn=<SigmoidBackward0>)
Epoch [6/100], T_AUC: [4m0.8272[0m
Epoch [6/100], Loss: 14.2390
val_Accuracy: [92m0.7826[0m
val_Precision: [4;34m0.7829[0m,               val_Recall: [4;33m0.7721[0m,                 val_F1 Score: [4;35m0.7716[0m
æ ‡ç­¾é‡Œ1çš„ä¸ªæ•°:  430
æ ‡ç­¾é‡Œ0çš„ä¸ªæ•°:  430
æ€»æ•°:  860
æ­£ç¡®çš„ä¸ªæ•°:  673
Epoch [6/100], V_AUC: [4m0.7796[0m
Epoch [7/100], Loss: 55.6840
train_Accuracy: [91m0.8230[0m
train_Precision: [4;34m0.8160[0m,               train_Recall: [4;33m0.8442[0m,                 train_F1 Score: [4;35m0.8246[0m
æ ‡ç­¾é‡Œ1çš„ä¸ªæ•°:  2150
æ ‡ç­¾é‡Œ0çš„ä¸ªæ•°:  2150
æ€»æ•°:  4300
æ­£ç¡®çš„ä¸ªæ•°:  3539
æœ€åä¸€ä¸ªæ‰¹æ¬¡çš„è¾“å‡º, ä¸æ»¡batchsizeæ˜¯æ­£å¸¸çš„:
 tensor([[0.9007],
        [0.8751],
        [0.9837],
        [0.1241],
        [0.8293],
        [0.1138],
        [0.3543],
        [0.2883],
        [0.7007],
        [0.8822],
        [0.0561],
        [0.0526]], device='cuda:0', grad_fn=<SigmoidBackward0>)
Epoch [7/100], T_AUC: [4m0.8292[0m
Epoch [7/100], Loss: 14.1938
val_Accuracy: [92m0.7791[0m
val_Precision: [4;34m0.7797[0m,               val_Recall: [4;33m0.7653[0m,                 val_F1 Score: [4;35m0.7672[0m
æ ‡ç­¾é‡Œ1çš„ä¸ªæ•°:  430
æ ‡ç­¾é‡Œ0çš„ä¸ªæ•°:  430
æ€»æ•°:  860
æ­£ç¡®çš„ä¸ªæ•°:  670
Epoch [7/100], V_AUC: [4m0.7762[0m
Epoch [8/100], Loss: 54.7613
train_Accuracy: [91m0.8277[0m
train_Precision: [4;34m0.8211[0m,               train_Recall: [4;33m0.8482[0m,                 train_F1 Score: [4;35m0.8291[0m
æ ‡ç­¾é‡Œ1çš„ä¸ªæ•°:  2150
æ ‡ç­¾é‡Œ0çš„ä¸ªæ•°:  2150
æ€»æ•°:  4300
æ­£ç¡®çš„ä¸ªæ•°:  3559
æœ€åä¸€ä¸ªæ‰¹æ¬¡çš„è¾“å‡º, ä¸æ»¡batchsizeæ˜¯æ­£å¸¸çš„:
 tensor([[0.8754],
        [0.8905],
        [0.9815],
        [0.1237],
        [0.8226],
        [0.1163],
        [0.3108],
        [0.3936],
        [0.7154],
        [0.8992],
        [0.0494],
        [0.0505]], device='cuda:0', grad_fn=<SigmoidBackward0>)
Epoch [8/100], T_AUC: [4m0.8338[0m
Epoch [8/100], Loss: 14.3139
val_Accuracy: [92m0.7779[0m
val_Precision: [4;34m0.7786[0m,               val_Recall: [4;33m0.7648[0m,                 val_F1 Score: [4;35m0.7659[0m
æ ‡ç­¾é‡Œ1çš„ä¸ªæ•°:  430
æ ‡ç­¾é‡Œ0çš„ä¸ªæ•°:  430
æ€»æ•°:  860
æ­£ç¡®çš„ä¸ªæ•°:  669
Epoch [8/100], V_AUC: [4m0.7746[0m
Epoch [9/100], Loss: 54.2319
train_Accuracy: [91m0.8300[0m
train_Precision: [4;34m0.8201[0m,               train_Recall: [4;33m0.8539[0m,                 train_F1 Score: [4;35m0.8317[0m
æ ‡ç­¾é‡Œ1çš„ä¸ªæ•°:  2150
æ ‡ç­¾é‡Œ0çš„ä¸ªæ•°:  2150
æ€»æ•°:  4300
æ­£ç¡®çš„ä¸ªæ•°:  3569
æœ€åä¸€ä¸ªæ‰¹æ¬¡çš„è¾“å‡º, ä¸æ»¡batchsizeæ˜¯æ­£å¸¸çš„:
 tensor([[0.8869],
        [0.8548],
        [0.9856],
        [0.1251],
        [0.7645],
        [0.1274],
        [0.3902],
        [0.3703],
        [0.6854],
        [0.8816],
        [0.0521],
        [0.0658]], device='cuda:0', grad_fn=<SigmoidBackward0>)
Epoch [9/100], T_AUC: [4m0.8358[0m
Epoch [9/100], Loss: 14.4872
val_Accuracy: [92m0.7814[0m
val_Precision: [4;34m0.7856[0m,               val_Recall: [4;33m0.7691[0m,                 val_F1 Score: [4;35m0.7718[0m
æ ‡ç­¾é‡Œ1çš„ä¸ªæ•°:  430
æ ‡ç­¾é‡Œ0çš„ä¸ªæ•°:  430
æ€»æ•°:  860
æ­£ç¡®çš„ä¸ªæ•°:  672
Epoch [9/100], V_AUC: [4m0.7790[0m
Epoch [10/100], Loss: 53.4404
train_Accuracy: [91m0.8307[0m
train_Precision: [4;34m0.8227[0m,               train_Recall: [4;33m0.8528[0m,                 train_F1 Score: [4;35m0.8323[0m
æ ‡ç­¾é‡Œ1çš„ä¸ªæ•°:  2150
æ ‡ç­¾é‡Œ0çš„ä¸ªæ•°:  2150
æ€»æ•°:  4300
æ­£ç¡®çš„ä¸ªæ•°:  3572
æœ€åä¸€ä¸ªæ‰¹æ¬¡çš„è¾“å‡º, ä¸æ»¡batchsizeæ˜¯æ­£å¸¸çš„:
 tensor([[0.8637],
        [0.9016],
        [0.9854],
        [0.1288],
        [0.8661],
        [0.1211],
        [0.3288],
        [0.2620],
        [0.7165],
        [0.8806],
        [0.0470],
        [0.0576]], device='cuda:0', grad_fn=<SigmoidBackward0>)
Epoch [10/100], T_AUC: [4m0.8364[0m
Epoch [10/100], Loss: 15.0699
val_Accuracy: [92m0.7826[0m
val_Precision: [4;34m0.7840[0m,               val_Recall: [4;33m0.7730[0m,                 val_F1 Score: [4;35m0.7740[0m
æ ‡ç­¾é‡Œ1çš„ä¸ªæ•°:  430
æ ‡ç­¾é‡Œ0çš„ä¸ªæ•°:  430
æ€»æ•°:  860
æ­£ç¡®çš„ä¸ªæ•°:  673
Epoch [10/100], V_AUC: [4m0.7797[0m
Epoch [11/100], Loss: 53.3358
train_Accuracy: [91m0.8321[0m
train_Precision: [4;34m0.8219[0m,               train_Recall: [4;33m0.8550[0m,                 train_F1 Score: [4;35m0.8337[0m
æ ‡ç­¾é‡Œ1çš„ä¸ªæ•°:  2150
æ ‡ç­¾é‡Œ0çš„ä¸ªæ•°:  2150
æ€»æ•°:  4300
æ­£ç¡®çš„ä¸ªæ•°:  3578
æœ€åä¸€ä¸ªæ‰¹æ¬¡çš„è¾“å‡º, ä¸æ»¡batchsizeæ˜¯æ­£å¸¸çš„:
 tensor([[0.8607],
        [0.9192],
        [0.9876],
        [0.1224],
        [0.8520],
        [0.1059],
        [0.3397],
        [0.2690],
        [0.7514],
        [0.8888],
        [0.0414],
        [0.0458]], device='cuda:0', grad_fn=<SigmoidBackward0>)
Epoch [11/100], T_AUC: [4m0.8375[0m
Epoch [11/100], Loss: 15.3999
val_Accuracy: [92m0.7837[0m
val_Precision: [4;34m0.7852[0m,               val_Recall: [4;33m0.7693[0m,                 val_F1 Score: [4;35m0.7725[0m
æ ‡ç­¾é‡Œ1çš„ä¸ªæ•°:  430
æ ‡ç­¾é‡Œ0çš„ä¸ªæ•°:  430
æ€»æ•°:  860
æ­£ç¡®çš„ä¸ªæ•°:  674
Epoch [11/100], V_AUC: [4m0.7801[0m
Epoch [12/100], Loss: 52.6488
train_Accuracy: [91m0.8370[0m
train_Precision: [4;34m0.8261[0m,               train_Recall: [4;33m0.8616[0m,                 train_F1 Score: [4;35m0.8389[0m
æ ‡ç­¾é‡Œ1çš„ä¸ªæ•°:  2150
æ ‡ç­¾é‡Œ0çš„ä¸ªæ•°:  2150
æ€»æ•°:  4300
æ­£ç¡®çš„ä¸ªæ•°:  3599
æœ€åä¸€ä¸ªæ‰¹æ¬¡çš„è¾“å‡º, ä¸æ»¡batchsizeæ˜¯æ­£å¸¸çš„:
 tensor([[0.9041],
        [0.9056],
        [0.9888],
        [0.1075],
        [0.8982],
        [0.0897],
        [0.2903],
        [0.3480],
        [0.7552],
        [0.8505],
        [0.0486],
        [0.0316]], device='cuda:0', grad_fn=<SigmoidBackward0>)
Epoch [12/100], T_AUC: [4m0.8420[0m
Epoch [12/100], Loss: 15.1989
val_Accuracy: [92m0.7884[0m
val_Precision: [4;34m0.7926[0m,               val_Recall: [4;33m0.7663[0m,                 val_F1 Score: [4;35m0.7749[0m
æ ‡ç­¾é‡Œ1çš„ä¸ªæ•°:  430
æ ‡ç­¾é‡Œ0çš„ä¸ªæ•°:  430
æ€»æ•°:  860
æ­£ç¡®çš„ä¸ªæ•°:  678
Epoch [12/100], V_AUC: [4m0.7845[0m
Epoch [13/100], Loss: 51.9155
train_Accuracy: [91m0.8381[0m
train_Precision: [4;34m0.8287[0m,               train_Recall: [4;33m0.8620[0m,                 train_F1 Score: [4;35m0.8398[0m
æ ‡ç­¾é‡Œ1çš„ä¸ªæ•°:  2150
æ ‡ç­¾é‡Œ0çš„ä¸ªæ•°:  2150
æ€»æ•°:  4300
æ­£ç¡®çš„ä¸ªæ•°:  3604
æœ€åä¸€ä¸ªæ‰¹æ¬¡çš„è¾“å‡º, ä¸æ»¡batchsizeæ˜¯æ­£å¸¸çš„:
 tensor([[0.8995],
        [0.8921],
        [0.9914],
        [0.0729],
        [0.8923],
        [0.0936],
        [0.3016],
        [0.2740],
        [0.8599],
        [0.8796],
        [0.0247],
        [0.0506]], device='cuda:0', grad_fn=<SigmoidBackward0>)
Epoch [13/100], T_AUC: [4m0.8442[0m
Epoch [13/100], Loss: 15.6475
val_Accuracy: [92m0.7849[0m
val_Precision: [4;34m0.7887[0m,               val_Recall: [4;33m0.7663[0m,                 val_F1 Score: [4;35m0.7727[0m
æ ‡ç­¾é‡Œ1çš„ä¸ªæ•°:  430
æ ‡ç­¾é‡Œ0çš„ä¸ªæ•°:  430
æ€»æ•°:  860
æ­£ç¡®çš„ä¸ªæ•°:  675
Epoch [13/100], V_AUC: [4m0.7800[0m
Epoch [14/100], Loss: 51.3389
train_Accuracy: [91m0.8391[0m
train_Precision: [4;34m0.8294[0m,               train_Recall: [4;33m0.8639[0m,                 train_F1 Score: [4;35m0.8413[0m
æ ‡ç­¾é‡Œ1çš„ä¸ªæ•°:  2150
æ ‡ç­¾é‡Œ0çš„ä¸ªæ•°:  2150
æ€»æ•°:  4300
æ­£ç¡®çš„ä¸ªæ•°:  3608
æœ€åä¸€ä¸ªæ‰¹æ¬¡çš„è¾“å‡º, ä¸æ»¡batchsizeæ˜¯æ­£å¸¸çš„:
 tensor([[0.8931],
        [0.9416],
        [0.9911],
        [0.1035],
        [0.8450],
        [0.0769],
        [0.2067],
        [0.2978],
        [0.8887],
        [0.8505],
        [0.0326],
        [0.0441]], device='cuda:0', grad_fn=<SigmoidBackward0>)
Epoch [14/100], T_AUC: [4m0.8449[0m
Epoch [14/100], Loss: 15.5554
val_Accuracy: [92m0.7895[0m
val_Precision: [4;34m0.7917[0m,               val_Recall: [4;33m0.7772[0m,                 val_F1 Score: [4;35m0.7800[0m
æ ‡ç­¾é‡Œ1çš„ä¸ªæ•°:  430
æ ‡ç­¾é‡Œ0çš„ä¸ªæ•°:  430
æ€»æ•°:  860
æ­£ç¡®çš„ä¸ªæ•°:  679
Epoch [14/100], V_AUC: [4m0.7861[0m
Epoch [15/100], Loss: 49.8542
train_Accuracy: [91m0.8472[0m
train_Precision: [4;34m0.8383[0m,               train_Recall: [4;33m0.8689[0m,                 train_F1 Score: [4;35m0.8484[0m
æ ‡ç­¾é‡Œ1çš„ä¸ªæ•°:  2150
æ ‡ç­¾é‡Œ0çš„ä¸ªæ•°:  2150
æ€»æ•°:  4300
æ­£ç¡®çš„ä¸ªæ•°:  3643
æœ€åä¸€ä¸ªæ‰¹æ¬¡çš„è¾“å‡º, ä¸æ»¡batchsizeæ˜¯æ­£å¸¸çš„:
 tensor([[0.9002],
        [0.8857],
        [0.9898],
        [0.0621],
        [0.8187],
        [0.0752],
        [0.1903],
        [0.3647],
        [0.9211],
        [0.8734],
        [0.0451],
        [0.0703]], device='cuda:0', grad_fn=<SigmoidBackward0>)
Epoch [15/100], T_AUC: [4m0.8529[0m
Epoch [15/100], Loss: 15.5755
val_Accuracy: [92m0.7884[0m
val_Precision: [4;34m0.7896[0m,               val_Recall: [4;33m0.7744[0m,                 val_F1 Score: [4;35m0.7778[0m
æ ‡ç­¾é‡Œ1çš„ä¸ªæ•°:  430
æ ‡ç­¾é‡Œ0çš„ä¸ªæ•°:  430
æ€»æ•°:  860
æ­£ç¡®çš„ä¸ªæ•°:  678
Epoch [15/100], V_AUC: [4m0.7855[0m
Epoch [16/100], Loss: 49.4302
train_Accuracy: [91m0.8463[0m
train_Precision: [4;34m0.8356[0m,               train_Recall: [4;33m0.8721[0m,                 train_F1 Score: [4;35m0.8481[0m
æ ‡ç­¾é‡Œ1çš„ä¸ªæ•°:  2150
æ ‡ç­¾é‡Œ0çš„ä¸ªæ•°:  2150
æ€»æ•°:  4300
æ­£ç¡®çš„ä¸ªæ•°:  3639
æœ€åä¸€ä¸ªæ‰¹æ¬¡çš„è¾“å‡º, ä¸æ»¡batchsizeæ˜¯æ­£å¸¸çš„:
 tensor([[0.8906],
        [0.9084],
        [0.9931],
        [0.0430],
        [0.9544],
        [0.0551],
        [0.2064],
        [0.2329],
        [0.8193],
        [0.9285],
        [0.0400],
        [0.0536]], device='cuda:0', grad_fn=<SigmoidBackward0>)
Epoch [16/100], T_AUC: [4m0.8523[0m
Epoch [16/100], Loss: 15.8958
val_Accuracy: [92m0.7895[0m
val_Precision: [4;34m0.8019[0m,               val_Recall: [4;33m0.7579[0m,                 val_F1 Score: [4;35m0.7750[0m
æ ‡ç­¾é‡Œ1çš„ä¸ªæ•°:  430
æ ‡ç­¾é‡Œ0çš„ä¸ªæ•°:  430
æ€»æ•°:  860
æ­£ç¡®çš„ä¸ªæ•°:  679
Epoch [16/100], V_AUC: [4m0.7867[0m
Epoch [17/100], Loss: 48.8382
train_Accuracy: [91m0.8472[0m
train_Precision: [4;34m0.8357[0m,               train_Recall: [4;33m0.8741[0m,                 train_F1 Score: [4;35m0.8491[0m
æ ‡ç­¾é‡Œ1çš„ä¸ªæ•°:  2150
æ ‡ç­¾é‡Œ0çš„ä¸ªæ•°:  2150
æ€»æ•°:  4300
æ­£ç¡®çš„ä¸ªæ•°:  3643
æœ€åä¸€ä¸ªæ‰¹æ¬¡çš„è¾“å‡º, ä¸æ»¡batchsizeæ˜¯æ­£å¸¸çš„:
 tensor([[0.8035],
        [0.9305],
        [0.9920],
        [0.0623],
        [0.9623],
        [0.0597],
        [0.1181],
        [0.2599],
        [0.8613],
        [0.8337],
        [0.0477],
        [0.0959]], device='cuda:0', grad_fn=<SigmoidBackward0>)
Epoch [17/100], T_AUC: [4m0.8535[0m
Epoch [17/100], Loss: 16.0226
val_Accuracy: [92m0.7872[0m
val_Precision: [4;34m0.7977[0m,               val_Recall: [4;33m0.7585[0m,                 val_F1 Score: [4;35m0.7735[0m
æ ‡ç­¾é‡Œ1çš„ä¸ªæ•°:  430
æ ‡ç­¾é‡Œ0çš„ä¸ªæ•°:  430
æ€»æ•°:  860
æ­£ç¡®çš„ä¸ªæ•°:  677
Epoch [17/100], V_AUC: [4m0.7844[0m
Epoch [18/100], Loss: 48.1948
train_Accuracy: [91m0.8474[0m
train_Precision: [4;34m0.8398[0m,               train_Recall: [4;33m0.8670[0m,                 train_F1 Score: [4;35m0.8482[0m
æ ‡ç­¾é‡Œ1çš„ä¸ªæ•°:  2150
æ ‡ç­¾é‡Œ0çš„ä¸ªæ•°:  2150
æ€»æ•°:  4300
æ­£ç¡®çš„ä¸ªæ•°:  3644
æœ€åä¸€ä¸ªæ‰¹æ¬¡çš„è¾“å‡º, ä¸æ»¡batchsizeæ˜¯æ­£å¸¸çš„:
 tensor([[0.8235],
        [0.8995],
        [0.9931],
        [0.0758],
        [0.9716],
        [0.0820],
        [0.2791],
        [0.2000],
        [0.8776],
        [0.8838],
        [0.0144],
        [0.0552]], device='cuda:0', grad_fn=<SigmoidBackward0>)
Epoch [18/100], T_AUC: [4m0.8533[0m
Epoch [18/100], Loss: 16.6490
val_Accuracy: [92m0.7895[0m
val_Precision: [4;34m0.7966[0m,               val_Recall: [4;33m0.7646[0m,                 val_F1 Score: [4;35m0.7767[0m
æ ‡ç­¾é‡Œ1çš„ä¸ªæ•°:  430
æ ‡ç­¾é‡Œ0çš„ä¸ªæ•°:  430
æ€»æ•°:  860
æ­£ç¡®çš„ä¸ªæ•°:  679
Epoch [18/100], V_AUC: [4m0.7861[0m
Epoch [19/100], Loss: 47.9001
train_Accuracy: [91m0.8535[0m
train_Precision: [4;34m0.8484[0m,               train_Recall: [4;33m0.8686[0m,                 train_F1 Score: [4;35m0.8535[0m
æ ‡ç­¾é‡Œ1çš„ä¸ªæ•°:  2150
æ ‡ç­¾é‡Œ0çš„ä¸ªæ•°:  2150
æ€»æ•°:  4300
æ­£ç¡®çš„ä¸ªæ•°:  3670
æœ€åä¸€ä¸ªæ‰¹æ¬¡çš„è¾“å‡º, ä¸æ»¡batchsizeæ˜¯æ­£å¸¸çš„:
 tensor([[0.8604],
        [0.9717],
        [0.9940],
        [0.0777],
        [0.9732],
        [0.0624],
        [0.0773],
        [0.1388],
        [0.7912],
        [0.7707],
        [0.0553],
        [0.0986]], device='cuda:0', grad_fn=<SigmoidBackward0>)
Epoch [19/100], T_AUC: [4m0.8590[0m
Epoch [19/100], Loss: 17.2316
val_Accuracy: [92m0.7802[0m
val_Precision: [4;34m0.7915[0m,               val_Recall: [4;33m0.7490[0m,                 val_F1 Score: [4;35m0.7657[0m
æ ‡ç­¾é‡Œ1çš„ä¸ªæ•°:  430
æ ‡ç­¾é‡Œ0çš„ä¸ªæ•°:  430
æ€»æ•°:  860
æ­£ç¡®çš„ä¸ªæ•°:  671
Epoch [19/100], V_AUC: [4m0.7771[0m
Epoch [20/100], Loss: 47.0718
train_Accuracy: [91m0.8530[0m
train_Precision: [4;34m0.8451[0m,               train_Recall: [4;33m0.8722[0m,                 train_F1 Score: [4;35m0.8535[0m
æ ‡ç­¾é‡Œ1çš„ä¸ªæ•°:  2150
æ ‡ç­¾é‡Œ0çš„ä¸ªæ•°:  2150
æ€»æ•°:  4300
æ­£ç¡®çš„ä¸ªæ•°:  3668
æœ€åä¸€ä¸ªæ‰¹æ¬¡çš„è¾“å‡º, ä¸æ»¡batchsizeæ˜¯æ­£å¸¸çš„:
 tensor([[0.8346],
        [0.9435],
        [0.9917],
        [0.0683],
        [0.9892],
        [0.0558],
        [0.2415],
        [0.1724],
        [0.8163],
        [0.8363],
        [0.0165],
        [0.0758]], device='cuda:0', grad_fn=<SigmoidBackward0>)
Epoch [20/100], T_AUC: [4m0.8586[0m
Epoch [20/100], Loss: 17.4713
val_Accuracy: [92m0.7884[0m
val_Precision: [4;34m0.8025[0m,               val_Recall: [4;33m0.7545[0m,                 val_F1 Score: [4;35m0.7737[0m
æ ‡ç­¾é‡Œ1çš„ä¸ªæ•°:  430
æ ‡ç­¾é‡Œ0çš„ä¸ªæ•°:  430
æ€»æ•°:  860
æ­£ç¡®çš„ä¸ªæ•°:  678
Epoch [20/100], V_AUC: [4m0.7861[0m
Epoch [21/100], Loss: 45.8188
train_Accuracy: [91m0.8609[0m
train_Precision: [4;34m0.8534[0m,               train_Recall: [4;33m0.8789[0m,                 train_F1 Score: [4;35m0.8619[0m
æ ‡ç­¾é‡Œ1çš„ä¸ªæ•°:  2150
æ ‡ç­¾é‡Œ0çš„ä¸ªæ•°:  2150
æ€»æ•°:  4300
æ­£ç¡®çš„ä¸ªæ•°:  3702
æœ€åä¸€ä¸ªæ‰¹æ¬¡çš„è¾“å‡º, ä¸æ»¡batchsizeæ˜¯æ­£å¸¸çš„:
 tensor([[0.8839],
        [0.9451],
        [0.9911],
        [0.0742],
        [0.9740],
        [0.0553],
        [0.0883],
        [0.1240],
        [0.8388],
        [0.9187],
        [0.0525],
        [0.0794]], device='cuda:0', grad_fn=<SigmoidBackward0>)
Epoch [21/100], T_AUC: [4m0.8657[0m
Epoch [21/100], Loss: 17.2661
val_Accuracy: [92m0.7907[0m
val_Precision: [4;34m0.8073[0m,               val_Recall: [4;33m0.7505[0m,                 val_F1 Score: [4;35m0.7740[0m
æ ‡ç­¾é‡Œ1çš„ä¸ªæ•°:  430
æ ‡ç­¾é‡Œ0çš„ä¸ªæ•°:  430
æ€»æ•°:  860
æ­£ç¡®çš„ä¸ªæ•°:  680
Epoch [21/100], V_AUC: [4m0.7867[0m
Epoch [22/100], Loss: 45.6346
train_Accuracy: [91m0.8563[0m
train_Precision: [4;34m0.8468[0m,               train_Recall: [4;33m0.8766[0m,                 train_F1 Score: [4;35m0.8572[0m
æ ‡ç­¾é‡Œ1çš„ä¸ªæ•°:  2150
æ ‡ç­¾é‡Œ0çš„ä¸ªæ•°:  2150
æ€»æ•°:  4300
æ­£ç¡®çš„ä¸ªæ•°:  3682
æœ€åä¸€ä¸ªæ‰¹æ¬¡çš„è¾“å‡º, ä¸æ»¡batchsizeæ˜¯æ­£å¸¸çš„:
 tensor([[0.8607],
        [0.9555],
        [0.9948],
        [0.0607],
        [0.9883],
        [0.0312],
        [0.1626],
        [0.0892],
        [0.8961],
        [0.9259],
        [0.0236],
        [0.0400]], device='cuda:0', grad_fn=<SigmoidBackward0>)
Epoch [22/100], T_AUC: [4m0.8611[0m
Epoch [22/100], Loss: 17.7327
val_Accuracy: [92m0.7837[0m
val_Precision: [4;34m0.7918[0m,               val_Recall: [4;33m0.7612[0m,                 val_F1 Score: [4;35m0.7717[0m
æ ‡ç­¾é‡Œ1çš„ä¸ªæ•°:  430
æ ‡ç­¾é‡Œ0çš„ä¸ªæ•°:  430
æ€»æ•°:  860
æ­£ç¡®çš„ä¸ªæ•°:  674
Epoch [22/100], V_AUC: [4m0.7807[0m
Epoch [23/100], Loss: 44.3299
train_Accuracy: [91m0.8672[0m
train_Precision: [4;34m0.8589[0m,               train_Recall: [4;33m0.8866[0m,                 train_F1 Score: [4;35m0.8679[0m
æ ‡ç­¾é‡Œ1çš„ä¸ªæ•°:  2150
æ ‡ç­¾é‡Œ0çš„ä¸ªæ•°:  2150
æ€»æ•°:  4300
æ­£ç¡®çš„ä¸ªæ•°:  3729
æœ€åä¸€ä¸ªæ‰¹æ¬¡çš„è¾“å‡º, ä¸æ»¡batchsizeæ˜¯æ­£å¸¸çš„:
 tensor([[0.8702],
        [0.9417],
        [0.9953],
        [0.0567],
        [0.9934],
        [0.0138],
        [0.0908],
        [0.1622],
        [0.8327],
        [0.9475],
        [0.0242],
        [0.0683]], device='cuda:0', grad_fn=<SigmoidBackward0>)
Epoch [23/100], T_AUC: [4m0.8724[0m
Epoch [23/100], Loss: 18.7184
val_Accuracy: [92m0.7837[0m
val_Precision: [4;34m0.7967[0m,               val_Recall: [4;33m0.7493[0m,                 val_F1 Score: [4;35m0.7686[0m
æ ‡ç­¾é‡Œ1çš„ä¸ªæ•°:  430
æ ‡ç­¾é‡Œ0çš„ä¸ªæ•°:  430
æ€»æ•°:  860
æ­£ç¡®çš„ä¸ªæ•°:  674
Epoch [23/100], V_AUC: [4m0.7807[0m
Epoch [24/100], Loss: 42.0441
train_Accuracy: [91m0.8728[0m
train_Precision: [4;34m0.8640[0m,               train_Recall: [4;33m0.8923[0m,                 train_F1 Score: [4;35m0.8739[0m
æ ‡ç­¾é‡Œ1çš„ä¸ªæ•°:  2150
æ ‡ç­¾é‡Œ0çš„ä¸ªæ•°:  2150
æ€»æ•°:  4300
æ­£ç¡®çš„ä¸ªæ•°:  3753
æœ€åä¸€ä¸ªæ‰¹æ¬¡çš„è¾“å‡º, ä¸æ»¡batchsizeæ˜¯æ­£å¸¸çš„:
 tensor([[0.9012],
        [0.9623],
        [0.9977],
        [0.0358],
        [0.9915],
        [0.0171],
        [0.0321],
        [0.1830],
        [0.9368],
        [0.9302],
        [0.0153],
        [0.0505]], device='cuda:0', grad_fn=<SigmoidBackward0>)
Epoch [24/100], T_AUC: [4m0.8778[0m
Epoch [24/100], Loss: 19.4668
val_Accuracy: [92m0.7930[0m
val_Precision: [4;34m0.8114[0m,               val_Recall: [4;33m0.7518[0m,                 val_F1 Score: [4;35m0.7758[0m
æ ‡ç­¾é‡Œ1çš„ä¸ªæ•°:  430
æ ‡ç­¾é‡Œ0çš„ä¸ªæ•°:  430
æ€»æ•°:  860
æ­£ç¡®çš„ä¸ªæ•°:  682
Epoch [24/100], V_AUC: [4m0.7899[0m
Epoch [25/100], Loss: 42.3485
train_Accuracy: [91m0.8747[0m
train_Precision: [4;34m0.8684[0m,               train_Recall: [4;33m0.8888[0m,                 train_F1 Score: [4;35m0.8746[0m
æ ‡ç­¾é‡Œ1çš„ä¸ªæ•°:  2150
æ ‡ç­¾é‡Œ0çš„ä¸ªæ•°:  2150
æ€»æ•°:  4300
æ­£ç¡®çš„ä¸ªæ•°:  3761
æœ€åä¸€ä¸ªæ‰¹æ¬¡çš„è¾“å‡º, ä¸æ»¡batchsizeæ˜¯æ­£å¸¸çš„:
 tensor([[0.8904],
        [0.9616],
        [0.9951],
        [0.0587],
        [0.9852],
        [0.0305],
        [0.0300],
        [0.1663],
        [0.9531],
        [0.9518],
        [0.0202],
        [0.0496]], device='cuda:0', grad_fn=<SigmoidBackward0>)
Epoch [25/100], T_AUC: [4m0.8791[0m
Epoch [25/100], Loss: 19.1980
val_Accuracy: [92m0.7849[0m
val_Precision: [4;34m0.8042[0m,               val_Recall: [4;33m0.7430[0m,                 val_F1 Score: [4;35m0.7677[0m
æ ‡ç­¾é‡Œ1çš„ä¸ªæ•°:  430
æ ‡ç­¾é‡Œ0çš„ä¸ªæ•°:  430
æ€»æ•°:  860
æ­£ç¡®çš„ä¸ªæ•°:  675
Epoch [25/100], V_AUC: [4m0.7817[0m
Epoch [26/100], Loss: 41.2156
train_Accuracy: [91m0.8747[0m
train_Precision: [4;34m0.8668[0m,               train_Recall: [4;33m0.8925[0m,                 train_F1 Score: [4;35m0.8756[0m
æ ‡ç­¾é‡Œ1çš„ä¸ªæ•°:  2150
æ ‡ç­¾é‡Œ0çš„ä¸ªæ•°:  2150
æ€»æ•°:  4300
æ­£ç¡®çš„ä¸ªæ•°:  3761
æœ€åä¸€ä¸ªæ‰¹æ¬¡çš„è¾“å‡º, ä¸æ»¡batchsizeæ˜¯æ­£å¸¸çš„:
 tensor([[0.8314],
        [0.9626],
        [0.9993],
        [0.0634],
        [0.9721],
        [0.0124],
        [0.0417],
        [0.0731],
        [0.9016],
        [0.9785],
        [0.0228],
        [0.0876]], device='cuda:0', grad_fn=<SigmoidBackward0>)
Epoch [26/100], T_AUC: [4m0.8792[0m
Epoch [26/100], Loss: 18.8697
val_Accuracy: [92m0.7802[0m
val_Precision: [4;34m0.7847[0m,               val_Recall: [4;33m0.7606[0m,                 val_F1 Score: [4;35m0.7678[0m
æ ‡ç­¾é‡Œ1çš„ä¸ªæ•°:  430
æ ‡ç­¾é‡Œ0çš„ä¸ªæ•°:  430
æ€»æ•°:  860
æ­£ç¡®çš„ä¸ªæ•°:  671
Epoch [26/100], V_AUC: [4m0.7768[0m
Epoch [27/100], Loss: 39.9933
train_Accuracy: [91m0.8807[0m
train_Precision: [4;34m0.8724[0m,               train_Recall: [4;33m0.8968[0m,                 train_F1 Score: [4;35m0.8810[0m
æ ‡ç­¾é‡Œ1çš„ä¸ªæ•°:  2150
æ ‡ç­¾é‡Œ0çš„ä¸ªæ•°:  2150
æ€»æ•°:  4300
æ­£ç¡®çš„ä¸ªæ•°:  3787
æœ€åä¸€ä¸ªæ‰¹æ¬¡çš„è¾“å‡º, ä¸æ»¡batchsizeæ˜¯æ­£å¸¸çš„:
 tensor([[0.9240],
        [0.9865],
        [0.9983],
        [0.0612],
        [0.9648],
        [0.0258],
        [0.0330],
        [0.0691],
        [0.9489],
        [0.9642],
        [0.0132],
        [0.0291]], device='cuda:0', grad_fn=<SigmoidBackward0>)
Epoch [27/100], T_AUC: [4m0.8845[0m
Epoch [27/100], Loss: 19.8823
val_Accuracy: [92m0.7779[0m
val_Precision: [4;34m0.7952[0m,               val_Recall: [4;33m0.7350[0m,                 val_F1 Score: [4;35m0.7591[0m
æ ‡ç­¾é‡Œ1çš„ä¸ªæ•°:  430
æ ‡ç­¾é‡Œ0çš„ä¸ªæ•°:  430
æ€»æ•°:  860
æ­£ç¡®çš„ä¸ªæ•°:  669
Epoch [27/100], V_AUC: [4m0.7760[0m
Epoch [28/100], Loss: 38.3887
train_Accuracy: [91m0.8842[0m
train_Precision: [4;34m0.8750[0m,               train_Recall: [4;33m0.8998[0m,                 train_F1 Score: [4;35m0.8839[0m
æ ‡ç­¾é‡Œ1çš„ä¸ªæ•°:  2150
æ ‡ç­¾é‡Œ0çš„ä¸ªæ•°:  2150
æ€»æ•°:  4300
æ­£ç¡®çš„ä¸ªæ•°:  3802
æœ€åä¸€ä¸ªæ‰¹æ¬¡çš„è¾“å‡º, ä¸æ»¡batchsizeæ˜¯æ­£å¸¸çš„:
 tensor([[0.9288],
        [0.9833],
        [0.9964],
        [0.0518],
        [0.9898],
        [0.0121],
        [0.0196],
        [0.0966],
        [0.9549],
        [0.9654],
        [0.0195],
        [0.0329]], device='cuda:0', grad_fn=<SigmoidBackward0>)
Epoch [28/100], T_AUC: [4m0.8882[0m
Epoch [28/100], Loss: 20.3305
val_Accuracy: [92m0.7849[0m
val_Precision: [4;34m0.8004[0m,               val_Recall: [4;33m0.7402[0m,                 val_F1 Score: [4;35m0.7646[0m
æ ‡ç­¾é‡Œ1çš„ä¸ªæ•°:  430
æ ‡ç­¾é‡Œ0çš„ä¸ªæ•°:  430
æ€»æ•°:  860
æ­£ç¡®çš„ä¸ªæ•°:  675
Epoch [28/100], V_AUC: [4m0.7813[0m
Epoch [29/100], Loss: 36.9978
train_Accuracy: [91m0.8870[0m
train_Precision: [4;34m0.8808[0m,               train_Recall: [4;33m0.9004[0m,                 train_F1 Score: [4;35m0.8870[0m
æ ‡ç­¾é‡Œ1çš„ä¸ªæ•°:  2150
æ ‡ç­¾é‡Œ0çš„ä¸ªæ•°:  2150
æ€»æ•°:  4300
æ­£ç¡®çš„ä¸ªæ•°:  3814
æœ€åä¸€ä¸ªæ‰¹æ¬¡çš„è¾“å‡º, ä¸æ»¡batchsizeæ˜¯æ­£å¸¸çš„:
 tensor([[0.9457],
        [0.9875],
        [0.9933],
        [0.0636],
        [0.9943],
        [0.0033],
        [0.2418],
        [0.0801],
        [0.9382],
        [0.9491],
        [0.0095],
        [0.0297]], device='cuda:0', grad_fn=<SigmoidBackward0>)
Epoch [29/100], T_AUC: [4m0.8916[0m
Epoch [29/100], Loss: 20.2436
val_Accuracy: [92m0.7698[0m
val_Precision: [4;34m0.7716[0m,               val_Recall: [4;33m0.7505[0m,                 val_F1 Score: [4;35m0.7555[0m
æ ‡ç­¾é‡Œ1çš„ä¸ªæ•°:  430
æ ‡ç­¾é‡Œ0çš„ä¸ªæ•°:  430
æ€»æ•°:  860
æ­£ç¡®çš„ä¸ªæ•°:  662
Epoch [29/100], V_AUC: [4m0.7681[0m
Epoch [30/100], Loss: 35.4454
train_Accuracy: [91m0.8974[0m
train_Precision: [4;34m0.8915[0m,               train_Recall: [4;33m0.9093[0m,                 train_F1 Score: [4;35m0.8971[0m
æ ‡ç­¾é‡Œ1çš„ä¸ªæ•°:  2150
æ ‡ç­¾é‡Œ0çš„ä¸ªæ•°:  2150
æ€»æ•°:  4300
æ­£ç¡®çš„ä¸ªæ•°:  3859
æœ€åä¸€ä¸ªæ‰¹æ¬¡çš„è¾“å‡º, ä¸æ»¡batchsizeæ˜¯æ­£å¸¸çš„:
 tensor([[0.9562],
        [0.9955],
        [0.9971],
        [0.0507],
        [0.9972],
        [0.0024],
        [0.0195],
        [0.1747],
        [0.9468],
        [0.9377],
        [0.0088],
        [0.0270]], device='cuda:0', grad_fn=<SigmoidBackward0>)
Epoch [30/100], T_AUC: [4m0.9020[0m
Epoch [30/100], Loss: 21.9807
val_Accuracy: [92m0.7756[0m
val_Precision: [4;34m0.7827[0m,               val_Recall: [4;33m0.7487[0m,                 val_F1 Score: [4;35m0.7591[0m
æ ‡ç­¾é‡Œ1çš„ä¸ªæ•°:  430
æ ‡ç­¾é‡Œ0çš„ä¸ªæ•°:  430
æ€»æ•°:  860
æ­£ç¡®çš„ä¸ªæ•°:  667
Epoch [30/100], V_AUC: [4m0.7732[0m
Epoch [31/100], Loss: 37.0480
train_Accuracy: [91m0.8860[0m
train_Precision: [4;34m0.8789[0m,               train_Recall: [4;33m0.9015[0m,                 train_F1 Score: [4;35m0.8868[0m
æ ‡ç­¾é‡Œ1çš„ä¸ªæ•°:  2150
æ ‡ç­¾é‡Œ0çš„ä¸ªæ•°:  2150
æ€»æ•°:  4300
æ­£ç¡®çš„ä¸ªæ•°:  3810
æœ€åä¸€ä¸ªæ‰¹æ¬¡çš„è¾“å‡º, ä¸æ»¡batchsizeæ˜¯æ­£å¸¸çš„:
 tensor([[0.8399],
        [0.9966],
        [0.9982],
        [0.0335],
        [0.9944],
        [0.0041],
        [0.0538],
        [0.2376],
        [0.8004],
        [0.9941],
        [0.0054],
        [0.0222]], device='cuda:0', grad_fn=<SigmoidBackward0>)
Epoch [31/100], T_AUC: [4m0.8903[0m
Epoch [31/100], Loss: 21.2059
val_Accuracy: [92m0.7488[0m
val_Precision: [4;34m0.7376[0m,               val_Recall: [4;33m0.7604[0m,                 val_F1 Score: [4;35m0.7424[0m
æ ‡ç­¾é‡Œ1çš„ä¸ªæ•°:  430
æ ‡ç­¾é‡Œ0çš„ä¸ªæ•°:  430
æ€»æ•°:  860
æ­£ç¡®çš„ä¸ªæ•°:  644
Epoch [31/100], V_AUC: [4m0.7467[0m
Epoch [32/100], Loss: 35.4467
train_Accuracy: [91m0.8940[0m
train_Precision: [4;34m0.8842[0m,               train_Recall: [4;33m0.9104[0m,                 train_F1 Score: [4;35m0.8939[0m
æ ‡ç­¾é‡Œ1çš„ä¸ªæ•°:  2150
æ ‡ç­¾é‡Œ0çš„ä¸ªæ•°:  2150
æ€»æ•°:  4300
æ­£ç¡®çš„ä¸ªæ•°:  3844
æœ€åä¸€ä¸ªæ‰¹æ¬¡çš„è¾“å‡º, ä¸æ»¡batchsizeæ˜¯æ­£å¸¸çš„:
 tensor([[0.8784],
        [0.9956],
        [0.9986],
        [0.0231],
        [0.9967],
        [0.0054],
        [0.0095],
        [0.2656],
        [0.7703],
        [0.9679],
        [0.0067],
        [0.1643]], device='cuda:0', grad_fn=<SigmoidBackward0>)
Epoch [32/100], T_AUC: [4m0.8971[0m
Epoch [32/100], Loss: 20.9838
val_Accuracy: [92m0.7744[0m
val_Precision: [4;34m0.7763[0m,               val_Recall: [4;33m0.7580[0m,                 val_F1 Score: [4;35m0.7621[0m
æ ‡ç­¾é‡Œ1çš„ä¸ªæ•°:  430
æ ‡ç­¾é‡Œ0çš„ä¸ªæ•°:  430
æ€»æ•°:  860
æ­£ç¡®çš„ä¸ªæ•°:  666
Epoch [32/100], V_AUC: [4m0.7724[0m
Epoch [33/100], Loss: 33.4616
train_Accuracy: [91m0.8991[0m
train_Precision: [4;34m0.8923[0m,               train_Recall: [4;33m0.9115[0m,                 train_F1 Score: [4;35m0.8984[0m
æ ‡ç­¾é‡Œ1çš„ä¸ªæ•°:  2150
æ ‡ç­¾é‡Œ0çš„ä¸ªæ•°:  2150
æ€»æ•°:  4300
æ­£ç¡®çš„ä¸ªæ•°:  3866
æœ€åä¸€ä¸ªæ‰¹æ¬¡çš„è¾“å‡º, ä¸æ»¡batchsizeæ˜¯æ­£å¸¸çš„:
 tensor([[0.8909],
        [0.9792],
        [0.9949],
        [0.0536],
        [0.9945],
        [0.0060],
        [0.0186],
        [0.1936],
        [0.9521],
        [0.9908],
        [0.0083],
        [0.0977]], device='cuda:0', grad_fn=<SigmoidBackward0>)
Epoch [33/100], T_AUC: [4m0.9033[0m
Epoch [33/100], Loss: 20.9472
val_Accuracy: [92m0.7605[0m
val_Precision: [4;34m0.7589[0m,               val_Recall: [4;33m0.7553[0m,                 val_F1 Score: [4;35m0.7500[0m
æ ‡ç­¾é‡Œ1çš„ä¸ªæ•°:  430
æ ‡ç­¾é‡Œ0çš„ä¸ªæ•°:  430
æ€»æ•°:  860
æ­£ç¡®çš„ä¸ªæ•°:  654
Epoch [33/100], V_AUC: [4m0.7584[0m
Epoch [34/100], Loss: 31.6658
train_Accuracy: [91m0.9026[0m
train_Precision: [4;34m0.8968[0m,               train_Recall: [4;33m0.9139[0m,                 train_F1 Score: [4;35m0.9021[0m
æ ‡ç­¾é‡Œ1çš„ä¸ªæ•°:  2150
æ ‡ç­¾é‡Œ0çš„ä¸ªæ•°:  2150
æ€»æ•°:  4300
æ­£ç¡®çš„ä¸ªæ•°:  3881
æœ€åä¸€ä¸ªæ‰¹æ¬¡çš„è¾“å‡º, ä¸æ»¡batchsizeæ˜¯æ­£å¸¸çš„:
 tensor([[0.9726],
        [0.9881],
        [0.9985],
        [0.1017],
        [0.9969],
        [0.0078],
        [0.0021],
        [0.1420],
        [0.9295],
        [0.9911],
        [0.0052],
        [0.0150]], device='cuda:0', grad_fn=<SigmoidBackward0>)
Epoch [34/100], T_AUC: [4m0.9061[0m
Epoch [34/100], Loss: 24.3586
val_Accuracy: [92m0.7581[0m
val_Precision: [4;34m0.7524[0m,               val_Recall: [4;33m0.7549[0m,                 val_F1 Score: [4;35m0.7475[0m
æ ‡ç­¾é‡Œ1çš„ä¸ªæ•°:  430
æ ‡ç­¾é‡Œ0çš„ä¸ªæ•°:  430
æ€»æ•°:  860
æ­£ç¡®çš„ä¸ªæ•°:  652
Epoch [34/100], V_AUC: [4m0.7561[0m
Epoch [35/100], Loss: 30.2640
train_Accuracy: [91m0.9088[0m
train_Precision: [4;34m0.9038[0m,               train_Recall: [4;33m0.9191[0m,                 train_F1 Score: [4;35m0.9086[0m
æ ‡ç­¾é‡Œ1çš„ä¸ªæ•°:  2150
æ ‡ç­¾é‡Œ0çš„ä¸ªæ•°:  2150
æ€»æ•°:  4300
æ­£ç¡®çš„ä¸ªæ•°:  3908
æœ€åä¸€ä¸ªæ‰¹æ¬¡çš„è¾“å‡º, ä¸æ»¡batchsizeæ˜¯æ­£å¸¸çš„:
 tensor([[0.9928],
        [0.9882],
        [0.9978],
        [0.0872],
        [0.9944],
        [0.0035],
        [0.0050],
        [0.1472],
        [0.9887],
        [0.9284],
        [0.0023],
        [0.0440]], device='cuda:0', grad_fn=<SigmoidBackward0>)
Epoch [35/100], T_AUC: [4m0.9118[0m
Epoch [35/100], Loss: 22.5965
val_Accuracy: [92m0.7616[0m
val_Precision: [4;34m0.7630[0m,               val_Recall: [4;33m0.7460[0m,                 val_F1 Score: [4;35m0.7483[0m
æ ‡ç­¾é‡Œ1çš„ä¸ªæ•°:  430
æ ‡ç­¾é‡Œ0çš„ä¸ªæ•°:  430
æ€»æ•°:  860
æ­£ç¡®çš„ä¸ªæ•°:  655
Epoch [35/100], V_AUC: [4m0.7584[0m
Epoch [36/100], Loss: 32.4982
train_Accuracy: [91m0.9014[0m
train_Precision: [4;34m0.8951[0m,               train_Recall: [4;33m0.9140[0m,                 train_F1 Score: [4;35m0.9013[0m
æ ‡ç­¾é‡Œ1çš„ä¸ªæ•°:  2150
æ ‡ç­¾é‡Œ0çš„ä¸ªæ•°:  2150
æ€»æ•°:  4300
æ­£ç¡®çš„ä¸ªæ•°:  3876
æœ€åä¸€ä¸ªæ‰¹æ¬¡çš„è¾“å‡º, ä¸æ»¡batchsizeæ˜¯æ­£å¸¸çš„:
 tensor([[0.8386],
        [0.9916],
        [0.9969],
        [0.0215],
        [0.9989],
        [0.0018],
        [0.0120],
        [0.1676],
        [0.9894],
        [0.9812],
        [0.0028],
        [0.1547]], device='cuda:0', grad_fn=<SigmoidBackward0>)
Epoch [36/100], T_AUC: [4m0.9051[0m
Epoch [36/100], Loss: 23.6014
val_Accuracy: [92m0.7686[0m
val_Precision: [4;34m0.7680[0m,               val_Recall: [4;33m0.7529[0m,                 val_F1 Score: [4;35m0.7544[0m
æ ‡ç­¾é‡Œ1çš„ä¸ªæ•°:  430
æ ‡ç­¾é‡Œ0çš„ä¸ªæ•°:  430
æ€»æ•°:  860
æ­£ç¡®çš„ä¸ªæ•°:  661
Epoch [36/100], V_AUC: [4m0.7639[0m
Epoch [37/100], Loss: 29.8452
train_Accuracy: [91m0.9074[0m
train_Precision: [4;34m0.9012[0m,               train_Recall: [4;33m0.9190[0m,                 train_F1 Score: [4;35m0.9068[0m
æ ‡ç­¾é‡Œ1çš„ä¸ªæ•°:  2150
æ ‡ç­¾é‡Œ0çš„ä¸ªæ•°:  2150
æ€»æ•°:  4300
æ­£ç¡®çš„ä¸ªæ•°:  3902
æœ€åä¸€ä¸ªæ‰¹æ¬¡çš„è¾“å‡º, ä¸æ»¡batchsizeæ˜¯æ­£å¸¸çš„:
 tensor([[9.2347e-01],
        [9.9941e-01],
        [9.9929e-01],
        [9.2412e-03],
        [9.9411e-01],
        [1.3327e-03],
        [1.1223e-01],
        [1.6813e-01],
        [9.2997e-01],
        [9.9505e-01],
        [5.1992e-04],
        [1.8431e-02]], device='cuda:0', grad_fn=<SigmoidBackward0>)
Epoch [37/100], T_AUC: [4m0.9112[0m
Epoch [37/100], Loss: 27.4052
val_Accuracy: [92m0.7733[0m
val_Precision: [4;34m0.7911[0m,               val_Recall: [4;33m0.7378[0m,                 val_F1 Score: [4;35m0.7562[0m
æ ‡ç­¾é‡Œ1çš„ä¸ªæ•°:  430
æ ‡ç­¾é‡Œ0çš„ä¸ªæ•°:  430
æ€»æ•°:  860
æ­£ç¡®çš„ä¸ªæ•°:  665
Epoch [37/100], V_AUC: [4m0.7706[0m
Epoch [38/100], Loss: 29.0154
train_Accuracy: [91m0.9149[0m
train_Precision: [4;34m0.9097[0m,               train_Recall: [4;33m0.9233[0m,                 train_F1 Score: [4;35m0.9140[0m
æ ‡ç­¾é‡Œ1çš„ä¸ªæ•°:  2150
æ ‡ç­¾é‡Œ0çš„ä¸ªæ•°:  2150
æ€»æ•°:  4300
æ­£ç¡®çš„ä¸ªæ•°:  3934
æœ€åä¸€ä¸ªæ‰¹æ¬¡çš„è¾“å‡º, ä¸æ»¡batchsizeæ˜¯æ­£å¸¸çš„:
 tensor([[0.9508],
        [0.9958],
        [0.9983],
        [0.0017],
        [0.9992],
        [0.0165],
        [0.0191],
        [0.0824],
        [0.8905],
        [0.9960],
        [0.0197],
        [0.0121]], device='cuda:0', grad_fn=<SigmoidBackward0>)
Epoch [38/100], T_AUC: [4m0.9179[0m
Epoch [38/100], Loss: 24.7985
val_Accuracy: [92m0.7535[0m
val_Precision: [4;34m0.7569[0m,               val_Recall: [4;33m0.7398[0m,                 val_F1 Score: [4;35m0.7405[0m
æ ‡ç­¾é‡Œ1çš„ä¸ªæ•°:  430
æ ‡ç­¾é‡Œ0çš„ä¸ªæ•°:  430
æ€»æ•°:  860
æ­£ç¡®çš„ä¸ªæ•°:  648
Epoch [38/100], V_AUC: [4m0.7505[0m
Epoch [39/100], Loss: 28.5869
train_Accuracy: [91m0.9135[0m
train_Precision: [4;34m0.9076[0m,               train_Recall: [4;33m0.9241[0m,                 train_F1 Score: [4;35m0.9127[0m
æ ‡ç­¾é‡Œ1çš„ä¸ªæ•°:  2150
æ ‡ç­¾é‡Œ0çš„ä¸ªæ•°:  2150
æ€»æ•°:  4300
æ­£ç¡®çš„ä¸ªæ•°:  3928
æœ€åä¸€ä¸ªæ‰¹æ¬¡çš„è¾“å‡º, ä¸æ»¡batchsizeæ˜¯æ­£å¸¸çš„:
 tensor([[0.9221],
        [0.9884],
        [0.9966],
        [0.0380],
        [0.9996],
        [0.0086],
        [0.0101],
        [0.1969],
        [0.9854],
        [0.9933],
        [0.0011],
        [0.0053]], device='cuda:0', grad_fn=<SigmoidBackward0>)
Epoch [39/100], T_AUC: [4m0.9175[0m
Epoch [39/100], Loss: 28.2838
val_Accuracy: [92m0.7547[0m
val_Precision: [4;34m0.7508[0m,               val_Recall: [4;33m0.7607[0m,                 val_F1 Score: [4;35m0.7489[0m
æ ‡ç­¾é‡Œ1çš„ä¸ªæ•°:  430
æ ‡ç­¾é‡Œ0çš„ä¸ªæ•°:  430
æ€»æ•°:  860
æ­£ç¡®çš„ä¸ªæ•°:  649
Epoch [39/100], V_AUC: [4m0.7544[0m
Epoch [40/100], Loss: 28.6214
train_Accuracy: [91m0.9135[0m
train_Precision: [4;34m0.9082[0m,               train_Recall: [4;33m0.9235[0m,                 train_F1 Score: [4;35m0.9128[0m
æ ‡ç­¾é‡Œ1çš„ä¸ªæ•°:  2150
æ ‡ç­¾é‡Œ0çš„ä¸ªæ•°:  2150
æ€»æ•°:  4300
æ­£ç¡®çš„ä¸ªæ•°:  3928
æœ€åä¸€ä¸ªæ‰¹æ¬¡çš„è¾“å‡º, ä¸æ»¡batchsizeæ˜¯æ­£å¸¸çš„:
 tensor([[0.9795],
        [0.9985],
        [0.9957],
        [0.0104],
        [0.9998],
        [0.0032],
        [0.0031],
        [0.1030],
        [0.9362],
        [0.9942],
        [0.0033],
        [0.0094]], device='cuda:0', grad_fn=<SigmoidBackward0>)
Epoch [40/100], T_AUC: [4m0.9174[0m
Epoch [40/100], Loss: 23.7689
val_Accuracy: [92m0.7709[0m
val_Precision: [4;34m0.7776[0m,               val_Recall: [4;33m0.7604[0m,                 val_F1 Score: [4;35m0.7627[0m
æ ‡ç­¾é‡Œ1çš„ä¸ªæ•°:  430
æ ‡ç­¾é‡Œ0çš„ä¸ªæ•°:  430
æ€»æ•°:  860
æ­£ç¡®çš„ä¸ªæ•°:  663
Epoch [40/100], V_AUC: [4m0.7698[0m
Epoch [41/100], Loss: 26.9340
train_Accuracy: [91m0.9177[0m
train_Precision: [4;34m0.9127[0m,               train_Recall: [4;33m0.9278[0m,                 train_F1 Score: [4;35m0.9175[0m
æ ‡ç­¾é‡Œ1çš„ä¸ªæ•°:  2150
æ ‡ç­¾é‡Œ0çš„ä¸ªæ•°:  2150
æ€»æ•°:  4300
æ­£ç¡®çš„ä¸ªæ•°:  3946
æœ€åä¸€ä¸ªæ‰¹æ¬¡çš„è¾“å‡º, ä¸æ»¡batchsizeæ˜¯æ­£å¸¸çš„:
 tensor([[9.9167e-01],
        [9.8874e-01],
        [9.9858e-01],
        [1.0507e-02],
        [9.9917e-01],
        [6.1180e-04],
        [9.0477e-02],
        [1.2383e-01],
        [9.7570e-01],
        [9.7532e-01],
        [7.1297e-04],
        [3.6970e-02]], device='cuda:0', grad_fn=<SigmoidBackward0>)
Epoch [41/100], T_AUC: [4m0.9211[0m
Epoch [41/100], Loss: 24.9626
val_Accuracy: [92m0.7640[0m
val_Precision: [4;34m0.7680[0m,               val_Recall: [4;33m0.7453[0m,                 val_F1 Score: [4;35m0.7516[0m
æ ‡ç­¾é‡Œ1çš„ä¸ªæ•°:  430
æ ‡ç­¾é‡Œ0çš„ä¸ªæ•°:  430
æ€»æ•°:  860
æ­£ç¡®çš„ä¸ªæ•°:  657
Epoch [41/100], V_AUC: [4m0.7622[0m
Epoch [42/100], Loss: 28.2743
train_Accuracy: [91m0.9140[0m
train_Precision: [4;34m0.9111[0m,               train_Recall: [4;33m0.9229[0m,                 train_F1 Score: [4;35m0.9138[0m
æ ‡ç­¾é‡Œ1çš„ä¸ªæ•°:  2150
æ ‡ç­¾é‡Œ0çš„ä¸ªæ•°:  2150
æ€»æ•°:  4300
æ­£ç¡®çš„ä¸ªæ•°:  3930
æœ€åä¸€ä¸ªæ‰¹æ¬¡çš„è¾“å‡º, ä¸æ»¡batchsizeæ˜¯æ­£å¸¸çš„:
 tensor([[9.3531e-01],
        [9.9933e-01],
        [9.9954e-01],
        [2.0181e-02],
        [9.9990e-01],
        [2.3346e-03],
        [5.2041e-02],
        [2.5257e-02],
        [8.1497e-01],
        [9.7620e-01],
        [5.9595e-04],
        [1.8383e-02]], device='cuda:0', grad_fn=<SigmoidBackward0>)
Epoch [42/100], T_AUC: [4m0.9177[0m
Epoch [42/100], Loss: 28.5391
val_Accuracy: [92m0.7616[0m
val_Precision: [4;34m0.7581[0m,               val_Recall: [4;33m0.7683[0m,                 val_F1 Score: [4;35m0.7571[0m
æ ‡ç­¾é‡Œ1çš„ä¸ªæ•°:  430
æ ‡ç­¾é‡Œ0çš„ä¸ªæ•°:  430
æ€»æ•°:  860
æ­£ç¡®çš„ä¸ªæ•°:  655
Epoch [42/100], V_AUC: [4m0.7598[0m
Epoch [43/100], Loss: 26.6742
train_Accuracy: [91m0.9200[0m
train_Precision: [4;34m0.9112[0m,               train_Recall: [4;33m0.9320[0m,                 train_F1 Score: [4;35m0.9191[0m
æ ‡ç­¾é‡Œ1çš„ä¸ªæ•°:  2150
æ ‡ç­¾é‡Œ0çš„ä¸ªæ•°:  2150
æ€»æ•°:  4300
æ­£ç¡®çš„ä¸ªæ•°:  3956
æœ€åä¸€ä¸ªæ‰¹æ¬¡çš„è¾“å‡º, ä¸æ»¡batchsizeæ˜¯æ­£å¸¸çš„:
 tensor([[9.9487e-01],
        [9.9534e-01],
        [9.9952e-01],
        [4.6517e-02],
        [9.9976e-01],
        [9.5162e-04],
        [1.7164e-01],
        [4.3923e-02],
        [8.2305e-01],
        [9.0885e-01],
        [1.6051e-03],
        [5.4864e-03]], device='cuda:0', grad_fn=<SigmoidBackward0>)
Epoch [43/100], T_AUC: [4m0.9230[0m
Epoch [43/100], Loss: 28.1096
val_Accuracy: [92m0.7616[0m
val_Precision: [4;34m0.7603[0m,               val_Recall: [4;33m0.7617[0m,                 val_F1 Score: [4;35m0.7547[0m
æ ‡ç­¾é‡Œ1çš„ä¸ªæ•°:  430
æ ‡ç­¾é‡Œ0çš„ä¸ªæ•°:  430
æ€»æ•°:  860
æ­£ç¡®çš„ä¸ªæ•°:  655
Epoch [43/100], V_AUC: [4m0.7605[0m
Epoch [44/100], Loss: 25.2275
train_Accuracy: [91m0.9230[0m
train_Precision: [4;34m0.9178[0m,               train_Recall: [4;33m0.9315[0m,                 train_F1 Score: [4;35m0.9217[0m
æ ‡ç­¾é‡Œ1çš„ä¸ªæ•°:  2150
æ ‡ç­¾é‡Œ0çš„ä¸ªæ•°:  2150
æ€»æ•°:  4300
æ­£ç¡®çš„ä¸ªæ•°:  3969
æœ€åä¸€ä¸ªæ‰¹æ¬¡çš„è¾“å‡º, ä¸æ»¡batchsizeæ˜¯æ­£å¸¸çš„:
 tensor([[0.9725],
        [0.9976],
        [0.9998],
        [0.0045],
        [0.9999],
        [0.0023],
        [0.0012],
        [0.0712],
        [0.9482],
        [0.9750],
        [0.0121],
        [0.0162]], device='cuda:0', grad_fn=<SigmoidBackward0>)
Epoch [44/100], T_AUC: [4m0.9265[0m
Epoch [44/100], Loss: 29.1631
val_Accuracy: [92m0.7500[0m
val_Precision: [4;34m0.7485[0m,               val_Recall: [4;33m0.7506[0m,                 val_F1 Score: [4;35m0.7447[0m
æ ‡ç­¾é‡Œ1çš„ä¸ªæ•°:  430
æ ‡ç­¾é‡Œ0çš„ä¸ªæ•°:  430
æ€»æ•°:  860
æ­£ç¡®çš„ä¸ªæ•°:  645
Epoch [44/100], V_AUC: [4m0.7479[0m
Epoch [45/100], Loss: 23.8537
train_Accuracy: [91m0.9342[0m
train_Precision: [4;34m0.9300[0m,               train_Recall: [4;33m0.9409[0m,                 train_F1 Score: [4;35m0.9330[0m
æ ‡ç­¾é‡Œ1çš„ä¸ªæ•°:  2150
æ ‡ç­¾é‡Œ0çš„ä¸ªæ•°:  2150
æ€»æ•°:  4300
æ­£ç¡®çš„ä¸ªæ•°:  4017
æœ€åä¸€ä¸ªæ‰¹æ¬¡çš„è¾“å‡º, ä¸æ»¡batchsizeæ˜¯æ­£å¸¸çš„:
 tensor([[9.8758e-01],
        [9.9840e-01],
        [9.9975e-01],
        [1.5223e-02],
        [9.9980e-01],
        [3.4354e-03],
        [6.4368e-04],
        [3.9592e-02],
        [8.9728e-01],
        [9.6808e-01],
        [1.0860e-02],
        [2.8057e-02]], device='cuda:0', grad_fn=<SigmoidBackward0>)
Epoch [45/100], T_AUC: [4m0.9376[0m
Epoch [45/100], Loss: 27.1515
val_Accuracy: [92m0.7558[0m
val_Precision: [4;34m0.7568[0m,               val_Recall: [4;33m0.7436[0m,                 val_F1 Score: [4;35m0.7444[0m
æ ‡ç­¾é‡Œ1çš„ä¸ªæ•°:  430
æ ‡ç­¾é‡Œ0çš„ä¸ªæ•°:  430
æ€»æ•°:  860
æ­£ç¡®çš„ä¸ªæ•°:  650
Epoch [45/100], V_AUC: [4m0.7527[0m
Epoch [46/100], Loss: 22.3435
train_Accuracy: [91m0.9377[0m
train_Precision: [4;34m0.9354[0m,               train_Recall: [4;33m0.9422[0m,                 train_F1 Score: [4;35m0.9364[0m
æ ‡ç­¾é‡Œ1çš„ä¸ªæ•°:  2150
æ ‡ç­¾é‡Œ0çš„ä¸ªæ•°:  2150
æ€»æ•°:  4300
æ­£ç¡®çš„ä¸ªæ•°:  4032
æœ€åä¸€ä¸ªæ‰¹æ¬¡çš„è¾“å‡º, ä¸æ»¡batchsizeæ˜¯æ­£å¸¸çš„:
 tensor([[9.9199e-01],
        [9.9447e-01],
        [9.9962e-01],
        [1.2303e-02],
        [9.9997e-01],
        [1.0365e-03],
        [5.2638e-04],
        [7.7559e-02],
        [9.9841e-01],
        [9.4059e-01],
        [4.3314e-03],
        [5.3360e-03]], device='cuda:0', grad_fn=<SigmoidBackward0>)
Epoch [46/100], T_AUC: [4m0.9410[0m
Epoch [46/100], Loss: 27.6720
val_Accuracy: [92m0.7442[0m
val_Precision: [4;34m0.7435[0m,               val_Recall: [4;33m0.7432[0m,                 val_F1 Score: [4;35m0.7364[0m
æ ‡ç­¾é‡Œ1çš„ä¸ªæ•°:  430
æ ‡ç­¾é‡Œ0çš„ä¸ªæ•°:  430
æ€»æ•°:  860
æ­£ç¡®çš„ä¸ªæ•°:  640
Epoch [46/100], V_AUC: [4m0.7433[0m
Epoch [47/100], Loss: 23.5916
train_Accuracy: [91m0.9321[0m
train_Precision: [4;34m0.9228[0m,               train_Recall: [4;33m0.9456[0m,                 train_F1 Score: [4;35m0.9314[0m
æ ‡ç­¾é‡Œ1çš„ä¸ªæ•°:  2150
æ ‡ç­¾é‡Œ0çš„ä¸ªæ•°:  2150
æ€»æ•°:  4300
æ­£ç¡®çš„ä¸ªæ•°:  4008
æœ€åä¸€ä¸ªæ‰¹æ¬¡çš„è¾“å‡º, ä¸æ»¡batchsizeæ˜¯æ­£å¸¸çš„:
 tensor([[9.7800e-01],
        [9.9784e-01],
        [9.9987e-01],
        [2.8130e-02],
        [9.9934e-01],
        [2.5219e-03],
        [5.8558e-04],
        [2.0884e-02],
        [9.0391e-01],
        [9.9782e-01],
        [4.2651e-03],
        [1.8433e-02]], device='cuda:0', grad_fn=<SigmoidBackward0>)
Epoch [47/100], T_AUC: [4m0.9358[0m
Epoch [47/100], Loss: 31.5833
val_Accuracy: [92m0.7430[0m
val_Precision: [4;34m0.7412[0m,               val_Recall: [4;33m0.7481[0m,                 val_F1 Score: [4;35m0.7381[0m
æ ‡ç­¾é‡Œ1çš„ä¸ªæ•°:  430
æ ‡ç­¾é‡Œ0çš„ä¸ªæ•°:  430
æ€»æ•°:  860
æ­£ç¡®çš„ä¸ªæ•°:  639
Epoch [47/100], V_AUC: [4m0.7403[0m
Epoch [48/100], Loss: 21.2419
train_Accuracy: [91m0.9372[0m
train_Precision: [4;34m0.9316[0m,               train_Recall: [4;33m0.9473[0m,                 train_F1 Score: [4;35m0.9367[0m
æ ‡ç­¾é‡Œ1çš„ä¸ªæ•°:  2150
æ ‡ç­¾é‡Œ0çš„ä¸ªæ•°:  2150
æ€»æ•°:  4300
æ­£ç¡®çš„ä¸ªæ•°:  4030
æœ€åä¸€ä¸ªæ‰¹æ¬¡çš„è¾“å‡º, ä¸æ»¡batchsizeæ˜¯æ­£å¸¸çš„:
 tensor([[9.9446e-01],
        [9.9461e-01],
        [9.9985e-01],
        [1.5499e-02],
        [9.9994e-01],
        [3.6893e-02],
        [3.0148e-04],
        [1.0842e-02],
        [9.2155e-01],
        [9.9277e-01],
        [4.0450e-03],
        [2.2665e-03]], device='cuda:0', grad_fn=<SigmoidBackward0>)
Epoch [48/100], T_AUC: [4m0.9400[0m
Epoch [48/100], Loss: 33.0046
val_Accuracy: [92m0.7593[0m
val_Precision: [4;34m0.7530[0m,               val_Recall: [4;33m0.7623[0m,                 val_F1 Score: [4;35m0.7521[0m
æ ‡ç­¾é‡Œ1çš„ä¸ªæ•°:  430
æ ‡ç­¾é‡Œ0çš„ä¸ªæ•°:  430
æ€»æ•°:  860
æ­£ç¡®çš„ä¸ªæ•°:  653
Epoch [48/100], V_AUC: [4m0.7573[0m
Epoch [49/100], Loss: 20.0470
train_Accuracy: [91m0.9449[0m
train_Precision: [4;34m0.9407[0m,               train_Recall: [4;33m0.9513[0m,                 train_F1 Score: [4;35m0.9437[0m
æ ‡ç­¾é‡Œ1çš„ä¸ªæ•°:  2150
æ ‡ç­¾é‡Œ0çš„ä¸ªæ•°:  2150
æ€»æ•°:  4300
æ­£ç¡®çš„ä¸ªæ•°:  4063
æœ€åä¸€ä¸ªæ‰¹æ¬¡çš„è¾“å‡º, ä¸æ»¡batchsizeæ˜¯æ­£å¸¸çš„:
 tensor([[9.8886e-01],
        [9.9581e-01],
        [9.9976e-01],
        [1.2661e-01],
        [9.9997e-01],
        [3.4642e-03],
        [9.7294e-04],
        [2.1859e-02],
        [8.6895e-01],
        [9.6743e-01],
        [4.2896e-03],
        [5.5804e-03]], device='cuda:0', grad_fn=<SigmoidBackward0>)
Epoch [49/100], T_AUC: [4m0.9483[0m
Epoch [49/100], Loss: 34.2939
val_Accuracy: [92m0.7581[0m
val_Precision: [4;34m0.7499[0m,               val_Recall: [4;33m0.7580[0m,                 val_F1 Score: [4;35m0.7481[0m
æ ‡ç­¾é‡Œ1çš„ä¸ªæ•°:  430
æ ‡ç­¾é‡Œ0çš„ä¸ªæ•°:  430
æ€»æ•°:  860
æ­£ç¡®çš„ä¸ªæ•°:  652
Epoch [49/100], V_AUC: [4m0.7539[0m
Epoch [50/100], Loss: 22.6034
train_Accuracy: [91m0.9333[0m
train_Precision: [4;34m0.9259[0m,               train_Recall: [4;33m0.9444[0m,                 train_F1 Score: [4;35m0.9325[0m
æ ‡ç­¾é‡Œ1çš„ä¸ªæ•°:  2150
æ ‡ç­¾é‡Œ0çš„ä¸ªæ•°:  2150
æ€»æ•°:  4300
æ­£ç¡®çš„ä¸ªæ•°:  4013
æœ€åä¸€ä¸ªæ‰¹æ¬¡çš„è¾“å‡º, ä¸æ»¡batchsizeæ˜¯æ­£å¸¸çš„:
 tensor([[9.8172e-01],
        [9.8243e-01],
        [9.9995e-01],
        [5.8695e-03],
        [9.9998e-01],
        [4.6305e-03],
        [4.8816e-04],
        [2.2870e-02],
        [9.1969e-01],
        [9.8863e-01],
        [7.8730e-03],
        [9.5598e-03]], device='cuda:0', grad_fn=<SigmoidBackward0>)
Epoch [50/100], T_AUC: [4m0.9365[0m
Epoch [50/100], Loss: 38.7293
val_Accuracy: [92m0.7570[0m
val_Precision: [4;34m0.7588[0m,               val_Recall: [4;33m0.7499[0m,                 val_F1 Score: [4;35m0.7478[0m
æ ‡ç­¾é‡Œ1çš„ä¸ªæ•°:  430
æ ‡ç­¾é‡Œ0çš„ä¸ªæ•°:  430
æ€»æ•°:  860
æ­£ç¡®çš„ä¸ªæ•°:  651
Epoch [50/100], V_AUC: [4m0.7549[0m
Epoch [51/100], Loss: 21.8212
train_Accuracy: [91m0.9340[0m
train_Precision: [4;34m0.9270[0m,               train_Recall: [4;33m0.9430[0m,                 train_F1 Score: [4;35m0.9324[0m
æ ‡ç­¾é‡Œ1çš„ä¸ªæ•°:  2150
æ ‡ç­¾é‡Œ0çš„ä¸ªæ•°:  2150
æ€»æ•°:  4300
æ­£ç¡®çš„ä¸ªæ•°:  4016
æœ€åä¸€ä¸ªæ‰¹æ¬¡çš„è¾“å‡º, ä¸æ»¡batchsizeæ˜¯æ­£å¸¸çš„:
 tensor([[9.9074e-01],
        [9.9715e-01],
        [9.9989e-01],
        [4.4110e-03],
        [9.9991e-01],
        [9.4912e-03],
        [4.2968e-04],
        [3.7765e-02],
        [9.4432e-01],
        [9.8465e-01],
        [2.6912e-03],
        [1.1237e-02]], device='cuda:0', grad_fn=<SigmoidBackward0>)
Epoch [51/100], T_AUC: [4m0.9373[0m
Epoch [51/100], Loss: 34.9282
val_Accuracy: [92m0.7349[0m
val_Precision: [4;34m0.7297[0m,               val_Recall: [4;33m0.7362[0m,                 val_F1 Score: [4;35m0.7265[0m
æ ‡ç­¾é‡Œ1çš„ä¸ªæ•°:  430
æ ‡ç­¾é‡Œ0çš„ä¸ªæ•°:  430
æ€»æ•°:  860
æ­£ç¡®çš„ä¸ªæ•°:  632
Epoch [51/100], V_AUC: [4m0.7319[0m
Epoch [52/100], Loss: 23.4636
train_Accuracy: [91m0.9300[0m
train_Precision: [4;34m0.9223[0m,               train_Recall: [4;33m0.9417[0m,                 train_F1 Score: [4;35m0.9293[0m
æ ‡ç­¾é‡Œ1çš„ä¸ªæ•°:  2150
æ ‡ç­¾é‡Œ0çš„ä¸ªæ•°:  2150
æ€»æ•°:  4300
æ­£ç¡®çš„ä¸ªæ•°:  3999
æœ€åä¸€ä¸ªæ‰¹æ¬¡çš„è¾“å‡º, ä¸æ»¡batchsizeæ˜¯æ­£å¸¸çš„:
 tensor([[9.7324e-01],
        [9.9772e-01],
        [9.9985e-01],
        [1.1792e-02],
        [9.9975e-01],
        [4.2354e-03],
        [1.9164e-04],
        [1.8315e-02],
        [9.9840e-01],
        [9.9096e-01],
        [8.4438e-03],
        [5.7041e-03]], device='cuda:0', grad_fn=<SigmoidBackward0>)
Epoch [52/100], T_AUC: [4m0.9332[0m
Epoch [52/100], Loss: 39.8755
val_Accuracy: [92m0.7337[0m
val_Precision: [4;34m0.7223[0m,               val_Recall: [4;33m0.7531[0m,                 val_F1 Score: [4;35m0.7307[0m
æ ‡ç­¾é‡Œ1çš„ä¸ªæ•°:  430
æ ‡ç­¾é‡Œ0çš„ä¸ªæ•°:  430
æ€»æ•°:  860
æ­£ç¡®çš„ä¸ªæ•°:  631
Epoch [52/100], V_AUC: [4m0.7317[0m
Epoch [53/100], Loss: 20.0386
train_Accuracy: [91m0.9449[0m
train_Precision: [4;34m0.9394[0m,               train_Recall: [4;33m0.9520[0m,                 train_F1 Score: [4;35m0.9434[0m
æ ‡ç­¾é‡Œ1çš„ä¸ªæ•°:  2150
æ ‡ç­¾é‡Œ0çš„ä¸ªæ•°:  2150
æ€»æ•°:  4300
æ­£ç¡®çš„ä¸ªæ•°:  4063
æœ€åä¸€ä¸ªæ‰¹æ¬¡çš„è¾“å‡º, ä¸æ»¡batchsizeæ˜¯æ­£å¸¸çš„:
 tensor([[9.8890e-01],
        [9.5661e-01],
        [9.9993e-01],
        [4.8609e-03],
        [9.9993e-01],
        [1.8372e-02],
        [3.9262e-04],
        [1.9882e-02],
        [9.7199e-01],
        [9.9805e-01],
        [6.8826e-03],
        [1.0994e-02]], device='cuda:0', grad_fn=<SigmoidBackward0>)
Epoch [53/100], T_AUC: [4m0.9475[0m
Epoch [53/100], Loss: 33.3048
val_Accuracy: [92m0.7523[0m
val_Precision: [4;34m0.7501[0m,               val_Recall: [4;33m0.7438[0m,                 val_F1 Score: [4;35m0.7424[0m
æ ‡ç­¾é‡Œ1çš„ä¸ªæ•°:  430
æ ‡ç­¾é‡Œ0çš„ä¸ªæ•°:  430
æ€»æ•°:  860
æ­£ç¡®çš„ä¸ªæ•°:  647
Epoch [53/100], V_AUC: [4m0.7480[0m
Epoch [54/100], Loss: 17.3072
train_Accuracy: [91m0.9540[0m
train_Precision: [4;34m0.9487[0m,               train_Recall: [4;33m0.9597[0m,                 train_F1 Score: [4;35m0.9523[0m
æ ‡ç­¾é‡Œ1çš„ä¸ªæ•°:  2150
æ ‡ç­¾é‡Œ0çš„ä¸ªæ•°:  2150
æ€»æ•°:  4300
æ­£ç¡®çš„ä¸ªæ•°:  4102
æœ€åä¸€ä¸ªæ‰¹æ¬¡çš„è¾“å‡º, ä¸æ»¡batchsizeæ˜¯æ­£å¸¸çš„:
 tensor([[9.9349e-01],
        [9.9649e-01],
        [9.9998e-01],
        [8.1569e-03],
        [9.9996e-01],
        [2.2393e-02],
        [3.3927e-04],
        [1.5381e-02],
        [8.0559e-01],
        [9.7048e-01],
        [6.9151e-03],
        [9.1073e-03]], device='cuda:0', grad_fn=<SigmoidBackward0>)
Epoch [54/100], T_AUC: [4m0.9557[0m
Epoch [54/100], Loss: 37.5721
val_Accuracy: [92m0.7500[0m
val_Precision: [4;34m0.7506[0m,               val_Recall: [4;33m0.7454[0m,                 val_F1 Score: [4;35m0.7414[0m
æ ‡ç­¾é‡Œ1çš„ä¸ªæ•°:  430
æ ‡ç­¾é‡Œ0çš„ä¸ªæ•°:  430
æ€»æ•°:  860
æ­£ç¡®çš„ä¸ªæ•°:  645
Epoch [54/100], V_AUC: [4m0.7479[0m
Epoch [55/100], Loss: 15.5218
train_Accuracy: [91m0.9588[0m
train_Precision: [4;34m0.9528[0m,               train_Recall: [4;33m0.9660[0m,                 train_F1 Score: [4;35m0.9577[0m
æ ‡ç­¾é‡Œ1çš„ä¸ªæ•°:  2150
æ ‡ç­¾é‡Œ0çš„ä¸ªæ•°:  2150
æ€»æ•°:  4300
æ­£ç¡®çš„ä¸ªæ•°:  4123
æœ€åä¸€ä¸ªæ‰¹æ¬¡çš„è¾“å‡º, ä¸æ»¡batchsizeæ˜¯æ­£å¸¸çš„:
 tensor([[9.8054e-01],
        [9.6995e-01],
        [9.9994e-01],
        [6.9626e-03],
        [9.9996e-01],
        [4.1451e-03],
        [1.9191e-04],
        [4.4400e-02],
        [9.9898e-01],
        [9.7657e-01],
        [6.8191e-03],
        [7.8755e-03]], device='cuda:0', grad_fn=<SigmoidBackward0>)
Epoch [55/100], T_AUC: [4m0.9604[0m
Epoch [55/100], Loss: 36.2413
val_Accuracy: [92m0.7384[0m
val_Precision: [4;34m0.7360[0m,               val_Recall: [4;33m0.7482[0m,                 val_F1 Score: [4;35m0.7340[0m
æ ‡ç­¾é‡Œ1çš„ä¸ªæ•°:  430
æ ‡ç­¾é‡Œ0çš„ä¸ªæ•°:  430
æ€»æ•°:  860
æ­£ç¡®çš„ä¸ªæ•°:  635
Epoch [55/100], V_AUC: [4m0.7379[0m
Epoch [56/100], Loss: 15.7446
train_Accuracy: [91m0.9584[0m
train_Precision: [4;34m0.9508[0m,               train_Recall: [4;33m0.9678[0m,                 train_F1 Score: [4;35m0.9573[0m
æ ‡ç­¾é‡Œ1çš„ä¸ªæ•°:  2150
æ ‡ç­¾é‡Œ0çš„ä¸ªæ•°:  2150
æ€»æ•°:  4300
æ­£ç¡®çš„ä¸ªæ•°:  4121
æœ€åä¸€ä¸ªæ‰¹æ¬¡çš„è¾“å‡º, ä¸æ»¡batchsizeæ˜¯æ­£å¸¸çš„:
 tensor([[9.9773e-01],
        [9.9399e-01],
        [9.9987e-01],
        [4.5330e-02],
        [9.9999e-01],
        [1.4909e-02],
        [4.4461e-05],
        [1.5869e-03],
        [9.9666e-01],
        [9.6271e-01],
        [5.4766e-03],
        [1.7808e-03]], device='cuda:0', grad_fn=<SigmoidBackward0>)
Epoch [56/100], T_AUC: [4m0.9602[0m
Epoch [56/100], Loss: 46.5331
val_Accuracy: [92m0.7523[0m
val_Precision: [4;34m0.7590[0m,               val_Recall: [4;33m0.7351[0m,                 val_F1 Score: [4;35m0.7398[0m
æ ‡ç­¾é‡Œ1çš„ä¸ªæ•°:  430
æ ‡ç­¾é‡Œ0çš„ä¸ªæ•°:  430
æ€»æ•°:  860
æ­£ç¡®çš„ä¸ªæ•°:  647
Epoch [56/100], V_AUC: [4m0.7505[0m
Epoch [57/100], Loss: 14.3577
train_Accuracy: [91m0.9609[0m
train_Precision: [4;34m0.9572[0m,               train_Recall: [4;33m0.9661[0m,                 train_F1 Score: [4;35m0.9600[0m
æ ‡ç­¾é‡Œ1çš„ä¸ªæ•°:  2150
æ ‡ç­¾é‡Œ0çš„ä¸ªæ•°:  2150
æ€»æ•°:  4300
æ­£ç¡®çš„ä¸ªæ•°:  4132
æœ€åä¸€ä¸ªæ‰¹æ¬¡çš„è¾“å‡º, ä¸æ»¡batchsizeæ˜¯æ­£å¸¸çš„:
 tensor([[9.9569e-01],
        [9.9394e-01],
        [9.9992e-01],
        [1.2263e-02],
        [9.9997e-01],
        [1.8496e-02],
        [5.6977e-05],
        [3.6344e-02],
        [9.1730e-01],
        [9.9792e-01],
        [3.0514e-03],
        [4.4574e-03]], device='cuda:0', grad_fn=<SigmoidBackward0>)
Epoch [57/100], T_AUC: [4m0.9628[0m
Epoch [57/100], Loss: 40.9361
val_Accuracy: [92m0.7407[0m
val_Precision: [4;34m0.7466[0m,               val_Recall: [4;33m0.7348[0m,                 val_F1 Score: [4;35m0.7352[0m
æ ‡ç­¾é‡Œ1çš„ä¸ªæ•°:  430
æ ‡ç­¾é‡Œ0çš„ä¸ªæ•°:  430
æ€»æ•°:  860
æ­£ç¡®çš„ä¸ªæ•°:  637
Epoch [57/100], V_AUC: [4m0.7382[0m
Epoch [58/100], Loss: 15.3895
train_Accuracy: [91m0.9574[0m
train_Precision: [4;34m0.9495[0m,               train_Recall: [4;33m0.9676[0m,                 train_F1 Score: [4;35m0.9566[0m
æ ‡ç­¾é‡Œ1çš„ä¸ªæ•°:  2150
æ ‡ç­¾é‡Œ0çš„ä¸ªæ•°:  2150
æ€»æ•°:  4300
æ­£ç¡®çš„ä¸ªæ•°:  4117
æœ€åä¸€ä¸ªæ‰¹æ¬¡çš„è¾“å‡º, ä¸æ»¡batchsizeæ˜¯æ­£å¸¸çš„:
 tensor([[9.9816e-01],
        [9.7678e-01],
        [9.9994e-01],
        [1.5072e-02],
        [9.9999e-01],
        [6.9269e-05],
        [1.6062e-04],
        [3.5125e-02],
        [9.9723e-01],
        [9.9725e-01],
        [1.0061e-03],
        [9.0776e-03]], device='cuda:0', grad_fn=<SigmoidBackward0>)
Epoch [58/100], T_AUC: [4m0.9602[0m
Epoch [58/100], Loss: 41.6086
val_Accuracy: [92m0.7616[0m
val_Precision: [4;34m0.7813[0m,               val_Recall: [4;33m0.7223[0m,                 val_F1 Score: [4;35m0.7452[0m
æ ‡ç­¾é‡Œ1çš„ä¸ªæ•°:  430
æ ‡ç­¾é‡Œ0çš„ä¸ªæ•°:  430
æ€»æ•°:  860
æ­£ç¡®çš„ä¸ªæ•°:  655
Epoch [58/100], V_AUC: [4m0.7580[0m
Epoch [59/100], Loss: 17.6700
train_Accuracy: [91m0.9488[0m
train_Precision: [4;34m0.9411[0m,               train_Recall: [4;33m0.9599[0m,                 train_F1 Score: [4;35m0.9482[0m
æ ‡ç­¾é‡Œ1çš„ä¸ªæ•°:  2150
æ ‡ç­¾é‡Œ0çš„ä¸ªæ•°:  2150
æ€»æ•°:  4300
æ­£ç¡®çš„ä¸ªæ•°:  4080
æœ€åä¸€ä¸ªæ‰¹æ¬¡çš„è¾“å‡º, ä¸æ»¡batchsizeæ˜¯æ­£å¸¸çš„:
 tensor([[9.9531e-01],
        [9.9359e-01],
        [9.9980e-01],
        [1.7620e-02],
        [1.0000e+00],
        [2.6390e-03],
        [1.7982e-04],
        [5.2973e-03],
        [9.9209e-01],
        [9.8075e-01],
        [9.1574e-03],
        [3.6088e-03]], device='cuda:0', grad_fn=<SigmoidBackward0>)
Epoch [59/100], T_AUC: [4m0.9515[0m
Epoch [59/100], Loss: 39.2165
val_Accuracy: [92m0.7407[0m
val_Precision: [4;34m0.7488[0m,               val_Recall: [4;33m0.7193[0m,                 val_F1 Score: [4;35m0.7287[0m
æ ‡ç­¾é‡Œ1çš„ä¸ªæ•°:  430
æ ‡ç­¾é‡Œ0çš„ä¸ªæ•°:  430
æ€»æ•°:  860
æ­£ç¡®çš„ä¸ªæ•°:  637
Epoch [59/100], V_AUC: [4m0.7389[0m
Epoch [60/100], Loss: 19.4692
train_Accuracy: [91m0.9440[0m
train_Precision: [4;34m0.9363[0m,               train_Recall: [4;33m0.9552[0m,                 train_F1 Score: [4;35m0.9437[0m
æ ‡ç­¾é‡Œ1çš„ä¸ªæ•°:  2150
æ ‡ç­¾é‡Œ0çš„ä¸ªæ•°:  2150
æ€»æ•°:  4300
æ­£ç¡®çš„ä¸ªæ•°:  4059
æœ€åä¸€ä¸ªæ‰¹æ¬¡çš„è¾“å‡º, ä¸æ»¡batchsizeæ˜¯æ­£å¸¸çš„:
 tensor([[9.9590e-01],
        [9.9478e-01],
        [9.9955e-01],
        [7.1704e-02],
        [9.9999e-01],
        [2.2123e-03],
        [4.8498e-05],
        [5.5317e-02],
        [9.7813e-01],
        [9.9185e-01],
        [5.1032e-04],
        [2.3891e-02]], device='cuda:0', grad_fn=<SigmoidBackward0>)
Epoch [60/100], T_AUC: [4m0.9462[0m
Epoch [60/100], Loss: 38.4307
val_Accuracy: [92m0.7558[0m
val_Precision: [4;34m0.7709[0m,               val_Recall: [4;33m0.7251[0m,                 val_F1 Score: [4;35m0.7413[0m
æ ‡ç­¾é‡Œ1çš„ä¸ªæ•°:  430
æ ‡ç­¾é‡Œ0çš„ä¸ªæ•°:  430
æ€»æ•°:  860
æ­£ç¡®çš„ä¸ªæ•°:  650
Epoch [60/100], V_AUC: [4m0.7517[0m
Epoch [61/100], Loss: 20.3468
train_Accuracy: [91m0.9416[0m
train_Precision: [4;34m0.9316[0m,               train_Recall: [4;33m0.9543[0m,                 train_F1 Score: [4;35m0.9405[0m
æ ‡ç­¾é‡Œ1çš„ä¸ªæ•°:  2150
æ ‡ç­¾é‡Œ0çš„ä¸ªæ•°:  2150
æ€»æ•°:  4300
æ­£ç¡®çš„ä¸ªæ•°:  4049
æœ€åä¸€ä¸ªæ‰¹æ¬¡çš„è¾“å‡º, ä¸æ»¡batchsizeæ˜¯æ­£å¸¸çš„:
 tensor([[9.9717e-01],
        [9.6630e-01],
        [9.9989e-01],
        [1.4584e-02],
        [1.0000e+00],
        [1.1661e-03],
        [7.2718e-05],
        [3.4029e-01],
        [9.3576e-01],
        [9.6652e-01],
        [1.0427e-03],
        [4.8563e-02]], device='cuda:0', grad_fn=<SigmoidBackward0>)
Epoch [61/100], T_AUC: [4m0.9446[0m
Epoch [61/100], Loss: 37.5294
val_Accuracy: [92m0.7302[0m
val_Precision: [4;34m0.7313[0m,               val_Recall: [4;33m0.7288[0m,                 val_F1 Score: [4;35m0.7241[0m
æ ‡ç­¾é‡Œ1çš„ä¸ªæ•°:  430
æ ‡ç­¾é‡Œ0çš„ä¸ªæ•°:  430
æ€»æ•°:  860
æ­£ç¡®çš„ä¸ªæ•°:  628
Epoch [61/100], V_AUC: [4m0.7284[0m
Epoch [62/100], Loss: 17.5171
train_Accuracy: [91m0.9519[0m
train_Precision: [4;34m0.9459[0m,               train_Recall: [4;33m0.9601[0m,                 train_F1 Score: [4;35m0.9509[0m
æ ‡ç­¾é‡Œ1çš„ä¸ªæ•°:  2150
æ ‡ç­¾é‡Œ0çš„ä¸ªæ•°:  2150
æ€»æ•°:  4300
æ­£ç¡®çš„ä¸ªæ•°:  4093
æœ€åä¸€ä¸ªæ‰¹æ¬¡çš„è¾“å‡º, ä¸æ»¡batchsizeæ˜¯æ­£å¸¸çš„:
 tensor([[9.8937e-01],
        [9.9158e-01],
        [9.9999e-01],
        [1.1950e-01],
        [9.9999e-01],
        [1.2630e-02],
        [1.1025e-05],
        [3.2337e-03],
        [9.8171e-01],
        [9.8836e-01],
        [1.1488e-03],
        [4.8693e-02]], device='cuda:0', grad_fn=<SigmoidBackward0>)
Epoch [62/100], T_AUC: [4m0.9544[0m
Epoch [62/100], Loss: 44.6477
val_Accuracy: [92m0.7279[0m
val_Precision: [4;34m0.7251[0m,               val_Recall: [4;33m0.7412[0m,                 val_F1 Score: [4;35m0.7255[0m
æ ‡ç­¾é‡Œ1çš„ä¸ªæ•°:  430
æ ‡ç­¾é‡Œ0çš„ä¸ªæ•°:  430
æ€»æ•°:  860
æ­£ç¡®çš„ä¸ªæ•°:  626
Epoch [62/100], V_AUC: [4m0.7276[0m
Epoch [63/100], Loss: 15.6357
train_Accuracy: [91m0.9551[0m
train_Precision: [4;34m0.9473[0m,               train_Recall: [4;33m0.9648[0m,                 train_F1 Score: [4;35m0.9544[0m
æ ‡ç­¾é‡Œ1çš„ä¸ªæ•°:  2150
æ ‡ç­¾é‡Œ0çš„ä¸ªæ•°:  2150
æ€»æ•°:  4300
æ­£ç¡®çš„ä¸ªæ•°:  4107
æœ€åä¸€ä¸ªæ‰¹æ¬¡çš„è¾“å‡º, ä¸æ»¡batchsizeæ˜¯æ­£å¸¸çš„:
 tensor([[9.9777e-01],
        [9.9648e-01],
        [9.9998e-01],
        [4.1820e-02],
        [9.9996e-01],
        [2.9603e-03],
        [4.8232e-05],
        [4.8765e-03],
        [9.2236e-01],
        [9.9568e-01],
        [2.2830e-04],
        [8.7105e-02]], device='cuda:0', grad_fn=<SigmoidBackward0>)
Epoch [63/100], T_AUC: [4m0.9571[0m
Epoch [63/100], Loss: 43.7241
val_Accuracy: [92m0.7477[0m
val_Precision: [4;34m0.7505[0m,               val_Recall: [4;33m0.7349[0m,                 val_F1 Score: [4;35m0.7376[0m
æ ‡ç­¾é‡Œ1çš„ä¸ªæ•°:  430
æ ‡ç­¾é‡Œ0çš„ä¸ªæ•°:  430
æ€»æ•°:  860
æ­£ç¡®çš„ä¸ªæ•°:  643
Epoch [63/100], V_AUC: [4m0.7450[0m
Epoch [64/100], Loss: 15.2994
train_Accuracy: [91m0.9609[0m
train_Precision: [4;34m0.9530[0m,               train_Recall: [4;33m0.9709[0m,                 train_F1 Score: [4;35m0.9603[0m
æ ‡ç­¾é‡Œ1çš„ä¸ªæ•°:  2150
æ ‡ç­¾é‡Œ0çš„ä¸ªæ•°:  2150
æ€»æ•°:  4300
æ­£ç¡®çš„ä¸ªæ•°:  4132
æœ€åä¸€ä¸ªæ‰¹æ¬¡çš„è¾“å‡º, ä¸æ»¡batchsizeæ˜¯æ­£å¸¸çš„:
 tensor([[9.9268e-01],
        [9.9776e-01],
        [9.9997e-01],
        [7.5842e-03],
        [9.9997e-01],
        [8.3485e-02],
        [3.3453e-05],
        [2.4778e-02],
        [9.9573e-01],
        [9.0799e-01],
        [2.4215e-04],
        [1.2083e-02]], device='cuda:0', grad_fn=<SigmoidBackward0>)
Epoch [64/100], T_AUC: [4m0.9630[0m
Epoch [64/100], Loss: 41.7806
val_Accuracy: [92m0.7500[0m
val_Precision: [4;34m0.7516[0m,               val_Recall: [4;33m0.7446[0m,                 val_F1 Score: [4;35m0.7425[0m
æ ‡ç­¾é‡Œ1çš„ä¸ªæ•°:  430
æ ‡ç­¾é‡Œ0çš„ä¸ªæ•°:  430
æ€»æ•°:  860
æ­£ç¡®çš„ä¸ªæ•°:  645
Epoch [64/100], V_AUC: [4m0.7470[0m
Epoch [65/100], Loss: 15.1861
train_Accuracy: [91m0.9577[0m
train_Precision: [4;34m0.9530[0m,               train_Recall: [4;33m0.9652[0m,                 train_F1 Score: [4;35m0.9576[0m
æ ‡ç­¾é‡Œ1çš„ä¸ªæ•°:  2150
æ ‡ç­¾é‡Œ0çš„ä¸ªæ•°:  2150
æ€»æ•°:  4300
æ­£ç¡®çš„ä¸ªæ•°:  4118
æœ€åä¸€ä¸ªæ‰¹æ¬¡çš„è¾“å‡º, ä¸æ»¡batchsizeæ˜¯æ­£å¸¸çš„:
 tensor([[9.9373e-01],
        [9.7155e-01],
        [9.9995e-01],
        [2.0542e-02],
        [1.0000e+00],
        [1.1758e-02],
        [4.2478e-05],
        [1.4127e-02],
        [9.8139e-01],
        [9.9716e-01],
        [4.6547e-04],
        [3.2352e-02]], device='cuda:0', grad_fn=<SigmoidBackward0>)
Epoch [65/100], T_AUC: [4m0.9591[0m
Epoch [65/100], Loss: 41.0150
val_Accuracy: [92m0.7558[0m
val_Precision: [4;34m0.7666[0m,               val_Recall: [4;33m0.7359[0m,                 val_F1 Score: [4;35m0.7438[0m
æ ‡ç­¾é‡Œ1çš„ä¸ªæ•°:  430
æ ‡ç­¾é‡Œ0çš„ä¸ªæ•°:  430
æ€»æ•°:  860
æ­£ç¡®çš„ä¸ªæ•°:  650
Epoch [65/100], V_AUC: [4m0.7529[0m
Epoch [66/100], Loss: 13.8859
train_Accuracy: [91m0.9640[0m
train_Precision: [4;34m0.9557[0m,               train_Recall: [4;33m0.9730[0m,                 train_F1 Score: [4;35m0.9629[0m
æ ‡ç­¾é‡Œ1çš„ä¸ªæ•°:  2150
æ ‡ç­¾é‡Œ0çš„ä¸ªæ•°:  2150
æ€»æ•°:  4300
æ­£ç¡®çš„ä¸ªæ•°:  4145
æœ€åä¸€ä¸ªæ‰¹æ¬¡çš„è¾“å‡º, ä¸æ»¡batchsizeæ˜¯æ­£å¸¸çš„:
 tensor([[9.9861e-01],
        [9.9019e-01],
        [9.9992e-01],
        [9.6650e-03],
        [9.9999e-01],
        [1.2662e-01],
        [3.3329e-06],
        [1.6333e-03],
        [8.9113e-01],
        [9.9442e-01],
        [2.0818e-02],
        [4.0695e-02]], device='cuda:0', grad_fn=<SigmoidBackward0>)
Epoch [66/100], T_AUC: [4m0.9657[0m
Epoch [66/100], Loss: 36.0267
val_Accuracy: [92m0.7337[0m
val_Precision: [4;34m0.7332[0m,               val_Recall: [4;33m0.7251[0m,                 val_F1 Score: [4;35m0.7245[0m
æ ‡ç­¾é‡Œ1çš„ä¸ªæ•°:  430
æ ‡ç­¾é‡Œ0çš„ä¸ªæ•°:  430
æ€»æ•°:  860
æ­£ç¡®çš„ä¸ªæ•°:  631
Epoch [66/100], V_AUC: [4m0.7316[0m
Epoch [67/100], Loss: 12.7549
train_Accuracy: [91m0.9667[0m
train_Precision: [4;34m0.9574[0m,               train_Recall: [4;33m0.9775[0m,                 train_F1 Score: [4;35m0.9658[0m
æ ‡ç­¾é‡Œ1çš„ä¸ªæ•°:  2150
æ ‡ç­¾é‡Œ0çš„ä¸ªæ•°:  2150
æ€»æ•°:  4300
æ­£ç¡®çš„ä¸ªæ•°:  4157
æœ€åä¸€ä¸ªæ‰¹æ¬¡çš„è¾“å‡º, ä¸æ»¡batchsizeæ˜¯æ­£å¸¸çš„:
 tensor([[9.9772e-01],
        [9.8281e-01],
        [9.9998e-01],
        [5.0128e-03],
        [1.0000e+00],
        [2.7665e-03],
        [3.0554e-03],
        [3.2156e-03],
        [9.8380e-01],
        [9.9504e-01],
        [2.0821e-04],
        [2.6650e-03]], device='cuda:0', grad_fn=<SigmoidBackward0>)
Epoch [67/100], T_AUC: [4m0.9688[0m
Epoch [67/100], Loss: 43.2173
val_Accuracy: [92m0.7477[0m
val_Precision: [4;34m0.7526[0m,               val_Recall: [4;33m0.7315[0m,                 val_F1 Score: [4;35m0.7362[0m
æ ‡ç­¾é‡Œ1çš„ä¸ªæ•°:  430
æ ‡ç­¾é‡Œ0çš„ä¸ªæ•°:  430
æ€»æ•°:  860
æ­£ç¡®çš„ä¸ªæ•°:  643
Epoch [67/100], V_AUC: [4m0.7441[0m
Epoch [68/100], Loss: 13.0584
train_Accuracy: [91m0.9667[0m
train_Precision: [4;34m0.9582[0m,               train_Recall: [4;33m0.9769[0m,                 train_F1 Score: [4;35m0.9661[0m
æ ‡ç­¾é‡Œ1çš„ä¸ªæ•°:  2150
æ ‡ç­¾é‡Œ0çš„ä¸ªæ•°:  2150
æ€»æ•°:  4300
æ­£ç¡®çš„ä¸ªæ•°:  4157
æœ€åä¸€ä¸ªæ‰¹æ¬¡çš„è¾“å‡º, ä¸æ»¡batchsizeæ˜¯æ­£å¸¸çš„:
 tensor([[9.9775e-01],
        [9.8388e-01],
        [9.9993e-01],
        [1.5233e-02],
        [1.0000e+00],
        [6.5814e-04],
        [3.5703e-03],
        [2.5216e-02],
        [9.7544e-01],
        [9.8751e-01],
        [9.1509e-05],
        [6.3013e-03]], device='cuda:0', grad_fn=<SigmoidBackward0>)
Epoch [68/100], T_AUC: [4m0.9678[0m
Epoch [68/100], Loss: 51.8775
val_Accuracy: [92m0.7535[0m
val_Precision: [4;34m0.7714[0m,               val_Recall: [4;33m0.7252[0m,                 val_F1 Score: [4;35m0.7390[0m
æ ‡ç­¾é‡Œ1çš„ä¸ªæ•°:  430
æ ‡ç­¾é‡Œ0çš„ä¸ªæ•°:  430
æ€»æ•°:  860
æ­£ç¡®çš„ä¸ªæ•°:  648
Epoch [68/100], V_AUC: [4m0.7497[0m
Epoch [69/100], Loss: 14.3039
train_Accuracy: [91m0.9595[0m
train_Precision: [4;34m0.9538[0m,               train_Recall: [4;33m0.9681[0m,                 train_F1 Score: [4;35m0.9592[0m
æ ‡ç­¾é‡Œ1çš„ä¸ªæ•°:  2150
æ ‡ç­¾é‡Œ0çš„ä¸ªæ•°:  2150
æ€»æ•°:  4300
æ­£ç¡®çš„ä¸ªæ•°:  4126
æœ€åä¸€ä¸ªæ‰¹æ¬¡çš„è¾“å‡º, ä¸æ»¡batchsizeæ˜¯æ­£å¸¸çš„:
 tensor([[9.9333e-01],
        [9.8858e-01],
        [9.9998e-01],
        [1.5591e-01],
        [9.9999e-01],
        [1.3149e-01],
        [4.8488e-06],
        [5.2511e-03],
        [8.9069e-01],
        [9.8832e-01],
        [1.0459e-03],
        [3.6651e-02]], device='cuda:0', grad_fn=<SigmoidBackward0>)
Epoch [69/100], T_AUC: [4m0.9613[0m
Epoch [69/100], Loss: 36.3928
val_Accuracy: [92m0.7326[0m
val_Precision: [4;34m0.7457[0m,               val_Recall: [4;33m0.7041[0m,                 val_F1 Score: [4;35m0.7175[0m
æ ‡ç­¾é‡Œ1çš„ä¸ªæ•°:  430
æ ‡ç­¾é‡Œ0çš„ä¸ªæ•°:  430
æ€»æ•°:  860
æ­£ç¡®çš„ä¸ªæ•°:  630
Epoch [69/100], V_AUC: [4m0.7310[0m
Epoch [70/100], Loss: 21.8810
train_Accuracy: [91m0.9367[0m
train_Precision: [4;34m0.9284[0m,               train_Recall: [4;33m0.9495[0m,                 train_F1 Score: [4;35m0.9363[0m
æ ‡ç­¾é‡Œ1çš„ä¸ªæ•°:  2150
æ ‡ç­¾é‡Œ0çš„ä¸ªæ•°:  2150
æ€»æ•°:  4300
æ­£ç¡®çš„ä¸ªæ•°:  4028
æœ€åä¸€ä¸ªæ‰¹æ¬¡çš„è¾“å‡º, ä¸æ»¡batchsizeæ˜¯æ­£å¸¸çš„:
 tensor([[9.9519e-01],
        [9.9910e-01],
        [9.9998e-01],
        [1.1582e-02],
        [9.9997e-01],
        [1.1936e-03],
        [4.6501e-05],
        [6.1599e-02],
        [9.3916e-01],
        [9.8530e-01],
        [5.6920e-04],
        [5.4344e-02]], device='cuda:0', grad_fn=<SigmoidBackward0>)
Epoch [70/100], T_AUC: [4m0.9397[0m
Epoch [70/100], Loss: 54.3667
val_Accuracy: [92m0.7558[0m
val_Precision: [4;34m0.7500[0m,               val_Recall: [4;33m0.7518[0m,                 val_F1 Score: [4;35m0.7470[0m
æ ‡ç­¾é‡Œ1çš„ä¸ªæ•°:  430
æ ‡ç­¾é‡Œ0çš„ä¸ªæ•°:  430
æ€»æ•°:  860
æ­£ç¡®çš„ä¸ªæ•°:  650
Epoch [70/100], V_AUC: [4m0.7539[0m
Epoch [71/100], Loss: 16.2134
train_Accuracy: [91m0.9542[0m
train_Precision: [4;34m0.9451[0m,               train_Recall: [4;33m0.9660[0m,                 train_F1 Score: [4;35m0.9534[0m
æ ‡ç­¾é‡Œ1çš„ä¸ªæ•°:  2150
æ ‡ç­¾é‡Œ0çš„ä¸ªæ•°:  2150
æ€»æ•°:  4300
æ­£ç¡®çš„ä¸ªæ•°:  4103
æœ€åä¸€ä¸ªæ‰¹æ¬¡çš„è¾“å‡º, ä¸æ»¡batchsizeæ˜¯æ­£å¸¸çš„:
 tensor([[9.9755e-01],
        [9.9827e-01],
        [9.9995e-01],
        [4.6143e-02],
        [9.9742e-01],
        [4.7570e-03],
        [2.9972e-05],
        [7.5051e-02],
        [8.9568e-01],
        [9.9994e-01],
        [1.2656e-04],
        [2.3137e-02]], device='cuda:0', grad_fn=<SigmoidBackward0>)
Epoch [71/100], T_AUC: [4m0.9570[0m
Epoch [71/100], Loss: 44.6405
val_Accuracy: [92m0.7372[0m
val_Precision: [4;34m0.7343[0m,               val_Recall: [4;33m0.7339[0m,                 val_F1 Score: [4;35m0.7283[0m
æ ‡ç­¾é‡Œ1çš„ä¸ªæ•°:  430
æ ‡ç­¾é‡Œ0çš„ä¸ªæ•°:  430
æ€»æ•°:  860
æ­£ç¡®çš„ä¸ªæ•°:  634
Epoch [71/100], V_AUC: [4m0.7335[0m
Epoch [72/100], Loss: 13.4757
train_Accuracy: [91m0.9633[0m
train_Precision: [4;34m0.9550[0m,               train_Recall: [4;33m0.9722[0m,                 train_F1 Score: [4;35m0.9621[0m
æ ‡ç­¾é‡Œ1çš„ä¸ªæ•°:  2150
æ ‡ç­¾é‡Œ0çš„ä¸ªæ•°:  2150
æ€»æ•°:  4300
æ­£ç¡®çš„ä¸ªæ•°:  4142
æœ€åä¸€ä¸ªæ‰¹æ¬¡çš„è¾“å‡º, ä¸æ»¡batchsizeæ˜¯æ­£å¸¸çš„:
 tensor([[9.9774e-01],
        [9.9611e-01],
        [1.0000e+00],
        [1.0159e-02],
        [9.9713e-01],
        [1.1727e-02],
        [1.3923e-04],
        [4.1427e-02],
        [9.8684e-01],
        [9.9871e-01],
        [2.3541e-05],
        [2.1665e-02]], device='cuda:0', grad_fn=<SigmoidBackward0>)
Epoch [72/100], T_AUC: [4m0.9652[0m
Epoch [72/100], Loss: 41.5592
val_Accuracy: [92m0.7151[0m
val_Precision: [4;34m0.7084[0m,               val_Recall: [4;33m0.7267[0m,                 val_F1 Score: [4;35m0.7118[0m
æ ‡ç­¾é‡Œ1çš„ä¸ªæ•°:  430
æ ‡ç­¾é‡Œ0çš„ä¸ªæ•°:  430
æ€»æ•°:  860
æ­£ç¡®çš„ä¸ªæ•°:  615
Epoch [72/100], V_AUC: [4m0.7132[0m
Epoch [73/100], Loss: 10.1427
train_Accuracy: [91m0.9772[0m
train_Precision: [4;34m0.9712[0m,               train_Recall: [4;33m0.9839[0m,                 train_F1 Score: [4;35m0.9767[0m
æ ‡ç­¾é‡Œ1çš„ä¸ªæ•°:  2150
æ ‡ç­¾é‡Œ0çš„ä¸ªæ•°:  2150
æ€»æ•°:  4300
æ­£ç¡®çš„ä¸ªæ•°:  4202
æœ€åä¸€ä¸ªæ‰¹æ¬¡çš„è¾“å‡º, ä¸æ»¡batchsizeæ˜¯æ­£å¸¸çš„:
 tensor([[9.9923e-01],
        [9.9686e-01],
        [1.0000e+00],
        [2.6159e-03],
        [9.9993e-01],
        [5.7939e-03],
        [7.6762e-05],
        [1.0436e-01],
        [9.6124e-01],
        [9.9655e-01],
        [8.7719e-05],
        [5.0252e-03]], device='cuda:0', grad_fn=<SigmoidBackward0>)
Epoch [73/100], T_AUC: [4m0.9782[0m
Epoch [73/100], Loss: 47.9849
val_Accuracy: [92m0.7547[0m
val_Precision: [4;34m0.7652[0m,               val_Recall: [4;33m0.7245[0m,                 val_F1 Score: [4;35m0.7406[0m
æ ‡ç­¾é‡Œ1çš„ä¸ªæ•°:  430
æ ‡ç­¾é‡Œ0çš„ä¸ªæ•°:  430
æ€»æ•°:  860
æ­£ç¡®çš„ä¸ªæ•°:  649
Epoch [73/100], V_AUC: [4m0.7498[0m
Epoch [74/100], Loss: 8.1374
train_Accuracy: [91m0.9835[0m
train_Precision: [4;34m0.9811[0m,               train_Recall: [4;33m0.9866[0m,                 train_F1 Score: [4;35m0.9830[0m
æ ‡ç­¾é‡Œ1çš„ä¸ªæ•°:  2150
æ ‡ç­¾é‡Œ0çš„ä¸ªæ•°:  2150
æ€»æ•°:  4300
æ­£ç¡®çš„ä¸ªæ•°:  4229
æœ€åä¸€ä¸ªæ‰¹æ¬¡çš„è¾“å‡º, ä¸æ»¡batchsizeæ˜¯æ­£å¸¸çš„:
 tensor([[9.9979e-01],
        [9.9135e-01],
        [1.0000e+00],
        [3.2949e-03],
        [9.9996e-01],
        [3.6807e-03],
        [5.4999e-05],
        [3.0511e-02],
        [9.9086e-01],
        [9.9240e-01],
        [1.6305e-04],
        [1.3663e-02]], device='cuda:0', grad_fn=<SigmoidBackward0>)
Epoch [74/100], T_AUC: [4m0.9843[0m
Epoch [74/100], Loss: 45.4459
val_Accuracy: [92m0.7512[0m
val_Precision: [4;34m0.7665[0m,               val_Recall: [4;33m0.7143[0m,                 val_F1 Score: [4;35m0.7355[0m
æ ‡ç­¾é‡Œ1çš„ä¸ªæ•°:  430
æ ‡ç­¾é‡Œ0çš„ä¸ªæ•°:  430
æ€»æ•°:  860
æ­£ç¡®çš„ä¸ªæ•°:  646
Epoch [74/100], V_AUC: [4m0.7484[0m
Epoch [75/100], Loss: 7.7124
train_Accuracy: [91m0.9840[0m
train_Precision: [4;34m0.9786[0m,               train_Recall: [4;33m0.9894[0m,                 train_F1 Score: [4;35m0.9833[0m
æ ‡ç­¾é‡Œ1çš„ä¸ªæ•°:  2150
æ ‡ç­¾é‡Œ0çš„ä¸ªæ•°:  2150
æ€»æ•°:  4300
æ­£ç¡®çš„ä¸ªæ•°:  4231
æœ€åä¸€ä¸ªæ‰¹æ¬¡çš„è¾“å‡º, ä¸æ»¡batchsizeæ˜¯æ­£å¸¸çš„:
 tensor([[9.8650e-01],
        [9.9590e-01],
        [1.0000e+00],
        [2.6038e-03],
        [9.9954e-01],
        [1.9119e-02],
        [5.4113e-05],
        [8.4347e-02],
        [9.7207e-01],
        [9.9960e-01],
        [1.3631e-04],
        [9.6540e-03]], device='cuda:0', grad_fn=<SigmoidBackward0>)
Epoch [75/100], T_AUC: [4m0.9852[0m
Epoch [75/100], Loss: 51.4372
val_Accuracy: [92m0.7384[0m
val_Precision: [4;34m0.7478[0m,               val_Recall: [4;33m0.7148[0m,                 val_F1 Score: [4;35m0.7264[0m
æ ‡ç­¾é‡Œ1çš„ä¸ªæ•°:  430
æ ‡ç­¾é‡Œ0çš„ä¸ªæ•°:  430
æ€»æ•°:  860
æ­£ç¡®çš„ä¸ªæ•°:  635
Epoch [75/100], V_AUC: [4m0.7348[0m
Epoch [76/100], Loss: 6.9954
train_Accuracy: [91m0.9867[0m
train_Precision: [4;34m0.9824[0m,               train_Recall: [4;33m0.9914[0m,                 train_F1 Score: [4;35m0.9864[0m
æ ‡ç­¾é‡Œ1çš„ä¸ªæ•°:  2150
æ ‡ç­¾é‡Œ0çš„ä¸ªæ•°:  2150
æ€»æ•°:  4300
æ­£ç¡®çš„ä¸ªæ•°:  4243
æœ€åä¸€ä¸ªæ‰¹æ¬¡çš„è¾“å‡º, ä¸æ»¡batchsizeæ˜¯æ­£å¸¸çš„:
 tensor([[9.9912e-01],
        [9.9726e-01],
        [1.0000e+00],
        [4.1018e-03],
        [9.9998e-01],
        [1.2017e-03],
        [2.3584e-04],
        [6.0421e-02],
        [9.8926e-01],
        [9.8443e-01],
        [9.0939e-05],
        [2.2661e-03]], device='cuda:0', grad_fn=<SigmoidBackward0>)
Epoch [76/100], T_AUC: [4m0.9872[0m
Epoch [76/100], Loss: 49.5303
val_Accuracy: [92m0.7535[0m
val_Precision: [4;34m0.7669[0m,               val_Recall: [4;33m0.7238[0m,                 val_F1 Score: [4;35m0.7398[0m
æ ‡ç­¾é‡Œ1çš„ä¸ªæ•°:  430
æ ‡ç­¾é‡Œ0çš„ä¸ªæ•°:  430
æ€»æ•°:  860
æ­£ç¡®çš„ä¸ªæ•°:  648
Epoch [76/100], V_AUC: [4m0.7498[0m
Epoch [77/100], Loss: 6.2683
train_Accuracy: [91m0.9886[0m
train_Precision: [4;34m0.9851[0m,               train_Recall: [4;33m0.9923[0m,                 train_F1 Score: [4;35m0.9882[0m
æ ‡ç­¾é‡Œ1çš„ä¸ªæ•°:  2150
æ ‡ç­¾é‡Œ0çš„ä¸ªæ•°:  2150
æ€»æ•°:  4300
æ­£ç¡®çš„ä¸ªæ•°:  4251
æœ€åä¸€ä¸ªæ‰¹æ¬¡çš„è¾“å‡º, ä¸æ»¡batchsizeæ˜¯æ­£å¸¸çš„:
 tensor([[9.9559e-01],
        [9.9807e-01],
        [9.9999e-01],
        [2.1585e-03],
        [9.9994e-01],
        [1.1287e-02],
        [2.3032e-04],
        [2.2866e-02],
        [9.8053e-01],
        [9.9823e-01],
        [1.0177e-04],
        [1.6717e-02]], device='cuda:0', grad_fn=<SigmoidBackward0>)
Epoch [77/100], T_AUC: [4m0.9893[0m
Epoch [77/100], Loss: 49.2868
val_Accuracy: [92m0.7465[0m
val_Precision: [4;34m0.7683[0m,               val_Recall: [4;33m0.7052[0m,                 val_F1 Score: [4;35m0.7278[0m
æ ‡ç­¾é‡Œ1çš„ä¸ªæ•°:  430
æ ‡ç­¾é‡Œ0çš„ä¸ªæ•°:  430
æ€»æ•°:  860
æ­£ç¡®çš„ä¸ªæ•°:  642
Epoch [77/100], V_AUC: [4m0.7444[0m
Epoch [78/100], Loss: 7.6112
train_Accuracy: [91m0.9837[0m
train_Precision: [4;34m0.9775[0m,               train_Recall: [4;33m0.9902[0m,                 train_F1 Score: [4;35m0.9831[0m
æ ‡ç­¾é‡Œ1çš„ä¸ªæ•°:  2150
æ ‡ç­¾é‡Œ0çš„ä¸ªæ•°:  2150
æ€»æ•°:  4300
æ­£ç¡®çš„ä¸ªæ•°:  4230
æœ€åä¸€ä¸ªæ‰¹æ¬¡çš„è¾“å‡º, ä¸æ»¡batchsizeæ˜¯æ­£å¸¸çš„:
 tensor([[9.9977e-01],
        [9.9652e-01],
        [1.0000e+00],
        [2.0030e-03],
        [9.9976e-01],
        [2.1242e-02],
        [3.2335e-05],
        [2.7703e-02],
        [9.9731e-01],
        [9.9733e-01],
        [1.4850e-05],
        [1.2361e-02]], device='cuda:0', grad_fn=<SigmoidBackward0>)
Epoch [78/100], T_AUC: [4m0.9847[0m
Epoch [78/100], Loss: 49.2617
val_Accuracy: [92m0.7372[0m
val_Precision: [4;34m0.7517[0m,               val_Recall: [4;33m0.7060[0m,                 val_F1 Score: [4;35m0.7229[0m
æ ‡ç­¾é‡Œ1çš„ä¸ªæ•°:  430
æ ‡ç­¾é‡Œ0çš„ä¸ªæ•°:  430
æ€»æ•°:  860
æ­£ç¡®çš„ä¸ªæ•°:  634
Epoch [78/100], V_AUC: [4m0.7354[0m
Epoch [79/100], Loss: 21.1773
train_Accuracy: [91m0.9377[0m
train_Precision: [4;34m0.9266[0m,               train_Recall: [4;33m0.9545[0m,                 train_F1 Score: [4;35m0.9380[0m
æ ‡ç­¾é‡Œ1çš„ä¸ªæ•°:  2150
æ ‡ç­¾é‡Œ0çš„ä¸ªæ•°:  2150
æ€»æ•°:  4300
æ­£ç¡®çš„ä¸ªæ•°:  4032
æœ€åä¸€ä¸ªæ‰¹æ¬¡çš„è¾“å‡º, ä¸æ»¡batchsizeæ˜¯æ­£å¸¸çš„:
 tensor([[9.9600e-01],
        [9.9940e-01],
        [9.9999e-01],
        [4.7972e-04],
        [9.9630e-01],
        [4.0902e-03],
        [6.4502e-04],
        [2.6493e-02],
        [9.9800e-01],
        [9.9415e-01],
        [5.8604e-05],
        [9.2007e-02]], device='cuda:0', grad_fn=<SigmoidBackward0>)
Epoch [79/100], T_AUC: [4m0.9409[0m
Epoch [79/100], Loss: 46.8753
val_Accuracy: [92m0.7453[0m
val_Precision: [4;34m0.7572[0m,               val_Recall: [4;33m0.7244[0m,                 val_F1 Score: [4;35m0.7333[0m
æ ‡ç­¾é‡Œ1çš„ä¸ªæ•°:  430
æ ‡ç­¾é‡Œ0çš„ä¸ªæ•°:  430
æ€»æ•°:  860
æ­£ç¡®çš„ä¸ªæ•°:  641
Epoch [79/100], V_AUC: [4m0.7436[0m
Epoch [80/100], Loss: 34.8767
train_Accuracy: [91m0.8949[0m
train_Precision: [4;34m0.8812[0m,               train_Recall: [4;33m0.9167[0m,                 train_F1 Score: [4;35m0.8953[0m
æ ‡ç­¾é‡Œ1çš„ä¸ªæ•°:  2150
æ ‡ç­¾é‡Œ0çš„ä¸ªæ•°:  2150
æ€»æ•°:  4300
æ­£ç¡®çš„ä¸ªæ•°:  3848
æœ€åä¸€ä¸ªæ‰¹æ¬¡çš„è¾“å‡º, ä¸æ»¡batchsizeæ˜¯æ­£å¸¸çš„:
 tensor([[7.3659e-01],
        [9.8969e-01],
        [9.9921e-01],
        [7.2179e-04],
        [9.9954e-01],
        [2.3744e-01],
        [5.2200e-03],
        [4.1740e-01],
        [9.8538e-01],
        [9.9893e-01],
        [3.8887e-04],
        [7.4806e-02]], device='cuda:0', grad_fn=<SigmoidBackward0>)
Epoch [80/100], T_AUC: [4m0.8985[0m
Epoch [80/100], Loss: 37.0933
val_Accuracy: [92m0.7128[0m
val_Precision: [4;34m0.6963[0m,               val_Recall: [4;33m0.7547[0m,                 val_F1 Score: [4;35m0.7194[0m
æ ‡ç­¾é‡Œ1çš„ä¸ªæ•°:  430
æ ‡ç­¾é‡Œ0çš„ä¸ªæ•°:  430
æ€»æ•°:  860
æ­£ç¡®çš„ä¸ªæ•°:  613
Epoch [80/100], V_AUC: [4m0.7130[0m
Epoch [81/100], Loss: 23.6720
train_Accuracy: [91m0.9272[0m
train_Precision: [4;34m0.9155[0m,               train_Recall: [4;33m0.9433[0m,                 train_F1 Score: [4;35m0.9265[0m
æ ‡ç­¾é‡Œ1çš„ä¸ªæ•°:  2150
æ ‡ç­¾é‡Œ0çš„ä¸ªæ•°:  2150
æ€»æ•°:  4300
æ­£ç¡®çš„ä¸ªæ•°:  3987
æœ€åä¸€ä¸ªæ‰¹æ¬¡çš„è¾“å‡º, ä¸æ»¡batchsizeæ˜¯æ­£å¸¸çš„:
 tensor([[9.9543e-01],
        [9.8262e-01],
        [1.0000e+00],
        [3.2146e-03],
        [9.9987e-01],
        [3.6386e-03],
        [9.0134e-04],
        [4.9580e-03],
        [8.3971e-01],
        [9.9948e-01],
        [2.2882e-04],
        [1.2686e-01]], device='cuda:0', grad_fn=<SigmoidBackward0>)
Epoch [81/100], T_AUC: [4m0.9303[0m
Epoch [81/100], Loss: 37.9770
val_Accuracy: [92m0.7349[0m
val_Precision: [4;34m0.7419[0m,               val_Recall: [4;33m0.7177[0m,                 val_F1 Score: [4;35m0.7247[0m
æ ‡ç­¾é‡Œ1çš„ä¸ªæ•°:  430
æ ‡ç­¾é‡Œ0çš„ä¸ªæ•°:  430
æ€»æ•°:  860
æ­£ç¡®çš„ä¸ªæ•°:  632
Epoch [81/100], V_AUC: [4m0.7323[0m
Epoch [82/100], Loss: 15.3928
train_Accuracy: [91m0.9570[0m
train_Precision: [4;34m0.9456[0m,               train_Recall: [4;33m0.9700[0m,                 train_F1 Score: [4;35m0.9560[0m
æ ‡ç­¾é‡Œ1çš„ä¸ªæ•°:  2150
æ ‡ç­¾é‡Œ0çš„ä¸ªæ•°:  2150
æ€»æ•°:  4300
æ­£ç¡®çš„ä¸ªæ•°:  4115
æœ€åä¸€ä¸ªæ‰¹æ¬¡çš„è¾“å‡º, ä¸æ»¡batchsizeæ˜¯æ­£å¸¸çš„:
 tensor([[9.8497e-01],
        [9.7248e-01],
        [1.0000e+00],
        [3.0008e-03],
        [9.9770e-01],
        [4.4301e-03],
        [3.9713e-04],
        [1.1266e-02],
        [9.9973e-01],
        [9.9858e-01],
        [2.3438e-04],
        [2.6206e-02]], device='cuda:0', grad_fn=<SigmoidBackward0>)
Epoch [82/100], T_AUC: [4m0.9589[0m
Epoch [82/100], Loss: 38.5088
val_Accuracy: [92m0.7244[0m
val_Precision: [4;34m0.7226[0m,               val_Recall: [4;33m0.7190[0m,                 val_F1 Score: [4;35m0.7163[0m
æ ‡ç­¾é‡Œ1çš„ä¸ªæ•°:  430
æ ‡ç­¾é‡Œ0çš„ä¸ªæ•°:  430
æ€»æ•°:  860
æ­£ç¡®çš„ä¸ªæ•°:  623
Epoch [82/100], V_AUC: [4m0.7206[0m
Epoch [83/100], Loss: 12.7180
train_Accuracy: [91m0.9660[0m
train_Precision: [4;34m0.9577[0m,               train_Recall: [4;33m0.9759[0m,                 train_F1 Score: [4;35m0.9652[0m
æ ‡ç­¾é‡Œ1çš„ä¸ªæ•°:  2150
æ ‡ç­¾é‡Œ0çš„ä¸ªæ•°:  2150
æ€»æ•°:  4300
æ­£ç¡®çš„ä¸ªæ•°:  4154
æœ€åä¸€ä¸ªæ‰¹æ¬¡çš„è¾“å‡º, ä¸æ»¡batchsizeæ˜¯æ­£å¸¸çš„:
 tensor([[9.9875e-01],
        [9.8500e-01],
        [1.0000e+00],
        [6.0799e-03],
        [9.9999e-01],
        [5.2461e-04],
        [4.3959e-03],
        [3.3955e-02],
        [9.8912e-01],
        [9.5941e-01],
        [3.2097e-05],
        [2.4532e-02]], device='cuda:0', grad_fn=<SigmoidBackward0>)
Epoch [83/100], T_AUC: [4m0.9682[0m
Epoch [83/100], Loss: 47.3337
val_Accuracy: [92m0.7419[0m
val_Precision: [4;34m0.7316[0m,               val_Recall: [4;33m0.7533[0m,                 val_F1 Score: [4;35m0.7378[0m
æ ‡ç­¾é‡Œ1çš„ä¸ªæ•°:  430
æ ‡ç­¾é‡Œ0çš„ä¸ªæ•°:  430
æ€»æ•°:  860
æ­£ç¡®çš„ä¸ªæ•°:  638
Epoch [83/100], V_AUC: [4m0.7402[0m
Epoch [84/100], Loss: 11.9838
train_Accuracy: [91m0.9700[0m
train_Precision: [4;34m0.9647[0m,               train_Recall: [4;33m0.9762[0m,                 train_F1 Score: [4;35m0.9692[0m
æ ‡ç­¾é‡Œ1çš„ä¸ªæ•°:  2150
æ ‡ç­¾é‡Œ0çš„ä¸ªæ•°:  2150
æ€»æ•°:  4300
æ­£ç¡®çš„ä¸ªæ•°:  4171
æœ€åä¸€ä¸ªæ‰¹æ¬¡çš„è¾“å‡º, ä¸æ»¡batchsizeæ˜¯æ­£å¸¸çš„:
 tensor([[9.9882e-01],
        [9.8598e-01],
        [9.9999e-01],
        [2.4072e-03],
        [9.9992e-01],
        [8.9032e-04],
        [7.3108e-04],
        [5.6475e-02],
        [9.9593e-01],
        [9.9446e-01],
        [1.1156e-04],
        [1.7935e-02]], device='cuda:0', grad_fn=<SigmoidBackward0>)
Epoch [84/100], T_AUC: [4m0.9708[0m
Epoch [84/100], Loss: 50.7575
val_Accuracy: [92m0.7395[0m
val_Precision: [4;34m0.7421[0m,               val_Recall: [4;33m0.7221[0m,                 val_F1 Score: [4;35m0.7273[0m
æ ‡ç­¾é‡Œ1çš„ä¸ªæ•°:  430
æ ‡ç­¾é‡Œ0çš„ä¸ªæ•°:  430
æ€»æ•°:  860
æ­£ç¡®çš„ä¸ªæ•°:  636
Epoch [84/100], V_AUC: [4m0.7350[0m
Epoch [85/100], Loss: 11.5571
train_Accuracy: [91m0.9688[0m
train_Precision: [4;34m0.9630[0m,               train_Recall: [4;33m0.9756[0m,                 train_F1 Score: [4;35m0.9681[0m
æ ‡ç­¾é‡Œ1çš„ä¸ªæ•°:  2150
æ ‡ç­¾é‡Œ0çš„ä¸ªæ•°:  2150
æ€»æ•°:  4300
æ­£ç¡®çš„ä¸ªæ•°:  4166
æœ€åä¸€ä¸ªæ‰¹æ¬¡çš„è¾“å‡º, ä¸æ»¡batchsizeæ˜¯æ­£å¸¸çš„:
 tensor([[9.5495e-01],
        [9.9732e-01],
        [1.0000e+00],
        [2.7720e-03],
        [9.9557e-01],
        [2.7186e-03],
        [5.9133e-04],
        [3.0811e-01],
        [9.9880e-01],
        [9.9512e-01],
        [5.0035e-04],
        [4.7423e-02]], device='cuda:0', grad_fn=<SigmoidBackward0>)
Epoch [85/100], T_AUC: [4m0.9700[0m
Epoch [85/100], Loss: 43.3237
val_Accuracy: [92m0.7488[0m
val_Precision: [4;34m0.7671[0m,               val_Recall: [4;33m0.7073[0m,                 val_F1 Score: [4;35m0.7312[0m
æ ‡ç­¾é‡Œ1çš„ä¸ªæ•°:  430
æ ‡ç­¾é‡Œ0çš„ä¸ªæ•°:  430
æ€»æ•°:  860
æ­£ç¡®çš„ä¸ªæ•°:  644
Epoch [85/100], V_AUC: [4m0.7446[0m
Epoch [86/100], Loss: 9.4383
train_Accuracy: [91m0.9777[0m
train_Precision: [4;34m0.9724[0m,               train_Recall: [4;33m0.9838[0m,                 train_F1 Score: [4;35m0.9771[0m
æ ‡ç­¾é‡Œ1çš„ä¸ªæ•°:  2150
æ ‡ç­¾é‡Œ0çš„ä¸ªæ•°:  2150
æ€»æ•°:  4300
æ­£ç¡®çš„ä¸ªæ•°:  4204
æœ€åä¸€ä¸ªæ‰¹æ¬¡çš„è¾“å‡º, ä¸æ»¡batchsizeæ˜¯æ­£å¸¸çš„:
 tensor([[9.9121e-01],
        [9.9672e-01],
        [1.0000e+00],
        [3.9714e-03],
        [9.9986e-01],
        [3.2843e-03],
        [7.9251e-05],
        [1.5005e-02],
        [9.9985e-01],
        [9.6808e-01],
        [2.9170e-04],
        [1.9769e-02]], device='cuda:0', grad_fn=<SigmoidBackward0>)
Epoch [86/100], T_AUC: [4m0.9789[0m
Epoch [86/100], Loss: 45.5650
val_Accuracy: [92m0.7267[0m
val_Precision: [4;34m0.7244[0m,               val_Recall: [4;33m0.7266[0m,                 val_F1 Score: [4;35m0.7205[0m
æ ‡ç­¾é‡Œ1çš„ä¸ªæ•°:  430
æ ‡ç­¾é‡Œ0çš„ä¸ªæ•°:  430
æ€»æ•°:  860
æ­£ç¡®çš„ä¸ªæ•°:  625
Epoch [86/100], V_AUC: [4m0.7245[0m
Epoch [87/100], Loss: 8.5627
train_Accuracy: [91m0.9826[0m
train_Precision: [4;34m0.9753[0m,               train_Recall: [4;33m0.9895[0m,                 train_F1 Score: [4;35m0.9815[0m
æ ‡ç­¾é‡Œ1çš„ä¸ªæ•°:  2150
æ ‡ç­¾é‡Œ0çš„ä¸ªæ•°:  2150
æ€»æ•°:  4300
æ­£ç¡®çš„ä¸ªæ•°:  4225
æœ€åä¸€ä¸ªæ‰¹æ¬¡çš„è¾“å‡º, ä¸æ»¡batchsizeæ˜¯æ­£å¸¸çš„:
 tensor([[9.8295e-01],
        [9.9950e-01],
        [9.9995e-01],
        [1.1835e-02],
        [9.9999e-01],
        [1.2448e-02],
        [4.7347e-04],
        [2.3442e-03],
        [9.8450e-01],
        [9.9554e-01],
        [1.2863e-04],
        [2.6325e-02]], device='cuda:0', grad_fn=<SigmoidBackward0>)
Epoch [87/100], T_AUC: [4m0.9837[0m
Epoch [87/100], Loss: 47.7933
val_Accuracy: [92m0.7372[0m
val_Precision: [4;34m0.7340[0m,               val_Recall: [4;33m0.7358[0m,                 val_F1 Score: [4;35m0.7313[0m
æ ‡ç­¾é‡Œ1çš„ä¸ªæ•°:  430
æ ‡ç­¾é‡Œ0çš„ä¸ªæ•°:  430
æ€»æ•°:  860
æ­£ç¡®çš„ä¸ªæ•°:  634
Epoch [87/100], V_AUC: [4m0.7348[0m
Epoch [88/100], Loss: 6.7511
train_Accuracy: [91m0.9860[0m
train_Precision: [4;34m0.9797[0m,               train_Recall: [4;33m0.9920[0m,                 train_F1 Score: [4;35m0.9853[0m
æ ‡ç­¾é‡Œ1çš„ä¸ªæ•°:  2150
æ ‡ç­¾é‡Œ0çš„ä¸ªæ•°:  2150
æ€»æ•°:  4300
æ­£ç¡®çš„ä¸ªæ•°:  4240
æœ€åä¸€ä¸ªæ‰¹æ¬¡çš„è¾“å‡º, ä¸æ»¡batchsizeæ˜¯æ­£å¸¸çš„:
 tensor([[9.9942e-01],
        [9.9501e-01],
        [1.0000e+00],
        [2.6834e-03],
        [9.9999e-01],
        [1.4923e-03],
        [2.7851e-04],
        [2.2462e-03],
        [9.8339e-01],
        [9.9627e-01],
        [6.3630e-05],
        [4.9681e-02]], device='cuda:0', grad_fn=<SigmoidBackward0>)
Epoch [88/100], T_AUC: [4m0.9868[0m
Epoch [88/100], Loss: 49.1726
val_Accuracy: [92m0.7442[0m
val_Precision: [4;34m0.7458[0m,               val_Recall: [4;33m0.7386[0m,                 val_F1 Score: [4;35m0.7374[0m
æ ‡ç­¾é‡Œ1çš„ä¸ªæ•°:  430
æ ‡ç­¾é‡Œ0çš„ä¸ªæ•°:  430
æ€»æ•°:  860
æ­£ç¡®çš„ä¸ªæ•°:  640
Epoch [88/100], V_AUC: [4m0.7425[0m
Epoch [89/100], Loss: 5.1980
train_Accuracy: [91m0.9919[0m
train_Precision: [4;34m0.9890[0m,               train_Recall: [4;33m0.9947[0m,                 train_F1 Score: [4;35m0.9915[0m
æ ‡ç­¾é‡Œ1çš„ä¸ªæ•°:  2150
æ ‡ç­¾é‡Œ0çš„ä¸ªæ•°:  2150
æ€»æ•°:  4300
æ­£ç¡®çš„ä¸ªæ•°:  4265
æœ€åä¸€ä¸ªæ‰¹æ¬¡çš„è¾“å‡º, ä¸æ»¡batchsizeæ˜¯æ­£å¸¸çš„:
 tensor([[9.9957e-01],
        [9.9285e-01],
        [9.9999e-01],
        [2.7968e-03],
        [9.9998e-01],
        [3.4593e-03],
        [2.7638e-04],
        [7.5232e-03],
        [9.9713e-01],
        [9.9301e-01],
        [3.5070e-05],
        [3.2991e-02]], device='cuda:0', grad_fn=<SigmoidBackward0>)
Epoch [89/100], T_AUC: [4m0.9921[0m
Epoch [89/100], Loss: 48.3127
val_Accuracy: [92m0.7349[0m
val_Precision: [4;34m0.7310[0m,               val_Recall: [4;33m0.7351[0m,                 val_F1 Score: [4;35m0.7288[0m
æ ‡ç­¾é‡Œ1çš„ä¸ªæ•°:  430
æ ‡ç­¾é‡Œ0çš„ä¸ªæ•°:  430
æ€»æ•°:  860
æ­£ç¡®çš„ä¸ªæ•°:  632
Epoch [89/100], V_AUC: [4m0.7316[0m
Epoch [90/100], Loss: 5.8081
train_Accuracy: [91m0.9900[0m
train_Precision: [4;34m0.9851[0m,               train_Recall: [4;33m0.9941[0m,                 train_F1 Score: [4;35m0.9892[0m
æ ‡ç­¾é‡Œ1çš„ä¸ªæ•°:  2150
æ ‡ç­¾é‡Œ0çš„ä¸ªæ•°:  2150
æ€»æ•°:  4300
æ­£ç¡®çš„ä¸ªæ•°:  4257
æœ€åä¸€ä¸ªæ‰¹æ¬¡çš„è¾“å‡º, ä¸æ»¡batchsizeæ˜¯æ­£å¸¸çš„:
 tensor([[9.9770e-01],
        [9.9375e-01],
        [9.9999e-01],
        [1.9731e-03],
        [1.0000e+00],
        [4.8212e-04],
        [7.4469e-03],
        [1.5270e-03],
        [9.9901e-01],
        [9.7002e-01],
        [3.8928e-05],
        [2.1870e-02]], device='cuda:0', grad_fn=<SigmoidBackward0>)
Epoch [90/100], T_AUC: [4m0.9905[0m
Epoch [90/100], Loss: 51.5856
val_Accuracy: [92m0.7349[0m
val_Precision: [4;34m0.7309[0m,               val_Recall: [4;33m0.7387[0m,                 val_F1 Score: [4;35m0.7306[0m
æ ‡ç­¾é‡Œ1çš„ä¸ªæ•°:  430
æ ‡ç­¾é‡Œ0çš„ä¸ªæ•°:  430
æ€»æ•°:  860
æ­£ç¡®çš„ä¸ªæ•°:  632
Epoch [90/100], V_AUC: [4m0.7327[0m
Epoch [91/100], Loss: 4.9211
train_Accuracy: [91m0.9935[0m
train_Precision: [4;34m0.9913[0m,               train_Recall: [4;33m0.9961[0m,                 train_F1 Score: [4;35m0.9935[0m
æ ‡ç­¾é‡Œ1çš„ä¸ªæ•°:  2150
æ ‡ç­¾é‡Œ0çš„ä¸ªæ•°:  2150
æ€»æ•°:  4300
æ­£ç¡®çš„ä¸ªæ•°:  4272
æœ€åä¸€ä¸ªæ‰¹æ¬¡çš„è¾“å‡º, ä¸æ»¡batchsizeæ˜¯æ­£å¸¸çš„:
 tensor([[9.9693e-01],
        [9.9724e-01],
        [1.0000e+00],
        [3.9865e-03],
        [1.0000e+00],
        [3.4970e-03],
        [2.2657e-03],
        [8.7264e-04],
        [9.9375e-01],
        [9.8740e-01],
        [2.5664e-04],
        [1.0143e-03]], device='cuda:0', grad_fn=<SigmoidBackward0>)
Epoch [91/100], T_AUC: [4m0.9937[0m
Epoch [91/100], Loss: 51.3880
val_Accuracy: [92m0.7244[0m
val_Precision: [4;34m0.7208[0m,               val_Recall: [4;33m0.7179[0m,                 val_F1 Score: [4;35m0.7151[0m
æ ‡ç­¾é‡Œ1çš„ä¸ªæ•°:  430
æ ‡ç­¾é‡Œ0çš„ä¸ªæ•°:  430
æ€»æ•°:  860
æ­£ç¡®çš„ä¸ªæ•°:  623
Epoch [91/100], V_AUC: [4m0.7218[0m
Epoch [92/100], Loss: 5.5522
train_Accuracy: [91m0.9884[0m
train_Precision: [4;34m0.9837[0m,               train_Recall: [4;33m0.9934[0m,                 train_F1 Score: [4;35m0.9881[0m
æ ‡ç­¾é‡Œ1çš„ä¸ªæ•°:  2150
æ ‡ç­¾é‡Œ0çš„ä¸ªæ•°:  2150
æ€»æ•°:  4300
æ­£ç¡®çš„ä¸ªæ•°:  4250
æœ€åä¸€ä¸ªæ‰¹æ¬¡çš„è¾“å‡º, ä¸æ»¡batchsizeæ˜¯æ­£å¸¸çš„:
 tensor([[9.9998e-01],
        [9.5514e-01],
        [9.9999e-01],
        [3.6773e-04],
        [9.9986e-01],
        [1.7096e-04],
        [3.1966e-04],
        [5.0758e-03],
        [9.9992e-01],
        [9.5553e-01],
        [2.9060e-03],
        [1.4990e-02]], device='cuda:0', grad_fn=<SigmoidBackward0>)
Epoch [92/100], T_AUC: [4m0.9888[0m
Epoch [92/100], Loss: 62.7042
val_Accuracy: [92m0.7267[0m
val_Precision: [4;34m0.7266[0m,               val_Recall: [4;33m0.7230[0m,                 val_F1 Score: [4;35m0.7183[0m
æ ‡ç­¾é‡Œ1çš„ä¸ªæ•°:  430
æ ‡ç­¾é‡Œ0çš„ä¸ªæ•°:  430
æ€»æ•°:  860
æ­£ç¡®çš„ä¸ªæ•°:  625
Epoch [92/100], V_AUC: [4m0.7251[0m
Epoch [93/100], Loss: 12.3773
train_Accuracy: [91m0.9679[0m
train_Precision: [4;34m0.9622[0m,               train_Recall: [4;33m0.9754[0m,                 train_F1 Score: [4;35m0.9677[0m
æ ‡ç­¾é‡Œ1çš„ä¸ªæ•°:  2150
æ ‡ç­¾é‡Œ0çš„ä¸ªæ•°:  2150
æ€»æ•°:  4300
æ­£ç¡®çš„ä¸ªæ•°:  4162
æœ€åä¸€ä¸ªæ‰¹æ¬¡çš„è¾“å‡º, ä¸æ»¡batchsizeæ˜¯æ­£å¸¸çš„:
 tensor([[9.9961e-01],
        [9.9859e-01],
        [1.0000e+00],
        [6.3378e-03],
        [1.0000e+00],
        [1.5678e-04],
        [8.3488e-05],
        [6.3875e-02],
        [9.9715e-01],
        [9.9192e-01],
        [2.4892e-05],
        [4.8663e-04]], device='cuda:0', grad_fn=<SigmoidBackward0>)
Epoch [93/100], T_AUC: [4m0.9696[0m
Epoch [93/100], Loss: 59.2046
val_Accuracy: [92m0.7535[0m
val_Precision: [4;34m0.7502[0m,               val_Recall: [4;33m0.7513[0m,                 val_F1 Score: [4;35m0.7474[0m
æ ‡ç­¾é‡Œ1çš„ä¸ªæ•°:  430
æ ‡ç­¾é‡Œ0çš„ä¸ªæ•°:  430
æ€»æ•°:  860
æ­£ç¡®çš„ä¸ªæ•°:  648
Epoch [93/100], V_AUC: [4m0.7491[0m
Epoch [94/100], Loss: 22.1298
train_Accuracy: [91m0.9307[0m
train_Precision: [4;34m0.9215[0m,               train_Recall: [4;33m0.9437[0m,                 train_F1 Score: [4;35m0.9300[0m
æ ‡ç­¾é‡Œ1çš„ä¸ªæ•°:  2150
æ ‡ç­¾é‡Œ0çš„ä¸ªæ•°:  2150
æ€»æ•°:  4300
æ­£ç¡®çš„ä¸ªæ•°:  4002
æœ€åä¸€ä¸ªæ‰¹æ¬¡çš„è¾“å‡º, ä¸æ»¡batchsizeæ˜¯æ­£å¸¸çš„:
 tensor([[9.9878e-01],
        [9.9880e-01],
        [9.9999e-01],
        [5.2970e-02],
        [1.0000e+00],
        [1.7670e-03],
        [7.8958e-06],
        [1.4665e-02],
        [9.9200e-01],
        [8.4905e-01],
        [7.0020e-04],
        [5.8672e-03]], device='cuda:0', grad_fn=<SigmoidBackward0>)
Epoch [94/100], T_AUC: [4m0.9333[0m
Epoch [94/100], Loss: 48.9619
val_Accuracy: [92m0.7372[0m
val_Precision: [4;34m0.7398[0m,               val_Recall: [4;33m0.7302[0m,                 val_F1 Score: [4;35m0.7302[0m
æ ‡ç­¾é‡Œ1çš„ä¸ªæ•°:  430
æ ‡ç­¾é‡Œ0çš„ä¸ªæ•°:  430
æ€»æ•°:  860
æ­£ç¡®çš„ä¸ªæ•°:  634
Epoch [94/100], V_AUC: [4m0.7348[0m
Epoch [95/100], Loss: 17.8397
train_Accuracy: [91m0.9460[0m
train_Precision: [4;34m0.9344[0m,               train_Recall: [4;33m0.9617[0m,                 train_F1 Score: [4;35m0.9456[0m
æ ‡ç­¾é‡Œ1çš„ä¸ªæ•°:  2150
æ ‡ç­¾é‡Œ0çš„ä¸ªæ•°:  2150
æ€»æ•°:  4300
æ­£ç¡®çš„ä¸ªæ•°:  4068
æœ€åä¸€ä¸ªæ‰¹æ¬¡çš„è¾“å‡º, ä¸æ»¡batchsizeæ˜¯æ­£å¸¸çš„:
 tensor([[9.9829e-01],
        [9.9820e-01],
        [1.0000e+00],
        [5.3373e-03],
        [9.9929e-01],
        [1.7172e-02],
        [1.2523e-04],
        [3.5616e-02],
        [9.8111e-01],
        [9.9962e-01],
        [9.9701e-06],
        [4.5841e-03]], device='cuda:0', grad_fn=<SigmoidBackward0>)
Epoch [95/100], T_AUC: [4m0.9485[0m
Epoch [95/100], Loss: 52.4014
val_Accuracy: [92m0.7291[0m
val_Precision: [4;34m0.7269[0m,               val_Recall: [4;33m0.7253[0m,                 val_F1 Score: [4;35m0.7224[0m
æ ‡ç­¾é‡Œ1çš„ä¸ªæ•°:  430
æ ‡ç­¾é‡Œ0çš„ä¸ªæ•°:  430
æ€»æ•°:  860
æ­£ç¡®çš„ä¸ªæ•°:  627
Epoch [95/100], V_AUC: [4m0.7240[0m
Epoch [96/100], Loss: 12.3383
train_Accuracy: [91m0.9647[0m
train_Precision: [4;34m0.9587[0m,               train_Recall: [4;33m0.9727[0m,                 train_F1 Score: [4;35m0.9639[0m
æ ‡ç­¾é‡Œ1çš„ä¸ªæ•°:  2150
æ ‡ç­¾é‡Œ0çš„ä¸ªæ•°:  2150
æ€»æ•°:  4300
æ­£ç¡®çš„ä¸ªæ•°:  4148
æœ€åä¸€ä¸ªæ‰¹æ¬¡çš„è¾“å‡º, ä¸æ»¡batchsizeæ˜¯æ­£å¸¸çš„:
 tensor([[9.9951e-01],
        [9.9992e-01],
        [9.9999e-01],
        [2.6815e-02],
        [9.9904e-01],
        [2.1874e-02],
        [5.7247e-06],
        [6.7798e-03],
        [9.5148e-01],
        [9.9205e-01],
        [1.6273e-03],
        [4.7329e-03]], device='cuda:0', grad_fn=<SigmoidBackward0>)
Epoch [96/100], T_AUC: [4m0.9666[0m
Epoch [96/100], Loss: 45.2865
val_Accuracy: [92m0.7395[0m
val_Precision: [4;34m0.7356[0m,               val_Recall: [4;33m0.7458[0m,                 val_F1 Score: [4;35m0.7373[0m
æ ‡ç­¾é‡Œ1çš„ä¸ªæ•°:  430
æ ‡ç­¾é‡Œ0çš„ä¸ªæ•°:  430
æ€»æ•°:  860
æ­£ç¡®çš„ä¸ªæ•°:  636
Epoch [96/100], V_AUC: [4m0.7371[0m
Epoch [97/100], Loss: 8.2799
train_Accuracy: [91m0.9812[0m
train_Precision: [4;34m0.9744[0m,               train_Recall: [4;33m0.9885[0m,                 train_F1 Score: [4;35m0.9807[0m
æ ‡ç­¾é‡Œ1çš„ä¸ªæ•°:  2150
æ ‡ç­¾é‡Œ0çš„ä¸ªæ•°:  2150
æ€»æ•°:  4300
æ­£ç¡®çš„ä¸ªæ•°:  4219
æœ€åä¸€ä¸ªæ‰¹æ¬¡çš„è¾“å‡º, ä¸æ»¡batchsizeæ˜¯æ­£å¸¸çš„:
 tensor([[9.9999e-01],
        [9.9966e-01],
        [9.9974e-01],
        [8.6703e-03],
        [9.9891e-01],
        [9.8122e-03],
        [3.3954e-05],
        [1.1139e-02],
        [8.8448e-01],
        [9.9998e-01],
        [4.9924e-05],
        [9.9701e-03]], device='cuda:0', grad_fn=<SigmoidBackward0>)
Epoch [97/100], T_AUC: [4m0.9821[0m
Epoch [97/100], Loss: 45.6364
val_Accuracy: [92m0.7384[0m
val_Precision: [4;34m0.7344[0m,               val_Recall: [4;33m0.7438[0m,                 val_F1 Score: [4;35m0.7347[0m
æ ‡ç­¾é‡Œ1çš„ä¸ªæ•°:  430
æ ‡ç­¾é‡Œ0çš„ä¸ªæ•°:  430
æ€»æ•°:  860
æ­£ç¡®çš„ä¸ªæ•°:  635
Epoch [97/100], V_AUC: [4m0.7360[0m
Epoch [98/100], Loss: 6.0768
train_Accuracy: [91m0.9905[0m
train_Precision: [4;34m0.9886[0m,               train_Recall: [4;33m0.9920[0m,                 train_F1 Score: [4;35m0.9900[0m
æ ‡ç­¾é‡Œ1çš„ä¸ªæ•°:  2150
æ ‡ç­¾é‡Œ0çš„ä¸ªæ•°:  2150
æ€»æ•°:  4300
æ­£ç¡®çš„ä¸ªæ•°:  4259
æœ€åä¸€ä¸ªæ‰¹æ¬¡çš„è¾“å‡º, ä¸æ»¡batchsizeæ˜¯æ­£å¸¸çš„:
 tensor([[9.9931e-01],
        [9.9842e-01],
        [1.0000e+00],
        [1.1187e-02],
        [9.9785e-01],
        [1.0198e-02],
        [3.0393e-05],
        [1.1767e-02],
        [9.9839e-01],
        [9.9992e-01],
        [2.1885e-04],
        [5.1640e-04]], device='cuda:0', grad_fn=<SigmoidBackward0>)
Epoch [98/100], T_AUC: [4m0.9911[0m
Epoch [98/100], Loss: 50.7858
val_Accuracy: [92m0.7372[0m
val_Precision: [4;34m0.7379[0m,               val_Recall: [4;33m0.7241[0m,                 val_F1 Score: [4;35m0.7271[0m
æ ‡ç­¾é‡Œ1çš„ä¸ªæ•°:  430
æ ‡ç­¾é‡Œ0çš„ä¸ªæ•°:  430
æ€»æ•°:  860
æ­£ç¡®çš„ä¸ªæ•°:  634
Epoch [98/100], V_AUC: [4m0.7330[0m
Epoch [99/100], Loss: 4.9063
train_Accuracy: [91m0.9928[0m
train_Precision: [4;34m0.9903[0m,               train_Recall: [4;33m0.9952[0m,                 train_F1 Score: [4;35m0.9924[0m
æ ‡ç­¾é‡Œ1çš„ä¸ªæ•°:  2150
æ ‡ç­¾é‡Œ0çš„ä¸ªæ•°:  2150
æ€»æ•°:  4300
æ­£ç¡®çš„ä¸ªæ•°:  4269
æœ€åä¸€ä¸ªæ‰¹æ¬¡çš„è¾“å‡º, ä¸æ»¡batchsizeæ˜¯æ­£å¸¸çš„:
 tensor([[9.9561e-01],
        [9.9926e-01],
        [1.0000e+00],
        [9.7802e-03],
        [9.6485e-01],
        [1.1574e-02],
        [9.0585e-05],
        [3.7300e-03],
        [9.9734e-01],
        [9.9991e-01],
        [4.7906e-05],
        [2.1621e-02]], device='cuda:0', grad_fn=<SigmoidBackward0>)
Epoch [99/100], T_AUC: [4m0.9929[0m
Epoch [99/100], Loss: 47.9319
val_Accuracy: [92m0.7279[0m
val_Precision: [4;34m0.7187[0m,               val_Recall: [4;33m0.7374[0m,                 val_F1 Score: [4;35m0.7234[0m
æ ‡ç­¾é‡Œ1çš„ä¸ªæ•°:  430
æ ‡ç­¾é‡Œ0çš„ä¸ªæ•°:  430
æ€»æ•°:  860
æ­£ç¡®çš„ä¸ªæ•°:  626
Epoch [99/100], V_AUC: [4m0.7248[0m
Epoch [100/100], Loss: 4.7307
train_Accuracy: [91m0.9937[0m
train_Precision: [4;34m0.9895[0m,               train_Recall: [4;33m0.9976[0m,                 train_F1 Score: [4;35m0.9932[0m
æ ‡ç­¾é‡Œ1çš„ä¸ªæ•°:  2150
æ ‡ç­¾é‡Œ0çš„ä¸ªæ•°:  2150
æ€»æ•°:  4300
æ­£ç¡®çš„ä¸ªæ•°:  4273
æœ€åä¸€ä¸ªæ‰¹æ¬¡çš„è¾“å‡º, ä¸æ»¡batchsizeæ˜¯æ­£å¸¸çš„:
 tensor([[9.9991e-01],
        [9.9887e-01],
        [1.0000e+00],
        [3.4920e-03],
        [9.9998e-01],
        [1.1709e-03],
        [3.3439e-04],
        [1.6515e-03],
        [9.9727e-01],
        [9.9793e-01],
        [8.1115e-05],
        [2.6920e-03]], device='cuda:0', grad_fn=<SigmoidBackward0>)
Epoch [100/100], T_AUC: [4m0.9942[0m
Epoch [100/100], Loss: 52.6299
val_Accuracy: [92m0.7453[0m
val_Precision: [4;34m0.7473[0m,               val_Recall: [4;33m0.7249[0m,                 val_F1 Score: [4;35m0.7309[0m
æ ‡ç­¾é‡Œ1çš„ä¸ªæ•°:  430
æ ‡ç­¾é‡Œ0çš„ä¸ªæ•°:  430
æ€»æ•°:  860
æ­£ç¡®çš„ä¸ªæ•°:  641
Epoch [100/100], V_AUC: [4m0.7415[0m
ç¬¬0æ‰¹ç¬¬2ä¸ª, 100
ç¬¬0æ‰¹ç¬¬15ä¸ª, 100
ç¬¬1æ‰¹ç¬¬0ä¸ª, 100
ç¬¬1æ‰¹ç¬¬13ä¸ª, 100
ç¬¬1æ‰¹ç¬¬29ä¸ª, 100
send email successfully
