2024-06-24-13:34:33
1æ’åº128-0.4
åˆ›å»ºæ¨¡å‹å®ä¾‹
æ¨¡å‹å®ä¾‹åˆ›å»ºå®Œæˆ
åŠ è½½é¢„è®­ç»ƒå‚æ•°
é¢„è®­ç»ƒå‚æ•°åŠ è½½å®Œæˆ
Epoch [1/100], Loss: 60.9122
train_Accuracy: [91m0.7970[0m
train_Precision: [4;34m0.7960[0m,               train_Recall: [4;33m0.8138[0m,                 train_F1 Score: [4;35m0.7987[0m
æ ‡ç­¾é‡Œ1çš„ä¸ªæ•°:  2150
æ ‡ç­¾é‡Œ0çš„ä¸ªæ•°:  2150
æ€»æ•°:  4300
æ­£ç¡®çš„ä¸ªæ•°:  3427
æœ€åä¸€ä¸ªæ‰¹æ¬¡çš„è¾“å‡º, ä¸æ»¡batchsizeæ˜¯æ­£å¸¸çš„:
 tensor([[0.9102],
        [0.8173],
        [0.9721],
        [0.1577],
        [0.7282],
        [0.1936],
        [0.5781],
        [0.3114],
        [0.4571],
        [0.9064],
        [0.0661],
        [0.0538]], device='cuda:0', grad_fn=<SigmoidBackward0>)
Epoch [1/100], T_AUC: [4m0.8038[0m
Epoch [1/100], Loss: 13.5462
val_Accuracy: [92m0.7884[0m
val_Precision: [4;34m0.7795[0m,               val_Recall: [4;33m0.7911[0m,                 val_F1 Score: [4;35m0.7805[0m
æ ‡ç­¾é‡Œ1çš„ä¸ªæ•°:  430
æ ‡ç­¾é‡Œ0çš„ä¸ªæ•°:  430
æ€»æ•°:  860
æ­£ç¡®çš„ä¸ªæ•°:  678
Epoch [1/100], V_AUC: [4m0.7858[0m
Epoch [2/100], Loss: 57.9089
train_Accuracy: [91m0.8135[0m
train_Precision: [4;34m0.8054[0m,               train_Recall: [4;33m0.8355[0m,                 train_F1 Score: [4;35m0.8149[0m
æ ‡ç­¾é‡Œ1çš„ä¸ªæ•°:  2150
æ ‡ç­¾é‡Œ0çš„ä¸ªæ•°:  2150
æ€»æ•°:  4300
æ­£ç¡®çš„ä¸ªæ•°:  3498
æœ€åä¸€ä¸ªæ‰¹æ¬¡çš„è¾“å‡º, ä¸æ»¡batchsizeæ˜¯æ­£å¸¸çš„:
 tensor([[0.9098],
        [0.8247],
        [0.9603],
        [0.1593],
        [0.7731],
        [0.1554],
        [0.5311],
        [0.3763],
        [0.4839],
        [0.9115],
        [0.0612],
        [0.0633]], device='cuda:0', grad_fn=<SigmoidBackward0>)
Epoch [2/100], T_AUC: [4m0.8198[0m
Epoch [2/100], Loss: 13.4701
val_Accuracy: [92m0.7872[0m
val_Precision: [4;34m0.7786[0m,               val_Recall: [4;33m0.7884[0m,                 val_F1 Score: [4;35m0.7792[0m
æ ‡ç­¾é‡Œ1çš„ä¸ªæ•°:  430
æ ‡ç­¾é‡Œ0çš„ä¸ªæ•°:  430
æ€»æ•°:  860
æ­£ç¡®çš„ä¸ªæ•°:  677
Epoch [2/100], V_AUC: [4m0.7837[0m
Epoch [3/100], Loss: 57.3438
train_Accuracy: [91m0.8137[0m
train_Precision: [4;34m0.8073[0m,               train_Recall: [4;33m0.8337[0m,                 train_F1 Score: [4;35m0.8150[0m
æ ‡ç­¾é‡Œ1çš„ä¸ªæ•°:  2150
æ ‡ç­¾é‡Œ0çš„ä¸ªæ•°:  2150
æ€»æ•°:  4300
æ­£ç¡®çš„ä¸ªæ•°:  3499
æœ€åä¸€ä¸ªæ‰¹æ¬¡çš„è¾“å‡º, ä¸æ»¡batchsizeæ˜¯æ­£å¸¸çš„:
 tensor([[0.9088],
        [0.8683],
        [0.9735],
        [0.1400],
        [0.7820],
        [0.1417],
        [0.4178],
        [0.3690],
        [0.5110],
        [0.9174],
        [0.0714],
        [0.0445]], device='cuda:0', grad_fn=<SigmoidBackward0>)
Epoch [3/100], T_AUC: [4m0.8199[0m
Epoch [3/100], Loss: 13.7789
val_Accuracy: [92m0.7849[0m
val_Precision: [4;34m0.7764[0m,               val_Recall: [4;33m0.7862[0m,                 val_F1 Score: [4;35m0.7763[0m
æ ‡ç­¾é‡Œ1çš„ä¸ªæ•°:  430
æ ‡ç­¾é‡Œ0çš„ä¸ªæ•°:  430
æ€»æ•°:  860
æ­£ç¡®çš„ä¸ªæ•°:  675
Epoch [3/100], V_AUC: [4m0.7820[0m
Epoch [4/100], Loss: 56.6394
train_Accuracy: [91m0.8153[0m
train_Precision: [4;34m0.8047[0m,               train_Recall: [4;33m0.8407[0m,                 train_F1 Score: [4;35m0.8172[0m
æ ‡ç­¾é‡Œ1çš„ä¸ªæ•°:  2150
æ ‡ç­¾é‡Œ0çš„ä¸ªæ•°:  2150
æ€»æ•°:  4300
æ­£ç¡®çš„ä¸ªæ•°:  3506
æœ€åä¸€ä¸ªæ‰¹æ¬¡çš„è¾“å‡º, ä¸æ»¡batchsizeæ˜¯æ­£å¸¸çš„:
 tensor([[0.9127],
        [0.8559],
        [0.9728],
        [0.1489],
        [0.8064],
        [0.1180],
        [0.4498],
        [0.3642],
        [0.5477],
        [0.9185],
        [0.0633],
        [0.0422]], device='cuda:0', grad_fn=<SigmoidBackward0>)
Epoch [4/100], T_AUC: [4m0.8215[0m
Epoch [4/100], Loss: 13.8407
val_Accuracy: [92m0.7849[0m
val_Precision: [4;34m0.7792[0m,               val_Recall: [4;33m0.7836[0m,                 val_F1 Score: [4;35m0.7755[0m
æ ‡ç­¾é‡Œ1çš„ä¸ªæ•°:  430
æ ‡ç­¾é‡Œ0çš„ä¸ªæ•°:  430
æ€»æ•°:  860
æ­£ç¡®çš„ä¸ªæ•°:  675
Epoch [4/100], V_AUC: [4m0.7819[0m
Epoch [5/100], Loss: 56.1405
train_Accuracy: [91m0.8193[0m
train_Precision: [4;34m0.8101[0m,               train_Recall: [4;33m0.8424[0m,                 train_F1 Score: [4;35m0.8207[0m
æ ‡ç­¾é‡Œ1çš„ä¸ªæ•°:  2150
æ ‡ç­¾é‡Œ0çš„ä¸ªæ•°:  2150
æ€»æ•°:  4300
æ­£ç¡®çš„ä¸ªæ•°:  3523
æœ€åä¸€ä¸ªæ‰¹æ¬¡çš„è¾“å‡º, ä¸æ»¡batchsizeæ˜¯æ­£å¸¸çš„:
 tensor([[0.9260],
        [0.8445],
        [0.9771],
        [0.1036],
        [0.8284],
        [0.1153],
        [0.4103],
        [0.3755],
        [0.6216],
        [0.9173],
        [0.0433],
        [0.0549]], device='cuda:0', grad_fn=<SigmoidBackward0>)
Epoch [5/100], T_AUC: [4m0.8249[0m
Epoch [5/100], Loss: 13.8363
val_Accuracy: [92m0.7895[0m
val_Precision: [4;34m0.7846[0m,               val_Recall: [4;33m0.7853[0m,                 val_F1 Score: [4;35m0.7789[0m
æ ‡ç­¾é‡Œ1çš„ä¸ªæ•°:  430
æ ‡ç­¾é‡Œ0çš„ä¸ªæ•°:  430
æ€»æ•°:  860
æ­£ç¡®çš„ä¸ªæ•°:  679
Epoch [5/100], V_AUC: [4m0.7857[0m
Epoch [6/100], Loss: 55.3968
train_Accuracy: [91m0.8212[0m
train_Precision: [4;34m0.8120[0m,               train_Recall: [4;33m0.8435[0m,                 train_F1 Score: [4;35m0.8223[0m
æ ‡ç­¾é‡Œ1çš„ä¸ªæ•°:  2150
æ ‡ç­¾é‡Œ0çš„ä¸ªæ•°:  2150
æ€»æ•°:  4300
æ­£ç¡®çš„ä¸ªæ•°:  3531
æœ€åä¸€ä¸ªæ‰¹æ¬¡çš„è¾“å‡º, ä¸æ»¡batchsizeæ˜¯æ­£å¸¸çš„:
 tensor([[0.9162],
        [0.8501],
        [0.9810],
        [0.1460],
        [0.8820],
        [0.0713],
        [0.4459],
        [0.3278],
        [0.6075],
        [0.9036],
        [0.0456],
        [0.0500]], device='cuda:0', grad_fn=<SigmoidBackward0>)
Epoch [6/100], T_AUC: [4m0.8268[0m
Epoch [6/100], Loss: 14.2880
val_Accuracy: [92m0.7895[0m
val_Precision: [4;34m0.7882[0m,               val_Recall: [4;33m0.7785[0m,                 val_F1 Score: [4;35m0.7779[0m
æ ‡ç­¾é‡Œ1çš„ä¸ªæ•°:  430
æ ‡ç­¾é‡Œ0çš„ä¸ªæ•°:  430
æ€»æ•°:  860
æ­£ç¡®çš„ä¸ªæ•°:  679
Epoch [6/100], V_AUC: [4m0.7862[0m
Epoch [7/100], Loss: 54.7710
train_Accuracy: [91m0.8216[0m
train_Precision: [4;34m0.8116[0m,               train_Recall: [4;33m0.8452[0m,                 train_F1 Score: [4;35m0.8227[0m
æ ‡ç­¾é‡Œ1çš„ä¸ªæ•°:  2150
æ ‡ç­¾é‡Œ0çš„ä¸ªæ•°:  2150
æ€»æ•°:  4300
æ­£ç¡®çš„ä¸ªæ•°:  3533
æœ€åä¸€ä¸ªæ‰¹æ¬¡çš„è¾“å‡º, ä¸æ»¡batchsizeæ˜¯æ­£å¸¸çš„:
 tensor([[0.9096],
        [0.8485],
        [0.9552],
        [0.1602],
        [0.8270],
        [0.0940],
        [0.4539],
        [0.4637],
        [0.6918],
        [0.8679],
        [0.0605],
        [0.0533]], device='cuda:0', grad_fn=<SigmoidBackward0>)
Epoch [7/100], T_AUC: [4m0.8270[0m
Epoch [7/100], Loss: 14.1034
val_Accuracy: [92m0.7837[0m
val_Precision: [4;34m0.7881[0m,               val_Recall: [4;33m0.7639[0m,                 val_F1 Score: [4;35m0.7704[0m
æ ‡ç­¾é‡Œ1çš„ä¸ªæ•°:  430
æ ‡ç­¾é‡Œ0çš„ä¸ªæ•°:  430
æ€»æ•°:  860
æ­£ç¡®çš„ä¸ªæ•°:  674
Epoch [7/100], V_AUC: [4m0.7796[0m
Epoch [8/100], Loss: 54.3505
train_Accuracy: [91m0.8223[0m
train_Precision: [4;34m0.8101[0m,               train_Recall: [4;33m0.8482[0m,                 train_F1 Score: [4;35m0.8236[0m
æ ‡ç­¾é‡Œ1çš„ä¸ªæ•°:  2150
æ ‡ç­¾é‡Œ0çš„ä¸ªæ•°:  2150
æ€»æ•°:  4300
æ­£ç¡®çš„ä¸ªæ•°:  3536
æœ€åä¸€ä¸ªæ‰¹æ¬¡çš„è¾“å‡º, ä¸æ»¡batchsizeæ˜¯æ­£å¸¸çš„:
 tensor([[0.9151],
        [0.8426],
        [0.9594],
        [0.1422],
        [0.8871],
        [0.0740],
        [0.4328],
        [0.4944],
        [0.7350],
        [0.8532],
        [0.0496],
        [0.0435]], device='cuda:0', grad_fn=<SigmoidBackward0>)
Epoch [8/100], T_AUC: [4m0.8272[0m
Epoch [8/100], Loss: 14.1003
val_Accuracy: [92m0.7872[0m
val_Precision: [4;34m0.7852[0m,               val_Recall: [4;33m0.7779[0m,                 val_F1 Score: [4;35m0.7763[0m
æ ‡ç­¾é‡Œ1çš„ä¸ªæ•°:  430
æ ‡ç­¾é‡Œ0çš„ä¸ªæ•°:  430
æ€»æ•°:  860
æ­£ç¡®çš„ä¸ªæ•°:  677
Epoch [8/100], V_AUC: [4m0.7834[0m
Epoch [9/100], Loss: 54.2468
train_Accuracy: [91m0.8242[0m
train_Precision: [4;34m0.8158[0m,               train_Recall: [4;33m0.8465[0m,                 train_F1 Score: [4;35m0.8259[0m
æ ‡ç­¾é‡Œ1çš„ä¸ªæ•°:  2150
æ ‡ç­¾é‡Œ0çš„ä¸ªæ•°:  2150
æ€»æ•°:  4300
æ­£ç¡®çš„ä¸ªæ•°:  3544
æœ€åä¸€ä¸ªæ‰¹æ¬¡çš„è¾“å‡º, ä¸æ»¡batchsizeæ˜¯æ­£å¸¸çš„:
 tensor([[0.9384],
        [0.8704],
        [0.9651],
        [0.1477],
        [0.8878],
        [0.0907],
        [0.3390],
        [0.3074],
        [0.6960],
        [0.9072],
        [0.0437],
        [0.0410]], device='cuda:0', grad_fn=<SigmoidBackward0>)
Epoch [9/100], T_AUC: [4m0.8296[0m
Epoch [9/100], Loss: 14.3283
val_Accuracy: [92m0.7860[0m
val_Precision: [4;34m0.7819[0m,               val_Recall: [4;33m0.7795[0m,                 val_F1 Score: [4;35m0.7754[0m
æ ‡ç­¾é‡Œ1çš„ä¸ªæ•°:  430
æ ‡ç­¾é‡Œ0çš„ä¸ªæ•°:  430
æ€»æ•°:  860
æ­£ç¡®çš„ä¸ªæ•°:  676
Epoch [9/100], V_AUC: [4m0.7822[0m
Epoch [10/100], Loss: 53.1128
train_Accuracy: [91m0.8302[0m
train_Precision: [4;34m0.8176[0m,               train_Recall: [4;33m0.8585[0m,                 train_F1 Score: [4;35m0.8325[0m
æ ‡ç­¾é‡Œ1çš„ä¸ªæ•°:  2150
æ ‡ç­¾é‡Œ0çš„ä¸ªæ•°:  2150
æ€»æ•°:  4300
æ­£ç¡®çš„ä¸ªæ•°:  3570
æœ€åä¸€ä¸ªæ‰¹æ¬¡çš„è¾“å‡º, ä¸æ»¡batchsizeæ˜¯æ­£å¸¸çš„:
 tensor([[0.9280],
        [0.8599],
        [0.9785],
        [0.0854],
        [0.9301],
        [0.0474],
        [0.3267],
        [0.3177],
        [0.7674],
        [0.8847],
        [0.0419],
        [0.0635]], device='cuda:0', grad_fn=<SigmoidBackward0>)
Epoch [10/100], T_AUC: [4m0.8359[0m
Epoch [10/100], Loss: 14.6043
val_Accuracy: [92m0.7826[0m
val_Precision: [4;34m0.7873[0m,               val_Recall: [4;33m0.7613[0m,                 val_F1 Score: [4;35m0.7686[0m
æ ‡ç­¾é‡Œ1çš„ä¸ªæ•°:  430
æ ‡ç­¾é‡Œ0çš„ä¸ªæ•°:  430
æ€»æ•°:  860
æ­£ç¡®çš„ä¸ªæ•°:  673
Epoch [10/100], V_AUC: [4m0.7782[0m
Epoch [11/100], Loss: 52.4930
train_Accuracy: [91m0.8298[0m
train_Precision: [4;34m0.8173[0m,               train_Recall: [4;33m0.8548[0m,                 train_F1 Score: [4;35m0.8306[0m
æ ‡ç­¾é‡Œ1çš„ä¸ªæ•°:  2150
æ ‡ç­¾é‡Œ0çš„ä¸ªæ•°:  2150
æ€»æ•°:  4300
æ­£ç¡®çš„ä¸ªæ•°:  3568
æœ€åä¸€ä¸ªæ‰¹æ¬¡çš„è¾“å‡º, ä¸æ»¡batchsizeæ˜¯æ­£å¸¸çš„:
 tensor([[0.9218],
        [0.8689],
        [0.9755],
        [0.0962],
        [0.9292],
        [0.0591],
        [0.2509],
        [0.4622],
        [0.7726],
        [0.9082],
        [0.0423],
        [0.0358]], device='cuda:0', grad_fn=<SigmoidBackward0>)
Epoch [11/100], T_AUC: [4m0.8354[0m
Epoch [11/100], Loss: 14.8820
val_Accuracy: [92m0.7814[0m
val_Precision: [4;34m0.7854[0m,               val_Recall: [4;33m0.7618[0m,                 val_F1 Score: [4;35m0.7683[0m
æ ‡ç­¾é‡Œ1çš„ä¸ªæ•°:  430
æ ‡ç­¾é‡Œ0çš„ä¸ªæ•°:  430
æ€»æ•°:  860
æ­£ç¡®çš„ä¸ªæ•°:  672
Epoch [11/100], V_AUC: [4m0.7785[0m
Epoch [12/100], Loss: 51.7476
train_Accuracy: [91m0.8316[0m
train_Precision: [4;34m0.8205[0m,               train_Recall: [4;33m0.8561[0m,                 train_F1 Score: [4;35m0.8333[0m
æ ‡ç­¾é‡Œ1çš„ä¸ªæ•°:  2150
æ ‡ç­¾é‡Œ0çš„ä¸ªæ•°:  2150
æ€»æ•°:  4300
æ­£ç¡®çš„ä¸ªæ•°:  3576
æœ€åä¸€ä¸ªæ‰¹æ¬¡çš„è¾“å‡º, ä¸æ»¡batchsizeæ˜¯æ­£å¸¸çš„:
 tensor([[0.9453],
        [0.8753],
        [0.9644],
        [0.0998],
        [0.9458],
        [0.0681],
        [0.2175],
        [0.3665],
        [0.7919],
        [0.8875],
        [0.0340],
        [0.0578]], device='cuda:0', grad_fn=<SigmoidBackward0>)
Epoch [12/100], T_AUC: [4m0.8368[0m
Epoch [12/100], Loss: 14.7033
val_Accuracy: [92m0.7837[0m
val_Precision: [4;34m0.7837[0m,               val_Recall: [4;33m0.7683[0m,                 val_F1 Score: [4;35m0.7712[0m
æ ‡ç­¾é‡Œ1çš„ä¸ªæ•°:  430
æ ‡ç­¾é‡Œ0çš„ä¸ªæ•°:  430
æ€»æ•°:  860
æ­£ç¡®çš„ä¸ªæ•°:  674
Epoch [12/100], V_AUC: [4m0.7797[0m
Epoch [13/100], Loss: 51.2996
train_Accuracy: [91m0.8319[0m
train_Precision: [4;34m0.8226[0m,               train_Recall: [4;33m0.8558[0m,                 train_F1 Score: [4;35m0.8333[0m
æ ‡ç­¾é‡Œ1çš„ä¸ªæ•°:  2150
æ ‡ç­¾é‡Œ0çš„ä¸ªæ•°:  2150
æ€»æ•°:  4300
æ­£ç¡®çš„ä¸ªæ•°:  3577
æœ€åä¸€ä¸ªæ‰¹æ¬¡çš„è¾“å‡º, ä¸æ»¡batchsizeæ˜¯æ­£å¸¸çš„:
 tensor([[0.9044],
        [0.8293],
        [0.9869],
        [0.0905],
        [0.9480],
        [0.0474],
        [0.2053],
        [0.4390],
        [0.8181],
        [0.9081],
        [0.0375],
        [0.0411]], device='cuda:0', grad_fn=<SigmoidBackward0>)
Epoch [13/100], T_AUC: [4m0.8380[0m
Epoch [13/100], Loss: 14.5525
val_Accuracy: [92m0.7884[0m
val_Precision: [4;34m0.7929[0m,               val_Recall: [4;33m0.7714[0m,                 val_F1 Score: [4;35m0.7765[0m
æ ‡ç­¾é‡Œ1çš„ä¸ªæ•°:  430
æ ‡ç­¾é‡Œ0çš„ä¸ªæ•°:  430
æ€»æ•°:  860
æ­£ç¡®çš„ä¸ªæ•°:  678
Epoch [13/100], V_AUC: [4m0.7851[0m
Epoch [14/100], Loss: 50.1025
train_Accuracy: [91m0.8407[0m
train_Precision: [4;34m0.8303[0m,               train_Recall: [4;33m0.8624[0m,                 train_F1 Score: [4;35m0.8415[0m
æ ‡ç­¾é‡Œ1çš„ä¸ªæ•°:  2150
æ ‡ç­¾é‡Œ0çš„ä¸ªæ•°:  2150
æ€»æ•°:  4300
æ­£ç¡®çš„ä¸ªæ•°:  3615
æœ€åä¸€ä¸ªæ‰¹æ¬¡çš„è¾“å‡º, ä¸æ»¡batchsizeæ˜¯æ­£å¸¸çš„:
 tensor([[0.9154],
        [0.8978],
        [0.9777],
        [0.0655],
        [0.9481],
        [0.0397],
        [0.2831],
        [0.3912],
        [0.8712],
        [0.8802],
        [0.0389],
        [0.0437]], device='cuda:0', grad_fn=<SigmoidBackward0>)
Epoch [14/100], T_AUC: [4m0.8457[0m
Epoch [14/100], Loss: 14.7675
val_Accuracy: [92m0.7756[0m
val_Precision: [4;34m0.7816[0m,               val_Recall: [4;33m0.7524[0m,                 val_F1 Score: [4;35m0.7617[0m
æ ‡ç­¾é‡Œ1çš„ä¸ªæ•°:  430
æ ‡ç­¾é‡Œ0çš„ä¸ªæ•°:  430
æ€»æ•°:  860
æ­£ç¡®çš„ä¸ªæ•°:  667
Epoch [14/100], V_AUC: [4m0.7720[0m
Epoch [15/100], Loss: 50.3762
train_Accuracy: [91m0.8405[0m
train_Precision: [4;34m0.8330[0m,               train_Recall: [4;33m0.8610[0m,                 train_F1 Score: [4;35m0.8415[0m
æ ‡ç­¾é‡Œ1çš„ä¸ªæ•°:  2150
æ ‡ç­¾é‡Œ0çš„ä¸ªæ•°:  2150
æ€»æ•°:  4300
æ­£ç¡®çš„ä¸ªæ•°:  3614
æœ€åä¸€ä¸ªæ‰¹æ¬¡çš„è¾“å‡º, ä¸æ»¡batchsizeæ˜¯æ­£å¸¸çš„:
 tensor([[0.9392],
        [0.9537],
        [0.9896],
        [0.0461],
        [0.9431],
        [0.0252],
        [0.3236],
        [0.2672],
        [0.6570],
        [0.9051],
        [0.0874],
        [0.0283]], device='cuda:0', grad_fn=<SigmoidBackward0>)
Epoch [15/100], T_AUC: [4m0.8462[0m
Epoch [15/100], Loss: 15.6693
val_Accuracy: [92m0.7791[0m
val_Precision: [4;34m0.7960[0m,               val_Recall: [4;33m0.7389[0m,                 val_F1 Score: [4;35m0.7613[0m
æ ‡ç­¾é‡Œ1çš„ä¸ªæ•°:  430
æ ‡ç­¾é‡Œ0çš„ä¸ªæ•°:  430
æ€»æ•°:  860
æ­£ç¡®çš„ä¸ªæ•°:  670
Epoch [15/100], V_AUC: [4m0.7771[0m
Epoch [16/100], Loss: 49.4256
train_Accuracy: [91m0.8402[0m
train_Precision: [4;34m0.8293[0m,               train_Recall: [4;33m0.8651[0m,                 train_F1 Score: [4;35m0.8416[0m
æ ‡ç­¾é‡Œ1çš„ä¸ªæ•°:  2150
æ ‡ç­¾é‡Œ0çš„ä¸ªæ•°:  2150
æ€»æ•°:  4300
æ­£ç¡®çš„ä¸ªæ•°:  3613
æœ€åä¸€ä¸ªæ‰¹æ¬¡çš„è¾“å‡º, ä¸æ»¡batchsizeæ˜¯æ­£å¸¸çš„:
 tensor([[0.9262],
        [0.9419],
        [0.9721],
        [0.0547],
        [0.9840],
        [0.0335],
        [0.2134],
        [0.3110],
        [0.8102],
        [0.8840],
        [0.0352],
        [0.0380]], device='cuda:0', grad_fn=<SigmoidBackward0>)
Epoch [16/100], T_AUC: [4m0.8466[0m
Epoch [16/100], Loss: 15.6255
val_Accuracy: [92m0.7733[0m
val_Precision: [4;34m0.7745[0m,               val_Recall: [4;33m0.7600[0m,                 val_F1 Score: [4;35m0.7614[0m
æ ‡ç­¾é‡Œ1çš„ä¸ªæ•°:  430
æ ‡ç­¾é‡Œ0çš„ä¸ªæ•°:  430
æ€»æ•°:  860
æ­£ç¡®çš„ä¸ªæ•°:  665
Epoch [16/100], V_AUC: [4m0.7705[0m
Epoch [17/100], Loss: 48.1204
train_Accuracy: [91m0.8507[0m
train_Precision: [4;34m0.8410[0m,               train_Recall: [4;33m0.8720[0m,                 train_F1 Score: [4;35m0.8516[0m
æ ‡ç­¾é‡Œ1çš„ä¸ªæ•°:  2150
æ ‡ç­¾é‡Œ0çš„ä¸ªæ•°:  2150
æ€»æ•°:  4300
æ­£ç¡®çš„ä¸ªæ•°:  3658
æœ€åä¸€ä¸ªæ‰¹æ¬¡çš„è¾“å‡º, ä¸æ»¡batchsizeæ˜¯æ­£å¸¸çš„:
 tensor([[0.9358],
        [0.9639],
        [0.9806],
        [0.0600],
        [0.9842],
        [0.0333],
        [0.2252],
        [0.2132],
        [0.7312],
        [0.8886],
        [0.0459],
        [0.0275]], device='cuda:0', grad_fn=<SigmoidBackward0>)
Epoch [17/100], T_AUC: [4m0.8560[0m
Epoch [17/100], Loss: 15.6266
val_Accuracy: [92m0.7767[0m
val_Precision: [4;34m0.7883[0m,               val_Recall: [4;33m0.7491[0m,                 val_F1 Score: [4;35m0.7626[0m
æ ‡ç­¾é‡Œ1çš„ä¸ªæ•°:  430
æ ‡ç­¾é‡Œ0çš„ä¸ªæ•°:  430
æ€»æ•°:  860
æ­£ç¡®çš„ä¸ªæ•°:  668
Epoch [17/100], V_AUC: [4m0.7735[0m
Epoch [18/100], Loss: 47.4754
train_Accuracy: [91m0.8512[0m
train_Precision: [4;34m0.8409[0m,               train_Recall: [4;33m0.8739[0m,                 train_F1 Score: [4;35m0.8521[0m
æ ‡ç­¾é‡Œ1çš„ä¸ªæ•°:  2150
æ ‡ç­¾é‡Œ0çš„ä¸ªæ•°:  2150
æ€»æ•°:  4300
æ­£ç¡®çš„ä¸ªæ•°:  3660
æœ€åä¸€ä¸ªæ‰¹æ¬¡çš„è¾“å‡º, ä¸æ»¡batchsizeæ˜¯æ­£å¸¸çš„:
 tensor([[0.8783],
        [0.9242],
        [0.9849],
        [0.0430],
        [0.9895],
        [0.0586],
        [0.2371],
        [0.3505],
        [0.8459],
        [0.7768],
        [0.0350],
        [0.0338]], device='cuda:0', grad_fn=<SigmoidBackward0>)
Epoch [18/100], T_AUC: [4m0.8566[0m
Epoch [18/100], Loss: 15.8308
val_Accuracy: [92m0.7767[0m
val_Precision: [4;34m0.7885[0m,               val_Recall: [4;33m0.7468[0m,                 val_F1 Score: [4;35m0.7611[0m
æ ‡ç­¾é‡Œ1çš„ä¸ªæ•°:  430
æ ‡ç­¾é‡Œ0çš„ä¸ªæ•°:  430
æ€»æ•°:  860
æ­£ç¡®çš„ä¸ªæ•°:  668
Epoch [18/100], V_AUC: [4m0.7752[0m
Epoch [19/100], Loss: 47.6712
train_Accuracy: [91m0.8526[0m
train_Precision: [4;34m0.8444[0m,               train_Recall: [4;33m0.8711[0m,                 train_F1 Score: [4;35m0.8525[0m
æ ‡ç­¾é‡Œ1çš„ä¸ªæ•°:  2150
æ ‡ç­¾é‡Œ0çš„ä¸ªæ•°:  2150
æ€»æ•°:  4300
æ­£ç¡®çš„ä¸ªæ•°:  3666
æœ€åä¸€ä¸ªæ‰¹æ¬¡çš„è¾“å‡º, ä¸æ»¡batchsizeæ˜¯æ­£å¸¸çš„:
 tensor([[0.8732],
        [0.9512],
        [0.9872],
        [0.0452],
        [0.9647],
        [0.0184],
        [0.2819],
        [0.3947],
        [0.9756],
        [0.7671],
        [0.0273],
        [0.0272]], device='cuda:0', grad_fn=<SigmoidBackward0>)
Epoch [19/100], T_AUC: [4m0.8584[0m
Epoch [19/100], Loss: 16.0217
val_Accuracy: [92m0.7779[0m
val_Precision: [4;34m0.7867[0m,               val_Recall: [4;33m0.7571[0m,                 val_F1 Score: [4;35m0.7656[0m
æ ‡ç­¾é‡Œ1çš„ä¸ªæ•°:  430
æ ‡ç­¾é‡Œ0çš„ä¸ªæ•°:  430
æ€»æ•°:  860
æ­£ç¡®çš„ä¸ªæ•°:  669
Epoch [19/100], V_AUC: [4m0.7763[0m
Epoch [20/100], Loss: 46.3932
train_Accuracy: [91m0.8528[0m
train_Precision: [4;34m0.8444[0m,               train_Recall: [4;33m0.8715[0m,                 train_F1 Score: [4;35m0.8533[0m
æ ‡ç­¾é‡Œ1çš„ä¸ªæ•°:  2150
æ ‡ç­¾é‡Œ0çš„ä¸ªæ•°:  2150
æ€»æ•°:  4300
æ­£ç¡®çš„ä¸ªæ•°:  3667
æœ€åä¸€ä¸ªæ‰¹æ¬¡çš„è¾“å‡º, ä¸æ»¡batchsizeæ˜¯æ­£å¸¸çš„:
 tensor([[0.9535],
        [0.9618],
        [0.9874],
        [0.0413],
        [0.9896],
        [0.0447],
        [0.0951],
        [0.2451],
        [0.8731],
        [0.7339],
        [0.0380],
        [0.0357]], device='cuda:0', grad_fn=<SigmoidBackward0>)
Epoch [20/100], T_AUC: [4m0.8584[0m
Epoch [20/100], Loss: 16.8267
val_Accuracy: [92m0.7826[0m
val_Precision: [4;34m0.7934[0m,               val_Recall: [4;33m0.7513[0m,                 val_F1 Score: [4;35m0.7678[0m
æ ‡ç­¾é‡Œ1çš„ä¸ªæ•°:  430
æ ‡ç­¾é‡Œ0çš„ä¸ªæ•°:  430
æ€»æ•°:  860
æ­£ç¡®çš„ä¸ªæ•°:  673
Epoch [20/100], V_AUC: [4m0.7799[0m
Epoch [21/100], Loss: 45.5929
train_Accuracy: [91m0.8586[0m
train_Precision: [4;34m0.8518[0m,               train_Recall: [4;33m0.8759[0m,                 train_F1 Score: [4;35m0.8589[0m
æ ‡ç­¾é‡Œ1çš„ä¸ªæ•°:  2150
æ ‡ç­¾é‡Œ0çš„ä¸ªæ•°:  2150
æ€»æ•°:  4300
æ­£ç¡®çš„ä¸ªæ•°:  3692
æœ€åä¸€ä¸ªæ‰¹æ¬¡çš„è¾“å‡º, ä¸æ»¡batchsizeæ˜¯æ­£å¸¸çš„:
 tensor([[0.8816],
        [0.9693],
        [0.9951],
        [0.0957],
        [0.9853],
        [0.0401],
        [0.1521],
        [0.2791],
        [0.8665],
        [0.7923],
        [0.0139],
        [0.0222]], device='cuda:0', grad_fn=<SigmoidBackward0>)
Epoch [21/100], T_AUC: [4m0.8644[0m
Epoch [21/100], Loss: 16.1675
val_Accuracy: [92m0.7698[0m
val_Precision: [4;34m0.7646[0m,               val_Recall: [4;33m0.7607[0m,                 val_F1 Score: [4;35m0.7583[0m
æ ‡ç­¾é‡Œ1çš„ä¸ªæ•°:  430
æ ‡ç­¾é‡Œ0çš„ä¸ªæ•°:  430
æ€»æ•°:  860
æ­£ç¡®çš„ä¸ªæ•°:  662
Epoch [21/100], V_AUC: [4m0.7664[0m
Epoch [22/100], Loss: 44.1856
train_Accuracy: [91m0.8658[0m
train_Precision: [4;34m0.8589[0m,               train_Recall: [4;33m0.8807[0m,                 train_F1 Score: [4;35m0.8655[0m
æ ‡ç­¾é‡Œ1çš„ä¸ªæ•°:  2150
æ ‡ç­¾é‡Œ0çš„ä¸ªæ•°:  2150
æ€»æ•°:  4300
æ­£ç¡®çš„ä¸ªæ•°:  3723
æœ€åä¸€ä¸ªæ‰¹æ¬¡çš„è¾“å‡º, ä¸æ»¡batchsizeæ˜¯æ­£å¸¸çš„:
 tensor([[0.9641],
        [0.9561],
        [0.9891],
        [0.0561],
        [0.9945],
        [0.0378],
        [0.1357],
        [0.0938],
        [0.8496],
        [0.9249],
        [0.0207],
        [0.0179]], device='cuda:0', grad_fn=<SigmoidBackward0>)
Epoch [22/100], T_AUC: [4m0.8710[0m
Epoch [22/100], Loss: 16.8156
val_Accuracy: [92m0.7802[0m
val_Precision: [4;34m0.7834[0m,               val_Recall: [4;33m0.7566[0m,                 val_F1 Score: [4;35m0.7657[0m
æ ‡ç­¾é‡Œ1çš„ä¸ªæ•°:  430
æ ‡ç­¾é‡Œ0çš„ä¸ªæ•°:  430
æ€»æ•°:  860
æ­£ç¡®çš„ä¸ªæ•°:  671
Epoch [22/100], V_AUC: [4m0.7772[0m
Epoch [23/100], Loss: 42.9982
train_Accuracy: [91m0.8705[0m
train_Precision: [4;34m0.8621[0m,               train_Recall: [4;33m0.8863[0m,                 train_F1 Score: [4;35m0.8699[0m
æ ‡ç­¾é‡Œ1çš„ä¸ªæ•°:  2150
æ ‡ç­¾é‡Œ0çš„ä¸ªæ•°:  2150
æ€»æ•°:  4300
æ­£ç¡®çš„ä¸ªæ•°:  3743
æœ€åä¸€ä¸ªæ‰¹æ¬¡çš„è¾“å‡º, ä¸æ»¡batchsizeæ˜¯æ­£å¸¸çš„:
 tensor([[0.8906],
        [0.9641],
        [0.9934],
        [0.0517],
        [0.9942],
        [0.0336],
        [0.1332],
        [0.1090],
        [0.8937],
        [0.8990],
        [0.0210],
        [0.0238]], device='cuda:0', grad_fn=<SigmoidBackward0>)
Epoch [23/100], T_AUC: [4m0.8755[0m
Epoch [23/100], Loss: 17.6286
val_Accuracy: [92m0.7651[0m
val_Precision: [4;34m0.7810[0m,               val_Recall: [4;33m0.7206[0m,                 val_F1 Score: [4;35m0.7439[0m
æ ‡ç­¾é‡Œ1çš„ä¸ªæ•°:  430
æ ‡ç­¾é‡Œ0çš„ä¸ªæ•°:  430
æ€»æ•°:  860
æ­£ç¡®çš„ä¸ªæ•°:  658
Epoch [23/100], V_AUC: [4m0.7621[0m
Epoch [24/100], Loss: 41.4502
train_Accuracy: [91m0.8740[0m
train_Precision: [4;34m0.8692[0m,               train_Recall: [4;33m0.8860[0m,                 train_F1 Score: [4;35m0.8735[0m
æ ‡ç­¾é‡Œ1çš„ä¸ªæ•°:  2150
æ ‡ç­¾é‡Œ0çš„ä¸ªæ•°:  2150
æ€»æ•°:  4300
æ­£ç¡®çš„ä¸ªæ•°:  3758
æœ€åä¸€ä¸ªæ‰¹æ¬¡çš„è¾“å‡º, ä¸æ»¡batchsizeæ˜¯æ­£å¸¸çš„:
 tensor([[0.9382],
        [0.9455],
        [0.9957],
        [0.0548],
        [0.9959],
        [0.0283],
        [0.2250],
        [0.0488],
        [0.8473],
        [0.9179],
        [0.0160],
        [0.0296]], device='cuda:0', grad_fn=<SigmoidBackward0>)
Epoch [24/100], T_AUC: [4m0.8785[0m
Epoch [24/100], Loss: 18.3923
val_Accuracy: [92m0.7767[0m
val_Precision: [4;34m0.7948[0m,               val_Recall: [4;33m0.7350[0m,                 val_F1 Score: [4;35m0.7579[0m
æ ‡ç­¾é‡Œ1çš„ä¸ªæ•°:  430
æ ‡ç­¾é‡Œ0çš„ä¸ªæ•°:  430
æ€»æ•°:  860
æ­£ç¡®çš„ä¸ªæ•°:  668
Epoch [24/100], V_AUC: [4m0.7730[0m
Epoch [25/100], Loss: 42.5879
train_Accuracy: [91m0.8719[0m
train_Precision: [4;34m0.8661[0m,               train_Recall: [4;33m0.8853[0m,                 train_F1 Score: [4;35m0.8717[0m
æ ‡ç­¾é‡Œ1çš„ä¸ªæ•°:  2150
æ ‡ç­¾é‡Œ0çš„ä¸ªæ•°:  2150
æ€»æ•°:  4300
æ­£ç¡®çš„ä¸ªæ•°:  3749
æœ€åä¸€ä¸ªæ‰¹æ¬¡çš„è¾“å‡º, ä¸æ»¡batchsizeæ˜¯æ­£å¸¸çš„:
 tensor([[0.9620],
        [0.9436],
        [0.9892],
        [0.0688],
        [0.9945],
        [0.0236],
        [0.1322],
        [0.1492],
        [0.9216],
        [0.9594],
        [0.0034],
        [0.0281]], device='cuda:0', grad_fn=<SigmoidBackward0>)
Epoch [25/100], T_AUC: [4m0.8768[0m
Epoch [25/100], Loss: 17.2293
val_Accuracy: [92m0.7674[0m
val_Precision: [4;34m0.7735[0m,               val_Recall: [4;33m0.7491[0m,                 val_F1 Score: [4;35m0.7553[0m
æ ‡ç­¾é‡Œ1çš„ä¸ªæ•°:  430
æ ‡ç­¾é‡Œ0çš„ä¸ªæ•°:  430
æ€»æ•°:  860
æ­£ç¡®çš„ä¸ªæ•°:  660
Epoch [25/100], V_AUC: [4m0.7655[0m
Epoch [26/100], Loss: 40.1660
train_Accuracy: [91m0.8781[0m
train_Precision: [4;34m0.8701[0m,               train_Recall: [4;33m0.8953[0m,                 train_F1 Score: [4;35m0.8784[0m
æ ‡ç­¾é‡Œ1çš„ä¸ªæ•°:  2150
æ ‡ç­¾é‡Œ0çš„ä¸ªæ•°:  2150
æ€»æ•°:  4300
æ­£ç¡®çš„ä¸ªæ•°:  3776
æœ€åä¸€ä¸ªæ‰¹æ¬¡çš„è¾“å‡º, ä¸æ»¡batchsizeæ˜¯æ­£å¸¸çš„:
 tensor([[0.9419],
        [0.9675],
        [0.9990],
        [0.0694],
        [0.9883],
        [0.0159],
        [0.0945],
        [0.1449],
        [0.8725],
        [0.9734],
        [0.0014],
        [0.0288]], device='cuda:0', grad_fn=<SigmoidBackward0>)
Epoch [26/100], T_AUC: [4m0.8834[0m
Epoch [26/100], Loss: 17.3123
val_Accuracy: [92m0.7663[0m
val_Precision: [4;34m0.7788[0m,               val_Recall: [4;33m0.7330[0m,                 val_F1 Score: [4;35m0.7500[0m
æ ‡ç­¾é‡Œ1çš„ä¸ªæ•°:  430
æ ‡ç­¾é‡Œ0çš„ä¸ªæ•°:  430
æ€»æ•°:  860
æ­£ç¡®çš„ä¸ªæ•°:  659
Epoch [26/100], V_AUC: [4m0.7642[0m
Epoch [27/100], Loss: 38.6720
train_Accuracy: [91m0.8853[0m
train_Precision: [4;34m0.8800[0m,               train_Recall: [4;33m0.8983[0m,                 train_F1 Score: [4;35m0.8851[0m
æ ‡ç­¾é‡Œ1çš„ä¸ªæ•°:  2150
æ ‡ç­¾é‡Œ0çš„ä¸ªæ•°:  2150
æ€»æ•°:  4300
æ­£ç¡®çš„ä¸ªæ•°:  3807
æœ€åä¸€ä¸ªæ‰¹æ¬¡çš„è¾“å‡º, ä¸æ»¡batchsizeæ˜¯æ­£å¸¸çš„:
 tensor([[0.9649],
        [0.9935],
        [0.9982],
        [0.0685],
        [0.9816],
        [0.0117],
        [0.0454],
        [0.0990],
        [0.9107],
        [0.9579],
        [0.0055],
        [0.0159]], device='cuda:0', grad_fn=<SigmoidBackward0>)
Epoch [27/100], T_AUC: [4m0.8902[0m
Epoch [27/100], Loss: 18.8081
val_Accuracy: [92m0.7744[0m
val_Precision: [4;34m0.7889[0m,               val_Recall: [4;33m0.7400[0m,                 val_F1 Score: [4;35m0.7581[0m
æ ‡ç­¾é‡Œ1çš„ä¸ªæ•°:  430
æ ‡ç­¾é‡Œ0çš„ä¸ªæ•°:  430
æ€»æ•°:  860
æ­£ç¡®çš„ä¸ªæ•°:  666
Epoch [27/100], V_AUC: [4m0.7720[0m
Epoch [28/100], Loss: 37.3419
train_Accuracy: [91m0.8872[0m
train_Precision: [4;34m0.8756[0m,               train_Recall: [4;33m0.9067[0m,                 train_F1 Score: [4;35m0.8869[0m
æ ‡ç­¾é‡Œ1çš„ä¸ªæ•°:  2150
æ ‡ç­¾é‡Œ0çš„ä¸ªæ•°:  2150
æ€»æ•°:  4300
æ­£ç¡®çš„ä¸ªæ•°:  3815
æœ€åä¸€ä¸ªæ‰¹æ¬¡çš„è¾“å‡º, ä¸æ»¡batchsizeæ˜¯æ­£å¸¸çš„:
 tensor([[0.9474],
        [0.9916],
        [0.9983],
        [0.0783],
        [0.9967],
        [0.0040],
        [0.1629],
        [0.0629],
        [0.8343],
        [0.9417],
        [0.0019],
        [0.0613]], device='cuda:0', grad_fn=<SigmoidBackward0>)
Epoch [28/100], T_AUC: [4m0.8917[0m
Epoch [28/100], Loss: 20.3513
val_Accuracy: [92m0.7558[0m
val_Precision: [4;34m0.7648[0m,               val_Recall: [4;33m0.7296[0m,                 val_F1 Score: [4;35m0.7423[0m
æ ‡ç­¾é‡Œ1çš„ä¸ªæ•°:  430
æ ‡ç­¾é‡Œ0çš„ä¸ªæ•°:  430
æ€»æ•°:  860
æ­£ç¡®çš„ä¸ªæ•°:  650
Epoch [28/100], V_AUC: [4m0.7538[0m
Epoch [29/100], Loss: 36.6663
train_Accuracy: [91m0.8926[0m
train_Precision: [4;34m0.8848[0m,               train_Recall: [4;33m0.9065[0m,                 train_F1 Score: [4;35m0.8921[0m
æ ‡ç­¾é‡Œ1çš„ä¸ªæ•°:  2150
æ ‡ç­¾é‡Œ0çš„ä¸ªæ•°:  2150
æ€»æ•°:  4300
æ­£ç¡®çš„ä¸ªæ•°:  3838
æœ€åä¸€ä¸ªæ‰¹æ¬¡çš„è¾“å‡º, ä¸æ»¡batchsizeæ˜¯æ­£å¸¸çš„:
 tensor([[0.9832],
        [0.9895],
        [0.9942],
        [0.0696],
        [0.9871],
        [0.0072],
        [0.0444],
        [0.0977],
        [0.9341],
        [0.9832],
        [0.0042],
        [0.0246]], device='cuda:0', grad_fn=<SigmoidBackward0>)
Epoch [29/100], T_AUC: [4m0.8970[0m
Epoch [29/100], Loss: 19.3186
val_Accuracy: [92m0.7628[0m
val_Precision: [4;34m0.7547[0m,               val_Recall: [4;33m0.7675[0m,                 val_F1 Score: [4;35m0.7560[0m
æ ‡ç­¾é‡Œ1çš„ä¸ªæ•°:  430
æ ‡ç­¾é‡Œ0çš„ä¸ªæ•°:  430
æ€»æ•°:  860
æ­£ç¡®çš„ä¸ªæ•°:  656
Epoch [29/100], V_AUC: [4m0.7609[0m
Epoch [30/100], Loss: 37.0968
train_Accuracy: [91m0.8865[0m
train_Precision: [4;34m0.8760[0m,               train_Recall: [4;33m0.9062[0m,                 train_F1 Score: [4;35m0.8866[0m
æ ‡ç­¾é‡Œ1çš„ä¸ªæ•°:  2150
æ ‡ç­¾é‡Œ0çš„ä¸ªæ•°:  2150
æ€»æ•°:  4300
æ­£ç¡®çš„ä¸ªæ•°:  3812
æœ€åä¸€ä¸ªæ‰¹æ¬¡çš„è¾“å‡º, ä¸æ»¡batchsizeæ˜¯æ­£å¸¸çš„:
 tensor([[0.9910],
        [0.9880],
        [0.9887],
        [0.0977],
        [0.9931],
        [0.0036],
        [0.0342],
        [0.1097],
        [0.8895],
        [0.9812],
        [0.0048],
        [0.0489]], device='cuda:0', grad_fn=<SigmoidBackward0>)
Epoch [30/100], T_AUC: [4m0.8917[0m
Epoch [30/100], Loss: 19.0864
val_Accuracy: [92m0.7651[0m
val_Precision: [4;34m0.7611[0m,               val_Recall: [4;33m0.7655[0m,                 val_F1 Score: [4;35m0.7574[0m
æ ‡ç­¾é‡Œ1çš„ä¸ªæ•°:  430
æ ‡ç­¾é‡Œ0çš„ä¸ªæ•°:  430
æ€»æ•°:  860
æ­£ç¡®çš„ä¸ªæ•°:  658
Epoch [30/100], V_AUC: [4m0.7634[0m
Epoch [31/100], Loss: 34.9324
train_Accuracy: [91m0.8970[0m
train_Precision: [4;34m0.8891[0m,               train_Recall: [4;33m0.9125[0m,                 train_F1 Score: [4;35m0.8969[0m
æ ‡ç­¾é‡Œ1çš„ä¸ªæ•°:  2150
æ ‡ç­¾é‡Œ0çš„ä¸ªæ•°:  2150
æ€»æ•°:  4300
æ­£ç¡®çš„ä¸ªæ•°:  3857
æœ€åä¸€ä¸ªæ‰¹æ¬¡çš„è¾“å‡º, ä¸æ»¡batchsizeæ˜¯æ­£å¸¸çš„:
 tensor([[0.9731],
        [0.9904],
        [0.9998],
        [0.0574],
        [0.9985],
        [0.0015],
        [0.0476],
        [0.0778],
        [0.8752],
        [0.9134],
        [0.0028],
        [0.0329]], device='cuda:0', grad_fn=<SigmoidBackward0>)
Epoch [31/100], T_AUC: [4m0.9015[0m
Epoch [31/100], Loss: 20.0124
val_Accuracy: [92m0.7709[0m
val_Precision: [4;34m0.7773[0m,               val_Recall: [4;33m0.7515[0m,                 val_F1 Score: [4;35m0.7577[0m
æ ‡ç­¾é‡Œ1çš„ä¸ªæ•°:  430
æ ‡ç­¾é‡Œ0çš„ä¸ªæ•°:  430
æ€»æ•°:  860
æ­£ç¡®çš„ä¸ªæ•°:  663
Epoch [31/100], V_AUC: [4m0.7679[0m
Epoch [32/100], Loss: 33.3996
train_Accuracy: [91m0.9000[0m
train_Precision: [4;34m0.8939[0m,               train_Recall: [4;33m0.9127[0m,                 train_F1 Score: [4;35m0.8995[0m
æ ‡ç­¾é‡Œ1çš„ä¸ªæ•°:  2150
æ ‡ç­¾é‡Œ0çš„ä¸ªæ•°:  2150
æ€»æ•°:  4300
æ­£ç¡®çš„ä¸ªæ•°:  3870
æœ€åä¸€ä¸ªæ‰¹æ¬¡çš„è¾“å‡º, ä¸æ»¡batchsizeæ˜¯æ­£å¸¸çš„:
 tensor([[0.9468],
        [0.9921],
        [0.9989],
        [0.0436],
        [0.9988],
        [0.0017],
        [0.0339],
        [0.0440],
        [0.9680],
        [0.9917],
        [0.0053],
        [0.0088]], device='cuda:0', grad_fn=<SigmoidBackward0>)
Epoch [32/100], T_AUC: [4m0.9044[0m
Epoch [32/100], Loss: 19.2659
val_Accuracy: [92m0.7686[0m
val_Precision: [4;34m0.7757[0m,               val_Recall: [4;33m0.7488[0m,                 val_F1 Score: [4;35m0.7551[0m
æ ‡ç­¾é‡Œ1çš„ä¸ªæ•°:  430
æ ‡ç­¾é‡Œ0çš„ä¸ªæ•°:  430
æ€»æ•°:  860
æ­£ç¡®çš„ä¸ªæ•°:  661
Epoch [32/100], V_AUC: [4m0.7672[0m
Epoch [33/100], Loss: 31.9641
train_Accuracy: [91m0.9060[0m
train_Precision: [4;34m0.8995[0m,               train_Recall: [4;33m0.9183[0m,                 train_F1 Score: [4;35m0.9055[0m
æ ‡ç­¾é‡Œ1çš„ä¸ªæ•°:  2150
æ ‡ç­¾é‡Œ0çš„ä¸ªæ•°:  2150
æ€»æ•°:  4300
æ­£ç¡®çš„ä¸ªæ•°:  3896
æœ€åä¸€ä¸ªæ‰¹æ¬¡çš„è¾“å‡º, ä¸æ»¡batchsizeæ˜¯æ­£å¸¸çš„:
 tensor([[9.2073e-01],
        [9.8637e-01],
        [9.9842e-01],
        [4.9470e-02],
        [9.9962e-01],
        [8.4340e-04],
        [6.2828e-02],
        [1.0312e-01],
        [9.6017e-01],
        [9.8846e-01],
        [4.2685e-03],
        [9.2464e-03]], device='cuda:0', grad_fn=<SigmoidBackward0>)
Epoch [33/100], T_AUC: [4m0.9100[0m
Epoch [33/100], Loss: 19.6380
val_Accuracy: [92m0.7814[0m
val_Precision: [4;34m0.7946[0m,               val_Recall: [4;33m0.7501[0m,                 val_F1 Score: [4;35m0.7664[0m
æ ‡ç­¾é‡Œ1çš„ä¸ªæ•°:  430
æ ‡ç­¾é‡Œ0çš„ä¸ªæ•°:  430
æ€»æ•°:  860
æ­£ç¡®çš„ä¸ªæ•°:  672
Epoch [33/100], V_AUC: [4m0.7783[0m
Epoch [34/100], Loss: 30.9826
train_Accuracy: [91m0.9056[0m
train_Precision: [4;34m0.8962[0m,               train_Recall: [4;33m0.9207[0m,                 train_F1 Score: [4;35m0.9054[0m
æ ‡ç­¾é‡Œ1çš„ä¸ªæ•°:  2150
æ ‡ç­¾é‡Œ0çš„ä¸ªæ•°:  2150
æ€»æ•°:  4300
æ­£ç¡®çš„ä¸ªæ•°:  3894
æœ€åä¸€ä¸ªæ‰¹æ¬¡çš„è¾“å‡º, ä¸æ»¡batchsizeæ˜¯æ­£å¸¸çš„:
 tensor([[0.9563],
        [0.9818],
        [0.9997],
        [0.0568],
        [0.9997],
        [0.0014],
        [0.0327],
        [0.0577],
        [0.9495],
        [0.9304],
        [0.0073],
        [0.0080]], device='cuda:0', grad_fn=<SigmoidBackward0>)
Epoch [34/100], T_AUC: [4m0.9088[0m
Epoch [34/100], Loss: 20.7936
val_Accuracy: [92m0.7698[0m
val_Precision: [4;34m0.7777[0m,               val_Recall: [4;33m0.7441[0m,                 val_F1 Score: [4;35m0.7538[0m
æ ‡ç­¾é‡Œ1çš„ä¸ªæ•°:  430
æ ‡ç­¾é‡Œ0çš„ä¸ªæ•°:  430
æ€»æ•°:  860
æ­£ç¡®çš„ä¸ªæ•°:  662
Epoch [34/100], V_AUC: [4m0.7694[0m
Epoch [35/100], Loss: 30.3221
train_Accuracy: [91m0.9119[0m
train_Precision: [4;34m0.9026[0m,               train_Recall: [4;33m0.9263[0m,                 train_F1 Score: [4;35m0.9111[0m
æ ‡ç­¾é‡Œ1çš„ä¸ªæ•°:  2150
æ ‡ç­¾é‡Œ0çš„ä¸ªæ•°:  2150
æ€»æ•°:  4300
æ­£ç¡®çš„ä¸ªæ•°:  3921
æœ€åä¸€ä¸ªæ‰¹æ¬¡çš„è¾“å‡º, ä¸æ»¡batchsizeæ˜¯æ­£å¸¸çš„:
 tensor([[0.9484],
        [0.9977],
        [0.9950],
        [0.0318],
        [0.9998],
        [0.0044],
        [0.0051],
        [0.1032],
        [0.9913],
        [0.9695],
        [0.0015],
        [0.0113]], device='cuda:0', grad_fn=<SigmoidBackward0>)
Epoch [35/100], T_AUC: [4m0.9159[0m
Epoch [35/100], Loss: 21.1892
val_Accuracy: [92m0.7674[0m
val_Precision: [4;34m0.7813[0m,               val_Recall: [4;33m0.7387[0m,                 val_F1 Score: [4;35m0.7538[0m
æ ‡ç­¾é‡Œ1çš„ä¸ªæ•°:  430
æ ‡ç­¾é‡Œ0çš„ä¸ªæ•°:  430
æ€»æ•°:  860
æ­£ç¡®çš„ä¸ªæ•°:  660
Epoch [35/100], V_AUC: [4m0.7660[0m
Epoch [36/100], Loss: 29.4509
train_Accuracy: [91m0.9105[0m
train_Precision: [4;34m0.8998[0m,               train_Recall: [4;33m0.9262[0m,                 train_F1 Score: [4;35m0.9094[0m
æ ‡ç­¾é‡Œ1çš„ä¸ªæ•°:  2150
æ ‡ç­¾é‡Œ0çš„ä¸ªæ•°:  2150
æ€»æ•°:  4300
æ­£ç¡®çš„ä¸ªæ•°:  3915
æœ€åä¸€ä¸ªæ‰¹æ¬¡çš„è¾“å‡º, ä¸æ»¡batchsizeæ˜¯æ­£å¸¸çš„:
 tensor([[9.8661e-01],
        [9.9754e-01],
        [9.9918e-01],
        [3.8181e-02],
        [9.9830e-01],
        [1.1147e-04],
        [8.6149e-02],
        [1.6096e-02],
        [9.9065e-01],
        [9.8364e-01],
        [1.7934e-03],
        [3.1195e-02]], device='cuda:0', grad_fn=<SigmoidBackward0>)
Epoch [36/100], T_AUC: [4m0.9145[0m
Epoch [36/100], Loss: 22.8552
val_Accuracy: [92m0.7500[0m
val_Precision: [4;34m0.7471[0m,               val_Recall: [4;33m0.7506[0m,                 val_F1 Score: [4;35m0.7432[0m
æ ‡ç­¾é‡Œ1çš„ä¸ªæ•°:  430
æ ‡ç­¾é‡Œ0çš„ä¸ªæ•°:  430
æ€»æ•°:  860
æ­£ç¡®çš„ä¸ªæ•°:  645
Epoch [36/100], V_AUC: [4m0.7494[0m
Epoch [37/100], Loss: 31.2031
train_Accuracy: [91m0.9079[0m
train_Precision: [4;34m0.8972[0m,               train_Recall: [4;33m0.9260[0m,                 train_F1 Score: [4;35m0.9079[0m
æ ‡ç­¾é‡Œ1çš„ä¸ªæ•°:  2150
æ ‡ç­¾é‡Œ0çš„ä¸ªæ•°:  2150
æ€»æ•°:  4300
æ­£ç¡®çš„ä¸ªæ•°:  3904
æœ€åä¸€ä¸ªæ‰¹æ¬¡çš„è¾“å‡º, ä¸æ»¡batchsizeæ˜¯æ­£å¸¸çš„:
 tensor([[9.7127e-01],
        [9.9842e-01],
        [9.9267e-01],
        [3.9999e-02],
        [9.9951e-01],
        [5.5563e-04],
        [1.7851e-02],
        [1.3173e-01],
        [9.7470e-01],
        [9.6399e-01],
        [2.6450e-03],
        [4.7338e-02]], device='cuda:0', grad_fn=<SigmoidBackward0>)
Epoch [37/100], T_AUC: [4m0.9120[0m
Epoch [37/100], Loss: 22.2214
val_Accuracy: [92m0.7605[0m
val_Precision: [4;34m0.7587[0m,               val_Recall: [4;33m0.7569[0m,                 val_F1 Score: [4;35m0.7525[0m
æ ‡ç­¾é‡Œ1çš„ä¸ªæ•°:  430
æ ‡ç­¾é‡Œ0çš„ä¸ªæ•°:  430
æ€»æ•°:  860
æ­£ç¡®çš„ä¸ªæ•°:  654
Epoch [37/100], V_AUC: [4m0.7603[0m
Epoch [38/100], Loss: 31.1920
train_Accuracy: [91m0.9026[0m
train_Precision: [4;34m0.8927[0m,               train_Recall: [4;33m0.9192[0m,                 train_F1 Score: [4;35m0.9024[0m
æ ‡ç­¾é‡Œ1çš„ä¸ªæ•°:  2150
æ ‡ç­¾é‡Œ0çš„ä¸ªæ•°:  2150
æ€»æ•°:  4300
æ­£ç¡®çš„ä¸ªæ•°:  3881
æœ€åä¸€ä¸ªæ‰¹æ¬¡çš„è¾“å‡º, ä¸æ»¡batchsizeæ˜¯æ­£å¸¸çš„:
 tensor([[9.8239e-01],
        [9.9666e-01],
        [9.9768e-01],
        [2.9686e-02],
        [9.9997e-01],
        [2.6793e-04],
        [6.6996e-02],
        [7.6771e-02],
        [9.7678e-01],
        [9.8611e-01],
        [5.2734e-04],
        [2.6501e-03]], device='cuda:0', grad_fn=<SigmoidBackward0>)
Epoch [38/100], T_AUC: [4m0.9063[0m
Epoch [38/100], Loss: 23.0326
val_Accuracy: [92m0.7651[0m
val_Precision: [4;34m0.7714[0m,               val_Recall: [4;33m0.7459[0m,                 val_F1 Score: [4;35m0.7517[0m
æ ‡ç­¾é‡Œ1çš„ä¸ªæ•°:  430
æ ‡ç­¾é‡Œ0çš„ä¸ªæ•°:  430
æ€»æ•°:  860
æ­£ç¡®çš„ä¸ªæ•°:  658
Epoch [38/100], V_AUC: [4m0.7650[0m
Epoch [39/100], Loss: 27.8114
train_Accuracy: [91m0.9177[0m
train_Precision: [4;34m0.9043[0m,               train_Recall: [4;33m0.9360[0m,                 train_F1 Score: [4;35m0.9169[0m
æ ‡ç­¾é‡Œ1çš„ä¸ªæ•°:  2150
æ ‡ç­¾é‡Œ0çš„ä¸ªæ•°:  2150
æ€»æ•°:  4300
æ­£ç¡®çš„ä¸ªæ•°:  3946
æœ€åä¸€ä¸ªæ‰¹æ¬¡çš„è¾“å‡º, ä¸æ»¡batchsizeæ˜¯æ­£å¸¸çš„:
 tensor([[9.9826e-01],
        [9.8750e-01],
        [9.9879e-01],
        [4.1271e-02],
        [9.9995e-01],
        [3.8535e-04],
        [1.3760e-01],
        [8.3833e-02],
        [8.9529e-01],
        [9.9197e-01],
        [4.3356e-05],
        [6.5797e-03]], device='cuda:0', grad_fn=<SigmoidBackward0>)
Epoch [39/100], T_AUC: [4m0.9217[0m
Epoch [39/100], Loss: 24.8342
val_Accuracy: [92m0.7651[0m
val_Precision: [4;34m0.7715[0m,               val_Recall: [4;33m0.7465[0m,                 val_F1 Score: [4;35m0.7517[0m
æ ‡ç­¾é‡Œ1çš„ä¸ªæ•°:  430
æ ‡ç­¾é‡Œ0çš„ä¸ªæ•°:  430
æ€»æ•°:  860
æ­£ç¡®çš„ä¸ªæ•°:  658
Epoch [39/100], V_AUC: [4m0.7631[0m
Epoch [40/100], Loss: 26.3264
train_Accuracy: [91m0.9233[0m
train_Precision: [4;34m0.9149[0m,               train_Recall: [4;33m0.9351[0m,                 train_F1 Score: [4;35m0.9223[0m
æ ‡ç­¾é‡Œ1çš„ä¸ªæ•°:  2150
æ ‡ç­¾é‡Œ0çš„ä¸ªæ•°:  2150
æ€»æ•°:  4300
æ­£ç¡®çš„ä¸ªæ•°:  3970
æœ€åä¸€ä¸ªæ‰¹æ¬¡çš„è¾“å‡º, ä¸æ»¡batchsizeæ˜¯æ­£å¸¸çš„:
 tensor([[9.9594e-01],
        [9.9863e-01],
        [9.9978e-01],
        [7.5099e-02],
        [9.9912e-01],
        [2.7054e-04],
        [5.3994e-02],
        [6.1891e-02],
        [9.8194e-01],
        [9.9081e-01],
        [5.4152e-05],
        [2.2930e-03]], device='cuda:0', grad_fn=<SigmoidBackward0>)
Epoch [40/100], T_AUC: [4m0.9264[0m
Epoch [40/100], Loss: 24.5174
val_Accuracy: [92m0.7581[0m
val_Precision: [4;34m0.7643[0m,               val_Recall: [4;33m0.7452[0m,                 val_F1 Score: [4;35m0.7486[0m
æ ‡ç­¾é‡Œ1çš„ä¸ªæ•°:  430
æ ‡ç­¾é‡Œ0çš„ä¸ªæ•°:  430
æ€»æ•°:  860
æ­£ç¡®çš„ä¸ªæ•°:  652
Epoch [40/100], V_AUC: [4m0.7576[0m
Epoch [41/100], Loss: 24.1016
train_Accuracy: [91m0.9293[0m
train_Precision: [4;34m0.9215[0m,               train_Recall: [4;33m0.9405[0m,                 train_F1 Score: [4;35m0.9283[0m
æ ‡ç­¾é‡Œ1çš„ä¸ªæ•°:  2150
æ ‡ç­¾é‡Œ0çš„ä¸ªæ•°:  2150
æ€»æ•°:  4300
æ­£ç¡®çš„ä¸ªæ•°:  3996
æœ€åä¸€ä¸ªæ‰¹æ¬¡çš„è¾“å‡º, ä¸æ»¡batchsizeæ˜¯æ­£å¸¸çš„:
 tensor([[9.5087e-01],
        [9.9681e-01],
        [9.9982e-01],
        [2.8834e-02],
        [9.9996e-01],
        [9.4515e-05],
        [3.3627e-02],
        [4.2245e-02],
        [9.9235e-01],
        [9.8090e-01],
        [8.5287e-04],
        [3.4692e-03]], device='cuda:0', grad_fn=<SigmoidBackward0>)
Epoch [41/100], T_AUC: [4m0.9329[0m
Epoch [41/100], Loss: 23.4309
val_Accuracy: [92m0.7547[0m
val_Precision: [4;34m0.7597[0m,               val_Recall: [4;33m0.7445[0m,                 val_F1 Score: [4;35m0.7454[0m
æ ‡ç­¾é‡Œ1çš„ä¸ªæ•°:  430
æ ‡ç­¾é‡Œ0çš„ä¸ªæ•°:  430
æ€»æ•°:  860
æ­£ç¡®çš„ä¸ªæ•°:  649
Epoch [41/100], V_AUC: [4m0.7526[0m
Epoch [42/100], Loss: 23.4340
train_Accuracy: [91m0.9337[0m
train_Precision: [4;34m0.9245[0m,               train_Recall: [4;33m0.9459[0m,                 train_F1 Score: [4;35m0.9326[0m
æ ‡ç­¾é‡Œ1çš„ä¸ªæ•°:  2150
æ ‡ç­¾é‡Œ0çš„ä¸ªæ•°:  2150
æ€»æ•°:  4300
æ­£ç¡®çš„ä¸ªæ•°:  4015
æœ€åä¸€ä¸ªæ‰¹æ¬¡çš„è¾“å‡º, ä¸æ»¡batchsizeæ˜¯æ­£å¸¸çš„:
 tensor([[8.8709e-01],
        [9.8756e-01],
        [9.9996e-01],
        [2.5778e-02],
        [9.9984e-01],
        [1.7120e-04],
        [1.4072e-02],
        [3.8866e-02],
        [9.9902e-01],
        [9.9758e-01],
        [2.6170e-04],
        [4.1681e-03]], device='cuda:0', grad_fn=<SigmoidBackward0>)
Epoch [42/100], T_AUC: [4m0.9366[0m
Epoch [42/100], Loss: 24.4322
val_Accuracy: [92m0.7628[0m
val_Precision: [4;34m0.7639[0m,               val_Recall: [4;33m0.7559[0m,                 val_F1 Score: [4;35m0.7538[0m
æ ‡ç­¾é‡Œ1çš„ä¸ªæ•°:  430
æ ‡ç­¾é‡Œ0çš„ä¸ªæ•°:  430
æ€»æ•°:  860
æ­£ç¡®çš„ä¸ªæ•°:  656
Epoch [42/100], V_AUC: [4m0.7629[0m
Epoch [43/100], Loss: 23.0855
train_Accuracy: [91m0.9342[0m
train_Precision: [4;34m0.9274[0m,               train_Recall: [4;33m0.9450[0m,                 train_F1 Score: [4;35m0.9340[0m
æ ‡ç­¾é‡Œ1çš„ä¸ªæ•°:  2150
æ ‡ç­¾é‡Œ0çš„ä¸ªæ•°:  2150
æ€»æ•°:  4300
æ­£ç¡®çš„ä¸ªæ•°:  4017
æœ€åä¸€ä¸ªæ‰¹æ¬¡çš„è¾“å‡º, ä¸æ»¡batchsizeæ˜¯æ­£å¸¸çš„:
 tensor([[9.9808e-01],
        [9.9855e-01],
        [9.9924e-01],
        [4.3963e-02],
        [9.9988e-01],
        [2.2566e-04],
        [1.9531e-02],
        [1.4631e-01],
        [9.9544e-01],
        [9.9159e-01],
        [6.1420e-05],
        [8.0120e-04]], device='cuda:0', grad_fn=<SigmoidBackward0>)
Epoch [43/100], T_AUC: [4m0.9370[0m
Epoch [43/100], Loss: 25.0298
val_Accuracy: [92m0.7605[0m
val_Precision: [4;34m0.7685[0m,               val_Recall: [4;33m0.7378[0m,                 val_F1 Score: [4;35m0.7471[0m
æ ‡ç­¾é‡Œ1çš„ä¸ªæ•°:  430
æ ‡ç­¾é‡Œ0çš„ä¸ªæ•°:  430
æ€»æ•°:  860
æ­£ç¡®çš„ä¸ªæ•°:  654
Epoch [43/100], V_AUC: [4m0.7578[0m
Epoch [44/100], Loss: 23.9346
train_Accuracy: [91m0.9267[0m
train_Precision: [4;34m0.9129[0m,               train_Recall: [4;33m0.9453[0m,                 train_F1 Score: [4;35m0.9262[0m
æ ‡ç­¾é‡Œ1çš„ä¸ªæ•°:  2150
æ ‡ç­¾é‡Œ0çš„ä¸ªæ•°:  2150
æ€»æ•°:  4300
æ­£ç¡®çš„ä¸ªæ•°:  3985
æœ€åä¸€ä¸ªæ‰¹æ¬¡çš„è¾“å‡º, ä¸æ»¡batchsizeæ˜¯æ­£å¸¸çš„:
 tensor([[9.9361e-01],
        [9.8057e-01],
        [9.9954e-01],
        [1.1814e-02],
        [9.9975e-01],
        [4.8038e-04],
        [1.1838e-01],
        [1.7088e-01],
        [9.9537e-01],
        [9.9887e-01],
        [5.2051e-05],
        [7.1153e-04]], device='cuda:0', grad_fn=<SigmoidBackward0>)
Epoch [44/100], T_AUC: [4m0.9300[0m
Epoch [44/100], Loss: 25.8313
val_Accuracy: [92m0.7465[0m
val_Precision: [4;34m0.7520[0m,               val_Recall: [4;33m0.7283[0m,                 val_F1 Score: [4;35m0.7340[0m
æ ‡ç­¾é‡Œ1çš„ä¸ªæ•°:  430
æ ‡ç­¾é‡Œ0çš„ä¸ªæ•°:  430
æ€»æ•°:  860
æ­£ç¡®çš„ä¸ªæ•°:  642
Epoch [44/100], V_AUC: [4m0.7465[0m
Epoch [45/100], Loss: 27.1414
train_Accuracy: [91m0.9184[0m
train_Precision: [4;34m0.9101[0m,               train_Recall: [4;33m0.9325[0m,                 train_F1 Score: [4;35m0.9179[0m
æ ‡ç­¾é‡Œ1çš„ä¸ªæ•°:  2150
æ ‡ç­¾é‡Œ0çš„ä¸ªæ•°:  2150
æ€»æ•°:  4300
æ­£ç¡®çš„ä¸ªæ•°:  3949
æœ€åä¸€ä¸ªæ‰¹æ¬¡çš„è¾“å‡º, ä¸æ»¡batchsizeæ˜¯æ­£å¸¸çš„:
 tensor([[9.9983e-01],
        [9.9501e-01],
        [9.9935e-01],
        [2.9574e-02],
        [9.9987e-01],
        [1.6989e-03],
        [8.1887e-02],
        [2.2924e-02],
        [9.7509e-01],
        [9.9782e-01],
        [1.0636e-05],
        [8.8725e-04]], device='cuda:0', grad_fn=<SigmoidBackward0>)
Epoch [45/100], T_AUC: [4m0.9221[0m
Epoch [45/100], Loss: 25.7103
val_Accuracy: [92m0.7674[0m
val_Precision: [4;34m0.7657[0m,               val_Recall: [4;33m0.7695[0m,                 val_F1 Score: [4;35m0.7624[0m
æ ‡ç­¾é‡Œ1çš„ä¸ªæ•°:  430
æ ‡ç­¾é‡Œ0çš„ä¸ªæ•°:  430
æ€»æ•°:  860
æ­£ç¡®çš„ä¸ªæ•°:  660
Epoch [45/100], V_AUC: [4m0.7662[0m
Epoch [46/100], Loss: 24.0172
train_Accuracy: [91m0.9300[0m
train_Precision: [4;34m0.9165[0m,               train_Recall: [4;33m0.9480[0m,                 train_F1 Score: [4;35m0.9299[0m
æ ‡ç­¾é‡Œ1çš„ä¸ªæ•°:  2150
æ ‡ç­¾é‡Œ0çš„ä¸ªæ•°:  2150
æ€»æ•°:  4300
æ­£ç¡®çš„ä¸ªæ•°:  3999
æœ€åä¸€ä¸ªæ‰¹æ¬¡çš„è¾“å‡º, ä¸æ»¡batchsizeæ˜¯æ­£å¸¸çš„:
 tensor([[9.9855e-01],
        [9.5064e-01],
        [9.9997e-01],
        [2.7463e-02],
        [9.9996e-01],
        [1.8735e-04],
        [3.1981e-02],
        [2.4780e-02],
        [9.5605e-01],
        [9.9535e-01],
        [1.2421e-04],
        [2.9597e-03]], device='cuda:0', grad_fn=<SigmoidBackward0>)
Epoch [46/100], T_AUC: [4m0.9327[0m
Epoch [46/100], Loss: 28.7223
val_Accuracy: [92m0.7640[0m
val_Precision: [4;34m0.7756[0m,               val_Recall: [4;33m0.7390[0m,                 val_F1 Score: [4;35m0.7499[0m
æ ‡ç­¾é‡Œ1çš„ä¸ªæ•°:  430
æ ‡ç­¾é‡Œ0çš„ä¸ªæ•°:  430
æ€»æ•°:  860
æ­£ç¡®çš„ä¸ªæ•°:  657
Epoch [46/100], V_AUC: [4m0.7628[0m
Epoch [47/100], Loss: 21.8030
train_Accuracy: [91m0.9393[0m
train_Precision: [4;34m0.9278[0m,               train_Recall: [4;33m0.9539[0m,                 train_F1 Score: [4;35m0.9387[0m
æ ‡ç­¾é‡Œ1çš„ä¸ªæ•°:  2150
æ ‡ç­¾é‡Œ0çš„ä¸ªæ•°:  2150
æ€»æ•°:  4300
æ­£ç¡®çš„ä¸ªæ•°:  4039
æœ€åä¸€ä¸ªæ‰¹æ¬¡çš„è¾“å‡º, ä¸æ»¡batchsizeæ˜¯æ­£å¸¸çš„:
 tensor([[9.9810e-01],
        [9.9175e-01],
        [9.9997e-01],
        [2.0392e-02],
        [9.9998e-01],
        [6.7197e-05],
        [1.8323e-01],
        [1.9683e-02],
        [9.7383e-01],
        [9.9835e-01],
        [9.3482e-06],
        [5.6637e-04]], device='cuda:0', grad_fn=<SigmoidBackward0>)
Epoch [47/100], T_AUC: [4m0.9414[0m
Epoch [47/100], Loss: 26.5117
val_Accuracy: [92m0.7721[0m
val_Precision: [4;34m0.7756[0m,               val_Recall: [4;33m0.7564[0m,                 val_F1 Score: [4;35m0.7600[0m
æ ‡ç­¾é‡Œ1çš„ä¸ªæ•°:  430
æ ‡ç­¾é‡Œ0çš„ä¸ªæ•°:  430
æ€»æ•°:  860
æ­£ç¡®çš„ä¸ªæ•°:  664
Epoch [47/100], V_AUC: [4m0.7694[0m
Epoch [48/100], Loss: 18.7542
train_Accuracy: [91m0.9467[0m
train_Precision: [4;34m0.9333[0m,               train_Recall: [4;33m0.9642[0m,                 train_F1 Score: [4;35m0.9467[0m
æ ‡ç­¾é‡Œ1çš„ä¸ªæ•°:  2150
æ ‡ç­¾é‡Œ0çš„ä¸ªæ•°:  2150
æ€»æ•°:  4300
æ­£ç¡®çš„ä¸ªæ•°:  4071
æœ€åä¸€ä¸ªæ‰¹æ¬¡çš„è¾“å‡º, ä¸æ»¡batchsizeæ˜¯æ­£å¸¸çš„:
 tensor([[9.9848e-01],
        [9.9946e-01],
        [9.9841e-01],
        [9.8465e-03],
        [9.9993e-01],
        [1.7605e-04],
        [2.3597e-01],
        [4.3072e-02],
        [9.6507e-01],
        [9.9922e-01],
        [1.6480e-05],
        [5.2712e-04]], device='cuda:0', grad_fn=<SigmoidBackward0>)
Epoch [48/100], T_AUC: [4m0.9490[0m
Epoch [48/100], Loss: 28.3604
val_Accuracy: [92m0.7663[0m
val_Precision: [4;34m0.7620[0m,               val_Recall: [4;33m0.7637[0m,                 val_F1 Score: [4;35m0.7570[0m
æ ‡ç­¾é‡Œ1çš„ä¸ªæ•°:  430
æ ‡ç­¾é‡Œ0çš„ä¸ªæ•°:  430
æ€»æ•°:  860
æ­£ç¡®çš„ä¸ªæ•°:  659
Epoch [48/100], V_AUC: [4m0.7631[0m
Epoch [49/100], Loss: 19.3004
train_Accuracy: [91m0.9479[0m
train_Precision: [4;34m0.9416[0m,               train_Recall: [4;33m0.9582[0m,                 train_F1 Score: [4;35m0.9477[0m
æ ‡ç­¾é‡Œ1çš„ä¸ªæ•°:  2150
æ ‡ç­¾é‡Œ0çš„ä¸ªæ•°:  2150
æ€»æ•°:  4300
æ­£ç¡®çš„ä¸ªæ•°:  4076
æœ€åä¸€ä¸ªæ‰¹æ¬¡çš„è¾“å‡º, ä¸æ»¡batchsizeæ˜¯æ­£å¸¸çš„:
 tensor([[9.9431e-01],
        [9.9733e-01],
        [9.9988e-01],
        [1.1436e-02],
        [9.9980e-01],
        [8.6506e-05],
        [5.9724e-03],
        [1.2937e-01],
        [9.9112e-01],
        [9.9993e-01],
        [1.1936e-04],
        [6.6655e-04]], device='cuda:0', grad_fn=<SigmoidBackward0>)
Epoch [49/100], T_AUC: [4m0.9507[0m
Epoch [49/100], Loss: 25.5773
val_Accuracy: [92m0.7570[0m
val_Precision: [4;34m0.7541[0m,               val_Recall: [4;33m0.7582[0m,                 val_F1 Score: [4;35m0.7492[0m
æ ‡ç­¾é‡Œ1çš„ä¸ªæ•°:  430
æ ‡ç­¾é‡Œ0çš„ä¸ªæ•°:  430
æ€»æ•°:  860
æ­£ç¡®çš„ä¸ªæ•°:  651
Epoch [49/100], V_AUC: [4m0.7562[0m
Epoch [50/100], Loss: 19.8537
train_Accuracy: [91m0.9463[0m
train_Precision: [4;34m0.9390[0m,               train_Recall: [4;33m0.9555[0m,                 train_F1 Score: [4;35m0.9452[0m
æ ‡ç­¾é‡Œ1çš„ä¸ªæ•°:  2150
æ ‡ç­¾é‡Œ0çš„ä¸ªæ•°:  2150
æ€»æ•°:  4300
æ­£ç¡®çš„ä¸ªæ•°:  4069
æœ€åä¸€ä¸ªæ‰¹æ¬¡çš„è¾“å‡º, ä¸æ»¡batchsizeæ˜¯æ­£å¸¸çš„:
 tensor([[9.9669e-01],
        [9.9799e-01],
        [9.9779e-01],
        [1.0949e-02],
        [9.9975e-01],
        [5.5162e-05],
        [1.5292e-02],
        [3.9113e-02],
        [9.9862e-01],
        [9.9994e-01],
        [5.8826e-05],
        [3.6407e-03]], device='cuda:0', grad_fn=<SigmoidBackward0>)
Epoch [50/100], T_AUC: [4m0.9485[0m
Epoch [50/100], Loss: 27.2549
val_Accuracy: [92m0.7523[0m
val_Precision: [4;34m0.7421[0m,               val_Recall: [4;33m0.7652[0m,                 val_F1 Score: [4;35m0.7482[0m
æ ‡ç­¾é‡Œ1çš„ä¸ªæ•°:  430
æ ‡ç­¾é‡Œ0çš„ä¸ªæ•°:  430
æ€»æ•°:  860
æ­£ç¡®çš„ä¸ªæ•°:  647
Epoch [50/100], V_AUC: [4m0.7506[0m
Epoch [51/100], Loss: 19.2799
train_Accuracy: [91m0.9447[0m
train_Precision: [4;34m0.9330[0m,               train_Recall: [4;33m0.9587[0m,                 train_F1 Score: [4;35m0.9438[0m
æ ‡ç­¾é‡Œ1çš„ä¸ªæ•°:  2150
æ ‡ç­¾é‡Œ0çš„ä¸ªæ•°:  2150
æ€»æ•°:  4300
æ­£ç¡®çš„ä¸ªæ•°:  4062
æœ€åä¸€ä¸ªæ‰¹æ¬¡çš„è¾“å‡º, ä¸æ»¡batchsizeæ˜¯æ­£å¸¸çš„:
 tensor([[9.5727e-01],
        [9.9983e-01],
        [9.9991e-01],
        [6.7109e-03],
        [9.9859e-01],
        [4.2331e-05],
        [1.6804e-02],
        [3.8560e-01],
        [9.9881e-01],
        [9.9941e-01],
        [3.7992e-05],
        [1.0239e-03]], device='cuda:0', grad_fn=<SigmoidBackward0>)
Epoch [51/100], T_AUC: [4m0.9471[0m
Epoch [51/100], Loss: 30.3583
val_Accuracy: [92m0.7628[0m
val_Precision: [4;34m0.7454[0m,               val_Recall: [4;33m0.7891[0m,                 val_F1 Score: [4;35m0.7627[0m
æ ‡ç­¾é‡Œ1çš„ä¸ªæ•°:  430
æ ‡ç­¾é‡Œ0çš„ä¸ªæ•°:  430
æ€»æ•°:  860
æ­£ç¡®çš„ä¸ªæ•°:  656
Epoch [51/100], V_AUC: [4m0.7615[0m
Epoch [52/100], Loss: 18.2896
train_Accuracy: [91m0.9493[0m
train_Precision: [4;34m0.9420[0m,               train_Recall: [4;33m0.9585[0m,                 train_F1 Score: [4;35m0.9481[0m
æ ‡ç­¾é‡Œ1çš„ä¸ªæ•°:  2150
æ ‡ç­¾é‡Œ0çš„ä¸ªæ•°:  2150
æ€»æ•°:  4300
æ­£ç¡®çš„ä¸ªæ•°:  4082
æœ€åä¸€ä¸ªæ‰¹æ¬¡çš„è¾“å‡º, ä¸æ»¡batchsizeæ˜¯æ­£å¸¸çš„:
 tensor([[9.9958e-01],
        [9.8561e-01],
        [9.9992e-01],
        [7.6107e-04],
        [9.9991e-01],
        [2.4425e-04],
        [9.0719e-02],
        [2.0412e-02],
        [9.9509e-01],
        [9.9904e-01],
        [4.2692e-05],
        [3.1540e-03]], device='cuda:0', grad_fn=<SigmoidBackward0>)
Epoch [52/100], T_AUC: [4m0.9519[0m
Epoch [52/100], Loss: 27.5703
val_Accuracy: [92m0.7477[0m
val_Precision: [4;34m0.7390[0m,               val_Recall: [4;33m0.7543[0m,                 val_F1 Score: [4;35m0.7426[0m
æ ‡ç­¾é‡Œ1çš„ä¸ªæ•°:  430
æ ‡ç­¾é‡Œ0çš„ä¸ªæ•°:  430
æ€»æ•°:  860
æ­£ç¡®çš„ä¸ªæ•°:  643
Epoch [52/100], V_AUC: [4m0.7474[0m
Epoch [53/100], Loss: 16.7641
train_Accuracy: [91m0.9586[0m
train_Precision: [4;34m0.9523[0m,               train_Recall: [4;33m0.9671[0m,                 train_F1 Score: [4;35m0.9581[0m
æ ‡ç­¾é‡Œ1çš„ä¸ªæ•°:  2150
æ ‡ç­¾é‡Œ0çš„ä¸ªæ•°:  2150
æ€»æ•°:  4300
æ­£ç¡®çš„ä¸ªæ•°:  4122
æœ€åä¸€ä¸ªæ‰¹æ¬¡çš„è¾“å‡º, ä¸æ»¡batchsizeæ˜¯æ­£å¸¸çš„:
 tensor([[9.9977e-01],
        [9.9884e-01],
        [9.9985e-01],
        [1.1203e-03],
        [9.9986e-01],
        [7.4356e-05],
        [4.6056e-03],
        [1.7425e-02],
        [9.9848e-01],
        [9.9987e-01],
        [9.9698e-06],
        [3.1134e-03]], device='cuda:0', grad_fn=<SigmoidBackward0>)
Epoch [53/100], T_AUC: [4m0.9604[0m
Epoch [53/100], Loss: 28.6796
val_Accuracy: [92m0.7686[0m
val_Precision: [4;34m0.7604[0m,               val_Recall: [4;33m0.7772[0m,                 val_F1 Score: [4;35m0.7647[0m
æ ‡ç­¾é‡Œ1çš„ä¸ªæ•°:  430
æ ‡ç­¾é‡Œ0çš„ä¸ªæ•°:  430
æ€»æ•°:  860
æ­£ç¡®çš„ä¸ªæ•°:  661
Epoch [53/100], V_AUC: [4m0.7665[0m
Epoch [54/100], Loss: 18.4570
train_Accuracy: [91m0.9505[0m
train_Precision: [4;34m0.9425[0m,               train_Recall: [4;33m0.9619[0m,                 train_F1 Score: [4;35m0.9498[0m
æ ‡ç­¾é‡Œ1çš„ä¸ªæ•°:  2150
æ ‡ç­¾é‡Œ0çš„ä¸ªæ•°:  2150
æ€»æ•°:  4300
æ­£ç¡®çš„ä¸ªæ•°:  4087
æœ€åä¸€ä¸ªæ‰¹æ¬¡çš„è¾“å‡º, ä¸æ»¡batchsizeæ˜¯æ­£å¸¸çš„:
 tensor([[9.9926e-01],
        [9.8627e-01],
        [9.9957e-01],
        [7.3934e-03],
        [1.0000e+00],
        [1.7217e-04],
        [2.6012e-03],
        [1.8570e-02],
        [9.8829e-01],
        [9.9988e-01],
        [3.2603e-05],
        [3.4685e-03]], device='cuda:0', grad_fn=<SigmoidBackward0>)
Epoch [54/100], T_AUC: [4m0.9531[0m
Epoch [54/100], Loss: 27.5466
val_Accuracy: [92m0.7523[0m
val_Precision: [4;34m0.7481[0m,               val_Recall: [4;33m0.7573[0m,                 val_F1 Score: [4;35m0.7470[0m
æ ‡ç­¾é‡Œ1çš„ä¸ªæ•°:  430
æ ‡ç­¾é‡Œ0çš„ä¸ªæ•°:  430
æ€»æ•°:  860
æ­£ç¡®çš„ä¸ªæ•°:  647
Epoch [54/100], V_AUC: [4m0.7510[0m
Epoch [55/100], Loss: 17.3687
train_Accuracy: [91m0.9542[0m
train_Precision: [4;34m0.9470[0m,               train_Recall: [4;33m0.9630[0m,                 train_F1 Score: [4;35m0.9532[0m
æ ‡ç­¾é‡Œ1çš„ä¸ªæ•°:  2150
æ ‡ç­¾é‡Œ0çš„ä¸ªæ•°:  2150
æ€»æ•°:  4300
æ­£ç¡®çš„ä¸ªæ•°:  4103
æœ€åä¸€ä¸ªæ‰¹æ¬¡çš„è¾“å‡º, ä¸æ»¡batchsizeæ˜¯æ­£å¸¸çš„:
 tensor([[9.9977e-01],
        [9.8578e-01],
        [9.9986e-01],
        [1.2054e-03],
        [9.9998e-01],
        [2.2800e-05],
        [7.0778e-03],
        [5.5081e-02],
        [9.9750e-01],
        [9.9987e-01],
        [3.2694e-05],
        [2.5582e-03]], device='cuda:0', grad_fn=<SigmoidBackward0>)
Epoch [55/100], T_AUC: [4m0.9563[0m
Epoch [55/100], Loss: 29.5589
val_Accuracy: [92m0.7570[0m
val_Precision: [4;34m0.7581[0m,               val_Recall: [4;33m0.7500[0m,                 val_F1 Score: [4;35m0.7484[0m
æ ‡ç­¾é‡Œ1çš„ä¸ªæ•°:  430
æ ‡ç­¾é‡Œ0çš„ä¸ªæ•°:  430
æ€»æ•°:  860
æ­£ç¡®çš„ä¸ªæ•°:  651
Epoch [55/100], V_AUC: [4m0.7554[0m
Epoch [56/100], Loss: 16.7073
train_Accuracy: [91m0.9547[0m
train_Precision: [4;34m0.9455[0m,               train_Recall: [4;33m0.9654[0m,                 train_F1 Score: [4;35m0.9536[0m
æ ‡ç­¾é‡Œ1çš„ä¸ªæ•°:  2150
æ ‡ç­¾é‡Œ0çš„ä¸ªæ•°:  2150
æ€»æ•°:  4300
æ­£ç¡®çš„ä¸ªæ•°:  4105
æœ€åä¸€ä¸ªæ‰¹æ¬¡çš„è¾“å‡º, ä¸æ»¡batchsizeæ˜¯æ­£å¸¸çš„:
 tensor([[9.9992e-01],
        [9.9810e-01],
        [9.9918e-01],
        [1.1919e-02],
        [9.9998e-01],
        [1.5017e-05],
        [1.3470e-02],
        [1.5684e-02],
        [9.8748e-01],
        [9.9992e-01],
        [3.9423e-05],
        [4.6259e-04]], device='cuda:0', grad_fn=<SigmoidBackward0>)
Epoch [56/100], T_AUC: [4m0.9567[0m
Epoch [56/100], Loss: 31.9534
val_Accuracy: [92m0.7628[0m
val_Precision: [4;34m0.7723[0m,               val_Recall: [4;33m0.7420[0m,                 val_F1 Score: [4;35m0.7511[0m
æ ‡ç­¾é‡Œ1çš„ä¸ªæ•°:  430
æ ‡ç­¾é‡Œ0çš„ä¸ªæ•°:  430
æ€»æ•°:  860
æ­£ç¡®çš„ä¸ªæ•°:  656
Epoch [56/100], V_AUC: [4m0.7608[0m
Epoch [57/100], Loss: 14.9869
train_Accuracy: [91m0.9626[0m
train_Precision: [4;34m0.9587[0m,               train_Recall: [4;33m0.9686[0m,                 train_F1 Score: [4;35m0.9621[0m
æ ‡ç­¾é‡Œ1çš„ä¸ªæ•°:  2150
æ ‡ç­¾é‡Œ0çš„ä¸ªæ•°:  2150
æ€»æ•°:  4300
æ­£ç¡®çš„ä¸ªæ•°:  4139
æœ€åä¸€ä¸ªæ‰¹æ¬¡çš„è¾“å‡º, ä¸æ»¡batchsizeæ˜¯æ­£å¸¸çš„:
 tensor([[9.9923e-01],
        [9.9666e-01],
        [1.0000e+00],
        [1.4918e-02],
        [9.9998e-01],
        [2.0761e-06],
        [4.9586e-03],
        [9.6610e-03],
        [9.9150e-01],
        [9.9726e-01],
        [2.6663e-04],
        [8.2249e-04]], device='cuda:0', grad_fn=<SigmoidBackward0>)
Epoch [57/100], T_AUC: [4m0.9644[0m
Epoch [57/100], Loss: 32.0505
val_Accuracy: [92m0.7558[0m
val_Precision: [4;34m0.7588[0m,               val_Recall: [4;33m0.7472[0m,                 val_F1 Score: [4;35m0.7481[0m
æ ‡ç­¾é‡Œ1çš„ä¸ªæ•°:  430
æ ‡ç­¾é‡Œ0çš„ä¸ªæ•°:  430
æ€»æ•°:  860
æ­£ç¡®çš„ä¸ªæ•°:  650
Epoch [57/100], V_AUC: [4m0.7547[0m
Epoch [58/100], Loss: 12.9477
train_Accuracy: [91m0.9712[0m
train_Precision: [4;34m0.9638[0m,               train_Recall: [4;33m0.9799[0m,                 train_F1 Score: [4;35m0.9704[0m
æ ‡ç­¾é‡Œ1çš„ä¸ªæ•°:  2150
æ ‡ç­¾é‡Œ0çš„ä¸ªæ•°:  2150
æ€»æ•°:  4300
æ­£ç¡®çš„ä¸ªæ•°:  4176
æœ€åä¸€ä¸ªæ‰¹æ¬¡çš„è¾“å‡º, ä¸æ»¡batchsizeæ˜¯æ­£å¸¸çš„:
 tensor([[1.0000e+00],
        [9.9828e-01],
        [9.9999e-01],
        [1.6141e-02],
        [9.9999e-01],
        [1.3047e-05],
        [4.6350e-04],
        [1.6568e-02],
        [9.0034e-01],
        [9.9944e-01],
        [7.5361e-05],
        [1.9515e-04]], device='cuda:0', grad_fn=<SigmoidBackward0>)
Epoch [58/100], T_AUC: [4m0.9729[0m
Epoch [58/100], Loss: 32.5027
val_Accuracy: [92m0.7663[0m
val_Precision: [4;34m0.7623[0m,               val_Recall: [4;33m0.7568[0m,                 val_F1 Score: [4;35m0.7558[0m
æ ‡ç­¾é‡Œ1çš„ä¸ªæ•°:  430
æ ‡ç­¾é‡Œ0çš„ä¸ªæ•°:  430
æ€»æ•°:  860
æ­£ç¡®çš„ä¸ªæ•°:  659
Epoch [58/100], V_AUC: [4m0.7610[0m
Epoch [59/100], Loss: 12.1873
train_Accuracy: [91m0.9709[0m
train_Precision: [4;34m0.9616[0m,               train_Recall: [4;33m0.9816[0m,                 train_F1 Score: [4;35m0.9701[0m
æ ‡ç­¾é‡Œ1çš„ä¸ªæ•°:  2150
æ ‡ç­¾é‡Œ0çš„ä¸ªæ•°:  2150
æ€»æ•°:  4300
æ­£ç¡®çš„ä¸ªæ•°:  4175
æœ€åä¸€ä¸ªæ‰¹æ¬¡çš„è¾“å‡º, ä¸æ»¡batchsizeæ˜¯æ­£å¸¸çš„:
 tensor([[9.9999e-01],
        [9.9957e-01],
        [9.9993e-01],
        [4.3191e-03],
        [9.9997e-01],
        [2.7342e-05],
        [4.4801e-04],
        [3.8902e-03],
        [9.9914e-01],
        [9.9893e-01],
        [1.1330e-04],
        [8.6637e-05]], device='cuda:0', grad_fn=<SigmoidBackward0>)
Epoch [59/100], T_AUC: [4m0.9726[0m
Epoch [59/100], Loss: 36.8309
val_Accuracy: [92m0.7500[0m
val_Precision: [4;34m0.7483[0m,               val_Recall: [4;33m0.7408[0m,                 val_F1 Score: [4;35m0.7397[0m
æ ‡ç­¾é‡Œ1çš„ä¸ªæ•°:  430
æ ‡ç­¾é‡Œ0çš„ä¸ªæ•°:  430
æ€»æ•°:  860
æ­£ç¡®çš„ä¸ªæ•°:  645
Epoch [59/100], V_AUC: [4m0.7473[0m
Epoch [60/100], Loss: 12.5635
train_Accuracy: [91m0.9698[0m
train_Precision: [4;34m0.9631[0m,               train_Recall: [4;33m0.9771[0m,                 train_F1 Score: [4;35m0.9689[0m
æ ‡ç­¾é‡Œ1çš„ä¸ªæ•°:  2150
æ ‡ç­¾é‡Œ0çš„ä¸ªæ•°:  2150
æ€»æ•°:  4300
æ­£ç¡®çš„ä¸ªæ•°:  4170
æœ€åä¸€ä¸ªæ‰¹æ¬¡çš„è¾“å‡º, ä¸æ»¡batchsizeæ˜¯æ­£å¸¸çš„:
 tensor([[1.0000e+00],
        [9.9804e-01],
        [9.9997e-01],
        [3.9701e-03],
        [9.9998e-01],
        [3.0326e-05],
        [6.3018e-03],
        [2.7927e-03],
        [9.9505e-01],
        [9.9980e-01],
        [2.6142e-06],
        [7.0063e-04]], device='cuda:0', grad_fn=<SigmoidBackward0>)
Epoch [60/100], T_AUC: [4m0.9708[0m
Epoch [60/100], Loss: 39.8203
val_Accuracy: [92m0.7605[0m
val_Precision: [4;34m0.7459[0m,               val_Recall: [4;33m0.7702[0m,                 val_F1 Score: [4;35m0.7540[0m
æ ‡ç­¾é‡Œ1çš„ä¸ªæ•°:  430
æ ‡ç­¾é‡Œ0çš„ä¸ªæ•°:  430
æ€»æ•°:  860
æ­£ç¡®çš„ä¸ªæ•°:  654
Epoch [60/100], V_AUC: [4m0.7590[0m
Epoch [61/100], Loss: 15.3817
train_Accuracy: [91m0.9581[0m
train_Precision: [4;34m0.9472[0m,               train_Recall: [4;33m0.9708[0m,                 train_F1 Score: [4;35m0.9569[0m
æ ‡ç­¾é‡Œ1çš„ä¸ªæ•°:  2150
æ ‡ç­¾é‡Œ0çš„ä¸ªæ•°:  2150
æ€»æ•°:  4300
æ­£ç¡®çš„ä¸ªæ•°:  4120
æœ€åä¸€ä¸ªæ‰¹æ¬¡çš„è¾“å‡º, ä¸æ»¡batchsizeæ˜¯æ­£å¸¸çš„:
 tensor([[9.9990e-01],
        [9.9652e-01],
        [9.9753e-01],
        [1.9394e-02],
        [9.9999e-01],
        [5.7092e-04],
        [6.2666e-04],
        [5.6613e-02],
        [9.9875e-01],
        [9.9925e-01],
        [2.1155e-04],
        [3.4228e-05]], device='cuda:0', grad_fn=<SigmoidBackward0>)
Epoch [61/100], T_AUC: [4m0.9605[0m
Epoch [61/100], Loss: 39.5815
val_Accuracy: [92m0.7547[0m
val_Precision: [4;34m0.7655[0m,               val_Recall: [4;33m0.7274[0m,                 val_F1 Score: [4;35m0.7400[0m
æ ‡ç­¾é‡Œ1çš„ä¸ªæ•°:  430
æ ‡ç­¾é‡Œ0çš„ä¸ªæ•°:  430
æ€»æ•°:  860
æ­£ç¡®çš„ä¸ªæ•°:  649
Epoch [61/100], V_AUC: [4m0.7518[0m
Epoch [62/100], Loss: 16.3580
train_Accuracy: [91m0.9540[0m
train_Precision: [4;34m0.9412[0m,               train_Recall: [4;33m0.9713[0m,                 train_F1 Score: [4;35m0.9542[0m
æ ‡ç­¾é‡Œ1çš„ä¸ªæ•°:  2150
æ ‡ç­¾é‡Œ0çš„ä¸ªæ•°:  2150
æ€»æ•°:  4300
æ­£ç¡®çš„ä¸ªæ•°:  4102
æœ€åä¸€ä¸ªæ‰¹æ¬¡çš„è¾“å‡º, ä¸æ»¡batchsizeæ˜¯æ­£å¸¸çš„:
 tensor([[9.9743e-01],
        [9.9321e-01],
        [1.0000e+00],
        [3.9954e-02],
        [9.9997e-01],
        [2.3690e-06],
        [4.5827e-03],
        [2.1525e-02],
        [9.9957e-01],
        [9.9842e-01],
        [2.0001e-05],
        [3.7284e-04]], device='cuda:0', grad_fn=<SigmoidBackward0>)
Epoch [62/100], T_AUC: [4m0.9562[0m
Epoch [62/100], Loss: 35.2293
val_Accuracy: [92m0.7628[0m
val_Precision: [4;34m0.7678[0m,               val_Recall: [4;33m0.7566[0m,                 val_F1 Score: [4;35m0.7563[0m
æ ‡ç­¾é‡Œ1çš„ä¸ªæ•°:  430
æ ‡ç­¾é‡Œ0çš„ä¸ªæ•°:  430
æ€»æ•°:  860
æ­£ç¡®çš„ä¸ªæ•°:  656
Epoch [62/100], V_AUC: [4m0.7617[0m
Epoch [63/100], Loss: 19.4541
train_Accuracy: [91m0.9423[0m
train_Precision: [4;34m0.9349[0m,               train_Recall: [4;33m0.9539[0m,                 train_F1 Score: [4;35m0.9420[0m
æ ‡ç­¾é‡Œ1çš„ä¸ªæ•°:  2150
æ ‡ç­¾é‡Œ0çš„ä¸ªæ•°:  2150
æ€»æ•°:  4300
æ­£ç¡®çš„ä¸ªæ•°:  4052
æœ€åä¸€ä¸ªæ‰¹æ¬¡çš„è¾“å‡º, ä¸æ»¡batchsizeæ˜¯æ­£å¸¸çš„:
 tensor([[9.9699e-01],
        [9.9351e-01],
        [9.9966e-01],
        [1.1440e-02],
        [1.0000e+00],
        [2.4710e-04],
        [5.2434e-03],
        [5.5175e-02],
        [9.9737e-01],
        [9.9623e-01],
        [6.0288e-05],
        [4.7807e-04]], device='cuda:0', grad_fn=<SigmoidBackward0>)
Epoch [63/100], T_AUC: [4m0.9448[0m
Epoch [63/100], Loss: 32.9688
val_Accuracy: [92m0.7512[0m
val_Precision: [4;34m0.7557[0m,               val_Recall: [4;33m0.7394[0m,                 val_F1 Score: [4;35m0.7415[0m
æ ‡ç­¾é‡Œ1çš„ä¸ªæ•°:  430
æ ‡ç­¾é‡Œ0çš„ä¸ªæ•°:  430
æ€»æ•°:  860
æ­£ç¡®çš„ä¸ªæ•°:  646
Epoch [63/100], V_AUC: [4m0.7488[0m
Epoch [64/100], Loss: 15.1361
train_Accuracy: [91m0.9593[0m
train_Precision: [4;34m0.9512[0m,               train_Recall: [4;33m0.9691[0m,                 train_F1 Score: [4;35m0.9586[0m
æ ‡ç­¾é‡Œ1çš„ä¸ªæ•°:  2150
æ ‡ç­¾é‡Œ0çš„ä¸ªæ•°:  2150
æ€»æ•°:  4300
æ­£ç¡®çš„ä¸ªæ•°:  4125
æœ€åä¸€ä¸ªæ‰¹æ¬¡çš„è¾“å‡º, ä¸æ»¡batchsizeæ˜¯æ­£å¸¸çš„:
 tensor([[9.9999e-01],
        [9.9986e-01],
        [9.9998e-01],
        [9.1660e-03],
        [9.9995e-01],
        [2.6581e-06],
        [5.0682e-04],
        [3.2071e-02],
        [9.8990e-01],
        [9.9989e-01],
        [1.0052e-04],
        [2.6538e-05]], device='cuda:0', grad_fn=<SigmoidBackward0>)
Epoch [64/100], T_AUC: [4m0.9609[0m
Epoch [64/100], Loss: 40.5763
val_Accuracy: [92m0.7733[0m
val_Precision: [4;34m0.7676[0m,               val_Recall: [4;33m0.7678[0m,                 val_F1 Score: [4;35m0.7635[0m
æ ‡ç­¾é‡Œ1çš„ä¸ªæ•°:  430
æ ‡ç­¾é‡Œ0çš„ä¸ªæ•°:  430
æ€»æ•°:  860
æ­£ç¡®çš„ä¸ªæ•°:  665
Epoch [64/100], V_AUC: [4m0.7690[0m
Epoch [65/100], Loss: 10.6641
train_Accuracy: [91m0.9767[0m
train_Precision: [4;34m0.9729[0m,               train_Recall: [4;33m0.9820[0m,                 train_F1 Score: [4;35m0.9764[0m
æ ‡ç­¾é‡Œ1çš„ä¸ªæ•°:  2150
æ ‡ç­¾é‡Œ0çš„ä¸ªæ•°:  2150
æ€»æ•°:  4300
æ­£ç¡®çš„ä¸ªæ•°:  4200
æœ€åä¸€ä¸ªæ‰¹æ¬¡çš„è¾“å‡º, ä¸æ»¡batchsizeæ˜¯æ­£å¸¸çš„:
 tensor([[9.9999e-01],
        [9.9885e-01],
        [1.0000e+00],
        [2.4369e-03],
        [9.9978e-01],
        [4.9609e-07],
        [1.4591e-02],
        [2.3116e-02],
        [9.9940e-01],
        [9.9945e-01],
        [6.8411e-06],
        [8.9767e-04]], device='cuda:0', grad_fn=<SigmoidBackward0>)
Epoch [65/100], T_AUC: [4m0.9781[0m
Epoch [65/100], Loss: 36.9506
val_Accuracy: [92m0.7547[0m
val_Precision: [4;34m0.7438[0m,               val_Recall: [4;33m0.7699[0m,                 val_F1 Score: [4;35m0.7519[0m
æ ‡ç­¾é‡Œ1çš„ä¸ªæ•°:  430
æ ‡ç­¾é‡Œ0çš„ä¸ªæ•°:  430
æ€»æ•°:  860
æ­£ç¡®çš„ä¸ªæ•°:  649
Epoch [65/100], V_AUC: [4m0.7531[0m
Epoch [66/100], Loss: 9.9686
train_Accuracy: [91m0.9779[0m
train_Precision: [4;34m0.9723[0m,               train_Recall: [4;33m0.9839[0m,                 train_F1 Score: [4;35m0.9772[0m
æ ‡ç­¾é‡Œ1çš„ä¸ªæ•°:  2150
æ ‡ç­¾é‡Œ0çš„ä¸ªæ•°:  2150
æ€»æ•°:  4300
æ­£ç¡®çš„ä¸ªæ•°:  4205
æœ€åä¸€ä¸ªæ‰¹æ¬¡çš„è¾“å‡º, ä¸æ»¡batchsizeæ˜¯æ­£å¸¸çš„:
 tensor([[1.0000e+00],
        [9.9497e-01],
        [1.0000e+00],
        [3.7738e-03],
        [9.9993e-01],
        [1.1157e-06],
        [3.5744e-03],
        [2.8864e-03],
        [9.6856e-01],
        [9.9922e-01],
        [4.1747e-05],
        [2.4721e-03]], device='cuda:0', grad_fn=<SigmoidBackward0>)
Epoch [66/100], T_AUC: [4m0.9787[0m
Epoch [66/100], Loss: 42.3045
val_Accuracy: [92m0.7535[0m
val_Precision: [4;34m0.7405[0m,               val_Recall: [4;33m0.7660[0m,                 val_F1 Score: [4;35m0.7491[0m
æ ‡ç­¾é‡Œ1çš„ä¸ªæ•°:  430
æ ‡ç­¾é‡Œ0çš„ä¸ªæ•°:  430
æ€»æ•°:  860
æ­£ç¡®çš„ä¸ªæ•°:  648
Epoch [66/100], V_AUC: [4m0.7493[0m
Epoch [67/100], Loss: 10.8088
train_Accuracy: [91m0.9726[0m
train_Precision: [4;34m0.9661[0m,               train_Recall: [4;33m0.9799[0m,                 train_F1 Score: [4;35m0.9719[0m
æ ‡ç­¾é‡Œ1çš„ä¸ªæ•°:  2150
æ ‡ç­¾é‡Œ0çš„ä¸ªæ•°:  2150
æ€»æ•°:  4300
æ­£ç¡®çš„ä¸ªæ•°:  4182
æœ€åä¸€ä¸ªæ‰¹æ¬¡çš„è¾“å‡º, ä¸æ»¡batchsizeæ˜¯æ­£å¸¸çš„:
 tensor([[9.9999e-01],
        [9.9986e-01],
        [1.0000e+00],
        [1.2964e-02],
        [9.9999e-01],
        [2.6172e-05],
        [4.0109e-03],
        [6.1189e-03],
        [9.0017e-01],
        [9.9969e-01],
        [7.6133e-07],
        [1.0715e-04]], device='cuda:0', grad_fn=<SigmoidBackward0>)
Epoch [67/100], T_AUC: [4m0.9739[0m
Epoch [67/100], Loss: 47.2787
val_Accuracy: [92m0.7756[0m
val_Precision: [4;34m0.7692[0m,               val_Recall: [4;33m0.7754[0m,                 val_F1 Score: [4;35m0.7684[0m
æ ‡ç­¾é‡Œ1çš„ä¸ªæ•°:  430
æ ‡ç­¾é‡Œ0çš„ä¸ªæ•°:  430
æ€»æ•°:  860
æ­£ç¡®çš„ä¸ªæ•°:  667
Epoch [67/100], V_AUC: [4m0.7713[0m
Epoch [68/100], Loss: 9.0459
train_Accuracy: [91m0.9805[0m
train_Precision: [4;34m0.9744[0m,               train_Recall: [4;33m0.9864[0m,                 train_F1 Score: [4;35m0.9797[0m
æ ‡ç­¾é‡Œ1çš„ä¸ªæ•°:  2150
æ ‡ç­¾é‡Œ0çš„ä¸ªæ•°:  2150
æ€»æ•°:  4300
æ­£ç¡®çš„ä¸ªæ•°:  4216
æœ€åä¸€ä¸ªæ‰¹æ¬¡çš„è¾“å‡º, ä¸æ»¡batchsizeæ˜¯æ­£å¸¸çš„:
 tensor([[1.0000e+00],
        [9.9997e-01],
        [9.9997e-01],
        [9.2541e-03],
        [9.9931e-01],
        [3.0884e-07],
        [2.4240e-04],
        [1.5519e-02],
        [9.9826e-01],
        [9.9990e-01],
        [5.9339e-06],
        [1.2855e-03]], device='cuda:0', grad_fn=<SigmoidBackward0>)
Epoch [68/100], T_AUC: [4m0.9815[0m
Epoch [68/100], Loss: 46.4458
val_Accuracy: [92m0.7674[0m
val_Precision: [4;34m0.7645[0m,               val_Recall: [4;33m0.7668[0m,                 val_F1 Score: [4;35m0.7612[0m
æ ‡ç­¾é‡Œ1çš„ä¸ªæ•°:  430
æ ‡ç­¾é‡Œ0çš„ä¸ªæ•°:  430
æ€»æ•°:  860
æ­£ç¡®çš„ä¸ªæ•°:  660
Epoch [68/100], V_AUC: [4m0.7641[0m
Epoch [69/100], Loss: 7.9635
train_Accuracy: [91m0.9826[0m
train_Precision: [4;34m0.9783[0m,               train_Recall: [4;33m0.9864[0m,                 train_F1 Score: [4;35m0.9816[0m
æ ‡ç­¾é‡Œ1çš„ä¸ªæ•°:  2150
æ ‡ç­¾é‡Œ0çš„ä¸ªæ•°:  2150
æ€»æ•°:  4300
æ­£ç¡®çš„ä¸ªæ•°:  4225
æœ€åä¸€ä¸ªæ‰¹æ¬¡çš„è¾“å‡º, ä¸æ»¡batchsizeæ˜¯æ­£å¸¸çš„:
 tensor([[9.9999e-01],
        [9.9981e-01],
        [1.0000e+00],
        [1.4238e-02],
        [9.9997e-01],
        [1.0517e-05],
        [8.2498e-04],
        [1.7530e-03],
        [9.9485e-01],
        [9.9900e-01],
        [4.9475e-06],
        [2.8078e-04]], device='cuda:0', grad_fn=<SigmoidBackward0>)
Epoch [69/100], T_AUC: [4m0.9838[0m
Epoch [69/100], Loss: 43.7968
val_Accuracy: [92m0.7628[0m
val_Precision: [4;34m0.7602[0m,               val_Recall: [4;33m0.7575[0m,                 val_F1 Score: [4;35m0.7538[0m
æ ‡ç­¾é‡Œ1çš„ä¸ªæ•°:  430
æ ‡ç­¾é‡Œ0çš„ä¸ªæ•°:  430
æ€»æ•°:  860
æ­£ç¡®çš„ä¸ªæ•°:  656
Epoch [69/100], V_AUC: [4m0.7588[0m
Epoch [70/100], Loss: 9.7312
train_Accuracy: [91m0.9758[0m
train_Precision: [4;34m0.9729[0m,               train_Recall: [4;33m0.9800[0m,                 train_F1 Score: [4;35m0.9756[0m
æ ‡ç­¾é‡Œ1çš„ä¸ªæ•°:  2150
æ ‡ç­¾é‡Œ0çš„ä¸ªæ•°:  2150
æ€»æ•°:  4300
æ­£ç¡®çš„ä¸ªæ•°:  4196
æœ€åä¸€ä¸ªæ‰¹æ¬¡çš„è¾“å‡º, ä¸æ»¡batchsizeæ˜¯æ­£å¸¸çš„:
 tensor([[1.0000e+00],
        [9.9995e-01],
        [9.9999e-01],
        [3.8350e-02],
        [1.0000e+00],
        [4.0593e-06],
        [4.2998e-05],
        [2.1047e-03],
        [9.5852e-01],
        [9.9894e-01],
        [9.5885e-06],
        [1.6097e-03]], device='cuda:0', grad_fn=<SigmoidBackward0>)
Epoch [70/100], T_AUC: [4m0.9768[0m
Epoch [70/100], Loss: 42.5271
val_Accuracy: [92m0.7733[0m
val_Precision: [4;34m0.7811[0m,               val_Recall: [4;33m0.7539[0m,                 val_F1 Score: [4;35m0.7624[0m
æ ‡ç­¾é‡Œ1çš„ä¸ªæ•°:  430
æ ‡ç­¾é‡Œ0çš„ä¸ªæ•°:  430
æ€»æ•°:  860
æ­£ç¡®çš„ä¸ªæ•°:  665
Epoch [70/100], V_AUC: [4m0.7706[0m
Epoch [71/100], Loss: 21.7132
train_Accuracy: [91m0.9319[0m
train_Precision: [4;34m0.9198[0m,               train_Recall: [4;33m0.9490[0m,                 train_F1 Score: [4;35m0.9318[0m
æ ‡ç­¾é‡Œ1çš„ä¸ªæ•°:  2150
æ ‡ç­¾é‡Œ0çš„ä¸ªæ•°:  2150
æ€»æ•°:  4300
æ­£ç¡®çš„ä¸ªæ•°:  4007
æœ€åä¸€ä¸ªæ‰¹æ¬¡çš„è¾“å‡º, ä¸æ»¡batchsizeæ˜¯æ­£å¸¸çš„:
 tensor([[9.9941e-01],
        [9.9991e-01],
        [9.9622e-01],
        [2.1379e-03],
        [9.9999e-01],
        [4.1825e-03],
        [4.8672e-03],
        [7.0836e-03],
        [9.6293e-01],
        [9.9999e-01],
        [6.5589e-04],
        [6.5806e-07]], device='cuda:0', grad_fn=<SigmoidBackward0>)
Epoch [71/100], T_AUC: [4m0.9344[0m
Epoch [71/100], Loss: 42.2334
val_Accuracy: [92m0.7756[0m
val_Precision: [4;34m0.7717[0m,               val_Recall: [4;33m0.7656[0m,                 val_F1 Score: [4;35m0.7638[0m
æ ‡ç­¾é‡Œ1çš„ä¸ªæ•°:  430
æ ‡ç­¾é‡Œ0çš„ä¸ªæ•°:  430
æ€»æ•°:  860
æ­£ç¡®çš„ä¸ªæ•°:  667
Epoch [71/100], V_AUC: [4m0.7723[0m
Epoch [72/100], Loss: 25.7596
train_Accuracy: [91m0.9221[0m
train_Precision: [4;34m0.9126[0m,               train_Recall: [4;33m0.9369[0m,                 train_F1 Score: [4;35m0.9217[0m
æ ‡ç­¾é‡Œ1çš„ä¸ªæ•°:  2150
æ ‡ç­¾é‡Œ0çš„ä¸ªæ•°:  2150
æ€»æ•°:  4300
æ­£ç¡®çš„ä¸ªæ•°:  3965
æœ€åä¸€ä¸ªæ‰¹æ¬¡çš„è¾“å‡º, ä¸æ»¡batchsizeæ˜¯æ­£å¸¸çš„:
 tensor([[9.9999e-01],
        [9.9621e-01],
        [9.8239e-01],
        [7.3116e-04],
        [9.9995e-01],
        [1.9118e-04],
        [6.2727e-03],
        [1.8897e-03],
        [9.5829e-01],
        [1.0000e+00],
        [4.9575e-04],
        [5.3575e-04]], device='cuda:0', grad_fn=<SigmoidBackward0>)
Epoch [72/100], T_AUC: [4m0.9258[0m
Epoch [72/100], Loss: 36.3420
val_Accuracy: [92m0.7535[0m
val_Precision: [4;34m0.7544[0m,               val_Recall: [4;33m0.7425[0m,                 val_F1 Score: [4;35m0.7444[0m
æ ‡ç­¾é‡Œ1çš„ä¸ªæ•°:  430
æ ‡ç­¾é‡Œ0çš„ä¸ªæ•°:  430
æ€»æ•°:  860
æ­£ç¡®çš„ä¸ªæ•°:  648
Epoch [72/100], V_AUC: [4m0.7508[0m
Epoch [73/100], Loss: 18.1290
train_Accuracy: [91m0.9477[0m
train_Precision: [4;34m0.9352[0m,               train_Recall: [4;33m0.9604[0m,                 train_F1 Score: [4;35m0.9462[0m
æ ‡ç­¾é‡Œ1çš„ä¸ªæ•°:  2150
æ ‡ç­¾é‡Œ0çš„ä¸ªæ•°:  2150
æ€»æ•°:  4300
æ­£ç¡®çš„ä¸ªæ•°:  4075
æœ€åä¸€ä¸ªæ‰¹æ¬¡çš„è¾“å‡º, ä¸æ»¡batchsizeæ˜¯æ­£å¸¸çš„:
 tensor([[9.9999e-01],
        [9.9824e-01],
        [9.9959e-01],
        [1.1808e-03],
        [1.0000e+00],
        [4.3169e-05],
        [2.2146e-03],
        [4.1411e-02],
        [9.4804e-01],
        [9.9990e-01],
        [1.2556e-04],
        [4.2687e-05]], device='cuda:0', grad_fn=<SigmoidBackward0>)
Epoch [73/100], T_AUC: [4m0.9491[0m
Epoch [73/100], Loss: 41.9329
val_Accuracy: [92m0.7628[0m
val_Precision: [4;34m0.7655[0m,               val_Recall: [4;33m0.7384[0m,                 val_F1 Score: [4;35m0.7476[0m
æ ‡ç­¾é‡Œ1çš„ä¸ªæ•°:  430
æ ‡ç­¾é‡Œ0çš„ä¸ªæ•°:  430
æ€»æ•°:  860
æ­£ç¡®çš„ä¸ªæ•°:  656
Epoch [73/100], V_AUC: [4m0.7596[0m
Epoch [74/100], Loss: 12.9045
train_Accuracy: [91m0.9691[0m
train_Precision: [4;34m0.9630[0m,               train_Recall: [4;33m0.9772[0m,                 train_F1 Score: [4;35m0.9690[0m
æ ‡ç­¾é‡Œ1çš„ä¸ªæ•°:  2150
æ ‡ç­¾é‡Œ0çš„ä¸ªæ•°:  2150
æ€»æ•°:  4300
æ­£ç¡®çš„ä¸ªæ•°:  4167
æœ€åä¸€ä¸ªæ‰¹æ¬¡çš„è¾“å‡º, ä¸æ»¡batchsizeæ˜¯æ­£å¸¸çš„:
 tensor([[1.0000e+00],
        [9.9908e-01],
        [9.9793e-01],
        [2.3074e-03],
        [9.9992e-01],
        [2.5499e-05],
        [5.4049e-03],
        [6.8420e-02],
        [9.9318e-01],
        [9.9967e-01],
        [8.9819e-04],
        [4.8793e-05]], device='cuda:0', grad_fn=<SigmoidBackward0>)
Epoch [74/100], T_AUC: [4m0.9705[0m
Epoch [74/100], Loss: 40.2911
val_Accuracy: [92m0.7442[0m
val_Precision: [4;34m0.7379[0m,               val_Recall: [4;33m0.7467[0m,                 val_F1 Score: [4;35m0.7372[0m
æ ‡ç­¾é‡Œ1çš„ä¸ªæ•°:  430
æ ‡ç­¾é‡Œ0çš„ä¸ªæ•°:  430
æ€»æ•°:  860
æ­£ç¡®çš„ä¸ªæ•°:  640
Epoch [74/100], V_AUC: [4m0.7421[0m
Epoch [75/100], Loss: 13.8624
train_Accuracy: [91m0.9605[0m
train_Precision: [4;34m0.9532[0m,               train_Recall: [4;33m0.9692[0m,                 train_F1 Score: [4;35m0.9597[0m
æ ‡ç­¾é‡Œ1çš„ä¸ªæ•°:  2150
æ ‡ç­¾é‡Œ0çš„ä¸ªæ•°:  2150
æ€»æ•°:  4300
æ­£ç¡®çš„ä¸ªæ•°:  4130
æœ€åä¸€ä¸ªæ‰¹æ¬¡çš„è¾“å‡º, ä¸æ»¡batchsizeæ˜¯æ­£å¸¸çš„:
 tensor([[9.9999e-01],
        [9.9577e-01],
        [9.9991e-01],
        [4.2820e-03],
        [9.9999e-01],
        [7.5046e-04],
        [1.0054e-04],
        [9.4903e-03],
        [9.9272e-01],
        [9.9910e-01],
        [1.3276e-04],
        [4.1125e-04]], device='cuda:0', grad_fn=<SigmoidBackward0>)
Epoch [75/100], T_AUC: [4m0.9625[0m
Epoch [75/100], Loss: 44.2566
val_Accuracy: [92m0.7419[0m
val_Precision: [4;34m0.7313[0m,               val_Recall: [4;33m0.7495[0m,                 val_F1 Score: [4;35m0.7355[0m
æ ‡ç­¾é‡Œ1çš„ä¸ªæ•°:  430
æ ‡ç­¾é‡Œ0çš„ä¸ªæ•°:  430
æ€»æ•°:  860
æ­£ç¡®çš„ä¸ªæ•°:  638
Epoch [75/100], V_AUC: [4m0.7390[0m
Epoch [76/100], Loss: 10.0543
train_Accuracy: [91m0.9763[0m
train_Precision: [4;34m0.9704[0m,               train_Recall: [4;33m0.9817[0m,                 train_F1 Score: [4;35m0.9753[0m
æ ‡ç­¾é‡Œ1çš„ä¸ªæ•°:  2150
æ ‡ç­¾é‡Œ0çš„ä¸ªæ•°:  2150
æ€»æ•°:  4300
æ­£ç¡®çš„ä¸ªæ•°:  4198
æœ€åä¸€ä¸ªæ‰¹æ¬¡çš„è¾“å‡º, ä¸æ»¡batchsizeæ˜¯æ­£å¸¸çš„:
 tensor([[9.9999e-01],
        [9.9969e-01],
        [9.9977e-01],
        [7.2028e-03],
        [9.9991e-01],
        [4.2619e-06],
        [2.5773e-03],
        [4.4445e-03],
        [9.9877e-01],
        [9.9974e-01],
        [9.1643e-05],
        [3.8709e-04]], device='cuda:0', grad_fn=<SigmoidBackward0>)
Epoch [76/100], T_AUC: [4m0.9772[0m
Epoch [76/100], Loss: 44.2786
val_Accuracy: [92m0.7384[0m
val_Precision: [4;34m0.7277[0m,               val_Recall: [4;33m0.7580[0m,                 val_F1 Score: [4;35m0.7375[0m
æ ‡ç­¾é‡Œ1çš„ä¸ªæ•°:  430
æ ‡ç­¾é‡Œ0çš„ä¸ªæ•°:  430
æ€»æ•°:  860
æ­£ç¡®çš„ä¸ªæ•°:  635
Epoch [76/100], V_AUC: [4m0.7366[0m
Epoch [77/100], Loss: 8.3763
train_Accuracy: [91m0.9814[0m
train_Precision: [4;34m0.9768[0m,               train_Recall: [4;33m0.9864[0m,                 train_F1 Score: [4;35m0.9805[0m
æ ‡ç­¾é‡Œ1çš„ä¸ªæ•°:  2150
æ ‡ç­¾é‡Œ0çš„ä¸ªæ•°:  2150
æ€»æ•°:  4300
æ­£ç¡®çš„ä¸ªæ•°:  4220
æœ€åä¸€ä¸ªæ‰¹æ¬¡çš„è¾“å‡º, ä¸æ»¡batchsizeæ˜¯æ­£å¸¸çš„:
 tensor([[1.0000e+00],
        [9.9415e-01],
        [9.9976e-01],
        [3.2355e-03],
        [1.0000e+00],
        [7.2458e-07],
        [1.3085e-03],
        [8.7762e-03],
        [9.1558e-01],
        [9.9997e-01],
        [2.0387e-04],
        [6.5347e-04]], device='cuda:0', grad_fn=<SigmoidBackward0>)
Epoch [77/100], T_AUC: [4m0.9823[0m
Epoch [77/100], Loss: 43.5380
val_Accuracy: [92m0.7547[0m
val_Precision: [4;34m0.7641[0m,               val_Recall: [4;33m0.7309[0m,                 val_F1 Score: [4;35m0.7405[0m
æ ‡ç­¾é‡Œ1çš„ä¸ªæ•°:  430
æ ‡ç­¾é‡Œ0çš„ä¸ªæ•°:  430
æ€»æ•°:  860
æ­£ç¡®çš„ä¸ªæ•°:  649
Epoch [77/100], V_AUC: [4m0.7528[0m
Epoch [78/100], Loss: 7.1008
train_Accuracy: [91m0.9877[0m
train_Precision: [4;34m0.9858[0m,               train_Recall: [4;33m0.9892[0m,                 train_F1 Score: [4;35m0.9870[0m
æ ‡ç­¾é‡Œ1çš„ä¸ªæ•°:  2150
æ ‡ç­¾é‡Œ0çš„ä¸ªæ•°:  2150
æ€»æ•°:  4300
æ­£ç¡®çš„ä¸ªæ•°:  4247
æœ€åä¸€ä¸ªæ‰¹æ¬¡çš„è¾“å‡º, ä¸æ»¡batchsizeæ˜¯æ­£å¸¸çš„:
 tensor([[1.0000e+00],
        [9.6647e-01],
        [9.9998e-01],
        [6.5569e-03],
        [9.9999e-01],
        [9.5149e-06],
        [4.5760e-04],
        [1.7305e-02],
        [9.9713e-01],
        [9.9979e-01],
        [1.8045e-05],
        [6.8882e-04]], device='cuda:0', grad_fn=<SigmoidBackward0>)
Epoch [78/100], T_AUC: [4m0.9886[0m
Epoch [78/100], Loss: 46.8042
val_Accuracy: [92m0.7558[0m
val_Precision: [4;34m0.7496[0m,               val_Recall: [4;33m0.7588[0m,                 val_F1 Score: [4;35m0.7492[0m
æ ‡ç­¾é‡Œ1çš„ä¸ªæ•°:  430
æ ‡ç­¾é‡Œ0çš„ä¸ªæ•°:  430
æ€»æ•°:  860
æ­£ç¡®çš„ä¸ªæ•°:  650
Epoch [78/100], V_AUC: [4m0.7526[0m
Epoch [79/100], Loss: 5.5220
train_Accuracy: [91m0.9912[0m
train_Precision: [4;34m0.9901[0m,               train_Recall: [4;33m0.9920[0m,                 train_F1 Score: [4;35m0.9908[0m
æ ‡ç­¾é‡Œ1çš„ä¸ªæ•°:  2150
æ ‡ç­¾é‡Œ0çš„ä¸ªæ•°:  2150
æ€»æ•°:  4300
æ­£ç¡®çš„ä¸ªæ•°:  4262
æœ€åä¸€ä¸ªæ‰¹æ¬¡çš„è¾“å‡º, ä¸æ»¡batchsizeæ˜¯æ­£å¸¸çš„:
 tensor([[1.0000e+00],
        [9.9774e-01],
        [9.9999e-01],
        [1.0144e-02],
        [9.9978e-01],
        [1.8345e-05],
        [1.7227e-04],
        [3.3024e-03],
        [9.9104e-01],
        [9.9956e-01],
        [4.8864e-05],
        [1.9984e-03]], device='cuda:0', grad_fn=<SigmoidBackward0>)
Epoch [79/100], T_AUC: [4m0.9916[0m
Epoch [79/100], Loss: 46.0593
val_Accuracy: [92m0.7547[0m
val_Precision: [4;34m0.7500[0m,               val_Recall: [4;33m0.7556[0m,                 val_F1 Score: [4;35m0.7484[0m
æ ‡ç­¾é‡Œ1çš„ä¸ªæ•°:  430
æ ‡ç­¾é‡Œ0çš„ä¸ªæ•°:  430
æ€»æ•°:  860
æ­£ç¡®çš„ä¸ªæ•°:  649
Epoch [79/100], V_AUC: [4m0.7531[0m
Epoch [80/100], Loss: 5.1910
train_Accuracy: [91m0.9923[0m
train_Precision: [4;34m0.9900[0m,               train_Recall: [4;33m0.9946[0m,                 train_F1 Score: [4;35m0.9920[0m
æ ‡ç­¾é‡Œ1çš„ä¸ªæ•°:  2150
æ ‡ç­¾é‡Œ0çš„ä¸ªæ•°:  2150
æ€»æ•°:  4300
æ­£ç¡®çš„ä¸ªæ•°:  4267
æœ€åä¸€ä¸ªæ‰¹æ¬¡çš„è¾“å‡º, ä¸æ»¡batchsizeæ˜¯æ­£å¸¸çš„:
 tensor([[9.9997e-01],
        [9.8177e-01],
        [1.0000e+00],
        [6.7049e-03],
        [9.9998e-01],
        [7.1056e-06],
        [9.9730e-05],
        [2.0050e-02],
        [9.9556e-01],
        [9.9991e-01],
        [1.5717e-05],
        [5.8475e-03]], device='cuda:0', grad_fn=<SigmoidBackward0>)
Epoch [80/100], T_AUC: [4m0.9929[0m
Epoch [80/100], Loss: 48.9810
val_Accuracy: [92m0.7640[0m
val_Precision: [4;34m0.7684[0m,               val_Recall: [4;33m0.7521[0m,                 val_F1 Score: [4;35m0.7551[0m
æ ‡ç­¾é‡Œ1çš„ä¸ªæ•°:  430
æ ‡ç­¾é‡Œ0çš„ä¸ªæ•°:  430
æ€»æ•°:  860
æ­£ç¡®çš„ä¸ªæ•°:  657
Epoch [80/100], V_AUC: [4m0.7614[0m
Epoch [81/100], Loss: 5.3572
train_Accuracy: [91m0.9895[0m
train_Precision: [4;34m0.9856[0m,               train_Recall: [4;33m0.9933[0m,                 train_F1 Score: [4;35m0.9891[0m
æ ‡ç­¾é‡Œ1çš„ä¸ªæ•°:  2150
æ ‡ç­¾é‡Œ0çš„ä¸ªæ•°:  2150
æ€»æ•°:  4300
æ­£ç¡®çš„ä¸ªæ•°:  4255
æœ€åä¸€ä¸ªæ‰¹æ¬¡çš„è¾“å‡º, ä¸æ»¡batchsizeæ˜¯æ­£å¸¸çš„:
 tensor([[1.0000e+00],
        [9.9997e-01],
        [9.9980e-01],
        [1.4710e-02],
        [9.9989e-01],
        [1.1529e-06],
        [1.5652e-04],
        [2.9075e-03],
        [9.9170e-01],
        [9.9940e-01],
        [9.4866e-06],
        [8.0373e-04]], device='cuda:0', grad_fn=<SigmoidBackward0>)
Epoch [81/100], T_AUC: [4m0.9899[0m
Epoch [81/100], Loss: 48.3211
val_Accuracy: [92m0.7581[0m
val_Precision: [4;34m0.7567[0m,               val_Recall: [4;33m0.7565[0m,                 val_F1 Score: [4;35m0.7513[0m
æ ‡ç­¾é‡Œ1çš„ä¸ªæ•°:  430
æ ‡ç­¾é‡Œ0çš„ä¸ªæ•°:  430
æ€»æ•°:  860
æ­£ç¡®çš„ä¸ªæ•°:  652
Epoch [81/100], V_AUC: [4m0.7571[0m
Epoch [82/100], Loss: 9.1709
train_Accuracy: [91m0.9788[0m
train_Precision: [4;34m0.9733[0m,               train_Recall: [4;33m0.9856[0m,                 train_F1 Score: [4;35m0.9786[0m
æ ‡ç­¾é‡Œ1çš„ä¸ªæ•°:  2150
æ ‡ç­¾é‡Œ0çš„ä¸ªæ•°:  2150
æ€»æ•°:  4300
æ­£ç¡®çš„ä¸ªæ•°:  4209
æœ€åä¸€ä¸ªæ‰¹æ¬¡çš„è¾“å‡º, ä¸æ»¡batchsizeæ˜¯æ­£å¸¸çš„:
 tensor([[1.0000e+00],
        [9.9995e-01],
        [9.9979e-01],
        [8.5331e-04],
        [9.9999e-01],
        [1.0092e-06],
        [3.6923e-04],
        [2.2713e-03],
        [9.6069e-01],
        [9.9993e-01],
        [1.4963e-04],
        [2.7418e-03]], device='cuda:0', grad_fn=<SigmoidBackward0>)
Epoch [82/100], T_AUC: [4m0.9802[0m
Epoch [82/100], Loss: 49.5110
val_Accuracy: [92m0.7628[0m
val_Precision: [4;34m0.7784[0m,               val_Recall: [4;33m0.7265[0m,                 val_F1 Score: [4;35m0.7450[0m
æ ‡ç­¾é‡Œ1çš„ä¸ªæ•°:  430
æ ‡ç­¾é‡Œ0çš„ä¸ªæ•°:  430
æ€»æ•°:  860
æ­£ç¡®çš„ä¸ªæ•°:  656
Epoch [82/100], V_AUC: [4m0.7614[0m
Epoch [83/100], Loss: 20.1864
train_Accuracy: [91m0.9409[0m
train_Precision: [4;34m0.9293[0m,               train_Recall: [4;33m0.9572[0m,                 train_F1 Score: [4;35m0.9414[0m
æ ‡ç­¾é‡Œ1çš„ä¸ªæ•°:  2150
æ ‡ç­¾é‡Œ0çš„ä¸ªæ•°:  2150
æ€»æ•°:  4300
æ­£ç¡®çš„ä¸ªæ•°:  4046
æœ€åä¸€ä¸ªæ‰¹æ¬¡çš„è¾“å‡º, ä¸æ»¡batchsizeæ˜¯æ­£å¸¸çš„:
 tensor([[1.0000e+00],
        [9.9944e-01],
        [9.9981e-01],
        [1.1519e-03],
        [9.9997e-01],
        [2.5706e-04],
        [6.7975e-03],
        [6.2843e-05],
        [9.9631e-01],
        [9.9997e-01],
        [7.5158e-05],
        [1.5309e-06]], device='cuda:0', grad_fn=<SigmoidBackward0>)
Epoch [83/100], T_AUC: [4m0.9436[0m
Epoch [83/100], Loss: 54.5815
val_Accuracy: [92m0.7570[0m
val_Precision: [4;34m0.7730[0m,               val_Recall: [4;33m0.7217[0m,                 val_F1 Score: [4;35m0.7394[0m
æ ‡ç­¾é‡Œ1çš„ä¸ªæ•°:  430
æ ‡ç­¾é‡Œ0çš„ä¸ªæ•°:  430
æ€»æ•°:  860
æ­£ç¡®çš„ä¸ªæ•°:  651
Epoch [83/100], V_AUC: [4m0.7556[0m
Epoch [84/100], Loss: 21.9872
train_Accuracy: [91m0.9340[0m
train_Precision: [4;34m0.9274[0m,               train_Recall: [4;33m0.9453[0m,                 train_F1 Score: [4;35m0.9343[0m
æ ‡ç­¾é‡Œ1çš„ä¸ªæ•°:  2150
æ ‡ç­¾é‡Œ0çš„ä¸ªæ•°:  2150
æ€»æ•°:  4300
æ­£ç¡®çš„ä¸ªæ•°:  4016
æœ€åä¸€ä¸ªæ‰¹æ¬¡çš„è¾“å‡º, ä¸æ»¡batchsizeæ˜¯æ­£å¸¸çš„:
 tensor([[1.0000e+00],
        [1.0000e+00],
        [9.9019e-01],
        [2.6624e-03],
        [9.9983e-01],
        [3.4921e-03],
        [7.8293e-03],
        [1.4604e-03],
        [9.9714e-01],
        [9.9986e-01],
        [5.4638e-06],
        [1.2462e-05]], device='cuda:0', grad_fn=<SigmoidBackward0>)
Epoch [84/100], T_AUC: [4m0.9360[0m
Epoch [84/100], Loss: 34.8585
val_Accuracy: [92m0.7488[0m
val_Precision: [4;34m0.7488[0m,               val_Recall: [4;33m0.7408[0m,                 val_F1 Score: [4;35m0.7390[0m
æ ‡ç­¾é‡Œ1çš„ä¸ªæ•°:  430
æ ‡ç­¾é‡Œ0çš„ä¸ªæ•°:  430
æ€»æ•°:  860
æ­£ç¡®çš„ä¸ªæ•°:  644
Epoch [84/100], V_AUC: [4m0.7475[0m
Epoch [85/100], Loss: 14.9769
train_Accuracy: [91m0.9588[0m
train_Precision: [4;34m0.9507[0m,               train_Recall: [4;33m0.9686[0m,                 train_F1 Score: [4;35m0.9581[0m
æ ‡ç­¾é‡Œ1çš„ä¸ªæ•°:  2150
æ ‡ç­¾é‡Œ0çš„ä¸ªæ•°:  2150
æ€»æ•°:  4300
æ­£ç¡®çš„ä¸ªæ•°:  4123
æœ€åä¸€ä¸ªæ‰¹æ¬¡çš„è¾“å‡º, ä¸æ»¡batchsizeæ˜¯æ­£å¸¸çš„:
 tensor([[9.9999e-01],
        [1.0000e+00],
        [9.9949e-01],
        [7.3145e-03],
        [9.9996e-01],
        [1.2935e-04],
        [2.4755e-04],
        [4.2587e-03],
        [9.9043e-01],
        [9.9989e-01],
        [1.3548e-06],
        [2.1779e-04]], device='cuda:0', grad_fn=<SigmoidBackward0>)
Epoch [85/100], T_AUC: [4m0.9606[0m
Epoch [85/100], Loss: 40.8590
val_Accuracy: [92m0.7535[0m
val_Precision: [4;34m0.7460[0m,               val_Recall: [4;33m0.7582[0m,                 val_F1 Score: [4;35m0.7465[0m
æ ‡ç­¾é‡Œ1çš„ä¸ªæ•°:  430
æ ‡ç­¾é‡Œ0çš„ä¸ªæ•°:  430
æ€»æ•°:  860
æ­£ç¡®çš„ä¸ªæ•°:  648
Epoch [85/100], V_AUC: [4m0.7516[0m
Epoch [86/100], Loss: 7.7587
train_Accuracy: [91m0.9860[0m
train_Precision: [4;34m0.9813[0m,               train_Recall: [4;33m0.9906[0m,                 train_F1 Score: [4;35m0.9854[0m
æ ‡ç­¾é‡Œ1çš„ä¸ªæ•°:  2150
æ ‡ç­¾é‡Œ0çš„ä¸ªæ•°:  2150
æ€»æ•°:  4300
æ­£ç¡®çš„ä¸ªæ•°:  4240
æœ€åä¸€ä¸ªæ‰¹æ¬¡çš„è¾“å‡º, ä¸æ»¡batchsizeæ˜¯æ­£å¸¸çš„:
 tensor([[9.9999e-01],
        [9.9992e-01],
        [9.9999e-01],
        [1.2011e-02],
        [9.9989e-01],
        [4.0118e-06],
        [1.0836e-04],
        [6.7583e-03],
        [9.9100e-01],
        [9.9981e-01],
        [2.2664e-05],
        [8.8524e-04]], device='cuda:0', grad_fn=<SigmoidBackward0>)
Epoch [86/100], T_AUC: [4m0.9866[0m
Epoch [86/100], Loss: 42.9692
val_Accuracy: [92m0.7605[0m
val_Precision: [4;34m0.7663[0m,               val_Recall: [4;33m0.7413[0m,                 val_F1 Score: [4;35m0.7474[0m
æ ‡ç­¾é‡Œ1çš„ä¸ªæ•°:  430
æ ‡ç­¾é‡Œ0çš„ä¸ªæ•°:  430
æ€»æ•°:  860
æ­£ç¡®çš„ä¸ªæ•°:  654
Epoch [86/100], V_AUC: [4m0.7596[0m
Epoch [87/100], Loss: 5.6441
train_Accuracy: [91m0.9895[0m
train_Precision: [4;34m0.9857[0m,               train_Recall: [4;33m0.9928[0m,                 train_F1 Score: [4;35m0.9887[0m
æ ‡ç­¾é‡Œ1çš„ä¸ªæ•°:  2150
æ ‡ç­¾é‡Œ0çš„ä¸ªæ•°:  2150
æ€»æ•°:  4300
æ­£ç¡®çš„ä¸ªæ•°:  4255
æœ€åä¸€ä¸ªæ‰¹æ¬¡çš„è¾“å‡º, ä¸æ»¡batchsizeæ˜¯æ­£å¸¸çš„:
 tensor([[9.9998e-01],
        [1.0000e+00],
        [9.9973e-01],
        [2.0644e-02],
        [9.9997e-01],
        [2.1632e-06],
        [9.2316e-04],
        [7.7601e-03],
        [9.8102e-01],
        [9.9967e-01],
        [1.2548e-05],
        [9.8678e-04]], device='cuda:0', grad_fn=<SigmoidBackward0>)
Epoch [87/100], T_AUC: [4m0.9902[0m
Epoch [87/100], Loss: 49.9181
val_Accuracy: [92m0.7605[0m
val_Precision: [4;34m0.7665[0m,               val_Recall: [4;33m0.7368[0m,                 val_F1 Score: [4;35m0.7462[0m
æ ‡ç­¾é‡Œ1çš„ä¸ªæ•°:  430
æ ‡ç­¾é‡Œ0çš„ä¸ªæ•°:  430
æ€»æ•°:  860
æ­£ç¡®çš„ä¸ªæ•°:  654
Epoch [87/100], V_AUC: [4m0.7578[0m
Epoch [88/100], Loss: 6.3460
train_Accuracy: [91m0.9874[0m
train_Precision: [4;34m0.9853[0m,               train_Recall: [4;33m0.9901[0m,                 train_F1 Score: [4;35m0.9873[0m
æ ‡ç­¾é‡Œ1çš„ä¸ªæ•°:  2150
æ ‡ç­¾é‡Œ0çš„ä¸ªæ•°:  2150
æ€»æ•°:  4300
æ­£ç¡®çš„ä¸ªæ•°:  4246
æœ€åä¸€ä¸ªæ‰¹æ¬¡çš„è¾“å‡º, ä¸æ»¡batchsizeæ˜¯æ­£å¸¸çš„:
 tensor([[9.9997e-01],
        [9.9988e-01],
        [9.9999e-01],
        [4.0906e-02],
        [9.9999e-01],
        [3.0660e-06],
        [1.5227e-04],
        [2.8719e-02],
        [9.8684e-01],
        [9.9996e-01],
        [7.1440e-07],
        [2.4306e-04]], device='cuda:0', grad_fn=<SigmoidBackward0>)
Epoch [88/100], T_AUC: [4m0.9881[0m
Epoch [88/100], Loss: 44.4096
val_Accuracy: [92m0.7558[0m
val_Precision: [4;34m0.7682[0m,               val_Recall: [4;33m0.7259[0m,                 val_F1 Score: [4;35m0.7396[0m
æ ‡ç­¾é‡Œ1çš„ä¸ªæ•°:  430
æ ‡ç­¾é‡Œ0çš„ä¸ªæ•°:  430
æ€»æ•°:  860
æ­£ç¡®çš„ä¸ªæ•°:  650
Epoch [88/100], V_AUC: [4m0.7541[0m
Epoch [89/100], Loss: 6.0415
train_Accuracy: [91m0.9900[0m
train_Precision: [4;34m0.9864[0m,               train_Recall: [4;33m0.9937[0m,                 train_F1 Score: [4;35m0.9897[0m
æ ‡ç­¾é‡Œ1çš„ä¸ªæ•°:  2150
æ ‡ç­¾é‡Œ0çš„ä¸ªæ•°:  2150
æ€»æ•°:  4300
æ­£ç¡®çš„ä¸ªæ•°:  4257
æœ€åä¸€ä¸ªæ‰¹æ¬¡çš„è¾“å‡º, ä¸æ»¡batchsizeæ˜¯æ­£å¸¸çš„:
 tensor([[9.9996e-01],
        [9.9948e-01],
        [9.9999e-01],
        [9.1302e-03],
        [1.0000e+00],
        [1.8684e-06],
        [9.1674e-04],
        [7.9185e-03],
        [9.9223e-01],
        [9.9992e-01],
        [5.0956e-07],
        [2.3381e-03]], device='cuda:0', grad_fn=<SigmoidBackward0>)
Epoch [89/100], T_AUC: [4m0.9903[0m
Epoch [89/100], Loss: 50.9124
val_Accuracy: [92m0.7605[0m
val_Precision: [4;34m0.7590[0m,               val_Recall: [4;33m0.7593[0m,                 val_F1 Score: [4;35m0.7536[0m
æ ‡ç­¾é‡Œ1çš„ä¸ªæ•°:  430
æ ‡ç­¾é‡Œ0çš„ä¸ªæ•°:  430
æ€»æ•°:  860
æ­£ç¡®çš„ä¸ªæ•°:  654
Epoch [89/100], V_AUC: [4m0.7576[0m
Epoch [90/100], Loss: 5.7290
train_Accuracy: [91m0.9895[0m
train_Precision: [4;34m0.9859[0m,               train_Recall: [4;33m0.9933[0m,                 train_F1 Score: [4;35m0.9893[0m
æ ‡ç­¾é‡Œ1çš„ä¸ªæ•°:  2150
æ ‡ç­¾é‡Œ0çš„ä¸ªæ•°:  2150
æ€»æ•°:  4300
æ­£ç¡®çš„ä¸ªæ•°:  4255
æœ€åä¸€ä¸ªæ‰¹æ¬¡çš„è¾“å‡º, ä¸æ»¡batchsizeæ˜¯æ­£å¸¸çš„:
 tensor([[1.0000e+00],
        [9.9988e-01],
        [9.9999e-01],
        [1.2777e-02],
        [9.9999e-01],
        [1.9320e-05],
        [1.1026e-04],
        [7.9413e-03],
        [9.5083e-01],
        [9.9999e-01],
        [1.7863e-07],
        [3.5451e-04]], device='cuda:0', grad_fn=<SigmoidBackward0>)
Epoch [90/100], T_AUC: [4m0.9899[0m
Epoch [90/100], Loss: 42.9251
val_Accuracy: [92m0.7547[0m
val_Precision: [4;34m0.7678[0m,               val_Recall: [4;33m0.7293[0m,                 val_F1 Score: [4;35m0.7422[0m
æ ‡ç­¾é‡Œ1çš„ä¸ªæ•°:  430
æ ‡ç­¾é‡Œ0çš„ä¸ªæ•°:  430
æ€»æ•°:  860
æ­£ç¡®çš„ä¸ªæ•°:  649
Epoch [90/100], V_AUC: [4m0.7516[0m
Epoch [91/100], Loss: 5.3406
train_Accuracy: [91m0.9912[0m
train_Precision: [4;34m0.9884[0m,               train_Recall: [4;33m0.9940[0m,                 train_F1 Score: [4;35m0.9909[0m
æ ‡ç­¾é‡Œ1çš„ä¸ªæ•°:  2150
æ ‡ç­¾é‡Œ0çš„ä¸ªæ•°:  2150
æ€»æ•°:  4300
æ­£ç¡®çš„ä¸ªæ•°:  4262
æœ€åä¸€ä¸ªæ‰¹æ¬¡çš„è¾“å‡º, ä¸æ»¡batchsizeæ˜¯æ­£å¸¸çš„:
 tensor([[1.0000e+00],
        [9.9247e-01],
        [9.9999e-01],
        [6.5562e-03],
        [1.0000e+00],
        [1.0738e-05],
        [4.6479e-04],
        [8.2951e-03],
        [9.9134e-01],
        [9.9983e-01],
        [1.6261e-06],
        [1.1523e-04]], device='cuda:0', grad_fn=<SigmoidBackward0>)
Epoch [91/100], T_AUC: [4m0.9917[0m
Epoch [91/100], Loss: 53.1794
val_Accuracy: [92m0.7616[0m
val_Precision: [4;34m0.7661[0m,               val_Recall: [4;33m0.7464[0m,                 val_F1 Score: [4;35m0.7500[0m
æ ‡ç­¾é‡Œ1çš„ä¸ªæ•°:  430
æ ‡ç­¾é‡Œ0çš„ä¸ªæ•°:  430
æ€»æ•°:  860
æ­£ç¡®çš„ä¸ªæ•°:  655
Epoch [91/100], V_AUC: [4m0.7590[0m
Epoch [92/100], Loss: 5.1532
train_Accuracy: [91m0.9898[0m
train_Precision: [4;34m0.9865[0m,               train_Recall: [4;33m0.9933[0m,                 train_F1 Score: [4;35m0.9896[0m
æ ‡ç­¾é‡Œ1çš„ä¸ªæ•°:  2150
æ ‡ç­¾é‡Œ0çš„ä¸ªæ•°:  2150
æ€»æ•°:  4300
æ­£ç¡®çš„ä¸ªæ•°:  4256
æœ€åä¸€ä¸ªæ‰¹æ¬¡çš„è¾“å‡º, ä¸æ»¡batchsizeæ˜¯æ­£å¸¸çš„:
 tensor([[9.9999e-01],
        [9.9995e-01],
        [9.9994e-01],
        [3.5722e-03],
        [1.0000e+00],
        [9.1062e-05],
        [2.2015e-04],
        [1.7497e-02],
        [9.8525e-01],
        [9.9994e-01],
        [2.4706e-07],
        [8.0641e-05]], device='cuda:0', grad_fn=<SigmoidBackward0>)
Epoch [92/100], T_AUC: [4m0.9901[0m
Epoch [92/100], Loss: 49.4767
val_Accuracy: [92m0.7709[0m
val_Precision: [4;34m0.7751[0m,               val_Recall: [4;33m0.7489[0m,                 val_F1 Score: [4;35m0.7563[0m
æ ‡ç­¾é‡Œ1çš„ä¸ªæ•°:  430
æ ‡ç­¾é‡Œ0çš„ä¸ªæ•°:  430
æ€»æ•°:  860
æ­£ç¡®çš„ä¸ªæ•°:  663
Epoch [92/100], V_AUC: [4m0.7667[0m
Epoch [93/100], Loss: 6.1353
train_Accuracy: [91m0.9872[0m
train_Precision: [4;34m0.9815[0m,               train_Recall: [4;33m0.9937[0m,                 train_F1 Score: [4;35m0.9872[0m
æ ‡ç­¾é‡Œ1çš„ä¸ªæ•°:  2150
æ ‡ç­¾é‡Œ0çš„ä¸ªæ•°:  2150
æ€»æ•°:  4300
æ­£ç¡®çš„ä¸ªæ•°:  4245
æœ€åä¸€ä¸ªæ‰¹æ¬¡çš„è¾“å‡º, ä¸æ»¡batchsizeæ˜¯æ­£å¸¸çš„:
 tensor([[1.0000e+00],
        [9.9948e-01],
        [9.9989e-01],
        [6.6793e-03],
        [1.0000e+00],
        [9.6639e-06],
        [4.4130e-04],
        [6.6453e-03],
        [9.9329e-01],
        [9.9999e-01],
        [3.1462e-07],
        [9.7257e-05]], device='cuda:0', grad_fn=<SigmoidBackward0>)
Epoch [93/100], T_AUC: [4m0.9877[0m
Epoch [93/100], Loss: 48.9765
val_Accuracy: [92m0.7616[0m
val_Precision: [4;34m0.7609[0m,               val_Recall: [4;33m0.7529[0m,                 val_F1 Score: [4;35m0.7512[0m
æ ‡ç­¾é‡Œ1çš„ä¸ªæ•°:  430
æ ‡ç­¾é‡Œ0çš„ä¸ªæ•°:  430
æ€»æ•°:  860
æ­£ç¡®çš„ä¸ªæ•°:  655
Epoch [93/100], V_AUC: [4m0.7590[0m
Epoch [94/100], Loss: 9.5308
train_Accuracy: [91m0.9747[0m
train_Precision: [4;34m0.9706[0m,               train_Recall: [4;33m0.9804[0m,                 train_F1 Score: [4;35m0.9747[0m
æ ‡ç­¾é‡Œ1çš„ä¸ªæ•°:  2150
æ ‡ç­¾é‡Œ0çš„ä¸ªæ•°:  2150
æ€»æ•°:  4300
æ­£ç¡®çš„ä¸ªæ•°:  4191
æœ€åä¸€ä¸ªæ‰¹æ¬¡çš„è¾“å‡º, ä¸æ»¡batchsizeæ˜¯æ­£å¸¸çš„:
 tensor([[9.9997e-01],
        [9.9975e-01],
        [9.9999e-01],
        [4.9361e-03],
        [9.9999e-01],
        [1.0912e-04],
        [5.9012e-05],
        [4.6268e-02],
        [9.8939e-01],
        [9.9990e-01],
        [1.0124e-07],
        [2.5038e-03]], device='cuda:0', grad_fn=<SigmoidBackward0>)
Epoch [94/100], T_AUC: [4m0.9757[0m
Epoch [94/100], Loss: 59.5340
val_Accuracy: [92m0.7500[0m
val_Precision: [4;34m0.7490[0m,               val_Recall: [4;33m0.7412[0m,                 val_F1 Score: [4;35m0.7407[0m
æ ‡ç­¾é‡Œ1çš„ä¸ªæ•°:  430
æ ‡ç­¾é‡Œ0çš„ä¸ªæ•°:  430
æ€»æ•°:  860
æ­£ç¡®çš„ä¸ªæ•°:  645
Epoch [94/100], V_AUC: [4m0.7479[0m
Epoch [95/100], Loss: 24.7973
train_Accuracy: [91m0.9279[0m
train_Precision: [4;34m0.9172[0m,               train_Recall: [4;33m0.9447[0m,                 train_F1 Score: [4;35m0.9281[0m
æ ‡ç­¾é‡Œ1çš„ä¸ªæ•°:  2150
æ ‡ç­¾é‡Œ0çš„ä¸ªæ•°:  2150
æ€»æ•°:  4300
æ­£ç¡®çš„ä¸ªæ•°:  3990
æœ€åä¸€ä¸ªæ‰¹æ¬¡çš„è¾“å‡º, ä¸æ»¡batchsizeæ˜¯æ­£å¸¸çš„:
 tensor([[9.9986e-01],
        [9.9890e-01],
        [1.0000e+00],
        [2.8310e-02],
        [9.9990e-01],
        [2.4973e-04],
        [3.8465e-04],
        [7.3221e-03],
        [9.8936e-01],
        [9.9488e-01],
        [1.4635e-04],
        [5.2610e-04]], device='cuda:0', grad_fn=<SigmoidBackward0>)
Epoch [95/100], T_AUC: [4m0.9314[0m
Epoch [95/100], Loss: 52.2089
val_Accuracy: [92m0.7547[0m
val_Precision: [4;34m0.7685[0m,               val_Recall: [4;33m0.7114[0m,                 val_F1 Score: [4;35m0.7344[0m
æ ‡ç­¾é‡Œ1çš„ä¸ªæ•°:  430
æ ‡ç­¾é‡Œ0çš„ä¸ªæ•°:  430
æ€»æ•°:  860
æ­£ç¡®çš„ä¸ªæ•°:  649
Epoch [95/100], V_AUC: [4m0.7512[0m
Epoch [96/100], Loss: 21.2818
train_Accuracy: [91m0.9381[0m
train_Precision: [4;34m0.9282[0m,               train_Recall: [4;33m0.9527[0m,                 train_F1 Score: [4;35m0.9382[0m
æ ‡ç­¾é‡Œ1çš„ä¸ªæ•°:  2150
æ ‡ç­¾é‡Œ0çš„ä¸ªæ•°:  2150
æ€»æ•°:  4300
æ­£ç¡®çš„ä¸ªæ•°:  4034
æœ€åä¸€ä¸ªæ‰¹æ¬¡çš„è¾“å‡º, ä¸æ»¡batchsizeæ˜¯æ­£å¸¸çš„:
 tensor([[9.9999e-01],
        [9.9891e-01],
        [9.9817e-01],
        [5.1949e-02],
        [9.5707e-01],
        [8.5520e-03],
        [1.9351e-02],
        [1.9825e-02],
        [9.9847e-01],
        [9.9842e-01],
        [4.0292e-04],
        [1.1202e-05]], device='cuda:0', grad_fn=<SigmoidBackward0>)
Epoch [96/100], T_AUC: [4m0.9406[0m
Epoch [96/100], Loss: 41.8921
val_Accuracy: [92m0.7477[0m
val_Precision: [4;34m0.7407[0m,               val_Recall: [4;33m0.7539[0m,                 val_F1 Score: [4;35m0.7417[0m
æ ‡ç­¾é‡Œ1çš„ä¸ªæ•°:  430
æ ‡ç­¾é‡Œ0çš„ä¸ªæ•°:  430
æ€»æ•°:  860
æ­£ç¡®çš„ä¸ªæ•°:  643
Epoch [96/100], V_AUC: [4m0.7467[0m
Epoch [97/100], Loss: 12.7147
train_Accuracy: [91m0.9653[0m
train_Precision: [4;34m0.9565[0m,               train_Recall: [4;33m0.9744[0m,                 train_F1 Score: [4;35m0.9643[0m
æ ‡ç­¾é‡Œ1çš„ä¸ªæ•°:  2150
æ ‡ç­¾é‡Œ0çš„ä¸ªæ•°:  2150
æ€»æ•°:  4300
æ­£ç¡®çš„ä¸ªæ•°:  4151
æœ€åä¸€ä¸ªæ‰¹æ¬¡çš„è¾“å‡º, ä¸æ»¡batchsizeæ˜¯æ­£å¸¸çš„:
 tensor([[9.9996e-01],
        [9.9959e-01],
        [9.9981e-01],
        [1.9544e-02],
        [9.9981e-01],
        [4.1330e-04],
        [2.1836e-02],
        [2.2011e-02],
        [9.9012e-01],
        [9.9980e-01],
        [4.9534e-07],
        [3.0081e-04]], device='cuda:0', grad_fn=<SigmoidBackward0>)
Epoch [97/100], T_AUC: [4m0.9662[0m
Epoch [97/100], Loss: 48.3004
val_Accuracy: [92m0.7674[0m
val_Precision: [4;34m0.7605[0m,               val_Recall: [4;33m0.7746[0m,                 val_F1 Score: [4;35m0.7618[0m
æ ‡ç­¾é‡Œ1çš„ä¸ªæ•°:  430
æ ‡ç­¾é‡Œ0çš„ä¸ªæ•°:  430
æ€»æ•°:  860
æ­£ç¡®çš„ä¸ªæ•°:  660
Epoch [97/100], V_AUC: [4m0.7659[0m
Epoch [98/100], Loss: 6.3235
train_Accuracy: [91m0.9907[0m
train_Precision: [4;34m0.9890[0m,               train_Recall: [4;33m0.9926[0m,                 train_F1 Score: [4;35m0.9905[0m
æ ‡ç­¾é‡Œ1çš„ä¸ªæ•°:  2150
æ ‡ç­¾é‡Œ0çš„ä¸ªæ•°:  2150
æ€»æ•°:  4300
æ­£ç¡®çš„ä¸ªæ•°:  4260
æœ€åä¸€ä¸ªæ‰¹æ¬¡çš„è¾“å‡º, ä¸æ»¡batchsizeæ˜¯æ­£å¸¸çš„:
 tensor([[9.9995e-01],
        [9.9990e-01],
        [9.9974e-01],
        [3.5227e-02],
        [9.9992e-01],
        [5.8196e-05],
        [2.4630e-03],
        [6.8358e-03],
        [9.8634e-01],
        [9.9972e-01],
        [2.6313e-05],
        [3.5349e-04]], device='cuda:0', grad_fn=<SigmoidBackward0>)
Epoch [98/100], T_AUC: [4m0.9912[0m
Epoch [98/100], Loss: 46.4974
val_Accuracy: [92m0.7442[0m
val_Precision: [4;34m0.7353[0m,               val_Recall: [4;33m0.7618[0m,                 val_F1 Score: [4;35m0.7421[0m
æ ‡ç­¾é‡Œ1çš„ä¸ªæ•°:  430
æ ‡ç­¾é‡Œ0çš„ä¸ªæ•°:  430
æ€»æ•°:  860
æ­£ç¡®çš„ä¸ªæ•°:  640
Epoch [98/100], V_AUC: [4m0.7431[0m
Epoch [99/100], Loss: 4.5678
train_Accuracy: [91m0.9933[0m
train_Precision: [4;34m0.9919[0m,               train_Recall: [4;33m0.9945[0m,                 train_F1 Score: [4;35m0.9930[0m
æ ‡ç­¾é‡Œ1çš„ä¸ªæ•°:  2150
æ ‡ç­¾é‡Œ0çš„ä¸ªæ•°:  2150
æ€»æ•°:  4300
æ­£ç¡®çš„ä¸ªæ•°:  4271
æœ€åä¸€ä¸ªæ‰¹æ¬¡çš„è¾“å‡º, ä¸æ»¡batchsizeæ˜¯æ­£å¸¸çš„:
 tensor([[9.9991e-01],
        [9.9925e-01],
        [9.9995e-01],
        [5.8128e-02],
        [9.9989e-01],
        [1.9421e-05],
        [7.5345e-04],
        [3.1427e-02],
        [9.8769e-01],
        [9.9998e-01],
        [8.6692e-06],
        [4.0735e-04]], device='cuda:0', grad_fn=<SigmoidBackward0>)
Epoch [99/100], T_AUC: [4m0.9936[0m
Epoch [99/100], Loss: 47.4802
val_Accuracy: [92m0.7372[0m
val_Precision: [4;34m0.7301[0m,               val_Recall: [4;33m0.7480[0m,                 val_F1 Score: [4;35m0.7324[0m
æ ‡ç­¾é‡Œ1çš„ä¸ªæ•°:  430
æ ‡ç­¾é‡Œ0çš„ä¸ªæ•°:  430
æ€»æ•°:  860
æ­£ç¡®çš„ä¸ªæ•°:  634
Epoch [99/100], V_AUC: [4m0.7358[0m
Epoch [100/100], Loss: 3.9835
train_Accuracy: [91m0.9951[0m
train_Precision: [4;34m0.9938[0m,               train_Recall: [4;33m0.9960[0m,                 train_F1 Score: [4;35m0.9947[0m
æ ‡ç­¾é‡Œ1çš„ä¸ªæ•°:  2150
æ ‡ç­¾é‡Œ0çš„ä¸ªæ•°:  2150
æ€»æ•°:  4300
æ­£ç¡®çš„ä¸ªæ•°:  4279
æœ€åä¸€ä¸ªæ‰¹æ¬¡çš„è¾“å‡º, ä¸æ»¡batchsizeæ˜¯æ­£å¸¸çš„:
 tensor([[9.9970e-01],
        [9.9973e-01],
        [9.9946e-01],
        [4.8206e-02],
        [9.9996e-01],
        [2.8038e-05],
        [3.1992e-03],
        [1.7924e-02],
        [9.9306e-01],
        [9.9988e-01],
        [2.3288e-05],
        [7.3814e-04]], device='cuda:0', grad_fn=<SigmoidBackward0>)
Epoch [100/100], T_AUC: [4m0.9955[0m
Epoch [100/100], Loss: 44.6759
val_Accuracy: [92m0.7395[0m
val_Precision: [4;34m0.7308[0m,               val_Recall: [4;33m0.7488[0m,                 val_F1 Score: [4;35m0.7347[0m
æ ‡ç­¾é‡Œ1çš„ä¸ªæ•°:  430
æ ‡ç­¾é‡Œ0çš„ä¸ªæ•°:  430
æ€»æ•°:  860
æ­£ç¡®çš„ä¸ªæ•°:  636
Epoch [100/100], V_AUC: [4m0.7384[0m
ç¬¬0æ‰¹ç¬¬2ä¸ª, 100
ç¬¬0æ‰¹ç¬¬15ä¸ª, 100
ç¬¬1æ‰¹ç¬¬0ä¸ª, 100
ç¬¬1æ‰¹ç¬¬16ä¸ª, 100
ç¬¬1æ‰¹ç¬¬29ä¸ª, 100
send email successfully
