2024-06-24-10:21:27
1æ’åº128-0.5
åˆ›å»ºæ¨¡å‹å®ä¾‹
æ¨¡å‹å®ä¾‹åˆ›å»ºå®Œæˆ
åŠ è½½é¢„è®­ç»ƒå‚æ•°
é¢„è®­ç»ƒå‚æ•°åŠ è½½å®Œæˆ
Epoch [1/100], Loss: 60.0559
train_Accuracy: [91m0.8102[0m
train_Precision: [4;34m0.8383[0m,               train_Recall: [4;33m0.7793[0m,                 train_F1 Score: [4;35m0.8024[0m
æ ‡ç­¾é‡Œ1çš„ä¸ªæ•°:  2150
æ ‡ç­¾é‡Œ0çš„ä¸ªæ•°:  2150
æ€»æ•°:  4300
æ­£ç¡®çš„ä¸ªæ•°:  3484
æœ€åä¸€ä¸ªæ‰¹æ¬¡çš„è¾“å‡º, ä¸æ»¡batchsizeæ˜¯æ­£å¸¸çš„:
 tensor([[0.8966],
        [0.8371],
        [0.9716],
        [0.1479],
        [0.7414],
        [0.1459],
        [0.5000],
        [0.4122],
        [0.4060],
        [0.8996],
        [0.0480],
        [0.0652]], device='cuda:0', grad_fn=<SigmoidBackward0>)
Epoch [1/100], T_AUC: [4m0.8161[0m
Epoch [1/100], Loss: 13.6852
val_Accuracy: [92m0.7977[0m
val_Precision: [4;34m0.8179[0m,               val_Recall: [4;33m0.7571[0m,                 val_F1 Score: [4;35m0.7820[0m
æ ‡ç­¾é‡Œ1çš„ä¸ªæ•°:  430
æ ‡ç­¾é‡Œ0çš„ä¸ªæ•°:  430
æ€»æ•°:  860
æ­£ç¡®çš„ä¸ªæ•°:  686
Epoch [1/100], V_AUC: [4m0.7948[0m
Epoch [2/100], Loss: 57.7378
train_Accuracy: [91m0.8163[0m
train_Precision: [4;34m0.8392[0m,               train_Recall: [4;33m0.7922[0m,                 train_F1 Score: [4;35m0.8100[0m
æ ‡ç­¾é‡Œ1çš„ä¸ªæ•°:  2150
æ ‡ç­¾é‡Œ0çš„ä¸ªæ•°:  2150
æ€»æ•°:  4300
æ­£ç¡®çš„ä¸ªæ•°:  3510
æœ€åä¸€ä¸ªæ‰¹æ¬¡çš„è¾“å‡º, ä¸æ»¡batchsizeæ˜¯æ­£å¸¸çš„:
 tensor([[0.8960],
        [0.8606],
        [0.9671],
        [0.1547],
        [0.7364],
        [0.1494],
        [0.4715],
        [0.4041],
        [0.4949],
        [0.9150],
        [0.0491],
        [0.0571]], device='cuda:0', grad_fn=<SigmoidBackward0>)
Epoch [2/100], T_AUC: [4m0.8221[0m
Epoch [2/100], Loss: 13.7342
val_Accuracy: [92m0.7965[0m
val_Precision: [4;34m0.8184[0m,               val_Recall: [4;33m0.7549[0m,                 val_F1 Score: [4;35m0.7804[0m
æ ‡ç­¾é‡Œ1çš„ä¸ªæ•°:  430
æ ‡ç­¾é‡Œ0çš„ä¸ªæ•°:  430
æ€»æ•°:  860
æ­£ç¡®çš„ä¸ªæ•°:  685
Epoch [2/100], V_AUC: [4m0.7941[0m
Epoch [3/100], Loss: 57.0405
train_Accuracy: [91m0.8174[0m
train_Precision: [4;34m0.8433[0m,               train_Recall: [4;33m0.7907[0m,                 train_F1 Score: [4;35m0.8113[0m
æ ‡ç­¾é‡Œ1çš„ä¸ªæ•°:  2150
æ ‡ç­¾é‡Œ0çš„ä¸ªæ•°:  2150
æ€»æ•°:  4300
æ­£ç¡®çš„ä¸ªæ•°:  3515
æœ€åä¸€ä¸ªæ‰¹æ¬¡çš„è¾“å‡º, ä¸æ»¡batchsizeæ˜¯æ­£å¸¸çš„:
 tensor([[0.8973],
        [0.8638],
        [0.9715],
        [0.1208],
        [0.7980],
        [0.1241],
        [0.4233],
        [0.3390],
        [0.5394],
        [0.9278],
        [0.0663],
        [0.0576]], device='cuda:0', grad_fn=<SigmoidBackward0>)
Epoch [3/100], T_AUC: [4m0.8238[0m
Epoch [3/100], Loss: 13.6668
val_Accuracy: [92m0.7965[0m
val_Precision: [4;34m0.8197[0m,               val_Recall: [4;33m0.7521[0m,                 val_F1 Score: [4;35m0.7794[0m
æ ‡ç­¾é‡Œ1çš„ä¸ªæ•°:  430
æ ‡ç­¾é‡Œ0çš„ä¸ªæ•°:  430
æ€»æ•°:  860
æ­£ç¡®çš„ä¸ªæ•°:  685
Epoch [3/100], V_AUC: [4m0.7936[0m
Epoch [4/100], Loss: 56.1787
train_Accuracy: [91m0.8228[0m
train_Precision: [4;34m0.8472[0m,               train_Recall: [4;33m0.7977[0m,                 train_F1 Score: [4;35m0.8170[0m
æ ‡ç­¾é‡Œ1çš„ä¸ªæ•°:  2150
æ ‡ç­¾é‡Œ0çš„ä¸ªæ•°:  2150
æ€»æ•°:  4300
æ­£ç¡®çš„ä¸ªæ•°:  3538
æœ€åä¸€ä¸ªæ‰¹æ¬¡çš„è¾“å‡º, ä¸æ»¡batchsizeæ˜¯æ­£å¸¸çš„:
 tensor([[0.8872],
        [0.8531],
        [0.9826],
        [0.1121],
        [0.7923],
        [0.1165],
        [0.4436],
        [0.4413],
        [0.5793],
        [0.9054],
        [0.0466],
        [0.0564]], device='cuda:0', grad_fn=<SigmoidBackward0>)
Epoch [4/100], T_AUC: [4m0.8289[0m
Epoch [4/100], Loss: 13.9269
val_Accuracy: [92m0.8023[0m
val_Precision: [4;34m0.8254[0m,               val_Recall: [4;33m0.7554[0m,                 val_F1 Score: [4;35m0.7839[0m
æ ‡ç­¾é‡Œ1çš„ä¸ªæ•°:  430
æ ‡ç­¾é‡Œ0çš„ä¸ªæ•°:  430
æ€»æ•°:  860
æ­£ç¡®çš„ä¸ªæ•°:  690
Epoch [4/100], V_AUC: [4m0.7989[0m
Epoch [5/100], Loss: 55.4285
train_Accuracy: [91m0.8237[0m
train_Precision: [4;34m0.8462[0m,               train_Recall: [4;33m0.8021[0m,                 train_F1 Score: [4;35m0.8185[0m
æ ‡ç­¾é‡Œ1çš„ä¸ªæ•°:  2150
æ ‡ç­¾é‡Œ0çš„ä¸ªæ•°:  2150
æ€»æ•°:  4300
æ­£ç¡®çš„ä¸ªæ•°:  3542
æœ€åä¸€ä¸ªæ‰¹æ¬¡çš„è¾“å‡º, ä¸æ»¡batchsizeæ˜¯æ­£å¸¸çš„:
 tensor([[0.9089],
        [0.8567],
        [0.9845],
        [0.1174],
        [0.8209],
        [0.1066],
        [0.3995],
        [0.3120],
        [0.6212],
        [0.9136],
        [0.0526],
        [0.0507]], device='cuda:0', grad_fn=<SigmoidBackward0>)
Epoch [5/100], T_AUC: [4m0.8301[0m
Epoch [5/100], Loss: 14.1169
val_Accuracy: [92m0.7953[0m
val_Precision: [4;34m0.8134[0m,               val_Recall: [4;33m0.7530[0m,                 val_F1 Score: [4;35m0.7776[0m
æ ‡ç­¾é‡Œ1çš„ä¸ªæ•°:  430
æ ‡ç­¾é‡Œ0çš„ä¸ªæ•°:  430
æ€»æ•°:  860
æ­£ç¡®çš„ä¸ªæ•°:  684
Epoch [5/100], V_AUC: [4m0.7909[0m
Epoch [6/100], Loss: 55.0581
train_Accuracy: [91m0.8256[0m
train_Precision: [4;34m0.8514[0m,               train_Recall: [4;33m0.7994[0m,                 train_F1 Score: [4;35m0.8196[0m
æ ‡ç­¾é‡Œ1çš„ä¸ªæ•°:  2150
æ ‡ç­¾é‡Œ0çš„ä¸ªæ•°:  2150
æ€»æ•°:  4300
æ­£ç¡®çš„ä¸ªæ•°:  3550
æœ€åä¸€ä¸ªæ‰¹æ¬¡çš„è¾“å‡º, ä¸æ»¡batchsizeæ˜¯æ­£å¸¸çš„:
 tensor([[0.9092],
        [0.8600],
        [0.9820],
        [0.1015],
        [0.8422],
        [0.0946],
        [0.3727],
        [0.4040],
        [0.6809],
        [0.8942],
        [0.0485],
        [0.0578]], device='cuda:0', grad_fn=<SigmoidBackward0>)
Epoch [6/100], T_AUC: [4m0.8320[0m
Epoch [6/100], Loss: 13.9443
val_Accuracy: [92m0.8012[0m
val_Precision: [4;34m0.8321[0m,               val_Recall: [4;33m0.7446[0m,                 val_F1 Score: [4;35m0.7806[0m
æ ‡ç­¾é‡Œ1çš„ä¸ªæ•°:  430
æ ‡ç­¾é‡Œ0çš„ä¸ªæ•°:  430
æ€»æ•°:  860
æ­£ç¡®çš„ä¸ªæ•°:  689
Epoch [6/100], V_AUC: [4m0.7979[0m
Epoch [7/100], Loss: 54.2736
train_Accuracy: [91m0.8288[0m
train_Precision: [4;34m0.8495[0m,               train_Recall: [4;33m0.8088[0m,                 train_F1 Score: [4;35m0.8237[0m
æ ‡ç­¾é‡Œ1çš„ä¸ªæ•°:  2150
æ ‡ç­¾é‡Œ0çš„ä¸ªæ•°:  2150
æ€»æ•°:  4300
æ­£ç¡®çš„ä¸ªæ•°:  3564
æœ€åä¸€ä¸ªæ‰¹æ¬¡çš„è¾“å‡º, ä¸æ»¡batchsizeæ˜¯æ­£å¸¸çš„:
 tensor([[0.9089],
        [0.8467],
        [0.9883],
        [0.1146],
        [0.8715],
        [0.0896],
        [0.3420],
        [0.2935],
        [0.7345],
        [0.8983],
        [0.0449],
        [0.0484]], device='cuda:0', grad_fn=<SigmoidBackward0>)
Epoch [7/100], T_AUC: [4m0.8348[0m
Epoch [7/100], Loss: 14.4087
val_Accuracy: [92m0.7895[0m
val_Precision: [4;34m0.8117[0m,               val_Recall: [4;33m0.7455[0m,                 val_F1 Score: [4;35m0.7722[0m
æ ‡ç­¾é‡Œ1çš„ä¸ªæ•°:  430
æ ‡ç­¾é‡Œ0çš„ä¸ªæ•°:  430
æ€»æ•°:  860
æ­£ç¡®çš„ä¸ªæ•°:  679
Epoch [7/100], V_AUC: [4m0.7867[0m
Epoch [8/100], Loss: 53.4304
train_Accuracy: [91m0.8340[0m
train_Precision: [4;34m0.8545[0m,               train_Recall: [4;33m0.8136[0m,                 train_F1 Score: [4;35m0.8286[0m
æ ‡ç­¾é‡Œ1çš„ä¸ªæ•°:  2150
æ ‡ç­¾é‡Œ0çš„ä¸ªæ•°:  2150
æ€»æ•°:  4300
æ­£ç¡®çš„ä¸ªæ•°:  3586
æœ€åä¸€ä¸ªæ‰¹æ¬¡çš„è¾“å‡º, ä¸æ»¡batchsizeæ˜¯æ­£å¸¸çš„:
 tensor([[0.9235],
        [0.8683],
        [0.9898],
        [0.0980],
        [0.8416],
        [0.0590],
        [0.3361],
        [0.2745],
        [0.7351],
        [0.9041],
        [0.0494],
        [0.0660]], device='cuda:0', grad_fn=<SigmoidBackward0>)
Epoch [8/100], T_AUC: [4m0.8398[0m
Epoch [8/100], Loss: 14.7702
val_Accuracy: [92m0.7884[0m
val_Precision: [4;34m0.8114[0m,               val_Recall: [4;33m0.7412[0m,                 val_F1 Score: [4;35m0.7698[0m
æ ‡ç­¾é‡Œ1çš„ä¸ªæ•°:  430
æ ‡ç­¾é‡Œ0çš„ä¸ªæ•°:  430
æ€»æ•°:  860
æ­£ç¡®çš„ä¸ªæ•°:  678
Epoch [8/100], V_AUC: [4m0.7860[0m
Epoch [9/100], Loss: 52.5455
train_Accuracy: [91m0.8370[0m
train_Precision: [4;34m0.8580[0m,               train_Recall: [4;33m0.8164[0m,                 train_F1 Score: [4;35m0.8320[0m
æ ‡ç­¾é‡Œ1çš„ä¸ªæ•°:  2150
æ ‡ç­¾é‡Œ0çš„ä¸ªæ•°:  2150
æ€»æ•°:  4300
æ­£ç¡®çš„ä¸ªæ•°:  3599
æœ€åä¸€ä¸ªæ‰¹æ¬¡çš„è¾“å‡º, ä¸æ»¡batchsizeæ˜¯æ­£å¸¸çš„:
 tensor([[0.9256],
        [0.8590],
        [0.9914],
        [0.1109],
        [0.8812],
        [0.0541],
        [0.3256],
        [0.2659],
        [0.7849],
        [0.8962],
        [0.0499],
        [0.0430]], device='cuda:0', grad_fn=<SigmoidBackward0>)
Epoch [9/100], T_AUC: [4m0.8432[0m
Epoch [9/100], Loss: 15.1964
val_Accuracy: [92m0.7884[0m
val_Precision: [4;34m0.8134[0m,               val_Recall: [4;33m0.7352[0m,                 val_F1 Score: [4;35m0.7680[0m
æ ‡ç­¾é‡Œ1çš„ä¸ªæ•°:  430
æ ‡ç­¾é‡Œ0çš„ä¸ªæ•°:  430
æ€»æ•°:  860
æ­£ç¡®çš„ä¸ªæ•°:  678
Epoch [9/100], V_AUC: [4m0.7855[0m
Epoch [10/100], Loss: 52.7422
train_Accuracy: [91m0.8351[0m
train_Precision: [4;34m0.8552[0m,               train_Recall: [4;33m0.8155[0m,                 train_F1 Score: [4;35m0.8306[0m
æ ‡ç­¾é‡Œ1çš„ä¸ªæ•°:  2150
æ ‡ç­¾é‡Œ0çš„ä¸ªæ•°:  2150
æ€»æ•°:  4300
æ­£ç¡®çš„ä¸ªæ•°:  3591
æœ€åä¸€ä¸ªæ‰¹æ¬¡çš„è¾“å‡º, ä¸æ»¡batchsizeæ˜¯æ­£å¸¸çš„:
 tensor([[0.8906],
        [0.9038],
        [0.9824],
        [0.0848],
        [0.8450],
        [0.0632],
        [0.3384],
        [0.3691],
        [0.8636],
        [0.9028],
        [0.0345],
        [0.0609]], device='cuda:0', grad_fn=<SigmoidBackward0>)
Epoch [10/100], T_AUC: [4m0.8405[0m
Epoch [10/100], Loss: 14.6575
val_Accuracy: [92m0.7965[0m
val_Precision: [4;34m0.8201[0m,               val_Recall: [4;33m0.7464[0m,                 val_F1 Score: [4;35m0.7771[0m
æ ‡ç­¾é‡Œ1çš„ä¸ªæ•°:  430
æ ‡ç­¾é‡Œ0çš„ä¸ªæ•°:  430
æ€»æ•°:  860
æ­£ç¡®çš„ä¸ªæ•°:  685
Epoch [10/100], V_AUC: [4m0.7934[0m
Epoch [11/100], Loss: 51.7519
train_Accuracy: [91m0.8435[0m
train_Precision: [4;34m0.8657[0m,               train_Recall: [4;33m0.8215[0m,                 train_F1 Score: [4;35m0.8389[0m
æ ‡ç­¾é‡Œ1çš„ä¸ªæ•°:  2150
æ ‡ç­¾é‡Œ0çš„ä¸ªæ•°:  2150
æ€»æ•°:  4300
æ­£ç¡®çš„ä¸ªæ•°:  3627
æœ€åä¸€ä¸ªæ‰¹æ¬¡çš„è¾“å‡º, ä¸æ»¡batchsizeæ˜¯æ­£å¸¸çš„:
 tensor([[0.8774],
        [0.7805],
        [0.9875],
        [0.0889],
        [0.8713],
        [0.0589],
        [0.2686],
        [0.3513],
        [0.9504],
        [0.8764],
        [0.0516],
        [0.0498]], device='cuda:0', grad_fn=<SigmoidBackward0>)
Epoch [11/100], T_AUC: [4m0.8488[0m
Epoch [11/100], Loss: 14.9308
val_Accuracy: [92m0.7837[0m
val_Precision: [4;34m0.7996[0m,               val_Recall: [4;33m0.7433[0m,                 val_F1 Score: [4;35m0.7656[0m
æ ‡ç­¾é‡Œ1çš„ä¸ªæ•°:  430
æ ‡ç­¾é‡Œ0çš„ä¸ªæ•°:  430
æ€»æ•°:  860
æ­£ç¡®çš„ä¸ªæ•°:  674
Epoch [11/100], V_AUC: [4m0.7798[0m
Epoch [12/100], Loss: 50.1987
train_Accuracy: [91m0.8470[0m
train_Precision: [4;34m0.8705[0m,               train_Recall: [4;33m0.8244[0m,                 train_F1 Score: [4;35m0.8426[0m
æ ‡ç­¾é‡Œ1çš„ä¸ªæ•°:  2150
æ ‡ç­¾é‡Œ0çš„ä¸ªæ•°:  2150
æ€»æ•°:  4300
æ­£ç¡®çš„ä¸ªæ•°:  3642
æœ€åä¸€ä¸ªæ‰¹æ¬¡çš„è¾“å‡º, ä¸æ»¡batchsizeæ˜¯æ­£å¸¸çš„:
 tensor([[0.8970],
        [0.8764],
        [0.9903],
        [0.0516],
        [0.9024],
        [0.0288],
        [0.3404],
        [0.2494],
        [0.9140],
        [0.8982],
        [0.0688],
        [0.0668]], device='cuda:0', grad_fn=<SigmoidBackward0>)
Epoch [12/100], T_AUC: [4m0.8521[0m
Epoch [12/100], Loss: 15.4356
val_Accuracy: [92m0.7860[0m
val_Precision: [4;34m0.8116[0m,               val_Recall: [4;33m0.7362[0m,                 val_F1 Score: [4;35m0.7679[0m
æ ‡ç­¾é‡Œ1çš„ä¸ªæ•°:  430
æ ‡ç­¾é‡Œ0çš„ä¸ªæ•°:  430
æ€»æ•°:  860
æ­£ç¡®çš„ä¸ªæ•°:  676
Epoch [12/100], V_AUC: [4m0.7830[0m
Epoch [13/100], Loss: 49.9144
train_Accuracy: [91m0.8486[0m
train_Precision: [4;34m0.8685[0m,               train_Recall: [4;33m0.8292[0m,                 train_F1 Score: [4;35m0.8439[0m
æ ‡ç­¾é‡Œ1çš„ä¸ªæ•°:  2150
æ ‡ç­¾é‡Œ0çš„ä¸ªæ•°:  2150
æ€»æ•°:  4300
æ­£ç¡®çš„ä¸ªæ•°:  3649
æœ€åä¸€ä¸ªæ‰¹æ¬¡çš„è¾“å‡º, ä¸æ»¡batchsizeæ˜¯æ­£å¸¸çš„:
 tensor([[0.9122],
        [0.8510],
        [0.9906],
        [0.0692],
        [0.9104],
        [0.0487],
        [0.2792],
        [0.1922],
        [0.8859],
        [0.9258],
        [0.0327],
        [0.0882]], device='cuda:0', grad_fn=<SigmoidBackward0>)
Epoch [13/100], T_AUC: [4m0.8538[0m
Epoch [13/100], Loss: 15.7611
val_Accuracy: [92m0.7907[0m
val_Precision: [4;34m0.8021[0m,               val_Recall: [4;33m0.7601[0m,                 val_F1 Score: [4;35m0.7755[0m
æ ‡ç­¾é‡Œ1çš„ä¸ªæ•°:  430
æ ‡ç­¾é‡Œ0çš„ä¸ªæ•°:  430
æ€»æ•°:  860
æ­£ç¡®çš„ä¸ªæ•°:  680
Epoch [13/100], V_AUC: [4m0.7876[0m
Epoch [14/100], Loss: 50.6116
train_Accuracy: [91m0.8479[0m
train_Precision: [4;34m0.8702[0m,               train_Recall: [4;33m0.8246[0m,                 train_F1 Score: [4;35m0.8422[0m
æ ‡ç­¾é‡Œ1çš„ä¸ªæ•°:  2150
æ ‡ç­¾é‡Œ0çš„ä¸ªæ•°:  2150
æ€»æ•°:  4300
æ­£ç¡®çš„ä¸ªæ•°:  3646
æœ€åä¸€ä¸ªæ‰¹æ¬¡çš„è¾“å‡º, ä¸æ»¡batchsizeæ˜¯æ­£å¸¸çš„:
 tensor([[0.9311],
        [0.9145],
        [0.9869],
        [0.0839],
        [0.8268],
        [0.0599],
        [0.3471],
        [0.2175],
        [0.9405],
        [0.9196],
        [0.0252],
        [0.0319]], device='cuda:0', grad_fn=<SigmoidBackward0>)
Epoch [14/100], T_AUC: [4m0.8535[0m
Epoch [14/100], Loss: 15.4816
val_Accuracy: [92m0.7872[0m
val_Precision: [4;34m0.7957[0m,               val_Recall: [4;33m0.7565[0m,                 val_F1 Score: [4;35m0.7717[0m
æ ‡ç­¾é‡Œ1çš„ä¸ªæ•°:  430
æ ‡ç­¾é‡Œ0çš„ä¸ªæ•°:  430
æ€»æ•°:  860
æ­£ç¡®çš„ä¸ªæ•°:  677
Epoch [14/100], V_AUC: [4m0.7828[0m
Epoch [15/100], Loss: 49.4129
train_Accuracy: [91m0.8484[0m
train_Precision: [4;34m0.8702[0m,               train_Recall: [4;33m0.8277[0m,                 train_F1 Score: [4;35m0.8434[0m
æ ‡ç­¾é‡Œ1çš„ä¸ªæ•°:  2150
æ ‡ç­¾é‡Œ0çš„ä¸ªæ•°:  2150
æ€»æ•°:  4300
æ­£ç¡®çš„ä¸ªæ•°:  3648
æœ€åä¸€ä¸ªæ‰¹æ¬¡çš„è¾“å‡º, ä¸æ»¡batchsizeæ˜¯æ­£å¸¸çš„:
 tensor([[0.9449],
        [0.9461],
        [0.9869],
        [0.0534],
        [0.9425],
        [0.0330],
        [0.1107],
        [0.1721],
        [0.9597],
        [0.9257],
        [0.0208],
        [0.0677]], device='cuda:0', grad_fn=<SigmoidBackward0>)
Epoch [15/100], T_AUC: [4m0.8544[0m
Epoch [15/100], Loss: 16.6462
val_Accuracy: [92m0.7721[0m
val_Precision: [4;34m0.7838[0m,               val_Recall: [4;33m0.7413[0m,                 val_F1 Score: [4;35m0.7563[0m
æ ‡ç­¾é‡Œ1çš„ä¸ªæ•°:  430
æ ‡ç­¾é‡Œ0çš„ä¸ªæ•°:  430
æ€»æ•°:  860
æ­£ç¡®çš„ä¸ªæ•°:  664
Epoch [15/100], V_AUC: [4m0.7689[0m
Epoch [16/100], Loss: 47.5776
train_Accuracy: [91m0.8577[0m
train_Precision: [4;34m0.8794[0m,               train_Recall: [4;33m0.8365[0m,                 train_F1 Score: [4;35m0.8531[0m
æ ‡ç­¾é‡Œ1çš„ä¸ªæ•°:  2150
æ ‡ç­¾é‡Œ0çš„ä¸ªæ•°:  2150
æ€»æ•°:  4300
æ­£ç¡®çš„ä¸ªæ•°:  3688
æœ€åä¸€ä¸ªæ‰¹æ¬¡çš„è¾“å‡º, ä¸æ»¡batchsizeæ˜¯æ­£å¸¸çš„:
 tensor([[0.9506],
        [0.9555],
        [0.9893],
        [0.0427],
        [0.9461],
        [0.0268],
        [0.1025],
        [0.0751],
        [0.9756],
        [0.9378],
        [0.0287],
        [0.0768]], device='cuda:0', grad_fn=<SigmoidBackward0>)
Epoch [16/100], T_AUC: [4m0.8631[0m
Epoch [16/100], Loss: 15.9906
val_Accuracy: [92m0.7814[0m
val_Precision: [4;34m0.7930[0m,               val_Recall: [4;33m0.7455[0m,                 val_F1 Score: [4;35m0.7638[0m
æ ‡ç­¾é‡Œ1çš„ä¸ªæ•°:  430
æ ‡ç­¾é‡Œ0çš„ä¸ªæ•°:  430
æ€»æ•°:  860
æ­£ç¡®çš„ä¸ªæ•°:  672
Epoch [16/100], V_AUC: [4m0.7777[0m
Epoch [17/100], Loss: 45.6048
train_Accuracy: [91m0.8656[0m
train_Precision: [4;34m0.8854[0m,               train_Recall: [4;33m0.8481[0m,                 train_F1 Score: [4;35m0.8623[0m
æ ‡ç­¾é‡Œ1çš„ä¸ªæ•°:  2150
æ ‡ç­¾é‡Œ0çš„ä¸ªæ•°:  2150
æ€»æ•°:  4300
æ­£ç¡®çš„ä¸ªæ•°:  3722
æœ€åä¸€ä¸ªæ‰¹æ¬¡çš„è¾“å‡º, ä¸æ»¡batchsizeæ˜¯æ­£å¸¸çš„:
 tensor([[0.9477],
        [0.8738],
        [0.9953],
        [0.0353],
        [0.9505],
        [0.0356],
        [0.1841],
        [0.0478],
        [0.9910],
        [0.9268],
        [0.0280],
        [0.0352]], device='cuda:0', grad_fn=<SigmoidBackward0>)
Epoch [17/100], T_AUC: [4m0.8709[0m
Epoch [17/100], Loss: 16.9559
val_Accuracy: [92m0.7849[0m
val_Precision: [4;34m0.8054[0m,               val_Recall: [4;33m0.7315[0m,                 val_F1 Score: [4;35m0.7632[0m
æ ‡ç­¾é‡Œ1çš„ä¸ªæ•°:  430
æ ‡ç­¾é‡Œ0çš„ä¸ªæ•°:  430
æ€»æ•°:  860
æ­£ç¡®çš„ä¸ªæ•°:  675
Epoch [17/100], V_AUC: [4m0.7813[0m
Epoch [18/100], Loss: 44.8883
train_Accuracy: [91m0.8647[0m
train_Precision: [4;34m0.8836[0m,               train_Recall: [4;33m0.8471[0m,                 train_F1 Score: [4;35m0.8610[0m
æ ‡ç­¾é‡Œ1çš„ä¸ªæ•°:  2150
æ ‡ç­¾é‡Œ0çš„ä¸ªæ•°:  2150
æ€»æ•°:  4300
æ­£ç¡®çš„ä¸ªæ•°:  3718
æœ€åä¸€ä¸ªæ‰¹æ¬¡çš„è¾“å‡º, ä¸æ»¡batchsizeæ˜¯æ­£å¸¸çš„:
 tensor([[0.9387],
        [0.9176],
        [0.9873],
        [0.0436],
        [0.9298],
        [0.0553],
        [0.0642],
        [0.1247],
        [0.9794],
        [0.9149],
        [0.0788],
        [0.0539]], device='cuda:0', grad_fn=<SigmoidBackward0>)
Epoch [18/100], T_AUC: [4m0.8699[0m
Epoch [18/100], Loss: 16.3940
val_Accuracy: [92m0.7767[0m
val_Precision: [4;34m0.8071[0m,               val_Recall: [4;33m0.7167[0m,                 val_F1 Score: [4;35m0.7545[0m
æ ‡ç­¾é‡Œ1çš„ä¸ªæ•°:  430
æ ‡ç­¾é‡Œ0çš„ä¸ªæ•°:  430
æ€»æ•°:  860
æ­£ç¡®çš„ä¸ªæ•°:  668
Epoch [18/100], V_AUC: [4m0.7717[0m
Epoch [19/100], Loss: 45.0287
train_Accuracy: [91m0.8647[0m
train_Precision: [4;34m0.8888[0m,               train_Recall: [4;33m0.8423[0m,                 train_F1 Score: [4;35m0.8606[0m
æ ‡ç­¾é‡Œ1çš„ä¸ªæ•°:  2150
æ ‡ç­¾é‡Œ0çš„ä¸ªæ•°:  2150
æ€»æ•°:  4300
æ­£ç¡®çš„ä¸ªæ•°:  3718
æœ€åä¸€ä¸ªæ‰¹æ¬¡çš„è¾“å‡º, ä¸æ»¡batchsizeæ˜¯æ­£å¸¸çš„:
 tensor([[0.9658],
        [0.9237],
        [0.9859],
        [0.0461],
        [0.9777],
        [0.0310],
        [0.1785],
        [0.1862],
        [0.9738],
        [0.9137],
        [0.0218],
        [0.0257]], device='cuda:0', grad_fn=<SigmoidBackward0>)
Epoch [19/100], T_AUC: [4m0.8701[0m
Epoch [19/100], Loss: 17.6229
val_Accuracy: [92m0.7860[0m
val_Precision: [4;34m0.7993[0m,               val_Recall: [4;33m0.7500[0m,                 val_F1 Score: [4;35m0.7692[0m
æ ‡ç­¾é‡Œ1çš„ä¸ªæ•°:  430
æ ‡ç­¾é‡Œ0çš„ä¸ªæ•°:  430
æ€»æ•°:  860
æ­£ç¡®çš„ä¸ªæ•°:  676
Epoch [19/100], V_AUC: [4m0.7811[0m
Epoch [20/100], Loss: 44.4222
train_Accuracy: [91m0.8679[0m
train_Precision: [4;34m0.8928[0m,               train_Recall: [4;33m0.8447[0m,                 train_F1 Score: [4;35m0.8638[0m
æ ‡ç­¾é‡Œ1çš„ä¸ªæ•°:  2150
æ ‡ç­¾é‡Œ0çš„ä¸ªæ•°:  2150
æ€»æ•°:  4300
æ­£ç¡®çš„ä¸ªæ•°:  3732
æœ€åä¸€ä¸ªæ‰¹æ¬¡çš„è¾“å‡º, ä¸æ»¡batchsizeæ˜¯æ­£å¸¸çš„:
 tensor([[0.9684],
        [0.8745],
        [0.9939],
        [0.0471],
        [0.9871],
        [0.0424],
        [0.1143],
        [0.1050],
        [0.9660],
        [0.9145],
        [0.0292],
        [0.0281]], device='cuda:0', grad_fn=<SigmoidBackward0>)
Epoch [20/100], T_AUC: [4m0.8733[0m
Epoch [20/100], Loss: 17.3613
val_Accuracy: [92m0.7872[0m
val_Precision: [4;34m0.8039[0m,               val_Recall: [4;33m0.7448[0m,                 val_F1 Score: [4;35m0.7678[0m
æ ‡ç­¾é‡Œ1çš„ä¸ªæ•°:  430
æ ‡ç­¾é‡Œ0çš„ä¸ªæ•°:  430
æ€»æ•°:  860
æ­£ç¡®çš„ä¸ªæ•°:  677
Epoch [20/100], V_AUC: [4m0.7819[0m
Epoch [21/100], Loss: 42.1861
train_Accuracy: [91m0.8777[0m
train_Precision: [4;34m0.9043[0m,               train_Recall: [4;33m0.8512[0m,                 train_F1 Score: [4;35m0.8734[0m
æ ‡ç­¾é‡Œ1çš„ä¸ªæ•°:  2150
æ ‡ç­¾é‡Œ0çš„ä¸ªæ•°:  2150
æ€»æ•°:  4300
æ­£ç¡®çš„ä¸ªæ•°:  3774
æœ€åä¸€ä¸ªæ‰¹æ¬¡çš„è¾“å‡º, ä¸æ»¡batchsizeæ˜¯æ­£å¸¸çš„:
 tensor([[0.9639],
        [0.9755],
        [0.9817],
        [0.0459],
        [0.9928],
        [0.0560],
        [0.0375],
        [0.0845],
        [0.9818],
        [0.8481],
        [0.0256],
        [0.0520]], device='cuda:0', grad_fn=<SigmoidBackward0>)
Epoch [21/100], T_AUC: [4m0.8823[0m
Epoch [21/100], Loss: 17.4290
val_Accuracy: [92m0.7733[0m
val_Precision: [4;34m0.7944[0m,               val_Recall: [4;33m0.7216[0m,                 val_F1 Score: [4;35m0.7508[0m
æ ‡ç­¾é‡Œ1çš„ä¸ªæ•°:  430
æ ‡ç­¾é‡Œ0çš„ä¸ªæ•°:  430
æ€»æ•°:  860
æ­£ç¡®çš„ä¸ªæ•°:  665
Epoch [21/100], V_AUC: [4m0.7682[0m
Epoch [22/100], Loss: 41.3389
train_Accuracy: [91m0.8798[0m
train_Precision: [4;34m0.9009[0m,               train_Recall: [4;33m0.8597[0m,                 train_F1 Score: [4;35m0.8761[0m
æ ‡ç­¾é‡Œ1çš„ä¸ªæ•°:  2150
æ ‡ç­¾é‡Œ0çš„ä¸ªæ•°:  2150
æ€»æ•°:  4300
æ­£ç¡®çš„ä¸ªæ•°:  3783
æœ€åä¸€ä¸ªæ‰¹æ¬¡çš„è¾“å‡º, ä¸æ»¡batchsizeæ˜¯æ­£å¸¸çš„:
 tensor([[0.9903],
        [0.9252],
        [0.9853],
        [0.0527],
        [0.9826],
        [0.0174],
        [0.0986],
        [0.0653],
        [0.9841],
        [0.9437],
        [0.0101],
        [0.0480]], device='cuda:0', grad_fn=<SigmoidBackward0>)
Epoch [22/100], T_AUC: [4m0.8850[0m
Epoch [22/100], Loss: 18.5733
val_Accuracy: [92m0.7744[0m
val_Precision: [4;34m0.7953[0m,               val_Recall: [4;33m0.7227[0m,                 val_F1 Score: [4;35m0.7519[0m
æ ‡ç­¾é‡Œ1çš„ä¸ªæ•°:  430
æ ‡ç­¾é‡Œ0çš„ä¸ªæ•°:  430
æ€»æ•°:  860
æ­£ç¡®çš„ä¸ªæ•°:  666
Epoch [22/100], V_AUC: [4m0.7693[0m
Epoch [23/100], Loss: 40.9451
train_Accuracy: [91m0.8784[0m
train_Precision: [4;34m0.9021[0m,               train_Recall: [4;33m0.8548[0m,                 train_F1 Score: [4;35m0.8741[0m
æ ‡ç­¾é‡Œ1çš„ä¸ªæ•°:  2150
æ ‡ç­¾é‡Œ0çš„ä¸ªæ•°:  2150
æ€»æ•°:  4300
æ­£ç¡®çš„ä¸ªæ•°:  3777
æœ€åä¸€ä¸ªæ‰¹æ¬¡çš„è¾“å‡º, ä¸æ»¡batchsizeæ˜¯æ­£å¸¸çš„:
 tensor([[0.9869],
        [0.9277],
        [0.9968],
        [0.0496],
        [0.9922],
        [0.0431],
        [0.0940],
        [0.0740],
        [0.8518],
        [0.8734],
        [0.0145],
        [0.0723]], device='cuda:0', grad_fn=<SigmoidBackward0>)
Epoch [23/100], T_AUC: [4m0.8834[0m
Epoch [23/100], Loss: 22.5422
val_Accuracy: [92m0.7756[0m
val_Precision: [4;34m0.7848[0m,               val_Recall: [4;33m0.7446[0m,                 val_F1 Score: [4;35m0.7601[0m
æ ‡ç­¾é‡Œ1çš„ä¸ªæ•°:  430
æ ‡ç­¾é‡Œ0çš„ä¸ªæ•°:  430
æ€»æ•°:  860
æ­£ç¡®çš„ä¸ªæ•°:  667
Epoch [23/100], V_AUC: [4m0.7711[0m
Epoch [24/100], Loss: 39.8368
train_Accuracy: [91m0.8867[0m
train_Precision: [4;34m0.9110[0m,               train_Recall: [4;33m0.8615[0m,                 train_F1 Score: [4;35m0.8825[0m
æ ‡ç­¾é‡Œ1çš„ä¸ªæ•°:  2150
æ ‡ç­¾é‡Œ0çš„ä¸ªæ•°:  2150
æ€»æ•°:  4300
æ­£ç¡®çš„ä¸ªæ•°:  3813
æœ€åä¸€ä¸ªæ‰¹æ¬¡çš„è¾“å‡º, ä¸æ»¡batchsizeæ˜¯æ­£å¸¸çš„:
 tensor([[0.9828],
        [0.9417],
        [0.9935],
        [0.0543],
        [0.9985],
        [0.0121],
        [0.0404],
        [0.0527],
        [0.9566],
        [0.9581],
        [0.0173],
        [0.0392]], device='cuda:0', grad_fn=<SigmoidBackward0>)
Epoch [24/100], T_AUC: [4m0.8912[0m
Epoch [24/100], Loss: 18.6718
val_Accuracy: [92m0.7686[0m
val_Precision: [4;34m0.7892[0m,               val_Recall: [4;33m0.7188[0m,                 val_F1 Score: [4;35m0.7473[0m
æ ‡ç­¾é‡Œ1çš„ä¸ªæ•°:  430
æ ‡ç­¾é‡Œ0çš„ä¸ªæ•°:  430
æ€»æ•°:  860
æ­£ç¡®çš„ä¸ªæ•°:  661
Epoch [24/100], V_AUC: [4m0.7645[0m
Epoch [25/100], Loss: 37.6915
train_Accuracy: [91m0.8914[0m
train_Precision: [4;34m0.9135[0m,               train_Recall: [4;33m0.8708[0m,                 train_F1 Score: [4;35m0.8880[0m
æ ‡ç­¾é‡Œ1çš„ä¸ªæ•°:  2150
æ ‡ç­¾é‡Œ0çš„ä¸ªæ•°:  2150
æ€»æ•°:  4300
æ­£ç¡®çš„ä¸ªæ•°:  3833
æœ€åä¸€ä¸ªæ‰¹æ¬¡çš„è¾“å‡º, ä¸æ»¡batchsizeæ˜¯æ­£å¸¸çš„:
 tensor([[0.9859],
        [0.9920],
        [0.9877],
        [0.0382],
        [0.9985],
        [0.0078],
        [0.0343],
        [0.0219],
        [0.9630],
        [0.9716],
        [0.0200],
        [0.0275]], device='cuda:0', grad_fn=<SigmoidBackward0>)
Epoch [25/100], T_AUC: [4m0.8966[0m
Epoch [25/100], Loss: 20.8113
val_Accuracy: [92m0.7791[0m
val_Precision: [4;34m0.8024[0m,               val_Recall: [4;33m0.7232[0m,                 val_F1 Score: [4;35m0.7571[0m
æ ‡ç­¾é‡Œ1çš„ä¸ªæ•°:  430
æ ‡ç­¾é‡Œ0çš„ä¸ªæ•°:  430
æ€»æ•°:  860
æ­£ç¡®çš„ä¸ªæ•°:  670
Epoch [25/100], V_AUC: [4m0.7748[0m
Epoch [26/100], Loss: 36.4899
train_Accuracy: [91m0.8972[0m
train_Precision: [4;34m0.9225[0m,               train_Recall: [4;33m0.8737[0m,                 train_F1 Score: [4;35m0.8941[0m
æ ‡ç­¾é‡Œ1çš„ä¸ªæ•°:  2150
æ ‡ç­¾é‡Œ0çš„ä¸ªæ•°:  2150
æ€»æ•°:  4300
æ­£ç¡®çš„ä¸ªæ•°:  3858
æœ€åä¸€ä¸ªæ‰¹æ¬¡çš„è¾“å‡º, ä¸æ»¡batchsizeæ˜¯æ­£å¸¸çš„:
 tensor([[0.9966],
        [0.9899],
        [0.9888],
        [0.0184],
        [0.9990],
        [0.0085],
        [0.0342],
        [0.0687],
        [0.9576],
        [0.9529],
        [0.0282],
        [0.0108]], device='cuda:0', grad_fn=<SigmoidBackward0>)
Epoch [26/100], T_AUC: [4m0.9022[0m
Epoch [26/100], Loss: 20.9937
val_Accuracy: [92m0.7733[0m
val_Precision: [4;34m0.8044[0m,               val_Recall: [4;33m0.7090[0m,                 val_F1 Score: [4;35m0.7483[0m
æ ‡ç­¾é‡Œ1çš„ä¸ªæ•°:  430
æ ‡ç­¾é‡Œ0çš„ä¸ªæ•°:  430
æ€»æ•°:  860
æ­£ç¡®çš„ä¸ªæ•°:  665
Epoch [26/100], V_AUC: [4m0.7690[0m
Epoch [27/100], Loss: 35.9819
train_Accuracy: [91m0.8965[0m
train_Precision: [4;34m0.9177[0m,               train_Recall: [4;33m0.8763[0m,                 train_F1 Score: [4;35m0.8933[0m
æ ‡ç­¾é‡Œ1çš„ä¸ªæ•°:  2150
æ ‡ç­¾é‡Œ0çš„ä¸ªæ•°:  2150
æ€»æ•°:  4300
æ­£ç¡®çš„ä¸ªæ•°:  3855
æœ€åä¸€ä¸ªæ‰¹æ¬¡çš„è¾“å‡º, ä¸æ»¡batchsizeæ˜¯æ­£å¸¸çš„:
 tensor([[0.9908],
        [0.9456],
        [0.9968],
        [0.0092],
        [0.9998],
        [0.0139],
        [0.0920],
        [0.0148],
        [0.7958],
        [0.9646],
        [0.0372],
        [0.0589]], device='cuda:0', grad_fn=<SigmoidBackward0>)
Epoch [27/100], T_AUC: [4m0.9010[0m
Epoch [27/100], Loss: 20.9546
val_Accuracy: [92m0.7686[0m
val_Precision: [4;34m0.7816[0m,               val_Recall: [4;33m0.7321[0m,                 val_F1 Score: [4;35m0.7518[0m
æ ‡ç­¾é‡Œ1çš„ä¸ªæ•°:  430
æ ‡ç­¾é‡Œ0çš„ä¸ªæ•°:  430
æ€»æ•°:  860
æ­£ç¡®çš„ä¸ªæ•°:  661
Epoch [27/100], V_AUC: [4m0.7657[0m
Epoch [28/100], Loss: 36.4248
train_Accuracy: [91m0.8949[0m
train_Precision: [4;34m0.9155[0m,               train_Recall: [4;33m0.8768[0m,                 train_F1 Score: [4;35m0.8921[0m
æ ‡ç­¾é‡Œ1çš„ä¸ªæ•°:  2150
æ ‡ç­¾é‡Œ0çš„ä¸ªæ•°:  2150
æ€»æ•°:  4300
æ­£ç¡®çš„ä¸ªæ•°:  3848
æœ€åä¸€ä¸ªæ‰¹æ¬¡çš„è¾“å‡º, ä¸æ»¡batchsizeæ˜¯æ­£å¸¸çš„:
 tensor([[0.9839],
        [0.9793],
        [0.9947],
        [0.0134],
        [0.9944],
        [0.0230],
        [0.0553],
        [0.0265],
        [0.9858],
        [0.9591],
        [0.0219],
        [0.0842]], device='cuda:0', grad_fn=<SigmoidBackward0>)
Epoch [28/100], T_AUC: [4m0.8998[0m
Epoch [28/100], Loss: 20.9659
val_Accuracy: [92m0.7570[0m
val_Precision: [4;34m0.7557[0m,               val_Recall: [4;33m0.7489[0m,                 val_F1 Score: [4;35m0.7466[0m
æ ‡ç­¾é‡Œ1çš„ä¸ªæ•°:  430
æ ‡ç­¾é‡Œ0çš„ä¸ªæ•°:  430
æ€»æ•°:  860
æ­£ç¡®çš„ä¸ªæ•°:  651
Epoch [28/100], V_AUC: [4m0.7550[0m
Epoch [29/100], Loss: 36.1232
train_Accuracy: [91m0.8998[0m
train_Precision: [4;34m0.9200[0m,               train_Recall: [4;33m0.8809[0m,                 train_F1 Score: [4;35m0.8969[0m
æ ‡ç­¾é‡Œ1çš„ä¸ªæ•°:  2150
æ ‡ç­¾é‡Œ0çš„ä¸ªæ•°:  2150
æ€»æ•°:  4300
æ­£ç¡®çš„ä¸ªæ•°:  3869
æœ€åä¸€ä¸ªæ‰¹æ¬¡çš„è¾“å‡º, ä¸æ»¡batchsizeæ˜¯æ­£å¸¸çš„:
 tensor([[0.9960],
        [0.8463],
        [0.9971],
        [0.0069],
        [0.9999],
        [0.0037],
        [0.1545],
        [0.0180],
        [0.9340],
        [0.9746],
        [0.0077],
        [0.0749]], device='cuda:0', grad_fn=<SigmoidBackward0>)
Epoch [29/100], T_AUC: [4m0.9046[0m
Epoch [29/100], Loss: 21.8213
val_Accuracy: [92m0.7756[0m
val_Precision: [4;34m0.7908[0m,               val_Recall: [4;33m0.7385[0m,                 val_F1 Score: [4;35m0.7591[0m
æ ‡ç­¾é‡Œ1çš„ä¸ªæ•°:  430
æ ‡ç­¾é‡Œ0çš„ä¸ªæ•°:  430
æ€»æ•°:  860
æ­£ç¡®çš„ä¸ªæ•°:  667
Epoch [29/100], V_AUC: [4m0.7717[0m
Epoch [30/100], Loss: 33.4730
train_Accuracy: [91m0.9060[0m
train_Precision: [4;34m0.9268[0m,               train_Recall: [4;33m0.8861[0m,                 train_F1 Score: [4;35m0.9031[0m
æ ‡ç­¾é‡Œ1çš„ä¸ªæ•°:  2150
æ ‡ç­¾é‡Œ0çš„ä¸ªæ•°:  2150
æ€»æ•°:  4300
æ­£ç¡®çš„ä¸ªæ•°:  3896
æœ€åä¸€ä¸ªæ‰¹æ¬¡çš„è¾“å‡º, ä¸æ»¡batchsizeæ˜¯æ­£å¸¸çš„:
 tensor([[0.9979],
        [0.9929],
        [0.9907],
        [0.0154],
        [0.9987],
        [0.0057],
        [0.0832],
        [0.0942],
        [0.9634],
        [0.8890],
        [0.0049],
        [0.0471]], device='cuda:0', grad_fn=<SigmoidBackward0>)
Epoch [30/100], T_AUC: [4m0.9102[0m
Epoch [30/100], Loss: 22.1994
val_Accuracy: [92m0.7709[0m
val_Precision: [4;34m0.7878[0m,               val_Recall: [4;33m0.7335[0m,                 val_F1 Score: [4;35m0.7546[0m
æ ‡ç­¾é‡Œ1çš„ä¸ªæ•°:  430
æ ‡ç­¾é‡Œ0çš„ä¸ªæ•°:  430
æ€»æ•°:  860
æ­£ç¡®çš„ä¸ªæ•°:  663
Epoch [30/100], V_AUC: [4m0.7681[0m
Epoch [31/100], Loss: 30.3910
train_Accuracy: [91m0.9167[0m
train_Precision: [4;34m0.9380[0m,               train_Recall: [4;33m0.8983[0m,                 train_F1 Score: [4;35m0.9150[0m
æ ‡ç­¾é‡Œ1çš„ä¸ªæ•°:  2150
æ ‡ç­¾é‡Œ0çš„ä¸ªæ•°:  2150
æ€»æ•°:  4300
æ­£ç¡®çš„ä¸ªæ•°:  3942
æœ€åä¸€ä¸ªæ‰¹æ¬¡çš„è¾“å‡º, ä¸æ»¡batchsizeæ˜¯æ­£å¸¸çš„:
 tensor([[0.9975],
        [0.9786],
        [0.9978],
        [0.0079],
        [0.9983],
        [0.0062],
        [0.0771],
        [0.0605],
        [0.9956],
        [0.7759],
        [0.0072],
        [0.0265]], device='cuda:0', grad_fn=<SigmoidBackward0>)
Epoch [31/100], T_AUC: [4m0.9207[0m
Epoch [31/100], Loss: 23.0162
val_Accuracy: [92m0.7721[0m
val_Precision: [4;34m0.7883[0m,               val_Recall: [4;33m0.7332[0m,                 val_F1 Score: [4;35m0.7544[0m
æ ‡ç­¾é‡Œ1çš„ä¸ªæ•°:  430
æ ‡ç­¾é‡Œ0çš„ä¸ªæ•°:  430
æ€»æ•°:  860
æ­£ç¡®çš„ä¸ªæ•°:  664
Epoch [31/100], V_AUC: [4m0.7686[0m
Epoch [32/100], Loss: 29.9391
train_Accuracy: [91m0.9186[0m
train_Precision: [4;34m0.9349[0m,               train_Recall: [4;33m0.9044[0m,                 train_F1 Score: [4;35m0.9164[0m
æ ‡ç­¾é‡Œ1çš„ä¸ªæ•°:  2150
æ ‡ç­¾é‡Œ0çš„ä¸ªæ•°:  2150
æ€»æ•°:  4300
æ­£ç¡®çš„ä¸ªæ•°:  3950
æœ€åä¸€ä¸ªæ‰¹æ¬¡çš„è¾“å‡º, ä¸æ»¡batchsizeæ˜¯æ­£å¸¸çš„:
 tensor([[0.9992],
        [0.9733],
        [0.9853],
        [0.0066],
        [0.9996],
        [0.0156],
        [0.1680],
        [0.0738],
        [0.9857],
        [0.9146],
        [0.0011],
        [0.0171]], device='cuda:0', grad_fn=<SigmoidBackward0>)
Epoch [32/100], T_AUC: [4m0.9232[0m
Epoch [32/100], Loss: 24.8983
val_Accuracy: [92m0.7756[0m
val_Precision: [4;34m0.7844[0m,               val_Recall: [4;33m0.7496[0m,                 val_F1 Score: [4;35m0.7614[0m
æ ‡ç­¾é‡Œ1çš„ä¸ªæ•°:  430
æ ‡ç­¾é‡Œ0çš„ä¸ªæ•°:  430
æ€»æ•°:  860
æ­£ç¡®çš„ä¸ªæ•°:  667
Epoch [32/100], V_AUC: [4m0.7723[0m
Epoch [33/100], Loss: 29.4468
train_Accuracy: [91m0.9167[0m
train_Precision: [4;34m0.9328[0m,               train_Recall: [4;33m0.9027[0m,                 train_F1 Score: [4;35m0.9150[0m
æ ‡ç­¾é‡Œ1çš„ä¸ªæ•°:  2150
æ ‡ç­¾é‡Œ0çš„ä¸ªæ•°:  2150
æ€»æ•°:  4300
æ­£ç¡®çš„ä¸ªæ•°:  3942
æœ€åä¸€ä¸ªæ‰¹æ¬¡çš„è¾“å‡º, ä¸æ»¡batchsizeæ˜¯æ­£å¸¸çš„:
 tensor([[0.9987],
        [0.9907],
        [0.9968],
        [0.0077],
        [0.9999],
        [0.0027],
        [0.0321],
        [0.0131],
        [0.9878],
        [0.9178],
        [0.0047],
        [0.0206]], device='cuda:0', grad_fn=<SigmoidBackward0>)
Epoch [33/100], T_AUC: [4m0.9209[0m
Epoch [33/100], Loss: 24.7210
val_Accuracy: [92m0.7779[0m
val_Precision: [4;34m0.7963[0m,               val_Recall: [4;33m0.7342[0m,                 val_F1 Score: [4;35m0.7590[0m
æ ‡ç­¾é‡Œ1çš„ä¸ªæ•°:  430
æ ‡ç­¾é‡Œ0çš„ä¸ªæ•°:  430
æ€»æ•°:  860
æ­£ç¡®çš„ä¸ªæ•°:  669
Epoch [33/100], V_AUC: [4m0.7737[0m
Epoch [34/100], Loss: 26.6193
train_Accuracy: [91m0.9267[0m
train_Precision: [4;34m0.9457[0m,               train_Recall: [4;33m0.9096[0m,                 train_F1 Score: [4;35m0.9249[0m
æ ‡ç­¾é‡Œ1çš„ä¸ªæ•°:  2150
æ ‡ç­¾é‡Œ0çš„ä¸ªæ•°:  2150
æ€»æ•°:  4300
æ­£ç¡®çš„ä¸ªæ•°:  3985
æœ€åä¸€ä¸ªæ‰¹æ¬¡çš„è¾“å‡º, ä¸æ»¡batchsizeæ˜¯æ­£å¸¸çš„:
 tensor([[0.9988],
        [0.9941],
        [0.9868],
        [0.0049],
        [1.0000],
        [0.0014],
        [0.0031],
        [0.0069],
        [0.9959],
        [0.9770],
        [0.0046],
        [0.0881]], device='cuda:0', grad_fn=<SigmoidBackward0>)
Epoch [34/100], T_AUC: [4m0.9306[0m
Epoch [34/100], Loss: 25.2358
val_Accuracy: [92m0.7733[0m
val_Precision: [4;34m0.7855[0m,               val_Recall: [4;33m0.7397[0m,                 val_F1 Score: [4;35m0.7568[0m
æ ‡ç­¾é‡Œ1çš„ä¸ªæ•°:  430
æ ‡ç­¾é‡Œ0çš„ä¸ªæ•°:  430
æ€»æ•°:  860
æ­£ç¡®çš„ä¸ªæ•°:  665
Epoch [34/100], V_AUC: [4m0.7711[0m
Epoch [35/100], Loss: 24.8376
train_Accuracy: [91m0.9370[0m
train_Precision: [4;34m0.9498[0m,               train_Recall: [4;33m0.9253[0m,                 train_F1 Score: [4;35m0.9354[0m
æ ‡ç­¾é‡Œ1çš„ä¸ªæ•°:  2150
æ ‡ç­¾é‡Œ0çš„ä¸ªæ•°:  2150
æ€»æ•°:  4300
æ­£ç¡®çš„ä¸ªæ•°:  4029
æœ€åä¸€ä¸ªæ‰¹æ¬¡çš„è¾“å‡º, ä¸æ»¡batchsizeæ˜¯æ­£å¸¸çš„:
 tensor([[0.9975],
        [0.9974],
        [0.9921],
        [0.0021],
        [0.9994],
        [0.0144],
        [0.0045],
        [0.0246],
        [0.9983],
        [0.9841],
        [0.0111],
        [0.0141]], device='cuda:0', grad_fn=<SigmoidBackward0>)
Epoch [35/100], T_AUC: [4m0.9397[0m
Epoch [35/100], Loss: 29.2980
val_Accuracy: [92m0.7674[0m
val_Precision: [4;34m0.7818[0m,               val_Recall: [4;33m0.7353[0m,                 val_F1 Score: [4;35m0.7532[0m
æ ‡ç­¾é‡Œ1çš„ä¸ªæ•°:  430
æ ‡ç­¾é‡Œ0çš„ä¸ªæ•°:  430
æ€»æ•°:  860
æ­£ç¡®çš„ä¸ªæ•°:  660
Epoch [35/100], V_AUC: [4m0.7652[0m
Epoch [36/100], Loss: 25.3659
train_Accuracy: [91m0.9295[0m
train_Precision: [4;34m0.9408[0m,               train_Recall: [4;33m0.9207[0m,                 train_F1 Score: [4;35m0.9282[0m
æ ‡ç­¾é‡Œ1çš„ä¸ªæ•°:  2150
æ ‡ç­¾é‡Œ0çš„ä¸ªæ•°:  2150
æ€»æ•°:  4300
æ­£ç¡®çš„ä¸ªæ•°:  3997
æœ€åä¸€ä¸ªæ‰¹æ¬¡çš„è¾“å‡º, ä¸æ»¡batchsizeæ˜¯æ­£å¸¸çš„:
 tensor([[9.9564e-01],
        [9.9872e-01],
        [9.9542e-01],
        [4.2809e-03],
        [9.9994e-01],
        [4.2069e-04],
        [2.6838e-02],
        [5.6583e-02],
        [9.8778e-01],
        [9.8799e-01],
        [1.1404e-03],
        [3.9471e-02]], device='cuda:0', grad_fn=<SigmoidBackward0>)
Epoch [36/100], T_AUC: [4m0.9334[0m
Epoch [36/100], Loss: 33.2951
val_Accuracy: [92m0.7744[0m
val_Precision: [4;34m0.7966[0m,               val_Recall: [4;33m0.7252[0m,                 val_F1 Score: [4;35m0.7527[0m
æ ‡ç­¾é‡Œ1çš„ä¸ªæ•°:  430
æ ‡ç­¾é‡Œ0çš„ä¸ªæ•°:  430
æ€»æ•°:  860
æ­£ç¡®çš„ä¸ªæ•°:  666
Epoch [36/100], V_AUC: [4m0.7696[0m
Epoch [37/100], Loss: 25.3557
train_Accuracy: [91m0.9284[0m
train_Precision: [4;34m0.9415[0m,               train_Recall: [4;33m0.9170[0m,                 train_F1 Score: [4;35m0.9270[0m
æ ‡ç­¾é‡Œ1çš„ä¸ªæ•°:  2150
æ ‡ç­¾é‡Œ0çš„ä¸ªæ•°:  2150
æ€»æ•°:  4300
æ­£ç¡®çš„ä¸ªæ•°:  3992
æœ€åä¸€ä¸ªæ‰¹æ¬¡çš„è¾“å‡º, ä¸æ»¡batchsizeæ˜¯æ­£å¸¸çš„:
 tensor([[0.9923],
        [0.9949],
        [0.9502],
        [0.0064],
        [1.0000],
        [0.0022],
        [0.0027],
        [0.5204],
        [0.9993],
        [0.9677],
        [0.0024],
        [0.0079]], device='cuda:0', grad_fn=<SigmoidBackward0>)
Epoch [37/100], T_AUC: [4m0.9309[0m
Epoch [37/100], Loss: 30.8126
val_Accuracy: [92m0.7733[0m
val_Precision: [4;34m0.8067[0m,               val_Recall: [4;33m0.7081[0m,                 val_F1 Score: [4;35m0.7473[0m
æ ‡ç­¾é‡Œ1çš„ä¸ªæ•°:  430
æ ‡ç­¾é‡Œ0çš„ä¸ªæ•°:  430
æ€»æ•°:  860
æ­£ç¡®çš„ä¸ªæ•°:  665
Epoch [37/100], V_AUC: [4m0.7699[0m
Epoch [38/100], Loss: 24.6943
train_Accuracy: [91m0.9284[0m
train_Precision: [4;34m0.9443[0m,               train_Recall: [4;33m0.9153[0m,                 train_F1 Score: [4;35m0.9271[0m
æ ‡ç­¾é‡Œ1çš„ä¸ªæ•°:  2150
æ ‡ç­¾é‡Œ0çš„ä¸ªæ•°:  2150
æ€»æ•°:  4300
æ­£ç¡®çš„ä¸ªæ•°:  3992
æœ€åä¸€ä¸ªæ‰¹æ¬¡çš„è¾“å‡º, ä¸æ»¡batchsizeæ˜¯æ­£å¸¸çš„:
 tensor([[9.9905e-01],
        [9.9577e-01],
        [9.7048e-01],
        [2.6127e-03],
        [9.9999e-01],
        [8.6184e-04],
        [4.2269e-03],
        [5.9558e-03],
        [9.9952e-01],
        [9.7635e-01],
        [1.7469e-02],
        [2.4150e-02]], device='cuda:0', grad_fn=<SigmoidBackward0>)
Epoch [38/100], T_AUC: [4m0.9323[0m
Epoch [38/100], Loss: 29.2452
val_Accuracy: [92m0.7616[0m
val_Precision: [4;34m0.7673[0m,               val_Recall: [4;33m0.7415[0m,                 val_F1 Score: [4;35m0.7490[0m
æ ‡ç­¾é‡Œ1çš„ä¸ªæ•°:  430
æ ‡ç­¾é‡Œ0çš„ä¸ªæ•°:  430
æ€»æ•°:  860
æ­£ç¡®çš„ä¸ªæ•°:  655
Epoch [38/100], V_AUC: [4m0.7599[0m
Epoch [39/100], Loss: 24.2571
train_Accuracy: [91m0.9358[0m
train_Precision: [4;34m0.9494[0m,               train_Recall: [4;33m0.9243[0m,                 train_F1 Score: [4;35m0.9344[0m
æ ‡ç­¾é‡Œ1çš„ä¸ªæ•°:  2150
æ ‡ç­¾é‡Œ0çš„ä¸ªæ•°:  2150
æ€»æ•°:  4300
æ­£ç¡®çš„ä¸ªæ•°:  4024
æœ€åä¸€ä¸ªæ‰¹æ¬¡çš„è¾“å‡º, ä¸æ»¡batchsizeæ˜¯æ­£å¸¸çš„:
 tensor([[9.9960e-01],
        [9.9826e-01],
        [8.9653e-01],
        [4.1708e-03],
        [9.9998e-01],
        [4.9595e-04],
        [2.5126e-03],
        [1.9163e-02],
        [9.9989e-01],
        [9.8364e-01],
        [2.1683e-03],
        [2.1928e-02]], device='cuda:0', grad_fn=<SigmoidBackward0>)
Epoch [39/100], T_AUC: [4m0.9391[0m
Epoch [39/100], Loss: 25.8091
val_Accuracy: [92m0.7430[0m
val_Precision: [4;34m0.7505[0m,               val_Recall: [4;33m0.7260[0m,                 val_F1 Score: [4;35m0.7323[0m
æ ‡ç­¾é‡Œ1çš„ä¸ªæ•°:  430
æ ‡ç­¾é‡Œ0çš„ä¸ªæ•°:  430
æ€»æ•°:  860
æ­£ç¡®çš„ä¸ªæ•°:  639
Epoch [39/100], V_AUC: [4m0.7416[0m
Epoch [40/100], Loss: 22.9405
train_Accuracy: [91m0.9372[0m
train_Precision: [4;34m0.9475[0m,               train_Recall: [4;33m0.9287[0m,                 train_F1 Score: [4;35m0.9359[0m
æ ‡ç­¾é‡Œ1çš„ä¸ªæ•°:  2150
æ ‡ç­¾é‡Œ0çš„ä¸ªæ•°:  2150
æ€»æ•°:  4300
æ­£ç¡®çš„ä¸ªæ•°:  4030
æœ€åä¸€ä¸ªæ‰¹æ¬¡çš„è¾“å‡º, ä¸æ»¡batchsizeæ˜¯æ­£å¸¸çš„:
 tensor([[9.9938e-01],
        [9.9592e-01],
        [9.8673e-01],
        [5.4304e-03],
        [1.0000e+00],
        [7.5503e-05],
        [1.1839e-01],
        [2.0658e-02],
        [9.8308e-01],
        [9.0672e-01],
        [4.5066e-04],
        [3.1327e-02]], device='cuda:0', grad_fn=<SigmoidBackward0>)
Epoch [40/100], T_AUC: [4m0.9401[0m
Epoch [40/100], Loss: 31.9071
val_Accuracy: [92m0.7547[0m
val_Precision: [4;34m0.7661[0m,               val_Recall: [4;33m0.7247[0m,                 val_F1 Score: [4;35m0.7396[0m
æ ‡ç­¾é‡Œ1çš„ä¸ªæ•°:  430
æ ‡ç­¾é‡Œ0çš„ä¸ªæ•°:  430
æ€»æ•°:  860
æ­£ç¡®çš„ä¸ªæ•°:  649
Epoch [40/100], V_AUC: [4m0.7521[0m
Epoch [41/100], Loss: 21.7220
train_Accuracy: [91m0.9444[0m
train_Precision: [4;34m0.9560[0m,               train_Recall: [4;33m0.9344[0m,                 train_F1 Score: [4;35m0.9430[0m
æ ‡ç­¾é‡Œ1çš„ä¸ªæ•°:  2150
æ ‡ç­¾é‡Œ0çš„ä¸ªæ•°:  2150
æ€»æ•°:  4300
æ­£ç¡®çš„ä¸ªæ•°:  4061
æœ€åä¸€ä¸ªæ‰¹æ¬¡çš„è¾“å‡º, ä¸æ»¡batchsizeæ˜¯æ­£å¸¸çš„:
 tensor([[9.9926e-01],
        [9.7843e-01],
        [9.8323e-01],
        [1.0435e-02],
        [1.0000e+00],
        [3.2162e-04],
        [1.9510e-03],
        [4.7303e-03],
        [9.9753e-01],
        [9.9498e-01],
        [2.5911e-02],
        [9.2382e-03]], device='cuda:0', grad_fn=<SigmoidBackward0>)
Epoch [41/100], T_AUC: [4m0.9475[0m
Epoch [41/100], Loss: 31.6161
val_Accuracy: [92m0.7558[0m
val_Precision: [4;34m0.7777[0m,               val_Recall: [4;33m0.6994[0m,                 val_F1 Score: [4;35m0.7315[0m
æ ‡ç­¾é‡Œ1çš„ä¸ªæ•°:  430
æ ‡ç­¾é‡Œ0çš„ä¸ªæ•°:  430
æ€»æ•°:  860
æ­£ç¡®çš„ä¸ªæ•°:  650
Epoch [41/100], V_AUC: [4m0.7520[0m
Epoch [42/100], Loss: 21.5908
train_Accuracy: [91m0.9416[0m
train_Precision: [4;34m0.9542[0m,               train_Recall: [4;33m0.9313[0m,                 train_F1 Score: [4;35m0.9409[0m
æ ‡ç­¾é‡Œ1çš„ä¸ªæ•°:  2150
æ ‡ç­¾é‡Œ0çš„ä¸ªæ•°:  2150
æ€»æ•°:  4300
æ­£ç¡®çš„ä¸ªæ•°:  4049
æœ€åä¸€ä¸ªæ‰¹æ¬¡çš„è¾“å‡º, ä¸æ»¡batchsizeæ˜¯æ­£å¸¸çš„:
 tensor([[9.9993e-01],
        [9.9228e-01],
        [9.4808e-01],
        [7.3957e-03],
        [1.0000e+00],
        [8.0492e-04],
        [6.4223e-03],
        [1.8726e-02],
        [9.9830e-01],
        [8.9282e-01],
        [2.7314e-03],
        [1.8587e-02]], device='cuda:0', grad_fn=<SigmoidBackward0>)
Epoch [42/100], T_AUC: [4m0.9443[0m
Epoch [42/100], Loss: 28.2766
val_Accuracy: [92m0.7465[0m
val_Precision: [4;34m0.7663[0m,               val_Recall: [4;33m0.7051[0m,                 val_F1 Score: [4;35m0.7271[0m
æ ‡ç­¾é‡Œ1çš„ä¸ªæ•°:  430
æ ‡ç­¾é‡Œ0çš„ä¸ªæ•°:  430
æ€»æ•°:  860
æ­£ç¡®çš„ä¸ªæ•°:  642
Epoch [42/100], V_AUC: [4m0.7433[0m
Epoch [43/100], Loss: 19.4048
train_Accuracy: [91m0.9502[0m
train_Precision: [4;34m0.9614[0m,               train_Recall: [4;33m0.9419[0m,                 train_F1 Score: [4;35m0.9499[0m
æ ‡ç­¾é‡Œ1çš„ä¸ªæ•°:  2150
æ ‡ç­¾é‡Œ0çš„ä¸ªæ•°:  2150
æ€»æ•°:  4300
æ­£ç¡®çš„ä¸ªæ•°:  4086
æœ€åä¸€ä¸ªæ‰¹æ¬¡çš„è¾“å‡º, ä¸æ»¡batchsizeæ˜¯æ­£å¸¸çš„:
 tensor([[9.9983e-01],
        [9.8045e-01],
        [9.8728e-01],
        [1.2944e-02],
        [1.0000e+00],
        [5.3558e-04],
        [3.5160e-03],
        [1.8386e-03],
        [9.9873e-01],
        [9.8065e-01],
        [3.1864e-04],
        [1.2539e-02]], device='cuda:0', grad_fn=<SigmoidBackward0>)
Epoch [43/100], T_AUC: [4m0.9530[0m
Epoch [43/100], Loss: 36.0429
val_Accuracy: [92m0.7547[0m
val_Precision: [4;34m0.7618[0m,               val_Recall: [4;33m0.7380[0m,                 val_F1 Score: [4;35m0.7431[0m
æ ‡ç­¾é‡Œ1çš„ä¸ªæ•°:  430
æ ‡ç­¾é‡Œ0çš„ä¸ªæ•°:  430
æ€»æ•°:  860
æ­£ç¡®çš„ä¸ªæ•°:  649
Epoch [43/100], V_AUC: [4m0.7510[0m
Epoch [44/100], Loss: 17.9935
train_Accuracy: [91m0.9540[0m
train_Precision: [4;34m0.9645[0m,               train_Recall: [4;33m0.9446[0m,                 train_F1 Score: [4;35m0.9529[0m
æ ‡ç­¾é‡Œ1çš„ä¸ªæ•°:  2150
æ ‡ç­¾é‡Œ0çš„ä¸ªæ•°:  2150
æ€»æ•°:  4300
æ­£ç¡®çš„ä¸ªæ•°:  4102
æœ€åä¸€ä¸ªæ‰¹æ¬¡çš„è¾“å‡º, ä¸æ»¡batchsizeæ˜¯æ­£å¸¸çš„:
 tensor([[9.9977e-01],
        [9.9555e-01],
        [9.9591e-01],
        [1.1073e-02],
        [1.0000e+00],
        [8.5176e-05],
        [1.2484e-02],
        [1.2450e-02],
        [9.9778e-01],
        [9.7564e-01],
        [3.7188e-04],
        [8.0405e-03]], device='cuda:0', grad_fn=<SigmoidBackward0>)
Epoch [44/100], T_AUC: [4m0.9565[0m
Epoch [44/100], Loss: 33.6064
val_Accuracy: [92m0.7453[0m
val_Precision: [4;34m0.7546[0m,               val_Recall: [4;33m0.7141[0m,                 val_F1 Score: [4;35m0.7283[0m
æ ‡ç­¾é‡Œ1çš„ä¸ªæ•°:  430
æ ‡ç­¾é‡Œ0çš„ä¸ªæ•°:  430
æ€»æ•°:  860
æ­£ç¡®çš„ä¸ªæ•°:  641
Epoch [44/100], V_AUC: [4m0.7426[0m
Epoch [45/100], Loss: 16.0835
train_Accuracy: [91m0.9612[0m
train_Precision: [4;34m0.9694[0m,               train_Recall: [4;33m0.9551[0m,                 train_F1 Score: [4;35m0.9609[0m
æ ‡ç­¾é‡Œ1çš„ä¸ªæ•°:  2150
æ ‡ç­¾é‡Œ0çš„ä¸ªæ•°:  2150
æ€»æ•°:  4300
æ­£ç¡®çš„ä¸ªæ•°:  4133
æœ€åä¸€ä¸ªæ‰¹æ¬¡çš„è¾“å‡º, ä¸æ»¡batchsizeæ˜¯æ­£å¸¸çš„:
 tensor([[9.9996e-01],
        [9.9488e-01],
        [9.8781e-01],
        [1.2562e-02],
        [1.0000e+00],
        [9.9202e-04],
        [6.1793e-03],
        [4.6445e-04],
        [9.9784e-01],
        [9.9001e-01],
        [1.6234e-04],
        [1.1969e-02]], device='cuda:0', grad_fn=<SigmoidBackward0>)
Epoch [45/100], T_AUC: [4m0.9635[0m
Epoch [45/100], Loss: 39.6694
val_Accuracy: [92m0.7453[0m
val_Precision: [4;34m0.7411[0m,               val_Recall: [4;33m0.7429[0m,                 val_F1 Score: [4;35m0.7369[0m
æ ‡ç­¾é‡Œ1çš„ä¸ªæ•°:  430
æ ‡ç­¾é‡Œ0çš„ä¸ªæ•°:  430
æ€»æ•°:  860
æ­£ç¡®çš„ä¸ªæ•°:  641
Epoch [45/100], V_AUC: [4m0.7429[0m
Epoch [46/100], Loss: 15.8516
train_Accuracy: [91m0.9591[0m
train_Precision: [4;34m0.9679[0m,               train_Recall: [4;33m0.9521[0m,                 train_F1 Score: [4;35m0.9586[0m
æ ‡ç­¾é‡Œ1çš„ä¸ªæ•°:  2150
æ ‡ç­¾é‡Œ0çš„ä¸ªæ•°:  2150
æ€»æ•°:  4300
æ­£ç¡®çš„ä¸ªæ•°:  4124
æœ€åä¸€ä¸ªæ‰¹æ¬¡çš„è¾“å‡º, ä¸æ»¡batchsizeæ˜¯æ­£å¸¸çš„:
 tensor([[9.9985e-01],
        [9.6214e-01],
        [9.2227e-01],
        [1.3320e-02],
        [1.0000e+00],
        [3.7301e-04],
        [6.7427e-03],
        [2.0105e-02],
        [9.9937e-01],
        [9.6901e-01],
        [1.7637e-04],
        [1.1575e-02]], device='cuda:0', grad_fn=<SigmoidBackward0>)
Epoch [46/100], T_AUC: [4m0.9617[0m
Epoch [46/100], Loss: 37.8296
val_Accuracy: [92m0.7593[0m
val_Precision: [4;34m0.7664[0m,               val_Recall: [4;33m0.7462[0m,                 val_F1 Score: [4;35m0.7497[0m
æ ‡ç­¾é‡Œ1çš„ä¸ªæ•°:  430
æ ‡ç­¾é‡Œ0çš„ä¸ªæ•°:  430
æ€»æ•°:  860
æ­£ç¡®çš„ä¸ªæ•°:  653
Epoch [46/100], V_AUC: [4m0.7573[0m
Epoch [47/100], Loss: 17.0334
train_Accuracy: [91m0.9572[0m
train_Precision: [4;34m0.9672[0m,               train_Recall: [4;33m0.9494[0m,                 train_F1 Score: [4;35m0.9565[0m
æ ‡ç­¾é‡Œ1çš„ä¸ªæ•°:  2150
æ ‡ç­¾é‡Œ0çš„ä¸ªæ•°:  2150
æ€»æ•°:  4300
æ­£ç¡®çš„ä¸ªæ•°:  4116
æœ€åä¸€ä¸ªæ‰¹æ¬¡çš„è¾“å‡º, ä¸æ»¡batchsizeæ˜¯æ­£å¸¸çš„:
 tensor([[9.9986e-01],
        [9.6636e-01],
        [9.8838e-01],
        [3.4386e-03],
        [1.0000e+00],
        [1.1769e-04],
        [4.0790e-01],
        [1.6787e-03],
        [9.9608e-01],
        [9.9631e-01],
        [5.2193e-05],
        [7.5956e-03]], device='cuda:0', grad_fn=<SigmoidBackward0>)
Epoch [47/100], T_AUC: [4m0.9602[0m
Epoch [47/100], Loss: 41.2848
val_Accuracy: [92m0.7593[0m
val_Precision: [4;34m0.7724[0m,               val_Recall: [4;33m0.7310[0m,                 val_F1 Score: [4;35m0.7447[0m
æ ‡ç­¾é‡Œ1çš„ä¸ªæ•°:  430
æ ‡ç­¾é‡Œ0çš„ä¸ªæ•°:  430
æ€»æ•°:  860
æ­£ç¡®çš„ä¸ªæ•°:  653
Epoch [47/100], V_AUC: [4m0.7561[0m
Epoch [48/100], Loss: 17.6431
train_Accuracy: [91m0.9505[0m
train_Precision: [4;34m0.9611[0m,               train_Recall: [4;33m0.9419[0m,                 train_F1 Score: [4;35m0.9495[0m
æ ‡ç­¾é‡Œ1çš„ä¸ªæ•°:  2150
æ ‡ç­¾é‡Œ0çš„ä¸ªæ•°:  2150
æ€»æ•°:  4300
æ­£ç¡®çš„ä¸ªæ•°:  4087
æœ€åä¸€ä¸ªæ‰¹æ¬¡çš„è¾“å‡º, ä¸æ»¡batchsizeæ˜¯æ­£å¸¸çš„:
 tensor([[9.9999e-01],
        [9.9567e-01],
        [9.8189e-01],
        [6.3584e-03],
        [1.0000e+00],
        [3.5767e-04],
        [3.8405e-04],
        [4.3986e-04],
        [9.8322e-01],
        [9.9267e-01],
        [1.1464e-04],
        [6.3910e-03]], device='cuda:0', grad_fn=<SigmoidBackward0>)
Epoch [48/100], T_AUC: [4m0.9532[0m
Epoch [48/100], Loss: 46.2407
val_Accuracy: [92m0.7547[0m
val_Precision: [4;34m0.7461[0m,               val_Recall: [4;33m0.7576[0m,                 val_F1 Score: [4;35m0.7477[0m
æ ‡ç­¾é‡Œ1çš„ä¸ªæ•°:  430
æ ‡ç­¾é‡Œ0çš„ä¸ªæ•°:  430
æ€»æ•°:  860
æ­£ç¡®çš„ä¸ªæ•°:  649
Epoch [48/100], V_AUC: [4m0.7503[0m
Epoch [49/100], Loss: 18.9489
train_Accuracy: [91m0.9516[0m
train_Precision: [4;34m0.9604[0m,               train_Recall: [4;33m0.9451[0m,                 train_F1 Score: [4;35m0.9509[0m
æ ‡ç­¾é‡Œ1çš„ä¸ªæ•°:  2150
æ ‡ç­¾é‡Œ0çš„ä¸ªæ•°:  2150
æ€»æ•°:  4300
æ­£ç¡®çš„ä¸ªæ•°:  4092
æœ€åä¸€ä¸ªæ‰¹æ¬¡çš„è¾“å‡º, ä¸æ»¡batchsizeæ˜¯æ­£å¸¸çš„:
 tensor([[9.9998e-01],
        [9.9975e-01],
        [9.9781e-01],
        [2.1101e-02],
        [9.9999e-01],
        [3.9709e-03],
        [2.0014e-03],
        [3.9840e-03],
        [9.7347e-01],
        [9.1598e-01],
        [2.1253e-04],
        [1.3089e-02]], device='cuda:0', grad_fn=<SigmoidBackward0>)
Epoch [49/100], T_AUC: [4m0.9548[0m
Epoch [49/100], Loss: 39.3972
val_Accuracy: [92m0.7488[0m
val_Precision: [4;34m0.7698[0m,               val_Recall: [4;33m0.6991[0m,                 val_F1 Score: [4;35m0.7271[0m
æ ‡ç­¾é‡Œ1çš„ä¸ªæ•°:  430
æ ‡ç­¾é‡Œ0çš„ä¸ªæ•°:  430
æ€»æ•°:  860
æ­£ç¡®çš„ä¸ªæ•°:  644
Epoch [49/100], V_AUC: [4m0.7436[0m
Epoch [50/100], Loss: 19.3138
train_Accuracy: [91m0.9465[0m
train_Precision: [4;34m0.9534[0m,               train_Recall: [4;33m0.9398[0m,                 train_F1 Score: [4;35m0.9449[0m
æ ‡ç­¾é‡Œ1çš„ä¸ªæ•°:  2150
æ ‡ç­¾é‡Œ0çš„ä¸ªæ•°:  2150
æ€»æ•°:  4300
æ­£ç¡®çš„ä¸ªæ•°:  4070
æœ€åä¸€ä¸ªæ‰¹æ¬¡çš„è¾“å‡º, ä¸æ»¡batchsizeæ˜¯æ­£å¸¸çš„:
 tensor([[9.9992e-01],
        [9.9589e-01],
        [9.9792e-01],
        [2.6345e-02],
        [1.0000e+00],
        [1.7269e-04],
        [6.6550e-02],
        [3.2979e-02],
        [9.4676e-01],
        [9.6032e-01],
        [5.7279e-05],
        [1.0717e-02]], device='cuda:0', grad_fn=<SigmoidBackward0>)
Epoch [50/100], T_AUC: [4m0.9498[0m
Epoch [50/100], Loss: 42.5610
val_Accuracy: [92m0.7779[0m
val_Precision: [4;34m0.7843[0m,               val_Recall: [4;33m0.7576[0m,                 val_F1 Score: [4;35m0.7656[0m
æ ‡ç­¾é‡Œ1çš„ä¸ªæ•°:  430
æ ‡ç­¾é‡Œ0çš„ä¸ªæ•°:  430
æ€»æ•°:  860
æ­£ç¡®çš„ä¸ªæ•°:  669
Epoch [50/100], V_AUC: [4m0.7732[0m
Epoch [51/100], Loss: 16.4805
train_Accuracy: [91m0.9551[0m
train_Precision: [4;34m0.9603[0m,               train_Recall: [4;33m0.9526[0m,                 train_F1 Score: [4;35m0.9550[0m
æ ‡ç­¾é‡Œ1çš„ä¸ªæ•°:  2150
æ ‡ç­¾é‡Œ0çš„ä¸ªæ•°:  2150
æ€»æ•°:  4300
æ­£ç¡®çš„ä¸ªæ•°:  4107
æœ€åä¸€ä¸ªæ‰¹æ¬¡çš„è¾“å‡º, ä¸æ»¡batchsizeæ˜¯æ­£å¸¸çš„:
 tensor([[1.0000e+00],
        [9.8472e-01],
        [9.9788e-01],
        [3.0150e-02],
        [1.0000e+00],
        [1.6425e-04],
        [3.8963e-02],
        [9.4427e-04],
        [9.9924e-01],
        [9.8828e-01],
        [1.2870e-05],
        [1.1032e-03]], device='cuda:0', grad_fn=<SigmoidBackward0>)
Epoch [51/100], T_AUC: [4m0.9573[0m
Epoch [51/100], Loss: 43.2690
val_Accuracy: [92m0.7570[0m
val_Precision: [4;34m0.7835[0m,               val_Recall: [4;33m0.7020[0m,                 val_F1 Score: [4;35m0.7330[0m
æ ‡ç­¾é‡Œ1çš„ä¸ªæ•°:  430
æ ‡ç­¾é‡Œ0çš„ä¸ªæ•°:  430
æ€»æ•°:  860
æ­£ç¡®çš„ä¸ªæ•°:  651
Epoch [51/100], V_AUC: [4m0.7526[0m
Epoch [52/100], Loss: 13.1465
train_Accuracy: [91m0.9705[0m
train_Precision: [4;34m0.9796[0m,               train_Recall: [4;33m0.9627[0m,                 train_F1 Score: [4;35m0.9701[0m
æ ‡ç­¾é‡Œ1çš„ä¸ªæ•°:  2150
æ ‡ç­¾é‡Œ0çš„ä¸ªæ•°:  2150
æ€»æ•°:  4300
æ­£ç¡®çš„ä¸ªæ•°:  4173
æœ€åä¸€ä¸ªæ‰¹æ¬¡çš„è¾“å‡º, ä¸æ»¡batchsizeæ˜¯æ­£å¸¸çš„:
 tensor([[1.0000e+00],
        [9.7087e-01],
        [9.9567e-01],
        [4.2367e-02],
        [1.0000e+00],
        [2.7876e-03],
        [5.1560e-05],
        [9.4542e-04],
        [9.5159e-01],
        [9.6032e-01],
        [7.0043e-05],
        [7.5043e-03]], device='cuda:0', grad_fn=<SigmoidBackward0>)
Epoch [52/100], T_AUC: [4m0.9722[0m
Epoch [52/100], Loss: 44.8059
val_Accuracy: [92m0.7616[0m
val_Precision: [4;34m0.7599[0m,               val_Recall: [4;33m0.7596[0m,                 val_F1 Score: [4;35m0.7534[0m
æ ‡ç­¾é‡Œ1çš„ä¸ªæ•°:  430
æ ‡ç­¾é‡Œ0çš„ä¸ªæ•°:  430
æ€»æ•°:  860
æ­£ç¡®çš„ä¸ªæ•°:  655
Epoch [52/100], V_AUC: [4m0.7592[0m
Epoch [53/100], Loss: 12.5034
train_Accuracy: [91m0.9712[0m
train_Precision: [4;34m0.9796[0m,               train_Recall: [4;33m0.9649[0m,                 train_F1 Score: [4;35m0.9710[0m
æ ‡ç­¾é‡Œ1çš„ä¸ªæ•°:  2150
æ ‡ç­¾é‡Œ0çš„ä¸ªæ•°:  2150
æ€»æ•°:  4300
æ­£ç¡®çš„ä¸ªæ•°:  4176
æœ€åä¸€ä¸ªæ‰¹æ¬¡çš„è¾“å‡º, ä¸æ»¡batchsizeæ˜¯æ­£å¸¸çš„:
 tensor([[9.9999e-01],
        [9.9424e-01],
        [9.9789e-01],
        [4.6581e-02],
        [1.0000e+00],
        [2.9625e-05],
        [2.0408e-04],
        [8.2727e-03],
        [9.8369e-01],
        [9.8107e-01],
        [3.1193e-05],
        [2.4465e-03]], device='cuda:0', grad_fn=<SigmoidBackward0>)
Epoch [53/100], T_AUC: [4m0.9731[0m
Epoch [53/100], Loss: 45.9869
val_Accuracy: [92m0.7698[0m
val_Precision: [4;34m0.7829[0m,               val_Recall: [4;33m0.7460[0m,                 val_F1 Score: [4;35m0.7587[0m
æ ‡ç­¾é‡Œ1çš„ä¸ªæ•°:  430
æ ‡ç­¾é‡Œ0çš„ä¸ªæ•°:  430
æ€»æ•°:  860
æ­£ç¡®çš„ä¸ªæ•°:  662
Epoch [53/100], V_AUC: [4m0.7680[0m
Epoch [54/100], Loss: 11.2446
train_Accuracy: [91m0.9716[0m
train_Precision: [4;34m0.9766[0m,               train_Recall: [4;33m0.9687[0m,                 train_F1 Score: [4;35m0.9715[0m
æ ‡ç­¾é‡Œ1çš„ä¸ªæ•°:  2150
æ ‡ç­¾é‡Œ0çš„ä¸ªæ•°:  2150
æ€»æ•°:  4300
æ­£ç¡®çš„ä¸ªæ•°:  4178
æœ€åä¸€ä¸ªæ‰¹æ¬¡çš„è¾“å‡º, ä¸æ»¡batchsizeæ˜¯æ­£å¸¸çš„:
 tensor([[9.9997e-01],
        [9.8430e-01],
        [9.9877e-01],
        [1.4911e-02],
        [1.0000e+00],
        [9.8531e-05],
        [1.9212e-03],
        [9.6322e-04],
        [9.9690e-01],
        [9.9142e-01],
        [2.4009e-05],
        [2.5056e-03]], device='cuda:0', grad_fn=<SigmoidBackward0>)
Epoch [54/100], T_AUC: [4m0.9739[0m
Epoch [54/100], Loss: 47.5834
val_Accuracy: [92m0.7593[0m
val_Precision: [4;34m0.7709[0m,               val_Recall: [4;33m0.7366[0m,                 val_F1 Score: [4;35m0.7481[0m
æ ‡ç­¾é‡Œ1çš„ä¸ªæ•°:  430
æ ‡ç­¾é‡Œ0çš„ä¸ªæ•°:  430
æ€»æ•°:  860
æ­£ç¡®çš„ä¸ªæ•°:  653
Epoch [54/100], V_AUC: [4m0.7574[0m
Epoch [55/100], Loss: 9.0116
train_Accuracy: [91m0.9807[0m
train_Precision: [4;34m0.9845[0m,               train_Recall: [4;33m0.9783[0m,                 train_F1 Score: [4;35m0.9807[0m
æ ‡ç­¾é‡Œ1çš„ä¸ªæ•°:  2150
æ ‡ç­¾é‡Œ0çš„ä¸ªæ•°:  2150
æ€»æ•°:  4300
æ­£ç¡®çš„ä¸ªæ•°:  4217
æœ€åä¸€ä¸ªæ‰¹æ¬¡çš„è¾“å‡º, ä¸æ»¡batchsizeæ˜¯æ­£å¸¸çš„:
 tensor([[1.0000e+00],
        [9.8606e-01],
        [9.9935e-01],
        [1.1408e-02],
        [1.0000e+00],
        [2.7755e-04],
        [6.2611e-04],
        [1.3303e-04],
        [9.6462e-01],
        [9.9040e-01],
        [1.0670e-05],
        [2.1732e-03]], device='cuda:0', grad_fn=<SigmoidBackward0>)
Epoch [55/100], T_AUC: [4m0.9820[0m
Epoch [55/100], Loss: 49.9923
val_Accuracy: [92m0.7628[0m
val_Precision: [4;34m0.7693[0m,               val_Recall: [4;33m0.7514[0m,                 val_F1 Score: [4;35m0.7546[0m
æ ‡ç­¾é‡Œ1çš„ä¸ªæ•°:  430
æ ‡ç­¾é‡Œ0çš„ä¸ªæ•°:  430
æ€»æ•°:  860
æ­£ç¡®çš„ä¸ªæ•°:  656
Epoch [55/100], V_AUC: [4m0.7591[0m
Epoch [56/100], Loss: 9.8500
train_Accuracy: [91m0.9770[0m
train_Precision: [4;34m0.9838[0m,               train_Recall: [4;33m0.9713[0m,                 train_F1 Score: [4;35m0.9767[0m
æ ‡ç­¾é‡Œ1çš„ä¸ªæ•°:  2150
æ ‡ç­¾é‡Œ0çš„ä¸ªæ•°:  2150
æ€»æ•°:  4300
æ­£ç¡®çš„ä¸ªæ•°:  4201
æœ€åä¸€ä¸ªæ‰¹æ¬¡çš„è¾“å‡º, ä¸æ»¡batchsizeæ˜¯æ­£å¸¸çš„:
 tensor([[1.0000e+00],
        [9.7061e-01],
        [9.9993e-01],
        [3.7520e-02],
        [1.0000e+00],
        [9.5669e-05],
        [4.5842e-03],
        [4.9442e-05],
        [9.9991e-01],
        [9.8235e-01],
        [1.8860e-05],
        [1.2466e-03]], device='cuda:0', grad_fn=<SigmoidBackward0>)
Epoch [56/100], T_AUC: [4m0.9788[0m
Epoch [56/100], Loss: 47.6535
val_Accuracy: [92m0.7651[0m
val_Precision: [4;34m0.7848[0m,               val_Recall: [4;33m0.7295[0m,                 val_F1 Score: [4;35m0.7505[0m
æ ‡ç­¾é‡Œ1çš„ä¸ªæ•°:  430
æ ‡ç­¾é‡Œ0çš„ä¸ªæ•°:  430
æ€»æ•°:  860
æ­£ç¡®çš„ä¸ªæ•°:  658
Epoch [56/100], V_AUC: [4m0.7622[0m
Epoch [57/100], Loss: 12.4887
train_Accuracy: [91m0.9674[0m
train_Precision: [4;34m0.9728[0m,               train_Recall: [4;33m0.9643[0m,                 train_F1 Score: [4;35m0.9675[0m
æ ‡ç­¾é‡Œ1çš„ä¸ªæ•°:  2150
æ ‡ç­¾é‡Œ0çš„ä¸ªæ•°:  2150
æ€»æ•°:  4300
æ­£ç¡®çš„ä¸ªæ•°:  4160
æœ€åä¸€ä¸ªæ‰¹æ¬¡çš„è¾“å‡º, ä¸æ»¡batchsizeæ˜¯æ­£å¸¸çš„:
 tensor([[9.9997e-01],
        [9.9935e-01],
        [9.9929e-01],
        [5.7080e-03],
        [1.0000e+00],
        [5.2148e-06],
        [6.8547e-04],
        [1.0399e-05],
        [9.9904e-01],
        [9.9730e-01],
        [9.8133e-06],
        [8.0734e-02]], device='cuda:0', grad_fn=<SigmoidBackward0>)
Epoch [57/100], T_AUC: [4m0.9694[0m
Epoch [57/100], Loss: 60.5835
val_Accuracy: [92m0.7442[0m
val_Precision: [4;34m0.7454[0m,               val_Recall: [4;33m0.7320[0m,                 val_F1 Score: [4;35m0.7334[0m
æ ‡ç­¾é‡Œ1çš„ä¸ªæ•°:  430
æ ‡ç­¾é‡Œ0çš„ä¸ªæ•°:  430
æ€»æ•°:  860
æ­£ç¡®çš„ä¸ªæ•°:  640
Epoch [57/100], V_AUC: [4m0.7404[0m
Epoch [58/100], Loss: 20.2576
train_Accuracy: [91m0.9433[0m
train_Precision: [4;34m0.9469[0m,               train_Recall: [4;33m0.9410[0m,                 train_F1 Score: [4;35m0.9420[0m
æ ‡ç­¾é‡Œ1çš„ä¸ªæ•°:  2150
æ ‡ç­¾é‡Œ0çš„ä¸ªæ•°:  2150
æ€»æ•°:  4300
æ­£ç¡®çš„ä¸ªæ•°:  4056
æœ€åä¸€ä¸ªæ‰¹æ¬¡çš„è¾“å‡º, ä¸æ»¡batchsizeæ˜¯æ­£å¸¸çš„:
 tensor([[1.0000e+00],
        [9.8972e-01],
        [9.9692e-01],
        [1.0050e-02],
        [1.0000e+00],
        [3.0616e-03],
        [2.4727e-05],
        [5.1530e-05],
        [9.9993e-01],
        [9.6727e-01],
        [3.9303e-04],
        [4.0078e-03]], device='cuda:0', grad_fn=<SigmoidBackward0>)
Epoch [58/100], T_AUC: [4m0.9458[0m
Epoch [58/100], Loss: 49.2497
val_Accuracy: [92m0.7477[0m
val_Precision: [4;34m0.7714[0m,               val_Recall: [4;33m0.7033[0m,                 val_F1 Score: [4;35m0.7293[0m
æ ‡ç­¾é‡Œ1çš„ä¸ªæ•°:  430
æ ‡ç­¾é‡Œ0çš„ä¸ªæ•°:  430
æ€»æ•°:  860
æ­£ç¡®çš„ä¸ªæ•°:  643
Epoch [58/100], V_AUC: [4m0.7472[0m
Epoch [59/100], Loss: 18.7401
train_Accuracy: [91m0.9500[0m
train_Precision: [4;34m0.9550[0m,               train_Recall: [4;33m0.9471[0m,                 train_F1 Score: [4;35m0.9490[0m
æ ‡ç­¾é‡Œ1çš„ä¸ªæ•°:  2150
æ ‡ç­¾é‡Œ0çš„ä¸ªæ•°:  2150
æ€»æ•°:  4300
æ­£ç¡®çš„ä¸ªæ•°:  4085
æœ€åä¸€ä¸ªæ‰¹æ¬¡çš„è¾“å‡º, ä¸æ»¡batchsizeæ˜¯æ­£å¸¸çš„:
 tensor([[9.9999e-01],
        [8.4893e-01],
        [9.9192e-01],
        [3.0064e-02],
        [1.0000e+00],
        [2.2962e-02],
        [3.0082e-02],
        [3.1371e-02],
        [9.9787e-01],
        [9.5590e-01],
        [1.1314e-04],
        [3.2746e-03]], device='cuda:0', grad_fn=<SigmoidBackward0>)
Epoch [59/100], T_AUC: [4m0.9534[0m
Epoch [59/100], Loss: 42.7869
val_Accuracy: [92m0.7128[0m
val_Precision: [4;34m0.7454[0m,               val_Recall: [4;33m0.6404[0m,                 val_F1 Score: [4;35m0.6844[0m
æ ‡ç­¾é‡Œ1çš„ä¸ªæ•°:  430
æ ‡ç­¾é‡Œ0çš„ä¸ªæ•°:  430
æ€»æ•°:  860
æ­£ç¡®çš„ä¸ªæ•°:  613
Epoch [59/100], V_AUC: [4m0.7096[0m
Epoch [60/100], Loss: 19.0093
train_Accuracy: [91m0.9426[0m
train_Precision: [4;34m0.9489[0m,               train_Recall: [4;33m0.9382[0m,                 train_F1 Score: [4;35m0.9417[0m
æ ‡ç­¾é‡Œ1çš„ä¸ªæ•°:  2150
æ ‡ç­¾é‡Œ0çš„ä¸ªæ•°:  2150
æ€»æ•°:  4300
æ­£ç¡®çš„ä¸ªæ•°:  4053
æœ€åä¸€ä¸ªæ‰¹æ¬¡çš„è¾“å‡º, ä¸æ»¡batchsizeæ˜¯æ­£å¸¸çš„:
 tensor([[9.9996e-01],
        [9.9511e-01],
        [9.9977e-01],
        [8.1796e-03],
        [1.0000e+00],
        [2.9417e-04],
        [5.1092e-04],
        [6.1864e-05],
        [9.6485e-01],
        [9.9728e-01],
        [3.5054e-05],
        [1.0596e-02]], device='cuda:0', grad_fn=<SigmoidBackward0>)
Epoch [60/100], T_AUC: [4m0.9452[0m
Epoch [60/100], Loss: 50.7347
val_Accuracy: [92m0.7674[0m
val_Precision: [4;34m0.8018[0m,               val_Recall: [4;33m0.7017[0m,                 val_F1 Score: [4;35m0.7424[0m
æ ‡ç­¾é‡Œ1çš„ä¸ªæ•°:  430
æ ‡ç­¾é‡Œ0çš„ä¸ªæ•°:  430
æ€»æ•°:  860
æ­£ç¡®çš„ä¸ªæ•°:  660
Epoch [60/100], V_AUC: [4m0.7647[0m
Epoch [61/100], Loss: 13.2759
train_Accuracy: [91m0.9630[0m
train_Precision: [4;34m0.9675[0m,               train_Recall: [4;33m0.9608[0m,                 train_F1 Score: [4;35m0.9627[0m
æ ‡ç­¾é‡Œ1çš„ä¸ªæ•°:  2150
æ ‡ç­¾é‡Œ0çš„ä¸ªæ•°:  2150
æ€»æ•°:  4300
æ­£ç¡®çš„ä¸ªæ•°:  4141
æœ€åä¸€ä¸ªæ‰¹æ¬¡çš„è¾“å‡º, ä¸æ»¡batchsizeæ˜¯æ­£å¸¸çš„:
 tensor([[1.0000e+00],
        [9.6144e-01],
        [9.9783e-01],
        [3.7637e-02],
        [1.0000e+00],
        [6.8630e-03],
        [1.4265e-03],
        [1.6357e-05],
        [9.9053e-01],
        [9.9900e-01],
        [7.3853e-05],
        [4.9437e-03]], device='cuda:0', grad_fn=<SigmoidBackward0>)
Epoch [61/100], T_AUC: [4m0.9655[0m
Epoch [61/100], Loss: 49.2255
val_Accuracy: [92m0.7419[0m
val_Precision: [4;34m0.7698[0m,               val_Recall: [4;33m0.6860[0m,                 val_F1 Score: [4;35m0.7177[0m
æ ‡ç­¾é‡Œ1çš„ä¸ªæ•°:  430
æ ‡ç­¾é‡Œ0çš„ä¸ªæ•°:  430
æ€»æ•°:  860
æ­£ç¡®çš„ä¸ªæ•°:  638
Epoch [61/100], V_AUC: [4m0.7376[0m
Epoch [62/100], Loss: 12.0088
train_Accuracy: [91m0.9672[0m
train_Precision: [4;34m0.9723[0m,               train_Recall: [4;33m0.9637[0m,                 train_F1 Score: [4;35m0.9663[0m
æ ‡ç­¾é‡Œ1çš„ä¸ªæ•°:  2150
æ ‡ç­¾é‡Œ0çš„ä¸ªæ•°:  2150
æ€»æ•°:  4300
æ­£ç¡®çš„ä¸ªæ•°:  4159
æœ€åä¸€ä¸ªæ‰¹æ¬¡çš„è¾“å‡º, ä¸æ»¡batchsizeæ˜¯æ­£å¸¸çš„:
 tensor([[1.0000e+00],
        [9.4298e-01],
        [9.9988e-01],
        [4.2964e-02],
        [1.0000e+00],
        [4.8363e-03],
        [4.2027e-05],
        [9.9263e-05],
        [9.7266e-01],
        [9.7421e-01],
        [2.1729e-05],
        [7.1863e-03]], device='cuda:0', grad_fn=<SigmoidBackward0>)
Epoch [62/100], T_AUC: [4m0.9697[0m
Epoch [62/100], Loss: 45.9183
val_Accuracy: [92m0.7488[0m
val_Precision: [4;34m0.7604[0m,               val_Recall: [4;33m0.7193[0m,                 val_F1 Score: [4;35m0.7332[0m
æ ‡ç­¾é‡Œ1çš„ä¸ªæ•°:  430
æ ‡ç­¾é‡Œ0çš„ä¸ªæ•°:  430
æ€»æ•°:  860
æ­£ç¡®çš„ä¸ªæ•°:  644
Epoch [62/100], V_AUC: [4m0.7458[0m
Epoch [63/100], Loss: 11.0461
train_Accuracy: [91m0.9695[0m
train_Precision: [4;34m0.9763[0m,               train_Recall: [4;33m0.9653[0m,                 train_F1 Score: [4;35m0.9697[0m
æ ‡ç­¾é‡Œ1çš„ä¸ªæ•°:  2150
æ ‡ç­¾é‡Œ0çš„ä¸ªæ•°:  2150
æ€»æ•°:  4300
æ­£ç¡®çš„ä¸ªæ•°:  4169
æœ€åä¸€ä¸ªæ‰¹æ¬¡çš„è¾“å‡º, ä¸æ»¡batchsizeæ˜¯æ­£å¸¸çš„:
 tensor([[1.0000e+00],
        [9.9872e-01],
        [9.9948e-01],
        [2.8224e-02],
        [1.0000e+00],
        [2.8549e-03],
        [8.7741e-05],
        [9.5165e-06],
        [9.6122e-01],
        [9.8683e-01],
        [1.0700e-05],
        [7.0986e-03]], device='cuda:0', grad_fn=<SigmoidBackward0>)
Epoch [63/100], T_AUC: [4m0.9713[0m
Epoch [63/100], Loss: 47.4564
val_Accuracy: [92m0.7581[0m
val_Precision: [4;34m0.7640[0m,               val_Recall: [4;33m0.7352[0m,                 val_F1 Score: [4;35m0.7431[0m
æ ‡ç­¾é‡Œ1çš„ä¸ªæ•°:  430
æ ‡ç­¾é‡Œ0çš„ä¸ªæ•°:  430
æ€»æ•°:  860
æ­£ç¡®çš„ä¸ªæ•°:  652
Epoch [63/100], V_AUC: [4m0.7543[0m
Epoch [64/100], Loss: 8.3202
train_Accuracy: [91m0.9835[0m
train_Precision: [4;34m0.9894[0m,               train_Recall: [4;33m0.9794[0m,                 train_F1 Score: [4;35m0.9839[0m
æ ‡ç­¾é‡Œ1çš„ä¸ªæ•°:  2150
æ ‡ç­¾é‡Œ0çš„ä¸ªæ•°:  2150
æ€»æ•°:  4300
æ­£ç¡®çš„ä¸ªæ•°:  4229
æœ€åä¸€ä¸ªæ‰¹æ¬¡çš„è¾“å‡º, ä¸æ»¡batchsizeæ˜¯æ­£å¸¸çš„:
 tensor([[1.0000e+00],
        [9.9788e-01],
        [9.9978e-01],
        [4.9726e-02],
        [1.0000e+00],
        [6.5027e-04],
        [5.0790e-04],
        [9.6120e-06],
        [9.4123e-01],
        [9.8894e-01],
        [7.4577e-06],
        [2.5333e-02]], device='cuda:0', grad_fn=<SigmoidBackward0>)
Epoch [64/100], T_AUC: [4m0.9849[0m
Epoch [64/100], Loss: 53.9957
val_Accuracy: [92m0.7465[0m
val_Precision: [4;34m0.7394[0m,               val_Recall: [4;33m0.7521[0m,                 val_F1 Score: [4;35m0.7414[0m
æ ‡ç­¾é‡Œ1çš„ä¸ªæ•°:  430
æ ‡ç­¾é‡Œ0çš„ä¸ªæ•°:  430
æ€»æ•°:  860
æ­£ç¡®çš„ä¸ªæ•°:  642
Epoch [64/100], V_AUC: [4m0.7430[0m
Epoch [65/100], Loss: 7.3736
train_Accuracy: [91m0.9860[0m
train_Precision: [4;34m0.9890[0m,               train_Recall: [4;33m0.9841[0m,                 train_F1 Score: [4;35m0.9861[0m
æ ‡ç­¾é‡Œ1çš„ä¸ªæ•°:  2150
æ ‡ç­¾é‡Œ0çš„ä¸ªæ•°:  2150
æ€»æ•°:  4300
æ­£ç¡®çš„ä¸ªæ•°:  4240
æœ€åä¸€ä¸ªæ‰¹æ¬¡çš„è¾“å‡º, ä¸æ»¡batchsizeæ˜¯æ­£å¸¸çš„:
 tensor([[1.0000e+00],
        [9.9810e-01],
        [9.9898e-01],
        [6.8981e-02],
        [1.0000e+00],
        [9.9257e-04],
        [2.1447e-05],
        [9.8854e-06],
        [9.9533e-01],
        [9.9632e-01],
        [2.8124e-05],
        [1.2457e-02]], device='cuda:0', grad_fn=<SigmoidBackward0>)
Epoch [65/100], T_AUC: [4m0.9872[0m
Epoch [65/100], Loss: 48.9932
val_Accuracy: [92m0.7500[0m
val_Precision: [4;34m0.7529[0m,               val_Recall: [4;33m0.7350[0m,                 val_F1 Score: [4;35m0.7394[0m
æ ‡ç­¾é‡Œ1çš„ä¸ªæ•°:  430
æ ‡ç­¾é‡Œ0çš„ä¸ªæ•°:  430
æ€»æ•°:  860
æ­£ç¡®çš„ä¸ªæ•°:  645
Epoch [65/100], V_AUC: [4m0.7481[0m
Epoch [66/100], Loss: 7.9458
train_Accuracy: [91m0.9816[0m
train_Precision: [4;34m0.9861[0m,               train_Recall: [4;33m0.9782[0m,                 train_F1 Score: [4;35m0.9815[0m
æ ‡ç­¾é‡Œ1çš„ä¸ªæ•°:  2150
æ ‡ç­¾é‡Œ0çš„ä¸ªæ•°:  2150
æ€»æ•°:  4300
æ­£ç¡®çš„ä¸ªæ•°:  4221
æœ€åä¸€ä¸ªæ‰¹æ¬¡çš„è¾“å‡º, ä¸æ»¡batchsizeæ˜¯æ­£å¸¸çš„:
 tensor([[1.0000e+00],
        [9.9977e-01],
        [9.9646e-01],
        [1.3257e-02],
        [1.0000e+00],
        [2.7830e-04],
        [1.7622e-03],
        [4.7163e-06],
        [9.7734e-01],
        [9.9576e-01],
        [3.2512e-06],
        [9.1835e-03]], device='cuda:0', grad_fn=<SigmoidBackward0>)
Epoch [66/100], T_AUC: [4m0.9830[0m
Epoch [66/100], Loss: 67.6203
val_Accuracy: [92m0.7605[0m
val_Precision: [4;34m0.7814[0m,               val_Recall: [4;33m0.7140[0m,                 val_F1 Score: [4;35m0.7402[0m
æ ‡ç­¾é‡Œ1çš„ä¸ªæ•°:  430
æ ‡ç­¾é‡Œ0çš„ä¸ªæ•°:  430
æ€»æ•°:  860
æ­£ç¡®çš„ä¸ªæ•°:  654
Epoch [66/100], V_AUC: [4m0.7562[0m
Epoch [67/100], Loss: 8.7639
train_Accuracy: [91m0.9779[0m
train_Precision: [4;34m0.9826[0m,               train_Recall: [4;33m0.9740[0m,                 train_F1 Score: [4;35m0.9777[0m
æ ‡ç­¾é‡Œ1çš„ä¸ªæ•°:  2150
æ ‡ç­¾é‡Œ0çš„ä¸ªæ•°:  2150
æ€»æ•°:  4300
æ­£ç¡®çš„ä¸ªæ•°:  4205
æœ€åä¸€ä¸ªæ‰¹æ¬¡çš„è¾“å‡º, ä¸æ»¡batchsizeæ˜¯æ­£å¸¸çš„:
 tensor([[1.0000e+00],
        [9.9979e-01],
        [9.3103e-01],
        [2.0682e-02],
        [1.0000e+00],
        [1.3360e-04],
        [3.4351e-02],
        [3.7440e-05],
        [5.2191e-01],
        [9.9577e-01],
        [3.1769e-06],
        [5.1548e-03]], device='cuda:0', grad_fn=<SigmoidBackward0>)
Epoch [67/100], T_AUC: [4m0.9787[0m
Epoch [67/100], Loss: 53.8237
val_Accuracy: [92m0.7500[0m
val_Precision: [4;34m0.7540[0m,               val_Recall: [4;33m0.7366[0m,                 val_F1 Score: [4;35m0.7407[0m
æ ‡ç­¾é‡Œ1çš„ä¸ªæ•°:  430
æ ‡ç­¾é‡Œ0çš„ä¸ªæ•°:  430
æ€»æ•°:  860
æ­£ç¡®çš„ä¸ªæ•°:  645
Epoch [67/100], V_AUC: [4m0.7464[0m
Epoch [68/100], Loss: 22.5113
train_Accuracy: [91m0.9377[0m
train_Precision: [4;34m0.9454[0m,               train_Recall: [4;33m0.9333[0m,                 train_F1 Score: [4;35m0.9373[0m
æ ‡ç­¾é‡Œ1çš„ä¸ªæ•°:  2150
æ ‡ç­¾é‡Œ0çš„ä¸ªæ•°:  2150
æ€»æ•°:  4300
æ­£ç¡®çš„ä¸ªæ•°:  4032
æœ€åä¸€ä¸ªæ‰¹æ¬¡çš„è¾“å‡º, ä¸æ»¡batchsizeæ˜¯æ­£å¸¸çš„:
 tensor([[9.9989e-01],
        [9.9985e-01],
        [9.9995e-01],
        [2.1472e-03],
        [1.0000e+00],
        [3.0462e-02],
        [9.2708e-06],
        [1.9244e-05],
        [9.9995e-01],
        [9.9749e-01],
        [1.4156e-04],
        [1.6235e-02]], device='cuda:0', grad_fn=<SigmoidBackward0>)
Epoch [68/100], T_AUC: [4m0.9406[0m
Epoch [68/100], Loss: 59.0283
val_Accuracy: [92m0.7453[0m
val_Precision: [4;34m0.7527[0m,               val_Recall: [4;33m0.7146[0m,                 val_F1 Score: [4;35m0.7292[0m
æ ‡ç­¾é‡Œ1çš„ä¸ªæ•°:  430
æ ‡ç­¾é‡Œ0çš„ä¸ªæ•°:  430
æ€»æ•°:  860
æ­£ç¡®çš„ä¸ªæ•°:  641
Epoch [68/100], V_AUC: [4m0.7424[0m
Epoch [69/100], Loss: 22.1652
train_Accuracy: [91m0.9365[0m
train_Precision: [4;34m0.9440[0m,               train_Recall: [4;33m0.9332[0m,                 train_F1 Score: [4;35m0.9361[0m
æ ‡ç­¾é‡Œ1çš„ä¸ªæ•°:  2150
æ ‡ç­¾é‡Œ0çš„ä¸ªæ•°:  2150
æ€»æ•°:  4300
æ­£ç¡®çš„ä¸ªæ•°:  4027
æœ€åä¸€ä¸ªæ‰¹æ¬¡çš„è¾“å‡º, ä¸æ»¡batchsizeæ˜¯æ­£å¸¸çš„:
 tensor([[9.9872e-01],
        [9.9772e-01],
        [9.9359e-01],
        [1.6195e-02],
        [1.0000e+00],
        [1.0552e-02],
        [5.2618e-06],
        [1.1483e-05],
        [9.9961e-01],
        [9.7636e-01],
        [3.5854e-04],
        [1.5857e-02]], device='cuda:0', grad_fn=<SigmoidBackward0>)
Epoch [69/100], T_AUC: [4m0.9401[0m
Epoch [69/100], Loss: 39.0841
val_Accuracy: [92m0.7384[0m
val_Precision: [4;34m0.7712[0m,               val_Recall: [4;33m0.6697[0m,                 val_F1 Score: [4;35m0.7129[0m
æ ‡ç­¾é‡Œ1çš„ä¸ªæ•°:  430
æ ‡ç­¾é‡Œ0çš„ä¸ªæ•°:  430
æ€»æ•°:  860
æ­£ç¡®çš„ä¸ªæ•°:  635
Epoch [69/100], V_AUC: [4m0.7358[0m
Epoch [70/100], Loss: 13.9455
train_Accuracy: [91m0.9642[0m
train_Precision: [4;34m0.9692[0m,               train_Recall: [4;33m0.9605[0m,                 train_F1 Score: [4;35m0.9633[0m
æ ‡ç­¾é‡Œ1çš„ä¸ªæ•°:  2150
æ ‡ç­¾é‡Œ0çš„ä¸ªæ•°:  2150
æ€»æ•°:  4300
æ­£ç¡®çš„ä¸ªæ•°:  4146
æœ€åä¸€ä¸ªæ‰¹æ¬¡çš„è¾“å‡º, ä¸æ»¡batchsizeæ˜¯æ­£å¸¸çš„:
 tensor([[1.0000e+00],
        [9.9833e-01],
        [9.8794e-01],
        [2.1545e-02],
        [1.0000e+00],
        [1.2473e-03],
        [7.1443e-04],
        [4.1064e-05],
        [9.9623e-01],
        [9.9915e-01],
        [2.8499e-04],
        [2.7507e-02]], device='cuda:0', grad_fn=<SigmoidBackward0>)
Epoch [70/100], T_AUC: [4m0.9665[0m
Epoch [70/100], Loss: 49.7456
val_Accuracy: [92m0.7523[0m
val_Precision: [4;34m0.7730[0m,               val_Recall: [4;33m0.7044[0m,                 val_F1 Score: [4;35m0.7320[0m
æ ‡ç­¾é‡Œ1çš„ä¸ªæ•°:  430
æ ‡ç­¾é‡Œ0çš„ä¸ªæ•°:  430
æ€»æ•°:  860
æ­£ç¡®çš„ä¸ªæ•°:  647
Epoch [70/100], V_AUC: [4m0.7467[0m
Epoch [71/100], Loss: 9.3021
train_Accuracy: [91m0.9777[0m
train_Precision: [4;34m0.9829[0m,               train_Recall: [4;33m0.9733[0m,                 train_F1 Score: [4;35m0.9774[0m
æ ‡ç­¾é‡Œ1çš„ä¸ªæ•°:  2150
æ ‡ç­¾é‡Œ0çš„ä¸ªæ•°:  2150
æ€»æ•°:  4300
æ­£ç¡®çš„ä¸ªæ•°:  4204
æœ€åä¸€ä¸ªæ‰¹æ¬¡çš„è¾“å‡º, ä¸æ»¡batchsizeæ˜¯æ­£å¸¸çš„:
 tensor([[9.9997e-01],
        [9.9621e-01],
        [9.9539e-01],
        [2.5276e-02],
        [1.0000e+00],
        [1.0763e-03],
        [1.0080e-04],
        [5.4283e-06],
        [9.9991e-01],
        [9.9983e-01],
        [3.1489e-05],
        [1.6500e-02]], device='cuda:0', grad_fn=<SigmoidBackward0>)
Epoch [71/100], T_AUC: [4m0.9791[0m
Epoch [71/100], Loss: 48.6456
val_Accuracy: [92m0.7477[0m
val_Precision: [4;34m0.7657[0m,               val_Recall: [4;33m0.7045[0m,                 val_F1 Score: [4;35m0.7282[0m
æ ‡ç­¾é‡Œ1çš„ä¸ªæ•°:  430
æ ‡ç­¾é‡Œ0çš„ä¸ªæ•°:  430
æ€»æ•°:  860
æ­£ç¡®çš„ä¸ªæ•°:  643
Epoch [71/100], V_AUC: [4m0.7422[0m
Epoch [72/100], Loss: 7.5102
train_Accuracy: [91m0.9847[0m
train_Precision: [4;34m0.9872[0m,               train_Recall: [4;33m0.9820[0m,                 train_F1 Score: [4;35m0.9841[0m
æ ‡ç­¾é‡Œ1çš„ä¸ªæ•°:  2150
æ ‡ç­¾é‡Œ0çš„ä¸ªæ•°:  2150
æ€»æ•°:  4300
æ­£ç¡®çš„ä¸ªæ•°:  4234
æœ€åä¸€ä¸ªæ‰¹æ¬¡çš„è¾“å‡º, ä¸æ»¡batchsizeæ˜¯æ­£å¸¸çš„:
 tensor([[1.0000e+00],
        [9.9893e-01],
        [9.8701e-01],
        [3.0872e-02],
        [1.0000e+00],
        [5.0903e-04],
        [8.0244e-04],
        [2.1857e-06],
        [9.9968e-01],
        [9.9950e-01],
        [1.9842e-04],
        [1.0347e-02]], device='cuda:0', grad_fn=<SigmoidBackward0>)
Epoch [72/100], T_AUC: [4m0.9856[0m
Epoch [72/100], Loss: 56.6145
val_Accuracy: [92m0.7500[0m
val_Precision: [4;34m0.7586[0m,               val_Recall: [4;33m0.7231[0m,                 val_F1 Score: [4;35m0.7353[0m
æ ‡ç­¾é‡Œ1çš„ä¸ªæ•°:  430
æ ‡ç­¾é‡Œ0çš„ä¸ªæ•°:  430
æ€»æ•°:  860
æ­£ç¡®çš„ä¸ªæ•°:  645
Epoch [72/100], V_AUC: [4m0.7453[0m
Epoch [73/100], Loss: 6.1895
train_Accuracy: [91m0.9884[0m
train_Precision: [4;34m0.9927[0m,               train_Recall: [4;33m0.9849[0m,                 train_F1 Score: [4;35m0.9885[0m
æ ‡ç­¾é‡Œ1çš„ä¸ªæ•°:  2150
æ ‡ç­¾é‡Œ0çš„ä¸ªæ•°:  2150
æ€»æ•°:  4300
æ­£ç¡®çš„ä¸ªæ•°:  4250
æœ€åä¸€ä¸ªæ‰¹æ¬¡çš„è¾“å‡º, ä¸æ»¡batchsizeæ˜¯æ­£å¸¸çš„:
 tensor([[1.0000e+00],
        [9.9958e-01],
        [9.7714e-01],
        [1.5687e-03],
        [1.0000e+00],
        [6.3627e-03],
        [2.7405e-05],
        [4.3483e-05],
        [9.9990e-01],
        [9.9964e-01],
        [4.6133e-05],
        [5.0271e-02]], device='cuda:0', grad_fn=<SigmoidBackward0>)
Epoch [73/100], T_AUC: [4m0.9895[0m
Epoch [73/100], Loss: 46.6601
val_Accuracy: [92m0.7314[0m
val_Precision: [4;34m0.7329[0m,               val_Recall: [4;33m0.7123[0m,                 val_F1 Score: [4;35m0.7185[0m
æ ‡ç­¾é‡Œ1çš„ä¸ªæ•°:  430
æ ‡ç­¾é‡Œ0çš„ä¸ªæ•°:  430
æ€»æ•°:  860
æ­£ç¡®çš„ä¸ªæ•°:  629
Epoch [73/100], V_AUC: [4m0.7283[0m
Epoch [74/100], Loss: 7.9328
train_Accuracy: [91m0.9802[0m
train_Precision: [4;34m0.9851[0m,               train_Recall: [4;33m0.9769[0m,                 train_F1 Score: [4;35m0.9804[0m
æ ‡ç­¾é‡Œ1çš„ä¸ªæ•°:  2150
æ ‡ç­¾é‡Œ0çš„ä¸ªæ•°:  2150
æ€»æ•°:  4300
æ­£ç¡®çš„ä¸ªæ•°:  4215
æœ€åä¸€ä¸ªæ‰¹æ¬¡çš„è¾“å‡º, ä¸æ»¡batchsizeæ˜¯æ­£å¸¸çš„:
 tensor([[1.0000e+00],
        [9.9638e-01],
        [9.9896e-01],
        [1.0810e-02],
        [1.0000e+00],
        [6.7313e-04],
        [4.8195e-04],
        [2.3051e-04],
        [9.9992e-01],
        [9.9884e-01],
        [5.6352e-06],
        [3.4004e-03]], device='cuda:0', grad_fn=<SigmoidBackward0>)
Epoch [74/100], T_AUC: [4m0.9818[0m
Epoch [74/100], Loss: 51.1018
val_Accuracy: [92m0.7488[0m
val_Precision: [4;34m0.7626[0m,               val_Recall: [4;33m0.7105[0m,                 val_F1 Score: [4;35m0.7296[0m
æ ‡ç­¾é‡Œ1çš„ä¸ªæ•°:  430
æ ‡ç­¾é‡Œ0çš„ä¸ªæ•°:  430
æ€»æ•°:  860
æ­£ç¡®çš„ä¸ªæ•°:  644
Epoch [74/100], V_AUC: [4m0.7448[0m
Epoch [75/100], Loss: 6.0219
train_Accuracy: [91m0.9879[0m
train_Precision: [4;34m0.9922[0m,               train_Recall: [4;33m0.9843[0m,                 train_F1 Score: [4;35m0.9878[0m
æ ‡ç­¾é‡Œ1çš„ä¸ªæ•°:  2150
æ ‡ç­¾é‡Œ0çš„ä¸ªæ•°:  2150
æ€»æ•°:  4300
æ­£ç¡®çš„ä¸ªæ•°:  4248
æœ€åä¸€ä¸ªæ‰¹æ¬¡çš„è¾“å‡º, ä¸æ»¡batchsizeæ˜¯æ­£å¸¸çš„:
 tensor([[1.0000e+00],
        [9.9883e-01],
        [9.9944e-01],
        [1.4492e-02],
        [1.0000e+00],
        [6.7571e-03],
        [1.4208e-05],
        [1.8542e-06],
        [9.9901e-01],
        [9.9990e-01],
        [5.8866e-04],
        [8.1203e-04]], device='cuda:0', grad_fn=<SigmoidBackward0>)
Epoch [75/100], T_AUC: [4m0.9884[0m
Epoch [75/100], Loss: 67.3198
val_Accuracy: [92m0.7628[0m
val_Precision: [4;34m0.7798[0m,               val_Recall: [4;33m0.7196[0m,                 val_F1 Score: [4;35m0.7437[0m
æ ‡ç­¾é‡Œ1çš„ä¸ªæ•°:  430
æ ‡ç­¾é‡Œ0çš„ä¸ªæ•°:  430
æ€»æ•°:  860
æ­£ç¡®çš„ä¸ªæ•°:  656
Epoch [75/100], V_AUC: [4m0.7586[0m
Epoch [76/100], Loss: 4.7871
train_Accuracy: [91m0.9923[0m
train_Precision: [4;34m0.9954[0m,               train_Recall: [4;33m0.9898[0m,                 train_F1 Score: [4;35m0.9923[0m
æ ‡ç­¾é‡Œ1çš„ä¸ªæ•°:  2150
æ ‡ç­¾é‡Œ0çš„ä¸ªæ•°:  2150
æ€»æ•°:  4300
æ­£ç¡®çš„ä¸ªæ•°:  4267
æœ€åä¸€ä¸ªæ‰¹æ¬¡çš„è¾“å‡º, ä¸æ»¡batchsizeæ˜¯æ­£å¸¸çš„:
 tensor([[1.0000e+00],
        [9.9925e-01],
        [9.8740e-01],
        [2.3343e-02],
        [1.0000e+00],
        [2.7174e-03],
        [1.8658e-03],
        [1.7961e-06],
        [9.9974e-01],
        [9.9919e-01],
        [8.8366e-06],
        [2.1839e-03]], device='cuda:0', grad_fn=<SigmoidBackward0>)
Epoch [76/100], T_AUC: [4m0.9929[0m
Epoch [76/100], Loss: 63.2699
val_Accuracy: [92m0.7465[0m
val_Precision: [4;34m0.7628[0m,               val_Recall: [4;33m0.7020[0m,                 val_F1 Score: [4;35m0.7267[0m
æ ‡ç­¾é‡Œ1çš„ä¸ªæ•°:  430
æ ‡ç­¾é‡Œ0çš„ä¸ªæ•°:  430
æ€»æ•°:  860
æ­£ç¡®çš„ä¸ªæ•°:  642
Epoch [76/100], V_AUC: [4m0.7410[0m
Epoch [77/100], Loss: 8.2904
train_Accuracy: [91m0.9788[0m
train_Precision: [4;34m0.9811[0m,               train_Recall: [4;33m0.9770[0m,                 train_F1 Score: [4;35m0.9783[0m
æ ‡ç­¾é‡Œ1çš„ä¸ªæ•°:  2150
æ ‡ç­¾é‡Œ0çš„ä¸ªæ•°:  2150
æ€»æ•°:  4300
æ­£ç¡®çš„ä¸ªæ•°:  4209
æœ€åä¸€ä¸ªæ‰¹æ¬¡çš„è¾“å‡º, ä¸æ»¡batchsizeæ˜¯æ­£å¸¸çš„:
 tensor([[1.0000e+00],
        [9.0299e-01],
        [9.9998e-01],
        [6.1356e-02],
        [1.0000e+00],
        [2.5819e-04],
        [8.2640e-03],
        [2.5685e-06],
        [9.9989e-01],
        [9.9881e-01],
        [5.8288e-05],
        [3.0819e-04]], device='cuda:0', grad_fn=<SigmoidBackward0>)
Epoch [77/100], T_AUC: [4m0.9803[0m
Epoch [77/100], Loss: 76.2312
val_Accuracy: [92m0.7407[0m
val_Precision: [4;34m0.7369[0m,               val_Recall: [4;33m0.7339[0m,                 val_F1 Score: [4;35m0.7293[0m
æ ‡ç­¾é‡Œ1çš„ä¸ªæ•°:  430
æ ‡ç­¾é‡Œ0çš„ä¸ªæ•°:  430
æ€»æ•°:  860
æ­£ç¡®çš„ä¸ªæ•°:  637
Epoch [77/100], V_AUC: [4m0.7374[0m
Epoch [78/100], Loss: 15.4986
train_Accuracy: [91m0.9565[0m
train_Precision: [4;34m0.9585[0m,               train_Recall: [4;33m0.9571[0m,                 train_F1 Score: [4;35m0.9560[0m
æ ‡ç­¾é‡Œ1çš„ä¸ªæ•°:  2150
æ ‡ç­¾é‡Œ0çš„ä¸ªæ•°:  2150
æ€»æ•°:  4300
æ­£ç¡®çš„ä¸ªæ•°:  4113
æœ€åä¸€ä¸ªæ‰¹æ¬¡çš„è¾“å‡º, ä¸æ»¡batchsizeæ˜¯æ­£å¸¸çš„:
 tensor([[9.9616e-01],
        [7.7673e-01],
        [1.0000e+00],
        [3.8296e-02],
        [1.0000e+00],
        [1.8863e-03],
        [1.2345e-02],
        [3.9520e-04],
        [9.9622e-01],
        [9.9990e-01],
        [2.3374e-07],
        [6.6770e-03]], device='cuda:0', grad_fn=<SigmoidBackward0>)
Epoch [78/100], T_AUC: [4m0.9584[0m
Epoch [78/100], Loss: 61.5946
val_Accuracy: [92m0.7558[0m
val_Precision: [4;34m0.7583[0m,               val_Recall: [4;33m0.7381[0m,                 val_F1 Score: [4;35m0.7433[0m
æ ‡ç­¾é‡Œ1çš„ä¸ªæ•°:  430
æ ‡ç­¾é‡Œ0çš„ä¸ªæ•°:  430
æ€»æ•°:  860
æ­£ç¡®çš„ä¸ªæ•°:  650
Epoch [78/100], V_AUC: [4m0.7498[0m
Epoch [79/100], Loss: 14.7347
train_Accuracy: [91m0.9581[0m
train_Precision: [4;34m0.9597[0m,               train_Recall: [4;33m0.9588[0m,                 train_F1 Score: [4;35m0.9575[0m
æ ‡ç­¾é‡Œ1çš„ä¸ªæ•°:  2150
æ ‡ç­¾é‡Œ0çš„ä¸ªæ•°:  2150
æ€»æ•°:  4300
æ­£ç¡®çš„ä¸ªæ•°:  4120
æœ€åä¸€ä¸ªæ‰¹æ¬¡çš„è¾“å‡º, ä¸æ»¡batchsizeæ˜¯æ­£å¸¸çš„:
 tensor([[9.9999e-01],
        [9.9520e-01],
        [9.9980e-01],
        [2.8087e-02],
        [1.0000e+00],
        [4.0784e-03],
        [3.6555e-01],
        [3.3198e-06],
        [9.7897e-01],
        [9.9967e-01],
        [1.1337e-05],
        [5.3279e-04]], device='cuda:0', grad_fn=<SigmoidBackward0>)
Epoch [79/100], T_AUC: [4m0.9604[0m
Epoch [79/100], Loss: 49.0971
val_Accuracy: [92m0.7198[0m
val_Precision: [4;34m0.7361[0m,               val_Recall: [4;33m0.6740[0m,                 val_F1 Score: [4;35m0.6990[0m
æ ‡ç­¾é‡Œ1çš„ä¸ªæ•°:  430
æ ‡ç­¾é‡Œ0çš„ä¸ªæ•°:  430
æ€»æ•°:  860
æ­£ç¡®çš„ä¸ªæ•°:  619
Epoch [79/100], V_AUC: [4m0.7166[0m
Epoch [80/100], Loss: 18.4938
train_Accuracy: [91m0.9460[0m
train_Precision: [4;34m0.9536[0m,               train_Recall: [4;33m0.9401[0m,                 train_F1 Score: [4;35m0.9449[0m
æ ‡ç­¾é‡Œ1çš„ä¸ªæ•°:  2150
æ ‡ç­¾é‡Œ0çš„ä¸ªæ•°:  2150
æ€»æ•°:  4300
æ­£ç¡®çš„ä¸ªæ•°:  4068
æœ€åä¸€ä¸ªæ‰¹æ¬¡çš„è¾“å‡º, ä¸æ»¡batchsizeæ˜¯æ­£å¸¸çš„:
 tensor([[1.0000e+00],
        [9.3405e-01],
        [9.9953e-01],
        [1.1314e-01],
        [1.0000e+00],
        [3.5600e-03],
        [2.4902e-07],
        [1.0488e-05],
        [9.9999e-01],
        [9.9991e-01],
        [2.6549e-05],
        [4.5847e-04]], device='cuda:0', grad_fn=<SigmoidBackward0>)
Epoch [80/100], T_AUC: [4m0.9487[0m
Epoch [80/100], Loss: 50.6866
val_Accuracy: [92m0.7140[0m
val_Precision: [4;34m0.7251[0m,               val_Recall: [4;33m0.6710[0m,                 val_F1 Score: [4;35m0.6925[0m
æ ‡ç­¾é‡Œ1çš„ä¸ªæ•°:  430
æ ‡ç­¾é‡Œ0çš„ä¸ªæ•°:  430
æ€»æ•°:  860
æ­£ç¡®çš„ä¸ªæ•°:  614
Epoch [80/100], V_AUC: [4m0.7101[0m
Epoch [81/100], Loss: 12.8077
train_Accuracy: [91m0.9656[0m
train_Precision: [4;34m0.9675[0m,               train_Recall: [4;33m0.9646[0m,                 train_F1 Score: [4;35m0.9648[0m
æ ‡ç­¾é‡Œ1çš„ä¸ªæ•°:  2150
æ ‡ç­¾é‡Œ0çš„ä¸ªæ•°:  2150
æ€»æ•°:  4300
æ­£ç¡®çš„ä¸ªæ•°:  4152
æœ€åä¸€ä¸ªæ‰¹æ¬¡çš„è¾“å‡º, ä¸æ»¡batchsizeæ˜¯æ­£å¸¸çš„:
 tensor([[1.0000e+00],
        [1.0000e+00],
        [9.9788e-01],
        [1.3404e-02],
        [1.0000e+00],
        [2.0543e-03],
        [6.5226e-06],
        [1.1145e-05],
        [9.9998e-01],
        [9.9902e-01],
        [1.6561e-05],
        [2.4419e-03]], device='cuda:0', grad_fn=<SigmoidBackward0>)
Epoch [81/100], T_AUC: [4m0.9676[0m
Epoch [81/100], Loss: 48.7745
val_Accuracy: [92m0.7302[0m
val_Precision: [4;34m0.7457[0m,               val_Recall: [4;33m0.6925[0m,                 val_F1 Score: [4;35m0.7120[0m
æ ‡ç­¾é‡Œ1çš„ä¸ªæ•°:  430
æ ‡ç­¾é‡Œ0çš„ä¸ªæ•°:  430
æ€»æ•°:  860
æ­£ç¡®çš„ä¸ªæ•°:  628
Epoch [81/100], V_AUC: [4m0.7283[0m
Epoch [82/100], Loss: 7.2814
train_Accuracy: [91m0.9849[0m
train_Precision: [4;34m0.9884[0m,               train_Recall: [4;33m0.9829[0m,                 train_F1 Score: [4;35m0.9851[0m
æ ‡ç­¾é‡Œ1çš„ä¸ªæ•°:  2150
æ ‡ç­¾é‡Œ0çš„ä¸ªæ•°:  2150
æ€»æ•°:  4300
æ­£ç¡®çš„ä¸ªæ•°:  4235
æœ€åä¸€ä¸ªæ‰¹æ¬¡çš„è¾“å‡º, ä¸æ»¡batchsizeæ˜¯æ­£å¸¸çš„:
 tensor([[1.0000e+00],
        [9.9999e-01],
        [6.4900e-01],
        [1.5418e-02],
        [9.9996e-01],
        [4.1309e-03],
        [2.8583e-04],
        [5.6844e-05],
        [9.9993e-01],
        [9.9606e-01],
        [1.8417e-05],
        [4.8861e-03]], device='cuda:0', grad_fn=<SigmoidBackward0>)
Epoch [82/100], T_AUC: [4m0.9862[0m
Epoch [82/100], Loss: 49.8976
val_Accuracy: [92m0.7198[0m
val_Precision: [4;34m0.7216[0m,               val_Recall: [4;33m0.7071[0m,                 val_F1 Score: [4;35m0.7076[0m
æ ‡ç­¾é‡Œ1çš„ä¸ªæ•°:  430
æ ‡ç­¾é‡Œ0çš„ä¸ªæ•°:  430
æ€»æ•°:  860
æ­£ç¡®çš„ä¸ªæ•°:  619
Epoch [82/100], V_AUC: [4m0.7174[0m
Epoch [83/100], Loss: 8.1214
train_Accuracy: [91m0.9828[0m
train_Precision: [4;34m0.9849[0m,               train_Recall: [4;33m0.9811[0m,                 train_F1 Score: [4;35m0.9823[0m
æ ‡ç­¾é‡Œ1çš„ä¸ªæ•°:  2150
æ ‡ç­¾é‡Œ0çš„ä¸ªæ•°:  2150
æ€»æ•°:  4300
æ­£ç¡®çš„ä¸ªæ•°:  4226
æœ€åä¸€ä¸ªæ‰¹æ¬¡çš„è¾“å‡º, ä¸æ»¡batchsizeæ˜¯æ­£å¸¸çš„:
 tensor([[1.0000e+00],
        [9.9990e-01],
        [1.0000e+00],
        [1.5019e-02],
        [9.9979e-01],
        [9.5147e-04],
        [1.1850e-05],
        [1.6461e-06],
        [9.9998e-01],
        [9.9171e-01],
        [1.9721e-06],
        [4.2727e-03]], device='cuda:0', grad_fn=<SigmoidBackward0>)
Epoch [83/100], T_AUC: [4m0.9840[0m
Epoch [83/100], Loss: 53.6675
val_Accuracy: [92m0.7384[0m
val_Precision: [4;34m0.7478[0m,               val_Recall: [4;33m0.7065[0m,                 val_F1 Score: [4;35m0.7211[0m
æ ‡ç­¾é‡Œ1çš„ä¸ªæ•°:  430
æ ‡ç­¾é‡Œ0çš„ä¸ªæ•°:  430
æ€»æ•°:  860
æ­£ç¡®çš„ä¸ªæ•°:  635
Epoch [83/100], V_AUC: [4m0.7343[0m
Epoch [84/100], Loss: 6.1541
train_Accuracy: [91m0.9872[0m
train_Precision: [4;34m0.9907[0m,               train_Recall: [4;33m0.9849[0m,                 train_F1 Score: [4;35m0.9873[0m
æ ‡ç­¾é‡Œ1çš„ä¸ªæ•°:  2150
æ ‡ç­¾é‡Œ0çš„ä¸ªæ•°:  2150
æ€»æ•°:  4300
æ­£ç¡®çš„ä¸ªæ•°:  4245
æœ€åä¸€ä¸ªæ‰¹æ¬¡çš„è¾“å‡º, ä¸æ»¡batchsizeæ˜¯æ­£å¸¸çš„:
 tensor([[1.0000e+00],
        [9.9989e-01],
        [1.0000e+00],
        [2.8351e-02],
        [9.9998e-01],
        [1.9518e-03],
        [4.6534e-06],
        [8.8352e-06],
        [9.9998e-01],
        [9.9788e-01],
        [4.3426e-06],
        [1.2448e-03]], device='cuda:0', grad_fn=<SigmoidBackward0>)
Epoch [84/100], T_AUC: [4m0.9886[0m
Epoch [84/100], Loss: 50.6902
val_Accuracy: [92m0.7488[0m
val_Precision: [4;34m0.7599[0m,               val_Recall: [4;33m0.7085[0m,                 val_F1 Score: [4;35m0.7284[0m
æ ‡ç­¾é‡Œ1çš„ä¸ªæ•°:  430
æ ‡ç­¾é‡Œ0çš„ä¸ªæ•°:  430
æ€»æ•°:  860
æ­£ç¡®çš„ä¸ªæ•°:  644
Epoch [84/100], V_AUC: [4m0.7434[0m
Epoch [85/100], Loss: 4.0198
train_Accuracy: [91m0.9930[0m
train_Precision: [4;34m0.9970[0m,               train_Recall: [4;33m0.9900[0m,                 train_F1 Score: [4;35m0.9932[0m
æ ‡ç­¾é‡Œ1çš„ä¸ªæ•°:  2150
æ ‡ç­¾é‡Œ0çš„ä¸ªæ•°:  2150
æ€»æ•°:  4300
æ­£ç¡®çš„ä¸ªæ•°:  4270
æœ€åä¸€ä¸ªæ‰¹æ¬¡çš„è¾“å‡º, ä¸æ»¡batchsizeæ˜¯æ­£å¸¸çš„:
 tensor([[9.9999e-01],
        [9.9997e-01],
        [1.0000e+00],
        [7.9334e-03],
        [1.0000e+00],
        [2.0810e-03],
        [2.7343e-06],
        [1.2675e-06],
        [9.9980e-01],
        [9.9927e-01],
        [2.3096e-05],
        [2.2497e-02]], device='cuda:0', grad_fn=<SigmoidBackward0>)
Epoch [85/100], T_AUC: [4m0.9937[0m
Epoch [85/100], Loss: 56.8510
val_Accuracy: [92m0.7337[0m
val_Precision: [4;34m0.7410[0m,               val_Recall: [4;33m0.7012[0m,                 val_F1 Score: [4;35m0.7139[0m
æ ‡ç­¾é‡Œ1çš„ä¸ªæ•°:  430
æ ‡ç­¾é‡Œ0çš„ä¸ªæ•°:  430
æ€»æ•°:  860
æ­£ç¡®çš„ä¸ªæ•°:  631
Epoch [85/100], V_AUC: [4m0.7277[0m
Epoch [86/100], Loss: 3.7401
train_Accuracy: [91m0.9942[0m
train_Precision: [4;34m0.9980[0m,               train_Recall: [4;33m0.9914[0m,                 train_F1 Score: [4;35m0.9945[0m
æ ‡ç­¾é‡Œ1çš„ä¸ªæ•°:  2150
æ ‡ç­¾é‡Œ0çš„ä¸ªæ•°:  2150
æ€»æ•°:  4300
æ­£ç¡®çš„ä¸ªæ•°:  4275
æœ€åä¸€ä¸ªæ‰¹æ¬¡çš„è¾“å‡º, ä¸æ»¡batchsizeæ˜¯æ­£å¸¸çš„:
 tensor([[9.9997e-01],
        [9.9998e-01],
        [1.0000e+00],
        [1.1667e-02],
        [1.0000e+00],
        [1.5946e-03],
        [2.6118e-06],
        [6.3331e-07],
        [9.9993e-01],
        [9.9936e-01],
        [9.0919e-06],
        [9.8732e-04]], device='cuda:0', grad_fn=<SigmoidBackward0>)
Epoch [86/100], T_AUC: [4m0.9948[0m
Epoch [86/100], Loss: 56.7666
val_Accuracy: [92m0.7500[0m
val_Precision: [4;34m0.7633[0m,               val_Recall: [4;33m0.7059[0m,                 val_F1 Score: [4;35m0.7280[0m
æ ‡ç­¾é‡Œ1çš„ä¸ªæ•°:  430
æ ‡ç­¾é‡Œ0çš„ä¸ªæ•°:  430
æ€»æ•°:  860
æ­£ç¡®çš„ä¸ªæ•°:  645
Epoch [86/100], V_AUC: [4m0.7463[0m
Epoch [87/100], Loss: 2.6556
train_Accuracy: [91m0.9965[0m
train_Precision: [4;34m0.9993[0m,               train_Recall: [4;33m0.9941[0m,                 train_F1 Score: [4;35m0.9966[0m
æ ‡ç­¾é‡Œ1çš„ä¸ªæ•°:  2150
æ ‡ç­¾é‡Œ0çš„ä¸ªæ•°:  2150
æ€»æ•°:  4300
æ­£ç¡®çš„ä¸ªæ•°:  4285
æœ€åä¸€ä¸ªæ‰¹æ¬¡çš„è¾“å‡º, ä¸æ»¡batchsizeæ˜¯æ­£å¸¸çš„:
 tensor([[9.9994e-01],
        [9.9999e-01],
        [1.0000e+00],
        [1.7827e-02],
        [1.0000e+00],
        [7.4002e-04],
        [5.4958e-06],
        [1.6051e-06],
        [9.9984e-01],
        [9.9939e-01],
        [5.3540e-06],
        [1.8210e-03]], device='cuda:0', grad_fn=<SigmoidBackward0>)
Epoch [87/100], T_AUC: [4m0.9969[0m
Epoch [87/100], Loss: 60.8591
val_Accuracy: [92m0.7500[0m
val_Precision: [4;34m0.7621[0m,               val_Recall: [4;33m0.7086[0m,                 val_F1 Score: [4;35m0.7289[0m
æ ‡ç­¾é‡Œ1çš„ä¸ªæ•°:  430
æ ‡ç­¾é‡Œ0çš„ä¸ªæ•°:  430
æ€»æ•°:  860
æ­£ç¡®çš„ä¸ªæ•°:  645
Epoch [87/100], V_AUC: [4m0.7461[0m
Epoch [88/100], Loss: 2.1328
train_Accuracy: [91m0.9970[0m
train_Precision: [4;34m0.9989[0m,               train_Recall: [4;33m0.9955[0m,                 train_F1 Score: [4;35m0.9971[0m
æ ‡ç­¾é‡Œ1çš„ä¸ªæ•°:  2150
æ ‡ç­¾é‡Œ0çš„ä¸ªæ•°:  2150
æ€»æ•°:  4300
æ­£ç¡®çš„ä¸ªæ•°:  4287
æœ€åä¸€ä¸ªæ‰¹æ¬¡çš„è¾“å‡º, ä¸æ»¡batchsizeæ˜¯æ­£å¸¸çš„:
 tensor([[9.9997e-01],
        [9.9998e-01],
        [1.0000e+00],
        [2.0041e-02],
        [1.0000e+00],
        [1.8780e-03],
        [8.1530e-06],
        [8.8347e-07],
        [9.9984e-01],
        [9.9919e-01],
        [1.5960e-06],
        [2.8174e-03]], device='cuda:0', grad_fn=<SigmoidBackward0>)
Epoch [88/100], T_AUC: [4m0.9974[0m
Epoch [88/100], Loss: 58.6608
val_Accuracy: [92m0.7465[0m
val_Precision: [4;34m0.7553[0m,               val_Recall: [4;33m0.7102[0m,                 val_F1 Score: [4;35m0.7266[0m
æ ‡ç­¾é‡Œ1çš„ä¸ªæ•°:  430
æ ‡ç­¾é‡Œ0çš„ä¸ªæ•°:  430
æ€»æ•°:  860
æ­£ç¡®çš„ä¸ªæ•°:  642
Epoch [88/100], V_AUC: [4m0.7425[0m
Epoch [89/100], Loss: 1.8302
train_Accuracy: [91m0.9984[0m
train_Precision: [4;34m0.9993[0m,               train_Recall: [4;33m0.9974[0m,                 train_F1 Score: [4;35m0.9983[0m
æ ‡ç­¾é‡Œ1çš„ä¸ªæ•°:  2150
æ ‡ç­¾é‡Œ0çš„ä¸ªæ•°:  2150
æ€»æ•°:  4300
æ­£ç¡®çš„ä¸ªæ•°:  4293
æœ€åä¸€ä¸ªæ‰¹æ¬¡çš„è¾“å‡º, ä¸æ»¡batchsizeæ˜¯æ­£å¸¸çš„:
 tensor([[9.9998e-01],
        [9.9999e-01],
        [1.0000e+00],
        [2.8434e-02],
        [1.0000e+00],
        [4.3366e-04],
        [1.2939e-05],
        [7.1797e-07],
        [9.9975e-01],
        [9.9947e-01],
        [8.7832e-07],
        [3.0478e-03]], device='cuda:0', grad_fn=<SigmoidBackward0>)
Epoch [89/100], T_AUC: [4m0.9986[0m
Epoch [89/100], Loss: 61.7130
val_Accuracy: [92m0.7419[0m
val_Precision: [4;34m0.7507[0m,               val_Recall: [4;33m0.7071[0m,                 val_F1 Score: [4;35m0.7226[0m
æ ‡ç­¾é‡Œ1çš„ä¸ªæ•°:  430
æ ‡ç­¾é‡Œ0çš„ä¸ªæ•°:  430
æ€»æ•°:  860
æ­£ç¡®çš„ä¸ªæ•°:  638
Epoch [89/100], V_AUC: [4m0.7378[0m
Epoch [90/100], Loss: 1.5511
train_Accuracy: [91m0.9984[0m
train_Precision: [4;34m0.9993[0m,               train_Recall: [4;33m0.9976[0m,                 train_F1 Score: [4;35m0.9984[0m
æ ‡ç­¾é‡Œ1çš„ä¸ªæ•°:  2150
æ ‡ç­¾é‡Œ0çš„ä¸ªæ•°:  2150
æ€»æ•°:  4300
æ­£ç¡®çš„ä¸ªæ•°:  4293
æœ€åä¸€ä¸ªæ‰¹æ¬¡çš„è¾“å‡º, ä¸æ»¡batchsizeæ˜¯æ­£å¸¸çš„:
 tensor([[9.9997e-01],
        [9.9999e-01],
        [1.0000e+00],
        [1.9823e-02],
        [1.0000e+00],
        [5.5399e-04],
        [3.8777e-06],
        [7.2261e-07],
        [9.9978e-01],
        [9.9960e-01],
        [5.0654e-07],
        [2.4414e-03]], device='cuda:0', grad_fn=<SigmoidBackward0>)
Epoch [90/100], T_AUC: [4m0.9986[0m
Epoch [90/100], Loss: 62.9020
val_Accuracy: [92m0.7419[0m
val_Precision: [4;34m0.7472[0m,               val_Recall: [4;33m0.7096[0m,                 val_F1 Score: [4;35m0.7230[0m
æ ‡ç­¾é‡Œ1çš„ä¸ªæ•°:  430
æ ‡ç­¾é‡Œ0çš„ä¸ªæ•°:  430
æ€»æ•°:  860
æ­£ç¡®çš„ä¸ªæ•°:  638
Epoch [90/100], V_AUC: [4m0.7377[0m
Epoch [91/100], Loss: 1.6665
train_Accuracy: [91m0.9979[0m
train_Precision: [4;34m0.9979[0m,               train_Recall: [4;33m0.9978[0m,                 train_F1 Score: [4;35m0.9978[0m
æ ‡ç­¾é‡Œ1çš„ä¸ªæ•°:  2150
æ ‡ç­¾é‡Œ0çš„ä¸ªæ•°:  2150
æ€»æ•°:  4300
æ­£ç¡®çš„ä¸ªæ•°:  4291
æœ€åä¸€ä¸ªæ‰¹æ¬¡çš„è¾“å‡º, ä¸æ»¡batchsizeæ˜¯æ­£å¸¸çš„:
 tensor([[1.0000e+00],
        [9.9999e-01],
        [1.0000e+00],
        [4.2519e-03],
        [1.0000e+00],
        [1.4310e-04],
        [1.3198e-04],
        [1.4019e-06],
        [9.9984e-01],
        [9.9770e-01],
        [5.2936e-06],
        [2.3794e-03]], device='cuda:0', grad_fn=<SigmoidBackward0>)
Epoch [91/100], T_AUC: [4m0.9980[0m
Epoch [91/100], Loss: 63.9696
val_Accuracy: [92m0.7384[0m
val_Precision: [4;34m0.7457[0m,               val_Recall: [4;33m0.7055[0m,                 val_F1 Score: [4;35m0.7206[0m
æ ‡ç­¾é‡Œ1çš„ä¸ªæ•°:  430
æ ‡ç­¾é‡Œ0çš„ä¸ªæ•°:  430
æ€»æ•°:  860
æ­£ç¡®çš„ä¸ªæ•°:  635
Epoch [91/100], V_AUC: [4m0.7344[0m
Epoch [92/100], Loss: 19.0995
train_Accuracy: [91m0.9533[0m
train_Precision: [4;34m0.9537[0m,               train_Recall: [4;33m0.9542[0m,                 train_F1 Score: [4;35m0.9524[0m
æ ‡ç­¾é‡Œ1çš„ä¸ªæ•°:  2150
æ ‡ç­¾é‡Œ0çš„ä¸ªæ•°:  2150
æ€»æ•°:  4300
æ­£ç¡®çš„ä¸ªæ•°:  4099
æœ€åä¸€ä¸ªæ‰¹æ¬¡çš„è¾“å‡º, ä¸æ»¡batchsizeæ˜¯æ­£å¸¸çš„:
 tensor([[9.9928e-01],
        [9.9325e-01],
        [1.0000e+00],
        [2.3356e-03],
        [9.9999e-01],
        [1.5468e-05],
        [1.9836e-05],
        [1.8689e-01],
        [9.9995e-01],
        [9.9403e-01],
        [2.8303e-06],
        [1.6866e-03]], device='cuda:0', grad_fn=<SigmoidBackward0>)
Epoch [92/100], T_AUC: [4m0.9558[0m
Epoch [92/100], Loss: 76.3092
val_Accuracy: [92m0.7140[0m
val_Precision: [4;34m0.7105[0m,               val_Recall: [4;33m0.7178[0m,                 val_F1 Score: [4;35m0.7089[0m
æ ‡ç­¾é‡Œ1çš„ä¸ªæ•°:  430
æ ‡ç­¾é‡Œ0çš„ä¸ªæ•°:  430
æ€»æ•°:  860
æ­£ç¡®çš„ä¸ªæ•°:  614
Epoch [92/100], V_AUC: [4m0.7143[0m
Epoch [93/100], Loss: 33.1279
train_Accuracy: [91m0.9149[0m
train_Precision: [4;34m0.9232[0m,               train_Recall: [4;33m0.9119[0m,                 train_F1 Score: [4;35m0.9145[0m
æ ‡ç­¾é‡Œ1çš„ä¸ªæ•°:  2150
æ ‡ç­¾é‡Œ0çš„ä¸ªæ•°:  2150
æ€»æ•°:  4300
æ­£ç¡®çš„ä¸ªæ•°:  3934
æœ€åä¸€ä¸ªæ‰¹æ¬¡çš„è¾“å‡º, ä¸æ»¡batchsizeæ˜¯æ­£å¸¸çš„:
 tensor([[1.0000e+00],
        [9.9541e-01],
        [9.9989e-01],
        [1.8226e-02],
        [9.9999e-01],
        [1.6997e-03],
        [1.6044e-05],
        [1.7087e-04],
        [9.9995e-01],
        [9.9988e-01],
        [1.6268e-04],
        [2.5030e-04]], device='cuda:0', grad_fn=<SigmoidBackward0>)
Epoch [93/100], T_AUC: [4m0.9192[0m
Epoch [93/100], Loss: 52.4287
val_Accuracy: [92m0.7442[0m
val_Precision: [4;34m0.7881[0m,               val_Recall: [4;33m0.6581[0m,                 val_F1 Score: [4;35m0.7108[0m
æ ‡ç­¾é‡Œ1çš„ä¸ªæ•°:  430
æ ‡ç­¾é‡Œ0çš„ä¸ªæ•°:  430
æ€»æ•°:  860
æ­£ç¡®çš„ä¸ªæ•°:  640
Epoch [93/100], V_AUC: [4m0.7414[0m
Epoch [94/100], Loss: 20.7056
train_Accuracy: [91m0.9416[0m
train_Precision: [4;34m0.9453[0m,               train_Recall: [4;33m0.9383[0m,                 train_F1 Score: [4;35m0.9398[0m
æ ‡ç­¾é‡Œ1çš„ä¸ªæ•°:  2150
æ ‡ç­¾é‡Œ0çš„ä¸ªæ•°:  2150
æ€»æ•°:  4300
æ­£ç¡®çš„ä¸ªæ•°:  4049
æœ€åä¸€ä¸ªæ‰¹æ¬¡çš„è¾“å‡º, ä¸æ»¡batchsizeæ˜¯æ­£å¸¸çš„:
 tensor([[9.9925e-01],
        [9.9988e-01],
        [1.0000e+00],
        [3.0912e-02],
        [9.9999e-01],
        [4.9974e-03],
        [1.7728e-03],
        [4.4647e-05],
        [9.8961e-01],
        [9.9870e-01],
        [6.1676e-05],
        [7.4633e-03]], device='cuda:0', grad_fn=<SigmoidBackward0>)
Epoch [94/100], T_AUC: [4m0.9443[0m
Epoch [94/100], Loss: 47.2683
val_Accuracy: [92m0.7512[0m
val_Precision: [4;34m0.7644[0m,               val_Recall: [4;33m0.7151[0m,                 val_F1 Score: [4;35m0.7331[0m
æ ‡ç­¾é‡Œ1çš„ä¸ªæ•°:  430
æ ‡ç­¾é‡Œ0çš„ä¸ªæ•°:  430
æ€»æ•°:  860
æ­£ç¡®çš„ä¸ªæ•°:  646
Epoch [94/100], V_AUC: [4m0.7503[0m
Epoch [95/100], Loss: 11.0573
train_Accuracy: [91m0.9686[0m
train_Precision: [4;34m0.9713[0m,               train_Recall: [4;33m0.9671[0m,                 train_F1 Score: [4;35m0.9681[0m
æ ‡ç­¾é‡Œ1çš„ä¸ªæ•°:  2150
æ ‡ç­¾é‡Œ0çš„ä¸ªæ•°:  2150
æ€»æ•°:  4300
æ­£ç¡®çš„ä¸ªæ•°:  4165
æœ€åä¸€ä¸ªæ‰¹æ¬¡çš„è¾“å‡º, ä¸æ»¡batchsizeæ˜¯æ­£å¸¸çš„:
 tensor([[9.9997e-01],
        [9.9912e-01],
        [9.9998e-01],
        [1.8003e-02],
        [1.0000e+00],
        [3.4380e-03],
        [2.4967e-02],
        [1.2102e-05],
        [9.9982e-01],
        [9.9506e-01],
        [2.0311e-05],
        [1.6750e-03]], device='cuda:0', grad_fn=<SigmoidBackward0>)
Epoch [95/100], T_AUC: [4m0.9702[0m
Epoch [95/100], Loss: 48.9756
val_Accuracy: [92m0.7279[0m
val_Precision: [4;34m0.7304[0m,               val_Recall: [4;33m0.7129[0m,                 val_F1 Score: [4;35m0.7156[0m
æ ‡ç­¾é‡Œ1çš„ä¸ªæ•°:  430
æ ‡ç­¾é‡Œ0çš„ä¸ªæ•°:  430
æ€»æ•°:  860
æ­£ç¡®çš„ä¸ªæ•°:  626
Epoch [95/100], V_AUC: [4m0.7269[0m
Epoch [96/100], Loss: 7.7129
train_Accuracy: [91m0.9840[0m
train_Precision: [4;34m0.9872[0m,               train_Recall: [4;33m0.9811[0m,                 train_F1 Score: [4;35m0.9837[0m
æ ‡ç­¾é‡Œ1çš„ä¸ªæ•°:  2150
æ ‡ç­¾é‡Œ0çš„ä¸ªæ•°:  2150
æ€»æ•°:  4300
æ­£ç¡®çš„ä¸ªæ•°:  4231
æœ€åä¸€ä¸ªæ‰¹æ¬¡çš„è¾“å‡º, ä¸æ»¡batchsizeæ˜¯æ­£å¸¸çš„:
 tensor([[1.0000e+00],
        [9.9875e-01],
        [1.0000e+00],
        [1.0139e-02],
        [1.0000e+00],
        [2.0257e-02],
        [1.8195e-03],
        [1.5375e-06],
        [9.9958e-01],
        [9.8154e-01],
        [6.8400e-06],
        [2.5174e-03]], device='cuda:0', grad_fn=<SigmoidBackward0>)
Epoch [96/100], T_AUC: [4m0.9847[0m
Epoch [96/100], Loss: 56.5707
val_Accuracy: [92m0.7523[0m
val_Precision: [4;34m0.7577[0m,               val_Recall: [4;33m0.7275[0m,                 val_F1 Score: [4;35m0.7380[0m
æ ‡ç­¾é‡Œ1çš„ä¸ªæ•°:  430
æ ‡ç­¾é‡Œ0çš„ä¸ªæ•°:  430
æ€»æ•°:  860
æ­£ç¡®çš„ä¸ªæ•°:  647
Epoch [96/100], V_AUC: [4m0.7499[0m
Epoch [97/100], Loss: 5.5635
train_Accuracy: [91m0.9893[0m
train_Precision: [4;34m0.9900[0m,               train_Recall: [4;33m0.9893[0m,                 train_F1 Score: [4;35m0.9893[0m
æ ‡ç­¾é‡Œ1çš„ä¸ªæ•°:  2150
æ ‡ç­¾é‡Œ0çš„ä¸ªæ•°:  2150
æ€»æ•°:  4300
æ­£ç¡®çš„ä¸ªæ•°:  4254
æœ€åä¸€ä¸ªæ‰¹æ¬¡çš„è¾“å‡º, ä¸æ»¡batchsizeæ˜¯æ­£å¸¸çš„:
 tensor([[1.0000e+00],
        [9.9659e-01],
        [1.0000e+00],
        [2.2449e-02],
        [1.0000e+00],
        [5.3197e-03],
        [4.7393e-03],
        [3.1619e-06],
        [9.2907e-01],
        [9.8710e-01],
        [5.8585e-06],
        [3.8102e-03]], device='cuda:0', grad_fn=<SigmoidBackward0>)
Epoch [97/100], T_AUC: [4m0.9900[0m
Epoch [97/100], Loss: 52.8190
val_Accuracy: [92m0.7314[0m
val_Precision: [4;34m0.7372[0m,               val_Recall: [4;33m0.7102[0m,                 val_F1 Score: [4;35m0.7177[0m
æ ‡ç­¾é‡Œ1çš„ä¸ªæ•°:  430
æ ‡ç­¾é‡Œ0çš„ä¸ªæ•°:  430
æ€»æ•°:  860
æ­£ç¡®çš„ä¸ªæ•°:  629
Epoch [97/100], V_AUC: [4m0.7296[0m
Epoch [98/100], Loss: 3.6655
train_Accuracy: [91m0.9949[0m
train_Precision: [4;34m0.9957[0m,               train_Recall: [4;33m0.9945[0m,                 train_F1 Score: [4;35m0.9949[0m
æ ‡ç­¾é‡Œ1çš„ä¸ªæ•°:  2150
æ ‡ç­¾é‡Œ0çš„ä¸ªæ•°:  2150
æ€»æ•°:  4300
æ­£ç¡®çš„ä¸ªæ•°:  4278
æœ€åä¸€ä¸ªæ‰¹æ¬¡çš„è¾“å‡º, ä¸æ»¡batchsizeæ˜¯æ­£å¸¸çš„:
 tensor([[9.9999e-01],
        [9.9972e-01],
        [1.0000e+00],
        [1.2869e-02],
        [1.0000e+00],
        [4.3016e-03],
        [3.8818e-03],
        [4.6204e-06],
        [9.9808e-01],
        [9.9319e-01],
        [5.4607e-06],
        [4.7251e-03]], device='cuda:0', grad_fn=<SigmoidBackward0>)
Epoch [98/100], T_AUC: [4m0.9952[0m
Epoch [98/100], Loss: 68.0119
val_Accuracy: [92m0.7570[0m
val_Precision: [4;34m0.7612[0m,               val_Recall: [4;33m0.7362[0m,                 val_F1 Score: [4;35m0.7431[0m
æ ‡ç­¾é‡Œ1çš„ä¸ªæ•°:  430
æ ‡ç­¾é‡Œ0çš„ä¸ªæ•°:  430
æ€»æ•°:  860
æ­£ç¡®çš„ä¸ªæ•°:  651
Epoch [98/100], V_AUC: [4m0.7546[0m
Epoch [99/100], Loss: 2.5519
train_Accuracy: [91m0.9977[0m
train_Precision: [4;34m0.9993[0m,               train_Recall: [4;33m0.9962[0m,                 train_F1 Score: [4;35m0.9977[0m
æ ‡ç­¾é‡Œ1çš„ä¸ªæ•°:  2150
æ ‡ç­¾é‡Œ0çš„ä¸ªæ•°:  2150
æ€»æ•°:  4300
æ­£ç¡®çš„ä¸ªæ•°:  4290
æœ€åä¸€ä¸ªæ‰¹æ¬¡çš„è¾“å‡º, ä¸æ»¡batchsizeæ˜¯æ­£å¸¸çš„:
 tensor([[9.9998e-01],
        [9.9983e-01],
        [1.0000e+00],
        [1.2058e-02],
        [1.0000e+00],
        [3.5184e-03],
        [5.3394e-03],
        [2.0660e-06],
        [9.9925e-01],
        [9.9570e-01],
        [5.8698e-06],
        [7.4745e-03]], device='cuda:0', grad_fn=<SigmoidBackward0>)
Epoch [99/100], T_AUC: [4m0.9979[0m
Epoch [99/100], Loss: 62.2751
val_Accuracy: [92m0.7430[0m
val_Precision: [4;34m0.7449[0m,               val_Recall: [4;33m0.7259[0m,                 val_F1 Score: [4;35m0.7302[0m
æ ‡ç­¾é‡Œ1çš„ä¸ªæ•°:  430
æ ‡ç­¾é‡Œ0çš„ä¸ªæ•°:  430
æ€»æ•°:  860
æ­£ç¡®çš„ä¸ªæ•°:  639
Epoch [99/100], V_AUC: [4m0.7401[0m
Epoch [100/100], Loss: 2.0514
train_Accuracy: [91m0.9979[0m
train_Precision: [4;34m0.9989[0m,               train_Recall: [4;33m0.9972[0m,                 train_F1 Score: [4;35m0.9980[0m
æ ‡ç­¾é‡Œ1çš„ä¸ªæ•°:  2150
æ ‡ç­¾é‡Œ0çš„ä¸ªæ•°:  2150
æ€»æ•°:  4300
æ­£ç¡®çš„ä¸ªæ•°:  4291
æœ€åä¸€ä¸ªæ‰¹æ¬¡çš„è¾“å‡º, ä¸æ»¡batchsizeæ˜¯æ­£å¸¸çš„:
 tensor([[9.9998e-01],
        [9.9988e-01],
        [1.0000e+00],
        [5.4805e-03],
        [1.0000e+00],
        [1.8430e-03],
        [3.6338e-03],
        [3.0604e-06],
        [9.9969e-01],
        [9.9821e-01],
        [1.9275e-06],
        [2.0118e-03]], device='cuda:0', grad_fn=<SigmoidBackward0>)
Epoch [100/100], T_AUC: [4m0.9982[0m
Epoch [100/100], Loss: 66.2840
val_Accuracy: [92m0.7558[0m
val_Precision: [4;34m0.7588[0m,               val_Recall: [4;33m0.7387[0m,                 val_F1 Score: [4;35m0.7444[0m
æ ‡ç­¾é‡Œ1çš„ä¸ªæ•°:  430
æ ‡ç­¾é‡Œ0çš„ä¸ªæ•°:  430
æ€»æ•°:  860
æ­£ç¡®çš„ä¸ªæ•°:  650
Epoch [100/100], V_AUC: [4m0.7535[0m
ç¬¬0æ‰¹ç¬¬2ä¸ª, 100
ç¬¬0æ‰¹ç¬¬15ä¸ª, 100
ç¬¬1æ‰¹ç¬¬0ä¸ª, 100
ç¬¬1æ‰¹ç¬¬13ä¸ª, 100
ç¬¬1æ‰¹ç¬¬29ä¸ª, 100
send email successfully
