2024-06-24-02:19:07
1æ’åº128-0.4
åˆ›å»ºæ¨¡å‹å®ä¾‹
æ¨¡å‹å®ä¾‹åˆ›å»ºå®Œæˆ
åŠ è½½é¢„è®­ç»ƒå‚æ•°
é¢„è®­ç»ƒå‚æ•°åŠ è½½å®Œæˆ
Epoch [1/100], Loss: 60.7842
train_Accuracy: [91m0.8016[0m
train_Precision: [4;34m0.7946[0m,               train_Recall: [4;33m0.8273[0m,                 train_F1 Score: [4;35m0.8047[0m
æ ‡ç­¾é‡Œ1çš„ä¸ªæ•°:  2150
æ ‡ç­¾é‡Œ0çš„ä¸ªæ•°:  2150
æ€»æ•°:  4300
æ­£ç¡®çš„ä¸ªæ•°:  3447
æœ€åä¸€ä¸ªæ‰¹æ¬¡çš„è¾“å‡º, ä¸æ»¡batchsizeæ˜¯æ­£å¸¸çš„:
 tensor([[0.9027],
        [0.8964],
        [0.9769],
        [0.1320],
        [0.7240],
        [0.1492],
        [0.5027],
        [0.3335],
        [0.4901],
        [0.8983],
        [0.0338],
        [0.0462]], device='cuda:0', grad_fn=<SigmoidBackward0>)
Epoch [1/100], T_AUC: [4m0.8079[0m
Epoch [1/100], Loss: 13.9524
val_Accuracy: [92m0.7872[0m
val_Precision: [4;34m0.7795[0m,               val_Recall: [4;33m0.7928[0m,                 val_F1 Score: [4;35m0.7819[0m
æ ‡ç­¾é‡Œ1çš„ä¸ªæ•°:  430
æ ‡ç­¾é‡Œ0çš„ä¸ªæ•°:  430
æ€»æ•°:  860
æ­£ç¡®çš„ä¸ªæ•°:  677
Epoch [1/100], V_AUC: [4m0.7847[0m
Epoch [2/100], Loss: 58.0296
train_Accuracy: [91m0.8123[0m
train_Precision: [4;34m0.8041[0m,               train_Recall: [4;33m0.8356[0m,                 train_F1 Score: [4;35m0.8144[0m
æ ‡ç­¾é‡Œ1çš„ä¸ªæ•°:  2150
æ ‡ç­¾é‡Œ0çš„ä¸ªæ•°:  2150
æ€»æ•°:  4300
æ­£ç¡®çš„ä¸ªæ•°:  3493
æœ€åä¸€ä¸ªæ‰¹æ¬¡çš„è¾“å‡º, ä¸æ»¡batchsizeæ˜¯æ­£å¸¸çš„:
 tensor([[0.9135],
        [0.8588],
        [0.9747],
        [0.1476],
        [0.7492],
        [0.1374],
        [0.4674],
        [0.3002],
        [0.5520],
        [0.9178],
        [0.0410],
        [0.0585]], device='cuda:0', grad_fn=<SigmoidBackward0>)
Epoch [2/100], T_AUC: [4m0.8180[0m
Epoch [2/100], Loss: 13.9472
val_Accuracy: [92m0.7872[0m
val_Precision: [4;34m0.7841[0m,               val_Recall: [4;33m0.7855[0m,                 val_F1 Score: [4;35m0.7807[0m
æ ‡ç­¾é‡Œ1çš„ä¸ªæ•°:  430
æ ‡ç­¾é‡Œ0çš„ä¸ªæ•°:  430
æ€»æ•°:  860
æ­£ç¡®çš„ä¸ªæ•°:  677
Epoch [2/100], V_AUC: [4m0.7843[0m
Epoch [3/100], Loss: 56.9979
train_Accuracy: [91m0.8133[0m
train_Precision: [4;34m0.8044[0m,               train_Recall: [4;33m0.8381[0m,                 train_F1 Score: [4;35m0.8153[0m
æ ‡ç­¾é‡Œ1çš„ä¸ªæ•°:  2150
æ ‡ç­¾é‡Œ0çš„ä¸ªæ•°:  2150
æ€»æ•°:  4300
æ­£ç¡®çš„ä¸ªæ•°:  3497
æœ€åä¸€ä¸ªæ‰¹æ¬¡çš„è¾“å‡º, ä¸æ»¡batchsizeæ˜¯æ­£å¸¸çš„:
 tensor([[0.8933],
        [0.8922],
        [0.9746],
        [0.1228],
        [0.7822],
        [0.1354],
        [0.4060],
        [0.3518],
        [0.6379],
        [0.9244],
        [0.0344],
        [0.0545]], device='cuda:0', grad_fn=<SigmoidBackward0>)
Epoch [3/100], T_AUC: [4m0.8189[0m
Epoch [3/100], Loss: 14.1683
val_Accuracy: [92m0.7826[0m
val_Precision: [4;34m0.7793[0m,               val_Recall: [4;33m0.7771[0m,                 val_F1 Score: [4;35m0.7741[0m
æ ‡ç­¾é‡Œ1çš„ä¸ªæ•°:  430
æ ‡ç­¾é‡Œ0çš„ä¸ªæ•°:  430
æ€»æ•°:  860
æ­£ç¡®çš„ä¸ªæ•°:  673
Epoch [3/100], V_AUC: [4m0.7793[0m
Epoch [4/100], Loss: 56.0202
train_Accuracy: [91m0.8202[0m
train_Precision: [4;34m0.8123[0m,               train_Recall: [4;33m0.8440[0m,                 train_F1 Score: [4;35m0.8221[0m
æ ‡ç­¾é‡Œ1çš„ä¸ªæ•°:  2150
æ ‡ç­¾é‡Œ0çš„ä¸ªæ•°:  2150
æ€»æ•°:  4300
æ­£ç¡®çš„ä¸ªæ•°:  3527
æœ€åä¸€ä¸ªæ‰¹æ¬¡çš„è¾“å‡º, ä¸æ»¡batchsizeæ˜¯æ­£å¸¸çš„:
 tensor([[0.8891],
        [0.8817],
        [0.9762],
        [0.1362],
        [0.8122],
        [0.1203],
        [0.4280],
        [0.3534],
        [0.6775],
        [0.8988],
        [0.0428],
        [0.0528]], device='cuda:0', grad_fn=<SigmoidBackward0>)
Epoch [4/100], T_AUC: [4m0.8257[0m
Epoch [4/100], Loss: 14.0429
val_Accuracy: [92m0.7802[0m
val_Precision: [4;34m0.7675[0m,               val_Recall: [4;33m0.7905[0m,                 val_F1 Score: [4;35m0.7749[0m
æ ‡ç­¾é‡Œ1çš„ä¸ªæ•°:  430
æ ‡ç­¾é‡Œ0çš„ä¸ªæ•°:  430
æ€»æ•°:  860
æ­£ç¡®çš„ä¸ªæ•°:  671
Epoch [4/100], V_AUC: [4m0.7763[0m
Epoch [5/100], Loss: 55.6405
train_Accuracy: [91m0.8209[0m
train_Precision: [4;34m0.8130[0m,               train_Recall: [4;33m0.8440[0m,                 train_F1 Score: [4;35m0.8230[0m
æ ‡ç­¾é‡Œ1çš„ä¸ªæ•°:  2150
æ ‡ç­¾é‡Œ0çš„ä¸ªæ•°:  2150
æ€»æ•°:  4300
æ­£ç¡®çš„ä¸ªæ•°:  3530
æœ€åä¸€ä¸ªæ‰¹æ¬¡çš„è¾“å‡º, ä¸æ»¡batchsizeæ˜¯æ­£å¸¸çš„:
 tensor([[0.9105],
        [0.8582],
        [0.9836],
        [0.1159],
        [0.8309],
        [0.1099],
        [0.3965],
        [0.3695],
        [0.6761],
        [0.9130],
        [0.0333],
        [0.0510]], device='cuda:0', grad_fn=<SigmoidBackward0>)
Epoch [5/100], T_AUC: [4m0.8264[0m
Epoch [5/100], Loss: 14.5662
val_Accuracy: [92m0.7872[0m
val_Precision: [4;34m0.7858[0m,               val_Recall: [4;33m0.7762[0m,                 val_F1 Score: [4;35m0.7766[0m
æ ‡ç­¾é‡Œ1çš„ä¸ªæ•°:  430
æ ‡ç­¾é‡Œ0çš„ä¸ªæ•°:  430
æ€»æ•°:  860
æ­£ç¡®çš„ä¸ªæ•°:  677
Epoch [5/100], V_AUC: [4m0.7828[0m
Epoch [6/100], Loss: 54.6852
train_Accuracy: [91m0.8230[0m
train_Precision: [4;34m0.8135[0m,               train_Recall: [4;33m0.8473[0m,                 train_F1 Score: [4;35m0.8250[0m
æ ‡ç­¾é‡Œ1çš„ä¸ªæ•°:  2150
æ ‡ç­¾é‡Œ0çš„ä¸ªæ•°:  2150
æ€»æ•°:  4300
æ­£ç¡®çš„ä¸ªæ•°:  3539
æœ€åä¸€ä¸ªæ‰¹æ¬¡çš„è¾“å‡º, ä¸æ»¡batchsizeæ˜¯æ­£å¸¸çš„:
 tensor([[0.9248],
        [0.8852],
        [0.9830],
        [0.0828],
        [0.8457],
        [0.0905],
        [0.3512],
        [0.3433],
        [0.7156],
        [0.9202],
        [0.0490],
        [0.0396]], device='cuda:0', grad_fn=<SigmoidBackward0>)
Epoch [6/100], T_AUC: [4m0.8285[0m
Epoch [6/100], Loss: 14.7565
val_Accuracy: [92m0.7872[0m
val_Precision: [4;34m0.7850[0m,               val_Recall: [4;33m0.7788[0m,                 val_F1 Score: [4;35m0.7778[0m
æ ‡ç­¾é‡Œ1çš„ä¸ªæ•°:  430
æ ‡ç­¾é‡Œ0çš„ä¸ªæ•°:  430
æ€»æ•°:  860
æ­£ç¡®çš„ä¸ªæ•°:  677
Epoch [6/100], V_AUC: [4m0.7827[0m
Epoch [7/100], Loss: 53.8941
train_Accuracy: [91m0.8219[0m
train_Precision: [4;34m0.8087[0m,               train_Recall: [4;33m0.8526[0m,                 train_F1 Score: [4;35m0.8245[0m
æ ‡ç­¾é‡Œ1çš„ä¸ªæ•°:  2150
æ ‡ç­¾é‡Œ0çš„ä¸ªæ•°:  2150
æ€»æ•°:  4300
æ­£ç¡®çš„ä¸ªæ•°:  3534
æœ€åä¸€ä¸ªæ‰¹æ¬¡çš„è¾“å‡º, ä¸æ»¡batchsizeæ˜¯æ­£å¸¸çš„:
 tensor([[0.8957],
        [0.9104],
        [0.9880],
        [0.1250],
        [0.9006],
        [0.0778],
        [0.4075],
        [0.3675],
        [0.6954],
        [0.8878],
        [0.0328],
        [0.0244]], device='cuda:0', grad_fn=<SigmoidBackward0>)
Epoch [7/100], T_AUC: [4m0.8280[0m
Epoch [7/100], Loss: 15.0597
val_Accuracy: [92m0.7826[0m
val_Precision: [4;34m0.7804[0m,               val_Recall: [4;33m0.7798[0m,                 val_F1 Score: [4;35m0.7754[0m
æ ‡ç­¾é‡Œ1çš„ä¸ªæ•°:  430
æ ‡ç­¾é‡Œ0çš„ä¸ªæ•°:  430
æ€»æ•°:  860
æ­£ç¡®çš„ä¸ªæ•°:  673
Epoch [7/100], V_AUC: [4m0.7785[0m
Epoch [8/100], Loss: 53.5505
train_Accuracy: [91m0.8305[0m
train_Precision: [4;34m0.8194[0m,               train_Recall: [4;33m0.8570[0m,                 train_F1 Score: [4;35m0.8325[0m
æ ‡ç­¾é‡Œ1çš„ä¸ªæ•°:  2150
æ ‡ç­¾é‡Œ0çš„ä¸ªæ•°:  2150
æ€»æ•°:  4300
æ­£ç¡®çš„ä¸ªæ•°:  3571
æœ€åä¸€ä¸ªæ‰¹æ¬¡çš„è¾“å‡º, ä¸æ»¡batchsizeæ˜¯æ­£å¸¸çš„:
 tensor([[0.9084],
        [0.9122],
        [0.9850],
        [0.0635],
        [0.8095],
        [0.0991],
        [0.3399],
        [0.4867],
        [0.7575],
        [0.9392],
        [0.0392],
        [0.0237]], device='cuda:0', grad_fn=<SigmoidBackward0>)
Epoch [8/100], T_AUC: [4m0.8360[0m
Epoch [8/100], Loss: 15.1295
val_Accuracy: [92m0.7884[0m
val_Precision: [4;34m0.7906[0m,               val_Recall: [4;33m0.7746[0m,                 val_F1 Score: [4;35m0.7784[0m
æ ‡ç­¾é‡Œ1çš„ä¸ªæ•°:  430
æ ‡ç­¾é‡Œ0çš„ä¸ªæ•°:  430
æ€»æ•°:  860
æ­£ç¡®çš„ä¸ªæ•°:  678
Epoch [8/100], V_AUC: [4m0.7844[0m
Epoch [9/100], Loss: 52.3882
train_Accuracy: [91m0.8337[0m
train_Precision: [4;34m0.8223[0m,               train_Recall: [4;33m0.8615[0m,                 train_F1 Score: [4;35m0.8364[0m
æ ‡ç­¾é‡Œ1çš„ä¸ªæ•°:  2150
æ ‡ç­¾é‡Œ0çš„ä¸ªæ•°:  2150
æ€»æ•°:  4300
æ­£ç¡®çš„ä¸ªæ•°:  3585
æœ€åä¸€ä¸ªæ‰¹æ¬¡çš„è¾“å‡º, ä¸æ»¡batchsizeæ˜¯æ­£å¸¸çš„:
 tensor([[0.9048],
        [0.9015],
        [0.9803],
        [0.0771],
        [0.9132],
        [0.0877],
        [0.3482],
        [0.3168],
        [0.7672],
        [0.9127],
        [0.0506],
        [0.0292]], device='cuda:0', grad_fn=<SigmoidBackward0>)
Epoch [9/100], T_AUC: [4m0.8396[0m
Epoch [9/100], Loss: 15.2664
val_Accuracy: [92m0.7895[0m
val_Precision: [4;34m0.7993[0m,               val_Recall: [4;33m0.7634[0m,                 val_F1 Score: [4;35m0.7761[0m
æ ‡ç­¾é‡Œ1çš„ä¸ªæ•°:  430
æ ‡ç­¾é‡Œ0çš„ä¸ªæ•°:  430
æ€»æ•°:  860
æ­£ç¡®çš„ä¸ªæ•°:  679
Epoch [9/100], V_AUC: [4m0.7861[0m
Epoch [10/100], Loss: 50.9192
train_Accuracy: [91m0.8386[0m
train_Precision: [4;34m0.8282[0m,               train_Recall: [4;33m0.8663[0m,                 train_F1 Score: [4;35m0.8411[0m
æ ‡ç­¾é‡Œ1çš„ä¸ªæ•°:  2150
æ ‡ç­¾é‡Œ0çš„ä¸ªæ•°:  2150
æ€»æ•°:  4300
æ­£ç¡®çš„ä¸ªæ•°:  3606
æœ€åä¸€ä¸ªæ‰¹æ¬¡çš„è¾“å‡º, ä¸æ»¡batchsizeæ˜¯æ­£å¸¸çš„:
 tensor([[0.9226],
        [0.9136],
        [0.9675],
        [0.0619],
        [0.9197],
        [0.0662],
        [0.2828],
        [0.3749],
        [0.7568],
        [0.9304],
        [0.0740],
        [0.0316]], device='cuda:0', grad_fn=<SigmoidBackward0>)
Epoch [10/100], T_AUC: [4m0.8452[0m
Epoch [10/100], Loss: 15.4180
val_Accuracy: [92m0.7837[0m
val_Precision: [4;34m0.7829[0m,               val_Recall: [4;33m0.7802[0m,                 val_F1 Score: [4;35m0.7765[0m
æ ‡ç­¾é‡Œ1çš„ä¸ªæ•°:  430
æ ‡ç­¾é‡Œ0çš„ä¸ªæ•°:  430
æ€»æ•°:  860
æ­£ç¡®çš„ä¸ªæ•°:  674
Epoch [10/100], V_AUC: [4m0.7805[0m
Epoch [11/100], Loss: 51.1524
train_Accuracy: [91m0.8365[0m
train_Precision: [4;34m0.8272[0m,               train_Recall: [4;33m0.8628[0m,                 train_F1 Score: [4;35m0.8392[0m
æ ‡ç­¾é‡Œ1çš„ä¸ªæ•°:  2150
æ ‡ç­¾é‡Œ0çš„ä¸ªæ•°:  2150
æ€»æ•°:  4300
æ­£ç¡®çš„ä¸ªæ•°:  3597
æœ€åä¸€ä¸ªæ‰¹æ¬¡çš„è¾“å‡º, ä¸æ»¡batchsizeæ˜¯æ­£å¸¸çš„:
 tensor([[0.9059],
        [0.9039],
        [0.9884],
        [0.0719],
        [0.9156],
        [0.0565],
        [0.1995],
        [0.3752],
        [0.7735],
        [0.9183],
        [0.0477],
        [0.0516]], device='cuda:0', grad_fn=<SigmoidBackward0>)
Epoch [11/100], T_AUC: [4m0.8423[0m
Epoch [11/100], Loss: 15.2484
val_Accuracy: [92m0.7802[0m
val_Precision: [4;34m0.7819[0m,               val_Recall: [4;33m0.7688[0m,                 val_F1 Score: [4;35m0.7707[0m
æ ‡ç­¾é‡Œ1çš„ä¸ªæ•°:  430
æ ‡ç­¾é‡Œ0çš„ä¸ªæ•°:  430
æ€»æ•°:  860
æ­£ç¡®çš„ä¸ªæ•°:  671
Epoch [11/100], V_AUC: [4m0.7775[0m
Epoch [12/100], Loss: 48.9840
train_Accuracy: [91m0.8458[0m
train_Precision: [4;34m0.8354[0m,               train_Recall: [4;33m0.8714[0m,                 train_F1 Score: [4;35m0.8481[0m
æ ‡ç­¾é‡Œ1çš„ä¸ªæ•°:  2150
æ ‡ç­¾é‡Œ0çš„ä¸ªæ•°:  2150
æ€»æ•°:  4300
æ­£ç¡®çš„ä¸ªæ•°:  3637
æœ€åä¸€ä¸ªæ‰¹æ¬¡çš„è¾“å‡º, ä¸æ»¡batchsizeæ˜¯æ­£å¸¸çš„:
 tensor([[0.9050],
        [0.9337],
        [0.9793],
        [0.0649],
        [0.9483],
        [0.0680],
        [0.2339],
        [0.2255],
        [0.8293],
        [0.9344],
        [0.0566],
        [0.0266]], device='cuda:0', grad_fn=<SigmoidBackward0>)
Epoch [12/100], T_AUC: [4m0.8509[0m
Epoch [12/100], Loss: 15.7533
val_Accuracy: [92m0.7814[0m
val_Precision: [4;34m0.7816[0m,               val_Recall: [4;33m0.7736[0m,                 val_F1 Score: [4;35m0.7727[0m
æ ‡ç­¾é‡Œ1çš„ä¸ªæ•°:  430
æ ‡ç­¾é‡Œ0çš„ä¸ªæ•°:  430
æ€»æ•°:  860
æ­£ç¡®çš„ä¸ªæ•°:  672
Epoch [12/100], V_AUC: [4m0.7780[0m
Epoch [13/100], Loss: 48.1953
train_Accuracy: [91m0.8474[0m
train_Precision: [4;34m0.8362[0m,               train_Recall: [4;33m0.8742[0m,                 train_F1 Score: [4;35m0.8495[0m
æ ‡ç­¾é‡Œ1çš„ä¸ªæ•°:  2150
æ ‡ç­¾é‡Œ0çš„ä¸ªæ•°:  2150
æ€»æ•°:  4300
æ­£ç¡®çš„ä¸ªæ•°:  3644
æœ€åä¸€ä¸ªæ‰¹æ¬¡çš„è¾“å‡º, ä¸æ»¡batchsizeæ˜¯æ­£å¸¸çš„:
 tensor([[0.8717],
        [0.9058],
        [0.9918],
        [0.0352],
        [0.9461],
        [0.0317],
        [0.2448],
        [0.1999],
        [0.9426],
        [0.9223],
        [0.0455],
        [0.0358]], device='cuda:0', grad_fn=<SigmoidBackward0>)
Epoch [13/100], T_AUC: [4m0.8537[0m
Epoch [13/100], Loss: 16.0055
val_Accuracy: [92m0.7814[0m
val_Precision: [4;34m0.7800[0m,               val_Recall: [4;33m0.7755[0m,                 val_F1 Score: [4;35m0.7730[0m
æ ‡ç­¾é‡Œ1çš„ä¸ªæ•°:  430
æ ‡ç­¾é‡Œ0çš„ä¸ªæ•°:  430
æ€»æ•°:  860
æ­£ç¡®çš„ä¸ªæ•°:  672
Epoch [13/100], V_AUC: [4m0.7788[0m
Epoch [14/100], Loss: 47.5590
train_Accuracy: [91m0.8516[0m
train_Precision: [4;34m0.8390[0m,               train_Recall: [4;33m0.8794[0m,                 train_F1 Score: [4;35m0.8541[0m
æ ‡ç­¾é‡Œ1çš„ä¸ªæ•°:  2150
æ ‡ç­¾é‡Œ0çš„ä¸ªæ•°:  2150
æ€»æ•°:  4300
æ­£ç¡®çš„ä¸ªæ•°:  3662
æœ€åä¸€ä¸ªæ‰¹æ¬¡çš„è¾“å‡º, ä¸æ»¡batchsizeæ˜¯æ­£å¸¸çš„:
 tensor([[0.9206],
        [0.9396],
        [0.9827],
        [0.0411],
        [0.9529],
        [0.0330],
        [0.1789],
        [0.3777],
        [0.9140],
        [0.8526],
        [0.0350],
        [0.0577]], device='cuda:0', grad_fn=<SigmoidBackward0>)
Epoch [14/100], T_AUC: [4m0.8571[0m
Epoch [14/100], Loss: 15.7853
val_Accuracy: [92m0.7767[0m
val_Precision: [4;34m0.7742[0m,               val_Recall: [4;33m0.7751[0m,                 val_F1 Score: [4;35m0.7693[0m
æ ‡ç­¾é‡Œ1çš„ä¸ªæ•°:  430
æ ‡ç­¾é‡Œ0çš„ä¸ªæ•°:  430
æ€»æ•°:  860
æ­£ç¡®çš„ä¸ªæ•°:  668
Epoch [14/100], V_AUC: [4m0.7734[0m
Epoch [15/100], Loss: 46.8878
train_Accuracy: [91m0.8533[0m
train_Precision: [4;34m0.8411[0m,               train_Recall: [4;33m0.8815[0m,                 train_F1 Score: [4;35m0.8557[0m
æ ‡ç­¾é‡Œ1çš„ä¸ªæ•°:  2150
æ ‡ç­¾é‡Œ0çš„ä¸ªæ•°:  2150
æ€»æ•°:  4300
æ­£ç¡®çš„ä¸ªæ•°:  3669
æœ€åä¸€ä¸ªæ‰¹æ¬¡çš„è¾“å‡º, ä¸æ»¡batchsizeæ˜¯æ­£å¸¸çš„:
 tensor([[0.9332],
        [0.9557],
        [0.9858],
        [0.0515],
        [0.9518],
        [0.0332],
        [0.1204],
        [0.1662],
        [0.9043],
        [0.9022],
        [0.0694],
        [0.0390]], device='cuda:0', grad_fn=<SigmoidBackward0>)
Epoch [15/100], T_AUC: [4m0.8594[0m
Epoch [15/100], Loss: 16.9664
val_Accuracy: [92m0.7826[0m
val_Precision: [4;34m0.7938[0m,               val_Recall: [4;33m0.7556[0m,                 val_F1 Score: [4;35m0.7697[0m
æ ‡ç­¾é‡Œ1çš„ä¸ªæ•°:  430
æ ‡ç­¾é‡Œ0çš„ä¸ªæ•°:  430
æ€»æ•°:  860
æ­£ç¡®çš„ä¸ªæ•°:  673
Epoch [15/100], V_AUC: [4m0.7799[0m
Epoch [16/100], Loss: 46.0046
train_Accuracy: [91m0.8565[0m
train_Precision: [4;34m0.8432[0m,               train_Recall: [4;33m0.8850[0m,                 train_F1 Score: [4;35m0.8586[0m
æ ‡ç­¾é‡Œ1çš„ä¸ªæ•°:  2150
æ ‡ç­¾é‡Œ0çš„ä¸ªæ•°:  2150
æ€»æ•°:  4300
æ­£ç¡®çš„ä¸ªæ•°:  3683
æœ€åä¸€ä¸ªæ‰¹æ¬¡çš„è¾“å‡º, ä¸æ»¡batchsizeæ˜¯æ­£å¸¸çš„:
 tensor([[0.9500],
        [0.9484],
        [0.9935],
        [0.0295],
        [0.9635],
        [0.0335],
        [0.2235],
        [0.1770],
        [0.8571],
        [0.8959],
        [0.0321],
        [0.0363]], device='cuda:0', grad_fn=<SigmoidBackward0>)
Epoch [16/100], T_AUC: [4m0.8624[0m
Epoch [16/100], Loss: 16.7079
val_Accuracy: [92m0.7686[0m
val_Precision: [4;34m0.7738[0m,               val_Recall: [4;33m0.7510[0m,                 val_F1 Score: [4;35m0.7566[0m
æ ‡ç­¾é‡Œ1çš„ä¸ªæ•°:  430
æ ‡ç­¾é‡Œ0çš„ä¸ªæ•°:  430
æ€»æ•°:  860
æ­£ç¡®çš„ä¸ªæ•°:  661
Epoch [16/100], V_AUC: [4m0.7664[0m
Epoch [17/100], Loss: 45.2924
train_Accuracy: [91m0.8577[0m
train_Precision: [4;34m0.8442[0m,               train_Recall: [4;33m0.8855[0m,                 train_F1 Score: [4;35m0.8597[0m
æ ‡ç­¾é‡Œ1çš„ä¸ªæ•°:  2150
æ ‡ç­¾é‡Œ0çš„ä¸ªæ•°:  2150
æ€»æ•°:  4300
æ­£ç¡®çš„ä¸ªæ•°:  3688
æœ€åä¸€ä¸ªæ‰¹æ¬¡çš„è¾“å‡º, ä¸æ»¡batchsizeæ˜¯æ­£å¸¸çš„:
 tensor([[0.9238],
        [0.9489],
        [0.9906],
        [0.0477],
        [0.9668],
        [0.0437],
        [0.1336],
        [0.1462],
        [0.9175],
        [0.8993],
        [0.0616],
        [0.0221]], device='cuda:0', grad_fn=<SigmoidBackward0>)
Epoch [17/100], T_AUC: [4m0.8636[0m
Epoch [17/100], Loss: 16.8729
val_Accuracy: [92m0.7674[0m
val_Precision: [4;34m0.7639[0m,               val_Recall: [4;33m0.7726[0m,                 val_F1 Score: [4;35m0.7631[0m
æ ‡ç­¾é‡Œ1çš„ä¸ªæ•°:  430
æ ‡ç­¾é‡Œ0çš„ä¸ªæ•°:  430
æ€»æ•°:  860
æ­£ç¡®çš„ä¸ªæ•°:  660
Epoch [17/100], V_AUC: [4m0.7640[0m
Epoch [18/100], Loss: 45.6796
train_Accuracy: [91m0.8574[0m
train_Precision: [4;34m0.8457[0m,               train_Recall: [4;33m0.8812[0m,                 train_F1 Score: [4;35m0.8584[0m
æ ‡ç­¾é‡Œ1çš„ä¸ªæ•°:  2150
æ ‡ç­¾é‡Œ0çš„ä¸ªæ•°:  2150
æ€»æ•°:  4300
æ­£ç¡®çš„ä¸ªæ•°:  3687
æœ€åä¸€ä¸ªæ‰¹æ¬¡çš„è¾“å‡º, ä¸æ»¡batchsizeæ˜¯æ­£å¸¸çš„:
 tensor([[0.9412],
        [0.9775],
        [0.9847],
        [0.0327],
        [0.9840],
        [0.0275],
        [0.1798],
        [0.1175],
        [0.9710],
        [0.8575],
        [0.0266],
        [0.0129]], device='cuda:0', grad_fn=<SigmoidBackward0>)
Epoch [18/100], T_AUC: [4m0.8630[0m
Epoch [18/100], Loss: 17.1428
val_Accuracy: [92m0.7709[0m
val_Precision: [4;34m0.7718[0m,               val_Recall: [4;33m0.7532[0m,                 val_F1 Score: [4;35m0.7563[0m
æ ‡ç­¾é‡Œ1çš„ä¸ªæ•°:  430
æ ‡ç­¾é‡Œ0çš„ä¸ªæ•°:  430
æ€»æ•°:  860
æ­£ç¡®çš„ä¸ªæ•°:  663
Epoch [18/100], V_AUC: [4m0.7671[0m
Epoch [19/100], Loss: 43.9619
train_Accuracy: [91m0.8665[0m
train_Precision: [4;34m0.8529[0m,               train_Recall: [4;33m0.8931[0m,                 train_F1 Score: [4;35m0.8677[0m
æ ‡ç­¾é‡Œ1çš„ä¸ªæ•°:  2150
æ ‡ç­¾é‡Œ0çš„ä¸ªæ•°:  2150
æ€»æ•°:  4300
æ­£ç¡®çš„ä¸ªæ•°:  3726
æœ€åä¸€ä¸ªæ‰¹æ¬¡çš„è¾“å‡º, ä¸æ»¡batchsizeæ˜¯æ­£å¸¸çš„:
 tensor([[0.9870],
        [0.9374],
        [0.9825],
        [0.0284],
        [0.9879],
        [0.0073],
        [0.1618],
        [0.2965],
        [0.9494],
        [0.9236],
        [0.0270],
        [0.0097]], device='cuda:0', grad_fn=<SigmoidBackward0>)
Epoch [19/100], T_AUC: [4m0.8724[0m
Epoch [19/100], Loss: 17.8233
val_Accuracy: [92m0.7698[0m
val_Precision: [4;34m0.7660[0m,               val_Recall: [4;33m0.7600[0m,                 val_F1 Score: [4;35m0.7575[0m
æ ‡ç­¾é‡Œ1çš„ä¸ªæ•°:  430
æ ‡ç­¾é‡Œ0çš„ä¸ªæ•°:  430
æ€»æ•°:  860
æ­£ç¡®çš„ä¸ªæ•°:  662
Epoch [19/100], V_AUC: [4m0.7664[0m
Epoch [20/100], Loss: 40.8823
train_Accuracy: [91m0.8784[0m
train_Precision: [4;34m0.8643[0m,               train_Recall: [4;33m0.9028[0m,                 train_F1 Score: [4;35m0.8789[0m
æ ‡ç­¾é‡Œ1çš„ä¸ªæ•°:  2150
æ ‡ç­¾é‡Œ0çš„ä¸ªæ•°:  2150
æ€»æ•°:  4300
æ­£ç¡®çš„ä¸ªæ•°:  3777
æœ€åä¸€ä¸ªæ‰¹æ¬¡çš„è¾“å‡º, ä¸æ»¡batchsizeæ˜¯æ­£å¸¸çš„:
 tensor([[0.9893],
        [0.9661],
        [0.9328],
        [0.0106],
        [0.9963],
        [0.0141],
        [0.3503],
        [0.0879],
        [0.9180],
        [0.9735],
        [0.0172],
        [0.0100]], device='cuda:0', grad_fn=<SigmoidBackward0>)
Epoch [20/100], T_AUC: [4m0.8838[0m
Epoch [20/100], Loss: 19.7000
val_Accuracy: [92m0.7581[0m
val_Precision: [4;34m0.7562[0m,               val_Recall: [4;33m0.7466[0m,                 val_F1 Score: [4;35m0.7469[0m
æ ‡ç­¾é‡Œ1çš„ä¸ªæ•°:  430
æ ‡ç­¾é‡Œ0çš„ä¸ªæ•°:  430
æ€»æ•°:  860
æ­£ç¡®çš„ä¸ªæ•°:  652
Epoch [20/100], V_AUC: [4m0.7542[0m
Epoch [21/100], Loss: 39.4212
train_Accuracy: [91m0.8823[0m
train_Precision: [4;34m0.8683[0m,               train_Recall: [4;33m0.9070[0m,                 train_F1 Score: [4;35m0.8833[0m
æ ‡ç­¾é‡Œ1çš„ä¸ªæ•°:  2150
æ ‡ç­¾é‡Œ0çš„ä¸ªæ•°:  2150
æ€»æ•°:  4300
æ­£ç¡®çš„ä¸ªæ•°:  3794
æœ€åä¸€ä¸ªæ‰¹æ¬¡çš„è¾“å‡º, ä¸æ»¡batchsizeæ˜¯æ­£å¸¸çš„:
 tensor([[0.9707],
        [0.9907],
        [0.9825],
        [0.0152],
        [0.9944],
        [0.0149],
        [0.2127],
        [0.0458],
        [0.9810],
        [0.9141],
        [0.0211],
        [0.0058]], device='cuda:0', grad_fn=<SigmoidBackward0>)
Epoch [21/100], T_AUC: [4m0.8873[0m
Epoch [21/100], Loss: 19.0231
val_Accuracy: [92m0.7651[0m
val_Precision: [4;34m0.7679[0m,               val_Recall: [4;33m0.7542[0m,                 val_F1 Score: [4;35m0.7560[0m
æ ‡ç­¾é‡Œ1çš„ä¸ªæ•°:  430
æ ‡ç­¾é‡Œ0çš„ä¸ªæ•°:  430
æ€»æ•°:  860
æ­£ç¡®çš„ä¸ªæ•°:  658
Epoch [21/100], V_AUC: [4m0.7620[0m
Epoch [22/100], Loss: 38.4979
train_Accuracy: [91m0.8835[0m
train_Precision: [4;34m0.8710[0m,               train_Recall: [4;33m0.9050[0m,                 train_F1 Score: [4;35m0.8837[0m
æ ‡ç­¾é‡Œ1çš„ä¸ªæ•°:  2150
æ ‡ç­¾é‡Œ0çš„ä¸ªæ•°:  2150
æ€»æ•°:  4300
æ­£ç¡®çš„ä¸ªæ•°:  3799
æœ€åä¸€ä¸ªæ‰¹æ¬¡çš„è¾“å‡º, ä¸æ»¡batchsizeæ˜¯æ­£å¸¸çš„:
 tensor([[0.9583],
        [0.9863],
        [0.9785],
        [0.0086],
        [0.9976],
        [0.0092],
        [0.3017],
        [0.0751],
        [0.9749],
        [0.9393],
        [0.0078],
        [0.0164]], device='cuda:0', grad_fn=<SigmoidBackward0>)
Epoch [22/100], T_AUC: [4m0.8881[0m
Epoch [22/100], Loss: 19.3279
val_Accuracy: [92m0.7733[0m
val_Precision: [4;34m0.7688[0m,               val_Recall: [4;33m0.7722[0m,                 val_F1 Score: [4;35m0.7654[0m
æ ‡ç­¾é‡Œ1çš„ä¸ªæ•°:  430
æ ‡ç­¾é‡Œ0çš„ä¸ªæ•°:  430
æ€»æ•°:  860
æ­£ç¡®çš„ä¸ªæ•°:  665
Epoch [22/100], V_AUC: [4m0.7713[0m
Epoch [23/100], Loss: 37.1266
train_Accuracy: [91m0.8849[0m
train_Precision: [4;34m0.8702[0m,               train_Recall: [4;33m0.9106[0m,                 train_F1 Score: [4;35m0.8857[0m
æ ‡ç­¾é‡Œ1çš„ä¸ªæ•°:  2150
æ ‡ç­¾é‡Œ0çš„ä¸ªæ•°:  2150
æ€»æ•°:  4300
æ­£ç¡®çš„ä¸ªæ•°:  3805
æœ€åä¸€ä¸ªæ‰¹æ¬¡çš„è¾“å‡º, ä¸æ»¡batchsizeæ˜¯æ­£å¸¸çš„:
 tensor([[0.9924],
        [0.9889],
        [0.9928],
        [0.0055],
        [0.9919],
        [0.0383],
        [0.1390],
        [0.0127],
        [0.9288],
        [0.9730],
        [0.0175],
        [0.0104]], device='cuda:0', grad_fn=<SigmoidBackward0>)
Epoch [23/100], T_AUC: [4m0.8907[0m
Epoch [23/100], Loss: 20.3976
val_Accuracy: [92m0.7547[0m
val_Precision: [4;34m0.7612[0m,               val_Recall: [4;33m0.7298[0m,                 val_F1 Score: [4;35m0.7395[0m
æ ‡ç­¾é‡Œ1çš„ä¸ªæ•°:  430
æ ‡ç­¾é‡Œ0çš„ä¸ªæ•°:  430
æ€»æ•°:  860
æ­£ç¡®çš„ä¸ªæ•°:  649
Epoch [23/100], V_AUC: [4m0.7522[0m
Epoch [24/100], Loss: 34.5471
train_Accuracy: [91m0.8991[0m
train_Precision: [4;34m0.8872[0m,               train_Recall: [4;33m0.9190[0m,                 train_F1 Score: [4;35m0.8995[0m
æ ‡ç­¾é‡Œ1çš„ä¸ªæ•°:  2150
æ ‡ç­¾é‡Œ0çš„ä¸ªæ•°:  2150
æ€»æ•°:  4300
æ­£ç¡®çš„ä¸ªæ•°:  3866
æœ€åä¸€ä¸ªæ‰¹æ¬¡çš„è¾“å‡º, ä¸æ»¡batchsizeæ˜¯æ­£å¸¸çš„:
 tensor([[0.9837],
        [0.9885],
        [0.9986],
        [0.0079],
        [0.9951],
        [0.0377],
        [0.0799],
        [0.0385],
        [0.9425],
        [0.8644],
        [0.0125],
        [0.0113]], device='cuda:0', grad_fn=<SigmoidBackward0>)
Epoch [24/100], T_AUC: [4m0.9036[0m
Epoch [24/100], Loss: 20.2646
val_Accuracy: [92m0.7593[0m
val_Precision: [4;34m0.7516[0m,               val_Recall: [4;33m0.7643[0m,                 val_F1 Score: [4;35m0.7529[0m
æ ‡ç­¾é‡Œ1çš„ä¸ªæ•°:  430
æ ‡ç­¾é‡Œ0çš„ä¸ªæ•°:  430
æ€»æ•°:  860
æ­£ç¡®çš„ä¸ªæ•°:  653
Epoch [24/100], V_AUC: [4m0.7575[0m
Epoch [25/100], Loss: 34.6753
train_Accuracy: [91m0.8947[0m
train_Precision: [4;34m0.8804[0m,               train_Recall: [4;33m0.9180[0m,                 train_F1 Score: [4;35m0.8952[0m
æ ‡ç­¾é‡Œ1çš„ä¸ªæ•°:  2150
æ ‡ç­¾é‡Œ0çš„ä¸ªæ•°:  2150
æ€»æ•°:  4300
æ­£ç¡®çš„ä¸ªæ•°:  3847
æœ€åä¸€ä¸ªæ‰¹æ¬¡çš„è¾“å‡º, ä¸æ»¡batchsizeæ˜¯æ­£å¸¸çš„:
 tensor([[0.9775],
        [0.9612],
        [0.9977],
        [0.0024],
        [0.9979],
        [0.0281],
        [0.1183],
        [0.0261],
        [0.9707],
        [0.9561],
        [0.0209],
        [0.0130]], device='cuda:0', grad_fn=<SigmoidBackward0>)
Epoch [25/100], T_AUC: [4m0.8986[0m
Epoch [25/100], Loss: 20.8392
val_Accuracy: [92m0.7535[0m
val_Precision: [4;34m0.7432[0m,               val_Recall: [4;33m0.7681[0m,                 val_F1 Score: [4;35m0.7503[0m
æ ‡ç­¾é‡Œ1çš„ä¸ªæ•°:  430
æ ‡ç­¾é‡Œ0çš„ä¸ªæ•°:  430
æ€»æ•°:  860
æ­£ç¡®çš„ä¸ªæ•°:  648
Epoch [25/100], V_AUC: [4m0.7518[0m
Epoch [26/100], Loss: 33.0683
train_Accuracy: [91m0.9023[0m
train_Precision: [4;34m0.8897[0m,               train_Recall: [4;33m0.9227[0m,                 train_F1 Score: [4;35m0.9026[0m
æ ‡ç­¾é‡Œ1çš„ä¸ªæ•°:  2150
æ ‡ç­¾é‡Œ0çš„ä¸ªæ•°:  2150
æ€»æ•°:  4300
æ­£ç¡®çš„ä¸ªæ•°:  3880
æœ€åä¸€ä¸ªæ‰¹æ¬¡çš„è¾“å‡º, ä¸æ»¡batchsizeæ˜¯æ­£å¸¸çš„:
 tensor([[0.9920],
        [0.9898],
        [0.9781],
        [0.0123],
        [0.9997],
        [0.0071],
        [0.1359],
        [0.0210],
        [0.9276],
        [0.9341],
        [0.0226],
        [0.0056]], device='cuda:0', grad_fn=<SigmoidBackward0>)
Epoch [26/100], T_AUC: [4m0.9070[0m
Epoch [26/100], Loss: 22.0369
val_Accuracy: [92m0.7593[0m
val_Precision: [4;34m0.7679[0m,               val_Recall: [4;33m0.7368[0m,                 val_F1 Score: [4;35m0.7452[0m
æ ‡ç­¾é‡Œ1çš„ä¸ªæ•°:  430
æ ‡ç­¾é‡Œ0çš„ä¸ªæ•°:  430
æ€»æ•°:  860
æ­£ç¡®çš„ä¸ªæ•°:  653
Epoch [26/100], V_AUC: [4m0.7579[0m
Epoch [27/100], Loss: 30.3713
train_Accuracy: [91m0.9147[0m
train_Precision: [4;34m0.9019[0m,               train_Recall: [4;33m0.9330[0m,                 train_F1 Score: [4;35m0.9143[0m
æ ‡ç­¾é‡Œ1çš„ä¸ªæ•°:  2150
æ ‡ç­¾é‡Œ0çš„ä¸ªæ•°:  2150
æ€»æ•°:  4300
æ­£ç¡®çš„ä¸ªæ•°:  3933
æœ€åä¸€ä¸ªæ‰¹æ¬¡çš„è¾“å‡º, ä¸æ»¡batchsizeæ˜¯æ­£å¸¸çš„:
 tensor([[0.9911],
        [0.9874],
        [0.9902],
        [0.0067],
        [0.9991],
        [0.0099],
        [0.0441],
        [0.0574],
        [0.9600],
        [0.8868],
        [0.0146],
        [0.0198]], device='cuda:0', grad_fn=<SigmoidBackward0>)
Epoch [27/100], T_AUC: [4m0.9188[0m
Epoch [27/100], Loss: 21.6849
val_Accuracy: [92m0.7628[0m
val_Precision: [4;34m0.7639[0m,               val_Recall: [4;33m0.7518[0m,                 val_F1 Score: [4;35m0.7522[0m
æ ‡ç­¾é‡Œ1çš„ä¸ªæ•°:  430
æ ‡ç­¾é‡Œ0çš„ä¸ªæ•°:  430
æ€»æ•°:  860
æ­£ç¡®çš„ä¸ªæ•°:  656
Epoch [27/100], V_AUC: [4m0.7609[0m
Epoch [28/100], Loss: 28.3356
train_Accuracy: [91m0.9223[0m
train_Precision: [4;34m0.9092[0m,               train_Recall: [4;33m0.9410[0m,                 train_F1 Score: [4;35m0.9219[0m
æ ‡ç­¾é‡Œ1çš„ä¸ªæ•°:  2150
æ ‡ç­¾é‡Œ0çš„ä¸ªæ•°:  2150
æ€»æ•°:  4300
æ­£ç¡®çš„ä¸ªæ•°:  3966
æœ€åä¸€ä¸ªæ‰¹æ¬¡çš„è¾“å‡º, ä¸æ»¡batchsizeæ˜¯æ­£å¸¸çš„:
 tensor([[0.9936],
        [0.9850],
        [0.9980],
        [0.0032],
        [0.9993],
        [0.0116],
        [0.0470],
        [0.0323],
        [0.8962],
        [0.9672],
        [0.0068],
        [0.0136]], device='cuda:0', grad_fn=<SigmoidBackward0>)
Epoch [28/100], T_AUC: [4m0.9264[0m
Epoch [28/100], Loss: 22.5552
val_Accuracy: [92m0.7570[0m
val_Precision: [4;34m0.7587[0m,               val_Recall: [4;33m0.7473[0m,                 val_F1 Score: [4;35m0.7473[0m
æ ‡ç­¾é‡Œ1çš„ä¸ªæ•°:  430
æ ‡ç­¾é‡Œ0çš„ä¸ªæ•°:  430
æ€»æ•°:  860
æ­£ç¡®çš„ä¸ªæ•°:  651
Epoch [28/100], V_AUC: [4m0.7549[0m
Epoch [29/100], Loss: 27.0418
train_Accuracy: [91m0.9256[0m
train_Precision: [4;34m0.9103[0m,               train_Recall: [4;33m0.9444[0m,                 train_F1 Score: [4;35m0.9243[0m
æ ‡ç­¾é‡Œ1çš„ä¸ªæ•°:  2150
æ ‡ç­¾é‡Œ0çš„ä¸ªæ•°:  2150
æ€»æ•°:  4300
æ­£ç¡®çš„ä¸ªæ•°:  3980
æœ€åä¸€ä¸ªæ‰¹æ¬¡çš„è¾“å‡º, ä¸æ»¡batchsizeæ˜¯æ­£å¸¸çš„:
 tensor([[0.9969],
        [0.9461],
        [0.9979],
        [0.0023],
        [0.9988],
        [0.0029],
        [0.0244],
        [0.6066],
        [0.9808],
        [0.9634],
        [0.0071],
        [0.0014]], device='cuda:0', grad_fn=<SigmoidBackward0>)
Epoch [29/100], T_AUC: [4m0.9292[0m
Epoch [29/100], Loss: 25.2631
val_Accuracy: [92m0.7640[0m
val_Precision: [4;34m0.7764[0m,               val_Recall: [4;33m0.7316[0m,                 val_F1 Score: [4;35m0.7490[0m
æ ‡ç­¾é‡Œ1çš„ä¸ªæ•°:  430
æ ‡ç­¾é‡Œ0çš„ä¸ªæ•°:  430
æ€»æ•°:  860
æ­£ç¡®çš„ä¸ªæ•°:  657
Epoch [29/100], V_AUC: [4m0.7605[0m
Epoch [30/100], Loss: 28.3773
train_Accuracy: [91m0.9198[0m
train_Precision: [4;34m0.9081[0m,               train_Recall: [4;33m0.9356[0m,                 train_F1 Score: [4;35m0.9191[0m
æ ‡ç­¾é‡Œ1çš„ä¸ªæ•°:  2150
æ ‡ç­¾é‡Œ0çš„ä¸ªæ•°:  2150
æ€»æ•°:  4300
æ­£ç¡®çš„ä¸ªæ•°:  3955
æœ€åä¸€ä¸ªæ‰¹æ¬¡çš„è¾“å‡º, ä¸æ»¡batchsizeæ˜¯æ­£å¸¸çš„:
 tensor([[9.9830e-01],
        [9.7520e-01],
        [9.6476e-01],
        [2.6738e-02],
        [9.9897e-01],
        [5.8171e-03],
        [2.4563e-02],
        [2.4756e-02],
        [9.9351e-01],
        [9.7886e-01],
        [2.9015e-02],
        [9.4496e-04]], device='cuda:0', grad_fn=<SigmoidBackward0>)
Epoch [30/100], T_AUC: [4m0.9229[0m
Epoch [30/100], Loss: 24.1232
val_Accuracy: [92m0.7628[0m
val_Precision: [4;34m0.7719[0m,               val_Recall: [4;33m0.7358[0m,                 val_F1 Score: [4;35m0.7495[0m
æ ‡ç­¾é‡Œ1çš„ä¸ªæ•°:  430
æ ‡ç­¾é‡Œ0çš„ä¸ªæ•°:  430
æ€»æ•°:  860
æ­£ç¡®çš„ä¸ªæ•°:  656
Epoch [30/100], V_AUC: [4m0.7578[0m
Epoch [31/100], Loss: 25.8123
train_Accuracy: [91m0.9305[0m
train_Precision: [4;34m0.9176[0m,               train_Recall: [4;33m0.9476[0m,                 train_F1 Score: [4;35m0.9296[0m
æ ‡ç­¾é‡Œ1çš„ä¸ªæ•°:  2150
æ ‡ç­¾é‡Œ0çš„ä¸ªæ•°:  2150
æ€»æ•°:  4300
æ­£ç¡®çš„ä¸ªæ•°:  4001
æœ€åä¸€ä¸ªæ‰¹æ¬¡çš„è¾“å‡º, ä¸æ»¡batchsizeæ˜¯æ­£å¸¸çš„:
 tensor([[9.9872e-01],
        [9.9161e-01],
        [9.9518e-01],
        [1.4441e-02],
        [9.9912e-01],
        [1.3188e-02],
        [1.1180e-01],
        [9.4932e-04],
        [9.9722e-01],
        [9.6687e-01],
        [5.5732e-03],
        [5.1500e-04]], device='cuda:0', grad_fn=<SigmoidBackward0>)
Epoch [31/100], T_AUC: [4m0.9342[0m
Epoch [31/100], Loss: 24.7291
val_Accuracy: [92m0.7547[0m
val_Precision: [4;34m0.7572[0m,               val_Recall: [4;33m0.7377[0m,                 val_F1 Score: [4;35m0.7413[0m
æ ‡ç­¾é‡Œ1çš„ä¸ªæ•°:  430
æ ‡ç­¾é‡Œ0çš„ä¸ªæ•°:  430
æ€»æ•°:  860
æ­£ç¡®çš„ä¸ªæ•°:  649
Epoch [31/100], V_AUC: [4m0.7512[0m
Epoch [32/100], Loss: 23.2041
train_Accuracy: [91m0.9367[0m
train_Precision: [4;34m0.9238[0m,               train_Recall: [4;33m0.9547[0m,                 train_F1 Score: [4;35m0.9360[0m
æ ‡ç­¾é‡Œ1çš„ä¸ªæ•°:  2150
æ ‡ç­¾é‡Œ0çš„ä¸ªæ•°:  2150
æ€»æ•°:  4300
æ­£ç¡®çš„ä¸ªæ•°:  4028
æœ€åä¸€ä¸ªæ‰¹æ¬¡çš„è¾“å‡º, ä¸æ»¡batchsizeæ˜¯æ­£å¸¸çš„:
 tensor([[0.9977],
        [0.9959],
        [0.9964],
        [0.0078],
        [0.9996],
        [0.0022],
        [0.0924],
        [0.0013],
        [0.9884],
        [0.9594],
        [0.0157],
        [0.0027]], device='cuda:0', grad_fn=<SigmoidBackward0>)
Epoch [32/100], T_AUC: [4m0.9405[0m
Epoch [32/100], Loss: 24.8115
val_Accuracy: [92m0.7430[0m
val_Precision: [4;34m0.7417[0m,               val_Recall: [4;33m0.7385[0m,                 val_F1 Score: [4;35m0.7360[0m
æ ‡ç­¾é‡Œ1çš„ä¸ªæ•°:  430
æ ‡ç­¾é‡Œ0çš„ä¸ªæ•°:  430
æ€»æ•°:  860
æ­£ç¡®çš„ä¸ªæ•°:  639
Epoch [32/100], V_AUC: [4m0.7410[0m
Epoch [33/100], Loss: 22.6185
train_Accuracy: [91m0.9386[0m
train_Precision: [4;34m0.9253[0m,               train_Recall: [4;33m0.9570[0m,                 train_F1 Score: [4;35m0.9381[0m
æ ‡ç­¾é‡Œ1çš„ä¸ªæ•°:  2150
æ ‡ç­¾é‡Œ0çš„ä¸ªæ•°:  2150
æ€»æ•°:  4300
æ­£ç¡®çš„ä¸ªæ•°:  4036
æœ€åä¸€ä¸ªæ‰¹æ¬¡çš„è¾“å‡º, ä¸æ»¡batchsizeæ˜¯æ­£å¸¸çš„:
 tensor([[0.9991],
        [0.9740],
        [0.9931],
        [0.0013],
        [0.9995],
        [0.0045],
        [0.0451],
        [0.0161],
        [0.9981],
        [0.9914],
        [0.0040],
        [0.0012]], device='cuda:0', grad_fn=<SigmoidBackward0>)
Epoch [33/100], T_AUC: [4m0.9424[0m
Epoch [33/100], Loss: 26.3833
val_Accuracy: [92m0.7488[0m
val_Precision: [4;34m0.7448[0m,               val_Recall: [4;33m0.7460[0m,                 val_F1 Score: [4;35m0.7404[0m
æ ‡ç­¾é‡Œ1çš„ä¸ªæ•°:  430
æ ‡ç­¾é‡Œ0çš„ä¸ªæ•°:  430
æ€»æ•°:  860
æ­£ç¡®çš„ä¸ªæ•°:  644
Epoch [33/100], V_AUC: [4m0.7458[0m
Epoch [34/100], Loss: 21.8492
train_Accuracy: [91m0.9365[0m
train_Precision: [4;34m0.9223[0m,               train_Recall: [4;33m0.9550[0m,                 train_F1 Score: [4;35m0.9360[0m
æ ‡ç­¾é‡Œ1çš„ä¸ªæ•°:  2150
æ ‡ç­¾é‡Œ0çš„ä¸ªæ•°:  2150
æ€»æ•°:  4300
æ­£ç¡®çš„ä¸ªæ•°:  4027
æœ€åä¸€ä¸ªæ‰¹æ¬¡çš„è¾“å‡º, ä¸æ»¡batchsizeæ˜¯æ­£å¸¸çš„:
 tensor([[9.9899e-01],
        [9.9477e-01],
        [9.9409e-01],
        [9.0479e-04],
        [9.9972e-01],
        [5.7509e-03],
        [8.8400e-02],
        [3.8821e-03],
        [9.8297e-01],
        [9.9137e-01],
        [6.2021e-03],
        [2.4063e-03]], device='cuda:0', grad_fn=<SigmoidBackward0>)
Epoch [34/100], T_AUC: [4m0.9403[0m
Epoch [34/100], Loss: 27.8483
val_Accuracy: [92m0.7547[0m
val_Precision: [4;34m0.7459[0m,               val_Recall: [4;33m0.7557[0m,                 val_F1 Score: [4;35m0.7456[0m
æ ‡ç­¾é‡Œ1çš„ä¸ªæ•°:  430
æ ‡ç­¾é‡Œ0çš„ä¸ªæ•°:  430
æ€»æ•°:  860
æ­£ç¡®çš„ä¸ªæ•°:  649
Epoch [34/100], V_AUC: [4m0.7513[0m
Epoch [35/100], Loss: 23.9200
train_Accuracy: [91m0.9307[0m
train_Precision: [4;34m0.9188[0m,               train_Recall: [4;33m0.9471[0m,                 train_F1 Score: [4;35m0.9296[0m
æ ‡ç­¾é‡Œ1çš„ä¸ªæ•°:  2150
æ ‡ç­¾é‡Œ0çš„ä¸ªæ•°:  2150
æ€»æ•°:  4300
æ­£ç¡®çš„ä¸ªæ•°:  4002
æœ€åä¸€ä¸ªæ‰¹æ¬¡çš„è¾“å‡º, ä¸æ»¡batchsizeæ˜¯æ­£å¸¸çš„:
 tensor([[9.9746e-01],
        [9.9478e-01],
        [9.9055e-01],
        [2.5715e-03],
        [9.9970e-01],
        [1.7261e-03],
        [3.4215e-01],
        [1.6870e-02],
        [8.9520e-01],
        [9.6270e-01],
        [8.6646e-04],
        [7.6890e-02]], device='cuda:0', grad_fn=<SigmoidBackward0>)
Epoch [35/100], T_AUC: [4m0.9350[0m
Epoch [35/100], Loss: 27.0511
val_Accuracy: [92m0.7547[0m
val_Precision: [4;34m0.7456[0m,               val_Recall: [4;33m0.7634[0m,                 val_F1 Score: [4;35m0.7490[0m
æ ‡ç­¾é‡Œ1çš„ä¸ªæ•°:  430
æ ‡ç­¾é‡Œ0çš„ä¸ªæ•°:  430
æ€»æ•°:  860
æ­£ç¡®çš„ä¸ªæ•°:  649
Epoch [35/100], V_AUC: [4m0.7501[0m
Epoch [36/100], Loss: 26.0682
train_Accuracy: [91m0.9219[0m
train_Precision: [4;34m0.9070[0m,               train_Recall: [4;33m0.9433[0m,                 train_F1 Score: [4;35m0.9221[0m
æ ‡ç­¾é‡Œ1çš„ä¸ªæ•°:  2150
æ ‡ç­¾é‡Œ0çš„ä¸ªæ•°:  2150
æ€»æ•°:  4300
æ­£ç¡®çš„ä¸ªæ•°:  3964
æœ€åä¸€ä¸ªæ‰¹æ¬¡çš„è¾“å‡º, ä¸æ»¡batchsizeæ˜¯æ­£å¸¸çš„:
 tensor([[9.9301e-01],
        [9.6273e-01],
        [9.8940e-01],
        [7.6224e-03],
        [9.9992e-01],
        [9.4234e-03],
        [4.8448e-01],
        [2.7789e-04],
        [9.8950e-01],
        [9.8848e-01],
        [1.8209e-03],
        [1.4376e-02]], device='cuda:0', grad_fn=<SigmoidBackward0>)
Epoch [36/100], T_AUC: [4m0.9247[0m
Epoch [36/100], Loss: 27.9382
val_Accuracy: [92m0.7581[0m
val_Precision: [4;34m0.7556[0m,               val_Recall: [4;33m0.7514[0m,                 val_F1 Score: [4;35m0.7489[0m
æ ‡ç­¾é‡Œ1çš„ä¸ªæ•°:  430
æ ‡ç­¾é‡Œ0çš„ä¸ªæ•°:  430
æ€»æ•°:  860
æ­£ç¡®çš„ä¸ªæ•°:  652
Epoch [36/100], V_AUC: [4m0.7543[0m
Epoch [37/100], Loss: 19.6193
train_Accuracy: [91m0.9442[0m
train_Precision: [4;34m0.9300[0m,               train_Recall: [4;33m0.9634[0m,                 train_F1 Score: [4;35m0.9438[0m
æ ‡ç­¾é‡Œ1çš„ä¸ªæ•°:  2150
æ ‡ç­¾é‡Œ0çš„ä¸ªæ•°:  2150
æ€»æ•°:  4300
æ­£ç¡®çš„ä¸ªæ•°:  4060
æœ€åä¸€ä¸ªæ‰¹æ¬¡çš„è¾“å‡º, ä¸æ»¡batchsizeæ˜¯æ­£å¸¸çš„:
 tensor([[0.9935],
        [0.9402],
        [1.0000],
        [0.0021],
        [0.9999],
        [0.0154],
        [0.0238],
        [0.0035],
        [0.9861],
        [0.9329],
        [0.0010],
        [0.0059]], device='cuda:0', grad_fn=<SigmoidBackward0>)
Epoch [37/100], T_AUC: [4m0.9473[0m
Epoch [37/100], Loss: 29.0653
val_Accuracy: [92m0.7500[0m
val_Precision: [4;34m0.7516[0m,               val_Recall: [4;33m0.7301[0m,                 val_F1 Score: [4;35m0.7356[0m
æ ‡ç­¾é‡Œ1çš„ä¸ªæ•°:  430
æ ‡ç­¾é‡Œ0çš„ä¸ªæ•°:  430
æ€»æ•°:  860
æ­£ç¡®çš„ä¸ªæ•°:  645
Epoch [37/100], V_AUC: [4m0.7451[0m
Epoch [38/100], Loss: 16.5151
train_Accuracy: [91m0.9588[0m
train_Precision: [4;34m0.9457[0m,               train_Recall: [4;33m0.9745[0m,                 train_F1 Score: [4;35m0.9580[0m
æ ‡ç­¾é‡Œ1çš„ä¸ªæ•°:  2150
æ ‡ç­¾é‡Œ0çš„ä¸ªæ•°:  2150
æ€»æ•°:  4300
æ­£ç¡®çš„ä¸ªæ•°:  4123
æœ€åä¸€ä¸ªæ‰¹æ¬¡çš„è¾“å‡º, ä¸æ»¡batchsizeæ˜¯æ­£å¸¸çš„:
 tensor([[9.9096e-01],
        [9.9756e-01],
        [9.9968e-01],
        [9.8105e-04],
        [9.9952e-01],
        [1.2219e-02],
        [8.9669e-03],
        [2.2989e-02],
        [9.7855e-01],
        [9.6497e-01],
        [9.2415e-04],
        [2.4677e-02]], device='cuda:0', grad_fn=<SigmoidBackward0>)
Epoch [38/100], T_AUC: [4m0.9621[0m
Epoch [38/100], Loss: 29.4486
val_Accuracy: [92m0.7488[0m
val_Precision: [4;34m0.7492[0m,               val_Recall: [4;33m0.7402[0m,                 val_F1 Score: [4;35m0.7397[0m
æ ‡ç­¾é‡Œ1çš„ä¸ªæ•°:  430
æ ‡ç­¾é‡Œ0çš„ä¸ªæ•°:  430
æ€»æ•°:  860
æ­£ç¡®çš„ä¸ªæ•°:  644
Epoch [38/100], V_AUC: [4m0.7480[0m
Epoch [39/100], Loss: 15.4141
train_Accuracy: [91m0.9607[0m
train_Precision: [4;34m0.9512[0m,               train_Recall: [4;33m0.9731[0m,                 train_F1 Score: [4;35m0.9604[0m
æ ‡ç­¾é‡Œ1çš„ä¸ªæ•°:  2150
æ ‡ç­¾é‡Œ0çš„ä¸ªæ•°:  2150
æ€»æ•°:  4300
æ­£ç¡®çš„ä¸ªæ•°:  4131
æœ€åä¸€ä¸ªæ‰¹æ¬¡çš„è¾“å‡º, ä¸æ»¡batchsizeæ˜¯æ­£å¸¸çš„:
 tensor([[9.9447e-01],
        [9.9295e-01],
        [9.9990e-01],
        [1.5300e-03],
        [9.9992e-01],
        [2.4830e-03],
        [1.0353e-02],
        [2.6347e-03],
        [9.9705e-01],
        [9.8869e-01],
        [2.7896e-04],
        [6.5975e-03]], device='cuda:0', grad_fn=<SigmoidBackward0>)
Epoch [39/100], T_AUC: [4m0.9632[0m
Epoch [39/100], Loss: 32.5929
val_Accuracy: [92m0.7477[0m
val_Precision: [4;34m0.7454[0m,               val_Recall: [4;33m0.7417[0m,                 val_F1 Score: [4;35m0.7390[0m
æ ‡ç­¾é‡Œ1çš„ä¸ªæ•°:  430
æ ‡ç­¾é‡Œ0çš„ä¸ªæ•°:  430
æ€»æ•°:  860
æ­£ç¡®çš„ä¸ªæ•°:  643
Epoch [39/100], V_AUC: [4m0.7453[0m
Epoch [40/100], Loss: 14.0213
train_Accuracy: [91m0.9674[0m
train_Precision: [4;34m0.9570[0m,               train_Recall: [4;33m0.9792[0m,                 train_F1 Score: [4;35m0.9667[0m
æ ‡ç­¾é‡Œ1çš„ä¸ªæ•°:  2150
æ ‡ç­¾é‡Œ0çš„ä¸ªæ•°:  2150
æ€»æ•°:  4300
æ­£ç¡®çš„ä¸ªæ•°:  4160
æœ€åä¸€ä¸ªæ‰¹æ¬¡çš„è¾“å‡º, ä¸æ»¡batchsizeæ˜¯æ­£å¸¸çš„:
 tensor([[9.9853e-01],
        [9.8333e-01],
        [9.9978e-01],
        [3.3772e-03],
        [9.9999e-01],
        [2.2495e-02],
        [2.0997e-02],
        [1.6968e-04],
        [9.9495e-01],
        [9.5007e-01],
        [1.0847e-04],
        [4.2556e-03]], device='cuda:0', grad_fn=<SigmoidBackward0>)
Epoch [40/100], T_AUC: [4m0.9698[0m
Epoch [40/100], Loss: 34.9935
val_Accuracy: [92m0.7477[0m
val_Precision: [4;34m0.7434[0m,               val_Recall: [4;33m0.7395[0m,                 val_F1 Score: [4;35m0.7361[0m
æ ‡ç­¾é‡Œ1çš„ä¸ªæ•°:  430
æ ‡ç­¾é‡Œ0çš„ä¸ªæ•°:  430
æ€»æ•°:  860
æ­£ç¡®çš„ä¸ªæ•°:  643
Epoch [40/100], V_AUC: [4m0.7438[0m
Epoch [41/100], Loss: 12.8610
train_Accuracy: [91m0.9721[0m
train_Precision: [4;34m0.9616[0m,               train_Recall: [4;33m0.9828[0m,                 train_F1 Score: [4;35m0.9708[0m
æ ‡ç­¾é‡Œ1çš„ä¸ªæ•°:  2150
æ ‡ç­¾é‡Œ0çš„ä¸ªæ•°:  2150
æ€»æ•°:  4300
æ­£ç¡®çš„ä¸ªæ•°:  4180
æœ€åä¸€ä¸ªæ‰¹æ¬¡çš„è¾“å‡º, ä¸æ»¡batchsizeæ˜¯æ­£å¸¸çš„:
 tensor([[0.9978],
        [0.9863],
        [0.9998],
        [0.0023],
        [1.0000],
        [0.0129],
        [0.0029],
        [0.0035],
        [0.9962],
        [0.7913],
        [0.0012],
        [0.0050]], device='cuda:0', grad_fn=<SigmoidBackward0>)
Epoch [41/100], T_AUC: [4m0.9743[0m
Epoch [41/100], Loss: 33.9136
val_Accuracy: [92m0.7535[0m
val_Precision: [4;34m0.7556[0m,               val_Recall: [4;33m0.7349[0m,                 val_F1 Score: [4;35m0.7390[0m
æ ‡ç­¾é‡Œ1çš„ä¸ªæ•°:  430
æ ‡ç­¾é‡Œ0çš„ä¸ªæ•°:  430
æ€»æ•°:  860
æ­£ç¡®çš„ä¸ªæ•°:  648
Epoch [41/100], V_AUC: [4m0.7495[0m
Epoch [42/100], Loss: 15.8916
train_Accuracy: [91m0.9574[0m
train_Precision: [4;34m0.9438[0m,               train_Recall: [4;33m0.9737[0m,                 train_F1 Score: [4;35m0.9566[0m
æ ‡ç­¾é‡Œ1çš„ä¸ªæ•°:  2150
æ ‡ç­¾é‡Œ0çš„ä¸ªæ•°:  2150
æ€»æ•°:  4300
æ­£ç¡®çš„ä¸ªæ•°:  4117
æœ€åä¸€ä¸ªæ‰¹æ¬¡çš„è¾“å‡º, ä¸æ»¡batchsizeæ˜¯æ­£å¸¸çš„:
 tensor([[9.9935e-01],
        [9.9947e-01],
        [9.9473e-01],
        [9.1965e-04],
        [1.0000e+00],
        [2.7475e-03],
        [4.4394e-03],
        [2.6223e-03],
        [9.1778e-01],
        [9.9679e-01],
        [9.2436e-04],
        [2.1553e-03]], device='cuda:0', grad_fn=<SigmoidBackward0>)
Epoch [42/100], T_AUC: [4m0.9610[0m
Epoch [42/100], Loss: 34.9184
val_Accuracy: [92m0.7512[0m
val_Precision: [4;34m0.7559[0m,               val_Recall: [4;33m0.7302[0m,                 val_F1 Score: [4;35m0.7381[0m
æ ‡ç­¾é‡Œ1çš„ä¸ªæ•°:  430
æ ‡ç­¾é‡Œ0çš„ä¸ªæ•°:  430
æ€»æ•°:  860
æ­£ç¡®çš„ä¸ªæ•°:  646
Epoch [42/100], V_AUC: [4m0.7472[0m
Epoch [43/100], Loss: 14.2667
train_Accuracy: [91m0.9640[0m
train_Precision: [4;34m0.9528[0m,               train_Recall: [4;33m0.9768[0m,                 train_F1 Score: [4;35m0.9630[0m
æ ‡ç­¾é‡Œ1çš„ä¸ªæ•°:  2150
æ ‡ç­¾é‡Œ0çš„ä¸ªæ•°:  2150
æ€»æ•°:  4300
æ­£ç¡®çš„ä¸ªæ•°:  4145
æœ€åä¸€ä¸ªæ‰¹æ¬¡çš„è¾“å‡º, ä¸æ»¡batchsizeæ˜¯æ­£å¸¸çš„:
 tensor([[9.9955e-01],
        [9.9697e-01],
        [9.9994e-01],
        [2.5596e-03],
        [9.9991e-01],
        [4.2346e-03],
        [1.0876e-02],
        [2.0102e-03],
        [9.8588e-01],
        [9.3402e-01],
        [6.5232e-04],
        [4.3536e-03]], device='cuda:0', grad_fn=<SigmoidBackward0>)
Epoch [43/100], T_AUC: [4m0.9661[0m
Epoch [43/100], Loss: 35.6895
val_Accuracy: [92m0.7384[0m
val_Precision: [4;34m0.7245[0m,               val_Recall: [4;33m0.7547[0m,                 val_F1 Score: [4;35m0.7341[0m
æ ‡ç­¾é‡Œ1çš„ä¸ªæ•°:  430
æ ‡ç­¾é‡Œ0çš„ä¸ªæ•°:  430
æ€»æ•°:  860
æ­£ç¡®çš„ä¸ªæ•°:  635
Epoch [43/100], V_AUC: [4m0.7354[0m
Epoch [44/100], Loss: 14.7963
train_Accuracy: [91m0.9584[0m
train_Precision: [4;34m0.9446[0m,               train_Recall: [4;33m0.9746[0m,                 train_F1 Score: [4;35m0.9578[0m
æ ‡ç­¾é‡Œ1çš„ä¸ªæ•°:  2150
æ ‡ç­¾é‡Œ0çš„ä¸ªæ•°:  2150
æ€»æ•°:  4300
æ­£ç¡®çš„ä¸ªæ•°:  4121
æœ€åä¸€ä¸ªæ‰¹æ¬¡çš„è¾“å‡º, ä¸æ»¡batchsizeæ˜¯æ­£å¸¸çš„:
 tensor([[9.9965e-01],
        [9.7036e-01],
        [9.9992e-01],
        [1.9521e-04],
        [9.9927e-01],
        [2.0208e-03],
        [3.0813e-03],
        [3.1890e-02],
        [9.9282e-01],
        [9.9909e-01],
        [1.1309e-03],
        [4.5222e-03]], device='cuda:0', grad_fn=<SigmoidBackward0>)
Epoch [44/100], T_AUC: [4m0.9604[0m
Epoch [44/100], Loss: 33.2099
val_Accuracy: [92m0.7395[0m
val_Precision: [4;34m0.7350[0m,               val_Recall: [4;33m0.7364[0m,                 val_F1 Score: [4;35m0.7297[0m
æ ‡ç­¾é‡Œ1çš„ä¸ªæ•°:  430
æ ‡ç­¾é‡Œ0çš„ä¸ªæ•°:  430
æ€»æ•°:  860
æ­£ç¡®çš„ä¸ªæ•°:  636
Epoch [44/100], V_AUC: [4m0.7357[0m
Epoch [45/100], Loss: 13.1025
train_Accuracy: [91m0.9672[0m
train_Precision: [4;34m0.9585[0m,               train_Recall: [4;33m0.9774[0m,                 train_F1 Score: [4;35m0.9665[0m
æ ‡ç­¾é‡Œ1çš„ä¸ªæ•°:  2150
æ ‡ç­¾é‡Œ0çš„ä¸ªæ•°:  2150
æ€»æ•°:  4300
æ­£ç¡®çš„ä¸ªæ•°:  4159
æœ€åä¸€ä¸ªæ‰¹æ¬¡çš„è¾“å‡º, ä¸æ»¡batchsizeæ˜¯æ­£å¸¸çš„:
 tensor([[9.9894e-01],
        [9.9588e-01],
        [9.9999e-01],
        [9.1465e-04],
        [9.9995e-01],
        [2.9909e-03],
        [3.4722e-02],
        [1.4993e-03],
        [9.9692e-01],
        [9.7386e-01],
        [7.4286e-05],
        [1.4825e-03]], device='cuda:0', grad_fn=<SigmoidBackward0>)
Epoch [45/100], T_AUC: [4m0.9692[0m
Epoch [45/100], Loss: 35.5318
val_Accuracy: [92m0.7419[0m
val_Precision: [4;34m0.7359[0m,               val_Recall: [4;33m0.7347[0m,                 val_F1 Score: [4;35m0.7303[0m
æ ‡ç­¾é‡Œ1çš„ä¸ªæ•°:  430
æ ‡ç­¾é‡Œ0çš„ä¸ªæ•°:  430
æ€»æ•°:  860
æ­£ç¡®çš„ä¸ªæ•°:  638
Epoch [45/100], V_AUC: [4m0.7393[0m
Epoch [46/100], Loss: 12.8252
train_Accuracy: [91m0.9688[0m
train_Precision: [4;34m0.9590[0m,               train_Recall: [4;33m0.9798[0m,                 train_F1 Score: [4;35m0.9681[0m
æ ‡ç­¾é‡Œ1çš„ä¸ªæ•°:  2150
æ ‡ç­¾é‡Œ0çš„ä¸ªæ•°:  2150
æ€»æ•°:  4300
æ­£ç¡®çš„ä¸ªæ•°:  4166
æœ€åä¸€ä¸ªæ‰¹æ¬¡çš„è¾“å‡º, ä¸æ»¡batchsizeæ˜¯æ­£å¸¸çš„:
 tensor([[9.9818e-01],
        [9.9985e-01],
        [9.9984e-01],
        [8.4043e-03],
        [9.9981e-01],
        [7.7544e-04],
        [2.4665e-02],
        [1.1876e-02],
        [7.0229e-01],
        [9.9702e-01],
        [2.3004e-04],
        [1.8719e-03]], device='cuda:0', grad_fn=<SigmoidBackward0>)
Epoch [46/100], T_AUC: [4m0.9708[0m
Epoch [46/100], Loss: 38.0176
val_Accuracy: [92m0.7547[0m
val_Precision: [4;34m0.7505[0m,               val_Recall: [4;33m0.7550[0m,                 val_F1 Score: [4;35m0.7467[0m
æ ‡ç­¾é‡Œ1çš„ä¸ªæ•°:  430
æ ‡ç­¾é‡Œ0çš„ä¸ªæ•°:  430
æ€»æ•°:  860
æ­£ç¡®çš„ä¸ªæ•°:  649
Epoch [46/100], V_AUC: [4m0.7515[0m
Epoch [47/100], Loss: 19.8551
train_Accuracy: [91m0.9402[0m
train_Precision: [4;34m0.9239[0m,               train_Recall: [4;33m0.9620[0m,                 train_F1 Score: [4;35m0.9404[0m
æ ‡ç­¾é‡Œ1çš„ä¸ªæ•°:  2150
æ ‡ç­¾é‡Œ0çš„ä¸ªæ•°:  2150
æ€»æ•°:  4300
æ­£ç¡®çš„ä¸ªæ•°:  4043
æœ€åä¸€ä¸ªæ‰¹æ¬¡çš„è¾“å‡º, ä¸æ»¡batchsizeæ˜¯æ­£å¸¸çš„:
 tensor([[9.5714e-01],
        [9.9965e-01],
        [9.9991e-01],
        [3.9415e-02],
        [9.9708e-01],
        [8.2934e-03],
        [5.3511e-02],
        [4.3455e-02],
        [9.9784e-01],
        [8.8683e-01],
        [8.4877e-05],
        [8.8023e-04]], device='cuda:0', grad_fn=<SigmoidBackward0>)
Epoch [47/100], T_AUC: [4m0.9439[0m
Epoch [47/100], Loss: 38.3589
val_Accuracy: [92m0.7547[0m
val_Precision: [4;34m0.7561[0m,               val_Recall: [4;33m0.7384[0m,                 val_F1 Score: [4;35m0.7431[0m
æ ‡ç­¾é‡Œ1çš„ä¸ªæ•°:  430
æ ‡ç­¾é‡Œ0çš„ä¸ªæ•°:  430
æ€»æ•°:  860
æ­£ç¡®çš„ä¸ªæ•°:  649
Epoch [47/100], V_AUC: [4m0.7519[0m
Epoch [48/100], Loss: 17.6080
train_Accuracy: [91m0.9502[0m
train_Precision: [4;34m0.9405[0m,               train_Recall: [4;33m0.9628[0m,                 train_F1 Score: [4;35m0.9494[0m
æ ‡ç­¾é‡Œ1çš„ä¸ªæ•°:  2150
æ ‡ç­¾é‡Œ0çš„ä¸ªæ•°:  2150
æ€»æ•°:  4300
æ­£ç¡®çš„ä¸ªæ•°:  4086
æœ€åä¸€ä¸ªæ‰¹æ¬¡çš„è¾“å‡º, ä¸æ»¡batchsizeæ˜¯æ­£å¸¸çš„:
 tensor([[9.5976e-01],
        [9.9956e-01],
        [9.9988e-01],
        [6.1294e-03],
        [9.9999e-01],
        [4.3220e-04],
        [2.1727e-03],
        [1.1494e-01],
        [9.9904e-01],
        [9.8308e-01],
        [3.4132e-05],
        [6.8458e-04]], device='cuda:0', grad_fn=<SigmoidBackward0>)
Epoch [48/100], T_AUC: [4m0.9531[0m
Epoch [48/100], Loss: 37.3510
val_Accuracy: [92m0.7442[0m
val_Precision: [4;34m0.7376[0m,               val_Recall: [4;33m0.7481[0m,                 val_F1 Score: [4;35m0.7371[0m
æ ‡ç­¾é‡Œ1çš„ä¸ªæ•°:  430
æ ‡ç­¾é‡Œ0çš„ä¸ªæ•°:  430
æ€»æ•°:  860
æ­£ç¡®çš„ä¸ªæ•°:  640
Epoch [48/100], V_AUC: [4m0.7418[0m
Epoch [49/100], Loss: 11.5225
train_Accuracy: [91m0.9740[0m
train_Precision: [4;34m0.9650[0m,               train_Recall: [4;33m0.9836[0m,                 train_F1 Score: [4;35m0.9730[0m
æ ‡ç­¾é‡Œ1çš„ä¸ªæ•°:  2150
æ ‡ç­¾é‡Œ0çš„ä¸ªæ•°:  2150
æ€»æ•°:  4300
æ­£ç¡®çš„ä¸ªæ•°:  4188
æœ€åä¸€ä¸ªæ‰¹æ¬¡çš„è¾“å‡º, ä¸æ»¡batchsizeæ˜¯æ­£å¸¸çš„:
 tensor([[9.9682e-01],
        [9.9672e-01],
        [9.9888e-01],
        [4.0344e-03],
        [9.9999e-01],
        [2.1590e-03],
        [3.7182e-03],
        [1.0296e-02],
        [9.9865e-01],
        [9.7980e-01],
        [9.0382e-05],
        [4.3453e-03]], device='cuda:0', grad_fn=<SigmoidBackward0>)
Epoch [49/100], T_AUC: [4m0.9762[0m
Epoch [49/100], Loss: 36.2388
val_Accuracy: [92m0.7419[0m
val_Precision: [4;34m0.7416[0m,               val_Recall: [4;33m0.7359[0m,                 val_F1 Score: [4;35m0.7333[0m
æ ‡ç­¾é‡Œ1çš„ä¸ªæ•°:  430
æ ‡ç­¾é‡Œ0çš„ä¸ªæ•°:  430
æ€»æ•°:  860
æ­£ç¡®çš„ä¸ªæ•°:  638
Epoch [49/100], V_AUC: [4m0.7400[0m
Epoch [50/100], Loss: 9.6082
train_Accuracy: [91m0.9784[0m
train_Precision: [4;34m0.9709[0m,               train_Recall: [4;33m0.9872[0m,                 train_F1 Score: [4;35m0.9780[0m
æ ‡ç­¾é‡Œ1çš„ä¸ªæ•°:  2150
æ ‡ç­¾é‡Œ0çš„ä¸ªæ•°:  2150
æ€»æ•°:  4300
æ­£ç¡®çš„ä¸ªæ•°:  4207
æœ€åä¸€ä¸ªæ‰¹æ¬¡çš„è¾“å‡º, ä¸æ»¡batchsizeæ˜¯æ­£å¸¸çš„:
 tensor([[9.9357e-01],
        [9.9749e-01],
        [9.9998e-01],
        [6.0477e-04],
        [9.9999e-01],
        [1.6324e-03],
        [9.0527e-03],
        [9.0256e-04],
        [9.9939e-01],
        [9.8755e-01],
        [2.2520e-05],
        [8.3581e-03]], device='cuda:0', grad_fn=<SigmoidBackward0>)
Epoch [50/100], T_AUC: [4m0.9798[0m
Epoch [50/100], Loss: 37.9953
val_Accuracy: [92m0.7547[0m
val_Precision: [4;34m0.7641[0m,               val_Recall: [4;33m0.7301[0m,                 val_F1 Score: [4;35m0.7412[0m
æ ‡ç­¾é‡Œ1çš„ä¸ªæ•°:  430
æ ‡ç­¾é‡Œ0çš„ä¸ªæ•°:  430
æ€»æ•°:  860
æ­£ç¡®çš„ä¸ªæ•°:  649
Epoch [50/100], V_AUC: [4m0.7509[0m
Epoch [51/100], Loss: 7.9955
train_Accuracy: [91m0.9837[0m
train_Precision: [4;34m0.9782[0m,               train_Recall: [4;33m0.9892[0m,                 train_F1 Score: [4;35m0.9827[0m
æ ‡ç­¾é‡Œ1çš„ä¸ªæ•°:  2150
æ ‡ç­¾é‡Œ0çš„ä¸ªæ•°:  2150
æ€»æ•°:  4300
æ­£ç¡®çš„ä¸ªæ•°:  4230
æœ€åä¸€ä¸ªæ‰¹æ¬¡çš„è¾“å‡º, ä¸æ»¡batchsizeæ˜¯æ­£å¸¸çš„:
 tensor([[9.9861e-01],
        [9.9362e-01],
        [9.9990e-01],
        [1.6478e-02],
        [9.9999e-01],
        [1.2844e-03],
        [1.4446e-02],
        [5.4298e-04],
        [9.7035e-01],
        [9.9558e-01],
        [1.1326e-03],
        [2.9905e-04]], device='cuda:0', grad_fn=<SigmoidBackward0>)
Epoch [51/100], T_AUC: [4m0.9850[0m
Epoch [51/100], Loss: 38.1839
val_Accuracy: [92m0.7605[0m
val_Precision: [4;34m0.7584[0m,               val_Recall: [4;33m0.7468[0m,                 val_F1 Score: [4;35m0.7481[0m
æ ‡ç­¾é‡Œ1çš„ä¸ªæ•°:  430
æ ‡ç­¾é‡Œ0çš„ä¸ªæ•°:  430
æ€»æ•°:  860
æ­£ç¡®çš„ä¸ªæ•°:  654
Epoch [51/100], V_AUC: [4m0.7571[0m
Epoch [52/100], Loss: 6.2317
train_Accuracy: [91m0.9888[0m
train_Precision: [4;34m0.9828[0m,               train_Recall: [4;33m0.9947[0m,                 train_F1 Score: [4;35m0.9882[0m
æ ‡ç­¾é‡Œ1çš„ä¸ªæ•°:  2150
æ ‡ç­¾é‡Œ0çš„ä¸ªæ•°:  2150
æ€»æ•°:  4300
æ­£ç¡®çš„ä¸ªæ•°:  4252
æœ€åä¸€ä¸ªæ‰¹æ¬¡çš„è¾“å‡º, ä¸æ»¡batchsizeæ˜¯æ­£å¸¸çš„:
 tensor([[9.9978e-01],
        [9.9982e-01],
        [9.9981e-01],
        [3.5809e-02],
        [9.9999e-01],
        [1.0380e-03],
        [8.0111e-03],
        [1.0470e-04],
        [9.5625e-01],
        [9.8954e-01],
        [1.5076e-04],
        [4.4093e-04]], device='cuda:0', grad_fn=<SigmoidBackward0>)
Epoch [52/100], T_AUC: [4m0.9899[0m
Epoch [52/100], Loss: 48.2639
val_Accuracy: [92m0.7616[0m
val_Precision: [4;34m0.7640[0m,               val_Recall: [4;33m0.7424[0m,                 val_F1 Score: [4;35m0.7497[0m
æ ‡ç­¾é‡Œ1çš„ä¸ªæ•°:  430
æ ‡ç­¾é‡Œ0çš„ä¸ªæ•°:  430
æ€»æ•°:  860
æ­£ç¡®çš„ä¸ªæ•°:  655
Epoch [52/100], V_AUC: [4m0.7571[0m
Epoch [53/100], Loss: 5.2532
train_Accuracy: [91m0.9914[0m
train_Precision: [4;34m0.9862[0m,               train_Recall: [4;33m0.9958[0m,                 train_F1 Score: [4;35m0.9907[0m
æ ‡ç­¾é‡Œ1çš„ä¸ªæ•°:  2150
æ ‡ç­¾é‡Œ0çš„ä¸ªæ•°:  2150
æ€»æ•°:  4300
æ­£ç¡®çš„ä¸ªæ•°:  4263
æœ€åä¸€ä¸ªæ‰¹æ¬¡çš„è¾“å‡º, ä¸æ»¡batchsizeæ˜¯æ­£å¸¸çš„:
 tensor([[9.9976e-01],
        [9.9989e-01],
        [9.9999e-01],
        [4.0099e-04],
        [9.9998e-01],
        [1.3765e-03],
        [4.3246e-03],
        [8.5238e-05],
        [9.6352e-01],
        [9.8137e-01],
        [4.8253e-04],
        [5.2017e-03]], device='cuda:0', grad_fn=<SigmoidBackward0>)
Epoch [53/100], T_AUC: [4m0.9922[0m
Epoch [53/100], Loss: 49.3422
val_Accuracy: [92m0.7477[0m
val_Precision: [4;34m0.7403[0m,               val_Recall: [4;33m0.7396[0m,                 val_F1 Score: [4;35m0.7362[0m
æ ‡ç­¾é‡Œ1çš„ä¸ªæ•°:  430
æ ‡ç­¾é‡Œ0çš„ä¸ªæ•°:  430
æ€»æ•°:  860
æ­£ç¡®çš„ä¸ªæ•°:  643
Epoch [53/100], V_AUC: [4m0.7418[0m
Epoch [54/100], Loss: 6.4388
train_Accuracy: [91m0.9870[0m
train_Precision: [4;34m0.9806[0m,               train_Recall: [4;33m0.9934[0m,                 train_F1 Score: [4;35m0.9865[0m
æ ‡ç­¾é‡Œ1çš„ä¸ªæ•°:  2150
æ ‡ç­¾é‡Œ0çš„ä¸ªæ•°:  2150
æ€»æ•°:  4300
æ­£ç¡®çš„ä¸ªæ•°:  4244
æœ€åä¸€ä¸ªæ‰¹æ¬¡çš„è¾“å‡º, ä¸æ»¡batchsizeæ˜¯æ­£å¸¸çš„:
 tensor([[9.9963e-01],
        [9.9500e-01],
        [9.9999e-01],
        [1.4783e-04],
        [1.0000e+00],
        [7.1534e-03],
        [2.3984e-03],
        [8.5798e-04],
        [9.8686e-01],
        [9.7902e-01],
        [1.2602e-03],
        [8.3498e-04]], device='cuda:0', grad_fn=<SigmoidBackward0>)
Epoch [54/100], T_AUC: [4m0.9879[0m
Epoch [54/100], Loss: 44.3750
val_Accuracy: [92m0.7628[0m
val_Precision: [4;34m0.7637[0m,               val_Recall: [4;33m0.7497[0m,                 val_F1 Score: [4;35m0.7530[0m
æ ‡ç­¾é‡Œ1çš„ä¸ªæ•°:  430
æ ‡ç­¾é‡Œ0çš„ä¸ªæ•°:  430
æ€»æ•°:  860
æ­£ç¡®çš„ä¸ªæ•°:  656
Epoch [54/100], V_AUC: [4m0.7589[0m
Epoch [55/100], Loss: 8.8687
train_Accuracy: [91m0.9770[0m
train_Precision: [4;34m0.9691[0m,               train_Recall: [4;33m0.9853[0m,                 train_F1 Score: [4;35m0.9763[0m
æ ‡ç­¾é‡Œ1çš„ä¸ªæ•°:  2150
æ ‡ç­¾é‡Œ0çš„ä¸ªæ•°:  2150
æ€»æ•°:  4300
æ­£ç¡®çš„ä¸ªæ•°:  4201
æœ€åä¸€ä¸ªæ‰¹æ¬¡çš„è¾“å‡º, ä¸æ»¡batchsizeæ˜¯æ­£å¸¸çš„:
 tensor([[9.9997e-01],
        [9.9995e-01],
        [9.9841e-01],
        [1.5768e-04],
        [9.9993e-01],
        [1.1674e-03],
        [7.0576e-02],
        [7.7054e-03],
        [9.9319e-01],
        [9.9121e-01],
        [4.8552e-04],
        [2.3447e-05]], device='cuda:0', grad_fn=<SigmoidBackward0>)
Epoch [55/100], T_AUC: [4m0.9783[0m
Epoch [55/100], Loss: 47.6877
val_Accuracy: [92m0.7523[0m
val_Precision: [4;34m0.7578[0m,               val_Recall: [4;33m0.7359[0m,                 val_F1 Score: [4;35m0.7416[0m
æ ‡ç­¾é‡Œ1çš„ä¸ªæ•°:  430
æ ‡ç­¾é‡Œ0çš„ä¸ªæ•°:  430
æ€»æ•°:  860
æ­£ç¡®çš„ä¸ªæ•°:  647
Epoch [55/100], V_AUC: [4m0.7491[0m
Epoch [56/100], Loss: 10.3455
train_Accuracy: [91m0.9707[0m
train_Precision: [4;34m0.9590[0m,               train_Recall: [4;33m0.9822[0m,                 train_F1 Score: [4;35m0.9693[0m
æ ‡ç­¾é‡Œ1çš„ä¸ªæ•°:  2150
æ ‡ç­¾é‡Œ0çš„ä¸ªæ•°:  2150
æ€»æ•°:  4300
æ­£ç¡®çš„ä¸ªæ•°:  4174
æœ€åä¸€ä¸ªæ‰¹æ¬¡çš„è¾“å‡º, ä¸æ»¡batchsizeæ˜¯æ­£å¸¸çš„:
 tensor([[9.9149e-01],
        [9.9747e-01],
        [1.0000e+00],
        [1.7703e-04],
        [9.9999e-01],
        [8.0059e-03],
        [7.6164e-01],
        [5.8603e-06],
        [9.1481e-01],
        [9.9933e-01],
        [1.8826e-04],
        [2.0312e-03]], device='cuda:0', grad_fn=<SigmoidBackward0>)
Epoch [56/100], T_AUC: [4m0.9724[0m
Epoch [56/100], Loss: 58.4864
val_Accuracy: [92m0.7337[0m
val_Precision: [4;34m0.7149[0m,               val_Recall: [4;33m0.7580[0m,                 val_F1 Score: [4;35m0.7330[0m
æ ‡ç­¾é‡Œ1çš„ä¸ªæ•°:  430
æ ‡ç­¾é‡Œ0çš„ä¸ªæ•°:  430
æ€»æ•°:  860
æ­£ç¡®çš„ä¸ªæ•°:  631
Epoch [56/100], V_AUC: [4m0.7293[0m
Epoch [57/100], Loss: 23.4325
train_Accuracy: [91m0.9337[0m
train_Precision: [4;34m0.9291[0m,               train_Recall: [4;33m0.9430[0m,                 train_F1 Score: [4;35m0.9337[0m
æ ‡ç­¾é‡Œ1çš„ä¸ªæ•°:  2150
æ ‡ç­¾é‡Œ0çš„ä¸ªæ•°:  2150
æ€»æ•°:  4300
æ­£ç¡®çš„ä¸ªæ•°:  4015
æœ€åä¸€ä¸ªæ‰¹æ¬¡çš„è¾“å‡º, ä¸æ»¡batchsizeæ˜¯æ­£å¸¸çš„:
 tensor([[9.4033e-01],
        [9.9808e-01],
        [9.9984e-01],
        [1.5088e-01],
        [9.9999e-01],
        [3.0037e-04],
        [1.3288e-04],
        [2.6440e-01],
        [9.9738e-01],
        [9.9885e-01],
        [7.6761e-05],
        [4.4454e-03]], device='cuda:0', grad_fn=<SigmoidBackward0>)
Epoch [57/100], T_AUC: [4m0.9375[0m
Epoch [57/100], Loss: 37.1961
val_Accuracy: [92m0.7209[0m
val_Precision: [4;34m0.7101[0m,               val_Recall: [4;33m0.7338[0m,                 val_F1 Score: [4;35m0.7166[0m
æ ‡ç­¾é‡Œ1çš„ä¸ªæ•°:  430
æ ‡ç­¾é‡Œ0çš„ä¸ªæ•°:  430
æ€»æ•°:  860
æ­£ç¡®çš„ä¸ªæ•°:  620
Epoch [57/100], V_AUC: [4m0.7189[0m
Epoch [58/100], Loss: 13.2613
train_Accuracy: [91m0.9609[0m
train_Precision: [4;34m0.9505[0m,               train_Recall: [4;33m0.9739[0m,                 train_F1 Score: [4;35m0.9603[0m
æ ‡ç­¾é‡Œ1çš„ä¸ªæ•°:  2150
æ ‡ç­¾é‡Œ0çš„ä¸ªæ•°:  2150
æ€»æ•°:  4300
æ­£ç¡®çš„ä¸ªæ•°:  4132
æœ€åä¸€ä¸ªæ‰¹æ¬¡çš„è¾“å‡º, ä¸æ»¡batchsizeæ˜¯æ­£å¸¸çš„:
 tensor([[9.9231e-01],
        [9.9432e-01],
        [1.0000e+00],
        [2.2023e-03],
        [9.9999e-01],
        [3.4494e-04],
        [4.1661e-05],
        [1.4786e-02],
        [9.9855e-01],
        [9.9994e-01],
        [5.4881e-05],
        [1.9278e-04]], device='cuda:0', grad_fn=<SigmoidBackward0>)
Epoch [58/100], T_AUC: [4m0.9633[0m
Epoch [58/100], Loss: 41.3636
val_Accuracy: [92m0.7535[0m
val_Precision: [4;34m0.7575[0m,               val_Recall: [4;33m0.7369[0m,                 val_F1 Score: [4;35m0.7426[0m
æ ‡ç­¾é‡Œ1çš„ä¸ªæ•°:  430
æ ‡ç­¾é‡Œ0çš„ä¸ªæ•°:  430
æ€»æ•°:  860
æ­£ç¡®çš„ä¸ªæ•°:  648
Epoch [58/100], V_AUC: [4m0.7510[0m
Epoch [59/100], Loss: 8.4356
train_Accuracy: [91m0.9802[0m
train_Precision: [4;34m0.9722[0m,               train_Recall: [4;33m0.9874[0m,                 train_F1 Score: [4;35m0.9788[0m
æ ‡ç­¾é‡Œ1çš„ä¸ªæ•°:  2150
æ ‡ç­¾é‡Œ0çš„ä¸ªæ•°:  2150
æ€»æ•°:  4300
æ­£ç¡®çš„ä¸ªæ•°:  4215
æœ€åä¸€ä¸ªæ‰¹æ¬¡çš„è¾“å‡º, ä¸æ»¡batchsizeæ˜¯æ­£å¸¸çš„:
 tensor([[9.9983e-01],
        [9.4574e-01],
        [1.0000e+00],
        [5.0904e-04],
        [9.9995e-01],
        [7.6270e-04],
        [1.0052e-05],
        [1.1073e-01],
        [9.9957e-01],
        [9.9989e-01],
        [2.7432e-05],
        [4.0998e-04]], device='cuda:0', grad_fn=<SigmoidBackward0>)
Epoch [59/100], T_AUC: [4m0.9819[0m
Epoch [59/100], Loss: 48.0090
val_Accuracy: [92m0.7488[0m
val_Precision: [4;34m0.7437[0m,               val_Recall: [4;33m0.7487[0m,                 val_F1 Score: [4;35m0.7420[0m
æ ‡ç­¾é‡Œ1çš„ä¸ªæ•°:  430
æ ‡ç­¾é‡Œ0çš„ä¸ªæ•°:  430
æ€»æ•°:  860
æ­£ç¡®çš„ä¸ªæ•°:  644
Epoch [59/100], V_AUC: [4m0.7465[0m
Epoch [60/100], Loss: 6.8536
train_Accuracy: [91m0.9863[0m
train_Precision: [4;34m0.9789[0m,               train_Recall: [4;33m0.9929[0m,                 train_F1 Score: [4;35m0.9853[0m
æ ‡ç­¾é‡Œ1çš„ä¸ªæ•°:  2150
æ ‡ç­¾é‡Œ0çš„ä¸ªæ•°:  2150
æ€»æ•°:  4300
æ­£ç¡®çš„ä¸ªæ•°:  4241
æœ€åä¸€ä¸ªæ‰¹æ¬¡çš„è¾“å‡º, ä¸æ»¡batchsizeæ˜¯æ­£å¸¸çš„:
 tensor([[9.9985e-01],
        [9.9222e-01],
        [9.9982e-01],
        [3.6604e-04],
        [9.9993e-01],
        [1.1934e-03],
        [3.3302e-05],
        [1.4638e-03],
        [9.9662e-01],
        [1.0000e+00],
        [8.8808e-05],
        [3.3744e-03]], device='cuda:0', grad_fn=<SigmoidBackward0>)
Epoch [60/100], T_AUC: [4m0.9872[0m
Epoch [60/100], Loss: 44.8612
val_Accuracy: [92m0.7500[0m
val_Precision: [4;34m0.7534[0m,               val_Recall: [4;33m0.7355[0m,                 val_F1 Score: [4;35m0.7396[0m
æ ‡ç­¾é‡Œ1çš„ä¸ªæ•°:  430
æ ‡ç­¾é‡Œ0çš„ä¸ªæ•°:  430
æ€»æ•°:  860
æ­£ç¡®çš„ä¸ªæ•°:  645
Epoch [60/100], V_AUC: [4m0.7478[0m
Epoch [61/100], Loss: 8.0350
train_Accuracy: [91m0.9821[0m
train_Precision: [4;34m0.9771[0m,               train_Recall: [4;33m0.9879[0m,                 train_F1 Score: [4;35m0.9817[0m
æ ‡ç­¾é‡Œ1çš„ä¸ªæ•°:  2150
æ ‡ç­¾é‡Œ0çš„ä¸ªæ•°:  2150
æ€»æ•°:  4300
æ­£ç¡®çš„ä¸ªæ•°:  4223
æœ€åä¸€ä¸ªæ‰¹æ¬¡çš„è¾“å‡º, ä¸æ»¡batchsizeæ˜¯æ­£å¸¸çš„:
 tensor([[9.9974e-01],
        [9.7945e-01],
        [9.9997e-01],
        [1.8543e-03],
        [9.9999e-01],
        [7.8591e-04],
        [5.5272e-05],
        [1.5460e-04],
        [9.9713e-01],
        [9.9944e-01],
        [1.8747e-04],
        [7.5810e-02]], device='cuda:0', grad_fn=<SigmoidBackward0>)
Epoch [61/100], T_AUC: [4m0.9827[0m
Epoch [61/100], Loss: 54.5404
val_Accuracy: [92m0.7360[0m
val_Precision: [4;34m0.7354[0m,               val_Recall: [4;33m0.7288[0m,                 val_F1 Score: [4;35m0.7270[0m
æ ‡ç­¾é‡Œ1çš„ä¸ªæ•°:  430
æ ‡ç­¾é‡Œ0çš„ä¸ªæ•°:  430
æ€»æ•°:  860
æ­£ç¡®çš„ä¸ªæ•°:  633
Epoch [61/100], V_AUC: [4m0.7344[0m
Epoch [62/100], Loss: 5.3219
train_Accuracy: [91m0.9879[0m
train_Precision: [4;34m0.9816[0m,               train_Recall: [4;33m0.9941[0m,                 train_F1 Score: [4;35m0.9873[0m
æ ‡ç­¾é‡Œ1çš„ä¸ªæ•°:  2150
æ ‡ç­¾é‡Œ0çš„ä¸ªæ•°:  2150
æ€»æ•°:  4300
æ­£ç¡®çš„ä¸ªæ•°:  4248
æœ€åä¸€ä¸ªæ‰¹æ¬¡çš„è¾“å‡º, ä¸æ»¡batchsizeæ˜¯æ­£å¸¸çš„:
 tensor([[9.9994e-01],
        [9.8407e-01],
        [9.9932e-01],
        [2.7126e-04],
        [1.0000e+00],
        [1.5815e-03],
        [7.1053e-05],
        [3.7834e-05],
        [9.9914e-01],
        [9.9996e-01],
        [1.4192e-04],
        [3.3364e-02]], device='cuda:0', grad_fn=<SigmoidBackward0>)
Epoch [62/100], T_AUC: [4m0.9886[0m
Epoch [62/100], Loss: 42.0945
val_Accuracy: [92m0.7198[0m
val_Precision: [4;34m0.7260[0m,               val_Recall: [4;33m0.7009[0m,                 val_F1 Score: [4;35m0.7070[0m
æ ‡ç­¾é‡Œ1çš„ä¸ªæ•°:  430
æ ‡ç­¾é‡Œ0çš„ä¸ªæ•°:  430
æ€»æ•°:  860
æ­£ç¡®çš„ä¸ªæ•°:  619
Epoch [62/100], V_AUC: [4m0.7187[0m
Epoch [63/100], Loss: 5.6414
train_Accuracy: [91m0.9900[0m
train_Precision: [4;34m0.9846[0m,               train_Recall: [4;33m0.9948[0m,                 train_F1 Score: [4;35m0.9891[0m
æ ‡ç­¾é‡Œ1çš„ä¸ªæ•°:  2150
æ ‡ç­¾é‡Œ0çš„ä¸ªæ•°:  2150
æ€»æ•°:  4300
æ­£ç¡®çš„ä¸ªæ•°:  4257
æœ€åä¸€ä¸ªæ‰¹æ¬¡çš„è¾“å‡º, ä¸æ»¡batchsizeæ˜¯æ­£å¸¸çš„:
 tensor([[9.9993e-01],
        [9.9452e-01],
        [9.9998e-01],
        [5.6801e-03],
        [1.0000e+00],
        [8.4328e-05],
        [3.1528e-05],
        [3.9521e-04],
        [9.7963e-01],
        [9.9997e-01],
        [1.8497e-04],
        [4.9816e-04]], device='cuda:0', grad_fn=<SigmoidBackward0>)
Epoch [63/100], T_AUC: [4m0.9909[0m
Epoch [63/100], Loss: 51.1589
val_Accuracy: [92m0.7407[0m
val_Precision: [4;34m0.7365[0m,               val_Recall: [4;33m0.7381[0m,                 val_F1 Score: [4;35m0.7313[0m
æ ‡ç­¾é‡Œ1çš„ä¸ªæ•°:  430
æ ‡ç­¾é‡Œ0çš„ä¸ªæ•°:  430
æ€»æ•°:  860
æ­£ç¡®çš„ä¸ªæ•°:  637
Epoch [63/100], V_AUC: [4m0.7384[0m
Epoch [64/100], Loss: 4.4269
train_Accuracy: [91m0.9912[0m
train_Precision: [4;34m0.9881[0m,               train_Recall: [4;33m0.9938[0m,                 train_F1 Score: [4;35m0.9907[0m
æ ‡ç­¾é‡Œ1çš„ä¸ªæ•°:  2150
æ ‡ç­¾é‡Œ0çš„ä¸ªæ•°:  2150
æ€»æ•°:  4300
æ­£ç¡®çš„ä¸ªæ•°:  4262
æœ€åä¸€ä¸ªæ‰¹æ¬¡çš„è¾“å‡º, ä¸æ»¡batchsizeæ˜¯æ­£å¸¸çš„:
 tensor([[9.9821e-01],
        [9.8038e-01],
        [1.0000e+00],
        [3.9830e-03],
        [1.0000e+00],
        [5.7064e-05],
        [7.8181e-06],
        [2.3669e-03],
        [9.6494e-01],
        [1.0000e+00],
        [2.3659e-04],
        [2.7141e-03]], device='cuda:0', grad_fn=<SigmoidBackward0>)
Epoch [64/100], T_AUC: [4m0.9917[0m
Epoch [64/100], Loss: 44.1764
val_Accuracy: [92m0.7430[0m
val_Precision: [4;34m0.7365[0m,               val_Recall: [4;33m0.7447[0m,                 val_F1 Score: [4;35m0.7353[0m
æ ‡ç­¾é‡Œ1çš„ä¸ªæ•°:  430
æ ‡ç­¾é‡Œ0çš„ä¸ªæ•°:  430
æ€»æ•°:  860
æ­£ç¡®çš„ä¸ªæ•°:  639
Epoch [64/100], V_AUC: [4m0.7402[0m
Epoch [65/100], Loss: 3.9647
train_Accuracy: [91m0.9907[0m
train_Precision: [4;34m0.9836[0m,               train_Recall: [4;33m0.9964[0m,                 train_F1 Score: [4;35m0.9896[0m
æ ‡ç­¾é‡Œ1çš„ä¸ªæ•°:  2150
æ ‡ç­¾é‡Œ0çš„ä¸ªæ•°:  2150
æ€»æ•°:  4300
æ­£ç¡®çš„ä¸ªæ•°:  4260
æœ€åä¸€ä¸ªæ‰¹æ¬¡çš„è¾“å‡º, ä¸æ»¡batchsizeæ˜¯æ­£å¸¸çš„:
 tensor([[9.9818e-01],
        [9.9701e-01],
        [9.9995e-01],
        [6.9078e-03],
        [1.0000e+00],
        [6.4213e-04],
        [3.4850e-05],
        [1.0151e-02],
        [9.9685e-01],
        [9.9998e-01],
        [2.7634e-05],
        [1.8153e-04]], device='cuda:0', grad_fn=<SigmoidBackward0>)
Epoch [65/100], T_AUC: [4m0.9915[0m
Epoch [65/100], Loss: 53.4400
val_Accuracy: [92m0.7430[0m
val_Precision: [4;34m0.7436[0m,               val_Recall: [4;33m0.7358[0m,                 val_F1 Score: [4;35m0.7337[0m
æ ‡ç­¾é‡Œ1çš„ä¸ªæ•°:  430
æ ‡ç­¾é‡Œ0çš„ä¸ªæ•°:  430
æ€»æ•°:  860
æ­£ç¡®çš„ä¸ªæ•°:  639
Epoch [65/100], V_AUC: [4m0.7413[0m
Epoch [66/100], Loss: 3.6553
train_Accuracy: [91m0.9937[0m
train_Precision: [4;34m0.9913[0m,               train_Recall: [4;33m0.9963[0m,                 train_F1 Score: [4;35m0.9935[0m
æ ‡ç­¾é‡Œ1çš„ä¸ªæ•°:  2150
æ ‡ç­¾é‡Œ0çš„ä¸ªæ•°:  2150
æ€»æ•°:  4300
æ­£ç¡®çš„ä¸ªæ•°:  4273
æœ€åä¸€ä¸ªæ‰¹æ¬¡çš„è¾“å‡º, ä¸æ»¡batchsizeæ˜¯æ­£å¸¸çš„:
 tensor([[9.9901e-01],
        [9.9968e-01],
        [1.0000e+00],
        [2.7791e-03],
        [9.9974e-01],
        [1.0467e-04],
        [4.7743e-05],
        [3.7266e-03],
        [9.9528e-01],
        [9.9999e-01],
        [3.7502e-05],
        [1.2874e-04]], device='cuda:0', grad_fn=<SigmoidBackward0>)
Epoch [66/100], T_AUC: [4m0.9942[0m
Epoch [66/100], Loss: 52.3159
val_Accuracy: [92m0.7523[0m
val_Precision: [4;34m0.7584[0m,               val_Recall: [4;33m0.7303[0m,                 val_F1 Score: [4;35m0.7370[0m
æ ‡ç­¾é‡Œ1çš„ä¸ªæ•°:  430
æ ‡ç­¾é‡Œ0çš„ä¸ªæ•°:  430
æ€»æ•°:  860
æ­£ç¡®çš„ä¸ªæ•°:  647
Epoch [66/100], V_AUC: [4m0.7473[0m
Epoch [67/100], Loss: 3.1215
train_Accuracy: [91m0.9953[0m
train_Precision: [4;34m0.9936[0m,               train_Recall: [4;33m0.9970[0m,                 train_F1 Score: [4;35m0.9952[0m
æ ‡ç­¾é‡Œ1çš„ä¸ªæ•°:  2150
æ ‡ç­¾é‡Œ0çš„ä¸ªæ•°:  2150
æ€»æ•°:  4300
æ­£ç¡®çš„ä¸ªæ•°:  4280
æœ€åä¸€ä¸ªæ‰¹æ¬¡çš„è¾“å‡º, ä¸æ»¡batchsizeæ˜¯æ­£å¸¸çš„:
 tensor([[9.9808e-01],
        [9.9905e-01],
        [1.0000e+00],
        [3.8952e-04],
        [9.9999e-01],
        [1.1547e-04],
        [3.8242e-05],
        [1.3680e-03],
        [9.8099e-01],
        [9.9994e-01],
        [2.5076e-04],
        [2.1341e-03]], device='cuda:0', grad_fn=<SigmoidBackward0>)
Epoch [67/100], T_AUC: [4m0.9957[0m
Epoch [67/100], Loss: 57.6767
val_Accuracy: [92m0.7395[0m
val_Precision: [4;34m0.7389[0m,               val_Recall: [4;33m0.7227[0m,                 val_F1 Score: [4;35m0.7244[0m
æ ‡ç­¾é‡Œ1çš„ä¸ªæ•°:  430
æ ‡ç­¾é‡Œ0çš„ä¸ªæ•°:  430
æ€»æ•°:  860
æ­£ç¡®çš„ä¸ªæ•°:  636
Epoch [67/100], V_AUC: [4m0.7358[0m
Epoch [68/100], Loss: 2.8561
train_Accuracy: [91m0.9958[0m
train_Precision: [4;34m0.9940[0m,               train_Recall: [4;33m0.9975[0m,                 train_F1 Score: [4;35m0.9956[0m
æ ‡ç­¾é‡Œ1çš„ä¸ªæ•°:  2150
æ ‡ç­¾é‡Œ0çš„ä¸ªæ•°:  2150
æ€»æ•°:  4300
æ­£ç¡®çš„ä¸ªæ•°:  4282
æœ€åä¸€ä¸ªæ‰¹æ¬¡çš„è¾“å‡º, ä¸æ»¡batchsizeæ˜¯æ­£å¸¸çš„:
 tensor([[9.9638e-01],
        [9.9844e-01],
        [1.0000e+00],
        [5.8370e-04],
        [9.9999e-01],
        [5.6120e-05],
        [7.4840e-05],
        [3.4578e-02],
        [9.9614e-01],
        [9.9995e-01],
        [6.9697e-05],
        [3.1703e-04]], device='cuda:0', grad_fn=<SigmoidBackward0>)
Epoch [68/100], T_AUC: [4m0.9962[0m
Epoch [68/100], Loss: 57.1495
val_Accuracy: [92m0.7360[0m
val_Precision: [4;34m0.7460[0m,               val_Recall: [4;33m0.6965[0m,                 val_F1 Score: [4;35m0.7156[0m
æ ‡ç­¾é‡Œ1çš„ä¸ªæ•°:  430
æ ‡ç­¾é‡Œ0çš„ä¸ªæ•°:  430
æ€»æ•°:  860
æ­£ç¡®çš„ä¸ªæ•°:  633
Epoch [68/100], V_AUC: [4m0.7318[0m
Epoch [69/100], Loss: 3.9523
train_Accuracy: [91m0.9912[0m
train_Precision: [4;34m0.9874[0m,               train_Recall: [4;33m0.9941[0m,                 train_F1 Score: [4;35m0.9903[0m
æ ‡ç­¾é‡Œ1çš„ä¸ªæ•°:  2150
æ ‡ç­¾é‡Œ0çš„ä¸ªæ•°:  2150
æ€»æ•°:  4300
æ­£ç¡®çš„ä¸ªæ•°:  4262
æœ€åä¸€ä¸ªæ‰¹æ¬¡çš„è¾“å‡º, ä¸æ»¡batchsizeæ˜¯æ­£å¸¸çš„:
 tensor([[9.9961e-01],
        [9.9755e-01],
        [1.0000e+00],
        [9.2579e-03],
        [9.9997e-01],
        [1.0823e-04],
        [9.6227e-05],
        [1.5298e-04],
        [9.9322e-01],
        [9.9936e-01],
        [5.5255e-04],
        [7.3180e-04]], device='cuda:0', grad_fn=<SigmoidBackward0>)
Epoch [69/100], T_AUC: [4m0.9922[0m
Epoch [69/100], Loss: 54.2631
val_Accuracy: [92m0.7174[0m
val_Precision: [4;34m0.7084[0m,               val_Recall: [4;33m0.7283[0m,                 val_F1 Score: [4;35m0.7135[0m
æ ‡ç­¾é‡Œ1çš„ä¸ªæ•°:  430
æ ‡ç­¾é‡Œ0çš„ä¸ªæ•°:  430
æ€»æ•°:  860
æ­£ç¡®çš„ä¸ªæ•°:  617
Epoch [69/100], V_AUC: [4m0.7160[0m
Epoch [70/100], Loss: 10.2521
train_Accuracy: [91m0.9705[0m
train_Precision: [4;34m0.9602[0m,               train_Recall: [4;33m0.9820[0m,                 train_F1 Score: [4;35m0.9698[0m
æ ‡ç­¾é‡Œ1çš„ä¸ªæ•°:  2150
æ ‡ç­¾é‡Œ0çš„ä¸ªæ•°:  2150
æ€»æ•°:  4300
æ­£ç¡®çš„ä¸ªæ•°:  4173
æœ€åä¸€ä¸ªæ‰¹æ¬¡çš„è¾“å‡º, ä¸æ»¡batchsizeæ˜¯æ­£å¸¸çš„:
 tensor([[9.9997e-01],
        [9.9998e-01],
        [9.8792e-01],
        [1.6454e-04],
        [9.9974e-01],
        [3.3018e-05],
        [6.8446e-05],
        [6.0828e-02],
        [9.9979e-01],
        [9.9889e-01],
        [2.0466e-05],
        [3.5636e-04]], device='cuda:0', grad_fn=<SigmoidBackward0>)
Epoch [70/100], T_AUC: [4m0.9728[0m
Epoch [70/100], Loss: 52.0905
val_Accuracy: [92m0.7140[0m
val_Precision: [4;34m0.7070[0m,               val_Recall: [4;33m0.7194[0m,                 val_F1 Score: [4;35m0.7086[0m
æ ‡ç­¾é‡Œ1çš„ä¸ªæ•°:  430
æ ‡ç­¾é‡Œ0çš„ä¸ªæ•°:  430
æ€»æ•°:  860
æ­£ç¡®çš„ä¸ªæ•°:  614
Epoch [70/100], V_AUC: [4m0.7126[0m
Epoch [71/100], Loss: 27.9948
train_Accuracy: [91m0.9202[0m
train_Precision: [4;34m0.9104[0m,               train_Recall: [4;33m0.9358[0m,                 train_F1 Score: [4;35m0.9205[0m
æ ‡ç­¾é‡Œ1çš„ä¸ªæ•°:  2150
æ ‡ç­¾é‡Œ0çš„ä¸ªæ•°:  2150
æ€»æ•°:  4300
æ­£ç¡®çš„ä¸ªæ•°:  3957
æœ€åä¸€ä¸ªæ‰¹æ¬¡çš„è¾“å‡º, ä¸æ»¡batchsizeæ˜¯æ­£å¸¸çš„:
 tensor([[9.9849e-01],
        [9.9656e-01],
        [9.9998e-01],
        [1.8483e-06],
        [9.8221e-01],
        [6.7993e-05],
        [4.4512e-02],
        [9.9696e-01],
        [9.9846e-01],
        [9.9998e-01],
        [3.0536e-03],
        [1.7139e-05]], device='cuda:0', grad_fn=<SigmoidBackward0>)
Epoch [71/100], T_AUC: [4m0.9235[0m
Epoch [71/100], Loss: 58.2573
val_Accuracy: [92m0.7407[0m
val_Precision: [4;34m0.7304[0m,               val_Recall: [4;33m0.7387[0m,                 val_F1 Score: [4;35m0.7304[0m
æ ‡ç­¾é‡Œ1çš„ä¸ªæ•°:  430
æ ‡ç­¾é‡Œ0çš„ä¸ªæ•°:  430
æ€»æ•°:  860
æ­£ç¡®çš„ä¸ªæ•°:  637
Epoch [71/100], V_AUC: [4m0.7379[0m
Epoch [72/100], Loss: 27.5084
train_Accuracy: [91m0.9205[0m
train_Precision: [4;34m0.9084[0m,               train_Recall: [4;33m0.9378[0m,                 train_F1 Score: [4;35m0.9198[0m
æ ‡ç­¾é‡Œ1çš„ä¸ªæ•°:  2150
æ ‡ç­¾é‡Œ0çš„ä¸ªæ•°:  2150
æ€»æ•°:  4300
æ­£ç¡®çš„ä¸ªæ•°:  3958
æœ€åä¸€ä¸ªæ‰¹æ¬¡çš„è¾“å‡º, ä¸æ»¡batchsizeæ˜¯æ­£å¸¸çš„:
 tensor([[9.9825e-01],
        [9.8371e-01],
        [9.9986e-01],
        [6.9986e-04],
        [1.0000e+00],
        [1.7960e-04],
        [2.2757e-03],
        [1.1531e-04],
        [9.9881e-01],
        [9.9994e-01],
        [7.0142e-03],
        [1.0675e-04]], device='cuda:0', grad_fn=<SigmoidBackward0>)
Epoch [72/100], T_AUC: [4m0.9241[0m
Epoch [72/100], Loss: 45.7498
val_Accuracy: [92m0.7384[0m
val_Precision: [4;34m0.7333[0m,               val_Recall: [4;33m0.7344[0m,                 val_F1 Score: [4;35m0.7279[0m
æ ‡ç­¾é‡Œ1çš„ä¸ªæ•°:  430
æ ‡ç­¾é‡Œ0çš„ä¸ªæ•°:  430
æ€»æ•°:  860
æ­£ç¡®çš„ä¸ªæ•°:  635
Epoch [72/100], V_AUC: [4m0.7334[0m
Epoch [73/100], Loss: 14.6202
train_Accuracy: [91m0.9614[0m
train_Precision: [4;34m0.9502[0m,               train_Recall: [4;33m0.9739[0m,                 train_F1 Score: [4;35m0.9603[0m
æ ‡ç­¾é‡Œ1çš„ä¸ªæ•°:  2150
æ ‡ç­¾é‡Œ0çš„ä¸ªæ•°:  2150
æ€»æ•°:  4300
æ­£ç¡®çš„ä¸ªæ•°:  4134
æœ€åä¸€ä¸ªæ‰¹æ¬¡çš„è¾“å‡º, ä¸æ»¡batchsizeæ˜¯æ­£å¸¸çš„:
 tensor([[9.9960e-01],
        [9.9010e-01],
        [9.9969e-01],
        [3.3741e-04],
        [9.9998e-01],
        [2.0523e-04],
        [2.5690e-04],
        [1.7657e-03],
        [9.9882e-01],
        [9.9994e-01],
        [2.2166e-03],
        [1.0927e-02]], device='cuda:0', grad_fn=<SigmoidBackward0>)
Epoch [73/100], T_AUC: [4m0.9639[0m
Epoch [73/100], Loss: 48.7587
val_Accuracy: [92m0.7360[0m
val_Precision: [4;34m0.7485[0m,               val_Recall: [4;33m0.7078[0m,                 val_F1 Score: [4;35m0.7200[0m
æ ‡ç­¾é‡Œ1çš„ä¸ªæ•°:  430
æ ‡ç­¾é‡Œ0çš„ä¸ªæ•°:  430
æ€»æ•°:  860
æ­£ç¡®çš„ä¸ªæ•°:  633
Epoch [73/100], V_AUC: [4m0.7331[0m
Epoch [74/100], Loss: 9.0889
train_Accuracy: [91m0.9751[0m
train_Precision: [4;34m0.9643[0m,               train_Recall: [4;33m0.9862[0m,                 train_F1 Score: [4;35m0.9740[0m
æ ‡ç­¾é‡Œ1çš„ä¸ªæ•°:  2150
æ ‡ç­¾é‡Œ0çš„ä¸ªæ•°:  2150
æ€»æ•°:  4300
æ­£ç¡®çš„ä¸ªæ•°:  4193
æœ€åä¸€ä¸ªæ‰¹æ¬¡çš„è¾“å‡º, ä¸æ»¡batchsizeæ˜¯æ­£å¸¸çš„:
 tensor([[9.9984e-01],
        [9.8702e-01],
        [9.9963e-01],
        [8.5391e-05],
        [1.0000e+00],
        [2.5941e-04],
        [6.8707e-04],
        [4.7839e-04],
        [9.9939e-01],
        [9.9996e-01],
        [1.8349e-04],
        [1.0395e-02]], device='cuda:0', grad_fn=<SigmoidBackward0>)
Epoch [74/100], T_AUC: [4m0.9768[0m
Epoch [74/100], Loss: 48.8711
val_Accuracy: [92m0.7244[0m
val_Precision: [4;34m0.7200[0m,               val_Recall: [4;33m0.7201[0m,                 val_F1 Score: [4;35m0.7146[0m
æ ‡ç­¾é‡Œ1çš„ä¸ªæ•°:  430
æ ‡ç­¾é‡Œ0çš„ä¸ªæ•°:  430
æ€»æ•°:  860
æ­£ç¡®çš„ä¸ªæ•°:  623
Epoch [74/100], V_AUC: [4m0.7188[0m
Epoch [75/100], Loss: 4.5203
train_Accuracy: [91m0.9940[0m
train_Precision: [4;34m0.9912[0m,               train_Recall: [4;33m0.9965[0m,                 train_F1 Score: [4;35m0.9936[0m
æ ‡ç­¾é‡Œ1çš„ä¸ªæ•°:  2150
æ ‡ç­¾é‡Œ0çš„ä¸ªæ•°:  2150
æ€»æ•°:  4300
æ­£ç¡®çš„ä¸ªæ•°:  4274
æœ€åä¸€ä¸ªæ‰¹æ¬¡çš„è¾“å‡º, ä¸æ»¡batchsizeæ˜¯æ­£å¸¸çš„:
 tensor([[9.9916e-01],
        [9.9810e-01],
        [9.9952e-01],
        [1.1605e-04],
        [1.0000e+00],
        [1.1600e-02],
        [2.4054e-04],
        [1.2526e-05],
        [9.9971e-01],
        [9.9995e-01],
        [3.5998e-04],
        [2.5330e-03]], device='cuda:0', grad_fn=<SigmoidBackward0>)
Epoch [75/100], T_AUC: [4m0.9943[0m
Epoch [75/100], Loss: 49.7919
val_Accuracy: [92m0.7314[0m
val_Precision: [4;34m0.7267[0m,               val_Recall: [4;33m0.7260[0m,                 val_F1 Score: [4;35m0.7199[0m
æ ‡ç­¾é‡Œ1çš„ä¸ªæ•°:  430
æ ‡ç­¾é‡Œ0çš„ä¸ªæ•°:  430
æ€»æ•°:  860
æ­£ç¡®çš„ä¸ªæ•°:  629
Epoch [75/100], V_AUC: [4m0.7253[0m
Epoch [76/100], Loss: 3.5068
train_Accuracy: [91m0.9965[0m
train_Precision: [4;34m0.9937[0m,               train_Recall: [4;33m0.9988[0m,                 train_F1 Score: [4;35m0.9961[0m
æ ‡ç­¾é‡Œ1çš„ä¸ªæ•°:  2150
æ ‡ç­¾é‡Œ0çš„ä¸ªæ•°:  2150
æ€»æ•°:  4300
æ­£ç¡®çš„ä¸ªæ•°:  4285
æœ€åä¸€ä¸ªæ‰¹æ¬¡çš„è¾“å‡º, ä¸æ»¡batchsizeæ˜¯æ­£å¸¸çš„:
 tensor([[9.9990e-01],
        [9.6259e-01],
        [9.9978e-01],
        [1.2025e-05],
        [9.9999e-01],
        [3.3430e-03],
        [3.7876e-04],
        [5.2537e-03],
        [9.9991e-01],
        [9.9967e-01],
        [1.5418e-04],
        [5.3360e-03]], device='cuda:0', grad_fn=<SigmoidBackward0>)
Epoch [76/100], T_AUC: [4m0.9969[0m
Epoch [76/100], Loss: 59.2804
val_Accuracy: [92m0.7186[0m
val_Precision: [4;34m0.7127[0m,               val_Recall: [4;33m0.7175[0m,                 val_F1 Score: [4;35m0.7081[0m
æ ‡ç­¾é‡Œ1çš„ä¸ªæ•°:  430
æ ‡ç­¾é‡Œ0çš„ä¸ªæ•°:  430
æ€»æ•°:  860
æ­£ç¡®çš„ä¸ªæ•°:  618
Epoch [76/100], V_AUC: [4m0.7147[0m
Epoch [77/100], Loss: 2.9278
train_Accuracy: [91m0.9970[0m
train_Precision: [4;34m0.9938[0m,               train_Recall: [4;33m0.9996[0m,                 train_F1 Score: [4;35m0.9966[0m
æ ‡ç­¾é‡Œ1çš„ä¸ªæ•°:  2150
æ ‡ç­¾é‡Œ0çš„ä¸ªæ•°:  2150
æ€»æ•°:  4300
æ­£ç¡®çš„ä¸ªæ•°:  4287
æœ€åä¸€ä¸ªæ‰¹æ¬¡çš„è¾“å‡º, ä¸æ»¡batchsizeæ˜¯æ­£å¸¸çš„:
 tensor([[9.9920e-01],
        [9.9369e-01],
        [9.9926e-01],
        [1.9969e-05],
        [1.0000e+00],
        [3.4873e-03],
        [2.7325e-04],
        [1.1071e-02],
        [9.9991e-01],
        [9.9999e-01],
        [3.1920e-06],
        [4.1637e-03]], device='cuda:0', grad_fn=<SigmoidBackward0>)
Epoch [77/100], T_AUC: [4m0.9973[0m
Epoch [77/100], Loss: 54.1299
val_Accuracy: [92m0.7314[0m
val_Precision: [4;34m0.7373[0m,               val_Recall: [4;33m0.7083[0m,                 val_F1 Score: [4;35m0.7147[0m
æ ‡ç­¾é‡Œ1çš„ä¸ªæ•°:  430
æ ‡ç­¾é‡Œ0çš„ä¸ªæ•°:  430
æ€»æ•°:  860
æ­£ç¡®çš„ä¸ªæ•°:  629
Epoch [77/100], V_AUC: [4m0.7271[0m
Epoch [78/100], Loss: 2.9923
train_Accuracy: [91m0.9974[0m
train_Precision: [4;34m0.9957[0m,               train_Recall: [4;33m0.9988[0m,                 train_F1 Score: [4;35m0.9972[0m
æ ‡ç­¾é‡Œ1çš„ä¸ªæ•°:  2150
æ ‡ç­¾é‡Œ0çš„ä¸ªæ•°:  2150
æ€»æ•°:  4300
æ­£ç¡®çš„ä¸ªæ•°:  4289
æœ€åä¸€ä¸ªæ‰¹æ¬¡çš„è¾“å‡º, ä¸æ»¡batchsizeæ˜¯æ­£å¸¸çš„:
 tensor([[9.9915e-01],
        [9.9150e-01],
        [9.9993e-01],
        [1.2070e-05],
        [1.0000e+00],
        [6.8043e-05],
        [4.1770e-04],
        [1.4782e-02],
        [9.9998e-01],
        [1.0000e+00],
        [1.5639e-05],
        [3.2936e-03]], device='cuda:0', grad_fn=<SigmoidBackward0>)
Epoch [78/100], T_AUC: [4m0.9978[0m
Epoch [78/100], Loss: 56.6958
val_Accuracy: [92m0.7419[0m
val_Precision: [4;34m0.7391[0m,               val_Recall: [4;33m0.7361[0m,                 val_F1 Score: [4;35m0.7309[0m
æ ‡ç­¾é‡Œ1çš„ä¸ªæ•°:  430
æ ‡ç­¾é‡Œ0çš„ä¸ªæ•°:  430
æ€»æ•°:  860
æ­£ç¡®çš„ä¸ªæ•°:  638
Epoch [78/100], V_AUC: [4m0.7388[0m
Epoch [79/100], Loss: 2.2823
train_Accuracy: [91m0.9986[0m
train_Precision: [4;34m0.9973[0m,               train_Recall: [4;33m0.9996[0m,                 train_F1 Score: [4;35m0.9984[0m
æ ‡ç­¾é‡Œ1çš„ä¸ªæ•°:  2150
æ ‡ç­¾é‡Œ0çš„ä¸ªæ•°:  2150
æ€»æ•°:  4300
æ­£ç¡®çš„ä¸ªæ•°:  4294
æœ€åä¸€ä¸ªæ‰¹æ¬¡çš„è¾“å‡º, ä¸æ»¡batchsizeæ˜¯æ­£å¸¸çš„:
 tensor([[9.9989e-01],
        [9.8685e-01],
        [9.9959e-01],
        [1.0842e-05],
        [9.9999e-01],
        [1.0271e-03],
        [2.1483e-04],
        [1.0561e-02],
        [9.9946e-01],
        [9.9999e-01],
        [1.7901e-04],
        [5.6091e-03]], device='cuda:0', grad_fn=<SigmoidBackward0>)
Epoch [79/100], T_AUC: [4m0.9987[0m
Epoch [79/100], Loss: 53.4796
val_Accuracy: [92m0.7279[0m
val_Precision: [4;34m0.7304[0m,               val_Recall: [4;33m0.7196[0m,                 val_F1 Score: [4;35m0.7188[0m
æ ‡ç­¾é‡Œ1çš„ä¸ªæ•°:  430
æ ‡ç­¾é‡Œ0çš„ä¸ªæ•°:  430
æ€»æ•°:  860
æ­£ç¡®çš„ä¸ªæ•°:  626
Epoch [79/100], V_AUC: [4m0.7255[0m
Epoch [80/100], Loss: 1.7010
train_Accuracy: [91m0.9995[0m
train_Precision: [4;34m0.9995[0m,               train_Recall: [4;33m0.9995[0m,                 train_F1 Score: [4;35m0.9995[0m
æ ‡ç­¾é‡Œ1çš„ä¸ªæ•°:  2150
æ ‡ç­¾é‡Œ0çš„ä¸ªæ•°:  2150
æ€»æ•°:  4300
æ­£ç¡®çš„ä¸ªæ•°:  4298
æœ€åä¸€ä¸ªæ‰¹æ¬¡çš„è¾“å‡º, ä¸æ»¡batchsizeæ˜¯æ­£å¸¸çš„:
 tensor([[9.9993e-01],
        [9.8008e-01],
        [9.9982e-01],
        [1.3836e-05],
        [1.0000e+00],
        [6.4229e-04],
        [3.3457e-04],
        [4.2759e-03],
        [9.9889e-01],
        [1.0000e+00],
        [2.2647e-05],
        [2.3225e-03]], device='cuda:0', grad_fn=<SigmoidBackward0>)
Epoch [80/100], T_AUC: [4m0.9995[0m
Epoch [80/100], Loss: 57.1345
val_Accuracy: [92m0.7198[0m
val_Precision: [4;34m0.7222[0m,               val_Recall: [4;33m0.6992[0m,                 val_F1 Score: [4;35m0.7043[0m
æ ‡ç­¾é‡Œ1çš„ä¸ªæ•°:  430
æ ‡ç­¾é‡Œ0çš„ä¸ªæ•°:  430
æ€»æ•°:  860
æ­£ç¡®çš„ä¸ªæ•°:  619
Epoch [80/100], V_AUC: [4m0.7156[0m
Epoch [81/100], Loss: 1.3286
train_Accuracy: [91m0.9995[0m
train_Precision: [4;34m0.9992[0m,               train_Recall: [4;33m1.0000[0m,                 train_F1 Score: [4;35m0.9996[0m
æ ‡ç­¾é‡Œ1çš„ä¸ªæ•°:  2150
æ ‡ç­¾é‡Œ0çš„ä¸ªæ•°:  2150
æ€»æ•°:  4300
æ­£ç¡®çš„ä¸ªæ•°:  4298
æœ€åä¸€ä¸ªæ‰¹æ¬¡çš„è¾“å‡º, ä¸æ»¡batchsizeæ˜¯æ­£å¸¸çš„:
 tensor([[9.9993e-01],
        [9.8670e-01],
        [9.9997e-01],
        [2.0104e-05],
        [1.0000e+00],
        [2.2075e-04],
        [2.0897e-04],
        [7.4143e-03],
        [9.9963e-01],
        [9.9999e-01],
        [1.1421e-05],
        [2.2538e-03]], device='cuda:0', grad_fn=<SigmoidBackward0>)
Epoch [81/100], T_AUC: [4m0.9995[0m
Epoch [81/100], Loss: 55.6459
val_Accuracy: [92m0.7395[0m
val_Precision: [4;34m0.7404[0m,               val_Recall: [4;33m0.7274[0m,                 val_F1 Score: [4;35m0.7280[0m
æ ‡ç­¾é‡Œ1çš„ä¸ªæ•°:  430
æ ‡ç­¾é‡Œ0çš„ä¸ªæ•°:  430
æ€»æ•°:  860
æ­£ç¡®çš„ä¸ªæ•°:  636
Epoch [81/100], V_AUC: [4m0.7365[0m
Epoch [82/100], Loss: 0.9284
train_Accuracy: [91m1.0000[0m
train_Precision: [4;34m1.0000[0m,               train_Recall: [4;33m1.0000[0m,                 train_F1 Score: [4;35m1.0000[0m
æ ‡ç­¾é‡Œ1çš„ä¸ªæ•°:  2150
æ ‡ç­¾é‡Œ0çš„ä¸ªæ•°:  2150
æ€»æ•°:  4300
æ­£ç¡®çš„ä¸ªæ•°:  4300
æœ€åä¸€ä¸ªæ‰¹æ¬¡çš„è¾“å‡º, ä¸æ»¡batchsizeæ˜¯æ­£å¸¸çš„:
 tensor([[9.9991e-01],
        [9.9123e-01],
        [9.9997e-01],
        [8.9881e-06],
        [1.0000e+00],
        [2.5819e-04],
        [1.2961e-04],
        [6.2627e-03],
        [9.9957e-01],
        [1.0000e+00],
        [7.3135e-06],
        [2.6328e-03]], device='cuda:0', grad_fn=<SigmoidBackward0>)
Epoch [82/100], T_AUC: [4m1.0000[0m
Epoch [82/100], Loss: 61.6499
val_Accuracy: [92m0.7360[0m
val_Precision: [4;34m0.7406[0m,               val_Recall: [4;33m0.7203[0m,                 val_F1 Score: [4;35m0.7238[0m
æ ‡ç­¾é‡Œ1çš„ä¸ªæ•°:  430
æ ‡ç­¾é‡Œ0çš„ä¸ªæ•°:  430
æ€»æ•°:  860
æ­£ç¡®çš„ä¸ªæ•°:  633
Epoch [82/100], V_AUC: [4m0.7329[0m
Epoch [83/100], Loss: 0.7544
train_Accuracy: [91m1.0000[0m
train_Precision: [4;34m1.0000[0m,               train_Recall: [4;33m1.0000[0m,                 train_F1 Score: [4;35m1.0000[0m
æ ‡ç­¾é‡Œ1çš„ä¸ªæ•°:  2150
æ ‡ç­¾é‡Œ0çš„ä¸ªæ•°:  2150
æ€»æ•°:  4300
æ­£ç¡®çš„ä¸ªæ•°:  4300
æœ€åä¸€ä¸ªæ‰¹æ¬¡çš„è¾“å‡º, ä¸æ»¡batchsizeæ˜¯æ­£å¸¸çš„:
 tensor([[9.9996e-01],
        [9.9288e-01],
        [9.9999e-01],
        [1.8852e-05],
        [1.0000e+00],
        [1.5316e-04],
        [7.6946e-05],
        [3.9215e-03],
        [9.9917e-01],
        [1.0000e+00],
        [4.1738e-06],
        [1.2789e-03]], device='cuda:0', grad_fn=<SigmoidBackward0>)
Epoch [83/100], T_AUC: [4m1.0000[0m
Epoch [83/100], Loss: 65.2344
val_Accuracy: [92m0.7419[0m
val_Precision: [4;34m0.7501[0m,               val_Recall: [4;33m0.7208[0m,                 val_F1 Score: [4;35m0.7286[0m
æ ‡ç­¾é‡Œ1çš„ä¸ªæ•°:  430
æ ‡ç­¾é‡Œ0çš„ä¸ªæ•°:  430
æ€»æ•°:  860
æ­£ç¡®çš„ä¸ªæ•°:  638
Epoch [83/100], V_AUC: [4m0.7380[0m
Epoch [84/100], Loss: 0.6502
train_Accuracy: [91m1.0000[0m
train_Precision: [4;34m1.0000[0m,               train_Recall: [4;33m1.0000[0m,                 train_F1 Score: [4;35m1.0000[0m
æ ‡ç­¾é‡Œ1çš„ä¸ªæ•°:  2150
æ ‡ç­¾é‡Œ0çš„ä¸ªæ•°:  2150
æ€»æ•°:  4300
æ­£ç¡®çš„ä¸ªæ•°:  4300
æœ€åä¸€ä¸ªæ‰¹æ¬¡çš„è¾“å‡º, ä¸æ»¡batchsizeæ˜¯æ­£å¸¸çš„:
 tensor([[9.9998e-01],
        [9.9209e-01],
        [1.0000e+00],
        [1.3880e-05],
        [1.0000e+00],
        [8.9880e-05],
        [6.1135e-05],
        [5.2157e-03],
        [9.9937e-01],
        [1.0000e+00],
        [2.6751e-06],
        [1.2085e-03]], device='cuda:0', grad_fn=<SigmoidBackward0>)
Epoch [84/100], T_AUC: [4m1.0000[0m
Epoch [84/100], Loss: 71.0117
val_Accuracy: [92m0.7453[0m
val_Precision: [4;34m0.7530[0m,               val_Recall: [4;33m0.7308[0m,                 val_F1 Score: [4;35m0.7342[0m
æ ‡ç­¾é‡Œ1çš„ä¸ªæ•°:  430
æ ‡ç­¾é‡Œ0çš„ä¸ªæ•°:  430
æ€»æ•°:  860
æ­£ç¡®çš„ä¸ªæ•°:  641
Epoch [84/100], V_AUC: [4m0.7424[0m
Epoch [85/100], Loss: 0.5524
train_Accuracy: [91m1.0000[0m
train_Precision: [4;34m1.0000[0m,               train_Recall: [4;33m1.0000[0m,                 train_F1 Score: [4;35m1.0000[0m
æ ‡ç­¾é‡Œ1çš„ä¸ªæ•°:  2150
æ ‡ç­¾é‡Œ0çš„ä¸ªæ•°:  2150
æ€»æ•°:  4300
æ­£ç¡®çš„ä¸ªæ•°:  4300
æœ€åä¸€ä¸ªæ‰¹æ¬¡çš„è¾“å‡º, ä¸æ»¡batchsizeæ˜¯æ­£å¸¸çš„:
 tensor([[9.9998e-01],
        [9.9524e-01],
        [1.0000e+00],
        [1.1498e-05],
        [1.0000e+00],
        [6.3222e-05],
        [5.2155e-05],
        [4.3883e-03],
        [9.9941e-01],
        [1.0000e+00],
        [1.9932e-06],
        [1.1473e-03]], device='cuda:0', grad_fn=<SigmoidBackward0>)
Epoch [85/100], T_AUC: [4m1.0000[0m
Epoch [85/100], Loss: 71.6702
val_Accuracy: [92m0.7453[0m
val_Precision: [4;34m0.7548[0m,               val_Recall: [4;33m0.7291[0m,                 val_F1 Score: [4;35m0.7345[0m
æ ‡ç­¾é‡Œ1çš„ä¸ªæ•°:  430
æ ‡ç­¾é‡Œ0çš„ä¸ªæ•°:  430
æ€»æ•°:  860
æ­£ç¡®çš„ä¸ªæ•°:  641
Epoch [85/100], V_AUC: [4m0.7417[0m
Epoch [86/100], Loss: 0.4877
train_Accuracy: [91m1.0000[0m
train_Precision: [4;34m1.0000[0m,               train_Recall: [4;33m1.0000[0m,                 train_F1 Score: [4;35m1.0000[0m
æ ‡ç­¾é‡Œ1çš„ä¸ªæ•°:  2150
æ ‡ç­¾é‡Œ0çš„ä¸ªæ•°:  2150
æ€»æ•°:  4300
æ­£ç¡®çš„ä¸ªæ•°:  4300
æœ€åä¸€ä¸ªæ‰¹æ¬¡çš„è¾“å‡º, ä¸æ»¡batchsizeæ˜¯æ­£å¸¸çš„:
 tensor([[9.9999e-01],
        [9.9610e-01],
        [1.0000e+00],
        [9.0167e-06],
        [9.9999e-01],
        [4.8557e-05],
        [5.1084e-05],
        [4.0193e-03],
        [9.9953e-01],
        [1.0000e+00],
        [1.5651e-06],
        [1.0545e-03]], device='cuda:0', grad_fn=<SigmoidBackward0>)
Epoch [86/100], T_AUC: [4m1.0000[0m
Epoch [86/100], Loss: 71.9718
val_Accuracy: [92m0.7407[0m
val_Precision: [4;34m0.7460[0m,               val_Recall: [4;33m0.7280[0m,                 val_F1 Score: [4;35m0.7301[0m
æ ‡ç­¾é‡Œ1çš„ä¸ªæ•°:  430
æ ‡ç­¾é‡Œ0çš„ä¸ªæ•°:  430
æ€»æ•°:  860
æ­£ç¡®çš„ä¸ªæ•°:  637
Epoch [86/100], V_AUC: [4m0.7366[0m
Epoch [87/100], Loss: 0.4320
train_Accuracy: [91m1.0000[0m
train_Precision: [4;34m1.0000[0m,               train_Recall: [4;33m1.0000[0m,                 train_F1 Score: [4;35m1.0000[0m
æ ‡ç­¾é‡Œ1çš„ä¸ªæ•°:  2150
æ ‡ç­¾é‡Œ0çš„ä¸ªæ•°:  2150
æ€»æ•°:  4300
æ­£ç¡®çš„ä¸ªæ•°:  4300
æœ€åä¸€ä¸ªæ‰¹æ¬¡çš„è¾“å‡º, ä¸æ»¡batchsizeæ˜¯æ­£å¸¸çš„:
 tensor([[9.9999e-01],
        [9.9606e-01],
        [1.0000e+00],
        [6.6054e-06],
        [9.9999e-01],
        [3.8439e-05],
        [5.3276e-05],
        [3.8953e-03],
        [9.9948e-01],
        [1.0000e+00],
        [1.4261e-06],
        [9.2872e-04]], device='cuda:0', grad_fn=<SigmoidBackward0>)
Epoch [87/100], T_AUC: [4m1.0000[0m
Epoch [87/100], Loss: 75.3072
val_Accuracy: [92m0.7395[0m
val_Precision: [4;34m0.7445[0m,               val_Recall: [4;33m0.7280[0m,                 val_F1 Score: [4;35m0.7292[0m
æ ‡ç­¾é‡Œ1çš„ä¸ªæ•°:  430
æ ‡ç­¾é‡Œ0çš„ä¸ªæ•°:  430
æ€»æ•°:  860
æ­£ç¡®çš„ä¸ªæ•°:  636
Epoch [87/100], V_AUC: [4m0.7355[0m
Epoch [88/100], Loss: 0.3884
train_Accuracy: [91m1.0000[0m
train_Precision: [4;34m1.0000[0m,               train_Recall: [4;33m1.0000[0m,                 train_F1 Score: [4;35m1.0000[0m
æ ‡ç­¾é‡Œ1çš„ä¸ªæ•°:  2150
æ ‡ç­¾é‡Œ0çš„ä¸ªæ•°:  2150
æ€»æ•°:  4300
æ­£ç¡®çš„ä¸ªæ•°:  4300
æœ€åä¸€ä¸ªæ‰¹æ¬¡çš„è¾“å‡º, ä¸æ»¡batchsizeæ˜¯æ­£å¸¸çš„:
 tensor([[9.9999e-01],
        [9.9674e-01],
        [1.0000e+00],
        [5.0729e-06],
        [9.9999e-01],
        [2.7819e-05],
        [5.2626e-05],
        [3.6612e-03],
        [9.9955e-01],
        [1.0000e+00],
        [1.3257e-06],
        [8.7911e-04]], device='cuda:0', grad_fn=<SigmoidBackward0>)
Epoch [88/100], T_AUC: [4m1.0000[0m
Epoch [88/100], Loss: 78.4788
val_Accuracy: [92m0.7407[0m
val_Precision: [4;34m0.7453[0m,               val_Recall: [4;33m0.7306[0m,                 val_F1 Score: [4;35m0.7308[0m
æ ‡ç­¾é‡Œ1çš„ä¸ªæ•°:  430
æ ‡ç­¾é‡Œ0çš„ä¸ªæ•°:  430
æ€»æ•°:  860
æ­£ç¡®çš„ä¸ªæ•°:  637
Epoch [88/100], V_AUC: [4m0.7368[0m
Epoch [89/100], Loss: 0.3482
train_Accuracy: [91m1.0000[0m
train_Precision: [4;34m1.0000[0m,               train_Recall: [4;33m1.0000[0m,                 train_F1 Score: [4;35m1.0000[0m
æ ‡ç­¾é‡Œ1çš„ä¸ªæ•°:  2150
æ ‡ç­¾é‡Œ0çš„ä¸ªæ•°:  2150
æ€»æ•°:  4300
æ­£ç¡®çš„ä¸ªæ•°:  4300
æœ€åä¸€ä¸ªæ‰¹æ¬¡çš„è¾“å‡º, ä¸æ»¡batchsizeæ˜¯æ­£å¸¸çš„:
 tensor([[1.0000e+00],
        [9.9696e-01],
        [1.0000e+00],
        [4.1853e-06],
        [1.0000e+00],
        [2.3293e-05],
        [4.5696e-05],
        [3.6982e-03],
        [9.9956e-01],
        [1.0000e+00],
        [1.3079e-06],
        [8.0391e-04]], device='cuda:0', grad_fn=<SigmoidBackward0>)
Epoch [89/100], T_AUC: [4m1.0000[0m
Epoch [89/100], Loss: 78.8824
val_Accuracy: [92m0.7430[0m
val_Precision: [4;34m0.7496[0m,               val_Recall: [4;33m0.7284[0m,                 val_F1 Score: [4;35m0.7320[0m
æ ‡ç­¾é‡Œ1çš„ä¸ªæ•°:  430
æ ‡ç­¾é‡Œ0çš„ä¸ªæ•°:  430
æ€»æ•°:  860
æ­£ç¡®çš„ä¸ªæ•°:  639
Epoch [89/100], V_AUC: [4m0.7395[0m
Epoch [90/100], Loss: 0.3171
train_Accuracy: [91m1.0000[0m
train_Precision: [4;34m1.0000[0m,               train_Recall: [4;33m1.0000[0m,                 train_F1 Score: [4;35m1.0000[0m
æ ‡ç­¾é‡Œ1çš„ä¸ªæ•°:  2150
æ ‡ç­¾é‡Œ0çš„ä¸ªæ•°:  2150
æ€»æ•°:  4300
æ­£ç¡®çš„ä¸ªæ•°:  4300
æœ€åä¸€ä¸ªæ‰¹æ¬¡çš„è¾“å‡º, ä¸æ»¡batchsizeæ˜¯æ­£å¸¸çš„:
 tensor([[1.0000e+00],
        [9.9693e-01],
        [1.0000e+00],
        [4.1421e-06],
        [1.0000e+00],
        [1.7328e-05],
        [4.4129e-05],
        [3.4019e-03],
        [9.9961e-01],
        [1.0000e+00],
        [1.4216e-06],
        [7.0317e-04]], device='cuda:0', grad_fn=<SigmoidBackward0>)
Epoch [90/100], T_AUC: [4m1.0000[0m
Epoch [90/100], Loss: 79.4607
val_Accuracy: [92m0.7419[0m
val_Precision: [4;34m0.7479[0m,               val_Recall: [4;33m0.7257[0m,                 val_F1 Score: [4;35m0.7287[0m
æ ‡ç­¾é‡Œ1çš„ä¸ªæ•°:  430
æ ‡ç­¾é‡Œ0çš„ä¸ªæ•°:  430
æ€»æ•°:  860
æ­£ç¡®çš„ä¸ªæ•°:  638
Epoch [90/100], V_AUC: [4m0.7383[0m
Epoch [91/100], Loss: 0.2939
train_Accuracy: [91m1.0000[0m
train_Precision: [4;34m1.0000[0m,               train_Recall: [4;33m1.0000[0m,                 train_F1 Score: [4;35m1.0000[0m
æ ‡ç­¾é‡Œ1çš„ä¸ªæ•°:  2150
æ ‡ç­¾é‡Œ0çš„ä¸ªæ•°:  2150
æ€»æ•°:  4300
æ­£ç¡®çš„ä¸ªæ•°:  4300
æœ€åä¸€ä¸ªæ‰¹æ¬¡çš„è¾“å‡º, ä¸æ»¡batchsizeæ˜¯æ­£å¸¸çš„:
 tensor([[1.0000e+00],
        [9.9768e-01],
        [1.0000e+00],
        [3.6239e-06],
        [1.0000e+00],
        [1.6563e-05],
        [4.7915e-05],
        [3.1511e-03],
        [9.9959e-01],
        [1.0000e+00],
        [1.6734e-06],
        [5.8546e-04]], device='cuda:0', grad_fn=<SigmoidBackward0>)
Epoch [91/100], T_AUC: [4m1.0000[0m
Epoch [91/100], Loss: 76.9046
val_Accuracy: [92m0.7407[0m
val_Precision: [4;34m0.7477[0m,               val_Recall: [4;33m0.7210[0m,                 val_F1 Score: [4;35m0.7267[0m
æ ‡ç­¾é‡Œ1çš„ä¸ªæ•°:  430
æ ‡ç­¾é‡Œ0çš„ä¸ªæ•°:  430
æ€»æ•°:  860
æ­£ç¡®çš„ä¸ªæ•°:  637
Epoch [91/100], V_AUC: [4m0.7370[0m
Epoch [92/100], Loss: 0.2761
train_Accuracy: [91m1.0000[0m
train_Precision: [4;34m1.0000[0m,               train_Recall: [4;33m1.0000[0m,                 train_F1 Score: [4;35m1.0000[0m
æ ‡ç­¾é‡Œ1çš„ä¸ªæ•°:  2150
æ ‡ç­¾é‡Œ0çš„ä¸ªæ•°:  2150
æ€»æ•°:  4300
æ­£ç¡®çš„ä¸ªæ•°:  4300
æœ€åä¸€ä¸ªæ‰¹æ¬¡çš„è¾“å‡º, ä¸æ»¡batchsizeæ˜¯æ­£å¸¸çš„:
 tensor([[1.0000e+00],
        [9.9702e-01],
        [1.0000e+00],
        [3.4631e-06],
        [9.9999e-01],
        [1.2711e-05],
        [3.7119e-05],
        [6.8565e-03],
        [9.9955e-01],
        [1.0000e+00],
        [1.7683e-06],
        [5.1756e-04]], device='cuda:0', grad_fn=<SigmoidBackward0>)
Epoch [92/100], T_AUC: [4m1.0000[0m
Epoch [92/100], Loss: 80.1582
val_Accuracy: [92m0.7419[0m
val_Precision: [4;34m0.7480[0m,               val_Recall: [4;33m0.7227[0m,                 val_F1 Score: [4;35m0.7277[0m
æ ‡ç­¾é‡Œ1çš„ä¸ªæ•°:  430
æ ‡ç­¾é‡Œ0çš„ä¸ªæ•°:  430
æ€»æ•°:  860
æ­£ç¡®çš„ä¸ªæ•°:  638
Epoch [92/100], V_AUC: [4m0.7376[0m
Epoch [93/100], Loss: 0.2547
train_Accuracy: [91m1.0000[0m
train_Precision: [4;34m1.0000[0m,               train_Recall: [4;33m1.0000[0m,                 train_F1 Score: [4;35m1.0000[0m
æ ‡ç­¾é‡Œ1çš„ä¸ªæ•°:  2150
æ ‡ç­¾é‡Œ0çš„ä¸ªæ•°:  2150
æ€»æ•°:  4300
æ­£ç¡®çš„ä¸ªæ•°:  4300
æœ€åä¸€ä¸ªæ‰¹æ¬¡çš„è¾“å‡º, ä¸æ»¡batchsizeæ˜¯æ­£å¸¸çš„:
 tensor([[1.0000e+00],
        [9.9728e-01],
        [1.0000e+00],
        [2.9472e-06],
        [1.0000e+00],
        [1.0021e-05],
        [4.8493e-05],
        [1.6133e-03],
        [9.9994e-01],
        [1.0000e+00],
        [1.3751e-06],
        [4.7719e-04]], device='cuda:0', grad_fn=<SigmoidBackward0>)
Epoch [93/100], T_AUC: [4m1.0000[0m
Epoch [93/100], Loss: 80.3004
val_Accuracy: [92m0.7407[0m
val_Precision: [4;34m0.7451[0m,               val_Recall: [4;33m0.7250[0m,                 val_F1 Score: [4;35m0.7277[0m
æ ‡ç­¾é‡Œ1çš„ä¸ªæ•°:  430
æ ‡ç­¾é‡Œ0çš„ä¸ªæ•°:  430
æ€»æ•°:  860
æ­£ç¡®çš„ä¸ªæ•°:  637
Epoch [93/100], V_AUC: [4m0.7368[0m
Epoch [94/100], Loss: 0.3026
train_Accuracy: [91m1.0000[0m
train_Precision: [4;34m1.0000[0m,               train_Recall: [4;33m1.0000[0m,                 train_F1 Score: [4;35m1.0000[0m
æ ‡ç­¾é‡Œ1çš„ä¸ªæ•°:  2150
æ ‡ç­¾é‡Œ0çš„ä¸ªæ•°:  2150
æ€»æ•°:  4300
æ­£ç¡®çš„ä¸ªæ•°:  4300
æœ€åä¸€ä¸ªæ‰¹æ¬¡çš„è¾“å‡º, ä¸æ»¡batchsizeæ˜¯æ­£å¸¸çš„:
 tensor([[1.0000e+00],
        [9.9813e-01],
        [1.0000e+00],
        [2.5905e-06],
        [9.9999e-01],
        [1.0022e-05],
        [3.4851e-05],
        [3.3258e-03],
        [9.9987e-01],
        [1.0000e+00],
        [1.6654e-06],
        [4.0919e-04]], device='cuda:0', grad_fn=<SigmoidBackward0>)
Epoch [94/100], T_AUC: [4m1.0000[0m
Epoch [94/100], Loss: 82.9148
val_Accuracy: [92m0.7442[0m
val_Precision: [4;34m0.7470[0m,               val_Recall: [4;33m0.7290[0m,                 val_F1 Score: [4;35m0.7310[0m
æ ‡ç­¾é‡Œ1çš„ä¸ªæ•°:  430
æ ‡ç­¾é‡Œ0çš„ä¸ªæ•°:  430
æ€»æ•°:  860
æ­£ç¡®çš„ä¸ªæ•°:  640
Epoch [94/100], V_AUC: [4m0.7397[0m
Epoch [95/100], Loss: 21.6518
train_Accuracy: [91m0.9563[0m
train_Precision: [4;34m0.9534[0m,               train_Recall: [4;33m0.9622[0m,                 train_F1 Score: [4;35m0.9563[0m
æ ‡ç­¾é‡Œ1çš„ä¸ªæ•°:  2150
æ ‡ç­¾é‡Œ0çš„ä¸ªæ•°:  2150
æ€»æ•°:  4300
æ­£ç¡®çš„ä¸ªæ•°:  4112
æœ€åä¸€ä¸ªæ‰¹æ¬¡çš„è¾“å‡º, ä¸æ»¡batchsizeæ˜¯æ­£å¸¸çš„:
 tensor([[8.9734e-01],
        [9.9996e-01],
        [1.0000e+00],
        [2.6480e-03],
        [8.9119e-01],
        [1.5132e-04],
        [3.0257e-03],
        [1.2303e-05],
        [9.8439e-01],
        [1.0000e+00],
        [9.5358e-06],
        [5.6359e-04]], device='cuda:0', grad_fn=<SigmoidBackward0>)
Epoch [95/100], T_AUC: [4m0.9582[0m
Epoch [95/100], Loss: 72.2955
val_Accuracy: [92m0.7500[0m
val_Precision: [4;34m0.7534[0m,               val_Recall: [4;33m0.7220[0m,                 val_F1 Score: [4;35m0.7329[0m
æ ‡ç­¾é‡Œ1çš„ä¸ªæ•°:  430
æ ‡ç­¾é‡Œ0çš„ä¸ªæ•°:  430
æ€»æ•°:  860
æ­£ç¡®çš„ä¸ªæ•°:  645
Epoch [95/100], V_AUC: [4m0.7466[0m
Epoch [96/100], Loss: 61.7358
train_Accuracy: [91m0.8440[0m
train_Precision: [4;34m0.8284[0m,               train_Recall: [4;33m0.8773[0m,                 train_F1 Score: [4;35m0.8470[0m
æ ‡ç­¾é‡Œ1çš„ä¸ªæ•°:  2150
æ ‡ç­¾é‡Œ0çš„ä¸ªæ•°:  2150
æ€»æ•°:  4300
æ­£ç¡®çš„ä¸ªæ•°:  3629
æœ€åä¸€ä¸ªæ‰¹æ¬¡çš„è¾“å‡º, ä¸æ»¡batchsizeæ˜¯æ­£å¸¸çš„:
 tensor([[7.5723e-01],
        [9.6614e-01],
        [9.9986e-01],
        [1.9461e-01],
        [9.9997e-01],
        [1.3673e-04],
        [3.1767e-03],
        [2.1232e-03],
        [9.5028e-01],
        [9.4573e-01],
        [5.3040e-03],
        [9.4334e-03]], device='cuda:0', grad_fn=<SigmoidBackward0>)
Epoch [96/100], T_AUC: [4m0.8503[0m
Epoch [96/100], Loss: 41.6670
val_Accuracy: [92m0.7407[0m
val_Precision: [4;34m0.7397[0m,               val_Recall: [4;33m0.7189[0m,                 val_F1 Score: [4;35m0.7237[0m
æ ‡ç­¾é‡Œ1çš„ä¸ªæ•°:  430
æ ‡ç­¾é‡Œ0çš„ä¸ªæ•°:  430
æ€»æ•°:  860
æ­£ç¡®çš„ä¸ªæ•°:  637
Epoch [96/100], V_AUC: [4m0.7354[0m
Epoch [97/100], Loss: 36.1111
train_Accuracy: [91m0.8916[0m
train_Precision: [4;34m0.8773[0m,               train_Recall: [4;33m0.9169[0m,                 train_F1 Score: [4;35m0.8922[0m
æ ‡ç­¾é‡Œ1çš„ä¸ªæ•°:  2150
æ ‡ç­¾é‡Œ0çš„ä¸ªæ•°:  2150
æ€»æ•°:  4300
æ­£ç¡®çš„ä¸ªæ•°:  3834
æœ€åä¸€ä¸ªæ‰¹æ¬¡çš„è¾“å‡º, ä¸æ»¡batchsizeæ˜¯æ­£å¸¸çš„:
 tensor([[9.2911e-01],
        [9.9029e-01],
        [1.0000e+00],
        [1.6509e-02],
        [9.9996e-01],
        [8.2627e-04],
        [3.8077e-03],
        [4.1121e-03],
        [9.5774e-01],
        [9.9576e-01],
        [1.1835e-02],
        [7.5532e-06]], device='cuda:0', grad_fn=<SigmoidBackward0>)
Epoch [97/100], T_AUC: [4m0.8966[0m
Epoch [97/100], Loss: 40.3061
val_Accuracy: [92m0.7372[0m
val_Precision: [4;34m0.7356[0m,               val_Recall: [4;33m0.7269[0m,                 val_F1 Score: [4;35m0.7256[0m
æ ‡ç­¾é‡Œ1çš„ä¸ªæ•°:  430
æ ‡ç­¾é‡Œ0çš„ä¸ªæ•°:  430
æ€»æ•°:  860
æ­£ç¡®çš„ä¸ªæ•°:  634
Epoch [97/100], V_AUC: [4m0.7351[0m
Epoch [98/100], Loss: 22.7028
train_Accuracy: [91m0.9365[0m
train_Precision: [4;34m0.9194[0m,               train_Recall: [4;33m0.9584[0m,                 train_F1 Score: [4;35m0.9357[0m
æ ‡ç­¾é‡Œ1çš„ä¸ªæ•°:  2150
æ ‡ç­¾é‡Œ0çš„ä¸ªæ•°:  2150
æ€»æ•°:  4300
æ­£ç¡®çš„ä¸ªæ•°:  4027
æœ€åä¸€ä¸ªæ‰¹æ¬¡çš„è¾“å‡º, ä¸æ»¡batchsizeæ˜¯æ­£å¸¸çš„:
 tensor([[8.9301e-01],
        [9.9843e-01],
        [9.9999e-01],
        [7.0129e-03],
        [9.9925e-01],
        [3.7548e-04],
        [1.6413e-03],
        [1.4446e-01],
        [9.7992e-01],
        [9.8247e-01],
        [7.6752e-02],
        [6.5112e-05]], device='cuda:0', grad_fn=<SigmoidBackward0>)
Epoch [98/100], T_AUC: [4m0.9404[0m
Epoch [98/100], Loss: 37.3365
val_Accuracy: [92m0.7326[0m
val_Precision: [4;34m0.7229[0m,               val_Recall: [4;33m0.7409[0m,                 val_F1 Score: [4;35m0.7261[0m
æ ‡ç­¾é‡Œ1çš„ä¸ªæ•°:  430
æ ‡ç­¾é‡Œ0çš„ä¸ªæ•°:  430
æ€»æ•°:  860
æ­£ç¡®çš„ä¸ªæ•°:  630
Epoch [98/100], V_AUC: [4m0.7298[0m
Epoch [99/100], Loss: 16.7166
train_Accuracy: [91m0.9540[0m
train_Precision: [4;34m0.9451[0m,               train_Recall: [4;33m0.9658[0m,                 train_F1 Score: [4;35m0.9534[0m
æ ‡ç­¾é‡Œ1çš„ä¸ªæ•°:  2150
æ ‡ç­¾é‡Œ0çš„ä¸ªæ•°:  2150
æ€»æ•°:  4300
æ­£ç¡®çš„ä¸ªæ•°:  4102
æœ€åä¸€ä¸ªæ‰¹æ¬¡çš„è¾“å‡º, ä¸æ»¡batchsizeæ˜¯æ­£å¸¸çš„:
 tensor([[9.6933e-01],
        [9.9680e-01],
        [1.0000e+00],
        [2.9432e-02],
        [9.9996e-01],
        [2.8945e-04],
        [3.4529e-03],
        [3.6905e-02],
        [9.9244e-01],
        [8.9089e-01],
        [1.5346e-02],
        [1.0741e-05]], device='cuda:0', grad_fn=<SigmoidBackward0>)
Epoch [99/100], T_AUC: [4m0.9569[0m
Epoch [99/100], Loss: 41.9709
val_Accuracy: [92m0.7384[0m
val_Precision: [4;34m0.7381[0m,               val_Recall: [4;33m0.7259[0m,                 val_F1 Score: [4;35m0.7263[0m
æ ‡ç­¾é‡Œ1çš„ä¸ªæ•°:  430
æ ‡ç­¾é‡Œ0çš„ä¸ªæ•°:  430
æ€»æ•°:  860
æ­£ç¡®çš„ä¸ªæ•°:  635
Epoch [99/100], V_AUC: [4m0.7340[0m
Epoch [100/100], Loss: 11.9948
train_Accuracy: [91m0.9693[0m
train_Precision: [4;34m0.9591[0m,               train_Recall: [4;33m0.9813[0m,                 train_F1 Score: [4;35m0.9690[0m
æ ‡ç­¾é‡Œ1çš„ä¸ªæ•°:  2150
æ ‡ç­¾é‡Œ0çš„ä¸ªæ•°:  2150
æ€»æ•°:  4300
æ­£ç¡®çš„ä¸ªæ•°:  4168
æœ€åä¸€ä¸ªæ‰¹æ¬¡çš„è¾“å‡º, ä¸æ»¡batchsizeæ˜¯æ­£å¸¸çš„:
 tensor([[9.4388e-01],
        [9.9424e-01],
        [1.0000e+00],
        [1.1417e-03],
        [9.9970e-01],
        [3.5677e-04],
        [3.4489e-03],
        [1.9058e-02],
        [9.8419e-01],
        [9.9799e-01],
        [9.4527e-03],
        [4.7949e-05]], device='cuda:0', grad_fn=<SigmoidBackward0>)
Epoch [100/100], T_AUC: [4m0.9712[0m
Epoch [100/100], Loss: 41.0323
val_Accuracy: [92m0.7302[0m
val_Precision: [4;34m0.7337[0m,               val_Recall: [4;33m0.7103[0m,                 val_F1 Score: [4;35m0.7160[0m
æ ‡ç­¾é‡Œ1çš„ä¸ªæ•°:  430
æ ‡ç­¾é‡Œ0çš„ä¸ªæ•°:  430
æ€»æ•°:  860
æ­£ç¡®çš„ä¸ªæ•°:  628
Epoch [100/100], V_AUC: [4m0.7269[0m
ç¬¬0æ‰¹ç¬¬2ä¸ª, 100
ç¬¬0æ‰¹ç¬¬15ä¸ª, 100
ç¬¬1æ‰¹ç¬¬0ä¸ª, 100
ç¬¬1æ‰¹ç¬¬16ä¸ª, 100
ç¬¬1æ‰¹ç¬¬29ä¸ª, 100
send email successfully
