nohup: ignoring input
2024-06-24 00:40:51 Starting parameter search at Mon Jun 24 12:40:51 AM CST 2024
2024-06-24 00:40:51 Parameters:
2024-06-24 00:40:51 lrs: 0.001 0.005
2024-06-24 00:40:51 weight_decays: 0.0001 0.001
2024-06-24 00:40:51 freeze_GRUs: 1
2024-06-24 00:40:51 threathholds: 0.4 0.5
2024-06-24 00:40:51 hidden_size2s: 128 256
2024-06-24 00:40:51 hidden_size3s: 64 128
2024-06-24 00:40:51 Running with lr=0.001, weight_decay=0.0001, freeze_GRU=1, threathhold=0.4, hidden_size2=128, hidden_size3=64
2024-06-24 00:40:51 Started process with PID 1477625
2024-06-24 02:19:05 Process 1477625 completed successfully.
2024-06-24 02:19:05 Running with lr=0.001, weight_decay=0.0001, freeze_GRU=1, threathhold=0.4, hidden_size2=128, hidden_size3=128
2024-06-24 02:19:05 Started process with PID 1821665
2024-06-24 03:56:06 Process 1821665 completed successfully.
2024-06-24 03:56:06 Running with lr=0.001, weight_decay=0.0001, freeze_GRU=1, threathhold=0.4, hidden_size2=256, hidden_size3=64
2024-06-24 03:56:06 Started process with PID 2120234
2024-06-24 05:34:07 Process 2120234 completed successfully.
2024-06-24 05:34:07 Running with lr=0.001, weight_decay=0.0001, freeze_GRU=1, threathhold=0.4, hidden_size2=256, hidden_size3=128
2024-06-24 05:34:07 Started process with PID 2185282
2024-06-24 07:14:03 Process 2185282 completed successfully.
2024-06-24 07:14:03 Running with lr=0.001, weight_decay=0.0001, freeze_GRU=1, threathhold=0.5, hidden_size2=128, hidden_size3=64
2024-06-24 07:14:03 Started process with PID 2251818
2024-06-24 08:43:16 Process 2251818 completed successfully.
2024-06-24 08:43:16 Running with lr=0.001, weight_decay=0.0001, freeze_GRU=1, threathhold=0.5, hidden_size2=128, hidden_size3=128
2024-06-24 08:43:16 Started process with PID 2308119
2024-06-24 10:21:25 Process 2308119 completed successfully.
2024-06-24 10:21:25 Running with lr=0.001, weight_decay=0.0001, freeze_GRU=1, threathhold=0.5, hidden_size2=256, hidden_size3=64
2024-06-24 10:21:25 Started process with PID 2359587
2024-06-24 11:57:50 Process 2359587 completed successfully.
2024-06-24 11:57:50 Running with lr=0.001, weight_decay=0.0001, freeze_GRU=1, threathhold=0.5, hidden_size2=256, hidden_size3=128
2024-06-24 11:57:50 Started process with PID 2454241
2024-06-24 13:34:31 Process 2454241 completed successfully.
2024-06-24 13:34:31 Running with lr=0.001, weight_decay=0.001, freeze_GRU=1, threathhold=0.4, hidden_size2=128, hidden_size3=64
2024-06-24 13:34:31 Started process with PID 2907606
2024-06-24 15:22:34 Process 2907606 completed successfully.
2024-06-24 15:22:34 Running with lr=0.001, weight_decay=0.001, freeze_GRU=1, threathhold=0.4, hidden_size2=128, hidden_size3=128
2024-06-24 15:22:34 Started process with PID 3357554
2024-06-24 17:16:30 Process 3357554 completed successfully.
2024-06-24 17:16:30 Running with lr=0.001, weight_decay=0.001, freeze_GRU=1, threathhold=0.4, hidden_size2=256, hidden_size3=64
2024-06-24 17:16:30 Started process with PID 3821904
2024-06-24 19:16:05 Process 3821904 completed successfully.
2024-06-24 19:16:05 Running with lr=0.001, weight_decay=0.001, freeze_GRU=1, threathhold=0.4, hidden_size2=256, hidden_size3=128
2024-06-24 19:16:05 Started process with PID 71036
2024-06-24 21:05:22 Process 71036 completed successfully.
2024-06-24 21:05:22 Running with lr=0.001, weight_decay=0.001, freeze_GRU=1, threathhold=0.5, hidden_size2=128, hidden_size3=64
2024-06-24 21:05:22 Started process with PID 450965
2024-06-24 22:49:43 Process 450965 completed successfully.
2024-06-24 22:49:43 Running with lr=0.001, weight_decay=0.001, freeze_GRU=1, threathhold=0.5, hidden_size2=128, hidden_size3=128
2024-06-24 22:49:43 Started process with PID 808682
2024-06-25 00:52:31 Process 808682 completed successfully.
2024-06-25 00:52:31 Running with lr=0.001, weight_decay=0.001, freeze_GRU=1, threathhold=0.5, hidden_size2=256, hidden_size3=64
2024-06-25 00:52:31 Started process with PID 1236067
2024-06-25 02:52:56 Process 1236067 completed successfully.
2024-06-25 02:52:56 Running with lr=0.001, weight_decay=0.001, freeze_GRU=1, threathhold=0.5, hidden_size2=256, hidden_size3=128
2024-06-25 02:52:56 Started process with PID 1426449
2024-06-25 04:51:18 Process 1426449 completed successfully.
2024-06-25 04:51:18 Running with lr=0.005, weight_decay=0.0001, freeze_GRU=1, threathhold=0.4, hidden_size2=128, hidden_size3=64
2024-06-25 04:51:18 Started process with PID 1489234
2024-06-25 06:28:30 Process 1489234 completed successfully.
2024-06-25 06:28:30 Running with lr=0.005, weight_decay=0.0001, freeze_GRU=1, threathhold=0.4, hidden_size2=128, hidden_size3=128
2024-06-25 06:28:30 Started process with PID 1540508
2024-06-25 07:58:20 Process 1540508 completed successfully.
2024-06-25 07:58:20 Running with lr=0.005, weight_decay=0.0001, freeze_GRU=1, threathhold=0.4, hidden_size2=256, hidden_size3=64
2024-06-25 07:58:20 Started process with PID 1587261
2024-06-25 09:27:24 Process 1587261 completed successfully.
2024-06-25 09:27:24 Running with lr=0.005, weight_decay=0.0001, freeze_GRU=1, threathhold=0.4, hidden_size2=256, hidden_size3=128
2024-06-25 09:27:24 Started process with PID 1648274
2024-06-25 10:58:20 Process 1648274 completed successfully.
2024-06-25 10:58:20 Running with lr=0.005, weight_decay=0.0001, freeze_GRU=1, threathhold=0.5, hidden_size2=128, hidden_size3=64
2024-06-25 10:58:20 Started process with PID 1706142
2024-06-25 12:35:42 Process 1706142 completed successfully.
2024-06-25 12:35:42 Running with lr=0.005, weight_decay=0.0001, freeze_GRU=1, threathhold=0.5, hidden_size2=128, hidden_size3=128
2024-06-25 12:35:42 Started process with PID 1762244
2024-06-25 14:14:30 Process 1762244 completed successfully.
2024-06-25 14:14:30 Running with lr=0.005, weight_decay=0.0001, freeze_GRU=1, threathhold=0.5, hidden_size2=256, hidden_size3=64
2024-06-25 14:14:30 Started process with PID 1817058
2024-06-25 15:52:09 Process 1817058 completed successfully.
2024-06-25 15:52:09 Running with lr=0.005, weight_decay=0.0001, freeze_GRU=1, threathhold=0.5, hidden_size2=256, hidden_size3=128
2024-06-25 15:52:09 Started process with PID 1872934
2024-06-25 17:29:25 Process 1872934 completed successfully.
2024-06-25 17:29:25 Running with lr=0.005, weight_decay=0.001, freeze_GRU=1, threathhold=0.4, hidden_size2=128, hidden_size3=64
2024-06-25 17:29:25 Started process with PID 1927130
2024-06-25 19:10:09 Process 1927130 completed successfully.
2024-06-25 19:10:09 Running with lr=0.005, weight_decay=0.001, freeze_GRU=1, threathhold=0.4, hidden_size2=128, hidden_size3=128
2024-06-25 19:10:09 Started process with PID 1987983
2024-06-25 20:50:08 Process 1987983 completed successfully.
2024-06-25 20:50:08 Running with lr=0.005, weight_decay=0.001, freeze_GRU=1, threathhold=0.4, hidden_size2=256, hidden_size3=64
2024-06-25 20:50:08 Started process with PID 2325673
2024-06-25 22:32:42 Process 2325673 completed successfully.
2024-06-25 22:32:42 Running with lr=0.005, weight_decay=0.001, freeze_GRU=1, threathhold=0.4, hidden_size2=256, hidden_size3=128
2024-06-25 22:32:42 Started process with PID 2674498
2024-06-26 00:20:43 Process 2674498 completed successfully.
2024-06-26 00:20:43 Running with lr=0.005, weight_decay=0.001, freeze_GRU=1, threathhold=0.5, hidden_size2=128, hidden_size3=64
2024-06-26 00:20:43 Started process with PID 3051462
2024-06-26 01:49:42 Process 3051462 completed successfully.
2024-06-26 01:49:42 Running with lr=0.005, weight_decay=0.001, freeze_GRU=1, threathhold=0.5, hidden_size2=128, hidden_size3=128
2024-06-26 01:49:42 Started process with PID 3263361
2024-06-26 03:20:15 Process 3263361 completed successfully.
2024-06-26 03:20:15 Running with lr=0.005, weight_decay=0.001, freeze_GRU=1, threathhold=0.5, hidden_size2=256, hidden_size3=64
2024-06-26 03:20:15 Started process with PID 3310401
2024-06-26 04:51:00 Process 3310401 completed successfully.
2024-06-26 04:51:00 Running with lr=0.005, weight_decay=0.001, freeze_GRU=1, threathhold=0.5, hidden_size2=256, hidden_size3=128
2024-06-26 04:51:00 Started process with PID 3357598
2024-06-26 06:22:11 Process 3357598 completed successfully.
2024-06-26 06:22:11 Parameter search finished at Wed Jun 26 06:22:11 AM CST 2024
